[2024-03-28T10:24:09.930+0200] {taskinstance.py:1979} INFO - Dependencies all met for dep_context=non-requeueable deps ti=<TaskInstance: dag_id_3.show_tables manual__2024-03-28T08:20:10.703070+00:00 [queued]>
[2024-03-28T10:24:09.941+0200] {taskinstance.py:1979} INFO - Dependencies all met for dep_context=requeueable deps ti=<TaskInstance: dag_id_3.show_tables manual__2024-03-28T08:20:10.703070+00:00 [queued]>
[2024-03-28T10:24:09.942+0200] {taskinstance.py:2193} INFO - Starting attempt 1 of 1
[2024-03-28T10:24:09.969+0200] {taskinstance.py:2214} INFO - Executing <Task(PostgresOperator): show_tables> on 2024-03-28 08:20:10.703070+00:00
[2024-03-28T10:24:09.973+0200] {standard_task_runner.py:60} INFO - Started process 10077 to run task
[2024-03-28T10:24:09.979+0200] {standard_task_runner.py:87} INFO - Running: ['airflow', 'tasks', 'run', 'dag_id_3', 'show_tables', 'manual__2024-03-28T08:20:10.703070+00:00', '--job-id', '947', '--raw', '--subdir', 'DAGS_FOLDER/jobs_dag.py', '--cfg-path', '/var/folders/t6/vwjsg0jx26jcjdwn_gxhbjzc0000gp/T/tmp7otb4afx']
[2024-03-28T10:24:09.981+0200] {standard_task_runner.py:88} INFO - Job 947: Subtask show_tables
[2024-03-28T10:24:10.082+0200] {task_command.py:423} INFO - Running <TaskInstance: dag_id_3.show_tables manual__2024-03-28T08:20:10.703070+00:00 [running]> on host C9843
[2024-03-28T10:24:10.239+0200] {taskinstance.py:2510} INFO - Exporting env vars: AIRFLOW_CTX_DAG_OWNER='airflow' AIRFLOW_CTX_DAG_ID='dag_id_3' AIRFLOW_CTX_TASK_ID='show_tables' AIRFLOW_CTX_EXECUTION_DATE='2024-03-28T08:20:10.703070+00:00' AIRFLOW_CTX_TRY_NUMBER='1' AIRFLOW_CTX_DAG_RUN_ID='manual__2024-03-28T08:20:10.703070+00:00'
[2024-03-28T10:24:10.242+0200] {sql.py:276} INFO - Executing: 
           select table_schema, table_name FROM information_schema.tables
           WHERE table_schema NOT IN ('information_schema', 'pg_catalog')
           ORDER BY table_schema, table_name
            
[2024-03-28T10:24:10.273+0200] {base.py:83} INFO - Using connection ID 'Postgres_db' for task execution.
[2024-03-28T10:24:10.324+0200] {base.py:83} INFO - Using connection ID 'Postgres_db' for task execution.
[2024-03-28T10:24:10.330+0200] {sql.py:457} INFO - Running statement: 
           select table_schema, table_name FROM information_schema.tables
           WHERE table_schema NOT IN ('information_schema', 'pg_catalog')
           ORDER BY table_schema, table_name
            , parameters: [42157250, 'abatcoveanu', datetime.datetime(2024, 3, 28, 10, 24, 9, 208090)]
[2024-03-28T10:24:10.338+0200] {sql.py:466} INFO - Rows affected: 43
[2024-03-28T10:24:10.346+0200] {logging_mixin.py:188} WARNING - /usr/local/lib/python3.8/site-packages/airflow/providers/common/sql/hooks/sql.py:407 AirflowProviderDeprecationWarning: Call to deprecated method _make_common_data_structure. (The `_make_serializable` method is deprecated and support will be removed in a future version of the common.sql provider. Please update the DbApiHook's provider to a version based on common.sql >= 1.9.1.)
[2024-03-28T10:24:10.395+0200] {taskinstance.py:1149} INFO - Marking task as SUCCESS. dag_id=dag_id_3, task_id=show_tables, execution_date=20240328T082010, start_date=20240328T082409, end_date=20240328T082410
[2024-03-28T10:24:10.432+0200] {local_task_job_runner.py:234} INFO - Task exited with return code 0
[2024-03-28T10:24:10.474+0200] {taskinstance.py:3309} INFO - 0 downstream tasks scheduled from follow-on schedule check
