[2024-03-29T11:23:43.451+0200] {taskinstance.py:1979} INFO - Dependencies all met for dep_context=non-requeueable deps ti=<TaskInstance: trigger_dag.trigger_dag_task manual__2024-03-29T09:23:35.202920+00:00 [queued]>
[2024-03-29T11:23:43.464+0200] {taskinstance.py:1979} INFO - Dependencies all met for dep_context=requeueable deps ti=<TaskInstance: trigger_dag.trigger_dag_task manual__2024-03-29T09:23:35.202920+00:00 [queued]>
[2024-03-29T11:23:43.464+0200] {taskinstance.py:2193} INFO - Starting attempt 1 of 1
[2024-03-29T11:23:43.496+0200] {taskinstance.py:2214} INFO - Executing <Task(TriggerDagRunOperator): trigger_dag_task> on 2024-03-29 09:23:35.202920+00:00
[2024-03-29T11:23:43.502+0200] {standard_task_runner.py:60} INFO - Started process 31289 to run task
[2024-03-29T11:23:43.511+0200] {standard_task_runner.py:87} INFO - Running: ['airflow', 'tasks', 'run', 'trigger_dag', 'trigger_dag_task', 'manual__2024-03-29T09:23:35.202920+00:00', '--job-id', '1202', '--raw', '--subdir', 'DAGS_FOLDER/trigger_dag.py', '--cfg-path', '/var/folders/t6/vwjsg0jx26jcjdwn_gxhbjzc0000gp/T/tmpv8r5jxvb']
[2024-03-29T11:23:43.515+0200] {standard_task_runner.py:88} INFO - Job 1202: Subtask trigger_dag_task
[2024-03-29T11:23:43.643+0200] {task_command.py:423} INFO - Running <TaskInstance: trigger_dag.trigger_dag_task manual__2024-03-29T09:23:35.202920+00:00 [running]> on host C9843
[2024-03-29T11:23:43.816+0200] {taskinstance.py:2510} INFO - Exporting env vars: AIRFLOW_CTX_DAG_OWNER='airflow' AIRFLOW_CTX_DAG_ID='trigger_dag' AIRFLOW_CTX_TASK_ID='trigger_dag_task' AIRFLOW_CTX_EXECUTION_DATE='2024-03-29T09:23:35.202920+00:00' AIRFLOW_CTX_TRY_NUMBER='1' AIRFLOW_CTX_DAG_RUN_ID='manual__2024-03-29T09:23:35.202920+00:00'
[2024-03-29T11:23:43.993+0200] {trigger_dagrun.py:210} INFO - Waiting for dag_id_3 on 2024-03-29 09:23:43.818014+00:00 to become allowed state ['success'] ...
[2024-03-29T11:24:44.005+0200] {trigger_dagrun.py:210} INFO - Waiting for dag_id_3 on 2024-03-29 09:23:43.818014+00:00 to become allowed state ['success'] ...
[2024-03-29T11:25:44.016+0200] {trigger_dagrun.py:210} INFO - Waiting for dag_id_3 on 2024-03-29 09:23:43.818014+00:00 to become allowed state ['success'] ...
[2024-03-29T11:26:05.206+0200] {local_task_job_runner.py:302} WARNING - State of this instance has been externally set to queued. Terminating instance.
[2024-03-29T11:26:05.227+0200] {process_utils.py:131} INFO - Sending 15 to group 31289. PIDs of all processes in the group: [31289]
[2024-03-29T11:26:05.228+0200] {process_utils.py:86} INFO - Sending the signal 15 to group 31289
[2024-03-29T11:26:05.228+0200] {taskinstance.py:2480} ERROR - Received SIGTERM. Terminating subprocesses.
[2024-03-29T11:26:05.253+0200] {taskinstance.py:2728} ERROR - Task failed with exception
Traceback (most recent call last):
  File "/usr/local/lib/python3.8/site-packages/airflow/models/taskinstance.py", line 444, in _execute_task
    result = _execute_callable(context=context, **execute_callable_kwargs)
  File "/usr/local/lib/python3.8/site-packages/airflow/models/taskinstance.py", line 414, in _execute_callable
    return execute_callable(context=context, **execute_callable_kwargs)
  File "/usr/local/lib/python3.8/site-packages/airflow/operators/trigger_dagrun.py", line 216, in execute
    time.sleep(self.poke_interval)
  File "/usr/local/lib/python3.8/site-packages/airflow/models/taskinstance.py", line 2482, in signal_handler
    raise AirflowException("Task received SIGTERM signal")
airflow.exceptions.AirflowException: Task received SIGTERM signal
[2024-03-29T11:26:05.261+0200] {taskinstance.py:1149} INFO - Marking task as FAILED. dag_id=trigger_dag, task_id=trigger_dag_task, execution_date=20240329T092335, start_date=20240329T092343, end_date=20240329T092605
[2024-03-29T11:26:05.313+0200] {standard_task_runner.py:107} ERROR - Failed to execute job 1202 for task trigger_dag_task (Task received SIGTERM signal; 31289)
[2024-03-29T11:26:05.326+0200] {process_utils.py:79} INFO - Process psutil.Process(pid=31289, status='terminated', exitcode=1, started='11:23:43') (31289) terminated with exit code 1
