[2024-03-20T12:00:09.065+0200] {taskinstance.py:1979} INFO - Dependencies all met for dep_context=non-requeueable deps ti=<TaskInstance: trigger_dag.wait_run_file manual__2024-03-20T09:55:26.603632+00:00 [queued]>
[2024-03-20T12:00:09.078+0200] {taskinstance.py:1979} INFO - Dependencies all met for dep_context=requeueable deps ti=<TaskInstance: trigger_dag.wait_run_file manual__2024-03-20T09:55:26.603632+00:00 [queued]>
[2024-03-20T12:00:09.079+0200] {taskinstance.py:2193} INFO - Starting attempt 1 of 1
[2024-03-20T12:00:09.114+0200] {taskinstance.py:2214} INFO - Executing <Task(FileSensor): wait_run_file> on 2024-03-20 09:55:26.603632+00:00
[2024-03-20T12:00:09.119+0200] {standard_task_runner.py:60} INFO - Started process 10035 to run task
[2024-03-20T12:00:09.125+0200] {standard_task_runner.py:87} INFO - Running: ['airflow', 'tasks', 'run', 'trigger_dag', 'wait_run_file', 'manual__2024-03-20T09:55:26.603632+00:00', '--job-id', '459', '--raw', '--subdir', 'DAGS_FOLDER/trigger_dag.py', '--cfg-path', '/var/folders/t6/vwjsg0jx26jcjdwn_gxhbjzc0000gp/T/tmpur3t89qq']
[2024-03-20T12:00:09.128+0200] {standard_task_runner.py:88} INFO - Job 459: Subtask wait_run_file
[2024-03-20T12:00:09.227+0200] {task_command.py:423} INFO - Running <TaskInstance: trigger_dag.wait_run_file manual__2024-03-20T09:55:26.603632+00:00 [running]> on host C9843
[2024-03-20T12:00:09.373+0200] {taskinstance.py:2510} INFO - Exporting env vars: AIRFLOW_CTX_DAG_OWNER='airflow' AIRFLOW_CTX_DAG_ID='trigger_dag' AIRFLOW_CTX_TASK_ID='wait_run_file' AIRFLOW_CTX_EXECUTION_DATE='2024-03-20T09:55:26.603632+00:00' AIRFLOW_CTX_TRY_NUMBER='1' AIRFLOW_CTX_DAG_RUN_ID='manual__2024-03-20T09:55:26.603632+00:00'
[2024-03-20T12:00:09.402+0200] {base.py:83} INFO - Using connection ID 'fs_default' for task execution.
[2024-03-20T12:00:09.403+0200] {filesystem.py:66} INFO - Poking for file /jobs_dag.py.py
[2024-03-20T12:00:19.411+0200] {base.py:83} INFO - Using connection ID 'fs_default' for task execution.
[2024-03-20T12:00:19.411+0200] {filesystem.py:66} INFO - Poking for file /jobs_dag.py.py
[2024-03-20T12:00:29.421+0200] {base.py:83} INFO - Using connection ID 'fs_default' for task execution.
[2024-03-20T12:00:29.422+0200] {filesystem.py:66} INFO - Poking for file /jobs_dag.py.py
[2024-03-20T12:00:39.449+0200] {base.py:83} INFO - Using connection ID 'fs_default' for task execution.
[2024-03-20T12:00:39.450+0200] {filesystem.py:66} INFO - Poking for file /jobs_dag.py.py
[2024-03-20T12:00:49.458+0200] {base.py:83} INFO - Using connection ID 'fs_default' for task execution.
[2024-03-20T12:00:49.459+0200] {filesystem.py:66} INFO - Poking for file /jobs_dag.py.py
[2024-03-20T12:00:59.467+0200] {base.py:83} INFO - Using connection ID 'fs_default' for task execution.
[2024-03-20T12:00:59.468+0200] {filesystem.py:66} INFO - Poking for file /jobs_dag.py.py
[2024-03-20T12:01:09.477+0200] {base.py:83} INFO - Using connection ID 'fs_default' for task execution.
[2024-03-20T12:01:09.478+0200] {filesystem.py:66} INFO - Poking for file /jobs_dag.py.py
[2024-03-20T12:01:19.504+0200] {base.py:83} INFO - Using connection ID 'fs_default' for task execution.
[2024-03-20T12:01:19.504+0200] {filesystem.py:66} INFO - Poking for file /jobs_dag.py.py
[2024-03-20T12:01:29.514+0200] {base.py:83} INFO - Using connection ID 'fs_default' for task execution.
[2024-03-20T12:01:29.515+0200] {filesystem.py:66} INFO - Poking for file /jobs_dag.py.py
[2024-03-20T12:01:39.525+0200] {base.py:83} INFO - Using connection ID 'fs_default' for task execution.
[2024-03-20T12:01:39.526+0200] {filesystem.py:66} INFO - Poking for file /jobs_dag.py.py
[2024-03-20T12:01:49.553+0200] {base.py:83} INFO - Using connection ID 'fs_default' for task execution.
[2024-03-20T12:01:49.555+0200] {filesystem.py:66} INFO - Poking for file /jobs_dag.py.py
[2024-03-20T12:01:59.565+0200] {base.py:83} INFO - Using connection ID 'fs_default' for task execution.
[2024-03-20T12:01:59.566+0200] {filesystem.py:66} INFO - Poking for file /jobs_dag.py.py
[2024-03-20T12:02:09.604+0200] {base.py:83} INFO - Using connection ID 'fs_default' for task execution.
[2024-03-20T12:02:09.605+0200] {filesystem.py:66} INFO - Poking for file /jobs_dag.py.py
[2024-03-20T12:02:19.612+0200] {base.py:83} INFO - Using connection ID 'fs_default' for task execution.
[2024-03-20T12:02:19.613+0200] {filesystem.py:66} INFO - Poking for file /jobs_dag.py.py
[2024-03-20T12:02:29.622+0200] {base.py:83} INFO - Using connection ID 'fs_default' for task execution.
[2024-03-20T12:02:29.622+0200] {filesystem.py:66} INFO - Poking for file /jobs_dag.py.py
[2024-03-20T12:02:39.630+0200] {base.py:83} INFO - Using connection ID 'fs_default' for task execution.
[2024-03-20T12:02:39.631+0200] {filesystem.py:66} INFO - Poking for file /jobs_dag.py.py
[2024-03-20T12:02:49.654+0200] {base.py:83} INFO - Using connection ID 'fs_default' for task execution.
[2024-03-20T12:02:49.655+0200] {filesystem.py:66} INFO - Poking for file /jobs_dag.py.py
[2024-03-20T12:02:59.662+0200] {base.py:83} INFO - Using connection ID 'fs_default' for task execution.
[2024-03-20T12:02:59.663+0200] {filesystem.py:66} INFO - Poking for file /jobs_dag.py.py
[2024-03-20T12:03:09.673+0200] {base.py:83} INFO - Using connection ID 'fs_default' for task execution.
[2024-03-20T12:03:09.675+0200] {filesystem.py:66} INFO - Poking for file /jobs_dag.py.py
[2024-03-20T12:03:19.699+0200] {base.py:83} INFO - Using connection ID 'fs_default' for task execution.
[2024-03-20T12:03:19.700+0200] {filesystem.py:66} INFO - Poking for file /jobs_dag.py.py
[2024-03-20T12:03:29.710+0200] {base.py:83} INFO - Using connection ID 'fs_default' for task execution.
[2024-03-20T12:03:29.710+0200] {filesystem.py:66} INFO - Poking for file /jobs_dag.py.py
[2024-03-20T12:03:39.720+0200] {base.py:83} INFO - Using connection ID 'fs_default' for task execution.
[2024-03-20T12:03:39.721+0200] {filesystem.py:66} INFO - Poking for file /jobs_dag.py.py
[2024-03-20T12:03:49.749+0200] {base.py:83} INFO - Using connection ID 'fs_default' for task execution.
[2024-03-20T12:03:49.750+0200] {filesystem.py:66} INFO - Poking for file /jobs_dag.py.py
[2024-03-20T12:03:59.838+0200] {base.py:83} INFO - Using connection ID 'fs_default' for task execution.
[2024-03-20T12:03:59.839+0200] {filesystem.py:66} INFO - Poking for file /jobs_dag.py.py
[2024-03-20T12:04:09.851+0200] {base.py:83} INFO - Using connection ID 'fs_default' for task execution.
[2024-03-20T12:04:09.852+0200] {filesystem.py:66} INFO - Poking for file /jobs_dag.py.py
[2024-03-20T12:34:15.021+0200] {base.py:83} INFO - Using connection ID 'fs_default' for task execution.
[2024-03-20T12:34:15.022+0200] {filesystem.py:66} INFO - Poking for file /jobs_dag.py.py
[2024-03-20T12:34:25.072+0200] {base.py:83} INFO - Using connection ID 'fs_default' for task execution.
[2024-03-20T12:34:25.075+0200] {filesystem.py:66} INFO - Poking for file /jobs_dag.py.py
[2024-03-20T12:34:35.127+0200] {base.py:83} INFO - Using connection ID 'fs_default' for task execution.
[2024-03-20T12:34:35.131+0200] {filesystem.py:66} INFO - Poking for file /jobs_dag.py.py
[2024-03-20T12:34:45.184+0200] {base.py:83} INFO - Using connection ID 'fs_default' for task execution.
[2024-03-20T12:34:45.188+0200] {filesystem.py:66} INFO - Poking for file /jobs_dag.py.py
[2024-03-20T12:34:55.232+0200] {base.py:83} INFO - Using connection ID 'fs_default' for task execution.
[2024-03-20T12:34:55.236+0200] {filesystem.py:66} INFO - Poking for file /jobs_dag.py.py
[2024-03-20T12:35:05.290+0200] {base.py:83} INFO - Using connection ID 'fs_default' for task execution.
[2024-03-20T12:35:05.295+0200] {filesystem.py:66} INFO - Poking for file /jobs_dag.py.py
[2024-03-20T12:35:15.335+0200] {base.py:83} INFO - Using connection ID 'fs_default' for task execution.
[2024-03-20T12:35:15.339+0200] {filesystem.py:66} INFO - Poking for file /jobs_dag.py.py
[2024-03-20T12:45:06.501+0200] {base.py:83} INFO - Using connection ID 'fs_default' for task execution.
[2024-03-20T12:45:06.703+0200] {filesystem.py:66} INFO - Poking for file /jobs_dag.py.py
[2024-03-20T12:45:16.725+0200] {base.py:83} INFO - Using connection ID 'fs_default' for task execution.
[2024-03-20T12:45:16.728+0200] {filesystem.py:66} INFO - Poking for file /jobs_dag.py.py
[2024-03-20T12:45:26.752+0200] {base.py:83} INFO - Using connection ID 'fs_default' for task execution.
[2024-03-20T12:45:26.755+0200] {filesystem.py:66} INFO - Poking for file /jobs_dag.py.py
[2024-03-20T12:45:36.805+0200] {base.py:83} INFO - Using connection ID 'fs_default' for task execution.
[2024-03-20T12:45:36.808+0200] {filesystem.py:66} INFO - Poking for file /jobs_dag.py.py
[2024-03-20T12:45:46.847+0200] {base.py:83} INFO - Using connection ID 'fs_default' for task execution.
[2024-03-20T12:45:46.850+0200] {filesystem.py:66} INFO - Poking for file /jobs_dag.py.py
[2024-03-20T12:48:54.862+0200] {base.py:83} INFO - Using connection ID 'fs_default' for task execution.
[2024-03-20T12:48:54.864+0200] {filesystem.py:66} INFO - Poking for file /jobs_dag.py.py
[2024-03-20T12:49:04.869+0200] {base.py:83} INFO - Using connection ID 'fs_default' for task execution.
[2024-03-20T12:49:04.869+0200] {filesystem.py:66} INFO - Poking for file /jobs_dag.py.py
[2024-03-20T12:49:14.873+0200] {base.py:83} INFO - Using connection ID 'fs_default' for task execution.
[2024-03-20T12:49:14.874+0200] {filesystem.py:66} INFO - Poking for file /jobs_dag.py.py
[2024-03-20T12:49:24.881+0200] {base.py:83} INFO - Using connection ID 'fs_default' for task execution.
[2024-03-20T12:49:24.882+0200] {filesystem.py:66} INFO - Poking for file /jobs_dag.py.py
[2024-03-20T12:49:34.890+0200] {base.py:83} INFO - Using connection ID 'fs_default' for task execution.
[2024-03-20T12:49:34.890+0200] {filesystem.py:66} INFO - Poking for file /jobs_dag.py.py
[2024-03-20T12:49:44.899+0200] {base.py:83} INFO - Using connection ID 'fs_default' for task execution.
[2024-03-20T12:49:44.900+0200] {filesystem.py:66} INFO - Poking for file /jobs_dag.py.py
[2024-03-20T12:49:54.908+0200] {base.py:83} INFO - Using connection ID 'fs_default' for task execution.
[2024-03-20T12:49:54.909+0200] {filesystem.py:66} INFO - Poking for file /jobs_dag.py.py
[2024-03-20T12:50:04.917+0200] {base.py:83} INFO - Using connection ID 'fs_default' for task execution.
[2024-03-20T12:50:04.918+0200] {filesystem.py:66} INFO - Poking for file /jobs_dag.py.py
[2024-03-20T12:50:14.927+0200] {base.py:83} INFO - Using connection ID 'fs_default' for task execution.
[2024-03-20T12:50:14.928+0200] {filesystem.py:66} INFO - Poking for file /jobs_dag.py.py
[2024-03-20T12:50:24.936+0200] {base.py:83} INFO - Using connection ID 'fs_default' for task execution.
[2024-03-20T12:50:24.937+0200] {filesystem.py:66} INFO - Poking for file /jobs_dag.py.py
[2024-03-20T12:50:34.947+0200] {base.py:83} INFO - Using connection ID 'fs_default' for task execution.
[2024-03-20T12:50:34.948+0200] {filesystem.py:66} INFO - Poking for file /jobs_dag.py.py
[2024-03-20T12:50:44.956+0200] {base.py:83} INFO - Using connection ID 'fs_default' for task execution.
[2024-03-20T12:50:44.956+0200] {filesystem.py:66} INFO - Poking for file /jobs_dag.py.py
[2024-03-20T12:50:54.964+0200] {base.py:83} INFO - Using connection ID 'fs_default' for task execution.
[2024-03-20T12:50:54.965+0200] {filesystem.py:66} INFO - Poking for file /jobs_dag.py.py
[2024-03-20T12:51:04.973+0200] {base.py:83} INFO - Using connection ID 'fs_default' for task execution.
[2024-03-20T12:51:04.974+0200] {filesystem.py:66} INFO - Poking for file /jobs_dag.py.py
[2024-03-20T12:51:14.983+0200] {base.py:83} INFO - Using connection ID 'fs_default' for task execution.
[2024-03-20T12:51:14.984+0200] {filesystem.py:66} INFO - Poking for file /jobs_dag.py.py
[2024-03-20T12:51:24.992+0200] {base.py:83} INFO - Using connection ID 'fs_default' for task execution.
[2024-03-20T12:51:24.993+0200] {filesystem.py:66} INFO - Poking for file /jobs_dag.py.py
[2024-03-20T12:51:35.002+0200] {base.py:83} INFO - Using connection ID 'fs_default' for task execution.
[2024-03-20T12:51:35.002+0200] {filesystem.py:66} INFO - Poking for file /jobs_dag.py.py
[2024-03-20T12:51:45.012+0200] {base.py:83} INFO - Using connection ID 'fs_default' for task execution.
[2024-03-20T12:51:45.013+0200] {filesystem.py:66} INFO - Poking for file /jobs_dag.py.py
[2024-03-20T12:51:55.020+0200] {base.py:83} INFO - Using connection ID 'fs_default' for task execution.
[2024-03-20T12:51:55.021+0200] {filesystem.py:66} INFO - Poking for file /jobs_dag.py.py
[2024-03-20T12:52:05.030+0200] {base.py:83} INFO - Using connection ID 'fs_default' for task execution.
[2024-03-20T12:52:05.030+0200] {filesystem.py:66} INFO - Poking for file /jobs_dag.py.py
[2024-03-20T12:52:15.040+0200] {base.py:83} INFO - Using connection ID 'fs_default' for task execution.
[2024-03-20T12:52:15.040+0200] {filesystem.py:66} INFO - Poking for file /jobs_dag.py.py
[2024-03-20T12:52:25.050+0200] {base.py:83} INFO - Using connection ID 'fs_default' for task execution.
[2024-03-20T12:52:25.051+0200] {filesystem.py:66} INFO - Poking for file /jobs_dag.py.py
[2024-03-20T12:52:35.059+0200] {base.py:83} INFO - Using connection ID 'fs_default' for task execution.
[2024-03-20T12:52:35.060+0200] {filesystem.py:66} INFO - Poking for file /jobs_dag.py.py
[2024-03-20T12:52:45.068+0200] {base.py:83} INFO - Using connection ID 'fs_default' for task execution.
[2024-03-20T12:52:45.068+0200] {filesystem.py:66} INFO - Poking for file /jobs_dag.py.py
[2024-03-20T12:52:45.069+0200] {taskinstance.py:2728} ERROR - Task failed with exception
Traceback (most recent call last):
  File "/usr/local/lib/python3.8/site-packages/airflow/models/taskinstance.py", line 444, in _execute_task
    result = _execute_callable(context=context, **execute_callable_kwargs)
  File "/usr/local/lib/python3.8/site-packages/airflow/models/taskinstance.py", line 414, in _execute_callable
    return execute_callable(context=context, **execute_callable_kwargs)
  File "/usr/local/lib/python3.8/site-packages/airflow/sensors/base.py", line 282, in execute
    raise AirflowSensorTimeout(message)
airflow.exceptions.AirflowSensorTimeout: Sensor has timed out; run duration of 604.7174132079999 seconds exceeds the specified timeout of 600.0.
[2024-03-20T12:52:45.080+0200] {taskinstance.py:1149} INFO - Immediate failure requested. Marking task as FAILED. dag_id=trigger_dag, task_id=wait_run_file, execution_date=20240320T095526, start_date=20240320T100009, end_date=20240320T105245
[2024-03-20T12:52:45.092+0200] {standard_task_runner.py:107} ERROR - Failed to execute job 459 for task wait_run_file (Sensor has timed out; run duration of 604.7174132079999 seconds exceeds the specified timeout of 600.0.; 10035)
[2024-03-20T12:52:45.105+0200] {local_task_job_runner.py:234} INFO - Task exited with return code 1
[2024-03-20T12:52:45.123+0200] {taskinstance.py:3309} INFO - 0 downstream tasks scheduled from follow-on schedule check
