[2024-04-04T11:12:04.707+0300] {taskinstance.py:1979} INFO - Dependencies all met for dep_context=non-requeueable deps ti=<TaskInstance: trigger_dag.wait_run_file scheduled__2018-11-21T00:00:00+00:00 [queued]>
[2024-04-04T11:12:04.716+0300] {taskinstance.py:1979} INFO - Dependencies all met for dep_context=requeueable deps ti=<TaskInstance: trigger_dag.wait_run_file scheduled__2018-11-21T00:00:00+00:00 [queued]>
[2024-04-04T11:12:04.716+0300] {taskinstance.py:2193} INFO - Starting attempt 1 of 1
[2024-04-04T11:12:04.728+0300] {taskinstance.py:2214} INFO - Executing <Task(FileSensor): wait_run_file> on 2018-11-21 00:00:00+00:00
[2024-04-04T11:12:04.732+0300] {standard_task_runner.py:60} INFO - Started process 26569 to run task
[2024-04-04T11:12:04.739+0300] {standard_task_runner.py:87} INFO - Running: ['airflow', 'tasks', 'run', 'trigger_dag', 'wait_run_file', 'scheduled__2018-11-21T00:00:00+00:00', '--job-id', '1603', '--raw', '--subdir', 'DAGS_FOLDER/trigger_dag.py', '--cfg-path', '/var/folders/t6/vwjsg0jx26jcjdwn_gxhbjzc0000gp/T/tmpg8h949mt']
[2024-04-04T11:12:04.741+0300] {standard_task_runner.py:88} INFO - Job 1603: Subtask wait_run_file
[2024-04-04T11:12:04.838+0300] {task_command.py:423} INFO - Running <TaskInstance: trigger_dag.wait_run_file scheduled__2018-11-21T00:00:00+00:00 [running]> on host C9843
[2024-04-04T11:12:04.978+0300] {taskinstance.py:2510} INFO - Exporting env vars: AIRFLOW_CTX_DAG_OWNER='airflow' AIRFLOW_CTX_DAG_ID='trigger_dag' AIRFLOW_CTX_TASK_ID='wait_run_file' AIRFLOW_CTX_EXECUTION_DATE='2018-11-21T00:00:00+00:00' AIRFLOW_CTX_TRY_NUMBER='1' AIRFLOW_CTX_DAG_RUN_ID='scheduled__2018-11-21T00:00:00+00:00'
[2024-04-04T11:12:05.013+0300] {base.py:83} INFO - Using connection ID 'fs_default' for task execution.
[2024-04-04T11:12:05.014+0300] {filesystem.py:66} INFO - Poking for file /Users/abatcoveanu/airflow/dags/asd
[2024-04-04T11:13:05.024+0300] {base.py:83} INFO - Using connection ID 'fs_default' for task execution.
[2024-04-04T11:13:05.025+0300] {filesystem.py:66} INFO - Poking for file /Users/abatcoveanu/airflow/dags/asd
[2024-04-04T11:13:20.764+0300] {local_task_job_runner.py:302} WARNING - State of this instance has been externally set to queued. Terminating instance.
[2024-04-04T11:13:20.791+0300] {process_utils.py:131} INFO - Sending 15 to group 26569. PIDs of all processes in the group: [26569]
[2024-04-04T11:13:20.792+0300] {process_utils.py:86} INFO - Sending the signal 15 to group 26569
[2024-04-04T11:13:20.792+0300] {taskinstance.py:2480} ERROR - Received SIGTERM. Terminating subprocesses.
[2024-04-04T11:13:20.822+0300] {taskinstance.py:2728} ERROR - Task failed with exception
Traceback (most recent call last):
  File "/usr/local/lib/python3.8/site-packages/airflow/models/taskinstance.py", line 444, in _execute_task
    result = _execute_callable(context=context, **execute_callable_kwargs)
  File "/usr/local/lib/python3.8/site-packages/airflow/models/taskinstance.py", line 414, in _execute_callable
    return execute_callable(context=context, **execute_callable_kwargs)
  File "/usr/local/lib/python3.8/site-packages/airflow/sensors/base.py", line 293, in execute
    time.sleep(self._get_next_poke_interval(started_at, run_duration, try_number))
  File "/usr/local/lib/python3.8/site-packages/airflow/models/taskinstance.py", line 2482, in signal_handler
    raise AirflowException("Task received SIGTERM signal")
airflow.exceptions.AirflowException: Task received SIGTERM signal
[2024-04-04T11:13:20.829+0300] {taskinstance.py:1149} INFO - Marking task as FAILED. dag_id=trigger_dag, task_id=wait_run_file, execution_date=20181121T000000, start_date=20240404T081204, end_date=20240404T081320
[2024-04-04T11:13:20.871+0300] {standard_task_runner.py:107} ERROR - Failed to execute job 1603 for task wait_run_file (Task received SIGTERM signal; 26569)
[2024-04-04T11:13:20.895+0300] {process_utils.py:79} INFO - Process psutil.Process(pid=26569, status='terminated', exitcode=1, started='11:12:04') (26569) terminated with exit code 1
