[2024-03-26T15:37:19.133+0200] {taskinstance.py:1979} INFO - Dependencies all met for dep_context=non-requeueable deps ti=<TaskInstance: trigger_dag.process_result.sensor_triggered_dag manual__2024-03-26T13:31:45.072646+00:00 [queued]>
[2024-03-26T15:37:19.163+0200] {taskinstance.py:1979} INFO - Dependencies all met for dep_context=requeueable deps ti=<TaskInstance: trigger_dag.process_result.sensor_triggered_dag manual__2024-03-26T13:31:45.072646+00:00 [queued]>
[2024-03-26T15:37:19.163+0200] {taskinstance.py:2193} INFO - Starting attempt 1 of 1
[2024-03-26T15:37:19.181+0200] {taskinstance.py:2214} INFO - Executing <Task(ExternalTaskSensor): process_result.sensor_triggered_dag> on 2024-03-26 13:31:45.072646+00:00
[2024-03-26T15:37:19.186+0200] {standard_task_runner.py:60} INFO - Started process 22924 to run task
[2024-03-26T15:37:19.196+0200] {standard_task_runner.py:87} INFO - Running: ['airflow', 'tasks', 'run', 'trigger_dag', 'process_result.sensor_triggered_dag', 'manual__2024-03-26T13:31:45.072646+00:00', '--job-id', '600', '--raw', '--subdir', 'DAGS_FOLDER/trigger_dag.py', '--cfg-path', '/var/folders/t6/vwjsg0jx26jcjdwn_gxhbjzc0000gp/T/tmps4rl8sg1']
[2024-03-26T15:37:19.199+0200] {standard_task_runner.py:88} INFO - Job 600: Subtask process_result.sensor_triggered_dag
[2024-03-26T15:37:19.322+0200] {task_command.py:423} INFO - Running <TaskInstance: trigger_dag.process_result.sensor_triggered_dag manual__2024-03-26T13:31:45.072646+00:00 [running]> on host C9843
[2024-03-26T15:37:19.488+0200] {taskinstance.py:2510} INFO - Exporting env vars: AIRFLOW_CTX_DAG_OWNER='airflow' AIRFLOW_CTX_DAG_ID='trigger_dag' AIRFLOW_CTX_TASK_ID='process_result.sensor_triggered_dag' AIRFLOW_CTX_EXECUTION_DATE='2024-03-26T13:31:45.072646+00:00' AIRFLOW_CTX_TRY_NUMBER='1' AIRFLOW_CTX_DAG_RUN_ID='manual__2024-03-26T13:31:45.072646+00:00'
[2024-03-26T15:37:19.491+0200] {external_task.py:260} INFO - Poking for DAG 'dag_id_3' on 2024-03-26T13:26:45.072646+00:00 ... 
[2024-03-26T15:38:19.525+0200] {external_task.py:260} INFO - Poking for DAG 'dag_id_3' on 2024-03-26T13:26:45.072646+00:00 ... 
[2024-03-26T15:39:19.539+0200] {external_task.py:260} INFO - Poking for DAG 'dag_id_3' on 2024-03-26T13:26:45.072646+00:00 ... 
[2024-03-26T15:40:19.568+0200] {external_task.py:260} INFO - Poking for DAG 'dag_id_3' on 2024-03-26T13:26:45.072646+00:00 ... 
[2024-03-26T15:41:19.638+0200] {external_task.py:260} INFO - Poking for DAG 'dag_id_3' on 2024-03-26T13:26:45.072646+00:00 ... 
[2024-03-26T15:42:19.669+0200] {external_task.py:260} INFO - Poking for DAG 'dag_id_3' on 2024-03-26T13:26:45.072646+00:00 ... 
[2024-03-26T15:43:19.679+0200] {external_task.py:260} INFO - Poking for DAG 'dag_id_3' on 2024-03-26T13:26:45.072646+00:00 ... 
[2024-03-26T15:44:19.692+0200] {external_task.py:260} INFO - Poking for DAG 'dag_id_3' on 2024-03-26T13:26:45.072646+00:00 ... 
[2024-03-26T15:45:19.723+0200] {external_task.py:260} INFO - Poking for DAG 'dag_id_3' on 2024-03-26T13:26:45.072646+00:00 ... 
[2024-03-26T15:46:10.173+0200] {taskinstance.py:2480} ERROR - Received SIGTERM. Terminating subprocesses.
[2024-03-26T15:46:11.609+0200] {standard_task_runner.py:107} ERROR - Failed to execute job 600 for task process_result.sensor_triggered_dag ((psycopg2.OperationalError) connection to server at "localhost" (::1), port 5432 failed: Connection refused
	Is the server running on that host and accepting TCP/IP connections?
connection to server at "localhost" (127.0.0.1), port 5432 failed: Connection refused
	Is the server running on that host and accepting TCP/IP connections?

(Background on this error at: https://sqlalche.me/e/14/e3q8); 22924)
