[2024-03-13T11:09:38.981+0200] {processor.py:161} INFO - Started process (PID=1940) to work on /usr/local/lib/python3.8/site-packages/airflow/example_dags/example_params_trigger_ui.py
[2024-03-13T11:09:38.981+0200] {processor.py:830} INFO - Processing file /usr/local/lib/python3.8/site-packages/airflow/example_dags/example_params_trigger_ui.py for tasks to queue
[2024-03-13T11:09:38.982+0200] {logging_mixin.py:188} INFO - [2024-03-13T11:09:38.982+0200] {dagbag.py:540} INFO - Filling up the DagBag from /usr/local/lib/python3.8/site-packages/airflow/example_dags/example_params_trigger_ui.py
[2024-03-13T11:09:39.015+0200] {processor.py:840} INFO - DAG(s) 'example_params_trigger_ui' retrieved from /usr/local/lib/python3.8/site-packages/airflow/example_dags/example_params_trigger_ui.py
[2024-03-13T11:09:39.265+0200] {logging_mixin.py:188} INFO - [2024-03-13T11:09:39.264+0200] {override.py:1769} INFO - Created Permission View: can edit on DAG:example_params_trigger_ui
[2024-03-13T11:09:39.271+0200] {logging_mixin.py:188} INFO - [2024-03-13T11:09:39.271+0200] {override.py:1769} INFO - Created Permission View: can delete on DAG:example_params_trigger_ui
[2024-03-13T11:09:39.275+0200] {logging_mixin.py:188} INFO - [2024-03-13T11:09:39.275+0200] {override.py:1769} INFO - Created Permission View: can read on DAG:example_params_trigger_ui
[2024-03-13T11:09:39.276+0200] {logging_mixin.py:188} INFO - [2024-03-13T11:09:39.276+0200] {dag.py:3047} INFO - Sync 1 DAGs
[2024-03-13T11:09:39.284+0200] {logging_mixin.py:188} INFO - [2024-03-13T11:09:39.284+0200] {dag.py:3069} INFO - Creating ORM DAG for example_params_trigger_ui
[2024-03-13T11:09:39.284+0200] {logging_mixin.py:188} INFO - [2024-03-13T11:09:39.284+0200] {dag.py:3834} INFO - Setting next_dagrun for example_params_trigger_ui to None, run_after=None
[2024-03-13T11:09:39.297+0200] {processor.py:183} INFO - Processing /usr/local/lib/python3.8/site-packages/airflow/example_dags/example_params_trigger_ui.py took 0.318 seconds
[2024-03-13T11:10:28.543+0200] {processor.py:161} INFO - Started process (PID=2123) to work on /usr/local/lib/python3.8/site-packages/airflow/example_dags/example_params_trigger_ui.py
[2024-03-13T11:10:28.544+0200] {processor.py:830} INFO - Processing file /usr/local/lib/python3.8/site-packages/airflow/example_dags/example_params_trigger_ui.py for tasks to queue
[2024-03-13T11:10:28.545+0200] {logging_mixin.py:188} INFO - [2024-03-13T11:10:28.545+0200] {dagbag.py:540} INFO - Filling up the DagBag from /usr/local/lib/python3.8/site-packages/airflow/example_dags/example_params_trigger_ui.py
[2024-03-13T11:10:28.580+0200] {processor.py:840} INFO - DAG(s) 'example_params_trigger_ui' retrieved from /usr/local/lib/python3.8/site-packages/airflow/example_dags/example_params_trigger_ui.py
[2024-03-13T11:10:28.765+0200] {logging_mixin.py:188} INFO - [2024-03-13T11:10:28.765+0200] {dag.py:3047} INFO - Sync 1 DAGs
[2024-03-13T11:10:28.774+0200] {logging_mixin.py:188} INFO - [2024-03-13T11:10:28.774+0200] {dag.py:3834} INFO - Setting next_dagrun for example_params_trigger_ui to None, run_after=None
[2024-03-13T11:10:28.789+0200] {processor.py:183} INFO - Processing /usr/local/lib/python3.8/site-packages/airflow/example_dags/example_params_trigger_ui.py took 0.248 seconds
[2024-03-13T11:11:23.007+0200] {processor.py:161} INFO - Started process (PID=2333) to work on /usr/local/lib/python3.8/site-packages/airflow/example_dags/example_params_trigger_ui.py
[2024-03-13T11:11:23.008+0200] {processor.py:830} INFO - Processing file /usr/local/lib/python3.8/site-packages/airflow/example_dags/example_params_trigger_ui.py for tasks to queue
[2024-03-13T11:11:23.008+0200] {logging_mixin.py:188} INFO - [2024-03-13T11:11:23.008+0200] {dagbag.py:540} INFO - Filling up the DagBag from /usr/local/lib/python3.8/site-packages/airflow/example_dags/example_params_trigger_ui.py
[2024-03-13T11:11:23.041+0200] {processor.py:840} INFO - DAG(s) 'example_params_trigger_ui' retrieved from /usr/local/lib/python3.8/site-packages/airflow/example_dags/example_params_trigger_ui.py
[2024-03-13T11:11:23.238+0200] {logging_mixin.py:188} INFO - [2024-03-13T11:11:23.237+0200] {dag.py:3047} INFO - Sync 1 DAGs
[2024-03-13T11:11:23.251+0200] {logging_mixin.py:188} INFO - [2024-03-13T11:11:23.251+0200] {dag.py:3834} INFO - Setting next_dagrun for example_params_trigger_ui to None, run_after=None
[2024-03-13T11:11:23.271+0200] {processor.py:183} INFO - Processing /usr/local/lib/python3.8/site-packages/airflow/example_dags/example_params_trigger_ui.py took 0.265 seconds
[2024-03-13T11:12:14.216+0200] {processor.py:161} INFO - Started process (PID=2534) to work on /usr/local/lib/python3.8/site-packages/airflow/example_dags/example_params_trigger_ui.py
[2024-03-13T11:12:14.217+0200] {processor.py:830} INFO - Processing file /usr/local/lib/python3.8/site-packages/airflow/example_dags/example_params_trigger_ui.py for tasks to queue
[2024-03-13T11:12:14.218+0200] {logging_mixin.py:188} INFO - [2024-03-13T11:12:14.218+0200] {dagbag.py:540} INFO - Filling up the DagBag from /usr/local/lib/python3.8/site-packages/airflow/example_dags/example_params_trigger_ui.py
[2024-03-13T11:12:14.262+0200] {processor.py:840} INFO - DAG(s) 'example_params_trigger_ui' retrieved from /usr/local/lib/python3.8/site-packages/airflow/example_dags/example_params_trigger_ui.py
[2024-03-13T11:12:14.465+0200] {logging_mixin.py:188} INFO - [2024-03-13T11:12:14.465+0200] {dag.py:3047} INFO - Sync 1 DAGs
[2024-03-13T11:12:14.477+0200] {logging_mixin.py:188} INFO - [2024-03-13T11:12:14.477+0200] {dag.py:3834} INFO - Setting next_dagrun for example_params_trigger_ui to None, run_after=None
[2024-03-13T11:12:14.494+0200] {processor.py:183} INFO - Processing /usr/local/lib/python3.8/site-packages/airflow/example_dags/example_params_trigger_ui.py took 0.279 seconds
[2024-03-13T11:18:24.593+0200] {processor.py:161} INFO - Started process (PID=3383) to work on /usr/local/lib/python3.8/site-packages/airflow/example_dags/example_params_trigger_ui.py
[2024-03-13T11:18:24.593+0200] {processor.py:830} INFO - Processing file /usr/local/lib/python3.8/site-packages/airflow/example_dags/example_params_trigger_ui.py for tasks to queue
[2024-03-13T11:18:24.594+0200] {logging_mixin.py:188} INFO - [2024-03-13T11:18:24.594+0200] {dagbag.py:540} INFO - Filling up the DagBag from /usr/local/lib/python3.8/site-packages/airflow/example_dags/example_params_trigger_ui.py
[2024-03-13T11:18:24.624+0200] {processor.py:840} INFO - DAG(s) 'example_params_trigger_ui' retrieved from /usr/local/lib/python3.8/site-packages/airflow/example_dags/example_params_trigger_ui.py
[2024-03-13T11:18:24.796+0200] {logging_mixin.py:188} INFO - [2024-03-13T11:18:24.795+0200] {dag.py:3047} INFO - Sync 1 DAGs
[2024-03-13T11:18:24.808+0200] {logging_mixin.py:188} INFO - [2024-03-13T11:18:24.808+0200] {dag.py:3834} INFO - Setting next_dagrun for example_params_trigger_ui to None, run_after=None
[2024-03-13T11:18:24.825+0200] {processor.py:183} INFO - Processing /usr/local/lib/python3.8/site-packages/airflow/example_dags/example_params_trigger_ui.py took 0.233 seconds
[2024-03-13T11:19:13.914+0200] {processor.py:161} INFO - Started process (PID=3561) to work on /usr/local/lib/python3.8/site-packages/airflow/example_dags/example_params_trigger_ui.py
[2024-03-13T11:19:13.915+0200] {processor.py:830} INFO - Processing file /usr/local/lib/python3.8/site-packages/airflow/example_dags/example_params_trigger_ui.py for tasks to queue
[2024-03-13T11:19:13.916+0200] {logging_mixin.py:188} INFO - [2024-03-13T11:19:13.916+0200] {dagbag.py:540} INFO - Filling up the DagBag from /usr/local/lib/python3.8/site-packages/airflow/example_dags/example_params_trigger_ui.py
[2024-03-13T11:19:13.952+0200] {processor.py:840} INFO - DAG(s) 'example_params_trigger_ui' retrieved from /usr/local/lib/python3.8/site-packages/airflow/example_dags/example_params_trigger_ui.py
[2024-03-13T11:19:14.143+0200] {logging_mixin.py:188} INFO - [2024-03-13T11:19:14.142+0200] {dag.py:3047} INFO - Sync 1 DAGs
[2024-03-13T11:19:14.152+0200] {logging_mixin.py:188} INFO - [2024-03-13T11:19:14.152+0200] {dag.py:3834} INFO - Setting next_dagrun for example_params_trigger_ui to None, run_after=None
[2024-03-13T11:19:14.167+0200] {processor.py:183} INFO - Processing /usr/local/lib/python3.8/site-packages/airflow/example_dags/example_params_trigger_ui.py took 0.255 seconds
[2024-03-13T11:20:08.781+0200] {processor.py:161} INFO - Started process (PID=3779) to work on /usr/local/lib/python3.8/site-packages/airflow/example_dags/example_params_trigger_ui.py
[2024-03-13T11:20:08.782+0200] {processor.py:830} INFO - Processing file /usr/local/lib/python3.8/site-packages/airflow/example_dags/example_params_trigger_ui.py for tasks to queue
[2024-03-13T11:20:08.783+0200] {logging_mixin.py:188} INFO - [2024-03-13T11:20:08.783+0200] {dagbag.py:540} INFO - Filling up the DagBag from /usr/local/lib/python3.8/site-packages/airflow/example_dags/example_params_trigger_ui.py
[2024-03-13T11:20:08.819+0200] {processor.py:840} INFO - DAG(s) 'example_params_trigger_ui' retrieved from /usr/local/lib/python3.8/site-packages/airflow/example_dags/example_params_trigger_ui.py
[2024-03-13T11:20:08.993+0200] {logging_mixin.py:188} INFO - [2024-03-13T11:20:08.993+0200] {dag.py:3047} INFO - Sync 1 DAGs
[2024-03-13T11:20:09.003+0200] {logging_mixin.py:188} INFO - [2024-03-13T11:20:09.002+0200] {dag.py:3834} INFO - Setting next_dagrun for example_params_trigger_ui to None, run_after=None
[2024-03-13T11:20:09.015+0200] {processor.py:183} INFO - Processing /usr/local/lib/python3.8/site-packages/airflow/example_dags/example_params_trigger_ui.py took 0.235 seconds
[2024-03-13T11:21:06.054+0200] {processor.py:161} INFO - Started process (PID=4011) to work on /usr/local/lib/python3.8/site-packages/airflow/example_dags/example_params_trigger_ui.py
[2024-03-13T11:21:06.055+0200] {processor.py:830} INFO - Processing file /usr/local/lib/python3.8/site-packages/airflow/example_dags/example_params_trigger_ui.py for tasks to queue
[2024-03-13T11:21:06.056+0200] {logging_mixin.py:188} INFO - [2024-03-13T11:21:06.055+0200] {dagbag.py:540} INFO - Filling up the DagBag from /usr/local/lib/python3.8/site-packages/airflow/example_dags/example_params_trigger_ui.py
[2024-03-13T11:21:06.090+0200] {processor.py:840} INFO - DAG(s) 'example_params_trigger_ui' retrieved from /usr/local/lib/python3.8/site-packages/airflow/example_dags/example_params_trigger_ui.py
[2024-03-13T11:21:06.287+0200] {logging_mixin.py:188} INFO - [2024-03-13T11:21:06.287+0200] {dag.py:3047} INFO - Sync 1 DAGs
[2024-03-13T11:21:06.298+0200] {logging_mixin.py:188} INFO - [2024-03-13T11:21:06.297+0200] {dag.py:3834} INFO - Setting next_dagrun for example_params_trigger_ui to None, run_after=None
[2024-03-13T11:21:06.313+0200] {processor.py:183} INFO - Processing /usr/local/lib/python3.8/site-packages/airflow/example_dags/example_params_trigger_ui.py took 0.260 seconds
[2024-03-13T11:21:55.805+0200] {processor.py:161} INFO - Started process (PID=4208) to work on /usr/local/lib/python3.8/site-packages/airflow/example_dags/example_params_trigger_ui.py
[2024-03-13T11:21:55.806+0200] {processor.py:830} INFO - Processing file /usr/local/lib/python3.8/site-packages/airflow/example_dags/example_params_trigger_ui.py for tasks to queue
[2024-03-13T11:21:55.807+0200] {logging_mixin.py:188} INFO - [2024-03-13T11:21:55.806+0200] {dagbag.py:540} INFO - Filling up the DagBag from /usr/local/lib/python3.8/site-packages/airflow/example_dags/example_params_trigger_ui.py
[2024-03-13T11:21:55.838+0200] {processor.py:840} INFO - DAG(s) 'example_params_trigger_ui' retrieved from /usr/local/lib/python3.8/site-packages/airflow/example_dags/example_params_trigger_ui.py
[2024-03-13T11:21:56.005+0200] {logging_mixin.py:188} INFO - [2024-03-13T11:21:56.005+0200] {dag.py:3047} INFO - Sync 1 DAGs
[2024-03-13T11:21:56.015+0200] {logging_mixin.py:188} INFO - [2024-03-13T11:21:56.015+0200] {dag.py:3834} INFO - Setting next_dagrun for example_params_trigger_ui to None, run_after=None
[2024-03-13T11:21:56.045+0200] {processor.py:183} INFO - Processing /usr/local/lib/python3.8/site-packages/airflow/example_dags/example_params_trigger_ui.py took 0.241 seconds
[2024-03-13T11:22:44.990+0200] {processor.py:161} INFO - Started process (PID=4392) to work on /usr/local/lib/python3.8/site-packages/airflow/example_dags/example_params_trigger_ui.py
[2024-03-13T11:22:44.991+0200] {processor.py:830} INFO - Processing file /usr/local/lib/python3.8/site-packages/airflow/example_dags/example_params_trigger_ui.py for tasks to queue
[2024-03-13T11:22:44.991+0200] {logging_mixin.py:188} INFO - [2024-03-13T11:22:44.991+0200] {dagbag.py:540} INFO - Filling up the DagBag from /usr/local/lib/python3.8/site-packages/airflow/example_dags/example_params_trigger_ui.py
[2024-03-13T11:22:45.025+0200] {processor.py:840} INFO - DAG(s) 'example_params_trigger_ui' retrieved from /usr/local/lib/python3.8/site-packages/airflow/example_dags/example_params_trigger_ui.py
[2024-03-13T11:22:45.204+0200] {logging_mixin.py:188} INFO - [2024-03-13T11:22:45.203+0200] {dag.py:3047} INFO - Sync 1 DAGs
[2024-03-13T11:22:45.216+0200] {logging_mixin.py:188} INFO - [2024-03-13T11:22:45.215+0200] {dag.py:3834} INFO - Setting next_dagrun for example_params_trigger_ui to None, run_after=None
[2024-03-13T11:22:45.248+0200] {processor.py:183} INFO - Processing /usr/local/lib/python3.8/site-packages/airflow/example_dags/example_params_trigger_ui.py took 0.260 seconds
[2024-03-13T11:23:42.648+0200] {processor.py:161} INFO - Started process (PID=4601) to work on /usr/local/lib/python3.8/site-packages/airflow/example_dags/example_params_trigger_ui.py
[2024-03-13T11:23:42.649+0200] {processor.py:830} INFO - Processing file /usr/local/lib/python3.8/site-packages/airflow/example_dags/example_params_trigger_ui.py for tasks to queue
[2024-03-13T11:23:42.650+0200] {logging_mixin.py:188} INFO - [2024-03-13T11:23:42.649+0200] {dagbag.py:540} INFO - Filling up the DagBag from /usr/local/lib/python3.8/site-packages/airflow/example_dags/example_params_trigger_ui.py
[2024-03-13T11:23:42.693+0200] {processor.py:840} INFO - DAG(s) 'example_params_trigger_ui' retrieved from /usr/local/lib/python3.8/site-packages/airflow/example_dags/example_params_trigger_ui.py
[2024-03-13T11:23:42.910+0200] {logging_mixin.py:188} INFO - [2024-03-13T11:23:42.910+0200] {dag.py:3047} INFO - Sync 1 DAGs
[2024-03-13T11:23:42.940+0200] {logging_mixin.py:188} INFO - [2024-03-13T11:23:42.940+0200] {dag.py:3834} INFO - Setting next_dagrun for example_params_trigger_ui to None, run_after=None
[2024-03-13T11:23:42.958+0200] {processor.py:183} INFO - Processing /usr/local/lib/python3.8/site-packages/airflow/example_dags/example_params_trigger_ui.py took 0.312 seconds
[2024-03-13T11:24:41.215+0200] {processor.py:161} INFO - Started process (PID=4812) to work on /usr/local/lib/python3.8/site-packages/airflow/example_dags/example_params_trigger_ui.py
[2024-03-13T11:24:41.216+0200] {processor.py:830} INFO - Processing file /usr/local/lib/python3.8/site-packages/airflow/example_dags/example_params_trigger_ui.py for tasks to queue
[2024-03-13T11:24:41.217+0200] {logging_mixin.py:188} INFO - [2024-03-13T11:24:41.216+0200] {dagbag.py:540} INFO - Filling up the DagBag from /usr/local/lib/python3.8/site-packages/airflow/example_dags/example_params_trigger_ui.py
[2024-03-13T11:24:41.256+0200] {processor.py:840} INFO - DAG(s) 'example_params_trigger_ui' retrieved from /usr/local/lib/python3.8/site-packages/airflow/example_dags/example_params_trigger_ui.py
[2024-03-13T11:24:41.488+0200] {logging_mixin.py:188} INFO - [2024-03-13T11:24:41.487+0200] {dag.py:3047} INFO - Sync 1 DAGs
[2024-03-13T11:24:41.501+0200] {logging_mixin.py:188} INFO - [2024-03-13T11:24:41.501+0200] {dag.py:3834} INFO - Setting next_dagrun for example_params_trigger_ui to None, run_after=None
[2024-03-13T11:24:41.518+0200] {processor.py:183} INFO - Processing /usr/local/lib/python3.8/site-packages/airflow/example_dags/example_params_trigger_ui.py took 0.305 seconds
[2024-03-13T11:25:36.137+0200] {processor.py:161} INFO - Started process (PID=5002) to work on /usr/local/lib/python3.8/site-packages/airflow/example_dags/example_params_trigger_ui.py
[2024-03-13T11:25:36.138+0200] {processor.py:830} INFO - Processing file /usr/local/lib/python3.8/site-packages/airflow/example_dags/example_params_trigger_ui.py for tasks to queue
[2024-03-13T11:25:36.138+0200] {logging_mixin.py:188} INFO - [2024-03-13T11:25:36.138+0200] {dagbag.py:540} INFO - Filling up the DagBag from /usr/local/lib/python3.8/site-packages/airflow/example_dags/example_params_trigger_ui.py
[2024-03-13T11:25:36.169+0200] {processor.py:840} INFO - DAG(s) 'example_params_trigger_ui' retrieved from /usr/local/lib/python3.8/site-packages/airflow/example_dags/example_params_trigger_ui.py
[2024-03-13T11:25:36.346+0200] {logging_mixin.py:188} INFO - [2024-03-13T11:25:36.346+0200] {dag.py:3047} INFO - Sync 1 DAGs
[2024-03-13T11:25:36.356+0200] {logging_mixin.py:188} INFO - [2024-03-13T11:25:36.355+0200] {dag.py:3834} INFO - Setting next_dagrun for example_params_trigger_ui to None, run_after=None
[2024-03-13T11:25:36.369+0200] {processor.py:183} INFO - Processing /usr/local/lib/python3.8/site-packages/airflow/example_dags/example_params_trigger_ui.py took 0.233 seconds
[2024-03-13T11:26:20.813+0200] {processor.py:161} INFO - Started process (PID=5186) to work on /usr/local/lib/python3.8/site-packages/airflow/example_dags/example_params_trigger_ui.py
[2024-03-13T11:26:20.814+0200] {processor.py:830} INFO - Processing file /usr/local/lib/python3.8/site-packages/airflow/example_dags/example_params_trigger_ui.py for tasks to queue
[2024-03-13T11:26:20.814+0200] {logging_mixin.py:188} INFO - [2024-03-13T11:26:20.814+0200] {dagbag.py:540} INFO - Filling up the DagBag from /usr/local/lib/python3.8/site-packages/airflow/example_dags/example_params_trigger_ui.py
[2024-03-13T11:26:20.854+0200] {processor.py:840} INFO - DAG(s) 'example_params_trigger_ui' retrieved from /usr/local/lib/python3.8/site-packages/airflow/example_dags/example_params_trigger_ui.py
[2024-03-13T11:26:21.064+0200] {logging_mixin.py:188} INFO - [2024-03-13T11:26:21.063+0200] {dag.py:3047} INFO - Sync 1 DAGs
[2024-03-13T11:26:21.091+0200] {logging_mixin.py:188} INFO - [2024-03-13T11:26:21.090+0200] {dag.py:3834} INFO - Setting next_dagrun for example_params_trigger_ui to None, run_after=None
[2024-03-13T11:26:21.110+0200] {processor.py:183} INFO - Processing /usr/local/lib/python3.8/site-packages/airflow/example_dags/example_params_trigger_ui.py took 0.299 seconds
[2024-03-13T11:27:10.161+0200] {processor.py:161} INFO - Started process (PID=5381) to work on /usr/local/lib/python3.8/site-packages/airflow/example_dags/example_params_trigger_ui.py
[2024-03-13T11:27:10.162+0200] {processor.py:830} INFO - Processing file /usr/local/lib/python3.8/site-packages/airflow/example_dags/example_params_trigger_ui.py for tasks to queue
[2024-03-13T11:27:10.163+0200] {logging_mixin.py:188} INFO - [2024-03-13T11:27:10.163+0200] {dagbag.py:540} INFO - Filling up the DagBag from /usr/local/lib/python3.8/site-packages/airflow/example_dags/example_params_trigger_ui.py
[2024-03-13T11:27:10.196+0200] {processor.py:840} INFO - DAG(s) 'example_params_trigger_ui' retrieved from /usr/local/lib/python3.8/site-packages/airflow/example_dags/example_params_trigger_ui.py
[2024-03-13T11:27:10.405+0200] {logging_mixin.py:188} INFO - [2024-03-13T11:27:10.404+0200] {dag.py:3047} INFO - Sync 1 DAGs
[2024-03-13T11:27:10.418+0200] {logging_mixin.py:188} INFO - [2024-03-13T11:27:10.417+0200] {dag.py:3834} INFO - Setting next_dagrun for example_params_trigger_ui to None, run_after=None
[2024-03-13T11:27:10.452+0200] {processor.py:183} INFO - Processing /usr/local/lib/python3.8/site-packages/airflow/example_dags/example_params_trigger_ui.py took 0.293 seconds
[2024-03-13T11:27:56.604+0200] {processor.py:161} INFO - Started process (PID=5559) to work on /usr/local/lib/python3.8/site-packages/airflow/example_dags/example_params_trigger_ui.py
[2024-03-13T11:27:56.605+0200] {processor.py:830} INFO - Processing file /usr/local/lib/python3.8/site-packages/airflow/example_dags/example_params_trigger_ui.py for tasks to queue
[2024-03-13T11:27:56.606+0200] {logging_mixin.py:188} INFO - [2024-03-13T11:27:56.605+0200] {dagbag.py:540} INFO - Filling up the DagBag from /usr/local/lib/python3.8/site-packages/airflow/example_dags/example_params_trigger_ui.py
[2024-03-13T11:27:56.637+0200] {processor.py:840} INFO - DAG(s) 'example_params_trigger_ui' retrieved from /usr/local/lib/python3.8/site-packages/airflow/example_dags/example_params_trigger_ui.py
[2024-03-13T11:27:56.802+0200] {logging_mixin.py:188} INFO - [2024-03-13T11:27:56.801+0200] {dag.py:3047} INFO - Sync 1 DAGs
[2024-03-13T11:27:56.812+0200] {logging_mixin.py:188} INFO - [2024-03-13T11:27:56.812+0200] {dag.py:3834} INFO - Setting next_dagrun for example_params_trigger_ui to None, run_after=None
[2024-03-13T11:27:56.843+0200] {processor.py:183} INFO - Processing /usr/local/lib/python3.8/site-packages/airflow/example_dags/example_params_trigger_ui.py took 0.240 seconds
[2024-03-13T11:28:40.097+0200] {processor.py:161} INFO - Started process (PID=5729) to work on /usr/local/lib/python3.8/site-packages/airflow/example_dags/example_params_trigger_ui.py
[2024-03-13T11:28:40.098+0200] {processor.py:830} INFO - Processing file /usr/local/lib/python3.8/site-packages/airflow/example_dags/example_params_trigger_ui.py for tasks to queue
[2024-03-13T11:28:40.098+0200] {logging_mixin.py:188} INFO - [2024-03-13T11:28:40.098+0200] {dagbag.py:540} INFO - Filling up the DagBag from /usr/local/lib/python3.8/site-packages/airflow/example_dags/example_params_trigger_ui.py
[2024-03-13T11:28:40.129+0200] {processor.py:840} INFO - DAG(s) 'example_params_trigger_ui' retrieved from /usr/local/lib/python3.8/site-packages/airflow/example_dags/example_params_trigger_ui.py
[2024-03-13T11:28:40.297+0200] {logging_mixin.py:188} INFO - [2024-03-13T11:28:40.297+0200] {dag.py:3047} INFO - Sync 1 DAGs
[2024-03-13T11:28:40.306+0200] {logging_mixin.py:188} INFO - [2024-03-13T11:28:40.306+0200] {dag.py:3834} INFO - Setting next_dagrun for example_params_trigger_ui to None, run_after=None
[2024-03-13T11:28:40.337+0200] {processor.py:183} INFO - Processing /usr/local/lib/python3.8/site-packages/airflow/example_dags/example_params_trigger_ui.py took 0.241 seconds
[2024-03-13T11:29:33.381+0200] {processor.py:161} INFO - Started process (PID=5935) to work on /usr/local/lib/python3.8/site-packages/airflow/example_dags/example_params_trigger_ui.py
[2024-03-13T11:29:33.382+0200] {processor.py:830} INFO - Processing file /usr/local/lib/python3.8/site-packages/airflow/example_dags/example_params_trigger_ui.py for tasks to queue
[2024-03-13T11:29:33.383+0200] {logging_mixin.py:188} INFO - [2024-03-13T11:29:33.382+0200] {dagbag.py:540} INFO - Filling up the DagBag from /usr/local/lib/python3.8/site-packages/airflow/example_dags/example_params_trigger_ui.py
[2024-03-13T11:29:33.413+0200] {processor.py:840} INFO - DAG(s) 'example_params_trigger_ui' retrieved from /usr/local/lib/python3.8/site-packages/airflow/example_dags/example_params_trigger_ui.py
[2024-03-13T11:29:33.589+0200] {logging_mixin.py:188} INFO - [2024-03-13T11:29:33.589+0200] {dag.py:3047} INFO - Sync 1 DAGs
[2024-03-13T11:29:33.598+0200] {logging_mixin.py:188} INFO - [2024-03-13T11:29:33.598+0200] {dag.py:3834} INFO - Setting next_dagrun for example_params_trigger_ui to None, run_after=None
[2024-03-13T11:29:33.628+0200] {processor.py:183} INFO - Processing /usr/local/lib/python3.8/site-packages/airflow/example_dags/example_params_trigger_ui.py took 0.248 seconds
[2024-03-13T11:30:27.600+0200] {processor.py:161} INFO - Started process (PID=6146) to work on /usr/local/lib/python3.8/site-packages/airflow/example_dags/example_params_trigger_ui.py
[2024-03-13T11:30:27.601+0200] {processor.py:830} INFO - Processing file /usr/local/lib/python3.8/site-packages/airflow/example_dags/example_params_trigger_ui.py for tasks to queue
[2024-03-13T11:30:27.601+0200] {logging_mixin.py:188} INFO - [2024-03-13T11:30:27.601+0200] {dagbag.py:540} INFO - Filling up the DagBag from /usr/local/lib/python3.8/site-packages/airflow/example_dags/example_params_trigger_ui.py
[2024-03-13T11:30:27.631+0200] {processor.py:840} INFO - DAG(s) 'example_params_trigger_ui' retrieved from /usr/local/lib/python3.8/site-packages/airflow/example_dags/example_params_trigger_ui.py
[2024-03-13T11:30:27.827+0200] {logging_mixin.py:188} INFO - [2024-03-13T11:30:27.827+0200] {dag.py:3047} INFO - Sync 1 DAGs
[2024-03-13T11:30:27.836+0200] {logging_mixin.py:188} INFO - [2024-03-13T11:30:27.836+0200] {dag.py:3834} INFO - Setting next_dagrun for example_params_trigger_ui to None, run_after=None
[2024-03-13T11:30:27.850+0200] {processor.py:183} INFO - Processing /usr/local/lib/python3.8/site-packages/airflow/example_dags/example_params_trigger_ui.py took 0.251 seconds
[2024-03-13T11:31:09.500+0200] {processor.py:161} INFO - Started process (PID=6315) to work on /usr/local/lib/python3.8/site-packages/airflow/example_dags/example_params_trigger_ui.py
[2024-03-13T11:31:09.500+0200] {processor.py:830} INFO - Processing file /usr/local/lib/python3.8/site-packages/airflow/example_dags/example_params_trigger_ui.py for tasks to queue
[2024-03-13T11:31:09.501+0200] {logging_mixin.py:188} INFO - [2024-03-13T11:31:09.501+0200] {dagbag.py:540} INFO - Filling up the DagBag from /usr/local/lib/python3.8/site-packages/airflow/example_dags/example_params_trigger_ui.py
[2024-03-13T11:31:09.535+0200] {processor.py:840} INFO - DAG(s) 'example_params_trigger_ui' retrieved from /usr/local/lib/python3.8/site-packages/airflow/example_dags/example_params_trigger_ui.py
[2024-03-13T11:31:09.722+0200] {logging_mixin.py:188} INFO - [2024-03-13T11:31:09.721+0200] {dag.py:3047} INFO - Sync 1 DAGs
[2024-03-13T11:31:09.730+0200] {logging_mixin.py:188} INFO - [2024-03-13T11:31:09.730+0200] {dag.py:3834} INFO - Setting next_dagrun for example_params_trigger_ui to None, run_after=None
[2024-03-13T11:31:09.744+0200] {processor.py:183} INFO - Processing /usr/local/lib/python3.8/site-packages/airflow/example_dags/example_params_trigger_ui.py took 0.246 seconds
[2024-03-13T11:31:50.855+0200] {processor.py:161} INFO - Started process (PID=6480) to work on /usr/local/lib/python3.8/site-packages/airflow/example_dags/example_params_trigger_ui.py
[2024-03-13T11:31:50.856+0200] {processor.py:830} INFO - Processing file /usr/local/lib/python3.8/site-packages/airflow/example_dags/example_params_trigger_ui.py for tasks to queue
[2024-03-13T11:31:50.857+0200] {logging_mixin.py:188} INFO - [2024-03-13T11:31:50.856+0200] {dagbag.py:540} INFO - Filling up the DagBag from /usr/local/lib/python3.8/site-packages/airflow/example_dags/example_params_trigger_ui.py
[2024-03-13T11:31:50.887+0200] {processor.py:840} INFO - DAG(s) 'example_params_trigger_ui' retrieved from /usr/local/lib/python3.8/site-packages/airflow/example_dags/example_params_trigger_ui.py
[2024-03-13T11:31:51.073+0200] {logging_mixin.py:188} INFO - [2024-03-13T11:31:51.073+0200] {dag.py:3047} INFO - Sync 1 DAGs
[2024-03-13T11:31:51.082+0200] {logging_mixin.py:188} INFO - [2024-03-13T11:31:51.082+0200] {dag.py:3834} INFO - Setting next_dagrun for example_params_trigger_ui to None, run_after=None
[2024-03-13T11:31:51.096+0200] {processor.py:183} INFO - Processing /usr/local/lib/python3.8/site-packages/airflow/example_dags/example_params_trigger_ui.py took 0.242 seconds
[2024-03-13T11:32:33.063+0200] {processor.py:161} INFO - Started process (PID=6645) to work on /usr/local/lib/python3.8/site-packages/airflow/example_dags/example_params_trigger_ui.py
[2024-03-13T11:32:33.063+0200] {processor.py:830} INFO - Processing file /usr/local/lib/python3.8/site-packages/airflow/example_dags/example_params_trigger_ui.py for tasks to queue
[2024-03-13T11:32:33.064+0200] {logging_mixin.py:188} INFO - [2024-03-13T11:32:33.064+0200] {dagbag.py:540} INFO - Filling up the DagBag from /usr/local/lib/python3.8/site-packages/airflow/example_dags/example_params_trigger_ui.py
[2024-03-13T11:32:33.094+0200] {processor.py:840} INFO - DAG(s) 'example_params_trigger_ui' retrieved from /usr/local/lib/python3.8/site-packages/airflow/example_dags/example_params_trigger_ui.py
[2024-03-13T11:32:33.276+0200] {logging_mixin.py:188} INFO - [2024-03-13T11:32:33.276+0200] {dag.py:3047} INFO - Sync 1 DAGs
[2024-03-13T11:32:33.285+0200] {logging_mixin.py:188} INFO - [2024-03-13T11:32:33.285+0200] {dag.py:3834} INFO - Setting next_dagrun for example_params_trigger_ui to None, run_after=None
[2024-03-13T11:32:33.300+0200] {processor.py:183} INFO - Processing /usr/local/lib/python3.8/site-packages/airflow/example_dags/example_params_trigger_ui.py took 0.239 seconds
[2024-03-13T11:33:16.308+0200] {processor.py:161} INFO - Started process (PID=6841) to work on /usr/local/lib/python3.8/site-packages/airflow/example_dags/example_params_trigger_ui.py
[2024-03-13T11:33:16.309+0200] {processor.py:830} INFO - Processing file /usr/local/lib/python3.8/site-packages/airflow/example_dags/example_params_trigger_ui.py for tasks to queue
[2024-03-13T11:33:16.309+0200] {logging_mixin.py:188} INFO - [2024-03-13T11:33:16.309+0200] {dagbag.py:540} INFO - Filling up the DagBag from /usr/local/lib/python3.8/site-packages/airflow/example_dags/example_params_trigger_ui.py
[2024-03-13T11:33:16.346+0200] {processor.py:840} INFO - DAG(s) 'example_params_trigger_ui' retrieved from /usr/local/lib/python3.8/site-packages/airflow/example_dags/example_params_trigger_ui.py
[2024-03-13T11:33:16.569+0200] {logging_mixin.py:188} INFO - [2024-03-13T11:33:16.568+0200] {dag.py:3047} INFO - Sync 1 DAGs
[2024-03-13T11:33:16.579+0200] {logging_mixin.py:188} INFO - [2024-03-13T11:33:16.579+0200] {dag.py:3834} INFO - Setting next_dagrun for example_params_trigger_ui to None, run_after=None
[2024-03-13T11:33:16.594+0200] {processor.py:183} INFO - Processing /usr/local/lib/python3.8/site-packages/airflow/example_dags/example_params_trigger_ui.py took 0.288 seconds
[2024-03-13T11:33:59.050+0200] {processor.py:161} INFO - Started process (PID=7000) to work on /usr/local/lib/python3.8/site-packages/airflow/example_dags/example_params_trigger_ui.py
[2024-03-13T11:33:59.051+0200] {processor.py:830} INFO - Processing file /usr/local/lib/python3.8/site-packages/airflow/example_dags/example_params_trigger_ui.py for tasks to queue
[2024-03-13T11:33:59.051+0200] {logging_mixin.py:188} INFO - [2024-03-13T11:33:59.051+0200] {dagbag.py:540} INFO - Filling up the DagBag from /usr/local/lib/python3.8/site-packages/airflow/example_dags/example_params_trigger_ui.py
[2024-03-13T11:33:59.088+0200] {processor.py:840} INFO - DAG(s) 'example_params_trigger_ui' retrieved from /usr/local/lib/python3.8/site-packages/airflow/example_dags/example_params_trigger_ui.py
[2024-03-13T11:33:59.281+0200] {logging_mixin.py:188} INFO - [2024-03-13T11:33:59.281+0200] {dag.py:3047} INFO - Sync 1 DAGs
[2024-03-13T11:33:59.293+0200] {logging_mixin.py:188} INFO - [2024-03-13T11:33:59.293+0200] {dag.py:3834} INFO - Setting next_dagrun for example_params_trigger_ui to None, run_after=None
[2024-03-13T11:33:59.327+0200] {processor.py:183} INFO - Processing /usr/local/lib/python3.8/site-packages/airflow/example_dags/example_params_trigger_ui.py took 0.279 seconds
[2024-03-13T11:34:41.055+0200] {processor.py:161} INFO - Started process (PID=7170) to work on /usr/local/lib/python3.8/site-packages/airflow/example_dags/example_params_trigger_ui.py
[2024-03-13T11:34:41.056+0200] {processor.py:830} INFO - Processing file /usr/local/lib/python3.8/site-packages/airflow/example_dags/example_params_trigger_ui.py for tasks to queue
[2024-03-13T11:34:41.057+0200] {logging_mixin.py:188} INFO - [2024-03-13T11:34:41.057+0200] {dagbag.py:540} INFO - Filling up the DagBag from /usr/local/lib/python3.8/site-packages/airflow/example_dags/example_params_trigger_ui.py
[2024-03-13T11:34:41.097+0200] {processor.py:840} INFO - DAG(s) 'example_params_trigger_ui' retrieved from /usr/local/lib/python3.8/site-packages/airflow/example_dags/example_params_trigger_ui.py
[2024-03-13T11:34:41.300+0200] {logging_mixin.py:188} INFO - [2024-03-13T11:34:41.300+0200] {dag.py:3047} INFO - Sync 1 DAGs
[2024-03-13T11:34:41.321+0200] {logging_mixin.py:188} INFO - [2024-03-13T11:34:41.321+0200] {dag.py:3834} INFO - Setting next_dagrun for example_params_trigger_ui to None, run_after=None
[2024-03-13T11:34:41.340+0200] {processor.py:183} INFO - Processing /usr/local/lib/python3.8/site-packages/airflow/example_dags/example_params_trigger_ui.py took 0.286 seconds
