[2024-03-13T11:09:47.726+0200] {processor.py:161} INFO - Started process (PID=1973) to work on /usr/local/lib/python3.8/site-packages/airflow/example_dags/example_dag_decorator.py
[2024-03-13T11:09:47.727+0200] {processor.py:830} INFO - Processing file /usr/local/lib/python3.8/site-packages/airflow/example_dags/example_dag_decorator.py for tasks to queue
[2024-03-13T11:09:47.727+0200] {logging_mixin.py:188} INFO - [2024-03-13T11:09:47.727+0200] {dagbag.py:540} INFO - Filling up the DagBag from /usr/local/lib/python3.8/site-packages/airflow/example_dags/example_dag_decorator.py
[2024-03-13T11:09:47.986+0200] {processor.py:840} INFO - DAG(s) 'example_dag_decorator' retrieved from /usr/local/lib/python3.8/site-packages/airflow/example_dags/example_dag_decorator.py
[2024-03-13T11:09:48.156+0200] {logging_mixin.py:188} INFO - [2024-03-13T11:09:48.156+0200] {override.py:1769} INFO - Created Permission View: can delete on DAG:example_dag_decorator
[2024-03-13T11:09:48.163+0200] {logging_mixin.py:188} INFO - [2024-03-13T11:09:48.163+0200] {override.py:1769} INFO - Created Permission View: can edit on DAG:example_dag_decorator
[2024-03-13T11:09:48.167+0200] {logging_mixin.py:188} INFO - [2024-03-13T11:09:48.167+0200] {override.py:1769} INFO - Created Permission View: can read on DAG:example_dag_decorator
[2024-03-13T11:09:48.168+0200] {logging_mixin.py:188} INFO - [2024-03-13T11:09:48.167+0200] {dag.py:3047} INFO - Sync 1 DAGs
[2024-03-13T11:09:48.176+0200] {logging_mixin.py:188} INFO - [2024-03-13T11:09:48.176+0200] {dag.py:3069} INFO - Creating ORM DAG for example_dag_decorator
[2024-03-13T11:09:48.176+0200] {logging_mixin.py:188} INFO - [2024-03-13T11:09:48.176+0200] {dag.py:3834} INFO - Setting next_dagrun for example_dag_decorator to None, run_after=None
[2024-03-13T11:09:48.189+0200] {processor.py:183} INFO - Processing /usr/local/lib/python3.8/site-packages/airflow/example_dags/example_dag_decorator.py took 0.465 seconds
[2024-03-13T11:10:42.445+0200] {processor.py:161} INFO - Started process (PID=2173) to work on /usr/local/lib/python3.8/site-packages/airflow/example_dags/example_dag_decorator.py
[2024-03-13T11:10:42.446+0200] {processor.py:830} INFO - Processing file /usr/local/lib/python3.8/site-packages/airflow/example_dags/example_dag_decorator.py for tasks to queue
[2024-03-13T11:10:42.446+0200] {logging_mixin.py:188} INFO - [2024-03-13T11:10:42.446+0200] {dagbag.py:540} INFO - Filling up the DagBag from /usr/local/lib/python3.8/site-packages/airflow/example_dags/example_dag_decorator.py
[2024-03-13T11:10:42.658+0200] {processor.py:840} INFO - DAG(s) 'example_dag_decorator' retrieved from /usr/local/lib/python3.8/site-packages/airflow/example_dags/example_dag_decorator.py
[2024-03-13T11:10:42.845+0200] {logging_mixin.py:188} INFO - [2024-03-13T11:10:42.844+0200] {dag.py:3047} INFO - Sync 1 DAGs
[2024-03-13T11:10:42.855+0200] {logging_mixin.py:188} INFO - [2024-03-13T11:10:42.854+0200] {dag.py:3834} INFO - Setting next_dagrun for example_dag_decorator to None, run_after=None
[2024-03-13T11:10:42.873+0200] {processor.py:183} INFO - Processing /usr/local/lib/python3.8/site-packages/airflow/example_dags/example_dag_decorator.py took 0.429 seconds
[2024-03-13T11:11:37.471+0200] {processor.py:161} INFO - Started process (PID=2386) to work on /usr/local/lib/python3.8/site-packages/airflow/example_dags/example_dag_decorator.py
[2024-03-13T11:11:37.472+0200] {processor.py:830} INFO - Processing file /usr/local/lib/python3.8/site-packages/airflow/example_dags/example_dag_decorator.py for tasks to queue
[2024-03-13T11:11:37.473+0200] {logging_mixin.py:188} INFO - [2024-03-13T11:11:37.473+0200] {dagbag.py:540} INFO - Filling up the DagBag from /usr/local/lib/python3.8/site-packages/airflow/example_dags/example_dag_decorator.py
[2024-03-13T11:11:37.651+0200] {processor.py:840} INFO - DAG(s) 'example_dag_decorator' retrieved from /usr/local/lib/python3.8/site-packages/airflow/example_dags/example_dag_decorator.py
[2024-03-13T11:11:37.849+0200] {logging_mixin.py:188} INFO - [2024-03-13T11:11:37.848+0200] {dag.py:3047} INFO - Sync 1 DAGs
[2024-03-13T11:11:37.860+0200] {logging_mixin.py:188} INFO - [2024-03-13T11:11:37.860+0200] {dag.py:3834} INFO - Setting next_dagrun for example_dag_decorator to None, run_after=None
[2024-03-13T11:11:37.876+0200] {processor.py:183} INFO - Processing /usr/local/lib/python3.8/site-packages/airflow/example_dags/example_dag_decorator.py took 0.406 seconds
[2024-03-13T11:12:27.824+0200] {processor.py:161} INFO - Started process (PID=2576) to work on /usr/local/lib/python3.8/site-packages/airflow/example_dags/example_dag_decorator.py
[2024-03-13T11:12:27.825+0200] {processor.py:830} INFO - Processing file /usr/local/lib/python3.8/site-packages/airflow/example_dags/example_dag_decorator.py for tasks to queue
[2024-03-13T11:12:27.826+0200] {logging_mixin.py:188} INFO - [2024-03-13T11:12:27.825+0200] {dagbag.py:540} INFO - Filling up the DagBag from /usr/local/lib/python3.8/site-packages/airflow/example_dags/example_dag_decorator.py
[2024-03-13T11:12:28.050+0200] {processor.py:840} INFO - DAG(s) 'example_dag_decorator' retrieved from /usr/local/lib/python3.8/site-packages/airflow/example_dags/example_dag_decorator.py
[2024-03-13T11:12:28.248+0200] {logging_mixin.py:188} INFO - [2024-03-13T11:12:28.248+0200] {dag.py:3047} INFO - Sync 1 DAGs
[2024-03-13T11:12:28.257+0200] {logging_mixin.py:188} INFO - [2024-03-13T11:12:28.257+0200] {dag.py:3834} INFO - Setting next_dagrun for example_dag_decorator to None, run_after=None
[2024-03-13T11:12:28.271+0200] {processor.py:183} INFO - Processing /usr/local/lib/python3.8/site-packages/airflow/example_dags/example_dag_decorator.py took 0.449 seconds
[2024-03-13T11:18:33.902+0200] {processor.py:161} INFO - Started process (PID=3423) to work on /usr/local/lib/python3.8/site-packages/airflow/example_dags/example_dag_decorator.py
[2024-03-13T11:18:33.903+0200] {processor.py:830} INFO - Processing file /usr/local/lib/python3.8/site-packages/airflow/example_dags/example_dag_decorator.py for tasks to queue
[2024-03-13T11:18:33.904+0200] {logging_mixin.py:188} INFO - [2024-03-13T11:18:33.904+0200] {dagbag.py:540} INFO - Filling up the DagBag from /usr/local/lib/python3.8/site-packages/airflow/example_dags/example_dag_decorator.py
[2024-03-13T11:18:34.109+0200] {processor.py:840} INFO - DAG(s) 'example_dag_decorator' retrieved from /usr/local/lib/python3.8/site-packages/airflow/example_dags/example_dag_decorator.py
[2024-03-13T11:18:34.319+0200] {logging_mixin.py:188} INFO - [2024-03-13T11:18:34.319+0200] {dag.py:3047} INFO - Sync 1 DAGs
[2024-03-13T11:18:34.327+0200] {logging_mixin.py:188} INFO - [2024-03-13T11:18:34.327+0200] {dag.py:3834} INFO - Setting next_dagrun for example_dag_decorator to None, run_after=None
[2024-03-13T11:18:34.340+0200] {processor.py:183} INFO - Processing /usr/local/lib/python3.8/site-packages/airflow/example_dags/example_dag_decorator.py took 0.439 seconds
[2024-03-13T11:19:26.372+0200] {processor.py:161} INFO - Started process (PID=3615) to work on /usr/local/lib/python3.8/site-packages/airflow/example_dags/example_dag_decorator.py
[2024-03-13T11:19:26.373+0200] {processor.py:830} INFO - Processing file /usr/local/lib/python3.8/site-packages/airflow/example_dags/example_dag_decorator.py for tasks to queue
[2024-03-13T11:19:26.373+0200] {logging_mixin.py:188} INFO - [2024-03-13T11:19:26.373+0200] {dagbag.py:540} INFO - Filling up the DagBag from /usr/local/lib/python3.8/site-packages/airflow/example_dags/example_dag_decorator.py
[2024-03-13T11:19:26.548+0200] {processor.py:840} INFO - DAG(s) 'example_dag_decorator' retrieved from /usr/local/lib/python3.8/site-packages/airflow/example_dags/example_dag_decorator.py
[2024-03-13T11:19:26.717+0200] {logging_mixin.py:188} INFO - [2024-03-13T11:19:26.716+0200] {dag.py:3047} INFO - Sync 1 DAGs
[2024-03-13T11:19:26.725+0200] {logging_mixin.py:188} INFO - [2024-03-13T11:19:26.725+0200] {dag.py:3834} INFO - Setting next_dagrun for example_dag_decorator to None, run_after=None
[2024-03-13T11:19:26.740+0200] {processor.py:183} INFO - Processing /usr/local/lib/python3.8/site-packages/airflow/example_dags/example_dag_decorator.py took 0.369 seconds
[2024-03-13T11:20:25.624+0200] {processor.py:161} INFO - Started process (PID=3838) to work on /usr/local/lib/python3.8/site-packages/airflow/example_dags/example_dag_decorator.py
[2024-03-13T11:20:25.625+0200] {processor.py:830} INFO - Processing file /usr/local/lib/python3.8/site-packages/airflow/example_dags/example_dag_decorator.py for tasks to queue
[2024-03-13T11:20:25.625+0200] {logging_mixin.py:188} INFO - [2024-03-13T11:20:25.625+0200] {dagbag.py:540} INFO - Filling up the DagBag from /usr/local/lib/python3.8/site-packages/airflow/example_dags/example_dag_decorator.py
[2024-03-13T11:20:25.835+0200] {processor.py:840} INFO - DAG(s) 'example_dag_decorator' retrieved from /usr/local/lib/python3.8/site-packages/airflow/example_dags/example_dag_decorator.py
[2024-03-13T11:20:26.045+0200] {logging_mixin.py:188} INFO - [2024-03-13T11:20:26.045+0200] {dag.py:3047} INFO - Sync 1 DAGs
[2024-03-13T11:20:26.060+0200] {logging_mixin.py:188} INFO - [2024-03-13T11:20:26.060+0200] {dag.py:3834} INFO - Setting next_dagrun for example_dag_decorator to None, run_after=None
[2024-03-13T11:20:26.096+0200] {processor.py:183} INFO - Processing /usr/local/lib/python3.8/site-packages/airflow/example_dags/example_dag_decorator.py took 0.473 seconds
[2024-03-13T11:21:19.877+0200] {processor.py:161} INFO - Started process (PID=4062) to work on /usr/local/lib/python3.8/site-packages/airflow/example_dags/example_dag_decorator.py
[2024-03-13T11:21:19.878+0200] {processor.py:830} INFO - Processing file /usr/local/lib/python3.8/site-packages/airflow/example_dags/example_dag_decorator.py for tasks to queue
[2024-03-13T11:21:19.879+0200] {logging_mixin.py:188} INFO - [2024-03-13T11:21:19.879+0200] {dagbag.py:540} INFO - Filling up the DagBag from /usr/local/lib/python3.8/site-packages/airflow/example_dags/example_dag_decorator.py
[2024-03-13T11:21:20.086+0200] {processor.py:840} INFO - DAG(s) 'example_dag_decorator' retrieved from /usr/local/lib/python3.8/site-packages/airflow/example_dags/example_dag_decorator.py
[2024-03-13T11:21:20.314+0200] {logging_mixin.py:188} INFO - [2024-03-13T11:21:20.313+0200] {dag.py:3047} INFO - Sync 1 DAGs
[2024-03-13T11:21:20.341+0200] {logging_mixin.py:188} INFO - [2024-03-13T11:21:20.340+0200] {dag.py:3834} INFO - Setting next_dagrun for example_dag_decorator to None, run_after=None
[2024-03-13T11:21:20.359+0200] {processor.py:183} INFO - Processing /usr/local/lib/python3.8/site-packages/airflow/example_dags/example_dag_decorator.py took 0.484 seconds
[2024-03-13T11:22:06.919+0200] {processor.py:161} INFO - Started process (PID=4251) to work on /usr/local/lib/python3.8/site-packages/airflow/example_dags/example_dag_decorator.py
[2024-03-13T11:22:06.920+0200] {processor.py:830} INFO - Processing file /usr/local/lib/python3.8/site-packages/airflow/example_dags/example_dag_decorator.py for tasks to queue
[2024-03-13T11:22:06.920+0200] {logging_mixin.py:188} INFO - [2024-03-13T11:22:06.920+0200] {dagbag.py:540} INFO - Filling up the DagBag from /usr/local/lib/python3.8/site-packages/airflow/example_dags/example_dag_decorator.py
[2024-03-13T11:22:07.103+0200] {processor.py:840} INFO - DAG(s) 'example_dag_decorator' retrieved from /usr/local/lib/python3.8/site-packages/airflow/example_dags/example_dag_decorator.py
[2024-03-13T11:22:07.320+0200] {logging_mixin.py:188} INFO - [2024-03-13T11:22:07.319+0200] {dag.py:3047} INFO - Sync 1 DAGs
[2024-03-13T11:22:07.340+0200] {logging_mixin.py:188} INFO - [2024-03-13T11:22:07.340+0200] {dag.py:3834} INFO - Setting next_dagrun for example_dag_decorator to None, run_after=None
[2024-03-13T11:22:07.359+0200] {processor.py:183} INFO - Processing /usr/local/lib/python3.8/site-packages/airflow/example_dags/example_dag_decorator.py took 0.442 seconds
[2024-03-13T11:23:01.842+0200] {processor.py:161} INFO - Started process (PID=4454) to work on /usr/local/lib/python3.8/site-packages/airflow/example_dags/example_dag_decorator.py
[2024-03-13T11:23:01.843+0200] {processor.py:830} INFO - Processing file /usr/local/lib/python3.8/site-packages/airflow/example_dags/example_dag_decorator.py for tasks to queue
[2024-03-13T11:23:01.844+0200] {logging_mixin.py:188} INFO - [2024-03-13T11:23:01.843+0200] {dagbag.py:540} INFO - Filling up the DagBag from /usr/local/lib/python3.8/site-packages/airflow/example_dags/example_dag_decorator.py
[2024-03-13T11:23:02.039+0200] {processor.py:840} INFO - DAG(s) 'example_dag_decorator' retrieved from /usr/local/lib/python3.8/site-packages/airflow/example_dags/example_dag_decorator.py
[2024-03-13T11:23:02.250+0200] {logging_mixin.py:188} INFO - [2024-03-13T11:23:02.250+0200] {dag.py:3047} INFO - Sync 1 DAGs
[2024-03-13T11:23:02.262+0200] {logging_mixin.py:188} INFO - [2024-03-13T11:23:02.262+0200] {dag.py:3834} INFO - Setting next_dagrun for example_dag_decorator to None, run_after=None
[2024-03-13T11:23:02.298+0200] {processor.py:183} INFO - Processing /usr/local/lib/python3.8/site-packages/airflow/example_dags/example_dag_decorator.py took 0.457 seconds
[2024-03-13T11:23:58.201+0200] {processor.py:161} INFO - Started process (PID=4652) to work on /usr/local/lib/python3.8/site-packages/airflow/example_dags/example_dag_decorator.py
[2024-03-13T11:23:58.202+0200] {processor.py:830} INFO - Processing file /usr/local/lib/python3.8/site-packages/airflow/example_dags/example_dag_decorator.py for tasks to queue
[2024-03-13T11:23:58.202+0200] {logging_mixin.py:188} INFO - [2024-03-13T11:23:58.202+0200] {dagbag.py:540} INFO - Filling up the DagBag from /usr/local/lib/python3.8/site-packages/airflow/example_dags/example_dag_decorator.py
[2024-03-13T11:23:58.396+0200] {processor.py:840} INFO - DAG(s) 'example_dag_decorator' retrieved from /usr/local/lib/python3.8/site-packages/airflow/example_dags/example_dag_decorator.py
[2024-03-13T11:23:58.645+0200] {logging_mixin.py:188} INFO - [2024-03-13T11:23:58.644+0200] {dag.py:3047} INFO - Sync 1 DAGs
[2024-03-13T11:23:58.657+0200] {logging_mixin.py:188} INFO - [2024-03-13T11:23:58.657+0200] {dag.py:3834} INFO - Setting next_dagrun for example_dag_decorator to None, run_after=None
[2024-03-13T11:23:58.693+0200] {processor.py:183} INFO - Processing /usr/local/lib/python3.8/site-packages/airflow/example_dags/example_dag_decorator.py took 0.494 seconds
[2024-03-13T11:24:58.138+0200] {processor.py:161} INFO - Started process (PID=4873) to work on /usr/local/lib/python3.8/site-packages/airflow/example_dags/example_dag_decorator.py
[2024-03-13T11:24:58.139+0200] {processor.py:830} INFO - Processing file /usr/local/lib/python3.8/site-packages/airflow/example_dags/example_dag_decorator.py for tasks to queue
[2024-03-13T11:24:58.139+0200] {logging_mixin.py:188} INFO - [2024-03-13T11:24:58.139+0200] {dagbag.py:540} INFO - Filling up the DagBag from /usr/local/lib/python3.8/site-packages/airflow/example_dags/example_dag_decorator.py
[2024-03-13T11:24:58.320+0200] {processor.py:840} INFO - DAG(s) 'example_dag_decorator' retrieved from /usr/local/lib/python3.8/site-packages/airflow/example_dags/example_dag_decorator.py
[2024-03-13T11:24:58.500+0200] {logging_mixin.py:188} INFO - [2024-03-13T11:24:58.500+0200] {dag.py:3047} INFO - Sync 1 DAGs
[2024-03-13T11:24:58.508+0200] {logging_mixin.py:188} INFO - [2024-03-13T11:24:58.508+0200] {dag.py:3834} INFO - Setting next_dagrun for example_dag_decorator to None, run_after=None
[2024-03-13T11:24:58.539+0200] {processor.py:183} INFO - Processing /usr/local/lib/python3.8/site-packages/airflow/example_dags/example_dag_decorator.py took 0.403 seconds
[2024-03-13T11:25:48.662+0200] {processor.py:161} INFO - Started process (PID=5058) to work on /usr/local/lib/python3.8/site-packages/airflow/example_dags/example_dag_decorator.py
[2024-03-13T11:25:48.663+0200] {processor.py:830} INFO - Processing file /usr/local/lib/python3.8/site-packages/airflow/example_dags/example_dag_decorator.py for tasks to queue
[2024-03-13T11:25:48.664+0200] {logging_mixin.py:188} INFO - [2024-03-13T11:25:48.664+0200] {dagbag.py:540} INFO - Filling up the DagBag from /usr/local/lib/python3.8/site-packages/airflow/example_dags/example_dag_decorator.py
[2024-03-13T11:25:48.835+0200] {processor.py:840} INFO - DAG(s) 'example_dag_decorator' retrieved from /usr/local/lib/python3.8/site-packages/airflow/example_dags/example_dag_decorator.py
[2024-03-13T11:25:49.001+0200] {logging_mixin.py:188} INFO - [2024-03-13T11:25:49.001+0200] {dag.py:3047} INFO - Sync 1 DAGs
[2024-03-13T11:25:49.010+0200] {logging_mixin.py:188} INFO - [2024-03-13T11:25:49.010+0200] {dag.py:3834} INFO - Setting next_dagrun for example_dag_decorator to None, run_after=None
[2024-03-13T11:25:49.043+0200] {processor.py:183} INFO - Processing /usr/local/lib/python3.8/site-packages/airflow/example_dags/example_dag_decorator.py took 0.382 seconds
[2024-03-13T11:26:33.178+0200] {processor.py:161} INFO - Started process (PID=5235) to work on /usr/local/lib/python3.8/site-packages/airflow/example_dags/example_dag_decorator.py
[2024-03-13T11:26:33.179+0200] {processor.py:830} INFO - Processing file /usr/local/lib/python3.8/site-packages/airflow/example_dags/example_dag_decorator.py for tasks to queue
[2024-03-13T11:26:33.179+0200] {logging_mixin.py:188} INFO - [2024-03-13T11:26:33.179+0200] {dagbag.py:540} INFO - Filling up the DagBag from /usr/local/lib/python3.8/site-packages/airflow/example_dags/example_dag_decorator.py
[2024-03-13T11:26:33.376+0200] {processor.py:840} INFO - DAG(s) 'example_dag_decorator' retrieved from /usr/local/lib/python3.8/site-packages/airflow/example_dags/example_dag_decorator.py
[2024-03-13T11:26:33.568+0200] {logging_mixin.py:188} INFO - [2024-03-13T11:26:33.568+0200] {dag.py:3047} INFO - Sync 1 DAGs
[2024-03-13T11:26:33.589+0200] {logging_mixin.py:188} INFO - [2024-03-13T11:26:33.589+0200] {dag.py:3834} INFO - Setting next_dagrun for example_dag_decorator to None, run_after=None
[2024-03-13T11:26:33.603+0200] {processor.py:183} INFO - Processing /usr/local/lib/python3.8/site-packages/airflow/example_dags/example_dag_decorator.py took 0.427 seconds
[2024-03-13T11:27:26.535+0200] {processor.py:161} INFO - Started process (PID=5439) to work on /usr/local/lib/python3.8/site-packages/airflow/example_dags/example_dag_decorator.py
[2024-03-13T11:27:26.535+0200] {processor.py:830} INFO - Processing file /usr/local/lib/python3.8/site-packages/airflow/example_dags/example_dag_decorator.py for tasks to queue
[2024-03-13T11:27:26.536+0200] {logging_mixin.py:188} INFO - [2024-03-13T11:27:26.536+0200] {dagbag.py:540} INFO - Filling up the DagBag from /usr/local/lib/python3.8/site-packages/airflow/example_dags/example_dag_decorator.py
[2024-03-13T11:27:26.710+0200] {processor.py:840} INFO - DAG(s) 'example_dag_decorator' retrieved from /usr/local/lib/python3.8/site-packages/airflow/example_dags/example_dag_decorator.py
[2024-03-13T11:27:26.906+0200] {logging_mixin.py:188} INFO - [2024-03-13T11:27:26.905+0200] {dag.py:3047} INFO - Sync 1 DAGs
[2024-03-13T11:27:26.915+0200] {logging_mixin.py:188} INFO - [2024-03-13T11:27:26.915+0200] {dag.py:3834} INFO - Setting next_dagrun for example_dag_decorator to None, run_after=None
[2024-03-13T11:27:26.946+0200] {processor.py:183} INFO - Processing /usr/local/lib/python3.8/site-packages/airflow/example_dags/example_dag_decorator.py took 0.413 seconds
[2024-03-13T11:28:12.439+0200] {processor.py:161} INFO - Started process (PID=5617) to work on /usr/local/lib/python3.8/site-packages/airflow/example_dags/example_dag_decorator.py
[2024-03-13T11:28:12.440+0200] {processor.py:830} INFO - Processing file /usr/local/lib/python3.8/site-packages/airflow/example_dags/example_dag_decorator.py for tasks to queue
[2024-03-13T11:28:12.440+0200] {logging_mixin.py:188} INFO - [2024-03-13T11:28:12.440+0200] {dagbag.py:540} INFO - Filling up the DagBag from /usr/local/lib/python3.8/site-packages/airflow/example_dags/example_dag_decorator.py
[2024-03-13T11:28:12.610+0200] {processor.py:840} INFO - DAG(s) 'example_dag_decorator' retrieved from /usr/local/lib/python3.8/site-packages/airflow/example_dags/example_dag_decorator.py
[2024-03-13T11:28:12.802+0200] {logging_mixin.py:188} INFO - [2024-03-13T11:28:12.801+0200] {dag.py:3047} INFO - Sync 1 DAGs
[2024-03-13T11:28:12.810+0200] {logging_mixin.py:188} INFO - [2024-03-13T11:28:12.810+0200] {dag.py:3834} INFO - Setting next_dagrun for example_dag_decorator to None, run_after=None
[2024-03-13T11:28:12.841+0200] {processor.py:183} INFO - Processing /usr/local/lib/python3.8/site-packages/airflow/example_dags/example_dag_decorator.py took 0.404 seconds
[2024-03-13T11:29:07.501+0200] {processor.py:161} INFO - Started process (PID=5839) to work on /usr/local/lib/python3.8/site-packages/airflow/example_dags/example_dag_decorator.py
[2024-03-13T11:29:07.503+0200] {processor.py:830} INFO - Processing file /usr/local/lib/python3.8/site-packages/airflow/example_dags/example_dag_decorator.py for tasks to queue
[2024-03-13T11:29:07.503+0200] {logging_mixin.py:188} INFO - [2024-03-13T11:29:07.503+0200] {dagbag.py:540} INFO - Filling up the DagBag from /usr/local/lib/python3.8/site-packages/airflow/example_dags/example_dag_decorator.py
[2024-03-13T11:29:07.718+0200] {processor.py:840} INFO - DAG(s) 'example_dag_decorator' retrieved from /usr/local/lib/python3.8/site-packages/airflow/example_dags/example_dag_decorator.py
[2024-03-13T11:29:07.908+0200] {logging_mixin.py:188} INFO - [2024-03-13T11:29:07.907+0200] {dag.py:3047} INFO - Sync 1 DAGs
[2024-03-13T11:29:07.917+0200] {logging_mixin.py:188} INFO - [2024-03-13T11:29:07.917+0200] {dag.py:3834} INFO - Setting next_dagrun for example_dag_decorator to None, run_after=None
[2024-03-13T11:29:07.948+0200] {processor.py:183} INFO - Processing /usr/local/lib/python3.8/site-packages/airflow/example_dags/example_dag_decorator.py took 0.448 seconds
[2024-03-13T11:30:02.615+0200] {processor.py:161} INFO - Started process (PID=6056) to work on /usr/local/lib/python3.8/site-packages/airflow/example_dags/example_dag_decorator.py
[2024-03-13T11:30:02.616+0200] {processor.py:830} INFO - Processing file /usr/local/lib/python3.8/site-packages/airflow/example_dags/example_dag_decorator.py for tasks to queue
[2024-03-13T11:30:02.617+0200] {logging_mixin.py:188} INFO - [2024-03-13T11:30:02.617+0200] {dagbag.py:540} INFO - Filling up the DagBag from /usr/local/lib/python3.8/site-packages/airflow/example_dags/example_dag_decorator.py
[2024-03-13T11:30:02.790+0200] {processor.py:840} INFO - DAG(s) 'example_dag_decorator' retrieved from /usr/local/lib/python3.8/site-packages/airflow/example_dags/example_dag_decorator.py
[2024-03-13T11:30:02.985+0200] {logging_mixin.py:188} INFO - [2024-03-13T11:30:02.985+0200] {dag.py:3047} INFO - Sync 1 DAGs
[2024-03-13T11:30:02.994+0200] {logging_mixin.py:188} INFO - [2024-03-13T11:30:02.994+0200] {dag.py:3834} INFO - Setting next_dagrun for example_dag_decorator to None, run_after=None
[2024-03-13T11:30:03.025+0200] {processor.py:183} INFO - Processing /usr/local/lib/python3.8/site-packages/airflow/example_dags/example_dag_decorator.py took 0.411 seconds
[2024-03-13T11:30:57.124+0200] {processor.py:161} INFO - Started process (PID=6263) to work on /usr/local/lib/python3.8/site-packages/airflow/example_dags/example_dag_decorator.py
[2024-03-13T11:30:57.125+0200] {processor.py:830} INFO - Processing file /usr/local/lib/python3.8/site-packages/airflow/example_dags/example_dag_decorator.py for tasks to queue
[2024-03-13T11:30:57.125+0200] {logging_mixin.py:188} INFO - [2024-03-13T11:30:57.125+0200] {dagbag.py:540} INFO - Filling up the DagBag from /usr/local/lib/python3.8/site-packages/airflow/example_dags/example_dag_decorator.py
[2024-03-13T11:30:57.324+0200] {processor.py:840} INFO - DAG(s) 'example_dag_decorator' retrieved from /usr/local/lib/python3.8/site-packages/airflow/example_dags/example_dag_decorator.py
[2024-03-13T11:30:57.529+0200] {logging_mixin.py:188} INFO - [2024-03-13T11:30:57.528+0200] {dag.py:3047} INFO - Sync 1 DAGs
[2024-03-13T11:30:57.537+0200] {logging_mixin.py:188} INFO - [2024-03-13T11:30:57.536+0200] {dag.py:3834} INFO - Setting next_dagrun for example_dag_decorator to None, run_after=None
[2024-03-13T11:30:57.551+0200] {processor.py:183} INFO - Processing /usr/local/lib/python3.8/site-packages/airflow/example_dags/example_dag_decorator.py took 0.428 seconds
[2024-03-13T11:31:53.444+0200] {processor.py:161} INFO - Started process (PID=6489) to work on /usr/local/lib/python3.8/site-packages/airflow/example_dags/example_dag_decorator.py
[2024-03-13T11:31:53.445+0200] {processor.py:830} INFO - Processing file /usr/local/lib/python3.8/site-packages/airflow/example_dags/example_dag_decorator.py for tasks to queue
[2024-03-13T11:31:53.446+0200] {logging_mixin.py:188} INFO - [2024-03-13T11:31:53.446+0200] {dagbag.py:540} INFO - Filling up the DagBag from /usr/local/lib/python3.8/site-packages/airflow/example_dags/example_dag_decorator.py
[2024-03-13T11:31:53.617+0200] {processor.py:840} INFO - DAG(s) 'example_dag_decorator' retrieved from /usr/local/lib/python3.8/site-packages/airflow/example_dags/example_dag_decorator.py
[2024-03-13T11:31:53.790+0200] {logging_mixin.py:188} INFO - [2024-03-13T11:31:53.789+0200] {dag.py:3047} INFO - Sync 1 DAGs
[2024-03-13T11:31:53.798+0200] {logging_mixin.py:188} INFO - [2024-03-13T11:31:53.798+0200] {dag.py:3834} INFO - Setting next_dagrun for example_dag_decorator to None, run_after=None
[2024-03-13T11:31:53.828+0200] {processor.py:183} INFO - Processing /usr/local/lib/python3.8/site-packages/airflow/example_dags/example_dag_decorator.py took 0.385 seconds
[2024-03-13T11:32:49.779+0200] {processor.py:161} INFO - Started process (PID=6716) to work on /usr/local/lib/python3.8/site-packages/airflow/example_dags/example_dag_decorator.py
[2024-03-13T11:32:49.780+0200] {processor.py:830} INFO - Processing file /usr/local/lib/python3.8/site-packages/airflow/example_dags/example_dag_decorator.py for tasks to queue
[2024-03-13T11:32:49.781+0200] {logging_mixin.py:188} INFO - [2024-03-13T11:32:49.781+0200] {dagbag.py:540} INFO - Filling up the DagBag from /usr/local/lib/python3.8/site-packages/airflow/example_dags/example_dag_decorator.py
[2024-03-13T11:32:49.974+0200] {processor.py:840} INFO - DAG(s) 'example_dag_decorator' retrieved from /usr/local/lib/python3.8/site-packages/airflow/example_dags/example_dag_decorator.py
[2024-03-13T11:32:50.146+0200] {logging_mixin.py:188} INFO - [2024-03-13T11:32:50.146+0200] {dag.py:3047} INFO - Sync 1 DAGs
[2024-03-13T11:32:50.171+0200] {logging_mixin.py:188} INFO - [2024-03-13T11:32:50.170+0200] {dag.py:3834} INFO - Setting next_dagrun for example_dag_decorator to None, run_after=None
[2024-03-13T11:32:50.185+0200] {processor.py:183} INFO - Processing /usr/local/lib/python3.8/site-packages/airflow/example_dags/example_dag_decorator.py took 0.408 seconds
[2024-03-13T11:33:35.259+0200] {processor.py:161} INFO - Started process (PID=6914) to work on /usr/local/lib/python3.8/site-packages/airflow/example_dags/example_dag_decorator.py
[2024-03-13T11:33:35.259+0200] {processor.py:830} INFO - Processing file /usr/local/lib/python3.8/site-packages/airflow/example_dags/example_dag_decorator.py for tasks to queue
[2024-03-13T11:33:35.260+0200] {logging_mixin.py:188} INFO - [2024-03-13T11:33:35.260+0200] {dagbag.py:540} INFO - Filling up the DagBag from /usr/local/lib/python3.8/site-packages/airflow/example_dags/example_dag_decorator.py
[2024-03-13T11:33:35.436+0200] {processor.py:840} INFO - DAG(s) 'example_dag_decorator' retrieved from /usr/local/lib/python3.8/site-packages/airflow/example_dags/example_dag_decorator.py
[2024-03-13T11:33:35.640+0200] {logging_mixin.py:188} INFO - [2024-03-13T11:33:35.639+0200] {dag.py:3047} INFO - Sync 1 DAGs
[2024-03-13T11:33:35.648+0200] {logging_mixin.py:188} INFO - [2024-03-13T11:33:35.648+0200] {dag.py:3834} INFO - Setting next_dagrun for example_dag_decorator to None, run_after=None
[2024-03-13T11:33:35.678+0200] {processor.py:183} INFO - Processing /usr/local/lib/python3.8/site-packages/airflow/example_dags/example_dag_decorator.py took 0.421 seconds
[2024-03-13T11:34:31.502+0200] {processor.py:161} INFO - Started process (PID=7127) to work on /usr/local/lib/python3.8/site-packages/airflow/example_dags/example_dag_decorator.py
[2024-03-13T11:34:31.503+0200] {processor.py:830} INFO - Processing file /usr/local/lib/python3.8/site-packages/airflow/example_dags/example_dag_decorator.py for tasks to queue
[2024-03-13T11:34:31.503+0200] {logging_mixin.py:188} INFO - [2024-03-13T11:34:31.503+0200] {dagbag.py:540} INFO - Filling up the DagBag from /usr/local/lib/python3.8/site-packages/airflow/example_dags/example_dag_decorator.py
[2024-03-13T11:34:31.683+0200] {processor.py:840} INFO - DAG(s) 'example_dag_decorator' retrieved from /usr/local/lib/python3.8/site-packages/airflow/example_dags/example_dag_decorator.py
[2024-03-13T11:34:31.891+0200] {logging_mixin.py:188} INFO - [2024-03-13T11:34:31.891+0200] {dag.py:3047} INFO - Sync 1 DAGs
[2024-03-13T11:34:31.900+0200] {logging_mixin.py:188} INFO - [2024-03-13T11:34:31.900+0200] {dag.py:3834} INFO - Setting next_dagrun for example_dag_decorator to None, run_after=None
[2024-03-13T11:34:31.935+0200] {processor.py:183} INFO - Processing /usr/local/lib/python3.8/site-packages/airflow/example_dags/example_dag_decorator.py took 0.434 seconds
