[2024-03-13T11:09:32.360+0200] {processor.py:161} INFO - Started process (PID=1918) to work on /usr/local/lib/python3.8/site-packages/airflow/example_dags/example_setup_teardown.py
[2024-03-13T11:09:32.361+0200] {processor.py:830} INFO - Processing file /usr/local/lib/python3.8/site-packages/airflow/example_dags/example_setup_teardown.py for tasks to queue
[2024-03-13T11:09:32.362+0200] {logging_mixin.py:188} INFO - [2024-03-13T11:09:32.361+0200] {dagbag.py:540} INFO - Filling up the DagBag from /usr/local/lib/python3.8/site-packages/airflow/example_dags/example_setup_teardown.py
[2024-03-13T11:09:32.371+0200] {processor.py:840} INFO - DAG(s) 'example_setup_teardown' retrieved from /usr/local/lib/python3.8/site-packages/airflow/example_dags/example_setup_teardown.py
[2024-03-13T11:09:32.600+0200] {logging_mixin.py:188} INFO - [2024-03-13T11:09:32.599+0200] {override.py:1769} INFO - Created Permission View: can read on DAG:example_setup_teardown
[2024-03-13T11:09:32.606+0200] {logging_mixin.py:188} INFO - [2024-03-13T11:09:32.606+0200] {override.py:1769} INFO - Created Permission View: can delete on DAG:example_setup_teardown
[2024-03-13T11:09:32.610+0200] {logging_mixin.py:188} INFO - [2024-03-13T11:09:32.610+0200] {override.py:1769} INFO - Created Permission View: can edit on DAG:example_setup_teardown
[2024-03-13T11:09:32.611+0200] {logging_mixin.py:188} INFO - [2024-03-13T11:09:32.610+0200] {dag.py:3047} INFO - Sync 1 DAGs
[2024-03-13T11:09:32.620+0200] {logging_mixin.py:188} INFO - [2024-03-13T11:09:32.620+0200] {dag.py:3069} INFO - Creating ORM DAG for example_setup_teardown
[2024-03-13T11:09:32.627+0200] {logging_mixin.py:188} INFO - [2024-03-13T11:09:32.627+0200] {dag.py:3834} INFO - Setting next_dagrun for example_setup_teardown to 2024-03-12 00:00:00+00:00, run_after=2024-03-13 00:00:00+00:00
[2024-03-13T11:09:32.639+0200] {processor.py:183} INFO - Processing /usr/local/lib/python3.8/site-packages/airflow/example_dags/example_setup_teardown.py took 0.281 seconds
[2024-03-13T11:10:23.714+0200] {processor.py:161} INFO - Started process (PID=2104) to work on /usr/local/lib/python3.8/site-packages/airflow/example_dags/example_setup_teardown.py
[2024-03-13T11:10:23.716+0200] {processor.py:830} INFO - Processing file /usr/local/lib/python3.8/site-packages/airflow/example_dags/example_setup_teardown.py for tasks to queue
[2024-03-13T11:10:23.717+0200] {logging_mixin.py:188} INFO - [2024-03-13T11:10:23.717+0200] {dagbag.py:540} INFO - Filling up the DagBag from /usr/local/lib/python3.8/site-packages/airflow/example_dags/example_setup_teardown.py
[2024-03-13T11:10:23.725+0200] {processor.py:840} INFO - DAG(s) 'example_setup_teardown' retrieved from /usr/local/lib/python3.8/site-packages/airflow/example_dags/example_setup_teardown.py
[2024-03-13T11:10:23.875+0200] {logging_mixin.py:188} INFO - [2024-03-13T11:10:23.874+0200] {dag.py:3047} INFO - Sync 1 DAGs
[2024-03-13T11:10:23.897+0200] {logging_mixin.py:188} INFO - [2024-03-13T11:10:23.896+0200] {dag.py:3834} INFO - Setting next_dagrun for example_setup_teardown to 2024-03-12 00:00:00+00:00, run_after=2024-03-13 00:00:00+00:00
[2024-03-13T11:10:23.913+0200] {processor.py:183} INFO - Processing /usr/local/lib/python3.8/site-packages/airflow/example_dags/example_setup_teardown.py took 0.201 seconds
[2024-03-13T11:11:18.038+0200] {processor.py:161} INFO - Started process (PID=2312) to work on /usr/local/lib/python3.8/site-packages/airflow/example_dags/example_setup_teardown.py
[2024-03-13T11:11:18.039+0200] {processor.py:830} INFO - Processing file /usr/local/lib/python3.8/site-packages/airflow/example_dags/example_setup_teardown.py for tasks to queue
[2024-03-13T11:11:18.040+0200] {logging_mixin.py:188} INFO - [2024-03-13T11:11:18.040+0200] {dagbag.py:540} INFO - Filling up the DagBag from /usr/local/lib/python3.8/site-packages/airflow/example_dags/example_setup_teardown.py
[2024-03-13T11:11:18.047+0200] {processor.py:840} INFO - DAG(s) 'example_setup_teardown' retrieved from /usr/local/lib/python3.8/site-packages/airflow/example_dags/example_setup_teardown.py
[2024-03-13T11:11:18.186+0200] {logging_mixin.py:188} INFO - [2024-03-13T11:11:18.186+0200] {dag.py:3047} INFO - Sync 1 DAGs
[2024-03-13T11:11:18.206+0200] {logging_mixin.py:188} INFO - [2024-03-13T11:11:18.206+0200] {dag.py:3834} INFO - Setting next_dagrun for example_setup_teardown to 2024-03-12 00:00:00+00:00, run_after=2024-03-13 00:00:00+00:00
[2024-03-13T11:11:18.220+0200] {processor.py:183} INFO - Processing /usr/local/lib/python3.8/site-packages/airflow/example_dags/example_setup_teardown.py took 0.184 seconds
[2024-03-13T11:12:08.081+0200] {processor.py:161} INFO - Started process (PID=2506) to work on /usr/local/lib/python3.8/site-packages/airflow/example_dags/example_setup_teardown.py
[2024-03-13T11:12:08.082+0200] {processor.py:830} INFO - Processing file /usr/local/lib/python3.8/site-packages/airflow/example_dags/example_setup_teardown.py for tasks to queue
[2024-03-13T11:12:08.083+0200] {logging_mixin.py:188} INFO - [2024-03-13T11:12:08.083+0200] {dagbag.py:540} INFO - Filling up the DagBag from /usr/local/lib/python3.8/site-packages/airflow/example_dags/example_setup_teardown.py
[2024-03-13T11:12:08.092+0200] {processor.py:840} INFO - DAG(s) 'example_setup_teardown' retrieved from /usr/local/lib/python3.8/site-packages/airflow/example_dags/example_setup_teardown.py
[2024-03-13T11:12:08.270+0200] {logging_mixin.py:188} INFO - [2024-03-13T11:12:08.270+0200] {dag.py:3047} INFO - Sync 1 DAGs
[2024-03-13T11:12:08.294+0200] {logging_mixin.py:188} INFO - [2024-03-13T11:12:08.294+0200] {dag.py:3834} INFO - Setting next_dagrun for example_setup_teardown to 2024-03-12 00:00:00+00:00, run_after=2024-03-13 00:00:00+00:00
[2024-03-13T11:12:08.315+0200] {processor.py:183} INFO - Processing /usr/local/lib/python3.8/site-packages/airflow/example_dags/example_setup_teardown.py took 0.235 seconds
[2024-03-13T11:13:02.220+0200] {processor.py:161} INFO - Started process (PID=2696) to work on /usr/local/lib/python3.8/site-packages/airflow/example_dags/example_setup_teardown.py
[2024-03-13T11:13:02.221+0200] {processor.py:830} INFO - Processing file /usr/local/lib/python3.8/site-packages/airflow/example_dags/example_setup_teardown.py for tasks to queue
[2024-03-13T11:13:02.221+0200] {logging_mixin.py:188} INFO - [2024-03-13T11:13:02.221+0200] {dagbag.py:540} INFO - Filling up the DagBag from /usr/local/lib/python3.8/site-packages/airflow/example_dags/example_setup_teardown.py
[2024-03-13T11:13:02.228+0200] {processor.py:840} INFO - DAG(s) 'example_setup_teardown' retrieved from /usr/local/lib/python3.8/site-packages/airflow/example_dags/example_setup_teardown.py
[2024-03-13T11:13:02.392+0200] {logging_mixin.py:188} INFO - [2024-03-13T11:13:02.392+0200] {dag.py:3047} INFO - Sync 1 DAGs
[2024-03-13T11:13:02.413+0200] {logging_mixin.py:188} INFO - [2024-03-13T11:13:02.413+0200] {dag.py:3834} INFO - Setting next_dagrun for example_setup_teardown to 2024-03-12 00:00:00+00:00, run_after=2024-03-13 00:00:00+00:00
[2024-03-13T11:13:02.442+0200] {processor.py:183} INFO - Processing /usr/local/lib/python3.8/site-packages/airflow/example_dags/example_setup_teardown.py took 0.223 seconds
[2024-03-13T11:18:18.558+0200] {processor.py:161} INFO - Started process (PID=3354) to work on /usr/local/lib/python3.8/site-packages/airflow/example_dags/example_setup_teardown.py
[2024-03-13T11:18:18.559+0200] {processor.py:830} INFO - Processing file /usr/local/lib/python3.8/site-packages/airflow/example_dags/example_setup_teardown.py for tasks to queue
[2024-03-13T11:18:18.560+0200] {logging_mixin.py:188} INFO - [2024-03-13T11:18:18.559+0200] {dagbag.py:540} INFO - Filling up the DagBag from /usr/local/lib/python3.8/site-packages/airflow/example_dags/example_setup_teardown.py
[2024-03-13T11:18:18.566+0200] {processor.py:840} INFO - DAG(s) 'example_setup_teardown' retrieved from /usr/local/lib/python3.8/site-packages/airflow/example_dags/example_setup_teardown.py
[2024-03-13T11:18:18.712+0200] {logging_mixin.py:188} INFO - [2024-03-13T11:18:18.711+0200] {dag.py:3047} INFO - Sync 1 DAGs
[2024-03-13T11:18:18.733+0200] {logging_mixin.py:188} INFO - [2024-03-13T11:18:18.733+0200] {dag.py:3834} INFO - Setting next_dagrun for example_setup_teardown to 2024-03-12 00:00:00+00:00, run_after=2024-03-13 00:00:00+00:00
[2024-03-13T11:18:18.749+0200] {processor.py:183} INFO - Processing /usr/local/lib/python3.8/site-packages/airflow/example_dags/example_setup_teardown.py took 0.192 seconds
[2024-03-13T11:19:07.576+0200] {processor.py:161} INFO - Started process (PID=3540) to work on /usr/local/lib/python3.8/site-packages/airflow/example_dags/example_setup_teardown.py
[2024-03-13T11:19:07.577+0200] {processor.py:830} INFO - Processing file /usr/local/lib/python3.8/site-packages/airflow/example_dags/example_setup_teardown.py for tasks to queue
[2024-03-13T11:19:07.578+0200] {logging_mixin.py:188} INFO - [2024-03-13T11:19:07.578+0200] {dagbag.py:540} INFO - Filling up the DagBag from /usr/local/lib/python3.8/site-packages/airflow/example_dags/example_setup_teardown.py
[2024-03-13T11:19:07.586+0200] {processor.py:840} INFO - DAG(s) 'example_setup_teardown' retrieved from /usr/local/lib/python3.8/site-packages/airflow/example_dags/example_setup_teardown.py
[2024-03-13T11:19:07.738+0200] {logging_mixin.py:188} INFO - [2024-03-13T11:19:07.738+0200] {dag.py:3047} INFO - Sync 1 DAGs
[2024-03-13T11:19:07.760+0200] {logging_mixin.py:188} INFO - [2024-03-13T11:19:07.760+0200] {dag.py:3834} INFO - Setting next_dagrun for example_setup_teardown to 2024-03-12 00:00:00+00:00, run_after=2024-03-13 00:00:00+00:00
[2024-03-13T11:19:07.775+0200] {processor.py:183} INFO - Processing /usr/local/lib/python3.8/site-packages/airflow/example_dags/example_setup_teardown.py took 0.200 seconds
[2024-03-13T11:20:02.736+0200] {processor.py:161} INFO - Started process (PID=3757) to work on /usr/local/lib/python3.8/site-packages/airflow/example_dags/example_setup_teardown.py
[2024-03-13T11:20:02.737+0200] {processor.py:830} INFO - Processing file /usr/local/lib/python3.8/site-packages/airflow/example_dags/example_setup_teardown.py for tasks to queue
[2024-03-13T11:20:02.738+0200] {logging_mixin.py:188} INFO - [2024-03-13T11:20:02.738+0200] {dagbag.py:540} INFO - Filling up the DagBag from /usr/local/lib/python3.8/site-packages/airflow/example_dags/example_setup_teardown.py
[2024-03-13T11:20:02.745+0200] {processor.py:840} INFO - DAG(s) 'example_setup_teardown' retrieved from /usr/local/lib/python3.8/site-packages/airflow/example_dags/example_setup_teardown.py
[2024-03-13T11:20:02.885+0200] {logging_mixin.py:188} INFO - [2024-03-13T11:20:02.885+0200] {dag.py:3047} INFO - Sync 1 DAGs
[2024-03-13T11:20:02.906+0200] {logging_mixin.py:188} INFO - [2024-03-13T11:20:02.906+0200] {dag.py:3834} INFO - Setting next_dagrun for example_setup_teardown to 2024-03-12 00:00:00+00:00, run_after=2024-03-13 00:00:00+00:00
[2024-03-13T11:20:02.920+0200] {processor.py:183} INFO - Processing /usr/local/lib/python3.8/site-packages/airflow/example_dags/example_setup_teardown.py took 0.186 seconds
[2024-03-13T11:20:59.755+0200] {processor.py:161} INFO - Started process (PID=3989) to work on /usr/local/lib/python3.8/site-packages/airflow/example_dags/example_setup_teardown.py
[2024-03-13T11:20:59.756+0200] {processor.py:830} INFO - Processing file /usr/local/lib/python3.8/site-packages/airflow/example_dags/example_setup_teardown.py for tasks to queue
[2024-03-13T11:20:59.757+0200] {logging_mixin.py:188} INFO - [2024-03-13T11:20:59.757+0200] {dagbag.py:540} INFO - Filling up the DagBag from /usr/local/lib/python3.8/site-packages/airflow/example_dags/example_setup_teardown.py
[2024-03-13T11:20:59.765+0200] {processor.py:840} INFO - DAG(s) 'example_setup_teardown' retrieved from /usr/local/lib/python3.8/site-packages/airflow/example_dags/example_setup_teardown.py
[2024-03-13T11:20:59.910+0200] {logging_mixin.py:188} INFO - [2024-03-13T11:20:59.910+0200] {dag.py:3047} INFO - Sync 1 DAGs
[2024-03-13T11:20:59.949+0200] {logging_mixin.py:188} INFO - [2024-03-13T11:20:59.948+0200] {dag.py:3834} INFO - Setting next_dagrun for example_setup_teardown to 2024-03-12 00:00:00+00:00, run_after=2024-03-13 00:00:00+00:00
[2024-03-13T11:20:59.963+0200] {processor.py:183} INFO - Processing /usr/local/lib/python3.8/site-packages/airflow/example_dags/example_setup_teardown.py took 0.209 seconds
[2024-03-13T11:21:49.760+0200] {processor.py:161} INFO - Started process (PID=4186) to work on /usr/local/lib/python3.8/site-packages/airflow/example_dags/example_setup_teardown.py
[2024-03-13T11:21:49.761+0200] {processor.py:830} INFO - Processing file /usr/local/lib/python3.8/site-packages/airflow/example_dags/example_setup_teardown.py for tasks to queue
[2024-03-13T11:21:49.762+0200] {logging_mixin.py:188} INFO - [2024-03-13T11:21:49.762+0200] {dagbag.py:540} INFO - Filling up the DagBag from /usr/local/lib/python3.8/site-packages/airflow/example_dags/example_setup_teardown.py
[2024-03-13T11:21:49.771+0200] {processor.py:840} INFO - DAG(s) 'example_setup_teardown' retrieved from /usr/local/lib/python3.8/site-packages/airflow/example_dags/example_setup_teardown.py
[2024-03-13T11:21:49.938+0200] {logging_mixin.py:188} INFO - [2024-03-13T11:21:49.937+0200] {dag.py:3047} INFO - Sync 1 DAGs
[2024-03-13T11:21:49.957+0200] {logging_mixin.py:188} INFO - [2024-03-13T11:21:49.957+0200] {dag.py:3834} INFO - Setting next_dagrun for example_setup_teardown to 2024-03-12 00:00:00+00:00, run_after=2024-03-13 00:00:00+00:00
[2024-03-13T11:21:49.987+0200] {processor.py:183} INFO - Processing /usr/local/lib/python3.8/site-packages/airflow/example_dags/example_setup_teardown.py took 0.229 seconds
[2024-03-13T11:22:38.682+0200] {processor.py:161} INFO - Started process (PID=4369) to work on /usr/local/lib/python3.8/site-packages/airflow/example_dags/example_setup_teardown.py
[2024-03-13T11:22:38.682+0200] {processor.py:830} INFO - Processing file /usr/local/lib/python3.8/site-packages/airflow/example_dags/example_setup_teardown.py for tasks to queue
[2024-03-13T11:22:38.683+0200] {logging_mixin.py:188} INFO - [2024-03-13T11:22:38.683+0200] {dagbag.py:540} INFO - Filling up the DagBag from /usr/local/lib/python3.8/site-packages/airflow/example_dags/example_setup_teardown.py
[2024-03-13T11:22:38.690+0200] {processor.py:840} INFO - DAG(s) 'example_setup_teardown' retrieved from /usr/local/lib/python3.8/site-packages/airflow/example_dags/example_setup_teardown.py
[2024-03-13T11:22:38.838+0200] {logging_mixin.py:188} INFO - [2024-03-13T11:22:38.837+0200] {dag.py:3047} INFO - Sync 1 DAGs
[2024-03-13T11:22:38.856+0200] {logging_mixin.py:188} INFO - [2024-03-13T11:22:38.856+0200] {dag.py:3834} INFO - Setting next_dagrun for example_setup_teardown to 2024-03-12 00:00:00+00:00, run_after=2024-03-13 00:00:00+00:00
[2024-03-13T11:22:38.888+0200] {processor.py:183} INFO - Processing /usr/local/lib/python3.8/site-packages/airflow/example_dags/example_setup_teardown.py took 0.207 seconds
[2024-03-13T11:23:35.421+0200] {processor.py:161} INFO - Started process (PID=4578) to work on /usr/local/lib/python3.8/site-packages/airflow/example_dags/example_setup_teardown.py
[2024-03-13T11:23:35.422+0200] {processor.py:830} INFO - Processing file /usr/local/lib/python3.8/site-packages/airflow/example_dags/example_setup_teardown.py for tasks to queue
[2024-03-13T11:23:35.423+0200] {logging_mixin.py:188} INFO - [2024-03-13T11:23:35.423+0200] {dagbag.py:540} INFO - Filling up the DagBag from /usr/local/lib/python3.8/site-packages/airflow/example_dags/example_setup_teardown.py
[2024-03-13T11:23:35.431+0200] {processor.py:840} INFO - DAG(s) 'example_setup_teardown' retrieved from /usr/local/lib/python3.8/site-packages/airflow/example_dags/example_setup_teardown.py
[2024-03-13T11:23:35.595+0200] {logging_mixin.py:188} INFO - [2024-03-13T11:23:35.595+0200] {dag.py:3047} INFO - Sync 1 DAGs
[2024-03-13T11:23:35.619+0200] {logging_mixin.py:188} INFO - [2024-03-13T11:23:35.619+0200] {dag.py:3834} INFO - Setting next_dagrun for example_setup_teardown to 2024-03-12 00:00:00+00:00, run_after=2024-03-13 00:00:00+00:00
[2024-03-13T11:23:35.653+0200] {processor.py:183} INFO - Processing /usr/local/lib/python3.8/site-packages/airflow/example_dags/example_setup_teardown.py took 0.233 seconds
[2024-03-13T11:24:33.863+0200] {processor.py:161} INFO - Started process (PID=4784) to work on /usr/local/lib/python3.8/site-packages/airflow/example_dags/example_setup_teardown.py
[2024-03-13T11:24:33.864+0200] {processor.py:830} INFO - Processing file /usr/local/lib/python3.8/site-packages/airflow/example_dags/example_setup_teardown.py for tasks to queue
[2024-03-13T11:24:33.864+0200] {logging_mixin.py:188} INFO - [2024-03-13T11:24:33.864+0200] {dagbag.py:540} INFO - Filling up the DagBag from /usr/local/lib/python3.8/site-packages/airflow/example_dags/example_setup_teardown.py
[2024-03-13T11:24:33.874+0200] {processor.py:840} INFO - DAG(s) 'example_setup_teardown' retrieved from /usr/local/lib/python3.8/site-packages/airflow/example_dags/example_setup_teardown.py
[2024-03-13T11:24:34.038+0200] {logging_mixin.py:188} INFO - [2024-03-13T11:24:34.037+0200] {dag.py:3047} INFO - Sync 1 DAGs
[2024-03-13T11:24:34.062+0200] {logging_mixin.py:188} INFO - [2024-03-13T11:24:34.062+0200] {dag.py:3834} INFO - Setting next_dagrun for example_setup_teardown to 2024-03-12 00:00:00+00:00, run_after=2024-03-13 00:00:00+00:00
[2024-03-13T11:24:34.097+0200] {processor.py:183} INFO - Processing /usr/local/lib/python3.8/site-packages/airflow/example_dags/example_setup_teardown.py took 0.236 seconds
[2024-03-13T11:25:23.812+0200] {processor.py:161} INFO - Started process (PID=4960) to work on /usr/local/lib/python3.8/site-packages/airflow/example_dags/example_setup_teardown.py
[2024-03-13T11:25:23.813+0200] {processor.py:830} INFO - Processing file /usr/local/lib/python3.8/site-packages/airflow/example_dags/example_setup_teardown.py for tasks to queue
[2024-03-13T11:25:23.814+0200] {logging_mixin.py:188} INFO - [2024-03-13T11:25:23.814+0200] {dagbag.py:540} INFO - Filling up the DagBag from /usr/local/lib/python3.8/site-packages/airflow/example_dags/example_setup_teardown.py
[2024-03-13T11:25:23.822+0200] {processor.py:840} INFO - DAG(s) 'example_setup_teardown' retrieved from /usr/local/lib/python3.8/site-packages/airflow/example_dags/example_setup_teardown.py
[2024-03-13T11:25:23.970+0200] {logging_mixin.py:188} INFO - [2024-03-13T11:25:23.969+0200] {dag.py:3047} INFO - Sync 1 DAGs
[2024-03-13T11:25:23.998+0200] {logging_mixin.py:188} INFO - [2024-03-13T11:25:23.998+0200] {dag.py:3834} INFO - Setting next_dagrun for example_setup_teardown to 2024-03-12 00:00:00+00:00, run_after=2024-03-13 00:00:00+00:00
[2024-03-13T11:25:24.014+0200] {processor.py:183} INFO - Processing /usr/local/lib/python3.8/site-packages/airflow/example_dags/example_setup_teardown.py took 0.204 seconds
[2024-03-13T11:26:10.073+0200] {processor.py:161} INFO - Started process (PID=5137) to work on /usr/local/lib/python3.8/site-packages/airflow/example_dags/example_setup_teardown.py
[2024-03-13T11:26:10.074+0200] {processor.py:830} INFO - Processing file /usr/local/lib/python3.8/site-packages/airflow/example_dags/example_setup_teardown.py for tasks to queue
[2024-03-13T11:26:10.075+0200] {logging_mixin.py:188} INFO - [2024-03-13T11:26:10.075+0200] {dagbag.py:540} INFO - Filling up the DagBag from /usr/local/lib/python3.8/site-packages/airflow/example_dags/example_setup_teardown.py
[2024-03-13T11:26:10.084+0200] {processor.py:840} INFO - DAG(s) 'example_setup_teardown' retrieved from /usr/local/lib/python3.8/site-packages/airflow/example_dags/example_setup_teardown.py
[2024-03-13T11:26:10.239+0200] {logging_mixin.py:188} INFO - [2024-03-13T11:26:10.239+0200] {dag.py:3047} INFO - Sync 1 DAGs
[2024-03-13T11:26:10.263+0200] {logging_mixin.py:188} INFO - [2024-03-13T11:26:10.262+0200] {dag.py:3834} INFO - Setting next_dagrun for example_setup_teardown to 2024-03-12 00:00:00+00:00, run_after=2024-03-13 00:00:00+00:00
[2024-03-13T11:26:10.298+0200] {processor.py:183} INFO - Processing /usr/local/lib/python3.8/site-packages/airflow/example_dags/example_setup_teardown.py took 0.227 seconds
[2024-03-13T11:27:00.713+0200] {processor.py:161} INFO - Started process (PID=5342) to work on /usr/local/lib/python3.8/site-packages/airflow/example_dags/example_setup_teardown.py
[2024-03-13T11:27:00.714+0200] {processor.py:830} INFO - Processing file /usr/local/lib/python3.8/site-packages/airflow/example_dags/example_setup_teardown.py for tasks to queue
[2024-03-13T11:27:00.715+0200] {logging_mixin.py:188} INFO - [2024-03-13T11:27:00.714+0200] {dagbag.py:540} INFO - Filling up the DagBag from /usr/local/lib/python3.8/site-packages/airflow/example_dags/example_setup_teardown.py
[2024-03-13T11:27:00.721+0200] {processor.py:840} INFO - DAG(s) 'example_setup_teardown' retrieved from /usr/local/lib/python3.8/site-packages/airflow/example_dags/example_setup_teardown.py
[2024-03-13T11:27:00.863+0200] {logging_mixin.py:188} INFO - [2024-03-13T11:27:00.862+0200] {dag.py:3047} INFO - Sync 1 DAGs
[2024-03-13T11:27:00.900+0200] {logging_mixin.py:188} INFO - [2024-03-13T11:27:00.900+0200] {dag.py:3834} INFO - Setting next_dagrun for example_setup_teardown to 2024-03-12 00:00:00+00:00, run_after=2024-03-13 00:00:00+00:00
[2024-03-13T11:27:00.915+0200] {processor.py:183} INFO - Processing /usr/local/lib/python3.8/site-packages/airflow/example_dags/example_setup_teardown.py took 0.203 seconds
[2024-03-13T11:27:50.939+0200] {processor.py:161} INFO - Started process (PID=5537) to work on /usr/local/lib/python3.8/site-packages/airflow/example_dags/example_setup_teardown.py
[2024-03-13T11:27:50.940+0200] {processor.py:830} INFO - Processing file /usr/local/lib/python3.8/site-packages/airflow/example_dags/example_setup_teardown.py for tasks to queue
[2024-03-13T11:27:50.941+0200] {logging_mixin.py:188} INFO - [2024-03-13T11:27:50.941+0200] {dagbag.py:540} INFO - Filling up the DagBag from /usr/local/lib/python3.8/site-packages/airflow/example_dags/example_setup_teardown.py
[2024-03-13T11:27:50.948+0200] {processor.py:840} INFO - DAG(s) 'example_setup_teardown' retrieved from /usr/local/lib/python3.8/site-packages/airflow/example_dags/example_setup_teardown.py
[2024-03-13T11:27:51.099+0200] {logging_mixin.py:188} INFO - [2024-03-13T11:27:51.098+0200] {dag.py:3047} INFO - Sync 1 DAGs
[2024-03-13T11:27:51.119+0200] {logging_mixin.py:188} INFO - [2024-03-13T11:27:51.118+0200] {dag.py:3834} INFO - Setting next_dagrun for example_setup_teardown to 2024-03-12 00:00:00+00:00, run_after=2024-03-13 00:00:00+00:00
[2024-03-13T11:27:51.149+0200] {processor.py:183} INFO - Processing /usr/local/lib/python3.8/site-packages/airflow/example_dags/example_setup_teardown.py took 0.212 seconds
[2024-03-13T11:28:34.693+0200] {processor.py:161} INFO - Started process (PID=5708) to work on /usr/local/lib/python3.8/site-packages/airflow/example_dags/example_setup_teardown.py
[2024-03-13T11:28:34.694+0200] {processor.py:830} INFO - Processing file /usr/local/lib/python3.8/site-packages/airflow/example_dags/example_setup_teardown.py for tasks to queue
[2024-03-13T11:28:34.694+0200] {logging_mixin.py:188} INFO - [2024-03-13T11:28:34.694+0200] {dagbag.py:540} INFO - Filling up the DagBag from /usr/local/lib/python3.8/site-packages/airflow/example_dags/example_setup_teardown.py
[2024-03-13T11:28:34.701+0200] {processor.py:840} INFO - DAG(s) 'example_setup_teardown' retrieved from /usr/local/lib/python3.8/site-packages/airflow/example_dags/example_setup_teardown.py
[2024-03-13T11:28:34.849+0200] {logging_mixin.py:188} INFO - [2024-03-13T11:28:34.849+0200] {dag.py:3047} INFO - Sync 1 DAGs
[2024-03-13T11:28:34.869+0200] {logging_mixin.py:188} INFO - [2024-03-13T11:28:34.869+0200] {dag.py:3834} INFO - Setting next_dagrun for example_setup_teardown to 2024-03-12 00:00:00+00:00, run_after=2024-03-13 00:00:00+00:00
[2024-03-13T11:28:34.899+0200] {processor.py:183} INFO - Processing /usr/local/lib/python3.8/site-packages/airflow/example_dags/example_setup_teardown.py took 0.207 seconds
[2024-03-13T11:29:15.630+0200] {processor.py:161} INFO - Started process (PID=5871) to work on /usr/local/lib/python3.8/site-packages/airflow/example_dags/example_setup_teardown.py
[2024-03-13T11:29:15.630+0200] {processor.py:830} INFO - Processing file /usr/local/lib/python3.8/site-packages/airflow/example_dags/example_setup_teardown.py for tasks to queue
[2024-03-13T11:29:15.631+0200] {logging_mixin.py:188} INFO - [2024-03-13T11:29:15.631+0200] {dagbag.py:540} INFO - Filling up the DagBag from /usr/local/lib/python3.8/site-packages/airflow/example_dags/example_setup_teardown.py
[2024-03-13T11:29:15.637+0200] {processor.py:840} INFO - DAG(s) 'example_setup_teardown' retrieved from /usr/local/lib/python3.8/site-packages/airflow/example_dags/example_setup_teardown.py
[2024-03-13T11:29:15.783+0200] {logging_mixin.py:188} INFO - [2024-03-13T11:29:15.782+0200] {dag.py:3047} INFO - Sync 1 DAGs
[2024-03-13T11:29:15.803+0200] {logging_mixin.py:188} INFO - [2024-03-13T11:29:15.803+0200] {dag.py:3834} INFO - Setting next_dagrun for example_setup_teardown to 2024-03-12 00:00:00+00:00, run_after=2024-03-13 00:00:00+00:00
[2024-03-13T11:29:15.834+0200] {processor.py:183} INFO - Processing /usr/local/lib/python3.8/site-packages/airflow/example_dags/example_setup_teardown.py took 0.206 seconds
[2024-03-13T11:29:57.828+0200] {processor.py:161} INFO - Started process (PID=6037) to work on /usr/local/lib/python3.8/site-packages/airflow/example_dags/example_setup_teardown.py
[2024-03-13T11:29:57.828+0200] {processor.py:830} INFO - Processing file /usr/local/lib/python3.8/site-packages/airflow/example_dags/example_setup_teardown.py for tasks to queue
[2024-03-13T11:29:57.829+0200] {logging_mixin.py:188} INFO - [2024-03-13T11:29:57.829+0200] {dagbag.py:540} INFO - Filling up the DagBag from /usr/local/lib/python3.8/site-packages/airflow/example_dags/example_setup_teardown.py
[2024-03-13T11:29:57.835+0200] {processor.py:840} INFO - DAG(s) 'example_setup_teardown' retrieved from /usr/local/lib/python3.8/site-packages/airflow/example_dags/example_setup_teardown.py
[2024-03-13T11:29:57.984+0200] {logging_mixin.py:188} INFO - [2024-03-13T11:29:57.984+0200] {dag.py:3047} INFO - Sync 1 DAGs
[2024-03-13T11:29:58.021+0200] {logging_mixin.py:188} INFO - [2024-03-13T11:29:58.021+0200] {dag.py:3834} INFO - Setting next_dagrun for example_setup_teardown to 2024-03-12 00:00:00+00:00, run_after=2024-03-13 00:00:00+00:00
[2024-03-13T11:29:58.038+0200] {processor.py:183} INFO - Processing /usr/local/lib/python3.8/site-packages/airflow/example_dags/example_setup_teardown.py took 0.212 seconds
[2024-03-13T11:30:40.268+0200] {processor.py:161} INFO - Started process (PID=6200) to work on /usr/local/lib/python3.8/site-packages/airflow/example_dags/example_setup_teardown.py
[2024-03-13T11:30:40.269+0200] {processor.py:830} INFO - Processing file /usr/local/lib/python3.8/site-packages/airflow/example_dags/example_setup_teardown.py for tasks to queue
[2024-03-13T11:30:40.269+0200] {logging_mixin.py:188} INFO - [2024-03-13T11:30:40.269+0200] {dagbag.py:540} INFO - Filling up the DagBag from /usr/local/lib/python3.8/site-packages/airflow/example_dags/example_setup_teardown.py
[2024-03-13T11:30:40.277+0200] {processor.py:840} INFO - DAG(s) 'example_setup_teardown' retrieved from /usr/local/lib/python3.8/site-packages/airflow/example_dags/example_setup_teardown.py
[2024-03-13T11:30:40.420+0200] {logging_mixin.py:188} INFO - [2024-03-13T11:30:40.419+0200] {dag.py:3047} INFO - Sync 1 DAGs
[2024-03-13T11:30:40.438+0200] {logging_mixin.py:188} INFO - [2024-03-13T11:30:40.438+0200] {dag.py:3834} INFO - Setting next_dagrun for example_setup_teardown to 2024-03-12 00:00:00+00:00, run_after=2024-03-13 00:00:00+00:00
[2024-03-13T11:30:40.469+0200] {processor.py:183} INFO - Processing /usr/local/lib/python3.8/site-packages/airflow/example_dags/example_setup_teardown.py took 0.202 seconds
[2024-03-13T11:31:20.973+0200] {processor.py:161} INFO - Started process (PID=6360) to work on /usr/local/lib/python3.8/site-packages/airflow/example_dags/example_setup_teardown.py
[2024-03-13T11:31:20.974+0200] {processor.py:830} INFO - Processing file /usr/local/lib/python3.8/site-packages/airflow/example_dags/example_setup_teardown.py for tasks to queue
[2024-03-13T11:31:20.974+0200] {logging_mixin.py:188} INFO - [2024-03-13T11:31:20.974+0200] {dagbag.py:540} INFO - Filling up the DagBag from /usr/local/lib/python3.8/site-packages/airflow/example_dags/example_setup_teardown.py
[2024-03-13T11:31:20.981+0200] {processor.py:840} INFO - DAG(s) 'example_setup_teardown' retrieved from /usr/local/lib/python3.8/site-packages/airflow/example_dags/example_setup_teardown.py
[2024-03-13T11:31:21.119+0200] {logging_mixin.py:188} INFO - [2024-03-13T11:31:21.119+0200] {dag.py:3047} INFO - Sync 1 DAGs
[2024-03-13T11:31:21.140+0200] {logging_mixin.py:188} INFO - [2024-03-13T11:31:21.140+0200] {dag.py:3834} INFO - Setting next_dagrun for example_setup_teardown to 2024-03-12 00:00:00+00:00, run_after=2024-03-13 00:00:00+00:00
[2024-03-13T11:31:21.175+0200] {processor.py:183} INFO - Processing /usr/local/lib/python3.8/site-packages/airflow/example_dags/example_setup_teardown.py took 0.205 seconds
[2024-03-13T11:32:03.500+0200] {processor.py:161} INFO - Started process (PID=6536) to work on /usr/local/lib/python3.8/site-packages/airflow/example_dags/example_setup_teardown.py
[2024-03-13T11:32:03.501+0200] {processor.py:830} INFO - Processing file /usr/local/lib/python3.8/site-packages/airflow/example_dags/example_setup_teardown.py for tasks to queue
[2024-03-13T11:32:03.502+0200] {logging_mixin.py:188} INFO - [2024-03-13T11:32:03.502+0200] {dagbag.py:540} INFO - Filling up the DagBag from /usr/local/lib/python3.8/site-packages/airflow/example_dags/example_setup_teardown.py
[2024-03-13T11:32:03.510+0200] {processor.py:840} INFO - DAG(s) 'example_setup_teardown' retrieved from /usr/local/lib/python3.8/site-packages/airflow/example_dags/example_setup_teardown.py
[2024-03-13T11:32:03.647+0200] {logging_mixin.py:188} INFO - [2024-03-13T11:32:03.647+0200] {dag.py:3047} INFO - Sync 1 DAGs
[2024-03-13T11:32:03.679+0200] {logging_mixin.py:188} INFO - [2024-03-13T11:32:03.679+0200] {dag.py:3834} INFO - Setting next_dagrun for example_setup_teardown to 2024-03-12 00:00:00+00:00, run_after=2024-03-13 00:00:00+00:00
[2024-03-13T11:32:03.694+0200] {processor.py:183} INFO - Processing /usr/local/lib/python3.8/site-packages/airflow/example_dags/example_setup_teardown.py took 0.195 seconds
[2024-03-13T11:32:46.221+0200] {processor.py:161} INFO - Started process (PID=6700) to work on /usr/local/lib/python3.8/site-packages/airflow/example_dags/example_setup_teardown.py
[2024-03-13T11:32:46.222+0200] {processor.py:830} INFO - Processing file /usr/local/lib/python3.8/site-packages/airflow/example_dags/example_setup_teardown.py for tasks to queue
[2024-03-13T11:32:46.223+0200] {logging_mixin.py:188} INFO - [2024-03-13T11:32:46.223+0200] {dagbag.py:540} INFO - Filling up the DagBag from /usr/local/lib/python3.8/site-packages/airflow/example_dags/example_setup_teardown.py
[2024-03-13T11:32:46.231+0200] {processor.py:840} INFO - DAG(s) 'example_setup_teardown' retrieved from /usr/local/lib/python3.8/site-packages/airflow/example_dags/example_setup_teardown.py
[2024-03-13T11:32:46.379+0200] {logging_mixin.py:188} INFO - [2024-03-13T11:32:46.378+0200] {dag.py:3047} INFO - Sync 1 DAGs
[2024-03-13T11:32:46.398+0200] {logging_mixin.py:188} INFO - [2024-03-13T11:32:46.398+0200] {dag.py:3834} INFO - Setting next_dagrun for example_setup_teardown to 2024-03-12 00:00:00+00:00, run_after=2024-03-13 00:00:00+00:00
[2024-03-13T11:32:46.429+0200] {processor.py:183} INFO - Processing /usr/local/lib/python3.8/site-packages/airflow/example_dags/example_setup_teardown.py took 0.209 seconds
[2024-03-13T11:33:28.946+0200] {processor.py:161} INFO - Started process (PID=6890) to work on /usr/local/lib/python3.8/site-packages/airflow/example_dags/example_setup_teardown.py
[2024-03-13T11:33:28.947+0200] {processor.py:830} INFO - Processing file /usr/local/lib/python3.8/site-packages/airflow/example_dags/example_setup_teardown.py for tasks to queue
[2024-03-13T11:33:28.948+0200] {logging_mixin.py:188} INFO - [2024-03-13T11:33:28.948+0200] {dagbag.py:540} INFO - Filling up the DagBag from /usr/local/lib/python3.8/site-packages/airflow/example_dags/example_setup_teardown.py
[2024-03-13T11:33:28.957+0200] {processor.py:840} INFO - DAG(s) 'example_setup_teardown' retrieved from /usr/local/lib/python3.8/site-packages/airflow/example_dags/example_setup_teardown.py
[2024-03-13T11:33:29.118+0200] {logging_mixin.py:188} INFO - [2024-03-13T11:33:29.118+0200] {dag.py:3047} INFO - Sync 1 DAGs
[2024-03-13T11:33:29.137+0200] {logging_mixin.py:188} INFO - [2024-03-13T11:33:29.137+0200] {dag.py:3834} INFO - Setting next_dagrun for example_setup_teardown to 2024-03-12 00:00:00+00:00, run_after=2024-03-13 00:00:00+00:00
[2024-03-13T11:33:29.151+0200] {processor.py:183} INFO - Processing /usr/local/lib/python3.8/site-packages/airflow/example_dags/example_setup_teardown.py took 0.206 seconds
[2024-03-13T11:34:11.718+0200] {processor.py:161} INFO - Started process (PID=7055) to work on /usr/local/lib/python3.8/site-packages/airflow/example_dags/example_setup_teardown.py
[2024-03-13T11:34:11.719+0200] {processor.py:830} INFO - Processing file /usr/local/lib/python3.8/site-packages/airflow/example_dags/example_setup_teardown.py for tasks to queue
[2024-03-13T11:34:11.719+0200] {logging_mixin.py:188} INFO - [2024-03-13T11:34:11.719+0200] {dagbag.py:540} INFO - Filling up the DagBag from /usr/local/lib/python3.8/site-packages/airflow/example_dags/example_setup_teardown.py
[2024-03-13T11:34:11.725+0200] {processor.py:840} INFO - DAG(s) 'example_setup_teardown' retrieved from /usr/local/lib/python3.8/site-packages/airflow/example_dags/example_setup_teardown.py
[2024-03-13T11:34:11.868+0200] {logging_mixin.py:188} INFO - [2024-03-13T11:34:11.868+0200] {dag.py:3047} INFO - Sync 1 DAGs
[2024-03-13T11:34:11.887+0200] {logging_mixin.py:188} INFO - [2024-03-13T11:34:11.886+0200] {dag.py:3834} INFO - Setting next_dagrun for example_setup_teardown to 2024-03-12 00:00:00+00:00, run_after=2024-03-13 00:00:00+00:00
[2024-03-13T11:34:11.901+0200] {processor.py:183} INFO - Processing /usr/local/lib/python3.8/site-packages/airflow/example_dags/example_setup_teardown.py took 0.184 seconds
[2024-03-13T11:34:52.581+0200] {processor.py:161} INFO - Started process (PID=7215) to work on /usr/local/lib/python3.8/site-packages/airflow/example_dags/example_setup_teardown.py
[2024-03-13T11:34:52.582+0200] {processor.py:830} INFO - Processing file /usr/local/lib/python3.8/site-packages/airflow/example_dags/example_setup_teardown.py for tasks to queue
[2024-03-13T11:34:52.582+0200] {logging_mixin.py:188} INFO - [2024-03-13T11:34:52.582+0200] {dagbag.py:540} INFO - Filling up the DagBag from /usr/local/lib/python3.8/site-packages/airflow/example_dags/example_setup_teardown.py
[2024-03-13T11:34:52.589+0200] {processor.py:840} INFO - DAG(s) 'example_setup_teardown' retrieved from /usr/local/lib/python3.8/site-packages/airflow/example_dags/example_setup_teardown.py
[2024-03-13T11:34:52.741+0200] {logging_mixin.py:188} INFO - [2024-03-13T11:34:52.740+0200] {dag.py:3047} INFO - Sync 1 DAGs
[2024-03-13T11:34:52.771+0200] {logging_mixin.py:188} INFO - [2024-03-13T11:34:52.771+0200] {dag.py:3834} INFO - Setting next_dagrun for example_setup_teardown to 2024-03-12 00:00:00+00:00, run_after=2024-03-13 00:00:00+00:00
[2024-03-13T11:34:52.785+0200] {processor.py:183} INFO - Processing /usr/local/lib/python3.8/site-packages/airflow/example_dags/example_setup_teardown.py took 0.206 seconds
