[2024-03-13T11:09:39.476+0200] {processor.py:161} INFO - Started process (PID=1943) to work on /usr/local/lib/python3.8/site-packages/airflow/example_dags/example_nested_branch_dag.py
[2024-03-13T11:09:39.477+0200] {processor.py:830} INFO - Processing file /usr/local/lib/python3.8/site-packages/airflow/example_dags/example_nested_branch_dag.py for tasks to queue
[2024-03-13T11:09:39.478+0200] {logging_mixin.py:188} INFO - [2024-03-13T11:09:39.477+0200] {dagbag.py:540} INFO - Filling up the DagBag from /usr/local/lib/python3.8/site-packages/airflow/example_dags/example_nested_branch_dag.py
[2024-03-13T11:09:39.527+0200] {processor.py:840} INFO - DAG(s) 'example_nested_branch_dag' retrieved from /usr/local/lib/python3.8/site-packages/airflow/example_dags/example_nested_branch_dag.py
[2024-03-13T11:09:39.763+0200] {logging_mixin.py:188} INFO - [2024-03-13T11:09:39.763+0200] {override.py:1769} INFO - Created Permission View: can delete on DAG:example_nested_branch_dag
[2024-03-13T11:09:39.770+0200] {logging_mixin.py:188} INFO - [2024-03-13T11:09:39.769+0200] {override.py:1769} INFO - Created Permission View: can edit on DAG:example_nested_branch_dag
[2024-03-13T11:09:39.774+0200] {logging_mixin.py:188} INFO - [2024-03-13T11:09:39.774+0200] {override.py:1769} INFO - Created Permission View: can read on DAG:example_nested_branch_dag
[2024-03-13T11:09:39.774+0200] {logging_mixin.py:188} INFO - [2024-03-13T11:09:39.774+0200] {dag.py:3047} INFO - Sync 1 DAGs
[2024-03-13T11:09:39.784+0200] {logging_mixin.py:188} INFO - [2024-03-13T11:09:39.783+0200] {dag.py:3069} INFO - Creating ORM DAG for example_nested_branch_dag
[2024-03-13T11:09:39.798+0200] {logging_mixin.py:188} INFO - [2024-03-13T11:09:39.797+0200] {dag.py:3834} INFO - Setting next_dagrun for example_nested_branch_dag to 2024-03-12 00:00:00+00:00, run_after=2024-03-13 00:00:00+00:00
[2024-03-13T11:09:39.813+0200] {processor.py:183} INFO - Processing /usr/local/lib/python3.8/site-packages/airflow/example_dags/example_nested_branch_dag.py took 0.339 seconds
[2024-03-13T11:10:30.252+0200] {processor.py:161} INFO - Started process (PID=2128) to work on /usr/local/lib/python3.8/site-packages/airflow/example_dags/example_nested_branch_dag.py
[2024-03-13T11:10:30.253+0200] {processor.py:830} INFO - Processing file /usr/local/lib/python3.8/site-packages/airflow/example_dags/example_nested_branch_dag.py for tasks to queue
[2024-03-13T11:10:30.254+0200] {logging_mixin.py:188} INFO - [2024-03-13T11:10:30.254+0200] {dagbag.py:540} INFO - Filling up the DagBag from /usr/local/lib/python3.8/site-packages/airflow/example_dags/example_nested_branch_dag.py
[2024-03-13T11:10:30.284+0200] {processor.py:840} INFO - DAG(s) 'example_nested_branch_dag' retrieved from /usr/local/lib/python3.8/site-packages/airflow/example_dags/example_nested_branch_dag.py
[2024-03-13T11:10:30.438+0200] {logging_mixin.py:188} INFO - [2024-03-13T11:10:30.437+0200] {dag.py:3047} INFO - Sync 1 DAGs
[2024-03-13T11:10:30.465+0200] {logging_mixin.py:188} INFO - [2024-03-13T11:10:30.465+0200] {dag.py:3834} INFO - Setting next_dagrun for example_nested_branch_dag to 2024-03-12 00:00:00+00:00, run_after=2024-03-13 00:00:00+00:00
[2024-03-13T11:10:30.482+0200] {processor.py:183} INFO - Processing /usr/local/lib/python3.8/site-packages/airflow/example_dags/example_nested_branch_dag.py took 0.232 seconds
[2024-03-13T11:11:24.558+0200] {processor.py:161} INFO - Started process (PID=2345) to work on /usr/local/lib/python3.8/site-packages/airflow/example_dags/example_nested_branch_dag.py
[2024-03-13T11:11:24.559+0200] {processor.py:830} INFO - Processing file /usr/local/lib/python3.8/site-packages/airflow/example_dags/example_nested_branch_dag.py for tasks to queue
[2024-03-13T11:11:24.559+0200] {logging_mixin.py:188} INFO - [2024-03-13T11:11:24.559+0200] {dagbag.py:540} INFO - Filling up the DagBag from /usr/local/lib/python3.8/site-packages/airflow/example_dags/example_nested_branch_dag.py
[2024-03-13T11:11:24.594+0200] {processor.py:840} INFO - DAG(s) 'example_nested_branch_dag' retrieved from /usr/local/lib/python3.8/site-packages/airflow/example_dags/example_nested_branch_dag.py
[2024-03-13T11:11:24.743+0200] {logging_mixin.py:188} INFO - [2024-03-13T11:11:24.743+0200] {dag.py:3047} INFO - Sync 1 DAGs
[2024-03-13T11:11:24.765+0200] {logging_mixin.py:188} INFO - [2024-03-13T11:11:24.765+0200] {dag.py:3834} INFO - Setting next_dagrun for example_nested_branch_dag to 2024-03-12 00:00:00+00:00, run_after=2024-03-13 00:00:00+00:00
[2024-03-13T11:11:24.782+0200] {processor.py:183} INFO - Processing /usr/local/lib/python3.8/site-packages/airflow/example_dags/example_nested_branch_dag.py took 0.226 seconds
[2024-03-13T11:12:15.641+0200] {processor.py:161} INFO - Started process (PID=2537) to work on /usr/local/lib/python3.8/site-packages/airflow/example_dags/example_nested_branch_dag.py
[2024-03-13T11:12:15.642+0200] {processor.py:830} INFO - Processing file /usr/local/lib/python3.8/site-packages/airflow/example_dags/example_nested_branch_dag.py for tasks to queue
[2024-03-13T11:12:15.643+0200] {logging_mixin.py:188} INFO - [2024-03-13T11:12:15.642+0200] {dagbag.py:540} INFO - Filling up the DagBag from /usr/local/lib/python3.8/site-packages/airflow/example_dags/example_nested_branch_dag.py
[2024-03-13T11:12:15.686+0200] {processor.py:840} INFO - DAG(s) 'example_nested_branch_dag' retrieved from /usr/local/lib/python3.8/site-packages/airflow/example_dags/example_nested_branch_dag.py
[2024-03-13T11:12:15.858+0200] {logging_mixin.py:188} INFO - [2024-03-13T11:12:15.857+0200] {dag.py:3047} INFO - Sync 1 DAGs
[2024-03-13T11:12:15.879+0200] {logging_mixin.py:188} INFO - [2024-03-13T11:12:15.879+0200] {dag.py:3834} INFO - Setting next_dagrun for example_nested_branch_dag to 2024-03-12 00:00:00+00:00, run_after=2024-03-13 00:00:00+00:00
[2024-03-13T11:12:15.896+0200] {processor.py:183} INFO - Processing /usr/local/lib/python3.8/site-packages/airflow/example_dags/example_nested_branch_dag.py took 0.257 seconds
[2024-03-13T11:18:25.261+0200] {processor.py:161} INFO - Started process (PID=3386) to work on /usr/local/lib/python3.8/site-packages/airflow/example_dags/example_nested_branch_dag.py
[2024-03-13T11:18:25.262+0200] {processor.py:830} INFO - Processing file /usr/local/lib/python3.8/site-packages/airflow/example_dags/example_nested_branch_dag.py for tasks to queue
[2024-03-13T11:18:25.262+0200] {logging_mixin.py:188} INFO - [2024-03-13T11:18:25.262+0200] {dagbag.py:540} INFO - Filling up the DagBag from /usr/local/lib/python3.8/site-packages/airflow/example_dags/example_nested_branch_dag.py
[2024-03-13T11:18:25.295+0200] {processor.py:840} INFO - DAG(s) 'example_nested_branch_dag' retrieved from /usr/local/lib/python3.8/site-packages/airflow/example_dags/example_nested_branch_dag.py
[2024-03-13T11:18:25.437+0200] {logging_mixin.py:188} INFO - [2024-03-13T11:18:25.437+0200] {dag.py:3047} INFO - Sync 1 DAGs
[2024-03-13T11:18:25.458+0200] {logging_mixin.py:188} INFO - [2024-03-13T11:18:25.457+0200] {dag.py:3834} INFO - Setting next_dagrun for example_nested_branch_dag to 2024-03-12 00:00:00+00:00, run_after=2024-03-13 00:00:00+00:00
[2024-03-13T11:18:25.471+0200] {processor.py:183} INFO - Processing /usr/local/lib/python3.8/site-packages/airflow/example_dags/example_nested_branch_dag.py took 0.212 seconds
[2024-03-13T11:19:14.844+0200] {processor.py:161} INFO - Started process (PID=3564) to work on /usr/local/lib/python3.8/site-packages/airflow/example_dags/example_nested_branch_dag.py
[2024-03-13T11:19:14.845+0200] {processor.py:830} INFO - Processing file /usr/local/lib/python3.8/site-packages/airflow/example_dags/example_nested_branch_dag.py for tasks to queue
[2024-03-13T11:19:14.846+0200] {logging_mixin.py:188} INFO - [2024-03-13T11:19:14.846+0200] {dagbag.py:540} INFO - Filling up the DagBag from /usr/local/lib/python3.8/site-packages/airflow/example_dags/example_nested_branch_dag.py
[2024-03-13T11:19:14.881+0200] {processor.py:840} INFO - DAG(s) 'example_nested_branch_dag' retrieved from /usr/local/lib/python3.8/site-packages/airflow/example_dags/example_nested_branch_dag.py
[2024-03-13T11:19:15.029+0200] {logging_mixin.py:188} INFO - [2024-03-13T11:19:15.029+0200] {dag.py:3047} INFO - Sync 1 DAGs
[2024-03-13T11:19:15.050+0200] {logging_mixin.py:188} INFO - [2024-03-13T11:19:15.049+0200] {dag.py:3834} INFO - Setting next_dagrun for example_nested_branch_dag to 2024-03-12 00:00:00+00:00, run_after=2024-03-13 00:00:00+00:00
[2024-03-13T11:19:15.064+0200] {processor.py:183} INFO - Processing /usr/local/lib/python3.8/site-packages/airflow/example_dags/example_nested_branch_dag.py took 0.221 seconds
[2024-03-13T11:20:09.579+0200] {processor.py:161} INFO - Started process (PID=3782) to work on /usr/local/lib/python3.8/site-packages/airflow/example_dags/example_nested_branch_dag.py
[2024-03-13T11:20:09.580+0200] {processor.py:830} INFO - Processing file /usr/local/lib/python3.8/site-packages/airflow/example_dags/example_nested_branch_dag.py for tasks to queue
[2024-03-13T11:20:09.580+0200] {logging_mixin.py:188} INFO - [2024-03-13T11:20:09.580+0200] {dagbag.py:540} INFO - Filling up the DagBag from /usr/local/lib/python3.8/site-packages/airflow/example_dags/example_nested_branch_dag.py
[2024-03-13T11:20:09.619+0200] {processor.py:840} INFO - DAG(s) 'example_nested_branch_dag' retrieved from /usr/local/lib/python3.8/site-packages/airflow/example_dags/example_nested_branch_dag.py
[2024-03-13T11:20:09.801+0200] {logging_mixin.py:188} INFO - [2024-03-13T11:20:09.801+0200] {dag.py:3047} INFO - Sync 1 DAGs
[2024-03-13T11:20:09.830+0200] {logging_mixin.py:188} INFO - [2024-03-13T11:20:09.830+0200] {dag.py:3834} INFO - Setting next_dagrun for example_nested_branch_dag to 2024-03-12 00:00:00+00:00, run_after=2024-03-13 00:00:00+00:00
[2024-03-13T11:20:09.848+0200] {processor.py:183} INFO - Processing /usr/local/lib/python3.8/site-packages/airflow/example_dags/example_nested_branch_dag.py took 0.271 seconds
[2024-03-13T11:21:06.619+0200] {processor.py:161} INFO - Started process (PID=4014) to work on /usr/local/lib/python3.8/site-packages/airflow/example_dags/example_nested_branch_dag.py
[2024-03-13T11:21:06.620+0200] {processor.py:830} INFO - Processing file /usr/local/lib/python3.8/site-packages/airflow/example_dags/example_nested_branch_dag.py for tasks to queue
[2024-03-13T11:21:06.621+0200] {logging_mixin.py:188} INFO - [2024-03-13T11:21:06.621+0200] {dagbag.py:540} INFO - Filling up the DagBag from /usr/local/lib/python3.8/site-packages/airflow/example_dags/example_nested_branch_dag.py
[2024-03-13T11:21:06.657+0200] {processor.py:840} INFO - DAG(s) 'example_nested_branch_dag' retrieved from /usr/local/lib/python3.8/site-packages/airflow/example_dags/example_nested_branch_dag.py
[2024-03-13T11:21:06.838+0200] {logging_mixin.py:188} INFO - [2024-03-13T11:21:06.837+0200] {dag.py:3047} INFO - Sync 1 DAGs
[2024-03-13T11:21:06.859+0200] {logging_mixin.py:188} INFO - [2024-03-13T11:21:06.859+0200] {dag.py:3834} INFO - Setting next_dagrun for example_nested_branch_dag to 2024-03-12 00:00:00+00:00, run_after=2024-03-13 00:00:00+00:00
[2024-03-13T11:21:06.891+0200] {processor.py:183} INFO - Processing /usr/local/lib/python3.8/site-packages/airflow/example_dags/example_nested_branch_dag.py took 0.273 seconds
[2024-03-13T11:21:56.096+0200] {processor.py:161} INFO - Started process (PID=4210) to work on /usr/local/lib/python3.8/site-packages/airflow/example_dags/example_nested_branch_dag.py
[2024-03-13T11:21:56.097+0200] {processor.py:830} INFO - Processing file /usr/local/lib/python3.8/site-packages/airflow/example_dags/example_nested_branch_dag.py for tasks to queue
[2024-03-13T11:21:56.098+0200] {logging_mixin.py:188} INFO - [2024-03-13T11:21:56.098+0200] {dagbag.py:540} INFO - Filling up the DagBag from /usr/local/lib/python3.8/site-packages/airflow/example_dags/example_nested_branch_dag.py
[2024-03-13T11:21:56.139+0200] {processor.py:840} INFO - DAG(s) 'example_nested_branch_dag' retrieved from /usr/local/lib/python3.8/site-packages/airflow/example_dags/example_nested_branch_dag.py
[2024-03-13T11:21:56.310+0200] {logging_mixin.py:188} INFO - [2024-03-13T11:21:56.309+0200] {dag.py:3047} INFO - Sync 1 DAGs
[2024-03-13T11:21:56.341+0200] {logging_mixin.py:188} INFO - [2024-03-13T11:21:56.341+0200] {dag.py:3834} INFO - Setting next_dagrun for example_nested_branch_dag to 2024-03-12 00:00:00+00:00, run_after=2024-03-13 00:00:00+00:00
[2024-03-13T11:21:56.355+0200] {processor.py:183} INFO - Processing /usr/local/lib/python3.8/site-packages/airflow/example_dags/example_nested_branch_dag.py took 0.260 seconds
[2024-03-13T11:22:45.682+0200] {processor.py:161} INFO - Started process (PID=4395) to work on /usr/local/lib/python3.8/site-packages/airflow/example_dags/example_nested_branch_dag.py
[2024-03-13T11:22:45.683+0200] {processor.py:830} INFO - Processing file /usr/local/lib/python3.8/site-packages/airflow/example_dags/example_nested_branch_dag.py for tasks to queue
[2024-03-13T11:22:45.683+0200] {logging_mixin.py:188} INFO - [2024-03-13T11:22:45.683+0200] {dagbag.py:540} INFO - Filling up the DagBag from /usr/local/lib/python3.8/site-packages/airflow/example_dags/example_nested_branch_dag.py
[2024-03-13T11:22:45.719+0200] {processor.py:840} INFO - DAG(s) 'example_nested_branch_dag' retrieved from /usr/local/lib/python3.8/site-packages/airflow/example_dags/example_nested_branch_dag.py
[2024-03-13T11:22:45.888+0200] {logging_mixin.py:188} INFO - [2024-03-13T11:22:45.887+0200] {dag.py:3047} INFO - Sync 1 DAGs
[2024-03-13T11:22:45.905+0200] {logging_mixin.py:188} INFO - [2024-03-13T11:22:45.905+0200] {dag.py:3834} INFO - Setting next_dagrun for example_nested_branch_dag to 2024-03-12 00:00:00+00:00, run_after=2024-03-13 00:00:00+00:00
[2024-03-13T11:22:45.919+0200] {processor.py:183} INFO - Processing /usr/local/lib/python3.8/site-packages/airflow/example_dags/example_nested_branch_dag.py took 0.238 seconds
[2024-03-13T11:23:42.758+0200] {processor.py:161} INFO - Started process (PID=4602) to work on /usr/local/lib/python3.8/site-packages/airflow/example_dags/example_nested_branch_dag.py
[2024-03-13T11:23:42.759+0200] {processor.py:830} INFO - Processing file /usr/local/lib/python3.8/site-packages/airflow/example_dags/example_nested_branch_dag.py for tasks to queue
[2024-03-13T11:23:42.759+0200] {logging_mixin.py:188} INFO - [2024-03-13T11:23:42.759+0200] {dagbag.py:540} INFO - Filling up the DagBag from /usr/local/lib/python3.8/site-packages/airflow/example_dags/example_nested_branch_dag.py
[2024-03-13T11:23:42.797+0200] {processor.py:840} INFO - DAG(s) 'example_nested_branch_dag' retrieved from /usr/local/lib/python3.8/site-packages/airflow/example_dags/example_nested_branch_dag.py
[2024-03-13T11:23:42.988+0200] {logging_mixin.py:188} INFO - [2024-03-13T11:23:42.988+0200] {dag.py:3047} INFO - Sync 1 DAGs
[2024-03-13T11:23:43.015+0200] {logging_mixin.py:188} INFO - [2024-03-13T11:23:43.014+0200] {dag.py:3834} INFO - Setting next_dagrun for example_nested_branch_dag to 2024-03-12 00:00:00+00:00, run_after=2024-03-13 00:00:00+00:00
[2024-03-13T11:23:43.048+0200] {processor.py:183} INFO - Processing /usr/local/lib/python3.8/site-packages/airflow/example_dags/example_nested_branch_dag.py took 0.292 seconds
[2024-03-13T11:24:41.700+0200] {processor.py:161} INFO - Started process (PID=4815) to work on /usr/local/lib/python3.8/site-packages/airflow/example_dags/example_nested_branch_dag.py
[2024-03-13T11:24:41.701+0200] {processor.py:830} INFO - Processing file /usr/local/lib/python3.8/site-packages/airflow/example_dags/example_nested_branch_dag.py for tasks to queue
[2024-03-13T11:24:41.702+0200] {logging_mixin.py:188} INFO - [2024-03-13T11:24:41.701+0200] {dagbag.py:540} INFO - Filling up the DagBag from /usr/local/lib/python3.8/site-packages/airflow/example_dags/example_nested_branch_dag.py
[2024-03-13T11:24:41.744+0200] {processor.py:840} INFO - DAG(s) 'example_nested_branch_dag' retrieved from /usr/local/lib/python3.8/site-packages/airflow/example_dags/example_nested_branch_dag.py
[2024-03-13T11:24:41.939+0200] {logging_mixin.py:188} INFO - [2024-03-13T11:24:41.938+0200] {dag.py:3047} INFO - Sync 1 DAGs
[2024-03-13T11:24:41.962+0200] {logging_mixin.py:188} INFO - [2024-03-13T11:24:41.962+0200] {dag.py:3834} INFO - Setting next_dagrun for example_nested_branch_dag to 2024-03-12 00:00:00+00:00, run_after=2024-03-13 00:00:00+00:00
[2024-03-13T11:24:42.010+0200] {processor.py:183} INFO - Processing /usr/local/lib/python3.8/site-packages/airflow/example_dags/example_nested_branch_dag.py took 0.312 seconds
[2024-03-13T11:25:37.059+0200] {processor.py:161} INFO - Started process (PID=5005) to work on /usr/local/lib/python3.8/site-packages/airflow/example_dags/example_nested_branch_dag.py
[2024-03-13T11:25:37.060+0200] {processor.py:830} INFO - Processing file /usr/local/lib/python3.8/site-packages/airflow/example_dags/example_nested_branch_dag.py for tasks to queue
[2024-03-13T11:25:37.061+0200] {logging_mixin.py:188} INFO - [2024-03-13T11:25:37.061+0200] {dagbag.py:540} INFO - Filling up the DagBag from /usr/local/lib/python3.8/site-packages/airflow/example_dags/example_nested_branch_dag.py
[2024-03-13T11:25:37.097+0200] {processor.py:840} INFO - DAG(s) 'example_nested_branch_dag' retrieved from /usr/local/lib/python3.8/site-packages/airflow/example_dags/example_nested_branch_dag.py
[2024-03-13T11:25:37.237+0200] {logging_mixin.py:188} INFO - [2024-03-13T11:25:37.237+0200] {dag.py:3047} INFO - Sync 1 DAGs
[2024-03-13T11:25:37.257+0200] {logging_mixin.py:188} INFO - [2024-03-13T11:25:37.257+0200] {dag.py:3834} INFO - Setting next_dagrun for example_nested_branch_dag to 2024-03-12 00:00:00+00:00, run_after=2024-03-13 00:00:00+00:00
[2024-03-13T11:25:37.288+0200] {processor.py:183} INFO - Processing /usr/local/lib/python3.8/site-packages/airflow/example_dags/example_nested_branch_dag.py took 0.231 seconds
[2024-03-13T11:26:22.284+0200] {processor.py:161} INFO - Started process (PID=5191) to work on /usr/local/lib/python3.8/site-packages/airflow/example_dags/example_nested_branch_dag.py
[2024-03-13T11:26:22.285+0200] {processor.py:830} INFO - Processing file /usr/local/lib/python3.8/site-packages/airflow/example_dags/example_nested_branch_dag.py for tasks to queue
[2024-03-13T11:26:22.285+0200] {logging_mixin.py:188} INFO - [2024-03-13T11:26:22.285+0200] {dagbag.py:540} INFO - Filling up the DagBag from /usr/local/lib/python3.8/site-packages/airflow/example_dags/example_nested_branch_dag.py
[2024-03-13T11:26:22.318+0200] {processor.py:840} INFO - DAG(s) 'example_nested_branch_dag' retrieved from /usr/local/lib/python3.8/site-packages/airflow/example_dags/example_nested_branch_dag.py
[2024-03-13T11:26:22.487+0200] {logging_mixin.py:188} INFO - [2024-03-13T11:26:22.487+0200] {dag.py:3047} INFO - Sync 1 DAGs
[2024-03-13T11:26:22.505+0200] {logging_mixin.py:188} INFO - [2024-03-13T11:26:22.504+0200] {dag.py:3834} INFO - Setting next_dagrun for example_nested_branch_dag to 2024-03-12 00:00:00+00:00, run_after=2024-03-13 00:00:00+00:00
[2024-03-13T11:26:22.517+0200] {processor.py:183} INFO - Processing /usr/local/lib/python3.8/site-packages/airflow/example_dags/example_nested_branch_dag.py took 0.234 seconds
[2024-03-13T11:27:11.716+0200] {processor.py:161} INFO - Started process (PID=5386) to work on /usr/local/lib/python3.8/site-packages/airflow/example_dags/example_nested_branch_dag.py
[2024-03-13T11:27:11.717+0200] {processor.py:830} INFO - Processing file /usr/local/lib/python3.8/site-packages/airflow/example_dags/example_nested_branch_dag.py for tasks to queue
[2024-03-13T11:27:11.717+0200] {logging_mixin.py:188} INFO - [2024-03-13T11:27:11.717+0200] {dagbag.py:540} INFO - Filling up the DagBag from /usr/local/lib/python3.8/site-packages/airflow/example_dags/example_nested_branch_dag.py
[2024-03-13T11:27:11.753+0200] {processor.py:840} INFO - DAG(s) 'example_nested_branch_dag' retrieved from /usr/local/lib/python3.8/site-packages/airflow/example_dags/example_nested_branch_dag.py
[2024-03-13T11:27:11.918+0200] {logging_mixin.py:188} INFO - [2024-03-13T11:27:11.917+0200] {dag.py:3047} INFO - Sync 1 DAGs
[2024-03-13T11:27:11.955+0200] {logging_mixin.py:188} INFO - [2024-03-13T11:27:11.954+0200] {dag.py:3834} INFO - Setting next_dagrun for example_nested_branch_dag to 2024-03-12 00:00:00+00:00, run_after=2024-03-13 00:00:00+00:00
[2024-03-13T11:27:11.988+0200] {processor.py:183} INFO - Processing /usr/local/lib/python3.8/site-packages/airflow/example_dags/example_nested_branch_dag.py took 0.274 seconds
[2024-03-13T11:27:57.352+0200] {processor.py:161} INFO - Started process (PID=5562) to work on /usr/local/lib/python3.8/site-packages/airflow/example_dags/example_nested_branch_dag.py
[2024-03-13T11:27:57.353+0200] {processor.py:830} INFO - Processing file /usr/local/lib/python3.8/site-packages/airflow/example_dags/example_nested_branch_dag.py for tasks to queue
[2024-03-13T11:27:57.354+0200] {logging_mixin.py:188} INFO - [2024-03-13T11:27:57.354+0200] {dagbag.py:540} INFO - Filling up the DagBag from /usr/local/lib/python3.8/site-packages/airflow/example_dags/example_nested_branch_dag.py
[2024-03-13T11:27:57.389+0200] {processor.py:840} INFO - DAG(s) 'example_nested_branch_dag' retrieved from /usr/local/lib/python3.8/site-packages/airflow/example_dags/example_nested_branch_dag.py
[2024-03-13T11:27:57.538+0200] {logging_mixin.py:188} INFO - [2024-03-13T11:27:57.537+0200] {dag.py:3047} INFO - Sync 1 DAGs
[2024-03-13T11:27:57.556+0200] {logging_mixin.py:188} INFO - [2024-03-13T11:27:57.555+0200] {dag.py:3834} INFO - Setting next_dagrun for example_nested_branch_dag to 2024-03-12 00:00:00+00:00, run_after=2024-03-13 00:00:00+00:00
[2024-03-13T11:27:57.569+0200] {processor.py:183} INFO - Processing /usr/local/lib/python3.8/site-packages/airflow/example_dags/example_nested_branch_dag.py took 0.218 seconds
[2024-03-13T11:28:41.026+0200] {processor.py:161} INFO - Started process (PID=5732) to work on /usr/local/lib/python3.8/site-packages/airflow/example_dags/example_nested_branch_dag.py
[2024-03-13T11:28:41.027+0200] {processor.py:830} INFO - Processing file /usr/local/lib/python3.8/site-packages/airflow/example_dags/example_nested_branch_dag.py for tasks to queue
[2024-03-13T11:28:41.027+0200] {logging_mixin.py:188} INFO - [2024-03-13T11:28:41.027+0200] {dagbag.py:540} INFO - Filling up the DagBag from /usr/local/lib/python3.8/site-packages/airflow/example_dags/example_nested_branch_dag.py
[2024-03-13T11:28:41.056+0200] {processor.py:840} INFO - DAG(s) 'example_nested_branch_dag' retrieved from /usr/local/lib/python3.8/site-packages/airflow/example_dags/example_nested_branch_dag.py
[2024-03-13T11:28:41.211+0200] {logging_mixin.py:188} INFO - [2024-03-13T11:28:41.210+0200] {dag.py:3047} INFO - Sync 1 DAGs
[2024-03-13T11:28:41.241+0200] {logging_mixin.py:188} INFO - [2024-03-13T11:28:41.241+0200] {dag.py:3834} INFO - Setting next_dagrun for example_nested_branch_dag to 2024-03-12 00:00:00+00:00, run_after=2024-03-13 00:00:00+00:00
[2024-03-13T11:28:41.254+0200] {processor.py:183} INFO - Processing /usr/local/lib/python3.8/site-packages/airflow/example_dags/example_nested_branch_dag.py took 0.230 seconds
[2024-03-13T11:29:33.532+0200] {processor.py:161} INFO - Started process (PID=5937) to work on /usr/local/lib/python3.8/site-packages/airflow/example_dags/example_nested_branch_dag.py
[2024-03-13T11:29:33.533+0200] {processor.py:830} INFO - Processing file /usr/local/lib/python3.8/site-packages/airflow/example_dags/example_nested_branch_dag.py for tasks to queue
[2024-03-13T11:29:33.533+0200] {logging_mixin.py:188} INFO - [2024-03-13T11:29:33.533+0200] {dagbag.py:540} INFO - Filling up the DagBag from /usr/local/lib/python3.8/site-packages/airflow/example_dags/example_nested_branch_dag.py
[2024-03-13T11:29:33.569+0200] {processor.py:840} INFO - DAG(s) 'example_nested_branch_dag' retrieved from /usr/local/lib/python3.8/site-packages/airflow/example_dags/example_nested_branch_dag.py
[2024-03-13T11:29:33.724+0200] {logging_mixin.py:188} INFO - [2024-03-13T11:29:33.724+0200] {dag.py:3047} INFO - Sync 1 DAGs
[2024-03-13T11:29:33.750+0200] {logging_mixin.py:188} INFO - [2024-03-13T11:29:33.749+0200] {dag.py:3834} INFO - Setting next_dagrun for example_nested_branch_dag to 2024-03-12 00:00:00+00:00, run_after=2024-03-13 00:00:00+00:00
[2024-03-13T11:29:33.784+0200] {processor.py:183} INFO - Processing /usr/local/lib/python3.8/site-packages/airflow/example_dags/example_nested_branch_dag.py took 0.254 seconds
[2024-03-13T11:30:28.143+0200] {processor.py:161} INFO - Started process (PID=6149) to work on /usr/local/lib/python3.8/site-packages/airflow/example_dags/example_nested_branch_dag.py
[2024-03-13T11:30:28.144+0200] {processor.py:830} INFO - Processing file /usr/local/lib/python3.8/site-packages/airflow/example_dags/example_nested_branch_dag.py for tasks to queue
[2024-03-13T11:30:28.144+0200] {logging_mixin.py:188} INFO - [2024-03-13T11:30:28.144+0200] {dagbag.py:540} INFO - Filling up the DagBag from /usr/local/lib/python3.8/site-packages/airflow/example_dags/example_nested_branch_dag.py
[2024-03-13T11:30:28.174+0200] {processor.py:840} INFO - DAG(s) 'example_nested_branch_dag' retrieved from /usr/local/lib/python3.8/site-packages/airflow/example_dags/example_nested_branch_dag.py
[2024-03-13T11:30:28.320+0200] {logging_mixin.py:188} INFO - [2024-03-13T11:30:28.319+0200] {dag.py:3047} INFO - Sync 1 DAGs
[2024-03-13T11:30:28.338+0200] {logging_mixin.py:188} INFO - [2024-03-13T11:30:28.338+0200] {dag.py:3834} INFO - Setting next_dagrun for example_nested_branch_dag to 2024-03-12 00:00:00+00:00, run_after=2024-03-13 00:00:00+00:00
[2024-03-13T11:30:28.351+0200] {processor.py:183} INFO - Processing /usr/local/lib/python3.8/site-packages/airflow/example_dags/example_nested_branch_dag.py took 0.209 seconds
[2024-03-13T11:31:09.996+0200] {processor.py:161} INFO - Started process (PID=6318) to work on /usr/local/lib/python3.8/site-packages/airflow/example_dags/example_nested_branch_dag.py
[2024-03-13T11:31:09.997+0200] {processor.py:830} INFO - Processing file /usr/local/lib/python3.8/site-packages/airflow/example_dags/example_nested_branch_dag.py for tasks to queue
[2024-03-13T11:31:09.998+0200] {logging_mixin.py:188} INFO - [2024-03-13T11:31:09.998+0200] {dagbag.py:540} INFO - Filling up the DagBag from /usr/local/lib/python3.8/site-packages/airflow/example_dags/example_nested_branch_dag.py
[2024-03-13T11:31:10.029+0200] {processor.py:840} INFO - DAG(s) 'example_nested_branch_dag' retrieved from /usr/local/lib/python3.8/site-packages/airflow/example_dags/example_nested_branch_dag.py
[2024-03-13T11:31:10.169+0200] {logging_mixin.py:188} INFO - [2024-03-13T11:31:10.169+0200] {dag.py:3047} INFO - Sync 1 DAGs
[2024-03-13T11:31:10.189+0200] {logging_mixin.py:188} INFO - [2024-03-13T11:31:10.188+0200] {dag.py:3834} INFO - Setting next_dagrun for example_nested_branch_dag to 2024-03-12 00:00:00+00:00, run_after=2024-03-13 00:00:00+00:00
[2024-03-13T11:31:10.201+0200] {processor.py:183} INFO - Processing /usr/local/lib/python3.8/site-packages/airflow/example_dags/example_nested_branch_dag.py took 0.206 seconds
[2024-03-13T11:31:51.841+0200] {processor.py:161} INFO - Started process (PID=6483) to work on /usr/local/lib/python3.8/site-packages/airflow/example_dags/example_nested_branch_dag.py
[2024-03-13T11:31:51.842+0200] {processor.py:830} INFO - Processing file /usr/local/lib/python3.8/site-packages/airflow/example_dags/example_nested_branch_dag.py for tasks to queue
[2024-03-13T11:31:51.842+0200] {logging_mixin.py:188} INFO - [2024-03-13T11:31:51.842+0200] {dagbag.py:540} INFO - Filling up the DagBag from /usr/local/lib/python3.8/site-packages/airflow/example_dags/example_nested_branch_dag.py
[2024-03-13T11:31:51.872+0200] {processor.py:840} INFO - DAG(s) 'example_nested_branch_dag' retrieved from /usr/local/lib/python3.8/site-packages/airflow/example_dags/example_nested_branch_dag.py
[2024-03-13T11:31:52.019+0200] {logging_mixin.py:188} INFO - [2024-03-13T11:31:52.019+0200] {dag.py:3047} INFO - Sync 1 DAGs
[2024-03-13T11:31:52.042+0200] {logging_mixin.py:188} INFO - [2024-03-13T11:31:52.042+0200] {dag.py:3834} INFO - Setting next_dagrun for example_nested_branch_dag to 2024-03-12 00:00:00+00:00, run_after=2024-03-13 00:00:00+00:00
[2024-03-13T11:31:52.073+0200] {processor.py:183} INFO - Processing /usr/local/lib/python3.8/site-packages/airflow/example_dags/example_nested_branch_dag.py took 0.234 seconds
[2024-03-13T11:32:33.633+0200] {processor.py:161} INFO - Started process (PID=6648) to work on /usr/local/lib/python3.8/site-packages/airflow/example_dags/example_nested_branch_dag.py
[2024-03-13T11:32:33.634+0200] {processor.py:830} INFO - Processing file /usr/local/lib/python3.8/site-packages/airflow/example_dags/example_nested_branch_dag.py for tasks to queue
[2024-03-13T11:32:33.635+0200] {logging_mixin.py:188} INFO - [2024-03-13T11:32:33.634+0200] {dagbag.py:540} INFO - Filling up the DagBag from /usr/local/lib/python3.8/site-packages/airflow/example_dags/example_nested_branch_dag.py
[2024-03-13T11:32:33.665+0200] {processor.py:840} INFO - DAG(s) 'example_nested_branch_dag' retrieved from /usr/local/lib/python3.8/site-packages/airflow/example_dags/example_nested_branch_dag.py
[2024-03-13T11:32:33.820+0200] {logging_mixin.py:188} INFO - [2024-03-13T11:32:33.820+0200] {dag.py:3047} INFO - Sync 1 DAGs
[2024-03-13T11:32:33.846+0200] {logging_mixin.py:188} INFO - [2024-03-13T11:32:33.846+0200] {dag.py:3834} INFO - Setting next_dagrun for example_nested_branch_dag to 2024-03-12 00:00:00+00:00, run_after=2024-03-13 00:00:00+00:00
[2024-03-13T11:32:33.883+0200] {processor.py:183} INFO - Processing /usr/local/lib/python3.8/site-packages/airflow/example_dags/example_nested_branch_dag.py took 0.251 seconds
[2024-03-13T11:33:17.692+0200] {processor.py:161} INFO - Started process (PID=6846) to work on /usr/local/lib/python3.8/site-packages/airflow/example_dags/example_nested_branch_dag.py
[2024-03-13T11:33:17.693+0200] {processor.py:830} INFO - Processing file /usr/local/lib/python3.8/site-packages/airflow/example_dags/example_nested_branch_dag.py for tasks to queue
[2024-03-13T11:33:17.694+0200] {logging_mixin.py:188} INFO - [2024-03-13T11:33:17.694+0200] {dagbag.py:540} INFO - Filling up the DagBag from /usr/local/lib/python3.8/site-packages/airflow/example_dags/example_nested_branch_dag.py
[2024-03-13T11:33:17.723+0200] {processor.py:840} INFO - DAG(s) 'example_nested_branch_dag' retrieved from /usr/local/lib/python3.8/site-packages/airflow/example_dags/example_nested_branch_dag.py
[2024-03-13T11:33:17.869+0200] {logging_mixin.py:188} INFO - [2024-03-13T11:33:17.868+0200] {dag.py:3047} INFO - Sync 1 DAGs
[2024-03-13T11:33:17.890+0200] {logging_mixin.py:188} INFO - [2024-03-13T11:33:17.890+0200] {dag.py:3834} INFO - Setting next_dagrun for example_nested_branch_dag to 2024-03-12 00:00:00+00:00, run_after=2024-03-13 00:00:00+00:00
[2024-03-13T11:33:17.922+0200] {processor.py:183} INFO - Processing /usr/local/lib/python3.8/site-packages/airflow/example_dags/example_nested_branch_dag.py took 0.232 seconds
[2024-03-13T11:33:59.091+0200] {processor.py:161} INFO - Started process (PID=7001) to work on /usr/local/lib/python3.8/site-packages/airflow/example_dags/example_nested_branch_dag.py
[2024-03-13T11:33:59.092+0200] {processor.py:830} INFO - Processing file /usr/local/lib/python3.8/site-packages/airflow/example_dags/example_nested_branch_dag.py for tasks to queue
[2024-03-13T11:33:59.092+0200] {logging_mixin.py:188} INFO - [2024-03-13T11:33:59.092+0200] {dagbag.py:540} INFO - Filling up the DagBag from /usr/local/lib/python3.8/site-packages/airflow/example_dags/example_nested_branch_dag.py
[2024-03-13T11:33:59.125+0200] {processor.py:840} INFO - DAG(s) 'example_nested_branch_dag' retrieved from /usr/local/lib/python3.8/site-packages/airflow/example_dags/example_nested_branch_dag.py
[2024-03-13T11:33:59.273+0200] {logging_mixin.py:188} INFO - [2024-03-13T11:33:59.273+0200] {dag.py:3047} INFO - Sync 1 DAGs
[2024-03-13T11:33:59.294+0200] {logging_mixin.py:188} INFO - [2024-03-13T11:33:59.294+0200] {dag.py:3834} INFO - Setting next_dagrun for example_nested_branch_dag to 2024-03-12 00:00:00+00:00, run_after=2024-03-13 00:00:00+00:00
[2024-03-13T11:33:59.328+0200] {processor.py:183} INFO - Processing /usr/local/lib/python3.8/site-packages/airflow/example_dags/example_nested_branch_dag.py took 0.240 seconds
[2024-03-13T11:34:42.516+0200] {processor.py:161} INFO - Started process (PID=7175) to work on /usr/local/lib/python3.8/site-packages/airflow/example_dags/example_nested_branch_dag.py
[2024-03-13T11:34:42.517+0200] {processor.py:830} INFO - Processing file /usr/local/lib/python3.8/site-packages/airflow/example_dags/example_nested_branch_dag.py for tasks to queue
[2024-03-13T11:34:42.518+0200] {logging_mixin.py:188} INFO - [2024-03-13T11:34:42.518+0200] {dagbag.py:540} INFO - Filling up the DagBag from /usr/local/lib/python3.8/site-packages/airflow/example_dags/example_nested_branch_dag.py
[2024-03-13T11:34:42.547+0200] {processor.py:840} INFO - DAG(s) 'example_nested_branch_dag' retrieved from /usr/local/lib/python3.8/site-packages/airflow/example_dags/example_nested_branch_dag.py
[2024-03-13T11:34:42.718+0200] {logging_mixin.py:188} INFO - [2024-03-13T11:34:42.718+0200] {dag.py:3047} INFO - Sync 1 DAGs
[2024-03-13T11:34:42.736+0200] {logging_mixin.py:188} INFO - [2024-03-13T11:34:42.736+0200] {dag.py:3834} INFO - Setting next_dagrun for example_nested_branch_dag to 2024-03-12 00:00:00+00:00, run_after=2024-03-13 00:00:00+00:00
[2024-03-13T11:34:42.750+0200] {processor.py:183} INFO - Processing /usr/local/lib/python3.8/site-packages/airflow/example_dags/example_nested_branch_dag.py took 0.236 seconds
