[2024-03-13T11:09:35.766+0200] {processor.py:161} INFO - Started process (PID=1930) to work on /usr/local/lib/python3.8/site-packages/airflow/example_dags/example_python_decorator.py
[2024-03-13T11:09:35.768+0200] {processor.py:830} INFO - Processing file /usr/local/lib/python3.8/site-packages/airflow/example_dags/example_python_decorator.py for tasks to queue
[2024-03-13T11:09:35.768+0200] {logging_mixin.py:188} INFO - [2024-03-13T11:09:35.768+0200] {dagbag.py:540} INFO - Filling up the DagBag from /usr/local/lib/python3.8/site-packages/airflow/example_dags/example_python_decorator.py
[2024-03-13T11:09:35.808+0200] {logging_mixin.py:188} INFO - [2024-03-13T11:09:35.808+0200] {example_python_decorator.py:79} WARNING - The virtalenv_python example task requires virtualenv, please install it.
[2024-03-13T11:09:35.810+0200] {processor.py:840} INFO - DAG(s) 'example_python_decorator' retrieved from /usr/local/lib/python3.8/site-packages/airflow/example_dags/example_python_decorator.py
[2024-03-13T11:09:36.096+0200] {logging_mixin.py:188} INFO - [2024-03-13T11:09:36.095+0200] {override.py:1769} INFO - Created Permission View: can read on DAG:example_python_decorator
[2024-03-13T11:09:36.118+0200] {logging_mixin.py:188} INFO - [2024-03-13T11:09:36.117+0200] {override.py:1769} INFO - Created Permission View: can edit on DAG:example_python_decorator
[2024-03-13T11:09:36.136+0200] {logging_mixin.py:188} INFO - [2024-03-13T11:09:36.136+0200] {override.py:1769} INFO - Created Permission View: can delete on DAG:example_python_decorator
[2024-03-13T11:09:36.137+0200] {logging_mixin.py:188} INFO - [2024-03-13T11:09:36.137+0200] {dag.py:3047} INFO - Sync 1 DAGs
[2024-03-13T11:09:36.158+0200] {logging_mixin.py:188} INFO - [2024-03-13T11:09:36.157+0200] {dag.py:3069} INFO - Creating ORM DAG for example_python_decorator
[2024-03-13T11:09:36.160+0200] {logging_mixin.py:188} INFO - [2024-03-13T11:09:36.159+0200] {dag.py:3834} INFO - Setting next_dagrun for example_python_decorator to None, run_after=None
[2024-03-13T11:09:36.196+0200] {processor.py:183} INFO - Processing /usr/local/lib/python3.8/site-packages/airflow/example_dags/example_python_decorator.py took 0.431 seconds
[2024-03-13T11:10:26.890+0200] {processor.py:161} INFO - Started process (PID=2116) to work on /usr/local/lib/python3.8/site-packages/airflow/example_dags/example_python_decorator.py
[2024-03-13T11:10:26.891+0200] {processor.py:830} INFO - Processing file /usr/local/lib/python3.8/site-packages/airflow/example_dags/example_python_decorator.py for tasks to queue
[2024-03-13T11:10:26.892+0200] {logging_mixin.py:188} INFO - [2024-03-13T11:10:26.892+0200] {dagbag.py:540} INFO - Filling up the DagBag from /usr/local/lib/python3.8/site-packages/airflow/example_dags/example_python_decorator.py
[2024-03-13T11:10:26.926+0200] {logging_mixin.py:188} INFO - [2024-03-13T11:10:26.926+0200] {example_python_decorator.py:79} WARNING - The virtalenv_python example task requires virtualenv, please install it.
[2024-03-13T11:10:26.929+0200] {processor.py:840} INFO - DAG(s) 'example_python_decorator' retrieved from /usr/local/lib/python3.8/site-packages/airflow/example_dags/example_python_decorator.py
[2024-03-13T11:10:27.080+0200] {logging_mixin.py:188} INFO - [2024-03-13T11:10:27.079+0200] {dag.py:3047} INFO - Sync 1 DAGs
[2024-03-13T11:10:27.092+0200] {logging_mixin.py:188} INFO - [2024-03-13T11:10:27.092+0200] {dag.py:3834} INFO - Setting next_dagrun for example_python_decorator to None, run_after=None
[2024-03-13T11:10:27.108+0200] {processor.py:183} INFO - Processing /usr/local/lib/python3.8/site-packages/airflow/example_dags/example_python_decorator.py took 0.219 seconds
[2024-03-13T11:11:21.329+0200] {processor.py:161} INFO - Started process (PID=2324) to work on /usr/local/lib/python3.8/site-packages/airflow/example_dags/example_python_decorator.py
[2024-03-13T11:11:21.330+0200] {processor.py:830} INFO - Processing file /usr/local/lib/python3.8/site-packages/airflow/example_dags/example_python_decorator.py for tasks to queue
[2024-03-13T11:11:21.331+0200] {logging_mixin.py:188} INFO - [2024-03-13T11:11:21.331+0200] {dagbag.py:540} INFO - Filling up the DagBag from /usr/local/lib/python3.8/site-packages/airflow/example_dags/example_python_decorator.py
[2024-03-13T11:11:21.364+0200] {logging_mixin.py:188} INFO - [2024-03-13T11:11:21.364+0200] {example_python_decorator.py:79} WARNING - The virtalenv_python example task requires virtualenv, please install it.
[2024-03-13T11:11:21.366+0200] {processor.py:840} INFO - DAG(s) 'example_python_decorator' retrieved from /usr/local/lib/python3.8/site-packages/airflow/example_dags/example_python_decorator.py
[2024-03-13T11:11:21.520+0200] {logging_mixin.py:188} INFO - [2024-03-13T11:11:21.519+0200] {dag.py:3047} INFO - Sync 1 DAGs
[2024-03-13T11:11:21.532+0200] {logging_mixin.py:188} INFO - [2024-03-13T11:11:21.532+0200] {dag.py:3834} INFO - Setting next_dagrun for example_python_decorator to None, run_after=None
[2024-03-13T11:11:21.550+0200] {processor.py:183} INFO - Processing /usr/local/lib/python3.8/site-packages/airflow/example_dags/example_python_decorator.py took 0.221 seconds
[2024-03-13T11:12:11.831+0200] {processor.py:161} INFO - Started process (PID=2525) to work on /usr/local/lib/python3.8/site-packages/airflow/example_dags/example_python_decorator.py
[2024-03-13T11:12:11.832+0200] {processor.py:830} INFO - Processing file /usr/local/lib/python3.8/site-packages/airflow/example_dags/example_python_decorator.py for tasks to queue
[2024-03-13T11:12:11.833+0200] {logging_mixin.py:188} INFO - [2024-03-13T11:12:11.832+0200] {dagbag.py:540} INFO - Filling up the DagBag from /usr/local/lib/python3.8/site-packages/airflow/example_dags/example_python_decorator.py
[2024-03-13T11:12:11.869+0200] {logging_mixin.py:188} INFO - [2024-03-13T11:12:11.869+0200] {example_python_decorator.py:79} WARNING - The virtalenv_python example task requires virtualenv, please install it.
[2024-03-13T11:12:11.872+0200] {processor.py:840} INFO - DAG(s) 'example_python_decorator' retrieved from /usr/local/lib/python3.8/site-packages/airflow/example_dags/example_python_decorator.py
[2024-03-13T11:12:12.037+0200] {logging_mixin.py:188} INFO - [2024-03-13T11:12:12.037+0200] {dag.py:3047} INFO - Sync 1 DAGs
[2024-03-13T11:12:12.049+0200] {logging_mixin.py:188} INFO - [2024-03-13T11:12:12.049+0200] {dag.py:3834} INFO - Setting next_dagrun for example_python_decorator to None, run_after=None
[2024-03-13T11:12:12.064+0200] {processor.py:183} INFO - Processing /usr/local/lib/python3.8/site-packages/airflow/example_dags/example_python_decorator.py took 0.235 seconds
[2024-03-13T11:13:05.639+0200] {processor.py:161} INFO - Started process (PID=2708) to work on /usr/local/lib/python3.8/site-packages/airflow/example_dags/example_python_decorator.py
[2024-03-13T11:13:05.640+0200] {processor.py:830} INFO - Processing file /usr/local/lib/python3.8/site-packages/airflow/example_dags/example_python_decorator.py for tasks to queue
[2024-03-13T11:13:05.641+0200] {logging_mixin.py:188} INFO - [2024-03-13T11:13:05.640+0200] {dagbag.py:540} INFO - Filling up the DagBag from /usr/local/lib/python3.8/site-packages/airflow/example_dags/example_python_decorator.py
[2024-03-13T11:13:05.682+0200] {logging_mixin.py:188} INFO - [2024-03-13T11:13:05.682+0200] {example_python_decorator.py:79} WARNING - The virtalenv_python example task requires virtualenv, please install it.
[2024-03-13T11:13:05.684+0200] {processor.py:840} INFO - DAG(s) 'example_python_decorator' retrieved from /usr/local/lib/python3.8/site-packages/airflow/example_dags/example_python_decorator.py
[2024-03-13T11:17:09.735+0200] {processor.py:186} ERROR - Got an exception! Propagating...
Traceback (most recent call last):
  File "/usr/local/lib/python3.8/site-packages/sqlalchemy/engine/base.py", line 3371, in _wrap_pool_connect
    return fn()
  File "/usr/local/lib/python3.8/site-packages/sqlalchemy/pool/base.py", line 327, in connect
    return _ConnectionFairy._checkout(self)
  File "/usr/local/lib/python3.8/site-packages/sqlalchemy/pool/base.py", line 894, in _checkout
    fairy = _ConnectionRecord.checkout(pool)
  File "/usr/local/lib/python3.8/site-packages/sqlalchemy/pool/base.py", line 493, in checkout
    rec = pool._do_get()
  File "/usr/local/lib/python3.8/site-packages/sqlalchemy/pool/impl.py", line 146, in _do_get
    self._dec_overflow()
  File "/usr/local/lib/python3.8/site-packages/sqlalchemy/util/langhelpers.py", line 70, in __exit__
    compat.raise_(
  File "/usr/local/lib/python3.8/site-packages/sqlalchemy/util/compat.py", line 211, in raise_
    raise exception
  File "/usr/local/lib/python3.8/site-packages/sqlalchemy/pool/impl.py", line 143, in _do_get
    return self._create_connection()
  File "/usr/local/lib/python3.8/site-packages/sqlalchemy/pool/base.py", line 273, in _create_connection
    return _ConnectionRecord(self)
  File "/usr/local/lib/python3.8/site-packages/sqlalchemy/pool/base.py", line 388, in __init__
    self.__connect()
  File "/usr/local/lib/python3.8/site-packages/sqlalchemy/pool/base.py", line 691, in __connect
    pool.logger.debug("Error on connect(): %s", e)
  File "/usr/local/lib/python3.8/site-packages/sqlalchemy/util/langhelpers.py", line 70, in __exit__
    compat.raise_(
  File "/usr/local/lib/python3.8/site-packages/sqlalchemy/util/compat.py", line 211, in raise_
    raise exception
  File "/usr/local/lib/python3.8/site-packages/sqlalchemy/pool/base.py", line 686, in __connect
    self.dbapi_connection = connection = pool._invoke_creator(self)
  File "/usr/local/lib/python3.8/site-packages/sqlalchemy/engine/create.py", line 574, in connect
    return dialect.connect(*cargs, **cparams)
  File "/usr/local/lib/python3.8/site-packages/sqlalchemy/engine/default.py", line 598, in connect
    return self.dbapi.connect(*cargs, **cparams)
  File "/usr/local/lib/python3.8/site-packages/psycopg2/__init__.py", line 122, in connect
    conn = _connect(dsn, connection_factory=connection_factory, **kwasync)
psycopg2.OperationalError: connection to server at "localhost" (::1), port 8080 failed: Connection refused
	Is the server running on that host and accepting TCP/IP connections?
connection to server at "localhost" (127.0.0.1), port 8080 failed: server closed the connection unexpectedly
	This probably means the server terminated abnormally
	before or while processing the request.


The above exception was the direct cause of the following exception:

Traceback (most recent call last):
  File "/usr/local/lib/python3.8/site-packages/airflow/dag_processing/processor.py", line 182, in _run_file_processor
    _handle_dag_file_processing()
  File "/usr/local/lib/python3.8/site-packages/airflow/dag_processing/processor.py", line 163, in _handle_dag_file_processing
    result: tuple[int, int] = dag_file_processor.process_file(
  File "/usr/local/lib/python3.8/site-packages/airflow/utils/session.py", line 79, in wrapper
    return func(*args, session=session, **kwargs)
  File "/usr/local/lib/python3.8/site-packages/airflow/dag_processing/processor.py", line 859, in process_file
    serialize_errors = DagFileProcessor.save_dag_to_db(
  File "/usr/local/lib/python3.8/site-packages/airflow/api_internal/internal_api_call.py", line 114, in wrapper
    return func(*args, **kwargs)
  File "/usr/local/lib/python3.8/site-packages/airflow/utils/session.py", line 79, in wrapper
    return func(*args, session=session, **kwargs)
  File "/usr/local/lib/python3.8/site-packages/airflow/dag_processing/processor.py", line 895, in save_dag_to_db
    import_errors = DagBag._sync_to_db(dags=dags, processor_subdir=dag_directory, session=session)
  File "/usr/local/lib/python3.8/site-packages/airflow/utils/session.py", line 76, in wrapper
    return func(*args, **kwargs)
  File "/usr/local/lib/python3.8/site-packages/airflow/models/dagbag.py", line 659, in _sync_to_db
    for attempt in run_with_db_retries(logger=log):
  File "/usr/local/lib/python3.8/site-packages/tenacity/__init__.py", line 347, in __iter__
    do = self.iter(retry_state=retry_state)
  File "/usr/local/lib/python3.8/site-packages/tenacity/__init__.py", line 325, in iter
    raise retry_exc.reraise()
  File "/usr/local/lib/python3.8/site-packages/tenacity/__init__.py", line 158, in reraise
    raise self.last_attempt.result()
  File "/usr/local/Cellar/python@3.8/3.8.18_2/Frameworks/Python.framework/Versions/3.8/lib/python3.8/concurrent/futures/_base.py", line 437, in result
    return self.__get_result()
  File "/usr/local/Cellar/python@3.8/3.8.18_2/Frameworks/Python.framework/Versions/3.8/lib/python3.8/concurrent/futures/_base.py", line 389, in __get_result
    raise self._exception
  File "/usr/local/lib/python3.8/site-packages/airflow/models/dagbag.py", line 672, in _sync_to_db
    _serialize_dag_capturing_errors(dag, session, processor_subdir)
  File "/usr/local/lib/python3.8/site-packages/airflow/models/dagbag.py", line 637, in _serialize_dag_capturing_errors
    dag_was_updated = SerializedDagModel.write_dag(
  File "/usr/local/lib/python3.8/site-packages/airflow/utils/session.py", line 76, in wrapper
    return func(*args, **kwargs)
  File "/usr/local/lib/python3.8/site-packages/airflow/models/serialized_dag.py", line 157, in write_dag
    if session.scalar(
  File "/usr/local/lib/python3.8/site-packages/sqlalchemy/orm/session.py", line 1747, in scalar
    return self.execute(
  File "/usr/local/lib/python3.8/site-packages/sqlalchemy/orm/session.py", line 1716, in execute
    conn = self._connection_for_bind(bind)
  File "/usr/local/lib/python3.8/site-packages/sqlalchemy/orm/session.py", line 1555, in _connection_for_bind
    return self._transaction._connection_for_bind(
  File "/usr/local/lib/python3.8/site-packages/sqlalchemy/orm/session.py", line 750, in _connection_for_bind
    conn = bind.connect()
  File "/usr/local/lib/python3.8/site-packages/sqlalchemy/future/engine.py", line 412, in connect
    return super(Engine, self).connect()
  File "/usr/local/lib/python3.8/site-packages/sqlalchemy/engine/base.py", line 3325, in connect
    return self._connection_cls(self, close_with_result=close_with_result)
  File "/usr/local/lib/python3.8/site-packages/sqlalchemy/engine/base.py", line 96, in __init__
    else engine.raw_connection()
  File "/usr/local/lib/python3.8/site-packages/sqlalchemy/engine/base.py", line 3404, in raw_connection
    return self._wrap_pool_connect(self.pool.connect, _connection)
  File "/usr/local/lib/python3.8/site-packages/sqlalchemy/engine/base.py", line 3374, in _wrap_pool_connect
    Connection._handle_dbapi_exception_noconnection(
  File "/usr/local/lib/python3.8/site-packages/sqlalchemy/engine/base.py", line 2208, in _handle_dbapi_exception_noconnection
    util.raise_(
  File "/usr/local/lib/python3.8/site-packages/sqlalchemy/util/compat.py", line 211, in raise_
    raise exception
  File "/usr/local/lib/python3.8/site-packages/sqlalchemy/engine/base.py", line 3371, in _wrap_pool_connect
    return fn()
  File "/usr/local/lib/python3.8/site-packages/sqlalchemy/pool/base.py", line 327, in connect
    return _ConnectionFairy._checkout(self)
  File "/usr/local/lib/python3.8/site-packages/sqlalchemy/pool/base.py", line 894, in _checkout
    fairy = _ConnectionRecord.checkout(pool)
  File "/usr/local/lib/python3.8/site-packages/sqlalchemy/pool/base.py", line 493, in checkout
    rec = pool._do_get()
  File "/usr/local/lib/python3.8/site-packages/sqlalchemy/pool/impl.py", line 146, in _do_get
    self._dec_overflow()
  File "/usr/local/lib/python3.8/site-packages/sqlalchemy/util/langhelpers.py", line 70, in __exit__
    compat.raise_(
  File "/usr/local/lib/python3.8/site-packages/sqlalchemy/util/compat.py", line 211, in raise_
    raise exception
  File "/usr/local/lib/python3.8/site-packages/sqlalchemy/pool/impl.py", line 143, in _do_get
    return self._create_connection()
  File "/usr/local/lib/python3.8/site-packages/sqlalchemy/pool/base.py", line 273, in _create_connection
    return _ConnectionRecord(self)
  File "/usr/local/lib/python3.8/site-packages/sqlalchemy/pool/base.py", line 388, in __init__
    self.__connect()
  File "/usr/local/lib/python3.8/site-packages/sqlalchemy/pool/base.py", line 691, in __connect
    pool.logger.debug("Error on connect(): %s", e)
  File "/usr/local/lib/python3.8/site-packages/sqlalchemy/util/langhelpers.py", line 70, in __exit__
    compat.raise_(
  File "/usr/local/lib/python3.8/site-packages/sqlalchemy/util/compat.py", line 211, in raise_
    raise exception
  File "/usr/local/lib/python3.8/site-packages/sqlalchemy/pool/base.py", line 686, in __connect
    self.dbapi_connection = connection = pool._invoke_creator(self)
  File "/usr/local/lib/python3.8/site-packages/sqlalchemy/engine/create.py", line 574, in connect
    return dialect.connect(*cargs, **cparams)
  File "/usr/local/lib/python3.8/site-packages/sqlalchemy/engine/default.py", line 598, in connect
    return self.dbapi.connect(*cargs, **cparams)
  File "/usr/local/lib/python3.8/site-packages/psycopg2/__init__.py", line 122, in connect
    conn = _connect(dsn, connection_factory=connection_factory, **kwasync)
sqlalchemy.exc.OperationalError: (psycopg2.OperationalError) connection to server at "localhost" (::1), port 8080 failed: Connection refused
	Is the server running on that host and accepting TCP/IP connections?
connection to server at "localhost" (127.0.0.1), port 8080 failed: server closed the connection unexpectedly
	This probably means the server terminated abnormally
	before or while processing the request.

(Background on this error at: https://sqlalche.me/e/14/e3q8)
[2024-03-13T11:18:22.003+0200] {processor.py:161} INFO - Started process (PID=3367) to work on /usr/local/lib/python3.8/site-packages/airflow/example_dags/example_python_decorator.py
[2024-03-13T11:18:22.004+0200] {processor.py:830} INFO - Processing file /usr/local/lib/python3.8/site-packages/airflow/example_dags/example_python_decorator.py for tasks to queue
[2024-03-13T11:18:22.005+0200] {logging_mixin.py:188} INFO - [2024-03-13T11:18:22.005+0200] {dagbag.py:540} INFO - Filling up the DagBag from /usr/local/lib/python3.8/site-packages/airflow/example_dags/example_python_decorator.py
[2024-03-13T11:18:22.033+0200] {logging_mixin.py:188} INFO - [2024-03-13T11:18:22.033+0200] {example_python_decorator.py:79} WARNING - The virtalenv_python example task requires virtualenv, please install it.
[2024-03-13T11:18:22.035+0200] {processor.py:840} INFO - DAG(s) 'example_python_decorator' retrieved from /usr/local/lib/python3.8/site-packages/airflow/example_dags/example_python_decorator.py
[2024-03-13T11:18:22.182+0200] {logging_mixin.py:188} INFO - [2024-03-13T11:18:22.181+0200] {dag.py:3047} INFO - Sync 1 DAGs
[2024-03-13T11:18:22.193+0200] {logging_mixin.py:188} INFO - [2024-03-13T11:18:22.193+0200] {dag.py:3834} INFO - Setting next_dagrun for example_python_decorator to None, run_after=None
[2024-03-13T11:18:22.208+0200] {processor.py:183} INFO - Processing /usr/local/lib/python3.8/site-packages/airflow/example_dags/example_python_decorator.py took 0.206 seconds
[2024-03-13T11:19:11.138+0200] {processor.py:161} INFO - Started process (PID=3552) to work on /usr/local/lib/python3.8/site-packages/airflow/example_dags/example_python_decorator.py
[2024-03-13T11:19:11.139+0200] {processor.py:830} INFO - Processing file /usr/local/lib/python3.8/site-packages/airflow/example_dags/example_python_decorator.py for tasks to queue
[2024-03-13T11:19:11.139+0200] {logging_mixin.py:188} INFO - [2024-03-13T11:19:11.139+0200] {dagbag.py:540} INFO - Filling up the DagBag from /usr/local/lib/python3.8/site-packages/airflow/example_dags/example_python_decorator.py
[2024-03-13T11:19:11.172+0200] {logging_mixin.py:188} INFO - [2024-03-13T11:19:11.172+0200] {example_python_decorator.py:79} WARNING - The virtalenv_python example task requires virtualenv, please install it.
[2024-03-13T11:19:11.175+0200] {processor.py:840} INFO - DAG(s) 'example_python_decorator' retrieved from /usr/local/lib/python3.8/site-packages/airflow/example_dags/example_python_decorator.py
[2024-03-13T11:19:11.340+0200] {logging_mixin.py:188} INFO - [2024-03-13T11:19:11.339+0200] {dag.py:3047} INFO - Sync 1 DAGs
[2024-03-13T11:19:11.351+0200] {logging_mixin.py:188} INFO - [2024-03-13T11:19:11.351+0200] {dag.py:3834} INFO - Setting next_dagrun for example_python_decorator to None, run_after=None
[2024-03-13T11:19:11.367+0200] {processor.py:183} INFO - Processing /usr/local/lib/python3.8/site-packages/airflow/example_dags/example_python_decorator.py took 0.230 seconds
[2024-03-13T11:20:06.208+0200] {processor.py:161} INFO - Started process (PID=3770) to work on /usr/local/lib/python3.8/site-packages/airflow/example_dags/example_python_decorator.py
[2024-03-13T11:20:06.209+0200] {processor.py:830} INFO - Processing file /usr/local/lib/python3.8/site-packages/airflow/example_dags/example_python_decorator.py for tasks to queue
[2024-03-13T11:20:06.210+0200] {logging_mixin.py:188} INFO - [2024-03-13T11:20:06.210+0200] {dagbag.py:540} INFO - Filling up the DagBag from /usr/local/lib/python3.8/site-packages/airflow/example_dags/example_python_decorator.py
[2024-03-13T11:20:06.240+0200] {logging_mixin.py:188} INFO - [2024-03-13T11:20:06.239+0200] {example_python_decorator.py:79} WARNING - The virtalenv_python example task requires virtualenv, please install it.
[2024-03-13T11:20:06.241+0200] {processor.py:840} INFO - DAG(s) 'example_python_decorator' retrieved from /usr/local/lib/python3.8/site-packages/airflow/example_dags/example_python_decorator.py
[2024-03-13T11:20:06.391+0200] {logging_mixin.py:188} INFO - [2024-03-13T11:20:06.390+0200] {dag.py:3047} INFO - Sync 1 DAGs
[2024-03-13T11:20:06.402+0200] {logging_mixin.py:188} INFO - [2024-03-13T11:20:06.402+0200] {dag.py:3834} INFO - Setting next_dagrun for example_python_decorator to None, run_after=None
[2024-03-13T11:20:06.417+0200] {processor.py:183} INFO - Processing /usr/local/lib/python3.8/site-packages/airflow/example_dags/example_python_decorator.py took 0.210 seconds
[2024-03-13T11:21:03.150+0200] {processor.py:161} INFO - Started process (PID=4001) to work on /usr/local/lib/python3.8/site-packages/airflow/example_dags/example_python_decorator.py
[2024-03-13T11:21:03.151+0200] {processor.py:830} INFO - Processing file /usr/local/lib/python3.8/site-packages/airflow/example_dags/example_python_decorator.py for tasks to queue
[2024-03-13T11:21:03.152+0200] {logging_mixin.py:188} INFO - [2024-03-13T11:21:03.152+0200] {dagbag.py:540} INFO - Filling up the DagBag from /usr/local/lib/python3.8/site-packages/airflow/example_dags/example_python_decorator.py
[2024-03-13T11:21:03.180+0200] {logging_mixin.py:188} INFO - [2024-03-13T11:21:03.180+0200] {example_python_decorator.py:79} WARNING - The virtalenv_python example task requires virtualenv, please install it.
[2024-03-13T11:21:03.182+0200] {processor.py:840} INFO - DAG(s) 'example_python_decorator' retrieved from /usr/local/lib/python3.8/site-packages/airflow/example_dags/example_python_decorator.py
[2024-03-13T11:21:03.338+0200] {logging_mixin.py:188} INFO - [2024-03-13T11:21:03.337+0200] {dag.py:3047} INFO - Sync 1 DAGs
[2024-03-13T11:21:03.347+0200] {logging_mixin.py:188} INFO - [2024-03-13T11:21:03.347+0200] {dag.py:3834} INFO - Setting next_dagrun for example_python_decorator to None, run_after=None
[2024-03-13T11:21:03.359+0200] {processor.py:183} INFO - Processing /usr/local/lib/python3.8/site-packages/airflow/example_dags/example_python_decorator.py took 0.210 seconds
[2024-03-13T11:21:52.900+0200] {processor.py:161} INFO - Started process (PID=4198) to work on /usr/local/lib/python3.8/site-packages/airflow/example_dags/example_python_decorator.py
[2024-03-13T11:21:52.901+0200] {processor.py:830} INFO - Processing file /usr/local/lib/python3.8/site-packages/airflow/example_dags/example_python_decorator.py for tasks to queue
[2024-03-13T11:21:52.901+0200] {logging_mixin.py:188} INFO - [2024-03-13T11:21:52.901+0200] {dagbag.py:540} INFO - Filling up the DagBag from /usr/local/lib/python3.8/site-packages/airflow/example_dags/example_python_decorator.py
[2024-03-13T11:21:52.939+0200] {logging_mixin.py:188} INFO - [2024-03-13T11:21:52.939+0200] {example_python_decorator.py:79} WARNING - The virtalenv_python example task requires virtualenv, please install it.
[2024-03-13T11:21:52.942+0200] {processor.py:840} INFO - DAG(s) 'example_python_decorator' retrieved from /usr/local/lib/python3.8/site-packages/airflow/example_dags/example_python_decorator.py
[2024-03-13T11:21:53.138+0200] {logging_mixin.py:188} INFO - [2024-03-13T11:21:53.137+0200] {dag.py:3047} INFO - Sync 1 DAGs
[2024-03-13T11:21:53.148+0200] {logging_mixin.py:188} INFO - [2024-03-13T11:21:53.148+0200] {dag.py:3834} INFO - Setting next_dagrun for example_python_decorator to None, run_after=None
[2024-03-13T11:21:53.161+0200] {processor.py:183} INFO - Processing /usr/local/lib/python3.8/site-packages/airflow/example_dags/example_python_decorator.py took 0.263 seconds
[2024-03-13T11:22:42.254+0200] {processor.py:161} INFO - Started process (PID=4383) to work on /usr/local/lib/python3.8/site-packages/airflow/example_dags/example_python_decorator.py
[2024-03-13T11:22:42.254+0200] {processor.py:830} INFO - Processing file /usr/local/lib/python3.8/site-packages/airflow/example_dags/example_python_decorator.py for tasks to queue
[2024-03-13T11:22:42.255+0200] {logging_mixin.py:188} INFO - [2024-03-13T11:22:42.255+0200] {dagbag.py:540} INFO - Filling up the DagBag from /usr/local/lib/python3.8/site-packages/airflow/example_dags/example_python_decorator.py
[2024-03-13T11:22:42.283+0200] {logging_mixin.py:188} INFO - [2024-03-13T11:22:42.283+0200] {example_python_decorator.py:79} WARNING - The virtalenv_python example task requires virtualenv, please install it.
[2024-03-13T11:22:42.285+0200] {processor.py:840} INFO - DAG(s) 'example_python_decorator' retrieved from /usr/local/lib/python3.8/site-packages/airflow/example_dags/example_python_decorator.py
[2024-03-13T11:22:42.457+0200] {logging_mixin.py:188} INFO - [2024-03-13T11:22:42.457+0200] {dag.py:3047} INFO - Sync 1 DAGs
[2024-03-13T11:22:42.470+0200] {logging_mixin.py:188} INFO - [2024-03-13T11:22:42.470+0200] {dag.py:3834} INFO - Setting next_dagrun for example_python_decorator to None, run_after=None
[2024-03-13T11:22:42.501+0200] {processor.py:183} INFO - Processing /usr/local/lib/python3.8/site-packages/airflow/example_dags/example_python_decorator.py took 0.249 seconds
[2024-03-13T11:23:38.898+0200] {processor.py:161} INFO - Started process (PID=4590) to work on /usr/local/lib/python3.8/site-packages/airflow/example_dags/example_python_decorator.py
[2024-03-13T11:23:38.899+0200] {processor.py:830} INFO - Processing file /usr/local/lib/python3.8/site-packages/airflow/example_dags/example_python_decorator.py for tasks to queue
[2024-03-13T11:23:38.900+0200] {logging_mixin.py:188} INFO - [2024-03-13T11:23:38.900+0200] {dagbag.py:540} INFO - Filling up the DagBag from /usr/local/lib/python3.8/site-packages/airflow/example_dags/example_python_decorator.py
[2024-03-13T11:23:38.940+0200] {logging_mixin.py:188} INFO - [2024-03-13T11:23:38.940+0200] {example_python_decorator.py:79} WARNING - The virtalenv_python example task requires virtualenv, please install it.
[2024-03-13T11:23:38.943+0200] {processor.py:840} INFO - DAG(s) 'example_python_decorator' retrieved from /usr/local/lib/python3.8/site-packages/airflow/example_dags/example_python_decorator.py
[2024-03-13T11:23:39.141+0200] {logging_mixin.py:188} INFO - [2024-03-13T11:23:39.140+0200] {dag.py:3047} INFO - Sync 1 DAGs
[2024-03-13T11:23:39.154+0200] {logging_mixin.py:188} INFO - [2024-03-13T11:23:39.154+0200] {dag.py:3834} INFO - Setting next_dagrun for example_python_decorator to None, run_after=None
[2024-03-13T11:23:39.191+0200] {processor.py:183} INFO - Processing /usr/local/lib/python3.8/site-packages/airflow/example_dags/example_python_decorator.py took 0.295 seconds
[2024-03-13T11:24:37.801+0200] {processor.py:161} INFO - Started process (PID=4803) to work on /usr/local/lib/python3.8/site-packages/airflow/example_dags/example_python_decorator.py
[2024-03-13T11:24:37.802+0200] {processor.py:830} INFO - Processing file /usr/local/lib/python3.8/site-packages/airflow/example_dags/example_python_decorator.py for tasks to queue
[2024-03-13T11:24:37.803+0200] {logging_mixin.py:188} INFO - [2024-03-13T11:24:37.803+0200] {dagbag.py:540} INFO - Filling up the DagBag from /usr/local/lib/python3.8/site-packages/airflow/example_dags/example_python_decorator.py
[2024-03-13T11:24:37.839+0200] {logging_mixin.py:188} INFO - [2024-03-13T11:24:37.839+0200] {example_python_decorator.py:79} WARNING - The virtalenv_python example task requires virtualenv, please install it.
[2024-03-13T11:24:37.842+0200] {processor.py:840} INFO - DAG(s) 'example_python_decorator' retrieved from /usr/local/lib/python3.8/site-packages/airflow/example_dags/example_python_decorator.py
[2024-03-13T11:24:37.994+0200] {logging_mixin.py:188} INFO - [2024-03-13T11:24:37.994+0200] {dag.py:3047} INFO - Sync 1 DAGs
[2024-03-13T11:24:38.007+0200] {logging_mixin.py:188} INFO - [2024-03-13T11:24:38.007+0200] {dag.py:3834} INFO - Setting next_dagrun for example_python_decorator to None, run_after=None
[2024-03-13T11:24:38.041+0200] {processor.py:183} INFO - Processing /usr/local/lib/python3.8/site-packages/airflow/example_dags/example_python_decorator.py took 0.241 seconds
[2024-03-13T11:25:33.635+0200] {processor.py:161} INFO - Started process (PID=4993) to work on /usr/local/lib/python3.8/site-packages/airflow/example_dags/example_python_decorator.py
[2024-03-13T11:25:33.636+0200] {processor.py:830} INFO - Processing file /usr/local/lib/python3.8/site-packages/airflow/example_dags/example_python_decorator.py for tasks to queue
[2024-03-13T11:25:33.636+0200] {logging_mixin.py:188} INFO - [2024-03-13T11:25:33.636+0200] {dagbag.py:540} INFO - Filling up the DagBag from /usr/local/lib/python3.8/site-packages/airflow/example_dags/example_python_decorator.py
[2024-03-13T11:25:33.667+0200] {logging_mixin.py:188} INFO - [2024-03-13T11:25:33.667+0200] {example_python_decorator.py:79} WARNING - The virtalenv_python example task requires virtualenv, please install it.
[2024-03-13T11:25:33.670+0200] {processor.py:840} INFO - DAG(s) 'example_python_decorator' retrieved from /usr/local/lib/python3.8/site-packages/airflow/example_dags/example_python_decorator.py
[2024-03-13T11:25:33.817+0200] {logging_mixin.py:188} INFO - [2024-03-13T11:25:33.817+0200] {dag.py:3047} INFO - Sync 1 DAGs
[2024-03-13T11:25:33.841+0200] {logging_mixin.py:188} INFO - [2024-03-13T11:25:33.841+0200] {dag.py:3834} INFO - Setting next_dagrun for example_python_decorator to None, run_after=None
[2024-03-13T11:25:33.858+0200] {processor.py:183} INFO - Processing /usr/local/lib/python3.8/site-packages/airflow/example_dags/example_python_decorator.py took 0.225 seconds
[2024-03-13T11:26:19.142+0200] {processor.py:161} INFO - Started process (PID=5179) to work on /usr/local/lib/python3.8/site-packages/airflow/example_dags/example_python_decorator.py
[2024-03-13T11:26:19.143+0200] {processor.py:830} INFO - Processing file /usr/local/lib/python3.8/site-packages/airflow/example_dags/example_python_decorator.py for tasks to queue
[2024-03-13T11:26:19.143+0200] {logging_mixin.py:188} INFO - [2024-03-13T11:26:19.143+0200] {dagbag.py:540} INFO - Filling up the DagBag from /usr/local/lib/python3.8/site-packages/airflow/example_dags/example_python_decorator.py
[2024-03-13T11:26:19.170+0200] {logging_mixin.py:188} INFO - [2024-03-13T11:26:19.170+0200] {example_python_decorator.py:79} WARNING - The virtalenv_python example task requires virtualenv, please install it.
[2024-03-13T11:26:19.172+0200] {processor.py:840} INFO - DAG(s) 'example_python_decorator' retrieved from /usr/local/lib/python3.8/site-packages/airflow/example_dags/example_python_decorator.py
[2024-03-13T11:26:19.319+0200] {logging_mixin.py:188} INFO - [2024-03-13T11:26:19.319+0200] {dag.py:3047} INFO - Sync 1 DAGs
[2024-03-13T11:26:19.341+0200] {logging_mixin.py:188} INFO - [2024-03-13T11:26:19.340+0200] {dag.py:3834} INFO - Setting next_dagrun for example_python_decorator to None, run_after=None
[2024-03-13T11:26:19.355+0200] {processor.py:183} INFO - Processing /usr/local/lib/python3.8/site-packages/airflow/example_dags/example_python_decorator.py took 0.214 seconds
[2024-03-13T11:27:03.840+0200] {processor.py:161} INFO - Started process (PID=5355) to work on /usr/local/lib/python3.8/site-packages/airflow/example_dags/example_python_decorator.py
[2024-03-13T11:27:03.841+0200] {processor.py:830} INFO - Processing file /usr/local/lib/python3.8/site-packages/airflow/example_dags/example_python_decorator.py for tasks to queue
[2024-03-13T11:27:03.841+0200] {logging_mixin.py:188} INFO - [2024-03-13T11:27:03.841+0200] {dagbag.py:540} INFO - Filling up the DagBag from /usr/local/lib/python3.8/site-packages/airflow/example_dags/example_python_decorator.py
[2024-03-13T11:27:03.868+0200] {logging_mixin.py:188} INFO - [2024-03-13T11:27:03.868+0200] {example_python_decorator.py:79} WARNING - The virtalenv_python example task requires virtualenv, please install it.
[2024-03-13T11:27:03.870+0200] {processor.py:840} INFO - DAG(s) 'example_python_decorator' retrieved from /usr/local/lib/python3.8/site-packages/airflow/example_dags/example_python_decorator.py
[2024-03-13T11:27:04.017+0200] {logging_mixin.py:188} INFO - [2024-03-13T11:27:04.017+0200] {dag.py:3047} INFO - Sync 1 DAGs
[2024-03-13T11:27:04.041+0200] {logging_mixin.py:188} INFO - [2024-03-13T11:27:04.040+0200] {dag.py:3834} INFO - Setting next_dagrun for example_python_decorator to None, run_after=None
[2024-03-13T11:27:04.055+0200] {processor.py:183} INFO - Processing /usr/local/lib/python3.8/site-packages/airflow/example_dags/example_python_decorator.py took 0.217 seconds
[2024-03-13T11:27:54.145+0200] {processor.py:161} INFO - Started process (PID=5550) to work on /usr/local/lib/python3.8/site-packages/airflow/example_dags/example_python_decorator.py
[2024-03-13T11:27:54.146+0200] {processor.py:830} INFO - Processing file /usr/local/lib/python3.8/site-packages/airflow/example_dags/example_python_decorator.py for tasks to queue
[2024-03-13T11:27:54.147+0200] {logging_mixin.py:188} INFO - [2024-03-13T11:27:54.147+0200] {dagbag.py:540} INFO - Filling up the DagBag from /usr/local/lib/python3.8/site-packages/airflow/example_dags/example_python_decorator.py
[2024-03-13T11:27:54.175+0200] {logging_mixin.py:188} INFO - [2024-03-13T11:27:54.175+0200] {example_python_decorator.py:79} WARNING - The virtalenv_python example task requires virtualenv, please install it.
[2024-03-13T11:27:54.177+0200] {processor.py:840} INFO - DAG(s) 'example_python_decorator' retrieved from /usr/local/lib/python3.8/site-packages/airflow/example_dags/example_python_decorator.py
[2024-03-13T11:27:54.314+0200] {logging_mixin.py:188} INFO - [2024-03-13T11:27:54.313+0200] {dag.py:3047} INFO - Sync 1 DAGs
[2024-03-13T11:27:54.340+0200] {logging_mixin.py:188} INFO - [2024-03-13T11:27:54.340+0200] {dag.py:3834} INFO - Setting next_dagrun for example_python_decorator to None, run_after=None
[2024-03-13T11:27:54.353+0200] {processor.py:183} INFO - Processing /usr/local/lib/python3.8/site-packages/airflow/example_dags/example_python_decorator.py took 0.209 seconds
[2024-03-13T11:28:37.836+0200] {processor.py:161} INFO - Started process (PID=5720) to work on /usr/local/lib/python3.8/site-packages/airflow/example_dags/example_python_decorator.py
[2024-03-13T11:28:37.838+0200] {processor.py:830} INFO - Processing file /usr/local/lib/python3.8/site-packages/airflow/example_dags/example_python_decorator.py for tasks to queue
[2024-03-13T11:28:37.839+0200] {logging_mixin.py:188} INFO - [2024-03-13T11:28:37.839+0200] {dagbag.py:540} INFO - Filling up the DagBag from /usr/local/lib/python3.8/site-packages/airflow/example_dags/example_python_decorator.py
[2024-03-13T11:28:37.866+0200] {logging_mixin.py:188} INFO - [2024-03-13T11:28:37.865+0200] {example_python_decorator.py:79} WARNING - The virtalenv_python example task requires virtualenv, please install it.
[2024-03-13T11:28:37.868+0200] {processor.py:840} INFO - DAG(s) 'example_python_decorator' retrieved from /usr/local/lib/python3.8/site-packages/airflow/example_dags/example_python_decorator.py
[2024-03-13T11:28:38.010+0200] {logging_mixin.py:188} INFO - [2024-03-13T11:28:38.009+0200] {dag.py:3047} INFO - Sync 1 DAGs
[2024-03-13T11:28:38.020+0200] {logging_mixin.py:188} INFO - [2024-03-13T11:28:38.020+0200] {dag.py:3834} INFO - Setting next_dagrun for example_python_decorator to None, run_after=None
[2024-03-13T11:28:38.048+0200] {processor.py:183} INFO - Processing /usr/local/lib/python3.8/site-packages/airflow/example_dags/example_python_decorator.py took 0.214 seconds
[2024-03-13T11:29:18.774+0200] {processor.py:161} INFO - Started process (PID=5884) to work on /usr/local/lib/python3.8/site-packages/airflow/example_dags/example_python_decorator.py
[2024-03-13T11:29:18.775+0200] {processor.py:830} INFO - Processing file /usr/local/lib/python3.8/site-packages/airflow/example_dags/example_python_decorator.py for tasks to queue
[2024-03-13T11:29:18.775+0200] {logging_mixin.py:188} INFO - [2024-03-13T11:29:18.775+0200] {dagbag.py:540} INFO - Filling up the DagBag from /usr/local/lib/python3.8/site-packages/airflow/example_dags/example_python_decorator.py
[2024-03-13T11:29:18.803+0200] {logging_mixin.py:188} INFO - [2024-03-13T11:29:18.802+0200] {example_python_decorator.py:79} WARNING - The virtalenv_python example task requires virtualenv, please install it.
[2024-03-13T11:29:18.804+0200] {processor.py:840} INFO - DAG(s) 'example_python_decorator' retrieved from /usr/local/lib/python3.8/site-packages/airflow/example_dags/example_python_decorator.py
[2024-03-13T11:29:18.954+0200] {logging_mixin.py:188} INFO - [2024-03-13T11:29:18.954+0200] {dag.py:3047} INFO - Sync 1 DAGs
[2024-03-13T11:29:18.965+0200] {logging_mixin.py:188} INFO - [2024-03-13T11:29:18.965+0200] {dag.py:3834} INFO - Setting next_dagrun for example_python_decorator to None, run_after=None
[2024-03-13T11:29:18.991+0200] {processor.py:183} INFO - Processing /usr/local/lib/python3.8/site-packages/airflow/example_dags/example_python_decorator.py took 0.219 seconds
[2024-03-13T11:30:01.012+0200] {processor.py:161} INFO - Started process (PID=6049) to work on /usr/local/lib/python3.8/site-packages/airflow/example_dags/example_python_decorator.py
[2024-03-13T11:30:01.013+0200] {processor.py:830} INFO - Processing file /usr/local/lib/python3.8/site-packages/airflow/example_dags/example_python_decorator.py for tasks to queue
[2024-03-13T11:30:01.013+0200] {logging_mixin.py:188} INFO - [2024-03-13T11:30:01.013+0200] {dagbag.py:540} INFO - Filling up the DagBag from /usr/local/lib/python3.8/site-packages/airflow/example_dags/example_python_decorator.py
[2024-03-13T11:30:01.039+0200] {logging_mixin.py:188} INFO - [2024-03-13T11:30:01.039+0200] {example_python_decorator.py:79} WARNING - The virtalenv_python example task requires virtualenv, please install it.
[2024-03-13T11:30:01.041+0200] {processor.py:840} INFO - DAG(s) 'example_python_decorator' retrieved from /usr/local/lib/python3.8/site-packages/airflow/example_dags/example_python_decorator.py
[2024-03-13T11:30:01.196+0200] {logging_mixin.py:188} INFO - [2024-03-13T11:30:01.196+0200] {dag.py:3047} INFO - Sync 1 DAGs
[2024-03-13T11:30:01.224+0200] {logging_mixin.py:188} INFO - [2024-03-13T11:30:01.223+0200] {dag.py:3834} INFO - Setting next_dagrun for example_python_decorator to None, run_after=None
[2024-03-13T11:30:01.239+0200] {processor.py:183} INFO - Processing /usr/local/lib/python3.8/site-packages/airflow/example_dags/example_python_decorator.py took 0.228 seconds
[2024-03-13T11:30:43.411+0200] {processor.py:161} INFO - Started process (PID=6212) to work on /usr/local/lib/python3.8/site-packages/airflow/example_dags/example_python_decorator.py
[2024-03-13T11:30:43.412+0200] {processor.py:830} INFO - Processing file /usr/local/lib/python3.8/site-packages/airflow/example_dags/example_python_decorator.py for tasks to queue
[2024-03-13T11:30:43.413+0200] {logging_mixin.py:188} INFO - [2024-03-13T11:30:43.413+0200] {dagbag.py:540} INFO - Filling up the DagBag from /usr/local/lib/python3.8/site-packages/airflow/example_dags/example_python_decorator.py
[2024-03-13T11:30:43.442+0200] {logging_mixin.py:188} INFO - [2024-03-13T11:30:43.442+0200] {example_python_decorator.py:79} WARNING - The virtalenv_python example task requires virtualenv, please install it.
[2024-03-13T11:30:43.444+0200] {processor.py:840} INFO - DAG(s) 'example_python_decorator' retrieved from /usr/local/lib/python3.8/site-packages/airflow/example_dags/example_python_decorator.py
[2024-03-13T11:30:43.592+0200] {logging_mixin.py:188} INFO - [2024-03-13T11:30:43.592+0200] {dag.py:3047} INFO - Sync 1 DAGs
[2024-03-13T11:30:43.603+0200] {logging_mixin.py:188} INFO - [2024-03-13T11:30:43.603+0200] {dag.py:3834} INFO - Setting next_dagrun for example_python_decorator to None, run_after=None
[2024-03-13T11:30:43.630+0200] {processor.py:183} INFO - Processing /usr/local/lib/python3.8/site-packages/airflow/example_dags/example_python_decorator.py took 0.220 seconds
[2024-03-13T11:31:36.467+0200] {processor.py:161} INFO - Started process (PID=6422) to work on /usr/local/lib/python3.8/site-packages/airflow/example_dags/example_python_decorator.py
[2024-03-13T11:31:36.468+0200] {processor.py:830} INFO - Processing file /usr/local/lib/python3.8/site-packages/airflow/example_dags/example_python_decorator.py for tasks to queue
[2024-03-13T11:31:36.469+0200] {logging_mixin.py:188} INFO - [2024-03-13T11:31:36.469+0200] {dagbag.py:540} INFO - Filling up the DagBag from /usr/local/lib/python3.8/site-packages/airflow/example_dags/example_python_decorator.py
[2024-03-13T11:31:36.508+0200] {logging_mixin.py:188} INFO - [2024-03-13T11:31:36.508+0200] {example_python_decorator.py:79} WARNING - The virtalenv_python example task requires virtualenv, please install it.
[2024-03-13T11:31:36.510+0200] {processor.py:840} INFO - DAG(s) 'example_python_decorator' retrieved from /usr/local/lib/python3.8/site-packages/airflow/example_dags/example_python_decorator.py
[2024-03-13T11:31:36.672+0200] {logging_mixin.py:188} INFO - [2024-03-13T11:31:36.671+0200] {dag.py:3047} INFO - Sync 1 DAGs
[2024-03-13T11:31:36.684+0200] {logging_mixin.py:188} INFO - [2024-03-13T11:31:36.684+0200] {dag.py:3834} INFO - Setting next_dagrun for example_python_decorator to None, run_after=None
[2024-03-13T11:31:36.699+0200] {processor.py:183} INFO - Processing /usr/local/lib/python3.8/site-packages/airflow/example_dags/example_python_decorator.py took 0.233 seconds
[2024-03-13T11:32:19.487+0200] {processor.py:161} INFO - Started process (PID=6594) to work on /usr/local/lib/python3.8/site-packages/airflow/example_dags/example_python_decorator.py
[2024-03-13T11:32:19.488+0200] {processor.py:830} INFO - Processing file /usr/local/lib/python3.8/site-packages/airflow/example_dags/example_python_decorator.py for tasks to queue
[2024-03-13T11:32:19.489+0200] {logging_mixin.py:188} INFO - [2024-03-13T11:32:19.489+0200] {dagbag.py:540} INFO - Filling up the DagBag from /usr/local/lib/python3.8/site-packages/airflow/example_dags/example_python_decorator.py
[2024-03-13T11:32:19.517+0200] {logging_mixin.py:188} INFO - [2024-03-13T11:32:19.517+0200] {example_python_decorator.py:79} WARNING - The virtalenv_python example task requires virtualenv, please install it.
[2024-03-13T11:32:19.519+0200] {processor.py:840} INFO - DAG(s) 'example_python_decorator' retrieved from /usr/local/lib/python3.8/site-packages/airflow/example_dags/example_python_decorator.py
[2024-03-13T11:32:19.669+0200] {logging_mixin.py:188} INFO - [2024-03-13T11:32:19.669+0200] {dag.py:3047} INFO - Sync 1 DAGs
[2024-03-13T11:32:19.679+0200] {logging_mixin.py:188} INFO - [2024-03-13T11:32:19.679+0200] {dag.py:3834} INFO - Setting next_dagrun for example_python_decorator to None, run_after=None
[2024-03-13T11:32:19.694+0200] {processor.py:183} INFO - Processing /usr/local/lib/python3.8/site-packages/airflow/example_dags/example_python_decorator.py took 0.208 seconds
[2024-03-13T11:33:02.072+0200] {processor.py:161} INFO - Started process (PID=6766) to work on /usr/local/lib/python3.8/site-packages/airflow/example_dags/example_python_decorator.py
[2024-03-13T11:33:02.073+0200] {processor.py:830} INFO - Processing file /usr/local/lib/python3.8/site-packages/airflow/example_dags/example_python_decorator.py for tasks to queue
[2024-03-13T11:33:02.073+0200] {logging_mixin.py:188} INFO - [2024-03-13T11:33:02.073+0200] {dagbag.py:540} INFO - Filling up the DagBag from /usr/local/lib/python3.8/site-packages/airflow/example_dags/example_python_decorator.py
[2024-03-13T11:33:02.112+0200] {logging_mixin.py:188} INFO - [2024-03-13T11:33:02.112+0200] {example_python_decorator.py:79} WARNING - The virtalenv_python example task requires virtualenv, please install it.
[2024-03-13T11:33:02.115+0200] {processor.py:840} INFO - DAG(s) 'example_python_decorator' retrieved from /usr/local/lib/python3.8/site-packages/airflow/example_dags/example_python_decorator.py
[2024-03-13T11:33:02.278+0200] {logging_mixin.py:188} INFO - [2024-03-13T11:33:02.277+0200] {dag.py:3047} INFO - Sync 1 DAGs
[2024-03-13T11:33:02.289+0200] {logging_mixin.py:188} INFO - [2024-03-13T11:33:02.288+0200] {dag.py:3834} INFO - Setting next_dagrun for example_python_decorator to None, run_after=None
[2024-03-13T11:33:02.319+0200] {processor.py:183} INFO - Processing /usr/local/lib/python3.8/site-packages/airflow/example_dags/example_python_decorator.py took 0.249 seconds
[2024-03-13T11:33:45.034+0200] {processor.py:161} INFO - Started process (PID=6946) to work on /usr/local/lib/python3.8/site-packages/airflow/example_dags/example_python_decorator.py
[2024-03-13T11:33:45.035+0200] {processor.py:830} INFO - Processing file /usr/local/lib/python3.8/site-packages/airflow/example_dags/example_python_decorator.py for tasks to queue
[2024-03-13T11:33:45.036+0200] {logging_mixin.py:188} INFO - [2024-03-13T11:33:45.035+0200] {dagbag.py:540} INFO - Filling up the DagBag from /usr/local/lib/python3.8/site-packages/airflow/example_dags/example_python_decorator.py
[2024-03-13T11:33:45.068+0200] {logging_mixin.py:188} INFO - [2024-03-13T11:33:45.068+0200] {example_python_decorator.py:79} WARNING - The virtalenv_python example task requires virtualenv, please install it.
[2024-03-13T11:33:45.070+0200] {processor.py:840} INFO - DAG(s) 'example_python_decorator' retrieved from /usr/local/lib/python3.8/site-packages/airflow/example_dags/example_python_decorator.py
[2024-03-13T11:33:45.246+0200] {logging_mixin.py:188} INFO - [2024-03-13T11:33:45.246+0200] {dag.py:3047} INFO - Sync 1 DAGs
[2024-03-13T11:33:45.273+0200] {logging_mixin.py:188} INFO - [2024-03-13T11:33:45.273+0200] {dag.py:3834} INFO - Setting next_dagrun for example_python_decorator to None, run_after=None
[2024-03-13T11:33:45.291+0200] {processor.py:183} INFO - Processing /usr/local/lib/python3.8/site-packages/airflow/example_dags/example_python_decorator.py took 0.258 seconds
[2024-03-13T11:34:26.961+0200] {processor.py:161} INFO - Started process (PID=7111) to work on /usr/local/lib/python3.8/site-packages/airflow/example_dags/example_python_decorator.py
[2024-03-13T11:34:26.961+0200] {processor.py:830} INFO - Processing file /usr/local/lib/python3.8/site-packages/airflow/example_dags/example_python_decorator.py for tasks to queue
[2024-03-13T11:34:26.962+0200] {logging_mixin.py:188} INFO - [2024-03-13T11:34:26.962+0200] {dagbag.py:540} INFO - Filling up the DagBag from /usr/local/lib/python3.8/site-packages/airflow/example_dags/example_python_decorator.py
[2024-03-13T11:34:26.996+0200] {logging_mixin.py:188} INFO - [2024-03-13T11:34:26.995+0200] {example_python_decorator.py:79} WARNING - The virtalenv_python example task requires virtualenv, please install it.
[2024-03-13T11:34:26.998+0200] {processor.py:840} INFO - DAG(s) 'example_python_decorator' retrieved from /usr/local/lib/python3.8/site-packages/airflow/example_dags/example_python_decorator.py
[2024-03-13T11:34:27.177+0200] {logging_mixin.py:188} INFO - [2024-03-13T11:34:27.177+0200] {dag.py:3047} INFO - Sync 1 DAGs
[2024-03-13T11:34:27.191+0200] {logging_mixin.py:188} INFO - [2024-03-13T11:34:27.190+0200] {dag.py:3834} INFO - Setting next_dagrun for example_python_decorator to None, run_after=None
[2024-03-13T11:34:27.223+0200] {processor.py:183} INFO - Processing /usr/local/lib/python3.8/site-packages/airflow/example_dags/example_python_decorator.py took 0.264 seconds
[2024-03-13T11:35:08.367+0200] {processor.py:161} INFO - Started process (PID=7271) to work on /usr/local/lib/python3.8/site-packages/airflow/example_dags/example_python_decorator.py
[2024-03-13T11:35:08.368+0200] {processor.py:830} INFO - Processing file /usr/local/lib/python3.8/site-packages/airflow/example_dags/example_python_decorator.py for tasks to queue
[2024-03-13T11:35:08.368+0200] {logging_mixin.py:188} INFO - [2024-03-13T11:35:08.368+0200] {dagbag.py:540} INFO - Filling up the DagBag from /usr/local/lib/python3.8/site-packages/airflow/example_dags/example_python_decorator.py
[2024-03-13T11:35:08.403+0200] {logging_mixin.py:188} INFO - [2024-03-13T11:35:08.403+0200] {example_python_decorator.py:79} WARNING - The virtalenv_python example task requires virtualenv, please install it.
[2024-03-13T11:35:08.406+0200] {processor.py:840} INFO - DAG(s) 'example_python_decorator' retrieved from /usr/local/lib/python3.8/site-packages/airflow/example_dags/example_python_decorator.py
[2024-03-13T11:35:08.547+0200] {logging_mixin.py:188} INFO - [2024-03-13T11:35:08.547+0200] {dag.py:3047} INFO - Sync 1 DAGs
[2024-03-13T11:35:08.571+0200] {logging_mixin.py:188} INFO - [2024-03-13T11:35:08.570+0200] {dag.py:3834} INFO - Setting next_dagrun for example_python_decorator to None, run_after=None
[2024-03-13T11:35:08.583+0200] {processor.py:183} INFO - Processing /usr/local/lib/python3.8/site-packages/airflow/example_dags/example_python_decorator.py took 0.218 seconds
