[2024-03-13T11:09:31.873+0200] {processor.py:161} INFO - Started process (PID=1915) to work on /usr/local/lib/python3.8/site-packages/airflow/example_dags/example_setup_teardown_taskflow.py
[2024-03-13T11:09:31.874+0200] {processor.py:830} INFO - Processing file /usr/local/lib/python3.8/site-packages/airflow/example_dags/example_setup_teardown_taskflow.py for tasks to queue
[2024-03-13T11:09:31.875+0200] {logging_mixin.py:188} INFO - [2024-03-13T11:09:31.875+0200] {dagbag.py:540} INFO - Filling up the DagBag from /usr/local/lib/python3.8/site-packages/airflow/example_dags/example_setup_teardown_taskflow.py
[2024-03-13T11:09:31.916+0200] {processor.py:840} INFO - DAG(s) 'example_setup_teardown_taskflow' retrieved from /usr/local/lib/python3.8/site-packages/airflow/example_dags/example_setup_teardown_taskflow.py
[2024-03-13T11:09:32.143+0200] {logging_mixin.py:188} INFO - [2024-03-13T11:09:32.143+0200] {override.py:1769} INFO - Created Permission View: can read on DAG:example_setup_teardown_taskflow
[2024-03-13T11:09:32.151+0200] {logging_mixin.py:188} INFO - [2024-03-13T11:09:32.151+0200] {override.py:1769} INFO - Created Permission View: can delete on DAG:example_setup_teardown_taskflow
[2024-03-13T11:09:32.155+0200] {logging_mixin.py:188} INFO - [2024-03-13T11:09:32.155+0200] {override.py:1769} INFO - Created Permission View: can edit on DAG:example_setup_teardown_taskflow
[2024-03-13T11:09:32.155+0200] {logging_mixin.py:188} INFO - [2024-03-13T11:09:32.155+0200] {dag.py:3047} INFO - Sync 1 DAGs
[2024-03-13T11:09:32.164+0200] {logging_mixin.py:188} INFO - [2024-03-13T11:09:32.164+0200] {dag.py:3069} INFO - Creating ORM DAG for example_setup_teardown_taskflow
[2024-03-13T11:09:32.171+0200] {logging_mixin.py:188} INFO - [2024-03-13T11:09:32.171+0200] {dag.py:3834} INFO - Setting next_dagrun for example_setup_teardown_taskflow to 2024-03-12 00:00:00+00:00, run_after=2024-03-13 00:00:00+00:00
[2024-03-13T11:09:32.183+0200] {processor.py:183} INFO - Processing /usr/local/lib/python3.8/site-packages/airflow/example_dags/example_setup_teardown_taskflow.py took 0.312 seconds
[2024-03-13T11:10:21.914+0200] {processor.py:161} INFO - Started process (PID=2100) to work on /usr/local/lib/python3.8/site-packages/airflow/example_dags/example_setup_teardown_taskflow.py
[2024-03-13T11:10:21.916+0200] {processor.py:830} INFO - Processing file /usr/local/lib/python3.8/site-packages/airflow/example_dags/example_setup_teardown_taskflow.py for tasks to queue
[2024-03-13T11:10:21.917+0200] {logging_mixin.py:188} INFO - [2024-03-13T11:10:21.916+0200] {dagbag.py:540} INFO - Filling up the DagBag from /usr/local/lib/python3.8/site-packages/airflow/example_dags/example_setup_teardown_taskflow.py
[2024-03-13T11:10:21.955+0200] {processor.py:840} INFO - DAG(s) 'example_setup_teardown_taskflow' retrieved from /usr/local/lib/python3.8/site-packages/airflow/example_dags/example_setup_teardown_taskflow.py
[2024-03-13T11:10:22.122+0200] {logging_mixin.py:188} INFO - [2024-03-13T11:10:22.121+0200] {dag.py:3047} INFO - Sync 1 DAGs
[2024-03-13T11:10:22.142+0200] {logging_mixin.py:188} INFO - [2024-03-13T11:10:22.142+0200] {dag.py:3834} INFO - Setting next_dagrun for example_setup_teardown_taskflow to 2024-03-12 00:00:00+00:00, run_after=2024-03-13 00:00:00+00:00
[2024-03-13T11:10:22.156+0200] {processor.py:183} INFO - Processing /usr/local/lib/python3.8/site-packages/airflow/example_dags/example_setup_teardown_taskflow.py took 0.244 seconds
[2024-03-13T11:11:16.588+0200] {processor.py:161} INFO - Started process (PID=2307) to work on /usr/local/lib/python3.8/site-packages/airflow/example_dags/example_setup_teardown_taskflow.py
[2024-03-13T11:11:16.589+0200] {processor.py:830} INFO - Processing file /usr/local/lib/python3.8/site-packages/airflow/example_dags/example_setup_teardown_taskflow.py for tasks to queue
[2024-03-13T11:11:16.590+0200] {logging_mixin.py:188} INFO - [2024-03-13T11:11:16.590+0200] {dagbag.py:540} INFO - Filling up the DagBag from /usr/local/lib/python3.8/site-packages/airflow/example_dags/example_setup_teardown_taskflow.py
[2024-03-13T11:11:16.629+0200] {processor.py:840} INFO - DAG(s) 'example_setup_teardown_taskflow' retrieved from /usr/local/lib/python3.8/site-packages/airflow/example_dags/example_setup_teardown_taskflow.py
[2024-03-13T11:11:16.792+0200] {logging_mixin.py:188} INFO - [2024-03-13T11:11:16.792+0200] {dag.py:3047} INFO - Sync 1 DAGs
[2024-03-13T11:11:16.816+0200] {logging_mixin.py:188} INFO - [2024-03-13T11:11:16.816+0200] {dag.py:3834} INFO - Setting next_dagrun for example_setup_teardown_taskflow to 2024-03-12 00:00:00+00:00, run_after=2024-03-13 00:00:00+00:00
[2024-03-13T11:11:16.834+0200] {processor.py:183} INFO - Processing /usr/local/lib/python3.8/site-packages/airflow/example_dags/example_setup_teardown_taskflow.py took 0.248 seconds
[2024-03-13T11:12:06.808+0200] {processor.py:161} INFO - Started process (PID=2503) to work on /usr/local/lib/python3.8/site-packages/airflow/example_dags/example_setup_teardown_taskflow.py
[2024-03-13T11:12:06.809+0200] {processor.py:830} INFO - Processing file /usr/local/lib/python3.8/site-packages/airflow/example_dags/example_setup_teardown_taskflow.py for tasks to queue
[2024-03-13T11:12:06.810+0200] {logging_mixin.py:188} INFO - [2024-03-13T11:12:06.810+0200] {dagbag.py:540} INFO - Filling up the DagBag from /usr/local/lib/python3.8/site-packages/airflow/example_dags/example_setup_teardown_taskflow.py
[2024-03-13T11:12:06.847+0200] {processor.py:840} INFO - DAG(s) 'example_setup_teardown_taskflow' retrieved from /usr/local/lib/python3.8/site-packages/airflow/example_dags/example_setup_teardown_taskflow.py
[2024-03-13T11:12:07.010+0200] {logging_mixin.py:188} INFO - [2024-03-13T11:12:07.009+0200] {dag.py:3047} INFO - Sync 1 DAGs
[2024-03-13T11:12:07.030+0200] {logging_mixin.py:188} INFO - [2024-03-13T11:12:07.029+0200] {dag.py:3834} INFO - Setting next_dagrun for example_setup_teardown_taskflow to 2024-03-12 00:00:00+00:00, run_after=2024-03-13 00:00:00+00:00
[2024-03-13T11:12:07.044+0200] {processor.py:183} INFO - Processing /usr/local/lib/python3.8/site-packages/airflow/example_dags/example_setup_teardown_taskflow.py took 0.238 seconds
[2024-03-13T11:13:01.134+0200] {processor.py:161} INFO - Started process (PID=2693) to work on /usr/local/lib/python3.8/site-packages/airflow/example_dags/example_setup_teardown_taskflow.py
[2024-03-13T11:13:01.135+0200] {processor.py:830} INFO - Processing file /usr/local/lib/python3.8/site-packages/airflow/example_dags/example_setup_teardown_taskflow.py for tasks to queue
[2024-03-13T11:13:01.136+0200] {logging_mixin.py:188} INFO - [2024-03-13T11:13:01.136+0200] {dagbag.py:540} INFO - Filling up the DagBag from /usr/local/lib/python3.8/site-packages/airflow/example_dags/example_setup_teardown_taskflow.py
[2024-03-13T11:13:01.170+0200] {processor.py:840} INFO - DAG(s) 'example_setup_teardown_taskflow' retrieved from /usr/local/lib/python3.8/site-packages/airflow/example_dags/example_setup_teardown_taskflow.py
[2024-03-13T11:13:01.332+0200] {logging_mixin.py:188} INFO - [2024-03-13T11:13:01.332+0200] {dag.py:3047} INFO - Sync 1 DAGs
[2024-03-13T11:13:01.353+0200] {logging_mixin.py:188} INFO - [2024-03-13T11:13:01.353+0200] {dag.py:3834} INFO - Setting next_dagrun for example_setup_teardown_taskflow to 2024-03-12 00:00:00+00:00, run_after=2024-03-13 00:00:00+00:00
[2024-03-13T11:13:01.370+0200] {processor.py:183} INFO - Processing /usr/local/lib/python3.8/site-packages/airflow/example_dags/example_setup_teardown_taskflow.py took 0.236 seconds
[2024-03-13T11:18:17.874+0200] {processor.py:161} INFO - Started process (PID=3351) to work on /usr/local/lib/python3.8/site-packages/airflow/example_dags/example_setup_teardown_taskflow.py
[2024-03-13T11:18:17.876+0200] {processor.py:830} INFO - Processing file /usr/local/lib/python3.8/site-packages/airflow/example_dags/example_setup_teardown_taskflow.py for tasks to queue
[2024-03-13T11:18:17.876+0200] {logging_mixin.py:188} INFO - [2024-03-13T11:18:17.876+0200] {dagbag.py:540} INFO - Filling up the DagBag from /usr/local/lib/python3.8/site-packages/airflow/example_dags/example_setup_teardown_taskflow.py
[2024-03-13T11:18:17.912+0200] {processor.py:840} INFO - DAG(s) 'example_setup_teardown_taskflow' retrieved from /usr/local/lib/python3.8/site-packages/airflow/example_dags/example_setup_teardown_taskflow.py
[2024-03-13T11:18:18.066+0200] {logging_mixin.py:188} INFO - [2024-03-13T11:18:18.065+0200] {dag.py:3047} INFO - Sync 1 DAGs
[2024-03-13T11:18:18.089+0200] {logging_mixin.py:188} INFO - [2024-03-13T11:18:18.089+0200] {dag.py:3834} INFO - Setting next_dagrun for example_setup_teardown_taskflow to 2024-03-12 00:00:00+00:00, run_after=2024-03-13 00:00:00+00:00
[2024-03-13T11:18:18.106+0200] {processor.py:183} INFO - Processing /usr/local/lib/python3.8/site-packages/airflow/example_dags/example_setup_teardown_taskflow.py took 0.233 seconds
[2024-03-13T11:19:06.669+0200] {processor.py:161} INFO - Started process (PID=3537) to work on /usr/local/lib/python3.8/site-packages/airflow/example_dags/example_setup_teardown_taskflow.py
[2024-03-13T11:19:06.670+0200] {processor.py:830} INFO - Processing file /usr/local/lib/python3.8/site-packages/airflow/example_dags/example_setup_teardown_taskflow.py for tasks to queue
[2024-03-13T11:19:06.670+0200] {logging_mixin.py:188} INFO - [2024-03-13T11:19:06.670+0200] {dagbag.py:540} INFO - Filling up the DagBag from /usr/local/lib/python3.8/site-packages/airflow/example_dags/example_setup_teardown_taskflow.py
[2024-03-13T11:19:06.705+0200] {processor.py:840} INFO - DAG(s) 'example_setup_teardown_taskflow' retrieved from /usr/local/lib/python3.8/site-packages/airflow/example_dags/example_setup_teardown_taskflow.py
[2024-03-13T11:19:06.892+0200] {logging_mixin.py:188} INFO - [2024-03-13T11:19:06.892+0200] {dag.py:3047} INFO - Sync 1 DAGs
[2024-03-13T11:19:06.916+0200] {logging_mixin.py:188} INFO - [2024-03-13T11:19:06.916+0200] {dag.py:3834} INFO - Setting next_dagrun for example_setup_teardown_taskflow to 2024-03-12 00:00:00+00:00, run_after=2024-03-13 00:00:00+00:00
[2024-03-13T11:19:06.934+0200] {processor.py:183} INFO - Processing /usr/local/lib/python3.8/site-packages/airflow/example_dags/example_setup_teardown_taskflow.py took 0.267 seconds
[2024-03-13T11:20:01.859+0200] {processor.py:161} INFO - Started process (PID=3752) to work on /usr/local/lib/python3.8/site-packages/airflow/example_dags/example_setup_teardown_taskflow.py
[2024-03-13T11:20:01.860+0200] {processor.py:830} INFO - Processing file /usr/local/lib/python3.8/site-packages/airflow/example_dags/example_setup_teardown_taskflow.py for tasks to queue
[2024-03-13T11:20:01.861+0200] {logging_mixin.py:188} INFO - [2024-03-13T11:20:01.861+0200] {dagbag.py:540} INFO - Filling up the DagBag from /usr/local/lib/python3.8/site-packages/airflow/example_dags/example_setup_teardown_taskflow.py
[2024-03-13T11:20:01.895+0200] {processor.py:840} INFO - DAG(s) 'example_setup_teardown_taskflow' retrieved from /usr/local/lib/python3.8/site-packages/airflow/example_dags/example_setup_teardown_taskflow.py
[2024-03-13T11:20:02.064+0200] {logging_mixin.py:188} INFO - [2024-03-13T11:20:02.064+0200] {dag.py:3047} INFO - Sync 1 DAGs
[2024-03-13T11:20:02.087+0200] {logging_mixin.py:188} INFO - [2024-03-13T11:20:02.087+0200] {dag.py:3834} INFO - Setting next_dagrun for example_setup_teardown_taskflow to 2024-03-12 00:00:00+00:00, run_after=2024-03-13 00:00:00+00:00
[2024-03-13T11:20:02.104+0200] {processor.py:183} INFO - Processing /usr/local/lib/python3.8/site-packages/airflow/example_dags/example_setup_teardown_taskflow.py took 0.247 seconds
[2024-03-13T11:20:51.416+0200] {processor.py:161} INFO - Started process (PID=3964) to work on /usr/local/lib/python3.8/site-packages/airflow/example_dags/example_setup_teardown_taskflow.py
[2024-03-13T11:20:51.417+0200] {processor.py:830} INFO - Processing file /usr/local/lib/python3.8/site-packages/airflow/example_dags/example_setup_teardown_taskflow.py for tasks to queue
[2024-03-13T11:20:51.417+0200] {logging_mixin.py:188} INFO - [2024-03-13T11:20:51.417+0200] {dagbag.py:540} INFO - Filling up the DagBag from /usr/local/lib/python3.8/site-packages/airflow/example_dags/example_setup_teardown_taskflow.py
[2024-03-13T11:20:51.452+0200] {processor.py:840} INFO - DAG(s) 'example_setup_teardown_taskflow' retrieved from /usr/local/lib/python3.8/site-packages/airflow/example_dags/example_setup_teardown_taskflow.py
[2024-03-13T11:20:51.638+0200] {logging_mixin.py:188} INFO - [2024-03-13T11:20:51.638+0200] {dag.py:3047} INFO - Sync 1 DAGs
[2024-03-13T11:20:51.661+0200] {logging_mixin.py:188} INFO - [2024-03-13T11:20:51.661+0200] {dag.py:3834} INFO - Setting next_dagrun for example_setup_teardown_taskflow to 2024-03-12 00:00:00+00:00, run_after=2024-03-13 00:00:00+00:00
[2024-03-13T11:20:51.697+0200] {processor.py:183} INFO - Processing /usr/local/lib/python3.8/site-packages/airflow/example_dags/example_setup_teardown_taskflow.py took 0.283 seconds
[2024-03-13T11:21:43.817+0200] {processor.py:161} INFO - Started process (PID=4165) to work on /usr/local/lib/python3.8/site-packages/airflow/example_dags/example_setup_teardown_taskflow.py
[2024-03-13T11:21:43.818+0200] {processor.py:830} INFO - Processing file /usr/local/lib/python3.8/site-packages/airflow/example_dags/example_setup_teardown_taskflow.py for tasks to queue
[2024-03-13T11:21:43.819+0200] {logging_mixin.py:188} INFO - [2024-03-13T11:21:43.819+0200] {dagbag.py:540} INFO - Filling up the DagBag from /usr/local/lib/python3.8/site-packages/airflow/example_dags/example_setup_teardown_taskflow.py
[2024-03-13T11:21:43.849+0200] {processor.py:840} INFO - DAG(s) 'example_setup_teardown_taskflow' retrieved from /usr/local/lib/python3.8/site-packages/airflow/example_dags/example_setup_teardown_taskflow.py
[2024-03-13T11:21:44.038+0200] {logging_mixin.py:188} INFO - [2024-03-13T11:21:44.038+0200] {dag.py:3047} INFO - Sync 1 DAGs
[2024-03-13T11:21:44.059+0200] {logging_mixin.py:188} INFO - [2024-03-13T11:21:44.058+0200] {dag.py:3834} INFO - Setting next_dagrun for example_setup_teardown_taskflow to 2024-03-12 00:00:00+00:00, run_after=2024-03-13 00:00:00+00:00
[2024-03-13T11:21:44.092+0200] {processor.py:183} INFO - Processing /usr/local/lib/python3.8/site-packages/airflow/example_dags/example_setup_teardown_taskflow.py took 0.277 seconds
[2024-03-13T11:22:37.874+0200] {processor.py:161} INFO - Started process (PID=4366) to work on /usr/local/lib/python3.8/site-packages/airflow/example_dags/example_setup_teardown_taskflow.py
[2024-03-13T11:22:37.875+0200] {processor.py:830} INFO - Processing file /usr/local/lib/python3.8/site-packages/airflow/example_dags/example_setup_teardown_taskflow.py for tasks to queue
[2024-03-13T11:22:37.875+0200] {logging_mixin.py:188} INFO - [2024-03-13T11:22:37.875+0200] {dagbag.py:540} INFO - Filling up the DagBag from /usr/local/lib/python3.8/site-packages/airflow/example_dags/example_setup_teardown_taskflow.py
[2024-03-13T11:22:37.912+0200] {processor.py:840} INFO - DAG(s) 'example_setup_teardown_taskflow' retrieved from /usr/local/lib/python3.8/site-packages/airflow/example_dags/example_setup_teardown_taskflow.py
[2024-03-13T11:22:38.088+0200] {logging_mixin.py:188} INFO - [2024-03-13T11:22:38.087+0200] {dag.py:3047} INFO - Sync 1 DAGs
[2024-03-13T11:22:38.108+0200] {logging_mixin.py:188} INFO - [2024-03-13T11:22:38.107+0200] {dag.py:3834} INFO - Setting next_dagrun for example_setup_teardown_taskflow to 2024-03-12 00:00:00+00:00, run_after=2024-03-13 00:00:00+00:00
[2024-03-13T11:22:38.139+0200] {processor.py:183} INFO - Processing /usr/local/lib/python3.8/site-packages/airflow/example_dags/example_setup_teardown_taskflow.py took 0.267 seconds
[2024-03-13T11:23:28.546+0200] {processor.py:161} INFO - Started process (PID=4546) to work on /usr/local/lib/python3.8/site-packages/airflow/example_dags/example_setup_teardown_taskflow.py
[2024-03-13T11:23:28.547+0200] {processor.py:830} INFO - Processing file /usr/local/lib/python3.8/site-packages/airflow/example_dags/example_setup_teardown_taskflow.py for tasks to queue
[2024-03-13T11:23:28.547+0200] {logging_mixin.py:188} INFO - [2024-03-13T11:23:28.547+0200] {dagbag.py:540} INFO - Filling up the DagBag from /usr/local/lib/python3.8/site-packages/airflow/example_dags/example_setup_teardown_taskflow.py
[2024-03-13T11:23:28.576+0200] {processor.py:840} INFO - DAG(s) 'example_setup_teardown_taskflow' retrieved from /usr/local/lib/python3.8/site-packages/airflow/example_dags/example_setup_teardown_taskflow.py
[2024-03-13T11:23:28.714+0200] {logging_mixin.py:188} INFO - [2024-03-13T11:23:28.714+0200] {dag.py:3047} INFO - Sync 1 DAGs
[2024-03-13T11:23:28.748+0200] {logging_mixin.py:188} INFO - [2024-03-13T11:23:28.748+0200] {dag.py:3834} INFO - Setting next_dagrun for example_setup_teardown_taskflow to 2024-03-12 00:00:00+00:00, run_after=2024-03-13 00:00:00+00:00
[2024-03-13T11:23:28.761+0200] {processor.py:183} INFO - Processing /usr/local/lib/python3.8/site-packages/airflow/example_dags/example_setup_teardown_taskflow.py took 0.216 seconds
[2024-03-13T11:24:25.594+0200] {processor.py:161} INFO - Started process (PID=4755) to work on /usr/local/lib/python3.8/site-packages/airflow/example_dags/example_setup_teardown_taskflow.py
[2024-03-13T11:24:25.595+0200] {processor.py:830} INFO - Processing file /usr/local/lib/python3.8/site-packages/airflow/example_dags/example_setup_teardown_taskflow.py for tasks to queue
[2024-03-13T11:24:25.596+0200] {logging_mixin.py:188} INFO - [2024-03-13T11:24:25.596+0200] {dagbag.py:540} INFO - Filling up the DagBag from /usr/local/lib/python3.8/site-packages/airflow/example_dags/example_setup_teardown_taskflow.py
[2024-03-13T11:24:25.635+0200] {processor.py:840} INFO - DAG(s) 'example_setup_teardown_taskflow' retrieved from /usr/local/lib/python3.8/site-packages/airflow/example_dags/example_setup_teardown_taskflow.py
[2024-03-13T11:24:25.803+0200] {logging_mixin.py:188} INFO - [2024-03-13T11:24:25.803+0200] {dag.py:3047} INFO - Sync 1 DAGs
[2024-03-13T11:24:25.843+0200] {logging_mixin.py:188} INFO - [2024-03-13T11:24:25.843+0200] {dag.py:3834} INFO - Setting next_dagrun for example_setup_teardown_taskflow to 2024-03-12 00:00:00+00:00, run_after=2024-03-13 00:00:00+00:00
[2024-03-13T11:24:25.868+0200] {processor.py:183} INFO - Processing /usr/local/lib/python3.8/site-packages/airflow/example_dags/example_setup_teardown_taskflow.py took 0.276 seconds
[2024-03-13T11:25:23.223+0200] {processor.py:161} INFO - Started process (PID=4957) to work on /usr/local/lib/python3.8/site-packages/airflow/example_dags/example_setup_teardown_taskflow.py
[2024-03-13T11:25:23.224+0200] {processor.py:830} INFO - Processing file /usr/local/lib/python3.8/site-packages/airflow/example_dags/example_setup_teardown_taskflow.py for tasks to queue
[2024-03-13T11:25:23.225+0200] {logging_mixin.py:188} INFO - [2024-03-13T11:25:23.224+0200] {dagbag.py:540} INFO - Filling up the DagBag from /usr/local/lib/python3.8/site-packages/airflow/example_dags/example_setup_teardown_taskflow.py
[2024-03-13T11:25:23.266+0200] {processor.py:840} INFO - DAG(s) 'example_setup_teardown_taskflow' retrieved from /usr/local/lib/python3.8/site-packages/airflow/example_dags/example_setup_teardown_taskflow.py
[2024-03-13T11:25:23.453+0200] {logging_mixin.py:188} INFO - [2024-03-13T11:25:23.452+0200] {dag.py:3047} INFO - Sync 1 DAGs
[2024-03-13T11:25:23.491+0200] {logging_mixin.py:188} INFO - [2024-03-13T11:25:23.491+0200] {dag.py:3834} INFO - Setting next_dagrun for example_setup_teardown_taskflow to 2024-03-12 00:00:00+00:00, run_after=2024-03-13 00:00:00+00:00
[2024-03-13T11:25:23.507+0200] {processor.py:183} INFO - Processing /usr/local/lib/python3.8/site-packages/airflow/example_dags/example_setup_teardown_taskflow.py took 0.286 seconds
[2024-03-13T11:26:09.950+0200] {processor.py:161} INFO - Started process (PID=5136) to work on /usr/local/lib/python3.8/site-packages/airflow/example_dags/example_setup_teardown_taskflow.py
[2024-03-13T11:26:09.951+0200] {processor.py:830} INFO - Processing file /usr/local/lib/python3.8/site-packages/airflow/example_dags/example_setup_teardown_taskflow.py for tasks to queue
[2024-03-13T11:26:09.951+0200] {logging_mixin.py:188} INFO - [2024-03-13T11:26:09.951+0200] {dagbag.py:540} INFO - Filling up the DagBag from /usr/local/lib/python3.8/site-packages/airflow/example_dags/example_setup_teardown_taskflow.py
[2024-03-13T11:26:09.981+0200] {processor.py:840} INFO - DAG(s) 'example_setup_teardown_taskflow' retrieved from /usr/local/lib/python3.8/site-packages/airflow/example_dags/example_setup_teardown_taskflow.py
[2024-03-13T11:26:10.138+0200] {logging_mixin.py:188} INFO - [2024-03-13T11:26:10.137+0200] {dag.py:3047} INFO - Sync 1 DAGs
[2024-03-13T11:26:10.157+0200] {logging_mixin.py:188} INFO - [2024-03-13T11:26:10.156+0200] {dag.py:3834} INFO - Setting next_dagrun for example_setup_teardown_taskflow to 2024-03-12 00:00:00+00:00, run_after=2024-03-13 00:00:00+00:00
[2024-03-13T11:26:10.187+0200] {processor.py:183} INFO - Processing /usr/local/lib/python3.8/site-packages/airflow/example_dags/example_setup_teardown_taskflow.py took 0.239 seconds
[2024-03-13T11:26:59.309+0200] {processor.py:161} INFO - Started process (PID=5338) to work on /usr/local/lib/python3.8/site-packages/airflow/example_dags/example_setup_teardown_taskflow.py
[2024-03-13T11:26:59.311+0200] {processor.py:830} INFO - Processing file /usr/local/lib/python3.8/site-packages/airflow/example_dags/example_setup_teardown_taskflow.py for tasks to queue
[2024-03-13T11:26:59.312+0200] {logging_mixin.py:188} INFO - [2024-03-13T11:26:59.311+0200] {dagbag.py:540} INFO - Filling up the DagBag from /usr/local/lib/python3.8/site-packages/airflow/example_dags/example_setup_teardown_taskflow.py
[2024-03-13T11:26:59.345+0200] {processor.py:840} INFO - DAG(s) 'example_setup_teardown_taskflow' retrieved from /usr/local/lib/python3.8/site-packages/airflow/example_dags/example_setup_teardown_taskflow.py
[2024-03-13T11:26:59.542+0200] {logging_mixin.py:188} INFO - [2024-03-13T11:26:59.541+0200] {dag.py:3047} INFO - Sync 1 DAGs
[2024-03-13T11:26:59.565+0200] {logging_mixin.py:188} INFO - [2024-03-13T11:26:59.564+0200] {dag.py:3834} INFO - Setting next_dagrun for example_setup_teardown_taskflow to 2024-03-12 00:00:00+00:00, run_after=2024-03-13 00:00:00+00:00
[2024-03-13T11:26:59.596+0200] {processor.py:183} INFO - Processing /usr/local/lib/python3.8/site-packages/airflow/example_dags/example_setup_teardown_taskflow.py took 0.288 seconds
[2024-03-13T11:27:41.538+0200] {processor.py:161} INFO - Started process (PID=5496) to work on /usr/local/lib/python3.8/site-packages/airflow/example_dags/example_setup_teardown_taskflow.py
[2024-03-13T11:27:41.539+0200] {processor.py:830} INFO - Processing file /usr/local/lib/python3.8/site-packages/airflow/example_dags/example_setup_teardown_taskflow.py for tasks to queue
[2024-03-13T11:27:41.540+0200] {logging_mixin.py:188} INFO - [2024-03-13T11:27:41.539+0200] {dagbag.py:540} INFO - Filling up the DagBag from /usr/local/lib/python3.8/site-packages/airflow/example_dags/example_setup_teardown_taskflow.py
[2024-03-13T11:27:41.568+0200] {processor.py:840} INFO - DAG(s) 'example_setup_teardown_taskflow' retrieved from /usr/local/lib/python3.8/site-packages/airflow/example_dags/example_setup_teardown_taskflow.py
[2024-03-13T11:27:41.713+0200] {logging_mixin.py:188} INFO - [2024-03-13T11:27:41.713+0200] {dag.py:3047} INFO - Sync 1 DAGs
[2024-03-13T11:27:41.747+0200] {logging_mixin.py:188} INFO - [2024-03-13T11:27:41.747+0200] {dag.py:3834} INFO - Setting next_dagrun for example_setup_teardown_taskflow to 2024-03-12 00:00:00+00:00, run_after=2024-03-13 00:00:00+00:00
[2024-03-13T11:27:41.760+0200] {processor.py:183} INFO - Processing /usr/local/lib/python3.8/site-packages/airflow/example_dags/example_setup_teardown_taskflow.py took 0.223 seconds
[2024-03-13T11:28:25.385+0200] {processor.py:161} INFO - Started process (PID=5672) to work on /usr/local/lib/python3.8/site-packages/airflow/example_dags/example_setup_teardown_taskflow.py
[2024-03-13T11:28:25.385+0200] {processor.py:830} INFO - Processing file /usr/local/lib/python3.8/site-packages/airflow/example_dags/example_setup_teardown_taskflow.py for tasks to queue
[2024-03-13T11:28:25.386+0200] {logging_mixin.py:188} INFO - [2024-03-13T11:28:25.386+0200] {dagbag.py:540} INFO - Filling up the DagBag from /usr/local/lib/python3.8/site-packages/airflow/example_dags/example_setup_teardown_taskflow.py
[2024-03-13T11:28:25.415+0200] {processor.py:840} INFO - DAG(s) 'example_setup_teardown_taskflow' retrieved from /usr/local/lib/python3.8/site-packages/airflow/example_dags/example_setup_teardown_taskflow.py
[2024-03-13T11:28:25.567+0200] {logging_mixin.py:188} INFO - [2024-03-13T11:28:25.567+0200] {dag.py:3047} INFO - Sync 1 DAGs
[2024-03-13T11:28:25.599+0200] {logging_mixin.py:188} INFO - [2024-03-13T11:28:25.599+0200] {dag.py:3834} INFO - Setting next_dagrun for example_setup_teardown_taskflow to 2024-03-12 00:00:00+00:00, run_after=2024-03-13 00:00:00+00:00
[2024-03-13T11:28:25.613+0200] {processor.py:183} INFO - Processing /usr/local/lib/python3.8/site-packages/airflow/example_dags/example_setup_teardown_taskflow.py took 0.230 seconds
[2024-03-13T11:29:15.025+0200] {processor.py:161} INFO - Started process (PID=5868) to work on /usr/local/lib/python3.8/site-packages/airflow/example_dags/example_setup_teardown_taskflow.py
[2024-03-13T11:29:15.026+0200] {processor.py:830} INFO - Processing file /usr/local/lib/python3.8/site-packages/airflow/example_dags/example_setup_teardown_taskflow.py for tasks to queue
[2024-03-13T11:29:15.026+0200] {logging_mixin.py:188} INFO - [2024-03-13T11:29:15.026+0200] {dagbag.py:540} INFO - Filling up the DagBag from /usr/local/lib/python3.8/site-packages/airflow/example_dags/example_setup_teardown_taskflow.py
[2024-03-13T11:29:15.054+0200] {processor.py:840} INFO - DAG(s) 'example_setup_teardown_taskflow' retrieved from /usr/local/lib/python3.8/site-packages/airflow/example_dags/example_setup_teardown_taskflow.py
[2024-03-13T11:29:15.212+0200] {logging_mixin.py:188} INFO - [2024-03-13T11:29:15.212+0200] {dag.py:3047} INFO - Sync 1 DAGs
[2024-03-13T11:29:15.244+0200] {logging_mixin.py:188} INFO - [2024-03-13T11:29:15.244+0200] {dag.py:3834} INFO - Setting next_dagrun for example_setup_teardown_taskflow to 2024-03-12 00:00:00+00:00, run_after=2024-03-13 00:00:00+00:00
[2024-03-13T11:29:15.258+0200] {processor.py:183} INFO - Processing /usr/local/lib/python3.8/site-packages/airflow/example_dags/example_setup_teardown_taskflow.py took 0.235 seconds
[2024-03-13T11:29:56.887+0200] {processor.py:161} INFO - Started process (PID=6034) to work on /usr/local/lib/python3.8/site-packages/airflow/example_dags/example_setup_teardown_taskflow.py
[2024-03-13T11:29:56.888+0200] {processor.py:830} INFO - Processing file /usr/local/lib/python3.8/site-packages/airflow/example_dags/example_setup_teardown_taskflow.py for tasks to queue
[2024-03-13T11:29:56.888+0200] {logging_mixin.py:188} INFO - [2024-03-13T11:29:56.888+0200] {dagbag.py:540} INFO - Filling up the DagBag from /usr/local/lib/python3.8/site-packages/airflow/example_dags/example_setup_teardown_taskflow.py
[2024-03-13T11:29:56.918+0200] {processor.py:840} INFO - DAG(s) 'example_setup_teardown_taskflow' retrieved from /usr/local/lib/python3.8/site-packages/airflow/example_dags/example_setup_teardown_taskflow.py
[2024-03-13T11:29:57.071+0200] {logging_mixin.py:188} INFO - [2024-03-13T11:29:57.070+0200] {dag.py:3047} INFO - Sync 1 DAGs
[2024-03-13T11:29:57.087+0200] {logging_mixin.py:188} INFO - [2024-03-13T11:29:57.087+0200] {dag.py:3834} INFO - Setting next_dagrun for example_setup_teardown_taskflow to 2024-03-12 00:00:00+00:00, run_after=2024-03-13 00:00:00+00:00
[2024-03-13T11:29:57.101+0200] {processor.py:183} INFO - Processing /usr/local/lib/python3.8/site-packages/airflow/example_dags/example_setup_teardown_taskflow.py took 0.216 seconds
[2024-03-13T11:30:39.055+0200] {processor.py:161} INFO - Started process (PID=6197) to work on /usr/local/lib/python3.8/site-packages/airflow/example_dags/example_setup_teardown_taskflow.py
[2024-03-13T11:30:39.056+0200] {processor.py:830} INFO - Processing file /usr/local/lib/python3.8/site-packages/airflow/example_dags/example_setup_teardown_taskflow.py for tasks to queue
[2024-03-13T11:30:39.057+0200] {logging_mixin.py:188} INFO - [2024-03-13T11:30:39.057+0200] {dagbag.py:540} INFO - Filling up the DagBag from /usr/local/lib/python3.8/site-packages/airflow/example_dags/example_setup_teardown_taskflow.py
[2024-03-13T11:30:39.098+0200] {processor.py:840} INFO - DAG(s) 'example_setup_teardown_taskflow' retrieved from /usr/local/lib/python3.8/site-packages/airflow/example_dags/example_setup_teardown_taskflow.py
[2024-03-13T11:30:39.248+0200] {logging_mixin.py:188} INFO - [2024-03-13T11:30:39.248+0200] {dag.py:3047} INFO - Sync 1 DAGs
[2024-03-13T11:30:39.279+0200] {logging_mixin.py:188} INFO - [2024-03-13T11:30:39.279+0200] {dag.py:3834} INFO - Setting next_dagrun for example_setup_teardown_taskflow to 2024-03-12 00:00:00+00:00, run_after=2024-03-13 00:00:00+00:00
[2024-03-13T11:30:39.292+0200] {processor.py:183} INFO - Processing /usr/local/lib/python3.8/site-packages/airflow/example_dags/example_setup_teardown_taskflow.py took 0.239 seconds
[2024-03-13T11:31:20.973+0200] {processor.py:161} INFO - Started process (PID=6359) to work on /usr/local/lib/python3.8/site-packages/airflow/example_dags/example_setup_teardown_taskflow.py
[2024-03-13T11:31:20.974+0200] {processor.py:830} INFO - Processing file /usr/local/lib/python3.8/site-packages/airflow/example_dags/example_setup_teardown_taskflow.py for tasks to queue
[2024-03-13T11:31:20.974+0200] {logging_mixin.py:188} INFO - [2024-03-13T11:31:20.974+0200] {dagbag.py:540} INFO - Filling up the DagBag from /usr/local/lib/python3.8/site-packages/airflow/example_dags/example_setup_teardown_taskflow.py
[2024-03-13T11:31:21.004+0200] {processor.py:840} INFO - DAG(s) 'example_setup_teardown_taskflow' retrieved from /usr/local/lib/python3.8/site-packages/airflow/example_dags/example_setup_teardown_taskflow.py
[2024-03-13T11:31:21.170+0200] {logging_mixin.py:188} INFO - [2024-03-13T11:31:21.170+0200] {dag.py:3047} INFO - Sync 1 DAGs
[2024-03-13T11:31:21.195+0200] {logging_mixin.py:188} INFO - [2024-03-13T11:31:21.194+0200] {dag.py:3834} INFO - Setting next_dagrun for example_setup_teardown_taskflow to 2024-03-12 00:00:00+00:00, run_after=2024-03-13 00:00:00+00:00
[2024-03-13T11:31:21.229+0200] {processor.py:183} INFO - Processing /usr/local/lib/python3.8/site-packages/airflow/example_dags/example_setup_teardown_taskflow.py took 0.258 seconds
[2024-03-13T11:32:03.071+0200] {processor.py:161} INFO - Started process (PID=6533) to work on /usr/local/lib/python3.8/site-packages/airflow/example_dags/example_setup_teardown_taskflow.py
[2024-03-13T11:32:03.072+0200] {processor.py:830} INFO - Processing file /usr/local/lib/python3.8/site-packages/airflow/example_dags/example_setup_teardown_taskflow.py for tasks to queue
[2024-03-13T11:32:03.073+0200] {logging_mixin.py:188} INFO - [2024-03-13T11:32:03.073+0200] {dagbag.py:540} INFO - Filling up the DagBag from /usr/local/lib/python3.8/site-packages/airflow/example_dags/example_setup_teardown_taskflow.py
[2024-03-13T11:32:03.106+0200] {processor.py:840} INFO - DAG(s) 'example_setup_teardown_taskflow' retrieved from /usr/local/lib/python3.8/site-packages/airflow/example_dags/example_setup_teardown_taskflow.py
[2024-03-13T11:32:03.241+0200] {logging_mixin.py:188} INFO - [2024-03-13T11:32:03.241+0200] {dag.py:3047} INFO - Sync 1 DAGs
[2024-03-13T11:32:03.272+0200] {logging_mixin.py:188} INFO - [2024-03-13T11:32:03.272+0200] {dag.py:3834} INFO - Setting next_dagrun for example_setup_teardown_taskflow to 2024-03-12 00:00:00+00:00, run_after=2024-03-13 00:00:00+00:00
[2024-03-13T11:32:03.285+0200] {processor.py:183} INFO - Processing /usr/local/lib/python3.8/site-packages/airflow/example_dags/example_setup_teardown_taskflow.py took 0.216 seconds
[2024-03-13T11:32:45.078+0200] {processor.py:161} INFO - Started process (PID=6697) to work on /usr/local/lib/python3.8/site-packages/airflow/example_dags/example_setup_teardown_taskflow.py
[2024-03-13T11:32:45.079+0200] {processor.py:830} INFO - Processing file /usr/local/lib/python3.8/site-packages/airflow/example_dags/example_setup_teardown_taskflow.py for tasks to queue
[2024-03-13T11:32:45.080+0200] {logging_mixin.py:188} INFO - [2024-03-13T11:32:45.080+0200] {dagbag.py:540} INFO - Filling up the DagBag from /usr/local/lib/python3.8/site-packages/airflow/example_dags/example_setup_teardown_taskflow.py
[2024-03-13T11:32:45.111+0200] {processor.py:840} INFO - DAG(s) 'example_setup_teardown_taskflow' retrieved from /usr/local/lib/python3.8/site-packages/airflow/example_dags/example_setup_teardown_taskflow.py
[2024-03-13T11:32:45.250+0200] {logging_mixin.py:188} INFO - [2024-03-13T11:32:45.250+0200] {dag.py:3047} INFO - Sync 1 DAGs
[2024-03-13T11:32:45.278+0200] {logging_mixin.py:188} INFO - [2024-03-13T11:32:45.278+0200] {dag.py:3834} INFO - Setting next_dagrun for example_setup_teardown_taskflow to 2024-03-12 00:00:00+00:00, run_after=2024-03-13 00:00:00+00:00
[2024-03-13T11:32:45.291+0200] {processor.py:183} INFO - Processing /usr/local/lib/python3.8/site-packages/airflow/example_dags/example_setup_teardown_taskflow.py took 0.215 seconds
[2024-03-13T11:33:28.570+0200] {processor.py:161} INFO - Started process (PID=6887) to work on /usr/local/lib/python3.8/site-packages/airflow/example_dags/example_setup_teardown_taskflow.py
[2024-03-13T11:33:28.570+0200] {processor.py:830} INFO - Processing file /usr/local/lib/python3.8/site-packages/airflow/example_dags/example_setup_teardown_taskflow.py for tasks to queue
[2024-03-13T11:33:28.571+0200] {logging_mixin.py:188} INFO - [2024-03-13T11:33:28.571+0200] {dagbag.py:540} INFO - Filling up the DagBag from /usr/local/lib/python3.8/site-packages/airflow/example_dags/example_setup_teardown_taskflow.py
[2024-03-13T11:33:28.601+0200] {processor.py:840} INFO - DAG(s) 'example_setup_teardown_taskflow' retrieved from /usr/local/lib/python3.8/site-packages/airflow/example_dags/example_setup_teardown_taskflow.py
[2024-03-13T11:33:28.742+0200] {logging_mixin.py:188} INFO - [2024-03-13T11:33:28.742+0200] {dag.py:3047} INFO - Sync 1 DAGs
[2024-03-13T11:33:28.771+0200] {logging_mixin.py:188} INFO - [2024-03-13T11:33:28.771+0200] {dag.py:3834} INFO - Setting next_dagrun for example_setup_teardown_taskflow to 2024-03-12 00:00:00+00:00, run_after=2024-03-13 00:00:00+00:00
[2024-03-13T11:33:28.785+0200] {processor.py:183} INFO - Processing /usr/local/lib/python3.8/site-packages/airflow/example_dags/example_setup_teardown_taskflow.py took 0.217 seconds
[2024-03-13T11:34:10.401+0200] {processor.py:161} INFO - Started process (PID=7051) to work on /usr/local/lib/python3.8/site-packages/airflow/example_dags/example_setup_teardown_taskflow.py
[2024-03-13T11:34:10.402+0200] {processor.py:830} INFO - Processing file /usr/local/lib/python3.8/site-packages/airflow/example_dags/example_setup_teardown_taskflow.py for tasks to queue
[2024-03-13T11:34:10.403+0200] {logging_mixin.py:188} INFO - [2024-03-13T11:34:10.402+0200] {dagbag.py:540} INFO - Filling up the DagBag from /usr/local/lib/python3.8/site-packages/airflow/example_dags/example_setup_teardown_taskflow.py
[2024-03-13T11:34:10.443+0200] {processor.py:840} INFO - DAG(s) 'example_setup_teardown_taskflow' retrieved from /usr/local/lib/python3.8/site-packages/airflow/example_dags/example_setup_teardown_taskflow.py
[2024-03-13T11:34:10.618+0200] {logging_mixin.py:188} INFO - [2024-03-13T11:34:10.618+0200] {dag.py:3047} INFO - Sync 1 DAGs
[2024-03-13T11:34:10.637+0200] {logging_mixin.py:188} INFO - [2024-03-13T11:34:10.637+0200] {dag.py:3834} INFO - Setting next_dagrun for example_setup_teardown_taskflow to 2024-03-12 00:00:00+00:00, run_after=2024-03-13 00:00:00+00:00
[2024-03-13T11:34:10.651+0200] {processor.py:183} INFO - Processing /usr/local/lib/python3.8/site-packages/airflow/example_dags/example_setup_teardown_taskflow.py took 0.252 seconds
[2024-03-13T11:34:51.896+0200] {processor.py:161} INFO - Started process (PID=7212) to work on /usr/local/lib/python3.8/site-packages/airflow/example_dags/example_setup_teardown_taskflow.py
[2024-03-13T11:34:51.896+0200] {processor.py:830} INFO - Processing file /usr/local/lib/python3.8/site-packages/airflow/example_dags/example_setup_teardown_taskflow.py for tasks to queue
[2024-03-13T11:34:51.897+0200] {logging_mixin.py:188} INFO - [2024-03-13T11:34:51.897+0200] {dagbag.py:540} INFO - Filling up the DagBag from /usr/local/lib/python3.8/site-packages/airflow/example_dags/example_setup_teardown_taskflow.py
[2024-03-13T11:34:51.925+0200] {processor.py:840} INFO - DAG(s) 'example_setup_teardown_taskflow' retrieved from /usr/local/lib/python3.8/site-packages/airflow/example_dags/example_setup_teardown_taskflow.py
[2024-03-13T11:34:52.068+0200] {logging_mixin.py:188} INFO - [2024-03-13T11:34:52.068+0200] {dag.py:3047} INFO - Sync 1 DAGs
[2024-03-13T11:34:52.087+0200] {logging_mixin.py:188} INFO - [2024-03-13T11:34:52.086+0200] {dag.py:3834} INFO - Setting next_dagrun for example_setup_teardown_taskflow to 2024-03-12 00:00:00+00:00, run_after=2024-03-13 00:00:00+00:00
[2024-03-13T11:34:52.100+0200] {processor.py:183} INFO - Processing /usr/local/lib/python3.8/site-packages/airflow/example_dags/example_setup_teardown_taskflow.py took 0.206 seconds
