[2024-03-13T11:09:21.772+0200] {processor.py:161} INFO - Started process (PID=1870) to work on /usr/local/lib/python3.8/site-packages/airflow/example_dags/example_xcom.py
[2024-03-13T11:09:21.774+0200] {processor.py:830} INFO - Processing file /usr/local/lib/python3.8/site-packages/airflow/example_dags/example_xcom.py for tasks to queue
[2024-03-13T11:09:21.775+0200] {logging_mixin.py:188} INFO - [2024-03-13T11:09:21.775+0200] {dagbag.py:540} INFO - Filling up the DagBag from /usr/local/lib/python3.8/site-packages/airflow/example_dags/example_xcom.py
[2024-03-13T11:09:21.840+0200] {processor.py:840} INFO - DAG(s) 'example_xcom' retrieved from /usr/local/lib/python3.8/site-packages/airflow/example_dags/example_xcom.py
[2024-03-13T11:09:22.112+0200] {logging_mixin.py:188} INFO - [2024-03-13T11:09:22.111+0200] {override.py:1769} INFO - Created Permission View: can edit on DAG:example_xcom
[2024-03-13T11:09:22.119+0200] {logging_mixin.py:188} INFO - [2024-03-13T11:09:22.119+0200] {override.py:1769} INFO - Created Permission View: can read on DAG:example_xcom
[2024-03-13T11:09:22.124+0200] {logging_mixin.py:188} INFO - [2024-03-13T11:09:22.124+0200] {override.py:1769} INFO - Created Permission View: can delete on DAG:example_xcom
[2024-03-13T11:09:22.125+0200] {logging_mixin.py:188} INFO - [2024-03-13T11:09:22.124+0200] {dag.py:3047} INFO - Sync 1 DAGs
[2024-03-13T11:09:22.135+0200] {logging_mixin.py:188} INFO - [2024-03-13T11:09:22.135+0200] {dag.py:3069} INFO - Creating ORM DAG for example_xcom
[2024-03-13T11:09:22.145+0200] {logging_mixin.py:188} INFO - [2024-03-13T11:09:22.144+0200] {dag.py:3834} INFO - Setting next_dagrun for example_xcom to 2021-01-01 00:00:00+00:00, run_after=2021-01-01 00:00:00+00:00
[2024-03-13T11:09:22.160+0200] {processor.py:183} INFO - Processing /usr/local/lib/python3.8/site-packages/airflow/example_dags/example_xcom.py took 0.390 seconds
[2024-03-13T11:10:11.757+0200] {processor.py:161} INFO - Started process (PID=2066) to work on /usr/local/lib/python3.8/site-packages/airflow/example_dags/example_xcom.py
[2024-03-13T11:10:11.759+0200] {processor.py:830} INFO - Processing file /usr/local/lib/python3.8/site-packages/airflow/example_dags/example_xcom.py for tasks to queue
[2024-03-13T11:10:11.759+0200] {logging_mixin.py:188} INFO - [2024-03-13T11:10:11.759+0200] {dagbag.py:540} INFO - Filling up the DagBag from /usr/local/lib/python3.8/site-packages/airflow/example_dags/example_xcom.py
[2024-03-13T11:10:11.797+0200] {processor.py:840} INFO - DAG(s) 'example_xcom' retrieved from /usr/local/lib/python3.8/site-packages/airflow/example_dags/example_xcom.py
[2024-03-13T11:10:11.967+0200] {logging_mixin.py:188} INFO - [2024-03-13T11:10:11.966+0200] {dag.py:3047} INFO - Sync 1 DAGs
[2024-03-13T11:10:11.988+0200] {logging_mixin.py:188} INFO - [2024-03-13T11:10:11.987+0200] {dag.py:3834} INFO - Setting next_dagrun for example_xcom to 2021-01-01 00:00:00+00:00, run_after=2021-01-01 00:00:00+00:00
[2024-03-13T11:10:12.005+0200] {processor.py:183} INFO - Processing /usr/local/lib/python3.8/site-packages/airflow/example_dags/example_xcom.py took 0.250 seconds
[2024-03-13T11:11:02.243+0200] {processor.py:161} INFO - Started process (PID=2236) to work on /usr/local/lib/python3.8/site-packages/airflow/example_dags/example_xcom.py
[2024-03-13T11:11:02.244+0200] {processor.py:830} INFO - Processing file /usr/local/lib/python3.8/site-packages/airflow/example_dags/example_xcom.py for tasks to queue
[2024-03-13T11:11:02.245+0200] {logging_mixin.py:188} INFO - [2024-03-13T11:11:02.245+0200] {dagbag.py:540} INFO - Filling up the DagBag from /usr/local/lib/python3.8/site-packages/airflow/example_dags/example_xcom.py
[2024-03-13T11:11:02.272+0200] {processor.py:840} INFO - DAG(s) 'example_xcom' retrieved from /usr/local/lib/python3.8/site-packages/airflow/example_dags/example_xcom.py
[2024-03-13T11:11:02.411+0200] {logging_mixin.py:188} INFO - [2024-03-13T11:11:02.411+0200] {dag.py:3047} INFO - Sync 1 DAGs
[2024-03-13T11:11:02.430+0200] {logging_mixin.py:188} INFO - [2024-03-13T11:11:02.429+0200] {dag.py:3834} INFO - Setting next_dagrun for example_xcom to 2021-01-01 00:00:00+00:00, run_after=2021-01-01 00:00:00+00:00
[2024-03-13T11:11:02.444+0200] {processor.py:183} INFO - Processing /usr/local/lib/python3.8/site-packages/airflow/example_dags/example_xcom.py took 0.202 seconds
[2024-03-13T11:11:55.274+0200] {processor.py:161} INFO - Started process (PID=2455) to work on /usr/local/lib/python3.8/site-packages/airflow/example_dags/example_xcom.py
[2024-03-13T11:11:55.275+0200] {processor.py:830} INFO - Processing file /usr/local/lib/python3.8/site-packages/airflow/example_dags/example_xcom.py for tasks to queue
[2024-03-13T11:11:55.275+0200] {logging_mixin.py:188} INFO - [2024-03-13T11:11:55.275+0200] {dagbag.py:540} INFO - Filling up the DagBag from /usr/local/lib/python3.8/site-packages/airflow/example_dags/example_xcom.py
[2024-03-13T11:11:55.310+0200] {processor.py:840} INFO - DAG(s) 'example_xcom' retrieved from /usr/local/lib/python3.8/site-packages/airflow/example_dags/example_xcom.py
[2024-03-13T11:11:55.494+0200] {logging_mixin.py:188} INFO - [2024-03-13T11:11:55.494+0200] {dag.py:3047} INFO - Sync 1 DAGs
[2024-03-13T11:11:55.518+0200] {logging_mixin.py:188} INFO - [2024-03-13T11:11:55.517+0200] {dag.py:3834} INFO - Setting next_dagrun for example_xcom to 2021-01-01 00:00:00+00:00, run_after=2021-01-01 00:00:00+00:00
[2024-03-13T11:11:55.537+0200] {processor.py:183} INFO - Processing /usr/local/lib/python3.8/site-packages/airflow/example_dags/example_xcom.py took 0.264 seconds
[2024-03-13T11:12:47.885+0200] {processor.py:161} INFO - Started process (PID=2648) to work on /usr/local/lib/python3.8/site-packages/airflow/example_dags/example_xcom.py
[2024-03-13T11:12:47.886+0200] {processor.py:830} INFO - Processing file /usr/local/lib/python3.8/site-packages/airflow/example_dags/example_xcom.py for tasks to queue
[2024-03-13T11:12:47.886+0200] {logging_mixin.py:188} INFO - [2024-03-13T11:12:47.886+0200] {dagbag.py:540} INFO - Filling up the DagBag from /usr/local/lib/python3.8/site-packages/airflow/example_dags/example_xcom.py
[2024-03-13T11:12:47.921+0200] {processor.py:840} INFO - DAG(s) 'example_xcom' retrieved from /usr/local/lib/python3.8/site-packages/airflow/example_dags/example_xcom.py
[2024-03-13T11:12:48.079+0200] {logging_mixin.py:188} INFO - [2024-03-13T11:12:48.078+0200] {dag.py:3047} INFO - Sync 1 DAGs
[2024-03-13T11:12:48.100+0200] {logging_mixin.py:188} INFO - [2024-03-13T11:12:48.100+0200] {dag.py:3834} INFO - Setting next_dagrun for example_xcom to 2021-01-01 00:00:00+00:00, run_after=2021-01-01 00:00:00+00:00
[2024-03-13T11:12:48.115+0200] {processor.py:183} INFO - Processing /usr/local/lib/python3.8/site-packages/airflow/example_dags/example_xcom.py took 0.232 seconds
[2024-03-13T11:18:07.837+0200] {processor.py:161} INFO - Started process (PID=3296) to work on /usr/local/lib/python3.8/site-packages/airflow/example_dags/example_xcom.py
[2024-03-13T11:18:07.855+0200] {processor.py:830} INFO - Processing file /usr/local/lib/python3.8/site-packages/airflow/example_dags/example_xcom.py for tasks to queue
[2024-03-13T11:18:07.856+0200] {logging_mixin.py:188} INFO - [2024-03-13T11:18:07.856+0200] {dagbag.py:540} INFO - Filling up the DagBag from /usr/local/lib/python3.8/site-packages/airflow/example_dags/example_xcom.py
[2024-03-13T11:18:07.914+0200] {processor.py:840} INFO - DAG(s) 'example_xcom' retrieved from /usr/local/lib/python3.8/site-packages/airflow/example_dags/example_xcom.py
[2024-03-13T11:18:08.165+0200] {logging_mixin.py:188} INFO - [2024-03-13T11:18:08.165+0200] {dag.py:3047} INFO - Sync 1 DAGs
[2024-03-13T11:18:08.186+0200] {logging_mixin.py:188} INFO - [2024-03-13T11:18:08.186+0200] {dag.py:3834} INFO - Setting next_dagrun for example_xcom to 2021-01-01 00:00:00+00:00, run_after=2021-01-01 00:00:00+00:00
[2024-03-13T11:18:08.201+0200] {processor.py:183} INFO - Processing /usr/local/lib/python3.8/site-packages/airflow/example_dags/example_xcom.py took 0.366 seconds
[2024-03-13T11:18:57.726+0200] {processor.py:161} INFO - Started process (PID=3504) to work on /usr/local/lib/python3.8/site-packages/airflow/example_dags/example_xcom.py
[2024-03-13T11:18:57.727+0200] {processor.py:830} INFO - Processing file /usr/local/lib/python3.8/site-packages/airflow/example_dags/example_xcom.py for tasks to queue
[2024-03-13T11:18:57.727+0200] {logging_mixin.py:188} INFO - [2024-03-13T11:18:57.727+0200] {dagbag.py:540} INFO - Filling up the DagBag from /usr/local/lib/python3.8/site-packages/airflow/example_dags/example_xcom.py
[2024-03-13T11:18:57.755+0200] {processor.py:840} INFO - DAG(s) 'example_xcom' retrieved from /usr/local/lib/python3.8/site-packages/airflow/example_dags/example_xcom.py
[2024-03-13T11:18:57.903+0200] {logging_mixin.py:188} INFO - [2024-03-13T11:18:57.902+0200] {dag.py:3047} INFO - Sync 1 DAGs
[2024-03-13T11:18:57.925+0200] {logging_mixin.py:188} INFO - [2024-03-13T11:18:57.925+0200] {dag.py:3834} INFO - Setting next_dagrun for example_xcom to 2021-01-01 00:00:00+00:00, run_after=2021-01-01 00:00:00+00:00
[2024-03-13T11:18:57.940+0200] {processor.py:183} INFO - Processing /usr/local/lib/python3.8/site-packages/airflow/example_dags/example_xcom.py took 0.216 seconds
[2024-03-13T11:19:47.024+0200] {processor.py:161} INFO - Started process (PID=3684) to work on /usr/local/lib/python3.8/site-packages/airflow/example_dags/example_xcom.py
[2024-03-13T11:19:47.025+0200] {processor.py:830} INFO - Processing file /usr/local/lib/python3.8/site-packages/airflow/example_dags/example_xcom.py for tasks to queue
[2024-03-13T11:19:47.025+0200] {logging_mixin.py:188} INFO - [2024-03-13T11:19:47.025+0200] {dagbag.py:540} INFO - Filling up the DagBag from /usr/local/lib/python3.8/site-packages/airflow/example_dags/example_xcom.py
[2024-03-13T11:19:47.061+0200] {processor.py:840} INFO - DAG(s) 'example_xcom' retrieved from /usr/local/lib/python3.8/site-packages/airflow/example_dags/example_xcom.py
[2024-03-13T11:19:47.225+0200] {logging_mixin.py:188} INFO - [2024-03-13T11:19:47.224+0200] {dag.py:3047} INFO - Sync 1 DAGs
[2024-03-13T11:19:47.246+0200] {logging_mixin.py:188} INFO - [2024-03-13T11:19:47.245+0200] {dag.py:3834} INFO - Setting next_dagrun for example_xcom to 2021-01-01 00:00:00+00:00, run_after=2021-01-01 00:00:00+00:00
[2024-03-13T11:19:47.262+0200] {processor.py:183} INFO - Processing /usr/local/lib/python3.8/site-packages/airflow/example_dags/example_xcom.py took 0.241 seconds
[2024-03-13T11:20:42.858+0200] {processor.py:161} INFO - Started process (PID=3932) to work on /usr/local/lib/python3.8/site-packages/airflow/example_dags/example_xcom.py
[2024-03-13T11:20:42.859+0200] {processor.py:830} INFO - Processing file /usr/local/lib/python3.8/site-packages/airflow/example_dags/example_xcom.py for tasks to queue
[2024-03-13T11:20:42.860+0200] {logging_mixin.py:188} INFO - [2024-03-13T11:20:42.859+0200] {dagbag.py:540} INFO - Filling up the DagBag from /usr/local/lib/python3.8/site-packages/airflow/example_dags/example_xcom.py
[2024-03-13T11:20:42.888+0200] {processor.py:840} INFO - DAG(s) 'example_xcom' retrieved from /usr/local/lib/python3.8/site-packages/airflow/example_dags/example_xcom.py
[2024-03-13T11:20:43.038+0200] {logging_mixin.py:188} INFO - [2024-03-13T11:20:43.037+0200] {dag.py:3047} INFO - Sync 1 DAGs
[2024-03-13T11:20:43.058+0200] {logging_mixin.py:188} INFO - [2024-03-13T11:20:43.057+0200] {dag.py:3834} INFO - Setting next_dagrun for example_xcom to 2021-01-01 00:00:00+00:00, run_after=2021-01-01 00:00:00+00:00
[2024-03-13T11:20:43.088+0200] {processor.py:183} INFO - Processing /usr/local/lib/python3.8/site-packages/airflow/example_dags/example_xcom.py took 0.231 seconds
[2024-03-13T11:21:34.448+0200] {processor.py:161} INFO - Started process (PID=4128) to work on /usr/local/lib/python3.8/site-packages/airflow/example_dags/example_xcom.py
[2024-03-13T11:21:34.449+0200] {processor.py:830} INFO - Processing file /usr/local/lib/python3.8/site-packages/airflow/example_dags/example_xcom.py for tasks to queue
[2024-03-13T11:21:34.449+0200] {logging_mixin.py:188} INFO - [2024-03-13T11:21:34.449+0200] {dagbag.py:540} INFO - Filling up the DagBag from /usr/local/lib/python3.8/site-packages/airflow/example_dags/example_xcom.py
[2024-03-13T11:21:34.490+0200] {processor.py:840} INFO - DAG(s) 'example_xcom' retrieved from /usr/local/lib/python3.8/site-packages/airflow/example_dags/example_xcom.py
[2024-03-13T11:21:34.653+0200] {logging_mixin.py:188} INFO - [2024-03-13T11:21:34.653+0200] {dag.py:3047} INFO - Sync 1 DAGs
[2024-03-13T11:21:34.687+0200] {logging_mixin.py:188} INFO - [2024-03-13T11:21:34.687+0200] {dag.py:3834} INFO - Setting next_dagrun for example_xcom to 2021-01-01 00:00:00+00:00, run_after=2021-01-01 00:00:00+00:00
[2024-03-13T11:21:34.700+0200] {processor.py:183} INFO - Processing /usr/local/lib/python3.8/site-packages/airflow/example_dags/example_xcom.py took 0.255 seconds
[2024-03-13T11:22:21.076+0200] {processor.py:161} INFO - Started process (PID=4309) to work on /usr/local/lib/python3.8/site-packages/airflow/example_dags/example_xcom.py
[2024-03-13T11:22:21.077+0200] {processor.py:830} INFO - Processing file /usr/local/lib/python3.8/site-packages/airflow/example_dags/example_xcom.py for tasks to queue
[2024-03-13T11:22:21.078+0200] {logging_mixin.py:188} INFO - [2024-03-13T11:22:21.077+0200] {dagbag.py:540} INFO - Filling up the DagBag from /usr/local/lib/python3.8/site-packages/airflow/example_dags/example_xcom.py
[2024-03-13T11:22:21.120+0200] {processor.py:840} INFO - DAG(s) 'example_xcom' retrieved from /usr/local/lib/python3.8/site-packages/airflow/example_dags/example_xcom.py
[2024-03-13T11:22:21.288+0200] {logging_mixin.py:188} INFO - [2024-03-13T11:22:21.287+0200] {dag.py:3047} INFO - Sync 1 DAGs
[2024-03-13T11:22:21.308+0200] {logging_mixin.py:188} INFO - [2024-03-13T11:22:21.307+0200] {dag.py:3834} INFO - Setting next_dagrun for example_xcom to 2021-01-01 00:00:00+00:00, run_after=2021-01-01 00:00:00+00:00
[2024-03-13T11:22:21.341+0200] {processor.py:183} INFO - Processing /usr/local/lib/python3.8/site-packages/airflow/example_dags/example_xcom.py took 0.267 seconds
[2024-03-13T11:23:18.711+0200] {processor.py:161} INFO - Started process (PID=4510) to work on /usr/local/lib/python3.8/site-packages/airflow/example_dags/example_xcom.py
[2024-03-13T11:23:18.712+0200] {processor.py:830} INFO - Processing file /usr/local/lib/python3.8/site-packages/airflow/example_dags/example_xcom.py for tasks to queue
[2024-03-13T11:23:18.712+0200] {logging_mixin.py:188} INFO - [2024-03-13T11:23:18.712+0200] {dagbag.py:540} INFO - Filling up the DagBag from /usr/local/lib/python3.8/site-packages/airflow/example_dags/example_xcom.py
[2024-03-13T11:23:18.752+0200] {processor.py:840} INFO - DAG(s) 'example_xcom' retrieved from /usr/local/lib/python3.8/site-packages/airflow/example_dags/example_xcom.py
[2024-03-13T11:23:18.953+0200] {logging_mixin.py:188} INFO - [2024-03-13T11:23:18.953+0200] {dag.py:3047} INFO - Sync 1 DAGs
[2024-03-13T11:23:18.991+0200] {logging_mixin.py:188} INFO - [2024-03-13T11:23:18.991+0200] {dag.py:3834} INFO - Setting next_dagrun for example_xcom to 2021-01-01 00:00:00+00:00, run_after=2021-01-01 00:00:00+00:00
[2024-03-13T11:23:19.008+0200] {processor.py:183} INFO - Processing /usr/local/lib/python3.8/site-packages/airflow/example_dags/example_xcom.py took 0.300 seconds
[2024-03-13T11:24:16.016+0200] {processor.py:161} INFO - Started process (PID=4713) to work on /usr/local/lib/python3.8/site-packages/airflow/example_dags/example_xcom.py
[2024-03-13T11:24:16.017+0200] {processor.py:830} INFO - Processing file /usr/local/lib/python3.8/site-packages/airflow/example_dags/example_xcom.py for tasks to queue
[2024-03-13T11:24:16.017+0200] {logging_mixin.py:188} INFO - [2024-03-13T11:24:16.017+0200] {dagbag.py:540} INFO - Filling up the DagBag from /usr/local/lib/python3.8/site-packages/airflow/example_dags/example_xcom.py
[2024-03-13T11:24:16.049+0200] {processor.py:840} INFO - DAG(s) 'example_xcom' retrieved from /usr/local/lib/python3.8/site-packages/airflow/example_dags/example_xcom.py
[2024-03-13T11:24:16.238+0200] {logging_mixin.py:188} INFO - [2024-03-13T11:24:16.237+0200] {dag.py:3047} INFO - Sync 1 DAGs
[2024-03-13T11:24:16.260+0200] {logging_mixin.py:188} INFO - [2024-03-13T11:24:16.260+0200] {dag.py:3834} INFO - Setting next_dagrun for example_xcom to 2021-01-01 00:00:00+00:00, run_after=2021-01-01 00:00:00+00:00
[2024-03-13T11:24:16.293+0200] {processor.py:183} INFO - Processing /usr/local/lib/python3.8/site-packages/airflow/example_dags/example_xcom.py took 0.279 seconds
[2024-03-13T11:25:13.197+0200] {processor.py:161} INFO - Started process (PID=4923) to work on /usr/local/lib/python3.8/site-packages/airflow/example_dags/example_xcom.py
[2024-03-13T11:25:13.198+0200] {processor.py:830} INFO - Processing file /usr/local/lib/python3.8/site-packages/airflow/example_dags/example_xcom.py for tasks to queue
[2024-03-13T11:25:13.199+0200] {logging_mixin.py:188} INFO - [2024-03-13T11:25:13.198+0200] {dagbag.py:540} INFO - Filling up the DagBag from /usr/local/lib/python3.8/site-packages/airflow/example_dags/example_xcom.py
[2024-03-13T11:25:13.238+0200] {processor.py:840} INFO - DAG(s) 'example_xcom' retrieved from /usr/local/lib/python3.8/site-packages/airflow/example_dags/example_xcom.py
[2024-03-13T11:25:13.398+0200] {logging_mixin.py:188} INFO - [2024-03-13T11:25:13.398+0200] {dag.py:3047} INFO - Sync 1 DAGs
[2024-03-13T11:25:13.420+0200] {logging_mixin.py:188} INFO - [2024-03-13T11:25:13.419+0200] {dag.py:3834} INFO - Setting next_dagrun for example_xcom to 2021-01-01 00:00:00+00:00, run_after=2021-01-01 00:00:00+00:00
[2024-03-13T11:25:13.452+0200] {processor.py:183} INFO - Processing /usr/local/lib/python3.8/site-packages/airflow/example_dags/example_xcom.py took 0.257 seconds
[2024-03-13T11:26:00.615+0200] {processor.py:161} INFO - Started process (PID=5100) to work on /usr/local/lib/python3.8/site-packages/airflow/example_dags/example_xcom.py
[2024-03-13T11:26:00.616+0200] {processor.py:830} INFO - Processing file /usr/local/lib/python3.8/site-packages/airflow/example_dags/example_xcom.py for tasks to queue
[2024-03-13T11:26:00.617+0200] {logging_mixin.py:188} INFO - [2024-03-13T11:26:00.616+0200] {dagbag.py:540} INFO - Filling up the DagBag from /usr/local/lib/python3.8/site-packages/airflow/example_dags/example_xcom.py
[2024-03-13T11:26:00.644+0200] {processor.py:840} INFO - DAG(s) 'example_xcom' retrieved from /usr/local/lib/python3.8/site-packages/airflow/example_dags/example_xcom.py
[2024-03-13T11:26:00.787+0200] {logging_mixin.py:188} INFO - [2024-03-13T11:26:00.787+0200] {dag.py:3047} INFO - Sync 1 DAGs
[2024-03-13T11:26:00.803+0200] {logging_mixin.py:188} INFO - [2024-03-13T11:26:00.803+0200] {dag.py:3834} INFO - Setting next_dagrun for example_xcom to 2021-01-01 00:00:00+00:00, run_after=2021-01-01 00:00:00+00:00
[2024-03-13T11:26:00.817+0200] {processor.py:183} INFO - Processing /usr/local/lib/python3.8/site-packages/airflow/example_dags/example_xcom.py took 0.203 seconds
[2024-03-13T11:26:41.986+0200] {processor.py:161} INFO - Started process (PID=5263) to work on /usr/local/lib/python3.8/site-packages/airflow/example_dags/example_xcom.py
[2024-03-13T11:26:41.987+0200] {processor.py:830} INFO - Processing file /usr/local/lib/python3.8/site-packages/airflow/example_dags/example_xcom.py for tasks to queue
[2024-03-13T11:26:41.988+0200] {logging_mixin.py:188} INFO - [2024-03-13T11:26:41.987+0200] {dagbag.py:540} INFO - Filling up the DagBag from /usr/local/lib/python3.8/site-packages/airflow/example_dags/example_xcom.py
[2024-03-13T11:26:42.021+0200] {processor.py:840} INFO - DAG(s) 'example_xcom' retrieved from /usr/local/lib/python3.8/site-packages/airflow/example_dags/example_xcom.py
[2024-03-13T11:26:42.188+0200] {logging_mixin.py:188} INFO - [2024-03-13T11:26:42.188+0200] {dag.py:3047} INFO - Sync 1 DAGs
[2024-03-13T11:26:42.212+0200] {logging_mixin.py:188} INFO - [2024-03-13T11:26:42.212+0200] {dag.py:3834} INFO - Setting next_dagrun for example_xcom to 2021-01-01 00:00:00+00:00, run_after=2021-01-01 00:00:00+00:00
[2024-03-13T11:26:42.246+0200] {processor.py:183} INFO - Processing /usr/local/lib/python3.8/site-packages/airflow/example_dags/example_xcom.py took 0.262 seconds
[2024-03-13T11:27:21.809+0200] {processor.py:161} INFO - Started process (PID=5421) to work on /usr/local/lib/python3.8/site-packages/airflow/example_dags/example_xcom.py
[2024-03-13T11:27:21.810+0200] {processor.py:830} INFO - Processing file /usr/local/lib/python3.8/site-packages/airflow/example_dags/example_xcom.py for tasks to queue
[2024-03-13T11:27:21.810+0200] {logging_mixin.py:188} INFO - [2024-03-13T11:27:21.810+0200] {dagbag.py:540} INFO - Filling up the DagBag from /usr/local/lib/python3.8/site-packages/airflow/example_dags/example_xcom.py
[2024-03-13T11:27:21.841+0200] {processor.py:840} INFO - DAG(s) 'example_xcom' retrieved from /usr/local/lib/python3.8/site-packages/airflow/example_dags/example_xcom.py
[2024-03-13T11:27:21.987+0200] {logging_mixin.py:188} INFO - [2024-03-13T11:27:21.987+0200] {dag.py:3047} INFO - Sync 1 DAGs
[2024-03-13T11:27:22.006+0200] {logging_mixin.py:188} INFO - [2024-03-13T11:27:22.006+0200] {dag.py:3834} INFO - Setting next_dagrun for example_xcom to 2021-01-01 00:00:00+00:00, run_after=2021-01-01 00:00:00+00:00
[2024-03-13T11:27:22.020+0200] {processor.py:183} INFO - Processing /usr/local/lib/python3.8/site-packages/airflow/example_dags/example_xcom.py took 0.213 seconds
[2024-03-13T11:28:04.419+0200] {processor.py:161} INFO - Started process (PID=5585) to work on /usr/local/lib/python3.8/site-packages/airflow/example_dags/example_xcom.py
[2024-03-13T11:28:04.420+0200] {processor.py:830} INFO - Processing file /usr/local/lib/python3.8/site-packages/airflow/example_dags/example_xcom.py for tasks to queue
[2024-03-13T11:28:04.420+0200] {logging_mixin.py:188} INFO - [2024-03-13T11:28:04.420+0200] {dagbag.py:540} INFO - Filling up the DagBag from /usr/local/lib/python3.8/site-packages/airflow/example_dags/example_xcom.py
[2024-03-13T11:28:04.454+0200] {processor.py:840} INFO - DAG(s) 'example_xcom' retrieved from /usr/local/lib/python3.8/site-packages/airflow/example_dags/example_xcom.py
[2024-03-13T11:28:04.611+0200] {logging_mixin.py:188} INFO - [2024-03-13T11:28:04.610+0200] {dag.py:3047} INFO - Sync 1 DAGs
[2024-03-13T11:28:04.640+0200] {logging_mixin.py:188} INFO - [2024-03-13T11:28:04.640+0200] {dag.py:3834} INFO - Setting next_dagrun for example_xcom to 2021-01-01 00:00:00+00:00, run_after=2021-01-01 00:00:00+00:00
[2024-03-13T11:28:04.653+0200] {processor.py:183} INFO - Processing /usr/local/lib/python3.8/site-packages/airflow/example_dags/example_xcom.py took 0.236 seconds
[2024-03-13T11:28:47.179+0200] {processor.py:161} INFO - Started process (PID=5753) to work on /usr/local/lib/python3.8/site-packages/airflow/example_dags/example_xcom.py
[2024-03-13T11:28:47.180+0200] {processor.py:830} INFO - Processing file /usr/local/lib/python3.8/site-packages/airflow/example_dags/example_xcom.py for tasks to queue
[2024-03-13T11:28:47.181+0200] {logging_mixin.py:188} INFO - [2024-03-13T11:28:47.181+0200] {dagbag.py:540} INFO - Filling up the DagBag from /usr/local/lib/python3.8/site-packages/airflow/example_dags/example_xcom.py
[2024-03-13T11:28:47.221+0200] {processor.py:840} INFO - DAG(s) 'example_xcom' retrieved from /usr/local/lib/python3.8/site-packages/airflow/example_dags/example_xcom.py
[2024-03-13T11:28:47.388+0200] {logging_mixin.py:188} INFO - [2024-03-13T11:28:47.387+0200] {dag.py:3047} INFO - Sync 1 DAGs
[2024-03-13T11:28:47.406+0200] {logging_mixin.py:188} INFO - [2024-03-13T11:28:47.406+0200] {dag.py:3834} INFO - Setting next_dagrun for example_xcom to 2021-01-01 00:00:00+00:00, run_after=2021-01-01 00:00:00+00:00
[2024-03-13T11:28:47.437+0200] {processor.py:183} INFO - Processing /usr/local/lib/python3.8/site-packages/airflow/example_dags/example_xcom.py took 0.259 seconds
[2024-03-13T11:29:27.256+0200] {processor.py:161} INFO - Started process (PID=5912) to work on /usr/local/lib/python3.8/site-packages/airflow/example_dags/example_xcom.py
[2024-03-13T11:29:27.257+0200] {processor.py:830} INFO - Processing file /usr/local/lib/python3.8/site-packages/airflow/example_dags/example_xcom.py for tasks to queue
[2024-03-13T11:29:27.258+0200] {logging_mixin.py:188} INFO - [2024-03-13T11:29:27.258+0200] {dagbag.py:540} INFO - Filling up the DagBag from /usr/local/lib/python3.8/site-packages/airflow/example_dags/example_xcom.py
[2024-03-13T11:29:27.293+0200] {processor.py:840} INFO - DAG(s) 'example_xcom' retrieved from /usr/local/lib/python3.8/site-packages/airflow/example_dags/example_xcom.py
[2024-03-13T11:29:27.479+0200] {logging_mixin.py:188} INFO - [2024-03-13T11:29:27.478+0200] {dag.py:3047} INFO - Sync 1 DAGs
[2024-03-13T11:29:27.502+0200] {logging_mixin.py:188} INFO - [2024-03-13T11:29:27.502+0200] {dag.py:3834} INFO - Setting next_dagrun for example_xcom to 2021-01-01 00:00:00+00:00, run_after=2021-01-01 00:00:00+00:00
[2024-03-13T11:29:27.536+0200] {processor.py:183} INFO - Processing /usr/local/lib/python3.8/site-packages/airflow/example_dags/example_xcom.py took 0.282 seconds
[2024-03-13T11:30:08.695+0200] {processor.py:161} INFO - Started process (PID=6075) to work on /usr/local/lib/python3.8/site-packages/airflow/example_dags/example_xcom.py
[2024-03-13T11:30:08.696+0200] {processor.py:830} INFO - Processing file /usr/local/lib/python3.8/site-packages/airflow/example_dags/example_xcom.py for tasks to queue
[2024-03-13T11:30:08.697+0200] {logging_mixin.py:188} INFO - [2024-03-13T11:30:08.696+0200] {dagbag.py:540} INFO - Filling up the DagBag from /usr/local/lib/python3.8/site-packages/airflow/example_dags/example_xcom.py
[2024-03-13T11:30:08.728+0200] {processor.py:840} INFO - DAG(s) 'example_xcom' retrieved from /usr/local/lib/python3.8/site-packages/airflow/example_dags/example_xcom.py
[2024-03-13T11:30:08.877+0200] {logging_mixin.py:188} INFO - [2024-03-13T11:30:08.877+0200] {dag.py:3047} INFO - Sync 1 DAGs
[2024-03-13T11:30:08.896+0200] {logging_mixin.py:188} INFO - [2024-03-13T11:30:08.896+0200] {dag.py:3834} INFO - Setting next_dagrun for example_xcom to 2021-01-01 00:00:00+00:00, run_after=2021-01-01 00:00:00+00:00
[2024-03-13T11:30:08.931+0200] {processor.py:183} INFO - Processing /usr/local/lib/python3.8/site-packages/airflow/example_dags/example_xcom.py took 0.237 seconds
[2024-03-13T11:30:50.847+0200] {processor.py:161} INFO - Started process (PID=6239) to work on /usr/local/lib/python3.8/site-packages/airflow/example_dags/example_xcom.py
[2024-03-13T11:30:50.848+0200] {processor.py:830} INFO - Processing file /usr/local/lib/python3.8/site-packages/airflow/example_dags/example_xcom.py for tasks to queue
[2024-03-13T11:30:50.849+0200] {logging_mixin.py:188} INFO - [2024-03-13T11:30:50.849+0200] {dagbag.py:540} INFO - Filling up the DagBag from /usr/local/lib/python3.8/site-packages/airflow/example_dags/example_xcom.py
[2024-03-13T11:30:50.881+0200] {processor.py:840} INFO - DAG(s) 'example_xcom' retrieved from /usr/local/lib/python3.8/site-packages/airflow/example_dags/example_xcom.py
[2024-03-13T11:30:51.073+0200] {logging_mixin.py:188} INFO - [2024-03-13T11:30:51.073+0200] {dag.py:3047} INFO - Sync 1 DAGs
[2024-03-13T11:30:51.096+0200] {logging_mixin.py:188} INFO - [2024-03-13T11:30:51.095+0200] {dag.py:3834} INFO - Setting next_dagrun for example_xcom to 2021-01-01 00:00:00+00:00, run_after=2021-01-01 00:00:00+00:00
[2024-03-13T11:30:51.128+0200] {processor.py:183} INFO - Processing /usr/local/lib/python3.8/site-packages/airflow/example_dags/example_xcom.py took 0.282 seconds
[2024-03-13T11:31:31.650+0200] {processor.py:161} INFO - Started process (PID=6404) to work on /usr/local/lib/python3.8/site-packages/airflow/example_dags/example_xcom.py
[2024-03-13T11:31:31.651+0200] {processor.py:830} INFO - Processing file /usr/local/lib/python3.8/site-packages/airflow/example_dags/example_xcom.py for tasks to queue
[2024-03-13T11:31:31.652+0200] {logging_mixin.py:188} INFO - [2024-03-13T11:31:31.652+0200] {dagbag.py:540} INFO - Filling up the DagBag from /usr/local/lib/python3.8/site-packages/airflow/example_dags/example_xcom.py
[2024-03-13T11:31:31.684+0200] {processor.py:840} INFO - DAG(s) 'example_xcom' retrieved from /usr/local/lib/python3.8/site-packages/airflow/example_dags/example_xcom.py
[2024-03-13T11:31:31.840+0200] {logging_mixin.py:188} INFO - [2024-03-13T11:31:31.840+0200] {dag.py:3047} INFO - Sync 1 DAGs
[2024-03-13T11:31:31.872+0200] {logging_mixin.py:188} INFO - [2024-03-13T11:31:31.872+0200] {dag.py:3834} INFO - Setting next_dagrun for example_xcom to 2021-01-01 00:00:00+00:00, run_after=2021-01-01 00:00:00+00:00
[2024-03-13T11:31:31.886+0200] {processor.py:183} INFO - Processing /usr/local/lib/python3.8/site-packages/airflow/example_dags/example_xcom.py took 0.238 seconds
[2024-03-13T11:32:14.713+0200] {processor.py:161} INFO - Started process (PID=6575) to work on /usr/local/lib/python3.8/site-packages/airflow/example_dags/example_xcom.py
[2024-03-13T11:32:14.714+0200] {processor.py:830} INFO - Processing file /usr/local/lib/python3.8/site-packages/airflow/example_dags/example_xcom.py for tasks to queue
[2024-03-13T11:32:14.715+0200] {logging_mixin.py:188} INFO - [2024-03-13T11:32:14.715+0200] {dagbag.py:540} INFO - Filling up the DagBag from /usr/local/lib/python3.8/site-packages/airflow/example_dags/example_xcom.py
[2024-03-13T11:32:14.748+0200] {processor.py:840} INFO - DAG(s) 'example_xcom' retrieved from /usr/local/lib/python3.8/site-packages/airflow/example_dags/example_xcom.py
[2024-03-13T11:32:14.894+0200] {logging_mixin.py:188} INFO - [2024-03-13T11:32:14.894+0200] {dag.py:3047} INFO - Sync 1 DAGs
[2024-03-13T11:32:14.929+0200] {logging_mixin.py:188} INFO - [2024-03-13T11:32:14.929+0200] {dag.py:3834} INFO - Setting next_dagrun for example_xcom to 2021-01-01 00:00:00+00:00, run_after=2021-01-01 00:00:00+00:00
[2024-03-13T11:32:14.943+0200] {processor.py:183} INFO - Processing /usr/local/lib/python3.8/site-packages/airflow/example_dags/example_xcom.py took 0.232 seconds
[2024-03-13T11:32:57.288+0200] {processor.py:161} INFO - Started process (PID=6739) to work on /usr/local/lib/python3.8/site-packages/airflow/example_dags/example_xcom.py
[2024-03-13T11:32:57.289+0200] {processor.py:830} INFO - Processing file /usr/local/lib/python3.8/site-packages/airflow/example_dags/example_xcom.py for tasks to queue
[2024-03-13T11:32:57.290+0200] {logging_mixin.py:188} INFO - [2024-03-13T11:32:57.290+0200] {dagbag.py:540} INFO - Filling up the DagBag from /usr/local/lib/python3.8/site-packages/airflow/example_dags/example_xcom.py
[2024-03-13T11:32:57.329+0200] {processor.py:840} INFO - DAG(s) 'example_xcom' retrieved from /usr/local/lib/python3.8/site-packages/airflow/example_dags/example_xcom.py
[2024-03-13T11:32:57.519+0200] {logging_mixin.py:188} INFO - [2024-03-13T11:32:57.518+0200] {dag.py:3047} INFO - Sync 1 DAGs
[2024-03-13T11:32:57.538+0200] {logging_mixin.py:188} INFO - [2024-03-13T11:32:57.537+0200] {dag.py:3834} INFO - Setting next_dagrun for example_xcom to 2021-01-01 00:00:00+00:00, run_after=2021-01-01 00:00:00+00:00
[2024-03-13T11:32:57.569+0200] {processor.py:183} INFO - Processing /usr/local/lib/python3.8/site-packages/airflow/example_dags/example_xcom.py took 0.283 seconds
[2024-03-13T11:33:40.312+0200] {processor.py:161} INFO - Started process (PID=6928) to work on /usr/local/lib/python3.8/site-packages/airflow/example_dags/example_xcom.py
[2024-03-13T11:33:40.313+0200] {processor.py:830} INFO - Processing file /usr/local/lib/python3.8/site-packages/airflow/example_dags/example_xcom.py for tasks to queue
[2024-03-13T11:33:40.314+0200] {logging_mixin.py:188} INFO - [2024-03-13T11:33:40.313+0200] {dagbag.py:540} INFO - Filling up the DagBag from /usr/local/lib/python3.8/site-packages/airflow/example_dags/example_xcom.py
[2024-03-13T11:33:40.345+0200] {processor.py:840} INFO - DAG(s) 'example_xcom' retrieved from /usr/local/lib/python3.8/site-packages/airflow/example_dags/example_xcom.py
[2024-03-13T11:33:40.519+0200] {logging_mixin.py:188} INFO - [2024-03-13T11:33:40.519+0200] {dag.py:3047} INFO - Sync 1 DAGs
[2024-03-13T11:33:40.543+0200] {logging_mixin.py:188} INFO - [2024-03-13T11:33:40.542+0200] {dag.py:3834} INFO - Setting next_dagrun for example_xcom to 2021-01-01 00:00:00+00:00, run_after=2021-01-01 00:00:00+00:00
[2024-03-13T11:33:40.577+0200] {processor.py:183} INFO - Processing /usr/local/lib/python3.8/site-packages/airflow/example_dags/example_xcom.py took 0.266 seconds
[2024-03-13T11:34:22.245+0200] {processor.py:161} INFO - Started process (PID=7093) to work on /usr/local/lib/python3.8/site-packages/airflow/example_dags/example_xcom.py
[2024-03-13T11:34:22.246+0200] {processor.py:830} INFO - Processing file /usr/local/lib/python3.8/site-packages/airflow/example_dags/example_xcom.py for tasks to queue
[2024-03-13T11:34:22.247+0200] {logging_mixin.py:188} INFO - [2024-03-13T11:34:22.247+0200] {dagbag.py:540} INFO - Filling up the DagBag from /usr/local/lib/python3.8/site-packages/airflow/example_dags/example_xcom.py
[2024-03-13T11:34:22.285+0200] {processor.py:840} INFO - DAG(s) 'example_xcom' retrieved from /usr/local/lib/python3.8/site-packages/airflow/example_dags/example_xcom.py
[2024-03-13T11:34:22.474+0200] {logging_mixin.py:188} INFO - [2024-03-13T11:34:22.474+0200] {dag.py:3047} INFO - Sync 1 DAGs
[2024-03-13T11:34:22.493+0200] {logging_mixin.py:188} INFO - [2024-03-13T11:34:22.493+0200] {dag.py:3834} INFO - Setting next_dagrun for example_xcom to 2021-01-01 00:00:00+00:00, run_after=2021-01-01 00:00:00+00:00
[2024-03-13T11:34:22.524+0200] {processor.py:183} INFO - Processing /usr/local/lib/python3.8/site-packages/airflow/example_dags/example_xcom.py took 0.280 seconds
[2024-03-13T11:35:03.594+0200] {processor.py:161} INFO - Started process (PID=7253) to work on /usr/local/lib/python3.8/site-packages/airflow/example_dags/example_xcom.py
[2024-03-13T11:35:03.595+0200] {processor.py:830} INFO - Processing file /usr/local/lib/python3.8/site-packages/airflow/example_dags/example_xcom.py for tasks to queue
[2024-03-13T11:35:03.595+0200] {logging_mixin.py:188} INFO - [2024-03-13T11:35:03.595+0200] {dagbag.py:540} INFO - Filling up the DagBag from /usr/local/lib/python3.8/site-packages/airflow/example_dags/example_xcom.py
[2024-03-13T11:35:03.634+0200] {processor.py:840} INFO - DAG(s) 'example_xcom' retrieved from /usr/local/lib/python3.8/site-packages/airflow/example_dags/example_xcom.py
[2024-03-13T11:35:03.793+0200] {logging_mixin.py:188} INFO - [2024-03-13T11:35:03.792+0200] {dag.py:3047} INFO - Sync 1 DAGs
[2024-03-13T11:35:03.828+0200] {logging_mixin.py:188} INFO - [2024-03-13T11:35:03.827+0200] {dag.py:3834} INFO - Setting next_dagrun for example_xcom to 2021-01-01 00:00:00+00:00, run_after=2021-01-01 00:00:00+00:00
[2024-03-13T11:35:03.840+0200] {processor.py:183} INFO - Processing /usr/local/lib/python3.8/site-packages/airflow/example_dags/example_xcom.py took 0.249 seconds
