[2024-03-13T11:09:28.479+0200] {processor.py:161} INFO - Started process (PID=1903) to work on /usr/local/lib/python3.8/site-packages/airflow/example_dags/example_sla_dag.py
[2024-03-13T11:09:28.480+0200] {processor.py:830} INFO - Processing file /usr/local/lib/python3.8/site-packages/airflow/example_dags/example_sla_dag.py for tasks to queue
[2024-03-13T11:09:28.480+0200] {logging_mixin.py:188} INFO - [2024-03-13T11:09:28.480+0200] {dagbag.py:540} INFO - Filling up the DagBag from /usr/local/lib/python3.8/site-packages/airflow/example_dags/example_sla_dag.py
[2024-03-13T11:09:28.510+0200] {processor.py:840} INFO - DAG(s) 'example_sla_dag' retrieved from /usr/local/lib/python3.8/site-packages/airflow/example_dags/example_sla_dag.py
[2024-03-13T11:09:28.737+0200] {logging_mixin.py:188} INFO - [2024-03-13T11:09:28.736+0200] {override.py:1769} INFO - Created Permission View: can read on DAG:example_sla_dag
[2024-03-13T11:09:28.743+0200] {logging_mixin.py:188} INFO - [2024-03-13T11:09:28.743+0200] {override.py:1769} INFO - Created Permission View: can delete on DAG:example_sla_dag
[2024-03-13T11:09:28.747+0200] {logging_mixin.py:188} INFO - [2024-03-13T11:09:28.747+0200] {override.py:1769} INFO - Created Permission View: can edit on DAG:example_sla_dag
[2024-03-13T11:09:28.747+0200] {logging_mixin.py:188} INFO - [2024-03-13T11:09:28.747+0200] {dag.py:3047} INFO - Sync 1 DAGs
[2024-03-13T11:09:28.756+0200] {logging_mixin.py:188} INFO - [2024-03-13T11:09:28.756+0200] {dag.py:3069} INFO - Creating ORM DAG for example_sla_dag
[2024-03-13T11:09:28.767+0200] {logging_mixin.py:188} INFO - [2024-03-13T11:09:28.766+0200] {dag.py:3834} INFO - Setting next_dagrun for example_sla_dag to 2024-03-13 09:06:00+00:00, run_after=2024-03-13 09:08:00+00:00
[2024-03-13T11:09:28.779+0200] {processor.py:183} INFO - Processing /usr/local/lib/python3.8/site-packages/airflow/example_dags/example_sla_dag.py took 0.302 seconds
[2024-03-13T11:10:18.240+0200] {processor.py:161} INFO - Started process (PID=2088) to work on /usr/local/lib/python3.8/site-packages/airflow/example_dags/example_sla_dag.py
[2024-03-13T11:10:18.241+0200] {processor.py:830} INFO - Processing file /usr/local/lib/python3.8/site-packages/airflow/example_dags/example_sla_dag.py for tasks to queue
[2024-03-13T11:10:18.241+0200] {logging_mixin.py:188} INFO - [2024-03-13T11:10:18.241+0200] {dagbag.py:540} INFO - Filling up the DagBag from /usr/local/lib/python3.8/site-packages/airflow/example_dags/example_sla_dag.py
[2024-03-13T11:10:18.272+0200] {processor.py:840} INFO - DAG(s) 'example_sla_dag' retrieved from /usr/local/lib/python3.8/site-packages/airflow/example_dags/example_sla_dag.py
[2024-03-13T11:10:18.409+0200] {logging_mixin.py:188} INFO - [2024-03-13T11:10:18.409+0200] {dag.py:3047} INFO - Sync 1 DAGs
[2024-03-13T11:10:18.431+0200] {logging_mixin.py:188} INFO - [2024-03-13T11:10:18.431+0200] {dag.py:3834} INFO - Setting next_dagrun for example_sla_dag to 2024-03-13 09:08:00+00:00, run_after=2024-03-13 09:10:00+00:00
[2024-03-13T11:10:18.443+0200] {processor.py:183} INFO - Processing /usr/local/lib/python3.8/site-packages/airflow/example_dags/example_sla_dag.py took 0.205 seconds
[2024-03-13T11:11:07.801+0200] {processor.py:161} INFO - Started process (PID=2265) to work on /usr/local/lib/python3.8/site-packages/airflow/example_dags/example_sla_dag.py
[2024-03-13T11:11:07.802+0200] {processor.py:830} INFO - Processing file /usr/local/lib/python3.8/site-packages/airflow/example_dags/example_sla_dag.py for tasks to queue
[2024-03-13T11:11:07.803+0200] {logging_mixin.py:188} INFO - [2024-03-13T11:11:07.802+0200] {dagbag.py:540} INFO - Filling up the DagBag from /usr/local/lib/python3.8/site-packages/airflow/example_dags/example_sla_dag.py
[2024-03-13T11:11:07.843+0200] {processor.py:840} INFO - DAG(s) 'example_sla_dag' retrieved from /usr/local/lib/python3.8/site-packages/airflow/example_dags/example_sla_dag.py
[2024-03-13T11:11:08.013+0200] {logging_mixin.py:188} INFO - [2024-03-13T11:11:08.013+0200] {dag.py:3047} INFO - Sync 1 DAGs
[2024-03-13T11:11:08.035+0200] {logging_mixin.py:188} INFO - [2024-03-13T11:11:08.035+0200] {dag.py:3834} INFO - Setting next_dagrun for example_sla_dag to 2024-03-13 09:08:00+00:00, run_after=2024-03-13 09:10:00+00:00
[2024-03-13T11:11:08.049+0200] {processor.py:183} INFO - Processing /usr/local/lib/python3.8/site-packages/airflow/example_dags/example_sla_dag.py took 0.250 seconds
[2024-03-13T11:12:01.476+0200] {processor.py:161} INFO - Started process (PID=2476) to work on /usr/local/lib/python3.8/site-packages/airflow/example_dags/example_sla_dag.py
[2024-03-13T11:12:01.477+0200] {processor.py:830} INFO - Processing file /usr/local/lib/python3.8/site-packages/airflow/example_dags/example_sla_dag.py for tasks to queue
[2024-03-13T11:12:01.477+0200] {logging_mixin.py:188} INFO - [2024-03-13T11:12:01.477+0200] {dagbag.py:540} INFO - Filling up the DagBag from /usr/local/lib/python3.8/site-packages/airflow/example_dags/example_sla_dag.py
[2024-03-13T11:12:01.510+0200] {processor.py:840} INFO - DAG(s) 'example_sla_dag' retrieved from /usr/local/lib/python3.8/site-packages/airflow/example_dags/example_sla_dag.py
[2024-03-13T11:12:01.656+0200] {logging_mixin.py:188} INFO - [2024-03-13T11:12:01.656+0200] {dag.py:3047} INFO - Sync 1 DAGs
[2024-03-13T11:12:01.677+0200] {logging_mixin.py:188} INFO - [2024-03-13T11:12:01.677+0200] {dag.py:3834} INFO - Setting next_dagrun for example_sla_dag to 2024-03-13 09:10:00+00:00, run_after=2024-03-13 09:12:00+00:00
[2024-03-13T11:12:01.691+0200] {processor.py:183} INFO - Processing /usr/local/lib/python3.8/site-packages/airflow/example_dags/example_sla_dag.py took 0.217 seconds
[2024-03-13T11:12:53.203+0200] {processor.py:161} INFO - Started process (PID=2669) to work on /usr/local/lib/python3.8/site-packages/airflow/example_dags/example_sla_dag.py
[2024-03-13T11:12:53.204+0200] {processor.py:830} INFO - Processing file /usr/local/lib/python3.8/site-packages/airflow/example_dags/example_sla_dag.py for tasks to queue
[2024-03-13T11:12:53.204+0200] {logging_mixin.py:188} INFO - [2024-03-13T11:12:53.204+0200] {dagbag.py:540} INFO - Filling up the DagBag from /usr/local/lib/python3.8/site-packages/airflow/example_dags/example_sla_dag.py
[2024-03-13T11:12:53.243+0200] {processor.py:840} INFO - DAG(s) 'example_sla_dag' retrieved from /usr/local/lib/python3.8/site-packages/airflow/example_dags/example_sla_dag.py
[2024-03-13T11:12:53.451+0200] {logging_mixin.py:188} INFO - [2024-03-13T11:12:53.451+0200] {dag.py:3047} INFO - Sync 1 DAGs
[2024-03-13T11:12:53.489+0200] {logging_mixin.py:188} INFO - [2024-03-13T11:12:53.489+0200] {dag.py:3834} INFO - Setting next_dagrun for example_sla_dag to 2024-03-13 09:10:00+00:00, run_after=2024-03-13 09:12:00+00:00
[2024-03-13T11:12:53.511+0200] {processor.py:183} INFO - Processing /usr/local/lib/python3.8/site-packages/airflow/example_dags/example_sla_dag.py took 0.309 seconds
[2024-03-13T11:18:14.470+0200] {processor.py:161} INFO - Started process (PID=3338) to work on /usr/local/lib/python3.8/site-packages/airflow/example_dags/example_sla_dag.py
[2024-03-13T11:18:14.471+0200] {processor.py:830} INFO - Processing file /usr/local/lib/python3.8/site-packages/airflow/example_dags/example_sla_dag.py for tasks to queue
[2024-03-13T11:18:14.472+0200] {logging_mixin.py:188} INFO - [2024-03-13T11:18:14.472+0200] {dagbag.py:540} INFO - Filling up the DagBag from /usr/local/lib/python3.8/site-packages/airflow/example_dags/example_sla_dag.py
[2024-03-13T11:18:14.508+0200] {processor.py:840} INFO - DAG(s) 'example_sla_dag' retrieved from /usr/local/lib/python3.8/site-packages/airflow/example_dags/example_sla_dag.py
[2024-03-13T11:18:14.672+0200] {logging_mixin.py:188} INFO - [2024-03-13T11:18:14.672+0200] {dag.py:3047} INFO - Sync 1 DAGs
[2024-03-13T11:18:14.698+0200] {logging_mixin.py:188} INFO - [2024-03-13T11:18:14.698+0200] {dag.py:3834} INFO - Setting next_dagrun for example_sla_dag to 2024-03-13 09:16:00+00:00, run_after=2024-03-13 09:18:00+00:00
[2024-03-13T11:18:14.714+0200] {processor.py:183} INFO - Processing /usr/local/lib/python3.8/site-packages/airflow/example_dags/example_sla_dag.py took 0.245 seconds
[2024-03-13T11:19:03.447+0200] {processor.py:161} INFO - Started process (PID=3525) to work on /usr/local/lib/python3.8/site-packages/airflow/example_dags/example_sla_dag.py
[2024-03-13T11:19:03.447+0200] {processor.py:830} INFO - Processing file /usr/local/lib/python3.8/site-packages/airflow/example_dags/example_sla_dag.py for tasks to queue
[2024-03-13T11:19:03.448+0200] {logging_mixin.py:188} INFO - [2024-03-13T11:19:03.448+0200] {dagbag.py:540} INFO - Filling up the DagBag from /usr/local/lib/python3.8/site-packages/airflow/example_dags/example_sla_dag.py
[2024-03-13T11:19:03.476+0200] {processor.py:840} INFO - DAG(s) 'example_sla_dag' retrieved from /usr/local/lib/python3.8/site-packages/airflow/example_dags/example_sla_dag.py
[2024-03-13T11:19:03.612+0200] {logging_mixin.py:188} INFO - [2024-03-13T11:19:03.612+0200] {dag.py:3047} INFO - Sync 1 DAGs
[2024-03-13T11:19:03.634+0200] {logging_mixin.py:188} INFO - [2024-03-13T11:19:03.634+0200] {dag.py:3834} INFO - Setting next_dagrun for example_sla_dag to 2024-03-13 09:16:00+00:00, run_after=2024-03-13 09:18:00+00:00
[2024-03-13T11:19:03.646+0200] {processor.py:183} INFO - Processing /usr/local/lib/python3.8/site-packages/airflow/example_dags/example_sla_dag.py took 0.201 seconds
[2024-03-13T11:19:58.335+0200] {processor.py:161} INFO - Started process (PID=3739) to work on /usr/local/lib/python3.8/site-packages/airflow/example_dags/example_sla_dag.py
[2024-03-13T11:19:58.335+0200] {processor.py:830} INFO - Processing file /usr/local/lib/python3.8/site-packages/airflow/example_dags/example_sla_dag.py for tasks to queue
[2024-03-13T11:19:58.336+0200] {logging_mixin.py:188} INFO - [2024-03-13T11:19:58.336+0200] {dagbag.py:540} INFO - Filling up the DagBag from /usr/local/lib/python3.8/site-packages/airflow/example_dags/example_sla_dag.py
[2024-03-13T11:19:58.374+0200] {processor.py:840} INFO - DAG(s) 'example_sla_dag' retrieved from /usr/local/lib/python3.8/site-packages/airflow/example_dags/example_sla_dag.py
[2024-03-13T11:19:58.534+0200] {logging_mixin.py:188} INFO - [2024-03-13T11:19:58.533+0200] {dag.py:3047} INFO - Sync 1 DAGs
[2024-03-13T11:19:58.556+0200] {logging_mixin.py:188} INFO - [2024-03-13T11:19:58.556+0200] {dag.py:3834} INFO - Setting next_dagrun for example_sla_dag to 2024-03-13 09:16:00+00:00, run_after=2024-03-13 09:18:00+00:00
[2024-03-13T11:19:58.570+0200] {processor.py:183} INFO - Processing /usr/local/lib/python3.8/site-packages/airflow/example_dags/example_sla_dag.py took 0.238 seconds
[2024-03-13T11:20:47.780+0200] {processor.py:161} INFO - Started process (PID=3952) to work on /usr/local/lib/python3.8/site-packages/airflow/example_dags/example_sla_dag.py
[2024-03-13T11:20:47.781+0200] {processor.py:830} INFO - Processing file /usr/local/lib/python3.8/site-packages/airflow/example_dags/example_sla_dag.py for tasks to queue
[2024-03-13T11:20:47.781+0200] {logging_mixin.py:188} INFO - [2024-03-13T11:20:47.781+0200] {dagbag.py:540} INFO - Filling up the DagBag from /usr/local/lib/python3.8/site-packages/airflow/example_dags/example_sla_dag.py
[2024-03-13T11:20:47.814+0200] {processor.py:840} INFO - DAG(s) 'example_sla_dag' retrieved from /usr/local/lib/python3.8/site-packages/airflow/example_dags/example_sla_dag.py
[2024-03-13T11:20:48.019+0200] {logging_mixin.py:188} INFO - [2024-03-13T11:20:48.018+0200] {dag.py:3047} INFO - Sync 1 DAGs
[2024-03-13T11:20:48.056+0200] {logging_mixin.py:188} INFO - [2024-03-13T11:20:48.056+0200] {dag.py:3834} INFO - Setting next_dagrun for example_sla_dag to 2024-03-13 09:18:00+00:00, run_after=2024-03-13 09:20:00+00:00
[2024-03-13T11:20:48.096+0200] {processor.py:183} INFO - Processing /usr/local/lib/python3.8/site-packages/airflow/example_dags/example_sla_dag.py took 0.318 seconds
[2024-03-13T11:21:40.526+0200] {processor.py:161} INFO - Started process (PID=4150) to work on /usr/local/lib/python3.8/site-packages/airflow/example_dags/example_sla_dag.py
[2024-03-13T11:21:40.526+0200] {processor.py:830} INFO - Processing file /usr/local/lib/python3.8/site-packages/airflow/example_dags/example_sla_dag.py for tasks to queue
[2024-03-13T11:21:40.527+0200] {logging_mixin.py:188} INFO - [2024-03-13T11:21:40.527+0200] {dagbag.py:540} INFO - Filling up the DagBag from /usr/local/lib/python3.8/site-packages/airflow/example_dags/example_sla_dag.py
[2024-03-13T11:21:40.558+0200] {processor.py:840} INFO - DAG(s) 'example_sla_dag' retrieved from /usr/local/lib/python3.8/site-packages/airflow/example_dags/example_sla_dag.py
[2024-03-13T11:21:40.711+0200] {logging_mixin.py:188} INFO - [2024-03-13T11:21:40.711+0200] {dag.py:3047} INFO - Sync 1 DAGs
[2024-03-13T11:21:40.744+0200] {logging_mixin.py:188} INFO - [2024-03-13T11:21:40.744+0200] {dag.py:3834} INFO - Setting next_dagrun for example_sla_dag to 2024-03-13 09:18:00+00:00, run_after=2024-03-13 09:20:00+00:00
[2024-03-13T11:21:40.756+0200] {processor.py:183} INFO - Processing /usr/local/lib/python3.8/site-packages/airflow/example_dags/example_sla_dag.py took 0.232 seconds
[2024-03-13T11:22:28.315+0200] {processor.py:161} INFO - Started process (PID=4330) to work on /usr/local/lib/python3.8/site-packages/airflow/example_dags/example_sla_dag.py
[2024-03-13T11:22:28.317+0200] {processor.py:830} INFO - Processing file /usr/local/lib/python3.8/site-packages/airflow/example_dags/example_sla_dag.py for tasks to queue
[2024-03-13T11:22:28.317+0200] {logging_mixin.py:188} INFO - [2024-03-13T11:22:28.317+0200] {dagbag.py:540} INFO - Filling up the DagBag from /usr/local/lib/python3.8/site-packages/airflow/example_dags/example_sla_dag.py
[2024-03-13T11:22:28.356+0200] {processor.py:840} INFO - DAG(s) 'example_sla_dag' retrieved from /usr/local/lib/python3.8/site-packages/airflow/example_dags/example_sla_dag.py
[2024-03-13T11:22:28.538+0200] {logging_mixin.py:188} INFO - [2024-03-13T11:22:28.537+0200] {dag.py:3047} INFO - Sync 1 DAGs
[2024-03-13T11:22:28.561+0200] {logging_mixin.py:188} INFO - [2024-03-13T11:22:28.561+0200] {dag.py:3834} INFO - Setting next_dagrun for example_sla_dag to 2024-03-13 09:20:00+00:00, run_after=2024-03-13 09:22:00+00:00
[2024-03-13T11:22:28.592+0200] {processor.py:183} INFO - Processing /usr/local/lib/python3.8/site-packages/airflow/example_dags/example_sla_dag.py took 0.279 seconds
[2024-03-13T11:23:25.230+0200] {processor.py:161} INFO - Started process (PID=4534) to work on /usr/local/lib/python3.8/site-packages/airflow/example_dags/example_sla_dag.py
[2024-03-13T11:23:25.231+0200] {processor.py:830} INFO - Processing file /usr/local/lib/python3.8/site-packages/airflow/example_dags/example_sla_dag.py for tasks to queue
[2024-03-13T11:23:25.231+0200] {logging_mixin.py:188} INFO - [2024-03-13T11:23:25.231+0200] {dagbag.py:540} INFO - Filling up the DagBag from /usr/local/lib/python3.8/site-packages/airflow/example_dags/example_sla_dag.py
[2024-03-13T11:23:25.266+0200] {processor.py:840} INFO - DAG(s) 'example_sla_dag' retrieved from /usr/local/lib/python3.8/site-packages/airflow/example_dags/example_sla_dag.py
[2024-03-13T11:23:25.417+0200] {logging_mixin.py:188} INFO - [2024-03-13T11:23:25.417+0200] {dag.py:3047} INFO - Sync 1 DAGs
[2024-03-13T11:23:25.450+0200] {logging_mixin.py:188} INFO - [2024-03-13T11:23:25.450+0200] {dag.py:3834} INFO - Setting next_dagrun for example_sla_dag to 2024-03-13 09:20:00+00:00, run_after=2024-03-13 09:22:00+00:00
[2024-03-13T11:23:25.462+0200] {processor.py:183} INFO - Processing /usr/local/lib/python3.8/site-packages/airflow/example_dags/example_sla_dag.py took 0.234 seconds
[2024-03-13T11:24:21.564+0200] {processor.py:161} INFO - Started process (PID=4739) to work on /usr/local/lib/python3.8/site-packages/airflow/example_dags/example_sla_dag.py
[2024-03-13T11:24:21.564+0200] {processor.py:830} INFO - Processing file /usr/local/lib/python3.8/site-packages/airflow/example_dags/example_sla_dag.py for tasks to queue
[2024-03-13T11:24:21.565+0200] {logging_mixin.py:188} INFO - [2024-03-13T11:24:21.565+0200] {dagbag.py:540} INFO - Filling up the DagBag from /usr/local/lib/python3.8/site-packages/airflow/example_dags/example_sla_dag.py
[2024-03-13T11:24:21.598+0200] {processor.py:840} INFO - DAG(s) 'example_sla_dag' retrieved from /usr/local/lib/python3.8/site-packages/airflow/example_dags/example_sla_dag.py
[2024-03-13T11:24:21.789+0200] {logging_mixin.py:188} INFO - [2024-03-13T11:24:21.789+0200] {dag.py:3047} INFO - Sync 1 DAGs
[2024-03-13T11:24:21.817+0200] {logging_mixin.py:188} INFO - [2024-03-13T11:24:21.817+0200] {dag.py:3834} INFO - Setting next_dagrun for example_sla_dag to 2024-03-13 09:22:00+00:00, run_after=2024-03-13 09:24:00+00:00
[2024-03-13T11:24:21.854+0200] {processor.py:183} INFO - Processing /usr/local/lib/python3.8/site-packages/airflow/example_dags/example_sla_dag.py took 0.293 seconds
[2024-03-13T11:25:19.602+0200] {processor.py:161} INFO - Started process (PID=4945) to work on /usr/local/lib/python3.8/site-packages/airflow/example_dags/example_sla_dag.py
[2024-03-13T11:25:19.603+0200] {processor.py:830} INFO - Processing file /usr/local/lib/python3.8/site-packages/airflow/example_dags/example_sla_dag.py for tasks to queue
[2024-03-13T11:25:19.603+0200] {logging_mixin.py:188} INFO - [2024-03-13T11:25:19.603+0200] {dagbag.py:540} INFO - Filling up the DagBag from /usr/local/lib/python3.8/site-packages/airflow/example_dags/example_sla_dag.py
[2024-03-13T11:25:19.637+0200] {processor.py:840} INFO - DAG(s) 'example_sla_dag' retrieved from /usr/local/lib/python3.8/site-packages/airflow/example_dags/example_sla_dag.py
[2024-03-13T11:25:19.795+0200] {logging_mixin.py:188} INFO - [2024-03-13T11:25:19.795+0200] {dag.py:3047} INFO - Sync 1 DAGs
[2024-03-13T11:25:19.817+0200] {logging_mixin.py:188} INFO - [2024-03-13T11:25:19.817+0200] {dag.py:3834} INFO - Setting next_dagrun for example_sla_dag to 2024-03-13 09:22:00+00:00, run_after=2024-03-13 09:24:00+00:00
[2024-03-13T11:25:19.845+0200] {processor.py:183} INFO - Processing /usr/local/lib/python3.8/site-packages/airflow/example_dags/example_sla_dag.py took 0.245 seconds
[2024-03-13T11:26:06.824+0200] {processor.py:161} INFO - Started process (PID=5123) to work on /usr/local/lib/python3.8/site-packages/airflow/example_dags/example_sla_dag.py
[2024-03-13T11:26:06.825+0200] {processor.py:830} INFO - Processing file /usr/local/lib/python3.8/site-packages/airflow/example_dags/example_sla_dag.py for tasks to queue
[2024-03-13T11:26:06.825+0200] {logging_mixin.py:188} INFO - [2024-03-13T11:26:06.825+0200] {dagbag.py:540} INFO - Filling up the DagBag from /usr/local/lib/python3.8/site-packages/airflow/example_dags/example_sla_dag.py
[2024-03-13T11:26:06.852+0200] {processor.py:840} INFO - DAG(s) 'example_sla_dag' retrieved from /usr/local/lib/python3.8/site-packages/airflow/example_dags/example_sla_dag.py
[2024-03-13T11:26:07.015+0200] {logging_mixin.py:188} INFO - [2024-03-13T11:26:07.015+0200] {dag.py:3047} INFO - Sync 1 DAGs
[2024-03-13T11:26:07.050+0200] {logging_mixin.py:188} INFO - [2024-03-13T11:26:07.050+0200] {dag.py:3834} INFO - Setting next_dagrun for example_sla_dag to 2024-03-13 09:24:00+00:00, run_after=2024-03-13 09:26:00+00:00
[2024-03-13T11:26:07.062+0200] {processor.py:183} INFO - Processing /usr/local/lib/python3.8/site-packages/airflow/example_dags/example_sla_dag.py took 0.239 seconds
[2024-03-13T11:26:56.160+0200] {processor.py:161} INFO - Started process (PID=5326) to work on /usr/local/lib/python3.8/site-packages/airflow/example_dags/example_sla_dag.py
[2024-03-13T11:26:56.161+0200] {processor.py:830} INFO - Processing file /usr/local/lib/python3.8/site-packages/airflow/example_dags/example_sla_dag.py for tasks to queue
[2024-03-13T11:26:56.162+0200] {logging_mixin.py:188} INFO - [2024-03-13T11:26:56.161+0200] {dagbag.py:540} INFO - Filling up the DagBag from /usr/local/lib/python3.8/site-packages/airflow/example_dags/example_sla_dag.py
[2024-03-13T11:26:56.195+0200] {processor.py:840} INFO - DAG(s) 'example_sla_dag' retrieved from /usr/local/lib/python3.8/site-packages/airflow/example_dags/example_sla_dag.py
[2024-03-13T11:26:56.366+0200] {logging_mixin.py:188} INFO - [2024-03-13T11:26:56.365+0200] {dag.py:3047} INFO - Sync 1 DAGs
[2024-03-13T11:26:56.405+0200] {logging_mixin.py:188} INFO - [2024-03-13T11:26:56.405+0200] {dag.py:3834} INFO - Setting next_dagrun for example_sla_dag to 2024-03-13 09:24:00+00:00, run_after=2024-03-13 09:26:00+00:00
[2024-03-13T11:26:56.437+0200] {processor.py:183} INFO - Processing /usr/local/lib/python3.8/site-packages/airflow/example_dags/example_sla_dag.py took 0.280 seconds
[2024-03-13T11:27:38.370+0200] {processor.py:161} INFO - Started process (PID=5484) to work on /usr/local/lib/python3.8/site-packages/airflow/example_dags/example_sla_dag.py
[2024-03-13T11:27:38.371+0200] {processor.py:830} INFO - Processing file /usr/local/lib/python3.8/site-packages/airflow/example_dags/example_sla_dag.py for tasks to queue
[2024-03-13T11:27:38.371+0200] {logging_mixin.py:188} INFO - [2024-03-13T11:27:38.371+0200] {dagbag.py:540} INFO - Filling up the DagBag from /usr/local/lib/python3.8/site-packages/airflow/example_dags/example_sla_dag.py
[2024-03-13T11:27:38.400+0200] {processor.py:840} INFO - DAG(s) 'example_sla_dag' retrieved from /usr/local/lib/python3.8/site-packages/airflow/example_dags/example_sla_dag.py
[2024-03-13T11:27:38.552+0200] {logging_mixin.py:188} INFO - [2024-03-13T11:27:38.552+0200] {dag.py:3047} INFO - Sync 1 DAGs
[2024-03-13T11:27:38.590+0200] {logging_mixin.py:188} INFO - [2024-03-13T11:27:38.590+0200] {dag.py:3834} INFO - Setting next_dagrun for example_sla_dag to 2024-03-13 09:24:00+00:00, run_after=2024-03-13 09:26:00+00:00
[2024-03-13T11:27:38.604+0200] {processor.py:183} INFO - Processing /usr/local/lib/python3.8/site-packages/airflow/example_dags/example_sla_dag.py took 0.235 seconds
[2024-03-13T11:28:22.208+0200] {processor.py:161} INFO - Started process (PID=5654) to work on /usr/local/lib/python3.8/site-packages/airflow/example_dags/example_sla_dag.py
[2024-03-13T11:28:22.210+0200] {processor.py:830} INFO - Processing file /usr/local/lib/python3.8/site-packages/airflow/example_dags/example_sla_dag.py for tasks to queue
[2024-03-13T11:28:22.210+0200] {logging_mixin.py:188} INFO - [2024-03-13T11:28:22.210+0200] {dagbag.py:540} INFO - Filling up the DagBag from /usr/local/lib/python3.8/site-packages/airflow/example_dags/example_sla_dag.py
[2024-03-13T11:28:22.238+0200] {processor.py:840} INFO - DAG(s) 'example_sla_dag' retrieved from /usr/local/lib/python3.8/site-packages/airflow/example_dags/example_sla_dag.py
[2024-03-13T11:28:22.387+0200] {logging_mixin.py:188} INFO - [2024-03-13T11:28:22.387+0200] {dag.py:3047} INFO - Sync 1 DAGs
[2024-03-13T11:28:22.407+0200] {logging_mixin.py:188} INFO - [2024-03-13T11:28:22.407+0200] {dag.py:3834} INFO - Setting next_dagrun for example_sla_dag to 2024-03-13 09:26:00+00:00, run_after=2024-03-13 09:28:00+00:00
[2024-03-13T11:28:22.440+0200] {processor.py:183} INFO - Processing /usr/local/lib/python3.8/site-packages/airflow/example_dags/example_sla_dag.py took 0.233 seconds
[2024-03-13T11:29:04.039+0200] {processor.py:161} INFO - Started process (PID=5825) to work on /usr/local/lib/python3.8/site-packages/airflow/example_dags/example_sla_dag.py
[2024-03-13T11:29:04.040+0200] {processor.py:830} INFO - Processing file /usr/local/lib/python3.8/site-packages/airflow/example_dags/example_sla_dag.py for tasks to queue
[2024-03-13T11:29:04.040+0200] {logging_mixin.py:188} INFO - [2024-03-13T11:29:04.040+0200] {dagbag.py:540} INFO - Filling up the DagBag from /usr/local/lib/python3.8/site-packages/airflow/example_dags/example_sla_dag.py
[2024-03-13T11:29:04.069+0200] {processor.py:840} INFO - DAG(s) 'example_sla_dag' retrieved from /usr/local/lib/python3.8/site-packages/airflow/example_dags/example_sla_dag.py
[2024-03-13T11:29:04.210+0200] {logging_mixin.py:188} INFO - [2024-03-13T11:29:04.210+0200] {dag.py:3047} INFO - Sync 1 DAGs
[2024-03-13T11:29:04.243+0200] {logging_mixin.py:188} INFO - [2024-03-13T11:29:04.243+0200] {dag.py:3834} INFO - Setting next_dagrun for example_sla_dag to 2024-03-13 09:26:00+00:00, run_after=2024-03-13 09:28:00+00:00
[2024-03-13T11:29:04.255+0200] {processor.py:183} INFO - Processing /usr/local/lib/python3.8/site-packages/airflow/example_dags/example_sla_dag.py took 0.217 seconds
[2024-03-13T11:29:44.325+0200] {processor.py:161} INFO - Started process (PID=5977) to work on /usr/local/lib/python3.8/site-packages/airflow/example_dags/example_sla_dag.py
[2024-03-13T11:29:44.326+0200] {processor.py:830} INFO - Processing file /usr/local/lib/python3.8/site-packages/airflow/example_dags/example_sla_dag.py for tasks to queue
[2024-03-13T11:29:44.326+0200] {logging_mixin.py:188} INFO - [2024-03-13T11:29:44.326+0200] {dagbag.py:540} INFO - Filling up the DagBag from /usr/local/lib/python3.8/site-packages/airflow/example_dags/example_sla_dag.py
[2024-03-13T11:29:44.354+0200] {processor.py:840} INFO - DAG(s) 'example_sla_dag' retrieved from /usr/local/lib/python3.8/site-packages/airflow/example_dags/example_sla_dag.py
[2024-03-13T11:29:44.494+0200] {logging_mixin.py:188} INFO - [2024-03-13T11:29:44.494+0200] {dag.py:3047} INFO - Sync 1 DAGs
[2024-03-13T11:29:44.527+0200] {logging_mixin.py:188} INFO - [2024-03-13T11:29:44.527+0200] {dag.py:3834} INFO - Setting next_dagrun for example_sla_dag to 2024-03-13 09:26:00+00:00, run_after=2024-03-13 09:28:00+00:00
[2024-03-13T11:29:44.540+0200] {processor.py:183} INFO - Processing /usr/local/lib/python3.8/site-packages/airflow/example_dags/example_sla_dag.py took 0.217 seconds
[2024-03-13T11:30:25.929+0200] {processor.py:161} INFO - Started process (PID=6140) to work on /usr/local/lib/python3.8/site-packages/airflow/example_dags/example_sla_dag.py
[2024-03-13T11:30:25.929+0200] {processor.py:830} INFO - Processing file /usr/local/lib/python3.8/site-packages/airflow/example_dags/example_sla_dag.py for tasks to queue
[2024-03-13T11:30:25.930+0200] {logging_mixin.py:188} INFO - [2024-03-13T11:30:25.930+0200] {dagbag.py:540} INFO - Filling up the DagBag from /usr/local/lib/python3.8/site-packages/airflow/example_dags/example_sla_dag.py
[2024-03-13T11:30:25.958+0200] {processor.py:840} INFO - DAG(s) 'example_sla_dag' retrieved from /usr/local/lib/python3.8/site-packages/airflow/example_dags/example_sla_dag.py
[2024-03-13T11:30:26.120+0200] {logging_mixin.py:188} INFO - [2024-03-13T11:30:26.120+0200] {dag.py:3047} INFO - Sync 1 DAGs
[2024-03-13T11:30:26.145+0200] {logging_mixin.py:188} INFO - [2024-03-13T11:30:26.145+0200] {dag.py:3834} INFO - Setting next_dagrun for example_sla_dag to 2024-03-13 09:28:00+00:00, run_after=2024-03-13 09:30:00+00:00
[2024-03-13T11:30:26.178+0200] {processor.py:183} INFO - Processing /usr/local/lib/python3.8/site-packages/airflow/example_dags/example_sla_dag.py took 0.250 seconds
[2024-03-13T11:31:07.873+0200] {processor.py:161} INFO - Started process (PID=6309) to work on /usr/local/lib/python3.8/site-packages/airflow/example_dags/example_sla_dag.py
[2024-03-13T11:31:07.874+0200] {processor.py:830} INFO - Processing file /usr/local/lib/python3.8/site-packages/airflow/example_dags/example_sla_dag.py for tasks to queue
[2024-03-13T11:31:07.875+0200] {logging_mixin.py:188} INFO - [2024-03-13T11:31:07.874+0200] {dagbag.py:540} INFO - Filling up the DagBag from /usr/local/lib/python3.8/site-packages/airflow/example_dags/example_sla_dag.py
[2024-03-13T11:31:07.903+0200] {processor.py:840} INFO - DAG(s) 'example_sla_dag' retrieved from /usr/local/lib/python3.8/site-packages/airflow/example_dags/example_sla_dag.py
[2024-03-13T11:31:08.069+0200] {logging_mixin.py:188} INFO - [2024-03-13T11:31:08.069+0200] {dag.py:3047} INFO - Sync 1 DAGs
[2024-03-13T11:31:08.091+0200] {logging_mixin.py:188} INFO - [2024-03-13T11:31:08.090+0200] {dag.py:3834} INFO - Setting next_dagrun for example_sla_dag to 2024-03-13 09:28:00+00:00, run_after=2024-03-13 09:30:00+00:00
[2024-03-13T11:31:08.120+0200] {processor.py:183} INFO - Processing /usr/local/lib/python3.8/site-packages/airflow/example_dags/example_sla_dag.py took 0.249 seconds
[2024-03-13T11:31:49.272+0200] {processor.py:161} INFO - Started process (PID=6474) to work on /usr/local/lib/python3.8/site-packages/airflow/example_dags/example_sla_dag.py
[2024-03-13T11:31:49.272+0200] {processor.py:830} INFO - Processing file /usr/local/lib/python3.8/site-packages/airflow/example_dags/example_sla_dag.py for tasks to queue
[2024-03-13T11:31:49.273+0200] {logging_mixin.py:188} INFO - [2024-03-13T11:31:49.273+0200] {dagbag.py:540} INFO - Filling up the DagBag from /usr/local/lib/python3.8/site-packages/airflow/example_dags/example_sla_dag.py
[2024-03-13T11:31:49.302+0200] {processor.py:840} INFO - DAG(s) 'example_sla_dag' retrieved from /usr/local/lib/python3.8/site-packages/airflow/example_dags/example_sla_dag.py
[2024-03-13T11:31:49.440+0200] {logging_mixin.py:188} INFO - [2024-03-13T11:31:49.440+0200] {dag.py:3047} INFO - Sync 1 DAGs
[2024-03-13T11:31:49.476+0200] {logging_mixin.py:188} INFO - [2024-03-13T11:31:49.475+0200] {dag.py:3834} INFO - Setting next_dagrun for example_sla_dag to 2024-03-13 09:28:00+00:00, run_after=2024-03-13 09:30:00+00:00
[2024-03-13T11:31:49.489+0200] {processor.py:183} INFO - Processing /usr/local/lib/python3.8/site-packages/airflow/example_dags/example_sla_dag.py took 0.219 seconds
[2024-03-13T11:32:31.459+0200] {processor.py:161} INFO - Started process (PID=6639) to work on /usr/local/lib/python3.8/site-packages/airflow/example_dags/example_sla_dag.py
[2024-03-13T11:32:31.460+0200] {processor.py:830} INFO - Processing file /usr/local/lib/python3.8/site-packages/airflow/example_dags/example_sla_dag.py for tasks to queue
[2024-03-13T11:32:31.460+0200] {logging_mixin.py:188} INFO - [2024-03-13T11:32:31.460+0200] {dagbag.py:540} INFO - Filling up the DagBag from /usr/local/lib/python3.8/site-packages/airflow/example_dags/example_sla_dag.py
[2024-03-13T11:32:31.488+0200] {processor.py:840} INFO - DAG(s) 'example_sla_dag' retrieved from /usr/local/lib/python3.8/site-packages/airflow/example_dags/example_sla_dag.py
[2024-03-13T11:32:31.644+0200] {logging_mixin.py:188} INFO - [2024-03-13T11:32:31.644+0200] {dag.py:3047} INFO - Sync 1 DAGs
[2024-03-13T11:32:31.683+0200] {logging_mixin.py:188} INFO - [2024-03-13T11:32:31.683+0200] {dag.py:3834} INFO - Setting next_dagrun for example_sla_dag to 2024-03-13 09:30:00+00:00, run_after=2024-03-13 09:32:00+00:00
[2024-03-13T11:32:31.697+0200] {processor.py:183} INFO - Processing /usr/local/lib/python3.8/site-packages/airflow/example_dags/example_sla_dag.py took 0.240 seconds
[2024-03-13T11:33:14.724+0200] {processor.py:161} INFO - Started process (PID=6835) to work on /usr/local/lib/python3.8/site-packages/airflow/example_dags/example_sla_dag.py
[2024-03-13T11:33:14.724+0200] {processor.py:830} INFO - Processing file /usr/local/lib/python3.8/site-packages/airflow/example_dags/example_sla_dag.py for tasks to queue
[2024-03-13T11:33:14.725+0200] {logging_mixin.py:188} INFO - [2024-03-13T11:33:14.725+0200] {dagbag.py:540} INFO - Filling up the DagBag from /usr/local/lib/python3.8/site-packages/airflow/example_dags/example_sla_dag.py
[2024-03-13T11:33:14.758+0200] {processor.py:840} INFO - DAG(s) 'example_sla_dag' retrieved from /usr/local/lib/python3.8/site-packages/airflow/example_dags/example_sla_dag.py
[2024-03-13T11:33:14.933+0200] {logging_mixin.py:188} INFO - [2024-03-13T11:33:14.932+0200] {dag.py:3047} INFO - Sync 1 DAGs
[2024-03-13T11:33:14.976+0200] {logging_mixin.py:188} INFO - [2024-03-13T11:33:14.976+0200] {dag.py:3834} INFO - Setting next_dagrun for example_sla_dag to 2024-03-13 09:30:00+00:00, run_after=2024-03-13 09:32:00+00:00
[2024-03-13T11:33:14.991+0200] {processor.py:183} INFO - Processing /usr/local/lib/python3.8/site-packages/airflow/example_dags/example_sla_dag.py took 0.269 seconds
[2024-03-13T11:33:57.462+0200] {processor.py:161} INFO - Started process (PID=6994) to work on /usr/local/lib/python3.8/site-packages/airflow/example_dags/example_sla_dag.py
[2024-03-13T11:33:57.463+0200] {processor.py:830} INFO - Processing file /usr/local/lib/python3.8/site-packages/airflow/example_dags/example_sla_dag.py for tasks to queue
[2024-03-13T11:33:57.463+0200] {logging_mixin.py:188} INFO - [2024-03-13T11:33:57.463+0200] {dagbag.py:540} INFO - Filling up the DagBag from /usr/local/lib/python3.8/site-packages/airflow/example_dags/example_sla_dag.py
[2024-03-13T11:33:57.496+0200] {processor.py:840} INFO - DAG(s) 'example_sla_dag' retrieved from /usr/local/lib/python3.8/site-packages/airflow/example_dags/example_sla_dag.py
[2024-03-13T11:33:57.648+0200] {logging_mixin.py:188} INFO - [2024-03-13T11:33:57.648+0200] {dag.py:3047} INFO - Sync 1 DAGs
[2024-03-13T11:33:57.686+0200] {logging_mixin.py:188} INFO - [2024-03-13T11:33:57.686+0200] {dag.py:3834} INFO - Setting next_dagrun for example_sla_dag to 2024-03-13 09:30:00+00:00, run_after=2024-03-13 09:32:00+00:00
[2024-03-13T11:33:57.721+0200] {processor.py:183} INFO - Processing /usr/local/lib/python3.8/site-packages/airflow/example_dags/example_sla_dag.py took 0.261 seconds
[2024-03-13T11:34:39.368+0200] {processor.py:161} INFO - Started process (PID=7163) to work on /usr/local/lib/python3.8/site-packages/airflow/example_dags/example_sla_dag.py
[2024-03-13T11:34:39.369+0200] {processor.py:830} INFO - Processing file /usr/local/lib/python3.8/site-packages/airflow/example_dags/example_sla_dag.py for tasks to queue
[2024-03-13T11:34:39.370+0200] {logging_mixin.py:188} INFO - [2024-03-13T11:34:39.370+0200] {dagbag.py:540} INFO - Filling up the DagBag from /usr/local/lib/python3.8/site-packages/airflow/example_dags/example_sla_dag.py
[2024-03-13T11:34:39.398+0200] {processor.py:840} INFO - DAG(s) 'example_sla_dag' retrieved from /usr/local/lib/python3.8/site-packages/airflow/example_dags/example_sla_dag.py
[2024-03-13T11:34:39.548+0200] {logging_mixin.py:188} INFO - [2024-03-13T11:34:39.547+0200] {dag.py:3047} INFO - Sync 1 DAGs
[2024-03-13T11:34:39.586+0200] {logging_mixin.py:188} INFO - [2024-03-13T11:34:39.586+0200] {dag.py:3834} INFO - Setting next_dagrun for example_sla_dag to 2024-03-13 09:32:00+00:00, run_after=2024-03-13 09:34:00+00:00
[2024-03-13T11:34:39.600+0200] {processor.py:183} INFO - Processing /usr/local/lib/python3.8/site-packages/airflow/example_dags/example_sla_dag.py took 0.233 seconds
