[2024-03-13T11:09:50.005+0200] {processor.py:161} INFO - Started process (PID=1981) to work on /usr/local/lib/python3.8/site-packages/airflow/example_dags/example_branch_operator_decorator.py
[2024-03-13T11:09:50.007+0200] {processor.py:830} INFO - Processing file /usr/local/lib/python3.8/site-packages/airflow/example_dags/example_branch_operator_decorator.py for tasks to queue
[2024-03-13T11:09:50.007+0200] {logging_mixin.py:188} INFO - [2024-03-13T11:09:50.007+0200] {dagbag.py:540} INFO - Filling up the DagBag from /usr/local/lib/python3.8/site-packages/airflow/example_dags/example_branch_operator_decorator.py
[2024-03-13T11:09:50.059+0200] {logging_mixin.py:188} INFO - [2024-03-13T11:09:50.053+0200] {dagbag.py:350} ERROR - Failed to import: /usr/local/lib/python3.8/site-packages/airflow/example_dags/example_branch_operator_decorator.py
Traceback (most recent call last):
  File "/usr/local/lib/python3.8/site-packages/airflow/models/dagbag.py", line 346, in parse
    loader.exec_module(new_module)
  File "<frozen importlib._bootstrap_external>", line 843, in exec_module
  File "<frozen importlib._bootstrap>", line 219, in _call_with_frames_removed
  File "/usr/local/lib/python3.8/site-packages/airflow/example_dags/example_branch_operator_decorator.py", line 125, in <module>
    random_choice_venv = branching_virtualenv(choices=options)
  File "/usr/local/lib/python3.8/site-packages/airflow/decorators/base.py", line 366, in __call__
    op = self.operator_class(
  File "/usr/local/lib/python3.8/site-packages/airflow/models/baseoperator.py", line 437, in apply_defaults
    result = func(self, **kwargs, default_args=default_args)
  File "/usr/local/lib/python3.8/site-packages/airflow/models/baseoperator.py", line 437, in apply_defaults
    result = func(self, **kwargs, default_args=default_args)
  File "/usr/local/lib/python3.8/site-packages/airflow/decorators/python.py", line 52, in __init__
    super().__init__(
  File "/usr/local/lib/python3.8/site-packages/airflow/models/baseoperator.py", line 437, in apply_defaults
    result = func(self, **kwargs, default_args=default_args)
  File "/usr/local/lib/python3.8/site-packages/airflow/decorators/base.py", line 233, in __init__
    super().__init__(task_id=task_id, **kwargs_to_upstream, **kwargs)
  File "/usr/local/lib/python3.8/site-packages/airflow/models/baseoperator.py", line 437, in apply_defaults
    result = func(self, **kwargs, default_args=default_args)
  File "/usr/local/lib/python3.8/site-packages/airflow/models/baseoperator.py", line 437, in apply_defaults
    result = func(self, **kwargs, default_args=default_args)
  File "/usr/local/lib/python3.8/site-packages/airflow/operators/python.py", line 591, in __init__
    raise AirflowException("PythonVirtualenvOperator requires virtualenv, please install it.")
airflow.exceptions.AirflowException: PythonVirtualenvOperator requires virtualenv, please install it.
[2024-03-13T11:09:50.060+0200] {processor.py:842} WARNING - No viable dags retrieved from /usr/local/lib/python3.8/site-packages/airflow/example_dags/example_branch_operator_decorator.py
[2024-03-13T11:09:50.209+0200] {processor.py:183} INFO - Processing /usr/local/lib/python3.8/site-packages/airflow/example_dags/example_branch_operator_decorator.py took 0.206 seconds
[2024-03-13T11:10:45.617+0200] {processor.py:161} INFO - Started process (PID=2182) to work on /usr/local/lib/python3.8/site-packages/airflow/example_dags/example_branch_operator_decorator.py
[2024-03-13T11:10:45.618+0200] {processor.py:830} INFO - Processing file /usr/local/lib/python3.8/site-packages/airflow/example_dags/example_branch_operator_decorator.py for tasks to queue
[2024-03-13T11:10:45.619+0200] {logging_mixin.py:188} INFO - [2024-03-13T11:10:45.619+0200] {dagbag.py:540} INFO - Filling up the DagBag from /usr/local/lib/python3.8/site-packages/airflow/example_dags/example_branch_operator_decorator.py
[2024-03-13T11:10:45.661+0200] {logging_mixin.py:188} INFO - [2024-03-13T11:10:45.660+0200] {dagbag.py:350} ERROR - Failed to import: /usr/local/lib/python3.8/site-packages/airflow/example_dags/example_branch_operator_decorator.py
Traceback (most recent call last):
  File "/usr/local/lib/python3.8/site-packages/airflow/models/dagbag.py", line 346, in parse
    loader.exec_module(new_module)
  File "<frozen importlib._bootstrap_external>", line 843, in exec_module
  File "<frozen importlib._bootstrap>", line 219, in _call_with_frames_removed
  File "/usr/local/lib/python3.8/site-packages/airflow/example_dags/example_branch_operator_decorator.py", line 125, in <module>
    random_choice_venv = branching_virtualenv(choices=options)
  File "/usr/local/lib/python3.8/site-packages/airflow/decorators/base.py", line 366, in __call__
    op = self.operator_class(
  File "/usr/local/lib/python3.8/site-packages/airflow/models/baseoperator.py", line 437, in apply_defaults
    result = func(self, **kwargs, default_args=default_args)
  File "/usr/local/lib/python3.8/site-packages/airflow/models/baseoperator.py", line 437, in apply_defaults
    result = func(self, **kwargs, default_args=default_args)
  File "/usr/local/lib/python3.8/site-packages/airflow/decorators/python.py", line 52, in __init__
    super().__init__(
  File "/usr/local/lib/python3.8/site-packages/airflow/models/baseoperator.py", line 437, in apply_defaults
    result = func(self, **kwargs, default_args=default_args)
  File "/usr/local/lib/python3.8/site-packages/airflow/decorators/base.py", line 233, in __init__
    super().__init__(task_id=task_id, **kwargs_to_upstream, **kwargs)
  File "/usr/local/lib/python3.8/site-packages/airflow/models/baseoperator.py", line 437, in apply_defaults
    result = func(self, **kwargs, default_args=default_args)
  File "/usr/local/lib/python3.8/site-packages/airflow/models/baseoperator.py", line 437, in apply_defaults
    result = func(self, **kwargs, default_args=default_args)
  File "/usr/local/lib/python3.8/site-packages/airflow/operators/python.py", line 591, in __init__
    raise AirflowException("PythonVirtualenvOperator requires virtualenv, please install it.")
airflow.exceptions.AirflowException: PythonVirtualenvOperator requires virtualenv, please install it.
[2024-03-13T11:10:45.662+0200] {processor.py:842} WARNING - No viable dags retrieved from /usr/local/lib/python3.8/site-packages/airflow/example_dags/example_branch_operator_decorator.py
[2024-03-13T11:10:45.794+0200] {processor.py:183} INFO - Processing /usr/local/lib/python3.8/site-packages/airflow/example_dags/example_branch_operator_decorator.py took 0.178 seconds
[2024-03-13T11:11:39.815+0200] {processor.py:161} INFO - Started process (PID=2398) to work on /usr/local/lib/python3.8/site-packages/airflow/example_dags/example_branch_operator_decorator.py
[2024-03-13T11:11:39.816+0200] {processor.py:830} INFO - Processing file /usr/local/lib/python3.8/site-packages/airflow/example_dags/example_branch_operator_decorator.py for tasks to queue
[2024-03-13T11:11:39.817+0200] {logging_mixin.py:188} INFO - [2024-03-13T11:11:39.817+0200] {dagbag.py:540} INFO - Filling up the DagBag from /usr/local/lib/python3.8/site-packages/airflow/example_dags/example_branch_operator_decorator.py
[2024-03-13T11:11:39.859+0200] {logging_mixin.py:188} INFO - [2024-03-13T11:11:39.857+0200] {dagbag.py:350} ERROR - Failed to import: /usr/local/lib/python3.8/site-packages/airflow/example_dags/example_branch_operator_decorator.py
Traceback (most recent call last):
  File "/usr/local/lib/python3.8/site-packages/airflow/models/dagbag.py", line 346, in parse
    loader.exec_module(new_module)
  File "<frozen importlib._bootstrap_external>", line 843, in exec_module
  File "<frozen importlib._bootstrap>", line 219, in _call_with_frames_removed
  File "/usr/local/lib/python3.8/site-packages/airflow/example_dags/example_branch_operator_decorator.py", line 125, in <module>
    random_choice_venv = branching_virtualenv(choices=options)
  File "/usr/local/lib/python3.8/site-packages/airflow/decorators/base.py", line 366, in __call__
    op = self.operator_class(
  File "/usr/local/lib/python3.8/site-packages/airflow/models/baseoperator.py", line 437, in apply_defaults
    result = func(self, **kwargs, default_args=default_args)
  File "/usr/local/lib/python3.8/site-packages/airflow/models/baseoperator.py", line 437, in apply_defaults
    result = func(self, **kwargs, default_args=default_args)
  File "/usr/local/lib/python3.8/site-packages/airflow/decorators/python.py", line 52, in __init__
    super().__init__(
  File "/usr/local/lib/python3.8/site-packages/airflow/models/baseoperator.py", line 437, in apply_defaults
    result = func(self, **kwargs, default_args=default_args)
  File "/usr/local/lib/python3.8/site-packages/airflow/decorators/base.py", line 233, in __init__
    super().__init__(task_id=task_id, **kwargs_to_upstream, **kwargs)
  File "/usr/local/lib/python3.8/site-packages/airflow/models/baseoperator.py", line 437, in apply_defaults
    result = func(self, **kwargs, default_args=default_args)
  File "/usr/local/lib/python3.8/site-packages/airflow/models/baseoperator.py", line 437, in apply_defaults
    result = func(self, **kwargs, default_args=default_args)
  File "/usr/local/lib/python3.8/site-packages/airflow/operators/python.py", line 591, in __init__
    raise AirflowException("PythonVirtualenvOperator requires virtualenv, please install it.")
airflow.exceptions.AirflowException: PythonVirtualenvOperator requires virtualenv, please install it.
[2024-03-13T11:11:39.859+0200] {processor.py:842} WARNING - No viable dags retrieved from /usr/local/lib/python3.8/site-packages/airflow/example_dags/example_branch_operator_decorator.py
[2024-03-13T11:11:39.998+0200] {processor.py:183} INFO - Processing /usr/local/lib/python3.8/site-packages/airflow/example_dags/example_branch_operator_decorator.py took 0.185 seconds
[2024-03-13T11:12:31.127+0200] {processor.py:161} INFO - Started process (PID=2586) to work on /usr/local/lib/python3.8/site-packages/airflow/example_dags/example_branch_operator_decorator.py
[2024-03-13T11:12:31.128+0200] {processor.py:830} INFO - Processing file /usr/local/lib/python3.8/site-packages/airflow/example_dags/example_branch_operator_decorator.py for tasks to queue
[2024-03-13T11:12:31.129+0200] {logging_mixin.py:188} INFO - [2024-03-13T11:12:31.128+0200] {dagbag.py:540} INFO - Filling up the DagBag from /usr/local/lib/python3.8/site-packages/airflow/example_dags/example_branch_operator_decorator.py
[2024-03-13T11:12:31.175+0200] {logging_mixin.py:188} INFO - [2024-03-13T11:12:31.173+0200] {dagbag.py:350} ERROR - Failed to import: /usr/local/lib/python3.8/site-packages/airflow/example_dags/example_branch_operator_decorator.py
Traceback (most recent call last):
  File "/usr/local/lib/python3.8/site-packages/airflow/models/dagbag.py", line 346, in parse
    loader.exec_module(new_module)
  File "<frozen importlib._bootstrap_external>", line 843, in exec_module
  File "<frozen importlib._bootstrap>", line 219, in _call_with_frames_removed
  File "/usr/local/lib/python3.8/site-packages/airflow/example_dags/example_branch_operator_decorator.py", line 125, in <module>
    random_choice_venv = branching_virtualenv(choices=options)
  File "/usr/local/lib/python3.8/site-packages/airflow/decorators/base.py", line 366, in __call__
    op = self.operator_class(
  File "/usr/local/lib/python3.8/site-packages/airflow/models/baseoperator.py", line 437, in apply_defaults
    result = func(self, **kwargs, default_args=default_args)
  File "/usr/local/lib/python3.8/site-packages/airflow/models/baseoperator.py", line 437, in apply_defaults
    result = func(self, **kwargs, default_args=default_args)
  File "/usr/local/lib/python3.8/site-packages/airflow/decorators/python.py", line 52, in __init__
    super().__init__(
  File "/usr/local/lib/python3.8/site-packages/airflow/models/baseoperator.py", line 437, in apply_defaults
    result = func(self, **kwargs, default_args=default_args)
  File "/usr/local/lib/python3.8/site-packages/airflow/decorators/base.py", line 233, in __init__
    super().__init__(task_id=task_id, **kwargs_to_upstream, **kwargs)
  File "/usr/local/lib/python3.8/site-packages/airflow/models/baseoperator.py", line 437, in apply_defaults
    result = func(self, **kwargs, default_args=default_args)
  File "/usr/local/lib/python3.8/site-packages/airflow/models/baseoperator.py", line 437, in apply_defaults
    result = func(self, **kwargs, default_args=default_args)
  File "/usr/local/lib/python3.8/site-packages/airflow/operators/python.py", line 591, in __init__
    raise AirflowException("PythonVirtualenvOperator requires virtualenv, please install it.")
airflow.exceptions.AirflowException: PythonVirtualenvOperator requires virtualenv, please install it.
[2024-03-13T11:12:31.176+0200] {processor.py:842} WARNING - No viable dags retrieved from /usr/local/lib/python3.8/site-packages/airflow/example_dags/example_branch_operator_decorator.py
[2024-03-13T11:12:31.330+0200] {processor.py:183} INFO - Processing /usr/local/lib/python3.8/site-packages/airflow/example_dags/example_branch_operator_decorator.py took 0.205 seconds
[2024-03-13T11:18:36.340+0200] {processor.py:161} INFO - Started process (PID=3432) to work on /usr/local/lib/python3.8/site-packages/airflow/example_dags/example_branch_operator_decorator.py
[2024-03-13T11:18:36.341+0200] {processor.py:830} INFO - Processing file /usr/local/lib/python3.8/site-packages/airflow/example_dags/example_branch_operator_decorator.py for tasks to queue
[2024-03-13T11:18:36.343+0200] {logging_mixin.py:188} INFO - [2024-03-13T11:18:36.342+0200] {dagbag.py:540} INFO - Filling up the DagBag from /usr/local/lib/python3.8/site-packages/airflow/example_dags/example_branch_operator_decorator.py
[2024-03-13T11:18:36.437+0200] {logging_mixin.py:188} INFO - [2024-03-13T11:18:36.435+0200] {dagbag.py:350} ERROR - Failed to import: /usr/local/lib/python3.8/site-packages/airflow/example_dags/example_branch_operator_decorator.py
Traceback (most recent call last):
  File "/usr/local/lib/python3.8/site-packages/airflow/models/dagbag.py", line 346, in parse
    loader.exec_module(new_module)
  File "<frozen importlib._bootstrap_external>", line 843, in exec_module
  File "<frozen importlib._bootstrap>", line 219, in _call_with_frames_removed
  File "/usr/local/lib/python3.8/site-packages/airflow/example_dags/example_branch_operator_decorator.py", line 125, in <module>
    random_choice_venv = branching_virtualenv(choices=options)
  File "/usr/local/lib/python3.8/site-packages/airflow/decorators/base.py", line 366, in __call__
    op = self.operator_class(
  File "/usr/local/lib/python3.8/site-packages/airflow/models/baseoperator.py", line 437, in apply_defaults
    result = func(self, **kwargs, default_args=default_args)
  File "/usr/local/lib/python3.8/site-packages/airflow/models/baseoperator.py", line 437, in apply_defaults
    result = func(self, **kwargs, default_args=default_args)
  File "/usr/local/lib/python3.8/site-packages/airflow/decorators/python.py", line 52, in __init__
    super().__init__(
  File "/usr/local/lib/python3.8/site-packages/airflow/models/baseoperator.py", line 437, in apply_defaults
    result = func(self, **kwargs, default_args=default_args)
  File "/usr/local/lib/python3.8/site-packages/airflow/decorators/base.py", line 233, in __init__
    super().__init__(task_id=task_id, **kwargs_to_upstream, **kwargs)
  File "/usr/local/lib/python3.8/site-packages/airflow/models/baseoperator.py", line 437, in apply_defaults
    result = func(self, **kwargs, default_args=default_args)
  File "/usr/local/lib/python3.8/site-packages/airflow/models/baseoperator.py", line 437, in apply_defaults
    result = func(self, **kwargs, default_args=default_args)
  File "/usr/local/lib/python3.8/site-packages/airflow/operators/python.py", line 591, in __init__
    raise AirflowException("PythonVirtualenvOperator requires virtualenv, please install it.")
airflow.exceptions.AirflowException: PythonVirtualenvOperator requires virtualenv, please install it.
[2024-03-13T11:18:36.437+0200] {processor.py:842} WARNING - No viable dags retrieved from /usr/local/lib/python3.8/site-packages/airflow/example_dags/example_branch_operator_decorator.py
[2024-03-13T11:18:36.588+0200] {processor.py:183} INFO - Processing /usr/local/lib/python3.8/site-packages/airflow/example_dags/example_branch_operator_decorator.py took 0.253 seconds
[2024-03-13T11:19:28.738+0200] {processor.py:161} INFO - Started process (PID=3624) to work on /usr/local/lib/python3.8/site-packages/airflow/example_dags/example_branch_operator_decorator.py
[2024-03-13T11:19:28.739+0200] {processor.py:830} INFO - Processing file /usr/local/lib/python3.8/site-packages/airflow/example_dags/example_branch_operator_decorator.py for tasks to queue
[2024-03-13T11:19:28.739+0200] {logging_mixin.py:188} INFO - [2024-03-13T11:19:28.739+0200] {dagbag.py:540} INFO - Filling up the DagBag from /usr/local/lib/python3.8/site-packages/airflow/example_dags/example_branch_operator_decorator.py
[2024-03-13T11:19:28.788+0200] {logging_mixin.py:188} INFO - [2024-03-13T11:19:28.786+0200] {dagbag.py:350} ERROR - Failed to import: /usr/local/lib/python3.8/site-packages/airflow/example_dags/example_branch_operator_decorator.py
Traceback (most recent call last):
  File "/usr/local/lib/python3.8/site-packages/airflow/models/dagbag.py", line 346, in parse
    loader.exec_module(new_module)
  File "<frozen importlib._bootstrap_external>", line 843, in exec_module
  File "<frozen importlib._bootstrap>", line 219, in _call_with_frames_removed
  File "/usr/local/lib/python3.8/site-packages/airflow/example_dags/example_branch_operator_decorator.py", line 125, in <module>
    random_choice_venv = branching_virtualenv(choices=options)
  File "/usr/local/lib/python3.8/site-packages/airflow/decorators/base.py", line 366, in __call__
    op = self.operator_class(
  File "/usr/local/lib/python3.8/site-packages/airflow/models/baseoperator.py", line 437, in apply_defaults
    result = func(self, **kwargs, default_args=default_args)
  File "/usr/local/lib/python3.8/site-packages/airflow/models/baseoperator.py", line 437, in apply_defaults
    result = func(self, **kwargs, default_args=default_args)
  File "/usr/local/lib/python3.8/site-packages/airflow/decorators/python.py", line 52, in __init__
    super().__init__(
  File "/usr/local/lib/python3.8/site-packages/airflow/models/baseoperator.py", line 437, in apply_defaults
    result = func(self, **kwargs, default_args=default_args)
  File "/usr/local/lib/python3.8/site-packages/airflow/decorators/base.py", line 233, in __init__
    super().__init__(task_id=task_id, **kwargs_to_upstream, **kwargs)
  File "/usr/local/lib/python3.8/site-packages/airflow/models/baseoperator.py", line 437, in apply_defaults
    result = func(self, **kwargs, default_args=default_args)
  File "/usr/local/lib/python3.8/site-packages/airflow/models/baseoperator.py", line 437, in apply_defaults
    result = func(self, **kwargs, default_args=default_args)
  File "/usr/local/lib/python3.8/site-packages/airflow/operators/python.py", line 591, in __init__
    raise AirflowException("PythonVirtualenvOperator requires virtualenv, please install it.")
airflow.exceptions.AirflowException: PythonVirtualenvOperator requires virtualenv, please install it.
[2024-03-13T11:19:28.788+0200] {processor.py:842} WARNING - No viable dags retrieved from /usr/local/lib/python3.8/site-packages/airflow/example_dags/example_branch_operator_decorator.py
[2024-03-13T11:19:28.926+0200] {processor.py:183} INFO - Processing /usr/local/lib/python3.8/site-packages/airflow/example_dags/example_branch_operator_decorator.py took 0.190 seconds
[2024-03-13T11:20:27.813+0200] {processor.py:161} INFO - Started process (PID=3852) to work on /usr/local/lib/python3.8/site-packages/airflow/example_dags/example_branch_operator_decorator.py
[2024-03-13T11:20:27.814+0200] {processor.py:830} INFO - Processing file /usr/local/lib/python3.8/site-packages/airflow/example_dags/example_branch_operator_decorator.py for tasks to queue
[2024-03-13T11:20:27.815+0200] {logging_mixin.py:188} INFO - [2024-03-13T11:20:27.814+0200] {dagbag.py:540} INFO - Filling up the DagBag from /usr/local/lib/python3.8/site-packages/airflow/example_dags/example_branch_operator_decorator.py
[2024-03-13T11:20:27.855+0200] {logging_mixin.py:188} INFO - [2024-03-13T11:20:27.853+0200] {dagbag.py:350} ERROR - Failed to import: /usr/local/lib/python3.8/site-packages/airflow/example_dags/example_branch_operator_decorator.py
Traceback (most recent call last):
  File "/usr/local/lib/python3.8/site-packages/airflow/models/dagbag.py", line 346, in parse
    loader.exec_module(new_module)
  File "<frozen importlib._bootstrap_external>", line 843, in exec_module
  File "<frozen importlib._bootstrap>", line 219, in _call_with_frames_removed
  File "/usr/local/lib/python3.8/site-packages/airflow/example_dags/example_branch_operator_decorator.py", line 125, in <module>
    random_choice_venv = branching_virtualenv(choices=options)
  File "/usr/local/lib/python3.8/site-packages/airflow/decorators/base.py", line 366, in __call__
    op = self.operator_class(
  File "/usr/local/lib/python3.8/site-packages/airflow/models/baseoperator.py", line 437, in apply_defaults
    result = func(self, **kwargs, default_args=default_args)
  File "/usr/local/lib/python3.8/site-packages/airflow/models/baseoperator.py", line 437, in apply_defaults
    result = func(self, **kwargs, default_args=default_args)
  File "/usr/local/lib/python3.8/site-packages/airflow/decorators/python.py", line 52, in __init__
    super().__init__(
  File "/usr/local/lib/python3.8/site-packages/airflow/models/baseoperator.py", line 437, in apply_defaults
    result = func(self, **kwargs, default_args=default_args)
  File "/usr/local/lib/python3.8/site-packages/airflow/decorators/base.py", line 233, in __init__
    super().__init__(task_id=task_id, **kwargs_to_upstream, **kwargs)
  File "/usr/local/lib/python3.8/site-packages/airflow/models/baseoperator.py", line 437, in apply_defaults
    result = func(self, **kwargs, default_args=default_args)
  File "/usr/local/lib/python3.8/site-packages/airflow/models/baseoperator.py", line 437, in apply_defaults
    result = func(self, **kwargs, default_args=default_args)
  File "/usr/local/lib/python3.8/site-packages/airflow/operators/python.py", line 591, in __init__
    raise AirflowException("PythonVirtualenvOperator requires virtualenv, please install it.")
airflow.exceptions.AirflowException: PythonVirtualenvOperator requires virtualenv, please install it.
[2024-03-13T11:20:27.856+0200] {processor.py:842} WARNING - No viable dags retrieved from /usr/local/lib/python3.8/site-packages/airflow/example_dags/example_branch_operator_decorator.py
[2024-03-13T11:20:28.016+0200] {processor.py:183} INFO - Processing /usr/local/lib/python3.8/site-packages/airflow/example_dags/example_branch_operator_decorator.py took 0.205 seconds
[2024-03-13T11:21:21.876+0200] {processor.py:161} INFO - Started process (PID=4070) to work on /usr/local/lib/python3.8/site-packages/airflow/example_dags/example_branch_operator_decorator.py
[2024-03-13T11:21:21.877+0200] {processor.py:830} INFO - Processing file /usr/local/lib/python3.8/site-packages/airflow/example_dags/example_branch_operator_decorator.py for tasks to queue
[2024-03-13T11:21:21.878+0200] {logging_mixin.py:188} INFO - [2024-03-13T11:21:21.878+0200] {dagbag.py:540} INFO - Filling up the DagBag from /usr/local/lib/python3.8/site-packages/airflow/example_dags/example_branch_operator_decorator.py
[2024-03-13T11:21:21.921+0200] {logging_mixin.py:188} INFO - [2024-03-13T11:21:21.920+0200] {dagbag.py:350} ERROR - Failed to import: /usr/local/lib/python3.8/site-packages/airflow/example_dags/example_branch_operator_decorator.py
Traceback (most recent call last):
  File "/usr/local/lib/python3.8/site-packages/airflow/models/dagbag.py", line 346, in parse
    loader.exec_module(new_module)
  File "<frozen importlib._bootstrap_external>", line 843, in exec_module
  File "<frozen importlib._bootstrap>", line 219, in _call_with_frames_removed
  File "/usr/local/lib/python3.8/site-packages/airflow/example_dags/example_branch_operator_decorator.py", line 125, in <module>
    random_choice_venv = branching_virtualenv(choices=options)
  File "/usr/local/lib/python3.8/site-packages/airflow/decorators/base.py", line 366, in __call__
    op = self.operator_class(
  File "/usr/local/lib/python3.8/site-packages/airflow/models/baseoperator.py", line 437, in apply_defaults
    result = func(self, **kwargs, default_args=default_args)
  File "/usr/local/lib/python3.8/site-packages/airflow/models/baseoperator.py", line 437, in apply_defaults
    result = func(self, **kwargs, default_args=default_args)
  File "/usr/local/lib/python3.8/site-packages/airflow/decorators/python.py", line 52, in __init__
    super().__init__(
  File "/usr/local/lib/python3.8/site-packages/airflow/models/baseoperator.py", line 437, in apply_defaults
    result = func(self, **kwargs, default_args=default_args)
  File "/usr/local/lib/python3.8/site-packages/airflow/decorators/base.py", line 233, in __init__
    super().__init__(task_id=task_id, **kwargs_to_upstream, **kwargs)
  File "/usr/local/lib/python3.8/site-packages/airflow/models/baseoperator.py", line 437, in apply_defaults
    result = func(self, **kwargs, default_args=default_args)
  File "/usr/local/lib/python3.8/site-packages/airflow/models/baseoperator.py", line 437, in apply_defaults
    result = func(self, **kwargs, default_args=default_args)
  File "/usr/local/lib/python3.8/site-packages/airflow/operators/python.py", line 591, in __init__
    raise AirflowException("PythonVirtualenvOperator requires virtualenv, please install it.")
airflow.exceptions.AirflowException: PythonVirtualenvOperator requires virtualenv, please install it.
[2024-03-13T11:21:21.922+0200] {processor.py:842} WARNING - No viable dags retrieved from /usr/local/lib/python3.8/site-packages/airflow/example_dags/example_branch_operator_decorator.py
[2024-03-13T11:21:22.104+0200] {processor.py:183} INFO - Processing /usr/local/lib/python3.8/site-packages/airflow/example_dags/example_branch_operator_decorator.py took 0.230 seconds
[2024-03-13T11:22:08.968+0200] {processor.py:161} INFO - Started process (PID=4258) to work on /usr/local/lib/python3.8/site-packages/airflow/example_dags/example_branch_operator_decorator.py
[2024-03-13T11:22:08.969+0200] {processor.py:830} INFO - Processing file /usr/local/lib/python3.8/site-packages/airflow/example_dags/example_branch_operator_decorator.py for tasks to queue
[2024-03-13T11:22:08.970+0200] {logging_mixin.py:188} INFO - [2024-03-13T11:22:08.970+0200] {dagbag.py:540} INFO - Filling up the DagBag from /usr/local/lib/python3.8/site-packages/airflow/example_dags/example_branch_operator_decorator.py
[2024-03-13T11:22:09.015+0200] {logging_mixin.py:188} INFO - [2024-03-13T11:22:09.013+0200] {dagbag.py:350} ERROR - Failed to import: /usr/local/lib/python3.8/site-packages/airflow/example_dags/example_branch_operator_decorator.py
Traceback (most recent call last):
  File "/usr/local/lib/python3.8/site-packages/airflow/models/dagbag.py", line 346, in parse
    loader.exec_module(new_module)
  File "<frozen importlib._bootstrap_external>", line 843, in exec_module
  File "<frozen importlib._bootstrap>", line 219, in _call_with_frames_removed
  File "/usr/local/lib/python3.8/site-packages/airflow/example_dags/example_branch_operator_decorator.py", line 125, in <module>
    random_choice_venv = branching_virtualenv(choices=options)
  File "/usr/local/lib/python3.8/site-packages/airflow/decorators/base.py", line 366, in __call__
    op = self.operator_class(
  File "/usr/local/lib/python3.8/site-packages/airflow/models/baseoperator.py", line 437, in apply_defaults
    result = func(self, **kwargs, default_args=default_args)
  File "/usr/local/lib/python3.8/site-packages/airflow/models/baseoperator.py", line 437, in apply_defaults
    result = func(self, **kwargs, default_args=default_args)
  File "/usr/local/lib/python3.8/site-packages/airflow/decorators/python.py", line 52, in __init__
    super().__init__(
  File "/usr/local/lib/python3.8/site-packages/airflow/models/baseoperator.py", line 437, in apply_defaults
    result = func(self, **kwargs, default_args=default_args)
  File "/usr/local/lib/python3.8/site-packages/airflow/decorators/base.py", line 233, in __init__
    super().__init__(task_id=task_id, **kwargs_to_upstream, **kwargs)
  File "/usr/local/lib/python3.8/site-packages/airflow/models/baseoperator.py", line 437, in apply_defaults
    result = func(self, **kwargs, default_args=default_args)
  File "/usr/local/lib/python3.8/site-packages/airflow/models/baseoperator.py", line 437, in apply_defaults
    result = func(self, **kwargs, default_args=default_args)
  File "/usr/local/lib/python3.8/site-packages/airflow/operators/python.py", line 591, in __init__
    raise AirflowException("PythonVirtualenvOperator requires virtualenv, please install it.")
airflow.exceptions.AirflowException: PythonVirtualenvOperator requires virtualenv, please install it.
[2024-03-13T11:22:09.015+0200] {processor.py:842} WARNING - No viable dags retrieved from /usr/local/lib/python3.8/site-packages/airflow/example_dags/example_branch_operator_decorator.py
[2024-03-13T11:22:09.194+0200] {processor.py:183} INFO - Processing /usr/local/lib/python3.8/site-packages/airflow/example_dags/example_branch_operator_decorator.py took 0.228 seconds
[2024-03-13T11:23:03.953+0200] {processor.py:161} INFO - Started process (PID=4461) to work on /usr/local/lib/python3.8/site-packages/airflow/example_dags/example_branch_operator_decorator.py
[2024-03-13T11:23:03.954+0200] {processor.py:830} INFO - Processing file /usr/local/lib/python3.8/site-packages/airflow/example_dags/example_branch_operator_decorator.py for tasks to queue
[2024-03-13T11:23:03.954+0200] {logging_mixin.py:188} INFO - [2024-03-13T11:23:03.954+0200] {dagbag.py:540} INFO - Filling up the DagBag from /usr/local/lib/python3.8/site-packages/airflow/example_dags/example_branch_operator_decorator.py
[2024-03-13T11:23:04.001+0200] {logging_mixin.py:188} INFO - [2024-03-13T11:23:03.999+0200] {dagbag.py:350} ERROR - Failed to import: /usr/local/lib/python3.8/site-packages/airflow/example_dags/example_branch_operator_decorator.py
Traceback (most recent call last):
  File "/usr/local/lib/python3.8/site-packages/airflow/models/dagbag.py", line 346, in parse
    loader.exec_module(new_module)
  File "<frozen importlib._bootstrap_external>", line 843, in exec_module
  File "<frozen importlib._bootstrap>", line 219, in _call_with_frames_removed
  File "/usr/local/lib/python3.8/site-packages/airflow/example_dags/example_branch_operator_decorator.py", line 125, in <module>
    random_choice_venv = branching_virtualenv(choices=options)
  File "/usr/local/lib/python3.8/site-packages/airflow/decorators/base.py", line 366, in __call__
    op = self.operator_class(
  File "/usr/local/lib/python3.8/site-packages/airflow/models/baseoperator.py", line 437, in apply_defaults
    result = func(self, **kwargs, default_args=default_args)
  File "/usr/local/lib/python3.8/site-packages/airflow/models/baseoperator.py", line 437, in apply_defaults
    result = func(self, **kwargs, default_args=default_args)
  File "/usr/local/lib/python3.8/site-packages/airflow/decorators/python.py", line 52, in __init__
    super().__init__(
  File "/usr/local/lib/python3.8/site-packages/airflow/models/baseoperator.py", line 437, in apply_defaults
    result = func(self, **kwargs, default_args=default_args)
  File "/usr/local/lib/python3.8/site-packages/airflow/decorators/base.py", line 233, in __init__
    super().__init__(task_id=task_id, **kwargs_to_upstream, **kwargs)
  File "/usr/local/lib/python3.8/site-packages/airflow/models/baseoperator.py", line 437, in apply_defaults
    result = func(self, **kwargs, default_args=default_args)
  File "/usr/local/lib/python3.8/site-packages/airflow/models/baseoperator.py", line 437, in apply_defaults
    result = func(self, **kwargs, default_args=default_args)
  File "/usr/local/lib/python3.8/site-packages/airflow/operators/python.py", line 591, in __init__
    raise AirflowException("PythonVirtualenvOperator requires virtualenv, please install it.")
airflow.exceptions.AirflowException: PythonVirtualenvOperator requires virtualenv, please install it.
[2024-03-13T11:23:04.001+0200] {processor.py:842} WARNING - No viable dags retrieved from /usr/local/lib/python3.8/site-packages/airflow/example_dags/example_branch_operator_decorator.py
[2024-03-13T11:23:04.156+0200] {processor.py:183} INFO - Processing /usr/local/lib/python3.8/site-packages/airflow/example_dags/example_branch_operator_decorator.py took 0.204 seconds
[2024-03-13T11:24:00.398+0200] {processor.py:161} INFO - Started process (PID=4659) to work on /usr/local/lib/python3.8/site-packages/airflow/example_dags/example_branch_operator_decorator.py
[2024-03-13T11:24:00.399+0200] {processor.py:830} INFO - Processing file /usr/local/lib/python3.8/site-packages/airflow/example_dags/example_branch_operator_decorator.py for tasks to queue
[2024-03-13T11:24:00.399+0200] {logging_mixin.py:188} INFO - [2024-03-13T11:24:00.399+0200] {dagbag.py:540} INFO - Filling up the DagBag from /usr/local/lib/python3.8/site-packages/airflow/example_dags/example_branch_operator_decorator.py
[2024-03-13T11:24:00.442+0200] {logging_mixin.py:188} INFO - [2024-03-13T11:24:00.440+0200] {dagbag.py:350} ERROR - Failed to import: /usr/local/lib/python3.8/site-packages/airflow/example_dags/example_branch_operator_decorator.py
Traceback (most recent call last):
  File "/usr/local/lib/python3.8/site-packages/airflow/models/dagbag.py", line 346, in parse
    loader.exec_module(new_module)
  File "<frozen importlib._bootstrap_external>", line 843, in exec_module
  File "<frozen importlib._bootstrap>", line 219, in _call_with_frames_removed
  File "/usr/local/lib/python3.8/site-packages/airflow/example_dags/example_branch_operator_decorator.py", line 125, in <module>
    random_choice_venv = branching_virtualenv(choices=options)
  File "/usr/local/lib/python3.8/site-packages/airflow/decorators/base.py", line 366, in __call__
    op = self.operator_class(
  File "/usr/local/lib/python3.8/site-packages/airflow/models/baseoperator.py", line 437, in apply_defaults
    result = func(self, **kwargs, default_args=default_args)
  File "/usr/local/lib/python3.8/site-packages/airflow/models/baseoperator.py", line 437, in apply_defaults
    result = func(self, **kwargs, default_args=default_args)
  File "/usr/local/lib/python3.8/site-packages/airflow/decorators/python.py", line 52, in __init__
    super().__init__(
  File "/usr/local/lib/python3.8/site-packages/airflow/models/baseoperator.py", line 437, in apply_defaults
    result = func(self, **kwargs, default_args=default_args)
  File "/usr/local/lib/python3.8/site-packages/airflow/decorators/base.py", line 233, in __init__
    super().__init__(task_id=task_id, **kwargs_to_upstream, **kwargs)
  File "/usr/local/lib/python3.8/site-packages/airflow/models/baseoperator.py", line 437, in apply_defaults
    result = func(self, **kwargs, default_args=default_args)
  File "/usr/local/lib/python3.8/site-packages/airflow/models/baseoperator.py", line 437, in apply_defaults
    result = func(self, **kwargs, default_args=default_args)
  File "/usr/local/lib/python3.8/site-packages/airflow/operators/python.py", line 591, in __init__
    raise AirflowException("PythonVirtualenvOperator requires virtualenv, please install it.")
airflow.exceptions.AirflowException: PythonVirtualenvOperator requires virtualenv, please install it.
[2024-03-13T11:24:00.442+0200] {processor.py:842} WARNING - No viable dags retrieved from /usr/local/lib/python3.8/site-packages/airflow/example_dags/example_branch_operator_decorator.py
[2024-03-13T11:24:00.594+0200] {processor.py:183} INFO - Processing /usr/local/lib/python3.8/site-packages/airflow/example_dags/example_branch_operator_decorator.py took 0.198 seconds
[2024-03-13T11:25:00.281+0200] {processor.py:161} INFO - Started process (PID=4882) to work on /usr/local/lib/python3.8/site-packages/airflow/example_dags/example_branch_operator_decorator.py
[2024-03-13T11:25:00.281+0200] {processor.py:830} INFO - Processing file /usr/local/lib/python3.8/site-packages/airflow/example_dags/example_branch_operator_decorator.py for tasks to queue
[2024-03-13T11:25:00.282+0200] {logging_mixin.py:188} INFO - [2024-03-13T11:25:00.282+0200] {dagbag.py:540} INFO - Filling up the DagBag from /usr/local/lib/python3.8/site-packages/airflow/example_dags/example_branch_operator_decorator.py
[2024-03-13T11:25:00.329+0200] {logging_mixin.py:188} INFO - [2024-03-13T11:25:00.326+0200] {dagbag.py:350} ERROR - Failed to import: /usr/local/lib/python3.8/site-packages/airflow/example_dags/example_branch_operator_decorator.py
Traceback (most recent call last):
  File "/usr/local/lib/python3.8/site-packages/airflow/models/dagbag.py", line 346, in parse
    loader.exec_module(new_module)
  File "<frozen importlib._bootstrap_external>", line 843, in exec_module
  File "<frozen importlib._bootstrap>", line 219, in _call_with_frames_removed
  File "/usr/local/lib/python3.8/site-packages/airflow/example_dags/example_branch_operator_decorator.py", line 125, in <module>
    random_choice_venv = branching_virtualenv(choices=options)
  File "/usr/local/lib/python3.8/site-packages/airflow/decorators/base.py", line 366, in __call__
    op = self.operator_class(
  File "/usr/local/lib/python3.8/site-packages/airflow/models/baseoperator.py", line 437, in apply_defaults
    result = func(self, **kwargs, default_args=default_args)
  File "/usr/local/lib/python3.8/site-packages/airflow/models/baseoperator.py", line 437, in apply_defaults
    result = func(self, **kwargs, default_args=default_args)
  File "/usr/local/lib/python3.8/site-packages/airflow/decorators/python.py", line 52, in __init__
    super().__init__(
  File "/usr/local/lib/python3.8/site-packages/airflow/models/baseoperator.py", line 437, in apply_defaults
    result = func(self, **kwargs, default_args=default_args)
  File "/usr/local/lib/python3.8/site-packages/airflow/decorators/base.py", line 233, in __init__
    super().__init__(task_id=task_id, **kwargs_to_upstream, **kwargs)
  File "/usr/local/lib/python3.8/site-packages/airflow/models/baseoperator.py", line 437, in apply_defaults
    result = func(self, **kwargs, default_args=default_args)
  File "/usr/local/lib/python3.8/site-packages/airflow/models/baseoperator.py", line 437, in apply_defaults
    result = func(self, **kwargs, default_args=default_args)
  File "/usr/local/lib/python3.8/site-packages/airflow/operators/python.py", line 591, in __init__
    raise AirflowException("PythonVirtualenvOperator requires virtualenv, please install it.")
airflow.exceptions.AirflowException: PythonVirtualenvOperator requires virtualenv, please install it.
[2024-03-13T11:25:00.329+0200] {processor.py:842} WARNING - No viable dags retrieved from /usr/local/lib/python3.8/site-packages/airflow/example_dags/example_branch_operator_decorator.py
[2024-03-13T11:25:00.538+0200] {processor.py:183} INFO - Processing /usr/local/lib/python3.8/site-packages/airflow/example_dags/example_branch_operator_decorator.py took 0.259 seconds
[2024-03-13T11:25:51.089+0200] {processor.py:161} INFO - Started process (PID=5067) to work on /usr/local/lib/python3.8/site-packages/airflow/example_dags/example_branch_operator_decorator.py
[2024-03-13T11:25:51.090+0200] {processor.py:830} INFO - Processing file /usr/local/lib/python3.8/site-packages/airflow/example_dags/example_branch_operator_decorator.py for tasks to queue
[2024-03-13T11:25:51.090+0200] {logging_mixin.py:188} INFO - [2024-03-13T11:25:51.090+0200] {dagbag.py:540} INFO - Filling up the DagBag from /usr/local/lib/python3.8/site-packages/airflow/example_dags/example_branch_operator_decorator.py
[2024-03-13T11:25:51.124+0200] {logging_mixin.py:188} INFO - [2024-03-13T11:25:51.123+0200] {dagbag.py:350} ERROR - Failed to import: /usr/local/lib/python3.8/site-packages/airflow/example_dags/example_branch_operator_decorator.py
Traceback (most recent call last):
  File "/usr/local/lib/python3.8/site-packages/airflow/models/dagbag.py", line 346, in parse
    loader.exec_module(new_module)
  File "<frozen importlib._bootstrap_external>", line 843, in exec_module
  File "<frozen importlib._bootstrap>", line 219, in _call_with_frames_removed
  File "/usr/local/lib/python3.8/site-packages/airflow/example_dags/example_branch_operator_decorator.py", line 125, in <module>
    random_choice_venv = branching_virtualenv(choices=options)
  File "/usr/local/lib/python3.8/site-packages/airflow/decorators/base.py", line 366, in __call__
    op = self.operator_class(
  File "/usr/local/lib/python3.8/site-packages/airflow/models/baseoperator.py", line 437, in apply_defaults
    result = func(self, **kwargs, default_args=default_args)
  File "/usr/local/lib/python3.8/site-packages/airflow/models/baseoperator.py", line 437, in apply_defaults
    result = func(self, **kwargs, default_args=default_args)
  File "/usr/local/lib/python3.8/site-packages/airflow/decorators/python.py", line 52, in __init__
    super().__init__(
  File "/usr/local/lib/python3.8/site-packages/airflow/models/baseoperator.py", line 437, in apply_defaults
    result = func(self, **kwargs, default_args=default_args)
  File "/usr/local/lib/python3.8/site-packages/airflow/decorators/base.py", line 233, in __init__
    super().__init__(task_id=task_id, **kwargs_to_upstream, **kwargs)
  File "/usr/local/lib/python3.8/site-packages/airflow/models/baseoperator.py", line 437, in apply_defaults
    result = func(self, **kwargs, default_args=default_args)
  File "/usr/local/lib/python3.8/site-packages/airflow/models/baseoperator.py", line 437, in apply_defaults
    result = func(self, **kwargs, default_args=default_args)
  File "/usr/local/lib/python3.8/site-packages/airflow/operators/python.py", line 591, in __init__
    raise AirflowException("PythonVirtualenvOperator requires virtualenv, please install it.")
airflow.exceptions.AirflowException: PythonVirtualenvOperator requires virtualenv, please install it.
[2024-03-13T11:25:51.124+0200] {processor.py:842} WARNING - No viable dags retrieved from /usr/local/lib/python3.8/site-packages/airflow/example_dags/example_branch_operator_decorator.py
[2024-03-13T11:25:51.258+0200] {processor.py:183} INFO - Processing /usr/local/lib/python3.8/site-packages/airflow/example_dags/example_branch_operator_decorator.py took 0.170 seconds
[2024-03-13T11:26:36.169+0200] {processor.py:161} INFO - Started process (PID=5244) to work on /usr/local/lib/python3.8/site-packages/airflow/example_dags/example_branch_operator_decorator.py
[2024-03-13T11:26:36.170+0200] {processor.py:830} INFO - Processing file /usr/local/lib/python3.8/site-packages/airflow/example_dags/example_branch_operator_decorator.py for tasks to queue
[2024-03-13T11:26:36.170+0200] {logging_mixin.py:188} INFO - [2024-03-13T11:26:36.170+0200] {dagbag.py:540} INFO - Filling up the DagBag from /usr/local/lib/python3.8/site-packages/airflow/example_dags/example_branch_operator_decorator.py
[2024-03-13T11:26:36.207+0200] {logging_mixin.py:188} INFO - [2024-03-13T11:26:36.205+0200] {dagbag.py:350} ERROR - Failed to import: /usr/local/lib/python3.8/site-packages/airflow/example_dags/example_branch_operator_decorator.py
Traceback (most recent call last):
  File "/usr/local/lib/python3.8/site-packages/airflow/models/dagbag.py", line 346, in parse
    loader.exec_module(new_module)
  File "<frozen importlib._bootstrap_external>", line 843, in exec_module
  File "<frozen importlib._bootstrap>", line 219, in _call_with_frames_removed
  File "/usr/local/lib/python3.8/site-packages/airflow/example_dags/example_branch_operator_decorator.py", line 125, in <module>
    random_choice_venv = branching_virtualenv(choices=options)
  File "/usr/local/lib/python3.8/site-packages/airflow/decorators/base.py", line 366, in __call__
    op = self.operator_class(
  File "/usr/local/lib/python3.8/site-packages/airflow/models/baseoperator.py", line 437, in apply_defaults
    result = func(self, **kwargs, default_args=default_args)
  File "/usr/local/lib/python3.8/site-packages/airflow/models/baseoperator.py", line 437, in apply_defaults
    result = func(self, **kwargs, default_args=default_args)
  File "/usr/local/lib/python3.8/site-packages/airflow/decorators/python.py", line 52, in __init__
    super().__init__(
  File "/usr/local/lib/python3.8/site-packages/airflow/models/baseoperator.py", line 437, in apply_defaults
    result = func(self, **kwargs, default_args=default_args)
  File "/usr/local/lib/python3.8/site-packages/airflow/decorators/base.py", line 233, in __init__
    super().__init__(task_id=task_id, **kwargs_to_upstream, **kwargs)
  File "/usr/local/lib/python3.8/site-packages/airflow/models/baseoperator.py", line 437, in apply_defaults
    result = func(self, **kwargs, default_args=default_args)
  File "/usr/local/lib/python3.8/site-packages/airflow/models/baseoperator.py", line 437, in apply_defaults
    result = func(self, **kwargs, default_args=default_args)
  File "/usr/local/lib/python3.8/site-packages/airflow/operators/python.py", line 591, in __init__
    raise AirflowException("PythonVirtualenvOperator requires virtualenv, please install it.")
airflow.exceptions.AirflowException: PythonVirtualenvOperator requires virtualenv, please install it.
[2024-03-13T11:26:36.207+0200] {processor.py:842} WARNING - No viable dags retrieved from /usr/local/lib/python3.8/site-packages/airflow/example_dags/example_branch_operator_decorator.py
[2024-03-13T11:26:36.352+0200] {processor.py:183} INFO - Processing /usr/local/lib/python3.8/site-packages/airflow/example_dags/example_branch_operator_decorator.py took 0.185 seconds
[2024-03-13T11:27:29.119+0200] {processor.py:161} INFO - Started process (PID=5448) to work on /usr/local/lib/python3.8/site-packages/airflow/example_dags/example_branch_operator_decorator.py
[2024-03-13T11:27:29.120+0200] {processor.py:830} INFO - Processing file /usr/local/lib/python3.8/site-packages/airflow/example_dags/example_branch_operator_decorator.py for tasks to queue
[2024-03-13T11:27:29.120+0200] {logging_mixin.py:188} INFO - [2024-03-13T11:27:29.120+0200] {dagbag.py:540} INFO - Filling up the DagBag from /usr/local/lib/python3.8/site-packages/airflow/example_dags/example_branch_operator_decorator.py
[2024-03-13T11:27:29.156+0200] {logging_mixin.py:188} INFO - [2024-03-13T11:27:29.154+0200] {dagbag.py:350} ERROR - Failed to import: /usr/local/lib/python3.8/site-packages/airflow/example_dags/example_branch_operator_decorator.py
Traceback (most recent call last):
  File "/usr/local/lib/python3.8/site-packages/airflow/models/dagbag.py", line 346, in parse
    loader.exec_module(new_module)
  File "<frozen importlib._bootstrap_external>", line 843, in exec_module
  File "<frozen importlib._bootstrap>", line 219, in _call_with_frames_removed
  File "/usr/local/lib/python3.8/site-packages/airflow/example_dags/example_branch_operator_decorator.py", line 125, in <module>
    random_choice_venv = branching_virtualenv(choices=options)
  File "/usr/local/lib/python3.8/site-packages/airflow/decorators/base.py", line 366, in __call__
    op = self.operator_class(
  File "/usr/local/lib/python3.8/site-packages/airflow/models/baseoperator.py", line 437, in apply_defaults
    result = func(self, **kwargs, default_args=default_args)
  File "/usr/local/lib/python3.8/site-packages/airflow/models/baseoperator.py", line 437, in apply_defaults
    result = func(self, **kwargs, default_args=default_args)
  File "/usr/local/lib/python3.8/site-packages/airflow/decorators/python.py", line 52, in __init__
    super().__init__(
  File "/usr/local/lib/python3.8/site-packages/airflow/models/baseoperator.py", line 437, in apply_defaults
    result = func(self, **kwargs, default_args=default_args)
  File "/usr/local/lib/python3.8/site-packages/airflow/decorators/base.py", line 233, in __init__
    super().__init__(task_id=task_id, **kwargs_to_upstream, **kwargs)
  File "/usr/local/lib/python3.8/site-packages/airflow/models/baseoperator.py", line 437, in apply_defaults
    result = func(self, **kwargs, default_args=default_args)
  File "/usr/local/lib/python3.8/site-packages/airflow/models/baseoperator.py", line 437, in apply_defaults
    result = func(self, **kwargs, default_args=default_args)
  File "/usr/local/lib/python3.8/site-packages/airflow/operators/python.py", line 591, in __init__
    raise AirflowException("PythonVirtualenvOperator requires virtualenv, please install it.")
airflow.exceptions.AirflowException: PythonVirtualenvOperator requires virtualenv, please install it.
[2024-03-13T11:27:29.156+0200] {processor.py:842} WARNING - No viable dags retrieved from /usr/local/lib/python3.8/site-packages/airflow/example_dags/example_branch_operator_decorator.py
[2024-03-13T11:27:29.296+0200] {processor.py:183} INFO - Processing /usr/local/lib/python3.8/site-packages/airflow/example_dags/example_branch_operator_decorator.py took 0.178 seconds
[2024-03-13T11:28:25.998+0200] {processor.py:161} INFO - Started process (PID=5675) to work on /usr/local/lib/python3.8/site-packages/airflow/example_dags/example_branch_operator_decorator.py
[2024-03-13T11:28:25.999+0200] {processor.py:830} INFO - Processing file /usr/local/lib/python3.8/site-packages/airflow/example_dags/example_branch_operator_decorator.py for tasks to queue
[2024-03-13T11:28:25.999+0200] {logging_mixin.py:188} INFO - [2024-03-13T11:28:25.999+0200] {dagbag.py:540} INFO - Filling up the DagBag from /usr/local/lib/python3.8/site-packages/airflow/example_dags/example_branch_operator_decorator.py
[2024-03-13T11:28:26.036+0200] {logging_mixin.py:188} INFO - [2024-03-13T11:28:26.034+0200] {dagbag.py:350} ERROR - Failed to import: /usr/local/lib/python3.8/site-packages/airflow/example_dags/example_branch_operator_decorator.py
Traceback (most recent call last):
  File "/usr/local/lib/python3.8/site-packages/airflow/models/dagbag.py", line 346, in parse
    loader.exec_module(new_module)
  File "<frozen importlib._bootstrap_external>", line 843, in exec_module
  File "<frozen importlib._bootstrap>", line 219, in _call_with_frames_removed
  File "/usr/local/lib/python3.8/site-packages/airflow/example_dags/example_branch_operator_decorator.py", line 125, in <module>
    random_choice_venv = branching_virtualenv(choices=options)
  File "/usr/local/lib/python3.8/site-packages/airflow/decorators/base.py", line 366, in __call__
    op = self.operator_class(
  File "/usr/local/lib/python3.8/site-packages/airflow/models/baseoperator.py", line 437, in apply_defaults
    result = func(self, **kwargs, default_args=default_args)
  File "/usr/local/lib/python3.8/site-packages/airflow/models/baseoperator.py", line 437, in apply_defaults
    result = func(self, **kwargs, default_args=default_args)
  File "/usr/local/lib/python3.8/site-packages/airflow/decorators/python.py", line 52, in __init__
    super().__init__(
  File "/usr/local/lib/python3.8/site-packages/airflow/models/baseoperator.py", line 437, in apply_defaults
    result = func(self, **kwargs, default_args=default_args)
  File "/usr/local/lib/python3.8/site-packages/airflow/decorators/base.py", line 233, in __init__
    super().__init__(task_id=task_id, **kwargs_to_upstream, **kwargs)
  File "/usr/local/lib/python3.8/site-packages/airflow/models/baseoperator.py", line 437, in apply_defaults
    result = func(self, **kwargs, default_args=default_args)
  File "/usr/local/lib/python3.8/site-packages/airflow/models/baseoperator.py", line 437, in apply_defaults
    result = func(self, **kwargs, default_args=default_args)
  File "/usr/local/lib/python3.8/site-packages/airflow/operators/python.py", line 591, in __init__
    raise AirflowException("PythonVirtualenvOperator requires virtualenv, please install it.")
airflow.exceptions.AirflowException: PythonVirtualenvOperator requires virtualenv, please install it.
[2024-03-13T11:28:26.036+0200] {processor.py:842} WARNING - No viable dags retrieved from /usr/local/lib/python3.8/site-packages/airflow/example_dags/example_branch_operator_decorator.py
[2024-03-13T11:28:26.193+0200] {processor.py:183} INFO - Processing /usr/local/lib/python3.8/site-packages/airflow/example_dags/example_branch_operator_decorator.py took 0.196 seconds
[2024-03-13T11:29:19.749+0200] {processor.py:161} INFO - Started process (PID=5887) to work on /usr/local/lib/python3.8/site-packages/airflow/example_dags/example_branch_operator_decorator.py
[2024-03-13T11:29:19.749+0200] {processor.py:830} INFO - Processing file /usr/local/lib/python3.8/site-packages/airflow/example_dags/example_branch_operator_decorator.py for tasks to queue
[2024-03-13T11:29:19.750+0200] {logging_mixin.py:188} INFO - [2024-03-13T11:29:19.750+0200] {dagbag.py:540} INFO - Filling up the DagBag from /usr/local/lib/python3.8/site-packages/airflow/example_dags/example_branch_operator_decorator.py
[2024-03-13T11:29:19.784+0200] {logging_mixin.py:188} INFO - [2024-03-13T11:29:19.783+0200] {dagbag.py:350} ERROR - Failed to import: /usr/local/lib/python3.8/site-packages/airflow/example_dags/example_branch_operator_decorator.py
Traceback (most recent call last):
  File "/usr/local/lib/python3.8/site-packages/airflow/models/dagbag.py", line 346, in parse
    loader.exec_module(new_module)
  File "<frozen importlib._bootstrap_external>", line 843, in exec_module
  File "<frozen importlib._bootstrap>", line 219, in _call_with_frames_removed
  File "/usr/local/lib/python3.8/site-packages/airflow/example_dags/example_branch_operator_decorator.py", line 125, in <module>
    random_choice_venv = branching_virtualenv(choices=options)
  File "/usr/local/lib/python3.8/site-packages/airflow/decorators/base.py", line 366, in __call__
    op = self.operator_class(
  File "/usr/local/lib/python3.8/site-packages/airflow/models/baseoperator.py", line 437, in apply_defaults
    result = func(self, **kwargs, default_args=default_args)
  File "/usr/local/lib/python3.8/site-packages/airflow/models/baseoperator.py", line 437, in apply_defaults
    result = func(self, **kwargs, default_args=default_args)
  File "/usr/local/lib/python3.8/site-packages/airflow/decorators/python.py", line 52, in __init__
    super().__init__(
  File "/usr/local/lib/python3.8/site-packages/airflow/models/baseoperator.py", line 437, in apply_defaults
    result = func(self, **kwargs, default_args=default_args)
  File "/usr/local/lib/python3.8/site-packages/airflow/decorators/base.py", line 233, in __init__
    super().__init__(task_id=task_id, **kwargs_to_upstream, **kwargs)
  File "/usr/local/lib/python3.8/site-packages/airflow/models/baseoperator.py", line 437, in apply_defaults
    result = func(self, **kwargs, default_args=default_args)
  File "/usr/local/lib/python3.8/site-packages/airflow/models/baseoperator.py", line 437, in apply_defaults
    result = func(self, **kwargs, default_args=default_args)
  File "/usr/local/lib/python3.8/site-packages/airflow/operators/python.py", line 591, in __init__
    raise AirflowException("PythonVirtualenvOperator requires virtualenv, please install it.")
airflow.exceptions.AirflowException: PythonVirtualenvOperator requires virtualenv, please install it.
[2024-03-13T11:29:19.785+0200] {processor.py:842} WARNING - No viable dags retrieved from /usr/local/lib/python3.8/site-packages/airflow/example_dags/example_branch_operator_decorator.py
[2024-03-13T11:29:19.929+0200] {processor.py:183} INFO - Processing /usr/local/lib/python3.8/site-packages/airflow/example_dags/example_branch_operator_decorator.py took 0.182 seconds
[2024-03-13T11:30:14.990+0200] {processor.py:161} INFO - Started process (PID=6097) to work on /usr/local/lib/python3.8/site-packages/airflow/example_dags/example_branch_operator_decorator.py
[2024-03-13T11:30:14.992+0200] {processor.py:830} INFO - Processing file /usr/local/lib/python3.8/site-packages/airflow/example_dags/example_branch_operator_decorator.py for tasks to queue
[2024-03-13T11:30:14.992+0200] {logging_mixin.py:188} INFO - [2024-03-13T11:30:14.992+0200] {dagbag.py:540} INFO - Filling up the DagBag from /usr/local/lib/python3.8/site-packages/airflow/example_dags/example_branch_operator_decorator.py
[2024-03-13T11:30:15.026+0200] {logging_mixin.py:188} INFO - [2024-03-13T11:30:15.025+0200] {dagbag.py:350} ERROR - Failed to import: /usr/local/lib/python3.8/site-packages/airflow/example_dags/example_branch_operator_decorator.py
Traceback (most recent call last):
  File "/usr/local/lib/python3.8/site-packages/airflow/models/dagbag.py", line 346, in parse
    loader.exec_module(new_module)
  File "<frozen importlib._bootstrap_external>", line 843, in exec_module
  File "<frozen importlib._bootstrap>", line 219, in _call_with_frames_removed
  File "/usr/local/lib/python3.8/site-packages/airflow/example_dags/example_branch_operator_decorator.py", line 125, in <module>
    random_choice_venv = branching_virtualenv(choices=options)
  File "/usr/local/lib/python3.8/site-packages/airflow/decorators/base.py", line 366, in __call__
    op = self.operator_class(
  File "/usr/local/lib/python3.8/site-packages/airflow/models/baseoperator.py", line 437, in apply_defaults
    result = func(self, **kwargs, default_args=default_args)
  File "/usr/local/lib/python3.8/site-packages/airflow/models/baseoperator.py", line 437, in apply_defaults
    result = func(self, **kwargs, default_args=default_args)
  File "/usr/local/lib/python3.8/site-packages/airflow/decorators/python.py", line 52, in __init__
    super().__init__(
  File "/usr/local/lib/python3.8/site-packages/airflow/models/baseoperator.py", line 437, in apply_defaults
    result = func(self, **kwargs, default_args=default_args)
  File "/usr/local/lib/python3.8/site-packages/airflow/decorators/base.py", line 233, in __init__
    super().__init__(task_id=task_id, **kwargs_to_upstream, **kwargs)
  File "/usr/local/lib/python3.8/site-packages/airflow/models/baseoperator.py", line 437, in apply_defaults
    result = func(self, **kwargs, default_args=default_args)
  File "/usr/local/lib/python3.8/site-packages/airflow/models/baseoperator.py", line 437, in apply_defaults
    result = func(self, **kwargs, default_args=default_args)
  File "/usr/local/lib/python3.8/site-packages/airflow/operators/python.py", line 591, in __init__
    raise AirflowException("PythonVirtualenvOperator requires virtualenv, please install it.")
airflow.exceptions.AirflowException: PythonVirtualenvOperator requires virtualenv, please install it.
[2024-03-13T11:30:15.026+0200] {processor.py:842} WARNING - No viable dags retrieved from /usr/local/lib/python3.8/site-packages/airflow/example_dags/example_branch_operator_decorator.py
[2024-03-13T11:30:15.175+0200] {processor.py:183} INFO - Processing /usr/local/lib/python3.8/site-packages/airflow/example_dags/example_branch_operator_decorator.py took 0.186 seconds
[2024-03-13T11:31:00.111+0200] {processor.py:161} INFO - Started process (PID=6279) to work on /usr/local/lib/python3.8/site-packages/airflow/example_dags/example_branch_operator_decorator.py
[2024-03-13T11:31:00.112+0200] {processor.py:830} INFO - Processing file /usr/local/lib/python3.8/site-packages/airflow/example_dags/example_branch_operator_decorator.py for tasks to queue
[2024-03-13T11:31:00.113+0200] {logging_mixin.py:188} INFO - [2024-03-13T11:31:00.113+0200] {dagbag.py:540} INFO - Filling up the DagBag from /usr/local/lib/python3.8/site-packages/airflow/example_dags/example_branch_operator_decorator.py
[2024-03-13T11:31:00.153+0200] {logging_mixin.py:188} INFO - [2024-03-13T11:31:00.151+0200] {dagbag.py:350} ERROR - Failed to import: /usr/local/lib/python3.8/site-packages/airflow/example_dags/example_branch_operator_decorator.py
Traceback (most recent call last):
  File "/usr/local/lib/python3.8/site-packages/airflow/models/dagbag.py", line 346, in parse
    loader.exec_module(new_module)
  File "<frozen importlib._bootstrap_external>", line 843, in exec_module
  File "<frozen importlib._bootstrap>", line 219, in _call_with_frames_removed
  File "/usr/local/lib/python3.8/site-packages/airflow/example_dags/example_branch_operator_decorator.py", line 125, in <module>
    random_choice_venv = branching_virtualenv(choices=options)
  File "/usr/local/lib/python3.8/site-packages/airflow/decorators/base.py", line 366, in __call__
    op = self.operator_class(
  File "/usr/local/lib/python3.8/site-packages/airflow/models/baseoperator.py", line 437, in apply_defaults
    result = func(self, **kwargs, default_args=default_args)
  File "/usr/local/lib/python3.8/site-packages/airflow/models/baseoperator.py", line 437, in apply_defaults
    result = func(self, **kwargs, default_args=default_args)
  File "/usr/local/lib/python3.8/site-packages/airflow/decorators/python.py", line 52, in __init__
    super().__init__(
  File "/usr/local/lib/python3.8/site-packages/airflow/models/baseoperator.py", line 437, in apply_defaults
    result = func(self, **kwargs, default_args=default_args)
  File "/usr/local/lib/python3.8/site-packages/airflow/decorators/base.py", line 233, in __init__
    super().__init__(task_id=task_id, **kwargs_to_upstream, **kwargs)
  File "/usr/local/lib/python3.8/site-packages/airflow/models/baseoperator.py", line 437, in apply_defaults
    result = func(self, **kwargs, default_args=default_args)
  File "/usr/local/lib/python3.8/site-packages/airflow/models/baseoperator.py", line 437, in apply_defaults
    result = func(self, **kwargs, default_args=default_args)
  File "/usr/local/lib/python3.8/site-packages/airflow/operators/python.py", line 591, in __init__
    raise AirflowException("PythonVirtualenvOperator requires virtualenv, please install it.")
airflow.exceptions.AirflowException: PythonVirtualenvOperator requires virtualenv, please install it.
[2024-03-13T11:31:00.153+0200] {processor.py:842} WARNING - No viable dags retrieved from /usr/local/lib/python3.8/site-packages/airflow/example_dags/example_branch_operator_decorator.py
[2024-03-13T11:31:00.284+0200] {processor.py:183} INFO - Processing /usr/local/lib/python3.8/site-packages/airflow/example_dags/example_branch_operator_decorator.py took 0.174 seconds
[2024-03-13T11:31:55.650+0200] {processor.py:161} INFO - Started process (PID=6499) to work on /usr/local/lib/python3.8/site-packages/airflow/example_dags/example_branch_operator_decorator.py
[2024-03-13T11:31:55.651+0200] {processor.py:830} INFO - Processing file /usr/local/lib/python3.8/site-packages/airflow/example_dags/example_branch_operator_decorator.py for tasks to queue
[2024-03-13T11:31:55.652+0200] {logging_mixin.py:188} INFO - [2024-03-13T11:31:55.652+0200] {dagbag.py:540} INFO - Filling up the DagBag from /usr/local/lib/python3.8/site-packages/airflow/example_dags/example_branch_operator_decorator.py
[2024-03-13T11:31:55.691+0200] {logging_mixin.py:188} INFO - [2024-03-13T11:31:55.690+0200] {dagbag.py:350} ERROR - Failed to import: /usr/local/lib/python3.8/site-packages/airflow/example_dags/example_branch_operator_decorator.py
Traceback (most recent call last):
  File "/usr/local/lib/python3.8/site-packages/airflow/models/dagbag.py", line 346, in parse
    loader.exec_module(new_module)
  File "<frozen importlib._bootstrap_external>", line 843, in exec_module
  File "<frozen importlib._bootstrap>", line 219, in _call_with_frames_removed
  File "/usr/local/lib/python3.8/site-packages/airflow/example_dags/example_branch_operator_decorator.py", line 125, in <module>
    random_choice_venv = branching_virtualenv(choices=options)
  File "/usr/local/lib/python3.8/site-packages/airflow/decorators/base.py", line 366, in __call__
    op = self.operator_class(
  File "/usr/local/lib/python3.8/site-packages/airflow/models/baseoperator.py", line 437, in apply_defaults
    result = func(self, **kwargs, default_args=default_args)
  File "/usr/local/lib/python3.8/site-packages/airflow/models/baseoperator.py", line 437, in apply_defaults
    result = func(self, **kwargs, default_args=default_args)
  File "/usr/local/lib/python3.8/site-packages/airflow/decorators/python.py", line 52, in __init__
    super().__init__(
  File "/usr/local/lib/python3.8/site-packages/airflow/models/baseoperator.py", line 437, in apply_defaults
    result = func(self, **kwargs, default_args=default_args)
  File "/usr/local/lib/python3.8/site-packages/airflow/decorators/base.py", line 233, in __init__
    super().__init__(task_id=task_id, **kwargs_to_upstream, **kwargs)
  File "/usr/local/lib/python3.8/site-packages/airflow/models/baseoperator.py", line 437, in apply_defaults
    result = func(self, **kwargs, default_args=default_args)
  File "/usr/local/lib/python3.8/site-packages/airflow/models/baseoperator.py", line 437, in apply_defaults
    result = func(self, **kwargs, default_args=default_args)
  File "/usr/local/lib/python3.8/site-packages/airflow/operators/python.py", line 591, in __init__
    raise AirflowException("PythonVirtualenvOperator requires virtualenv, please install it.")
airflow.exceptions.AirflowException: PythonVirtualenvOperator requires virtualenv, please install it.
[2024-03-13T11:31:55.692+0200] {processor.py:842} WARNING - No viable dags retrieved from /usr/local/lib/python3.8/site-packages/airflow/example_dags/example_branch_operator_decorator.py
[2024-03-13T11:31:55.833+0200] {processor.py:183} INFO - Processing /usr/local/lib/python3.8/site-packages/airflow/example_dags/example_branch_operator_decorator.py took 0.185 seconds
[2024-03-13T11:32:53.013+0200] {processor.py:161} INFO - Started process (PID=6726) to work on /usr/local/lib/python3.8/site-packages/airflow/example_dags/example_branch_operator_decorator.py
[2024-03-13T11:32:53.014+0200] {processor.py:830} INFO - Processing file /usr/local/lib/python3.8/site-packages/airflow/example_dags/example_branch_operator_decorator.py for tasks to queue
[2024-03-13T11:32:53.015+0200] {logging_mixin.py:188} INFO - [2024-03-13T11:32:53.014+0200] {dagbag.py:540} INFO - Filling up the DagBag from /usr/local/lib/python3.8/site-packages/airflow/example_dags/example_branch_operator_decorator.py
[2024-03-13T11:32:53.048+0200] {logging_mixin.py:188} INFO - [2024-03-13T11:32:53.047+0200] {dagbag.py:350} ERROR - Failed to import: /usr/local/lib/python3.8/site-packages/airflow/example_dags/example_branch_operator_decorator.py
Traceback (most recent call last):
  File "/usr/local/lib/python3.8/site-packages/airflow/models/dagbag.py", line 346, in parse
    loader.exec_module(new_module)
  File "<frozen importlib._bootstrap_external>", line 843, in exec_module
  File "<frozen importlib._bootstrap>", line 219, in _call_with_frames_removed
  File "/usr/local/lib/python3.8/site-packages/airflow/example_dags/example_branch_operator_decorator.py", line 125, in <module>
    random_choice_venv = branching_virtualenv(choices=options)
  File "/usr/local/lib/python3.8/site-packages/airflow/decorators/base.py", line 366, in __call__
    op = self.operator_class(
  File "/usr/local/lib/python3.8/site-packages/airflow/models/baseoperator.py", line 437, in apply_defaults
    result = func(self, **kwargs, default_args=default_args)
  File "/usr/local/lib/python3.8/site-packages/airflow/models/baseoperator.py", line 437, in apply_defaults
    result = func(self, **kwargs, default_args=default_args)
  File "/usr/local/lib/python3.8/site-packages/airflow/decorators/python.py", line 52, in __init__
    super().__init__(
  File "/usr/local/lib/python3.8/site-packages/airflow/models/baseoperator.py", line 437, in apply_defaults
    result = func(self, **kwargs, default_args=default_args)
  File "/usr/local/lib/python3.8/site-packages/airflow/decorators/base.py", line 233, in __init__
    super().__init__(task_id=task_id, **kwargs_to_upstream, **kwargs)
  File "/usr/local/lib/python3.8/site-packages/airflow/models/baseoperator.py", line 437, in apply_defaults
    result = func(self, **kwargs, default_args=default_args)
  File "/usr/local/lib/python3.8/site-packages/airflow/models/baseoperator.py", line 437, in apply_defaults
    result = func(self, **kwargs, default_args=default_args)
  File "/usr/local/lib/python3.8/site-packages/airflow/operators/python.py", line 591, in __init__
    raise AirflowException("PythonVirtualenvOperator requires virtualenv, please install it.")
airflow.exceptions.AirflowException: PythonVirtualenvOperator requires virtualenv, please install it.
[2024-03-13T11:32:53.049+0200] {processor.py:842} WARNING - No viable dags retrieved from /usr/local/lib/python3.8/site-packages/airflow/example_dags/example_branch_operator_decorator.py
[2024-03-13T11:32:53.189+0200] {processor.py:183} INFO - Processing /usr/local/lib/python3.8/site-packages/airflow/example_dags/example_branch_operator_decorator.py took 0.178 seconds
[2024-03-13T11:33:49.617+0200] {processor.py:161} INFO - Started process (PID=6963) to work on /usr/local/lib/python3.8/site-packages/airflow/example_dags/example_branch_operator_decorator.py
[2024-03-13T11:33:49.618+0200] {processor.py:830} INFO - Processing file /usr/local/lib/python3.8/site-packages/airflow/example_dags/example_branch_operator_decorator.py for tasks to queue
[2024-03-13T11:33:49.618+0200] {logging_mixin.py:188} INFO - [2024-03-13T11:33:49.618+0200] {dagbag.py:540} INFO - Filling up the DagBag from /usr/local/lib/python3.8/site-packages/airflow/example_dags/example_branch_operator_decorator.py
[2024-03-13T11:33:49.652+0200] {logging_mixin.py:188} INFO - [2024-03-13T11:33:49.651+0200] {dagbag.py:350} ERROR - Failed to import: /usr/local/lib/python3.8/site-packages/airflow/example_dags/example_branch_operator_decorator.py
Traceback (most recent call last):
  File "/usr/local/lib/python3.8/site-packages/airflow/models/dagbag.py", line 346, in parse
    loader.exec_module(new_module)
  File "<frozen importlib._bootstrap_external>", line 843, in exec_module
  File "<frozen importlib._bootstrap>", line 219, in _call_with_frames_removed
  File "/usr/local/lib/python3.8/site-packages/airflow/example_dags/example_branch_operator_decorator.py", line 125, in <module>
    random_choice_venv = branching_virtualenv(choices=options)
  File "/usr/local/lib/python3.8/site-packages/airflow/decorators/base.py", line 366, in __call__
    op = self.operator_class(
  File "/usr/local/lib/python3.8/site-packages/airflow/models/baseoperator.py", line 437, in apply_defaults
    result = func(self, **kwargs, default_args=default_args)
  File "/usr/local/lib/python3.8/site-packages/airflow/models/baseoperator.py", line 437, in apply_defaults
    result = func(self, **kwargs, default_args=default_args)
  File "/usr/local/lib/python3.8/site-packages/airflow/decorators/python.py", line 52, in __init__
    super().__init__(
  File "/usr/local/lib/python3.8/site-packages/airflow/models/baseoperator.py", line 437, in apply_defaults
    result = func(self, **kwargs, default_args=default_args)
  File "/usr/local/lib/python3.8/site-packages/airflow/decorators/base.py", line 233, in __init__
    super().__init__(task_id=task_id, **kwargs_to_upstream, **kwargs)
  File "/usr/local/lib/python3.8/site-packages/airflow/models/baseoperator.py", line 437, in apply_defaults
    result = func(self, **kwargs, default_args=default_args)
  File "/usr/local/lib/python3.8/site-packages/airflow/models/baseoperator.py", line 437, in apply_defaults
    result = func(self, **kwargs, default_args=default_args)
  File "/usr/local/lib/python3.8/site-packages/airflow/operators/python.py", line 591, in __init__
    raise AirflowException("PythonVirtualenvOperator requires virtualenv, please install it.")
airflow.exceptions.AirflowException: PythonVirtualenvOperator requires virtualenv, please install it.
[2024-03-13T11:33:49.653+0200] {processor.py:842} WARNING - No viable dags retrieved from /usr/local/lib/python3.8/site-packages/airflow/example_dags/example_branch_operator_decorator.py
[2024-03-13T11:33:49.792+0200] {processor.py:183} INFO - Processing /usr/local/lib/python3.8/site-packages/airflow/example_dags/example_branch_operator_decorator.py took 0.177 seconds
[2024-03-13T11:34:44.179+0200] {processor.py:161} INFO - Started process (PID=7182) to work on /usr/local/lib/python3.8/site-packages/airflow/example_dags/example_branch_operator_decorator.py
[2024-03-13T11:34:44.180+0200] {processor.py:830} INFO - Processing file /usr/local/lib/python3.8/site-packages/airflow/example_dags/example_branch_operator_decorator.py for tasks to queue
[2024-03-13T11:34:44.180+0200] {logging_mixin.py:188} INFO - [2024-03-13T11:34:44.180+0200] {dagbag.py:540} INFO - Filling up the DagBag from /usr/local/lib/python3.8/site-packages/airflow/example_dags/example_branch_operator_decorator.py
[2024-03-13T11:34:44.219+0200] {logging_mixin.py:188} INFO - [2024-03-13T11:34:44.217+0200] {dagbag.py:350} ERROR - Failed to import: /usr/local/lib/python3.8/site-packages/airflow/example_dags/example_branch_operator_decorator.py
Traceback (most recent call last):
  File "/usr/local/lib/python3.8/site-packages/airflow/models/dagbag.py", line 346, in parse
    loader.exec_module(new_module)
  File "<frozen importlib._bootstrap_external>", line 843, in exec_module
  File "<frozen importlib._bootstrap>", line 219, in _call_with_frames_removed
  File "/usr/local/lib/python3.8/site-packages/airflow/example_dags/example_branch_operator_decorator.py", line 125, in <module>
    random_choice_venv = branching_virtualenv(choices=options)
  File "/usr/local/lib/python3.8/site-packages/airflow/decorators/base.py", line 366, in __call__
    op = self.operator_class(
  File "/usr/local/lib/python3.8/site-packages/airflow/models/baseoperator.py", line 437, in apply_defaults
    result = func(self, **kwargs, default_args=default_args)
  File "/usr/local/lib/python3.8/site-packages/airflow/models/baseoperator.py", line 437, in apply_defaults
    result = func(self, **kwargs, default_args=default_args)
  File "/usr/local/lib/python3.8/site-packages/airflow/decorators/python.py", line 52, in __init__
    super().__init__(
  File "/usr/local/lib/python3.8/site-packages/airflow/models/baseoperator.py", line 437, in apply_defaults
    result = func(self, **kwargs, default_args=default_args)
  File "/usr/local/lib/python3.8/site-packages/airflow/decorators/base.py", line 233, in __init__
    super().__init__(task_id=task_id, **kwargs_to_upstream, **kwargs)
  File "/usr/local/lib/python3.8/site-packages/airflow/models/baseoperator.py", line 437, in apply_defaults
    result = func(self, **kwargs, default_args=default_args)
  File "/usr/local/lib/python3.8/site-packages/airflow/models/baseoperator.py", line 437, in apply_defaults
    result = func(self, **kwargs, default_args=default_args)
  File "/usr/local/lib/python3.8/site-packages/airflow/operators/python.py", line 591, in __init__
    raise AirflowException("PythonVirtualenvOperator requires virtualenv, please install it.")
airflow.exceptions.AirflowException: PythonVirtualenvOperator requires virtualenv, please install it.
[2024-03-13T11:34:44.219+0200] {processor.py:842} WARNING - No viable dags retrieved from /usr/local/lib/python3.8/site-packages/airflow/example_dags/example_branch_operator_decorator.py
[2024-03-13T11:34:44.375+0200] {processor.py:183} INFO - Processing /usr/local/lib/python3.8/site-packages/airflow/example_dags/example_branch_operator_decorator.py took 0.197 seconds
