[2024-03-13T11:09:52.882+0200] {processor.py:161} INFO - Started process (PID=1991) to work on /usr/local/lib/python3.8/site-packages/airflow/example_dags/example_branch_day_of_week_operator.py
[2024-03-13T11:09:52.883+0200] {processor.py:830} INFO - Processing file /usr/local/lib/python3.8/site-packages/airflow/example_dags/example_branch_day_of_week_operator.py for tasks to queue
[2024-03-13T11:09:52.883+0200] {logging_mixin.py:188} INFO - [2024-03-13T11:09:52.883+0200] {dagbag.py:540} INFO - Filling up the DagBag from /usr/local/lib/python3.8/site-packages/airflow/example_dags/example_branch_day_of_week_operator.py
[2024-03-13T11:09:52.893+0200] {processor.py:840} INFO - DAG(s) 'example_weekday_branch_operator' retrieved from /usr/local/lib/python3.8/site-packages/airflow/example_dags/example_branch_day_of_week_operator.py
[2024-03-13T11:09:53.115+0200] {logging_mixin.py:188} INFO - [2024-03-13T11:09:53.115+0200] {override.py:1769} INFO - Created Permission View: can read on DAG:example_weekday_branch_operator
[2024-03-13T11:09:53.121+0200] {logging_mixin.py:188} INFO - [2024-03-13T11:09:53.121+0200] {override.py:1769} INFO - Created Permission View: can edit on DAG:example_weekday_branch_operator
[2024-03-13T11:09:53.125+0200] {logging_mixin.py:188} INFO - [2024-03-13T11:09:53.125+0200] {override.py:1769} INFO - Created Permission View: can delete on DAG:example_weekday_branch_operator
[2024-03-13T11:09:53.126+0200] {logging_mixin.py:188} INFO - [2024-03-13T11:09:53.125+0200] {dag.py:3047} INFO - Sync 1 DAGs
[2024-03-13T11:09:53.135+0200] {logging_mixin.py:188} INFO - [2024-03-13T11:09:53.135+0200] {dag.py:3069} INFO - Creating ORM DAG for example_weekday_branch_operator
[2024-03-13T11:09:53.143+0200] {logging_mixin.py:188} INFO - [2024-03-13T11:09:53.143+0200] {dag.py:3834} INFO - Setting next_dagrun for example_weekday_branch_operator to 2024-03-12 00:00:00+00:00, run_after=2024-03-13 00:00:00+00:00
[2024-03-13T11:09:53.154+0200] {processor.py:183} INFO - Processing /usr/local/lib/python3.8/site-packages/airflow/example_dags/example_branch_day_of_week_operator.py took 0.274 seconds
[2024-03-13T11:10:47.691+0200] {processor.py:161} INFO - Started process (PID=2192) to work on /usr/local/lib/python3.8/site-packages/airflow/example_dags/example_branch_day_of_week_operator.py
[2024-03-13T11:10:47.692+0200] {processor.py:830} INFO - Processing file /usr/local/lib/python3.8/site-packages/airflow/example_dags/example_branch_day_of_week_operator.py for tasks to queue
[2024-03-13T11:10:47.692+0200] {logging_mixin.py:188} INFO - [2024-03-13T11:10:47.692+0200] {dagbag.py:540} INFO - Filling up the DagBag from /usr/local/lib/python3.8/site-packages/airflow/example_dags/example_branch_day_of_week_operator.py
[2024-03-13T11:10:47.702+0200] {processor.py:840} INFO - DAG(s) 'example_weekday_branch_operator' retrieved from /usr/local/lib/python3.8/site-packages/airflow/example_dags/example_branch_day_of_week_operator.py
[2024-03-13T11:10:47.843+0200] {logging_mixin.py:188} INFO - [2024-03-13T11:10:47.842+0200] {dag.py:3047} INFO - Sync 1 DAGs
[2024-03-13T11:10:47.863+0200] {logging_mixin.py:188} INFO - [2024-03-13T11:10:47.863+0200] {dag.py:3834} INFO - Setting next_dagrun for example_weekday_branch_operator to 2024-03-12 00:00:00+00:00, run_after=2024-03-13 00:00:00+00:00
[2024-03-13T11:10:47.878+0200] {processor.py:183} INFO - Processing /usr/local/lib/python3.8/site-packages/airflow/example_dags/example_branch_day_of_week_operator.py took 0.188 seconds
[2024-03-13T11:11:42.727+0200] {processor.py:161} INFO - Started process (PID=2407) to work on /usr/local/lib/python3.8/site-packages/airflow/example_dags/example_branch_day_of_week_operator.py
[2024-03-13T11:11:42.728+0200] {processor.py:830} INFO - Processing file /usr/local/lib/python3.8/site-packages/airflow/example_dags/example_branch_day_of_week_operator.py for tasks to queue
[2024-03-13T11:11:42.729+0200] {logging_mixin.py:188} INFO - [2024-03-13T11:11:42.728+0200] {dagbag.py:540} INFO - Filling up the DagBag from /usr/local/lib/python3.8/site-packages/airflow/example_dags/example_branch_day_of_week_operator.py
[2024-03-13T11:11:42.738+0200] {processor.py:840} INFO - DAG(s) 'example_weekday_branch_operator' retrieved from /usr/local/lib/python3.8/site-packages/airflow/example_dags/example_branch_day_of_week_operator.py
[2024-03-13T11:11:42.883+0200] {logging_mixin.py:188} INFO - [2024-03-13T11:11:42.883+0200] {dag.py:3047} INFO - Sync 1 DAGs
[2024-03-13T11:11:42.905+0200] {logging_mixin.py:188} INFO - [2024-03-13T11:11:42.905+0200] {dag.py:3834} INFO - Setting next_dagrun for example_weekday_branch_operator to 2024-03-12 00:00:00+00:00, run_after=2024-03-13 00:00:00+00:00
[2024-03-13T11:11:42.920+0200] {processor.py:183} INFO - Processing /usr/local/lib/python3.8/site-packages/airflow/example_dags/example_branch_day_of_week_operator.py took 0.194 seconds
[2024-03-13T11:12:33.235+0200] {processor.py:161} INFO - Started process (PID=2595) to work on /usr/local/lib/python3.8/site-packages/airflow/example_dags/example_branch_day_of_week_operator.py
[2024-03-13T11:12:33.236+0200] {processor.py:830} INFO - Processing file /usr/local/lib/python3.8/site-packages/airflow/example_dags/example_branch_day_of_week_operator.py for tasks to queue
[2024-03-13T11:12:33.237+0200] {logging_mixin.py:188} INFO - [2024-03-13T11:12:33.237+0200] {dagbag.py:540} INFO - Filling up the DagBag from /usr/local/lib/python3.8/site-packages/airflow/example_dags/example_branch_day_of_week_operator.py
[2024-03-13T11:12:33.248+0200] {processor.py:840} INFO - DAG(s) 'example_weekday_branch_operator' retrieved from /usr/local/lib/python3.8/site-packages/airflow/example_dags/example_branch_day_of_week_operator.py
[2024-03-13T11:12:33.416+0200] {logging_mixin.py:188} INFO - [2024-03-13T11:12:33.415+0200] {dag.py:3047} INFO - Sync 1 DAGs
[2024-03-13T11:12:33.438+0200] {logging_mixin.py:188} INFO - [2024-03-13T11:12:33.438+0200] {dag.py:3834} INFO - Setting next_dagrun for example_weekday_branch_operator to 2024-03-12 00:00:00+00:00, run_after=2024-03-13 00:00:00+00:00
[2024-03-13T11:12:33.453+0200] {processor.py:183} INFO - Processing /usr/local/lib/python3.8/site-packages/airflow/example_dags/example_branch_day_of_week_operator.py took 0.220 seconds
[2024-03-13T11:18:39.320+0200] {processor.py:161} INFO - Started process (PID=3441) to work on /usr/local/lib/python3.8/site-packages/airflow/example_dags/example_branch_day_of_week_operator.py
[2024-03-13T11:18:39.320+0200] {processor.py:830} INFO - Processing file /usr/local/lib/python3.8/site-packages/airflow/example_dags/example_branch_day_of_week_operator.py for tasks to queue
[2024-03-13T11:18:39.321+0200] {logging_mixin.py:188} INFO - [2024-03-13T11:18:39.321+0200] {dagbag.py:540} INFO - Filling up the DagBag from /usr/local/lib/python3.8/site-packages/airflow/example_dags/example_branch_day_of_week_operator.py
[2024-03-13T11:18:39.331+0200] {processor.py:840} INFO - DAG(s) 'example_weekday_branch_operator' retrieved from /usr/local/lib/python3.8/site-packages/airflow/example_dags/example_branch_day_of_week_operator.py
[2024-03-13T11:18:39.466+0200] {logging_mixin.py:188} INFO - [2024-03-13T11:18:39.465+0200] {dag.py:3047} INFO - Sync 1 DAGs
[2024-03-13T11:18:39.488+0200] {logging_mixin.py:188} INFO - [2024-03-13T11:18:39.488+0200] {dag.py:3834} INFO - Setting next_dagrun for example_weekday_branch_operator to 2024-03-12 00:00:00+00:00, run_after=2024-03-13 00:00:00+00:00
[2024-03-13T11:18:39.504+0200] {processor.py:183} INFO - Processing /usr/local/lib/python3.8/site-packages/airflow/example_dags/example_branch_day_of_week_operator.py took 0.186 seconds
[2024-03-13T11:19:31.746+0200] {processor.py:161} INFO - Started process (PID=3633) to work on /usr/local/lib/python3.8/site-packages/airflow/example_dags/example_branch_day_of_week_operator.py
[2024-03-13T11:19:31.747+0200] {processor.py:830} INFO - Processing file /usr/local/lib/python3.8/site-packages/airflow/example_dags/example_branch_day_of_week_operator.py for tasks to queue
[2024-03-13T11:19:31.747+0200] {logging_mixin.py:188} INFO - [2024-03-13T11:19:31.747+0200] {dagbag.py:540} INFO - Filling up the DagBag from /usr/local/lib/python3.8/site-packages/airflow/example_dags/example_branch_day_of_week_operator.py
[2024-03-13T11:19:31.755+0200] {processor.py:840} INFO - DAG(s) 'example_weekday_branch_operator' retrieved from /usr/local/lib/python3.8/site-packages/airflow/example_dags/example_branch_day_of_week_operator.py
[2024-03-13T11:19:31.894+0200] {logging_mixin.py:188} INFO - [2024-03-13T11:19:31.894+0200] {dag.py:3047} INFO - Sync 1 DAGs
[2024-03-13T11:19:31.916+0200] {logging_mixin.py:188} INFO - [2024-03-13T11:19:31.915+0200] {dag.py:3834} INFO - Setting next_dagrun for example_weekday_branch_operator to 2024-03-12 00:00:00+00:00, run_after=2024-03-13 00:00:00+00:00
[2024-03-13T11:19:31.930+0200] {processor.py:183} INFO - Processing /usr/local/lib/python3.8/site-packages/airflow/example_dags/example_branch_day_of_week_operator.py took 0.186 seconds
[2024-03-13T11:20:31.357+0200] {processor.py:161} INFO - Started process (PID=3864) to work on /usr/local/lib/python3.8/site-packages/airflow/example_dags/example_branch_day_of_week_operator.py
[2024-03-13T11:20:31.358+0200] {processor.py:830} INFO - Processing file /usr/local/lib/python3.8/site-packages/airflow/example_dags/example_branch_day_of_week_operator.py for tasks to queue
[2024-03-13T11:20:31.359+0200] {logging_mixin.py:188} INFO - [2024-03-13T11:20:31.359+0200] {dagbag.py:540} INFO - Filling up the DagBag from /usr/local/lib/python3.8/site-packages/airflow/example_dags/example_branch_day_of_week_operator.py
[2024-03-13T11:20:31.370+0200] {processor.py:840} INFO - DAG(s) 'example_weekday_branch_operator' retrieved from /usr/local/lib/python3.8/site-packages/airflow/example_dags/example_branch_day_of_week_operator.py
[2024-03-13T11:20:31.538+0200] {logging_mixin.py:188} INFO - [2024-03-13T11:20:31.537+0200] {dag.py:3047} INFO - Sync 1 DAGs
[2024-03-13T11:20:31.562+0200] {logging_mixin.py:188} INFO - [2024-03-13T11:20:31.562+0200] {dag.py:3834} INFO - Setting next_dagrun for example_weekday_branch_operator to 2024-03-12 00:00:00+00:00, run_after=2024-03-13 00:00:00+00:00
[2024-03-13T11:20:31.596+0200] {processor.py:183} INFO - Processing /usr/local/lib/python3.8/site-packages/airflow/example_dags/example_branch_day_of_week_operator.py took 0.241 seconds
[2024-03-13T11:21:25.222+0200] {processor.py:161} INFO - Started process (PID=4088) to work on /usr/local/lib/python3.8/site-packages/airflow/example_dags/example_branch_day_of_week_operator.py
[2024-03-13T11:21:25.223+0200] {processor.py:830} INFO - Processing file /usr/local/lib/python3.8/site-packages/airflow/example_dags/example_branch_day_of_week_operator.py for tasks to queue
[2024-03-13T11:21:25.224+0200] {logging_mixin.py:188} INFO - [2024-03-13T11:21:25.224+0200] {dagbag.py:540} INFO - Filling up the DagBag from /usr/local/lib/python3.8/site-packages/airflow/example_dags/example_branch_day_of_week_operator.py
[2024-03-13T11:21:25.234+0200] {processor.py:840} INFO - DAG(s) 'example_weekday_branch_operator' retrieved from /usr/local/lib/python3.8/site-packages/airflow/example_dags/example_branch_day_of_week_operator.py
[2024-03-13T11:21:25.406+0200] {logging_mixin.py:188} INFO - [2024-03-13T11:21:25.406+0200] {dag.py:3047} INFO - Sync 1 DAGs
[2024-03-13T11:21:25.445+0200] {logging_mixin.py:188} INFO - [2024-03-13T11:21:25.445+0200] {dag.py:3834} INFO - Setting next_dagrun for example_weekday_branch_operator to 2024-03-12 00:00:00+00:00, run_after=2024-03-13 00:00:00+00:00
[2024-03-13T11:21:25.461+0200] {processor.py:183} INFO - Processing /usr/local/lib/python3.8/site-packages/airflow/example_dags/example_branch_day_of_week_operator.py took 0.240 seconds
[2024-03-13T11:22:12.323+0200] {processor.py:161} INFO - Started process (PID=4269) to work on /usr/local/lib/python3.8/site-packages/airflow/example_dags/example_branch_day_of_week_operator.py
[2024-03-13T11:22:12.323+0200] {processor.py:830} INFO - Processing file /usr/local/lib/python3.8/site-packages/airflow/example_dags/example_branch_day_of_week_operator.py for tasks to queue
[2024-03-13T11:22:12.324+0200] {logging_mixin.py:188} INFO - [2024-03-13T11:22:12.324+0200] {dagbag.py:540} INFO - Filling up the DagBag from /usr/local/lib/python3.8/site-packages/airflow/example_dags/example_branch_day_of_week_operator.py
[2024-03-13T11:22:12.334+0200] {processor.py:840} INFO - DAG(s) 'example_weekday_branch_operator' retrieved from /usr/local/lib/python3.8/site-packages/airflow/example_dags/example_branch_day_of_week_operator.py
[2024-03-13T11:22:12.488+0200] {logging_mixin.py:188} INFO - [2024-03-13T11:22:12.487+0200] {dag.py:3047} INFO - Sync 1 DAGs
[2024-03-13T11:22:12.509+0200] {logging_mixin.py:188} INFO - [2024-03-13T11:22:12.509+0200] {dag.py:3834} INFO - Setting next_dagrun for example_weekday_branch_operator to 2024-03-12 00:00:00+00:00, run_after=2024-03-13 00:00:00+00:00
[2024-03-13T11:22:12.542+0200] {processor.py:183} INFO - Processing /usr/local/lib/python3.8/site-packages/airflow/example_dags/example_branch_day_of_week_operator.py took 0.221 seconds
[2024-03-13T11:23:07.626+0200] {processor.py:161} INFO - Started process (PID=4472) to work on /usr/local/lib/python3.8/site-packages/airflow/example_dags/example_branch_day_of_week_operator.py
[2024-03-13T11:23:07.627+0200] {processor.py:830} INFO - Processing file /usr/local/lib/python3.8/site-packages/airflow/example_dags/example_branch_day_of_week_operator.py for tasks to queue
[2024-03-13T11:23:07.628+0200] {logging_mixin.py:188} INFO - [2024-03-13T11:23:07.628+0200] {dagbag.py:540} INFO - Filling up the DagBag from /usr/local/lib/python3.8/site-packages/airflow/example_dags/example_branch_day_of_week_operator.py
[2024-03-13T11:23:07.638+0200] {processor.py:840} INFO - DAG(s) 'example_weekday_branch_operator' retrieved from /usr/local/lib/python3.8/site-packages/airflow/example_dags/example_branch_day_of_week_operator.py
[2024-03-13T11:23:07.797+0200] {logging_mixin.py:188} INFO - [2024-03-13T11:23:07.797+0200] {dag.py:3047} INFO - Sync 1 DAGs
[2024-03-13T11:23:07.819+0200] {logging_mixin.py:188} INFO - [2024-03-13T11:23:07.818+0200] {dag.py:3834} INFO - Setting next_dagrun for example_weekday_branch_operator to 2024-03-12 00:00:00+00:00, run_after=2024-03-13 00:00:00+00:00
[2024-03-13T11:23:07.851+0200] {processor.py:183} INFO - Processing /usr/local/lib/python3.8/site-packages/airflow/example_dags/example_branch_day_of_week_operator.py took 0.226 seconds
[2024-03-13T11:24:03.670+0200] {processor.py:161} INFO - Started process (PID=4670) to work on /usr/local/lib/python3.8/site-packages/airflow/example_dags/example_branch_day_of_week_operator.py
[2024-03-13T11:24:03.671+0200] {processor.py:830} INFO - Processing file /usr/local/lib/python3.8/site-packages/airflow/example_dags/example_branch_day_of_week_operator.py for tasks to queue
[2024-03-13T11:24:03.671+0200] {logging_mixin.py:188} INFO - [2024-03-13T11:24:03.671+0200] {dagbag.py:540} INFO - Filling up the DagBag from /usr/local/lib/python3.8/site-packages/airflow/example_dags/example_branch_day_of_week_operator.py
[2024-03-13T11:24:03.682+0200] {processor.py:840} INFO - DAG(s) 'example_weekday_branch_operator' retrieved from /usr/local/lib/python3.8/site-packages/airflow/example_dags/example_branch_day_of_week_operator.py
[2024-03-13T11:24:03.838+0200] {logging_mixin.py:188} INFO - [2024-03-13T11:24:03.837+0200] {dag.py:3047} INFO - Sync 1 DAGs
[2024-03-13T11:24:03.863+0200] {logging_mixin.py:188} INFO - [2024-03-13T11:24:03.862+0200] {dag.py:3834} INFO - Setting next_dagrun for example_weekday_branch_operator to 2024-03-12 00:00:00+00:00, run_after=2024-03-13 00:00:00+00:00
[2024-03-13T11:24:03.898+0200] {processor.py:183} INFO - Processing /usr/local/lib/python3.8/site-packages/airflow/example_dags/example_branch_day_of_week_operator.py took 0.229 seconds
[2024-03-13T11:25:03.544+0200] {processor.py:161} INFO - Started process (PID=4892) to work on /usr/local/lib/python3.8/site-packages/airflow/example_dags/example_branch_day_of_week_operator.py
[2024-03-13T11:25:03.545+0200] {processor.py:830} INFO - Processing file /usr/local/lib/python3.8/site-packages/airflow/example_dags/example_branch_day_of_week_operator.py for tasks to queue
[2024-03-13T11:25:03.546+0200] {logging_mixin.py:188} INFO - [2024-03-13T11:25:03.545+0200] {dagbag.py:540} INFO - Filling up the DagBag from /usr/local/lib/python3.8/site-packages/airflow/example_dags/example_branch_day_of_week_operator.py
[2024-03-13T11:25:03.556+0200] {processor.py:840} INFO - DAG(s) 'example_weekday_branch_operator' retrieved from /usr/local/lib/python3.8/site-packages/airflow/example_dags/example_branch_day_of_week_operator.py
[2024-03-13T11:25:03.710+0200] {logging_mixin.py:188} INFO - [2024-03-13T11:25:03.710+0200] {dag.py:3047} INFO - Sync 1 DAGs
[2024-03-13T11:25:03.749+0200] {logging_mixin.py:188} INFO - [2024-03-13T11:25:03.749+0200] {dag.py:3834} INFO - Setting next_dagrun for example_weekday_branch_operator to 2024-03-12 00:00:00+00:00, run_after=2024-03-13 00:00:00+00:00
[2024-03-13T11:25:03.765+0200] {processor.py:183} INFO - Processing /usr/local/lib/python3.8/site-packages/airflow/example_dags/example_branch_day_of_week_operator.py took 0.223 seconds
[2024-03-13T11:25:53.546+0200] {processor.py:161} INFO - Started process (PID=5076) to work on /usr/local/lib/python3.8/site-packages/airflow/example_dags/example_branch_day_of_week_operator.py
[2024-03-13T11:25:53.547+0200] {processor.py:830} INFO - Processing file /usr/local/lib/python3.8/site-packages/airflow/example_dags/example_branch_day_of_week_operator.py for tasks to queue
[2024-03-13T11:25:53.547+0200] {logging_mixin.py:188} INFO - [2024-03-13T11:25:53.547+0200] {dagbag.py:540} INFO - Filling up the DagBag from /usr/local/lib/python3.8/site-packages/airflow/example_dags/example_branch_day_of_week_operator.py
[2024-03-13T11:25:53.556+0200] {processor.py:840} INFO - DAG(s) 'example_weekday_branch_operator' retrieved from /usr/local/lib/python3.8/site-packages/airflow/example_dags/example_branch_day_of_week_operator.py
[2024-03-13T11:25:53.705+0200] {logging_mixin.py:188} INFO - [2024-03-13T11:25:53.705+0200] {dag.py:3047} INFO - Sync 1 DAGs
[2024-03-13T11:25:53.743+0200] {logging_mixin.py:188} INFO - [2024-03-13T11:25:53.742+0200] {dag.py:3834} INFO - Setting next_dagrun for example_weekday_branch_operator to 2024-03-12 00:00:00+00:00, run_after=2024-03-13 00:00:00+00:00
[2024-03-13T11:25:53.757+0200] {processor.py:183} INFO - Processing /usr/local/lib/python3.8/site-packages/airflow/example_dags/example_branch_day_of_week_operator.py took 0.212 seconds
[2024-03-13T11:26:48.194+0200] {processor.py:161} INFO - Started process (PID=5294) to work on /usr/local/lib/python3.8/site-packages/airflow/example_dags/example_branch_day_of_week_operator.py
[2024-03-13T11:26:48.195+0200] {processor.py:830} INFO - Processing file /usr/local/lib/python3.8/site-packages/airflow/example_dags/example_branch_day_of_week_operator.py for tasks to queue
[2024-03-13T11:26:48.196+0200] {logging_mixin.py:188} INFO - [2024-03-13T11:26:48.196+0200] {dagbag.py:540} INFO - Filling up the DagBag from /usr/local/lib/python3.8/site-packages/airflow/example_dags/example_branch_day_of_week_operator.py
[2024-03-13T11:26:48.204+0200] {processor.py:840} INFO - DAG(s) 'example_weekday_branch_operator' retrieved from /usr/local/lib/python3.8/site-packages/airflow/example_dags/example_branch_day_of_week_operator.py
[2024-03-13T11:26:48.362+0200] {logging_mixin.py:188} INFO - [2024-03-13T11:26:48.362+0200] {dag.py:3047} INFO - Sync 1 DAGs
[2024-03-13T11:26:48.399+0200] {logging_mixin.py:188} INFO - [2024-03-13T11:26:48.398+0200] {dag.py:3834} INFO - Setting next_dagrun for example_weekday_branch_operator to 2024-03-12 00:00:00+00:00, run_after=2024-03-13 00:00:00+00:00
[2024-03-13T11:26:48.412+0200] {processor.py:183} INFO - Processing /usr/local/lib/python3.8/site-packages/airflow/example_dags/example_branch_day_of_week_operator.py took 0.219 seconds
[2024-03-13T11:27:42.539+0200] {processor.py:161} INFO - Started process (PID=5499) to work on /usr/local/lib/python3.8/site-packages/airflow/example_dags/example_branch_day_of_week_operator.py
[2024-03-13T11:27:42.540+0200] {processor.py:830} INFO - Processing file /usr/local/lib/python3.8/site-packages/airflow/example_dags/example_branch_day_of_week_operator.py for tasks to queue
[2024-03-13T11:27:42.540+0200] {logging_mixin.py:188} INFO - [2024-03-13T11:27:42.540+0200] {dagbag.py:540} INFO - Filling up the DagBag from /usr/local/lib/python3.8/site-packages/airflow/example_dags/example_branch_day_of_week_operator.py
[2024-03-13T11:27:42.549+0200] {processor.py:840} INFO - DAG(s) 'example_weekday_branch_operator' retrieved from /usr/local/lib/python3.8/site-packages/airflow/example_dags/example_branch_day_of_week_operator.py
[2024-03-13T11:27:42.688+0200] {logging_mixin.py:188} INFO - [2024-03-13T11:27:42.687+0200] {dag.py:3047} INFO - Sync 1 DAGs
[2024-03-13T11:27:42.708+0200] {logging_mixin.py:188} INFO - [2024-03-13T11:27:42.707+0200] {dag.py:3834} INFO - Setting next_dagrun for example_weekday_branch_operator to 2024-03-12 00:00:00+00:00, run_after=2024-03-13 00:00:00+00:00
[2024-03-13T11:27:42.739+0200] {processor.py:183} INFO - Processing /usr/local/lib/python3.8/site-packages/airflow/example_dags/example_branch_day_of_week_operator.py took 0.201 seconds
[2024-03-13T11:28:28.518+0200] {processor.py:161} INFO - Started process (PID=5684) to work on /usr/local/lib/python3.8/site-packages/airflow/example_dags/example_branch_day_of_week_operator.py
[2024-03-13T11:28:28.519+0200] {processor.py:830} INFO - Processing file /usr/local/lib/python3.8/site-packages/airflow/example_dags/example_branch_day_of_week_operator.py for tasks to queue
[2024-03-13T11:28:28.519+0200] {logging_mixin.py:188} INFO - [2024-03-13T11:28:28.519+0200] {dagbag.py:540} INFO - Filling up the DagBag from /usr/local/lib/python3.8/site-packages/airflow/example_dags/example_branch_day_of_week_operator.py
[2024-03-13T11:28:28.528+0200] {processor.py:840} INFO - DAG(s) 'example_weekday_branch_operator' retrieved from /usr/local/lib/python3.8/site-packages/airflow/example_dags/example_branch_day_of_week_operator.py
[2024-03-13T11:28:28.666+0200] {logging_mixin.py:188} INFO - [2024-03-13T11:28:28.666+0200] {dag.py:3047} INFO - Sync 1 DAGs
[2024-03-13T11:28:28.700+0200] {logging_mixin.py:188} INFO - [2024-03-13T11:28:28.700+0200] {dag.py:3834} INFO - Setting next_dagrun for example_weekday_branch_operator to 2024-03-12 00:00:00+00:00, run_after=2024-03-13 00:00:00+00:00
[2024-03-13T11:28:28.716+0200] {processor.py:183} INFO - Processing /usr/local/lib/python3.8/site-packages/airflow/example_dags/example_branch_day_of_week_operator.py took 0.199 seconds
[2024-03-13T11:29:21.846+0200] {processor.py:161} INFO - Started process (PID=5896) to work on /usr/local/lib/python3.8/site-packages/airflow/example_dags/example_branch_day_of_week_operator.py
[2024-03-13T11:29:21.847+0200] {processor.py:830} INFO - Processing file /usr/local/lib/python3.8/site-packages/airflow/example_dags/example_branch_day_of_week_operator.py for tasks to queue
[2024-03-13T11:29:21.847+0200] {logging_mixin.py:188} INFO - [2024-03-13T11:29:21.847+0200] {dagbag.py:540} INFO - Filling up the DagBag from /usr/local/lib/python3.8/site-packages/airflow/example_dags/example_branch_day_of_week_operator.py
[2024-03-13T11:29:21.857+0200] {processor.py:840} INFO - DAG(s) 'example_weekday_branch_operator' retrieved from /usr/local/lib/python3.8/site-packages/airflow/example_dags/example_branch_day_of_week_operator.py
[2024-03-13T11:29:22.000+0200] {logging_mixin.py:188} INFO - [2024-03-13T11:29:21.999+0200] {dag.py:3047} INFO - Sync 1 DAGs
[2024-03-13T11:29:22.033+0200] {logging_mixin.py:188} INFO - [2024-03-13T11:29:22.033+0200] {dag.py:3834} INFO - Setting next_dagrun for example_weekday_branch_operator to 2024-03-12 00:00:00+00:00, run_after=2024-03-13 00:00:00+00:00
[2024-03-13T11:29:22.047+0200] {processor.py:183} INFO - Processing /usr/local/lib/python3.8/site-packages/airflow/example_dags/example_branch_day_of_week_operator.py took 0.202 seconds
[2024-03-13T11:30:17.042+0200] {processor.py:161} INFO - Started process (PID=6107) to work on /usr/local/lib/python3.8/site-packages/airflow/example_dags/example_branch_day_of_week_operator.py
[2024-03-13T11:30:17.043+0200] {processor.py:830} INFO - Processing file /usr/local/lib/python3.8/site-packages/airflow/example_dags/example_branch_day_of_week_operator.py for tasks to queue
[2024-03-13T11:30:17.043+0200] {logging_mixin.py:188} INFO - [2024-03-13T11:30:17.043+0200] {dagbag.py:540} INFO - Filling up the DagBag from /usr/local/lib/python3.8/site-packages/airflow/example_dags/example_branch_day_of_week_operator.py
[2024-03-13T11:30:17.052+0200] {processor.py:840} INFO - DAG(s) 'example_weekday_branch_operator' retrieved from /usr/local/lib/python3.8/site-packages/airflow/example_dags/example_branch_day_of_week_operator.py
[2024-03-13T11:30:17.189+0200] {logging_mixin.py:188} INFO - [2024-03-13T11:30:17.189+0200] {dag.py:3047} INFO - Sync 1 DAGs
[2024-03-13T11:30:17.224+0200] {logging_mixin.py:188} INFO - [2024-03-13T11:30:17.224+0200] {dag.py:3834} INFO - Setting next_dagrun for example_weekday_branch_operator to 2024-03-12 00:00:00+00:00, run_after=2024-03-13 00:00:00+00:00
[2024-03-13T11:30:17.238+0200] {processor.py:183} INFO - Processing /usr/local/lib/python3.8/site-packages/airflow/example_dags/example_branch_day_of_week_operator.py took 0.198 seconds
[2024-03-13T11:31:12.644+0200] {processor.py:161} INFO - Started process (PID=6327) to work on /usr/local/lib/python3.8/site-packages/airflow/example_dags/example_branch_day_of_week_operator.py
[2024-03-13T11:31:12.644+0200] {processor.py:830} INFO - Processing file /usr/local/lib/python3.8/site-packages/airflow/example_dags/example_branch_day_of_week_operator.py for tasks to queue
[2024-03-13T11:31:12.645+0200] {logging_mixin.py:188} INFO - [2024-03-13T11:31:12.645+0200] {dagbag.py:540} INFO - Filling up the DagBag from /usr/local/lib/python3.8/site-packages/airflow/example_dags/example_branch_day_of_week_operator.py
[2024-03-13T11:31:12.653+0200] {processor.py:840} INFO - DAG(s) 'example_weekday_branch_operator' retrieved from /usr/local/lib/python3.8/site-packages/airflow/example_dags/example_branch_day_of_week_operator.py
[2024-03-13T11:31:12.798+0200] {logging_mixin.py:188} INFO - [2024-03-13T11:31:12.798+0200] {dag.py:3047} INFO - Sync 1 DAGs
[2024-03-13T11:31:12.831+0200] {logging_mixin.py:188} INFO - [2024-03-13T11:31:12.830+0200] {dag.py:3834} INFO - Setting next_dagrun for example_weekday_branch_operator to 2024-03-12 00:00:00+00:00, run_after=2024-03-13 00:00:00+00:00
[2024-03-13T11:31:12.845+0200] {processor.py:183} INFO - Processing /usr/local/lib/python3.8/site-packages/airflow/example_dags/example_branch_day_of_week_operator.py took 0.202 seconds
[2024-03-13T11:32:09.270+0200] {processor.py:161} INFO - Started process (PID=6557) to work on /usr/local/lib/python3.8/site-packages/airflow/example_dags/example_branch_day_of_week_operator.py
[2024-03-13T11:32:09.271+0200] {processor.py:830} INFO - Processing file /usr/local/lib/python3.8/site-packages/airflow/example_dags/example_branch_day_of_week_operator.py for tasks to queue
[2024-03-13T11:32:09.272+0200] {logging_mixin.py:188} INFO - [2024-03-13T11:32:09.272+0200] {dagbag.py:540} INFO - Filling up the DagBag from /usr/local/lib/python3.8/site-packages/airflow/example_dags/example_branch_day_of_week_operator.py
[2024-03-13T11:32:09.280+0200] {processor.py:840} INFO - DAG(s) 'example_weekday_branch_operator' retrieved from /usr/local/lib/python3.8/site-packages/airflow/example_dags/example_branch_day_of_week_operator.py
[2024-03-13T11:32:09.440+0200] {logging_mixin.py:188} INFO - [2024-03-13T11:32:09.440+0200] {dag.py:3047} INFO - Sync 1 DAGs
[2024-03-13T11:32:09.473+0200] {logging_mixin.py:188} INFO - [2024-03-13T11:32:09.473+0200] {dag.py:3834} INFO - Setting next_dagrun for example_weekday_branch_operator to 2024-03-12 00:00:00+00:00, run_after=2024-03-13 00:00:00+00:00
[2024-03-13T11:32:09.487+0200] {processor.py:183} INFO - Processing /usr/local/lib/python3.8/site-packages/airflow/example_dags/example_branch_day_of_week_operator.py took 0.218 seconds
[2024-03-13T11:33:06.501+0200] {processor.py:161} INFO - Started process (PID=6781) to work on /usr/local/lib/python3.8/site-packages/airflow/example_dags/example_branch_day_of_week_operator.py
[2024-03-13T11:33:06.502+0200] {processor.py:830} INFO - Processing file /usr/local/lib/python3.8/site-packages/airflow/example_dags/example_branch_day_of_week_operator.py for tasks to queue
[2024-03-13T11:33:06.503+0200] {logging_mixin.py:188} INFO - [2024-03-13T11:33:06.502+0200] {dagbag.py:540} INFO - Filling up the DagBag from /usr/local/lib/python3.8/site-packages/airflow/example_dags/example_branch_day_of_week_operator.py
[2024-03-13T11:33:06.513+0200] {processor.py:840} INFO - DAG(s) 'example_weekday_branch_operator' retrieved from /usr/local/lib/python3.8/site-packages/airflow/example_dags/example_branch_day_of_week_operator.py
[2024-03-13T11:33:06.669+0200] {logging_mixin.py:188} INFO - [2024-03-13T11:33:06.668+0200] {dag.py:3047} INFO - Sync 1 DAGs
[2024-03-13T11:33:06.688+0200] {logging_mixin.py:188} INFO - [2024-03-13T11:33:06.688+0200] {dag.py:3834} INFO - Setting next_dagrun for example_weekday_branch_operator to 2024-03-12 00:00:00+00:00, run_after=2024-03-13 00:00:00+00:00
[2024-03-13T11:33:06.720+0200] {processor.py:183} INFO - Processing /usr/local/lib/python3.8/site-packages/airflow/example_dags/example_branch_day_of_week_operator.py took 0.221 seconds
[2024-03-13T11:34:02.696+0200] {processor.py:161} INFO - Started process (PID=7014) to work on /usr/local/lib/python3.8/site-packages/airflow/example_dags/example_branch_day_of_week_operator.py
[2024-03-13T11:34:02.697+0200] {processor.py:830} INFO - Processing file /usr/local/lib/python3.8/site-packages/airflow/example_dags/example_branch_day_of_week_operator.py for tasks to queue
[2024-03-13T11:34:02.698+0200] {logging_mixin.py:188} INFO - [2024-03-13T11:34:02.698+0200] {dagbag.py:540} INFO - Filling up the DagBag from /usr/local/lib/python3.8/site-packages/airflow/example_dags/example_branch_day_of_week_operator.py
[2024-03-13T11:34:02.706+0200] {processor.py:840} INFO - DAG(s) 'example_weekday_branch_operator' retrieved from /usr/local/lib/python3.8/site-packages/airflow/example_dags/example_branch_day_of_week_operator.py
[2024-03-13T11:34:02.841+0200] {logging_mixin.py:188} INFO - [2024-03-13T11:34:02.841+0200] {dag.py:3047} INFO - Sync 1 DAGs
[2024-03-13T11:34:02.873+0200] {logging_mixin.py:188} INFO - [2024-03-13T11:34:02.873+0200] {dag.py:3834} INFO - Setting next_dagrun for example_weekday_branch_operator to 2024-03-12 00:00:00+00:00, run_after=2024-03-13 00:00:00+00:00
[2024-03-13T11:34:02.888+0200] {processor.py:183} INFO - Processing /usr/local/lib/python3.8/site-packages/airflow/example_dags/example_branch_day_of_week_operator.py took 0.193 seconds
[2024-03-13T11:34:58.119+0200] {processor.py:161} INFO - Started process (PID=7236) to work on /usr/local/lib/python3.8/site-packages/airflow/example_dags/example_branch_day_of_week_operator.py
[2024-03-13T11:34:58.137+0200] {processor.py:830} INFO - Processing file /usr/local/lib/python3.8/site-packages/airflow/example_dags/example_branch_day_of_week_operator.py for tasks to queue
[2024-03-13T11:34:58.138+0200] {logging_mixin.py:188} INFO - [2024-03-13T11:34:58.137+0200] {dagbag.py:540} INFO - Filling up the DagBag from /usr/local/lib/python3.8/site-packages/airflow/example_dags/example_branch_day_of_week_operator.py
[2024-03-13T11:34:58.146+0200] {processor.py:840} INFO - DAG(s) 'example_weekday_branch_operator' retrieved from /usr/local/lib/python3.8/site-packages/airflow/example_dags/example_branch_day_of_week_operator.py
[2024-03-13T11:34:58.288+0200] {logging_mixin.py:188} INFO - [2024-03-13T11:34:58.288+0200] {dag.py:3047} INFO - Sync 1 DAGs
[2024-03-13T11:34:58.322+0200] {logging_mixin.py:188} INFO - [2024-03-13T11:34:58.322+0200] {dag.py:3834} INFO - Setting next_dagrun for example_weekday_branch_operator to 2024-03-12 00:00:00+00:00, run_after=2024-03-13 00:00:00+00:00
[2024-03-13T11:34:58.336+0200] {processor.py:183} INFO - Processing /usr/local/lib/python3.8/site-packages/airflow/example_dags/example_branch_day_of_week_operator.py took 0.219 seconds
