[2024-03-13T11:09:49.627+0200] {processor.py:161} INFO - Started process (PID=1979) to work on /usr/local/lib/python3.8/site-packages/airflow/example_dags/example_branch_python_dop_operator_3.py
[2024-03-13T11:09:49.628+0200] {processor.py:830} INFO - Processing file /usr/local/lib/python3.8/site-packages/airflow/example_dags/example_branch_python_dop_operator_3.py for tasks to queue
[2024-03-13T11:09:49.628+0200] {logging_mixin.py:188} INFO - [2024-03-13T11:09:49.628+0200] {dagbag.py:540} INFO - Filling up the DagBag from /usr/local/lib/python3.8/site-packages/airflow/example_dags/example_branch_python_dop_operator_3.py
[2024-03-13T11:09:49.661+0200] {processor.py:840} INFO - DAG(s) 'example_branch_dop_operator_v3' retrieved from /usr/local/lib/python3.8/site-packages/airflow/example_dags/example_branch_python_dop_operator_3.py
[2024-03-13T11:09:49.876+0200] {logging_mixin.py:188} INFO - [2024-03-13T11:09:49.876+0200] {override.py:1769} INFO - Created Permission View: can read on DAG:example_branch_dop_operator_v3
[2024-03-13T11:09:49.882+0200] {logging_mixin.py:188} INFO - [2024-03-13T11:09:49.882+0200] {override.py:1769} INFO - Created Permission View: can edit on DAG:example_branch_dop_operator_v3
[2024-03-13T11:09:49.886+0200] {logging_mixin.py:188} INFO - [2024-03-13T11:09:49.886+0200] {override.py:1769} INFO - Created Permission View: can delete on DAG:example_branch_dop_operator_v3
[2024-03-13T11:09:49.887+0200] {logging_mixin.py:188} INFO - [2024-03-13T11:09:49.886+0200] {dag.py:3047} INFO - Sync 1 DAGs
[2024-03-13T11:09:49.895+0200] {logging_mixin.py:188} INFO - [2024-03-13T11:09:49.895+0200] {dag.py:3069} INFO - Creating ORM DAG for example_branch_dop_operator_v3
[2024-03-13T11:09:49.906+0200] {logging_mixin.py:188} INFO - [2024-03-13T11:09:49.905+0200] {dag.py:3834} INFO - Setting next_dagrun for example_branch_dop_operator_v3 to 2024-03-13 09:08:00+00:00, run_after=2024-03-13 09:09:00+00:00
[2024-03-13T11:09:49.918+0200] {processor.py:183} INFO - Processing /usr/local/lib/python3.8/site-packages/airflow/example_dags/example_branch_python_dop_operator_3.py took 0.293 seconds
[2024-03-13T11:10:44.428+0200] {processor.py:161} INFO - Started process (PID=2179) to work on /usr/local/lib/python3.8/site-packages/airflow/example_dags/example_branch_python_dop_operator_3.py
[2024-03-13T11:10:44.429+0200] {processor.py:830} INFO - Processing file /usr/local/lib/python3.8/site-packages/airflow/example_dags/example_branch_python_dop_operator_3.py for tasks to queue
[2024-03-13T11:10:44.429+0200] {logging_mixin.py:188} INFO - [2024-03-13T11:10:44.429+0200] {dagbag.py:540} INFO - Filling up the DagBag from /usr/local/lib/python3.8/site-packages/airflow/example_dags/example_branch_python_dop_operator_3.py
[2024-03-13T11:10:44.460+0200] {processor.py:840} INFO - DAG(s) 'example_branch_dop_operator_v3' retrieved from /usr/local/lib/python3.8/site-packages/airflow/example_dags/example_branch_python_dop_operator_3.py
[2024-03-13T11:10:44.603+0200] {logging_mixin.py:188} INFO - [2024-03-13T11:10:44.603+0200] {dag.py:3047} INFO - Sync 1 DAGs
[2024-03-13T11:10:44.626+0200] {logging_mixin.py:188} INFO - [2024-03-13T11:10:44.626+0200] {dag.py:3834} INFO - Setting next_dagrun for example_branch_dop_operator_v3 to 2024-03-13 09:09:00+00:00, run_after=2024-03-13 09:10:00+00:00
[2024-03-13T11:10:44.640+0200] {processor.py:183} INFO - Processing /usr/local/lib/python3.8/site-packages/airflow/example_dags/example_branch_python_dop_operator_3.py took 0.213 seconds
[2024-03-13T11:11:39.372+0200] {processor.py:161} INFO - Started process (PID=2395) to work on /usr/local/lib/python3.8/site-packages/airflow/example_dags/example_branch_python_dop_operator_3.py
[2024-03-13T11:11:39.373+0200] {processor.py:830} INFO - Processing file /usr/local/lib/python3.8/site-packages/airflow/example_dags/example_branch_python_dop_operator_3.py for tasks to queue
[2024-03-13T11:11:39.374+0200] {logging_mixin.py:188} INFO - [2024-03-13T11:11:39.374+0200] {dagbag.py:540} INFO - Filling up the DagBag from /usr/local/lib/python3.8/site-packages/airflow/example_dags/example_branch_python_dop_operator_3.py
[2024-03-13T11:11:39.409+0200] {processor.py:840} INFO - DAG(s) 'example_branch_dop_operator_v3' retrieved from /usr/local/lib/python3.8/site-packages/airflow/example_dags/example_branch_python_dop_operator_3.py
[2024-03-13T11:11:39.560+0200] {logging_mixin.py:188} INFO - [2024-03-13T11:11:39.559+0200] {dag.py:3047} INFO - Sync 1 DAGs
[2024-03-13T11:11:39.584+0200] {logging_mixin.py:188} INFO - [2024-03-13T11:11:39.584+0200] {dag.py:3834} INFO - Setting next_dagrun for example_branch_dop_operator_v3 to 2024-03-13 09:10:00+00:00, run_after=2024-03-13 09:11:00+00:00
[2024-03-13T11:11:39.598+0200] {processor.py:183} INFO - Processing /usr/local/lib/python3.8/site-packages/airflow/example_dags/example_branch_python_dop_operator_3.py took 0.227 seconds
[2024-03-13T11:12:29.742+0200] {processor.py:161} INFO - Started process (PID=2583) to work on /usr/local/lib/python3.8/site-packages/airflow/example_dags/example_branch_python_dop_operator_3.py
[2024-03-13T11:12:29.743+0200] {processor.py:830} INFO - Processing file /usr/local/lib/python3.8/site-packages/airflow/example_dags/example_branch_python_dop_operator_3.py for tasks to queue
[2024-03-13T11:12:29.744+0200] {logging_mixin.py:188} INFO - [2024-03-13T11:12:29.743+0200] {dagbag.py:540} INFO - Filling up the DagBag from /usr/local/lib/python3.8/site-packages/airflow/example_dags/example_branch_python_dop_operator_3.py
[2024-03-13T11:12:29.784+0200] {processor.py:840} INFO - DAG(s) 'example_branch_dop_operator_v3' retrieved from /usr/local/lib/python3.8/site-packages/airflow/example_dags/example_branch_python_dop_operator_3.py
[2024-03-13T11:12:29.952+0200] {logging_mixin.py:188} INFO - [2024-03-13T11:12:29.951+0200] {dag.py:3047} INFO - Sync 1 DAGs
[2024-03-13T11:12:29.977+0200] {logging_mixin.py:188} INFO - [2024-03-13T11:12:29.976+0200] {dag.py:3834} INFO - Setting next_dagrun for example_branch_dop_operator_v3 to 2024-03-13 09:11:00+00:00, run_after=2024-03-13 09:12:00+00:00
[2024-03-13T11:12:29.993+0200] {processor.py:183} INFO - Processing /usr/local/lib/python3.8/site-packages/airflow/example_dags/example_branch_python_dop_operator_3.py took 0.253 seconds
[2024-03-13T11:18:35.842+0200] {processor.py:161} INFO - Started process (PID=3429) to work on /usr/local/lib/python3.8/site-packages/airflow/example_dags/example_branch_python_dop_operator_3.py
[2024-03-13T11:18:35.843+0200] {processor.py:830} INFO - Processing file /usr/local/lib/python3.8/site-packages/airflow/example_dags/example_branch_python_dop_operator_3.py for tasks to queue
[2024-03-13T11:18:35.844+0200] {logging_mixin.py:188} INFO - [2024-03-13T11:18:35.843+0200] {dagbag.py:540} INFO - Filling up the DagBag from /usr/local/lib/python3.8/site-packages/airflow/example_dags/example_branch_python_dop_operator_3.py
[2024-03-13T11:18:35.879+0200] {processor.py:840} INFO - DAG(s) 'example_branch_dop_operator_v3' retrieved from /usr/local/lib/python3.8/site-packages/airflow/example_dags/example_branch_python_dop_operator_3.py
[2024-03-13T11:18:36.030+0200] {logging_mixin.py:188} INFO - [2024-03-13T11:18:36.030+0200] {dag.py:3047} INFO - Sync 1 DAGs
[2024-03-13T11:18:36.058+0200] {logging_mixin.py:188} INFO - [2024-03-13T11:18:36.058+0200] {dag.py:3834} INFO - Setting next_dagrun for example_branch_dop_operator_v3 to 2024-03-13 09:17:00+00:00, run_after=2024-03-13 09:18:00+00:00
[2024-03-13T11:18:36.074+0200] {processor.py:183} INFO - Processing /usr/local/lib/python3.8/site-packages/airflow/example_dags/example_branch_python_dop_operator_3.py took 0.233 seconds
[2024-03-13T11:19:28.290+0200] {processor.py:161} INFO - Started process (PID=3621) to work on /usr/local/lib/python3.8/site-packages/airflow/example_dags/example_branch_python_dop_operator_3.py
[2024-03-13T11:19:28.291+0200] {processor.py:830} INFO - Processing file /usr/local/lib/python3.8/site-packages/airflow/example_dags/example_branch_python_dop_operator_3.py for tasks to queue
[2024-03-13T11:19:28.292+0200] {logging_mixin.py:188} INFO - [2024-03-13T11:19:28.292+0200] {dagbag.py:540} INFO - Filling up the DagBag from /usr/local/lib/python3.8/site-packages/airflow/example_dags/example_branch_python_dop_operator_3.py
[2024-03-13T11:19:28.328+0200] {processor.py:840} INFO - DAG(s) 'example_branch_dop_operator_v3' retrieved from /usr/local/lib/python3.8/site-packages/airflow/example_dags/example_branch_python_dop_operator_3.py
[2024-03-13T11:19:28.522+0200] {logging_mixin.py:188} INFO - [2024-03-13T11:19:28.522+0200] {dag.py:3047} INFO - Sync 1 DAGs
[2024-03-13T11:19:28.551+0200] {logging_mixin.py:188} INFO - [2024-03-13T11:19:28.551+0200] {dag.py:3834} INFO - Setting next_dagrun for example_branch_dop_operator_v3 to 2024-03-13 09:18:00+00:00, run_after=2024-03-13 09:19:00+00:00
[2024-03-13T11:19:28.567+0200] {processor.py:183} INFO - Processing /usr/local/lib/python3.8/site-packages/airflow/example_dags/example_branch_python_dop_operator_3.py took 0.278 seconds
[2024-03-13T11:20:27.781+0200] {processor.py:161} INFO - Started process (PID=3851) to work on /usr/local/lib/python3.8/site-packages/airflow/example_dags/example_branch_python_dop_operator_3.py
[2024-03-13T11:20:27.782+0200] {processor.py:830} INFO - Processing file /usr/local/lib/python3.8/site-packages/airflow/example_dags/example_branch_python_dop_operator_3.py for tasks to queue
[2024-03-13T11:20:27.783+0200] {logging_mixin.py:188} INFO - [2024-03-13T11:20:27.783+0200] {dagbag.py:540} INFO - Filling up the DagBag from /usr/local/lib/python3.8/site-packages/airflow/example_dags/example_branch_python_dop_operator_3.py
[2024-03-13T11:20:27.820+0200] {processor.py:840} INFO - DAG(s) 'example_branch_dop_operator_v3' retrieved from /usr/local/lib/python3.8/site-packages/airflow/example_dags/example_branch_python_dop_operator_3.py
[2024-03-13T11:20:27.985+0200] {logging_mixin.py:188} INFO - [2024-03-13T11:20:27.984+0200] {dag.py:3047} INFO - Sync 1 DAGs
[2024-03-13T11:20:28.013+0200] {logging_mixin.py:188} INFO - [2024-03-13T11:20:28.013+0200] {dag.py:3834} INFO - Setting next_dagrun for example_branch_dop_operator_v3 to 2024-03-13 09:19:00+00:00, run_after=2024-03-13 09:20:00+00:00
[2024-03-13T11:20:28.047+0200] {processor.py:183} INFO - Processing /usr/local/lib/python3.8/site-packages/airflow/example_dags/example_branch_python_dop_operator_3.py took 0.266 seconds
[2024-03-13T11:21:21.716+0200] {processor.py:161} INFO - Started process (PID=4068) to work on /usr/local/lib/python3.8/site-packages/airflow/example_dags/example_branch_python_dop_operator_3.py
[2024-03-13T11:21:21.716+0200] {processor.py:830} INFO - Processing file /usr/local/lib/python3.8/site-packages/airflow/example_dags/example_branch_python_dop_operator_3.py for tasks to queue
[2024-03-13T11:21:21.717+0200] {logging_mixin.py:188} INFO - [2024-03-13T11:21:21.717+0200] {dagbag.py:540} INFO - Filling up the DagBag from /usr/local/lib/python3.8/site-packages/airflow/example_dags/example_branch_python_dop_operator_3.py
[2024-03-13T11:21:21.746+0200] {processor.py:840} INFO - DAG(s) 'example_branch_dop_operator_v3' retrieved from /usr/local/lib/python3.8/site-packages/airflow/example_dags/example_branch_python_dop_operator_3.py
[2024-03-13T11:21:21.893+0200] {logging_mixin.py:188} INFO - [2024-03-13T11:21:21.893+0200] {dag.py:3047} INFO - Sync 1 DAGs
[2024-03-13T11:21:21.920+0200] {logging_mixin.py:188} INFO - [2024-03-13T11:21:21.919+0200] {dag.py:3834} INFO - Setting next_dagrun for example_branch_dop_operator_v3 to 2024-03-13 09:20:00+00:00, run_after=2024-03-13 09:21:00+00:00
[2024-03-13T11:21:21.952+0200] {processor.py:183} INFO - Processing /usr/local/lib/python3.8/site-packages/airflow/example_dags/example_branch_python_dop_operator_3.py took 0.238 seconds
[2024-03-13T11:22:08.969+0200] {processor.py:161} INFO - Started process (PID=4257) to work on /usr/local/lib/python3.8/site-packages/airflow/example_dags/example_branch_python_dop_operator_3.py
[2024-03-13T11:22:08.969+0200] {processor.py:830} INFO - Processing file /usr/local/lib/python3.8/site-packages/airflow/example_dags/example_branch_python_dop_operator_3.py for tasks to queue
[2024-03-13T11:22:08.970+0200] {logging_mixin.py:188} INFO - [2024-03-13T11:22:08.970+0200] {dagbag.py:540} INFO - Filling up the DagBag from /usr/local/lib/python3.8/site-packages/airflow/example_dags/example_branch_python_dop_operator_3.py
[2024-03-13T11:22:09.008+0200] {processor.py:840} INFO - DAG(s) 'example_branch_dop_operator_v3' retrieved from /usr/local/lib/python3.8/site-packages/airflow/example_dags/example_branch_python_dop_operator_3.py
[2024-03-13T11:22:09.188+0200] {logging_mixin.py:188} INFO - [2024-03-13T11:22:09.188+0200] {dag.py:3047} INFO - Sync 1 DAGs
[2024-03-13T11:22:09.217+0200] {logging_mixin.py:188} INFO - [2024-03-13T11:22:09.217+0200] {dag.py:3834} INFO - Setting next_dagrun for example_branch_dop_operator_v3 to 2024-03-13 09:21:00+00:00, run_after=2024-03-13 09:22:00+00:00
[2024-03-13T11:22:09.253+0200] {processor.py:183} INFO - Processing /usr/local/lib/python3.8/site-packages/airflow/example_dags/example_branch_python_dop_operator_3.py took 0.286 seconds
[2024-03-13T11:23:03.828+0200] {processor.py:161} INFO - Started process (PID=4460) to work on /usr/local/lib/python3.8/site-packages/airflow/example_dags/example_branch_python_dop_operator_3.py
[2024-03-13T11:23:03.830+0200] {processor.py:830} INFO - Processing file /usr/local/lib/python3.8/site-packages/airflow/example_dags/example_branch_python_dop_operator_3.py for tasks to queue
[2024-03-13T11:23:03.830+0200] {logging_mixin.py:188} INFO - [2024-03-13T11:23:03.830+0200] {dagbag.py:540} INFO - Filling up the DagBag from /usr/local/lib/python3.8/site-packages/airflow/example_dags/example_branch_python_dop_operator_3.py
[2024-03-13T11:23:03.867+0200] {processor.py:840} INFO - DAG(s) 'example_branch_dop_operator_v3' retrieved from /usr/local/lib/python3.8/site-packages/airflow/example_dags/example_branch_python_dop_operator_3.py
[2024-03-13T11:23:04.038+0200] {logging_mixin.py:188} INFO - [2024-03-13T11:23:04.037+0200] {dag.py:3047} INFO - Sync 1 DAGs
[2024-03-13T11:23:04.063+0200] {logging_mixin.py:188} INFO - [2024-03-13T11:23:04.063+0200] {dag.py:3834} INFO - Setting next_dagrun for example_branch_dop_operator_v3 to 2024-03-13 09:22:00+00:00, run_after=2024-03-13 09:23:00+00:00
[2024-03-13T11:23:04.097+0200] {processor.py:183} INFO - Processing /usr/local/lib/python3.8/site-packages/airflow/example_dags/example_branch_python_dop_operator_3.py took 0.270 seconds
[2024-03-13T11:24:00.297+0200] {processor.py:161} INFO - Started process (PID=4658) to work on /usr/local/lib/python3.8/site-packages/airflow/example_dags/example_branch_python_dop_operator_3.py
[2024-03-13T11:24:00.297+0200] {processor.py:830} INFO - Processing file /usr/local/lib/python3.8/site-packages/airflow/example_dags/example_branch_python_dop_operator_3.py for tasks to queue
[2024-03-13T11:24:00.298+0200] {logging_mixin.py:188} INFO - [2024-03-13T11:24:00.298+0200] {dagbag.py:540} INFO - Filling up the DagBag from /usr/local/lib/python3.8/site-packages/airflow/example_dags/example_branch_python_dop_operator_3.py
[2024-03-13T11:24:00.335+0200] {processor.py:840} INFO - DAG(s) 'example_branch_dop_operator_v3' retrieved from /usr/local/lib/python3.8/site-packages/airflow/example_dags/example_branch_python_dop_operator_3.py
[2024-03-13T11:24:00.497+0200] {logging_mixin.py:188} INFO - [2024-03-13T11:24:00.496+0200] {dag.py:3047} INFO - Sync 1 DAGs
[2024-03-13T11:24:00.521+0200] {logging_mixin.py:188} INFO - [2024-03-13T11:24:00.521+0200] {dag.py:3834} INFO - Setting next_dagrun for example_branch_dop_operator_v3 to 2024-03-13 09:23:00+00:00, run_after=2024-03-13 09:24:00+00:00
[2024-03-13T11:24:00.552+0200] {processor.py:183} INFO - Processing /usr/local/lib/python3.8/site-packages/airflow/example_dags/example_branch_python_dop_operator_3.py took 0.258 seconds
[2024-03-13T11:25:00.067+0200] {processor.py:161} INFO - Started process (PID=4880) to work on /usr/local/lib/python3.8/site-packages/airflow/example_dags/example_branch_python_dop_operator_3.py
[2024-03-13T11:25:00.068+0200] {processor.py:830} INFO - Processing file /usr/local/lib/python3.8/site-packages/airflow/example_dags/example_branch_python_dop_operator_3.py for tasks to queue
[2024-03-13T11:25:00.069+0200] {logging_mixin.py:188} INFO - [2024-03-13T11:25:00.069+0200] {dagbag.py:540} INFO - Filling up the DagBag from /usr/local/lib/python3.8/site-packages/airflow/example_dags/example_branch_python_dop_operator_3.py
[2024-03-13T11:25:00.098+0200] {processor.py:840} INFO - DAG(s) 'example_branch_dop_operator_v3' retrieved from /usr/local/lib/python3.8/site-packages/airflow/example_dags/example_branch_python_dop_operator_3.py
[2024-03-13T11:25:00.238+0200] {logging_mixin.py:188} INFO - [2024-03-13T11:25:00.237+0200] {dag.py:3047} INFO - Sync 1 DAGs
[2024-03-13T11:25:00.265+0200] {logging_mixin.py:188} INFO - [2024-03-13T11:25:00.264+0200] {dag.py:3834} INFO - Setting next_dagrun for example_branch_dop_operator_v3 to 2024-03-13 09:24:00+00:00, run_after=2024-03-13 09:25:00+00:00
[2024-03-13T11:25:00.297+0200] {processor.py:183} INFO - Processing /usr/local/lib/python3.8/site-packages/airflow/example_dags/example_branch_python_dop_operator_3.py took 0.231 seconds
[2024-03-13T11:25:50.444+0200] {processor.py:161} INFO - Started process (PID=5064) to work on /usr/local/lib/python3.8/site-packages/airflow/example_dags/example_branch_python_dop_operator_3.py
[2024-03-13T11:25:50.445+0200] {processor.py:830} INFO - Processing file /usr/local/lib/python3.8/site-packages/airflow/example_dags/example_branch_python_dop_operator_3.py for tasks to queue
[2024-03-13T11:25:50.445+0200] {logging_mixin.py:188} INFO - [2024-03-13T11:25:50.445+0200] {dagbag.py:540} INFO - Filling up the DagBag from /usr/local/lib/python3.8/site-packages/airflow/example_dags/example_branch_python_dop_operator_3.py
[2024-03-13T11:25:50.473+0200] {processor.py:840} INFO - DAG(s) 'example_branch_dop_operator_v3' retrieved from /usr/local/lib/python3.8/site-packages/airflow/example_dags/example_branch_python_dop_operator_3.py
[2024-03-13T11:25:50.608+0200] {logging_mixin.py:188} INFO - [2024-03-13T11:25:50.607+0200] {dag.py:3047} INFO - Sync 1 DAGs
[2024-03-13T11:25:50.647+0200] {logging_mixin.py:188} INFO - [2024-03-13T11:25:50.647+0200] {dag.py:3834} INFO - Setting next_dagrun for example_branch_dop_operator_v3 to 2024-03-13 09:24:00+00:00, run_after=2024-03-13 09:25:00+00:00
[2024-03-13T11:25:50.663+0200] {processor.py:183} INFO - Processing /usr/local/lib/python3.8/site-packages/airflow/example_dags/example_branch_python_dop_operator_3.py took 0.220 seconds
[2024-03-13T11:26:34.982+0200] {processor.py:161} INFO - Started process (PID=5241) to work on /usr/local/lib/python3.8/site-packages/airflow/example_dags/example_branch_python_dop_operator_3.py
[2024-03-13T11:26:34.983+0200] {processor.py:830} INFO - Processing file /usr/local/lib/python3.8/site-packages/airflow/example_dags/example_branch_python_dop_operator_3.py for tasks to queue
[2024-03-13T11:26:34.984+0200] {logging_mixin.py:188} INFO - [2024-03-13T11:26:34.984+0200] {dagbag.py:540} INFO - Filling up the DagBag from /usr/local/lib/python3.8/site-packages/airflow/example_dags/example_branch_python_dop_operator_3.py
[2024-03-13T11:26:35.023+0200] {processor.py:840} INFO - DAG(s) 'example_branch_dop_operator_v3' retrieved from /usr/local/lib/python3.8/site-packages/airflow/example_dags/example_branch_python_dop_operator_3.py
[2024-03-13T11:26:35.164+0200] {logging_mixin.py:188} INFO - [2024-03-13T11:26:35.164+0200] {dag.py:3047} INFO - Sync 1 DAGs
[2024-03-13T11:26:35.201+0200] {logging_mixin.py:188} INFO - [2024-03-13T11:26:35.200+0200] {dag.py:3834} INFO - Setting next_dagrun for example_branch_dop_operator_v3 to 2024-03-13 09:25:00+00:00, run_after=2024-03-13 09:26:00+00:00
[2024-03-13T11:26:35.214+0200] {processor.py:183} INFO - Processing /usr/local/lib/python3.8/site-packages/airflow/example_dags/example_branch_python_dop_operator_3.py took 0.234 seconds
[2024-03-13T11:27:28.356+0200] {processor.py:161} INFO - Started process (PID=5445) to work on /usr/local/lib/python3.8/site-packages/airflow/example_dags/example_branch_python_dop_operator_3.py
[2024-03-13T11:27:28.357+0200] {processor.py:830} INFO - Processing file /usr/local/lib/python3.8/site-packages/airflow/example_dags/example_branch_python_dop_operator_3.py for tasks to queue
[2024-03-13T11:27:28.358+0200] {logging_mixin.py:188} INFO - [2024-03-13T11:27:28.357+0200] {dagbag.py:540} INFO - Filling up the DagBag from /usr/local/lib/python3.8/site-packages/airflow/example_dags/example_branch_python_dop_operator_3.py
[2024-03-13T11:27:28.387+0200] {processor.py:840} INFO - DAG(s) 'example_branch_dop_operator_v3' retrieved from /usr/local/lib/python3.8/site-packages/airflow/example_dags/example_branch_python_dop_operator_3.py
[2024-03-13T11:27:28.537+0200] {logging_mixin.py:188} INFO - [2024-03-13T11:27:28.537+0200] {dag.py:3047} INFO - Sync 1 DAGs
[2024-03-13T11:27:28.557+0200] {logging_mixin.py:188} INFO - [2024-03-13T11:27:28.557+0200] {dag.py:3834} INFO - Setting next_dagrun for example_branch_dop_operator_v3 to 2024-03-13 09:26:00+00:00, run_after=2024-03-13 09:27:00+00:00
[2024-03-13T11:27:28.588+0200] {processor.py:183} INFO - Processing /usr/local/lib/python3.8/site-packages/airflow/example_dags/example_branch_python_dop_operator_3.py took 0.233 seconds
[2024-03-13T11:28:14.250+0200] {processor.py:161} INFO - Started process (PID=5623) to work on /usr/local/lib/python3.8/site-packages/airflow/example_dags/example_branch_python_dop_operator_3.py
[2024-03-13T11:28:14.250+0200] {processor.py:830} INFO - Processing file /usr/local/lib/python3.8/site-packages/airflow/example_dags/example_branch_python_dop_operator_3.py for tasks to queue
[2024-03-13T11:28:14.251+0200] {logging_mixin.py:188} INFO - [2024-03-13T11:28:14.251+0200] {dagbag.py:540} INFO - Filling up the DagBag from /usr/local/lib/python3.8/site-packages/airflow/example_dags/example_branch_python_dop_operator_3.py
[2024-03-13T11:28:14.280+0200] {processor.py:840} INFO - DAG(s) 'example_branch_dop_operator_v3' retrieved from /usr/local/lib/python3.8/site-packages/airflow/example_dags/example_branch_python_dop_operator_3.py
[2024-03-13T11:28:14.415+0200] {logging_mixin.py:188} INFO - [2024-03-13T11:28:14.415+0200] {dag.py:3047} INFO - Sync 1 DAGs
[2024-03-13T11:28:14.451+0200] {logging_mixin.py:188} INFO - [2024-03-13T11:28:14.450+0200] {dag.py:3834} INFO - Setting next_dagrun for example_branch_dop_operator_v3 to 2024-03-13 09:27:00+00:00, run_after=2024-03-13 09:28:00+00:00
[2024-03-13T11:28:14.464+0200] {processor.py:183} INFO - Processing /usr/local/lib/python3.8/site-packages/airflow/example_dags/example_branch_python_dop_operator_3.py took 0.215 seconds
[2024-03-13T11:29:09.357+0200] {processor.py:161} INFO - Started process (PID=5847) to work on /usr/local/lib/python3.8/site-packages/airflow/example_dags/example_branch_python_dop_operator_3.py
[2024-03-13T11:29:09.359+0200] {processor.py:830} INFO - Processing file /usr/local/lib/python3.8/site-packages/airflow/example_dags/example_branch_python_dop_operator_3.py for tasks to queue
[2024-03-13T11:29:09.360+0200] {logging_mixin.py:188} INFO - [2024-03-13T11:29:09.359+0200] {dagbag.py:540} INFO - Filling up the DagBag from /usr/local/lib/python3.8/site-packages/airflow/example_dags/example_branch_python_dop_operator_3.py
[2024-03-13T11:29:09.389+0200] {processor.py:840} INFO - DAG(s) 'example_branch_dop_operator_v3' retrieved from /usr/local/lib/python3.8/site-packages/airflow/example_dags/example_branch_python_dop_operator_3.py
[2024-03-13T11:29:09.537+0200] {logging_mixin.py:188} INFO - [2024-03-13T11:29:09.537+0200] {dag.py:3047} INFO - Sync 1 DAGs
[2024-03-13T11:29:09.558+0200] {logging_mixin.py:188} INFO - [2024-03-13T11:29:09.557+0200] {dag.py:3834} INFO - Setting next_dagrun for example_branch_dop_operator_v3 to 2024-03-13 09:28:00+00:00, run_after=2024-03-13 09:29:00+00:00
[2024-03-13T11:29:09.588+0200] {processor.py:183} INFO - Processing /usr/local/lib/python3.8/site-packages/airflow/example_dags/example_branch_python_dop_operator_3.py took 0.231 seconds
[2024-03-13T11:30:04.421+0200] {processor.py:161} INFO - Started process (PID=6062) to work on /usr/local/lib/python3.8/site-packages/airflow/example_dags/example_branch_python_dop_operator_3.py
[2024-03-13T11:30:04.422+0200] {processor.py:830} INFO - Processing file /usr/local/lib/python3.8/site-packages/airflow/example_dags/example_branch_python_dop_operator_3.py for tasks to queue
[2024-03-13T11:30:04.422+0200] {logging_mixin.py:188} INFO - [2024-03-13T11:30:04.422+0200] {dagbag.py:540} INFO - Filling up the DagBag from /usr/local/lib/python3.8/site-packages/airflow/example_dags/example_branch_python_dop_operator_3.py
[2024-03-13T11:30:04.456+0200] {processor.py:840} INFO - DAG(s) 'example_branch_dop_operator_v3' retrieved from /usr/local/lib/python3.8/site-packages/airflow/example_dags/example_branch_python_dop_operator_3.py
[2024-03-13T11:30:04.594+0200] {logging_mixin.py:188} INFO - [2024-03-13T11:30:04.594+0200] {dag.py:3047} INFO - Sync 1 DAGs
[2024-03-13T11:30:04.627+0200] {logging_mixin.py:188} INFO - [2024-03-13T11:30:04.627+0200] {dag.py:3834} INFO - Setting next_dagrun for example_branch_dop_operator_v3 to 2024-03-13 09:29:00+00:00, run_after=2024-03-13 09:30:00+00:00
[2024-03-13T11:30:04.639+0200] {processor.py:183} INFO - Processing /usr/local/lib/python3.8/site-packages/airflow/example_dags/example_branch_python_dop_operator_3.py took 0.220 seconds
[2024-03-13T11:30:58.966+0200] {processor.py:161} INFO - Started process (PID=6276) to work on /usr/local/lib/python3.8/site-packages/airflow/example_dags/example_branch_python_dop_operator_3.py
[2024-03-13T11:30:58.967+0200] {processor.py:830} INFO - Processing file /usr/local/lib/python3.8/site-packages/airflow/example_dags/example_branch_python_dop_operator_3.py for tasks to queue
[2024-03-13T11:30:58.967+0200] {logging_mixin.py:188} INFO - [2024-03-13T11:30:58.967+0200] {dagbag.py:540} INFO - Filling up the DagBag from /usr/local/lib/python3.8/site-packages/airflow/example_dags/example_branch_python_dop_operator_3.py
[2024-03-13T11:30:59.001+0200] {processor.py:840} INFO - DAG(s) 'example_branch_dop_operator_v3' retrieved from /usr/local/lib/python3.8/site-packages/airflow/example_dags/example_branch_python_dop_operator_3.py
[2024-03-13T11:30:59.141+0200] {logging_mixin.py:188} INFO - [2024-03-13T11:30:59.141+0200] {dag.py:3047} INFO - Sync 1 DAGs
[2024-03-13T11:30:59.176+0200] {logging_mixin.py:188} INFO - [2024-03-13T11:30:59.176+0200] {dag.py:3834} INFO - Setting next_dagrun for example_branch_dop_operator_v3 to 2024-03-13 09:29:00+00:00, run_after=2024-03-13 09:30:00+00:00
[2024-03-13T11:30:59.189+0200] {processor.py:183} INFO - Processing /usr/local/lib/python3.8/site-packages/airflow/example_dags/example_branch_python_dop_operator_3.py took 0.225 seconds
[2024-03-13T11:31:55.216+0200] {processor.py:161} INFO - Started process (PID=6496) to work on /usr/local/lib/python3.8/site-packages/airflow/example_dags/example_branch_python_dop_operator_3.py
[2024-03-13T11:31:55.217+0200] {processor.py:830} INFO - Processing file /usr/local/lib/python3.8/site-packages/airflow/example_dags/example_branch_python_dop_operator_3.py for tasks to queue
[2024-03-13T11:31:55.217+0200] {logging_mixin.py:188} INFO - [2024-03-13T11:31:55.217+0200] {dagbag.py:540} INFO - Filling up the DagBag from /usr/local/lib/python3.8/site-packages/airflow/example_dags/example_branch_python_dop_operator_3.py
[2024-03-13T11:31:55.251+0200] {processor.py:840} INFO - DAG(s) 'example_branch_dop_operator_v3' retrieved from /usr/local/lib/python3.8/site-packages/airflow/example_dags/example_branch_python_dop_operator_3.py
[2024-03-13T11:31:55.390+0200] {logging_mixin.py:188} INFO - [2024-03-13T11:31:55.390+0200] {dag.py:3047} INFO - Sync 1 DAGs
[2024-03-13T11:31:55.426+0200] {logging_mixin.py:188} INFO - [2024-03-13T11:31:55.426+0200] {dag.py:3834} INFO - Setting next_dagrun for example_branch_dop_operator_v3 to 2024-03-13 09:30:00+00:00, run_after=2024-03-13 09:31:00+00:00
[2024-03-13T11:31:55.438+0200] {processor.py:183} INFO - Processing /usr/local/lib/python3.8/site-packages/airflow/example_dags/example_branch_python_dop_operator_3.py took 0.224 seconds
[2024-03-13T11:32:51.582+0200] {processor.py:161} INFO - Started process (PID=6722) to work on /usr/local/lib/python3.8/site-packages/airflow/example_dags/example_branch_python_dop_operator_3.py
[2024-03-13T11:32:51.583+0200] {processor.py:830} INFO - Processing file /usr/local/lib/python3.8/site-packages/airflow/example_dags/example_branch_python_dop_operator_3.py for tasks to queue
[2024-03-13T11:32:51.583+0200] {logging_mixin.py:188} INFO - [2024-03-13T11:32:51.583+0200] {dagbag.py:540} INFO - Filling up the DagBag from /usr/local/lib/python3.8/site-packages/airflow/example_dags/example_branch_python_dop_operator_3.py
[2024-03-13T11:32:51.613+0200] {processor.py:840} INFO - DAG(s) 'example_branch_dop_operator_v3' retrieved from /usr/local/lib/python3.8/site-packages/airflow/example_dags/example_branch_python_dop_operator_3.py
[2024-03-13T11:32:51.770+0200] {logging_mixin.py:188} INFO - [2024-03-13T11:32:51.769+0200] {dag.py:3047} INFO - Sync 1 DAGs
[2024-03-13T11:32:51.797+0200] {logging_mixin.py:188} INFO - [2024-03-13T11:32:51.797+0200] {dag.py:3834} INFO - Setting next_dagrun for example_branch_dop_operator_v3 to 2024-03-13 09:31:00+00:00, run_after=2024-03-13 09:32:00+00:00
[2024-03-13T11:32:51.836+0200] {processor.py:183} INFO - Processing /usr/local/lib/python3.8/site-packages/airflow/example_dags/example_branch_python_dop_operator_3.py took 0.255 seconds
[2024-03-13T11:33:48.184+0200] {processor.py:161} INFO - Started process (PID=6959) to work on /usr/local/lib/python3.8/site-packages/airflow/example_dags/example_branch_python_dop_operator_3.py
[2024-03-13T11:33:48.185+0200] {processor.py:830} INFO - Processing file /usr/local/lib/python3.8/site-packages/airflow/example_dags/example_branch_python_dop_operator_3.py for tasks to queue
[2024-03-13T11:33:48.185+0200] {logging_mixin.py:188} INFO - [2024-03-13T11:33:48.185+0200] {dagbag.py:540} INFO - Filling up the DagBag from /usr/local/lib/python3.8/site-packages/airflow/example_dags/example_branch_python_dop_operator_3.py
[2024-03-13T11:33:48.224+0200] {processor.py:840} INFO - DAG(s) 'example_branch_dop_operator_v3' retrieved from /usr/local/lib/python3.8/site-packages/airflow/example_dags/example_branch_python_dop_operator_3.py
[2024-03-13T11:33:48.391+0200] {logging_mixin.py:188} INFO - [2024-03-13T11:33:48.390+0200] {dag.py:3047} INFO - Sync 1 DAGs
[2024-03-13T11:33:48.436+0200] {logging_mixin.py:188} INFO - [2024-03-13T11:33:48.436+0200] {dag.py:3834} INFO - Setting next_dagrun for example_branch_dop_operator_v3 to 2024-03-13 09:32:00+00:00, run_after=2024-03-13 09:33:00+00:00
[2024-03-13T11:33:48.471+0200] {processor.py:183} INFO - Processing /usr/local/lib/python3.8/site-packages/airflow/example_dags/example_branch_python_dop_operator_3.py took 0.289 seconds
[2024-03-13T11:34:44.090+0200] {processor.py:161} INFO - Started process (PID=7181) to work on /usr/local/lib/python3.8/site-packages/airflow/example_dags/example_branch_python_dop_operator_3.py
[2024-03-13T11:34:44.091+0200] {processor.py:830} INFO - Processing file /usr/local/lib/python3.8/site-packages/airflow/example_dags/example_branch_python_dop_operator_3.py for tasks to queue
[2024-03-13T11:34:44.092+0200] {logging_mixin.py:188} INFO - [2024-03-13T11:34:44.092+0200] {dagbag.py:540} INFO - Filling up the DagBag from /usr/local/lib/python3.8/site-packages/airflow/example_dags/example_branch_python_dop_operator_3.py
[2024-03-13T11:34:44.120+0200] {processor.py:840} INFO - DAG(s) 'example_branch_dop_operator_v3' retrieved from /usr/local/lib/python3.8/site-packages/airflow/example_dags/example_branch_python_dop_operator_3.py
[2024-03-13T11:34:44.268+0200] {logging_mixin.py:188} INFO - [2024-03-13T11:34:44.268+0200] {dag.py:3047} INFO - Sync 1 DAGs
[2024-03-13T11:34:44.291+0200] {logging_mixin.py:188} INFO - [2024-03-13T11:34:44.291+0200] {dag.py:3834} INFO - Setting next_dagrun for example_branch_dop_operator_v3 to 2024-03-13 09:33:00+00:00, run_after=2024-03-13 09:34:00+00:00
[2024-03-13T11:34:44.324+0200] {processor.py:183} INFO - Processing /usr/local/lib/python3.8/site-packages/airflow/example_dags/example_branch_python_dop_operator_3.py took 0.235 seconds
