[2024-03-13T11:09:17.898+0200] {processor.py:161} INFO - Started process (PID=1858) to work on /usr/local/lib/python3.8/site-packages/airflow/example_dags/tutorial_objectstorage.py
[2024-03-13T11:09:17.899+0200] {processor.py:830} INFO - Processing file /usr/local/lib/python3.8/site-packages/airflow/example_dags/tutorial_objectstorage.py for tasks to queue
[2024-03-13T11:09:17.900+0200] {logging_mixin.py:188} INFO - [2024-03-13T11:09:17.900+0200] {dagbag.py:540} INFO - Filling up the DagBag from /usr/local/lib/python3.8/site-packages/airflow/example_dags/tutorial_objectstorage.py
[2024-03-13T11:09:17.973+0200] {processor.py:840} INFO - DAG(s) 'tutorial_objectstorage' retrieved from /usr/local/lib/python3.8/site-packages/airflow/example_dags/tutorial_objectstorage.py
[2024-03-13T11:09:18.200+0200] {logging_mixin.py:188} INFO - [2024-03-13T11:09:18.200+0200] {override.py:1769} INFO - Created Permission View: can delete on DAG:tutorial_objectstorage
[2024-03-13T11:09:18.207+0200] {logging_mixin.py:188} INFO - [2024-03-13T11:09:18.207+0200] {override.py:1769} INFO - Created Permission View: can edit on DAG:tutorial_objectstorage
[2024-03-13T11:09:18.211+0200] {logging_mixin.py:188} INFO - [2024-03-13T11:09:18.211+0200] {override.py:1769} INFO - Created Permission View: can read on DAG:tutorial_objectstorage
[2024-03-13T11:09:18.212+0200] {logging_mixin.py:188} INFO - [2024-03-13T11:09:18.212+0200] {dag.py:3047} INFO - Sync 1 DAGs
[2024-03-13T11:09:18.221+0200] {logging_mixin.py:188} INFO - [2024-03-13T11:09:18.221+0200] {dag.py:3069} INFO - Creating ORM DAG for tutorial_objectstorage
[2024-03-13T11:09:18.222+0200] {logging_mixin.py:188} INFO - [2024-03-13T11:09:18.222+0200] {dag.py:3834} INFO - Setting next_dagrun for tutorial_objectstorage to None, run_after=None
[2024-03-13T11:09:18.233+0200] {processor.py:183} INFO - Processing /usr/local/lib/python3.8/site-packages/airflow/example_dags/tutorial_objectstorage.py took 0.338 seconds
[2024-03-13T11:10:08.009+0200] {processor.py:161} INFO - Started process (PID=2054) to work on /usr/local/lib/python3.8/site-packages/airflow/example_dags/tutorial_objectstorage.py
[2024-03-13T11:10:08.011+0200] {processor.py:830} INFO - Processing file /usr/local/lib/python3.8/site-packages/airflow/example_dags/tutorial_objectstorage.py for tasks to queue
[2024-03-13T11:10:08.012+0200] {logging_mixin.py:188} INFO - [2024-03-13T11:10:08.012+0200] {dagbag.py:540} INFO - Filling up the DagBag from /usr/local/lib/python3.8/site-packages/airflow/example_dags/tutorial_objectstorage.py
[2024-03-13T11:10:08.081+0200] {processor.py:840} INFO - DAG(s) 'tutorial_objectstorage' retrieved from /usr/local/lib/python3.8/site-packages/airflow/example_dags/tutorial_objectstorage.py
[2024-03-13T11:10:08.254+0200] {logging_mixin.py:188} INFO - [2024-03-13T11:10:08.253+0200] {dag.py:3047} INFO - Sync 1 DAGs
[2024-03-13T11:10:08.266+0200] {logging_mixin.py:188} INFO - [2024-03-13T11:10:08.265+0200] {dag.py:3834} INFO - Setting next_dagrun for tutorial_objectstorage to None, run_after=None
[2024-03-13T11:10:08.283+0200] {processor.py:183} INFO - Processing /usr/local/lib/python3.8/site-packages/airflow/example_dags/tutorial_objectstorage.py took 0.276 seconds
[2024-03-13T11:10:58.791+0200] {processor.py:161} INFO - Started process (PID=2224) to work on /usr/local/lib/python3.8/site-packages/airflow/example_dags/tutorial_objectstorage.py
[2024-03-13T11:10:58.792+0200] {processor.py:830} INFO - Processing file /usr/local/lib/python3.8/site-packages/airflow/example_dags/tutorial_objectstorage.py for tasks to queue
[2024-03-13T11:10:58.792+0200] {logging_mixin.py:188} INFO - [2024-03-13T11:10:58.792+0200] {dagbag.py:540} INFO - Filling up the DagBag from /usr/local/lib/python3.8/site-packages/airflow/example_dags/tutorial_objectstorage.py
[2024-03-13T11:10:58.855+0200] {processor.py:840} INFO - DAG(s) 'tutorial_objectstorage' retrieved from /usr/local/lib/python3.8/site-packages/airflow/example_dags/tutorial_objectstorage.py
[2024-03-13T11:10:59.037+0200] {logging_mixin.py:188} INFO - [2024-03-13T11:10:59.036+0200] {dag.py:3047} INFO - Sync 1 DAGs
[2024-03-13T11:10:59.049+0200] {logging_mixin.py:188} INFO - [2024-03-13T11:10:59.049+0200] {dag.py:3834} INFO - Setting next_dagrun for tutorial_objectstorage to None, run_after=None
[2024-03-13T11:10:59.068+0200] {processor.py:183} INFO - Processing /usr/local/lib/python3.8/site-packages/airflow/example_dags/tutorial_objectstorage.py took 0.278 seconds
[2024-03-13T11:11:51.736+0200] {processor.py:161} INFO - Started process (PID=2441) to work on /usr/local/lib/python3.8/site-packages/airflow/example_dags/tutorial_objectstorage.py
[2024-03-13T11:11:51.737+0200] {processor.py:830} INFO - Processing file /usr/local/lib/python3.8/site-packages/airflow/example_dags/tutorial_objectstorage.py for tasks to queue
[2024-03-13T11:11:51.737+0200] {logging_mixin.py:188} INFO - [2024-03-13T11:11:51.737+0200] {dagbag.py:540} INFO - Filling up the DagBag from /usr/local/lib/python3.8/site-packages/airflow/example_dags/tutorial_objectstorage.py
[2024-03-13T11:11:51.796+0200] {processor.py:840} INFO - DAG(s) 'tutorial_objectstorage' retrieved from /usr/local/lib/python3.8/site-packages/airflow/example_dags/tutorial_objectstorage.py
[2024-03-13T11:11:51.942+0200] {logging_mixin.py:188} INFO - [2024-03-13T11:11:51.941+0200] {dag.py:3047} INFO - Sync 1 DAGs
[2024-03-13T11:11:51.952+0200] {logging_mixin.py:188} INFO - [2024-03-13T11:11:51.952+0200] {dag.py:3834} INFO - Setting next_dagrun for tutorial_objectstorage to None, run_after=None
[2024-03-13T11:11:51.967+0200] {processor.py:183} INFO - Processing /usr/local/lib/python3.8/site-packages/airflow/example_dags/tutorial_objectstorage.py took 0.232 seconds
[2024-03-13T11:12:44.380+0200] {processor.py:161} INFO - Started process (PID=2635) to work on /usr/local/lib/python3.8/site-packages/airflow/example_dags/tutorial_objectstorage.py
[2024-03-13T11:12:44.381+0200] {processor.py:830} INFO - Processing file /usr/local/lib/python3.8/site-packages/airflow/example_dags/tutorial_objectstorage.py for tasks to queue
[2024-03-13T11:12:44.382+0200] {logging_mixin.py:188} INFO - [2024-03-13T11:12:44.382+0200] {dagbag.py:540} INFO - Filling up the DagBag from /usr/local/lib/python3.8/site-packages/airflow/example_dags/tutorial_objectstorage.py
[2024-03-13T11:12:44.437+0200] {processor.py:840} INFO - DAG(s) 'tutorial_objectstorage' retrieved from /usr/local/lib/python3.8/site-packages/airflow/example_dags/tutorial_objectstorage.py
[2024-03-13T11:12:44.584+0200] {logging_mixin.py:188} INFO - [2024-03-13T11:12:44.584+0200] {dag.py:3047} INFO - Sync 1 DAGs
[2024-03-13T11:12:44.603+0200] {logging_mixin.py:188} INFO - [2024-03-13T11:12:44.602+0200] {dag.py:3834} INFO - Setting next_dagrun for tutorial_objectstorage to None, run_after=None
[2024-03-13T11:12:44.636+0200] {processor.py:183} INFO - Processing /usr/local/lib/python3.8/site-packages/airflow/example_dags/tutorial_objectstorage.py took 0.257 seconds
[2024-03-13T11:18:04.397+0200] {processor.py:161} INFO - Started process (PID=3284) to work on /usr/local/lib/python3.8/site-packages/airflow/example_dags/tutorial_objectstorage.py
[2024-03-13T11:18:04.398+0200] {processor.py:830} INFO - Processing file /usr/local/lib/python3.8/site-packages/airflow/example_dags/tutorial_objectstorage.py for tasks to queue
[2024-03-13T11:18:04.399+0200] {logging_mixin.py:188} INFO - [2024-03-13T11:18:04.399+0200] {dagbag.py:540} INFO - Filling up the DagBag from /usr/local/lib/python3.8/site-packages/airflow/example_dags/tutorial_objectstorage.py
[2024-03-13T11:18:04.448+0200] {processor.py:840} INFO - DAG(s) 'tutorial_objectstorage' retrieved from /usr/local/lib/python3.8/site-packages/airflow/example_dags/tutorial_objectstorage.py
[2024-03-13T11:18:04.585+0200] {logging_mixin.py:188} INFO - [2024-03-13T11:18:04.585+0200] {dag.py:3047} INFO - Sync 1 DAGs
[2024-03-13T11:18:04.595+0200] {logging_mixin.py:188} INFO - [2024-03-13T11:18:04.594+0200] {dag.py:3834} INFO - Setting next_dagrun for tutorial_objectstorage to None, run_after=None
[2024-03-13T11:18:04.608+0200] {processor.py:183} INFO - Processing /usr/local/lib/python3.8/site-packages/airflow/example_dags/tutorial_objectstorage.py took 0.212 seconds
[2024-03-13T11:18:54.153+0200] {processor.py:161} INFO - Started process (PID=3492) to work on /usr/local/lib/python3.8/site-packages/airflow/example_dags/tutorial_objectstorage.py
[2024-03-13T11:18:54.154+0200] {processor.py:830} INFO - Processing file /usr/local/lib/python3.8/site-packages/airflow/example_dags/tutorial_objectstorage.py for tasks to queue
[2024-03-13T11:18:54.155+0200] {logging_mixin.py:188} INFO - [2024-03-13T11:18:54.155+0200] {dagbag.py:540} INFO - Filling up the DagBag from /usr/local/lib/python3.8/site-packages/airflow/example_dags/tutorial_objectstorage.py
[2024-03-13T11:18:54.213+0200] {processor.py:840} INFO - DAG(s) 'tutorial_objectstorage' retrieved from /usr/local/lib/python3.8/site-packages/airflow/example_dags/tutorial_objectstorage.py
[2024-03-13T11:18:54.375+0200] {logging_mixin.py:188} INFO - [2024-03-13T11:18:54.375+0200] {dag.py:3047} INFO - Sync 1 DAGs
[2024-03-13T11:18:54.386+0200] {logging_mixin.py:188} INFO - [2024-03-13T11:18:54.386+0200] {dag.py:3834} INFO - Setting next_dagrun for tutorial_objectstorage to None, run_after=None
[2024-03-13T11:18:54.402+0200] {processor.py:183} INFO - Processing /usr/local/lib/python3.8/site-packages/airflow/example_dags/tutorial_objectstorage.py took 0.251 seconds
[2024-03-13T11:19:43.617+0200] {processor.py:161} INFO - Started process (PID=3671) to work on /usr/local/lib/python3.8/site-packages/airflow/example_dags/tutorial_objectstorage.py
[2024-03-13T11:19:43.618+0200] {processor.py:830} INFO - Processing file /usr/local/lib/python3.8/site-packages/airflow/example_dags/tutorial_objectstorage.py for tasks to queue
[2024-03-13T11:19:43.618+0200] {logging_mixin.py:188} INFO - [2024-03-13T11:19:43.618+0200] {dagbag.py:540} INFO - Filling up the DagBag from /usr/local/lib/python3.8/site-packages/airflow/example_dags/tutorial_objectstorage.py
[2024-03-13T11:19:43.671+0200] {processor.py:840} INFO - DAG(s) 'tutorial_objectstorage' retrieved from /usr/local/lib/python3.8/site-packages/airflow/example_dags/tutorial_objectstorage.py
[2024-03-13T11:19:43.830+0200] {logging_mixin.py:188} INFO - [2024-03-13T11:19:43.830+0200] {dag.py:3047} INFO - Sync 1 DAGs
[2024-03-13T11:19:43.840+0200] {logging_mixin.py:188} INFO - [2024-03-13T11:19:43.840+0200] {dag.py:3834} INFO - Setting next_dagrun for tutorial_objectstorage to None, run_after=None
[2024-03-13T11:19:43.857+0200] {processor.py:183} INFO - Processing /usr/local/lib/python3.8/site-packages/airflow/example_dags/tutorial_objectstorage.py took 0.242 seconds
[2024-03-13T11:20:39.631+0200] {processor.py:161} INFO - Started process (PID=3919) to work on /usr/local/lib/python3.8/site-packages/airflow/example_dags/tutorial_objectstorage.py
[2024-03-13T11:20:39.631+0200] {processor.py:830} INFO - Processing file /usr/local/lib/python3.8/site-packages/airflow/example_dags/tutorial_objectstorage.py for tasks to queue
[2024-03-13T11:20:39.632+0200] {logging_mixin.py:188} INFO - [2024-03-13T11:20:39.632+0200] {dagbag.py:540} INFO - Filling up the DagBag from /usr/local/lib/python3.8/site-packages/airflow/example_dags/tutorial_objectstorage.py
[2024-03-13T11:20:39.685+0200] {processor.py:840} INFO - DAG(s) 'tutorial_objectstorage' retrieved from /usr/local/lib/python3.8/site-packages/airflow/example_dags/tutorial_objectstorage.py
[2024-03-13T11:20:39.842+0200] {logging_mixin.py:188} INFO - [2024-03-13T11:20:39.842+0200] {dag.py:3047} INFO - Sync 1 DAGs
[2024-03-13T11:20:39.852+0200] {logging_mixin.py:188} INFO - [2024-03-13T11:20:39.852+0200] {dag.py:3834} INFO - Setting next_dagrun for tutorial_objectstorage to None, run_after=None
[2024-03-13T11:20:39.868+0200] {processor.py:183} INFO - Processing /usr/local/lib/python3.8/site-packages/airflow/example_dags/tutorial_objectstorage.py took 0.239 seconds
[2024-03-13T11:21:31.021+0200] {processor.py:161} INFO - Started process (PID=4115) to work on /usr/local/lib/python3.8/site-packages/airflow/example_dags/tutorial_objectstorage.py
[2024-03-13T11:21:31.023+0200] {processor.py:830} INFO - Processing file /usr/local/lib/python3.8/site-packages/airflow/example_dags/tutorial_objectstorage.py for tasks to queue
[2024-03-13T11:21:31.023+0200] {logging_mixin.py:188} INFO - [2024-03-13T11:21:31.023+0200] {dagbag.py:540} INFO - Filling up the DagBag from /usr/local/lib/python3.8/site-packages/airflow/example_dags/tutorial_objectstorage.py
[2024-03-13T11:21:31.102+0200] {processor.py:840} INFO - DAG(s) 'tutorial_objectstorage' retrieved from /usr/local/lib/python3.8/site-packages/airflow/example_dags/tutorial_objectstorage.py
[2024-03-13T11:21:31.296+0200] {logging_mixin.py:188} INFO - [2024-03-13T11:21:31.295+0200] {dag.py:3047} INFO - Sync 1 DAGs
[2024-03-13T11:21:31.307+0200] {logging_mixin.py:188} INFO - [2024-03-13T11:21:31.307+0200] {dag.py:3834} INFO - Setting next_dagrun for tutorial_objectstorage to None, run_after=None
[2024-03-13T11:21:31.340+0200] {processor.py:183} INFO - Processing /usr/local/lib/python3.8/site-packages/airflow/example_dags/tutorial_objectstorage.py took 0.321 seconds
[2024-03-13T11:22:17.626+0200] {processor.py:161} INFO - Started process (PID=4297) to work on /usr/local/lib/python3.8/site-packages/airflow/example_dags/tutorial_objectstorage.py
[2024-03-13T11:22:17.628+0200] {processor.py:830} INFO - Processing file /usr/local/lib/python3.8/site-packages/airflow/example_dags/tutorial_objectstorage.py for tasks to queue
[2024-03-13T11:22:17.629+0200] {logging_mixin.py:188} INFO - [2024-03-13T11:22:17.629+0200] {dagbag.py:540} INFO - Filling up the DagBag from /usr/local/lib/python3.8/site-packages/airflow/example_dags/tutorial_objectstorage.py
[2024-03-13T11:22:17.702+0200] {processor.py:840} INFO - DAG(s) 'tutorial_objectstorage' retrieved from /usr/local/lib/python3.8/site-packages/airflow/example_dags/tutorial_objectstorage.py
[2024-03-13T11:22:17.867+0200] {logging_mixin.py:188} INFO - [2024-03-13T11:22:17.867+0200] {dag.py:3047} INFO - Sync 1 DAGs
[2024-03-13T11:22:17.890+0200] {logging_mixin.py:188} INFO - [2024-03-13T11:22:17.889+0200] {dag.py:3834} INFO - Setting next_dagrun for tutorial_objectstorage to None, run_after=None
[2024-03-13T11:22:17.903+0200] {processor.py:183} INFO - Processing /usr/local/lib/python3.8/site-packages/airflow/example_dags/tutorial_objectstorage.py took 0.278 seconds
[2024-03-13T11:22:56.433+0200] {processor.py:161} INFO - Started process (PID=4438) to work on /usr/local/lib/python3.8/site-packages/airflow/example_dags/tutorial_objectstorage.py
[2024-03-13T11:22:56.434+0200] {processor.py:830} INFO - Processing file /usr/local/lib/python3.8/site-packages/airflow/example_dags/tutorial_objectstorage.py for tasks to queue
[2024-03-13T11:22:56.435+0200] {logging_mixin.py:188} INFO - [2024-03-13T11:22:56.435+0200] {dagbag.py:540} INFO - Filling up the DagBag from /usr/local/lib/python3.8/site-packages/airflow/example_dags/tutorial_objectstorage.py
[2024-03-13T11:22:56.498+0200] {processor.py:840} INFO - DAG(s) 'tutorial_objectstorage' retrieved from /usr/local/lib/python3.8/site-packages/airflow/example_dags/tutorial_objectstorage.py
[2024-03-13T11:22:56.697+0200] {logging_mixin.py:188} INFO - [2024-03-13T11:22:56.697+0200] {dag.py:3047} INFO - Sync 1 DAGs
[2024-03-13T11:22:56.710+0200] {logging_mixin.py:188} INFO - [2024-03-13T11:22:56.710+0200] {dag.py:3834} INFO - Setting next_dagrun for tutorial_objectstorage to None, run_after=None
[2024-03-13T11:22:56.745+0200] {processor.py:183} INFO - Processing /usr/local/lib/python3.8/site-packages/airflow/example_dags/tutorial_objectstorage.py took 0.313 seconds
[2024-03-13T11:23:35.318+0200] {processor.py:161} INFO - Started process (PID=4577) to work on /usr/local/lib/python3.8/site-packages/airflow/example_dags/tutorial_objectstorage.py
[2024-03-13T11:23:35.319+0200] {processor.py:830} INFO - Processing file /usr/local/lib/python3.8/site-packages/airflow/example_dags/tutorial_objectstorage.py for tasks to queue
[2024-03-13T11:23:35.320+0200] {logging_mixin.py:188} INFO - [2024-03-13T11:23:35.320+0200] {dagbag.py:540} INFO - Filling up the DagBag from /usr/local/lib/python3.8/site-packages/airflow/example_dags/tutorial_objectstorage.py
[2024-03-13T11:23:35.376+0200] {processor.py:840} INFO - DAG(s) 'tutorial_objectstorage' retrieved from /usr/local/lib/python3.8/site-packages/airflow/example_dags/tutorial_objectstorage.py
[2024-03-13T11:23:35.538+0200] {logging_mixin.py:188} INFO - [2024-03-13T11:23:35.538+0200] {dag.py:3047} INFO - Sync 1 DAGs
[2024-03-13T11:23:35.550+0200] {logging_mixin.py:188} INFO - [2024-03-13T11:23:35.550+0200] {dag.py:3834} INFO - Setting next_dagrun for tutorial_objectstorage to None, run_after=None
[2024-03-13T11:23:35.569+0200] {processor.py:183} INFO - Processing /usr/local/lib/python3.8/site-packages/airflow/example_dags/tutorial_objectstorage.py took 0.252 seconds
[2024-03-13T11:24:33.319+0200] {processor.py:161} INFO - Started process (PID=4781) to work on /usr/local/lib/python3.8/site-packages/airflow/example_dags/tutorial_objectstorage.py
[2024-03-13T11:24:33.320+0200] {processor.py:830} INFO - Processing file /usr/local/lib/python3.8/site-packages/airflow/example_dags/tutorial_objectstorage.py for tasks to queue
[2024-03-13T11:24:33.320+0200] {logging_mixin.py:188} INFO - [2024-03-13T11:24:33.320+0200] {dagbag.py:540} INFO - Filling up the DagBag from /usr/local/lib/python3.8/site-packages/airflow/example_dags/tutorial_objectstorage.py
[2024-03-13T11:24:33.388+0200] {processor.py:840} INFO - DAG(s) 'tutorial_objectstorage' retrieved from /usr/local/lib/python3.8/site-packages/airflow/example_dags/tutorial_objectstorage.py
[2024-03-13T11:24:33.567+0200] {logging_mixin.py:188} INFO - [2024-03-13T11:24:33.566+0200] {dag.py:3047} INFO - Sync 1 DAGs
[2024-03-13T11:24:33.591+0200] {logging_mixin.py:188} INFO - [2024-03-13T11:24:33.591+0200] {dag.py:3834} INFO - Setting next_dagrun for tutorial_objectstorage to None, run_after=None
[2024-03-13T11:24:33.611+0200] {processor.py:183} INFO - Processing /usr/local/lib/python3.8/site-packages/airflow/example_dags/tutorial_objectstorage.py took 0.294 seconds
[2024-03-13T11:25:12.620+0200] {processor.py:161} INFO - Started process (PID=4920) to work on /usr/local/lib/python3.8/site-packages/airflow/example_dags/tutorial_objectstorage.py
[2024-03-13T11:25:12.621+0200] {processor.py:830} INFO - Processing file /usr/local/lib/python3.8/site-packages/airflow/example_dags/tutorial_objectstorage.py for tasks to queue
[2024-03-13T11:25:12.621+0200] {logging_mixin.py:188} INFO - [2024-03-13T11:25:12.621+0200] {dagbag.py:540} INFO - Filling up the DagBag from /usr/local/lib/python3.8/site-packages/airflow/example_dags/tutorial_objectstorage.py
[2024-03-13T11:25:12.682+0200] {processor.py:840} INFO - DAG(s) 'tutorial_objectstorage' retrieved from /usr/local/lib/python3.8/site-packages/airflow/example_dags/tutorial_objectstorage.py
[2024-03-13T11:25:12.849+0200] {logging_mixin.py:188} INFO - [2024-03-13T11:25:12.849+0200] {dag.py:3047} INFO - Sync 1 DAGs
[2024-03-13T11:25:12.861+0200] {logging_mixin.py:188} INFO - [2024-03-13T11:25:12.861+0200] {dag.py:3834} INFO - Setting next_dagrun for tutorial_objectstorage to None, run_after=None
[2024-03-13T11:25:12.895+0200] {processor.py:183} INFO - Processing /usr/local/lib/python3.8/site-packages/airflow/example_dags/tutorial_objectstorage.py took 0.277 seconds
[2024-03-13T11:26:00.081+0200] {processor.py:161} INFO - Started process (PID=5098) to work on /usr/local/lib/python3.8/site-packages/airflow/example_dags/tutorial_objectstorage.py
[2024-03-13T11:26:00.082+0200] {processor.py:830} INFO - Processing file /usr/local/lib/python3.8/site-packages/airflow/example_dags/tutorial_objectstorage.py for tasks to queue
[2024-03-13T11:26:00.083+0200] {logging_mixin.py:188} INFO - [2024-03-13T11:26:00.083+0200] {dagbag.py:540} INFO - Filling up the DagBag from /usr/local/lib/python3.8/site-packages/airflow/example_dags/tutorial_objectstorage.py
[2024-03-13T11:26:00.135+0200] {processor.py:840} INFO - DAG(s) 'tutorial_objectstorage' retrieved from /usr/local/lib/python3.8/site-packages/airflow/example_dags/tutorial_objectstorage.py
[2024-03-13T11:26:00.288+0200] {logging_mixin.py:188} INFO - [2024-03-13T11:26:00.287+0200] {dag.py:3047} INFO - Sync 1 DAGs
[2024-03-13T11:26:00.297+0200] {logging_mixin.py:188} INFO - [2024-03-13T11:26:00.297+0200] {dag.py:3834} INFO - Setting next_dagrun for tutorial_objectstorage to None, run_after=None
[2024-03-13T11:26:00.312+0200] {processor.py:183} INFO - Processing /usr/local/lib/python3.8/site-packages/airflow/example_dags/tutorial_objectstorage.py took 0.231 seconds
[2024-03-13T11:26:41.925+0200] {processor.py:161} INFO - Started process (PID=5262) to work on /usr/local/lib/python3.8/site-packages/airflow/example_dags/tutorial_objectstorage.py
[2024-03-13T11:26:41.927+0200] {processor.py:830} INFO - Processing file /usr/local/lib/python3.8/site-packages/airflow/example_dags/tutorial_objectstorage.py for tasks to queue
[2024-03-13T11:26:41.927+0200] {logging_mixin.py:188} INFO - [2024-03-13T11:26:41.927+0200] {dagbag.py:540} INFO - Filling up the DagBag from /usr/local/lib/python3.8/site-packages/airflow/example_dags/tutorial_objectstorage.py
[2024-03-13T11:26:41.992+0200] {processor.py:840} INFO - DAG(s) 'tutorial_objectstorage' retrieved from /usr/local/lib/python3.8/site-packages/airflow/example_dags/tutorial_objectstorage.py
[2024-03-13T11:26:42.145+0200] {logging_mixin.py:188} INFO - [2024-03-13T11:26:42.145+0200] {dag.py:3047} INFO - Sync 1 DAGs
[2024-03-13T11:26:42.157+0200] {logging_mixin.py:188} INFO - [2024-03-13T11:26:42.156+0200] {dag.py:3834} INFO - Setting next_dagrun for tutorial_objectstorage to None, run_after=None
[2024-03-13T11:26:42.191+0200] {processor.py:183} INFO - Processing /usr/local/lib/python3.8/site-packages/airflow/example_dags/tutorial_objectstorage.py took 0.267 seconds
[2024-03-13T11:27:21.193+0200] {processor.py:161} INFO - Started process (PID=5419) to work on /usr/local/lib/python3.8/site-packages/airflow/example_dags/tutorial_objectstorage.py
[2024-03-13T11:27:21.194+0200] {processor.py:830} INFO - Processing file /usr/local/lib/python3.8/site-packages/airflow/example_dags/tutorial_objectstorage.py for tasks to queue
[2024-03-13T11:27:21.194+0200] {logging_mixin.py:188} INFO - [2024-03-13T11:27:21.194+0200] {dagbag.py:540} INFO - Filling up the DagBag from /usr/local/lib/python3.8/site-packages/airflow/example_dags/tutorial_objectstorage.py
[2024-03-13T11:27:21.245+0200] {processor.py:840} INFO - DAG(s) 'tutorial_objectstorage' retrieved from /usr/local/lib/python3.8/site-packages/airflow/example_dags/tutorial_objectstorage.py
[2024-03-13T11:27:21.390+0200] {logging_mixin.py:188} INFO - [2024-03-13T11:27:21.389+0200] {dag.py:3047} INFO - Sync 1 DAGs
[2024-03-13T11:27:21.400+0200] {logging_mixin.py:188} INFO - [2024-03-13T11:27:21.400+0200] {dag.py:3834} INFO - Setting next_dagrun for tutorial_objectstorage to None, run_after=None
[2024-03-13T11:27:21.415+0200] {processor.py:183} INFO - Processing /usr/local/lib/python3.8/site-packages/airflow/example_dags/tutorial_objectstorage.py took 0.223 seconds
[2024-03-13T11:28:03.982+0200] {processor.py:161} INFO - Started process (PID=5583) to work on /usr/local/lib/python3.8/site-packages/airflow/example_dags/tutorial_objectstorage.py
[2024-03-13T11:28:03.983+0200] {processor.py:830} INFO - Processing file /usr/local/lib/python3.8/site-packages/airflow/example_dags/tutorial_objectstorage.py for tasks to queue
[2024-03-13T11:28:03.983+0200] {logging_mixin.py:188} INFO - [2024-03-13T11:28:03.983+0200] {dagbag.py:540} INFO - Filling up the DagBag from /usr/local/lib/python3.8/site-packages/airflow/example_dags/tutorial_objectstorage.py
[2024-03-13T11:28:04.041+0200] {processor.py:840} INFO - DAG(s) 'tutorial_objectstorage' retrieved from /usr/local/lib/python3.8/site-packages/airflow/example_dags/tutorial_objectstorage.py
[2024-03-13T11:28:04.188+0200] {logging_mixin.py:188} INFO - [2024-03-13T11:28:04.187+0200] {dag.py:3047} INFO - Sync 1 DAGs
[2024-03-13T11:28:04.197+0200] {logging_mixin.py:188} INFO - [2024-03-13T11:28:04.197+0200] {dag.py:3834} INFO - Setting next_dagrun for tutorial_objectstorage to None, run_after=None
[2024-03-13T11:28:04.211+0200] {processor.py:183} INFO - Processing /usr/local/lib/python3.8/site-packages/airflow/example_dags/tutorial_objectstorage.py took 0.231 seconds
[2024-03-13T11:28:46.897+0200] {processor.py:161} INFO - Started process (PID=5751) to work on /usr/local/lib/python3.8/site-packages/airflow/example_dags/tutorial_objectstorage.py
[2024-03-13T11:28:46.898+0200] {processor.py:830} INFO - Processing file /usr/local/lib/python3.8/site-packages/airflow/example_dags/tutorial_objectstorage.py for tasks to queue
[2024-03-13T11:28:46.898+0200] {logging_mixin.py:188} INFO - [2024-03-13T11:28:46.898+0200] {dagbag.py:540} INFO - Filling up the DagBag from /usr/local/lib/python3.8/site-packages/airflow/example_dags/tutorial_objectstorage.py
[2024-03-13T11:28:46.949+0200] {processor.py:840} INFO - DAG(s) 'tutorial_objectstorage' retrieved from /usr/local/lib/python3.8/site-packages/airflow/example_dags/tutorial_objectstorage.py
[2024-03-13T11:28:47.090+0200] {logging_mixin.py:188} INFO - [2024-03-13T11:28:47.090+0200] {dag.py:3047} INFO - Sync 1 DAGs
[2024-03-13T11:28:47.100+0200] {logging_mixin.py:188} INFO - [2024-03-13T11:28:47.100+0200] {dag.py:3834} INFO - Setting next_dagrun for tutorial_objectstorage to None, run_after=None
[2024-03-13T11:28:47.115+0200] {processor.py:183} INFO - Processing /usr/local/lib/python3.8/site-packages/airflow/example_dags/tutorial_objectstorage.py took 0.219 seconds
[2024-03-13T11:29:27.111+0200] {processor.py:161} INFO - Started process (PID=5911) to work on /usr/local/lib/python3.8/site-packages/airflow/example_dags/tutorial_objectstorage.py
[2024-03-13T11:29:27.112+0200] {processor.py:830} INFO - Processing file /usr/local/lib/python3.8/site-packages/airflow/example_dags/tutorial_objectstorage.py for tasks to queue
[2024-03-13T11:29:27.113+0200] {logging_mixin.py:188} INFO - [2024-03-13T11:29:27.112+0200] {dagbag.py:540} INFO - Filling up the DagBag from /usr/local/lib/python3.8/site-packages/airflow/example_dags/tutorial_objectstorage.py
[2024-03-13T11:29:27.165+0200] {processor.py:840} INFO - DAG(s) 'tutorial_objectstorage' retrieved from /usr/local/lib/python3.8/site-packages/airflow/example_dags/tutorial_objectstorage.py
[2024-03-13T11:29:27.327+0200] {logging_mixin.py:188} INFO - [2024-03-13T11:29:27.326+0200] {dag.py:3047} INFO - Sync 1 DAGs
[2024-03-13T11:29:27.338+0200] {logging_mixin.py:188} INFO - [2024-03-13T11:29:27.338+0200] {dag.py:3834} INFO - Setting next_dagrun for tutorial_objectstorage to None, run_after=None
[2024-03-13T11:29:27.353+0200] {processor.py:183} INFO - Processing /usr/local/lib/python3.8/site-packages/airflow/example_dags/tutorial_objectstorage.py took 0.243 seconds
[2024-03-13T11:30:08.671+0200] {processor.py:161} INFO - Started process (PID=6074) to work on /usr/local/lib/python3.8/site-packages/airflow/example_dags/tutorial_objectstorage.py
[2024-03-13T11:30:08.671+0200] {processor.py:830} INFO - Processing file /usr/local/lib/python3.8/site-packages/airflow/example_dags/tutorial_objectstorage.py for tasks to queue
[2024-03-13T11:30:08.672+0200] {logging_mixin.py:188} INFO - [2024-03-13T11:30:08.672+0200] {dagbag.py:540} INFO - Filling up the DagBag from /usr/local/lib/python3.8/site-packages/airflow/example_dags/tutorial_objectstorage.py
[2024-03-13T11:30:08.731+0200] {processor.py:840} INFO - DAG(s) 'tutorial_objectstorage' retrieved from /usr/local/lib/python3.8/site-packages/airflow/example_dags/tutorial_objectstorage.py
[2024-03-13T11:30:08.882+0200] {logging_mixin.py:188} INFO - [2024-03-13T11:30:08.882+0200] {dag.py:3047} INFO - Sync 1 DAGs
[2024-03-13T11:30:08.892+0200] {logging_mixin.py:188} INFO - [2024-03-13T11:30:08.892+0200] {dag.py:3834} INFO - Setting next_dagrun for tutorial_objectstorage to None, run_after=None
[2024-03-13T11:30:08.927+0200] {processor.py:183} INFO - Processing /usr/local/lib/python3.8/site-packages/airflow/example_dags/tutorial_objectstorage.py took 0.258 seconds
[2024-03-13T11:30:50.667+0200] {processor.py:161} INFO - Started process (PID=6237) to work on /usr/local/lib/python3.8/site-packages/airflow/example_dags/tutorial_objectstorage.py
[2024-03-13T11:30:50.668+0200] {processor.py:830} INFO - Processing file /usr/local/lib/python3.8/site-packages/airflow/example_dags/tutorial_objectstorage.py for tasks to queue
[2024-03-13T11:30:50.669+0200] {logging_mixin.py:188} INFO - [2024-03-13T11:30:50.669+0200] {dagbag.py:540} INFO - Filling up the DagBag from /usr/local/lib/python3.8/site-packages/airflow/example_dags/tutorial_objectstorage.py
[2024-03-13T11:30:50.722+0200] {processor.py:840} INFO - DAG(s) 'tutorial_objectstorage' retrieved from /usr/local/lib/python3.8/site-packages/airflow/example_dags/tutorial_objectstorage.py
[2024-03-13T11:30:50.870+0200] {logging_mixin.py:188} INFO - [2024-03-13T11:30:50.869+0200] {dag.py:3047} INFO - Sync 1 DAGs
[2024-03-13T11:30:50.879+0200] {logging_mixin.py:188} INFO - [2024-03-13T11:30:50.879+0200] {dag.py:3834} INFO - Setting next_dagrun for tutorial_objectstorage to None, run_after=None
[2024-03-13T11:30:50.894+0200] {processor.py:183} INFO - Processing /usr/local/lib/python3.8/site-packages/airflow/example_dags/tutorial_objectstorage.py took 0.228 seconds
[2024-03-13T11:31:31.159+0200] {processor.py:161} INFO - Started process (PID=6401) to work on /usr/local/lib/python3.8/site-packages/airflow/example_dags/tutorial_objectstorage.py
[2024-03-13T11:31:31.160+0200] {processor.py:830} INFO - Processing file /usr/local/lib/python3.8/site-packages/airflow/example_dags/tutorial_objectstorage.py for tasks to queue
[2024-03-13T11:31:31.160+0200] {logging_mixin.py:188} INFO - [2024-03-13T11:31:31.160+0200] {dagbag.py:540} INFO - Filling up the DagBag from /usr/local/lib/python3.8/site-packages/airflow/example_dags/tutorial_objectstorage.py
[2024-03-13T11:31:31.222+0200] {processor.py:840} INFO - DAG(s) 'tutorial_objectstorage' retrieved from /usr/local/lib/python3.8/site-packages/airflow/example_dags/tutorial_objectstorage.py
[2024-03-13T11:31:31.369+0200] {logging_mixin.py:188} INFO - [2024-03-13T11:31:31.369+0200] {dag.py:3047} INFO - Sync 1 DAGs
[2024-03-13T11:31:31.379+0200] {logging_mixin.py:188} INFO - [2024-03-13T11:31:31.379+0200] {dag.py:3834} INFO - Setting next_dagrun for tutorial_objectstorage to None, run_after=None
[2024-03-13T11:31:31.393+0200] {processor.py:183} INFO - Processing /usr/local/lib/python3.8/site-packages/airflow/example_dags/tutorial_objectstorage.py took 0.236 seconds
[2024-03-13T11:32:14.083+0200] {processor.py:161} INFO - Started process (PID=6573) to work on /usr/local/lib/python3.8/site-packages/airflow/example_dags/tutorial_objectstorage.py
[2024-03-13T11:32:14.084+0200] {processor.py:830} INFO - Processing file /usr/local/lib/python3.8/site-packages/airflow/example_dags/tutorial_objectstorage.py for tasks to queue
[2024-03-13T11:32:14.084+0200] {logging_mixin.py:188} INFO - [2024-03-13T11:32:14.084+0200] {dagbag.py:540} INFO - Filling up the DagBag from /usr/local/lib/python3.8/site-packages/airflow/example_dags/tutorial_objectstorage.py
[2024-03-13T11:32:14.135+0200] {processor.py:840} INFO - DAG(s) 'tutorial_objectstorage' retrieved from /usr/local/lib/python3.8/site-packages/airflow/example_dags/tutorial_objectstorage.py
[2024-03-13T11:32:14.319+0200] {logging_mixin.py:188} INFO - [2024-03-13T11:32:14.319+0200] {dag.py:3047} INFO - Sync 1 DAGs
[2024-03-13T11:32:14.330+0200] {logging_mixin.py:188} INFO - [2024-03-13T11:32:14.330+0200] {dag.py:3834} INFO - Setting next_dagrun for tutorial_objectstorage to None, run_after=None
[2024-03-13T11:32:14.345+0200] {processor.py:183} INFO - Processing /usr/local/lib/python3.8/site-packages/airflow/example_dags/tutorial_objectstorage.py took 0.263 seconds
[2024-03-13T11:32:57.026+0200] {processor.py:161} INFO - Started process (PID=6736) to work on /usr/local/lib/python3.8/site-packages/airflow/example_dags/tutorial_objectstorage.py
[2024-03-13T11:32:57.027+0200] {processor.py:830} INFO - Processing file /usr/local/lib/python3.8/site-packages/airflow/example_dags/tutorial_objectstorage.py for tasks to queue
[2024-03-13T11:32:57.028+0200] {logging_mixin.py:188} INFO - [2024-03-13T11:32:57.027+0200] {dagbag.py:540} INFO - Filling up the DagBag from /usr/local/lib/python3.8/site-packages/airflow/example_dags/tutorial_objectstorage.py
[2024-03-13T11:32:57.080+0200] {processor.py:840} INFO - DAG(s) 'tutorial_objectstorage' retrieved from /usr/local/lib/python3.8/site-packages/airflow/example_dags/tutorial_objectstorage.py
[2024-03-13T11:32:57.221+0200] {logging_mixin.py:188} INFO - [2024-03-13T11:32:57.221+0200] {dag.py:3047} INFO - Sync 1 DAGs
[2024-03-13T11:32:57.232+0200] {logging_mixin.py:188} INFO - [2024-03-13T11:32:57.232+0200] {dag.py:3834} INFO - Setting next_dagrun for tutorial_objectstorage to None, run_after=None
[2024-03-13T11:32:57.248+0200] {processor.py:183} INFO - Processing /usr/local/lib/python3.8/site-packages/airflow/example_dags/tutorial_objectstorage.py took 0.223 seconds
[2024-03-13T11:33:39.719+0200] {processor.py:161} INFO - Started process (PID=6926) to work on /usr/local/lib/python3.8/site-packages/airflow/example_dags/tutorial_objectstorage.py
[2024-03-13T11:33:39.720+0200] {processor.py:830} INFO - Processing file /usr/local/lib/python3.8/site-packages/airflow/example_dags/tutorial_objectstorage.py for tasks to queue
[2024-03-13T11:33:39.721+0200] {logging_mixin.py:188} INFO - [2024-03-13T11:33:39.720+0200] {dagbag.py:540} INFO - Filling up the DagBag from /usr/local/lib/python3.8/site-packages/airflow/example_dags/tutorial_objectstorage.py
[2024-03-13T11:33:39.771+0200] {processor.py:840} INFO - DAG(s) 'tutorial_objectstorage' retrieved from /usr/local/lib/python3.8/site-packages/airflow/example_dags/tutorial_objectstorage.py
[2024-03-13T11:33:39.918+0200] {logging_mixin.py:188} INFO - [2024-03-13T11:33:39.918+0200] {dag.py:3047} INFO - Sync 1 DAGs
[2024-03-13T11:33:39.928+0200] {logging_mixin.py:188} INFO - [2024-03-13T11:33:39.928+0200] {dag.py:3834} INFO - Setting next_dagrun for tutorial_objectstorage to None, run_after=None
[2024-03-13T11:33:39.943+0200] {processor.py:183} INFO - Processing /usr/local/lib/python3.8/site-packages/airflow/example_dags/tutorial_objectstorage.py took 0.225 seconds
[2024-03-13T11:34:21.990+0200] {processor.py:161} INFO - Started process (PID=7090) to work on /usr/local/lib/python3.8/site-packages/airflow/example_dags/tutorial_objectstorage.py
[2024-03-13T11:34:21.992+0200] {processor.py:830} INFO - Processing file /usr/local/lib/python3.8/site-packages/airflow/example_dags/tutorial_objectstorage.py for tasks to queue
[2024-03-13T11:34:21.992+0200] {logging_mixin.py:188} INFO - [2024-03-13T11:34:21.992+0200] {dagbag.py:540} INFO - Filling up the DagBag from /usr/local/lib/python3.8/site-packages/airflow/example_dags/tutorial_objectstorage.py
[2024-03-13T11:34:22.047+0200] {processor.py:840} INFO - DAG(s) 'tutorial_objectstorage' retrieved from /usr/local/lib/python3.8/site-packages/airflow/example_dags/tutorial_objectstorage.py
[2024-03-13T11:34:22.197+0200] {logging_mixin.py:188} INFO - [2024-03-13T11:34:22.196+0200] {dag.py:3047} INFO - Sync 1 DAGs
[2024-03-13T11:34:22.221+0200] {logging_mixin.py:188} INFO - [2024-03-13T11:34:22.221+0200] {dag.py:3834} INFO - Setting next_dagrun for tutorial_objectstorage to None, run_after=None
[2024-03-13T11:34:22.236+0200] {processor.py:183} INFO - Processing /usr/local/lib/python3.8/site-packages/airflow/example_dags/tutorial_objectstorage.py took 0.247 seconds
[2024-03-13T11:35:03.200+0200] {processor.py:161} INFO - Started process (PID=7251) to work on /usr/local/lib/python3.8/site-packages/airflow/example_dags/tutorial_objectstorage.py
[2024-03-13T11:35:03.201+0200] {processor.py:830} INFO - Processing file /usr/local/lib/python3.8/site-packages/airflow/example_dags/tutorial_objectstorage.py for tasks to queue
[2024-03-13T11:35:03.202+0200] {logging_mixin.py:188} INFO - [2024-03-13T11:35:03.202+0200] {dagbag.py:540} INFO - Filling up the DagBag from /usr/local/lib/python3.8/site-packages/airflow/example_dags/tutorial_objectstorage.py
[2024-03-13T11:35:03.257+0200] {processor.py:840} INFO - DAG(s) 'tutorial_objectstorage' retrieved from /usr/local/lib/python3.8/site-packages/airflow/example_dags/tutorial_objectstorage.py
[2024-03-13T11:35:03.396+0200] {logging_mixin.py:188} INFO - [2024-03-13T11:35:03.395+0200] {dag.py:3047} INFO - Sync 1 DAGs
[2024-03-13T11:35:03.420+0200] {logging_mixin.py:188} INFO - [2024-03-13T11:35:03.420+0200] {dag.py:3834} INFO - Setting next_dagrun for tutorial_objectstorage to None, run_after=None
[2024-03-13T11:35:03.434+0200] {processor.py:183} INFO - Processing /usr/local/lib/python3.8/site-packages/airflow/example_dags/tutorial_objectstorage.py took 0.236 seconds
