[2024-03-13T11:09:17.323+0200] {processor.py:161} INFO - Started process (PID=1855) to work on /usr/local/lib/python3.8/site-packages/airflow/example_dags/tutorial_taskflow_api.py
[2024-03-13T11:09:17.324+0200] {processor.py:830} INFO - Processing file /usr/local/lib/python3.8/site-packages/airflow/example_dags/tutorial_taskflow_api.py for tasks to queue
[2024-03-13T11:09:17.325+0200] {logging_mixin.py:188} INFO - [2024-03-13T11:09:17.324+0200] {dagbag.py:540} INFO - Filling up the DagBag from /usr/local/lib/python3.8/site-packages/airflow/example_dags/tutorial_taskflow_api.py
[2024-03-13T11:09:17.365+0200] {processor.py:840} INFO - DAG(s) 'tutorial_taskflow_api' retrieved from /usr/local/lib/python3.8/site-packages/airflow/example_dags/tutorial_taskflow_api.py
[2024-03-13T11:09:17.637+0200] {logging_mixin.py:188} INFO - [2024-03-13T11:09:17.636+0200] {override.py:1769} INFO - Created Permission View: can edit on DAG:tutorial_taskflow_api
[2024-03-13T11:09:17.645+0200] {logging_mixin.py:188} INFO - [2024-03-13T11:09:17.644+0200] {override.py:1769} INFO - Created Permission View: can delete on DAG:tutorial_taskflow_api
[2024-03-13T11:09:17.650+0200] {logging_mixin.py:188} INFO - [2024-03-13T11:09:17.649+0200] {override.py:1769} INFO - Created Permission View: can read on DAG:tutorial_taskflow_api
[2024-03-13T11:09:17.650+0200] {logging_mixin.py:188} INFO - [2024-03-13T11:09:17.650+0200] {dag.py:3047} INFO - Sync 1 DAGs
[2024-03-13T11:09:17.660+0200] {logging_mixin.py:188} INFO - [2024-03-13T11:09:17.660+0200] {dag.py:3069} INFO - Creating ORM DAG for tutorial_taskflow_api
[2024-03-13T11:09:17.660+0200] {logging_mixin.py:188} INFO - [2024-03-13T11:09:17.660+0200] {dag.py:3834} INFO - Setting next_dagrun for tutorial_taskflow_api to None, run_after=None
[2024-03-13T11:09:17.674+0200] {processor.py:183} INFO - Processing /usr/local/lib/python3.8/site-packages/airflow/example_dags/tutorial_taskflow_api.py took 0.352 seconds
[2024-03-13T11:10:07.159+0200] {processor.py:161} INFO - Started process (PID=2051) to work on /usr/local/lib/python3.8/site-packages/airflow/example_dags/tutorial_taskflow_api.py
[2024-03-13T11:10:07.159+0200] {processor.py:830} INFO - Processing file /usr/local/lib/python3.8/site-packages/airflow/example_dags/tutorial_taskflow_api.py for tasks to queue
[2024-03-13T11:10:07.160+0200] {logging_mixin.py:188} INFO - [2024-03-13T11:10:07.160+0200] {dagbag.py:540} INFO - Filling up the DagBag from /usr/local/lib/python3.8/site-packages/airflow/example_dags/tutorial_taskflow_api.py
[2024-03-13T11:10:07.187+0200] {processor.py:840} INFO - DAG(s) 'tutorial_taskflow_api' retrieved from /usr/local/lib/python3.8/site-packages/airflow/example_dags/tutorial_taskflow_api.py
[2024-03-13T11:10:07.329+0200] {logging_mixin.py:188} INFO - [2024-03-13T11:10:07.328+0200] {dag.py:3047} INFO - Sync 1 DAGs
[2024-03-13T11:10:07.340+0200] {logging_mixin.py:188} INFO - [2024-03-13T11:10:07.340+0200] {dag.py:3834} INFO - Setting next_dagrun for tutorial_taskflow_api to None, run_after=None
[2024-03-13T11:10:07.355+0200] {processor.py:183} INFO - Processing /usr/local/lib/python3.8/site-packages/airflow/example_dags/tutorial_taskflow_api.py took 0.198 seconds
[2024-03-13T11:10:57.408+0200] {processor.py:161} INFO - Started process (PID=2221) to work on /usr/local/lib/python3.8/site-packages/airflow/example_dags/tutorial_taskflow_api.py
[2024-03-13T11:10:57.409+0200] {processor.py:830} INFO - Processing file /usr/local/lib/python3.8/site-packages/airflow/example_dags/tutorial_taskflow_api.py for tasks to queue
[2024-03-13T11:10:57.409+0200] {logging_mixin.py:188} INFO - [2024-03-13T11:10:57.409+0200] {dagbag.py:540} INFO - Filling up the DagBag from /usr/local/lib/python3.8/site-packages/airflow/example_dags/tutorial_taskflow_api.py
[2024-03-13T11:10:57.443+0200] {processor.py:840} INFO - DAG(s) 'tutorial_taskflow_api' retrieved from /usr/local/lib/python3.8/site-packages/airflow/example_dags/tutorial_taskflow_api.py
[2024-03-13T11:10:57.597+0200] {logging_mixin.py:188} INFO - [2024-03-13T11:10:57.596+0200] {dag.py:3047} INFO - Sync 1 DAGs
[2024-03-13T11:10:57.609+0200] {logging_mixin.py:188} INFO - [2024-03-13T11:10:57.608+0200] {dag.py:3834} INFO - Setting next_dagrun for tutorial_taskflow_api to None, run_after=None
[2024-03-13T11:10:57.626+0200] {processor.py:183} INFO - Processing /usr/local/lib/python3.8/site-packages/airflow/example_dags/tutorial_taskflow_api.py took 0.221 seconds
[2024-03-13T11:11:51.236+0200] {processor.py:161} INFO - Started process (PID=2438) to work on /usr/local/lib/python3.8/site-packages/airflow/example_dags/tutorial_taskflow_api.py
[2024-03-13T11:11:51.237+0200] {processor.py:830} INFO - Processing file /usr/local/lib/python3.8/site-packages/airflow/example_dags/tutorial_taskflow_api.py for tasks to queue
[2024-03-13T11:11:51.238+0200] {logging_mixin.py:188} INFO - [2024-03-13T11:11:51.237+0200] {dagbag.py:540} INFO - Filling up the DagBag from /usr/local/lib/python3.8/site-packages/airflow/example_dags/tutorial_taskflow_api.py
[2024-03-13T11:11:51.273+0200] {processor.py:840} INFO - DAG(s) 'tutorial_taskflow_api' retrieved from /usr/local/lib/python3.8/site-packages/airflow/example_dags/tutorial_taskflow_api.py
[2024-03-13T11:11:51.422+0200] {logging_mixin.py:188} INFO - [2024-03-13T11:11:51.421+0200] {dag.py:3047} INFO - Sync 1 DAGs
[2024-03-13T11:11:51.433+0200] {logging_mixin.py:188} INFO - [2024-03-13T11:11:51.433+0200] {dag.py:3834} INFO - Setting next_dagrun for tutorial_taskflow_api to None, run_after=None
[2024-03-13T11:11:51.448+0200] {processor.py:183} INFO - Processing /usr/local/lib/python3.8/site-packages/airflow/example_dags/tutorial_taskflow_api.py took 0.214 seconds
[2024-03-13T11:12:42.960+0200] {processor.py:161} INFO - Started process (PID=2631) to work on /usr/local/lib/python3.8/site-packages/airflow/example_dags/tutorial_taskflow_api.py
[2024-03-13T11:12:42.961+0200] {processor.py:830} INFO - Processing file /usr/local/lib/python3.8/site-packages/airflow/example_dags/tutorial_taskflow_api.py for tasks to queue
[2024-03-13T11:12:42.962+0200] {logging_mixin.py:188} INFO - [2024-03-13T11:12:42.962+0200] {dagbag.py:540} INFO - Filling up the DagBag from /usr/local/lib/python3.8/site-packages/airflow/example_dags/tutorial_taskflow_api.py
[2024-03-13T11:12:42.999+0200] {processor.py:840} INFO - DAG(s) 'tutorial_taskflow_api' retrieved from /usr/local/lib/python3.8/site-packages/airflow/example_dags/tutorial_taskflow_api.py
[2024-03-13T11:12:43.178+0200] {logging_mixin.py:188} INFO - [2024-03-13T11:12:43.177+0200] {dag.py:3047} INFO - Sync 1 DAGs
[2024-03-13T11:12:43.190+0200] {logging_mixin.py:188} INFO - [2024-03-13T11:12:43.190+0200] {dag.py:3834} INFO - Setting next_dagrun for tutorial_taskflow_api to None, run_after=None
[2024-03-13T11:12:43.207+0200] {processor.py:183} INFO - Processing /usr/local/lib/python3.8/site-packages/airflow/example_dags/tutorial_taskflow_api.py took 0.249 seconds
[2024-03-13T11:18:03.864+0200] {processor.py:161} INFO - Started process (PID=3281) to work on /usr/local/lib/python3.8/site-packages/airflow/example_dags/tutorial_taskflow_api.py
[2024-03-13T11:18:03.865+0200] {processor.py:830} INFO - Processing file /usr/local/lib/python3.8/site-packages/airflow/example_dags/tutorial_taskflow_api.py for tasks to queue
[2024-03-13T11:18:03.866+0200] {logging_mixin.py:188} INFO - [2024-03-13T11:18:03.865+0200] {dagbag.py:540} INFO - Filling up the DagBag from /usr/local/lib/python3.8/site-packages/airflow/example_dags/tutorial_taskflow_api.py
[2024-03-13T11:18:03.892+0200] {processor.py:840} INFO - DAG(s) 'tutorial_taskflow_api' retrieved from /usr/local/lib/python3.8/site-packages/airflow/example_dags/tutorial_taskflow_api.py
[2024-03-13T11:18:04.034+0200] {logging_mixin.py:188} INFO - [2024-03-13T11:18:04.034+0200] {dag.py:3047} INFO - Sync 1 DAGs
[2024-03-13T11:18:04.045+0200] {logging_mixin.py:188} INFO - [2024-03-13T11:18:04.045+0200] {dag.py:3834} INFO - Setting next_dagrun for tutorial_taskflow_api to None, run_after=None
[2024-03-13T11:18:04.059+0200] {processor.py:183} INFO - Processing /usr/local/lib/python3.8/site-packages/airflow/example_dags/tutorial_taskflow_api.py took 0.196 seconds
[2024-03-13T11:18:53.288+0200] {processor.py:161} INFO - Started process (PID=3489) to work on /usr/local/lib/python3.8/site-packages/airflow/example_dags/tutorial_taskflow_api.py
[2024-03-13T11:18:53.289+0200] {processor.py:830} INFO - Processing file /usr/local/lib/python3.8/site-packages/airflow/example_dags/tutorial_taskflow_api.py for tasks to queue
[2024-03-13T11:18:53.290+0200] {logging_mixin.py:188} INFO - [2024-03-13T11:18:53.290+0200] {dagbag.py:540} INFO - Filling up the DagBag from /usr/local/lib/python3.8/site-packages/airflow/example_dags/tutorial_taskflow_api.py
[2024-03-13T11:18:53.325+0200] {processor.py:840} INFO - DAG(s) 'tutorial_taskflow_api' retrieved from /usr/local/lib/python3.8/site-packages/airflow/example_dags/tutorial_taskflow_api.py
[2024-03-13T11:18:53.486+0200] {logging_mixin.py:188} INFO - [2024-03-13T11:18:53.486+0200] {dag.py:3047} INFO - Sync 1 DAGs
[2024-03-13T11:18:53.499+0200] {logging_mixin.py:188} INFO - [2024-03-13T11:18:53.499+0200] {dag.py:3834} INFO - Setting next_dagrun for tutorial_taskflow_api to None, run_after=None
[2024-03-13T11:18:53.516+0200] {processor.py:183} INFO - Processing /usr/local/lib/python3.8/site-packages/airflow/example_dags/tutorial_taskflow_api.py took 0.229 seconds
[2024-03-13T11:19:42.921+0200] {processor.py:161} INFO - Started process (PID=3668) to work on /usr/local/lib/python3.8/site-packages/airflow/example_dags/tutorial_taskflow_api.py
[2024-03-13T11:19:42.921+0200] {processor.py:830} INFO - Processing file /usr/local/lib/python3.8/site-packages/airflow/example_dags/tutorial_taskflow_api.py for tasks to queue
[2024-03-13T11:19:42.922+0200] {logging_mixin.py:188} INFO - [2024-03-13T11:19:42.922+0200] {dagbag.py:540} INFO - Filling up the DagBag from /usr/local/lib/python3.8/site-packages/airflow/example_dags/tutorial_taskflow_api.py
[2024-03-13T11:19:42.953+0200] {processor.py:840} INFO - DAG(s) 'tutorial_taskflow_api' retrieved from /usr/local/lib/python3.8/site-packages/airflow/example_dags/tutorial_taskflow_api.py
[2024-03-13T11:19:43.100+0200] {logging_mixin.py:188} INFO - [2024-03-13T11:19:43.100+0200] {dag.py:3047} INFO - Sync 1 DAGs
[2024-03-13T11:19:43.112+0200] {logging_mixin.py:188} INFO - [2024-03-13T11:19:43.112+0200] {dag.py:3834} INFO - Setting next_dagrun for tutorial_taskflow_api to None, run_after=None
[2024-03-13T11:19:43.127+0200] {processor.py:183} INFO - Processing /usr/local/lib/python3.8/site-packages/airflow/example_dags/tutorial_taskflow_api.py took 0.208 seconds
[2024-03-13T11:20:38.193+0200] {processor.py:161} INFO - Started process (PID=3914) to work on /usr/local/lib/python3.8/site-packages/airflow/example_dags/tutorial_taskflow_api.py
[2024-03-13T11:20:38.194+0200] {processor.py:830} INFO - Processing file /usr/local/lib/python3.8/site-packages/airflow/example_dags/tutorial_taskflow_api.py for tasks to queue
[2024-03-13T11:20:38.194+0200] {logging_mixin.py:188} INFO - [2024-03-13T11:20:38.194+0200] {dagbag.py:540} INFO - Filling up the DagBag from /usr/local/lib/python3.8/site-packages/airflow/example_dags/tutorial_taskflow_api.py
[2024-03-13T11:20:38.223+0200] {processor.py:840} INFO - DAG(s) 'tutorial_taskflow_api' retrieved from /usr/local/lib/python3.8/site-packages/airflow/example_dags/tutorial_taskflow_api.py
[2024-03-13T11:20:38.407+0200] {logging_mixin.py:188} INFO - [2024-03-13T11:20:38.407+0200] {dag.py:3047} INFO - Sync 1 DAGs
[2024-03-13T11:20:38.421+0200] {logging_mixin.py:188} INFO - [2024-03-13T11:20:38.421+0200] {dag.py:3834} INFO - Setting next_dagrun for tutorial_taskflow_api to None, run_after=None
[2024-03-13T11:20:38.452+0200] {processor.py:183} INFO - Processing /usr/local/lib/python3.8/site-packages/airflow/example_dags/tutorial_taskflow_api.py took 0.261 seconds
[2024-03-13T11:21:14.901+0200] {processor.py:161} INFO - Started process (PID=4044) to work on /usr/local/lib/python3.8/site-packages/airflow/example_dags/tutorial_taskflow_api.py
[2024-03-13T11:21:14.902+0200] {processor.py:830} INFO - Processing file /usr/local/lib/python3.8/site-packages/airflow/example_dags/tutorial_taskflow_api.py for tasks to queue
[2024-03-13T11:21:14.903+0200] {logging_mixin.py:188} INFO - [2024-03-13T11:21:14.902+0200] {dagbag.py:540} INFO - Filling up the DagBag from /usr/local/lib/python3.8/site-packages/airflow/example_dags/tutorial_taskflow_api.py
[2024-03-13T11:21:14.937+0200] {processor.py:840} INFO - DAG(s) 'tutorial_taskflow_api' retrieved from /usr/local/lib/python3.8/site-packages/airflow/example_dags/tutorial_taskflow_api.py
[2024-03-13T11:21:15.114+0200] {logging_mixin.py:188} INFO - [2024-03-13T11:21:15.113+0200] {dag.py:3047} INFO - Sync 1 DAGs
[2024-03-13T11:21:15.142+0200] {logging_mixin.py:188} INFO - [2024-03-13T11:21:15.142+0200] {dag.py:3834} INFO - Setting next_dagrun for tutorial_taskflow_api to None, run_after=None
[2024-03-13T11:21:15.163+0200] {processor.py:183} INFO - Processing /usr/local/lib/python3.8/site-packages/airflow/example_dags/tutorial_taskflow_api.py took 0.263 seconds
[2024-03-13T11:22:02.409+0200] {processor.py:161} INFO - Started process (PID=4235) to work on /usr/local/lib/python3.8/site-packages/airflow/example_dags/tutorial_taskflow_api.py
[2024-03-13T11:22:02.410+0200] {processor.py:830} INFO - Processing file /usr/local/lib/python3.8/site-packages/airflow/example_dags/tutorial_taskflow_api.py for tasks to queue
[2024-03-13T11:22:02.411+0200] {logging_mixin.py:188} INFO - [2024-03-13T11:22:02.410+0200] {dagbag.py:540} INFO - Filling up the DagBag from /usr/local/lib/python3.8/site-packages/airflow/example_dags/tutorial_taskflow_api.py
[2024-03-13T11:22:02.449+0200] {processor.py:840} INFO - DAG(s) 'tutorial_taskflow_api' retrieved from /usr/local/lib/python3.8/site-packages/airflow/example_dags/tutorial_taskflow_api.py
[2024-03-13T11:22:02.638+0200] {logging_mixin.py:188} INFO - [2024-03-13T11:22:02.637+0200] {dag.py:3047} INFO - Sync 1 DAGs
[2024-03-13T11:22:02.648+0200] {logging_mixin.py:188} INFO - [2024-03-13T11:22:02.648+0200] {dag.py:3834} INFO - Setting next_dagrun for tutorial_taskflow_api to None, run_after=None
[2024-03-13T11:22:02.662+0200] {processor.py:183} INFO - Processing /usr/local/lib/python3.8/site-packages/airflow/example_dags/tutorial_taskflow_api.py took 0.255 seconds
[2024-03-13T11:22:56.274+0200] {processor.py:161} INFO - Started process (PID=4436) to work on /usr/local/lib/python3.8/site-packages/airflow/example_dags/tutorial_taskflow_api.py
[2024-03-13T11:22:56.275+0200] {processor.py:830} INFO - Processing file /usr/local/lib/python3.8/site-packages/airflow/example_dags/tutorial_taskflow_api.py for tasks to queue
[2024-03-13T11:22:56.276+0200] {logging_mixin.py:188} INFO - [2024-03-13T11:22:56.276+0200] {dagbag.py:540} INFO - Filling up the DagBag from /usr/local/lib/python3.8/site-packages/airflow/example_dags/tutorial_taskflow_api.py
[2024-03-13T11:22:56.309+0200] {processor.py:840} INFO - DAG(s) 'tutorial_taskflow_api' retrieved from /usr/local/lib/python3.8/site-packages/airflow/example_dags/tutorial_taskflow_api.py
[2024-03-13T11:22:56.488+0200] {logging_mixin.py:188} INFO - [2024-03-13T11:22:56.487+0200] {dag.py:3047} INFO - Sync 1 DAGs
[2024-03-13T11:22:56.500+0200] {logging_mixin.py:188} INFO - [2024-03-13T11:22:56.500+0200] {dag.py:3834} INFO - Setting next_dagrun for tutorial_taskflow_api to None, run_after=None
[2024-03-13T11:22:56.516+0200] {processor.py:183} INFO - Processing /usr/local/lib/python3.8/site-packages/airflow/example_dags/tutorial_taskflow_api.py took 0.243 seconds
[2024-03-13T11:23:33.721+0200] {processor.py:161} INFO - Started process (PID=4572) to work on /usr/local/lib/python3.8/site-packages/airflow/example_dags/tutorial_taskflow_api.py
[2024-03-13T11:23:33.722+0200] {processor.py:830} INFO - Processing file /usr/local/lib/python3.8/site-packages/airflow/example_dags/tutorial_taskflow_api.py for tasks to queue
[2024-03-13T11:23:33.722+0200] {logging_mixin.py:188} INFO - [2024-03-13T11:23:33.722+0200] {dagbag.py:540} INFO - Filling up the DagBag from /usr/local/lib/python3.8/site-packages/airflow/example_dags/tutorial_taskflow_api.py
[2024-03-13T11:23:33.754+0200] {processor.py:840} INFO - DAG(s) 'tutorial_taskflow_api' retrieved from /usr/local/lib/python3.8/site-packages/airflow/example_dags/tutorial_taskflow_api.py
[2024-03-13T11:23:33.938+0200] {logging_mixin.py:188} INFO - [2024-03-13T11:23:33.937+0200] {dag.py:3047} INFO - Sync 1 DAGs
[2024-03-13T11:23:33.952+0200] {logging_mixin.py:188} INFO - [2024-03-13T11:23:33.952+0200] {dag.py:3834} INFO - Setting next_dagrun for tutorial_taskflow_api to None, run_after=None
[2024-03-13T11:23:33.991+0200] {processor.py:183} INFO - Processing /usr/local/lib/python3.8/site-packages/airflow/example_dags/tutorial_taskflow_api.py took 0.272 seconds
[2024-03-13T11:24:12.359+0200] {processor.py:161} INFO - Started process (PID=4701) to work on /usr/local/lib/python3.8/site-packages/airflow/example_dags/tutorial_taskflow_api.py
[2024-03-13T11:24:12.360+0200] {processor.py:830} INFO - Processing file /usr/local/lib/python3.8/site-packages/airflow/example_dags/tutorial_taskflow_api.py for tasks to queue
[2024-03-13T11:24:12.360+0200] {logging_mixin.py:188} INFO - [2024-03-13T11:24:12.360+0200] {dagbag.py:540} INFO - Filling up the DagBag from /usr/local/lib/python3.8/site-packages/airflow/example_dags/tutorial_taskflow_api.py
[2024-03-13T11:24:12.393+0200] {processor.py:840} INFO - DAG(s) 'tutorial_taskflow_api' retrieved from /usr/local/lib/python3.8/site-packages/airflow/example_dags/tutorial_taskflow_api.py
[2024-03-13T11:24:12.568+0200] {logging_mixin.py:188} INFO - [2024-03-13T11:24:12.567+0200] {dag.py:3047} INFO - Sync 1 DAGs
[2024-03-13T11:24:12.592+0200] {logging_mixin.py:188} INFO - [2024-03-13T11:24:12.591+0200] {dag.py:3834} INFO - Setting next_dagrun for tutorial_taskflow_api to None, run_after=None
[2024-03-13T11:24:12.609+0200] {processor.py:183} INFO - Processing /usr/local/lib/python3.8/site-packages/airflow/example_dags/tutorial_taskflow_api.py took 0.252 seconds
[2024-03-13T11:24:52.252+0200] {processor.py:161} INFO - Started process (PID=4852) to work on /usr/local/lib/python3.8/site-packages/airflow/example_dags/tutorial_taskflow_api.py
[2024-03-13T11:24:52.253+0200] {processor.py:830} INFO - Processing file /usr/local/lib/python3.8/site-packages/airflow/example_dags/tutorial_taskflow_api.py for tasks to queue
[2024-03-13T11:24:52.254+0200] {logging_mixin.py:188} INFO - [2024-03-13T11:24:52.254+0200] {dagbag.py:540} INFO - Filling up the DagBag from /usr/local/lib/python3.8/site-packages/airflow/example_dags/tutorial_taskflow_api.py
[2024-03-13T11:24:52.286+0200] {processor.py:840} INFO - DAG(s) 'tutorial_taskflow_api' retrieved from /usr/local/lib/python3.8/site-packages/airflow/example_dags/tutorial_taskflow_api.py
[2024-03-13T11:24:52.438+0200] {logging_mixin.py:188} INFO - [2024-03-13T11:24:52.437+0200] {dag.py:3047} INFO - Sync 1 DAGs
[2024-03-13T11:24:52.448+0200] {logging_mixin.py:188} INFO - [2024-03-13T11:24:52.448+0200] {dag.py:3834} INFO - Setting next_dagrun for tutorial_taskflow_api to None, run_after=None
[2024-03-13T11:24:52.463+0200] {processor.py:183} INFO - Processing /usr/local/lib/python3.8/site-packages/airflow/example_dags/tutorial_taskflow_api.py took 0.212 seconds
[2024-03-13T11:25:30.213+0200] {processor.py:161} INFO - Started process (PID=4981) to work on /usr/local/lib/python3.8/site-packages/airflow/example_dags/tutorial_taskflow_api.py
[2024-03-13T11:25:30.213+0200] {processor.py:830} INFO - Processing file /usr/local/lib/python3.8/site-packages/airflow/example_dags/tutorial_taskflow_api.py for tasks to queue
[2024-03-13T11:25:30.214+0200] {logging_mixin.py:188} INFO - [2024-03-13T11:25:30.214+0200] {dagbag.py:540} INFO - Filling up the DagBag from /usr/local/lib/python3.8/site-packages/airflow/example_dags/tutorial_taskflow_api.py
[2024-03-13T11:25:30.245+0200] {processor.py:840} INFO - DAG(s) 'tutorial_taskflow_api' retrieved from /usr/local/lib/python3.8/site-packages/airflow/example_dags/tutorial_taskflow_api.py
[2024-03-13T11:25:30.396+0200] {logging_mixin.py:188} INFO - [2024-03-13T11:25:30.396+0200] {dag.py:3047} INFO - Sync 1 DAGs
[2024-03-13T11:25:30.409+0200] {logging_mixin.py:188} INFO - [2024-03-13T11:25:30.408+0200] {dag.py:3834} INFO - Setting next_dagrun for tutorial_taskflow_api to None, run_after=None
[2024-03-13T11:25:30.442+0200] {processor.py:183} INFO - Processing /usr/local/lib/python3.8/site-packages/airflow/example_dags/tutorial_taskflow_api.py took 0.231 seconds
[2024-03-13T11:26:16.061+0200] {processor.py:161} INFO - Started process (PID=5160) to work on /usr/local/lib/python3.8/site-packages/airflow/example_dags/tutorial_taskflow_api.py
[2024-03-13T11:26:16.062+0200] {processor.py:830} INFO - Processing file /usr/local/lib/python3.8/site-packages/airflow/example_dags/tutorial_taskflow_api.py for tasks to queue
[2024-03-13T11:26:16.062+0200] {logging_mixin.py:188} INFO - [2024-03-13T11:26:16.062+0200] {dagbag.py:540} INFO - Filling up the DagBag from /usr/local/lib/python3.8/site-packages/airflow/example_dags/tutorial_taskflow_api.py
[2024-03-13T11:26:16.089+0200] {processor.py:840} INFO - DAG(s) 'tutorial_taskflow_api' retrieved from /usr/local/lib/python3.8/site-packages/airflow/example_dags/tutorial_taskflow_api.py
[2024-03-13T11:26:16.242+0200] {logging_mixin.py:188} INFO - [2024-03-13T11:26:16.242+0200] {dag.py:3047} INFO - Sync 1 DAGs
[2024-03-13T11:26:16.253+0200] {logging_mixin.py:188} INFO - [2024-03-13T11:26:16.253+0200] {dag.py:3834} INFO - Setting next_dagrun for tutorial_taskflow_api to None, run_after=None
[2024-03-13T11:26:16.267+0200] {processor.py:183} INFO - Processing /usr/local/lib/python3.8/site-packages/airflow/example_dags/tutorial_taskflow_api.py took 0.208 seconds
[2024-03-13T11:26:56.001+0200] {processor.py:161} INFO - Started process (PID=5324) to work on /usr/local/lib/python3.8/site-packages/airflow/example_dags/tutorial_taskflow_api.py
[2024-03-13T11:26:56.002+0200] {processor.py:830} INFO - Processing file /usr/local/lib/python3.8/site-packages/airflow/example_dags/tutorial_taskflow_api.py for tasks to queue
[2024-03-13T11:26:56.002+0200] {logging_mixin.py:188} INFO - [2024-03-13T11:26:56.002+0200] {dagbag.py:540} INFO - Filling up the DagBag from /usr/local/lib/python3.8/site-packages/airflow/example_dags/tutorial_taskflow_api.py
[2024-03-13T11:26:56.032+0200] {processor.py:840} INFO - DAG(s) 'tutorial_taskflow_api' retrieved from /usr/local/lib/python3.8/site-packages/airflow/example_dags/tutorial_taskflow_api.py
[2024-03-13T11:26:56.187+0200] {logging_mixin.py:188} INFO - [2024-03-13T11:26:56.187+0200] {dag.py:3047} INFO - Sync 1 DAGs
[2024-03-13T11:26:56.198+0200] {logging_mixin.py:188} INFO - [2024-03-13T11:26:56.198+0200] {dag.py:3834} INFO - Setting next_dagrun for tutorial_taskflow_api to None, run_after=None
[2024-03-13T11:26:56.214+0200] {processor.py:183} INFO - Processing /usr/local/lib/python3.8/site-packages/airflow/example_dags/tutorial_taskflow_api.py took 0.214 seconds
[2024-03-13T11:27:36.147+0200] {processor.py:161} INFO - Started process (PID=5475) to work on /usr/local/lib/python3.8/site-packages/airflow/example_dags/tutorial_taskflow_api.py
[2024-03-13T11:27:36.148+0200] {processor.py:830} INFO - Processing file /usr/local/lib/python3.8/site-packages/airflow/example_dags/tutorial_taskflow_api.py for tasks to queue
[2024-03-13T11:27:36.148+0200] {logging_mixin.py:188} INFO - [2024-03-13T11:27:36.148+0200] {dagbag.py:540} INFO - Filling up the DagBag from /usr/local/lib/python3.8/site-packages/airflow/example_dags/tutorial_taskflow_api.py
[2024-03-13T11:27:36.175+0200] {processor.py:840} INFO - DAG(s) 'tutorial_taskflow_api' retrieved from /usr/local/lib/python3.8/site-packages/airflow/example_dags/tutorial_taskflow_api.py
[2024-03-13T11:27:36.313+0200] {logging_mixin.py:188} INFO - [2024-03-13T11:27:36.313+0200] {dag.py:3047} INFO - Sync 1 DAGs
[2024-03-13T11:27:36.341+0200] {logging_mixin.py:188} INFO - [2024-03-13T11:27:36.341+0200] {dag.py:3834} INFO - Setting next_dagrun for tutorial_taskflow_api to None, run_after=None
[2024-03-13T11:27:36.358+0200] {processor.py:183} INFO - Processing /usr/local/lib/python3.8/site-packages/airflow/example_dags/tutorial_taskflow_api.py took 0.212 seconds
[2024-03-13T11:28:19.679+0200] {processor.py:161} INFO - Started process (PID=5645) to work on /usr/local/lib/python3.8/site-packages/airflow/example_dags/tutorial_taskflow_api.py
[2024-03-13T11:28:19.680+0200] {processor.py:830} INFO - Processing file /usr/local/lib/python3.8/site-packages/airflow/example_dags/tutorial_taskflow_api.py for tasks to queue
[2024-03-13T11:28:19.680+0200] {logging_mixin.py:188} INFO - [2024-03-13T11:28:19.680+0200] {dagbag.py:540} INFO - Filling up the DagBag from /usr/local/lib/python3.8/site-packages/airflow/example_dags/tutorial_taskflow_api.py
[2024-03-13T11:28:19.707+0200] {processor.py:840} INFO - DAG(s) 'tutorial_taskflow_api' retrieved from /usr/local/lib/python3.8/site-packages/airflow/example_dags/tutorial_taskflow_api.py
[2024-03-13T11:28:19.860+0200] {logging_mixin.py:188} INFO - [2024-03-13T11:28:19.860+0200] {dag.py:3047} INFO - Sync 1 DAGs
[2024-03-13T11:28:19.871+0200] {logging_mixin.py:188} INFO - [2024-03-13T11:28:19.871+0200] {dag.py:3834} INFO - Setting next_dagrun for tutorial_taskflow_api to None, run_after=None
[2024-03-13T11:28:19.899+0200] {processor.py:183} INFO - Processing /usr/local/lib/python3.8/site-packages/airflow/example_dags/tutorial_taskflow_api.py took 0.221 seconds
[2024-03-13T11:29:01.168+0200] {processor.py:161} INFO - Started process (PID=5815) to work on /usr/local/lib/python3.8/site-packages/airflow/example_dags/tutorial_taskflow_api.py
[2024-03-13T11:29:01.169+0200] {processor.py:830} INFO - Processing file /usr/local/lib/python3.8/site-packages/airflow/example_dags/tutorial_taskflow_api.py for tasks to queue
[2024-03-13T11:29:01.170+0200] {logging_mixin.py:188} INFO - [2024-03-13T11:29:01.170+0200] {dagbag.py:540} INFO - Filling up the DagBag from /usr/local/lib/python3.8/site-packages/airflow/example_dags/tutorial_taskflow_api.py
[2024-03-13T11:29:01.208+0200] {processor.py:840} INFO - DAG(s) 'tutorial_taskflow_api' retrieved from /usr/local/lib/python3.8/site-packages/airflow/example_dags/tutorial_taskflow_api.py
[2024-03-13T11:29:01.388+0200] {logging_mixin.py:188} INFO - [2024-03-13T11:29:01.387+0200] {dag.py:3047} INFO - Sync 1 DAGs
[2024-03-13T11:29:01.398+0200] {logging_mixin.py:188} INFO - [2024-03-13T11:29:01.398+0200] {dag.py:3834} INFO - Setting next_dagrun for tutorial_taskflow_api to None, run_after=None
[2024-03-13T11:29:01.412+0200] {processor.py:183} INFO - Processing /usr/local/lib/python3.8/site-packages/airflow/example_dags/tutorial_taskflow_api.py took 0.245 seconds
[2024-03-13T11:29:41.933+0200] {processor.py:161} INFO - Started process (PID=5968) to work on /usr/local/lib/python3.8/site-packages/airflow/example_dags/tutorial_taskflow_api.py
[2024-03-13T11:29:41.934+0200] {processor.py:830} INFO - Processing file /usr/local/lib/python3.8/site-packages/airflow/example_dags/tutorial_taskflow_api.py for tasks to queue
[2024-03-13T11:29:41.934+0200] {logging_mixin.py:188} INFO - [2024-03-13T11:29:41.934+0200] {dagbag.py:540} INFO - Filling up the DagBag from /usr/local/lib/python3.8/site-packages/airflow/example_dags/tutorial_taskflow_api.py
[2024-03-13T11:29:41.963+0200] {processor.py:840} INFO - DAG(s) 'tutorial_taskflow_api' retrieved from /usr/local/lib/python3.8/site-packages/airflow/example_dags/tutorial_taskflow_api.py
[2024-03-13T11:29:42.098+0200] {logging_mixin.py:188} INFO - [2024-03-13T11:29:42.097+0200] {dag.py:3047} INFO - Sync 1 DAGs
[2024-03-13T11:29:42.124+0200] {logging_mixin.py:188} INFO - [2024-03-13T11:29:42.124+0200] {dag.py:3834} INFO - Setting next_dagrun for tutorial_taskflow_api to None, run_after=None
[2024-03-13T11:29:42.138+0200] {processor.py:183} INFO - Processing /usr/local/lib/python3.8/site-packages/airflow/example_dags/tutorial_taskflow_api.py took 0.206 seconds
[2024-03-13T11:30:23.291+0200] {processor.py:161} INFO - Started process (PID=6131) to work on /usr/local/lib/python3.8/site-packages/airflow/example_dags/tutorial_taskflow_api.py
[2024-03-13T11:30:23.292+0200] {processor.py:830} INFO - Processing file /usr/local/lib/python3.8/site-packages/airflow/example_dags/tutorial_taskflow_api.py for tasks to queue
[2024-03-13T11:30:23.293+0200] {logging_mixin.py:188} INFO - [2024-03-13T11:30:23.293+0200] {dagbag.py:540} INFO - Filling up the DagBag from /usr/local/lib/python3.8/site-packages/airflow/example_dags/tutorial_taskflow_api.py
[2024-03-13T11:30:23.319+0200] {processor.py:840} INFO - DAG(s) 'tutorial_taskflow_api' retrieved from /usr/local/lib/python3.8/site-packages/airflow/example_dags/tutorial_taskflow_api.py
[2024-03-13T11:30:23.470+0200] {logging_mixin.py:188} INFO - [2024-03-13T11:30:23.469+0200] {dag.py:3047} INFO - Sync 1 DAGs
[2024-03-13T11:30:23.479+0200] {logging_mixin.py:188} INFO - [2024-03-13T11:30:23.479+0200] {dag.py:3834} INFO - Setting next_dagrun for tutorial_taskflow_api to None, run_after=None
[2024-03-13T11:30:23.493+0200] {processor.py:183} INFO - Processing /usr/local/lib/python3.8/site-packages/airflow/example_dags/tutorial_taskflow_api.py took 0.204 seconds
[2024-03-13T11:31:05.219+0200] {processor.py:161} INFO - Started process (PID=6300) to work on /usr/local/lib/python3.8/site-packages/airflow/example_dags/tutorial_taskflow_api.py
[2024-03-13T11:31:05.220+0200] {processor.py:830} INFO - Processing file /usr/local/lib/python3.8/site-packages/airflow/example_dags/tutorial_taskflow_api.py for tasks to queue
[2024-03-13T11:31:05.220+0200] {logging_mixin.py:188} INFO - [2024-03-13T11:31:05.220+0200] {dagbag.py:540} INFO - Filling up the DagBag from /usr/local/lib/python3.8/site-packages/airflow/example_dags/tutorial_taskflow_api.py
[2024-03-13T11:31:05.247+0200] {processor.py:840} INFO - DAG(s) 'tutorial_taskflow_api' retrieved from /usr/local/lib/python3.8/site-packages/airflow/example_dags/tutorial_taskflow_api.py
[2024-03-13T11:31:05.391+0200] {logging_mixin.py:188} INFO - [2024-03-13T11:31:05.391+0200] {dag.py:3047} INFO - Sync 1 DAGs
[2024-03-13T11:31:05.402+0200] {logging_mixin.py:188} INFO - [2024-03-13T11:31:05.402+0200] {dag.py:3834} INFO - Setting next_dagrun for tutorial_taskflow_api to None, run_after=None
[2024-03-13T11:31:05.430+0200] {processor.py:183} INFO - Processing /usr/local/lib/python3.8/site-packages/airflow/example_dags/tutorial_taskflow_api.py took 0.213 seconds
[2024-03-13T11:31:47.058+0200] {processor.py:161} INFO - Started process (PID=6465) to work on /usr/local/lib/python3.8/site-packages/airflow/example_dags/tutorial_taskflow_api.py
[2024-03-13T11:31:47.058+0200] {processor.py:830} INFO - Processing file /usr/local/lib/python3.8/site-packages/airflow/example_dags/tutorial_taskflow_api.py for tasks to queue
[2024-03-13T11:31:47.059+0200] {logging_mixin.py:188} INFO - [2024-03-13T11:31:47.059+0200] {dagbag.py:540} INFO - Filling up the DagBag from /usr/local/lib/python3.8/site-packages/airflow/example_dags/tutorial_taskflow_api.py
[2024-03-13T11:31:47.085+0200] {processor.py:840} INFO - DAG(s) 'tutorial_taskflow_api' retrieved from /usr/local/lib/python3.8/site-packages/airflow/example_dags/tutorial_taskflow_api.py
[2024-03-13T11:31:47.240+0200] {logging_mixin.py:188} INFO - [2024-03-13T11:31:47.240+0200] {dag.py:3047} INFO - Sync 1 DAGs
[2024-03-13T11:31:47.253+0200] {logging_mixin.py:188} INFO - [2024-03-13T11:31:47.253+0200] {dag.py:3834} INFO - Setting next_dagrun for tutorial_taskflow_api to None, run_after=None
[2024-03-13T11:31:47.281+0200] {processor.py:183} INFO - Processing /usr/local/lib/python3.8/site-packages/airflow/example_dags/tutorial_taskflow_api.py took 0.225 seconds
[2024-03-13T11:32:28.918+0200] {processor.py:161} INFO - Started process (PID=6630) to work on /usr/local/lib/python3.8/site-packages/airflow/example_dags/tutorial_taskflow_api.py
[2024-03-13T11:32:28.919+0200] {processor.py:830} INFO - Processing file /usr/local/lib/python3.8/site-packages/airflow/example_dags/tutorial_taskflow_api.py for tasks to queue
[2024-03-13T11:32:28.919+0200] {logging_mixin.py:188} INFO - [2024-03-13T11:32:28.919+0200] {dagbag.py:540} INFO - Filling up the DagBag from /usr/local/lib/python3.8/site-packages/airflow/example_dags/tutorial_taskflow_api.py
[2024-03-13T11:32:28.946+0200] {processor.py:840} INFO - DAG(s) 'tutorial_taskflow_api' retrieved from /usr/local/lib/python3.8/site-packages/airflow/example_dags/tutorial_taskflow_api.py
[2024-03-13T11:32:29.093+0200] {logging_mixin.py:188} INFO - [2024-03-13T11:32:29.092+0200] {dag.py:3047} INFO - Sync 1 DAGs
[2024-03-13T11:32:29.103+0200] {logging_mixin.py:188} INFO - [2024-03-13T11:32:29.103+0200] {dag.py:3834} INFO - Setting next_dagrun for tutorial_taskflow_api to None, run_after=None
[2024-03-13T11:32:29.130+0200] {processor.py:183} INFO - Processing /usr/local/lib/python3.8/site-packages/airflow/example_dags/tutorial_taskflow_api.py took 0.213 seconds
[2024-03-13T11:33:12.975+0200] {processor.py:161} INFO - Started process (PID=6827) to work on /usr/local/lib/python3.8/site-packages/airflow/example_dags/tutorial_taskflow_api.py
[2024-03-13T11:33:12.976+0200] {processor.py:830} INFO - Processing file /usr/local/lib/python3.8/site-packages/airflow/example_dags/tutorial_taskflow_api.py for tasks to queue
[2024-03-13T11:33:12.976+0200] {logging_mixin.py:188} INFO - [2024-03-13T11:33:12.976+0200] {dagbag.py:540} INFO - Filling up the DagBag from /usr/local/lib/python3.8/site-packages/airflow/example_dags/tutorial_taskflow_api.py
[2024-03-13T11:33:13.003+0200] {processor.py:840} INFO - DAG(s) 'tutorial_taskflow_api' retrieved from /usr/local/lib/python3.8/site-packages/airflow/example_dags/tutorial_taskflow_api.py
[2024-03-13T11:33:13.141+0200] {logging_mixin.py:188} INFO - [2024-03-13T11:33:13.141+0200] {dag.py:3047} INFO - Sync 1 DAGs
[2024-03-13T11:33:13.153+0200] {logging_mixin.py:188} INFO - [2024-03-13T11:33:13.152+0200] {dag.py:3834} INFO - Setting next_dagrun for tutorial_taskflow_api to None, run_after=None
[2024-03-13T11:33:13.181+0200] {processor.py:183} INFO - Processing /usr/local/lib/python3.8/site-packages/airflow/example_dags/tutorial_taskflow_api.py took 0.207 seconds
[2024-03-13T11:33:54.437+0200] {processor.py:161} INFO - Started process (PID=6983) to work on /usr/local/lib/python3.8/site-packages/airflow/example_dags/tutorial_taskflow_api.py
[2024-03-13T11:33:54.438+0200] {processor.py:830} INFO - Processing file /usr/local/lib/python3.8/site-packages/airflow/example_dags/tutorial_taskflow_api.py for tasks to queue
[2024-03-13T11:33:54.439+0200] {logging_mixin.py:188} INFO - [2024-03-13T11:33:54.438+0200] {dagbag.py:540} INFO - Filling up the DagBag from /usr/local/lib/python3.8/site-packages/airflow/example_dags/tutorial_taskflow_api.py
[2024-03-13T11:33:54.469+0200] {processor.py:840} INFO - DAG(s) 'tutorial_taskflow_api' retrieved from /usr/local/lib/python3.8/site-packages/airflow/example_dags/tutorial_taskflow_api.py
[2024-03-13T11:33:54.619+0200] {logging_mixin.py:188} INFO - [2024-03-13T11:33:54.618+0200] {dag.py:3047} INFO - Sync 1 DAGs
[2024-03-13T11:33:54.632+0200] {logging_mixin.py:188} INFO - [2024-03-13T11:33:54.632+0200] {dag.py:3834} INFO - Setting next_dagrun for tutorial_taskflow_api to None, run_after=None
[2024-03-13T11:33:54.650+0200] {processor.py:183} INFO - Processing /usr/local/lib/python3.8/site-packages/airflow/example_dags/tutorial_taskflow_api.py took 0.214 seconds
[2024-03-13T11:34:36.408+0200] {processor.py:161} INFO - Started process (PID=7146) to work on /usr/local/lib/python3.8/site-packages/airflow/example_dags/tutorial_taskflow_api.py
[2024-03-13T11:34:36.408+0200] {processor.py:830} INFO - Processing file /usr/local/lib/python3.8/site-packages/airflow/example_dags/tutorial_taskflow_api.py for tasks to queue
[2024-03-13T11:34:36.409+0200] {logging_mixin.py:188} INFO - [2024-03-13T11:34:36.409+0200] {dagbag.py:540} INFO - Filling up the DagBag from /usr/local/lib/python3.8/site-packages/airflow/example_dags/tutorial_taskflow_api.py
[2024-03-13T11:34:36.438+0200] {processor.py:840} INFO - DAG(s) 'tutorial_taskflow_api' retrieved from /usr/local/lib/python3.8/site-packages/airflow/example_dags/tutorial_taskflow_api.py
[2024-03-13T11:34:36.625+0200] {logging_mixin.py:188} INFO - [2024-03-13T11:34:36.625+0200] {dag.py:3047} INFO - Sync 1 DAGs
[2024-03-13T11:34:36.639+0200] {logging_mixin.py:188} INFO - [2024-03-13T11:34:36.639+0200] {dag.py:3834} INFO - Setting next_dagrun for tutorial_taskflow_api to None, run_after=None
[2024-03-13T11:34:36.673+0200] {processor.py:183} INFO - Processing /usr/local/lib/python3.8/site-packages/airflow/example_dags/tutorial_taskflow_api.py took 0.267 seconds
