[2024-03-07T02:24:22.048+0200] {processor.py:161} INFO - Started process (PID=25586) to work on /usr/local/lib/python3.8/site-packages/airflow/example_dags/plugins/workday.py
[2024-03-07T02:24:22.049+0200] {processor.py:830} INFO - Processing file /usr/local/lib/python3.8/site-packages/airflow/example_dags/plugins/workday.py for tasks to queue
[2024-03-07T02:24:22.049+0200] {logging_mixin.py:188} INFO - [2024-03-07T02:24:22.049+0200] {dagbag.py:540} INFO - Filling up the DagBag from /usr/local/lib/python3.8/site-packages/airflow/example_dags/plugins/workday.py
[2024-03-07T02:24:22.050+0200] {logging_mixin.py:188} INFO - [2024-03-07T02:24:22.050+0200] {workday.py:40} WARNING - Could not import pandas. Holidays will not be considered.
[2024-03-07T02:24:22.051+0200] {processor.py:842} WARNING - No viable dags retrieved from /usr/local/lib/python3.8/site-packages/airflow/example_dags/plugins/workday.py
[2024-03-07T02:24:22.122+0200] {processor.py:183} INFO - Processing /usr/local/lib/python3.8/site-packages/airflow/example_dags/plugins/workday.py took 0.076 seconds
[2024-03-07T02:26:00.386+0200] {processor.py:161} INFO - Started process (PID=25735) to work on /usr/local/lib/python3.8/site-packages/airflow/example_dags/plugins/workday.py
[2024-03-07T02:26:00.387+0200] {processor.py:830} INFO - Processing file /usr/local/lib/python3.8/site-packages/airflow/example_dags/plugins/workday.py for tasks to queue
[2024-03-07T02:26:00.388+0200] {logging_mixin.py:188} INFO - [2024-03-07T02:26:00.388+0200] {dagbag.py:540} INFO - Filling up the DagBag from /usr/local/lib/python3.8/site-packages/airflow/example_dags/plugins/workday.py
[2024-03-07T02:26:00.389+0200] {logging_mixin.py:188} INFO - [2024-03-07T02:26:00.389+0200] {workday.py:40} WARNING - Could not import pandas. Holidays will not be considered.
[2024-03-07T02:26:00.390+0200] {processor.py:842} WARNING - No viable dags retrieved from /usr/local/lib/python3.8/site-packages/airflow/example_dags/plugins/workday.py
[2024-03-07T02:26:00.478+0200] {processor.py:183} INFO - Processing /usr/local/lib/python3.8/site-packages/airflow/example_dags/plugins/workday.py took 0.093 seconds
[2024-03-07T02:27:50.132+0200] {processor.py:161} INFO - Started process (PID=25853) to work on /usr/local/lib/python3.8/site-packages/airflow/example_dags/plugins/workday.py
[2024-03-07T02:27:50.133+0200] {processor.py:830} INFO - Processing file /usr/local/lib/python3.8/site-packages/airflow/example_dags/plugins/workday.py for tasks to queue
[2024-03-07T02:27:50.134+0200] {logging_mixin.py:188} INFO - [2024-03-07T02:27:50.134+0200] {dagbag.py:540} INFO - Filling up the DagBag from /usr/local/lib/python3.8/site-packages/airflow/example_dags/plugins/workday.py
[2024-03-07T02:27:50.135+0200] {logging_mixin.py:188} INFO - [2024-03-07T02:27:50.135+0200] {workday.py:40} WARNING - Could not import pandas. Holidays will not be considered.
[2024-03-07T02:27:50.135+0200] {processor.py:842} WARNING - No viable dags retrieved from /usr/local/lib/python3.8/site-packages/airflow/example_dags/plugins/workday.py
[2024-03-07T02:27:50.210+0200] {processor.py:183} INFO - Processing /usr/local/lib/python3.8/site-packages/airflow/example_dags/plugins/workday.py took 0.079 seconds
[2024-03-07T02:29:28.461+0200] {processor.py:161} INFO - Started process (PID=25946) to work on /usr/local/lib/python3.8/site-packages/airflow/example_dags/plugins/workday.py
[2024-03-07T02:29:28.462+0200] {processor.py:830} INFO - Processing file /usr/local/lib/python3.8/site-packages/airflow/example_dags/plugins/workday.py for tasks to queue
[2024-03-07T02:29:28.462+0200] {logging_mixin.py:188} INFO - [2024-03-07T02:29:28.462+0200] {dagbag.py:540} INFO - Filling up the DagBag from /usr/local/lib/python3.8/site-packages/airflow/example_dags/plugins/workday.py
[2024-03-07T02:29:28.464+0200] {logging_mixin.py:188} INFO - [2024-03-07T02:29:28.464+0200] {workday.py:40} WARNING - Could not import pandas. Holidays will not be considered.
[2024-03-07T02:29:28.464+0200] {processor.py:842} WARNING - No viable dags retrieved from /usr/local/lib/python3.8/site-packages/airflow/example_dags/plugins/workday.py
[2024-03-07T02:29:28.546+0200] {processor.py:183} INFO - Processing /usr/local/lib/python3.8/site-packages/airflow/example_dags/plugins/workday.py took 0.087 seconds
[2024-03-07T02:31:13.569+0200] {processor.py:161} INFO - Started process (PID=26048) to work on /usr/local/lib/python3.8/site-packages/airflow/example_dags/plugins/workday.py
[2024-03-07T02:31:13.570+0200] {processor.py:830} INFO - Processing file /usr/local/lib/python3.8/site-packages/airflow/example_dags/plugins/workday.py for tasks to queue
[2024-03-07T02:31:13.571+0200] {logging_mixin.py:188} INFO - [2024-03-07T02:31:13.571+0200] {dagbag.py:540} INFO - Filling up the DagBag from /usr/local/lib/python3.8/site-packages/airflow/example_dags/plugins/workday.py
[2024-03-07T02:31:13.572+0200] {logging_mixin.py:188} INFO - [2024-03-07T02:31:13.572+0200] {workday.py:40} WARNING - Could not import pandas. Holidays will not be considered.
[2024-03-07T02:31:13.573+0200] {processor.py:842} WARNING - No viable dags retrieved from /usr/local/lib/python3.8/site-packages/airflow/example_dags/plugins/workday.py
[2024-03-07T02:31:13.654+0200] {processor.py:183} INFO - Processing /usr/local/lib/python3.8/site-packages/airflow/example_dags/plugins/workday.py took 0.087 seconds
[2024-03-07T02:33:00.201+0200] {processor.py:161} INFO - Started process (PID=26159) to work on /usr/local/lib/python3.8/site-packages/airflow/example_dags/plugins/workday.py
[2024-03-07T02:33:00.202+0200] {processor.py:830} INFO - Processing file /usr/local/lib/python3.8/site-packages/airflow/example_dags/plugins/workday.py for tasks to queue
[2024-03-07T02:33:00.202+0200] {logging_mixin.py:188} INFO - [2024-03-07T02:33:00.202+0200] {dagbag.py:540} INFO - Filling up the DagBag from /usr/local/lib/python3.8/site-packages/airflow/example_dags/plugins/workday.py
[2024-03-07T02:33:00.204+0200] {logging_mixin.py:188} INFO - [2024-03-07T02:33:00.204+0200] {workday.py:40} WARNING - Could not import pandas. Holidays will not be considered.
[2024-03-07T02:33:00.204+0200] {processor.py:842} WARNING - No viable dags retrieved from /usr/local/lib/python3.8/site-packages/airflow/example_dags/plugins/workday.py
[2024-03-07T02:33:00.285+0200] {processor.py:183} INFO - Processing /usr/local/lib/python3.8/site-packages/airflow/example_dags/plugins/workday.py took 0.087 seconds
[2024-03-07T02:34:41.870+0200] {processor.py:161} INFO - Started process (PID=27942) to work on /usr/local/lib/python3.8/site-packages/airflow/example_dags/plugins/workday.py
[2024-03-07T02:34:41.871+0200] {processor.py:830} INFO - Processing file /usr/local/lib/python3.8/site-packages/airflow/example_dags/plugins/workday.py for tasks to queue
[2024-03-07T02:34:41.872+0200] {logging_mixin.py:188} INFO - [2024-03-07T02:34:41.871+0200] {dagbag.py:540} INFO - Filling up the DagBag from /usr/local/lib/python3.8/site-packages/airflow/example_dags/plugins/workday.py
[2024-03-07T02:34:41.873+0200] {logging_mixin.py:188} INFO - [2024-03-07T02:34:41.873+0200] {workday.py:40} WARNING - Could not import pandas. Holidays will not be considered.
[2024-03-07T02:34:41.873+0200] {processor.py:842} WARNING - No viable dags retrieved from /usr/local/lib/python3.8/site-packages/airflow/example_dags/plugins/workday.py
[2024-03-07T02:34:41.978+0200] {processor.py:183} INFO - Processing /usr/local/lib/python3.8/site-packages/airflow/example_dags/plugins/workday.py took 0.110 seconds
[2024-03-07T02:36:28.598+0200] {processor.py:161} INFO - Started process (PID=28046) to work on /usr/local/lib/python3.8/site-packages/airflow/example_dags/plugins/workday.py
[2024-03-07T02:36:28.599+0200] {processor.py:830} INFO - Processing file /usr/local/lib/python3.8/site-packages/airflow/example_dags/plugins/workday.py for tasks to queue
[2024-03-07T02:36:28.600+0200] {logging_mixin.py:188} INFO - [2024-03-07T02:36:28.599+0200] {dagbag.py:540} INFO - Filling up the DagBag from /usr/local/lib/python3.8/site-packages/airflow/example_dags/plugins/workday.py
[2024-03-07T02:36:28.601+0200] {logging_mixin.py:188} INFO - [2024-03-07T02:36:28.601+0200] {workday.py:40} WARNING - Could not import pandas. Holidays will not be considered.
[2024-03-07T02:36:28.601+0200] {processor.py:842} WARNING - No viable dags retrieved from /usr/local/lib/python3.8/site-packages/airflow/example_dags/plugins/workday.py
[2024-03-07T02:36:28.681+0200] {processor.py:183} INFO - Processing /usr/local/lib/python3.8/site-packages/airflow/example_dags/plugins/workday.py took 0.085 seconds
[2024-03-07T02:38:17.111+0200] {processor.py:161} INFO - Started process (PID=28148) to work on /usr/local/lib/python3.8/site-packages/airflow/example_dags/plugins/workday.py
[2024-03-07T02:38:17.112+0200] {processor.py:830} INFO - Processing file /usr/local/lib/python3.8/site-packages/airflow/example_dags/plugins/workday.py for tasks to queue
[2024-03-07T02:38:17.113+0200] {logging_mixin.py:188} INFO - [2024-03-07T02:38:17.113+0200] {dagbag.py:540} INFO - Filling up the DagBag from /usr/local/lib/python3.8/site-packages/airflow/example_dags/plugins/workday.py
[2024-03-07T02:38:17.114+0200] {logging_mixin.py:188} INFO - [2024-03-07T02:38:17.114+0200] {workday.py:40} WARNING - Could not import pandas. Holidays will not be considered.
[2024-03-07T02:38:17.115+0200] {processor.py:842} WARNING - No viable dags retrieved from /usr/local/lib/python3.8/site-packages/airflow/example_dags/plugins/workday.py
[2024-03-07T02:38:17.197+0200] {processor.py:183} INFO - Processing /usr/local/lib/python3.8/site-packages/airflow/example_dags/plugins/workday.py took 0.087 seconds
[2024-03-07T02:40:04.203+0200] {processor.py:161} INFO - Started process (PID=28297) to work on /usr/local/lib/python3.8/site-packages/airflow/example_dags/plugins/workday.py
[2024-03-07T02:40:04.204+0200] {processor.py:830} INFO - Processing file /usr/local/lib/python3.8/site-packages/airflow/example_dags/plugins/workday.py for tasks to queue
[2024-03-07T02:40:04.205+0200] {logging_mixin.py:188} INFO - [2024-03-07T02:40:04.205+0200] {dagbag.py:540} INFO - Filling up the DagBag from /usr/local/lib/python3.8/site-packages/airflow/example_dags/plugins/workday.py
[2024-03-07T02:40:04.206+0200] {logging_mixin.py:188} INFO - [2024-03-07T02:40:04.206+0200] {workday.py:40} WARNING - Could not import pandas. Holidays will not be considered.
[2024-03-07T02:40:04.206+0200] {processor.py:842} WARNING - No viable dags retrieved from /usr/local/lib/python3.8/site-packages/airflow/example_dags/plugins/workday.py
[2024-03-07T02:40:04.287+0200] {processor.py:183} INFO - Processing /usr/local/lib/python3.8/site-packages/airflow/example_dags/plugins/workday.py took 0.086 seconds
[2024-03-07T02:41:55.968+0200] {processor.py:161} INFO - Started process (PID=28403) to work on /usr/local/lib/python3.8/site-packages/airflow/example_dags/plugins/workday.py
[2024-03-07T02:41:55.969+0200] {processor.py:830} INFO - Processing file /usr/local/lib/python3.8/site-packages/airflow/example_dags/plugins/workday.py for tasks to queue
[2024-03-07T02:41:55.969+0200] {logging_mixin.py:188} INFO - [2024-03-07T02:41:55.969+0200] {dagbag.py:540} INFO - Filling up the DagBag from /usr/local/lib/python3.8/site-packages/airflow/example_dags/plugins/workday.py
[2024-03-07T02:41:55.971+0200] {logging_mixin.py:188} INFO - [2024-03-07T02:41:55.971+0200] {workday.py:40} WARNING - Could not import pandas. Holidays will not be considered.
[2024-03-07T02:41:55.971+0200] {processor.py:842} WARNING - No viable dags retrieved from /usr/local/lib/python3.8/site-packages/airflow/example_dags/plugins/workday.py
[2024-03-07T02:41:56.053+0200] {processor.py:183} INFO - Processing /usr/local/lib/python3.8/site-packages/airflow/example_dags/plugins/workday.py took 0.087 seconds
[2024-03-07T02:43:39.603+0200] {processor.py:161} INFO - Started process (PID=28498) to work on /usr/local/lib/python3.8/site-packages/airflow/example_dags/plugins/workday.py
[2024-03-07T02:43:39.604+0200] {processor.py:830} INFO - Processing file /usr/local/lib/python3.8/site-packages/airflow/example_dags/plugins/workday.py for tasks to queue
[2024-03-07T02:43:39.604+0200] {logging_mixin.py:188} INFO - [2024-03-07T02:43:39.604+0200] {dagbag.py:540} INFO - Filling up the DagBag from /usr/local/lib/python3.8/site-packages/airflow/example_dags/plugins/workday.py
[2024-03-07T02:43:39.606+0200] {logging_mixin.py:188} INFO - [2024-03-07T02:43:39.605+0200] {workday.py:40} WARNING - Could not import pandas. Holidays will not be considered.
[2024-03-07T02:43:39.606+0200] {processor.py:842} WARNING - No viable dags retrieved from /usr/local/lib/python3.8/site-packages/airflow/example_dags/plugins/workday.py
[2024-03-07T02:43:39.688+0200] {processor.py:183} INFO - Processing /usr/local/lib/python3.8/site-packages/airflow/example_dags/plugins/workday.py took 0.087 seconds
[2024-03-07T02:45:24.602+0200] {processor.py:161} INFO - Started process (PID=28600) to work on /usr/local/lib/python3.8/site-packages/airflow/example_dags/plugins/workday.py
[2024-03-07T02:45:24.603+0200] {processor.py:830} INFO - Processing file /usr/local/lib/python3.8/site-packages/airflow/example_dags/plugins/workday.py for tasks to queue
[2024-03-07T02:45:24.603+0200] {logging_mixin.py:188} INFO - [2024-03-07T02:45:24.603+0200] {dagbag.py:540} INFO - Filling up the DagBag from /usr/local/lib/python3.8/site-packages/airflow/example_dags/plugins/workday.py
[2024-03-07T02:45:24.605+0200] {logging_mixin.py:188} INFO - [2024-03-07T02:45:24.605+0200] {workday.py:40} WARNING - Could not import pandas. Holidays will not be considered.
[2024-03-07T02:45:24.605+0200] {processor.py:842} WARNING - No viable dags retrieved from /usr/local/lib/python3.8/site-packages/airflow/example_dags/plugins/workday.py
[2024-03-07T02:45:24.688+0200] {processor.py:183} INFO - Processing /usr/local/lib/python3.8/site-packages/airflow/example_dags/plugins/workday.py took 0.088 seconds
[2024-03-07T02:47:15.847+0200] {processor.py:161} INFO - Started process (PID=28702) to work on /usr/local/lib/python3.8/site-packages/airflow/example_dags/plugins/workday.py
[2024-03-07T02:47:15.848+0200] {processor.py:830} INFO - Processing file /usr/local/lib/python3.8/site-packages/airflow/example_dags/plugins/workday.py for tasks to queue
[2024-03-07T02:47:15.848+0200] {logging_mixin.py:188} INFO - [2024-03-07T02:47:15.848+0200] {dagbag.py:540} INFO - Filling up the DagBag from /usr/local/lib/python3.8/site-packages/airflow/example_dags/plugins/workday.py
[2024-03-07T02:47:15.849+0200] {logging_mixin.py:188} INFO - [2024-03-07T02:47:15.849+0200] {workday.py:40} WARNING - Could not import pandas. Holidays will not be considered.
[2024-03-07T02:47:15.850+0200] {processor.py:842} WARNING - No viable dags retrieved from /usr/local/lib/python3.8/site-packages/airflow/example_dags/plugins/workday.py
[2024-03-07T02:47:15.935+0200] {processor.py:183} INFO - Processing /usr/local/lib/python3.8/site-packages/airflow/example_dags/plugins/workday.py took 0.090 seconds
[2024-03-07T02:49:07.668+0200] {processor.py:161} INFO - Started process (PID=28800) to work on /usr/local/lib/python3.8/site-packages/airflow/example_dags/plugins/workday.py
[2024-03-07T02:49:07.669+0200] {processor.py:830} INFO - Processing file /usr/local/lib/python3.8/site-packages/airflow/example_dags/plugins/workday.py for tasks to queue
[2024-03-07T02:49:07.670+0200] {logging_mixin.py:188} INFO - [2024-03-07T02:49:07.669+0200] {dagbag.py:540} INFO - Filling up the DagBag from /usr/local/lib/python3.8/site-packages/airflow/example_dags/plugins/workday.py
[2024-03-07T02:49:07.671+0200] {logging_mixin.py:188} INFO - [2024-03-07T02:49:07.671+0200] {workday.py:40} WARNING - Could not import pandas. Holidays will not be considered.
[2024-03-07T02:49:07.671+0200] {processor.py:842} WARNING - No viable dags retrieved from /usr/local/lib/python3.8/site-packages/airflow/example_dags/plugins/workday.py
[2024-03-07T02:49:07.755+0200] {processor.py:183} INFO - Processing /usr/local/lib/python3.8/site-packages/airflow/example_dags/plugins/workday.py took 0.089 seconds
[2024-03-07T02:50:54.929+0200] {processor.py:161} INFO - Started process (PID=28909) to work on /usr/local/lib/python3.8/site-packages/airflow/example_dags/plugins/workday.py
[2024-03-07T02:50:54.930+0200] {processor.py:830} INFO - Processing file /usr/local/lib/python3.8/site-packages/airflow/example_dags/plugins/workday.py for tasks to queue
[2024-03-07T02:50:54.930+0200] {logging_mixin.py:188} INFO - [2024-03-07T02:50:54.930+0200] {dagbag.py:540} INFO - Filling up the DagBag from /usr/local/lib/python3.8/site-packages/airflow/example_dags/plugins/workday.py
[2024-03-07T02:50:54.932+0200] {logging_mixin.py:188} INFO - [2024-03-07T02:50:54.931+0200] {workday.py:40} WARNING - Could not import pandas. Holidays will not be considered.
[2024-03-07T02:50:54.932+0200] {processor.py:842} WARNING - No viable dags retrieved from /usr/local/lib/python3.8/site-packages/airflow/example_dags/plugins/workday.py
[2024-03-07T02:50:55.016+0200] {processor.py:183} INFO - Processing /usr/local/lib/python3.8/site-packages/airflow/example_dags/plugins/workday.py took 0.088 seconds
[2024-03-07T02:52:38.438+0200] {processor.py:161} INFO - Started process (PID=29009) to work on /usr/local/lib/python3.8/site-packages/airflow/example_dags/plugins/workday.py
[2024-03-07T02:52:38.439+0200] {processor.py:830} INFO - Processing file /usr/local/lib/python3.8/site-packages/airflow/example_dags/plugins/workday.py for tasks to queue
[2024-03-07T02:52:38.439+0200] {logging_mixin.py:188} INFO - [2024-03-07T02:52:38.439+0200] {dagbag.py:540} INFO - Filling up the DagBag from /usr/local/lib/python3.8/site-packages/airflow/example_dags/plugins/workday.py
[2024-03-07T02:52:38.441+0200] {logging_mixin.py:188} INFO - [2024-03-07T02:52:38.440+0200] {workday.py:40} WARNING - Could not import pandas. Holidays will not be considered.
[2024-03-07T02:52:38.441+0200] {processor.py:842} WARNING - No viable dags retrieved from /usr/local/lib/python3.8/site-packages/airflow/example_dags/plugins/workday.py
[2024-03-07T02:52:38.525+0200] {processor.py:183} INFO - Processing /usr/local/lib/python3.8/site-packages/airflow/example_dags/plugins/workday.py took 0.089 seconds
[2024-03-07T02:54:27.649+0200] {processor.py:161} INFO - Started process (PID=29114) to work on /usr/local/lib/python3.8/site-packages/airflow/example_dags/plugins/workday.py
[2024-03-07T02:54:27.650+0200] {processor.py:830} INFO - Processing file /usr/local/lib/python3.8/site-packages/airflow/example_dags/plugins/workday.py for tasks to queue
[2024-03-07T02:54:27.651+0200] {logging_mixin.py:188} INFO - [2024-03-07T02:54:27.651+0200] {dagbag.py:540} INFO - Filling up the DagBag from /usr/local/lib/python3.8/site-packages/airflow/example_dags/plugins/workday.py
[2024-03-07T02:54:27.653+0200] {logging_mixin.py:188} INFO - [2024-03-07T02:54:27.652+0200] {workday.py:40} WARNING - Could not import pandas. Holidays will not be considered.
[2024-03-07T02:54:27.653+0200] {processor.py:842} WARNING - No viable dags retrieved from /usr/local/lib/python3.8/site-packages/airflow/example_dags/plugins/workday.py
[2024-03-07T02:54:27.733+0200] {processor.py:183} INFO - Processing /usr/local/lib/python3.8/site-packages/airflow/example_dags/plugins/workday.py took 0.086 seconds
[2024-03-07T02:56:12.335+0200] {processor.py:161} INFO - Started process (PID=29210) to work on /usr/local/lib/python3.8/site-packages/airflow/example_dags/plugins/workday.py
[2024-03-07T02:56:12.336+0200] {processor.py:830} INFO - Processing file /usr/local/lib/python3.8/site-packages/airflow/example_dags/plugins/workday.py for tasks to queue
[2024-03-07T02:56:12.336+0200] {logging_mixin.py:188} INFO - [2024-03-07T02:56:12.336+0200] {dagbag.py:540} INFO - Filling up the DagBag from /usr/local/lib/python3.8/site-packages/airflow/example_dags/plugins/workday.py
[2024-03-07T02:56:12.338+0200] {logging_mixin.py:188} INFO - [2024-03-07T02:56:12.337+0200] {workday.py:40} WARNING - Could not import pandas. Holidays will not be considered.
[2024-03-07T02:56:12.338+0200] {processor.py:842} WARNING - No viable dags retrieved from /usr/local/lib/python3.8/site-packages/airflow/example_dags/plugins/workday.py
[2024-03-07T02:56:12.422+0200] {processor.py:183} INFO - Processing /usr/local/lib/python3.8/site-packages/airflow/example_dags/plugins/workday.py took 0.089 seconds
[2024-03-07T02:58:00.426+0200] {processor.py:161} INFO - Started process (PID=29311) to work on /usr/local/lib/python3.8/site-packages/airflow/example_dags/plugins/workday.py
[2024-03-07T02:58:00.427+0200] {processor.py:830} INFO - Processing file /usr/local/lib/python3.8/site-packages/airflow/example_dags/plugins/workday.py for tasks to queue
[2024-03-07T02:58:00.427+0200] {logging_mixin.py:188} INFO - [2024-03-07T02:58:00.427+0200] {dagbag.py:540} INFO - Filling up the DagBag from /usr/local/lib/python3.8/site-packages/airflow/example_dags/plugins/workday.py
[2024-03-07T02:58:00.429+0200] {logging_mixin.py:188} INFO - [2024-03-07T02:58:00.429+0200] {workday.py:40} WARNING - Could not import pandas. Holidays will not be considered.
[2024-03-07T02:58:00.429+0200] {processor.py:842} WARNING - No viable dags retrieved from /usr/local/lib/python3.8/site-packages/airflow/example_dags/plugins/workday.py
[2024-03-07T02:58:00.512+0200] {processor.py:183} INFO - Processing /usr/local/lib/python3.8/site-packages/airflow/example_dags/plugins/workday.py took 0.088 seconds
[2024-03-07T02:59:42.769+0200] {processor.py:161} INFO - Started process (PID=29405) to work on /usr/local/lib/python3.8/site-packages/airflow/example_dags/plugins/workday.py
[2024-03-07T02:59:42.770+0200] {processor.py:830} INFO - Processing file /usr/local/lib/python3.8/site-packages/airflow/example_dags/plugins/workday.py for tasks to queue
[2024-03-07T02:59:42.771+0200] {logging_mixin.py:188} INFO - [2024-03-07T02:59:42.770+0200] {dagbag.py:540} INFO - Filling up the DagBag from /usr/local/lib/python3.8/site-packages/airflow/example_dags/plugins/workday.py
[2024-03-07T02:59:42.772+0200] {logging_mixin.py:188} INFO - [2024-03-07T02:59:42.772+0200] {workday.py:40} WARNING - Could not import pandas. Holidays will not be considered.
[2024-03-07T02:59:42.773+0200] {processor.py:842} WARNING - No viable dags retrieved from /usr/local/lib/python3.8/site-packages/airflow/example_dags/plugins/workday.py
[2024-03-07T02:59:42.864+0200] {processor.py:183} INFO - Processing /usr/local/lib/python3.8/site-packages/airflow/example_dags/plugins/workday.py took 0.098 seconds
[2024-03-07T03:01:27.722+0200] {processor.py:161} INFO - Started process (PID=29513) to work on /usr/local/lib/python3.8/site-packages/airflow/example_dags/plugins/workday.py
[2024-03-07T03:01:27.723+0200] {processor.py:830} INFO - Processing file /usr/local/lib/python3.8/site-packages/airflow/example_dags/plugins/workday.py for tasks to queue
[2024-03-07T03:01:27.724+0200] {logging_mixin.py:188} INFO - [2024-03-07T03:01:27.724+0200] {dagbag.py:540} INFO - Filling up the DagBag from /usr/local/lib/python3.8/site-packages/airflow/example_dags/plugins/workday.py
[2024-03-07T03:01:27.725+0200] {logging_mixin.py:188} INFO - [2024-03-07T03:01:27.725+0200] {workday.py:40} WARNING - Could not import pandas. Holidays will not be considered.
[2024-03-07T03:01:27.725+0200] {processor.py:842} WARNING - No viable dags retrieved from /usr/local/lib/python3.8/site-packages/airflow/example_dags/plugins/workday.py
[2024-03-07T03:01:27.809+0200] {processor.py:183} INFO - Processing /usr/local/lib/python3.8/site-packages/airflow/example_dags/plugins/workday.py took 0.089 seconds
[2024-03-07T03:03:14.077+0200] {processor.py:161} INFO - Started process (PID=29618) to work on /usr/local/lib/python3.8/site-packages/airflow/example_dags/plugins/workday.py
[2024-03-07T03:03:14.078+0200] {processor.py:830} INFO - Processing file /usr/local/lib/python3.8/site-packages/airflow/example_dags/plugins/workday.py for tasks to queue
[2024-03-07T03:03:14.079+0200] {logging_mixin.py:188} INFO - [2024-03-07T03:03:14.078+0200] {dagbag.py:540} INFO - Filling up the DagBag from /usr/local/lib/python3.8/site-packages/airflow/example_dags/plugins/workday.py
[2024-03-07T03:03:14.080+0200] {logging_mixin.py:188} INFO - [2024-03-07T03:03:14.080+0200] {workday.py:40} WARNING - Could not import pandas. Holidays will not be considered.
[2024-03-07T03:03:14.081+0200] {processor.py:842} WARNING - No viable dags retrieved from /usr/local/lib/python3.8/site-packages/airflow/example_dags/plugins/workday.py
[2024-03-07T03:03:14.164+0200] {processor.py:183} INFO - Processing /usr/local/lib/python3.8/site-packages/airflow/example_dags/plugins/workday.py took 0.088 seconds
[2024-03-07T03:05:00.033+0200] {processor.py:161} INFO - Started process (PID=29714) to work on /usr/local/lib/python3.8/site-packages/airflow/example_dags/plugins/workday.py
[2024-03-07T03:05:00.034+0200] {processor.py:830} INFO - Processing file /usr/local/lib/python3.8/site-packages/airflow/example_dags/plugins/workday.py for tasks to queue
[2024-03-07T03:05:00.034+0200] {logging_mixin.py:188} INFO - [2024-03-07T03:05:00.034+0200] {dagbag.py:540} INFO - Filling up the DagBag from /usr/local/lib/python3.8/site-packages/airflow/example_dags/plugins/workday.py
[2024-03-07T03:05:00.036+0200] {logging_mixin.py:188} INFO - [2024-03-07T03:05:00.035+0200] {workday.py:40} WARNING - Could not import pandas. Holidays will not be considered.
[2024-03-07T03:05:00.036+0200] {processor.py:842} WARNING - No viable dags retrieved from /usr/local/lib/python3.8/site-packages/airflow/example_dags/plugins/workday.py
[2024-03-07T03:05:00.119+0200] {processor.py:183} INFO - Processing /usr/local/lib/python3.8/site-packages/airflow/example_dags/plugins/workday.py took 0.088 seconds
[2024-03-07T03:06:47.997+0200] {processor.py:161} INFO - Started process (PID=29815) to work on /usr/local/lib/python3.8/site-packages/airflow/example_dags/plugins/workday.py
[2024-03-07T03:06:47.998+0200] {processor.py:830} INFO - Processing file /usr/local/lib/python3.8/site-packages/airflow/example_dags/plugins/workday.py for tasks to queue
[2024-03-07T03:06:47.998+0200] {logging_mixin.py:188} INFO - [2024-03-07T03:06:47.998+0200] {dagbag.py:540} INFO - Filling up the DagBag from /usr/local/lib/python3.8/site-packages/airflow/example_dags/plugins/workday.py
[2024-03-07T03:06:48.000+0200] {logging_mixin.py:188} INFO - [2024-03-07T03:06:48.000+0200] {workday.py:40} WARNING - Could not import pandas. Holidays will not be considered.
[2024-03-07T03:06:48.000+0200] {processor.py:842} WARNING - No viable dags retrieved from /usr/local/lib/python3.8/site-packages/airflow/example_dags/plugins/workday.py
[2024-03-07T03:06:48.084+0200] {processor.py:183} INFO - Processing /usr/local/lib/python3.8/site-packages/airflow/example_dags/plugins/workday.py took 0.089 seconds
[2024-03-07T03:08:32.503+0200] {processor.py:161} INFO - Started process (PID=29927) to work on /usr/local/lib/python3.8/site-packages/airflow/example_dags/plugins/workday.py
[2024-03-07T03:08:32.504+0200] {processor.py:830} INFO - Processing file /usr/local/lib/python3.8/site-packages/airflow/example_dags/plugins/workday.py for tasks to queue
[2024-03-07T03:08:32.504+0200] {logging_mixin.py:188} INFO - [2024-03-07T03:08:32.504+0200] {dagbag.py:540} INFO - Filling up the DagBag from /usr/local/lib/python3.8/site-packages/airflow/example_dags/plugins/workday.py
[2024-03-07T03:08:32.506+0200] {logging_mixin.py:188} INFO - [2024-03-07T03:08:32.506+0200] {workday.py:40} WARNING - Could not import pandas. Holidays will not be considered.
[2024-03-07T03:08:32.506+0200] {processor.py:842} WARNING - No viable dags retrieved from /usr/local/lib/python3.8/site-packages/airflow/example_dags/plugins/workday.py
[2024-03-07T03:08:32.598+0200] {processor.py:183} INFO - Processing /usr/local/lib/python3.8/site-packages/airflow/example_dags/plugins/workday.py took 0.097 seconds
[2024-03-07T03:10:26.900+0200] {processor.py:161} INFO - Started process (PID=30030) to work on /usr/local/lib/python3.8/site-packages/airflow/example_dags/plugins/workday.py
[2024-03-07T03:10:26.901+0200] {processor.py:830} INFO - Processing file /usr/local/lib/python3.8/site-packages/airflow/example_dags/plugins/workday.py for tasks to queue
[2024-03-07T03:10:26.901+0200] {logging_mixin.py:188} INFO - [2024-03-07T03:10:26.901+0200] {dagbag.py:540} INFO - Filling up the DagBag from /usr/local/lib/python3.8/site-packages/airflow/example_dags/plugins/workday.py
[2024-03-07T03:10:26.903+0200] {logging_mixin.py:188} INFO - [2024-03-07T03:10:26.903+0200] {workday.py:40} WARNING - Could not import pandas. Holidays will not be considered.
[2024-03-07T03:10:26.903+0200] {processor.py:842} WARNING - No viable dags retrieved from /usr/local/lib/python3.8/site-packages/airflow/example_dags/plugins/workday.py
[2024-03-07T03:10:26.990+0200] {processor.py:183} INFO - Processing /usr/local/lib/python3.8/site-packages/airflow/example_dags/plugins/workday.py took 0.092 seconds
[2024-03-07T03:12:17.255+0200] {processor.py:161} INFO - Started process (PID=30143) to work on /usr/local/lib/python3.8/site-packages/airflow/example_dags/plugins/workday.py
[2024-03-07T03:12:17.256+0200] {processor.py:830} INFO - Processing file /usr/local/lib/python3.8/site-packages/airflow/example_dags/plugins/workday.py for tasks to queue
[2024-03-07T03:12:17.257+0200] {logging_mixin.py:188} INFO - [2024-03-07T03:12:17.256+0200] {dagbag.py:540} INFO - Filling up the DagBag from /usr/local/lib/python3.8/site-packages/airflow/example_dags/plugins/workday.py
[2024-03-07T03:12:17.258+0200] {logging_mixin.py:188} INFO - [2024-03-07T03:12:17.258+0200] {workday.py:40} WARNING - Could not import pandas. Holidays will not be considered.
[2024-03-07T03:12:17.258+0200] {processor.py:842} WARNING - No viable dags retrieved from /usr/local/lib/python3.8/site-packages/airflow/example_dags/plugins/workday.py
[2024-03-07T03:12:17.349+0200] {processor.py:183} INFO - Processing /usr/local/lib/python3.8/site-packages/airflow/example_dags/plugins/workday.py took 0.096 seconds
[2024-03-07T03:14:02.646+0200] {processor.py:161} INFO - Started process (PID=30246) to work on /usr/local/lib/python3.8/site-packages/airflow/example_dags/plugins/workday.py
[2024-03-07T03:14:02.647+0200] {processor.py:830} INFO - Processing file /usr/local/lib/python3.8/site-packages/airflow/example_dags/plugins/workday.py for tasks to queue
[2024-03-07T03:14:02.648+0200] {logging_mixin.py:188} INFO - [2024-03-07T03:14:02.647+0200] {dagbag.py:540} INFO - Filling up the DagBag from /usr/local/lib/python3.8/site-packages/airflow/example_dags/plugins/workday.py
[2024-03-07T03:14:02.649+0200] {logging_mixin.py:188} INFO - [2024-03-07T03:14:02.649+0200] {workday.py:40} WARNING - Could not import pandas. Holidays will not be considered.
[2024-03-07T03:14:02.649+0200] {processor.py:842} WARNING - No viable dags retrieved from /usr/local/lib/python3.8/site-packages/airflow/example_dags/plugins/workday.py
[2024-03-07T03:14:02.734+0200] {processor.py:183} INFO - Processing /usr/local/lib/python3.8/site-packages/airflow/example_dags/plugins/workday.py took 0.089 seconds
[2024-03-07T03:15:50.234+0200] {processor.py:161} INFO - Started process (PID=30341) to work on /usr/local/lib/python3.8/site-packages/airflow/example_dags/plugins/workday.py
[2024-03-07T03:15:50.235+0200] {processor.py:830} INFO - Processing file /usr/local/lib/python3.8/site-packages/airflow/example_dags/plugins/workday.py for tasks to queue
[2024-03-07T03:15:50.235+0200] {logging_mixin.py:188} INFO - [2024-03-07T03:15:50.235+0200] {dagbag.py:540} INFO - Filling up the DagBag from /usr/local/lib/python3.8/site-packages/airflow/example_dags/plugins/workday.py
[2024-03-07T03:15:50.237+0200] {logging_mixin.py:188} INFO - [2024-03-07T03:15:50.237+0200] {workday.py:40} WARNING - Could not import pandas. Holidays will not be considered.
[2024-03-07T03:15:50.237+0200] {processor.py:842} WARNING - No viable dags retrieved from /usr/local/lib/python3.8/site-packages/airflow/example_dags/plugins/workday.py
[2024-03-07T03:15:50.320+0200] {processor.py:183} INFO - Processing /usr/local/lib/python3.8/site-packages/airflow/example_dags/plugins/workday.py took 0.088 seconds
[2024-03-07T03:17:38.466+0200] {processor.py:161} INFO - Started process (PID=30448) to work on /usr/local/lib/python3.8/site-packages/airflow/example_dags/plugins/workday.py
[2024-03-07T03:17:38.467+0200] {processor.py:830} INFO - Processing file /usr/local/lib/python3.8/site-packages/airflow/example_dags/plugins/workday.py for tasks to queue
[2024-03-07T03:17:38.468+0200] {logging_mixin.py:188} INFO - [2024-03-07T03:17:38.468+0200] {dagbag.py:540} INFO - Filling up the DagBag from /usr/local/lib/python3.8/site-packages/airflow/example_dags/plugins/workday.py
[2024-03-07T03:17:38.469+0200] {logging_mixin.py:188} INFO - [2024-03-07T03:17:38.469+0200] {workday.py:40} WARNING - Could not import pandas. Holidays will not be considered.
[2024-03-07T03:17:38.469+0200] {processor.py:842} WARNING - No viable dags retrieved from /usr/local/lib/python3.8/site-packages/airflow/example_dags/plugins/workday.py
[2024-03-07T03:17:38.544+0200] {processor.py:183} INFO - Processing /usr/local/lib/python3.8/site-packages/airflow/example_dags/plugins/workday.py took 0.080 seconds
[2024-03-07T07:19:46.849+0200] {processor.py:161} INFO - Started process (PID=30831) to work on /usr/local/lib/python3.8/site-packages/airflow/example_dags/plugins/workday.py
[2024-03-07T07:19:46.851+0200] {processor.py:830} INFO - Processing file /usr/local/lib/python3.8/site-packages/airflow/example_dags/plugins/workday.py for tasks to queue
[2024-03-07T07:19:46.852+0200] {logging_mixin.py:188} INFO - [2024-03-07T07:19:46.851+0200] {dagbag.py:540} INFO - Filling up the DagBag from /usr/local/lib/python3.8/site-packages/airflow/example_dags/plugins/workday.py
[2024-03-07T07:19:46.853+0200] {logging_mixin.py:188} INFO - [2024-03-07T07:19:46.853+0200] {workday.py:40} WARNING - Could not import pandas. Holidays will not be considered.
[2024-03-07T07:19:46.853+0200] {processor.py:842} WARNING - No viable dags retrieved from /usr/local/lib/python3.8/site-packages/airflow/example_dags/plugins/workday.py
[2024-03-07T07:19:46.926+0200] {processor.py:183} INFO - Processing /usr/local/lib/python3.8/site-packages/airflow/example_dags/plugins/workday.py took 0.079 seconds
[2024-03-07T09:18:54.146+0200] {processor.py:161} INFO - Started process (PID=30992) to work on /usr/local/lib/python3.8/site-packages/airflow/example_dags/plugins/workday.py
[2024-03-07T09:18:54.150+0200] {processor.py:830} INFO - Processing file /usr/local/lib/python3.8/site-packages/airflow/example_dags/plugins/workday.py for tasks to queue
[2024-03-07T09:18:54.151+0200] {logging_mixin.py:188} INFO - [2024-03-07T09:18:54.151+0200] {dagbag.py:540} INFO - Filling up the DagBag from /usr/local/lib/python3.8/site-packages/airflow/example_dags/plugins/workday.py
[2024-03-07T09:18:54.155+0200] {logging_mixin.py:188} INFO - [2024-03-07T09:18:54.155+0200] {workday.py:40} WARNING - Could not import pandas. Holidays will not be considered.
[2024-03-07T09:18:54.155+0200] {processor.py:842} WARNING - No viable dags retrieved from /usr/local/lib/python3.8/site-packages/airflow/example_dags/plugins/workday.py
[2024-03-07T09:18:54.292+0200] {processor.py:183} INFO - Processing /usr/local/lib/python3.8/site-packages/airflow/example_dags/plugins/workday.py took 0.149 seconds
[2024-03-07T09:30:36.482+0200] {processor.py:161} INFO - Started process (PID=31180) to work on /usr/local/lib/python3.8/site-packages/airflow/example_dags/plugins/workday.py
[2024-03-07T09:30:36.484+0200] {processor.py:830} INFO - Processing file /usr/local/lib/python3.8/site-packages/airflow/example_dags/plugins/workday.py for tasks to queue
[2024-03-07T09:30:36.484+0200] {logging_mixin.py:188} INFO - [2024-03-07T09:30:36.484+0200] {dagbag.py:540} INFO - Filling up the DagBag from /usr/local/lib/python3.8/site-packages/airflow/example_dags/plugins/workday.py
[2024-03-07T09:30:36.486+0200] {logging_mixin.py:188} INFO - [2024-03-07T09:30:36.485+0200] {workday.py:40} WARNING - Could not import pandas. Holidays will not be considered.
[2024-03-07T09:30:36.486+0200] {processor.py:842} WARNING - No viable dags retrieved from /usr/local/lib/python3.8/site-packages/airflow/example_dags/plugins/workday.py
[2024-03-07T09:30:36.561+0200] {processor.py:183} INFO - Processing /usr/local/lib/python3.8/site-packages/airflow/example_dags/plugins/workday.py took 0.081 seconds
[2024-03-07T09:32:34.700+0200] {processor.py:161} INFO - Started process (PID=31324) to work on /usr/local/lib/python3.8/site-packages/airflow/example_dags/plugins/workday.py
[2024-03-07T09:32:34.701+0200] {processor.py:830} INFO - Processing file /usr/local/lib/python3.8/site-packages/airflow/example_dags/plugins/workday.py for tasks to queue
[2024-03-07T09:32:34.701+0200] {logging_mixin.py:188} INFO - [2024-03-07T09:32:34.701+0200] {dagbag.py:540} INFO - Filling up the DagBag from /usr/local/lib/python3.8/site-packages/airflow/example_dags/plugins/workday.py
[2024-03-07T09:32:34.702+0200] {logging_mixin.py:188} INFO - [2024-03-07T09:32:34.702+0200] {workday.py:40} WARNING - Could not import pandas. Holidays will not be considered.
[2024-03-07T09:32:34.703+0200] {processor.py:842} WARNING - No viable dags retrieved from /usr/local/lib/python3.8/site-packages/airflow/example_dags/plugins/workday.py
[2024-03-07T09:32:34.780+0200] {processor.py:183} INFO - Processing /usr/local/lib/python3.8/site-packages/airflow/example_dags/plugins/workday.py took 0.082 seconds
[2024-03-07T09:34:09.670+0200] {processor.py:161} INFO - Started process (PID=31464) to work on /usr/local/lib/python3.8/site-packages/airflow/example_dags/plugins/workday.py
[2024-03-07T09:34:09.671+0200] {processor.py:830} INFO - Processing file /usr/local/lib/python3.8/site-packages/airflow/example_dags/plugins/workday.py for tasks to queue
[2024-03-07T09:34:09.672+0200] {logging_mixin.py:188} INFO - [2024-03-07T09:34:09.671+0200] {dagbag.py:540} INFO - Filling up the DagBag from /usr/local/lib/python3.8/site-packages/airflow/example_dags/plugins/workday.py
[2024-03-07T09:34:09.673+0200] {logging_mixin.py:188} INFO - [2024-03-07T09:34:09.673+0200] {workday.py:40} WARNING - Could not import pandas. Holidays will not be considered.
[2024-03-07T09:34:09.674+0200] {processor.py:842} WARNING - No viable dags retrieved from /usr/local/lib/python3.8/site-packages/airflow/example_dags/plugins/workday.py
[2024-03-07T09:34:09.752+0200] {processor.py:183} INFO - Processing /usr/local/lib/python3.8/site-packages/airflow/example_dags/plugins/workday.py took 0.084 seconds
[2024-03-07T09:35:44.208+0200] {processor.py:161} INFO - Started process (PID=31588) to work on /usr/local/lib/python3.8/site-packages/airflow/example_dags/plugins/workday.py
[2024-03-07T09:35:44.209+0200] {processor.py:830} INFO - Processing file /usr/local/lib/python3.8/site-packages/airflow/example_dags/plugins/workday.py for tasks to queue
[2024-03-07T09:35:44.210+0200] {logging_mixin.py:188} INFO - [2024-03-07T09:35:44.210+0200] {dagbag.py:540} INFO - Filling up the DagBag from /usr/local/lib/python3.8/site-packages/airflow/example_dags/plugins/workday.py
[2024-03-07T09:35:44.211+0200] {logging_mixin.py:188} INFO - [2024-03-07T09:35:44.211+0200] {workday.py:40} WARNING - Could not import pandas. Holidays will not be considered.
[2024-03-07T09:35:44.211+0200] {processor.py:842} WARNING - No viable dags retrieved from /usr/local/lib/python3.8/site-packages/airflow/example_dags/plugins/workday.py
[2024-03-07T09:35:44.303+0200] {processor.py:183} INFO - Processing /usr/local/lib/python3.8/site-packages/airflow/example_dags/plugins/workday.py took 0.096 seconds
[2024-03-07T09:37:24.142+0200] {processor.py:161} INFO - Started process (PID=31680) to work on /usr/local/lib/python3.8/site-packages/airflow/example_dags/plugins/workday.py
[2024-03-07T09:37:24.143+0200] {processor.py:830} INFO - Processing file /usr/local/lib/python3.8/site-packages/airflow/example_dags/plugins/workday.py for tasks to queue
[2024-03-07T09:37:24.144+0200] {logging_mixin.py:188} INFO - [2024-03-07T09:37:24.144+0200] {dagbag.py:540} INFO - Filling up the DagBag from /usr/local/lib/python3.8/site-packages/airflow/example_dags/plugins/workday.py
[2024-03-07T09:37:24.145+0200] {logging_mixin.py:188} INFO - [2024-03-07T09:37:24.145+0200] {workday.py:40} WARNING - Could not import pandas. Holidays will not be considered.
[2024-03-07T09:37:24.145+0200] {processor.py:842} WARNING - No viable dags retrieved from /usr/local/lib/python3.8/site-packages/airflow/example_dags/plugins/workday.py
[2024-03-07T09:37:24.222+0200] {processor.py:183} INFO - Processing /usr/local/lib/python3.8/site-packages/airflow/example_dags/plugins/workday.py took 0.081 seconds
[2024-03-07T09:38:59.979+0200] {processor.py:161} INFO - Started process (PID=31819) to work on /usr/local/lib/python3.8/site-packages/airflow/example_dags/plugins/workday.py
[2024-03-07T09:38:59.980+0200] {processor.py:830} INFO - Processing file /usr/local/lib/python3.8/site-packages/airflow/example_dags/plugins/workday.py for tasks to queue
[2024-03-07T09:38:59.980+0200] {logging_mixin.py:188} INFO - [2024-03-07T09:38:59.980+0200] {dagbag.py:540} INFO - Filling up the DagBag from /usr/local/lib/python3.8/site-packages/airflow/example_dags/plugins/workday.py
[2024-03-07T09:38:59.981+0200] {logging_mixin.py:188} INFO - [2024-03-07T09:38:59.981+0200] {workday.py:40} WARNING - Could not import pandas. Holidays will not be considered.
[2024-03-07T09:38:59.981+0200] {processor.py:842} WARNING - No viable dags retrieved from /usr/local/lib/python3.8/site-packages/airflow/example_dags/plugins/workday.py
[2024-03-07T09:39:00.055+0200] {processor.py:183} INFO - Processing /usr/local/lib/python3.8/site-packages/airflow/example_dags/plugins/workday.py took 0.078 seconds
[2024-03-07T09:40:40.738+0200] {processor.py:161} INFO - Started process (PID=31924) to work on /usr/local/lib/python3.8/site-packages/airflow/example_dags/plugins/workday.py
[2024-03-07T09:40:40.739+0200] {processor.py:830} INFO - Processing file /usr/local/lib/python3.8/site-packages/airflow/example_dags/plugins/workday.py for tasks to queue
[2024-03-07T09:40:40.739+0200] {logging_mixin.py:188} INFO - [2024-03-07T09:40:40.739+0200] {dagbag.py:540} INFO - Filling up the DagBag from /usr/local/lib/python3.8/site-packages/airflow/example_dags/plugins/workday.py
[2024-03-07T09:40:40.741+0200] {logging_mixin.py:188} INFO - [2024-03-07T09:40:40.740+0200] {workday.py:40} WARNING - Could not import pandas. Holidays will not be considered.
[2024-03-07T09:40:40.741+0200] {processor.py:842} WARNING - No viable dags retrieved from /usr/local/lib/python3.8/site-packages/airflow/example_dags/plugins/workday.py
[2024-03-07T09:40:40.815+0200] {processor.py:183} INFO - Processing /usr/local/lib/python3.8/site-packages/airflow/example_dags/plugins/workday.py took 0.079 seconds
[2024-03-07T09:42:16.212+0200] {processor.py:161} INFO - Started process (PID=32034) to work on /usr/local/lib/python3.8/site-packages/airflow/example_dags/plugins/workday.py
[2024-03-07T09:42:16.213+0200] {processor.py:830} INFO - Processing file /usr/local/lib/python3.8/site-packages/airflow/example_dags/plugins/workday.py for tasks to queue
[2024-03-07T09:42:16.214+0200] {logging_mixin.py:188} INFO - [2024-03-07T09:42:16.214+0200] {dagbag.py:540} INFO - Filling up the DagBag from /usr/local/lib/python3.8/site-packages/airflow/example_dags/plugins/workday.py
[2024-03-07T09:42:16.215+0200] {logging_mixin.py:188} INFO - [2024-03-07T09:42:16.215+0200] {workday.py:40} WARNING - Could not import pandas. Holidays will not be considered.
[2024-03-07T09:42:16.215+0200] {processor.py:842} WARNING - No viable dags retrieved from /usr/local/lib/python3.8/site-packages/airflow/example_dags/plugins/workday.py
[2024-03-07T09:42:16.284+0200] {processor.py:183} INFO - Processing /usr/local/lib/python3.8/site-packages/airflow/example_dags/plugins/workday.py took 0.074 seconds
[2024-03-07T09:43:53.499+0200] {processor.py:161} INFO - Started process (PID=32147) to work on /usr/local/lib/python3.8/site-packages/airflow/example_dags/plugins/workday.py
[2024-03-07T09:43:53.500+0200] {processor.py:830} INFO - Processing file /usr/local/lib/python3.8/site-packages/airflow/example_dags/plugins/workday.py for tasks to queue
[2024-03-07T09:43:53.501+0200] {logging_mixin.py:188} INFO - [2024-03-07T09:43:53.501+0200] {dagbag.py:540} INFO - Filling up the DagBag from /usr/local/lib/python3.8/site-packages/airflow/example_dags/plugins/workday.py
[2024-03-07T09:43:53.502+0200] {logging_mixin.py:188} INFO - [2024-03-07T09:43:53.502+0200] {workday.py:40} WARNING - Could not import pandas. Holidays will not be considered.
[2024-03-07T09:43:53.502+0200] {processor.py:842} WARNING - No viable dags retrieved from /usr/local/lib/python3.8/site-packages/airflow/example_dags/plugins/workday.py
[2024-03-07T09:43:53.585+0200] {processor.py:183} INFO - Processing /usr/local/lib/python3.8/site-packages/airflow/example_dags/plugins/workday.py took 0.088 seconds
[2024-03-07T09:45:25.100+0200] {processor.py:161} INFO - Started process (PID=32248) to work on /usr/local/lib/python3.8/site-packages/airflow/example_dags/plugins/workday.py
[2024-03-07T09:45:25.101+0200] {processor.py:830} INFO - Processing file /usr/local/lib/python3.8/site-packages/airflow/example_dags/plugins/workday.py for tasks to queue
[2024-03-07T09:45:25.102+0200] {logging_mixin.py:188} INFO - [2024-03-07T09:45:25.102+0200] {dagbag.py:540} INFO - Filling up the DagBag from /usr/local/lib/python3.8/site-packages/airflow/example_dags/plugins/workday.py
[2024-03-07T09:45:25.104+0200] {logging_mixin.py:188} INFO - [2024-03-07T09:45:25.103+0200] {workday.py:40} WARNING - Could not import pandas. Holidays will not be considered.
[2024-03-07T09:45:25.104+0200] {processor.py:842} WARNING - No viable dags retrieved from /usr/local/lib/python3.8/site-packages/airflow/example_dags/plugins/workday.py
[2024-03-07T09:45:25.188+0200] {processor.py:183} INFO - Processing /usr/local/lib/python3.8/site-packages/airflow/example_dags/plugins/workday.py took 0.089 seconds
[2024-03-07T09:46:58.832+0200] {processor.py:161} INFO - Started process (PID=32346) to work on /usr/local/lib/python3.8/site-packages/airflow/example_dags/plugins/workday.py
[2024-03-07T09:46:58.833+0200] {processor.py:830} INFO - Processing file /usr/local/lib/python3.8/site-packages/airflow/example_dags/plugins/workday.py for tasks to queue
[2024-03-07T09:46:58.833+0200] {logging_mixin.py:188} INFO - [2024-03-07T09:46:58.833+0200] {dagbag.py:540} INFO - Filling up the DagBag from /usr/local/lib/python3.8/site-packages/airflow/example_dags/plugins/workday.py
[2024-03-07T09:46:58.835+0200] {logging_mixin.py:188} INFO - [2024-03-07T09:46:58.834+0200] {workday.py:40} WARNING - Could not import pandas. Holidays will not be considered.
[2024-03-07T09:46:58.835+0200] {processor.py:842} WARNING - No viable dags retrieved from /usr/local/lib/python3.8/site-packages/airflow/example_dags/plugins/workday.py
[2024-03-07T09:46:58.915+0200] {processor.py:183} INFO - Processing /usr/local/lib/python3.8/site-packages/airflow/example_dags/plugins/workday.py took 0.085 seconds
[2024-03-07T09:48:36.568+0200] {processor.py:161} INFO - Started process (PID=32446) to work on /usr/local/lib/python3.8/site-packages/airflow/example_dags/plugins/workday.py
[2024-03-07T09:48:36.569+0200] {processor.py:830} INFO - Processing file /usr/local/lib/python3.8/site-packages/airflow/example_dags/plugins/workday.py for tasks to queue
[2024-03-07T09:48:36.569+0200] {logging_mixin.py:188} INFO - [2024-03-07T09:48:36.569+0200] {dagbag.py:540} INFO - Filling up the DagBag from /usr/local/lib/python3.8/site-packages/airflow/example_dags/plugins/workday.py
[2024-03-07T09:48:36.571+0200] {logging_mixin.py:188} INFO - [2024-03-07T09:48:36.571+0200] {workday.py:40} WARNING - Could not import pandas. Holidays will not be considered.
[2024-03-07T09:48:36.571+0200] {processor.py:842} WARNING - No viable dags retrieved from /usr/local/lib/python3.8/site-packages/airflow/example_dags/plugins/workday.py
[2024-03-07T09:48:36.647+0200] {processor.py:183} INFO - Processing /usr/local/lib/python3.8/site-packages/airflow/example_dags/plugins/workday.py took 0.080 seconds
[2024-03-07T09:50:14.537+0200] {processor.py:161} INFO - Started process (PID=32554) to work on /usr/local/lib/python3.8/site-packages/airflow/example_dags/plugins/workday.py
[2024-03-07T09:50:14.538+0200] {processor.py:830} INFO - Processing file /usr/local/lib/python3.8/site-packages/airflow/example_dags/plugins/workday.py for tasks to queue
[2024-03-07T09:50:14.539+0200] {logging_mixin.py:188} INFO - [2024-03-07T09:50:14.539+0200] {dagbag.py:540} INFO - Filling up the DagBag from /usr/local/lib/python3.8/site-packages/airflow/example_dags/plugins/workday.py
[2024-03-07T09:50:14.540+0200] {logging_mixin.py:188} INFO - [2024-03-07T09:50:14.540+0200] {workday.py:40} WARNING - Could not import pandas. Holidays will not be considered.
[2024-03-07T09:50:14.540+0200] {processor.py:842} WARNING - No viable dags retrieved from /usr/local/lib/python3.8/site-packages/airflow/example_dags/plugins/workday.py
[2024-03-07T09:50:14.615+0200] {processor.py:183} INFO - Processing /usr/local/lib/python3.8/site-packages/airflow/example_dags/plugins/workday.py took 0.080 seconds
[2024-03-07T09:51:53.071+0200] {processor.py:161} INFO - Started process (PID=32656) to work on /usr/local/lib/python3.8/site-packages/airflow/example_dags/plugins/workday.py
[2024-03-07T09:51:53.072+0200] {processor.py:830} INFO - Processing file /usr/local/lib/python3.8/site-packages/airflow/example_dags/plugins/workday.py for tasks to queue
[2024-03-07T09:51:53.073+0200] {logging_mixin.py:188} INFO - [2024-03-07T09:51:53.072+0200] {dagbag.py:540} INFO - Filling up the DagBag from /usr/local/lib/python3.8/site-packages/airflow/example_dags/plugins/workday.py
[2024-03-07T09:51:53.074+0200] {logging_mixin.py:188} INFO - [2024-03-07T09:51:53.074+0200] {workday.py:40} WARNING - Could not import pandas. Holidays will not be considered.
[2024-03-07T09:51:53.075+0200] {processor.py:842} WARNING - No viable dags retrieved from /usr/local/lib/python3.8/site-packages/airflow/example_dags/plugins/workday.py
[2024-03-07T09:51:53.153+0200] {processor.py:183} INFO - Processing /usr/local/lib/python3.8/site-packages/airflow/example_dags/plugins/workday.py took 0.083 seconds
[2024-03-07T09:53:23.113+0200] {processor.py:161} INFO - Started process (PID=32755) to work on /usr/local/lib/python3.8/site-packages/airflow/example_dags/plugins/workday.py
[2024-03-07T09:53:23.114+0200] {processor.py:830} INFO - Processing file /usr/local/lib/python3.8/site-packages/airflow/example_dags/plugins/workday.py for tasks to queue
[2024-03-07T09:53:23.115+0200] {logging_mixin.py:188} INFO - [2024-03-07T09:53:23.115+0200] {dagbag.py:540} INFO - Filling up the DagBag from /usr/local/lib/python3.8/site-packages/airflow/example_dags/plugins/workday.py
[2024-03-07T09:53:23.117+0200] {logging_mixin.py:188} INFO - [2024-03-07T09:53:23.117+0200] {workday.py:40} WARNING - Could not import pandas. Holidays will not be considered.
[2024-03-07T09:53:23.118+0200] {processor.py:842} WARNING - No viable dags retrieved from /usr/local/lib/python3.8/site-packages/airflow/example_dags/plugins/workday.py
[2024-03-07T09:53:23.212+0200] {processor.py:183} INFO - Processing /usr/local/lib/python3.8/site-packages/airflow/example_dags/plugins/workday.py took 0.101 seconds
[2024-03-07T09:55:00.942+0200] {processor.py:161} INFO - Started process (PID=32880) to work on /usr/local/lib/python3.8/site-packages/airflow/example_dags/plugins/workday.py
[2024-03-07T09:55:00.943+0200] {processor.py:830} INFO - Processing file /usr/local/lib/python3.8/site-packages/airflow/example_dags/plugins/workday.py for tasks to queue
[2024-03-07T09:55:00.944+0200] {logging_mixin.py:188} INFO - [2024-03-07T09:55:00.943+0200] {dagbag.py:540} INFO - Filling up the DagBag from /usr/local/lib/python3.8/site-packages/airflow/example_dags/plugins/workday.py
[2024-03-07T09:55:00.945+0200] {logging_mixin.py:188} INFO - [2024-03-07T09:55:00.945+0200] {workday.py:40} WARNING - Could not import pandas. Holidays will not be considered.
[2024-03-07T09:55:00.945+0200] {processor.py:842} WARNING - No viable dags retrieved from /usr/local/lib/python3.8/site-packages/airflow/example_dags/plugins/workday.py
[2024-03-07T09:55:01.021+0200] {processor.py:183} INFO - Processing /usr/local/lib/python3.8/site-packages/airflow/example_dags/plugins/workday.py took 0.080 seconds
[2024-03-07T09:56:41.065+0200] {processor.py:161} INFO - Started process (PID=32980) to work on /usr/local/lib/python3.8/site-packages/airflow/example_dags/plugins/workday.py
[2024-03-07T09:56:41.066+0200] {processor.py:830} INFO - Processing file /usr/local/lib/python3.8/site-packages/airflow/example_dags/plugins/workday.py for tasks to queue
[2024-03-07T09:56:41.067+0200] {logging_mixin.py:188} INFO - [2024-03-07T09:56:41.067+0200] {dagbag.py:540} INFO - Filling up the DagBag from /usr/local/lib/python3.8/site-packages/airflow/example_dags/plugins/workday.py
[2024-03-07T09:56:41.068+0200] {logging_mixin.py:188} INFO - [2024-03-07T09:56:41.068+0200] {workday.py:40} WARNING - Could not import pandas. Holidays will not be considered.
[2024-03-07T09:56:41.068+0200] {processor.py:842} WARNING - No viable dags retrieved from /usr/local/lib/python3.8/site-packages/airflow/example_dags/plugins/workday.py
[2024-03-07T09:56:41.149+0200] {processor.py:183} INFO - Processing /usr/local/lib/python3.8/site-packages/airflow/example_dags/plugins/workday.py took 0.085 seconds
[2024-03-07T09:58:16.450+0200] {processor.py:161} INFO - Started process (PID=33089) to work on /usr/local/lib/python3.8/site-packages/airflow/example_dags/plugins/workday.py
[2024-03-07T09:58:16.451+0200] {processor.py:830} INFO - Processing file /usr/local/lib/python3.8/site-packages/airflow/example_dags/plugins/workday.py for tasks to queue
[2024-03-07T09:58:16.452+0200] {logging_mixin.py:188} INFO - [2024-03-07T09:58:16.451+0200] {dagbag.py:540} INFO - Filling up the DagBag from /usr/local/lib/python3.8/site-packages/airflow/example_dags/plugins/workday.py
[2024-03-07T09:58:16.453+0200] {logging_mixin.py:188} INFO - [2024-03-07T09:58:16.453+0200] {workday.py:40} WARNING - Could not import pandas. Holidays will not be considered.
[2024-03-07T09:58:16.453+0200] {processor.py:842} WARNING - No viable dags retrieved from /usr/local/lib/python3.8/site-packages/airflow/example_dags/plugins/workday.py
[2024-03-07T09:58:16.526+0200] {processor.py:183} INFO - Processing /usr/local/lib/python3.8/site-packages/airflow/example_dags/plugins/workday.py took 0.077 seconds
[2024-03-07T09:59:48.416+0200] {processor.py:161} INFO - Started process (PID=33190) to work on /usr/local/lib/python3.8/site-packages/airflow/example_dags/plugins/workday.py
[2024-03-07T09:59:48.417+0200] {processor.py:830} INFO - Processing file /usr/local/lib/python3.8/site-packages/airflow/example_dags/plugins/workday.py for tasks to queue
[2024-03-07T09:59:48.417+0200] {logging_mixin.py:188} INFO - [2024-03-07T09:59:48.417+0200] {dagbag.py:540} INFO - Filling up the DagBag from /usr/local/lib/python3.8/site-packages/airflow/example_dags/plugins/workday.py
[2024-03-07T09:59:48.419+0200] {logging_mixin.py:188} INFO - [2024-03-07T09:59:48.418+0200] {workday.py:40} WARNING - Could not import pandas. Holidays will not be considered.
[2024-03-07T09:59:48.419+0200] {processor.py:842} WARNING - No viable dags retrieved from /usr/local/lib/python3.8/site-packages/airflow/example_dags/plugins/workday.py
[2024-03-07T09:59:48.500+0200] {processor.py:183} INFO - Processing /usr/local/lib/python3.8/site-packages/airflow/example_dags/plugins/workday.py took 0.085 seconds
[2024-03-07T10:01:16.504+0200] {processor.py:161} INFO - Started process (PID=33313) to work on /usr/local/lib/python3.8/site-packages/airflow/example_dags/plugins/workday.py
[2024-03-07T10:01:16.505+0200] {processor.py:830} INFO - Processing file /usr/local/lib/python3.8/site-packages/airflow/example_dags/plugins/workday.py for tasks to queue
[2024-03-07T10:01:16.505+0200] {logging_mixin.py:188} INFO - [2024-03-07T10:01:16.505+0200] {dagbag.py:540} INFO - Filling up the DagBag from /usr/local/lib/python3.8/site-packages/airflow/example_dags/plugins/workday.py
[2024-03-07T10:01:16.506+0200] {logging_mixin.py:188} INFO - [2024-03-07T10:01:16.506+0200] {workday.py:40} WARNING - Could not import pandas. Holidays will not be considered.
[2024-03-07T10:01:16.506+0200] {processor.py:842} WARNING - No viable dags retrieved from /usr/local/lib/python3.8/site-packages/airflow/example_dags/plugins/workday.py
[2024-03-07T10:01:16.581+0200] {processor.py:183} INFO - Processing /usr/local/lib/python3.8/site-packages/airflow/example_dags/plugins/workday.py took 0.078 seconds
[2024-03-07T10:02:53.806+0200] {processor.py:161} INFO - Started process (PID=33415) to work on /usr/local/lib/python3.8/site-packages/airflow/example_dags/plugins/workday.py
[2024-03-07T10:02:53.807+0200] {processor.py:830} INFO - Processing file /usr/local/lib/python3.8/site-packages/airflow/example_dags/plugins/workday.py for tasks to queue
[2024-03-07T10:02:53.807+0200] {logging_mixin.py:188} INFO - [2024-03-07T10:02:53.807+0200] {dagbag.py:540} INFO - Filling up the DagBag from /usr/local/lib/python3.8/site-packages/airflow/example_dags/plugins/workday.py
[2024-03-07T10:02:53.808+0200] {logging_mixin.py:188} INFO - [2024-03-07T10:02:53.808+0200] {workday.py:40} WARNING - Could not import pandas. Holidays will not be considered.
[2024-03-07T10:02:53.809+0200] {processor.py:842} WARNING - No viable dags retrieved from /usr/local/lib/python3.8/site-packages/airflow/example_dags/plugins/workday.py
[2024-03-07T10:02:53.881+0200] {processor.py:183} INFO - Processing /usr/local/lib/python3.8/site-packages/airflow/example_dags/plugins/workday.py took 0.076 seconds
[2024-03-07T10:04:31.728+0200] {processor.py:161} INFO - Started process (PID=33516) to work on /usr/local/lib/python3.8/site-packages/airflow/example_dags/plugins/workday.py
[2024-03-07T10:04:31.728+0200] {processor.py:830} INFO - Processing file /usr/local/lib/python3.8/site-packages/airflow/example_dags/plugins/workday.py for tasks to queue
[2024-03-07T10:04:31.729+0200] {logging_mixin.py:188} INFO - [2024-03-07T10:04:31.729+0200] {dagbag.py:540} INFO - Filling up the DagBag from /usr/local/lib/python3.8/site-packages/airflow/example_dags/plugins/workday.py
[2024-03-07T10:04:31.731+0200] {logging_mixin.py:188} INFO - [2024-03-07T10:04:31.730+0200] {workday.py:40} WARNING - Could not import pandas. Holidays will not be considered.
[2024-03-07T10:04:31.731+0200] {processor.py:842} WARNING - No viable dags retrieved from /usr/local/lib/python3.8/site-packages/airflow/example_dags/plugins/workday.py
[2024-03-07T10:04:31.812+0200] {processor.py:183} INFO - Processing /usr/local/lib/python3.8/site-packages/airflow/example_dags/plugins/workday.py took 0.086 seconds
[2024-03-07T10:06:09.029+0200] {processor.py:161} INFO - Started process (PID=33639) to work on /usr/local/lib/python3.8/site-packages/airflow/example_dags/plugins/workday.py
[2024-03-07T10:06:09.030+0200] {processor.py:830} INFO - Processing file /usr/local/lib/python3.8/site-packages/airflow/example_dags/plugins/workday.py for tasks to queue
[2024-03-07T10:06:09.030+0200] {logging_mixin.py:188} INFO - [2024-03-07T10:06:09.030+0200] {dagbag.py:540} INFO - Filling up the DagBag from /usr/local/lib/python3.8/site-packages/airflow/example_dags/plugins/workday.py
[2024-03-07T10:06:09.032+0200] {logging_mixin.py:188} INFO - [2024-03-07T10:06:09.032+0200] {workday.py:40} WARNING - Could not import pandas. Holidays will not be considered.
[2024-03-07T10:06:09.032+0200] {processor.py:842} WARNING - No viable dags retrieved from /usr/local/lib/python3.8/site-packages/airflow/example_dags/plugins/workday.py
[2024-03-07T10:06:09.111+0200] {processor.py:183} INFO - Processing /usr/local/lib/python3.8/site-packages/airflow/example_dags/plugins/workday.py took 0.084 seconds
[2024-03-07T10:07:53.493+0200] {processor.py:161} INFO - Started process (PID=33746) to work on /usr/local/lib/python3.8/site-packages/airflow/example_dags/plugins/workday.py
[2024-03-07T10:07:53.494+0200] {processor.py:830} INFO - Processing file /usr/local/lib/python3.8/site-packages/airflow/example_dags/plugins/workday.py for tasks to queue
[2024-03-07T10:07:53.495+0200] {logging_mixin.py:188} INFO - [2024-03-07T10:07:53.495+0200] {dagbag.py:540} INFO - Filling up the DagBag from /usr/local/lib/python3.8/site-packages/airflow/example_dags/plugins/workday.py
[2024-03-07T10:07:53.496+0200] {logging_mixin.py:188} INFO - [2024-03-07T10:07:53.496+0200] {workday.py:40} WARNING - Could not import pandas. Holidays will not be considered.
[2024-03-07T10:07:53.496+0200] {processor.py:842} WARNING - No viable dags retrieved from /usr/local/lib/python3.8/site-packages/airflow/example_dags/plugins/workday.py
[2024-03-07T10:07:53.587+0200] {processor.py:183} INFO - Processing /usr/local/lib/python3.8/site-packages/airflow/example_dags/plugins/workday.py took 0.095 seconds
[2024-03-07T10:09:37.914+0200] {processor.py:161} INFO - Started process (PID=33879) to work on /usr/local/lib/python3.8/site-packages/airflow/example_dags/plugins/workday.py
[2024-03-07T10:09:37.915+0200] {processor.py:830} INFO - Processing file /usr/local/lib/python3.8/site-packages/airflow/example_dags/plugins/workday.py for tasks to queue
[2024-03-07T10:09:37.915+0200] {logging_mixin.py:188} INFO - [2024-03-07T10:09:37.915+0200] {dagbag.py:540} INFO - Filling up the DagBag from /usr/local/lib/python3.8/site-packages/airflow/example_dags/plugins/workday.py
[2024-03-07T10:09:37.917+0200] {logging_mixin.py:188} INFO - [2024-03-07T10:09:37.916+0200] {workday.py:40} WARNING - Could not import pandas. Holidays will not be considered.
[2024-03-07T10:09:37.917+0200] {processor.py:842} WARNING - No viable dags retrieved from /usr/local/lib/python3.8/site-packages/airflow/example_dags/plugins/workday.py
[2024-03-07T10:09:37.998+0200] {processor.py:183} INFO - Processing /usr/local/lib/python3.8/site-packages/airflow/example_dags/plugins/workday.py took 0.086 seconds
[2024-03-07T10:11:19.267+0200] {processor.py:161} INFO - Started process (PID=34001) to work on /usr/local/lib/python3.8/site-packages/airflow/example_dags/plugins/workday.py
[2024-03-07T10:11:19.268+0200] {processor.py:830} INFO - Processing file /usr/local/lib/python3.8/site-packages/airflow/example_dags/plugins/workday.py for tasks to queue
[2024-03-07T10:11:19.268+0200] {logging_mixin.py:188} INFO - [2024-03-07T10:11:19.268+0200] {dagbag.py:540} INFO - Filling up the DagBag from /usr/local/lib/python3.8/site-packages/airflow/example_dags/plugins/workday.py
[2024-03-07T10:11:19.269+0200] {logging_mixin.py:188} INFO - [2024-03-07T10:11:19.269+0200] {workday.py:40} WARNING - Could not import pandas. Holidays will not be considered.
[2024-03-07T10:11:19.270+0200] {processor.py:842} WARNING - No viable dags retrieved from /usr/local/lib/python3.8/site-packages/airflow/example_dags/plugins/workday.py
[2024-03-07T10:11:19.346+0200] {processor.py:183} INFO - Processing /usr/local/lib/python3.8/site-packages/airflow/example_dags/plugins/workday.py took 0.081 seconds
[2024-03-07T10:12:59.627+0200] {processor.py:161} INFO - Started process (PID=34101) to work on /usr/local/lib/python3.8/site-packages/airflow/example_dags/plugins/workday.py
[2024-03-07T10:12:59.628+0200] {processor.py:830} INFO - Processing file /usr/local/lib/python3.8/site-packages/airflow/example_dags/plugins/workday.py for tasks to queue
[2024-03-07T10:12:59.629+0200] {logging_mixin.py:188} INFO - [2024-03-07T10:12:59.629+0200] {dagbag.py:540} INFO - Filling up the DagBag from /usr/local/lib/python3.8/site-packages/airflow/example_dags/plugins/workday.py
[2024-03-07T10:12:59.630+0200] {logging_mixin.py:188} INFO - [2024-03-07T10:12:59.630+0200] {workday.py:40} WARNING - Could not import pandas. Holidays will not be considered.
[2024-03-07T10:12:59.631+0200] {processor.py:842} WARNING - No viable dags retrieved from /usr/local/lib/python3.8/site-packages/airflow/example_dags/plugins/workday.py
[2024-03-07T10:12:59.707+0200] {processor.py:183} INFO - Processing /usr/local/lib/python3.8/site-packages/airflow/example_dags/plugins/workday.py took 0.082 seconds
[2024-03-07T10:14:41.683+0200] {processor.py:161} INFO - Started process (PID=34205) to work on /usr/local/lib/python3.8/site-packages/airflow/example_dags/plugins/workday.py
[2024-03-07T10:14:41.684+0200] {processor.py:830} INFO - Processing file /usr/local/lib/python3.8/site-packages/airflow/example_dags/plugins/workday.py for tasks to queue
[2024-03-07T10:14:41.685+0200] {logging_mixin.py:188} INFO - [2024-03-07T10:14:41.684+0200] {dagbag.py:540} INFO - Filling up the DagBag from /usr/local/lib/python3.8/site-packages/airflow/example_dags/plugins/workday.py
[2024-03-07T10:14:41.686+0200] {logging_mixin.py:188} INFO - [2024-03-07T10:14:41.686+0200] {workday.py:40} WARNING - Could not import pandas. Holidays will not be considered.
[2024-03-07T10:14:41.686+0200] {processor.py:842} WARNING - No viable dags retrieved from /usr/local/lib/python3.8/site-packages/airflow/example_dags/plugins/workday.py
[2024-03-07T10:14:41.757+0200] {processor.py:183} INFO - Processing /usr/local/lib/python3.8/site-packages/airflow/example_dags/plugins/workday.py took 0.076 seconds
[2024-03-07T10:16:12.738+0200] {processor.py:161} INFO - Started process (PID=34299) to work on /usr/local/lib/python3.8/site-packages/airflow/example_dags/plugins/workday.py
[2024-03-07T10:16:12.739+0200] {processor.py:830} INFO - Processing file /usr/local/lib/python3.8/site-packages/airflow/example_dags/plugins/workday.py for tasks to queue
[2024-03-07T10:16:12.739+0200] {logging_mixin.py:188} INFO - [2024-03-07T10:16:12.739+0200] {dagbag.py:540} INFO - Filling up the DagBag from /usr/local/lib/python3.8/site-packages/airflow/example_dags/plugins/workday.py
[2024-03-07T10:16:12.740+0200] {logging_mixin.py:188} INFO - [2024-03-07T10:16:12.740+0200] {workday.py:40} WARNING - Could not import pandas. Holidays will not be considered.
[2024-03-07T10:16:12.741+0200] {processor.py:842} WARNING - No viable dags retrieved from /usr/local/lib/python3.8/site-packages/airflow/example_dags/plugins/workday.py
[2024-03-07T10:16:12.816+0200] {processor.py:183} INFO - Processing /usr/local/lib/python3.8/site-packages/airflow/example_dags/plugins/workday.py took 0.079 seconds
[2024-03-07T10:17:46.985+0200] {processor.py:161} INFO - Started process (PID=34410) to work on /usr/local/lib/python3.8/site-packages/airflow/example_dags/plugins/workday.py
[2024-03-07T10:17:46.987+0200] {processor.py:830} INFO - Processing file /usr/local/lib/python3.8/site-packages/airflow/example_dags/plugins/workday.py for tasks to queue
[2024-03-07T10:17:46.987+0200] {logging_mixin.py:188} INFO - [2024-03-07T10:17:46.987+0200] {dagbag.py:540} INFO - Filling up the DagBag from /usr/local/lib/python3.8/site-packages/airflow/example_dags/plugins/workday.py
[2024-03-07T10:17:46.989+0200] {logging_mixin.py:188} INFO - [2024-03-07T10:17:46.989+0200] {workday.py:40} WARNING - Could not import pandas. Holidays will not be considered.
[2024-03-07T10:17:46.989+0200] {processor.py:842} WARNING - No viable dags retrieved from /usr/local/lib/python3.8/site-packages/airflow/example_dags/plugins/workday.py
[2024-03-07T10:17:47.080+0200] {processor.py:183} INFO - Processing /usr/local/lib/python3.8/site-packages/airflow/example_dags/plugins/workday.py took 0.096 seconds
[2024-03-07T10:19:28.541+0200] {processor.py:161} INFO - Started process (PID=34503) to work on /usr/local/lib/python3.8/site-packages/airflow/example_dags/plugins/workday.py
[2024-03-07T10:19:28.542+0200] {processor.py:830} INFO - Processing file /usr/local/lib/python3.8/site-packages/airflow/example_dags/plugins/workday.py for tasks to queue
[2024-03-07T10:19:28.543+0200] {logging_mixin.py:188} INFO - [2024-03-07T10:19:28.542+0200] {dagbag.py:540} INFO - Filling up the DagBag from /usr/local/lib/python3.8/site-packages/airflow/example_dags/plugins/workday.py
[2024-03-07T10:19:28.544+0200] {logging_mixin.py:188} INFO - [2024-03-07T10:19:28.544+0200] {workday.py:40} WARNING - Could not import pandas. Holidays will not be considered.
[2024-03-07T10:19:28.544+0200] {processor.py:842} WARNING - No viable dags retrieved from /usr/local/lib/python3.8/site-packages/airflow/example_dags/plugins/workday.py
[2024-03-07T10:19:28.631+0200] {processor.py:183} INFO - Processing /usr/local/lib/python3.8/site-packages/airflow/example_dags/plugins/workday.py took 0.091 seconds
[2024-03-07T10:21:09.367+0200] {processor.py:161} INFO - Started process (PID=34606) to work on /usr/local/lib/python3.8/site-packages/airflow/example_dags/plugins/workday.py
[2024-03-07T10:21:09.368+0200] {processor.py:830} INFO - Processing file /usr/local/lib/python3.8/site-packages/airflow/example_dags/plugins/workday.py for tasks to queue
[2024-03-07T10:21:09.369+0200] {logging_mixin.py:188} INFO - [2024-03-07T10:21:09.369+0200] {dagbag.py:540} INFO - Filling up the DagBag from /usr/local/lib/python3.8/site-packages/airflow/example_dags/plugins/workday.py
[2024-03-07T10:21:09.370+0200] {logging_mixin.py:188} INFO - [2024-03-07T10:21:09.370+0200] {workday.py:40} WARNING - Could not import pandas. Holidays will not be considered.
[2024-03-07T10:21:09.371+0200] {processor.py:842} WARNING - No viable dags retrieved from /usr/local/lib/python3.8/site-packages/airflow/example_dags/plugins/workday.py
[2024-03-07T10:21:09.479+0200] {processor.py:183} INFO - Processing /usr/local/lib/python3.8/site-packages/airflow/example_dags/plugins/workday.py took 0.113 seconds
[2024-03-07T10:22:55.803+0200] {processor.py:161} INFO - Started process (PID=34708) to work on /usr/local/lib/python3.8/site-packages/airflow/example_dags/plugins/workday.py
[2024-03-07T10:22:55.804+0200] {processor.py:830} INFO - Processing file /usr/local/lib/python3.8/site-packages/airflow/example_dags/plugins/workday.py for tasks to queue
[2024-03-07T10:22:55.804+0200] {logging_mixin.py:188} INFO - [2024-03-07T10:22:55.804+0200] {dagbag.py:540} INFO - Filling up the DagBag from /usr/local/lib/python3.8/site-packages/airflow/example_dags/plugins/workday.py
[2024-03-07T10:22:55.805+0200] {logging_mixin.py:188} INFO - [2024-03-07T10:22:55.805+0200] {workday.py:40} WARNING - Could not import pandas. Holidays will not be considered.
[2024-03-07T10:22:55.806+0200] {processor.py:842} WARNING - No viable dags retrieved from /usr/local/lib/python3.8/site-packages/airflow/example_dags/plugins/workday.py
[2024-03-07T10:22:55.899+0200] {processor.py:183} INFO - Processing /usr/local/lib/python3.8/site-packages/airflow/example_dags/plugins/workday.py took 0.098 seconds
[2024-03-07T10:24:37.486+0200] {processor.py:161} INFO - Started process (PID=34811) to work on /usr/local/lib/python3.8/site-packages/airflow/example_dags/plugins/workday.py
[2024-03-07T10:24:37.487+0200] {processor.py:830} INFO - Processing file /usr/local/lib/python3.8/site-packages/airflow/example_dags/plugins/workday.py for tasks to queue
[2024-03-07T10:24:37.488+0200] {logging_mixin.py:188} INFO - [2024-03-07T10:24:37.487+0200] {dagbag.py:540} INFO - Filling up the DagBag from /usr/local/lib/python3.8/site-packages/airflow/example_dags/plugins/workday.py
[2024-03-07T10:24:37.489+0200] {logging_mixin.py:188} INFO - [2024-03-07T10:24:37.489+0200] {workday.py:40} WARNING - Could not import pandas. Holidays will not be considered.
[2024-03-07T10:24:37.489+0200] {processor.py:842} WARNING - No viable dags retrieved from /usr/local/lib/python3.8/site-packages/airflow/example_dags/plugins/workday.py
[2024-03-07T10:24:37.573+0200] {processor.py:183} INFO - Processing /usr/local/lib/python3.8/site-packages/airflow/example_dags/plugins/workday.py took 0.089 seconds
[2024-03-07T10:26:20.838+0200] {processor.py:161} INFO - Started process (PID=34931) to work on /usr/local/lib/python3.8/site-packages/airflow/example_dags/plugins/workday.py
[2024-03-07T10:26:20.839+0200] {processor.py:830} INFO - Processing file /usr/local/lib/python3.8/site-packages/airflow/example_dags/plugins/workday.py for tasks to queue
[2024-03-07T10:26:20.840+0200] {logging_mixin.py:188} INFO - [2024-03-07T10:26:20.840+0200] {dagbag.py:540} INFO - Filling up the DagBag from /usr/local/lib/python3.8/site-packages/airflow/example_dags/plugins/workday.py
[2024-03-07T10:26:20.841+0200] {logging_mixin.py:188} INFO - [2024-03-07T10:26:20.841+0200] {workday.py:40} WARNING - Could not import pandas. Holidays will not be considered.
[2024-03-07T10:26:20.842+0200] {processor.py:842} WARNING - No viable dags retrieved from /usr/local/lib/python3.8/site-packages/airflow/example_dags/plugins/workday.py
[2024-03-07T10:26:20.926+0200] {processor.py:183} INFO - Processing /usr/local/lib/python3.8/site-packages/airflow/example_dags/plugins/workday.py took 0.090 seconds
[2024-03-07T10:27:58.070+0200] {processor.py:161} INFO - Started process (PID=35043) to work on /usr/local/lib/python3.8/site-packages/airflow/example_dags/plugins/workday.py
[2024-03-07T10:27:58.071+0200] {processor.py:830} INFO - Processing file /usr/local/lib/python3.8/site-packages/airflow/example_dags/plugins/workday.py for tasks to queue
[2024-03-07T10:27:58.072+0200] {logging_mixin.py:188} INFO - [2024-03-07T10:27:58.072+0200] {dagbag.py:540} INFO - Filling up the DagBag from /usr/local/lib/python3.8/site-packages/airflow/example_dags/plugins/workday.py
[2024-03-07T10:27:58.074+0200] {logging_mixin.py:188} INFO - [2024-03-07T10:27:58.073+0200] {workday.py:40} WARNING - Could not import pandas. Holidays will not be considered.
[2024-03-07T10:27:58.074+0200] {processor.py:842} WARNING - No viable dags retrieved from /usr/local/lib/python3.8/site-packages/airflow/example_dags/plugins/workday.py
[2024-03-07T10:27:58.149+0200] {processor.py:183} INFO - Processing /usr/local/lib/python3.8/site-packages/airflow/example_dags/plugins/workday.py took 0.081 seconds
[2024-03-07T10:29:37.022+0200] {processor.py:161} INFO - Started process (PID=35130) to work on /usr/local/lib/python3.8/site-packages/airflow/example_dags/plugins/workday.py
[2024-03-07T10:29:37.023+0200] {processor.py:830} INFO - Processing file /usr/local/lib/python3.8/site-packages/airflow/example_dags/plugins/workday.py for tasks to queue
[2024-03-07T10:29:37.024+0200] {logging_mixin.py:188} INFO - [2024-03-07T10:29:37.024+0200] {dagbag.py:540} INFO - Filling up the DagBag from /usr/local/lib/python3.8/site-packages/airflow/example_dags/plugins/workday.py
[2024-03-07T10:29:37.025+0200] {logging_mixin.py:188} INFO - [2024-03-07T10:29:37.025+0200] {workday.py:40} WARNING - Could not import pandas. Holidays will not be considered.
[2024-03-07T10:29:37.025+0200] {processor.py:842} WARNING - No viable dags retrieved from /usr/local/lib/python3.8/site-packages/airflow/example_dags/plugins/workday.py
[2024-03-07T10:29:37.104+0200] {processor.py:183} INFO - Processing /usr/local/lib/python3.8/site-packages/airflow/example_dags/plugins/workday.py took 0.083 seconds
[2024-03-07T10:31:17.102+0200] {processor.py:161} INFO - Started process (PID=35244) to work on /usr/local/lib/python3.8/site-packages/airflow/example_dags/plugins/workday.py
[2024-03-07T10:31:17.103+0200] {processor.py:830} INFO - Processing file /usr/local/lib/python3.8/site-packages/airflow/example_dags/plugins/workday.py for tasks to queue
[2024-03-07T10:31:17.103+0200] {logging_mixin.py:188} INFO - [2024-03-07T10:31:17.103+0200] {dagbag.py:540} INFO - Filling up the DagBag from /usr/local/lib/python3.8/site-packages/airflow/example_dags/plugins/workday.py
[2024-03-07T10:31:17.105+0200] {logging_mixin.py:188} INFO - [2024-03-07T10:31:17.105+0200] {workday.py:40} WARNING - Could not import pandas. Holidays will not be considered.
[2024-03-07T10:31:17.105+0200] {processor.py:842} WARNING - No viable dags retrieved from /usr/local/lib/python3.8/site-packages/airflow/example_dags/plugins/workday.py
[2024-03-07T10:31:17.184+0200] {processor.py:183} INFO - Processing /usr/local/lib/python3.8/site-packages/airflow/example_dags/plugins/workday.py took 0.084 seconds
[2024-03-07T10:32:55.503+0200] {processor.py:161} INFO - Started process (PID=35345) to work on /usr/local/lib/python3.8/site-packages/airflow/example_dags/plugins/workday.py
[2024-03-07T10:32:55.505+0200] {processor.py:830} INFO - Processing file /usr/local/lib/python3.8/site-packages/airflow/example_dags/plugins/workday.py for tasks to queue
[2024-03-07T10:32:55.505+0200] {logging_mixin.py:188} INFO - [2024-03-07T10:32:55.505+0200] {dagbag.py:540} INFO - Filling up the DagBag from /usr/local/lib/python3.8/site-packages/airflow/example_dags/plugins/workday.py
[2024-03-07T10:32:55.507+0200] {logging_mixin.py:188} INFO - [2024-03-07T10:32:55.507+0200] {workday.py:40} WARNING - Could not import pandas. Holidays will not be considered.
[2024-03-07T10:32:55.507+0200] {processor.py:842} WARNING - No viable dags retrieved from /usr/local/lib/python3.8/site-packages/airflow/example_dags/plugins/workday.py
[2024-03-07T10:32:55.625+0200] {processor.py:183} INFO - Processing /usr/local/lib/python3.8/site-packages/airflow/example_dags/plugins/workday.py took 0.124 seconds
[2024-03-07T10:34:29.985+0200] {processor.py:161} INFO - Started process (PID=35452) to work on /usr/local/lib/python3.8/site-packages/airflow/example_dags/plugins/workday.py
[2024-03-07T10:34:29.986+0200] {processor.py:830} INFO - Processing file /usr/local/lib/python3.8/site-packages/airflow/example_dags/plugins/workday.py for tasks to queue
[2024-03-07T10:34:29.987+0200] {logging_mixin.py:188} INFO - [2024-03-07T10:34:29.987+0200] {dagbag.py:540} INFO - Filling up the DagBag from /usr/local/lib/python3.8/site-packages/airflow/example_dags/plugins/workday.py
[2024-03-07T10:34:29.988+0200] {logging_mixin.py:188} INFO - [2024-03-07T10:34:29.988+0200] {workday.py:40} WARNING - Could not import pandas. Holidays will not be considered.
[2024-03-07T10:34:29.988+0200] {processor.py:842} WARNING - No viable dags retrieved from /usr/local/lib/python3.8/site-packages/airflow/example_dags/plugins/workday.py
[2024-03-07T10:34:30.062+0200] {processor.py:183} INFO - Processing /usr/local/lib/python3.8/site-packages/airflow/example_dags/plugins/workday.py took 0.078 seconds
[2024-03-07T10:35:55.396+0200] {processor.py:161} INFO - Started process (PID=35562) to work on /usr/local/lib/python3.8/site-packages/airflow/example_dags/plugins/workday.py
[2024-03-07T10:35:55.397+0200] {processor.py:830} INFO - Processing file /usr/local/lib/python3.8/site-packages/airflow/example_dags/plugins/workday.py for tasks to queue
[2024-03-07T10:35:55.398+0200] {logging_mixin.py:188} INFO - [2024-03-07T10:35:55.397+0200] {dagbag.py:540} INFO - Filling up the DagBag from /usr/local/lib/python3.8/site-packages/airflow/example_dags/plugins/workday.py
[2024-03-07T10:35:55.399+0200] {logging_mixin.py:188} INFO - [2024-03-07T10:35:55.399+0200] {workday.py:40} WARNING - Could not import pandas. Holidays will not be considered.
[2024-03-07T10:35:55.399+0200] {processor.py:842} WARNING - No viable dags retrieved from /usr/local/lib/python3.8/site-packages/airflow/example_dags/plugins/workday.py
[2024-03-07T10:35:55.471+0200] {processor.py:183} INFO - Processing /usr/local/lib/python3.8/site-packages/airflow/example_dags/plugins/workday.py took 0.076 seconds
[2024-03-07T10:37:20.025+0200] {processor.py:161} INFO - Started process (PID=35647) to work on /usr/local/lib/python3.8/site-packages/airflow/example_dags/plugins/workday.py
[2024-03-07T10:37:20.027+0200] {processor.py:830} INFO - Processing file /usr/local/lib/python3.8/site-packages/airflow/example_dags/plugins/workday.py for tasks to queue
[2024-03-07T10:37:20.028+0200] {logging_mixin.py:188} INFO - [2024-03-07T10:37:20.027+0200] {dagbag.py:540} INFO - Filling up the DagBag from /usr/local/lib/python3.8/site-packages/airflow/example_dags/plugins/workday.py
[2024-03-07T10:37:20.029+0200] {logging_mixin.py:188} INFO - [2024-03-07T10:37:20.029+0200] {workday.py:40} WARNING - Could not import pandas. Holidays will not be considered.
[2024-03-07T10:37:20.029+0200] {processor.py:842} WARNING - No viable dags retrieved from /usr/local/lib/python3.8/site-packages/airflow/example_dags/plugins/workday.py
[2024-03-07T10:37:20.097+0200] {processor.py:183} INFO - Processing /usr/local/lib/python3.8/site-packages/airflow/example_dags/plugins/workday.py took 0.073 seconds
[2024-03-07T10:38:44.317+0200] {processor.py:161} INFO - Started process (PID=35770) to work on /usr/local/lib/python3.8/site-packages/airflow/example_dags/plugins/workday.py
[2024-03-07T10:38:44.318+0200] {processor.py:830} INFO - Processing file /usr/local/lib/python3.8/site-packages/airflow/example_dags/plugins/workday.py for tasks to queue
[2024-03-07T10:38:44.318+0200] {logging_mixin.py:188} INFO - [2024-03-07T10:38:44.318+0200] {dagbag.py:540} INFO - Filling up the DagBag from /usr/local/lib/python3.8/site-packages/airflow/example_dags/plugins/workday.py
[2024-03-07T10:38:44.319+0200] {logging_mixin.py:188} INFO - [2024-03-07T10:38:44.319+0200] {workday.py:40} WARNING - Could not import pandas. Holidays will not be considered.
[2024-03-07T10:38:44.320+0200] {processor.py:842} WARNING - No viable dags retrieved from /usr/local/lib/python3.8/site-packages/airflow/example_dags/plugins/workday.py
[2024-03-07T10:38:44.395+0200] {processor.py:183} INFO - Processing /usr/local/lib/python3.8/site-packages/airflow/example_dags/plugins/workday.py took 0.079 seconds
[2024-03-07T10:40:20.402+0200] {processor.py:161} INFO - Started process (PID=35907) to work on /usr/local/lib/python3.8/site-packages/airflow/example_dags/plugins/workday.py
[2024-03-07T10:40:20.403+0200] {processor.py:830} INFO - Processing file /usr/local/lib/python3.8/site-packages/airflow/example_dags/plugins/workday.py for tasks to queue
[2024-03-07T10:40:20.404+0200] {logging_mixin.py:188} INFO - [2024-03-07T10:40:20.404+0200] {dagbag.py:540} INFO - Filling up the DagBag from /usr/local/lib/python3.8/site-packages/airflow/example_dags/plugins/workday.py
[2024-03-07T10:40:20.405+0200] {logging_mixin.py:188} INFO - [2024-03-07T10:40:20.405+0200] {workday.py:40} WARNING - Could not import pandas. Holidays will not be considered.
[2024-03-07T10:40:20.405+0200] {processor.py:842} WARNING - No viable dags retrieved from /usr/local/lib/python3.8/site-packages/airflow/example_dags/plugins/workday.py
[2024-03-07T10:40:20.497+0200] {processor.py:183} INFO - Processing /usr/local/lib/python3.8/site-packages/airflow/example_dags/plugins/workday.py took 0.096 seconds
[2024-03-07T10:42:04.912+0200] {processor.py:161} INFO - Started process (PID=36046) to work on /usr/local/lib/python3.8/site-packages/airflow/example_dags/plugins/workday.py
[2024-03-07T10:42:04.913+0200] {processor.py:830} INFO - Processing file /usr/local/lib/python3.8/site-packages/airflow/example_dags/plugins/workday.py for tasks to queue
[2024-03-07T10:42:04.914+0200] {logging_mixin.py:188} INFO - [2024-03-07T10:42:04.914+0200] {dagbag.py:540} INFO - Filling up the DagBag from /usr/local/lib/python3.8/site-packages/airflow/example_dags/plugins/workday.py
[2024-03-07T10:42:04.915+0200] {logging_mixin.py:188} INFO - [2024-03-07T10:42:04.915+0200] {workday.py:40} WARNING - Could not import pandas. Holidays will not be considered.
[2024-03-07T10:42:04.916+0200] {processor.py:842} WARNING - No viable dags retrieved from /usr/local/lib/python3.8/site-packages/airflow/example_dags/plugins/workday.py
[2024-03-07T10:42:05.009+0200] {processor.py:183} INFO - Processing /usr/local/lib/python3.8/site-packages/airflow/example_dags/plugins/workday.py took 0.098 seconds
[2024-03-07T10:43:42.420+0200] {processor.py:161} INFO - Started process (PID=36138) to work on /usr/local/lib/python3.8/site-packages/airflow/example_dags/plugins/workday.py
[2024-03-07T10:43:42.421+0200] {processor.py:830} INFO - Processing file /usr/local/lib/python3.8/site-packages/airflow/example_dags/plugins/workday.py for tasks to queue
[2024-03-07T10:43:42.422+0200] {logging_mixin.py:188} INFO - [2024-03-07T10:43:42.422+0200] {dagbag.py:540} INFO - Filling up the DagBag from /usr/local/lib/python3.8/site-packages/airflow/example_dags/plugins/workday.py
[2024-03-07T10:43:42.423+0200] {logging_mixin.py:188} INFO - [2024-03-07T10:43:42.423+0200] {workday.py:40} WARNING - Could not import pandas. Holidays will not be considered.
[2024-03-07T10:43:42.424+0200] {processor.py:842} WARNING - No viable dags retrieved from /usr/local/lib/python3.8/site-packages/airflow/example_dags/plugins/workday.py
[2024-03-07T10:43:42.495+0200] {processor.py:183} INFO - Processing /usr/local/lib/python3.8/site-packages/airflow/example_dags/plugins/workday.py took 0.076 seconds
[2024-03-07T10:45:15.879+0200] {processor.py:161} INFO - Started process (PID=36243) to work on /usr/local/lib/python3.8/site-packages/airflow/example_dags/plugins/workday.py
[2024-03-07T10:45:15.880+0200] {processor.py:830} INFO - Processing file /usr/local/lib/python3.8/site-packages/airflow/example_dags/plugins/workday.py for tasks to queue
[2024-03-07T10:45:15.881+0200] {logging_mixin.py:188} INFO - [2024-03-07T10:45:15.881+0200] {dagbag.py:540} INFO - Filling up the DagBag from /usr/local/lib/python3.8/site-packages/airflow/example_dags/plugins/workday.py
[2024-03-07T10:45:15.882+0200] {logging_mixin.py:188} INFO - [2024-03-07T10:45:15.882+0200] {workday.py:40} WARNING - Could not import pandas. Holidays will not be considered.
[2024-03-07T10:45:15.882+0200] {processor.py:842} WARNING - No viable dags retrieved from /usr/local/lib/python3.8/site-packages/airflow/example_dags/plugins/workday.py
[2024-03-07T10:45:15.954+0200] {processor.py:183} INFO - Processing /usr/local/lib/python3.8/site-packages/airflow/example_dags/plugins/workday.py took 0.076 seconds
[2024-03-07T10:46:39.587+0200] {processor.py:161} INFO - Started process (PID=36333) to work on /usr/local/lib/python3.8/site-packages/airflow/example_dags/plugins/workday.py
[2024-03-07T10:46:39.588+0200] {processor.py:830} INFO - Processing file /usr/local/lib/python3.8/site-packages/airflow/example_dags/plugins/workday.py for tasks to queue
[2024-03-07T10:46:39.588+0200] {logging_mixin.py:188} INFO - [2024-03-07T10:46:39.588+0200] {dagbag.py:540} INFO - Filling up the DagBag from /usr/local/lib/python3.8/site-packages/airflow/example_dags/plugins/workday.py
[2024-03-07T10:46:39.590+0200] {logging_mixin.py:188} INFO - [2024-03-07T10:46:39.589+0200] {workday.py:40} WARNING - Could not import pandas. Holidays will not be considered.
[2024-03-07T10:46:39.590+0200] {processor.py:842} WARNING - No viable dags retrieved from /usr/local/lib/python3.8/site-packages/airflow/example_dags/plugins/workday.py
[2024-03-07T10:46:39.664+0200] {processor.py:183} INFO - Processing /usr/local/lib/python3.8/site-packages/airflow/example_dags/plugins/workday.py took 0.078 seconds
[2024-03-07T10:48:04.029+0200] {processor.py:161} INFO - Started process (PID=36431) to work on /usr/local/lib/python3.8/site-packages/airflow/example_dags/plugins/workday.py
[2024-03-07T10:48:04.030+0200] {processor.py:830} INFO - Processing file /usr/local/lib/python3.8/site-packages/airflow/example_dags/plugins/workday.py for tasks to queue
[2024-03-07T10:48:04.030+0200] {logging_mixin.py:188} INFO - [2024-03-07T10:48:04.030+0200] {dagbag.py:540} INFO - Filling up the DagBag from /usr/local/lib/python3.8/site-packages/airflow/example_dags/plugins/workday.py
[2024-03-07T10:48:04.032+0200] {logging_mixin.py:188} INFO - [2024-03-07T10:48:04.032+0200] {workday.py:40} WARNING - Could not import pandas. Holidays will not be considered.
[2024-03-07T10:48:04.032+0200] {processor.py:842} WARNING - No viable dags retrieved from /usr/local/lib/python3.8/site-packages/airflow/example_dags/plugins/workday.py
[2024-03-07T10:48:04.105+0200] {processor.py:183} INFO - Processing /usr/local/lib/python3.8/site-packages/airflow/example_dags/plugins/workday.py took 0.077 seconds
[2024-03-07T10:49:33.792+0200] {processor.py:161} INFO - Started process (PID=36526) to work on /usr/local/lib/python3.8/site-packages/airflow/example_dags/plugins/workday.py
[2024-03-07T10:49:33.793+0200] {processor.py:830} INFO - Processing file /usr/local/lib/python3.8/site-packages/airflow/example_dags/plugins/workday.py for tasks to queue
[2024-03-07T10:49:33.793+0200] {logging_mixin.py:188} INFO - [2024-03-07T10:49:33.793+0200] {dagbag.py:540} INFO - Filling up the DagBag from /usr/local/lib/python3.8/site-packages/airflow/example_dags/plugins/workday.py
[2024-03-07T10:49:33.794+0200] {logging_mixin.py:188} INFO - [2024-03-07T10:49:33.794+0200] {workday.py:40} WARNING - Could not import pandas. Holidays will not be considered.
[2024-03-07T10:49:33.795+0200] {processor.py:842} WARNING - No viable dags retrieved from /usr/local/lib/python3.8/site-packages/airflow/example_dags/plugins/workday.py
[2024-03-07T10:49:33.866+0200] {processor.py:183} INFO - Processing /usr/local/lib/python3.8/site-packages/airflow/example_dags/plugins/workday.py took 0.075 seconds
[2024-03-07T10:51:11.069+0200] {processor.py:161} INFO - Started process (PID=36629) to work on /usr/local/lib/python3.8/site-packages/airflow/example_dags/plugins/workday.py
[2024-03-07T10:51:11.069+0200] {processor.py:830} INFO - Processing file /usr/local/lib/python3.8/site-packages/airflow/example_dags/plugins/workday.py for tasks to queue
[2024-03-07T10:51:11.070+0200] {logging_mixin.py:188} INFO - [2024-03-07T10:51:11.070+0200] {dagbag.py:540} INFO - Filling up the DagBag from /usr/local/lib/python3.8/site-packages/airflow/example_dags/plugins/workday.py
[2024-03-07T10:51:11.071+0200] {logging_mixin.py:188} INFO - [2024-03-07T10:51:11.071+0200] {workday.py:40} WARNING - Could not import pandas. Holidays will not be considered.
[2024-03-07T10:51:11.071+0200] {processor.py:842} WARNING - No viable dags retrieved from /usr/local/lib/python3.8/site-packages/airflow/example_dags/plugins/workday.py
[2024-03-07T10:51:11.142+0200] {processor.py:183} INFO - Processing /usr/local/lib/python3.8/site-packages/airflow/example_dags/plugins/workday.py took 0.075 seconds
[2024-03-07T10:52:44.285+0200] {processor.py:161} INFO - Started process (PID=36736) to work on /usr/local/lib/python3.8/site-packages/airflow/example_dags/plugins/workday.py
[2024-03-07T10:52:44.286+0200] {processor.py:830} INFO - Processing file /usr/local/lib/python3.8/site-packages/airflow/example_dags/plugins/workday.py for tasks to queue
[2024-03-07T10:52:44.287+0200] {logging_mixin.py:188} INFO - [2024-03-07T10:52:44.287+0200] {dagbag.py:540} INFO - Filling up the DagBag from /usr/local/lib/python3.8/site-packages/airflow/example_dags/plugins/workday.py
[2024-03-07T10:52:44.288+0200] {logging_mixin.py:188} INFO - [2024-03-07T10:52:44.288+0200] {workday.py:40} WARNING - Could not import pandas. Holidays will not be considered.
[2024-03-07T10:52:44.288+0200] {processor.py:842} WARNING - No viable dags retrieved from /usr/local/lib/python3.8/site-packages/airflow/example_dags/plugins/workday.py
[2024-03-07T10:52:44.362+0200] {processor.py:183} INFO - Processing /usr/local/lib/python3.8/site-packages/airflow/example_dags/plugins/workday.py took 0.078 seconds
[2024-03-07T10:54:17.659+0200] {processor.py:161} INFO - Started process (PID=36830) to work on /usr/local/lib/python3.8/site-packages/airflow/example_dags/plugins/workday.py
[2024-03-07T10:54:17.660+0200] {processor.py:830} INFO - Processing file /usr/local/lib/python3.8/site-packages/airflow/example_dags/plugins/workday.py for tasks to queue
[2024-03-07T10:54:17.661+0200] {logging_mixin.py:188} INFO - [2024-03-07T10:54:17.661+0200] {dagbag.py:540} INFO - Filling up the DagBag from /usr/local/lib/python3.8/site-packages/airflow/example_dags/plugins/workday.py
[2024-03-07T10:54:17.662+0200] {logging_mixin.py:188} INFO - [2024-03-07T10:54:17.662+0200] {workday.py:40} WARNING - Could not import pandas. Holidays will not be considered.
[2024-03-07T10:54:17.663+0200] {processor.py:842} WARNING - No viable dags retrieved from /usr/local/lib/python3.8/site-packages/airflow/example_dags/plugins/workday.py
[2024-03-07T10:54:17.740+0200] {processor.py:183} INFO - Processing /usr/local/lib/python3.8/site-packages/airflow/example_dags/plugins/workday.py took 0.083 seconds
[2024-03-07T10:55:53.863+0200] {processor.py:161} INFO - Started process (PID=36936) to work on /usr/local/lib/python3.8/site-packages/airflow/example_dags/plugins/workday.py
[2024-03-07T10:55:53.863+0200] {processor.py:830} INFO - Processing file /usr/local/lib/python3.8/site-packages/airflow/example_dags/plugins/workday.py for tasks to queue
[2024-03-07T10:55:53.864+0200] {logging_mixin.py:188} INFO - [2024-03-07T10:55:53.864+0200] {dagbag.py:540} INFO - Filling up the DagBag from /usr/local/lib/python3.8/site-packages/airflow/example_dags/plugins/workday.py
[2024-03-07T10:55:53.865+0200] {logging_mixin.py:188} INFO - [2024-03-07T10:55:53.865+0200] {workday.py:40} WARNING - Could not import pandas. Holidays will not be considered.
[2024-03-07T10:55:53.865+0200] {processor.py:842} WARNING - No viable dags retrieved from /usr/local/lib/python3.8/site-packages/airflow/example_dags/plugins/workday.py
[2024-03-07T10:55:53.939+0200] {processor.py:183} INFO - Processing /usr/local/lib/python3.8/site-packages/airflow/example_dags/plugins/workday.py took 0.078 seconds
[2024-03-07T11:27:03.404+0200] {processor.py:161} INFO - Started process (PID=37192) to work on /usr/local/lib/python3.8/site-packages/airflow/example_dags/plugins/workday.py
[2024-03-07T11:27:03.405+0200] {processor.py:830} INFO - Processing file /usr/local/lib/python3.8/site-packages/airflow/example_dags/plugins/workday.py for tasks to queue
[2024-03-07T11:27:03.405+0200] {logging_mixin.py:188} INFO - [2024-03-07T11:27:03.405+0200] {dagbag.py:540} INFO - Filling up the DagBag from /usr/local/lib/python3.8/site-packages/airflow/example_dags/plugins/workday.py
[2024-03-07T11:27:03.406+0200] {logging_mixin.py:188} INFO - [2024-03-07T11:27:03.406+0200] {workday.py:40} WARNING - Could not import pandas. Holidays will not be considered.
[2024-03-07T11:27:03.407+0200] {processor.py:842} WARNING - No viable dags retrieved from /usr/local/lib/python3.8/site-packages/airflow/example_dags/plugins/workday.py
[2024-03-07T11:27:03.477+0200] {processor.py:183} INFO - Processing /usr/local/lib/python3.8/site-packages/airflow/example_dags/plugins/workday.py took 0.075 seconds
[2024-03-07T11:31:36.536+0200] {processor.py:161} INFO - Started process (PID=37373) to work on /usr/local/lib/python3.8/site-packages/airflow/example_dags/plugins/workday.py
[2024-03-07T11:31:36.537+0200] {processor.py:830} INFO - Processing file /usr/local/lib/python3.8/site-packages/airflow/example_dags/plugins/workday.py for tasks to queue
[2024-03-07T11:31:36.538+0200] {logging_mixin.py:188} INFO - [2024-03-07T11:31:36.538+0200] {dagbag.py:540} INFO - Filling up the DagBag from /usr/local/lib/python3.8/site-packages/airflow/example_dags/plugins/workday.py
[2024-03-07T11:31:36.539+0200] {logging_mixin.py:188} INFO - [2024-03-07T11:31:36.539+0200] {workday.py:40} WARNING - Could not import pandas. Holidays will not be considered.
[2024-03-07T11:31:36.540+0200] {processor.py:842} WARNING - No viable dags retrieved from /usr/local/lib/python3.8/site-packages/airflow/example_dags/plugins/workday.py
[2024-03-07T11:31:36.614+0200] {processor.py:183} INFO - Processing /usr/local/lib/python3.8/site-packages/airflow/example_dags/plugins/workday.py took 0.079 seconds
[2024-03-07T11:33:22.651+0200] {processor.py:161} INFO - Started process (PID=37496) to work on /usr/local/lib/python3.8/site-packages/airflow/example_dags/plugins/workday.py
[2024-03-07T11:33:22.652+0200] {processor.py:830} INFO - Processing file /usr/local/lib/python3.8/site-packages/airflow/example_dags/plugins/workday.py for tasks to queue
[2024-03-07T11:33:22.652+0200] {logging_mixin.py:188} INFO - [2024-03-07T11:33:22.652+0200] {dagbag.py:540} INFO - Filling up the DagBag from /usr/local/lib/python3.8/site-packages/airflow/example_dags/plugins/workday.py
[2024-03-07T11:33:22.654+0200] {logging_mixin.py:188} INFO - [2024-03-07T11:33:22.654+0200] {workday.py:40} WARNING - Could not import pandas. Holidays will not be considered.
[2024-03-07T11:33:22.654+0200] {processor.py:842} WARNING - No viable dags retrieved from /usr/local/lib/python3.8/site-packages/airflow/example_dags/plugins/workday.py
[2024-03-07T11:33:22.738+0200] {processor.py:183} INFO - Processing /usr/local/lib/python3.8/site-packages/airflow/example_dags/plugins/workday.py took 0.089 seconds
[2024-03-07T11:34:59.828+0200] {processor.py:161} INFO - Started process (PID=37602) to work on /usr/local/lib/python3.8/site-packages/airflow/example_dags/plugins/workday.py
[2024-03-07T11:34:59.829+0200] {processor.py:830} INFO - Processing file /usr/local/lib/python3.8/site-packages/airflow/example_dags/plugins/workday.py for tasks to queue
[2024-03-07T11:34:59.830+0200] {logging_mixin.py:188} INFO - [2024-03-07T11:34:59.829+0200] {dagbag.py:540} INFO - Filling up the DagBag from /usr/local/lib/python3.8/site-packages/airflow/example_dags/plugins/workday.py
[2024-03-07T11:34:59.831+0200] {logging_mixin.py:188} INFO - [2024-03-07T11:34:59.830+0200] {workday.py:40} WARNING - Could not import pandas. Holidays will not be considered.
[2024-03-07T11:34:59.831+0200] {processor.py:842} WARNING - No viable dags retrieved from /usr/local/lib/python3.8/site-packages/airflow/example_dags/plugins/workday.py
[2024-03-07T11:34:59.900+0200] {processor.py:183} INFO - Processing /usr/local/lib/python3.8/site-packages/airflow/example_dags/plugins/workday.py took 0.074 seconds
