[2024-03-28T10:22:53.339+0200] {taskinstance.py:1979} INFO - Dependencies all met for dep_context=non-requeueable deps ti=<TaskInstance: dag_id_3.show_databases manual__2024-03-28T07:58:57.092182+00:00 [queued]>
[2024-03-28T10:22:53.368+0200] {taskinstance.py:1979} INFO - Dependencies all met for dep_context=requeueable deps ti=<TaskInstance: dag_id_3.show_databases manual__2024-03-28T07:58:57.092182+00:00 [queued]>
[2024-03-28T10:22:53.369+0200] {taskinstance.py:2193} INFO - Starting attempt 1 of 1
[2024-03-28T10:22:53.391+0200] {taskinstance.py:2214} INFO - Executing <Task(PostgresOperator): show_databases> on 2024-03-28 07:58:57.092182+00:00
[2024-03-28T10:22:53.398+0200] {standard_task_runner.py:60} INFO - Started process 9093 to run task
[2024-03-28T10:22:53.407+0200] {standard_task_runner.py:87} INFO - Running: ['airflow', 'tasks', 'run', 'dag_id_3', 'show_databases', 'manual__2024-03-28T07:58:57.092182+00:00', '--job-id', '924', '--raw', '--subdir', 'DAGS_FOLDER/jobs_dag.py', '--cfg-path', '/var/folders/t6/vwjsg0jx26jcjdwn_gxhbjzc0000gp/T/tmpxreh41b6']
[2024-03-28T10:22:53.410+0200] {standard_task_runner.py:88} INFO - Job 924: Subtask show_databases
[2024-03-28T10:22:53.674+0200] {task_command.py:423} INFO - Running <TaskInstance: dag_id_3.show_databases manual__2024-03-28T07:58:57.092182+00:00 [running]> on host C9843
[2024-03-28T10:22:53.883+0200] {taskinstance.py:2510} INFO - Exporting env vars: AIRFLOW_CTX_DAG_OWNER='airflow' AIRFLOW_CTX_DAG_ID='dag_id_3' AIRFLOW_CTX_TASK_ID='show_databases' AIRFLOW_CTX_EXECUTION_DATE='2024-03-28T07:58:57.092182+00:00' AIRFLOW_CTX_TRY_NUMBER='1' AIRFLOW_CTX_DAG_RUN_ID='manual__2024-03-28T07:58:57.092182+00:00'
[2024-03-28T10:22:53.885+0200] {sql.py:276} INFO - Executing: 
                SELECT datname
                FROM pg_database
                WHERE datistemplate = false
                ORDER BY datname;
            
[2024-03-28T10:22:53.898+0200] {base.py:83} INFO - Using connection ID 'Postgres_db' for task execution.
[2024-03-28T10:22:53.970+0200] {base.py:83} INFO - Using connection ID 'Postgres_db' for task execution.
[2024-03-28T10:22:53.977+0200] {sql.py:457} INFO - Running statement: 
                SELECT datname
                FROM pg_database
                WHERE datistemplate = false
                ORDER BY datname;
            , parameters: [63644191, 'None', datetime.datetime(2024, 3, 28, 10, 22, 52, 419230)]
[2024-03-28T10:22:53.981+0200] {sql.py:466} INFO - Rows affected: 3
[2024-03-28T10:22:53.989+0200] {logging_mixin.py:188} WARNING - /usr/local/lib/python3.8/site-packages/airflow/providers/common/sql/hooks/sql.py:407 AirflowProviderDeprecationWarning: Call to deprecated method _make_common_data_structure. (The `_make_serializable` method is deprecated and support will be removed in a future version of the common.sql provider. Please update the DbApiHook's provider to a version based on common.sql >= 1.9.1.)
[2024-03-28T10:22:54.038+0200] {taskinstance.py:1149} INFO - Marking task as SUCCESS. dag_id=dag_id_3, task_id=show_databases, execution_date=20240328T075857, start_date=20240328T082253, end_date=20240328T082254
[2024-03-28T10:22:54.090+0200] {local_task_job_runner.py:234} INFO - Task exited with return code 0
[2024-03-28T10:22:54.135+0200] {taskinstance.py:3309} INFO - 0 downstream tasks scheduled from follow-on schedule check
