[2024-03-19T11:35:50.970+0200] {taskinstance.py:1979} INFO - Dependencies all met for dep_context=non-requeueable deps ti=<TaskInstance: dag_id_3.query_table_task manual__2024-03-19T09:35:16.923816+00:00 [queued]>
[2024-03-19T11:35:50.980+0200] {taskinstance.py:1979} INFO - Dependencies all met for dep_context=requeueable deps ti=<TaskInstance: dag_id_3.query_table_task manual__2024-03-19T09:35:16.923816+00:00 [queued]>
[2024-03-19T11:35:50.981+0200] {taskinstance.py:2193} INFO - Starting attempt 1 of 1
[2024-03-19T11:35:51.007+0200] {taskinstance.py:2214} INFO - Executing <Task(PythonOperator): query_table_task> on 2024-03-19 09:35:16.923816+00:00
[2024-03-19T11:35:51.011+0200] {standard_task_runner.py:60} INFO - Started process 16334 to run task
[2024-03-19T11:35:51.019+0200] {standard_task_runner.py:87} INFO - Running: ['airflow', 'tasks', 'run', 'dag_id_3', 'query_table_task', 'manual__2024-03-19T09:35:16.923816+00:00', '--job-id', '361', '--raw', '--subdir', 'DAGS_FOLDER/jobs_dag.py', '--cfg-path', '/var/folders/t6/vwjsg0jx26jcjdwn_gxhbjzc0000gp/T/tmpzueu5k4_']
[2024-03-19T11:35:51.022+0200] {standard_task_runner.py:88} INFO - Job 361: Subtask query_table_task
[2024-03-19T11:35:51.124+0200] {task_command.py:423} INFO - Running <TaskInstance: dag_id_3.query_table_task manual__2024-03-19T09:35:16.923816+00:00 [running]> on host C9843
[2024-03-19T11:35:51.275+0200] {taskinstance.py:2510} INFO - Exporting env vars: AIRFLOW_CTX_DAG_OWNER='airflow' AIRFLOW_CTX_DAG_ID='dag_id_3' AIRFLOW_CTX_TASK_ID='query_table_task' AIRFLOW_CTX_EXECUTION_DATE='2024-03-19T09:35:16.923816+00:00' AIRFLOW_CTX_TRY_NUMBER='1' AIRFLOW_CTX_DAG_RUN_ID='manual__2024-03-19T09:35:16.923816+00:00'
[2024-03-19T11:35:51.318+0200] {taskinstance.py:2728} ERROR - Task failed with exception
Traceback (most recent call last):
  File "/usr/local/lib/python3.8/site-packages/airflow/models/taskinstance.py", line 444, in _execute_task
    result = _execute_callable(context=context, **execute_callable_kwargs)
  File "/usr/local/lib/python3.8/site-packages/airflow/models/taskinstance.py", line 414, in _execute_callable
    return execute_callable(context=context, **execute_callable_kwargs)
  File "/usr/local/lib/python3.8/site-packages/airflow/operators/python.py", line 200, in execute
    return_value = self.execute_callable()
  File "/usr/local/lib/python3.8/site-packages/airflow/operators/python.py", line 217, in execute_callable
    return self.python_callable(*self.op_args, **self.op_kwargs)
  File "/Users/abatcoveanu/airflow/dags/jobs_dag.py", line 68, in query_table_and_get_row_count
    row_count = postgres_hook.get_first("SELECT COUNT(*) FROM {}".format(dag_config['table_name']))[0]
  File "/usr/local/lib/python3.8/site-packages/airflow/providers/common/sql/hooks/sql.py", line 276, in get_first
    return self.run(sql=sql, parameters=parameters, handler=fetch_one_handler)
  File "/usr/local/lib/python3.8/site-packages/airflow/providers/common/sql/hooks/sql.py", line 397, in run
    with closing(self.get_conn()) as conn:
  File "/usr/local/lib/python3.8/site-packages/airflow/providers/postgres/hooks/postgres.py", line 131, in get_conn
    conn = deepcopy(self.connection or self.get_connection(conn_id))
  File "/usr/local/lib/python3.8/site-packages/airflow/hooks/base.py", line 82, in get_connection
    conn = Connection.get_connection_from_secrets(conn_id)
  File "/usr/local/lib/python3.8/site-packages/airflow/models/connection.py", line 514, in get_connection_from_secrets
    raise AirflowNotFoundException(f"The conn_id `{conn_id}` isn't defined")
airflow.exceptions.AirflowNotFoundException: The conn_id `your_postgres_connection_id` isn't defined
[2024-03-19T11:35:51.325+0200] {taskinstance.py:1149} INFO - Marking task as FAILED. dag_id=dag_id_3, task_id=query_table_task, execution_date=20240319T093516, start_date=20240319T093550, end_date=20240319T093551
[2024-03-19T11:35:51.355+0200] {standard_task_runner.py:107} ERROR - Failed to execute job 361 for task query_table_task (The conn_id `your_postgres_connection_id` isn't defined; 16334)
[2024-03-19T11:35:51.368+0200] {local_task_job_runner.py:234} INFO - Task exited with return code 1
[2024-03-19T11:35:51.410+0200] {taskinstance.py:3309} INFO - 0 downstream tasks scheduled from follow-on schedule check
