[2024-03-12T10:11:34.437+0200] {processor.py:161} INFO - Started process (PID=3374) to work on /usr/local/lib/python3.8/site-packages/airflow/example_dags/example_short_circuit_decorator.py
[2024-03-12T10:11:34.438+0200] {processor.py:830} INFO - Processing file /usr/local/lib/python3.8/site-packages/airflow/example_dags/example_short_circuit_decorator.py for tasks to queue
[2024-03-12T10:11:34.438+0200] {logging_mixin.py:188} INFO - [2024-03-12T10:11:34.438+0200] {dagbag.py:540} INFO - Filling up the DagBag from /usr/local/lib/python3.8/site-packages/airflow/example_dags/example_short_circuit_decorator.py
[2024-03-12T10:11:34.471+0200] {processor.py:840} INFO - DAG(s) 'example_short_circuit_decorator' retrieved from /usr/local/lib/python3.8/site-packages/airflow/example_dags/example_short_circuit_decorator.py
[2024-03-12T10:11:34.703+0200] {logging_mixin.py:188} INFO - [2024-03-12T10:11:34.703+0200] {dag.py:3047} INFO - Sync 1 DAGs
[2024-03-12T10:11:34.718+0200] {logging_mixin.py:188} INFO - [2024-03-12T10:11:34.718+0200] {dag.py:3834} INFO - Setting next_dagrun for example_short_circuit_decorator to 2024-03-11 00:00:00+00:00, run_after=2024-03-12 00:00:00+00:00
[2024-03-12T10:11:34.735+0200] {processor.py:183} INFO - Processing /usr/local/lib/python3.8/site-packages/airflow/example_dags/example_short_circuit_decorator.py took 0.300 seconds
[2024-03-12T10:14:06.025+0200] {processor.py:161} INFO - Started process (PID=3572) to work on /usr/local/lib/python3.8/site-packages/airflow/example_dags/example_short_circuit_decorator.py
[2024-03-12T10:14:06.027+0200] {processor.py:830} INFO - Processing file /usr/local/lib/python3.8/site-packages/airflow/example_dags/example_short_circuit_decorator.py for tasks to queue
[2024-03-12T10:14:06.028+0200] {logging_mixin.py:188} INFO - [2024-03-12T10:14:06.027+0200] {dagbag.py:540} INFO - Filling up the DagBag from /usr/local/lib/python3.8/site-packages/airflow/example_dags/example_short_circuit_decorator.py
[2024-03-12T10:14:06.063+0200] {processor.py:840} INFO - DAG(s) 'example_short_circuit_decorator' retrieved from /usr/local/lib/python3.8/site-packages/airflow/example_dags/example_short_circuit_decorator.py
[2024-03-12T10:14:06.196+0200] {logging_mixin.py:188} INFO - [2024-03-12T10:14:06.196+0200] {dag.py:3047} INFO - Sync 1 DAGs
[2024-03-12T10:14:06.214+0200] {logging_mixin.py:188} INFO - [2024-03-12T10:14:06.213+0200] {dag.py:3834} INFO - Setting next_dagrun for example_short_circuit_decorator to 2024-03-11 00:00:00+00:00, run_after=2024-03-12 00:00:00+00:00
[2024-03-12T10:14:06.234+0200] {processor.py:183} INFO - Processing /usr/local/lib/python3.8/site-packages/airflow/example_dags/example_short_circuit_decorator.py took 0.211 seconds
[2024-03-12T10:15:56.426+0200] {processor.py:161} INFO - Started process (PID=3682) to work on /usr/local/lib/python3.8/site-packages/airflow/example_dags/example_short_circuit_decorator.py
[2024-03-12T10:15:56.428+0200] {processor.py:830} INFO - Processing file /usr/local/lib/python3.8/site-packages/airflow/example_dags/example_short_circuit_decorator.py for tasks to queue
[2024-03-12T10:15:56.429+0200] {logging_mixin.py:188} INFO - [2024-03-12T10:15:56.428+0200] {dagbag.py:540} INFO - Filling up the DagBag from /usr/local/lib/python3.8/site-packages/airflow/example_dags/example_short_circuit_decorator.py
[2024-03-12T10:15:56.463+0200] {processor.py:840} INFO - DAG(s) 'example_short_circuit_decorator' retrieved from /usr/local/lib/python3.8/site-packages/airflow/example_dags/example_short_circuit_decorator.py
[2024-03-12T10:15:56.585+0200] {logging_mixin.py:188} INFO - [2024-03-12T10:15:56.585+0200] {dag.py:3047} INFO - Sync 1 DAGs
[2024-03-12T10:15:56.601+0200] {logging_mixin.py:188} INFO - [2024-03-12T10:15:56.601+0200] {dag.py:3834} INFO - Setting next_dagrun for example_short_circuit_decorator to 2024-03-11 00:00:00+00:00, run_after=2024-03-12 00:00:00+00:00
[2024-03-12T10:15:56.618+0200] {processor.py:183} INFO - Processing /usr/local/lib/python3.8/site-packages/airflow/example_dags/example_short_circuit_decorator.py took 0.193 seconds
[2024-03-12T10:17:40.403+0200] {processor.py:161} INFO - Started process (PID=3799) to work on /usr/local/lib/python3.8/site-packages/airflow/example_dags/example_short_circuit_decorator.py
[2024-03-12T10:17:40.405+0200] {processor.py:830} INFO - Processing file /usr/local/lib/python3.8/site-packages/airflow/example_dags/example_short_circuit_decorator.py for tasks to queue
[2024-03-12T10:17:40.406+0200] {logging_mixin.py:188} INFO - [2024-03-12T10:17:40.406+0200] {dagbag.py:540} INFO - Filling up the DagBag from /usr/local/lib/python3.8/site-packages/airflow/example_dags/example_short_circuit_decorator.py
[2024-03-12T10:17:40.442+0200] {processor.py:840} INFO - DAG(s) 'example_short_circuit_decorator' retrieved from /usr/local/lib/python3.8/site-packages/airflow/example_dags/example_short_circuit_decorator.py
[2024-03-12T10:17:40.581+0200] {logging_mixin.py:188} INFO - [2024-03-12T10:17:40.580+0200] {dag.py:3047} INFO - Sync 1 DAGs
[2024-03-12T10:17:40.598+0200] {logging_mixin.py:188} INFO - [2024-03-12T10:17:40.597+0200] {dag.py:3834} INFO - Setting next_dagrun for example_short_circuit_decorator to 2024-03-11 00:00:00+00:00, run_after=2024-03-12 00:00:00+00:00
[2024-03-12T10:17:40.616+0200] {processor.py:183} INFO - Processing /usr/local/lib/python3.8/site-packages/airflow/example_dags/example_short_circuit_decorator.py took 0.214 seconds
[2024-03-12T10:29:05.757+0200] {processor.py:161} INFO - Started process (PID=4192) to work on /usr/local/lib/python3.8/site-packages/airflow/example_dags/example_short_circuit_decorator.py
[2024-03-12T10:29:05.759+0200] {processor.py:830} INFO - Processing file /usr/local/lib/python3.8/site-packages/airflow/example_dags/example_short_circuit_decorator.py for tasks to queue
[2024-03-12T10:29:05.760+0200] {logging_mixin.py:188} INFO - [2024-03-12T10:29:05.759+0200] {dagbag.py:540} INFO - Filling up the DagBag from /usr/local/lib/python3.8/site-packages/airflow/example_dags/example_short_circuit_decorator.py
[2024-03-12T10:29:05.793+0200] {processor.py:840} INFO - DAG(s) 'example_short_circuit_decorator' retrieved from /usr/local/lib/python3.8/site-packages/airflow/example_dags/example_short_circuit_decorator.py
[2024-03-12T10:29:05.917+0200] {logging_mixin.py:188} INFO - [2024-03-12T10:29:05.916+0200] {dag.py:3047} INFO - Sync 1 DAGs
[2024-03-12T10:29:05.933+0200] {logging_mixin.py:188} INFO - [2024-03-12T10:29:05.933+0200] {dag.py:3834} INFO - Setting next_dagrun for example_short_circuit_decorator to 2024-03-11 00:00:00+00:00, run_after=2024-03-12 00:00:00+00:00
[2024-03-12T10:29:05.950+0200] {processor.py:183} INFO - Processing /usr/local/lib/python3.8/site-packages/airflow/example_dags/example_short_circuit_decorator.py took 0.194 seconds
[2024-03-12T10:31:23.666+0200] {processor.py:161} INFO - Started process (PID=4359) to work on /usr/local/lib/python3.8/site-packages/airflow/example_dags/example_short_circuit_decorator.py
[2024-03-12T10:31:23.666+0200] {processor.py:830} INFO - Processing file /usr/local/lib/python3.8/site-packages/airflow/example_dags/example_short_circuit_decorator.py for tasks to queue
[2024-03-12T10:31:23.667+0200] {logging_mixin.py:188} INFO - [2024-03-12T10:31:23.667+0200] {dagbag.py:540} INFO - Filling up the DagBag from /usr/local/lib/python3.8/site-packages/airflow/example_dags/example_short_circuit_decorator.py
[2024-03-12T10:31:23.705+0200] {processor.py:840} INFO - DAG(s) 'example_short_circuit_decorator' retrieved from /usr/local/lib/python3.8/site-packages/airflow/example_dags/example_short_circuit_decorator.py
[2024-03-12T10:31:23.849+0200] {logging_mixin.py:188} INFO - [2024-03-12T10:31:23.849+0200] {dag.py:3047} INFO - Sync 1 DAGs
[2024-03-12T10:31:23.868+0200] {logging_mixin.py:188} INFO - [2024-03-12T10:31:23.867+0200] {dag.py:3834} INFO - Setting next_dagrun for example_short_circuit_decorator to 2024-03-11 00:00:00+00:00, run_after=2024-03-12 00:00:00+00:00
[2024-03-12T10:31:23.887+0200] {processor.py:183} INFO - Processing /usr/local/lib/python3.8/site-packages/airflow/example_dags/example_short_circuit_decorator.py took 0.222 seconds
[2024-03-12T10:33:17.925+0200] {processor.py:161} INFO - Started process (PID=4512) to work on /usr/local/lib/python3.8/site-packages/airflow/example_dags/example_short_circuit_decorator.py
[2024-03-12T10:33:17.926+0200] {processor.py:830} INFO - Processing file /usr/local/lib/python3.8/site-packages/airflow/example_dags/example_short_circuit_decorator.py for tasks to queue
[2024-03-12T10:33:17.927+0200] {logging_mixin.py:188} INFO - [2024-03-12T10:33:17.927+0200] {dagbag.py:540} INFO - Filling up the DagBag from /usr/local/lib/python3.8/site-packages/airflow/example_dags/example_short_circuit_decorator.py
[2024-03-12T10:33:17.961+0200] {processor.py:840} INFO - DAG(s) 'example_short_circuit_decorator' retrieved from /usr/local/lib/python3.8/site-packages/airflow/example_dags/example_short_circuit_decorator.py
[2024-03-12T10:33:18.087+0200] {logging_mixin.py:188} INFO - [2024-03-12T10:33:18.087+0200] {dag.py:3047} INFO - Sync 1 DAGs
[2024-03-12T10:33:18.104+0200] {logging_mixin.py:188} INFO - [2024-03-12T10:33:18.104+0200] {dag.py:3834} INFO - Setting next_dagrun for example_short_circuit_decorator to 2024-03-11 00:00:00+00:00, run_after=2024-03-12 00:00:00+00:00
[2024-03-12T10:33:18.120+0200] {processor.py:183} INFO - Processing /usr/local/lib/python3.8/site-packages/airflow/example_dags/example_short_circuit_decorator.py took 0.197 seconds
[2024-03-12T10:35:11.446+0200] {processor.py:161} INFO - Started process (PID=4648) to work on /usr/local/lib/python3.8/site-packages/airflow/example_dags/example_short_circuit_decorator.py
[2024-03-12T10:35:11.447+0200] {processor.py:830} INFO - Processing file /usr/local/lib/python3.8/site-packages/airflow/example_dags/example_short_circuit_decorator.py for tasks to queue
[2024-03-12T10:35:11.448+0200] {logging_mixin.py:188} INFO - [2024-03-12T10:35:11.448+0200] {dagbag.py:540} INFO - Filling up the DagBag from /usr/local/lib/python3.8/site-packages/airflow/example_dags/example_short_circuit_decorator.py
[2024-03-12T10:35:11.481+0200] {processor.py:840} INFO - DAG(s) 'example_short_circuit_decorator' retrieved from /usr/local/lib/python3.8/site-packages/airflow/example_dags/example_short_circuit_decorator.py
[2024-03-12T10:35:11.619+0200] {logging_mixin.py:188} INFO - [2024-03-12T10:35:11.619+0200] {dag.py:3047} INFO - Sync 1 DAGs
[2024-03-12T10:35:11.636+0200] {logging_mixin.py:188} INFO - [2024-03-12T10:35:11.636+0200] {dag.py:3834} INFO - Setting next_dagrun for example_short_circuit_decorator to 2024-03-11 00:00:00+00:00, run_after=2024-03-12 00:00:00+00:00
[2024-03-12T10:35:11.654+0200] {processor.py:183} INFO - Processing /usr/local/lib/python3.8/site-packages/airflow/example_dags/example_short_circuit_decorator.py took 0.210 seconds
[2024-03-12T10:37:01.001+0200] {processor.py:161} INFO - Started process (PID=4786) to work on /usr/local/lib/python3.8/site-packages/airflow/example_dags/example_short_circuit_decorator.py
[2024-03-12T10:37:01.002+0200] {processor.py:830} INFO - Processing file /usr/local/lib/python3.8/site-packages/airflow/example_dags/example_short_circuit_decorator.py for tasks to queue
[2024-03-12T10:37:01.003+0200] {logging_mixin.py:188} INFO - [2024-03-12T10:37:01.003+0200] {dagbag.py:540} INFO - Filling up the DagBag from /usr/local/lib/python3.8/site-packages/airflow/example_dags/example_short_circuit_decorator.py
[2024-03-12T10:37:01.032+0200] {processor.py:840} INFO - DAG(s) 'example_short_circuit_decorator' retrieved from /usr/local/lib/python3.8/site-packages/airflow/example_dags/example_short_circuit_decorator.py
[2024-03-12T10:37:01.167+0200] {logging_mixin.py:188} INFO - [2024-03-12T10:37:01.167+0200] {dag.py:3047} INFO - Sync 1 DAGs
[2024-03-12T10:37:01.184+0200] {logging_mixin.py:188} INFO - [2024-03-12T10:37:01.184+0200] {dag.py:3834} INFO - Setting next_dagrun for example_short_circuit_decorator to 2024-03-11 00:00:00+00:00, run_after=2024-03-12 00:00:00+00:00
[2024-03-12T10:37:01.201+0200] {processor.py:183} INFO - Processing /usr/local/lib/python3.8/site-packages/airflow/example_dags/example_short_circuit_decorator.py took 0.200 seconds
[2024-03-12T10:38:57.263+0200] {processor.py:161} INFO - Started process (PID=4942) to work on /usr/local/lib/python3.8/site-packages/airflow/example_dags/example_short_circuit_decorator.py
[2024-03-12T10:38:57.264+0200] {processor.py:830} INFO - Processing file /usr/local/lib/python3.8/site-packages/airflow/example_dags/example_short_circuit_decorator.py for tasks to queue
[2024-03-12T10:38:57.264+0200] {logging_mixin.py:188} INFO - [2024-03-12T10:38:57.264+0200] {dagbag.py:540} INFO - Filling up the DagBag from /usr/local/lib/python3.8/site-packages/airflow/example_dags/example_short_circuit_decorator.py
[2024-03-12T10:38:57.294+0200] {processor.py:840} INFO - DAG(s) 'example_short_circuit_decorator' retrieved from /usr/local/lib/python3.8/site-packages/airflow/example_dags/example_short_circuit_decorator.py
[2024-03-12T10:38:57.420+0200] {logging_mixin.py:188} INFO - [2024-03-12T10:38:57.420+0200] {dag.py:3047} INFO - Sync 1 DAGs
[2024-03-12T10:38:57.436+0200] {logging_mixin.py:188} INFO - [2024-03-12T10:38:57.436+0200] {dag.py:3834} INFO - Setting next_dagrun for example_short_circuit_decorator to 2024-03-11 00:00:00+00:00, run_after=2024-03-12 00:00:00+00:00
[2024-03-12T10:38:57.453+0200] {processor.py:183} INFO - Processing /usr/local/lib/python3.8/site-packages/airflow/example_dags/example_short_circuit_decorator.py took 0.191 seconds
[2024-03-12T10:40:44.878+0200] {processor.py:161} INFO - Started process (PID=5049) to work on /usr/local/lib/python3.8/site-packages/airflow/example_dags/example_short_circuit_decorator.py
[2024-03-12T10:40:44.879+0200] {processor.py:830} INFO - Processing file /usr/local/lib/python3.8/site-packages/airflow/example_dags/example_short_circuit_decorator.py for tasks to queue
[2024-03-12T10:40:44.880+0200] {logging_mixin.py:188} INFO - [2024-03-12T10:40:44.880+0200] {dagbag.py:540} INFO - Filling up the DagBag from /usr/local/lib/python3.8/site-packages/airflow/example_dags/example_short_circuit_decorator.py
[2024-03-12T10:40:44.920+0200] {processor.py:840} INFO - DAG(s) 'example_short_circuit_decorator' retrieved from /usr/local/lib/python3.8/site-packages/airflow/example_dags/example_short_circuit_decorator.py
[2024-03-12T10:40:45.053+0200] {logging_mixin.py:188} INFO - [2024-03-12T10:40:45.052+0200] {dag.py:3047} INFO - Sync 1 DAGs
[2024-03-12T10:40:45.069+0200] {logging_mixin.py:188} INFO - [2024-03-12T10:40:45.069+0200] {dag.py:3834} INFO - Setting next_dagrun for example_short_circuit_decorator to 2024-03-11 00:00:00+00:00, run_after=2024-03-12 00:00:00+00:00
[2024-03-12T10:40:45.087+0200] {processor.py:183} INFO - Processing /usr/local/lib/python3.8/site-packages/airflow/example_dags/example_short_circuit_decorator.py took 0.210 seconds
[2024-03-12T10:42:29.759+0200] {processor.py:161} INFO - Started process (PID=5180) to work on /usr/local/lib/python3.8/site-packages/airflow/example_dags/example_short_circuit_decorator.py
[2024-03-12T10:42:29.759+0200] {processor.py:830} INFO - Processing file /usr/local/lib/python3.8/site-packages/airflow/example_dags/example_short_circuit_decorator.py for tasks to queue
[2024-03-12T10:42:29.760+0200] {logging_mixin.py:188} INFO - [2024-03-12T10:42:29.760+0200] {dagbag.py:540} INFO - Filling up the DagBag from /usr/local/lib/python3.8/site-packages/airflow/example_dags/example_short_circuit_decorator.py
[2024-03-12T10:42:29.788+0200] {processor.py:840} INFO - DAG(s) 'example_short_circuit_decorator' retrieved from /usr/local/lib/python3.8/site-packages/airflow/example_dags/example_short_circuit_decorator.py
[2024-03-12T10:42:29.912+0200] {logging_mixin.py:188} INFO - [2024-03-12T10:42:29.911+0200] {dag.py:3047} INFO - Sync 1 DAGs
[2024-03-12T10:42:29.928+0200] {logging_mixin.py:188} INFO - [2024-03-12T10:42:29.928+0200] {dag.py:3834} INFO - Setting next_dagrun for example_short_circuit_decorator to 2024-03-11 00:00:00+00:00, run_after=2024-03-12 00:00:00+00:00
[2024-03-12T10:42:29.945+0200] {processor.py:183} INFO - Processing /usr/local/lib/python3.8/site-packages/airflow/example_dags/example_short_circuit_decorator.py took 0.187 seconds
[2024-03-12T10:44:20.369+0200] {processor.py:161} INFO - Started process (PID=5303) to work on /usr/local/lib/python3.8/site-packages/airflow/example_dags/example_short_circuit_decorator.py
[2024-03-12T10:44:20.370+0200] {processor.py:830} INFO - Processing file /usr/local/lib/python3.8/site-packages/airflow/example_dags/example_short_circuit_decorator.py for tasks to queue
[2024-03-12T10:44:20.370+0200] {logging_mixin.py:188} INFO - [2024-03-12T10:44:20.370+0200] {dagbag.py:540} INFO - Filling up the DagBag from /usr/local/lib/python3.8/site-packages/airflow/example_dags/example_short_circuit_decorator.py
[2024-03-12T10:44:20.400+0200] {processor.py:840} INFO - DAG(s) 'example_short_circuit_decorator' retrieved from /usr/local/lib/python3.8/site-packages/airflow/example_dags/example_short_circuit_decorator.py
[2024-03-12T10:44:20.524+0200] {logging_mixin.py:188} INFO - [2024-03-12T10:44:20.524+0200] {dag.py:3047} INFO - Sync 1 DAGs
[2024-03-12T10:44:20.541+0200] {logging_mixin.py:188} INFO - [2024-03-12T10:44:20.541+0200] {dag.py:3834} INFO - Setting next_dagrun for example_short_circuit_decorator to 2024-03-11 00:00:00+00:00, run_after=2024-03-12 00:00:00+00:00
[2024-03-12T10:44:20.559+0200] {processor.py:183} INFO - Processing /usr/local/lib/python3.8/site-packages/airflow/example_dags/example_short_circuit_decorator.py took 0.191 seconds
[2024-03-12T10:46:09.969+0200] {processor.py:161} INFO - Started process (PID=5433) to work on /usr/local/lib/python3.8/site-packages/airflow/example_dags/example_short_circuit_decorator.py
[2024-03-12T10:46:09.970+0200] {processor.py:830} INFO - Processing file /usr/local/lib/python3.8/site-packages/airflow/example_dags/example_short_circuit_decorator.py for tasks to queue
[2024-03-12T10:46:09.970+0200] {logging_mixin.py:188} INFO - [2024-03-12T10:46:09.970+0200] {dagbag.py:540} INFO - Filling up the DagBag from /usr/local/lib/python3.8/site-packages/airflow/example_dags/example_short_circuit_decorator.py
[2024-03-12T10:46:09.999+0200] {processor.py:840} INFO - DAG(s) 'example_short_circuit_decorator' retrieved from /usr/local/lib/python3.8/site-packages/airflow/example_dags/example_short_circuit_decorator.py
[2024-03-12T10:46:10.114+0200] {logging_mixin.py:188} INFO - [2024-03-12T10:46:10.114+0200] {dag.py:3047} INFO - Sync 1 DAGs
[2024-03-12T10:46:10.127+0200] {logging_mixin.py:188} INFO - [2024-03-12T10:46:10.126+0200] {dag.py:3834} INFO - Setting next_dagrun for example_short_circuit_decorator to 2024-03-11 00:00:00+00:00, run_after=2024-03-12 00:00:00+00:00
[2024-03-12T10:46:10.141+0200] {processor.py:183} INFO - Processing /usr/local/lib/python3.8/site-packages/airflow/example_dags/example_short_circuit_decorator.py took 0.173 seconds
[2024-03-12T10:48:00.807+0200] {processor.py:161} INFO - Started process (PID=5557) to work on /usr/local/lib/python3.8/site-packages/airflow/example_dags/example_short_circuit_decorator.py
[2024-03-12T10:48:00.808+0200] {processor.py:830} INFO - Processing file /usr/local/lib/python3.8/site-packages/airflow/example_dags/example_short_circuit_decorator.py for tasks to queue
[2024-03-12T10:48:00.808+0200] {logging_mixin.py:188} INFO - [2024-03-12T10:48:00.808+0200] {dagbag.py:540} INFO - Filling up the DagBag from /usr/local/lib/python3.8/site-packages/airflow/example_dags/example_short_circuit_decorator.py
[2024-03-12T10:48:00.847+0200] {processor.py:840} INFO - DAG(s) 'example_short_circuit_decorator' retrieved from /usr/local/lib/python3.8/site-packages/airflow/example_dags/example_short_circuit_decorator.py
[2024-03-12T10:48:00.989+0200] {logging_mixin.py:188} INFO - [2024-03-12T10:48:00.989+0200] {dag.py:3047} INFO - Sync 1 DAGs
[2024-03-12T10:48:01.008+0200] {logging_mixin.py:188} INFO - [2024-03-12T10:48:01.008+0200] {dag.py:3834} INFO - Setting next_dagrun for example_short_circuit_decorator to 2024-03-11 00:00:00+00:00, run_after=2024-03-12 00:00:00+00:00
[2024-03-12T10:48:01.027+0200] {processor.py:183} INFO - Processing /usr/local/lib/python3.8/site-packages/airflow/example_dags/example_short_circuit_decorator.py took 0.222 seconds
[2024-03-12T10:49:53.054+0200] {processor.py:161} INFO - Started process (PID=5689) to work on /usr/local/lib/python3.8/site-packages/airflow/example_dags/example_short_circuit_decorator.py
[2024-03-12T10:49:53.055+0200] {processor.py:830} INFO - Processing file /usr/local/lib/python3.8/site-packages/airflow/example_dags/example_short_circuit_decorator.py for tasks to queue
[2024-03-12T10:49:53.056+0200] {logging_mixin.py:188} INFO - [2024-03-12T10:49:53.056+0200] {dagbag.py:540} INFO - Filling up the DagBag from /usr/local/lib/python3.8/site-packages/airflow/example_dags/example_short_circuit_decorator.py
[2024-03-12T10:49:53.085+0200] {processor.py:840} INFO - DAG(s) 'example_short_circuit_decorator' retrieved from /usr/local/lib/python3.8/site-packages/airflow/example_dags/example_short_circuit_decorator.py
[2024-03-12T10:49:53.219+0200] {logging_mixin.py:188} INFO - [2024-03-12T10:49:53.218+0200] {dag.py:3047} INFO - Sync 1 DAGs
[2024-03-12T10:49:53.237+0200] {logging_mixin.py:188} INFO - [2024-03-12T10:49:53.237+0200] {dag.py:3834} INFO - Setting next_dagrun for example_short_circuit_decorator to 2024-03-11 00:00:00+00:00, run_after=2024-03-12 00:00:00+00:00
[2024-03-12T10:49:53.255+0200] {processor.py:183} INFO - Processing /usr/local/lib/python3.8/site-packages/airflow/example_dags/example_short_circuit_decorator.py took 0.202 seconds
[2024-03-12T10:51:46.206+0200] {processor.py:161} INFO - Started process (PID=5807) to work on /usr/local/lib/python3.8/site-packages/airflow/example_dags/example_short_circuit_decorator.py
[2024-03-12T10:51:46.207+0200] {processor.py:830} INFO - Processing file /usr/local/lib/python3.8/site-packages/airflow/example_dags/example_short_circuit_decorator.py for tasks to queue
[2024-03-12T10:51:46.208+0200] {logging_mixin.py:188} INFO - [2024-03-12T10:51:46.208+0200] {dagbag.py:540} INFO - Filling up the DagBag from /usr/local/lib/python3.8/site-packages/airflow/example_dags/example_short_circuit_decorator.py
[2024-03-12T10:51:46.243+0200] {processor.py:840} INFO - DAG(s) 'example_short_circuit_decorator' retrieved from /usr/local/lib/python3.8/site-packages/airflow/example_dags/example_short_circuit_decorator.py
[2024-03-12T10:51:46.373+0200] {logging_mixin.py:188} INFO - [2024-03-12T10:51:46.372+0200] {dag.py:3047} INFO - Sync 1 DAGs
[2024-03-12T10:51:46.389+0200] {logging_mixin.py:188} INFO - [2024-03-12T10:51:46.388+0200] {dag.py:3834} INFO - Setting next_dagrun for example_short_circuit_decorator to 2024-03-11 00:00:00+00:00, run_after=2024-03-12 00:00:00+00:00
[2024-03-12T10:51:46.408+0200] {processor.py:183} INFO - Processing /usr/local/lib/python3.8/site-packages/airflow/example_dags/example_short_circuit_decorator.py took 0.203 seconds
[2024-03-12T10:53:34.407+0200] {processor.py:161} INFO - Started process (PID=5935) to work on /usr/local/lib/python3.8/site-packages/airflow/example_dags/example_short_circuit_decorator.py
[2024-03-12T10:53:34.408+0200] {processor.py:830} INFO - Processing file /usr/local/lib/python3.8/site-packages/airflow/example_dags/example_short_circuit_decorator.py for tasks to queue
[2024-03-12T10:53:34.409+0200] {logging_mixin.py:188} INFO - [2024-03-12T10:53:34.408+0200] {dagbag.py:540} INFO - Filling up the DagBag from /usr/local/lib/python3.8/site-packages/airflow/example_dags/example_short_circuit_decorator.py
[2024-03-12T10:53:34.444+0200] {processor.py:840} INFO - DAG(s) 'example_short_circuit_decorator' retrieved from /usr/local/lib/python3.8/site-packages/airflow/example_dags/example_short_circuit_decorator.py
[2024-03-12T10:53:34.577+0200] {logging_mixin.py:188} INFO - [2024-03-12T10:53:34.576+0200] {dag.py:3047} INFO - Sync 1 DAGs
[2024-03-12T10:53:34.594+0200] {logging_mixin.py:188} INFO - [2024-03-12T10:53:34.594+0200] {dag.py:3834} INFO - Setting next_dagrun for example_short_circuit_decorator to 2024-03-11 00:00:00+00:00, run_after=2024-03-12 00:00:00+00:00
[2024-03-12T10:53:34.612+0200] {processor.py:183} INFO - Processing /usr/local/lib/python3.8/site-packages/airflow/example_dags/example_short_circuit_decorator.py took 0.207 seconds
[2024-03-12T10:55:20.096+0200] {processor.py:161} INFO - Started process (PID=6057) to work on /usr/local/lib/python3.8/site-packages/airflow/example_dags/example_short_circuit_decorator.py
[2024-03-12T10:55:20.097+0200] {processor.py:830} INFO - Processing file /usr/local/lib/python3.8/site-packages/airflow/example_dags/example_short_circuit_decorator.py for tasks to queue
[2024-03-12T10:55:20.098+0200] {logging_mixin.py:188} INFO - [2024-03-12T10:55:20.098+0200] {dagbag.py:540} INFO - Filling up the DagBag from /usr/local/lib/python3.8/site-packages/airflow/example_dags/example_short_circuit_decorator.py
[2024-03-12T10:55:20.134+0200] {processor.py:840} INFO - DAG(s) 'example_short_circuit_decorator' retrieved from /usr/local/lib/python3.8/site-packages/airflow/example_dags/example_short_circuit_decorator.py
[2024-03-12T10:55:20.289+0200] {logging_mixin.py:188} INFO - [2024-03-12T10:55:20.289+0200] {dag.py:3047} INFO - Sync 1 DAGs
[2024-03-12T10:55:20.307+0200] {logging_mixin.py:188} INFO - [2024-03-12T10:55:20.307+0200] {dag.py:3834} INFO - Setting next_dagrun for example_short_circuit_decorator to 2024-03-11 00:00:00+00:00, run_after=2024-03-12 00:00:00+00:00
[2024-03-12T10:55:20.326+0200] {processor.py:183} INFO - Processing /usr/local/lib/python3.8/site-packages/airflow/example_dags/example_short_circuit_decorator.py took 0.231 seconds
[2024-03-12T10:57:11.370+0200] {processor.py:161} INFO - Started process (PID=6198) to work on /usr/local/lib/python3.8/site-packages/airflow/example_dags/example_short_circuit_decorator.py
[2024-03-12T10:57:11.371+0200] {processor.py:830} INFO - Processing file /usr/local/lib/python3.8/site-packages/airflow/example_dags/example_short_circuit_decorator.py for tasks to queue
[2024-03-12T10:57:11.371+0200] {logging_mixin.py:188} INFO - [2024-03-12T10:57:11.371+0200] {dagbag.py:540} INFO - Filling up the DagBag from /usr/local/lib/python3.8/site-packages/airflow/example_dags/example_short_circuit_decorator.py
[2024-03-12T10:57:11.410+0200] {processor.py:840} INFO - DAG(s) 'example_short_circuit_decorator' retrieved from /usr/local/lib/python3.8/site-packages/airflow/example_dags/example_short_circuit_decorator.py
[2024-03-12T10:57:11.548+0200] {logging_mixin.py:188} INFO - [2024-03-12T10:57:11.548+0200] {dag.py:3047} INFO - Sync 1 DAGs
[2024-03-12T10:57:11.567+0200] {logging_mixin.py:188} INFO - [2024-03-12T10:57:11.567+0200] {dag.py:3834} INFO - Setting next_dagrun for example_short_circuit_decorator to 2024-03-11 00:00:00+00:00, run_after=2024-03-12 00:00:00+00:00
[2024-03-12T10:57:11.586+0200] {processor.py:183} INFO - Processing /usr/local/lib/python3.8/site-packages/airflow/example_dags/example_short_circuit_decorator.py took 0.218 seconds
[2024-03-12T10:59:06.779+0200] {processor.py:161} INFO - Started process (PID=6337) to work on /usr/local/lib/python3.8/site-packages/airflow/example_dags/example_short_circuit_decorator.py
[2024-03-12T10:59:06.780+0200] {processor.py:830} INFO - Processing file /usr/local/lib/python3.8/site-packages/airflow/example_dags/example_short_circuit_decorator.py for tasks to queue
[2024-03-12T10:59:06.780+0200] {logging_mixin.py:188} INFO - [2024-03-12T10:59:06.780+0200] {dagbag.py:540} INFO - Filling up the DagBag from /usr/local/lib/python3.8/site-packages/airflow/example_dags/example_short_circuit_decorator.py
[2024-03-12T10:59:06.816+0200] {processor.py:840} INFO - DAG(s) 'example_short_circuit_decorator' retrieved from /usr/local/lib/python3.8/site-packages/airflow/example_dags/example_short_circuit_decorator.py
[2024-03-12T10:59:06.949+0200] {logging_mixin.py:188} INFO - [2024-03-12T10:59:06.949+0200] {dag.py:3047} INFO - Sync 1 DAGs
[2024-03-12T10:59:06.966+0200] {logging_mixin.py:188} INFO - [2024-03-12T10:59:06.966+0200] {dag.py:3834} INFO - Setting next_dagrun for example_short_circuit_decorator to 2024-03-11 00:00:00+00:00, run_after=2024-03-12 00:00:00+00:00
[2024-03-12T10:59:06.985+0200] {processor.py:183} INFO - Processing /usr/local/lib/python3.8/site-packages/airflow/example_dags/example_short_circuit_decorator.py took 0.207 seconds
[2024-03-12T11:00:55.224+0200] {processor.py:161} INFO - Started process (PID=6461) to work on /usr/local/lib/python3.8/site-packages/airflow/example_dags/example_short_circuit_decorator.py
[2024-03-12T11:00:55.225+0200] {processor.py:830} INFO - Processing file /usr/local/lib/python3.8/site-packages/airflow/example_dags/example_short_circuit_decorator.py for tasks to queue
[2024-03-12T11:00:55.225+0200] {logging_mixin.py:188} INFO - [2024-03-12T11:00:55.225+0200] {dagbag.py:540} INFO - Filling up the DagBag from /usr/local/lib/python3.8/site-packages/airflow/example_dags/example_short_circuit_decorator.py
[2024-03-12T11:00:55.260+0200] {processor.py:840} INFO - DAG(s) 'example_short_circuit_decorator' retrieved from /usr/local/lib/python3.8/site-packages/airflow/example_dags/example_short_circuit_decorator.py
[2024-03-12T11:00:55.392+0200] {logging_mixin.py:188} INFO - [2024-03-12T11:00:55.391+0200] {dag.py:3047} INFO - Sync 1 DAGs
[2024-03-12T11:00:55.409+0200] {logging_mixin.py:188} INFO - [2024-03-12T11:00:55.409+0200] {dag.py:3834} INFO - Setting next_dagrun for example_short_circuit_decorator to 2024-03-11 00:00:00+00:00, run_after=2024-03-12 00:00:00+00:00
[2024-03-12T11:00:55.426+0200] {processor.py:183} INFO - Processing /usr/local/lib/python3.8/site-packages/airflow/example_dags/example_short_circuit_decorator.py took 0.203 seconds
[2024-03-12T11:02:41.873+0200] {processor.py:161} INFO - Started process (PID=6568) to work on /usr/local/lib/python3.8/site-packages/airflow/example_dags/example_short_circuit_decorator.py
[2024-03-12T11:02:41.874+0200] {processor.py:830} INFO - Processing file /usr/local/lib/python3.8/site-packages/airflow/example_dags/example_short_circuit_decorator.py for tasks to queue
[2024-03-12T11:02:41.874+0200] {logging_mixin.py:188} INFO - [2024-03-12T11:02:41.874+0200] {dagbag.py:540} INFO - Filling up the DagBag from /usr/local/lib/python3.8/site-packages/airflow/example_dags/example_short_circuit_decorator.py
[2024-03-12T11:02:41.908+0200] {processor.py:840} INFO - DAG(s) 'example_short_circuit_decorator' retrieved from /usr/local/lib/python3.8/site-packages/airflow/example_dags/example_short_circuit_decorator.py
[2024-03-12T11:02:42.038+0200] {logging_mixin.py:188} INFO - [2024-03-12T11:02:42.038+0200] {dag.py:3047} INFO - Sync 1 DAGs
[2024-03-12T11:02:42.056+0200] {logging_mixin.py:188} INFO - [2024-03-12T11:02:42.055+0200] {dag.py:3834} INFO - Setting next_dagrun for example_short_circuit_decorator to 2024-03-11 00:00:00+00:00, run_after=2024-03-12 00:00:00+00:00
[2024-03-12T11:02:42.074+0200] {processor.py:183} INFO - Processing /usr/local/lib/python3.8/site-packages/airflow/example_dags/example_short_circuit_decorator.py took 0.202 seconds
[2024-03-12T11:04:30.692+0200] {processor.py:161} INFO - Started process (PID=6699) to work on /usr/local/lib/python3.8/site-packages/airflow/example_dags/example_short_circuit_decorator.py
[2024-03-12T11:04:30.692+0200] {processor.py:830} INFO - Processing file /usr/local/lib/python3.8/site-packages/airflow/example_dags/example_short_circuit_decorator.py for tasks to queue
[2024-03-12T11:04:30.693+0200] {logging_mixin.py:188} INFO - [2024-03-12T11:04:30.693+0200] {dagbag.py:540} INFO - Filling up the DagBag from /usr/local/lib/python3.8/site-packages/airflow/example_dags/example_short_circuit_decorator.py
[2024-03-12T11:04:30.722+0200] {processor.py:840} INFO - DAG(s) 'example_short_circuit_decorator' retrieved from /usr/local/lib/python3.8/site-packages/airflow/example_dags/example_short_circuit_decorator.py
[2024-03-12T11:04:30.846+0200] {logging_mixin.py:188} INFO - [2024-03-12T11:04:30.846+0200] {dag.py:3047} INFO - Sync 1 DAGs
[2024-03-12T11:04:30.863+0200] {logging_mixin.py:188} INFO - [2024-03-12T11:04:30.863+0200] {dag.py:3834} INFO - Setting next_dagrun for example_short_circuit_decorator to 2024-03-11 00:00:00+00:00, run_after=2024-03-12 00:00:00+00:00
[2024-03-12T11:04:30.880+0200] {processor.py:183} INFO - Processing /usr/local/lib/python3.8/site-packages/airflow/example_dags/example_short_circuit_decorator.py took 0.190 seconds
[2024-03-12T11:06:26.878+0200] {processor.py:161} INFO - Started process (PID=6862) to work on /usr/local/lib/python3.8/site-packages/airflow/example_dags/example_short_circuit_decorator.py
[2024-03-12T11:06:26.880+0200] {processor.py:830} INFO - Processing file /usr/local/lib/python3.8/site-packages/airflow/example_dags/example_short_circuit_decorator.py for tasks to queue
[2024-03-12T11:06:26.881+0200] {logging_mixin.py:188} INFO - [2024-03-12T11:06:26.881+0200] {dagbag.py:540} INFO - Filling up the DagBag from /usr/local/lib/python3.8/site-packages/airflow/example_dags/example_short_circuit_decorator.py
[2024-03-12T11:06:26.922+0200] {processor.py:840} INFO - DAG(s) 'example_short_circuit_decorator' retrieved from /usr/local/lib/python3.8/site-packages/airflow/example_dags/example_short_circuit_decorator.py
[2024-03-12T11:06:27.069+0200] {logging_mixin.py:188} INFO - [2024-03-12T11:06:27.069+0200] {dag.py:3047} INFO - Sync 1 DAGs
[2024-03-12T11:06:27.085+0200] {logging_mixin.py:188} INFO - [2024-03-12T11:06:27.085+0200] {dag.py:3834} INFO - Setting next_dagrun for example_short_circuit_decorator to 2024-03-11 00:00:00+00:00, run_after=2024-03-12 00:00:00+00:00
[2024-03-12T11:06:27.102+0200] {processor.py:183} INFO - Processing /usr/local/lib/python3.8/site-packages/airflow/example_dags/example_short_circuit_decorator.py took 0.226 seconds
[2024-03-12T11:08:30.391+0200] {processor.py:161} INFO - Started process (PID=7011) to work on /usr/local/lib/python3.8/site-packages/airflow/example_dags/example_short_circuit_decorator.py
[2024-03-12T11:08:30.393+0200] {processor.py:830} INFO - Processing file /usr/local/lib/python3.8/site-packages/airflow/example_dags/example_short_circuit_decorator.py for tasks to queue
[2024-03-12T11:08:30.393+0200] {logging_mixin.py:188} INFO - [2024-03-12T11:08:30.393+0200] {dagbag.py:540} INFO - Filling up the DagBag from /usr/local/lib/python3.8/site-packages/airflow/example_dags/example_short_circuit_decorator.py
[2024-03-12T11:08:30.428+0200] {processor.py:840} INFO - DAG(s) 'example_short_circuit_decorator' retrieved from /usr/local/lib/python3.8/site-packages/airflow/example_dags/example_short_circuit_decorator.py
[2024-03-12T11:08:30.559+0200] {logging_mixin.py:188} INFO - [2024-03-12T11:08:30.559+0200] {dag.py:3047} INFO - Sync 1 DAGs
[2024-03-12T11:08:30.575+0200] {logging_mixin.py:188} INFO - [2024-03-12T11:08:30.575+0200] {dag.py:3834} INFO - Setting next_dagrun for example_short_circuit_decorator to 2024-03-11 00:00:00+00:00, run_after=2024-03-12 00:00:00+00:00
[2024-03-12T11:08:30.592+0200] {processor.py:183} INFO - Processing /usr/local/lib/python3.8/site-packages/airflow/example_dags/example_short_circuit_decorator.py took 0.203 seconds
[2024-03-12T11:10:30.490+0200] {processor.py:161} INFO - Started process (PID=7144) to work on /usr/local/lib/python3.8/site-packages/airflow/example_dags/example_short_circuit_decorator.py
[2024-03-12T11:10:30.491+0200] {processor.py:830} INFO - Processing file /usr/local/lib/python3.8/site-packages/airflow/example_dags/example_short_circuit_decorator.py for tasks to queue
[2024-03-12T11:10:30.492+0200] {logging_mixin.py:188} INFO - [2024-03-12T11:10:30.491+0200] {dagbag.py:540} INFO - Filling up the DagBag from /usr/local/lib/python3.8/site-packages/airflow/example_dags/example_short_circuit_decorator.py
[2024-03-12T11:10:30.526+0200] {processor.py:840} INFO - DAG(s) 'example_short_circuit_decorator' retrieved from /usr/local/lib/python3.8/site-packages/airflow/example_dags/example_short_circuit_decorator.py
[2024-03-12T11:10:30.663+0200] {logging_mixin.py:188} INFO - [2024-03-12T11:10:30.662+0200] {dag.py:3047} INFO - Sync 1 DAGs
[2024-03-12T11:10:30.681+0200] {logging_mixin.py:188} INFO - [2024-03-12T11:10:30.681+0200] {dag.py:3834} INFO - Setting next_dagrun for example_short_circuit_decorator to 2024-03-11 00:00:00+00:00, run_after=2024-03-12 00:00:00+00:00
[2024-03-12T11:10:30.700+0200] {processor.py:183} INFO - Processing /usr/local/lib/python3.8/site-packages/airflow/example_dags/example_short_circuit_decorator.py took 0.211 seconds
[2024-03-12T11:12:23.183+0200] {processor.py:161} INFO - Started process (PID=7267) to work on /usr/local/lib/python3.8/site-packages/airflow/example_dags/example_short_circuit_decorator.py
[2024-03-12T11:12:23.185+0200] {processor.py:830} INFO - Processing file /usr/local/lib/python3.8/site-packages/airflow/example_dags/example_short_circuit_decorator.py for tasks to queue
[2024-03-12T11:12:23.186+0200] {logging_mixin.py:188} INFO - [2024-03-12T11:12:23.185+0200] {dagbag.py:540} INFO - Filling up the DagBag from /usr/local/lib/python3.8/site-packages/airflow/example_dags/example_short_circuit_decorator.py
[2024-03-12T11:12:23.225+0200] {processor.py:840} INFO - DAG(s) 'example_short_circuit_decorator' retrieved from /usr/local/lib/python3.8/site-packages/airflow/example_dags/example_short_circuit_decorator.py
[2024-03-12T11:12:23.382+0200] {logging_mixin.py:188} INFO - [2024-03-12T11:12:23.382+0200] {dag.py:3047} INFO - Sync 1 DAGs
[2024-03-12T11:12:23.400+0200] {logging_mixin.py:188} INFO - [2024-03-12T11:12:23.400+0200] {dag.py:3834} INFO - Setting next_dagrun for example_short_circuit_decorator to 2024-03-11 00:00:00+00:00, run_after=2024-03-12 00:00:00+00:00
[2024-03-12T11:12:23.421+0200] {processor.py:183} INFO - Processing /usr/local/lib/python3.8/site-packages/airflow/example_dags/example_short_circuit_decorator.py took 0.239 seconds
[2024-03-12T11:14:15.647+0200] {processor.py:161} INFO - Started process (PID=7394) to work on /usr/local/lib/python3.8/site-packages/airflow/example_dags/example_short_circuit_decorator.py
[2024-03-12T11:14:15.649+0200] {processor.py:830} INFO - Processing file /usr/local/lib/python3.8/site-packages/airflow/example_dags/example_short_circuit_decorator.py for tasks to queue
[2024-03-12T11:14:15.649+0200] {logging_mixin.py:188} INFO - [2024-03-12T11:14:15.649+0200] {dagbag.py:540} INFO - Filling up the DagBag from /usr/local/lib/python3.8/site-packages/airflow/example_dags/example_short_circuit_decorator.py
[2024-03-12T11:14:15.686+0200] {processor.py:840} INFO - DAG(s) 'example_short_circuit_decorator' retrieved from /usr/local/lib/python3.8/site-packages/airflow/example_dags/example_short_circuit_decorator.py
[2024-03-12T11:14:15.836+0200] {logging_mixin.py:188} INFO - [2024-03-12T11:14:15.835+0200] {dag.py:3047} INFO - Sync 1 DAGs
[2024-03-12T11:14:15.853+0200] {logging_mixin.py:188} INFO - [2024-03-12T11:14:15.852+0200] {dag.py:3834} INFO - Setting next_dagrun for example_short_circuit_decorator to 2024-03-11 00:00:00+00:00, run_after=2024-03-12 00:00:00+00:00
[2024-03-12T11:14:15.870+0200] {processor.py:183} INFO - Processing /usr/local/lib/python3.8/site-packages/airflow/example_dags/example_short_circuit_decorator.py took 0.225 seconds
[2024-03-12T11:16:12.332+0200] {processor.py:161} INFO - Started process (PID=7523) to work on /usr/local/lib/python3.8/site-packages/airflow/example_dags/example_short_circuit_decorator.py
[2024-03-12T11:16:12.333+0200] {processor.py:830} INFO - Processing file /usr/local/lib/python3.8/site-packages/airflow/example_dags/example_short_circuit_decorator.py for tasks to queue
[2024-03-12T11:16:12.334+0200] {logging_mixin.py:188} INFO - [2024-03-12T11:16:12.334+0200] {dagbag.py:540} INFO - Filling up the DagBag from /usr/local/lib/python3.8/site-packages/airflow/example_dags/example_short_circuit_decorator.py
[2024-03-12T11:16:12.370+0200] {processor.py:840} INFO - DAG(s) 'example_short_circuit_decorator' retrieved from /usr/local/lib/python3.8/site-packages/airflow/example_dags/example_short_circuit_decorator.py
[2024-03-12T11:16:12.505+0200] {logging_mixin.py:188} INFO - [2024-03-12T11:16:12.504+0200] {dag.py:3047} INFO - Sync 1 DAGs
[2024-03-12T11:16:12.522+0200] {logging_mixin.py:188} INFO - [2024-03-12T11:16:12.522+0200] {dag.py:3834} INFO - Setting next_dagrun for example_short_circuit_decorator to 2024-03-11 00:00:00+00:00, run_after=2024-03-12 00:00:00+00:00
[2024-03-12T11:16:12.540+0200] {processor.py:183} INFO - Processing /usr/local/lib/python3.8/site-packages/airflow/example_dags/example_short_circuit_decorator.py took 0.210 seconds
[2024-03-12T11:18:40.354+0200] {processor.py:161} INFO - Started process (PID=7782) to work on /usr/local/lib/python3.8/site-packages/airflow/example_dags/example_short_circuit_decorator.py
[2024-03-12T11:18:40.356+0200] {processor.py:830} INFO - Processing file /usr/local/lib/python3.8/site-packages/airflow/example_dags/example_short_circuit_decorator.py for tasks to queue
[2024-03-12T11:18:40.357+0200] {logging_mixin.py:188} INFO - [2024-03-12T11:18:40.356+0200] {dagbag.py:540} INFO - Filling up the DagBag from /usr/local/lib/python3.8/site-packages/airflow/example_dags/example_short_circuit_decorator.py
[2024-03-12T11:18:40.389+0200] {processor.py:840} INFO - DAG(s) 'example_short_circuit_decorator' retrieved from /usr/local/lib/python3.8/site-packages/airflow/example_dags/example_short_circuit_decorator.py
[2024-03-12T11:18:40.514+0200] {logging_mixin.py:188} INFO - [2024-03-12T11:18:40.514+0200] {dag.py:3047} INFO - Sync 1 DAGs
[2024-03-12T11:18:40.531+0200] {logging_mixin.py:188} INFO - [2024-03-12T11:18:40.530+0200] {dag.py:3834} INFO - Setting next_dagrun for example_short_circuit_decorator to 2024-03-11 00:00:00+00:00, run_after=2024-03-12 00:00:00+00:00
[2024-03-12T11:18:40.547+0200] {processor.py:183} INFO - Processing /usr/local/lib/python3.8/site-packages/airflow/example_dags/example_short_circuit_decorator.py took 0.194 seconds
[2024-03-12T11:20:56.935+0200] {processor.py:161} INFO - Started process (PID=7941) to work on /usr/local/lib/python3.8/site-packages/airflow/example_dags/example_short_circuit_decorator.py
[2024-03-12T11:20:56.935+0200] {processor.py:830} INFO - Processing file /usr/local/lib/python3.8/site-packages/airflow/example_dags/example_short_circuit_decorator.py for tasks to queue
[2024-03-12T11:20:56.936+0200] {logging_mixin.py:188} INFO - [2024-03-12T11:20:56.936+0200] {dagbag.py:540} INFO - Filling up the DagBag from /usr/local/lib/python3.8/site-packages/airflow/example_dags/example_short_circuit_decorator.py
[2024-03-12T11:20:56.965+0200] {processor.py:840} INFO - DAG(s) 'example_short_circuit_decorator' retrieved from /usr/local/lib/python3.8/site-packages/airflow/example_dags/example_short_circuit_decorator.py
[2024-03-12T11:20:57.098+0200] {logging_mixin.py:188} INFO - [2024-03-12T11:20:57.098+0200] {dag.py:3047} INFO - Sync 1 DAGs
[2024-03-12T11:20:57.119+0200] {logging_mixin.py:188} INFO - [2024-03-12T11:20:57.119+0200] {dag.py:3834} INFO - Setting next_dagrun for example_short_circuit_decorator to 2024-03-11 00:00:00+00:00, run_after=2024-03-12 00:00:00+00:00
[2024-03-12T11:20:57.139+0200] {processor.py:183} INFO - Processing /usr/local/lib/python3.8/site-packages/airflow/example_dags/example_short_circuit_decorator.py took 0.206 seconds
[2024-03-12T11:22:45.327+0200] {processor.py:161} INFO - Started process (PID=8057) to work on /usr/local/lib/python3.8/site-packages/airflow/example_dags/example_short_circuit_decorator.py
[2024-03-12T11:22:45.329+0200] {processor.py:830} INFO - Processing file /usr/local/lib/python3.8/site-packages/airflow/example_dags/example_short_circuit_decorator.py for tasks to queue
[2024-03-12T11:22:45.330+0200] {logging_mixin.py:188} INFO - [2024-03-12T11:22:45.329+0200] {dagbag.py:540} INFO - Filling up the DagBag from /usr/local/lib/python3.8/site-packages/airflow/example_dags/example_short_circuit_decorator.py
[2024-03-12T11:22:45.385+0200] {processor.py:840} INFO - DAG(s) 'example_short_circuit_decorator' retrieved from /usr/local/lib/python3.8/site-packages/airflow/example_dags/example_short_circuit_decorator.py
[2024-03-12T11:22:45.553+0200] {logging_mixin.py:188} INFO - [2024-03-12T11:22:45.553+0200] {dag.py:3047} INFO - Sync 1 DAGs
[2024-03-12T11:22:45.578+0200] {logging_mixin.py:188} INFO - [2024-03-12T11:22:45.578+0200] {dag.py:3834} INFO - Setting next_dagrun for example_short_circuit_decorator to 2024-03-11 00:00:00+00:00, run_after=2024-03-12 00:00:00+00:00
[2024-03-12T11:22:45.597+0200] {processor.py:183} INFO - Processing /usr/local/lib/python3.8/site-packages/airflow/example_dags/example_short_circuit_decorator.py took 0.271 seconds
[2024-03-12T11:24:39.326+0200] {processor.py:161} INFO - Started process (PID=8188) to work on /usr/local/lib/python3.8/site-packages/airflow/example_dags/example_short_circuit_decorator.py
[2024-03-12T11:24:39.327+0200] {processor.py:830} INFO - Processing file /usr/local/lib/python3.8/site-packages/airflow/example_dags/example_short_circuit_decorator.py for tasks to queue
[2024-03-12T11:24:39.328+0200] {logging_mixin.py:188} INFO - [2024-03-12T11:24:39.328+0200] {dagbag.py:540} INFO - Filling up the DagBag from /usr/local/lib/python3.8/site-packages/airflow/example_dags/example_short_circuit_decorator.py
[2024-03-12T11:24:39.367+0200] {processor.py:840} INFO - DAG(s) 'example_short_circuit_decorator' retrieved from /usr/local/lib/python3.8/site-packages/airflow/example_dags/example_short_circuit_decorator.py
[2024-03-12T11:24:39.514+0200] {logging_mixin.py:188} INFO - [2024-03-12T11:24:39.513+0200] {dag.py:3047} INFO - Sync 1 DAGs
[2024-03-12T11:24:39.532+0200] {logging_mixin.py:188} INFO - [2024-03-12T11:24:39.532+0200] {dag.py:3834} INFO - Setting next_dagrun for example_short_circuit_decorator to 2024-03-11 00:00:00+00:00, run_after=2024-03-12 00:00:00+00:00
[2024-03-12T11:24:39.550+0200] {processor.py:183} INFO - Processing /usr/local/lib/python3.8/site-packages/airflow/example_dags/example_short_circuit_decorator.py took 0.224 seconds
[2024-03-12T11:26:37.519+0200] {processor.py:161} INFO - Started process (PID=8319) to work on /usr/local/lib/python3.8/site-packages/airflow/example_dags/example_short_circuit_decorator.py
[2024-03-12T11:26:37.520+0200] {processor.py:830} INFO - Processing file /usr/local/lib/python3.8/site-packages/airflow/example_dags/example_short_circuit_decorator.py for tasks to queue
[2024-03-12T11:26:37.520+0200] {logging_mixin.py:188} INFO - [2024-03-12T11:26:37.520+0200] {dagbag.py:540} INFO - Filling up the DagBag from /usr/local/lib/python3.8/site-packages/airflow/example_dags/example_short_circuit_decorator.py
[2024-03-12T11:26:37.558+0200] {processor.py:840} INFO - DAG(s) 'example_short_circuit_decorator' retrieved from /usr/local/lib/python3.8/site-packages/airflow/example_dags/example_short_circuit_decorator.py
[2024-03-12T11:26:37.706+0200] {logging_mixin.py:188} INFO - [2024-03-12T11:26:37.706+0200] {dag.py:3047} INFO - Sync 1 DAGs
[2024-03-12T11:26:37.724+0200] {logging_mixin.py:188} INFO - [2024-03-12T11:26:37.724+0200] {dag.py:3834} INFO - Setting next_dagrun for example_short_circuit_decorator to 2024-03-11 00:00:00+00:00, run_after=2024-03-12 00:00:00+00:00
[2024-03-12T11:26:37.742+0200] {processor.py:183} INFO - Processing /usr/local/lib/python3.8/site-packages/airflow/example_dags/example_short_circuit_decorator.py took 0.225 seconds
[2024-03-12T11:28:32.926+0200] {processor.py:161} INFO - Started process (PID=8686) to work on /usr/local/lib/python3.8/site-packages/airflow/example_dags/example_short_circuit_decorator.py
[2024-03-12T11:28:32.927+0200] {processor.py:830} INFO - Processing file /usr/local/lib/python3.8/site-packages/airflow/example_dags/example_short_circuit_decorator.py for tasks to queue
[2024-03-12T11:28:32.928+0200] {logging_mixin.py:188} INFO - [2024-03-12T11:28:32.928+0200] {dagbag.py:540} INFO - Filling up the DagBag from /usr/local/lib/python3.8/site-packages/airflow/example_dags/example_short_circuit_decorator.py
[2024-03-12T11:28:32.970+0200] {processor.py:840} INFO - DAG(s) 'example_short_circuit_decorator' retrieved from /usr/local/lib/python3.8/site-packages/airflow/example_dags/example_short_circuit_decorator.py
[2024-03-12T11:28:33.133+0200] {logging_mixin.py:188} INFO - [2024-03-12T11:28:33.133+0200] {dag.py:3047} INFO - Sync 1 DAGs
[2024-03-12T11:28:33.151+0200] {logging_mixin.py:188} INFO - [2024-03-12T11:28:33.151+0200] {dag.py:3834} INFO - Setting next_dagrun for example_short_circuit_decorator to 2024-03-11 00:00:00+00:00, run_after=2024-03-12 00:00:00+00:00
[2024-03-12T11:28:33.170+0200] {processor.py:183} INFO - Processing /usr/local/lib/python3.8/site-packages/airflow/example_dags/example_short_circuit_decorator.py took 0.246 seconds
[2024-03-12T11:30:30.769+0200] {processor.py:161} INFO - Started process (PID=8825) to work on /usr/local/lib/python3.8/site-packages/airflow/example_dags/example_short_circuit_decorator.py
[2024-03-12T11:30:30.770+0200] {processor.py:830} INFO - Processing file /usr/local/lib/python3.8/site-packages/airflow/example_dags/example_short_circuit_decorator.py for tasks to queue
[2024-03-12T11:30:30.771+0200] {logging_mixin.py:188} INFO - [2024-03-12T11:30:30.771+0200] {dagbag.py:540} INFO - Filling up the DagBag from /usr/local/lib/python3.8/site-packages/airflow/example_dags/example_short_circuit_decorator.py
[2024-03-12T11:30:30.803+0200] {processor.py:840} INFO - DAG(s) 'example_short_circuit_decorator' retrieved from /usr/local/lib/python3.8/site-packages/airflow/example_dags/example_short_circuit_decorator.py
[2024-03-12T11:30:30.925+0200] {logging_mixin.py:188} INFO - [2024-03-12T11:30:30.925+0200] {dag.py:3047} INFO - Sync 1 DAGs
[2024-03-12T11:30:30.940+0200] {logging_mixin.py:188} INFO - [2024-03-12T11:30:30.940+0200] {dag.py:3834} INFO - Setting next_dagrun for example_short_circuit_decorator to 2024-03-11 00:00:00+00:00, run_after=2024-03-12 00:00:00+00:00
[2024-03-12T11:30:30.960+0200] {processor.py:183} INFO - Processing /usr/local/lib/python3.8/site-packages/airflow/example_dags/example_short_circuit_decorator.py took 0.192 seconds
[2024-03-12T11:32:25.546+0200] {processor.py:161} INFO - Started process (PID=8971) to work on /usr/local/lib/python3.8/site-packages/airflow/example_dags/example_short_circuit_decorator.py
[2024-03-12T11:32:25.548+0200] {processor.py:830} INFO - Processing file /usr/local/lib/python3.8/site-packages/airflow/example_dags/example_short_circuit_decorator.py for tasks to queue
[2024-03-12T11:32:25.549+0200] {logging_mixin.py:188} INFO - [2024-03-12T11:32:25.549+0200] {dagbag.py:540} INFO - Filling up the DagBag from /usr/local/lib/python3.8/site-packages/airflow/example_dags/example_short_circuit_decorator.py
[2024-03-12T11:32:25.582+0200] {processor.py:840} INFO - DAG(s) 'example_short_circuit_decorator' retrieved from /usr/local/lib/python3.8/site-packages/airflow/example_dags/example_short_circuit_decorator.py
[2024-03-12T11:32:25.711+0200] {logging_mixin.py:188} INFO - [2024-03-12T11:32:25.711+0200] {dag.py:3047} INFO - Sync 1 DAGs
[2024-03-12T11:32:25.728+0200] {logging_mixin.py:188} INFO - [2024-03-12T11:32:25.728+0200] {dag.py:3834} INFO - Setting next_dagrun for example_short_circuit_decorator to 2024-03-11 00:00:00+00:00, run_after=2024-03-12 00:00:00+00:00
[2024-03-12T11:32:25.745+0200] {processor.py:183} INFO - Processing /usr/local/lib/python3.8/site-packages/airflow/example_dags/example_short_circuit_decorator.py took 0.200 seconds
[2024-03-12T11:34:17.649+0200] {processor.py:161} INFO - Started process (PID=9096) to work on /usr/local/lib/python3.8/site-packages/airflow/example_dags/example_short_circuit_decorator.py
[2024-03-12T11:34:17.650+0200] {processor.py:830} INFO - Processing file /usr/local/lib/python3.8/site-packages/airflow/example_dags/example_short_circuit_decorator.py for tasks to queue
[2024-03-12T11:34:17.651+0200] {logging_mixin.py:188} INFO - [2024-03-12T11:34:17.651+0200] {dagbag.py:540} INFO - Filling up the DagBag from /usr/local/lib/python3.8/site-packages/airflow/example_dags/example_short_circuit_decorator.py
[2024-03-12T11:34:17.690+0200] {processor.py:840} INFO - DAG(s) 'example_short_circuit_decorator' retrieved from /usr/local/lib/python3.8/site-packages/airflow/example_dags/example_short_circuit_decorator.py
[2024-03-12T11:34:17.837+0200] {logging_mixin.py:188} INFO - [2024-03-12T11:34:17.837+0200] {dag.py:3047} INFO - Sync 1 DAGs
[2024-03-12T11:34:17.855+0200] {logging_mixin.py:188} INFO - [2024-03-12T11:34:17.855+0200] {dag.py:3834} INFO - Setting next_dagrun for example_short_circuit_decorator to 2024-03-11 00:00:00+00:00, run_after=2024-03-12 00:00:00+00:00
[2024-03-12T11:34:17.873+0200] {processor.py:183} INFO - Processing /usr/local/lib/python3.8/site-packages/airflow/example_dags/example_short_circuit_decorator.py took 0.225 seconds
[2024-03-12T11:36:14.162+0200] {processor.py:161} INFO - Started process (PID=9254) to work on /usr/local/lib/python3.8/site-packages/airflow/example_dags/example_short_circuit_decorator.py
[2024-03-12T11:36:14.164+0200] {processor.py:830} INFO - Processing file /usr/local/lib/python3.8/site-packages/airflow/example_dags/example_short_circuit_decorator.py for tasks to queue
[2024-03-12T11:36:14.164+0200] {logging_mixin.py:188} INFO - [2024-03-12T11:36:14.164+0200] {dagbag.py:540} INFO - Filling up the DagBag from /usr/local/lib/python3.8/site-packages/airflow/example_dags/example_short_circuit_decorator.py
[2024-03-12T11:36:14.199+0200] {processor.py:840} INFO - DAG(s) 'example_short_circuit_decorator' retrieved from /usr/local/lib/python3.8/site-packages/airflow/example_dags/example_short_circuit_decorator.py
[2024-03-12T11:36:14.328+0200] {logging_mixin.py:188} INFO - [2024-03-12T11:36:14.327+0200] {dag.py:3047} INFO - Sync 1 DAGs
[2024-03-12T11:36:14.344+0200] {logging_mixin.py:188} INFO - [2024-03-12T11:36:14.344+0200] {dag.py:3834} INFO - Setting next_dagrun for example_short_circuit_decorator to 2024-03-11 00:00:00+00:00, run_after=2024-03-12 00:00:00+00:00
[2024-03-12T11:36:14.362+0200] {processor.py:183} INFO - Processing /usr/local/lib/python3.8/site-packages/airflow/example_dags/example_short_circuit_decorator.py took 0.201 seconds
[2024-03-12T11:38:11.000+0200] {processor.py:161} INFO - Started process (PID=9388) to work on /usr/local/lib/python3.8/site-packages/airflow/example_dags/example_short_circuit_decorator.py
[2024-03-12T11:38:11.002+0200] {processor.py:830} INFO - Processing file /usr/local/lib/python3.8/site-packages/airflow/example_dags/example_short_circuit_decorator.py for tasks to queue
[2024-03-12T11:38:11.002+0200] {logging_mixin.py:188} INFO - [2024-03-12T11:38:11.002+0200] {dagbag.py:540} INFO - Filling up the DagBag from /usr/local/lib/python3.8/site-packages/airflow/example_dags/example_short_circuit_decorator.py
[2024-03-12T11:38:11.035+0200] {processor.py:840} INFO - DAG(s) 'example_short_circuit_decorator' retrieved from /usr/local/lib/python3.8/site-packages/airflow/example_dags/example_short_circuit_decorator.py
[2024-03-12T11:38:11.160+0200] {logging_mixin.py:188} INFO - [2024-03-12T11:38:11.160+0200] {dag.py:3047} INFO - Sync 1 DAGs
[2024-03-12T11:38:11.176+0200] {logging_mixin.py:188} INFO - [2024-03-12T11:38:11.176+0200] {dag.py:3834} INFO - Setting next_dagrun for example_short_circuit_decorator to 2024-03-11 00:00:00+00:00, run_after=2024-03-12 00:00:00+00:00
[2024-03-12T11:38:11.196+0200] {processor.py:183} INFO - Processing /usr/local/lib/python3.8/site-packages/airflow/example_dags/example_short_circuit_decorator.py took 0.197 seconds
[2024-03-12T11:39:50.645+0200] {processor.py:161} INFO - Started process (PID=9512) to work on /usr/local/lib/python3.8/site-packages/airflow/example_dags/example_short_circuit_decorator.py
[2024-03-12T11:39:50.645+0200] {processor.py:830} INFO - Processing file /usr/local/lib/python3.8/site-packages/airflow/example_dags/example_short_circuit_decorator.py for tasks to queue
[2024-03-12T11:39:50.646+0200] {logging_mixin.py:188} INFO - [2024-03-12T11:39:50.646+0200] {dagbag.py:540} INFO - Filling up the DagBag from /usr/local/lib/python3.8/site-packages/airflow/example_dags/example_short_circuit_decorator.py
[2024-03-12T11:39:50.674+0200] {processor.py:840} INFO - DAG(s) 'example_short_circuit_decorator' retrieved from /usr/local/lib/python3.8/site-packages/airflow/example_dags/example_short_circuit_decorator.py
[2024-03-12T11:39:50.797+0200] {logging_mixin.py:188} INFO - [2024-03-12T11:39:50.796+0200] {dag.py:3047} INFO - Sync 1 DAGs
[2024-03-12T11:39:50.812+0200] {logging_mixin.py:188} INFO - [2024-03-12T11:39:50.812+0200] {dag.py:3834} INFO - Setting next_dagrun for example_short_circuit_decorator to 2024-03-11 00:00:00+00:00, run_after=2024-03-12 00:00:00+00:00
[2024-03-12T11:39:50.829+0200] {processor.py:183} INFO - Processing /usr/local/lib/python3.8/site-packages/airflow/example_dags/example_short_circuit_decorator.py took 0.186 seconds
[2024-03-12T11:41:25.686+0200] {processor.py:161} INFO - Started process (PID=9620) to work on /usr/local/lib/python3.8/site-packages/airflow/example_dags/example_short_circuit_decorator.py
[2024-03-12T11:41:25.686+0200] {processor.py:830} INFO - Processing file /usr/local/lib/python3.8/site-packages/airflow/example_dags/example_short_circuit_decorator.py for tasks to queue
[2024-03-12T11:41:25.687+0200] {logging_mixin.py:188} INFO - [2024-03-12T11:41:25.687+0200] {dagbag.py:540} INFO - Filling up the DagBag from /usr/local/lib/python3.8/site-packages/airflow/example_dags/example_short_circuit_decorator.py
[2024-03-12T11:41:25.715+0200] {processor.py:840} INFO - DAG(s) 'example_short_circuit_decorator' retrieved from /usr/local/lib/python3.8/site-packages/airflow/example_dags/example_short_circuit_decorator.py
[2024-03-12T11:41:25.838+0200] {logging_mixin.py:188} INFO - [2024-03-12T11:41:25.838+0200] {dag.py:3047} INFO - Sync 1 DAGs
[2024-03-12T11:41:25.854+0200] {logging_mixin.py:188} INFO - [2024-03-12T11:41:25.854+0200] {dag.py:3834} INFO - Setting next_dagrun for example_short_circuit_decorator to 2024-03-11 00:00:00+00:00, run_after=2024-03-12 00:00:00+00:00
[2024-03-12T11:41:25.870+0200] {processor.py:183} INFO - Processing /usr/local/lib/python3.8/site-packages/airflow/example_dags/example_short_circuit_decorator.py took 0.186 seconds
[2024-03-12T11:42:59.511+0200] {processor.py:161} INFO - Started process (PID=9720) to work on /usr/local/lib/python3.8/site-packages/airflow/example_dags/example_short_circuit_decorator.py
[2024-03-12T11:42:59.511+0200] {processor.py:830} INFO - Processing file /usr/local/lib/python3.8/site-packages/airflow/example_dags/example_short_circuit_decorator.py for tasks to queue
[2024-03-12T11:42:59.512+0200] {logging_mixin.py:188} INFO - [2024-03-12T11:42:59.512+0200] {dagbag.py:540} INFO - Filling up the DagBag from /usr/local/lib/python3.8/site-packages/airflow/example_dags/example_short_circuit_decorator.py
[2024-03-12T11:42:59.541+0200] {processor.py:840} INFO - DAG(s) 'example_short_circuit_decorator' retrieved from /usr/local/lib/python3.8/site-packages/airflow/example_dags/example_short_circuit_decorator.py
[2024-03-12T11:42:59.662+0200] {logging_mixin.py:188} INFO - [2024-03-12T11:42:59.662+0200] {dag.py:3047} INFO - Sync 1 DAGs
[2024-03-12T11:42:59.678+0200] {logging_mixin.py:188} INFO - [2024-03-12T11:42:59.678+0200] {dag.py:3834} INFO - Setting next_dagrun for example_short_circuit_decorator to 2024-03-11 00:00:00+00:00, run_after=2024-03-12 00:00:00+00:00
[2024-03-12T11:42:59.694+0200] {processor.py:183} INFO - Processing /usr/local/lib/python3.8/site-packages/airflow/example_dags/example_short_circuit_decorator.py took 0.185 seconds
[2024-03-12T11:44:33.177+0200] {processor.py:161} INFO - Started process (PID=9844) to work on /usr/local/lib/python3.8/site-packages/airflow/example_dags/example_short_circuit_decorator.py
[2024-03-12T11:44:33.178+0200] {processor.py:830} INFO - Processing file /usr/local/lib/python3.8/site-packages/airflow/example_dags/example_short_circuit_decorator.py for tasks to queue
[2024-03-12T11:44:33.178+0200] {logging_mixin.py:188} INFO - [2024-03-12T11:44:33.178+0200] {dagbag.py:540} INFO - Filling up the DagBag from /usr/local/lib/python3.8/site-packages/airflow/example_dags/example_short_circuit_decorator.py
[2024-03-12T11:44:33.206+0200] {processor.py:840} INFO - DAG(s) 'example_short_circuit_decorator' retrieved from /usr/local/lib/python3.8/site-packages/airflow/example_dags/example_short_circuit_decorator.py
[2024-03-12T11:44:33.329+0200] {logging_mixin.py:188} INFO - [2024-03-12T11:44:33.329+0200] {dag.py:3047} INFO - Sync 1 DAGs
[2024-03-12T11:44:33.345+0200] {logging_mixin.py:188} INFO - [2024-03-12T11:44:33.345+0200] {dag.py:3834} INFO - Setting next_dagrun for example_short_circuit_decorator to 2024-03-11 00:00:00+00:00, run_after=2024-03-12 00:00:00+00:00
[2024-03-12T11:44:33.362+0200] {processor.py:183} INFO - Processing /usr/local/lib/python3.8/site-packages/airflow/example_dags/example_short_circuit_decorator.py took 0.187 seconds
[2024-03-12T11:46:09.651+0200] {processor.py:161} INFO - Started process (PID=9957) to work on /usr/local/lib/python3.8/site-packages/airflow/example_dags/example_short_circuit_decorator.py
[2024-03-12T11:46:09.653+0200] {processor.py:830} INFO - Processing file /usr/local/lib/python3.8/site-packages/airflow/example_dags/example_short_circuit_decorator.py for tasks to queue
[2024-03-12T11:46:09.653+0200] {logging_mixin.py:188} INFO - [2024-03-12T11:46:09.653+0200] {dagbag.py:540} INFO - Filling up the DagBag from /usr/local/lib/python3.8/site-packages/airflow/example_dags/example_short_circuit_decorator.py
[2024-03-12T11:46:09.686+0200] {processor.py:840} INFO - DAG(s) 'example_short_circuit_decorator' retrieved from /usr/local/lib/python3.8/site-packages/airflow/example_dags/example_short_circuit_decorator.py
[2024-03-12T11:46:09.812+0200] {logging_mixin.py:188} INFO - [2024-03-12T11:46:09.812+0200] {dag.py:3047} INFO - Sync 1 DAGs
[2024-03-12T11:46:09.827+0200] {logging_mixin.py:188} INFO - [2024-03-12T11:46:09.827+0200] {dag.py:3834} INFO - Setting next_dagrun for example_short_circuit_decorator to 2024-03-11 00:00:00+00:00, run_after=2024-03-12 00:00:00+00:00
[2024-03-12T11:46:09.847+0200] {processor.py:183} INFO - Processing /usr/local/lib/python3.8/site-packages/airflow/example_dags/example_short_circuit_decorator.py took 0.197 seconds
[2024-03-12T11:47:52.693+0200] {processor.py:161} INFO - Started process (PID=10081) to work on /usr/local/lib/python3.8/site-packages/airflow/example_dags/example_short_circuit_decorator.py
[2024-03-12T11:47:52.696+0200] {processor.py:830} INFO - Processing file /usr/local/lib/python3.8/site-packages/airflow/example_dags/example_short_circuit_decorator.py for tasks to queue
[2024-03-12T11:47:52.697+0200] {logging_mixin.py:188} INFO - [2024-03-12T11:47:52.697+0200] {dagbag.py:540} INFO - Filling up the DagBag from /usr/local/lib/python3.8/site-packages/airflow/example_dags/example_short_circuit_decorator.py
[2024-03-12T11:47:52.746+0200] {processor.py:840} INFO - DAG(s) 'example_short_circuit_decorator' retrieved from /usr/local/lib/python3.8/site-packages/airflow/example_dags/example_short_circuit_decorator.py
[2024-03-12T11:47:52.933+0200] {logging_mixin.py:188} INFO - [2024-03-12T11:47:52.933+0200] {dag.py:3047} INFO - Sync 1 DAGs
[2024-03-12T11:47:52.951+0200] {logging_mixin.py:188} INFO - [2024-03-12T11:47:52.950+0200] {dag.py:3834} INFO - Setting next_dagrun for example_short_circuit_decorator to 2024-03-11 00:00:00+00:00, run_after=2024-03-12 00:00:00+00:00
[2024-03-12T11:47:52.977+0200] {processor.py:183} INFO - Processing /usr/local/lib/python3.8/site-packages/airflow/example_dags/example_short_circuit_decorator.py took 0.285 seconds
[2024-03-12T12:22:20.160+0200] {processor.py:161} INFO - Started process (PID=10263) to work on /usr/local/lib/python3.8/site-packages/airflow/example_dags/example_short_circuit_decorator.py
[2024-03-12T12:22:20.161+0200] {processor.py:830} INFO - Processing file /usr/local/lib/python3.8/site-packages/airflow/example_dags/example_short_circuit_decorator.py for tasks to queue
[2024-03-12T12:22:20.161+0200] {logging_mixin.py:188} INFO - [2024-03-12T12:22:20.161+0200] {dagbag.py:540} INFO - Filling up the DagBag from /usr/local/lib/python3.8/site-packages/airflow/example_dags/example_short_circuit_decorator.py
[2024-03-12T12:22:20.195+0200] {processor.py:840} INFO - DAG(s) 'example_short_circuit_decorator' retrieved from /usr/local/lib/python3.8/site-packages/airflow/example_dags/example_short_circuit_decorator.py
[2024-03-12T12:22:20.324+0200] {logging_mixin.py:188} INFO - [2024-03-12T12:22:20.324+0200] {dag.py:3047} INFO - Sync 1 DAGs
[2024-03-12T12:22:20.340+0200] {logging_mixin.py:188} INFO - [2024-03-12T12:22:20.340+0200] {dag.py:3834} INFO - Setting next_dagrun for example_short_circuit_decorator to 2024-03-11 00:00:00+00:00, run_after=2024-03-12 00:00:00+00:00
[2024-03-12T12:22:20.356+0200] {processor.py:183} INFO - Processing /usr/local/lib/python3.8/site-packages/airflow/example_dags/example_short_circuit_decorator.py took 0.198 seconds
[2024-03-12T12:24:18.401+0200] {processor.py:161} INFO - Started process (PID=10398) to work on /usr/local/lib/python3.8/site-packages/airflow/example_dags/example_short_circuit_decorator.py
[2024-03-12T12:24:18.402+0200] {processor.py:830} INFO - Processing file /usr/local/lib/python3.8/site-packages/airflow/example_dags/example_short_circuit_decorator.py for tasks to queue
[2024-03-12T12:24:18.402+0200] {logging_mixin.py:188} INFO - [2024-03-12T12:24:18.402+0200] {dagbag.py:540} INFO - Filling up the DagBag from /usr/local/lib/python3.8/site-packages/airflow/example_dags/example_short_circuit_decorator.py
[2024-03-12T12:24:18.431+0200] {processor.py:840} INFO - DAG(s) 'example_short_circuit_decorator' retrieved from /usr/local/lib/python3.8/site-packages/airflow/example_dags/example_short_circuit_decorator.py
[2024-03-12T12:24:18.553+0200] {logging_mixin.py:188} INFO - [2024-03-12T12:24:18.552+0200] {dag.py:3047} INFO - Sync 1 DAGs
[2024-03-12T12:24:18.568+0200] {logging_mixin.py:188} INFO - [2024-03-12T12:24:18.568+0200] {dag.py:3834} INFO - Setting next_dagrun for example_short_circuit_decorator to 2024-03-11 00:00:00+00:00, run_after=2024-03-12 00:00:00+00:00
[2024-03-12T12:24:18.588+0200] {processor.py:183} INFO - Processing /usr/local/lib/python3.8/site-packages/airflow/example_dags/example_short_circuit_decorator.py took 0.188 seconds
[2024-03-12T12:25:52.075+0200] {processor.py:161} INFO - Started process (PID=10499) to work on /usr/local/lib/python3.8/site-packages/airflow/example_dags/example_short_circuit_decorator.py
[2024-03-12T12:25:52.076+0200] {processor.py:830} INFO - Processing file /usr/local/lib/python3.8/site-packages/airflow/example_dags/example_short_circuit_decorator.py for tasks to queue
[2024-03-12T12:25:52.076+0200] {logging_mixin.py:188} INFO - [2024-03-12T12:25:52.076+0200] {dagbag.py:540} INFO - Filling up the DagBag from /usr/local/lib/python3.8/site-packages/airflow/example_dags/example_short_circuit_decorator.py
[2024-03-12T12:25:52.103+0200] {processor.py:840} INFO - DAG(s) 'example_short_circuit_decorator' retrieved from /usr/local/lib/python3.8/site-packages/airflow/example_dags/example_short_circuit_decorator.py
[2024-03-12T12:25:52.224+0200] {logging_mixin.py:188} INFO - [2024-03-12T12:25:52.223+0200] {dag.py:3047} INFO - Sync 1 DAGs
[2024-03-12T12:25:52.240+0200] {logging_mixin.py:188} INFO - [2024-03-12T12:25:52.239+0200] {dag.py:3834} INFO - Setting next_dagrun for example_short_circuit_decorator to 2024-03-11 00:00:00+00:00, run_after=2024-03-12 00:00:00+00:00
[2024-03-12T12:25:52.259+0200] {processor.py:183} INFO - Processing /usr/local/lib/python3.8/site-packages/airflow/example_dags/example_short_circuit_decorator.py took 0.186 seconds
[2024-03-12T12:27:35.125+0200] {processor.py:161} INFO - Started process (PID=10624) to work on /usr/local/lib/python3.8/site-packages/airflow/example_dags/example_short_circuit_decorator.py
[2024-03-12T12:27:35.126+0200] {processor.py:830} INFO - Processing file /usr/local/lib/python3.8/site-packages/airflow/example_dags/example_short_circuit_decorator.py for tasks to queue
[2024-03-12T12:27:35.127+0200] {logging_mixin.py:188} INFO - [2024-03-12T12:27:35.127+0200] {dagbag.py:540} INFO - Filling up the DagBag from /usr/local/lib/python3.8/site-packages/airflow/example_dags/example_short_circuit_decorator.py
[2024-03-12T12:27:35.160+0200] {processor.py:840} INFO - DAG(s) 'example_short_circuit_decorator' retrieved from /usr/local/lib/python3.8/site-packages/airflow/example_dags/example_short_circuit_decorator.py
[2024-03-12T12:27:35.288+0200] {logging_mixin.py:188} INFO - [2024-03-12T12:27:35.287+0200] {dag.py:3047} INFO - Sync 1 DAGs
[2024-03-12T12:27:35.305+0200] {logging_mixin.py:188} INFO - [2024-03-12T12:27:35.304+0200] {dag.py:3834} INFO - Setting next_dagrun for example_short_circuit_decorator to 2024-03-11 00:00:00+00:00, run_after=2024-03-12 00:00:00+00:00
[2024-03-12T12:27:35.323+0200] {processor.py:183} INFO - Processing /usr/local/lib/python3.8/site-packages/airflow/example_dags/example_short_circuit_decorator.py took 0.199 seconds
