[2024-03-12T10:11:26.674+0200] {processor.py:161} INFO - Started process (PID=3367) to work on /usr/local/lib/python3.8/site-packages/airflow/example_dags/example_sla_dag.py
[2024-03-12T10:11:26.675+0200] {processor.py:830} INFO - Processing file /usr/local/lib/python3.8/site-packages/airflow/example_dags/example_sla_dag.py for tasks to queue
[2024-03-12T10:11:26.676+0200] {logging_mixin.py:188} INFO - [2024-03-12T10:11:26.675+0200] {dagbag.py:540} INFO - Filling up the DagBag from /usr/local/lib/python3.8/site-packages/airflow/example_dags/example_sla_dag.py
[2024-03-12T10:11:26.704+0200] {processor.py:840} INFO - DAG(s) 'example_sla_dag' retrieved from /usr/local/lib/python3.8/site-packages/airflow/example_dags/example_sla_dag.py
[2024-03-12T10:11:26.898+0200] {logging_mixin.py:188} INFO - [2024-03-12T10:11:26.897+0200] {dag.py:3047} INFO - Sync 1 DAGs
[2024-03-12T10:11:26.916+0200] {logging_mixin.py:188} INFO - [2024-03-12T10:11:26.915+0200] {dag.py:3834} INFO - Setting next_dagrun for example_sla_dag to 2024-03-12 08:08:00+00:00, run_after=2024-03-12 08:10:00+00:00
[2024-03-12T10:11:26.932+0200] {processor.py:183} INFO - Processing /usr/local/lib/python3.8/site-packages/airflow/example_dags/example_sla_dag.py took 0.259 seconds
[2024-03-12T10:13:57.940+0200] {processor.py:161} INFO - Started process (PID=3556) to work on /usr/local/lib/python3.8/site-packages/airflow/example_dags/example_sla_dag.py
[2024-03-12T10:13:57.942+0200] {processor.py:830} INFO - Processing file /usr/local/lib/python3.8/site-packages/airflow/example_dags/example_sla_dag.py for tasks to queue
[2024-03-12T10:13:57.943+0200] {logging_mixin.py:188} INFO - [2024-03-12T10:13:57.942+0200] {dagbag.py:540} INFO - Filling up the DagBag from /usr/local/lib/python3.8/site-packages/airflow/example_dags/example_sla_dag.py
[2024-03-12T10:13:57.978+0200] {processor.py:840} INFO - DAG(s) 'example_sla_dag' retrieved from /usr/local/lib/python3.8/site-packages/airflow/example_dags/example_sla_dag.py
[2024-03-12T10:13:58.110+0200] {logging_mixin.py:188} INFO - [2024-03-12T10:13:58.109+0200] {dag.py:3047} INFO - Sync 1 DAGs
[2024-03-12T10:13:58.131+0200] {logging_mixin.py:188} INFO - [2024-03-12T10:13:58.130+0200] {dag.py:3834} INFO - Setting next_dagrun for example_sla_dag to 2024-03-12 08:10:00+00:00, run_after=2024-03-12 08:12:00+00:00
[2024-03-12T10:13:58.148+0200] {processor.py:183} INFO - Processing /usr/local/lib/python3.8/site-packages/airflow/example_dags/example_sla_dag.py took 0.210 seconds
[2024-03-12T10:15:49.875+0200] {processor.py:161} INFO - Started process (PID=3676) to work on /usr/local/lib/python3.8/site-packages/airflow/example_dags/example_sla_dag.py
[2024-03-12T10:15:49.876+0200] {processor.py:830} INFO - Processing file /usr/local/lib/python3.8/site-packages/airflow/example_dags/example_sla_dag.py for tasks to queue
[2024-03-12T10:15:49.877+0200] {logging_mixin.py:188} INFO - [2024-03-12T10:15:49.877+0200] {dagbag.py:540} INFO - Filling up the DagBag from /usr/local/lib/python3.8/site-packages/airflow/example_dags/example_sla_dag.py
[2024-03-12T10:15:49.913+0200] {processor.py:840} INFO - DAG(s) 'example_sla_dag' retrieved from /usr/local/lib/python3.8/site-packages/airflow/example_dags/example_sla_dag.py
[2024-03-12T10:15:50.079+0200] {logging_mixin.py:188} INFO - [2024-03-12T10:15:50.078+0200] {dag.py:3047} INFO - Sync 1 DAGs
[2024-03-12T10:15:50.102+0200] {logging_mixin.py:188} INFO - [2024-03-12T10:15:50.102+0200] {dag.py:3834} INFO - Setting next_dagrun for example_sla_dag to 2024-03-12 08:12:00+00:00, run_after=2024-03-12 08:14:00+00:00
[2024-03-12T10:15:50.120+0200] {processor.py:183} INFO - Processing /usr/local/lib/python3.8/site-packages/airflow/example_dags/example_sla_dag.py took 0.247 seconds
[2024-03-12T10:17:32.410+0200] {processor.py:161} INFO - Started process (PID=3793) to work on /usr/local/lib/python3.8/site-packages/airflow/example_dags/example_sla_dag.py
[2024-03-12T10:17:32.411+0200] {processor.py:830} INFO - Processing file /usr/local/lib/python3.8/site-packages/airflow/example_dags/example_sla_dag.py for tasks to queue
[2024-03-12T10:17:32.412+0200] {logging_mixin.py:188} INFO - [2024-03-12T10:17:32.412+0200] {dagbag.py:540} INFO - Filling up the DagBag from /usr/local/lib/python3.8/site-packages/airflow/example_dags/example_sla_dag.py
[2024-03-12T10:17:32.447+0200] {processor.py:840} INFO - DAG(s) 'example_sla_dag' retrieved from /usr/local/lib/python3.8/site-packages/airflow/example_dags/example_sla_dag.py
[2024-03-12T10:17:32.582+0200] {logging_mixin.py:188} INFO - [2024-03-12T10:17:32.581+0200] {dag.py:3047} INFO - Sync 1 DAGs
[2024-03-12T10:17:32.604+0200] {logging_mixin.py:188} INFO - [2024-03-12T10:17:32.603+0200] {dag.py:3834} INFO - Setting next_dagrun for example_sla_dag to 2024-03-12 08:14:00+00:00, run_after=2024-03-12 08:16:00+00:00
[2024-03-12T10:17:32.622+0200] {processor.py:183} INFO - Processing /usr/local/lib/python3.8/site-packages/airflow/example_dags/example_sla_dag.py took 0.214 seconds
[2024-03-12T10:28:57.781+0200] {processor.py:161} INFO - Started process (PID=4186) to work on /usr/local/lib/python3.8/site-packages/airflow/example_dags/example_sla_dag.py
[2024-03-12T10:28:57.783+0200] {processor.py:830} INFO - Processing file /usr/local/lib/python3.8/site-packages/airflow/example_dags/example_sla_dag.py for tasks to queue
[2024-03-12T10:28:57.784+0200] {logging_mixin.py:188} INFO - [2024-03-12T10:28:57.784+0200] {dagbag.py:540} INFO - Filling up the DagBag from /usr/local/lib/python3.8/site-packages/airflow/example_dags/example_sla_dag.py
[2024-03-12T10:28:57.815+0200] {processor.py:840} INFO - DAG(s) 'example_sla_dag' retrieved from /usr/local/lib/python3.8/site-packages/airflow/example_dags/example_sla_dag.py
[2024-03-12T10:28:57.939+0200] {logging_mixin.py:188} INFO - [2024-03-12T10:28:57.938+0200] {dag.py:3047} INFO - Sync 1 DAGs
[2024-03-12T10:28:57.961+0200] {logging_mixin.py:188} INFO - [2024-03-12T10:28:57.961+0200] {dag.py:3834} INFO - Setting next_dagrun for example_sla_dag to 2024-03-12 08:26:00+00:00, run_after=2024-03-12 08:28:00+00:00
[2024-03-12T10:28:57.979+0200] {processor.py:183} INFO - Processing /usr/local/lib/python3.8/site-packages/airflow/example_dags/example_sla_dag.py took 0.198 seconds
[2024-03-12T10:31:15.809+0200] {processor.py:161} INFO - Started process (PID=4351) to work on /usr/local/lib/python3.8/site-packages/airflow/example_dags/example_sla_dag.py
[2024-03-12T10:31:15.810+0200] {processor.py:830} INFO - Processing file /usr/local/lib/python3.8/site-packages/airflow/example_dags/example_sla_dag.py for tasks to queue
[2024-03-12T10:31:15.810+0200] {logging_mixin.py:188} INFO - [2024-03-12T10:31:15.810+0200] {dagbag.py:540} INFO - Filling up the DagBag from /usr/local/lib/python3.8/site-packages/airflow/example_dags/example_sla_dag.py
[2024-03-12T10:31:15.841+0200] {processor.py:840} INFO - DAG(s) 'example_sla_dag' retrieved from /usr/local/lib/python3.8/site-packages/airflow/example_dags/example_sla_dag.py
[2024-03-12T10:31:15.960+0200] {logging_mixin.py:188} INFO - [2024-03-12T10:31:15.960+0200] {dag.py:3047} INFO - Sync 1 DAGs
[2024-03-12T10:31:15.980+0200] {logging_mixin.py:188} INFO - [2024-03-12T10:31:15.980+0200] {dag.py:3834} INFO - Setting next_dagrun for example_sla_dag to 2024-03-12 08:28:00+00:00, run_after=2024-03-12 08:30:00+00:00
[2024-03-12T10:31:15.996+0200] {processor.py:183} INFO - Processing /usr/local/lib/python3.8/site-packages/airflow/example_dags/example_sla_dag.py took 0.189 seconds
[2024-03-12T10:33:10.123+0200] {processor.py:161} INFO - Started process (PID=4503) to work on /usr/local/lib/python3.8/site-packages/airflow/example_dags/example_sla_dag.py
[2024-03-12T10:33:10.140+0200] {processor.py:830} INFO - Processing file /usr/local/lib/python3.8/site-packages/airflow/example_dags/example_sla_dag.py for tasks to queue
[2024-03-12T10:33:10.141+0200] {logging_mixin.py:188} INFO - [2024-03-12T10:33:10.141+0200] {dagbag.py:540} INFO - Filling up the DagBag from /usr/local/lib/python3.8/site-packages/airflow/example_dags/example_sla_dag.py
[2024-03-12T10:33:10.179+0200] {processor.py:840} INFO - DAG(s) 'example_sla_dag' retrieved from /usr/local/lib/python3.8/site-packages/airflow/example_dags/example_sla_dag.py
[2024-03-12T10:33:10.319+0200] {logging_mixin.py:188} INFO - [2024-03-12T10:33:10.319+0200] {dag.py:3047} INFO - Sync 1 DAGs
[2024-03-12T10:33:10.341+0200] {logging_mixin.py:188} INFO - [2024-03-12T10:33:10.341+0200] {dag.py:3834} INFO - Setting next_dagrun for example_sla_dag to 2024-03-12 08:30:00+00:00, run_after=2024-03-12 08:32:00+00:00
[2024-03-12T10:33:10.357+0200] {processor.py:183} INFO - Processing /usr/local/lib/python3.8/site-packages/airflow/example_dags/example_sla_dag.py took 0.236 seconds
[2024-03-12T10:35:03.794+0200] {processor.py:161} INFO - Started process (PID=4641) to work on /usr/local/lib/python3.8/site-packages/airflow/example_dags/example_sla_dag.py
[2024-03-12T10:35:03.795+0200] {processor.py:830} INFO - Processing file /usr/local/lib/python3.8/site-packages/airflow/example_dags/example_sla_dag.py for tasks to queue
[2024-03-12T10:35:03.796+0200] {logging_mixin.py:188} INFO - [2024-03-12T10:35:03.796+0200] {dagbag.py:540} INFO - Filling up the DagBag from /usr/local/lib/python3.8/site-packages/airflow/example_dags/example_sla_dag.py
[2024-03-12T10:35:03.829+0200] {processor.py:840} INFO - DAG(s) 'example_sla_dag' retrieved from /usr/local/lib/python3.8/site-packages/airflow/example_dags/example_sla_dag.py
[2024-03-12T10:35:03.959+0200] {logging_mixin.py:188} INFO - [2024-03-12T10:35:03.959+0200] {dag.py:3047} INFO - Sync 1 DAGs
[2024-03-12T10:35:03.980+0200] {logging_mixin.py:188} INFO - [2024-03-12T10:35:03.980+0200] {dag.py:3834} INFO - Setting next_dagrun for example_sla_dag to 2024-03-12 08:32:00+00:00, run_after=2024-03-12 08:34:00+00:00
[2024-03-12T10:35:03.998+0200] {processor.py:183} INFO - Processing /usr/local/lib/python3.8/site-packages/airflow/example_dags/example_sla_dag.py took 0.205 seconds
[2024-03-12T10:36:53.061+0200] {processor.py:161} INFO - Started process (PID=4779) to work on /usr/local/lib/python3.8/site-packages/airflow/example_dags/example_sla_dag.py
[2024-03-12T10:36:53.062+0200] {processor.py:830} INFO - Processing file /usr/local/lib/python3.8/site-packages/airflow/example_dags/example_sla_dag.py for tasks to queue
[2024-03-12T10:36:53.062+0200] {logging_mixin.py:188} INFO - [2024-03-12T10:36:53.062+0200] {dagbag.py:540} INFO - Filling up the DagBag from /usr/local/lib/python3.8/site-packages/airflow/example_dags/example_sla_dag.py
[2024-03-12T10:36:53.096+0200] {processor.py:840} INFO - DAG(s) 'example_sla_dag' retrieved from /usr/local/lib/python3.8/site-packages/airflow/example_dags/example_sla_dag.py
[2024-03-12T10:36:53.217+0200] {logging_mixin.py:188} INFO - [2024-03-12T10:36:53.217+0200] {dag.py:3047} INFO - Sync 1 DAGs
[2024-03-12T10:36:53.235+0200] {logging_mixin.py:188} INFO - [2024-03-12T10:36:53.235+0200] {dag.py:3834} INFO - Setting next_dagrun for example_sla_dag to 2024-03-12 08:34:00+00:00, run_after=2024-03-12 08:36:00+00:00
[2024-03-12T10:36:53.252+0200] {processor.py:183} INFO - Processing /usr/local/lib/python3.8/site-packages/airflow/example_dags/example_sla_dag.py took 0.192 seconds
[2024-03-12T10:38:50.757+0200] {processor.py:161} INFO - Started process (PID=4936) to work on /usr/local/lib/python3.8/site-packages/airflow/example_dags/example_sla_dag.py
[2024-03-12T10:38:50.758+0200] {processor.py:830} INFO - Processing file /usr/local/lib/python3.8/site-packages/airflow/example_dags/example_sla_dag.py for tasks to queue
[2024-03-12T10:38:50.759+0200] {logging_mixin.py:188} INFO - [2024-03-12T10:38:50.759+0200] {dagbag.py:540} INFO - Filling up the DagBag from /usr/local/lib/python3.8/site-packages/airflow/example_dags/example_sla_dag.py
[2024-03-12T10:38:50.793+0200] {processor.py:840} INFO - DAG(s) 'example_sla_dag' retrieved from /usr/local/lib/python3.8/site-packages/airflow/example_dags/example_sla_dag.py
[2024-03-12T10:38:50.923+0200] {logging_mixin.py:188} INFO - [2024-03-12T10:38:50.922+0200] {dag.py:3047} INFO - Sync 1 DAGs
[2024-03-12T10:38:50.944+0200] {logging_mixin.py:188} INFO - [2024-03-12T10:38:50.943+0200] {dag.py:3834} INFO - Setting next_dagrun for example_sla_dag to 2024-03-12 08:36:00+00:00, run_after=2024-03-12 08:38:00+00:00
[2024-03-12T10:38:50.962+0200] {processor.py:183} INFO - Processing /usr/local/lib/python3.8/site-packages/airflow/example_dags/example_sla_dag.py took 0.206 seconds
[2024-03-12T10:40:38.030+0200] {processor.py:161} INFO - Started process (PID=5042) to work on /usr/local/lib/python3.8/site-packages/airflow/example_dags/example_sla_dag.py
[2024-03-12T10:40:38.031+0200] {processor.py:830} INFO - Processing file /usr/local/lib/python3.8/site-packages/airflow/example_dags/example_sla_dag.py for tasks to queue
[2024-03-12T10:40:38.032+0200] {logging_mixin.py:188} INFO - [2024-03-12T10:40:38.032+0200] {dagbag.py:540} INFO - Filling up the DagBag from /usr/local/lib/python3.8/site-packages/airflow/example_dags/example_sla_dag.py
[2024-03-12T10:40:38.067+0200] {processor.py:840} INFO - DAG(s) 'example_sla_dag' retrieved from /usr/local/lib/python3.8/site-packages/airflow/example_dags/example_sla_dag.py
[2024-03-12T10:40:38.200+0200] {logging_mixin.py:188} INFO - [2024-03-12T10:40:38.200+0200] {dag.py:3047} INFO - Sync 1 DAGs
[2024-03-12T10:40:38.221+0200] {logging_mixin.py:188} INFO - [2024-03-12T10:40:38.221+0200] {dag.py:3834} INFO - Setting next_dagrun for example_sla_dag to 2024-03-12 08:38:00+00:00, run_after=2024-03-12 08:40:00+00:00
[2024-03-12T10:40:38.238+0200] {processor.py:183} INFO - Processing /usr/local/lib/python3.8/site-packages/airflow/example_dags/example_sla_dag.py took 0.210 seconds
[2024-03-12T10:42:22.556+0200] {processor.py:161} INFO - Started process (PID=5167) to work on /usr/local/lib/python3.8/site-packages/airflow/example_dags/example_sla_dag.py
[2024-03-12T10:42:22.557+0200] {processor.py:830} INFO - Processing file /usr/local/lib/python3.8/site-packages/airflow/example_dags/example_sla_dag.py for tasks to queue
[2024-03-12T10:42:22.558+0200] {logging_mixin.py:188} INFO - [2024-03-12T10:42:22.558+0200] {dagbag.py:540} INFO - Filling up the DagBag from /usr/local/lib/python3.8/site-packages/airflow/example_dags/example_sla_dag.py
[2024-03-12T10:42:22.587+0200] {processor.py:840} INFO - DAG(s) 'example_sla_dag' retrieved from /usr/local/lib/python3.8/site-packages/airflow/example_dags/example_sla_dag.py
[2024-03-12T10:42:22.709+0200] {logging_mixin.py:188} INFO - [2024-03-12T10:42:22.708+0200] {dag.py:3047} INFO - Sync 1 DAGs
[2024-03-12T10:42:22.727+0200] {logging_mixin.py:188} INFO - [2024-03-12T10:42:22.727+0200] {dag.py:3834} INFO - Setting next_dagrun for example_sla_dag to 2024-03-12 08:40:00+00:00, run_after=2024-03-12 08:42:00+00:00
[2024-03-12T10:42:22.743+0200] {processor.py:183} INFO - Processing /usr/local/lib/python3.8/site-packages/airflow/example_dags/example_sla_dag.py took 0.187 seconds
[2024-03-12T10:44:12.585+0200] {processor.py:161} INFO - Started process (PID=5287) to work on /usr/local/lib/python3.8/site-packages/airflow/example_dags/example_sla_dag.py
[2024-03-12T10:44:12.586+0200] {processor.py:830} INFO - Processing file /usr/local/lib/python3.8/site-packages/airflow/example_dags/example_sla_dag.py for tasks to queue
[2024-03-12T10:44:12.587+0200] {logging_mixin.py:188} INFO - [2024-03-12T10:44:12.587+0200] {dagbag.py:540} INFO - Filling up the DagBag from /usr/local/lib/python3.8/site-packages/airflow/example_dags/example_sla_dag.py
[2024-03-12T10:44:12.625+0200] {processor.py:840} INFO - DAG(s) 'example_sla_dag' retrieved from /usr/local/lib/python3.8/site-packages/airflow/example_dags/example_sla_dag.py
[2024-03-12T10:44:12.791+0200] {logging_mixin.py:188} INFO - [2024-03-12T10:44:12.790+0200] {dag.py:3047} INFO - Sync 1 DAGs
[2024-03-12T10:44:12.813+0200] {logging_mixin.py:188} INFO - [2024-03-12T10:44:12.813+0200] {dag.py:3834} INFO - Setting next_dagrun for example_sla_dag to 2024-03-12 08:42:00+00:00, run_after=2024-03-12 08:44:00+00:00
[2024-03-12T10:44:12.836+0200] {processor.py:183} INFO - Processing /usr/local/lib/python3.8/site-packages/airflow/example_dags/example_sla_dag.py took 0.253 seconds
[2024-03-12T10:46:03.793+0200] {processor.py:161} INFO - Started process (PID=5420) to work on /usr/local/lib/python3.8/site-packages/airflow/example_dags/example_sla_dag.py
[2024-03-12T10:46:03.794+0200] {processor.py:830} INFO - Processing file /usr/local/lib/python3.8/site-packages/airflow/example_dags/example_sla_dag.py for tasks to queue
[2024-03-12T10:46:03.794+0200] {logging_mixin.py:188} INFO - [2024-03-12T10:46:03.794+0200] {dagbag.py:540} INFO - Filling up the DagBag from /usr/local/lib/python3.8/site-packages/airflow/example_dags/example_sla_dag.py
[2024-03-12T10:46:03.829+0200] {processor.py:840} INFO - DAG(s) 'example_sla_dag' retrieved from /usr/local/lib/python3.8/site-packages/airflow/example_dags/example_sla_dag.py
[2024-03-12T10:46:03.956+0200] {logging_mixin.py:188} INFO - [2024-03-12T10:46:03.956+0200] {dag.py:3047} INFO - Sync 1 DAGs
[2024-03-12T10:46:03.977+0200] {logging_mixin.py:188} INFO - [2024-03-12T10:46:03.977+0200] {dag.py:3834} INFO - Setting next_dagrun for example_sla_dag to 2024-03-12 08:44:00+00:00, run_after=2024-03-12 08:46:00+00:00
[2024-03-12T10:46:03.995+0200] {processor.py:183} INFO - Processing /usr/local/lib/python3.8/site-packages/airflow/example_dags/example_sla_dag.py took 0.203 seconds
[2024-03-12T10:47:53.552+0200] {processor.py:161} INFO - Started process (PID=5551) to work on /usr/local/lib/python3.8/site-packages/airflow/example_dags/example_sla_dag.py
[2024-03-12T10:47:53.552+0200] {processor.py:830} INFO - Processing file /usr/local/lib/python3.8/site-packages/airflow/example_dags/example_sla_dag.py for tasks to queue
[2024-03-12T10:47:53.553+0200] {logging_mixin.py:188} INFO - [2024-03-12T10:47:53.553+0200] {dagbag.py:540} INFO - Filling up the DagBag from /usr/local/lib/python3.8/site-packages/airflow/example_dags/example_sla_dag.py
[2024-03-12T10:47:53.586+0200] {processor.py:840} INFO - DAG(s) 'example_sla_dag' retrieved from /usr/local/lib/python3.8/site-packages/airflow/example_dags/example_sla_dag.py
[2024-03-12T10:47:53.751+0200] {logging_mixin.py:188} INFO - [2024-03-12T10:47:53.751+0200] {dag.py:3047} INFO - Sync 1 DAGs
[2024-03-12T10:47:53.770+0200] {logging_mixin.py:188} INFO - [2024-03-12T10:47:53.770+0200] {dag.py:3834} INFO - Setting next_dagrun for example_sla_dag to 2024-03-12 08:44:00+00:00, run_after=2024-03-12 08:46:00+00:00
[2024-03-12T10:47:53.793+0200] {processor.py:183} INFO - Processing /usr/local/lib/python3.8/site-packages/airflow/example_dags/example_sla_dag.py took 0.242 seconds
[2024-03-12T10:49:45.151+0200] {processor.py:161} INFO - Started process (PID=5682) to work on /usr/local/lib/python3.8/site-packages/airflow/example_dags/example_sla_dag.py
[2024-03-12T10:49:45.152+0200] {processor.py:830} INFO - Processing file /usr/local/lib/python3.8/site-packages/airflow/example_dags/example_sla_dag.py for tasks to queue
[2024-03-12T10:49:45.152+0200] {logging_mixin.py:188} INFO - [2024-03-12T10:49:45.152+0200] {dagbag.py:540} INFO - Filling up the DagBag from /usr/local/lib/python3.8/site-packages/airflow/example_dags/example_sla_dag.py
[2024-03-12T10:49:45.187+0200] {processor.py:840} INFO - DAG(s) 'example_sla_dag' retrieved from /usr/local/lib/python3.8/site-packages/airflow/example_dags/example_sla_dag.py
[2024-03-12T10:49:45.345+0200] {logging_mixin.py:188} INFO - [2024-03-12T10:49:45.344+0200] {dag.py:3047} INFO - Sync 1 DAGs
[2024-03-12T10:49:45.366+0200] {logging_mixin.py:188} INFO - [2024-03-12T10:49:45.365+0200] {dag.py:3834} INFO - Setting next_dagrun for example_sla_dag to 2024-03-12 08:46:00+00:00, run_after=2024-03-12 08:48:00+00:00
[2024-03-12T10:49:45.383+0200] {processor.py:183} INFO - Processing /usr/local/lib/python3.8/site-packages/airflow/example_dags/example_sla_dag.py took 0.233 seconds
[2024-03-12T10:51:38.197+0200] {processor.py:161} INFO - Started process (PID=5800) to work on /usr/local/lib/python3.8/site-packages/airflow/example_dags/example_sla_dag.py
[2024-03-12T10:51:38.198+0200] {processor.py:830} INFO - Processing file /usr/local/lib/python3.8/site-packages/airflow/example_dags/example_sla_dag.py for tasks to queue
[2024-03-12T10:51:38.199+0200] {logging_mixin.py:188} INFO - [2024-03-12T10:51:38.199+0200] {dagbag.py:540} INFO - Filling up the DagBag from /usr/local/lib/python3.8/site-packages/airflow/example_dags/example_sla_dag.py
[2024-03-12T10:51:38.233+0200] {processor.py:840} INFO - DAG(s) 'example_sla_dag' retrieved from /usr/local/lib/python3.8/site-packages/airflow/example_dags/example_sla_dag.py
[2024-03-12T10:51:38.355+0200] {logging_mixin.py:188} INFO - [2024-03-12T10:51:38.355+0200] {dag.py:3047} INFO - Sync 1 DAGs
[2024-03-12T10:51:38.374+0200] {logging_mixin.py:188} INFO - [2024-03-12T10:51:38.374+0200] {dag.py:3834} INFO - Setting next_dagrun for example_sla_dag to 2024-03-12 08:48:00+00:00, run_after=2024-03-12 08:50:00+00:00
[2024-03-12T10:51:38.391+0200] {processor.py:183} INFO - Processing /usr/local/lib/python3.8/site-packages/airflow/example_dags/example_sla_dag.py took 0.195 seconds
[2024-03-12T10:53:26.700+0200] {processor.py:161} INFO - Started process (PID=5928) to work on /usr/local/lib/python3.8/site-packages/airflow/example_dags/example_sla_dag.py
[2024-03-12T10:53:26.702+0200] {processor.py:830} INFO - Processing file /usr/local/lib/python3.8/site-packages/airflow/example_dags/example_sla_dag.py for tasks to queue
[2024-03-12T10:53:26.702+0200] {logging_mixin.py:188} INFO - [2024-03-12T10:53:26.702+0200] {dagbag.py:540} INFO - Filling up the DagBag from /usr/local/lib/python3.8/site-packages/airflow/example_dags/example_sla_dag.py
[2024-03-12T10:53:26.734+0200] {processor.py:840} INFO - DAG(s) 'example_sla_dag' retrieved from /usr/local/lib/python3.8/site-packages/airflow/example_dags/example_sla_dag.py
[2024-03-12T10:53:26.856+0200] {logging_mixin.py:188} INFO - [2024-03-12T10:53:26.856+0200] {dag.py:3047} INFO - Sync 1 DAGs
[2024-03-12T10:53:26.876+0200] {logging_mixin.py:188} INFO - [2024-03-12T10:53:26.876+0200] {dag.py:3834} INFO - Setting next_dagrun for example_sla_dag to 2024-03-12 08:50:00+00:00, run_after=2024-03-12 08:52:00+00:00
[2024-03-12T10:53:26.894+0200] {processor.py:183} INFO - Processing /usr/local/lib/python3.8/site-packages/airflow/example_dags/example_sla_dag.py took 0.195 seconds
[2024-03-12T10:55:13.102+0200] {processor.py:161} INFO - Started process (PID=6049) to work on /usr/local/lib/python3.8/site-packages/airflow/example_dags/example_sla_dag.py
[2024-03-12T10:55:13.103+0200] {processor.py:830} INFO - Processing file /usr/local/lib/python3.8/site-packages/airflow/example_dags/example_sla_dag.py for tasks to queue
[2024-03-12T10:55:13.104+0200] {logging_mixin.py:188} INFO - [2024-03-12T10:55:13.104+0200] {dagbag.py:540} INFO - Filling up the DagBag from /usr/local/lib/python3.8/site-packages/airflow/example_dags/example_sla_dag.py
[2024-03-12T10:55:13.145+0200] {processor.py:840} INFO - DAG(s) 'example_sla_dag' retrieved from /usr/local/lib/python3.8/site-packages/airflow/example_dags/example_sla_dag.py
[2024-03-12T10:55:13.289+0200] {logging_mixin.py:188} INFO - [2024-03-12T10:55:13.289+0200] {dag.py:3047} INFO - Sync 1 DAGs
[2024-03-12T10:55:13.311+0200] {logging_mixin.py:188} INFO - [2024-03-12T10:55:13.311+0200] {dag.py:3834} INFO - Setting next_dagrun for example_sla_dag to 2024-03-12 08:52:00+00:00, run_after=2024-03-12 08:54:00+00:00
[2024-03-12T10:55:13.329+0200] {processor.py:183} INFO - Processing /usr/local/lib/python3.8/site-packages/airflow/example_dags/example_sla_dag.py took 0.228 seconds
[2024-03-12T10:57:03.284+0200] {processor.py:161} INFO - Started process (PID=6186) to work on /usr/local/lib/python3.8/site-packages/airflow/example_dags/example_sla_dag.py
[2024-03-12T10:57:03.285+0200] {processor.py:830} INFO - Processing file /usr/local/lib/python3.8/site-packages/airflow/example_dags/example_sla_dag.py for tasks to queue
[2024-03-12T10:57:03.286+0200] {logging_mixin.py:188} INFO - [2024-03-12T10:57:03.285+0200] {dagbag.py:540} INFO - Filling up the DagBag from /usr/local/lib/python3.8/site-packages/airflow/example_dags/example_sla_dag.py
[2024-03-12T10:57:03.322+0200] {processor.py:840} INFO - DAG(s) 'example_sla_dag' retrieved from /usr/local/lib/python3.8/site-packages/airflow/example_dags/example_sla_dag.py
[2024-03-12T10:57:03.483+0200] {logging_mixin.py:188} INFO - [2024-03-12T10:57:03.483+0200] {dag.py:3047} INFO - Sync 1 DAGs
[2024-03-12T10:57:03.504+0200] {logging_mixin.py:188} INFO - [2024-03-12T10:57:03.504+0200] {dag.py:3834} INFO - Setting next_dagrun for example_sla_dag to 2024-03-12 08:54:00+00:00, run_after=2024-03-12 08:56:00+00:00
[2024-03-12T10:57:03.523+0200] {processor.py:183} INFO - Processing /usr/local/lib/python3.8/site-packages/airflow/example_dags/example_sla_dag.py took 0.240 seconds
[2024-03-12T10:58:58.967+0200] {processor.py:161} INFO - Started process (PID=6331) to work on /usr/local/lib/python3.8/site-packages/airflow/example_dags/example_sla_dag.py
[2024-03-12T10:58:58.968+0200] {processor.py:830} INFO - Processing file /usr/local/lib/python3.8/site-packages/airflow/example_dags/example_sla_dag.py for tasks to queue
[2024-03-12T10:58:58.968+0200] {logging_mixin.py:188} INFO - [2024-03-12T10:58:58.968+0200] {dagbag.py:540} INFO - Filling up the DagBag from /usr/local/lib/python3.8/site-packages/airflow/example_dags/example_sla_dag.py
[2024-03-12T10:58:59.002+0200] {processor.py:840} INFO - DAG(s) 'example_sla_dag' retrieved from /usr/local/lib/python3.8/site-packages/airflow/example_dags/example_sla_dag.py
[2024-03-12T10:58:59.134+0200] {logging_mixin.py:188} INFO - [2024-03-12T10:58:59.134+0200] {dag.py:3047} INFO - Sync 1 DAGs
[2024-03-12T10:58:59.156+0200] {logging_mixin.py:188} INFO - [2024-03-12T10:58:59.156+0200] {dag.py:3834} INFO - Setting next_dagrun for example_sla_dag to 2024-03-12 08:56:00+00:00, run_after=2024-03-12 08:58:00+00:00
[2024-03-12T10:58:59.173+0200] {processor.py:183} INFO - Processing /usr/local/lib/python3.8/site-packages/airflow/example_dags/example_sla_dag.py took 0.207 seconds
[2024-03-12T11:00:47.322+0200] {processor.py:161} INFO - Started process (PID=6447) to work on /usr/local/lib/python3.8/site-packages/airflow/example_dags/example_sla_dag.py
[2024-03-12T11:00:47.323+0200] {processor.py:830} INFO - Processing file /usr/local/lib/python3.8/site-packages/airflow/example_dags/example_sla_dag.py for tasks to queue
[2024-03-12T11:00:47.324+0200] {logging_mixin.py:188} INFO - [2024-03-12T11:00:47.324+0200] {dagbag.py:540} INFO - Filling up the DagBag from /usr/local/lib/python3.8/site-packages/airflow/example_dags/example_sla_dag.py
[2024-03-12T11:00:47.358+0200] {processor.py:840} INFO - DAG(s) 'example_sla_dag' retrieved from /usr/local/lib/python3.8/site-packages/airflow/example_dags/example_sla_dag.py
[2024-03-12T11:00:47.491+0200] {logging_mixin.py:188} INFO - [2024-03-12T11:00:47.490+0200] {dag.py:3047} INFO - Sync 1 DAGs
[2024-03-12T11:00:47.512+0200] {logging_mixin.py:188} INFO - [2024-03-12T11:00:47.512+0200] {dag.py:3834} INFO - Setting next_dagrun for example_sla_dag to 2024-03-12 08:58:00+00:00, run_after=2024-03-12 09:00:00+00:00
[2024-03-12T11:00:47.529+0200] {processor.py:183} INFO - Processing /usr/local/lib/python3.8/site-packages/airflow/example_dags/example_sla_dag.py took 0.208 seconds
[2024-03-12T11:02:35.267+0200] {processor.py:161} INFO - Started process (PID=6562) to work on /usr/local/lib/python3.8/site-packages/airflow/example_dags/example_sla_dag.py
[2024-03-12T11:02:35.268+0200] {processor.py:830} INFO - Processing file /usr/local/lib/python3.8/site-packages/airflow/example_dags/example_sla_dag.py for tasks to queue
[2024-03-12T11:02:35.269+0200] {logging_mixin.py:188} INFO - [2024-03-12T11:02:35.269+0200] {dagbag.py:540} INFO - Filling up the DagBag from /usr/local/lib/python3.8/site-packages/airflow/example_dags/example_sla_dag.py
[2024-03-12T11:02:35.304+0200] {processor.py:840} INFO - DAG(s) 'example_sla_dag' retrieved from /usr/local/lib/python3.8/site-packages/airflow/example_dags/example_sla_dag.py
[2024-03-12T11:02:35.439+0200] {logging_mixin.py:188} INFO - [2024-03-12T11:02:35.439+0200] {dag.py:3047} INFO - Sync 1 DAGs
[2024-03-12T11:02:35.460+0200] {logging_mixin.py:188} INFO - [2024-03-12T11:02:35.459+0200] {dag.py:3834} INFO - Setting next_dagrun for example_sla_dag to 2024-03-12 09:00:00+00:00, run_after=2024-03-12 09:02:00+00:00
[2024-03-12T11:02:35.478+0200] {processor.py:183} INFO - Processing /usr/local/lib/python3.8/site-packages/airflow/example_dags/example_sla_dag.py took 0.212 seconds
[2024-03-12T11:04:22.848+0200] {processor.py:161} INFO - Started process (PID=6691) to work on /usr/local/lib/python3.8/site-packages/airflow/example_dags/example_sla_dag.py
[2024-03-12T11:04:22.850+0200] {processor.py:830} INFO - Processing file /usr/local/lib/python3.8/site-packages/airflow/example_dags/example_sla_dag.py for tasks to queue
[2024-03-12T11:04:22.850+0200] {logging_mixin.py:188} INFO - [2024-03-12T11:04:22.850+0200] {dagbag.py:540} INFO - Filling up the DagBag from /usr/local/lib/python3.8/site-packages/airflow/example_dags/example_sla_dag.py
[2024-03-12T11:04:22.887+0200] {processor.py:840} INFO - DAG(s) 'example_sla_dag' retrieved from /usr/local/lib/python3.8/site-packages/airflow/example_dags/example_sla_dag.py
[2024-03-12T11:04:23.023+0200] {logging_mixin.py:188} INFO - [2024-03-12T11:04:23.022+0200] {dag.py:3047} INFO - Sync 1 DAGs
[2024-03-12T11:04:23.044+0200] {logging_mixin.py:188} INFO - [2024-03-12T11:04:23.043+0200] {dag.py:3834} INFO - Setting next_dagrun for example_sla_dag to 2024-03-12 09:02:00+00:00, run_after=2024-03-12 09:04:00+00:00
[2024-03-12T11:04:23.061+0200] {processor.py:183} INFO - Processing /usr/local/lib/python3.8/site-packages/airflow/example_dags/example_sla_dag.py took 0.214 seconds
[2024-03-12T11:06:18.916+0200] {processor.py:161} INFO - Started process (PID=6854) to work on /usr/local/lib/python3.8/site-packages/airflow/example_dags/example_sla_dag.py
[2024-03-12T11:06:18.917+0200] {processor.py:830} INFO - Processing file /usr/local/lib/python3.8/site-packages/airflow/example_dags/example_sla_dag.py for tasks to queue
[2024-03-12T11:06:18.918+0200] {logging_mixin.py:188} INFO - [2024-03-12T11:06:18.918+0200] {dagbag.py:540} INFO - Filling up the DagBag from /usr/local/lib/python3.8/site-packages/airflow/example_dags/example_sla_dag.py
[2024-03-12T11:06:18.950+0200] {processor.py:840} INFO - DAG(s) 'example_sla_dag' retrieved from /usr/local/lib/python3.8/site-packages/airflow/example_dags/example_sla_dag.py
[2024-03-12T11:06:19.081+0200] {logging_mixin.py:188} INFO - [2024-03-12T11:06:19.081+0200] {dag.py:3047} INFO - Sync 1 DAGs
[2024-03-12T11:06:19.108+0200] {logging_mixin.py:188} INFO - [2024-03-12T11:06:19.108+0200] {dag.py:3834} INFO - Setting next_dagrun for example_sla_dag to 2024-03-12 09:04:00+00:00, run_after=2024-03-12 09:06:00+00:00
[2024-03-12T11:06:19.130+0200] {processor.py:183} INFO - Processing /usr/local/lib/python3.8/site-packages/airflow/example_dags/example_sla_dag.py took 0.216 seconds
[2024-03-12T11:08:22.555+0200] {processor.py:161} INFO - Started process (PID=7005) to work on /usr/local/lib/python3.8/site-packages/airflow/example_dags/example_sla_dag.py
[2024-03-12T11:08:22.557+0200] {processor.py:830} INFO - Processing file /usr/local/lib/python3.8/site-packages/airflow/example_dags/example_sla_dag.py for tasks to queue
[2024-03-12T11:08:22.558+0200] {logging_mixin.py:188} INFO - [2024-03-12T11:08:22.557+0200] {dagbag.py:540} INFO - Filling up the DagBag from /usr/local/lib/python3.8/site-packages/airflow/example_dags/example_sla_dag.py
[2024-03-12T11:08:22.599+0200] {processor.py:840} INFO - DAG(s) 'example_sla_dag' retrieved from /usr/local/lib/python3.8/site-packages/airflow/example_dags/example_sla_dag.py
[2024-03-12T11:08:22.748+0200] {logging_mixin.py:188} INFO - [2024-03-12T11:08:22.748+0200] {dag.py:3047} INFO - Sync 1 DAGs
[2024-03-12T11:08:22.772+0200] {logging_mixin.py:188} INFO - [2024-03-12T11:08:22.771+0200] {dag.py:3834} INFO - Setting next_dagrun for example_sla_dag to 2024-03-12 09:06:00+00:00, run_after=2024-03-12 09:08:00+00:00
[2024-03-12T11:08:22.790+0200] {processor.py:183} INFO - Processing /usr/local/lib/python3.8/site-packages/airflow/example_dags/example_sla_dag.py took 0.237 seconds
[2024-03-12T11:10:22.615+0200] {processor.py:161} INFO - Started process (PID=7138) to work on /usr/local/lib/python3.8/site-packages/airflow/example_dags/example_sla_dag.py
[2024-03-12T11:10:22.616+0200] {processor.py:830} INFO - Processing file /usr/local/lib/python3.8/site-packages/airflow/example_dags/example_sla_dag.py for tasks to queue
[2024-03-12T11:10:22.617+0200] {logging_mixin.py:188} INFO - [2024-03-12T11:10:22.616+0200] {dagbag.py:540} INFO - Filling up the DagBag from /usr/local/lib/python3.8/site-packages/airflow/example_dags/example_sla_dag.py
[2024-03-12T11:10:22.651+0200] {processor.py:840} INFO - DAG(s) 'example_sla_dag' retrieved from /usr/local/lib/python3.8/site-packages/airflow/example_dags/example_sla_dag.py
[2024-03-12T11:10:22.783+0200] {logging_mixin.py:188} INFO - [2024-03-12T11:10:22.783+0200] {dag.py:3047} INFO - Sync 1 DAGs
[2024-03-12T11:10:22.805+0200] {logging_mixin.py:188} INFO - [2024-03-12T11:10:22.805+0200] {dag.py:3834} INFO - Setting next_dagrun for example_sla_dag to 2024-03-12 09:08:00+00:00, run_after=2024-03-12 09:10:00+00:00
[2024-03-12T11:10:22.823+0200] {processor.py:183} INFO - Processing /usr/local/lib/python3.8/site-packages/airflow/example_dags/example_sla_dag.py took 0.210 seconds
[2024-03-12T11:12:15.028+0200] {processor.py:161} INFO - Started process (PID=7261) to work on /usr/local/lib/python3.8/site-packages/airflow/example_dags/example_sla_dag.py
[2024-03-12T11:12:15.029+0200] {processor.py:830} INFO - Processing file /usr/local/lib/python3.8/site-packages/airflow/example_dags/example_sla_dag.py for tasks to queue
[2024-03-12T11:12:15.030+0200] {logging_mixin.py:188} INFO - [2024-03-12T11:12:15.030+0200] {dagbag.py:540} INFO - Filling up the DagBag from /usr/local/lib/python3.8/site-packages/airflow/example_dags/example_sla_dag.py
[2024-03-12T11:12:15.065+0200] {processor.py:840} INFO - DAG(s) 'example_sla_dag' retrieved from /usr/local/lib/python3.8/site-packages/airflow/example_dags/example_sla_dag.py
[2024-03-12T11:12:15.191+0200] {logging_mixin.py:188} INFO - [2024-03-12T11:12:15.191+0200] {dag.py:3047} INFO - Sync 1 DAGs
[2024-03-12T11:12:15.214+0200] {logging_mixin.py:188} INFO - [2024-03-12T11:12:15.214+0200] {dag.py:3834} INFO - Setting next_dagrun for example_sla_dag to 2024-03-12 09:10:00+00:00, run_after=2024-03-12 09:12:00+00:00
[2024-03-12T11:12:15.233+0200] {processor.py:183} INFO - Processing /usr/local/lib/python3.8/site-packages/airflow/example_dags/example_sla_dag.py took 0.207 seconds
[2024-03-12T11:14:07.567+0200] {processor.py:161} INFO - Started process (PID=7379) to work on /usr/local/lib/python3.8/site-packages/airflow/example_dags/example_sla_dag.py
[2024-03-12T11:14:07.569+0200] {processor.py:830} INFO - Processing file /usr/local/lib/python3.8/site-packages/airflow/example_dags/example_sla_dag.py for tasks to queue
[2024-03-12T11:14:07.569+0200] {logging_mixin.py:188} INFO - [2024-03-12T11:14:07.569+0200] {dagbag.py:540} INFO - Filling up the DagBag from /usr/local/lib/python3.8/site-packages/airflow/example_dags/example_sla_dag.py
[2024-03-12T11:14:07.603+0200] {processor.py:840} INFO - DAG(s) 'example_sla_dag' retrieved from /usr/local/lib/python3.8/site-packages/airflow/example_dags/example_sla_dag.py
[2024-03-12T11:14:07.731+0200] {logging_mixin.py:188} INFO - [2024-03-12T11:14:07.731+0200] {dag.py:3047} INFO - Sync 1 DAGs
[2024-03-12T11:14:07.754+0200] {logging_mixin.py:188} INFO - [2024-03-12T11:14:07.753+0200] {dag.py:3834} INFO - Setting next_dagrun for example_sla_dag to 2024-03-12 09:12:00+00:00, run_after=2024-03-12 09:14:00+00:00
[2024-03-12T11:14:07.771+0200] {processor.py:183} INFO - Processing /usr/local/lib/python3.8/site-packages/airflow/example_dags/example_sla_dag.py took 0.205 seconds
[2024-03-12T11:16:04.250+0200] {processor.py:161} INFO - Started process (PID=7516) to work on /usr/local/lib/python3.8/site-packages/airflow/example_dags/example_sla_dag.py
[2024-03-12T11:16:04.252+0200] {processor.py:830} INFO - Processing file /usr/local/lib/python3.8/site-packages/airflow/example_dags/example_sla_dag.py for tasks to queue
[2024-03-12T11:16:04.252+0200] {logging_mixin.py:188} INFO - [2024-03-12T11:16:04.252+0200] {dagbag.py:540} INFO - Filling up the DagBag from /usr/local/lib/python3.8/site-packages/airflow/example_dags/example_sla_dag.py
[2024-03-12T11:16:04.289+0200] {processor.py:840} INFO - DAG(s) 'example_sla_dag' retrieved from /usr/local/lib/python3.8/site-packages/airflow/example_dags/example_sla_dag.py
[2024-03-12T11:16:04.418+0200] {logging_mixin.py:188} INFO - [2024-03-12T11:16:04.418+0200] {dag.py:3047} INFO - Sync 1 DAGs
[2024-03-12T11:16:04.440+0200] {logging_mixin.py:188} INFO - [2024-03-12T11:16:04.440+0200] {dag.py:3834} INFO - Setting next_dagrun for example_sla_dag to 2024-03-12 09:14:00+00:00, run_after=2024-03-12 09:16:00+00:00
[2024-03-12T11:16:04.457+0200] {processor.py:183} INFO - Processing /usr/local/lib/python3.8/site-packages/airflow/example_dags/example_sla_dag.py took 0.208 seconds
[2024-03-12T11:18:33.805+0200] {processor.py:161} INFO - Started process (PID=7776) to work on /usr/local/lib/python3.8/site-packages/airflow/example_dags/example_sla_dag.py
[2024-03-12T11:18:33.807+0200] {processor.py:830} INFO - Processing file /usr/local/lib/python3.8/site-packages/airflow/example_dags/example_sla_dag.py for tasks to queue
[2024-03-12T11:18:33.808+0200] {logging_mixin.py:188} INFO - [2024-03-12T11:18:33.807+0200] {dagbag.py:540} INFO - Filling up the DagBag from /usr/local/lib/python3.8/site-packages/airflow/example_dags/example_sla_dag.py
[2024-03-12T11:18:33.843+0200] {processor.py:840} INFO - DAG(s) 'example_sla_dag' retrieved from /usr/local/lib/python3.8/site-packages/airflow/example_dags/example_sla_dag.py
[2024-03-12T11:18:33.981+0200] {logging_mixin.py:188} INFO - [2024-03-12T11:18:33.980+0200] {dag.py:3047} INFO - Sync 1 DAGs
[2024-03-12T11:18:34.004+0200] {logging_mixin.py:188} INFO - [2024-03-12T11:18:34.004+0200] {dag.py:3834} INFO - Setting next_dagrun for example_sla_dag to 2024-03-12 09:16:00+00:00, run_after=2024-03-12 09:18:00+00:00
[2024-03-12T11:18:34.022+0200] {processor.py:183} INFO - Processing /usr/local/lib/python3.8/site-packages/airflow/example_dags/example_sla_dag.py took 0.218 seconds
[2024-03-12T11:20:49.187+0200] {processor.py:161} INFO - Started process (PID=7934) to work on /usr/local/lib/python3.8/site-packages/airflow/example_dags/example_sla_dag.py
[2024-03-12T11:20:49.188+0200] {processor.py:830} INFO - Processing file /usr/local/lib/python3.8/site-packages/airflow/example_dags/example_sla_dag.py for tasks to queue
[2024-03-12T11:20:49.188+0200] {logging_mixin.py:188} INFO - [2024-03-12T11:20:49.188+0200] {dagbag.py:540} INFO - Filling up the DagBag from /usr/local/lib/python3.8/site-packages/airflow/example_dags/example_sla_dag.py
[2024-03-12T11:20:49.219+0200] {processor.py:840} INFO - DAG(s) 'example_sla_dag' retrieved from /usr/local/lib/python3.8/site-packages/airflow/example_dags/example_sla_dag.py
[2024-03-12T11:20:49.337+0200] {logging_mixin.py:188} INFO - [2024-03-12T11:20:49.337+0200] {dag.py:3047} INFO - Sync 1 DAGs
[2024-03-12T11:20:49.357+0200] {logging_mixin.py:188} INFO - [2024-03-12T11:20:49.357+0200] {dag.py:3834} INFO - Setting next_dagrun for example_sla_dag to 2024-03-12 09:18:00+00:00, run_after=2024-03-12 09:20:00+00:00
[2024-03-12T11:20:49.373+0200] {processor.py:183} INFO - Processing /usr/local/lib/python3.8/site-packages/airflow/example_dags/example_sla_dag.py took 0.188 seconds
[2024-03-12T11:22:37.205+0200] {processor.py:161} INFO - Started process (PID=8050) to work on /usr/local/lib/python3.8/site-packages/airflow/example_dags/example_sla_dag.py
[2024-03-12T11:22:37.206+0200] {processor.py:830} INFO - Processing file /usr/local/lib/python3.8/site-packages/airflow/example_dags/example_sla_dag.py for tasks to queue
[2024-03-12T11:22:37.207+0200] {logging_mixin.py:188} INFO - [2024-03-12T11:22:37.207+0200] {dagbag.py:540} INFO - Filling up the DagBag from /usr/local/lib/python3.8/site-packages/airflow/example_dags/example_sla_dag.py
[2024-03-12T11:22:37.241+0200] {processor.py:840} INFO - DAG(s) 'example_sla_dag' retrieved from /usr/local/lib/python3.8/site-packages/airflow/example_dags/example_sla_dag.py
[2024-03-12T11:22:37.370+0200] {logging_mixin.py:188} INFO - [2024-03-12T11:22:37.370+0200] {dag.py:3047} INFO - Sync 1 DAGs
[2024-03-12T11:22:37.391+0200] {logging_mixin.py:188} INFO - [2024-03-12T11:22:37.390+0200] {dag.py:3834} INFO - Setting next_dagrun for example_sla_dag to 2024-03-12 09:20:00+00:00, run_after=2024-03-12 09:22:00+00:00
[2024-03-12T11:22:37.408+0200] {processor.py:183} INFO - Processing /usr/local/lib/python3.8/site-packages/airflow/example_dags/example_sla_dag.py took 0.204 seconds
[2024-03-12T11:24:32.059+0200] {processor.py:161} INFO - Started process (PID=8172) to work on /usr/local/lib/python3.8/site-packages/airflow/example_dags/example_sla_dag.py
[2024-03-12T11:24:32.060+0200] {processor.py:830} INFO - Processing file /usr/local/lib/python3.8/site-packages/airflow/example_dags/example_sla_dag.py for tasks to queue
[2024-03-12T11:24:32.060+0200] {logging_mixin.py:188} INFO - [2024-03-12T11:24:32.060+0200] {dagbag.py:540} INFO - Filling up the DagBag from /usr/local/lib/python3.8/site-packages/airflow/example_dags/example_sla_dag.py
[2024-03-12T11:24:32.097+0200] {processor.py:840} INFO - DAG(s) 'example_sla_dag' retrieved from /usr/local/lib/python3.8/site-packages/airflow/example_dags/example_sla_dag.py
[2024-03-12T11:24:32.238+0200] {logging_mixin.py:188} INFO - [2024-03-12T11:24:32.238+0200] {dag.py:3047} INFO - Sync 1 DAGs
[2024-03-12T11:24:32.260+0200] {logging_mixin.py:188} INFO - [2024-03-12T11:24:32.260+0200] {dag.py:3834} INFO - Setting next_dagrun for example_sla_dag to 2024-03-12 09:22:00+00:00, run_after=2024-03-12 09:24:00+00:00
[2024-03-12T11:24:32.277+0200] {processor.py:183} INFO - Processing /usr/local/lib/python3.8/site-packages/airflow/example_dags/example_sla_dag.py took 0.220 seconds
[2024-03-12T11:26:29.073+0200] {processor.py:161} INFO - Started process (PID=8311) to work on /usr/local/lib/python3.8/site-packages/airflow/example_dags/example_sla_dag.py
[2024-03-12T11:26:29.074+0200] {processor.py:830} INFO - Processing file /usr/local/lib/python3.8/site-packages/airflow/example_dags/example_sla_dag.py for tasks to queue
[2024-03-12T11:26:29.075+0200] {logging_mixin.py:188} INFO - [2024-03-12T11:26:29.075+0200] {dagbag.py:540} INFO - Filling up the DagBag from /usr/local/lib/python3.8/site-packages/airflow/example_dags/example_sla_dag.py
[2024-03-12T11:26:29.108+0200] {processor.py:840} INFO - DAG(s) 'example_sla_dag' retrieved from /usr/local/lib/python3.8/site-packages/airflow/example_dags/example_sla_dag.py
[2024-03-12T11:26:29.237+0200] {logging_mixin.py:188} INFO - [2024-03-12T11:26:29.237+0200] {dag.py:3047} INFO - Sync 1 DAGs
[2024-03-12T11:26:29.258+0200] {logging_mixin.py:188} INFO - [2024-03-12T11:26:29.258+0200] {dag.py:3834} INFO - Setting next_dagrun for example_sla_dag to 2024-03-12 09:24:00+00:00, run_after=2024-03-12 09:26:00+00:00
[2024-03-12T11:26:29.277+0200] {processor.py:183} INFO - Processing /usr/local/lib/python3.8/site-packages/airflow/example_dags/example_sla_dag.py took 0.205 seconds
[2024-03-12T11:28:24.867+0200] {processor.py:161} INFO - Started process (PID=8680) to work on /usr/local/lib/python3.8/site-packages/airflow/example_dags/example_sla_dag.py
[2024-03-12T11:28:24.869+0200] {processor.py:830} INFO - Processing file /usr/local/lib/python3.8/site-packages/airflow/example_dags/example_sla_dag.py for tasks to queue
[2024-03-12T11:28:24.870+0200] {logging_mixin.py:188} INFO - [2024-03-12T11:28:24.869+0200] {dagbag.py:540} INFO - Filling up the DagBag from /usr/local/lib/python3.8/site-packages/airflow/example_dags/example_sla_dag.py
[2024-03-12T11:28:24.903+0200] {processor.py:840} INFO - DAG(s) 'example_sla_dag' retrieved from /usr/local/lib/python3.8/site-packages/airflow/example_dags/example_sla_dag.py
[2024-03-12T11:28:25.027+0200] {logging_mixin.py:188} INFO - [2024-03-12T11:28:25.026+0200] {dag.py:3047} INFO - Sync 1 DAGs
[2024-03-12T11:28:25.084+0200] {logging_mixin.py:188} INFO - [2024-03-12T11:28:25.084+0200] {dag.py:3834} INFO - Setting next_dagrun for example_sla_dag to 2024-03-12 09:26:00+00:00, run_after=2024-03-12 09:28:00+00:00
[2024-03-12T11:28:25.102+0200] {processor.py:183} INFO - Processing /usr/local/lib/python3.8/site-packages/airflow/example_dags/example_sla_dag.py took 0.237 seconds
[2024-03-12T11:30:23.082+0200] {processor.py:161} INFO - Started process (PID=8818) to work on /usr/local/lib/python3.8/site-packages/airflow/example_dags/example_sla_dag.py
[2024-03-12T11:30:23.083+0200] {processor.py:830} INFO - Processing file /usr/local/lib/python3.8/site-packages/airflow/example_dags/example_sla_dag.py for tasks to queue
[2024-03-12T11:30:23.083+0200] {logging_mixin.py:188} INFO - [2024-03-12T11:30:23.083+0200] {dagbag.py:540} INFO - Filling up the DagBag from /usr/local/lib/python3.8/site-packages/airflow/example_dags/example_sla_dag.py
[2024-03-12T11:30:23.110+0200] {processor.py:840} INFO - DAG(s) 'example_sla_dag' retrieved from /usr/local/lib/python3.8/site-packages/airflow/example_dags/example_sla_dag.py
[2024-03-12T11:30:23.230+0200] {logging_mixin.py:188} INFO - [2024-03-12T11:30:23.229+0200] {dag.py:3047} INFO - Sync 1 DAGs
[2024-03-12T11:30:23.249+0200] {logging_mixin.py:188} INFO - [2024-03-12T11:30:23.249+0200] {dag.py:3834} INFO - Setting next_dagrun for example_sla_dag to 2024-03-12 09:28:00+00:00, run_after=2024-03-12 09:30:00+00:00
[2024-03-12T11:30:23.266+0200] {processor.py:183} INFO - Processing /usr/local/lib/python3.8/site-packages/airflow/example_dags/example_sla_dag.py took 0.186 seconds
[2024-03-12T11:32:17.641+0200] {processor.py:161} INFO - Started process (PID=8961) to work on /usr/local/lib/python3.8/site-packages/airflow/example_dags/example_sla_dag.py
[2024-03-12T11:32:17.642+0200] {processor.py:830} INFO - Processing file /usr/local/lib/python3.8/site-packages/airflow/example_dags/example_sla_dag.py for tasks to queue
[2024-03-12T11:32:17.643+0200] {logging_mixin.py:188} INFO - [2024-03-12T11:32:17.643+0200] {dagbag.py:540} INFO - Filling up the DagBag from /usr/local/lib/python3.8/site-packages/airflow/example_dags/example_sla_dag.py
[2024-03-12T11:32:17.677+0200] {processor.py:840} INFO - DAG(s) 'example_sla_dag' retrieved from /usr/local/lib/python3.8/site-packages/airflow/example_dags/example_sla_dag.py
[2024-03-12T11:32:17.814+0200] {logging_mixin.py:188} INFO - [2024-03-12T11:32:17.813+0200] {dag.py:3047} INFO - Sync 1 DAGs
[2024-03-12T11:32:17.836+0200] {logging_mixin.py:188} INFO - [2024-03-12T11:32:17.836+0200] {dag.py:3834} INFO - Setting next_dagrun for example_sla_dag to 2024-03-12 09:30:00+00:00, run_after=2024-03-12 09:32:00+00:00
[2024-03-12T11:32:17.856+0200] {processor.py:183} INFO - Processing /usr/local/lib/python3.8/site-packages/airflow/example_dags/example_sla_dag.py took 0.216 seconds
[2024-03-12T11:34:09.276+0200] {processor.py:161} INFO - Started process (PID=9088) to work on /usr/local/lib/python3.8/site-packages/airflow/example_dags/example_sla_dag.py
[2024-03-12T11:34:09.278+0200] {processor.py:830} INFO - Processing file /usr/local/lib/python3.8/site-packages/airflow/example_dags/example_sla_dag.py for tasks to queue
[2024-03-12T11:34:09.279+0200] {logging_mixin.py:188} INFO - [2024-03-12T11:34:09.279+0200] {dagbag.py:540} INFO - Filling up the DagBag from /usr/local/lib/python3.8/site-packages/airflow/example_dags/example_sla_dag.py
[2024-03-12T11:34:09.313+0200] {processor.py:840} INFO - DAG(s) 'example_sla_dag' retrieved from /usr/local/lib/python3.8/site-packages/airflow/example_dags/example_sla_dag.py
[2024-03-12T11:34:09.439+0200] {logging_mixin.py:188} INFO - [2024-03-12T11:34:09.439+0200] {dag.py:3047} INFO - Sync 1 DAGs
[2024-03-12T11:34:09.462+0200] {logging_mixin.py:188} INFO - [2024-03-12T11:34:09.462+0200] {dag.py:3834} INFO - Setting next_dagrun for example_sla_dag to 2024-03-12 09:32:00+00:00, run_after=2024-03-12 09:34:00+00:00
[2024-03-12T11:34:09.479+0200] {processor.py:183} INFO - Processing /usr/local/lib/python3.8/site-packages/airflow/example_dags/example_sla_dag.py took 0.204 seconds
[2024-03-12T11:36:08.090+0200] {processor.py:161} INFO - Started process (PID=9247) to work on /usr/local/lib/python3.8/site-packages/airflow/example_dags/example_sla_dag.py
[2024-03-12T11:36:08.092+0200] {processor.py:830} INFO - Processing file /usr/local/lib/python3.8/site-packages/airflow/example_dags/example_sla_dag.py for tasks to queue
[2024-03-12T11:36:08.092+0200] {logging_mixin.py:188} INFO - [2024-03-12T11:36:08.092+0200] {dagbag.py:540} INFO - Filling up the DagBag from /usr/local/lib/python3.8/site-packages/airflow/example_dags/example_sla_dag.py
[2024-03-12T11:36:08.128+0200] {processor.py:840} INFO - DAG(s) 'example_sla_dag' retrieved from /usr/local/lib/python3.8/site-packages/airflow/example_dags/example_sla_dag.py
[2024-03-12T11:36:08.265+0200] {logging_mixin.py:188} INFO - [2024-03-12T11:36:08.264+0200] {dag.py:3047} INFO - Sync 1 DAGs
[2024-03-12T11:36:08.288+0200] {logging_mixin.py:188} INFO - [2024-03-12T11:36:08.287+0200] {dag.py:3834} INFO - Setting next_dagrun for example_sla_dag to 2024-03-12 09:34:00+00:00, run_after=2024-03-12 09:36:00+00:00
[2024-03-12T11:36:08.306+0200] {processor.py:183} INFO - Processing /usr/local/lib/python3.8/site-packages/airflow/example_dags/example_sla_dag.py took 0.217 seconds
[2024-03-12T11:38:04.568+0200] {processor.py:161} INFO - Started process (PID=9375) to work on /usr/local/lib/python3.8/site-packages/airflow/example_dags/example_sla_dag.py
[2024-03-12T11:38:04.570+0200] {processor.py:830} INFO - Processing file /usr/local/lib/python3.8/site-packages/airflow/example_dags/example_sla_dag.py for tasks to queue
[2024-03-12T11:38:04.571+0200] {logging_mixin.py:188} INFO - [2024-03-12T11:38:04.570+0200] {dagbag.py:540} INFO - Filling up the DagBag from /usr/local/lib/python3.8/site-packages/airflow/example_dags/example_sla_dag.py
[2024-03-12T11:38:04.601+0200] {processor.py:840} INFO - DAG(s) 'example_sla_dag' retrieved from /usr/local/lib/python3.8/site-packages/airflow/example_dags/example_sla_dag.py
[2024-03-12T11:38:04.718+0200] {logging_mixin.py:188} INFO - [2024-03-12T11:38:04.718+0200] {dag.py:3047} INFO - Sync 1 DAGs
[2024-03-12T11:38:04.739+0200] {logging_mixin.py:188} INFO - [2024-03-12T11:38:04.739+0200] {dag.py:3834} INFO - Setting next_dagrun for example_sla_dag to 2024-03-12 09:36:00+00:00, run_after=2024-03-12 09:38:00+00:00
[2024-03-12T11:38:04.756+0200] {processor.py:183} INFO - Processing /usr/local/lib/python3.8/site-packages/airflow/example_dags/example_sla_dag.py took 0.189 seconds
[2024-03-12T11:39:45.149+0200] {processor.py:161} INFO - Started process (PID=9506) to work on /usr/local/lib/python3.8/site-packages/airflow/example_dags/example_sla_dag.py
[2024-03-12T11:39:45.150+0200] {processor.py:830} INFO - Processing file /usr/local/lib/python3.8/site-packages/airflow/example_dags/example_sla_dag.py for tasks to queue
[2024-03-12T11:39:45.150+0200] {logging_mixin.py:188} INFO - [2024-03-12T11:39:45.150+0200] {dagbag.py:540} INFO - Filling up the DagBag from /usr/local/lib/python3.8/site-packages/airflow/example_dags/example_sla_dag.py
[2024-03-12T11:39:45.179+0200] {processor.py:840} INFO - DAG(s) 'example_sla_dag' retrieved from /usr/local/lib/python3.8/site-packages/airflow/example_dags/example_sla_dag.py
[2024-03-12T11:39:45.311+0200] {logging_mixin.py:188} INFO - [2024-03-12T11:39:45.310+0200] {dag.py:3047} INFO - Sync 1 DAGs
[2024-03-12T11:39:45.331+0200] {logging_mixin.py:188} INFO - [2024-03-12T11:39:45.330+0200] {dag.py:3834} INFO - Setting next_dagrun for example_sla_dag to 2024-03-12 09:36:00+00:00, run_after=2024-03-12 09:38:00+00:00
[2024-03-12T11:39:45.346+0200] {processor.py:183} INFO - Processing /usr/local/lib/python3.8/site-packages/airflow/example_dags/example_sla_dag.py took 0.198 seconds
[2024-03-12T11:41:19.207+0200] {processor.py:161} INFO - Started process (PID=9608) to work on /usr/local/lib/python3.8/site-packages/airflow/example_dags/example_sla_dag.py
[2024-03-12T11:41:19.208+0200] {processor.py:830} INFO - Processing file /usr/local/lib/python3.8/site-packages/airflow/example_dags/example_sla_dag.py for tasks to queue
[2024-03-12T11:41:19.209+0200] {logging_mixin.py:188} INFO - [2024-03-12T11:41:19.209+0200] {dagbag.py:540} INFO - Filling up the DagBag from /usr/local/lib/python3.8/site-packages/airflow/example_dags/example_sla_dag.py
[2024-03-12T11:41:19.239+0200] {processor.py:840} INFO - DAG(s) 'example_sla_dag' retrieved from /usr/local/lib/python3.8/site-packages/airflow/example_dags/example_sla_dag.py
[2024-03-12T11:41:19.357+0200] {logging_mixin.py:188} INFO - [2024-03-12T11:41:19.357+0200] {dag.py:3047} INFO - Sync 1 DAGs
[2024-03-12T11:41:19.377+0200] {logging_mixin.py:188} INFO - [2024-03-12T11:41:19.377+0200] {dag.py:3834} INFO - Setting next_dagrun for example_sla_dag to 2024-03-12 09:38:00+00:00, run_after=2024-03-12 09:40:00+00:00
[2024-03-12T11:41:19.396+0200] {processor.py:183} INFO - Processing /usr/local/lib/python3.8/site-packages/airflow/example_dags/example_sla_dag.py took 0.190 seconds
[2024-03-12T11:42:52.636+0200] {processor.py:161} INFO - Started process (PID=9714) to work on /usr/local/lib/python3.8/site-packages/airflow/example_dags/example_sla_dag.py
[2024-03-12T11:42:52.637+0200] {processor.py:830} INFO - Processing file /usr/local/lib/python3.8/site-packages/airflow/example_dags/example_sla_dag.py for tasks to queue
[2024-03-12T11:42:52.637+0200] {logging_mixin.py:188} INFO - [2024-03-12T11:42:52.637+0200] {dagbag.py:540} INFO - Filling up the DagBag from /usr/local/lib/python3.8/site-packages/airflow/example_dags/example_sla_dag.py
[2024-03-12T11:42:52.670+0200] {processor.py:840} INFO - DAG(s) 'example_sla_dag' retrieved from /usr/local/lib/python3.8/site-packages/airflow/example_dags/example_sla_dag.py
[2024-03-12T11:42:52.790+0200] {logging_mixin.py:188} INFO - [2024-03-12T11:42:52.789+0200] {dag.py:3047} INFO - Sync 1 DAGs
[2024-03-12T11:42:52.810+0200] {logging_mixin.py:188} INFO - [2024-03-12T11:42:52.810+0200] {dag.py:3834} INFO - Setting next_dagrun for example_sla_dag to 2024-03-12 09:40:00+00:00, run_after=2024-03-12 09:42:00+00:00
[2024-03-12T11:42:52.826+0200] {processor.py:183} INFO - Processing /usr/local/lib/python3.8/site-packages/airflow/example_dags/example_sla_dag.py took 0.192 seconds
[2024-03-12T11:44:25.750+0200] {processor.py:161} INFO - Started process (PID=9837) to work on /usr/local/lib/python3.8/site-packages/airflow/example_dags/example_sla_dag.py
[2024-03-12T11:44:25.751+0200] {processor.py:830} INFO - Processing file /usr/local/lib/python3.8/site-packages/airflow/example_dags/example_sla_dag.py for tasks to queue
[2024-03-12T11:44:25.751+0200] {logging_mixin.py:188} INFO - [2024-03-12T11:44:25.751+0200] {dagbag.py:540} INFO - Filling up the DagBag from /usr/local/lib/python3.8/site-packages/airflow/example_dags/example_sla_dag.py
[2024-03-12T11:44:25.781+0200] {processor.py:840} INFO - DAG(s) 'example_sla_dag' retrieved from /usr/local/lib/python3.8/site-packages/airflow/example_dags/example_sla_dag.py
[2024-03-12T11:44:25.900+0200] {logging_mixin.py:188} INFO - [2024-03-12T11:44:25.899+0200] {dag.py:3047} INFO - Sync 1 DAGs
[2024-03-12T11:44:25.920+0200] {logging_mixin.py:188} INFO - [2024-03-12T11:44:25.920+0200] {dag.py:3834} INFO - Setting next_dagrun for example_sla_dag to 2024-03-12 09:42:00+00:00, run_after=2024-03-12 09:44:00+00:00
[2024-03-12T11:44:25.936+0200] {processor.py:183} INFO - Processing /usr/local/lib/python3.8/site-packages/airflow/example_dags/example_sla_dag.py took 0.187 seconds
[2024-03-12T11:46:02.525+0200] {processor.py:161} INFO - Started process (PID=9950) to work on /usr/local/lib/python3.8/site-packages/airflow/example_dags/example_sla_dag.py
[2024-03-12T11:46:02.527+0200] {processor.py:830} INFO - Processing file /usr/local/lib/python3.8/site-packages/airflow/example_dags/example_sla_dag.py for tasks to queue
[2024-03-12T11:46:02.528+0200] {logging_mixin.py:188} INFO - [2024-03-12T11:46:02.528+0200] {dagbag.py:540} INFO - Filling up the DagBag from /usr/local/lib/python3.8/site-packages/airflow/example_dags/example_sla_dag.py
[2024-03-12T11:46:02.559+0200] {processor.py:840} INFO - DAG(s) 'example_sla_dag' retrieved from /usr/local/lib/python3.8/site-packages/airflow/example_dags/example_sla_dag.py
[2024-03-12T11:46:02.698+0200] {logging_mixin.py:188} INFO - [2024-03-12T11:46:02.698+0200] {dag.py:3047} INFO - Sync 1 DAGs
[2024-03-12T11:46:02.721+0200] {logging_mixin.py:188} INFO - [2024-03-12T11:46:02.721+0200] {dag.py:3834} INFO - Setting next_dagrun for example_sla_dag to 2024-03-12 09:44:00+00:00, run_after=2024-03-12 09:46:00+00:00
[2024-03-12T11:46:02.741+0200] {processor.py:183} INFO - Processing /usr/local/lib/python3.8/site-packages/airflow/example_dags/example_sla_dag.py took 0.217 seconds
[2024-03-12T11:47:43.605+0200] {processor.py:161} INFO - Started process (PID=10068) to work on /usr/local/lib/python3.8/site-packages/airflow/example_dags/example_sla_dag.py
[2024-03-12T11:47:43.607+0200] {processor.py:830} INFO - Processing file /usr/local/lib/python3.8/site-packages/airflow/example_dags/example_sla_dag.py for tasks to queue
[2024-03-12T11:47:43.607+0200] {logging_mixin.py:188} INFO - [2024-03-12T11:47:43.607+0200] {dagbag.py:540} INFO - Filling up the DagBag from /usr/local/lib/python3.8/site-packages/airflow/example_dags/example_sla_dag.py
[2024-03-12T11:47:43.639+0200] {processor.py:840} INFO - DAG(s) 'example_sla_dag' retrieved from /usr/local/lib/python3.8/site-packages/airflow/example_dags/example_sla_dag.py
[2024-03-12T11:47:43.760+0200] {logging_mixin.py:188} INFO - [2024-03-12T11:47:43.760+0200] {dag.py:3047} INFO - Sync 1 DAGs
[2024-03-12T11:47:43.781+0200] {logging_mixin.py:188} INFO - [2024-03-12T11:47:43.781+0200] {dag.py:3834} INFO - Setting next_dagrun for example_sla_dag to 2024-03-12 09:44:00+00:00, run_after=2024-03-12 09:46:00+00:00
[2024-03-12T11:47:43.797+0200] {processor.py:183} INFO - Processing /usr/local/lib/python3.8/site-packages/airflow/example_dags/example_sla_dag.py took 0.193 seconds
[2024-03-12T12:22:13.159+0200] {processor.py:161} INFO - Started process (PID=10257) to work on /usr/local/lib/python3.8/site-packages/airflow/example_dags/example_sla_dag.py
[2024-03-12T12:22:13.160+0200] {processor.py:830} INFO - Processing file /usr/local/lib/python3.8/site-packages/airflow/example_dags/example_sla_dag.py for tasks to queue
[2024-03-12T12:22:13.161+0200] {logging_mixin.py:188} INFO - [2024-03-12T12:22:13.161+0200] {dagbag.py:540} INFO - Filling up the DagBag from /usr/local/lib/python3.8/site-packages/airflow/example_dags/example_sla_dag.py
[2024-03-12T12:22:13.191+0200] {processor.py:840} INFO - DAG(s) 'example_sla_dag' retrieved from /usr/local/lib/python3.8/site-packages/airflow/example_dags/example_sla_dag.py
[2024-03-12T12:22:13.313+0200] {logging_mixin.py:188} INFO - [2024-03-12T12:22:13.312+0200] {dag.py:3047} INFO - Sync 1 DAGs
[2024-03-12T12:22:13.332+0200] {logging_mixin.py:188} INFO - [2024-03-12T12:22:13.332+0200] {dag.py:3834} INFO - Setting next_dagrun for example_sla_dag to 2024-03-12 10:20:00+00:00, run_after=2024-03-12 10:22:00+00:00
[2024-03-12T12:22:13.348+0200] {processor.py:183} INFO - Processing /usr/local/lib/python3.8/site-packages/airflow/example_dags/example_sla_dag.py took 0.191 seconds
[2024-03-12T12:24:12.362+0200] {processor.py:161} INFO - Started process (PID=10392) to work on /usr/local/lib/python3.8/site-packages/airflow/example_dags/example_sla_dag.py
[2024-03-12T12:24:12.363+0200] {processor.py:830} INFO - Processing file /usr/local/lib/python3.8/site-packages/airflow/example_dags/example_sla_dag.py for tasks to queue
[2024-03-12T12:24:12.364+0200] {logging_mixin.py:188} INFO - [2024-03-12T12:24:12.363+0200] {dagbag.py:540} INFO - Filling up the DagBag from /usr/local/lib/python3.8/site-packages/airflow/example_dags/example_sla_dag.py
[2024-03-12T12:24:12.391+0200] {processor.py:840} INFO - DAG(s) 'example_sla_dag' retrieved from /usr/local/lib/python3.8/site-packages/airflow/example_dags/example_sla_dag.py
[2024-03-12T12:24:12.508+0200] {logging_mixin.py:188} INFO - [2024-03-12T12:24:12.508+0200] {dag.py:3047} INFO - Sync 1 DAGs
[2024-03-12T12:24:12.527+0200] {logging_mixin.py:188} INFO - [2024-03-12T12:24:12.527+0200] {dag.py:3834} INFO - Setting next_dagrun for example_sla_dag to 2024-03-12 10:22:00+00:00, run_after=2024-03-12 10:24:00+00:00
[2024-03-12T12:24:12.544+0200] {processor.py:183} INFO - Processing /usr/local/lib/python3.8/site-packages/airflow/example_dags/example_sla_dag.py took 0.183 seconds
[2024-03-12T12:25:45.568+0200] {processor.py:161} INFO - Started process (PID=10493) to work on /usr/local/lib/python3.8/site-packages/airflow/example_dags/example_sla_dag.py
[2024-03-12T12:25:45.569+0200] {processor.py:830} INFO - Processing file /usr/local/lib/python3.8/site-packages/airflow/example_dags/example_sla_dag.py for tasks to queue
[2024-03-12T12:25:45.569+0200] {logging_mixin.py:188} INFO - [2024-03-12T12:25:45.569+0200] {dagbag.py:540} INFO - Filling up the DagBag from /usr/local/lib/python3.8/site-packages/airflow/example_dags/example_sla_dag.py
[2024-03-12T12:25:45.596+0200] {processor.py:840} INFO - DAG(s) 'example_sla_dag' retrieved from /usr/local/lib/python3.8/site-packages/airflow/example_dags/example_sla_dag.py
[2024-03-12T12:25:45.720+0200] {logging_mixin.py:188} INFO - [2024-03-12T12:25:45.720+0200] {dag.py:3047} INFO - Sync 1 DAGs
[2024-03-12T12:25:45.740+0200] {logging_mixin.py:188} INFO - [2024-03-12T12:25:45.740+0200] {dag.py:3834} INFO - Setting next_dagrun for example_sla_dag to 2024-03-12 10:22:00+00:00, run_after=2024-03-12 10:24:00+00:00
[2024-03-12T12:25:45.757+0200] {processor.py:183} INFO - Processing /usr/local/lib/python3.8/site-packages/airflow/example_dags/example_sla_dag.py took 0.190 seconds
[2024-03-12T12:27:27.253+0200] {processor.py:161} INFO - Started process (PID=10617) to work on /usr/local/lib/python3.8/site-packages/airflow/example_dags/example_sla_dag.py
[2024-03-12T12:27:27.254+0200] {processor.py:830} INFO - Processing file /usr/local/lib/python3.8/site-packages/airflow/example_dags/example_sla_dag.py for tasks to queue
[2024-03-12T12:27:27.254+0200] {logging_mixin.py:188} INFO - [2024-03-12T12:27:27.254+0200] {dagbag.py:540} INFO - Filling up the DagBag from /usr/local/lib/python3.8/site-packages/airflow/example_dags/example_sla_dag.py
[2024-03-12T12:27:27.289+0200] {processor.py:840} INFO - DAG(s) 'example_sla_dag' retrieved from /usr/local/lib/python3.8/site-packages/airflow/example_dags/example_sla_dag.py
[2024-03-12T12:27:27.433+0200] {logging_mixin.py:188} INFO - [2024-03-12T12:27:27.432+0200] {dag.py:3047} INFO - Sync 1 DAGs
[2024-03-12T12:27:27.455+0200] {logging_mixin.py:188} INFO - [2024-03-12T12:27:27.454+0200] {dag.py:3834} INFO - Setting next_dagrun for example_sla_dag to 2024-03-12 10:24:00+00:00, run_after=2024-03-12 10:26:00+00:00
[2024-03-12T12:27:27.473+0200] {processor.py:183} INFO - Processing /usr/local/lib/python3.8/site-packages/airflow/example_dags/example_sla_dag.py took 0.222 seconds
