[2024-03-12T10:11:42.594+0200] {processor.py:161} INFO - Started process (PID=3380) to work on /usr/local/lib/python3.8/site-packages/airflow/example_dags/example_sensors.py
[2024-03-12T10:11:42.595+0200] {processor.py:830} INFO - Processing file /usr/local/lib/python3.8/site-packages/airflow/example_dags/example_sensors.py for tasks to queue
[2024-03-12T10:11:42.596+0200] {logging_mixin.py:188} INFO - [2024-03-12T10:11:42.595+0200] {dagbag.py:540} INFO - Filling up the DagBag from /usr/local/lib/python3.8/site-packages/airflow/example_dags/example_sensors.py
[2024-03-12T10:11:42.609+0200] {processor.py:840} INFO - DAG(s) 'example_sensors' retrieved from /usr/local/lib/python3.8/site-packages/airflow/example_dags/example_sensors.py
[2024-03-12T10:11:42.841+0200] {logging_mixin.py:188} INFO - [2024-03-12T10:11:42.841+0200] {dag.py:3047} INFO - Sync 1 DAGs
[2024-03-12T10:11:42.850+0200] {logging_mixin.py:188} INFO - [2024-03-12T10:11:42.850+0200] {dag.py:3834} INFO - Setting next_dagrun for example_sensors to None, run_after=None
[2024-03-12T10:11:42.867+0200] {processor.py:183} INFO - Processing /usr/local/lib/python3.8/site-packages/airflow/example_dags/example_sensors.py took 0.275 seconds
[2024-03-12T10:14:14.062+0200] {processor.py:161} INFO - Started process (PID=3578) to work on /usr/local/lib/python3.8/site-packages/airflow/example_dags/example_sensors.py
[2024-03-12T10:14:14.064+0200] {processor.py:830} INFO - Processing file /usr/local/lib/python3.8/site-packages/airflow/example_dags/example_sensors.py for tasks to queue
[2024-03-12T10:14:14.065+0200] {logging_mixin.py:188} INFO - [2024-03-12T10:14:14.064+0200] {dagbag.py:540} INFO - Filling up the DagBag from /usr/local/lib/python3.8/site-packages/airflow/example_dags/example_sensors.py
[2024-03-12T10:14:14.081+0200] {processor.py:840} INFO - DAG(s) 'example_sensors' retrieved from /usr/local/lib/python3.8/site-packages/airflow/example_dags/example_sensors.py
[2024-03-12T10:14:14.228+0200] {logging_mixin.py:188} INFO - [2024-03-12T10:14:14.228+0200] {dag.py:3047} INFO - Sync 1 DAGs
[2024-03-12T10:14:14.239+0200] {logging_mixin.py:188} INFO - [2024-03-12T10:14:14.239+0200] {dag.py:3834} INFO - Setting next_dagrun for example_sensors to None, run_after=None
[2024-03-12T10:14:14.258+0200] {processor.py:183} INFO - Processing /usr/local/lib/python3.8/site-packages/airflow/example_dags/example_sensors.py took 0.197 seconds
[2024-03-12T10:16:02.911+0200] {processor.py:161} INFO - Started process (PID=3701) to work on /usr/local/lib/python3.8/site-packages/airflow/example_dags/example_sensors.py
[2024-03-12T10:16:02.912+0200] {processor.py:830} INFO - Processing file /usr/local/lib/python3.8/site-packages/airflow/example_dags/example_sensors.py for tasks to queue
[2024-03-12T10:16:02.913+0200] {logging_mixin.py:188} INFO - [2024-03-12T10:16:02.913+0200] {dagbag.py:540} INFO - Filling up the DagBag from /usr/local/lib/python3.8/site-packages/airflow/example_dags/example_sensors.py
[2024-03-12T10:16:02.930+0200] {processor.py:840} INFO - DAG(s) 'example_sensors' retrieved from /usr/local/lib/python3.8/site-packages/airflow/example_dags/example_sensors.py
[2024-03-12T10:16:03.059+0200] {logging_mixin.py:188} INFO - [2024-03-12T10:16:03.059+0200] {dag.py:3047} INFO - Sync 1 DAGs
[2024-03-12T10:16:03.068+0200] {logging_mixin.py:188} INFO - [2024-03-12T10:16:03.068+0200] {dag.py:3834} INFO - Setting next_dagrun for example_sensors to None, run_after=None
[2024-03-12T10:16:03.084+0200] {processor.py:183} INFO - Processing /usr/local/lib/python3.8/site-packages/airflow/example_dags/example_sensors.py took 0.174 seconds
[2024-03-12T10:29:13.313+0200] {processor.py:161} INFO - Started process (PID=4204) to work on /usr/local/lib/python3.8/site-packages/airflow/example_dags/example_sensors.py
[2024-03-12T10:29:13.314+0200] {processor.py:830} INFO - Processing file /usr/local/lib/python3.8/site-packages/airflow/example_dags/example_sensors.py for tasks to queue
[2024-03-12T10:29:13.315+0200] {logging_mixin.py:188} INFO - [2024-03-12T10:29:13.314+0200] {dagbag.py:540} INFO - Filling up the DagBag from /usr/local/lib/python3.8/site-packages/airflow/example_dags/example_sensors.py
[2024-03-12T10:29:13.329+0200] {processor.py:840} INFO - DAG(s) 'example_sensors' retrieved from /usr/local/lib/python3.8/site-packages/airflow/example_dags/example_sensors.py
[2024-03-12T10:29:13.469+0200] {logging_mixin.py:188} INFO - [2024-03-12T10:29:13.469+0200] {dag.py:3047} INFO - Sync 1 DAGs
[2024-03-12T10:29:13.479+0200] {logging_mixin.py:188} INFO - [2024-03-12T10:29:13.479+0200] {dag.py:3834} INFO - Setting next_dagrun for example_sensors to None, run_after=None
[2024-03-12T10:29:13.497+0200] {processor.py:183} INFO - Processing /usr/local/lib/python3.8/site-packages/airflow/example_dags/example_sensors.py took 0.186 seconds
[2024-03-12T10:31:31.539+0200] {processor.py:161} INFO - Started process (PID=4367) to work on /usr/local/lib/python3.8/site-packages/airflow/example_dags/example_sensors.py
[2024-03-12T10:31:31.540+0200] {processor.py:830} INFO - Processing file /usr/local/lib/python3.8/site-packages/airflow/example_dags/example_sensors.py for tasks to queue
[2024-03-12T10:31:31.540+0200] {logging_mixin.py:188} INFO - [2024-03-12T10:31:31.540+0200] {dagbag.py:540} INFO - Filling up the DagBag from /usr/local/lib/python3.8/site-packages/airflow/example_dags/example_sensors.py
[2024-03-12T10:31:31.556+0200] {processor.py:840} INFO - DAG(s) 'example_sensors' retrieved from /usr/local/lib/python3.8/site-packages/airflow/example_dags/example_sensors.py
[2024-03-12T10:31:31.700+0200] {logging_mixin.py:188} INFO - [2024-03-12T10:31:31.700+0200] {dag.py:3047} INFO - Sync 1 DAGs
[2024-03-12T10:31:31.710+0200] {logging_mixin.py:188} INFO - [2024-03-12T10:31:31.710+0200] {dag.py:3834} INFO - Setting next_dagrun for example_sensors to None, run_after=None
[2024-03-12T10:31:31.728+0200] {processor.py:183} INFO - Processing /usr/local/lib/python3.8/site-packages/airflow/example_dags/example_sensors.py took 0.191 seconds
[2024-03-12T10:33:25.409+0200] {processor.py:161} INFO - Started process (PID=4518) to work on /usr/local/lib/python3.8/site-packages/airflow/example_dags/example_sensors.py
[2024-03-12T10:33:25.411+0200] {processor.py:830} INFO - Processing file /usr/local/lib/python3.8/site-packages/airflow/example_dags/example_sensors.py for tasks to queue
[2024-03-12T10:33:25.411+0200] {logging_mixin.py:188} INFO - [2024-03-12T10:33:25.411+0200] {dagbag.py:540} INFO - Filling up the DagBag from /usr/local/lib/python3.8/site-packages/airflow/example_dags/example_sensors.py
[2024-03-12T10:33:25.429+0200] {processor.py:840} INFO - DAG(s) 'example_sensors' retrieved from /usr/local/lib/python3.8/site-packages/airflow/example_dags/example_sensors.py
[2024-03-12T10:33:25.557+0200] {logging_mixin.py:188} INFO - [2024-03-12T10:33:25.557+0200] {dag.py:3047} INFO - Sync 1 DAGs
[2024-03-12T10:33:25.567+0200] {logging_mixin.py:188} INFO - [2024-03-12T10:33:25.567+0200] {dag.py:3834} INFO - Setting next_dagrun for example_sensors to None, run_after=None
[2024-03-12T10:33:25.585+0200] {processor.py:183} INFO - Processing /usr/local/lib/python3.8/site-packages/airflow/example_dags/example_sensors.py took 0.177 seconds
[2024-03-12T10:35:19.447+0200] {processor.py:161} INFO - Started process (PID=4657) to work on /usr/local/lib/python3.8/site-packages/airflow/example_dags/example_sensors.py
[2024-03-12T10:35:19.448+0200] {processor.py:830} INFO - Processing file /usr/local/lib/python3.8/site-packages/airflow/example_dags/example_sensors.py for tasks to queue
[2024-03-12T10:35:19.448+0200] {logging_mixin.py:188} INFO - [2024-03-12T10:35:19.448+0200] {dagbag.py:540} INFO - Filling up the DagBag from /usr/local/lib/python3.8/site-packages/airflow/example_dags/example_sensors.py
[2024-03-12T10:35:19.465+0200] {processor.py:840} INFO - DAG(s) 'example_sensors' retrieved from /usr/local/lib/python3.8/site-packages/airflow/example_dags/example_sensors.py
[2024-03-12T10:35:19.609+0200] {logging_mixin.py:188} INFO - [2024-03-12T10:35:19.609+0200] {dag.py:3047} INFO - Sync 1 DAGs
[2024-03-12T10:35:19.619+0200] {logging_mixin.py:188} INFO - [2024-03-12T10:35:19.619+0200] {dag.py:3834} INFO - Setting next_dagrun for example_sensors to None, run_after=None
[2024-03-12T10:35:19.637+0200] {processor.py:183} INFO - Processing /usr/local/lib/python3.8/site-packages/airflow/example_dags/example_sensors.py took 0.192 seconds
[2024-03-12T10:37:09.567+0200] {processor.py:161} INFO - Started process (PID=4796) to work on /usr/local/lib/python3.8/site-packages/airflow/example_dags/example_sensors.py
[2024-03-12T10:37:09.568+0200] {processor.py:830} INFO - Processing file /usr/local/lib/python3.8/site-packages/airflow/example_dags/example_sensors.py for tasks to queue
[2024-03-12T10:37:09.569+0200] {logging_mixin.py:188} INFO - [2024-03-12T10:37:09.568+0200] {dagbag.py:540} INFO - Filling up the DagBag from /usr/local/lib/python3.8/site-packages/airflow/example_dags/example_sensors.py
[2024-03-12T10:37:09.584+0200] {processor.py:840} INFO - DAG(s) 'example_sensors' retrieved from /usr/local/lib/python3.8/site-packages/airflow/example_dags/example_sensors.py
[2024-03-12T10:37:09.753+0200] {logging_mixin.py:188} INFO - [2024-03-12T10:37:09.753+0200] {dag.py:3047} INFO - Sync 1 DAGs
[2024-03-12T10:37:09.765+0200] {logging_mixin.py:188} INFO - [2024-03-12T10:37:09.765+0200] {dag.py:3834} INFO - Setting next_dagrun for example_sensors to None, run_after=None
[2024-03-12T10:37:09.786+0200] {processor.py:183} INFO - Processing /usr/local/lib/python3.8/site-packages/airflow/example_dags/example_sensors.py took 0.220 seconds
[2024-03-12T10:39:04.891+0200] {processor.py:161} INFO - Started process (PID=4948) to work on /usr/local/lib/python3.8/site-packages/airflow/example_dags/example_sensors.py
[2024-03-12T10:39:04.892+0200] {processor.py:830} INFO - Processing file /usr/local/lib/python3.8/site-packages/airflow/example_dags/example_sensors.py for tasks to queue
[2024-03-12T10:39:04.892+0200] {logging_mixin.py:188} INFO - [2024-03-12T10:39:04.892+0200] {dagbag.py:540} INFO - Filling up the DagBag from /usr/local/lib/python3.8/site-packages/airflow/example_dags/example_sensors.py
[2024-03-12T10:39:04.906+0200] {processor.py:840} INFO - DAG(s) 'example_sensors' retrieved from /usr/local/lib/python3.8/site-packages/airflow/example_dags/example_sensors.py
[2024-03-12T10:39:05.033+0200] {logging_mixin.py:188} INFO - [2024-03-12T10:39:05.033+0200] {dag.py:3047} INFO - Sync 1 DAGs
[2024-03-12T10:39:05.043+0200] {logging_mixin.py:188} INFO - [2024-03-12T10:39:05.043+0200] {dag.py:3834} INFO - Setting next_dagrun for example_sensors to None, run_after=None
[2024-03-12T10:39:05.061+0200] {processor.py:183} INFO - Processing /usr/local/lib/python3.8/site-packages/airflow/example_dags/example_sensors.py took 0.171 seconds
[2024-03-12T10:40:51.938+0200] {processor.py:161} INFO - Started process (PID=5055) to work on /usr/local/lib/python3.8/site-packages/airflow/example_dags/example_sensors.py
[2024-03-12T10:40:51.939+0200] {processor.py:830} INFO - Processing file /usr/local/lib/python3.8/site-packages/airflow/example_dags/example_sensors.py for tasks to queue
[2024-03-12T10:40:51.940+0200] {logging_mixin.py:188} INFO - [2024-03-12T10:40:51.940+0200] {dagbag.py:540} INFO - Filling up the DagBag from /usr/local/lib/python3.8/site-packages/airflow/example_dags/example_sensors.py
[2024-03-12T10:40:51.954+0200] {processor.py:840} INFO - DAG(s) 'example_sensors' retrieved from /usr/local/lib/python3.8/site-packages/airflow/example_dags/example_sensors.py
[2024-03-12T10:40:52.095+0200] {logging_mixin.py:188} INFO - [2024-03-12T10:40:52.094+0200] {dag.py:3047} INFO - Sync 1 DAGs
[2024-03-12T10:40:52.105+0200] {logging_mixin.py:188} INFO - [2024-03-12T10:40:52.105+0200] {dag.py:3834} INFO - Setting next_dagrun for example_sensors to None, run_after=None
[2024-03-12T10:40:52.124+0200] {processor.py:183} INFO - Processing /usr/local/lib/python3.8/site-packages/airflow/example_dags/example_sensors.py took 0.187 seconds
[2024-03-12T10:44:28.061+0200] {processor.py:161} INFO - Started process (PID=5309) to work on /usr/local/lib/python3.8/site-packages/airflow/example_dags/example_sensors.py
[2024-03-12T10:44:28.062+0200] {processor.py:830} INFO - Processing file /usr/local/lib/python3.8/site-packages/airflow/example_dags/example_sensors.py for tasks to queue
[2024-03-12T10:44:28.062+0200] {logging_mixin.py:188} INFO - [2024-03-12T10:44:28.062+0200] {dagbag.py:540} INFO - Filling up the DagBag from /usr/local/lib/python3.8/site-packages/airflow/example_dags/example_sensors.py
[2024-03-12T10:44:28.073+0200] {processor.py:840} INFO - DAG(s) 'example_sensors' retrieved from /usr/local/lib/python3.8/site-packages/airflow/example_dags/example_sensors.py
[2024-03-12T10:44:28.207+0200] {logging_mixin.py:188} INFO - [2024-03-12T10:44:28.206+0200] {dag.py:3047} INFO - Sync 1 DAGs
[2024-03-12T10:44:28.217+0200] {logging_mixin.py:188} INFO - [2024-03-12T10:44:28.217+0200] {dag.py:3834} INFO - Setting next_dagrun for example_sensors to None, run_after=None
[2024-03-12T10:44:28.235+0200] {processor.py:183} INFO - Processing /usr/local/lib/python3.8/site-packages/airflow/example_dags/example_sensors.py took 0.176 seconds
[2024-03-12T10:46:17.228+0200] {processor.py:161} INFO - Started process (PID=5439) to work on /usr/local/lib/python3.8/site-packages/airflow/example_dags/example_sensors.py
[2024-03-12T10:46:17.229+0200] {processor.py:830} INFO - Processing file /usr/local/lib/python3.8/site-packages/airflow/example_dags/example_sensors.py for tasks to queue
[2024-03-12T10:46:17.230+0200] {logging_mixin.py:188} INFO - [2024-03-12T10:46:17.229+0200] {dagbag.py:540} INFO - Filling up the DagBag from /usr/local/lib/python3.8/site-packages/airflow/example_dags/example_sensors.py
[2024-03-12T10:46:17.243+0200] {processor.py:840} INFO - DAG(s) 'example_sensors' retrieved from /usr/local/lib/python3.8/site-packages/airflow/example_dags/example_sensors.py
[2024-03-12T10:46:17.375+0200] {logging_mixin.py:188} INFO - [2024-03-12T10:46:17.375+0200] {dag.py:3047} INFO - Sync 1 DAGs
[2024-03-12T10:46:17.385+0200] {logging_mixin.py:188} INFO - [2024-03-12T10:46:17.385+0200] {dag.py:3834} INFO - Setting next_dagrun for example_sensors to None, run_after=None
[2024-03-12T10:46:17.403+0200] {processor.py:183} INFO - Processing /usr/local/lib/python3.8/site-packages/airflow/example_dags/example_sensors.py took 0.176 seconds
[2024-03-12T10:48:07.481+0200] {processor.py:161} INFO - Started process (PID=5566) to work on /usr/local/lib/python3.8/site-packages/airflow/example_dags/example_sensors.py
[2024-03-12T10:48:07.483+0200] {processor.py:830} INFO - Processing file /usr/local/lib/python3.8/site-packages/airflow/example_dags/example_sensors.py for tasks to queue
[2024-03-12T10:48:07.483+0200] {logging_mixin.py:188} INFO - [2024-03-12T10:48:07.483+0200] {dagbag.py:540} INFO - Filling up the DagBag from /usr/local/lib/python3.8/site-packages/airflow/example_dags/example_sensors.py
[2024-03-12T10:48:07.498+0200] {processor.py:840} INFO - DAG(s) 'example_sensors' retrieved from /usr/local/lib/python3.8/site-packages/airflow/example_dags/example_sensors.py
[2024-03-12T10:48:07.656+0200] {logging_mixin.py:188} INFO - [2024-03-12T10:48:07.656+0200] {dag.py:3047} INFO - Sync 1 DAGs
[2024-03-12T10:48:07.666+0200] {logging_mixin.py:188} INFO - [2024-03-12T10:48:07.666+0200] {dag.py:3834} INFO - Setting next_dagrun for example_sensors to None, run_after=None
[2024-03-12T10:48:07.684+0200] {processor.py:183} INFO - Processing /usr/local/lib/python3.8/site-packages/airflow/example_dags/example_sensors.py took 0.204 seconds
[2024-03-12T10:50:00.842+0200] {processor.py:161} INFO - Started process (PID=5695) to work on /usr/local/lib/python3.8/site-packages/airflow/example_dags/example_sensors.py
[2024-03-12T10:50:00.843+0200] {processor.py:830} INFO - Processing file /usr/local/lib/python3.8/site-packages/airflow/example_dags/example_sensors.py for tasks to queue
[2024-03-12T10:50:00.844+0200] {logging_mixin.py:188} INFO - [2024-03-12T10:50:00.844+0200] {dagbag.py:540} INFO - Filling up the DagBag from /usr/local/lib/python3.8/site-packages/airflow/example_dags/example_sensors.py
[2024-03-12T10:50:00.859+0200] {processor.py:840} INFO - DAG(s) 'example_sensors' retrieved from /usr/local/lib/python3.8/site-packages/airflow/example_dags/example_sensors.py
[2024-03-12T10:50:01.005+0200] {logging_mixin.py:188} INFO - [2024-03-12T10:50:01.004+0200] {dag.py:3047} INFO - Sync 1 DAGs
[2024-03-12T10:50:01.015+0200] {logging_mixin.py:188} INFO - [2024-03-12T10:50:01.015+0200] {dag.py:3834} INFO - Setting next_dagrun for example_sensors to None, run_after=None
[2024-03-12T10:50:01.035+0200] {processor.py:183} INFO - Processing /usr/local/lib/python3.8/site-packages/airflow/example_dags/example_sensors.py took 0.194 seconds
[2024-03-12T10:51:54.395+0200] {processor.py:161} INFO - Started process (PID=5815) to work on /usr/local/lib/python3.8/site-packages/airflow/example_dags/example_sensors.py
[2024-03-12T10:51:54.396+0200] {processor.py:830} INFO - Processing file /usr/local/lib/python3.8/site-packages/airflow/example_dags/example_sensors.py for tasks to queue
[2024-03-12T10:51:54.396+0200] {logging_mixin.py:188} INFO - [2024-03-12T10:51:54.396+0200] {dagbag.py:540} INFO - Filling up the DagBag from /usr/local/lib/python3.8/site-packages/airflow/example_dags/example_sensors.py
[2024-03-12T10:51:54.412+0200] {processor.py:840} INFO - DAG(s) 'example_sensors' retrieved from /usr/local/lib/python3.8/site-packages/airflow/example_dags/example_sensors.py
[2024-03-12T10:51:54.552+0200] {logging_mixin.py:188} INFO - [2024-03-12T10:51:54.552+0200] {dag.py:3047} INFO - Sync 1 DAGs
[2024-03-12T10:51:54.562+0200] {logging_mixin.py:188} INFO - [2024-03-12T10:51:54.562+0200] {dag.py:3834} INFO - Setting next_dagrun for example_sensors to None, run_after=None
[2024-03-12T10:51:54.581+0200] {processor.py:183} INFO - Processing /usr/local/lib/python3.8/site-packages/airflow/example_dags/example_sensors.py took 0.187 seconds
[2024-03-12T10:53:40.987+0200] {processor.py:161} INFO - Started process (PID=5941) to work on /usr/local/lib/python3.8/site-packages/airflow/example_dags/example_sensors.py
[2024-03-12T10:53:40.988+0200] {processor.py:830} INFO - Processing file /usr/local/lib/python3.8/site-packages/airflow/example_dags/example_sensors.py for tasks to queue
[2024-03-12T10:53:40.988+0200] {logging_mixin.py:188} INFO - [2024-03-12T10:53:40.988+0200] {dagbag.py:540} INFO - Filling up the DagBag from /usr/local/lib/python3.8/site-packages/airflow/example_dags/example_sensors.py
[2024-03-12T10:53:41.003+0200] {processor.py:840} INFO - DAG(s) 'example_sensors' retrieved from /usr/local/lib/python3.8/site-packages/airflow/example_dags/example_sensors.py
[2024-03-12T10:53:41.149+0200] {logging_mixin.py:188} INFO - [2024-03-12T10:53:41.148+0200] {dag.py:3047} INFO - Sync 1 DAGs
[2024-03-12T10:53:41.159+0200] {logging_mixin.py:188} INFO - [2024-03-12T10:53:41.158+0200] {dag.py:3834} INFO - Setting next_dagrun for example_sensors to None, run_after=None
[2024-03-12T10:53:41.177+0200] {processor.py:183} INFO - Processing /usr/local/lib/python3.8/site-packages/airflow/example_dags/example_sensors.py took 0.191 seconds
[2024-03-12T10:55:27.559+0200] {processor.py:161} INFO - Started process (PID=6074) to work on /usr/local/lib/python3.8/site-packages/airflow/example_dags/example_sensors.py
[2024-03-12T10:55:27.560+0200] {processor.py:830} INFO - Processing file /usr/local/lib/python3.8/site-packages/airflow/example_dags/example_sensors.py for tasks to queue
[2024-03-12T10:55:27.561+0200] {logging_mixin.py:188} INFO - [2024-03-12T10:55:27.561+0200] {dagbag.py:540} INFO - Filling up the DagBag from /usr/local/lib/python3.8/site-packages/airflow/example_dags/example_sensors.py
[2024-03-12T10:55:27.576+0200] {processor.py:840} INFO - DAG(s) 'example_sensors' retrieved from /usr/local/lib/python3.8/site-packages/airflow/example_dags/example_sensors.py
[2024-03-12T10:55:27.718+0200] {logging_mixin.py:188} INFO - [2024-03-12T10:55:27.718+0200] {dag.py:3047} INFO - Sync 1 DAGs
[2024-03-12T10:55:27.728+0200] {logging_mixin.py:188} INFO - [2024-03-12T10:55:27.728+0200] {dag.py:3834} INFO - Setting next_dagrun for example_sensors to None, run_after=None
[2024-03-12T10:55:27.745+0200] {processor.py:183} INFO - Processing /usr/local/lib/python3.8/site-packages/airflow/example_dags/example_sensors.py took 0.187 seconds
[2024-03-12T10:57:19.999+0200] {processor.py:161} INFO - Started process (PID=6208) to work on /usr/local/lib/python3.8/site-packages/airflow/example_dags/example_sensors.py
[2024-03-12T10:57:20.001+0200] {processor.py:830} INFO - Processing file /usr/local/lib/python3.8/site-packages/airflow/example_dags/example_sensors.py for tasks to queue
[2024-03-12T10:57:20.002+0200] {logging_mixin.py:188} INFO - [2024-03-12T10:57:20.002+0200] {dagbag.py:540} INFO - Filling up the DagBag from /usr/local/lib/python3.8/site-packages/airflow/example_dags/example_sensors.py
[2024-03-12T10:57:20.029+0200] {processor.py:840} INFO - DAG(s) 'example_sensors' retrieved from /usr/local/lib/python3.8/site-packages/airflow/example_dags/example_sensors.py
[2024-03-12T10:57:20.175+0200] {logging_mixin.py:188} INFO - [2024-03-12T10:57:20.174+0200] {dag.py:3047} INFO - Sync 1 DAGs
[2024-03-12T10:57:20.185+0200] {logging_mixin.py:188} INFO - [2024-03-12T10:57:20.184+0200] {dag.py:3834} INFO - Setting next_dagrun for example_sensors to None, run_after=None
[2024-03-12T10:57:20.204+0200] {processor.py:183} INFO - Processing /usr/local/lib/python3.8/site-packages/airflow/example_dags/example_sensors.py took 0.206 seconds
[2024-03-12T10:59:14.246+0200] {processor.py:161} INFO - Started process (PID=6343) to work on /usr/local/lib/python3.8/site-packages/airflow/example_dags/example_sensors.py
[2024-03-12T10:59:14.247+0200] {processor.py:830} INFO - Processing file /usr/local/lib/python3.8/site-packages/airflow/example_dags/example_sensors.py for tasks to queue
[2024-03-12T10:59:14.247+0200] {logging_mixin.py:188} INFO - [2024-03-12T10:59:14.247+0200] {dagbag.py:540} INFO - Filling up the DagBag from /usr/local/lib/python3.8/site-packages/airflow/example_dags/example_sensors.py
[2024-03-12T10:59:14.258+0200] {processor.py:840} INFO - DAG(s) 'example_sensors' retrieved from /usr/local/lib/python3.8/site-packages/airflow/example_dags/example_sensors.py
[2024-03-12T10:59:14.385+0200] {logging_mixin.py:188} INFO - [2024-03-12T10:59:14.385+0200] {dag.py:3047} INFO - Sync 1 DAGs
[2024-03-12T10:59:14.395+0200] {logging_mixin.py:188} INFO - [2024-03-12T10:59:14.395+0200] {dag.py:3834} INFO - Setting next_dagrun for example_sensors to None, run_after=None
[2024-03-12T10:59:14.414+0200] {processor.py:183} INFO - Processing /usr/local/lib/python3.8/site-packages/airflow/example_dags/example_sensors.py took 0.169 seconds
[2024-03-12T11:01:02.987+0200] {processor.py:161} INFO - Started process (PID=6468) to work on /usr/local/lib/python3.8/site-packages/airflow/example_dags/example_sensors.py
[2024-03-12T11:01:02.988+0200] {processor.py:830} INFO - Processing file /usr/local/lib/python3.8/site-packages/airflow/example_dags/example_sensors.py for tasks to queue
[2024-03-12T11:01:02.989+0200] {logging_mixin.py:188} INFO - [2024-03-12T11:01:02.988+0200] {dagbag.py:540} INFO - Filling up the DagBag from /usr/local/lib/python3.8/site-packages/airflow/example_dags/example_sensors.py
[2024-03-12T11:01:03.003+0200] {processor.py:840} INFO - DAG(s) 'example_sensors' retrieved from /usr/local/lib/python3.8/site-packages/airflow/example_dags/example_sensors.py
[2024-03-12T11:01:03.136+0200] {logging_mixin.py:188} INFO - [2024-03-12T11:01:03.136+0200] {dag.py:3047} INFO - Sync 1 DAGs
[2024-03-12T11:01:03.146+0200] {logging_mixin.py:188} INFO - [2024-03-12T11:01:03.146+0200] {dag.py:3834} INFO - Setting next_dagrun for example_sensors to None, run_after=None
[2024-03-12T11:01:03.165+0200] {processor.py:183} INFO - Processing /usr/local/lib/python3.8/site-packages/airflow/example_dags/example_sensors.py took 0.179 seconds
[2024-03-12T11:04:38.805+0200] {processor.py:161} INFO - Started process (PID=6709) to work on /usr/local/lib/python3.8/site-packages/airflow/example_dags/example_sensors.py
[2024-03-12T11:04:38.806+0200] {processor.py:830} INFO - Processing file /usr/local/lib/python3.8/site-packages/airflow/example_dags/example_sensors.py for tasks to queue
[2024-03-12T11:04:38.807+0200] {logging_mixin.py:188} INFO - [2024-03-12T11:04:38.807+0200] {dagbag.py:540} INFO - Filling up the DagBag from /usr/local/lib/python3.8/site-packages/airflow/example_dags/example_sensors.py
[2024-03-12T11:04:38.822+0200] {processor.py:840} INFO - DAG(s) 'example_sensors' retrieved from /usr/local/lib/python3.8/site-packages/airflow/example_dags/example_sensors.py
[2024-03-12T11:04:38.978+0200] {logging_mixin.py:188} INFO - [2024-03-12T11:04:38.977+0200] {dag.py:3047} INFO - Sync 1 DAGs
[2024-03-12T11:04:38.989+0200] {logging_mixin.py:188} INFO - [2024-03-12T11:04:38.989+0200] {dag.py:3834} INFO - Setting next_dagrun for example_sensors to None, run_after=None
[2024-03-12T11:04:39.007+0200] {processor.py:183} INFO - Processing /usr/local/lib/python3.8/site-packages/airflow/example_dags/example_sensors.py took 0.203 seconds
[2024-03-12T11:06:35.398+0200] {processor.py:161} INFO - Started process (PID=6869) to work on /usr/local/lib/python3.8/site-packages/airflow/example_dags/example_sensors.py
[2024-03-12T11:06:35.400+0200] {processor.py:830} INFO - Processing file /usr/local/lib/python3.8/site-packages/airflow/example_dags/example_sensors.py for tasks to queue
[2024-03-12T11:06:35.401+0200] {logging_mixin.py:188} INFO - [2024-03-12T11:06:35.401+0200] {dagbag.py:540} INFO - Filling up the DagBag from /usr/local/lib/python3.8/site-packages/airflow/example_dags/example_sensors.py
[2024-03-12T11:06:35.419+0200] {processor.py:840} INFO - DAG(s) 'example_sensors' retrieved from /usr/local/lib/python3.8/site-packages/airflow/example_dags/example_sensors.py
[2024-03-12T11:06:35.557+0200] {logging_mixin.py:188} INFO - [2024-03-12T11:06:35.557+0200] {dag.py:3047} INFO - Sync 1 DAGs
[2024-03-12T11:06:35.567+0200] {logging_mixin.py:188} INFO - [2024-03-12T11:06:35.567+0200] {dag.py:3834} INFO - Setting next_dagrun for example_sensors to None, run_after=None
[2024-03-12T11:06:35.585+0200] {processor.py:183} INFO - Processing /usr/local/lib/python3.8/site-packages/airflow/example_dags/example_sensors.py took 0.188 seconds
[2024-03-12T11:08:39.288+0200] {processor.py:161} INFO - Started process (PID=7034) to work on /usr/local/lib/python3.8/site-packages/airflow/example_dags/example_sensors.py
[2024-03-12T11:08:39.290+0200] {processor.py:830} INFO - Processing file /usr/local/lib/python3.8/site-packages/airflow/example_dags/example_sensors.py for tasks to queue
[2024-03-12T11:08:39.291+0200] {logging_mixin.py:188} INFO - [2024-03-12T11:08:39.290+0200] {dagbag.py:540} INFO - Filling up the DagBag from /usr/local/lib/python3.8/site-packages/airflow/example_dags/example_sensors.py
[2024-03-12T11:08:39.309+0200] {processor.py:840} INFO - DAG(s) 'example_sensors' retrieved from /usr/local/lib/python3.8/site-packages/airflow/example_dags/example_sensors.py
[2024-03-12T11:08:39.459+0200] {logging_mixin.py:188} INFO - [2024-03-12T11:08:39.459+0200] {dag.py:3047} INFO - Sync 1 DAGs
[2024-03-12T11:08:39.469+0200] {logging_mixin.py:188} INFO - [2024-03-12T11:08:39.469+0200] {dag.py:3834} INFO - Setting next_dagrun for example_sensors to None, run_after=None
[2024-03-12T11:08:39.487+0200] {processor.py:183} INFO - Processing /usr/local/lib/python3.8/site-packages/airflow/example_dags/example_sensors.py took 0.200 seconds
[2024-03-12T11:10:38.303+0200] {processor.py:161} INFO - Started process (PID=7150) to work on /usr/local/lib/python3.8/site-packages/airflow/example_dags/example_sensors.py
[2024-03-12T11:10:38.304+0200] {processor.py:830} INFO - Processing file /usr/local/lib/python3.8/site-packages/airflow/example_dags/example_sensors.py for tasks to queue
[2024-03-12T11:10:38.305+0200] {logging_mixin.py:188} INFO - [2024-03-12T11:10:38.304+0200] {dagbag.py:540} INFO - Filling up the DagBag from /usr/local/lib/python3.8/site-packages/airflow/example_dags/example_sensors.py
[2024-03-12T11:10:38.321+0200] {processor.py:840} INFO - DAG(s) 'example_sensors' retrieved from /usr/local/lib/python3.8/site-packages/airflow/example_dags/example_sensors.py
[2024-03-12T11:10:38.459+0200] {logging_mixin.py:188} INFO - [2024-03-12T11:10:38.459+0200] {dag.py:3047} INFO - Sync 1 DAGs
[2024-03-12T11:10:38.469+0200] {logging_mixin.py:188} INFO - [2024-03-12T11:10:38.469+0200] {dag.py:3834} INFO - Setting next_dagrun for example_sensors to None, run_after=None
[2024-03-12T11:10:38.488+0200] {processor.py:183} INFO - Processing /usr/local/lib/python3.8/site-packages/airflow/example_dags/example_sensors.py took 0.186 seconds
[2024-03-12T11:12:31.498+0200] {processor.py:161} INFO - Started process (PID=7279) to work on /usr/local/lib/python3.8/site-packages/airflow/example_dags/example_sensors.py
[2024-03-12T11:12:31.499+0200] {processor.py:830} INFO - Processing file /usr/local/lib/python3.8/site-packages/airflow/example_dags/example_sensors.py for tasks to queue
[2024-03-12T11:12:31.499+0200] {logging_mixin.py:188} INFO - [2024-03-12T11:12:31.499+0200] {dagbag.py:540} INFO - Filling up the DagBag from /usr/local/lib/python3.8/site-packages/airflow/example_dags/example_sensors.py
[2024-03-12T11:12:31.514+0200] {processor.py:840} INFO - DAG(s) 'example_sensors' retrieved from /usr/local/lib/python3.8/site-packages/airflow/example_dags/example_sensors.py
[2024-03-12T11:12:31.644+0200] {logging_mixin.py:188} INFO - [2024-03-12T11:12:31.643+0200] {dag.py:3047} INFO - Sync 1 DAGs
[2024-03-12T11:12:31.654+0200] {logging_mixin.py:188} INFO - [2024-03-12T11:12:31.653+0200] {dag.py:3834} INFO - Setting next_dagrun for example_sensors to None, run_after=None
[2024-03-12T11:12:31.671+0200] {processor.py:183} INFO - Processing /usr/local/lib/python3.8/site-packages/airflow/example_dags/example_sensors.py took 0.175 seconds
[2024-03-12T11:14:23.850+0200] {processor.py:161} INFO - Started process (PID=7402) to work on /usr/local/lib/python3.8/site-packages/airflow/example_dags/example_sensors.py
[2024-03-12T11:14:23.852+0200] {processor.py:830} INFO - Processing file /usr/local/lib/python3.8/site-packages/airflow/example_dags/example_sensors.py for tasks to queue
[2024-03-12T11:14:23.852+0200] {logging_mixin.py:188} INFO - [2024-03-12T11:14:23.852+0200] {dagbag.py:540} INFO - Filling up the DagBag from /usr/local/lib/python3.8/site-packages/airflow/example_dags/example_sensors.py
[2024-03-12T11:14:23.869+0200] {processor.py:840} INFO - DAG(s) 'example_sensors' retrieved from /usr/local/lib/python3.8/site-packages/airflow/example_dags/example_sensors.py
[2024-03-12T11:14:24.024+0200] {logging_mixin.py:188} INFO - [2024-03-12T11:14:24.024+0200] {dag.py:3047} INFO - Sync 1 DAGs
[2024-03-12T11:14:24.035+0200] {logging_mixin.py:188} INFO - [2024-03-12T11:14:24.035+0200] {dag.py:3834} INFO - Setting next_dagrun for example_sensors to None, run_after=None
[2024-03-12T11:14:24.054+0200] {processor.py:183} INFO - Processing /usr/local/lib/python3.8/site-packages/airflow/example_dags/example_sensors.py took 0.206 seconds
[2024-03-12T11:16:18.875+0200] {processor.py:161} INFO - Started process (PID=7541) to work on /usr/local/lib/python3.8/site-packages/airflow/example_dags/example_sensors.py
[2024-03-12T11:16:18.877+0200] {processor.py:830} INFO - Processing file /usr/local/lib/python3.8/site-packages/airflow/example_dags/example_sensors.py for tasks to queue
[2024-03-12T11:16:18.877+0200] {logging_mixin.py:188} INFO - [2024-03-12T11:16:18.877+0200] {dagbag.py:540} INFO - Filling up the DagBag from /usr/local/lib/python3.8/site-packages/airflow/example_dags/example_sensors.py
[2024-03-12T11:16:18.894+0200] {processor.py:840} INFO - DAG(s) 'example_sensors' retrieved from /usr/local/lib/python3.8/site-packages/airflow/example_dags/example_sensors.py
[2024-03-12T11:16:19.029+0200] {logging_mixin.py:188} INFO - [2024-03-12T11:16:19.029+0200] {dag.py:3047} INFO - Sync 1 DAGs
[2024-03-12T11:16:19.039+0200] {logging_mixin.py:188} INFO - [2024-03-12T11:16:19.039+0200] {dag.py:3834} INFO - Setting next_dagrun for example_sensors to None, run_after=None
[2024-03-12T11:16:19.057+0200] {processor.py:183} INFO - Processing /usr/local/lib/python3.8/site-packages/airflow/example_dags/example_sensors.py took 0.183 seconds
[2024-03-12T11:18:46.847+0200] {processor.py:161} INFO - Started process (PID=7788) to work on /usr/local/lib/python3.8/site-packages/airflow/example_dags/example_sensors.py
[2024-03-12T11:18:46.848+0200] {processor.py:830} INFO - Processing file /usr/local/lib/python3.8/site-packages/airflow/example_dags/example_sensors.py for tasks to queue
[2024-03-12T11:18:46.849+0200] {logging_mixin.py:188} INFO - [2024-03-12T11:18:46.849+0200] {dagbag.py:540} INFO - Filling up the DagBag from /usr/local/lib/python3.8/site-packages/airflow/example_dags/example_sensors.py
[2024-03-12T11:18:46.862+0200] {processor.py:840} INFO - DAG(s) 'example_sensors' retrieved from /usr/local/lib/python3.8/site-packages/airflow/example_dags/example_sensors.py
[2024-03-12T11:18:46.989+0200] {logging_mixin.py:188} INFO - [2024-03-12T11:18:46.989+0200] {dag.py:3047} INFO - Sync 1 DAGs
[2024-03-12T11:18:46.999+0200] {logging_mixin.py:188} INFO - [2024-03-12T11:18:46.999+0200] {dag.py:3834} INFO - Setting next_dagrun for example_sensors to None, run_after=None
[2024-03-12T11:18:47.017+0200] {processor.py:183} INFO - Processing /usr/local/lib/python3.8/site-packages/airflow/example_dags/example_sensors.py took 0.171 seconds
[2024-03-12T11:21:03.973+0200] {processor.py:161} INFO - Started process (PID=7947) to work on /usr/local/lib/python3.8/site-packages/airflow/example_dags/example_sensors.py
[2024-03-12T11:21:03.974+0200] {processor.py:830} INFO - Processing file /usr/local/lib/python3.8/site-packages/airflow/example_dags/example_sensors.py for tasks to queue
[2024-03-12T11:21:03.975+0200] {logging_mixin.py:188} INFO - [2024-03-12T11:21:03.975+0200] {dagbag.py:540} INFO - Filling up the DagBag from /usr/local/lib/python3.8/site-packages/airflow/example_dags/example_sensors.py
[2024-03-12T11:21:03.991+0200] {processor.py:840} INFO - DAG(s) 'example_sensors' retrieved from /usr/local/lib/python3.8/site-packages/airflow/example_dags/example_sensors.py
[2024-03-12T11:21:04.144+0200] {logging_mixin.py:188} INFO - [2024-03-12T11:21:04.144+0200] {dag.py:3047} INFO - Sync 1 DAGs
[2024-03-12T11:21:04.155+0200] {logging_mixin.py:188} INFO - [2024-03-12T11:21:04.155+0200] {dag.py:3834} INFO - Setting next_dagrun for example_sensors to None, run_after=None
[2024-03-12T11:21:04.174+0200] {processor.py:183} INFO - Processing /usr/local/lib/python3.8/site-packages/airflow/example_dags/example_sensors.py took 0.202 seconds
[2024-03-12T11:22:53.296+0200] {processor.py:161} INFO - Started process (PID=8063) to work on /usr/local/lib/python3.8/site-packages/airflow/example_dags/example_sensors.py
[2024-03-12T11:22:53.297+0200] {processor.py:830} INFO - Processing file /usr/local/lib/python3.8/site-packages/airflow/example_dags/example_sensors.py for tasks to queue
[2024-03-12T11:22:53.297+0200] {logging_mixin.py:188} INFO - [2024-03-12T11:22:53.297+0200] {dagbag.py:540} INFO - Filling up the DagBag from /usr/local/lib/python3.8/site-packages/airflow/example_dags/example_sensors.py
[2024-03-12T11:22:53.313+0200] {processor.py:840} INFO - DAG(s) 'example_sensors' retrieved from /usr/local/lib/python3.8/site-packages/airflow/example_dags/example_sensors.py
[2024-03-12T11:22:53.465+0200] {logging_mixin.py:188} INFO - [2024-03-12T11:22:53.465+0200] {dag.py:3047} INFO - Sync 1 DAGs
[2024-03-12T11:22:53.476+0200] {logging_mixin.py:188} INFO - [2024-03-12T11:22:53.476+0200] {dag.py:3834} INFO - Setting next_dagrun for example_sensors to None, run_after=None
[2024-03-12T11:22:53.496+0200] {processor.py:183} INFO - Processing /usr/local/lib/python3.8/site-packages/airflow/example_dags/example_sensors.py took 0.202 seconds
[2024-03-12T11:24:46.788+0200] {processor.py:161} INFO - Started process (PID=8198) to work on /usr/local/lib/python3.8/site-packages/airflow/example_dags/example_sensors.py
[2024-03-12T11:24:46.789+0200] {processor.py:830} INFO - Processing file /usr/local/lib/python3.8/site-packages/airflow/example_dags/example_sensors.py for tasks to queue
[2024-03-12T11:24:46.790+0200] {logging_mixin.py:188} INFO - [2024-03-12T11:24:46.789+0200] {dagbag.py:540} INFO - Filling up the DagBag from /usr/local/lib/python3.8/site-packages/airflow/example_dags/example_sensors.py
[2024-03-12T11:24:46.804+0200] {processor.py:840} INFO - DAG(s) 'example_sensors' retrieved from /usr/local/lib/python3.8/site-packages/airflow/example_dags/example_sensors.py
[2024-03-12T11:24:46.943+0200] {logging_mixin.py:188} INFO - [2024-03-12T11:24:46.942+0200] {dag.py:3047} INFO - Sync 1 DAGs
[2024-03-12T11:24:46.953+0200] {logging_mixin.py:188} INFO - [2024-03-12T11:24:46.953+0200] {dag.py:3834} INFO - Setting next_dagrun for example_sensors to None, run_after=None
[2024-03-12T11:24:46.971+0200] {processor.py:183} INFO - Processing /usr/local/lib/python3.8/site-packages/airflow/example_dags/example_sensors.py took 0.184 seconds
[2024-03-12T11:26:45.556+0200] {processor.py:161} INFO - Started process (PID=8334) to work on /usr/local/lib/python3.8/site-packages/airflow/example_dags/example_sensors.py
[2024-03-12T11:26:45.557+0200] {processor.py:830} INFO - Processing file /usr/local/lib/python3.8/site-packages/airflow/example_dags/example_sensors.py for tasks to queue
[2024-03-12T11:26:45.557+0200] {logging_mixin.py:188} INFO - [2024-03-12T11:26:45.557+0200] {dagbag.py:540} INFO - Filling up the DagBag from /usr/local/lib/python3.8/site-packages/airflow/example_dags/example_sensors.py
[2024-03-12T11:26:45.570+0200] {processor.py:840} INFO - DAG(s) 'example_sensors' retrieved from /usr/local/lib/python3.8/site-packages/airflow/example_dags/example_sensors.py
[2024-03-12T11:26:45.697+0200] {logging_mixin.py:188} INFO - [2024-03-12T11:26:45.697+0200] {dag.py:3047} INFO - Sync 1 DAGs
[2024-03-12T11:26:45.707+0200] {logging_mixin.py:188} INFO - [2024-03-12T11:26:45.707+0200] {dag.py:3834} INFO - Setting next_dagrun for example_sensors to None, run_after=None
[2024-03-12T11:26:45.724+0200] {processor.py:183} INFO - Processing /usr/local/lib/python3.8/site-packages/airflow/example_dags/example_sensors.py took 0.169 seconds
[2024-03-12T11:28:40.797+0200] {processor.py:161} INFO - Started process (PID=8693) to work on /usr/local/lib/python3.8/site-packages/airflow/example_dags/example_sensors.py
[2024-03-12T11:28:40.798+0200] {processor.py:830} INFO - Processing file /usr/local/lib/python3.8/site-packages/airflow/example_dags/example_sensors.py for tasks to queue
[2024-03-12T11:28:40.799+0200] {logging_mixin.py:188} INFO - [2024-03-12T11:28:40.799+0200] {dagbag.py:540} INFO - Filling up the DagBag from /usr/local/lib/python3.8/site-packages/airflow/example_dags/example_sensors.py
[2024-03-12T11:28:40.815+0200] {processor.py:840} INFO - DAG(s) 'example_sensors' retrieved from /usr/local/lib/python3.8/site-packages/airflow/example_dags/example_sensors.py
[2024-03-12T11:28:40.951+0200] {logging_mixin.py:188} INFO - [2024-03-12T11:28:40.950+0200] {dag.py:3047} INFO - Sync 1 DAGs
[2024-03-12T11:28:40.961+0200] {logging_mixin.py:188} INFO - [2024-03-12T11:28:40.960+0200] {dag.py:3834} INFO - Setting next_dagrun for example_sensors to None, run_after=None
[2024-03-12T11:28:40.978+0200] {processor.py:183} INFO - Processing /usr/local/lib/python3.8/site-packages/airflow/example_dags/example_sensors.py took 0.183 seconds
[2024-03-12T11:30:36.780+0200] {processor.py:161} INFO - Started process (PID=8831) to work on /usr/local/lib/python3.8/site-packages/airflow/example_dags/example_sensors.py
[2024-03-12T11:30:36.782+0200] {processor.py:830} INFO - Processing file /usr/local/lib/python3.8/site-packages/airflow/example_dags/example_sensors.py for tasks to queue
[2024-03-12T11:30:36.782+0200] {logging_mixin.py:188} INFO - [2024-03-12T11:30:36.782+0200] {dagbag.py:540} INFO - Filling up the DagBag from /usr/local/lib/python3.8/site-packages/airflow/example_dags/example_sensors.py
[2024-03-12T11:30:36.799+0200] {processor.py:840} INFO - DAG(s) 'example_sensors' retrieved from /usr/local/lib/python3.8/site-packages/airflow/example_dags/example_sensors.py
[2024-03-12T11:30:36.932+0200] {logging_mixin.py:188} INFO - [2024-03-12T11:30:36.932+0200] {dag.py:3047} INFO - Sync 1 DAGs
[2024-03-12T11:30:36.942+0200] {logging_mixin.py:188} INFO - [2024-03-12T11:30:36.941+0200] {dag.py:3834} INFO - Setting next_dagrun for example_sensors to None, run_after=None
[2024-03-12T11:30:36.959+0200] {processor.py:183} INFO - Processing /usr/local/lib/python3.8/site-packages/airflow/example_dags/example_sensors.py took 0.180 seconds
[2024-03-12T11:32:33.522+0200] {processor.py:161} INFO - Started process (PID=8979) to work on /usr/local/lib/python3.8/site-packages/airflow/example_dags/example_sensors.py
[2024-03-12T11:32:33.524+0200] {processor.py:830} INFO - Processing file /usr/local/lib/python3.8/site-packages/airflow/example_dags/example_sensors.py for tasks to queue
[2024-03-12T11:32:33.525+0200] {logging_mixin.py:188} INFO - [2024-03-12T11:32:33.525+0200] {dagbag.py:540} INFO - Filling up the DagBag from /usr/local/lib/python3.8/site-packages/airflow/example_dags/example_sensors.py
[2024-03-12T11:32:33.546+0200] {processor.py:840} INFO - DAG(s) 'example_sensors' retrieved from /usr/local/lib/python3.8/site-packages/airflow/example_dags/example_sensors.py
[2024-03-12T11:32:33.687+0200] {logging_mixin.py:188} INFO - [2024-03-12T11:32:33.686+0200] {dag.py:3047} INFO - Sync 1 DAGs
[2024-03-12T11:32:33.697+0200] {logging_mixin.py:188} INFO - [2024-03-12T11:32:33.696+0200] {dag.py:3834} INFO - Setting next_dagrun for example_sensors to None, run_after=None
[2024-03-12T11:32:33.714+0200] {processor.py:183} INFO - Processing /usr/local/lib/python3.8/site-packages/airflow/example_dags/example_sensors.py took 0.192 seconds
[2024-03-12T11:34:25.809+0200] {processor.py:161} INFO - Started process (PID=9105) to work on /usr/local/lib/python3.8/site-packages/airflow/example_dags/example_sensors.py
[2024-03-12T11:34:25.811+0200] {processor.py:830} INFO - Processing file /usr/local/lib/python3.8/site-packages/airflow/example_dags/example_sensors.py for tasks to queue
[2024-03-12T11:34:25.811+0200] {logging_mixin.py:188} INFO - [2024-03-12T11:34:25.811+0200] {dagbag.py:540} INFO - Filling up the DagBag from /usr/local/lib/python3.8/site-packages/airflow/example_dags/example_sensors.py
[2024-03-12T11:34:25.829+0200] {processor.py:840} INFO - DAG(s) 'example_sensors' retrieved from /usr/local/lib/python3.8/site-packages/airflow/example_dags/example_sensors.py
[2024-03-12T11:34:25.999+0200] {logging_mixin.py:188} INFO - [2024-03-12T11:34:25.998+0200] {dag.py:3047} INFO - Sync 1 DAGs
[2024-03-12T11:34:26.011+0200] {logging_mixin.py:188} INFO - [2024-03-12T11:34:26.011+0200] {dag.py:3834} INFO - Setting next_dagrun for example_sensors to None, run_after=None
[2024-03-12T11:34:26.031+0200] {processor.py:183} INFO - Processing /usr/local/lib/python3.8/site-packages/airflow/example_dags/example_sensors.py took 0.223 seconds
[2024-03-12T11:36:21.847+0200] {processor.py:161} INFO - Started process (PID=9260) to work on /usr/local/lib/python3.8/site-packages/airflow/example_dags/example_sensors.py
[2024-03-12T11:36:21.849+0200] {processor.py:830} INFO - Processing file /usr/local/lib/python3.8/site-packages/airflow/example_dags/example_sensors.py for tasks to queue
[2024-03-12T11:36:21.850+0200] {logging_mixin.py:188} INFO - [2024-03-12T11:36:21.850+0200] {dagbag.py:540} INFO - Filling up the DagBag from /usr/local/lib/python3.8/site-packages/airflow/example_dags/example_sensors.py
[2024-03-12T11:36:21.869+0200] {processor.py:840} INFO - DAG(s) 'example_sensors' retrieved from /usr/local/lib/python3.8/site-packages/airflow/example_dags/example_sensors.py
[2024-03-12T11:36:22.015+0200] {logging_mixin.py:188} INFO - [2024-03-12T11:36:22.014+0200] {dag.py:3047} INFO - Sync 1 DAGs
[2024-03-12T11:36:22.025+0200] {logging_mixin.py:188} INFO - [2024-03-12T11:36:22.025+0200] {dag.py:3834} INFO - Setting next_dagrun for example_sensors to None, run_after=None
[2024-03-12T11:36:22.045+0200] {processor.py:183} INFO - Processing /usr/local/lib/python3.8/site-packages/airflow/example_dags/example_sensors.py took 0.199 seconds
[2024-03-12T11:38:17.464+0200] {processor.py:161} INFO - Started process (PID=9394) to work on /usr/local/lib/python3.8/site-packages/airflow/example_dags/example_sensors.py
[2024-03-12T11:38:17.466+0200] {processor.py:830} INFO - Processing file /usr/local/lib/python3.8/site-packages/airflow/example_dags/example_sensors.py for tasks to queue
[2024-03-12T11:38:17.467+0200] {logging_mixin.py:188} INFO - [2024-03-12T11:38:17.467+0200] {dagbag.py:540} INFO - Filling up the DagBag from /usr/local/lib/python3.8/site-packages/airflow/example_dags/example_sensors.py
[2024-03-12T11:38:17.482+0200] {processor.py:840} INFO - DAG(s) 'example_sensors' retrieved from /usr/local/lib/python3.8/site-packages/airflow/example_dags/example_sensors.py
[2024-03-12T11:38:17.607+0200] {logging_mixin.py:188} INFO - [2024-03-12T11:38:17.607+0200] {dag.py:3047} INFO - Sync 1 DAGs
[2024-03-12T11:38:17.617+0200] {logging_mixin.py:188} INFO - [2024-03-12T11:38:17.617+0200] {dag.py:3834} INFO - Setting next_dagrun for example_sensors to None, run_after=None
[2024-03-12T11:38:17.634+0200] {processor.py:183} INFO - Processing /usr/local/lib/python3.8/site-packages/airflow/example_dags/example_sensors.py took 0.172 seconds
[2024-03-12T11:39:57.574+0200] {processor.py:161} INFO - Started process (PID=9518) to work on /usr/local/lib/python3.8/site-packages/airflow/example_dags/example_sensors.py
[2024-03-12T11:39:57.575+0200] {processor.py:830} INFO - Processing file /usr/local/lib/python3.8/site-packages/airflow/example_dags/example_sensors.py for tasks to queue
[2024-03-12T11:39:57.575+0200] {logging_mixin.py:188} INFO - [2024-03-12T11:39:57.575+0200] {dagbag.py:540} INFO - Filling up the DagBag from /usr/local/lib/python3.8/site-packages/airflow/example_dags/example_sensors.py
[2024-03-12T11:39:57.586+0200] {processor.py:840} INFO - DAG(s) 'example_sensors' retrieved from /usr/local/lib/python3.8/site-packages/airflow/example_dags/example_sensors.py
[2024-03-12T11:39:57.710+0200] {logging_mixin.py:188} INFO - [2024-03-12T11:39:57.710+0200] {dag.py:3047} INFO - Sync 1 DAGs
[2024-03-12T11:39:57.720+0200] {logging_mixin.py:188} INFO - [2024-03-12T11:39:57.720+0200] {dag.py:3834} INFO - Setting next_dagrun for example_sensors to None, run_after=None
[2024-03-12T11:39:57.740+0200] {processor.py:183} INFO - Processing /usr/local/lib/python3.8/site-packages/airflow/example_dags/example_sensors.py took 0.167 seconds
[2024-03-12T11:43:02.696+0200] {processor.py:161} INFO - Started process (PID=9725) to work on /usr/local/lib/python3.8/site-packages/airflow/example_dags/example_sensors.py
[2024-03-12T11:43:02.697+0200] {processor.py:830} INFO - Processing file /usr/local/lib/python3.8/site-packages/airflow/example_dags/example_sensors.py for tasks to queue
[2024-03-12T11:43:02.697+0200] {logging_mixin.py:188} INFO - [2024-03-12T11:43:02.697+0200] {dagbag.py:540} INFO - Filling up the DagBag from /usr/local/lib/python3.8/site-packages/airflow/example_dags/example_sensors.py
[2024-03-12T11:43:02.709+0200] {processor.py:840} INFO - DAG(s) 'example_sensors' retrieved from /usr/local/lib/python3.8/site-packages/airflow/example_dags/example_sensors.py
[2024-03-12T11:43:02.836+0200] {logging_mixin.py:188} INFO - [2024-03-12T11:43:02.835+0200] {dag.py:3047} INFO - Sync 1 DAGs
[2024-03-12T11:43:02.846+0200] {logging_mixin.py:188} INFO - [2024-03-12T11:43:02.845+0200] {dag.py:3834} INFO - Setting next_dagrun for example_sensors to None, run_after=None
[2024-03-12T11:43:02.862+0200] {processor.py:183} INFO - Processing /usr/local/lib/python3.8/site-packages/airflow/example_dags/example_sensors.py took 0.168 seconds
[2024-03-12T11:46:16.662+0200] {processor.py:161} INFO - Started process (PID=9963) to work on /usr/local/lib/python3.8/site-packages/airflow/example_dags/example_sensors.py
[2024-03-12T11:46:16.663+0200] {processor.py:830} INFO - Processing file /usr/local/lib/python3.8/site-packages/airflow/example_dags/example_sensors.py for tasks to queue
[2024-03-12T11:46:16.664+0200] {logging_mixin.py:188} INFO - [2024-03-12T11:46:16.664+0200] {dagbag.py:540} INFO - Filling up the DagBag from /usr/local/lib/python3.8/site-packages/airflow/example_dags/example_sensors.py
[2024-03-12T11:46:16.683+0200] {processor.py:840} INFO - DAG(s) 'example_sensors' retrieved from /usr/local/lib/python3.8/site-packages/airflow/example_dags/example_sensors.py
[2024-03-12T11:46:16.819+0200] {logging_mixin.py:188} INFO - [2024-03-12T11:46:16.819+0200] {dag.py:3047} INFO - Sync 1 DAGs
[2024-03-12T11:46:16.829+0200] {logging_mixin.py:188} INFO - [2024-03-12T11:46:16.829+0200] {dag.py:3834} INFO - Setting next_dagrun for example_sensors to None, run_after=None
[2024-03-12T11:46:16.850+0200] {processor.py:183} INFO - Processing /usr/local/lib/python3.8/site-packages/airflow/example_dags/example_sensors.py took 0.190 seconds
[2024-03-12T12:22:26.809+0200] {processor.py:161} INFO - Started process (PID=10279) to work on /usr/local/lib/python3.8/site-packages/airflow/example_dags/example_sensors.py
[2024-03-12T12:22:26.810+0200] {processor.py:830} INFO - Processing file /usr/local/lib/python3.8/site-packages/airflow/example_dags/example_sensors.py for tasks to queue
[2024-03-12T12:22:26.811+0200] {logging_mixin.py:188} INFO - [2024-03-12T12:22:26.811+0200] {dagbag.py:540} INFO - Filling up the DagBag from /usr/local/lib/python3.8/site-packages/airflow/example_dags/example_sensors.py
[2024-03-12T12:22:26.827+0200] {processor.py:840} INFO - DAG(s) 'example_sensors' retrieved from /usr/local/lib/python3.8/site-packages/airflow/example_dags/example_sensors.py
[2024-03-12T12:22:26.964+0200] {logging_mixin.py:188} INFO - [2024-03-12T12:22:26.963+0200] {dag.py:3047} INFO - Sync 1 DAGs
[2024-03-12T12:22:26.973+0200] {logging_mixin.py:188} INFO - [2024-03-12T12:22:26.973+0200] {dag.py:3834} INFO - Setting next_dagrun for example_sensors to None, run_after=None
[2024-03-12T12:22:26.991+0200] {processor.py:183} INFO - Processing /usr/local/lib/python3.8/site-packages/airflow/example_dags/example_sensors.py took 0.183 seconds
[2024-03-12T12:24:25.210+0200] {processor.py:161} INFO - Started process (PID=10404) to work on /usr/local/lib/python3.8/site-packages/airflow/example_dags/example_sensors.py
[2024-03-12T12:24:25.211+0200] {processor.py:830} INFO - Processing file /usr/local/lib/python3.8/site-packages/airflow/example_dags/example_sensors.py for tasks to queue
[2024-03-12T12:24:25.211+0200] {logging_mixin.py:188} INFO - [2024-03-12T12:24:25.211+0200] {dagbag.py:540} INFO - Filling up the DagBag from /usr/local/lib/python3.8/site-packages/airflow/example_dags/example_sensors.py
[2024-03-12T12:24:25.223+0200] {processor.py:840} INFO - DAG(s) 'example_sensors' retrieved from /usr/local/lib/python3.8/site-packages/airflow/example_dags/example_sensors.py
[2024-03-12T12:24:25.349+0200] {logging_mixin.py:188} INFO - [2024-03-12T12:24:25.349+0200] {dag.py:3047} INFO - Sync 1 DAGs
[2024-03-12T12:24:25.359+0200] {logging_mixin.py:188} INFO - [2024-03-12T12:24:25.359+0200] {dag.py:3834} INFO - Setting next_dagrun for example_sensors to None, run_after=None
[2024-03-12T12:24:25.377+0200] {processor.py:183} INFO - Processing /usr/local/lib/python3.8/site-packages/airflow/example_dags/example_sensors.py took 0.168 seconds
[2024-03-12T12:27:41.713+0200] {processor.py:161} INFO - Started process (PID=10630) to work on /usr/local/lib/python3.8/site-packages/airflow/example_dags/example_sensors.py
[2024-03-12T12:27:41.714+0200] {processor.py:830} INFO - Processing file /usr/local/lib/python3.8/site-packages/airflow/example_dags/example_sensors.py for tasks to queue
[2024-03-12T12:27:41.715+0200] {logging_mixin.py:188} INFO - [2024-03-12T12:27:41.715+0200] {dagbag.py:540} INFO - Filling up the DagBag from /usr/local/lib/python3.8/site-packages/airflow/example_dags/example_sensors.py
[2024-03-12T12:27:41.729+0200] {processor.py:840} INFO - DAG(s) 'example_sensors' retrieved from /usr/local/lib/python3.8/site-packages/airflow/example_dags/example_sensors.py
[2024-03-12T12:27:41.895+0200] {logging_mixin.py:188} INFO - [2024-03-12T12:27:41.894+0200] {dag.py:3047} INFO - Sync 1 DAGs
[2024-03-12T12:27:41.906+0200] {logging_mixin.py:188} INFO - [2024-03-12T12:27:41.906+0200] {dag.py:3834} INFO - Setting next_dagrun for example_sensors to None, run_after=None
[2024-03-12T12:27:41.925+0200] {processor.py:183} INFO - Processing /usr/local/lib/python3.8/site-packages/airflow/example_dags/example_sensors.py took 0.214 seconds
