[2024-03-12T10:11:31.746+0200] {processor.py:161} INFO - Started process (PID=3372) to work on /usr/local/lib/python3.8/site-packages/airflow/example_dags/example_short_circuit_operator.py
[2024-03-12T10:11:31.747+0200] {processor.py:830} INFO - Processing file /usr/local/lib/python3.8/site-packages/airflow/example_dags/example_short_circuit_operator.py for tasks to queue
[2024-03-12T10:11:31.747+0200] {logging_mixin.py:188} INFO - [2024-03-12T10:11:31.747+0200] {dagbag.py:540} INFO - Filling up the DagBag from /usr/local/lib/python3.8/site-packages/airflow/example_dags/example_short_circuit_operator.py
[2024-03-12T10:11:31.771+0200] {processor.py:840} INFO - DAG(s) 'example_short_circuit_operator' retrieved from /usr/local/lib/python3.8/site-packages/airflow/example_dags/example_short_circuit_operator.py
[2024-03-12T10:11:31.967+0200] {logging_mixin.py:188} INFO - [2024-03-12T10:11:31.966+0200] {dag.py:3047} INFO - Sync 1 DAGs
[2024-03-12T10:11:31.979+0200] {logging_mixin.py:188} INFO - [2024-03-12T10:11:31.979+0200] {dag.py:3834} INFO - Setting next_dagrun for example_short_circuit_operator to 2024-03-11 00:00:00+00:00, run_after=2024-03-12 00:00:00+00:00
[2024-03-12T10:11:31.994+0200] {processor.py:183} INFO - Processing /usr/local/lib/python3.8/site-packages/airflow/example_dags/example_short_circuit_operator.py took 0.249 seconds
[2024-03-12T10:14:03.449+0200] {processor.py:161} INFO - Started process (PID=3567) to work on /usr/local/lib/python3.8/site-packages/airflow/example_dags/example_short_circuit_operator.py
[2024-03-12T10:14:03.451+0200] {processor.py:830} INFO - Processing file /usr/local/lib/python3.8/site-packages/airflow/example_dags/example_short_circuit_operator.py for tasks to queue
[2024-03-12T10:14:03.452+0200] {logging_mixin.py:188} INFO - [2024-03-12T10:14:03.452+0200] {dagbag.py:540} INFO - Filling up the DagBag from /usr/local/lib/python3.8/site-packages/airflow/example_dags/example_short_circuit_operator.py
[2024-03-12T10:14:03.478+0200] {processor.py:840} INFO - DAG(s) 'example_short_circuit_operator' retrieved from /usr/local/lib/python3.8/site-packages/airflow/example_dags/example_short_circuit_operator.py
[2024-03-12T10:14:03.608+0200] {logging_mixin.py:188} INFO - [2024-03-12T10:14:03.608+0200] {dag.py:3047} INFO - Sync 1 DAGs
[2024-03-12T10:14:03.626+0200] {logging_mixin.py:188} INFO - [2024-03-12T10:14:03.626+0200] {dag.py:3834} INFO - Setting next_dagrun for example_short_circuit_operator to 2024-03-11 00:00:00+00:00, run_after=2024-03-12 00:00:00+00:00
[2024-03-12T10:14:03.644+0200] {processor.py:183} INFO - Processing /usr/local/lib/python3.8/site-packages/airflow/example_dags/example_short_circuit_operator.py took 0.196 seconds
[2024-03-12T10:15:54.861+0200] {processor.py:161} INFO - Started process (PID=3680) to work on /usr/local/lib/python3.8/site-packages/airflow/example_dags/example_short_circuit_operator.py
[2024-03-12T10:15:54.863+0200] {processor.py:830} INFO - Processing file /usr/local/lib/python3.8/site-packages/airflow/example_dags/example_short_circuit_operator.py for tasks to queue
[2024-03-12T10:15:54.864+0200] {logging_mixin.py:188} INFO - [2024-03-12T10:15:54.863+0200] {dagbag.py:540} INFO - Filling up the DagBag from /usr/local/lib/python3.8/site-packages/airflow/example_dags/example_short_circuit_operator.py
[2024-03-12T10:15:54.889+0200] {processor.py:840} INFO - DAG(s) 'example_short_circuit_operator' retrieved from /usr/local/lib/python3.8/site-packages/airflow/example_dags/example_short_circuit_operator.py
[2024-03-12T10:15:55.011+0200] {logging_mixin.py:188} INFO - [2024-03-12T10:15:55.010+0200] {dag.py:3047} INFO - Sync 1 DAGs
[2024-03-12T10:15:55.027+0200] {logging_mixin.py:188} INFO - [2024-03-12T10:15:55.027+0200] {dag.py:3834} INFO - Setting next_dagrun for example_short_circuit_operator to 2024-03-11 00:00:00+00:00, run_after=2024-03-12 00:00:00+00:00
[2024-03-12T10:15:55.043+0200] {processor.py:183} INFO - Processing /usr/local/lib/python3.8/site-packages/airflow/example_dags/example_short_circuit_operator.py took 0.183 seconds
[2024-03-12T10:17:37.716+0200] {processor.py:161} INFO - Started process (PID=3797) to work on /usr/local/lib/python3.8/site-packages/airflow/example_dags/example_short_circuit_operator.py
[2024-03-12T10:17:37.718+0200] {processor.py:830} INFO - Processing file /usr/local/lib/python3.8/site-packages/airflow/example_dags/example_short_circuit_operator.py for tasks to queue
[2024-03-12T10:17:37.719+0200] {logging_mixin.py:188} INFO - [2024-03-12T10:17:37.719+0200] {dagbag.py:540} INFO - Filling up the DagBag from /usr/local/lib/python3.8/site-packages/airflow/example_dags/example_short_circuit_operator.py
[2024-03-12T10:17:37.746+0200] {processor.py:840} INFO - DAG(s) 'example_short_circuit_operator' retrieved from /usr/local/lib/python3.8/site-packages/airflow/example_dags/example_short_circuit_operator.py
[2024-03-12T10:17:37.914+0200] {logging_mixin.py:188} INFO - [2024-03-12T10:17:37.913+0200] {dag.py:3047} INFO - Sync 1 DAGs
[2024-03-12T10:17:37.933+0200] {logging_mixin.py:188} INFO - [2024-03-12T10:17:37.932+0200] {dag.py:3834} INFO - Setting next_dagrun for example_short_circuit_operator to 2024-03-11 00:00:00+00:00, run_after=2024-03-12 00:00:00+00:00
[2024-03-12T10:17:37.951+0200] {processor.py:183} INFO - Processing /usr/local/lib/python3.8/site-packages/airflow/example_dags/example_short_circuit_operator.py took 0.236 seconds
[2024-03-12T10:29:02.875+0200] {processor.py:161} INFO - Started process (PID=4190) to work on /usr/local/lib/python3.8/site-packages/airflow/example_dags/example_short_circuit_operator.py
[2024-03-12T10:29:02.877+0200] {processor.py:830} INFO - Processing file /usr/local/lib/python3.8/site-packages/airflow/example_dags/example_short_circuit_operator.py for tasks to queue
[2024-03-12T10:29:02.878+0200] {logging_mixin.py:188} INFO - [2024-03-12T10:29:02.877+0200] {dagbag.py:540} INFO - Filling up the DagBag from /usr/local/lib/python3.8/site-packages/airflow/example_dags/example_short_circuit_operator.py
[2024-03-12T10:29:02.903+0200] {processor.py:840} INFO - DAG(s) 'example_short_circuit_operator' retrieved from /usr/local/lib/python3.8/site-packages/airflow/example_dags/example_short_circuit_operator.py
[2024-03-12T10:29:03.037+0200] {logging_mixin.py:188} INFO - [2024-03-12T10:29:03.036+0200] {dag.py:3047} INFO - Sync 1 DAGs
[2024-03-12T10:29:03.054+0200] {logging_mixin.py:188} INFO - [2024-03-12T10:29:03.054+0200] {dag.py:3834} INFO - Setting next_dagrun for example_short_circuit_operator to 2024-03-11 00:00:00+00:00, run_after=2024-03-12 00:00:00+00:00
[2024-03-12T10:29:03.071+0200] {processor.py:183} INFO - Processing /usr/local/lib/python3.8/site-packages/airflow/example_dags/example_short_circuit_operator.py took 0.197 seconds
[2024-03-12T10:31:21.017+0200] {processor.py:161} INFO - Started process (PID=4357) to work on /usr/local/lib/python3.8/site-packages/airflow/example_dags/example_short_circuit_operator.py
[2024-03-12T10:31:21.018+0200] {processor.py:830} INFO - Processing file /usr/local/lib/python3.8/site-packages/airflow/example_dags/example_short_circuit_operator.py for tasks to queue
[2024-03-12T10:31:21.019+0200] {logging_mixin.py:188} INFO - [2024-03-12T10:31:21.019+0200] {dagbag.py:540} INFO - Filling up the DagBag from /usr/local/lib/python3.8/site-packages/airflow/example_dags/example_short_circuit_operator.py
[2024-03-12T10:31:21.039+0200] {processor.py:840} INFO - DAG(s) 'example_short_circuit_operator' retrieved from /usr/local/lib/python3.8/site-packages/airflow/example_dags/example_short_circuit_operator.py
[2024-03-12T10:31:21.161+0200] {logging_mixin.py:188} INFO - [2024-03-12T10:31:21.161+0200] {dag.py:3047} INFO - Sync 1 DAGs
[2024-03-12T10:31:21.178+0200] {logging_mixin.py:188} INFO - [2024-03-12T10:31:21.178+0200] {dag.py:3834} INFO - Setting next_dagrun for example_short_circuit_operator to 2024-03-11 00:00:00+00:00, run_after=2024-03-12 00:00:00+00:00
[2024-03-12T10:31:21.196+0200] {processor.py:183} INFO - Processing /usr/local/lib/python3.8/site-packages/airflow/example_dags/example_short_circuit_operator.py took 0.180 seconds
[2024-03-12T10:33:15.387+0200] {processor.py:161} INFO - Started process (PID=4509) to work on /usr/local/lib/python3.8/site-packages/airflow/example_dags/example_short_circuit_operator.py
[2024-03-12T10:33:15.388+0200] {processor.py:830} INFO - Processing file /usr/local/lib/python3.8/site-packages/airflow/example_dags/example_short_circuit_operator.py for tasks to queue
[2024-03-12T10:33:15.389+0200] {logging_mixin.py:188} INFO - [2024-03-12T10:33:15.389+0200] {dagbag.py:540} INFO - Filling up the DagBag from /usr/local/lib/python3.8/site-packages/airflow/example_dags/example_short_circuit_operator.py
[2024-03-12T10:33:15.420+0200] {processor.py:840} INFO - DAG(s) 'example_short_circuit_operator' retrieved from /usr/local/lib/python3.8/site-packages/airflow/example_dags/example_short_circuit_operator.py
[2024-03-12T10:33:15.569+0200] {logging_mixin.py:188} INFO - [2024-03-12T10:33:15.568+0200] {dag.py:3047} INFO - Sync 1 DAGs
[2024-03-12T10:33:15.586+0200] {logging_mixin.py:188} INFO - [2024-03-12T10:33:15.585+0200] {dag.py:3834} INFO - Setting next_dagrun for example_short_circuit_operator to 2024-03-11 00:00:00+00:00, run_after=2024-03-12 00:00:00+00:00
[2024-03-12T10:33:15.602+0200] {processor.py:183} INFO - Processing /usr/local/lib/python3.8/site-packages/airflow/example_dags/example_short_circuit_operator.py took 0.217 seconds
[2024-03-12T10:35:08.886+0200] {processor.py:161} INFO - Started process (PID=4646) to work on /usr/local/lib/python3.8/site-packages/airflow/example_dags/example_short_circuit_operator.py
[2024-03-12T10:35:08.886+0200] {processor.py:830} INFO - Processing file /usr/local/lib/python3.8/site-packages/airflow/example_dags/example_short_circuit_operator.py for tasks to queue
[2024-03-12T10:35:08.887+0200] {logging_mixin.py:188} INFO - [2024-03-12T10:35:08.887+0200] {dagbag.py:540} INFO - Filling up the DagBag from /usr/local/lib/python3.8/site-packages/airflow/example_dags/example_short_circuit_operator.py
[2024-03-12T10:35:08.911+0200] {processor.py:840} INFO - DAG(s) 'example_short_circuit_operator' retrieved from /usr/local/lib/python3.8/site-packages/airflow/example_dags/example_short_circuit_operator.py
[2024-03-12T10:35:09.034+0200] {logging_mixin.py:188} INFO - [2024-03-12T10:35:09.034+0200] {dag.py:3047} INFO - Sync 1 DAGs
[2024-03-12T10:35:09.051+0200] {logging_mixin.py:188} INFO - [2024-03-12T10:35:09.051+0200] {dag.py:3834} INFO - Setting next_dagrun for example_short_circuit_operator to 2024-03-11 00:00:00+00:00, run_after=2024-03-12 00:00:00+00:00
[2024-03-12T10:35:09.067+0200] {processor.py:183} INFO - Processing /usr/local/lib/python3.8/site-packages/airflow/example_dags/example_short_circuit_operator.py took 0.183 seconds
[2024-03-12T10:36:58.375+0200] {processor.py:161} INFO - Started process (PID=4783) to work on /usr/local/lib/python3.8/site-packages/airflow/example_dags/example_short_circuit_operator.py
[2024-03-12T10:36:58.376+0200] {processor.py:830} INFO - Processing file /usr/local/lib/python3.8/site-packages/airflow/example_dags/example_short_circuit_operator.py for tasks to queue
[2024-03-12T10:36:58.376+0200] {logging_mixin.py:188} INFO - [2024-03-12T10:36:58.376+0200] {dagbag.py:540} INFO - Filling up the DagBag from /usr/local/lib/python3.8/site-packages/airflow/example_dags/example_short_circuit_operator.py
[2024-03-12T10:36:58.405+0200] {processor.py:840} INFO - DAG(s) 'example_short_circuit_operator' retrieved from /usr/local/lib/python3.8/site-packages/airflow/example_dags/example_short_circuit_operator.py
[2024-03-12T10:36:58.551+0200] {logging_mixin.py:188} INFO - [2024-03-12T10:36:58.551+0200] {dag.py:3047} INFO - Sync 1 DAGs
[2024-03-12T10:36:58.569+0200] {logging_mixin.py:188} INFO - [2024-03-12T10:36:58.568+0200] {dag.py:3834} INFO - Setting next_dagrun for example_short_circuit_operator to 2024-03-11 00:00:00+00:00, run_after=2024-03-12 00:00:00+00:00
[2024-03-12T10:36:58.585+0200] {processor.py:183} INFO - Processing /usr/local/lib/python3.8/site-packages/airflow/example_dags/example_short_circuit_operator.py took 0.212 seconds
[2024-03-12T10:38:55.759+0200] {processor.py:161} INFO - Started process (PID=4940) to work on /usr/local/lib/python3.8/site-packages/airflow/example_dags/example_short_circuit_operator.py
[2024-03-12T10:38:55.760+0200] {processor.py:830} INFO - Processing file /usr/local/lib/python3.8/site-packages/airflow/example_dags/example_short_circuit_operator.py for tasks to queue
[2024-03-12T10:38:55.760+0200] {logging_mixin.py:188} INFO - [2024-03-12T10:38:55.760+0200] {dagbag.py:540} INFO - Filling up the DagBag from /usr/local/lib/python3.8/site-packages/airflow/example_dags/example_short_circuit_operator.py
[2024-03-12T10:38:55.780+0200] {processor.py:840} INFO - DAG(s) 'example_short_circuit_operator' retrieved from /usr/local/lib/python3.8/site-packages/airflow/example_dags/example_short_circuit_operator.py
[2024-03-12T10:38:55.899+0200] {logging_mixin.py:188} INFO - [2024-03-12T10:38:55.899+0200] {dag.py:3047} INFO - Sync 1 DAGs
[2024-03-12T10:38:55.916+0200] {logging_mixin.py:188} INFO - [2024-03-12T10:38:55.916+0200] {dag.py:3834} INFO - Setting next_dagrun for example_short_circuit_operator to 2024-03-11 00:00:00+00:00, run_after=2024-03-12 00:00:00+00:00
[2024-03-12T10:38:55.933+0200] {processor.py:183} INFO - Processing /usr/local/lib/python3.8/site-packages/airflow/example_dags/example_short_circuit_operator.py took 0.175 seconds
[2024-03-12T10:40:42.844+0200] {processor.py:161} INFO - Started process (PID=5046) to work on /usr/local/lib/python3.8/site-packages/airflow/example_dags/example_short_circuit_operator.py
[2024-03-12T10:40:42.845+0200] {processor.py:830} INFO - Processing file /usr/local/lib/python3.8/site-packages/airflow/example_dags/example_short_circuit_operator.py for tasks to queue
[2024-03-12T10:40:42.846+0200] {logging_mixin.py:188} INFO - [2024-03-12T10:40:42.845+0200] {dagbag.py:540} INFO - Filling up the DagBag from /usr/local/lib/python3.8/site-packages/airflow/example_dags/example_short_circuit_operator.py
[2024-03-12T10:40:42.872+0200] {processor.py:840} INFO - DAG(s) 'example_short_circuit_operator' retrieved from /usr/local/lib/python3.8/site-packages/airflow/example_dags/example_short_circuit_operator.py
[2024-03-12T10:40:43.023+0200] {logging_mixin.py:188} INFO - [2024-03-12T10:40:43.023+0200] {dag.py:3047} INFO - Sync 1 DAGs
[2024-03-12T10:40:43.041+0200] {logging_mixin.py:188} INFO - [2024-03-12T10:40:43.041+0200] {dag.py:3834} INFO - Setting next_dagrun for example_short_circuit_operator to 2024-03-11 00:00:00+00:00, run_after=2024-03-12 00:00:00+00:00
[2024-03-12T10:40:43.059+0200] {processor.py:183} INFO - Processing /usr/local/lib/python3.8/site-packages/airflow/example_dags/example_short_circuit_operator.py took 0.217 seconds
[2024-03-12T10:42:27.687+0200] {processor.py:161} INFO - Started process (PID=5178) to work on /usr/local/lib/python3.8/site-packages/airflow/example_dags/example_short_circuit_operator.py
[2024-03-12T10:42:27.687+0200] {processor.py:830} INFO - Processing file /usr/local/lib/python3.8/site-packages/airflow/example_dags/example_short_circuit_operator.py for tasks to queue
[2024-03-12T10:42:27.688+0200] {logging_mixin.py:188} INFO - [2024-03-12T10:42:27.688+0200] {dagbag.py:540} INFO - Filling up the DagBag from /usr/local/lib/python3.8/site-packages/airflow/example_dags/example_short_circuit_operator.py
[2024-03-12T10:42:27.712+0200] {processor.py:840} INFO - DAG(s) 'example_short_circuit_operator' retrieved from /usr/local/lib/python3.8/site-packages/airflow/example_dags/example_short_circuit_operator.py
[2024-03-12T10:42:27.836+0200] {logging_mixin.py:188} INFO - [2024-03-12T10:42:27.836+0200] {dag.py:3047} INFO - Sync 1 DAGs
[2024-03-12T10:42:27.854+0200] {logging_mixin.py:188} INFO - [2024-03-12T10:42:27.853+0200] {dag.py:3834} INFO - Setting next_dagrun for example_short_circuit_operator to 2024-03-11 00:00:00+00:00, run_after=2024-03-12 00:00:00+00:00
[2024-03-12T10:42:27.871+0200] {processor.py:183} INFO - Processing /usr/local/lib/python3.8/site-packages/airflow/example_dags/example_short_circuit_operator.py took 0.185 seconds
[2024-03-12T10:44:17.822+0200] {processor.py:161} INFO - Started process (PID=5301) to work on /usr/local/lib/python3.8/site-packages/airflow/example_dags/example_short_circuit_operator.py
[2024-03-12T10:44:17.823+0200] {processor.py:830} INFO - Processing file /usr/local/lib/python3.8/site-packages/airflow/example_dags/example_short_circuit_operator.py for tasks to queue
[2024-03-12T10:44:17.823+0200] {logging_mixin.py:188} INFO - [2024-03-12T10:44:17.823+0200] {dagbag.py:540} INFO - Filling up the DagBag from /usr/local/lib/python3.8/site-packages/airflow/example_dags/example_short_circuit_operator.py
[2024-03-12T10:44:17.844+0200] {processor.py:840} INFO - DAG(s) 'example_short_circuit_operator' retrieved from /usr/local/lib/python3.8/site-packages/airflow/example_dags/example_short_circuit_operator.py
[2024-03-12T10:44:17.965+0200] {logging_mixin.py:188} INFO - [2024-03-12T10:44:17.965+0200] {dag.py:3047} INFO - Sync 1 DAGs
[2024-03-12T10:44:17.982+0200] {logging_mixin.py:188} INFO - [2024-03-12T10:44:17.982+0200] {dag.py:3834} INFO - Setting next_dagrun for example_short_circuit_operator to 2024-03-11 00:00:00+00:00, run_after=2024-03-12 00:00:00+00:00
[2024-03-12T10:44:17.999+0200] {processor.py:183} INFO - Processing /usr/local/lib/python3.8/site-packages/airflow/example_dags/example_short_circuit_operator.py took 0.178 seconds
[2024-03-12T10:46:07.407+0200] {processor.py:161} INFO - Started process (PID=5431) to work on /usr/local/lib/python3.8/site-packages/airflow/example_dags/example_short_circuit_operator.py
[2024-03-12T10:46:07.408+0200] {processor.py:830} INFO - Processing file /usr/local/lib/python3.8/site-packages/airflow/example_dags/example_short_circuit_operator.py for tasks to queue
[2024-03-12T10:46:07.409+0200] {logging_mixin.py:188} INFO - [2024-03-12T10:46:07.408+0200] {dagbag.py:540} INFO - Filling up the DagBag from /usr/local/lib/python3.8/site-packages/airflow/example_dags/example_short_circuit_operator.py
[2024-03-12T10:46:07.433+0200] {processor.py:840} INFO - DAG(s) 'example_short_circuit_operator' retrieved from /usr/local/lib/python3.8/site-packages/airflow/example_dags/example_short_circuit_operator.py
[2024-03-12T10:46:07.559+0200] {logging_mixin.py:188} INFO - [2024-03-12T10:46:07.558+0200] {dag.py:3047} INFO - Sync 1 DAGs
[2024-03-12T10:46:07.576+0200] {logging_mixin.py:188} INFO - [2024-03-12T10:46:07.576+0200] {dag.py:3834} INFO - Setting next_dagrun for example_short_circuit_operator to 2024-03-11 00:00:00+00:00, run_after=2024-03-12 00:00:00+00:00
[2024-03-12T10:46:07.593+0200] {processor.py:183} INFO - Processing /usr/local/lib/python3.8/site-packages/airflow/example_dags/example_short_circuit_operator.py took 0.188 seconds
[2024-03-12T10:47:58.217+0200] {processor.py:161} INFO - Started process (PID=5555) to work on /usr/local/lib/python3.8/site-packages/airflow/example_dags/example_short_circuit_operator.py
[2024-03-12T10:47:58.218+0200] {processor.py:830} INFO - Processing file /usr/local/lib/python3.8/site-packages/airflow/example_dags/example_short_circuit_operator.py for tasks to queue
[2024-03-12T10:47:58.218+0200] {logging_mixin.py:188} INFO - [2024-03-12T10:47:58.218+0200] {dagbag.py:540} INFO - Filling up the DagBag from /usr/local/lib/python3.8/site-packages/airflow/example_dags/example_short_circuit_operator.py
[2024-03-12T10:47:58.244+0200] {processor.py:840} INFO - DAG(s) 'example_short_circuit_operator' retrieved from /usr/local/lib/python3.8/site-packages/airflow/example_dags/example_short_circuit_operator.py
[2024-03-12T10:47:58.380+0200] {logging_mixin.py:188} INFO - [2024-03-12T10:47:58.379+0200] {dag.py:3047} INFO - Sync 1 DAGs
[2024-03-12T10:47:58.398+0200] {logging_mixin.py:188} INFO - [2024-03-12T10:47:58.398+0200] {dag.py:3834} INFO - Setting next_dagrun for example_short_circuit_operator to 2024-03-11 00:00:00+00:00, run_after=2024-03-12 00:00:00+00:00
[2024-03-12T10:47:58.416+0200] {processor.py:183} INFO - Processing /usr/local/lib/python3.8/site-packages/airflow/example_dags/example_short_circuit_operator.py took 0.200 seconds
[2024-03-12T10:49:50.502+0200] {processor.py:161} INFO - Started process (PID=5687) to work on /usr/local/lib/python3.8/site-packages/airflow/example_dags/example_short_circuit_operator.py
[2024-03-12T10:49:50.503+0200] {processor.py:830} INFO - Processing file /usr/local/lib/python3.8/site-packages/airflow/example_dags/example_short_circuit_operator.py for tasks to queue
[2024-03-12T10:49:50.504+0200] {logging_mixin.py:188} INFO - [2024-03-12T10:49:50.504+0200] {dagbag.py:540} INFO - Filling up the DagBag from /usr/local/lib/python3.8/site-packages/airflow/example_dags/example_short_circuit_operator.py
[2024-03-12T10:49:50.527+0200] {processor.py:840} INFO - DAG(s) 'example_short_circuit_operator' retrieved from /usr/local/lib/python3.8/site-packages/airflow/example_dags/example_short_circuit_operator.py
[2024-03-12T10:49:50.657+0200] {logging_mixin.py:188} INFO - [2024-03-12T10:49:50.657+0200] {dag.py:3047} INFO - Sync 1 DAGs
[2024-03-12T10:49:50.675+0200] {logging_mixin.py:188} INFO - [2024-03-12T10:49:50.675+0200] {dag.py:3834} INFO - Setting next_dagrun for example_short_circuit_operator to 2024-03-11 00:00:00+00:00, run_after=2024-03-12 00:00:00+00:00
[2024-03-12T10:49:50.693+0200] {processor.py:183} INFO - Processing /usr/local/lib/python3.8/site-packages/airflow/example_dags/example_short_circuit_operator.py took 0.192 seconds
[2024-03-12T10:51:43.558+0200] {processor.py:161} INFO - Started process (PID=5805) to work on /usr/local/lib/python3.8/site-packages/airflow/example_dags/example_short_circuit_operator.py
[2024-03-12T10:51:43.559+0200] {processor.py:830} INFO - Processing file /usr/local/lib/python3.8/site-packages/airflow/example_dags/example_short_circuit_operator.py for tasks to queue
[2024-03-12T10:51:43.560+0200] {logging_mixin.py:188} INFO - [2024-03-12T10:51:43.560+0200] {dagbag.py:540} INFO - Filling up the DagBag from /usr/local/lib/python3.8/site-packages/airflow/example_dags/example_short_circuit_operator.py
[2024-03-12T10:51:43.585+0200] {processor.py:840} INFO - DAG(s) 'example_short_circuit_operator' retrieved from /usr/local/lib/python3.8/site-packages/airflow/example_dags/example_short_circuit_operator.py
[2024-03-12T10:51:43.715+0200] {logging_mixin.py:188} INFO - [2024-03-12T10:51:43.715+0200] {dag.py:3047} INFO - Sync 1 DAGs
[2024-03-12T10:51:43.734+0200] {logging_mixin.py:188} INFO - [2024-03-12T10:51:43.734+0200] {dag.py:3834} INFO - Setting next_dagrun for example_short_circuit_operator to 2024-03-11 00:00:00+00:00, run_after=2024-03-12 00:00:00+00:00
[2024-03-12T10:51:43.752+0200] {processor.py:183} INFO - Processing /usr/local/lib/python3.8/site-packages/airflow/example_dags/example_short_circuit_operator.py took 0.195 seconds
[2024-03-12T10:53:31.791+0200] {processor.py:161} INFO - Started process (PID=5933) to work on /usr/local/lib/python3.8/site-packages/airflow/example_dags/example_short_circuit_operator.py
[2024-03-12T10:53:31.792+0200] {processor.py:830} INFO - Processing file /usr/local/lib/python3.8/site-packages/airflow/example_dags/example_short_circuit_operator.py for tasks to queue
[2024-03-12T10:53:31.792+0200] {logging_mixin.py:188} INFO - [2024-03-12T10:53:31.792+0200] {dagbag.py:540} INFO - Filling up the DagBag from /usr/local/lib/python3.8/site-packages/airflow/example_dags/example_short_circuit_operator.py
[2024-03-12T10:53:31.814+0200] {processor.py:840} INFO - DAG(s) 'example_short_circuit_operator' retrieved from /usr/local/lib/python3.8/site-packages/airflow/example_dags/example_short_circuit_operator.py
[2024-03-12T10:53:31.940+0200] {logging_mixin.py:188} INFO - [2024-03-12T10:53:31.939+0200] {dag.py:3047} INFO - Sync 1 DAGs
[2024-03-12T10:53:31.956+0200] {logging_mixin.py:188} INFO - [2024-03-12T10:53:31.956+0200] {dag.py:3834} INFO - Setting next_dagrun for example_short_circuit_operator to 2024-03-11 00:00:00+00:00, run_after=2024-03-12 00:00:00+00:00
[2024-03-12T10:53:31.972+0200] {processor.py:183} INFO - Processing /usr/local/lib/python3.8/site-packages/airflow/example_dags/example_short_circuit_operator.py took 0.182 seconds
[2024-03-12T10:55:18.333+0200] {processor.py:161} INFO - Started process (PID=6055) to work on /usr/local/lib/python3.8/site-packages/airflow/example_dags/example_short_circuit_operator.py
[2024-03-12T10:55:18.334+0200] {processor.py:830} INFO - Processing file /usr/local/lib/python3.8/site-packages/airflow/example_dags/example_short_circuit_operator.py for tasks to queue
[2024-03-12T10:55:18.335+0200] {logging_mixin.py:188} INFO - [2024-03-12T10:55:18.335+0200] {dagbag.py:540} INFO - Filling up the DagBag from /usr/local/lib/python3.8/site-packages/airflow/example_dags/example_short_circuit_operator.py
[2024-03-12T10:55:18.360+0200] {processor.py:840} INFO - DAG(s) 'example_short_circuit_operator' retrieved from /usr/local/lib/python3.8/site-packages/airflow/example_dags/example_short_circuit_operator.py
[2024-03-12T10:55:18.493+0200] {logging_mixin.py:188} INFO - [2024-03-12T10:55:18.493+0200] {dag.py:3047} INFO - Sync 1 DAGs
[2024-03-12T10:55:18.510+0200] {logging_mixin.py:188} INFO - [2024-03-12T10:55:18.509+0200] {dag.py:3834} INFO - Setting next_dagrun for example_short_circuit_operator to 2024-03-11 00:00:00+00:00, run_after=2024-03-12 00:00:00+00:00
[2024-03-12T10:55:18.525+0200] {processor.py:183} INFO - Processing /usr/local/lib/python3.8/site-packages/airflow/example_dags/example_short_circuit_operator.py took 0.194 seconds
[2024-03-12T10:57:08.748+0200] {processor.py:161} INFO - Started process (PID=6195) to work on /usr/local/lib/python3.8/site-packages/airflow/example_dags/example_short_circuit_operator.py
[2024-03-12T10:57:08.749+0200] {processor.py:830} INFO - Processing file /usr/local/lib/python3.8/site-packages/airflow/example_dags/example_short_circuit_operator.py for tasks to queue
[2024-03-12T10:57:08.750+0200] {logging_mixin.py:188} INFO - [2024-03-12T10:57:08.750+0200] {dagbag.py:540} INFO - Filling up the DagBag from /usr/local/lib/python3.8/site-packages/airflow/example_dags/example_short_circuit_operator.py
[2024-03-12T10:57:08.775+0200] {processor.py:840} INFO - DAG(s) 'example_short_circuit_operator' retrieved from /usr/local/lib/python3.8/site-packages/airflow/example_dags/example_short_circuit_operator.py
[2024-03-12T10:57:08.901+0200] {logging_mixin.py:188} INFO - [2024-03-12T10:57:08.900+0200] {dag.py:3047} INFO - Sync 1 DAGs
[2024-03-12T10:57:08.917+0200] {logging_mixin.py:188} INFO - [2024-03-12T10:57:08.917+0200] {dag.py:3834} INFO - Setting next_dagrun for example_short_circuit_operator to 2024-03-11 00:00:00+00:00, run_after=2024-03-12 00:00:00+00:00
[2024-03-12T10:57:08.934+0200] {processor.py:183} INFO - Processing /usr/local/lib/python3.8/site-packages/airflow/example_dags/example_short_circuit_operator.py took 0.188 seconds
[2024-03-12T10:59:04.163+0200] {processor.py:161} INFO - Started process (PID=6335) to work on /usr/local/lib/python3.8/site-packages/airflow/example_dags/example_short_circuit_operator.py
[2024-03-12T10:59:04.164+0200] {processor.py:830} INFO - Processing file /usr/local/lib/python3.8/site-packages/airflow/example_dags/example_short_circuit_operator.py for tasks to queue
[2024-03-12T10:59:04.165+0200] {logging_mixin.py:188} INFO - [2024-03-12T10:59:04.165+0200] {dagbag.py:540} INFO - Filling up the DagBag from /usr/local/lib/python3.8/site-packages/airflow/example_dags/example_short_circuit_operator.py
[2024-03-12T10:59:04.189+0200] {processor.py:840} INFO - DAG(s) 'example_short_circuit_operator' retrieved from /usr/local/lib/python3.8/site-packages/airflow/example_dags/example_short_circuit_operator.py
[2024-03-12T10:59:04.320+0200] {logging_mixin.py:188} INFO - [2024-03-12T10:59:04.320+0200] {dag.py:3047} INFO - Sync 1 DAGs
[2024-03-12T10:59:04.338+0200] {logging_mixin.py:188} INFO - [2024-03-12T10:59:04.338+0200] {dag.py:3834} INFO - Setting next_dagrun for example_short_circuit_operator to 2024-03-11 00:00:00+00:00, run_after=2024-03-12 00:00:00+00:00
[2024-03-12T10:59:04.355+0200] {processor.py:183} INFO - Processing /usr/local/lib/python3.8/site-packages/airflow/example_dags/example_short_circuit_operator.py took 0.193 seconds
[2024-03-12T11:00:52.645+0200] {processor.py:161} INFO - Started process (PID=6459) to work on /usr/local/lib/python3.8/site-packages/airflow/example_dags/example_short_circuit_operator.py
[2024-03-12T11:00:52.646+0200] {processor.py:830} INFO - Processing file /usr/local/lib/python3.8/site-packages/airflow/example_dags/example_short_circuit_operator.py for tasks to queue
[2024-03-12T11:00:52.646+0200] {logging_mixin.py:188} INFO - [2024-03-12T11:00:52.646+0200] {dagbag.py:540} INFO - Filling up the DagBag from /usr/local/lib/python3.8/site-packages/airflow/example_dags/example_short_circuit_operator.py
[2024-03-12T11:00:52.672+0200] {processor.py:840} INFO - DAG(s) 'example_short_circuit_operator' retrieved from /usr/local/lib/python3.8/site-packages/airflow/example_dags/example_short_circuit_operator.py
[2024-03-12T11:00:52.797+0200] {logging_mixin.py:188} INFO - [2024-03-12T11:00:52.797+0200] {dag.py:3047} INFO - Sync 1 DAGs
[2024-03-12T11:00:52.814+0200] {logging_mixin.py:188} INFO - [2024-03-12T11:00:52.813+0200] {dag.py:3834} INFO - Setting next_dagrun for example_short_circuit_operator to 2024-03-11 00:00:00+00:00, run_after=2024-03-12 00:00:00+00:00
[2024-03-12T11:00:52.830+0200] {processor.py:183} INFO - Processing /usr/local/lib/python3.8/site-packages/airflow/example_dags/example_short_circuit_operator.py took 0.187 seconds
[2024-03-12T11:02:40.054+0200] {processor.py:161} INFO - Started process (PID=6566) to work on /usr/local/lib/python3.8/site-packages/airflow/example_dags/example_short_circuit_operator.py
[2024-03-12T11:02:40.055+0200] {processor.py:830} INFO - Processing file /usr/local/lib/python3.8/site-packages/airflow/example_dags/example_short_circuit_operator.py for tasks to queue
[2024-03-12T11:02:40.056+0200] {logging_mixin.py:188} INFO - [2024-03-12T11:02:40.056+0200] {dagbag.py:540} INFO - Filling up the DagBag from /usr/local/lib/python3.8/site-packages/airflow/example_dags/example_short_circuit_operator.py
[2024-03-12T11:02:40.081+0200] {processor.py:840} INFO - DAG(s) 'example_short_circuit_operator' retrieved from /usr/local/lib/python3.8/site-packages/airflow/example_dags/example_short_circuit_operator.py
[2024-03-12T11:02:40.215+0200] {logging_mixin.py:188} INFO - [2024-03-12T11:02:40.214+0200] {dag.py:3047} INFO - Sync 1 DAGs
[2024-03-12T11:02:40.232+0200] {logging_mixin.py:188} INFO - [2024-03-12T11:02:40.232+0200] {dag.py:3834} INFO - Setting next_dagrun for example_short_circuit_operator to 2024-03-11 00:00:00+00:00, run_after=2024-03-12 00:00:00+00:00
[2024-03-12T11:02:40.248+0200] {processor.py:183} INFO - Processing /usr/local/lib/python3.8/site-packages/airflow/example_dags/example_short_circuit_operator.py took 0.195 seconds
[2024-03-12T11:04:28.082+0200] {processor.py:161} INFO - Started process (PID=6695) to work on /usr/local/lib/python3.8/site-packages/airflow/example_dags/example_short_circuit_operator.py
[2024-03-12T11:04:28.084+0200] {processor.py:830} INFO - Processing file /usr/local/lib/python3.8/site-packages/airflow/example_dags/example_short_circuit_operator.py for tasks to queue
[2024-03-12T11:04:28.084+0200] {logging_mixin.py:188} INFO - [2024-03-12T11:04:28.084+0200] {dagbag.py:540} INFO - Filling up the DagBag from /usr/local/lib/python3.8/site-packages/airflow/example_dags/example_short_circuit_operator.py
[2024-03-12T11:04:28.110+0200] {processor.py:840} INFO - DAG(s) 'example_short_circuit_operator' retrieved from /usr/local/lib/python3.8/site-packages/airflow/example_dags/example_short_circuit_operator.py
[2024-03-12T11:04:28.250+0200] {logging_mixin.py:188} INFO - [2024-03-12T11:04:28.249+0200] {dag.py:3047} INFO - Sync 1 DAGs
[2024-03-12T11:04:28.268+0200] {logging_mixin.py:188} INFO - [2024-03-12T11:04:28.268+0200] {dag.py:3834} INFO - Setting next_dagrun for example_short_circuit_operator to 2024-03-11 00:00:00+00:00, run_after=2024-03-12 00:00:00+00:00
[2024-03-12T11:04:28.286+0200] {processor.py:183} INFO - Processing /usr/local/lib/python3.8/site-packages/airflow/example_dags/example_short_circuit_operator.py took 0.205 seconds
[2024-03-12T11:06:24.110+0200] {processor.py:161} INFO - Started process (PID=6860) to work on /usr/local/lib/python3.8/site-packages/airflow/example_dags/example_short_circuit_operator.py
[2024-03-12T11:06:24.111+0200] {processor.py:830} INFO - Processing file /usr/local/lib/python3.8/site-packages/airflow/example_dags/example_short_circuit_operator.py for tasks to queue
[2024-03-12T11:06:24.112+0200] {logging_mixin.py:188} INFO - [2024-03-12T11:06:24.112+0200] {dagbag.py:540} INFO - Filling up the DagBag from /usr/local/lib/python3.8/site-packages/airflow/example_dags/example_short_circuit_operator.py
[2024-03-12T11:06:24.136+0200] {processor.py:840} INFO - DAG(s) 'example_short_circuit_operator' retrieved from /usr/local/lib/python3.8/site-packages/airflow/example_dags/example_short_circuit_operator.py
[2024-03-12T11:06:24.263+0200] {logging_mixin.py:188} INFO - [2024-03-12T11:06:24.263+0200] {dag.py:3047} INFO - Sync 1 DAGs
[2024-03-12T11:06:24.280+0200] {logging_mixin.py:188} INFO - [2024-03-12T11:06:24.280+0200] {dag.py:3834} INFO - Setting next_dagrun for example_short_circuit_operator to 2024-03-11 00:00:00+00:00, run_after=2024-03-12 00:00:00+00:00
[2024-03-12T11:06:24.299+0200] {processor.py:183} INFO - Processing /usr/local/lib/python3.8/site-packages/airflow/example_dags/example_short_circuit_operator.py took 0.190 seconds
[2024-03-12T11:08:27.764+0200] {processor.py:161} INFO - Started process (PID=7009) to work on /usr/local/lib/python3.8/site-packages/airflow/example_dags/example_short_circuit_operator.py
[2024-03-12T11:08:27.765+0200] {processor.py:830} INFO - Processing file /usr/local/lib/python3.8/site-packages/airflow/example_dags/example_short_circuit_operator.py for tasks to queue
[2024-03-12T11:08:27.766+0200] {logging_mixin.py:188} INFO - [2024-03-12T11:08:27.766+0200] {dagbag.py:540} INFO - Filling up the DagBag from /usr/local/lib/python3.8/site-packages/airflow/example_dags/example_short_circuit_operator.py
[2024-03-12T11:08:27.792+0200] {processor.py:840} INFO - DAG(s) 'example_short_circuit_operator' retrieved from /usr/local/lib/python3.8/site-packages/airflow/example_dags/example_short_circuit_operator.py
[2024-03-12T11:08:27.942+0200] {logging_mixin.py:188} INFO - [2024-03-12T11:08:27.942+0200] {dag.py:3047} INFO - Sync 1 DAGs
[2024-03-12T11:08:27.960+0200] {logging_mixin.py:188} INFO - [2024-03-12T11:08:27.960+0200] {dag.py:3834} INFO - Setting next_dagrun for example_short_circuit_operator to 2024-03-11 00:00:00+00:00, run_after=2024-03-12 00:00:00+00:00
[2024-03-12T11:08:27.977+0200] {processor.py:183} INFO - Processing /usr/local/lib/python3.8/site-packages/airflow/example_dags/example_short_circuit_operator.py took 0.214 seconds
[2024-03-12T11:10:27.854+0200] {processor.py:161} INFO - Started process (PID=7142) to work on /usr/local/lib/python3.8/site-packages/airflow/example_dags/example_short_circuit_operator.py
[2024-03-12T11:10:27.855+0200] {processor.py:830} INFO - Processing file /usr/local/lib/python3.8/site-packages/airflow/example_dags/example_short_circuit_operator.py for tasks to queue
[2024-03-12T11:10:27.856+0200] {logging_mixin.py:188} INFO - [2024-03-12T11:10:27.856+0200] {dagbag.py:540} INFO - Filling up the DagBag from /usr/local/lib/python3.8/site-packages/airflow/example_dags/example_short_circuit_operator.py
[2024-03-12T11:10:27.881+0200] {processor.py:840} INFO - DAG(s) 'example_short_circuit_operator' retrieved from /usr/local/lib/python3.8/site-packages/airflow/example_dags/example_short_circuit_operator.py
[2024-03-12T11:10:28.014+0200] {logging_mixin.py:188} INFO - [2024-03-12T11:10:28.013+0200] {dag.py:3047} INFO - Sync 1 DAGs
[2024-03-12T11:10:28.031+0200] {logging_mixin.py:188} INFO - [2024-03-12T11:10:28.031+0200] {dag.py:3834} INFO - Setting next_dagrun for example_short_circuit_operator to 2024-03-11 00:00:00+00:00, run_after=2024-03-12 00:00:00+00:00
[2024-03-12T11:10:28.049+0200] {processor.py:183} INFO - Processing /usr/local/lib/python3.8/site-packages/airflow/example_dags/example_short_circuit_operator.py took 0.196 seconds
[2024-03-12T11:12:20.369+0200] {processor.py:161} INFO - Started process (PID=7265) to work on /usr/local/lib/python3.8/site-packages/airflow/example_dags/example_short_circuit_operator.py
[2024-03-12T11:12:20.371+0200] {processor.py:830} INFO - Processing file /usr/local/lib/python3.8/site-packages/airflow/example_dags/example_short_circuit_operator.py for tasks to queue
[2024-03-12T11:12:20.372+0200] {logging_mixin.py:188} INFO - [2024-03-12T11:12:20.371+0200] {dagbag.py:540} INFO - Filling up the DagBag from /usr/local/lib/python3.8/site-packages/airflow/example_dags/example_short_circuit_operator.py
[2024-03-12T11:12:20.397+0200] {processor.py:840} INFO - DAG(s) 'example_short_circuit_operator' retrieved from /usr/local/lib/python3.8/site-packages/airflow/example_dags/example_short_circuit_operator.py
[2024-03-12T11:12:20.539+0200] {logging_mixin.py:188} INFO - [2024-03-12T11:12:20.539+0200] {dag.py:3047} INFO - Sync 1 DAGs
[2024-03-12T11:12:20.557+0200] {logging_mixin.py:188} INFO - [2024-03-12T11:12:20.557+0200] {dag.py:3834} INFO - Setting next_dagrun for example_short_circuit_operator to 2024-03-11 00:00:00+00:00, run_after=2024-03-12 00:00:00+00:00
[2024-03-12T11:12:20.575+0200] {processor.py:183} INFO - Processing /usr/local/lib/python3.8/site-packages/airflow/example_dags/example_short_circuit_operator.py took 0.207 seconds
[2024-03-12T11:14:13.019+0200] {processor.py:161} INFO - Started process (PID=7391) to work on /usr/local/lib/python3.8/site-packages/airflow/example_dags/example_short_circuit_operator.py
[2024-03-12T11:14:13.021+0200] {processor.py:830} INFO - Processing file /usr/local/lib/python3.8/site-packages/airflow/example_dags/example_short_circuit_operator.py for tasks to queue
[2024-03-12T11:14:13.021+0200] {logging_mixin.py:188} INFO - [2024-03-12T11:14:13.021+0200] {dagbag.py:540} INFO - Filling up the DagBag from /usr/local/lib/python3.8/site-packages/airflow/example_dags/example_short_circuit_operator.py
[2024-03-12T11:14:13.048+0200] {processor.py:840} INFO - DAG(s) 'example_short_circuit_operator' retrieved from /usr/local/lib/python3.8/site-packages/airflow/example_dags/example_short_circuit_operator.py
[2024-03-12T11:14:13.178+0200] {logging_mixin.py:188} INFO - [2024-03-12T11:14:13.178+0200] {dag.py:3047} INFO - Sync 1 DAGs
[2024-03-12T11:14:13.207+0200] {logging_mixin.py:188} INFO - [2024-03-12T11:14:13.207+0200] {dag.py:3834} INFO - Setting next_dagrun for example_short_circuit_operator to 2024-03-11 00:00:00+00:00, run_after=2024-03-12 00:00:00+00:00
[2024-03-12T11:14:13.225+0200] {processor.py:183} INFO - Processing /usr/local/lib/python3.8/site-packages/airflow/example_dags/example_short_circuit_operator.py took 0.208 seconds
[2024-03-12T11:16:09.620+0200] {processor.py:161} INFO - Started process (PID=7520) to work on /usr/local/lib/python3.8/site-packages/airflow/example_dags/example_short_circuit_operator.py
[2024-03-12T11:16:09.622+0200] {processor.py:830} INFO - Processing file /usr/local/lib/python3.8/site-packages/airflow/example_dags/example_short_circuit_operator.py for tasks to queue
[2024-03-12T11:16:09.623+0200] {logging_mixin.py:188} INFO - [2024-03-12T11:16:09.622+0200] {dagbag.py:540} INFO - Filling up the DagBag from /usr/local/lib/python3.8/site-packages/airflow/example_dags/example_short_circuit_operator.py
[2024-03-12T11:16:09.650+0200] {processor.py:840} INFO - DAG(s) 'example_short_circuit_operator' retrieved from /usr/local/lib/python3.8/site-packages/airflow/example_dags/example_short_circuit_operator.py
[2024-03-12T11:16:09.783+0200] {logging_mixin.py:188} INFO - [2024-03-12T11:16:09.782+0200] {dag.py:3047} INFO - Sync 1 DAGs
[2024-03-12T11:16:09.800+0200] {logging_mixin.py:188} INFO - [2024-03-12T11:16:09.800+0200] {dag.py:3834} INFO - Setting next_dagrun for example_short_circuit_operator to 2024-03-11 00:00:00+00:00, run_after=2024-03-12 00:00:00+00:00
[2024-03-12T11:16:09.820+0200] {processor.py:183} INFO - Processing /usr/local/lib/python3.8/site-packages/airflow/example_dags/example_short_circuit_operator.py took 0.201 seconds
[2024-03-12T11:18:38.087+0200] {processor.py:161} INFO - Started process (PID=7780) to work on /usr/local/lib/python3.8/site-packages/airflow/example_dags/example_short_circuit_operator.py
[2024-03-12T11:18:38.089+0200] {processor.py:830} INFO - Processing file /usr/local/lib/python3.8/site-packages/airflow/example_dags/example_short_circuit_operator.py for tasks to queue
[2024-03-12T11:18:38.089+0200] {logging_mixin.py:188} INFO - [2024-03-12T11:18:38.089+0200] {dagbag.py:540} INFO - Filling up the DagBag from /usr/local/lib/python3.8/site-packages/airflow/example_dags/example_short_circuit_operator.py
[2024-03-12T11:18:38.112+0200] {processor.py:840} INFO - DAG(s) 'example_short_circuit_operator' retrieved from /usr/local/lib/python3.8/site-packages/airflow/example_dags/example_short_circuit_operator.py
[2024-03-12T11:18:38.238+0200] {logging_mixin.py:188} INFO - [2024-03-12T11:18:38.238+0200] {dag.py:3047} INFO - Sync 1 DAGs
[2024-03-12T11:18:38.256+0200] {logging_mixin.py:188} INFO - [2024-03-12T11:18:38.255+0200] {dag.py:3834} INFO - Setting next_dagrun for example_short_circuit_operator to 2024-03-11 00:00:00+00:00, run_after=2024-03-12 00:00:00+00:00
[2024-03-12T11:18:38.273+0200] {processor.py:183} INFO - Processing /usr/local/lib/python3.8/site-packages/airflow/example_dags/example_short_circuit_operator.py took 0.188 seconds
[2024-03-12T11:20:54.400+0200] {processor.py:161} INFO - Started process (PID=7939) to work on /usr/local/lib/python3.8/site-packages/airflow/example_dags/example_short_circuit_operator.py
[2024-03-12T11:20:54.401+0200] {processor.py:830} INFO - Processing file /usr/local/lib/python3.8/site-packages/airflow/example_dags/example_short_circuit_operator.py for tasks to queue
[2024-03-12T11:20:54.402+0200] {logging_mixin.py:188} INFO - [2024-03-12T11:20:54.401+0200] {dagbag.py:540} INFO - Filling up the DagBag from /usr/local/lib/python3.8/site-packages/airflow/example_dags/example_short_circuit_operator.py
[2024-03-12T11:20:54.425+0200] {processor.py:840} INFO - DAG(s) 'example_short_circuit_operator' retrieved from /usr/local/lib/python3.8/site-packages/airflow/example_dags/example_short_circuit_operator.py
[2024-03-12T11:20:54.552+0200] {logging_mixin.py:188} INFO - [2024-03-12T11:20:54.551+0200] {dag.py:3047} INFO - Sync 1 DAGs
[2024-03-12T11:20:54.569+0200] {logging_mixin.py:188} INFO - [2024-03-12T11:20:54.569+0200] {dag.py:3834} INFO - Setting next_dagrun for example_short_circuit_operator to 2024-03-11 00:00:00+00:00, run_after=2024-03-12 00:00:00+00:00
[2024-03-12T11:20:54.586+0200] {processor.py:183} INFO - Processing /usr/local/lib/python3.8/site-packages/airflow/example_dags/example_short_circuit_operator.py took 0.187 seconds
[2024-03-12T11:22:42.584+0200] {processor.py:161} INFO - Started process (PID=8054) to work on /usr/local/lib/python3.8/site-packages/airflow/example_dags/example_short_circuit_operator.py
[2024-03-12T11:22:42.585+0200] {processor.py:830} INFO - Processing file /usr/local/lib/python3.8/site-packages/airflow/example_dags/example_short_circuit_operator.py for tasks to queue
[2024-03-12T11:22:42.586+0200] {logging_mixin.py:188} INFO - [2024-03-12T11:22:42.586+0200] {dagbag.py:540} INFO - Filling up the DagBag from /usr/local/lib/python3.8/site-packages/airflow/example_dags/example_short_circuit_operator.py
[2024-03-12T11:22:42.613+0200] {processor.py:840} INFO - DAG(s) 'example_short_circuit_operator' retrieved from /usr/local/lib/python3.8/site-packages/airflow/example_dags/example_short_circuit_operator.py
[2024-03-12T11:22:42.755+0200] {logging_mixin.py:188} INFO - [2024-03-12T11:22:42.755+0200] {dag.py:3047} INFO - Sync 1 DAGs
[2024-03-12T11:22:42.774+0200] {logging_mixin.py:188} INFO - [2024-03-12T11:22:42.773+0200] {dag.py:3834} INFO - Setting next_dagrun for example_short_circuit_operator to 2024-03-11 00:00:00+00:00, run_after=2024-03-12 00:00:00+00:00
[2024-03-12T11:22:42.792+0200] {processor.py:183} INFO - Processing /usr/local/lib/python3.8/site-packages/airflow/example_dags/example_short_circuit_operator.py took 0.209 seconds
[2024-03-12T11:24:37.577+0200] {processor.py:161} INFO - Started process (PID=8185) to work on /usr/local/lib/python3.8/site-packages/airflow/example_dags/example_short_circuit_operator.py
[2024-03-12T11:24:37.578+0200] {processor.py:830} INFO - Processing file /usr/local/lib/python3.8/site-packages/airflow/example_dags/example_short_circuit_operator.py for tasks to queue
[2024-03-12T11:24:37.579+0200] {logging_mixin.py:188} INFO - [2024-03-12T11:24:37.579+0200] {dagbag.py:540} INFO - Filling up the DagBag from /usr/local/lib/python3.8/site-packages/airflow/example_dags/example_short_circuit_operator.py
[2024-03-12T11:24:37.606+0200] {processor.py:840} INFO - DAG(s) 'example_short_circuit_operator' retrieved from /usr/local/lib/python3.8/site-packages/airflow/example_dags/example_short_circuit_operator.py
[2024-03-12T11:24:37.746+0200] {logging_mixin.py:188} INFO - [2024-03-12T11:24:37.746+0200] {dag.py:3047} INFO - Sync 1 DAGs
[2024-03-12T11:24:37.765+0200] {logging_mixin.py:188} INFO - [2024-03-12T11:24:37.765+0200] {dag.py:3834} INFO - Setting next_dagrun for example_short_circuit_operator to 2024-03-11 00:00:00+00:00, run_after=2024-03-12 00:00:00+00:00
[2024-03-12T11:24:37.783+0200] {processor.py:183} INFO - Processing /usr/local/lib/python3.8/site-packages/airflow/example_dags/example_short_circuit_operator.py took 0.207 seconds
[2024-03-12T11:26:34.609+0200] {processor.py:161} INFO - Started process (PID=8315) to work on /usr/local/lib/python3.8/site-packages/airflow/example_dags/example_short_circuit_operator.py
[2024-03-12T11:26:34.610+0200] {processor.py:830} INFO - Processing file /usr/local/lib/python3.8/site-packages/airflow/example_dags/example_short_circuit_operator.py for tasks to queue
[2024-03-12T11:26:34.611+0200] {logging_mixin.py:188} INFO - [2024-03-12T11:26:34.610+0200] {dagbag.py:540} INFO - Filling up the DagBag from /usr/local/lib/python3.8/site-packages/airflow/example_dags/example_short_circuit_operator.py
[2024-03-12T11:26:34.636+0200] {processor.py:840} INFO - DAG(s) 'example_short_circuit_operator' retrieved from /usr/local/lib/python3.8/site-packages/airflow/example_dags/example_short_circuit_operator.py
[2024-03-12T11:26:34.768+0200] {logging_mixin.py:188} INFO - [2024-03-12T11:26:34.768+0200] {dag.py:3047} INFO - Sync 1 DAGs
[2024-03-12T11:26:34.786+0200] {logging_mixin.py:188} INFO - [2024-03-12T11:26:34.785+0200] {dag.py:3834} INFO - Setting next_dagrun for example_short_circuit_operator to 2024-03-11 00:00:00+00:00, run_after=2024-03-12 00:00:00+00:00
[2024-03-12T11:26:34.803+0200] {processor.py:183} INFO - Processing /usr/local/lib/python3.8/site-packages/airflow/example_dags/example_short_circuit_operator.py took 0.195 seconds
[2024-03-12T11:28:30.220+0200] {processor.py:161} INFO - Started process (PID=8684) to work on /usr/local/lib/python3.8/site-packages/airflow/example_dags/example_short_circuit_operator.py
[2024-03-12T11:28:30.221+0200] {processor.py:830} INFO - Processing file /usr/local/lib/python3.8/site-packages/airflow/example_dags/example_short_circuit_operator.py for tasks to queue
[2024-03-12T11:28:30.222+0200] {logging_mixin.py:188} INFO - [2024-03-12T11:28:30.222+0200] {dagbag.py:540} INFO - Filling up the DagBag from /usr/local/lib/python3.8/site-packages/airflow/example_dags/example_short_circuit_operator.py
[2024-03-12T11:28:30.249+0200] {processor.py:840} INFO - DAG(s) 'example_short_circuit_operator' retrieved from /usr/local/lib/python3.8/site-packages/airflow/example_dags/example_short_circuit_operator.py
[2024-03-12T11:28:30.393+0200] {logging_mixin.py:188} INFO - [2024-03-12T11:28:30.393+0200] {dag.py:3047} INFO - Sync 1 DAGs
[2024-03-12T11:28:30.411+0200] {logging_mixin.py:188} INFO - [2024-03-12T11:28:30.410+0200] {dag.py:3834} INFO - Setting next_dagrun for example_short_circuit_operator to 2024-03-11 00:00:00+00:00, run_after=2024-03-12 00:00:00+00:00
[2024-03-12T11:28:30.431+0200] {processor.py:183} INFO - Processing /usr/local/lib/python3.8/site-packages/airflow/example_dags/example_short_circuit_operator.py took 0.213 seconds
[2024-03-12T11:30:28.239+0200] {processor.py:161} INFO - Started process (PID=8822) to work on /usr/local/lib/python3.8/site-packages/airflow/example_dags/example_short_circuit_operator.py
[2024-03-12T11:30:28.239+0200] {processor.py:830} INFO - Processing file /usr/local/lib/python3.8/site-packages/airflow/example_dags/example_short_circuit_operator.py for tasks to queue
[2024-03-12T11:30:28.240+0200] {logging_mixin.py:188} INFO - [2024-03-12T11:30:28.240+0200] {dagbag.py:540} INFO - Filling up the DagBag from /usr/local/lib/python3.8/site-packages/airflow/example_dags/example_short_circuit_operator.py
[2024-03-12T11:30:28.267+0200] {processor.py:840} INFO - DAG(s) 'example_short_circuit_operator' retrieved from /usr/local/lib/python3.8/site-packages/airflow/example_dags/example_short_circuit_operator.py
[2024-03-12T11:30:28.411+0200] {logging_mixin.py:188} INFO - [2024-03-12T11:30:28.410+0200] {dag.py:3047} INFO - Sync 1 DAGs
[2024-03-12T11:30:28.429+0200] {logging_mixin.py:188} INFO - [2024-03-12T11:30:28.428+0200] {dag.py:3834} INFO - Setting next_dagrun for example_short_circuit_operator to 2024-03-11 00:00:00+00:00, run_after=2024-03-12 00:00:00+00:00
[2024-03-12T11:30:28.447+0200] {processor.py:183} INFO - Processing /usr/local/lib/python3.8/site-packages/airflow/example_dags/example_short_circuit_operator.py took 0.210 seconds
[2024-03-12T11:32:23.013+0200] {processor.py:161} INFO - Started process (PID=8968) to work on /usr/local/lib/python3.8/site-packages/airflow/example_dags/example_short_circuit_operator.py
[2024-03-12T11:32:23.015+0200] {processor.py:830} INFO - Processing file /usr/local/lib/python3.8/site-packages/airflow/example_dags/example_short_circuit_operator.py for tasks to queue
[2024-03-12T11:32:23.016+0200] {logging_mixin.py:188} INFO - [2024-03-12T11:32:23.016+0200] {dagbag.py:540} INFO - Filling up the DagBag from /usr/local/lib/python3.8/site-packages/airflow/example_dags/example_short_circuit_operator.py
[2024-03-12T11:32:23.041+0200] {processor.py:840} INFO - DAG(s) 'example_short_circuit_operator' retrieved from /usr/local/lib/python3.8/site-packages/airflow/example_dags/example_short_circuit_operator.py
[2024-03-12T11:32:23.170+0200] {logging_mixin.py:188} INFO - [2024-03-12T11:32:23.170+0200] {dag.py:3047} INFO - Sync 1 DAGs
[2024-03-12T11:32:23.187+0200] {logging_mixin.py:188} INFO - [2024-03-12T11:32:23.187+0200] {dag.py:3834} INFO - Setting next_dagrun for example_short_circuit_operator to 2024-03-11 00:00:00+00:00, run_after=2024-03-12 00:00:00+00:00
[2024-03-12T11:32:23.206+0200] {processor.py:183} INFO - Processing /usr/local/lib/python3.8/site-packages/airflow/example_dags/example_short_circuit_operator.py took 0.193 seconds
[2024-03-12T11:34:14.865+0200] {processor.py:161} INFO - Started process (PID=9094) to work on /usr/local/lib/python3.8/site-packages/airflow/example_dags/example_short_circuit_operator.py
[2024-03-12T11:34:14.867+0200] {processor.py:830} INFO - Processing file /usr/local/lib/python3.8/site-packages/airflow/example_dags/example_short_circuit_operator.py for tasks to queue
[2024-03-12T11:34:14.868+0200] {logging_mixin.py:188} INFO - [2024-03-12T11:34:14.868+0200] {dagbag.py:540} INFO - Filling up the DagBag from /usr/local/lib/python3.8/site-packages/airflow/example_dags/example_short_circuit_operator.py
[2024-03-12T11:34:14.894+0200] {processor.py:840} INFO - DAG(s) 'example_short_circuit_operator' retrieved from /usr/local/lib/python3.8/site-packages/airflow/example_dags/example_short_circuit_operator.py
[2024-03-12T11:34:15.033+0200] {logging_mixin.py:188} INFO - [2024-03-12T11:34:15.033+0200] {dag.py:3047} INFO - Sync 1 DAGs
[2024-03-12T11:34:15.052+0200] {logging_mixin.py:188} INFO - [2024-03-12T11:34:15.052+0200] {dag.py:3834} INFO - Setting next_dagrun for example_short_circuit_operator to 2024-03-11 00:00:00+00:00, run_after=2024-03-12 00:00:00+00:00
[2024-03-12T11:34:15.070+0200] {processor.py:183} INFO - Processing /usr/local/lib/python3.8/site-packages/airflow/example_dags/example_short_circuit_operator.py took 0.206 seconds
[2024-03-12T11:36:11.654+0200] {processor.py:161} INFO - Started process (PID=9251) to work on /usr/local/lib/python3.8/site-packages/airflow/example_dags/example_short_circuit_operator.py
[2024-03-12T11:36:11.656+0200] {processor.py:830} INFO - Processing file /usr/local/lib/python3.8/site-packages/airflow/example_dags/example_short_circuit_operator.py for tasks to queue
[2024-03-12T11:36:11.656+0200] {logging_mixin.py:188} INFO - [2024-03-12T11:36:11.656+0200] {dagbag.py:540} INFO - Filling up the DagBag from /usr/local/lib/python3.8/site-packages/airflow/example_dags/example_short_circuit_operator.py
[2024-03-12T11:36:11.682+0200] {processor.py:840} INFO - DAG(s) 'example_short_circuit_operator' retrieved from /usr/local/lib/python3.8/site-packages/airflow/example_dags/example_short_circuit_operator.py
[2024-03-12T11:36:11.810+0200] {logging_mixin.py:188} INFO - [2024-03-12T11:36:11.809+0200] {dag.py:3047} INFO - Sync 1 DAGs
[2024-03-12T11:36:11.828+0200] {logging_mixin.py:188} INFO - [2024-03-12T11:36:11.827+0200] {dag.py:3834} INFO - Setting next_dagrun for example_short_circuit_operator to 2024-03-11 00:00:00+00:00, run_after=2024-03-12 00:00:00+00:00
[2024-03-12T11:36:11.845+0200] {processor.py:183} INFO - Processing /usr/local/lib/python3.8/site-packages/airflow/example_dags/example_short_circuit_operator.py took 0.192 seconds
[2024-03-12T11:38:08.551+0200] {processor.py:161} INFO - Started process (PID=9386) to work on /usr/local/lib/python3.8/site-packages/airflow/example_dags/example_short_circuit_operator.py
[2024-03-12T11:38:08.552+0200] {processor.py:830} INFO - Processing file /usr/local/lib/python3.8/site-packages/airflow/example_dags/example_short_circuit_operator.py for tasks to queue
[2024-03-12T11:38:08.553+0200] {logging_mixin.py:188} INFO - [2024-03-12T11:38:08.553+0200] {dagbag.py:540} INFO - Filling up the DagBag from /usr/local/lib/python3.8/site-packages/airflow/example_dags/example_short_circuit_operator.py
[2024-03-12T11:38:08.580+0200] {processor.py:840} INFO - DAG(s) 'example_short_circuit_operator' retrieved from /usr/local/lib/python3.8/site-packages/airflow/example_dags/example_short_circuit_operator.py
[2024-03-12T11:38:08.704+0200] {logging_mixin.py:188} INFO - [2024-03-12T11:38:08.704+0200] {dag.py:3047} INFO - Sync 1 DAGs
[2024-03-12T11:38:08.721+0200] {logging_mixin.py:188} INFO - [2024-03-12T11:38:08.721+0200] {dag.py:3834} INFO - Setting next_dagrun for example_short_circuit_operator to 2024-03-11 00:00:00+00:00, run_after=2024-03-12 00:00:00+00:00
[2024-03-12T11:38:08.741+0200] {processor.py:183} INFO - Processing /usr/local/lib/python3.8/site-packages/airflow/example_dags/example_short_circuit_operator.py took 0.191 seconds
[2024-03-12T11:39:48.224+0200] {processor.py:161} INFO - Started process (PID=9510) to work on /usr/local/lib/python3.8/site-packages/airflow/example_dags/example_short_circuit_operator.py
[2024-03-12T11:39:48.225+0200] {processor.py:830} INFO - Processing file /usr/local/lib/python3.8/site-packages/airflow/example_dags/example_short_circuit_operator.py for tasks to queue
[2024-03-12T11:39:48.225+0200] {logging_mixin.py:188} INFO - [2024-03-12T11:39:48.225+0200] {dagbag.py:540} INFO - Filling up the DagBag from /usr/local/lib/python3.8/site-packages/airflow/example_dags/example_short_circuit_operator.py
[2024-03-12T11:39:48.246+0200] {processor.py:840} INFO - DAG(s) 'example_short_circuit_operator' retrieved from /usr/local/lib/python3.8/site-packages/airflow/example_dags/example_short_circuit_operator.py
[2024-03-12T11:39:48.364+0200] {logging_mixin.py:188} INFO - [2024-03-12T11:39:48.364+0200] {dag.py:3047} INFO - Sync 1 DAGs
[2024-03-12T11:39:48.381+0200] {logging_mixin.py:188} INFO - [2024-03-12T11:39:48.381+0200] {dag.py:3834} INFO - Setting next_dagrun for example_short_circuit_operator to 2024-03-11 00:00:00+00:00, run_after=2024-03-12 00:00:00+00:00
[2024-03-12T11:39:48.397+0200] {processor.py:183} INFO - Processing /usr/local/lib/python3.8/site-packages/airflow/example_dags/example_short_circuit_operator.py took 0.174 seconds
[2024-03-12T11:41:24.101+0200] {processor.py:161} INFO - Started process (PID=9612) to work on /usr/local/lib/python3.8/site-packages/airflow/example_dags/example_short_circuit_operator.py
[2024-03-12T11:41:24.102+0200] {processor.py:830} INFO - Processing file /usr/local/lib/python3.8/site-packages/airflow/example_dags/example_short_circuit_operator.py for tasks to queue
[2024-03-12T11:41:24.103+0200] {logging_mixin.py:188} INFO - [2024-03-12T11:41:24.103+0200] {dagbag.py:540} INFO - Filling up the DagBag from /usr/local/lib/python3.8/site-packages/airflow/example_dags/example_short_circuit_operator.py
[2024-03-12T11:41:24.123+0200] {processor.py:840} INFO - DAG(s) 'example_short_circuit_operator' retrieved from /usr/local/lib/python3.8/site-packages/airflow/example_dags/example_short_circuit_operator.py
[2024-03-12T11:41:24.245+0200] {logging_mixin.py:188} INFO - [2024-03-12T11:41:24.245+0200] {dag.py:3047} INFO - Sync 1 DAGs
[2024-03-12T11:41:24.261+0200] {logging_mixin.py:188} INFO - [2024-03-12T11:41:24.261+0200] {dag.py:3834} INFO - Setting next_dagrun for example_short_circuit_operator to 2024-03-11 00:00:00+00:00, run_after=2024-03-12 00:00:00+00:00
[2024-03-12T11:41:24.280+0200] {processor.py:183} INFO - Processing /usr/local/lib/python3.8/site-packages/airflow/example_dags/example_short_circuit_operator.py took 0.180 seconds
[2024-03-12T11:42:57.046+0200] {processor.py:161} INFO - Started process (PID=9718) to work on /usr/local/lib/python3.8/site-packages/airflow/example_dags/example_short_circuit_operator.py
[2024-03-12T11:42:57.047+0200] {processor.py:830} INFO - Processing file /usr/local/lib/python3.8/site-packages/airflow/example_dags/example_short_circuit_operator.py for tasks to queue
[2024-03-12T11:42:57.047+0200] {logging_mixin.py:188} INFO - [2024-03-12T11:42:57.047+0200] {dagbag.py:540} INFO - Filling up the DagBag from /usr/local/lib/python3.8/site-packages/airflow/example_dags/example_short_circuit_operator.py
[2024-03-12T11:42:57.069+0200] {processor.py:840} INFO - DAG(s) 'example_short_circuit_operator' retrieved from /usr/local/lib/python3.8/site-packages/airflow/example_dags/example_short_circuit_operator.py
[2024-03-12T11:42:57.210+0200] {logging_mixin.py:188} INFO - [2024-03-12T11:42:57.210+0200] {dag.py:3047} INFO - Sync 1 DAGs
[2024-03-12T11:42:57.225+0200] {logging_mixin.py:188} INFO - [2024-03-12T11:42:57.225+0200] {dag.py:3834} INFO - Setting next_dagrun for example_short_circuit_operator to 2024-03-11 00:00:00+00:00, run_after=2024-03-12 00:00:00+00:00
[2024-03-12T11:42:57.240+0200] {processor.py:183} INFO - Processing /usr/local/lib/python3.8/site-packages/airflow/example_dags/example_short_circuit_operator.py took 0.195 seconds
[2024-03-12T11:44:30.726+0200] {processor.py:161} INFO - Started process (PID=9842) to work on /usr/local/lib/python3.8/site-packages/airflow/example_dags/example_short_circuit_operator.py
[2024-03-12T11:44:30.727+0200] {processor.py:830} INFO - Processing file /usr/local/lib/python3.8/site-packages/airflow/example_dags/example_short_circuit_operator.py for tasks to queue
[2024-03-12T11:44:30.728+0200] {logging_mixin.py:188} INFO - [2024-03-12T11:44:30.727+0200] {dagbag.py:540} INFO - Filling up the DagBag from /usr/local/lib/python3.8/site-packages/airflow/example_dags/example_short_circuit_operator.py
[2024-03-12T11:44:30.748+0200] {processor.py:840} INFO - DAG(s) 'example_short_circuit_operator' retrieved from /usr/local/lib/python3.8/site-packages/airflow/example_dags/example_short_circuit_operator.py
[2024-03-12T11:44:30.869+0200] {logging_mixin.py:188} INFO - [2024-03-12T11:44:30.868+0200] {dag.py:3047} INFO - Sync 1 DAGs
[2024-03-12T11:44:30.886+0200] {logging_mixin.py:188} INFO - [2024-03-12T11:44:30.885+0200] {dag.py:3834} INFO - Setting next_dagrun for example_short_circuit_operator to 2024-03-11 00:00:00+00:00, run_after=2024-03-12 00:00:00+00:00
[2024-03-12T11:44:30.902+0200] {processor.py:183} INFO - Processing /usr/local/lib/python3.8/site-packages/airflow/example_dags/example_short_circuit_operator.py took 0.177 seconds
[2024-03-12T11:46:07.108+0200] {processor.py:161} INFO - Started process (PID=9955) to work on /usr/local/lib/python3.8/site-packages/airflow/example_dags/example_short_circuit_operator.py
[2024-03-12T11:46:07.109+0200] {processor.py:830} INFO - Processing file /usr/local/lib/python3.8/site-packages/airflow/example_dags/example_short_circuit_operator.py for tasks to queue
[2024-03-12T11:46:07.110+0200] {logging_mixin.py:188} INFO - [2024-03-12T11:46:07.110+0200] {dagbag.py:540} INFO - Filling up the DagBag from /usr/local/lib/python3.8/site-packages/airflow/example_dags/example_short_circuit_operator.py
[2024-03-12T11:46:07.135+0200] {processor.py:840} INFO - DAG(s) 'example_short_circuit_operator' retrieved from /usr/local/lib/python3.8/site-packages/airflow/example_dags/example_short_circuit_operator.py
[2024-03-12T11:46:07.259+0200] {logging_mixin.py:188} INFO - [2024-03-12T11:46:07.259+0200] {dag.py:3047} INFO - Sync 1 DAGs
[2024-03-12T11:46:07.276+0200] {logging_mixin.py:188} INFO - [2024-03-12T11:46:07.276+0200] {dag.py:3834} INFO - Setting next_dagrun for example_short_circuit_operator to 2024-03-11 00:00:00+00:00, run_after=2024-03-12 00:00:00+00:00
[2024-03-12T11:46:07.294+0200] {processor.py:183} INFO - Processing /usr/local/lib/python3.8/site-packages/airflow/example_dags/example_short_circuit_operator.py took 0.188 seconds
[2024-03-12T11:47:49.300+0200] {processor.py:161} INFO - Started process (PID=10072) to work on /usr/local/lib/python3.8/site-packages/airflow/example_dags/example_short_circuit_operator.py
[2024-03-12T11:47:49.301+0200] {processor.py:830} INFO - Processing file /usr/local/lib/python3.8/site-packages/airflow/example_dags/example_short_circuit_operator.py for tasks to queue
[2024-03-12T11:47:49.302+0200] {logging_mixin.py:188} INFO - [2024-03-12T11:47:49.302+0200] {dagbag.py:540} INFO - Filling up the DagBag from /usr/local/lib/python3.8/site-packages/airflow/example_dags/example_short_circuit_operator.py
[2024-03-12T11:47:49.334+0200] {processor.py:840} INFO - DAG(s) 'example_short_circuit_operator' retrieved from /usr/local/lib/python3.8/site-packages/airflow/example_dags/example_short_circuit_operator.py
[2024-03-12T11:47:49.475+0200] {logging_mixin.py:188} INFO - [2024-03-12T11:47:49.475+0200] {dag.py:3047} INFO - Sync 1 DAGs
[2024-03-12T11:47:49.498+0200] {logging_mixin.py:188} INFO - [2024-03-12T11:47:49.498+0200] {dag.py:3834} INFO - Setting next_dagrun for example_short_circuit_operator to 2024-03-11 00:00:00+00:00, run_after=2024-03-12 00:00:00+00:00
[2024-03-12T11:47:49.520+0200] {processor.py:183} INFO - Processing /usr/local/lib/python3.8/site-packages/airflow/example_dags/example_short_circuit_operator.py took 0.222 seconds
[2024-03-12T12:22:17.243+0200] {processor.py:161} INFO - Started process (PID=10261) to work on /usr/local/lib/python3.8/site-packages/airflow/example_dags/example_short_circuit_operator.py
[2024-03-12T12:22:17.244+0200] {processor.py:830} INFO - Processing file /usr/local/lib/python3.8/site-packages/airflow/example_dags/example_short_circuit_operator.py for tasks to queue
[2024-03-12T12:22:17.245+0200] {logging_mixin.py:188} INFO - [2024-03-12T12:22:17.244+0200] {dagbag.py:540} INFO - Filling up the DagBag from /usr/local/lib/python3.8/site-packages/airflow/example_dags/example_short_circuit_operator.py
[2024-03-12T12:22:17.273+0200] {processor.py:840} INFO - DAG(s) 'example_short_circuit_operator' retrieved from /usr/local/lib/python3.8/site-packages/airflow/example_dags/example_short_circuit_operator.py
[2024-03-12T12:22:17.413+0200] {logging_mixin.py:188} INFO - [2024-03-12T12:22:17.412+0200] {dag.py:3047} INFO - Sync 1 DAGs
[2024-03-12T12:22:17.431+0200] {logging_mixin.py:188} INFO - [2024-03-12T12:22:17.430+0200] {dag.py:3834} INFO - Setting next_dagrun for example_short_circuit_operator to 2024-03-11 00:00:00+00:00, run_after=2024-03-12 00:00:00+00:00
[2024-03-12T12:22:17.447+0200] {processor.py:183} INFO - Processing /usr/local/lib/python3.8/site-packages/airflow/example_dags/example_short_circuit_operator.py took 0.206 seconds
[2024-03-12T12:24:15.961+0200] {processor.py:161} INFO - Started process (PID=10396) to work on /usr/local/lib/python3.8/site-packages/airflow/example_dags/example_short_circuit_operator.py
[2024-03-12T12:24:15.962+0200] {processor.py:830} INFO - Processing file /usr/local/lib/python3.8/site-packages/airflow/example_dags/example_short_circuit_operator.py for tasks to queue
[2024-03-12T12:24:15.963+0200] {logging_mixin.py:188} INFO - [2024-03-12T12:24:15.963+0200] {dagbag.py:540} INFO - Filling up the DagBag from /usr/local/lib/python3.8/site-packages/airflow/example_dags/example_short_circuit_operator.py
[2024-03-12T12:24:15.983+0200] {processor.py:840} INFO - DAG(s) 'example_short_circuit_operator' retrieved from /usr/local/lib/python3.8/site-packages/airflow/example_dags/example_short_circuit_operator.py
[2024-03-12T12:24:16.102+0200] {logging_mixin.py:188} INFO - [2024-03-12T12:24:16.102+0200] {dag.py:3047} INFO - Sync 1 DAGs
[2024-03-12T12:24:16.120+0200] {logging_mixin.py:188} INFO - [2024-03-12T12:24:16.119+0200] {dag.py:3834} INFO - Setting next_dagrun for example_short_circuit_operator to 2024-03-11 00:00:00+00:00, run_after=2024-03-12 00:00:00+00:00
[2024-03-12T12:24:16.136+0200] {processor.py:183} INFO - Processing /usr/local/lib/python3.8/site-packages/airflow/example_dags/example_short_circuit_operator.py took 0.175 seconds
[2024-03-12T12:25:50.434+0200] {processor.py:161} INFO - Started process (PID=10497) to work on /usr/local/lib/python3.8/site-packages/airflow/example_dags/example_short_circuit_operator.py
[2024-03-12T12:25:50.434+0200] {processor.py:830} INFO - Processing file /usr/local/lib/python3.8/site-packages/airflow/example_dags/example_short_circuit_operator.py for tasks to queue
[2024-03-12T12:25:50.435+0200] {logging_mixin.py:188} INFO - [2024-03-12T12:25:50.435+0200] {dagbag.py:540} INFO - Filling up the DagBag from /usr/local/lib/python3.8/site-packages/airflow/example_dags/example_short_circuit_operator.py
[2024-03-12T12:25:50.455+0200] {processor.py:840} INFO - DAG(s) 'example_short_circuit_operator' retrieved from /usr/local/lib/python3.8/site-packages/airflow/example_dags/example_short_circuit_operator.py
[2024-03-12T12:25:50.573+0200] {logging_mixin.py:188} INFO - [2024-03-12T12:25:50.573+0200] {dag.py:3047} INFO - Sync 1 DAGs
[2024-03-12T12:25:50.590+0200] {logging_mixin.py:188} INFO - [2024-03-12T12:25:50.589+0200] {dag.py:3834} INFO - Setting next_dagrun for example_short_circuit_operator to 2024-03-11 00:00:00+00:00, run_after=2024-03-12 00:00:00+00:00
[2024-03-12T12:25:50.606+0200] {processor.py:183} INFO - Processing /usr/local/lib/python3.8/site-packages/airflow/example_dags/example_short_circuit_operator.py took 0.174 seconds
[2024-03-12T12:27:32.595+0200] {processor.py:161} INFO - Started process (PID=10622) to work on /usr/local/lib/python3.8/site-packages/airflow/example_dags/example_short_circuit_operator.py
[2024-03-12T12:27:32.596+0200] {processor.py:830} INFO - Processing file /usr/local/lib/python3.8/site-packages/airflow/example_dags/example_short_circuit_operator.py for tasks to queue
[2024-03-12T12:27:32.597+0200] {logging_mixin.py:188} INFO - [2024-03-12T12:27:32.597+0200] {dagbag.py:540} INFO - Filling up the DagBag from /usr/local/lib/python3.8/site-packages/airflow/example_dags/example_short_circuit_operator.py
[2024-03-12T12:27:32.622+0200] {processor.py:840} INFO - DAG(s) 'example_short_circuit_operator' retrieved from /usr/local/lib/python3.8/site-packages/airflow/example_dags/example_short_circuit_operator.py
[2024-03-12T12:27:32.748+0200] {logging_mixin.py:188} INFO - [2024-03-12T12:27:32.747+0200] {dag.py:3047} INFO - Sync 1 DAGs
[2024-03-12T12:27:32.765+0200] {logging_mixin.py:188} INFO - [2024-03-12T12:27:32.765+0200] {dag.py:3834} INFO - Setting next_dagrun for example_short_circuit_operator to 2024-03-11 00:00:00+00:00, run_after=2024-03-12 00:00:00+00:00
[2024-03-12T12:27:32.782+0200] {processor.py:183} INFO - Processing /usr/local/lib/python3.8/site-packages/airflow/example_dags/example_short_circuit_operator.py took 0.188 seconds
