[2024-03-12T10:11:56.682+0200] {processor.py:161} INFO - Started process (PID=3404) to work on /usr/local/lib/python3.8/site-packages/airflow/example_dags/example_params_ui_tutorial.py
[2024-03-12T10:11:56.683+0200] {processor.py:830} INFO - Processing file /usr/local/lib/python3.8/site-packages/airflow/example_dags/example_params_ui_tutorial.py for tasks to queue
[2024-03-12T10:11:56.684+0200] {logging_mixin.py:188} INFO - [2024-03-12T10:11:56.684+0200] {dagbag.py:540} INFO - Filling up the DagBag from /usr/local/lib/python3.8/site-packages/airflow/example_dags/example_params_ui_tutorial.py
[2024-03-12T10:11:56.725+0200] {processor.py:840} INFO - DAG(s) 'example_params_ui_tutorial' retrieved from /usr/local/lib/python3.8/site-packages/airflow/example_dags/example_params_ui_tutorial.py
[2024-03-12T10:11:56.984+0200] {logging_mixin.py:188} INFO - [2024-03-12T10:11:56.984+0200] {dag.py:3047} INFO - Sync 1 DAGs
[2024-03-12T10:11:56.992+0200] {logging_mixin.py:188} INFO - [2024-03-12T10:11:56.991+0200] {dag.py:3834} INFO - Setting next_dagrun for example_params_ui_tutorial to None, run_after=None
[2024-03-12T10:11:57.007+0200] {processor.py:183} INFO - Processing /usr/local/lib/python3.8/site-packages/airflow/example_dags/example_params_ui_tutorial.py took 0.326 seconds
[2024-03-12T10:14:24.135+0200] {processor.py:161} INFO - Started process (PID=3593) to work on /usr/local/lib/python3.8/site-packages/airflow/example_dags/example_params_ui_tutorial.py
[2024-03-12T10:14:24.135+0200] {processor.py:830} INFO - Processing file /usr/local/lib/python3.8/site-packages/airflow/example_dags/example_params_ui_tutorial.py for tasks to queue
[2024-03-12T10:14:24.136+0200] {logging_mixin.py:188} INFO - [2024-03-12T10:14:24.136+0200] {dagbag.py:540} INFO - Filling up the DagBag from /usr/local/lib/python3.8/site-packages/airflow/example_dags/example_params_ui_tutorial.py
[2024-03-12T10:14:24.168+0200] {processor.py:840} INFO - DAG(s) 'example_params_ui_tutorial' retrieved from /usr/local/lib/python3.8/site-packages/airflow/example_dags/example_params_ui_tutorial.py
[2024-03-12T10:14:24.331+0200] {logging_mixin.py:188} INFO - [2024-03-12T10:14:24.331+0200] {dag.py:3047} INFO - Sync 1 DAGs
[2024-03-12T10:14:24.339+0200] {logging_mixin.py:188} INFO - [2024-03-12T10:14:24.339+0200] {dag.py:3834} INFO - Setting next_dagrun for example_params_ui_tutorial to None, run_after=None
[2024-03-12T10:14:24.356+0200] {processor.py:183} INFO - Processing /usr/local/lib/python3.8/site-packages/airflow/example_dags/example_params_ui_tutorial.py took 0.223 seconds
[2024-03-12T10:29:25.208+0200] {processor.py:161} INFO - Started process (PID=4217) to work on /usr/local/lib/python3.8/site-packages/airflow/example_dags/example_params_ui_tutorial.py
[2024-03-12T10:29:25.209+0200] {processor.py:830} INFO - Processing file /usr/local/lib/python3.8/site-packages/airflow/example_dags/example_params_ui_tutorial.py for tasks to queue
[2024-03-12T10:29:25.210+0200] {logging_mixin.py:188} INFO - [2024-03-12T10:29:25.210+0200] {dagbag.py:540} INFO - Filling up the DagBag from /usr/local/lib/python3.8/site-packages/airflow/example_dags/example_params_ui_tutorial.py
[2024-03-12T10:29:25.251+0200] {processor.py:840} INFO - DAG(s) 'example_params_ui_tutorial' retrieved from /usr/local/lib/python3.8/site-packages/airflow/example_dags/example_params_ui_tutorial.py
[2024-03-12T10:29:25.436+0200] {logging_mixin.py:188} INFO - [2024-03-12T10:29:25.436+0200] {dag.py:3047} INFO - Sync 1 DAGs
[2024-03-12T10:29:25.444+0200] {logging_mixin.py:188} INFO - [2024-03-12T10:29:25.444+0200] {dag.py:3834} INFO - Setting next_dagrun for example_params_ui_tutorial to None, run_after=None
[2024-03-12T10:29:25.462+0200] {processor.py:183} INFO - Processing /usr/local/lib/python3.8/site-packages/airflow/example_dags/example_params_ui_tutorial.py took 0.256 seconds
[2024-03-12T10:31:44.779+0200] {processor.py:161} INFO - Started process (PID=4385) to work on /usr/local/lib/python3.8/site-packages/airflow/example_dags/example_params_ui_tutorial.py
[2024-03-12T10:31:44.780+0200] {processor.py:830} INFO - Processing file /usr/local/lib/python3.8/site-packages/airflow/example_dags/example_params_ui_tutorial.py for tasks to queue
[2024-03-12T10:31:44.780+0200] {logging_mixin.py:188} INFO - [2024-03-12T10:31:44.780+0200] {dagbag.py:540} INFO - Filling up the DagBag from /usr/local/lib/python3.8/site-packages/airflow/example_dags/example_params_ui_tutorial.py
[2024-03-12T10:31:44.810+0200] {processor.py:840} INFO - DAG(s) 'example_params_ui_tutorial' retrieved from /usr/local/lib/python3.8/site-packages/airflow/example_dags/example_params_ui_tutorial.py
[2024-03-12T10:31:44.972+0200] {logging_mixin.py:188} INFO - [2024-03-12T10:31:44.972+0200] {dag.py:3047} INFO - Sync 1 DAGs
[2024-03-12T10:31:44.980+0200] {logging_mixin.py:188} INFO - [2024-03-12T10:31:44.980+0200] {dag.py:3834} INFO - Setting next_dagrun for example_params_ui_tutorial to None, run_after=None
[2024-03-12T10:31:44.996+0200] {processor.py:183} INFO - Processing /usr/local/lib/python3.8/site-packages/airflow/example_dags/example_params_ui_tutorial.py took 0.218 seconds
[2024-03-12T10:35:29.964+0200] {processor.py:161} INFO - Started process (PID=4668) to work on /usr/local/lib/python3.8/site-packages/airflow/example_dags/example_params_ui_tutorial.py
[2024-03-12T10:35:29.966+0200] {processor.py:830} INFO - Processing file /usr/local/lib/python3.8/site-packages/airflow/example_dags/example_params_ui_tutorial.py for tasks to queue
[2024-03-12T10:35:29.967+0200] {logging_mixin.py:188} INFO - [2024-03-12T10:35:29.967+0200] {dagbag.py:540} INFO - Filling up the DagBag from /usr/local/lib/python3.8/site-packages/airflow/example_dags/example_params_ui_tutorial.py
[2024-03-12T10:35:30.004+0200] {processor.py:840} INFO - DAG(s) 'example_params_ui_tutorial' retrieved from /usr/local/lib/python3.8/site-packages/airflow/example_dags/example_params_ui_tutorial.py
[2024-03-12T10:35:30.169+0200] {logging_mixin.py:188} INFO - [2024-03-12T10:35:30.169+0200] {dag.py:3047} INFO - Sync 1 DAGs
[2024-03-12T10:35:30.177+0200] {logging_mixin.py:188} INFO - [2024-03-12T10:35:30.177+0200] {dag.py:3834} INFO - Setting next_dagrun for example_params_ui_tutorial to None, run_after=None
[2024-03-12T10:35:30.191+0200] {processor.py:183} INFO - Processing /usr/local/lib/python3.8/site-packages/airflow/example_dags/example_params_ui_tutorial.py took 0.228 seconds
[2024-03-12T10:39:15.355+0200] {processor.py:161} INFO - Started process (PID=4958) to work on /usr/local/lib/python3.8/site-packages/airflow/example_dags/example_params_ui_tutorial.py
[2024-03-12T10:39:15.356+0200] {processor.py:830} INFO - Processing file /usr/local/lib/python3.8/site-packages/airflow/example_dags/example_params_ui_tutorial.py for tasks to queue
[2024-03-12T10:39:15.357+0200] {logging_mixin.py:188} INFO - [2024-03-12T10:39:15.357+0200] {dagbag.py:540} INFO - Filling up the DagBag from /usr/local/lib/python3.8/site-packages/airflow/example_dags/example_params_ui_tutorial.py
[2024-03-12T10:39:15.389+0200] {processor.py:840} INFO - DAG(s) 'example_params_ui_tutorial' retrieved from /usr/local/lib/python3.8/site-packages/airflow/example_dags/example_params_ui_tutorial.py
[2024-03-12T10:39:15.546+0200] {logging_mixin.py:188} INFO - [2024-03-12T10:39:15.545+0200] {dag.py:3047} INFO - Sync 1 DAGs
[2024-03-12T10:39:15.553+0200] {logging_mixin.py:188} INFO - [2024-03-12T10:39:15.553+0200] {dag.py:3834} INFO - Setting next_dagrun for example_params_ui_tutorial to None, run_after=None
[2024-03-12T10:39:15.572+0200] {processor.py:183} INFO - Processing /usr/local/lib/python3.8/site-packages/airflow/example_dags/example_params_ui_tutorial.py took 0.219 seconds
[2024-03-12T10:42:43.714+0200] {processor.py:161} INFO - Started process (PID=5193) to work on /usr/local/lib/python3.8/site-packages/airflow/example_dags/example_params_ui_tutorial.py
[2024-03-12T10:42:43.715+0200] {processor.py:830} INFO - Processing file /usr/local/lib/python3.8/site-packages/airflow/example_dags/example_params_ui_tutorial.py for tasks to queue
[2024-03-12T10:42:43.715+0200] {logging_mixin.py:188} INFO - [2024-03-12T10:42:43.715+0200] {dagbag.py:540} INFO - Filling up the DagBag from /usr/local/lib/python3.8/site-packages/airflow/example_dags/example_params_ui_tutorial.py
[2024-03-12T10:42:43.752+0200] {processor.py:840} INFO - DAG(s) 'example_params_ui_tutorial' retrieved from /usr/local/lib/python3.8/site-packages/airflow/example_dags/example_params_ui_tutorial.py
[2024-03-12T10:42:43.933+0200] {logging_mixin.py:188} INFO - [2024-03-12T10:42:43.932+0200] {dag.py:3047} INFO - Sync 1 DAGs
[2024-03-12T10:42:43.942+0200] {logging_mixin.py:188} INFO - [2024-03-12T10:42:43.941+0200] {dag.py:3834} INFO - Setting next_dagrun for example_params_ui_tutorial to None, run_after=None
[2024-03-12T10:42:43.958+0200] {processor.py:183} INFO - Processing /usr/local/lib/python3.8/site-packages/airflow/example_dags/example_params_ui_tutorial.py took 0.246 seconds
[2024-03-12T10:46:26.600+0200] {processor.py:161} INFO - Started process (PID=5447) to work on /usr/local/lib/python3.8/site-packages/airflow/example_dags/example_params_ui_tutorial.py
[2024-03-12T10:46:26.601+0200] {processor.py:830} INFO - Processing file /usr/local/lib/python3.8/site-packages/airflow/example_dags/example_params_ui_tutorial.py for tasks to queue
[2024-03-12T10:46:26.601+0200] {logging_mixin.py:188} INFO - [2024-03-12T10:46:26.601+0200] {dagbag.py:540} INFO - Filling up the DagBag from /usr/local/lib/python3.8/site-packages/airflow/example_dags/example_params_ui_tutorial.py
[2024-03-12T10:46:26.637+0200] {processor.py:840} INFO - DAG(s) 'example_params_ui_tutorial' retrieved from /usr/local/lib/python3.8/site-packages/airflow/example_dags/example_params_ui_tutorial.py
[2024-03-12T10:46:26.810+0200] {logging_mixin.py:188} INFO - [2024-03-12T10:46:26.809+0200] {dag.py:3047} INFO - Sync 1 DAGs
[2024-03-12T10:46:26.818+0200] {logging_mixin.py:188} INFO - [2024-03-12T10:46:26.818+0200] {dag.py:3834} INFO - Setting next_dagrun for example_params_ui_tutorial to None, run_after=None
[2024-03-12T10:46:26.835+0200] {processor.py:183} INFO - Processing /usr/local/lib/python3.8/site-packages/airflow/example_dags/example_params_ui_tutorial.py took 0.237 seconds
[2024-03-12T10:50:08.755+0200] {processor.py:161} INFO - Started process (PID=5701) to work on /usr/local/lib/python3.8/site-packages/airflow/example_dags/example_params_ui_tutorial.py
[2024-03-12T10:50:08.756+0200] {processor.py:830} INFO - Processing file /usr/local/lib/python3.8/site-packages/airflow/example_dags/example_params_ui_tutorial.py for tasks to queue
[2024-03-12T10:50:08.757+0200] {logging_mixin.py:188} INFO - [2024-03-12T10:50:08.757+0200] {dagbag.py:540} INFO - Filling up the DagBag from /usr/local/lib/python3.8/site-packages/airflow/example_dags/example_params_ui_tutorial.py
[2024-03-12T10:50:08.796+0200] {processor.py:840} INFO - DAG(s) 'example_params_ui_tutorial' retrieved from /usr/local/lib/python3.8/site-packages/airflow/example_dags/example_params_ui_tutorial.py
[2024-03-12T10:50:08.975+0200] {logging_mixin.py:188} INFO - [2024-03-12T10:50:08.975+0200] {dag.py:3047} INFO - Sync 1 DAGs
[2024-03-12T10:50:08.984+0200] {logging_mixin.py:188} INFO - [2024-03-12T10:50:08.983+0200] {dag.py:3834} INFO - Setting next_dagrun for example_params_ui_tutorial to None, run_after=None
[2024-03-12T10:50:09.001+0200] {processor.py:183} INFO - Processing /usr/local/lib/python3.8/site-packages/airflow/example_dags/example_params_ui_tutorial.py took 0.247 seconds
[2024-03-12T10:53:51.626+0200] {processor.py:161} INFO - Started process (PID=5951) to work on /usr/local/lib/python3.8/site-packages/airflow/example_dags/example_params_ui_tutorial.py
[2024-03-12T10:53:51.627+0200] {processor.py:830} INFO - Processing file /usr/local/lib/python3.8/site-packages/airflow/example_dags/example_params_ui_tutorial.py for tasks to queue
[2024-03-12T10:53:51.628+0200] {logging_mixin.py:188} INFO - [2024-03-12T10:53:51.628+0200] {dagbag.py:540} INFO - Filling up the DagBag from /usr/local/lib/python3.8/site-packages/airflow/example_dags/example_params_ui_tutorial.py
[2024-03-12T10:53:51.665+0200] {processor.py:840} INFO - DAG(s) 'example_params_ui_tutorial' retrieved from /usr/local/lib/python3.8/site-packages/airflow/example_dags/example_params_ui_tutorial.py
[2024-03-12T10:53:51.847+0200] {logging_mixin.py:188} INFO - [2024-03-12T10:53:51.847+0200] {dag.py:3047} INFO - Sync 1 DAGs
[2024-03-12T10:53:51.855+0200] {logging_mixin.py:188} INFO - [2024-03-12T10:53:51.855+0200] {dag.py:3834} INFO - Setting next_dagrun for example_params_ui_tutorial to None, run_after=None
[2024-03-12T10:53:51.872+0200] {processor.py:183} INFO - Processing /usr/local/lib/python3.8/site-packages/airflow/example_dags/example_params_ui_tutorial.py took 0.247 seconds
[2024-03-12T10:57:30.963+0200] {processor.py:161} INFO - Started process (PID=6235) to work on /usr/local/lib/python3.8/site-packages/airflow/example_dags/example_params_ui_tutorial.py
[2024-03-12T10:57:30.964+0200] {processor.py:830} INFO - Processing file /usr/local/lib/python3.8/site-packages/airflow/example_dags/example_params_ui_tutorial.py for tasks to queue
[2024-03-12T10:57:30.965+0200] {logging_mixin.py:188} INFO - [2024-03-12T10:57:30.965+0200] {dagbag.py:540} INFO - Filling up the DagBag from /usr/local/lib/python3.8/site-packages/airflow/example_dags/example_params_ui_tutorial.py
[2024-03-12T10:57:31.004+0200] {processor.py:840} INFO - DAG(s) 'example_params_ui_tutorial' retrieved from /usr/local/lib/python3.8/site-packages/airflow/example_dags/example_params_ui_tutorial.py
[2024-03-12T10:57:31.174+0200] {logging_mixin.py:188} INFO - [2024-03-12T10:57:31.174+0200] {dag.py:3047} INFO - Sync 1 DAGs
[2024-03-12T10:57:31.182+0200] {logging_mixin.py:188} INFO - [2024-03-12T10:57:31.182+0200] {dag.py:3834} INFO - Setting next_dagrun for example_params_ui_tutorial to None, run_after=None
[2024-03-12T10:57:31.198+0200] {processor.py:183} INFO - Processing /usr/local/lib/python3.8/site-packages/airflow/example_dags/example_params_ui_tutorial.py took 0.237 seconds
[2024-03-12T11:01:10.724+0200] {processor.py:161} INFO - Started process (PID=6474) to work on /usr/local/lib/python3.8/site-packages/airflow/example_dags/example_params_ui_tutorial.py
[2024-03-12T11:01:10.725+0200] {processor.py:830} INFO - Processing file /usr/local/lib/python3.8/site-packages/airflow/example_dags/example_params_ui_tutorial.py for tasks to queue
[2024-03-12T11:01:10.726+0200] {logging_mixin.py:188} INFO - [2024-03-12T11:01:10.726+0200] {dagbag.py:540} INFO - Filling up the DagBag from /usr/local/lib/python3.8/site-packages/airflow/example_dags/example_params_ui_tutorial.py
[2024-03-12T11:01:10.764+0200] {processor.py:840} INFO - DAG(s) 'example_params_ui_tutorial' retrieved from /usr/local/lib/python3.8/site-packages/airflow/example_dags/example_params_ui_tutorial.py
[2024-03-12T11:01:10.952+0200] {logging_mixin.py:188} INFO - [2024-03-12T11:01:10.951+0200] {dag.py:3047} INFO - Sync 1 DAGs
[2024-03-12T11:01:10.960+0200] {logging_mixin.py:188} INFO - [2024-03-12T11:01:10.960+0200] {dag.py:3834} INFO - Setting next_dagrun for example_params_ui_tutorial to None, run_after=None
[2024-03-12T11:01:10.976+0200] {processor.py:183} INFO - Processing /usr/local/lib/python3.8/site-packages/airflow/example_dags/example_params_ui_tutorial.py took 0.253 seconds
[2024-03-12T11:04:49.736+0200] {processor.py:161} INFO - Started process (PID=6731) to work on /usr/local/lib/python3.8/site-packages/airflow/example_dags/example_params_ui_tutorial.py
[2024-03-12T11:04:49.737+0200] {processor.py:830} INFO - Processing file /usr/local/lib/python3.8/site-packages/airflow/example_dags/example_params_ui_tutorial.py for tasks to queue
[2024-03-12T11:04:49.737+0200] {logging_mixin.py:188} INFO - [2024-03-12T11:04:49.737+0200] {dagbag.py:540} INFO - Filling up the DagBag from /usr/local/lib/python3.8/site-packages/airflow/example_dags/example_params_ui_tutorial.py
[2024-03-12T11:04:49.770+0200] {processor.py:840} INFO - DAG(s) 'example_params_ui_tutorial' retrieved from /usr/local/lib/python3.8/site-packages/airflow/example_dags/example_params_ui_tutorial.py
[2024-03-12T11:04:49.930+0200] {logging_mixin.py:188} INFO - [2024-03-12T11:04:49.930+0200] {dag.py:3047} INFO - Sync 1 DAGs
[2024-03-12T11:04:49.939+0200] {logging_mixin.py:188} INFO - [2024-03-12T11:04:49.938+0200] {dag.py:3834} INFO - Setting next_dagrun for example_params_ui_tutorial to None, run_after=None
[2024-03-12T11:04:49.955+0200] {processor.py:183} INFO - Processing /usr/local/lib/python3.8/site-packages/airflow/example_dags/example_params_ui_tutorial.py took 0.221 seconds
[2024-03-12T11:08:53.169+0200] {processor.py:161} INFO - Started process (PID=7048) to work on /usr/local/lib/python3.8/site-packages/airflow/example_dags/example_params_ui_tutorial.py
[2024-03-12T11:08:53.171+0200] {processor.py:830} INFO - Processing file /usr/local/lib/python3.8/site-packages/airflow/example_dags/example_params_ui_tutorial.py for tasks to queue
[2024-03-12T11:08:53.171+0200] {logging_mixin.py:188} INFO - [2024-03-12T11:08:53.171+0200] {dagbag.py:540} INFO - Filling up the DagBag from /usr/local/lib/python3.8/site-packages/airflow/example_dags/example_params_ui_tutorial.py
[2024-03-12T11:08:53.209+0200] {processor.py:840} INFO - DAG(s) 'example_params_ui_tutorial' retrieved from /usr/local/lib/python3.8/site-packages/airflow/example_dags/example_params_ui_tutorial.py
[2024-03-12T11:08:53.394+0200] {logging_mixin.py:188} INFO - [2024-03-12T11:08:53.394+0200] {dag.py:3047} INFO - Sync 1 DAGs
[2024-03-12T11:08:53.403+0200] {logging_mixin.py:188} INFO - [2024-03-12T11:08:53.403+0200] {dag.py:3834} INFO - Setting next_dagrun for example_params_ui_tutorial to None, run_after=None
[2024-03-12T11:08:53.420+0200] {processor.py:183} INFO - Processing /usr/local/lib/python3.8/site-packages/airflow/example_dags/example_params_ui_tutorial.py took 0.253 seconds
[2024-03-12T11:12:39.349+0200] {processor.py:161} INFO - Started process (PID=7286) to work on /usr/local/lib/python3.8/site-packages/airflow/example_dags/example_params_ui_tutorial.py
[2024-03-12T11:12:39.350+0200] {processor.py:830} INFO - Processing file /usr/local/lib/python3.8/site-packages/airflow/example_dags/example_params_ui_tutorial.py for tasks to queue
[2024-03-12T11:12:39.351+0200] {logging_mixin.py:188} INFO - [2024-03-12T11:12:39.351+0200] {dagbag.py:540} INFO - Filling up the DagBag from /usr/local/lib/python3.8/site-packages/airflow/example_dags/example_params_ui_tutorial.py
[2024-03-12T11:12:39.386+0200] {processor.py:840} INFO - DAG(s) 'example_params_ui_tutorial' retrieved from /usr/local/lib/python3.8/site-packages/airflow/example_dags/example_params_ui_tutorial.py
[2024-03-12T11:12:39.553+0200] {logging_mixin.py:188} INFO - [2024-03-12T11:12:39.552+0200] {dag.py:3047} INFO - Sync 1 DAGs
[2024-03-12T11:12:39.562+0200] {logging_mixin.py:188} INFO - [2024-03-12T11:12:39.561+0200] {dag.py:3834} INFO - Setting next_dagrun for example_params_ui_tutorial to None, run_after=None
[2024-03-12T11:12:39.578+0200] {processor.py:183} INFO - Processing /usr/local/lib/python3.8/site-packages/airflow/example_dags/example_params_ui_tutorial.py took 0.231 seconds
[2024-03-12T11:16:29.767+0200] {processor.py:161} INFO - Started process (PID=7549) to work on /usr/local/lib/python3.8/site-packages/airflow/example_dags/example_params_ui_tutorial.py
[2024-03-12T11:16:29.769+0200] {processor.py:830} INFO - Processing file /usr/local/lib/python3.8/site-packages/airflow/example_dags/example_params_ui_tutorial.py for tasks to queue
[2024-03-12T11:16:29.770+0200] {logging_mixin.py:188} INFO - [2024-03-12T11:16:29.770+0200] {dagbag.py:540} INFO - Filling up the DagBag from /usr/local/lib/python3.8/site-packages/airflow/example_dags/example_params_ui_tutorial.py
[2024-03-12T11:16:29.807+0200] {processor.py:840} INFO - DAG(s) 'example_params_ui_tutorial' retrieved from /usr/local/lib/python3.8/site-packages/airflow/example_dags/example_params_ui_tutorial.py
[2024-03-12T11:16:29.979+0200] {logging_mixin.py:188} INFO - [2024-03-12T11:16:29.979+0200] {dag.py:3047} INFO - Sync 1 DAGs
[2024-03-12T11:16:29.987+0200] {logging_mixin.py:188} INFO - [2024-03-12T11:16:29.987+0200] {dag.py:3834} INFO - Setting next_dagrun for example_params_ui_tutorial to None, run_after=None
[2024-03-12T11:16:30.004+0200] {processor.py:183} INFO - Processing /usr/local/lib/python3.8/site-packages/airflow/example_dags/example_params_ui_tutorial.py took 0.238 seconds
[2024-03-12T11:18:59.983+0200] {processor.py:161} INFO - Started process (PID=7801) to work on /usr/local/lib/python3.8/site-packages/airflow/example_dags/example_params_ui_tutorial.py
[2024-03-12T11:18:59.984+0200] {processor.py:830} INFO - Processing file /usr/local/lib/python3.8/site-packages/airflow/example_dags/example_params_ui_tutorial.py for tasks to queue
[2024-03-12T11:18:59.985+0200] {logging_mixin.py:188} INFO - [2024-03-12T11:18:59.985+0200] {dagbag.py:540} INFO - Filling up the DagBag from /usr/local/lib/python3.8/site-packages/airflow/example_dags/example_params_ui_tutorial.py
[2024-03-12T11:19:00.021+0200] {processor.py:840} INFO - DAG(s) 'example_params_ui_tutorial' retrieved from /usr/local/lib/python3.8/site-packages/airflow/example_dags/example_params_ui_tutorial.py
[2024-03-12T11:19:00.189+0200] {logging_mixin.py:188} INFO - [2024-03-12T11:19:00.189+0200] {dag.py:3047} INFO - Sync 1 DAGs
[2024-03-12T11:19:00.197+0200] {logging_mixin.py:188} INFO - [2024-03-12T11:19:00.197+0200] {dag.py:3834} INFO - Setting next_dagrun for example_params_ui_tutorial to None, run_after=None
[2024-03-12T11:19:00.214+0200] {processor.py:183} INFO - Processing /usr/local/lib/python3.8/site-packages/airflow/example_dags/example_params_ui_tutorial.py took 0.232 seconds
[2024-03-12T11:21:17.087+0200] {processor.py:161} INFO - Started process (PID=7966) to work on /usr/local/lib/python3.8/site-packages/airflow/example_dags/example_params_ui_tutorial.py
[2024-03-12T11:21:17.088+0200] {processor.py:830} INFO - Processing file /usr/local/lib/python3.8/site-packages/airflow/example_dags/example_params_ui_tutorial.py for tasks to queue
[2024-03-12T11:21:17.088+0200] {logging_mixin.py:188} INFO - [2024-03-12T11:21:17.088+0200] {dagbag.py:540} INFO - Filling up the DagBag from /usr/local/lib/python3.8/site-packages/airflow/example_dags/example_params_ui_tutorial.py
[2024-03-12T11:21:17.123+0200] {processor.py:840} INFO - DAG(s) 'example_params_ui_tutorial' retrieved from /usr/local/lib/python3.8/site-packages/airflow/example_dags/example_params_ui_tutorial.py
[2024-03-12T11:21:17.294+0200] {logging_mixin.py:188} INFO - [2024-03-12T11:21:17.293+0200] {dag.py:3047} INFO - Sync 1 DAGs
[2024-03-12T11:21:17.303+0200] {logging_mixin.py:188} INFO - [2024-03-12T11:21:17.302+0200] {dag.py:3834} INFO - Setting next_dagrun for example_params_ui_tutorial to None, run_after=None
[2024-03-12T11:21:17.319+0200] {processor.py:183} INFO - Processing /usr/local/lib/python3.8/site-packages/airflow/example_dags/example_params_ui_tutorial.py took 0.234 seconds
[2024-03-12T11:24:58.826+0200] {processor.py:161} INFO - Started process (PID=8208) to work on /usr/local/lib/python3.8/site-packages/airflow/example_dags/example_params_ui_tutorial.py
[2024-03-12T11:24:58.827+0200] {processor.py:830} INFO - Processing file /usr/local/lib/python3.8/site-packages/airflow/example_dags/example_params_ui_tutorial.py for tasks to queue
[2024-03-12T11:24:58.828+0200] {logging_mixin.py:188} INFO - [2024-03-12T11:24:58.827+0200] {dagbag.py:540} INFO - Filling up the DagBag from /usr/local/lib/python3.8/site-packages/airflow/example_dags/example_params_ui_tutorial.py
[2024-03-12T11:24:58.868+0200] {processor.py:840} INFO - DAG(s) 'example_params_ui_tutorial' retrieved from /usr/local/lib/python3.8/site-packages/airflow/example_dags/example_params_ui_tutorial.py
[2024-03-12T11:24:59.056+0200] {logging_mixin.py:188} INFO - [2024-03-12T11:24:59.056+0200] {dag.py:3047} INFO - Sync 1 DAGs
[2024-03-12T11:24:59.065+0200] {logging_mixin.py:188} INFO - [2024-03-12T11:24:59.065+0200] {dag.py:3834} INFO - Setting next_dagrun for example_params_ui_tutorial to None, run_after=None
[2024-03-12T11:24:59.082+0200] {processor.py:183} INFO - Processing /usr/local/lib/python3.8/site-packages/airflow/example_dags/example_params_ui_tutorial.py took 0.258 seconds
[2024-03-12T11:28:54.111+0200] {processor.py:161} INFO - Started process (PID=8718) to work on /usr/local/lib/python3.8/site-packages/airflow/example_dags/example_params_ui_tutorial.py
[2024-03-12T11:28:54.112+0200] {processor.py:830} INFO - Processing file /usr/local/lib/python3.8/site-packages/airflow/example_dags/example_params_ui_tutorial.py for tasks to queue
[2024-03-12T11:28:54.113+0200] {logging_mixin.py:188} INFO - [2024-03-12T11:28:54.112+0200] {dagbag.py:540} INFO - Filling up the DagBag from /usr/local/lib/python3.8/site-packages/airflow/example_dags/example_params_ui_tutorial.py
[2024-03-12T11:28:54.154+0200] {processor.py:840} INFO - DAG(s) 'example_params_ui_tutorial' retrieved from /usr/local/lib/python3.8/site-packages/airflow/example_dags/example_params_ui_tutorial.py
[2024-03-12T11:28:54.365+0200] {logging_mixin.py:188} INFO - [2024-03-12T11:28:54.365+0200] {dag.py:3047} INFO - Sync 1 DAGs
[2024-03-12T11:28:54.374+0200] {logging_mixin.py:188} INFO - [2024-03-12T11:28:54.374+0200] {dag.py:3834} INFO - Setting next_dagrun for example_params_ui_tutorial to None, run_after=None
[2024-03-12T11:28:54.392+0200] {processor.py:183} INFO - Processing /usr/local/lib/python3.8/site-packages/airflow/example_dags/example_params_ui_tutorial.py took 0.282 seconds
[2024-03-12T11:32:40.335+0200] {processor.py:161} INFO - Started process (PID=8985) to work on /usr/local/lib/python3.8/site-packages/airflow/example_dags/example_params_ui_tutorial.py
[2024-03-12T11:32:40.337+0200] {processor.py:830} INFO - Processing file /usr/local/lib/python3.8/site-packages/airflow/example_dags/example_params_ui_tutorial.py for tasks to queue
[2024-03-12T11:32:40.338+0200] {logging_mixin.py:188} INFO - [2024-03-12T11:32:40.337+0200] {dagbag.py:540} INFO - Filling up the DagBag from /usr/local/lib/python3.8/site-packages/airflow/example_dags/example_params_ui_tutorial.py
[2024-03-12T11:32:40.413+0200] {processor.py:840} INFO - DAG(s) 'example_params_ui_tutorial' retrieved from /usr/local/lib/python3.8/site-packages/airflow/example_dags/example_params_ui_tutorial.py
[2024-03-12T11:32:40.603+0200] {logging_mixin.py:188} INFO - [2024-03-12T11:32:40.603+0200] {dag.py:3047} INFO - Sync 1 DAGs
[2024-03-12T11:32:40.612+0200] {logging_mixin.py:188} INFO - [2024-03-12T11:32:40.612+0200] {dag.py:3834} INFO - Setting next_dagrun for example_params_ui_tutorial to None, run_after=None
[2024-03-12T11:32:40.629+0200] {processor.py:183} INFO - Processing /usr/local/lib/python3.8/site-packages/airflow/example_dags/example_params_ui_tutorial.py took 0.296 seconds
[2024-03-12T11:36:35.705+0200] {processor.py:161} INFO - Started process (PID=9273) to work on /usr/local/lib/python3.8/site-packages/airflow/example_dags/example_params_ui_tutorial.py
[2024-03-12T11:36:35.707+0200] {processor.py:830} INFO - Processing file /usr/local/lib/python3.8/site-packages/airflow/example_dags/example_params_ui_tutorial.py for tasks to queue
[2024-03-12T11:36:35.708+0200] {logging_mixin.py:188} INFO - [2024-03-12T11:36:35.708+0200] {dagbag.py:540} INFO - Filling up the DagBag from /usr/local/lib/python3.8/site-packages/airflow/example_dags/example_params_ui_tutorial.py
[2024-03-12T11:36:35.746+0200] {processor.py:840} INFO - DAG(s) 'example_params_ui_tutorial' retrieved from /usr/local/lib/python3.8/site-packages/airflow/example_dags/example_params_ui_tutorial.py
[2024-03-12T11:36:35.928+0200] {logging_mixin.py:188} INFO - [2024-03-12T11:36:35.928+0200] {dag.py:3047} INFO - Sync 1 DAGs
[2024-03-12T11:36:35.937+0200] {logging_mixin.py:188} INFO - [2024-03-12T11:36:35.937+0200] {dag.py:3834} INFO - Setting next_dagrun for example_params_ui_tutorial to None, run_after=None
[2024-03-12T11:36:35.954+0200] {processor.py:183} INFO - Processing /usr/local/lib/python3.8/site-packages/airflow/example_dags/example_params_ui_tutorial.py took 0.251 seconds
[2024-03-12T11:40:04.490+0200] {processor.py:161} INFO - Started process (PID=9525) to work on /usr/local/lib/python3.8/site-packages/airflow/example_dags/example_params_ui_tutorial.py
[2024-03-12T11:40:04.492+0200] {processor.py:830} INFO - Processing file /usr/local/lib/python3.8/site-packages/airflow/example_dags/example_params_ui_tutorial.py for tasks to queue
[2024-03-12T11:40:04.492+0200] {logging_mixin.py:188} INFO - [2024-03-12T11:40:04.492+0200] {dagbag.py:540} INFO - Filling up the DagBag from /usr/local/lib/python3.8/site-packages/airflow/example_dags/example_params_ui_tutorial.py
[2024-03-12T11:40:04.525+0200] {processor.py:840} INFO - DAG(s) 'example_params_ui_tutorial' retrieved from /usr/local/lib/python3.8/site-packages/airflow/example_dags/example_params_ui_tutorial.py
[2024-03-12T11:40:04.686+0200] {logging_mixin.py:188} INFO - [2024-03-12T11:40:04.686+0200] {dag.py:3047} INFO - Sync 1 DAGs
[2024-03-12T11:40:04.694+0200] {logging_mixin.py:188} INFO - [2024-03-12T11:40:04.694+0200] {dag.py:3834} INFO - Setting next_dagrun for example_params_ui_tutorial to None, run_after=None
[2024-03-12T11:40:04.711+0200] {processor.py:183} INFO - Processing /usr/local/lib/python3.8/site-packages/airflow/example_dags/example_params_ui_tutorial.py took 0.223 seconds
[2024-03-12T11:43:10.012+0200] {processor.py:161} INFO - Started process (PID=9733) to work on /usr/local/lib/python3.8/site-packages/airflow/example_dags/example_params_ui_tutorial.py
[2024-03-12T11:43:10.013+0200] {processor.py:830} INFO - Processing file /usr/local/lib/python3.8/site-packages/airflow/example_dags/example_params_ui_tutorial.py for tasks to queue
[2024-03-12T11:43:10.013+0200] {logging_mixin.py:188} INFO - [2024-03-12T11:43:10.013+0200] {dagbag.py:540} INFO - Filling up the DagBag from /usr/local/lib/python3.8/site-packages/airflow/example_dags/example_params_ui_tutorial.py
[2024-03-12T11:43:10.045+0200] {processor.py:840} INFO - DAG(s) 'example_params_ui_tutorial' retrieved from /usr/local/lib/python3.8/site-packages/airflow/example_dags/example_params_ui_tutorial.py
[2024-03-12T11:43:10.204+0200] {logging_mixin.py:188} INFO - [2024-03-12T11:43:10.204+0200] {dag.py:3047} INFO - Sync 1 DAGs
[2024-03-12T11:43:10.212+0200] {logging_mixin.py:188} INFO - [2024-03-12T11:43:10.212+0200] {dag.py:3834} INFO - Setting next_dagrun for example_params_ui_tutorial to None, run_after=None
[2024-03-12T11:43:10.231+0200] {processor.py:183} INFO - Processing /usr/local/lib/python3.8/site-packages/airflow/example_dags/example_params_ui_tutorial.py took 0.221 seconds
[2024-03-12T11:46:23.232+0200] {processor.py:161} INFO - Started process (PID=9969) to work on /usr/local/lib/python3.8/site-packages/airflow/example_dags/example_params_ui_tutorial.py
[2024-03-12T11:46:23.235+0200] {processor.py:830} INFO - Processing file /usr/local/lib/python3.8/site-packages/airflow/example_dags/example_params_ui_tutorial.py for tasks to queue
[2024-03-12T11:46:23.235+0200] {logging_mixin.py:188} INFO - [2024-03-12T11:46:23.235+0200] {dagbag.py:540} INFO - Filling up the DagBag from /usr/local/lib/python3.8/site-packages/airflow/example_dags/example_params_ui_tutorial.py
[2024-03-12T11:46:23.271+0200] {processor.py:840} INFO - DAG(s) 'example_params_ui_tutorial' retrieved from /usr/local/lib/python3.8/site-packages/airflow/example_dags/example_params_ui_tutorial.py
[2024-03-12T11:46:23.443+0200] {logging_mixin.py:188} INFO - [2024-03-12T11:46:23.443+0200] {dag.py:3047} INFO - Sync 1 DAGs
[2024-03-12T11:46:23.451+0200] {logging_mixin.py:188} INFO - [2024-03-12T11:46:23.451+0200] {dag.py:3834} INFO - Setting next_dagrun for example_params_ui_tutorial to None, run_after=None
[2024-03-12T11:46:23.471+0200] {processor.py:183} INFO - Processing /usr/local/lib/python3.8/site-packages/airflow/example_dags/example_params_ui_tutorial.py took 0.240 seconds
[2024-03-12T12:22:39.950+0200] {processor.py:161} INFO - Started process (PID=10297) to work on /usr/local/lib/python3.8/site-packages/airflow/example_dags/example_params_ui_tutorial.py
[2024-03-12T12:22:39.951+0200] {processor.py:830} INFO - Processing file /usr/local/lib/python3.8/site-packages/airflow/example_dags/example_params_ui_tutorial.py for tasks to queue
[2024-03-12T12:22:39.952+0200] {logging_mixin.py:188} INFO - [2024-03-12T12:22:39.952+0200] {dagbag.py:540} INFO - Filling up the DagBag from /usr/local/lib/python3.8/site-packages/airflow/example_dags/example_params_ui_tutorial.py
[2024-03-12T12:22:39.987+0200] {processor.py:840} INFO - DAG(s) 'example_params_ui_tutorial' retrieved from /usr/local/lib/python3.8/site-packages/airflow/example_dags/example_params_ui_tutorial.py
[2024-03-12T12:22:40.164+0200] {logging_mixin.py:188} INFO - [2024-03-12T12:22:40.164+0200] {dag.py:3047} INFO - Sync 1 DAGs
[2024-03-12T12:22:40.173+0200] {logging_mixin.py:188} INFO - [2024-03-12T12:22:40.173+0200] {dag.py:3834} INFO - Setting next_dagrun for example_params_ui_tutorial to None, run_after=None
[2024-03-12T12:22:40.189+0200] {processor.py:183} INFO - Processing /usr/local/lib/python3.8/site-packages/airflow/example_dags/example_params_ui_tutorial.py took 0.241 seconds
[2024-03-12T12:24:35.741+0200] {processor.py:161} INFO - Started process (PID=10421) to work on /usr/local/lib/python3.8/site-packages/airflow/example_dags/example_params_ui_tutorial.py
[2024-03-12T12:24:35.742+0200] {processor.py:830} INFO - Processing file /usr/local/lib/python3.8/site-packages/airflow/example_dags/example_params_ui_tutorial.py for tasks to queue
[2024-03-12T12:24:35.742+0200] {logging_mixin.py:188} INFO - [2024-03-12T12:24:35.742+0200] {dagbag.py:540} INFO - Filling up the DagBag from /usr/local/lib/python3.8/site-packages/airflow/example_dags/example_params_ui_tutorial.py
[2024-03-12T12:24:35.771+0200] {processor.py:840} INFO - DAG(s) 'example_params_ui_tutorial' retrieved from /usr/local/lib/python3.8/site-packages/airflow/example_dags/example_params_ui_tutorial.py
[2024-03-12T12:24:35.926+0200] {logging_mixin.py:188} INFO - [2024-03-12T12:24:35.925+0200] {dag.py:3047} INFO - Sync 1 DAGs
[2024-03-12T12:24:35.934+0200] {logging_mixin.py:188} INFO - [2024-03-12T12:24:35.933+0200] {dag.py:3834} INFO - Setting next_dagrun for example_params_ui_tutorial to None, run_after=None
[2024-03-12T12:24:35.953+0200] {processor.py:183} INFO - Processing /usr/local/lib/python3.8/site-packages/airflow/example_dags/example_params_ui_tutorial.py took 0.213 seconds
[2024-03-12T12:27:53.263+0200] {processor.py:161} INFO - Started process (PID=10641) to work on /usr/local/lib/python3.8/site-packages/airflow/example_dags/example_params_ui_tutorial.py
[2024-03-12T12:27:53.264+0200] {processor.py:830} INFO - Processing file /usr/local/lib/python3.8/site-packages/airflow/example_dags/example_params_ui_tutorial.py for tasks to queue
[2024-03-12T12:27:53.264+0200] {logging_mixin.py:188} INFO - [2024-03-12T12:27:53.264+0200] {dagbag.py:540} INFO - Filling up the DagBag from /usr/local/lib/python3.8/site-packages/airflow/example_dags/example_params_ui_tutorial.py
[2024-03-12T12:27:53.293+0200] {processor.py:840} INFO - DAG(s) 'example_params_ui_tutorial' retrieved from /usr/local/lib/python3.8/site-packages/airflow/example_dags/example_params_ui_tutorial.py
[2024-03-12T12:27:53.452+0200] {logging_mixin.py:188} INFO - [2024-03-12T12:27:53.452+0200] {dag.py:3047} INFO - Sync 1 DAGs
[2024-03-12T12:27:53.461+0200] {logging_mixin.py:188} INFO - [2024-03-12T12:27:53.460+0200] {dag.py:3834} INFO - Setting next_dagrun for example_params_ui_tutorial to None, run_after=None
[2024-03-12T12:27:53.478+0200] {processor.py:183} INFO - Processing /usr/local/lib/python3.8/site-packages/airflow/example_dags/example_params_ui_tutorial.py took 0.217 seconds
