[2024-03-12T10:12:32.718+0200] {processor.py:161} INFO - Started process (PID=3452) to work on /usr/local/lib/python3.8/site-packages/airflow/example_dags/example_branch_python_dop_operator_3.py
[2024-03-12T10:12:32.719+0200] {processor.py:830} INFO - Processing file /usr/local/lib/python3.8/site-packages/airflow/example_dags/example_branch_python_dop_operator_3.py for tasks to queue
[2024-03-12T10:12:32.719+0200] {logging_mixin.py:188} INFO - [2024-03-12T10:12:32.719+0200] {dagbag.py:540} INFO - Filling up the DagBag from /usr/local/lib/python3.8/site-packages/airflow/example_dags/example_branch_python_dop_operator_3.py
[2024-03-12T10:12:32.756+0200] {processor.py:840} INFO - DAG(s) 'example_branch_dop_operator_v3' retrieved from /usr/local/lib/python3.8/site-packages/airflow/example_dags/example_branch_python_dop_operator_3.py
[2024-03-12T10:12:32.967+0200] {logging_mixin.py:188} INFO - [2024-03-12T10:12:32.967+0200] {dag.py:3047} INFO - Sync 1 DAGs
[2024-03-12T10:12:32.988+0200] {logging_mixin.py:188} INFO - [2024-03-12T10:12:32.988+0200] {dag.py:3834} INFO - Setting next_dagrun for example_branch_dop_operator_v3 to 2024-03-12 08:11:00+00:00, run_after=2024-03-12 08:12:00+00:00
[2024-03-12T10:12:33.005+0200] {processor.py:183} INFO - Processing /usr/local/lib/python3.8/site-packages/airflow/example_dags/example_branch_python_dop_operator_3.py took 0.288 seconds
[2024-03-12T10:16:13.246+0200] {processor.py:161} INFO - Started process (PID=3709) to work on /usr/local/lib/python3.8/site-packages/airflow/example_dags/example_branch_python_dop_operator_3.py
[2024-03-12T10:16:13.248+0200] {processor.py:830} INFO - Processing file /usr/local/lib/python3.8/site-packages/airflow/example_dags/example_branch_python_dop_operator_3.py for tasks to queue
[2024-03-12T10:16:13.248+0200] {logging_mixin.py:188} INFO - [2024-03-12T10:16:13.248+0200] {dagbag.py:540} INFO - Filling up the DagBag from /usr/local/lib/python3.8/site-packages/airflow/example_dags/example_branch_python_dop_operator_3.py
[2024-03-12T10:16:13.285+0200] {processor.py:840} INFO - DAG(s) 'example_branch_dop_operator_v3' retrieved from /usr/local/lib/python3.8/site-packages/airflow/example_dags/example_branch_python_dop_operator_3.py
[2024-03-12T10:16:13.419+0200] {logging_mixin.py:188} INFO - [2024-03-12T10:16:13.419+0200] {dag.py:3047} INFO - Sync 1 DAGs
[2024-03-12T10:16:13.442+0200] {logging_mixin.py:188} INFO - [2024-03-12T10:16:13.442+0200] {dag.py:3834} INFO - Setting next_dagrun for example_branch_dop_operator_v3 to 2024-03-12 08:15:00+00:00, run_after=2024-03-12 08:16:00+00:00
[2024-03-12T10:16:13.460+0200] {processor.py:183} INFO - Processing /usr/local/lib/python3.8/site-packages/airflow/example_dags/example_branch_python_dop_operator_3.py took 0.216 seconds
[2024-03-12T10:29:59.519+0200] {processor.py:161} INFO - Started process (PID=4254) to work on /usr/local/lib/python3.8/site-packages/airflow/example_dags/example_branch_python_dop_operator_3.py
[2024-03-12T10:29:59.520+0200] {processor.py:830} INFO - Processing file /usr/local/lib/python3.8/site-packages/airflow/example_dags/example_branch_python_dop_operator_3.py for tasks to queue
[2024-03-12T10:29:59.521+0200] {logging_mixin.py:188} INFO - [2024-03-12T10:29:59.521+0200] {dagbag.py:540} INFO - Filling up the DagBag from /usr/local/lib/python3.8/site-packages/airflow/example_dags/example_branch_python_dop_operator_3.py
[2024-03-12T10:29:59.552+0200] {processor.py:840} INFO - DAG(s) 'example_branch_dop_operator_v3' retrieved from /usr/local/lib/python3.8/site-packages/airflow/example_dags/example_branch_python_dop_operator_3.py
[2024-03-12T10:29:59.668+0200] {logging_mixin.py:188} INFO - [2024-03-12T10:29:59.668+0200] {dag.py:3047} INFO - Sync 1 DAGs
[2024-03-12T10:29:59.686+0200] {logging_mixin.py:188} INFO - [2024-03-12T10:29:59.686+0200] {dag.py:3834} INFO - Setting next_dagrun for example_branch_dop_operator_v3 to 2024-03-12 08:28:00+00:00, run_after=2024-03-12 08:29:00+00:00
[2024-03-12T10:29:59.700+0200] {processor.py:183} INFO - Processing /usr/local/lib/python3.8/site-packages/airflow/example_dags/example_branch_python_dop_operator_3.py took 0.182 seconds
[2024-03-12T10:33:41.117+0200] {processor.py:161} INFO - Started process (PID=4553) to work on /usr/local/lib/python3.8/site-packages/airflow/example_dags/example_branch_python_dop_operator_3.py
[2024-03-12T10:33:41.118+0200] {processor.py:830} INFO - Processing file /usr/local/lib/python3.8/site-packages/airflow/example_dags/example_branch_python_dop_operator_3.py for tasks to queue
[2024-03-12T10:33:41.119+0200] {logging_mixin.py:188} INFO - [2024-03-12T10:33:41.119+0200] {dagbag.py:540} INFO - Filling up the DagBag from /usr/local/lib/python3.8/site-packages/airflow/example_dags/example_branch_python_dop_operator_3.py
[2024-03-12T10:33:41.166+0200] {processor.py:840} INFO - DAG(s) 'example_branch_dop_operator_v3' retrieved from /usr/local/lib/python3.8/site-packages/airflow/example_dags/example_branch_python_dop_operator_3.py
[2024-03-12T10:33:41.336+0200] {logging_mixin.py:188} INFO - [2024-03-12T10:33:41.335+0200] {dag.py:3047} INFO - Sync 1 DAGs
[2024-03-12T10:33:41.360+0200] {logging_mixin.py:188} INFO - [2024-03-12T10:33:41.360+0200] {dag.py:3834} INFO - Setting next_dagrun for example_branch_dop_operator_v3 to 2024-03-12 08:32:00+00:00, run_after=2024-03-12 08:33:00+00:00
[2024-03-12T10:33:41.395+0200] {processor.py:183} INFO - Processing /usr/local/lib/python3.8/site-packages/airflow/example_dags/example_branch_python_dop_operator_3.py took 0.280 seconds
[2024-03-12T10:37:25.567+0200] {processor.py:161} INFO - Started process (PID=4814) to work on /usr/local/lib/python3.8/site-packages/airflow/example_dags/example_branch_python_dop_operator_3.py
[2024-03-12T10:37:25.567+0200] {processor.py:830} INFO - Processing file /usr/local/lib/python3.8/site-packages/airflow/example_dags/example_branch_python_dop_operator_3.py for tasks to queue
[2024-03-12T10:37:25.568+0200] {logging_mixin.py:188} INFO - [2024-03-12T10:37:25.568+0200] {dagbag.py:540} INFO - Filling up the DagBag from /usr/local/lib/python3.8/site-packages/airflow/example_dags/example_branch_python_dop_operator_3.py
[2024-03-12T10:37:25.597+0200] {processor.py:840} INFO - DAG(s) 'example_branch_dop_operator_v3' retrieved from /usr/local/lib/python3.8/site-packages/airflow/example_dags/example_branch_python_dop_operator_3.py
[2024-03-12T10:37:25.718+0200] {logging_mixin.py:188} INFO - [2024-03-12T10:37:25.718+0200] {dag.py:3047} INFO - Sync 1 DAGs
[2024-03-12T10:37:25.739+0200] {logging_mixin.py:188} INFO - [2024-03-12T10:37:25.739+0200] {dag.py:3834} INFO - Setting next_dagrun for example_branch_dop_operator_v3 to 2024-03-12 08:36:00+00:00, run_after=2024-03-12 08:37:00+00:00
[2024-03-12T10:37:25.757+0200] {processor.py:183} INFO - Processing /usr/local/lib/python3.8/site-packages/airflow/example_dags/example_branch_python_dop_operator_3.py took 0.191 seconds
[2024-03-12T10:41:05.466+0200] {processor.py:161} INFO - Started process (PID=5073) to work on /usr/local/lib/python3.8/site-packages/airflow/example_dags/example_branch_python_dop_operator_3.py
[2024-03-12T10:41:05.467+0200] {processor.py:830} INFO - Processing file /usr/local/lib/python3.8/site-packages/airflow/example_dags/example_branch_python_dop_operator_3.py for tasks to queue
[2024-03-12T10:41:05.467+0200] {logging_mixin.py:188} INFO - [2024-03-12T10:41:05.467+0200] {dagbag.py:540} INFO - Filling up the DagBag from /usr/local/lib/python3.8/site-packages/airflow/example_dags/example_branch_python_dop_operator_3.py
[2024-03-12T10:41:05.505+0200] {processor.py:840} INFO - DAG(s) 'example_branch_dop_operator_v3' retrieved from /usr/local/lib/python3.8/site-packages/airflow/example_dags/example_branch_python_dop_operator_3.py
[2024-03-12T10:41:05.645+0200] {logging_mixin.py:188} INFO - [2024-03-12T10:41:05.645+0200] {dag.py:3047} INFO - Sync 1 DAGs
[2024-03-12T10:41:05.669+0200] {logging_mixin.py:188} INFO - [2024-03-12T10:41:05.669+0200] {dag.py:3834} INFO - Setting next_dagrun for example_branch_dop_operator_v3 to 2024-03-12 08:40:00+00:00, run_after=2024-03-12 08:41:00+00:00
[2024-03-12T10:41:05.688+0200] {processor.py:183} INFO - Processing /usr/local/lib/python3.8/site-packages/airflow/example_dags/example_branch_python_dop_operator_3.py took 0.224 seconds
[2024-03-12T10:44:43.858+0200] {processor.py:161} INFO - Started process (PID=5327) to work on /usr/local/lib/python3.8/site-packages/airflow/example_dags/example_branch_python_dop_operator_3.py
[2024-03-12T10:44:43.859+0200] {processor.py:830} INFO - Processing file /usr/local/lib/python3.8/site-packages/airflow/example_dags/example_branch_python_dop_operator_3.py for tasks to queue
[2024-03-12T10:44:43.860+0200] {logging_mixin.py:188} INFO - [2024-03-12T10:44:43.860+0200] {dagbag.py:540} INFO - Filling up the DagBag from /usr/local/lib/python3.8/site-packages/airflow/example_dags/example_branch_python_dop_operator_3.py
[2024-03-12T10:44:43.896+0200] {processor.py:840} INFO - DAG(s) 'example_branch_dop_operator_v3' retrieved from /usr/local/lib/python3.8/site-packages/airflow/example_dags/example_branch_python_dop_operator_3.py
[2024-03-12T10:44:44.029+0200] {logging_mixin.py:188} INFO - [2024-03-12T10:44:44.029+0200] {dag.py:3047} INFO - Sync 1 DAGs
[2024-03-12T10:44:44.052+0200] {logging_mixin.py:188} INFO - [2024-03-12T10:44:44.052+0200] {dag.py:3834} INFO - Setting next_dagrun for example_branch_dop_operator_v3 to 2024-03-12 08:43:00+00:00, run_after=2024-03-12 08:44:00+00:00
[2024-03-12T10:44:44.071+0200] {processor.py:183} INFO - Processing /usr/local/lib/python3.8/site-packages/airflow/example_dags/example_branch_python_dop_operator_3.py took 0.214 seconds
[2024-03-12T10:48:21.991+0200] {processor.py:161} INFO - Started process (PID=5591) to work on /usr/local/lib/python3.8/site-packages/airflow/example_dags/example_branch_python_dop_operator_3.py
[2024-03-12T10:48:21.992+0200] {processor.py:830} INFO - Processing file /usr/local/lib/python3.8/site-packages/airflow/example_dags/example_branch_python_dop_operator_3.py for tasks to queue
[2024-03-12T10:48:21.993+0200] {logging_mixin.py:188} INFO - [2024-03-12T10:48:21.993+0200] {dagbag.py:540} INFO - Filling up the DagBag from /usr/local/lib/python3.8/site-packages/airflow/example_dags/example_branch_python_dop_operator_3.py
[2024-03-12T10:48:22.028+0200] {processor.py:840} INFO - DAG(s) 'example_branch_dop_operator_v3' retrieved from /usr/local/lib/python3.8/site-packages/airflow/example_dags/example_branch_python_dop_operator_3.py
[2024-03-12T10:48:22.162+0200] {logging_mixin.py:188} INFO - [2024-03-12T10:48:22.161+0200] {dag.py:3047} INFO - Sync 1 DAGs
[2024-03-12T10:48:22.183+0200] {logging_mixin.py:188} INFO - [2024-03-12T10:48:22.183+0200] {dag.py:3834} INFO - Setting next_dagrun for example_branch_dop_operator_v3 to 2024-03-12 08:47:00+00:00, run_after=2024-03-12 08:48:00+00:00
[2024-03-12T10:48:22.202+0200] {processor.py:183} INFO - Processing /usr/local/lib/python3.8/site-packages/airflow/example_dags/example_branch_python_dop_operator_3.py took 0.212 seconds
[2024-03-12T10:52:10.529+0200] {processor.py:161} INFO - Started process (PID=5831) to work on /usr/local/lib/python3.8/site-packages/airflow/example_dags/example_branch_python_dop_operator_3.py
[2024-03-12T10:52:10.530+0200] {processor.py:830} INFO - Processing file /usr/local/lib/python3.8/site-packages/airflow/example_dags/example_branch_python_dop_operator_3.py for tasks to queue
[2024-03-12T10:52:10.531+0200] {logging_mixin.py:188} INFO - [2024-03-12T10:52:10.531+0200] {dagbag.py:540} INFO - Filling up the DagBag from /usr/local/lib/python3.8/site-packages/airflow/example_dags/example_branch_python_dop_operator_3.py
[2024-03-12T10:52:10.570+0200] {processor.py:840} INFO - DAG(s) 'example_branch_dop_operator_v3' retrieved from /usr/local/lib/python3.8/site-packages/airflow/example_dags/example_branch_python_dop_operator_3.py
[2024-03-12T10:52:10.703+0200] {logging_mixin.py:188} INFO - [2024-03-12T10:52:10.702+0200] {dag.py:3047} INFO - Sync 1 DAGs
[2024-03-12T10:52:10.725+0200] {logging_mixin.py:188} INFO - [2024-03-12T10:52:10.725+0200] {dag.py:3834} INFO - Setting next_dagrun for example_branch_dop_operator_v3 to 2024-03-12 08:51:00+00:00, run_after=2024-03-12 08:52:00+00:00
[2024-03-12T10:52:10.743+0200] {processor.py:183} INFO - Processing /usr/local/lib/python3.8/site-packages/airflow/example_dags/example_branch_python_dop_operator_3.py took 0.215 seconds
[2024-03-12T10:55:39.806+0200] {processor.py:161} INFO - Started process (PID=6084) to work on /usr/local/lib/python3.8/site-packages/airflow/example_dags/example_branch_python_dop_operator_3.py
[2024-03-12T10:55:39.807+0200] {processor.py:830} INFO - Processing file /usr/local/lib/python3.8/site-packages/airflow/example_dags/example_branch_python_dop_operator_3.py for tasks to queue
[2024-03-12T10:55:39.808+0200] {logging_mixin.py:188} INFO - [2024-03-12T10:55:39.807+0200] {dagbag.py:540} INFO - Filling up the DagBag from /usr/local/lib/python3.8/site-packages/airflow/example_dags/example_branch_python_dop_operator_3.py
[2024-03-12T10:55:39.844+0200] {processor.py:840} INFO - DAG(s) 'example_branch_dop_operator_v3' retrieved from /usr/local/lib/python3.8/site-packages/airflow/example_dags/example_branch_python_dop_operator_3.py
[2024-03-12T10:55:39.975+0200] {logging_mixin.py:188} INFO - [2024-03-12T10:55:39.975+0200] {dag.py:3047} INFO - Sync 1 DAGs
[2024-03-12T10:55:39.997+0200] {logging_mixin.py:188} INFO - [2024-03-12T10:55:39.997+0200] {dag.py:3834} INFO - Setting next_dagrun for example_branch_dop_operator_v3 to 2024-03-12 08:54:00+00:00, run_after=2024-03-12 08:55:00+00:00
[2024-03-12T10:55:40.014+0200] {processor.py:183} INFO - Processing /usr/local/lib/python3.8/site-packages/airflow/example_dags/example_branch_python_dop_operator_3.py took 0.209 seconds
[2024-03-12T10:59:27.654+0200] {processor.py:161} INFO - Started process (PID=6365) to work on /usr/local/lib/python3.8/site-packages/airflow/example_dags/example_branch_python_dop_operator_3.py
[2024-03-12T10:59:27.655+0200] {processor.py:830} INFO - Processing file /usr/local/lib/python3.8/site-packages/airflow/example_dags/example_branch_python_dop_operator_3.py for tasks to queue
[2024-03-12T10:59:27.655+0200] {logging_mixin.py:188} INFO - [2024-03-12T10:59:27.655+0200] {dagbag.py:540} INFO - Filling up the DagBag from /usr/local/lib/python3.8/site-packages/airflow/example_dags/example_branch_python_dop_operator_3.py
[2024-03-12T10:59:27.689+0200] {processor.py:840} INFO - DAG(s) 'example_branch_dop_operator_v3' retrieved from /usr/local/lib/python3.8/site-packages/airflow/example_dags/example_branch_python_dop_operator_3.py
[2024-03-12T10:59:27.810+0200] {logging_mixin.py:188} INFO - [2024-03-12T10:59:27.810+0200] {dag.py:3047} INFO - Sync 1 DAGs
[2024-03-12T10:59:27.831+0200] {logging_mixin.py:188} INFO - [2024-03-12T10:59:27.831+0200] {dag.py:3834} INFO - Setting next_dagrun for example_branch_dop_operator_v3 to 2024-03-12 08:58:00+00:00, run_after=2024-03-12 08:59:00+00:00
[2024-03-12T10:59:27.851+0200] {processor.py:183} INFO - Processing /usr/local/lib/python3.8/site-packages/airflow/example_dags/example_branch_python_dop_operator_3.py took 0.199 seconds
[2024-03-12T11:03:00.337+0200] {processor.py:161} INFO - Started process (PID=6604) to work on /usr/local/lib/python3.8/site-packages/airflow/example_dags/example_branch_python_dop_operator_3.py
[2024-03-12T11:03:00.338+0200] {processor.py:830} INFO - Processing file /usr/local/lib/python3.8/site-packages/airflow/example_dags/example_branch_python_dop_operator_3.py for tasks to queue
[2024-03-12T11:03:00.339+0200] {logging_mixin.py:188} INFO - [2024-03-12T11:03:00.338+0200] {dagbag.py:540} INFO - Filling up the DagBag from /usr/local/lib/python3.8/site-packages/airflow/example_dags/example_branch_python_dop_operator_3.py
[2024-03-12T11:03:00.367+0200] {processor.py:840} INFO - DAG(s) 'example_branch_dop_operator_v3' retrieved from /usr/local/lib/python3.8/site-packages/airflow/example_dags/example_branch_python_dop_operator_3.py
[2024-03-12T11:03:00.492+0200] {logging_mixin.py:188} INFO - [2024-03-12T11:03:00.492+0200] {dag.py:3047} INFO - Sync 1 DAGs
[2024-03-12T11:03:00.514+0200] {logging_mixin.py:188} INFO - [2024-03-12T11:03:00.513+0200] {dag.py:3834} INFO - Setting next_dagrun for example_branch_dop_operator_v3 to 2024-03-12 09:02:00+00:00, run_after=2024-03-12 09:03:00+00:00
[2024-03-12T11:03:00.531+0200] {processor.py:183} INFO - Processing /usr/local/lib/python3.8/site-packages/airflow/example_dags/example_branch_python_dop_operator_3.py took 0.195 seconds
[2024-03-12T11:06:51.830+0200] {processor.py:161} INFO - Started process (PID=6886) to work on /usr/local/lib/python3.8/site-packages/airflow/example_dags/example_branch_python_dop_operator_3.py
[2024-03-12T11:06:51.832+0200] {processor.py:830} INFO - Processing file /usr/local/lib/python3.8/site-packages/airflow/example_dags/example_branch_python_dop_operator_3.py for tasks to queue
[2024-03-12T11:06:51.833+0200] {logging_mixin.py:188} INFO - [2024-03-12T11:06:51.832+0200] {dagbag.py:540} INFO - Filling up the DagBag from /usr/local/lib/python3.8/site-packages/airflow/example_dags/example_branch_python_dop_operator_3.py
[2024-03-12T11:06:51.865+0200] {processor.py:840} INFO - DAG(s) 'example_branch_dop_operator_v3' retrieved from /usr/local/lib/python3.8/site-packages/airflow/example_dags/example_branch_python_dop_operator_3.py
[2024-03-12T11:06:51.998+0200] {logging_mixin.py:188} INFO - [2024-03-12T11:06:51.998+0200] {dag.py:3047} INFO - Sync 1 DAGs
[2024-03-12T11:06:52.020+0200] {logging_mixin.py:188} INFO - [2024-03-12T11:06:52.020+0200] {dag.py:3834} INFO - Setting next_dagrun for example_branch_dop_operator_v3 to 2024-03-12 09:05:00+00:00, run_after=2024-03-12 09:06:00+00:00
[2024-03-12T11:06:52.040+0200] {processor.py:183} INFO - Processing /usr/local/lib/python3.8/site-packages/airflow/example_dags/example_branch_python_dop_operator_3.py took 0.211 seconds
[2024-03-12T11:10:54.909+0200] {processor.py:161} INFO - Started process (PID=7164) to work on /usr/local/lib/python3.8/site-packages/airflow/example_dags/example_branch_python_dop_operator_3.py
[2024-03-12T11:10:54.910+0200] {processor.py:830} INFO - Processing file /usr/local/lib/python3.8/site-packages/airflow/example_dags/example_branch_python_dop_operator_3.py for tasks to queue
[2024-03-12T11:10:54.911+0200] {logging_mixin.py:188} INFO - [2024-03-12T11:10:54.911+0200] {dagbag.py:540} INFO - Filling up the DagBag from /usr/local/lib/python3.8/site-packages/airflow/example_dags/example_branch_python_dop_operator_3.py
[2024-03-12T11:10:54.947+0200] {processor.py:840} INFO - DAG(s) 'example_branch_dop_operator_v3' retrieved from /usr/local/lib/python3.8/site-packages/airflow/example_dags/example_branch_python_dop_operator_3.py
[2024-03-12T11:10:55.081+0200] {logging_mixin.py:188} INFO - [2024-03-12T11:10:55.081+0200] {dag.py:3047} INFO - Sync 1 DAGs
[2024-03-12T11:10:55.104+0200] {logging_mixin.py:188} INFO - [2024-03-12T11:10:55.104+0200] {dag.py:3834} INFO - Setting next_dagrun for example_branch_dop_operator_v3 to 2024-03-12 09:09:00+00:00, run_after=2024-03-12 09:10:00+00:00
[2024-03-12T11:10:55.123+0200] {processor.py:183} INFO - Processing /usr/local/lib/python3.8/site-packages/airflow/example_dags/example_branch_python_dop_operator_3.py took 0.216 seconds
[2024-03-12T11:14:42.881+0200] {processor.py:161} INFO - Started process (PID=7420) to work on /usr/local/lib/python3.8/site-packages/airflow/example_dags/example_branch_python_dop_operator_3.py
[2024-03-12T11:14:42.883+0200] {processor.py:830} INFO - Processing file /usr/local/lib/python3.8/site-packages/airflow/example_dags/example_branch_python_dop_operator_3.py for tasks to queue
[2024-03-12T11:14:42.883+0200] {logging_mixin.py:188} INFO - [2024-03-12T11:14:42.883+0200] {dagbag.py:540} INFO - Filling up the DagBag from /usr/local/lib/python3.8/site-packages/airflow/example_dags/example_branch_python_dop_operator_3.py
[2024-03-12T11:14:42.919+0200] {processor.py:840} INFO - DAG(s) 'example_branch_dop_operator_v3' retrieved from /usr/local/lib/python3.8/site-packages/airflow/example_dags/example_branch_python_dop_operator_3.py
[2024-03-12T11:14:43.041+0200] {logging_mixin.py:188} INFO - [2024-03-12T11:14:43.041+0200] {dag.py:3047} INFO - Sync 1 DAGs
[2024-03-12T11:14:43.062+0200] {logging_mixin.py:188} INFO - [2024-03-12T11:14:43.062+0200] {dag.py:3834} INFO - Setting next_dagrun for example_branch_dop_operator_v3 to 2024-03-12 09:13:00+00:00, run_after=2024-03-12 09:14:00+00:00
[2024-03-12T11:14:43.079+0200] {processor.py:183} INFO - Processing /usr/local/lib/python3.8/site-packages/airflow/example_dags/example_branch_python_dop_operator_3.py took 0.200 seconds
[2024-03-12T11:19:29.667+0200] {processor.py:161} INFO - Started process (PID=7841) to work on /usr/local/lib/python3.8/site-packages/airflow/example_dags/example_branch_python_dop_operator_3.py
[2024-03-12T11:19:29.669+0200] {processor.py:830} INFO - Processing file /usr/local/lib/python3.8/site-packages/airflow/example_dags/example_branch_python_dop_operator_3.py for tasks to queue
[2024-03-12T11:19:29.670+0200] {logging_mixin.py:188} INFO - [2024-03-12T11:19:29.670+0200] {dagbag.py:540} INFO - Filling up the DagBag from /usr/local/lib/python3.8/site-packages/airflow/example_dags/example_branch_python_dop_operator_3.py
[2024-03-12T11:19:29.705+0200] {processor.py:840} INFO - DAG(s) 'example_branch_dop_operator_v3' retrieved from /usr/local/lib/python3.8/site-packages/airflow/example_dags/example_branch_python_dop_operator_3.py
[2024-03-12T11:19:29.829+0200] {logging_mixin.py:188} INFO - [2024-03-12T11:19:29.829+0200] {dag.py:3047} INFO - Sync 1 DAGs
[2024-03-12T11:19:29.851+0200] {logging_mixin.py:188} INFO - [2024-03-12T11:19:29.850+0200] {dag.py:3834} INFO - Setting next_dagrun for example_branch_dop_operator_v3 to 2024-03-12 09:18:00+00:00, run_after=2024-03-12 09:19:00+00:00
[2024-03-12T11:19:29.867+0200] {processor.py:183} INFO - Processing /usr/local/lib/python3.8/site-packages/airflow/example_dags/example_branch_python_dop_operator_3.py took 0.201 seconds
[2024-03-12T11:23:09.259+0200] {processor.py:161} INFO - Started process (PID=8076) to work on /usr/local/lib/python3.8/site-packages/airflow/example_dags/example_branch_python_dop_operator_3.py
[2024-03-12T11:23:09.259+0200] {processor.py:830} INFO - Processing file /usr/local/lib/python3.8/site-packages/airflow/example_dags/example_branch_python_dop_operator_3.py for tasks to queue
[2024-03-12T11:23:09.260+0200] {logging_mixin.py:188} INFO - [2024-03-12T11:23:09.260+0200] {dagbag.py:540} INFO - Filling up the DagBag from /usr/local/lib/python3.8/site-packages/airflow/example_dags/example_branch_python_dop_operator_3.py
[2024-03-12T11:23:09.289+0200] {processor.py:840} INFO - DAG(s) 'example_branch_dop_operator_v3' retrieved from /usr/local/lib/python3.8/site-packages/airflow/example_dags/example_branch_python_dop_operator_3.py
[2024-03-12T11:23:09.417+0200] {logging_mixin.py:188} INFO - [2024-03-12T11:23:09.417+0200] {dag.py:3047} INFO - Sync 1 DAGs
[2024-03-12T11:23:09.440+0200] {logging_mixin.py:188} INFO - [2024-03-12T11:23:09.440+0200] {dag.py:3834} INFO - Setting next_dagrun for example_branch_dop_operator_v3 to 2024-03-12 09:22:00+00:00, run_after=2024-03-12 09:23:00+00:00
[2024-03-12T11:23:09.459+0200] {processor.py:183} INFO - Processing /usr/local/lib/python3.8/site-packages/airflow/example_dags/example_branch_python_dop_operator_3.py took 0.202 seconds
[2024-03-12T11:27:01.954+0200] {processor.py:161} INFO - Started process (PID=8376) to work on /usr/local/lib/python3.8/site-packages/airflow/example_dags/example_branch_python_dop_operator_3.py
[2024-03-12T11:27:01.955+0200] {processor.py:830} INFO - Processing file /usr/local/lib/python3.8/site-packages/airflow/example_dags/example_branch_python_dop_operator_3.py for tasks to queue
[2024-03-12T11:27:01.956+0200] {logging_mixin.py:188} INFO - [2024-03-12T11:27:01.956+0200] {dagbag.py:540} INFO - Filling up the DagBag from /usr/local/lib/python3.8/site-packages/airflow/example_dags/example_branch_python_dop_operator_3.py
[2024-03-12T11:27:01.988+0200] {processor.py:840} INFO - DAG(s) 'example_branch_dop_operator_v3' retrieved from /usr/local/lib/python3.8/site-packages/airflow/example_dags/example_branch_python_dop_operator_3.py
[2024-03-12T11:27:02.108+0200] {logging_mixin.py:188} INFO - [2024-03-12T11:27:02.107+0200] {dag.py:3047} INFO - Sync 1 DAGs
[2024-03-12T11:27:02.129+0200] {logging_mixin.py:188} INFO - [2024-03-12T11:27:02.129+0200] {dag.py:3834} INFO - Setting next_dagrun for example_branch_dop_operator_v3 to 2024-03-12 09:26:00+00:00, run_after=2024-03-12 09:27:00+00:00
[2024-03-12T11:27:02.147+0200] {processor.py:183} INFO - Processing /usr/local/lib/python3.8/site-packages/airflow/example_dags/example_branch_python_dop_operator_3.py took 0.194 seconds
[2024-03-12T11:30:53.034+0200] {processor.py:161} INFO - Started process (PID=8852) to work on /usr/local/lib/python3.8/site-packages/airflow/example_dags/example_branch_python_dop_operator_3.py
[2024-03-12T11:30:53.035+0200] {processor.py:830} INFO - Processing file /usr/local/lib/python3.8/site-packages/airflow/example_dags/example_branch_python_dop_operator_3.py for tasks to queue
[2024-03-12T11:30:53.036+0200] {logging_mixin.py:188} INFO - [2024-03-12T11:30:53.036+0200] {dagbag.py:540} INFO - Filling up the DagBag from /usr/local/lib/python3.8/site-packages/airflow/example_dags/example_branch_python_dop_operator_3.py
[2024-03-12T11:30:53.066+0200] {processor.py:840} INFO - DAG(s) 'example_branch_dop_operator_v3' retrieved from /usr/local/lib/python3.8/site-packages/airflow/example_dags/example_branch_python_dop_operator_3.py
[2024-03-12T11:30:53.190+0200] {logging_mixin.py:188} INFO - [2024-03-12T11:30:53.190+0200] {dag.py:3047} INFO - Sync 1 DAGs
[2024-03-12T11:30:53.210+0200] {logging_mixin.py:188} INFO - [2024-03-12T11:30:53.210+0200] {dag.py:3834} INFO - Setting next_dagrun for example_branch_dop_operator_v3 to 2024-03-12 09:29:00+00:00, run_after=2024-03-12 09:30:00+00:00
[2024-03-12T11:30:53.225+0200] {processor.py:183} INFO - Processing /usr/local/lib/python3.8/site-packages/airflow/example_dags/example_branch_python_dop_operator_3.py took 0.193 seconds
[2024-03-12T11:34:42.778+0200] {processor.py:161} INFO - Started process (PID=9120) to work on /usr/local/lib/python3.8/site-packages/airflow/example_dags/example_branch_python_dop_operator_3.py
[2024-03-12T11:34:42.779+0200] {processor.py:830} INFO - Processing file /usr/local/lib/python3.8/site-packages/airflow/example_dags/example_branch_python_dop_operator_3.py for tasks to queue
[2024-03-12T11:34:42.780+0200] {logging_mixin.py:188} INFO - [2024-03-12T11:34:42.780+0200] {dagbag.py:540} INFO - Filling up the DagBag from /usr/local/lib/python3.8/site-packages/airflow/example_dags/example_branch_python_dop_operator_3.py
[2024-03-12T11:34:42.817+0200] {processor.py:840} INFO - DAG(s) 'example_branch_dop_operator_v3' retrieved from /usr/local/lib/python3.8/site-packages/airflow/example_dags/example_branch_python_dop_operator_3.py
[2024-03-12T11:34:42.952+0200] {logging_mixin.py:188} INFO - [2024-03-12T11:34:42.951+0200] {dag.py:3047} INFO - Sync 1 DAGs
[2024-03-12T11:34:42.975+0200] {logging_mixin.py:188} INFO - [2024-03-12T11:34:42.974+0200] {dag.py:3834} INFO - Setting next_dagrun for example_branch_dop_operator_v3 to 2024-03-12 09:33:00+00:00, run_after=2024-03-12 09:34:00+00:00
[2024-03-12T11:34:42.992+0200] {processor.py:183} INFO - Processing /usr/local/lib/python3.8/site-packages/airflow/example_dags/example_branch_python_dop_operator_3.py took 0.216 seconds
[2024-03-12T11:38:33.302+0200] {processor.py:161} INFO - Started process (PID=9423) to work on /usr/local/lib/python3.8/site-packages/airflow/example_dags/example_branch_python_dop_operator_3.py
[2024-03-12T11:38:33.304+0200] {processor.py:830} INFO - Processing file /usr/local/lib/python3.8/site-packages/airflow/example_dags/example_branch_python_dop_operator_3.py for tasks to queue
[2024-03-12T11:38:33.305+0200] {logging_mixin.py:188} INFO - [2024-03-12T11:38:33.304+0200] {dagbag.py:540} INFO - Filling up the DagBag from /usr/local/lib/python3.8/site-packages/airflow/example_dags/example_branch_python_dop_operator_3.py
[2024-03-12T11:38:33.340+0200] {processor.py:840} INFO - DAG(s) 'example_branch_dop_operator_v3' retrieved from /usr/local/lib/python3.8/site-packages/airflow/example_dags/example_branch_python_dop_operator_3.py
[2024-03-12T11:38:33.467+0200] {logging_mixin.py:188} INFO - [2024-03-12T11:38:33.466+0200] {dag.py:3047} INFO - Sync 1 DAGs
[2024-03-12T11:38:33.499+0200] {logging_mixin.py:188} INFO - [2024-03-12T11:38:33.499+0200] {dag.py:3834} INFO - Setting next_dagrun for example_branch_dop_operator_v3 to 2024-03-12 09:37:00+00:00, run_after=2024-03-12 09:38:00+00:00
[2024-03-12T11:38:33.515+0200] {processor.py:183} INFO - Processing /usr/local/lib/python3.8/site-packages/airflow/example_dags/example_branch_python_dop_operator_3.py took 0.215 seconds
[2024-03-12T11:41:42.050+0200] {processor.py:161} INFO - Started process (PID=9634) to work on /usr/local/lib/python3.8/site-packages/airflow/example_dags/example_branch_python_dop_operator_3.py
[2024-03-12T11:41:42.051+0200] {processor.py:830} INFO - Processing file /usr/local/lib/python3.8/site-packages/airflow/example_dags/example_branch_python_dop_operator_3.py for tasks to queue
[2024-03-12T11:41:42.052+0200] {logging_mixin.py:188} INFO - [2024-03-12T11:41:42.051+0200] {dagbag.py:540} INFO - Filling up the DagBag from /usr/local/lib/python3.8/site-packages/airflow/example_dags/example_branch_python_dop_operator_3.py
[2024-03-12T11:41:42.080+0200] {processor.py:840} INFO - DAG(s) 'example_branch_dop_operator_v3' retrieved from /usr/local/lib/python3.8/site-packages/airflow/example_dags/example_branch_python_dop_operator_3.py
[2024-03-12T11:41:42.197+0200] {logging_mixin.py:188} INFO - [2024-03-12T11:41:42.196+0200] {dag.py:3047} INFO - Sync 1 DAGs
[2024-03-12T11:41:42.218+0200] {logging_mixin.py:188} INFO - [2024-03-12T11:41:42.218+0200] {dag.py:3834} INFO - Setting next_dagrun for example_branch_dop_operator_v3 to 2024-03-12 09:40:00+00:00, run_after=2024-03-12 09:41:00+00:00
[2024-03-12T11:41:42.237+0200] {processor.py:183} INFO - Processing /usr/local/lib/python3.8/site-packages/airflow/example_dags/example_branch_python_dop_operator_3.py took 0.188 seconds
[2024-03-12T11:44:48.623+0200] {processor.py:161} INFO - Started process (PID=9858) to work on /usr/local/lib/python3.8/site-packages/airflow/example_dags/example_branch_python_dop_operator_3.py
[2024-03-12T11:44:48.624+0200] {processor.py:830} INFO - Processing file /usr/local/lib/python3.8/site-packages/airflow/example_dags/example_branch_python_dop_operator_3.py for tasks to queue
[2024-03-12T11:44:48.625+0200] {logging_mixin.py:188} INFO - [2024-03-12T11:44:48.624+0200] {dagbag.py:540} INFO - Filling up the DagBag from /usr/local/lib/python3.8/site-packages/airflow/example_dags/example_branch_python_dop_operator_3.py
[2024-03-12T11:44:48.653+0200] {processor.py:840} INFO - DAG(s) 'example_branch_dop_operator_v3' retrieved from /usr/local/lib/python3.8/site-packages/airflow/example_dags/example_branch_python_dop_operator_3.py
[2024-03-12T11:44:48.772+0200] {logging_mixin.py:188} INFO - [2024-03-12T11:44:48.771+0200] {dag.py:3047} INFO - Sync 1 DAGs
[2024-03-12T11:44:48.793+0200] {logging_mixin.py:188} INFO - [2024-03-12T11:44:48.793+0200] {dag.py:3834} INFO - Setting next_dagrun for example_branch_dop_operator_v3 to 2024-03-12 09:43:00+00:00, run_after=2024-03-12 09:44:00+00:00
[2024-03-12T11:44:48.812+0200] {processor.py:183} INFO - Processing /usr/local/lib/python3.8/site-packages/airflow/example_dags/example_branch_python_dop_operator_3.py took 0.190 seconds
[2024-03-12T11:48:14.729+0200] {processor.py:161} INFO - Started process (PID=10110) to work on /usr/local/lib/python3.8/site-packages/airflow/example_dags/example_branch_python_dop_operator_3.py
[2024-03-12T11:48:14.730+0200] {processor.py:830} INFO - Processing file /usr/local/lib/python3.8/site-packages/airflow/example_dags/example_branch_python_dop_operator_3.py for tasks to queue
[2024-03-12T11:48:14.731+0200] {logging_mixin.py:188} INFO - [2024-03-12T11:48:14.731+0200] {dagbag.py:540} INFO - Filling up the DagBag from /usr/local/lib/python3.8/site-packages/airflow/example_dags/example_branch_python_dop_operator_3.py
[2024-03-12T11:48:14.764+0200] {processor.py:840} INFO - DAG(s) 'example_branch_dop_operator_v3' retrieved from /usr/local/lib/python3.8/site-packages/airflow/example_dags/example_branch_python_dop_operator_3.py
[2024-03-12T11:48:14.882+0200] {logging_mixin.py:188} INFO - [2024-03-12T11:48:14.882+0200] {dag.py:3047} INFO - Sync 1 DAGs
[2024-03-12T11:48:14.905+0200] {logging_mixin.py:188} INFO - [2024-03-12T11:48:14.905+0200] {dag.py:3834} INFO - Setting next_dagrun for example_branch_dop_operator_v3 to 2024-03-12 09:47:00+00:00, run_after=2024-03-12 09:48:00+00:00
[2024-03-12T11:48:14.923+0200] {processor.py:183} INFO - Processing /usr/local/lib/python3.8/site-packages/airflow/example_dags/example_branch_python_dop_operator_3.py took 0.196 seconds
[2024-03-12T12:23:11.978+0200] {processor.py:161} INFO - Started process (PID=10330) to work on /usr/local/lib/python3.8/site-packages/airflow/example_dags/example_branch_python_dop_operator_3.py
[2024-03-12T12:23:11.979+0200] {processor.py:830} INFO - Processing file /usr/local/lib/python3.8/site-packages/airflow/example_dags/example_branch_python_dop_operator_3.py for tasks to queue
[2024-03-12T12:23:11.980+0200] {logging_mixin.py:188} INFO - [2024-03-12T12:23:11.979+0200] {dagbag.py:540} INFO - Filling up the DagBag from /usr/local/lib/python3.8/site-packages/airflow/example_dags/example_branch_python_dop_operator_3.py
[2024-03-12T12:23:12.008+0200] {processor.py:840} INFO - DAG(s) 'example_branch_dop_operator_v3' retrieved from /usr/local/lib/python3.8/site-packages/airflow/example_dags/example_branch_python_dop_operator_3.py
[2024-03-12T12:23:12.126+0200] {logging_mixin.py:188} INFO - [2024-03-12T12:23:12.125+0200] {dag.py:3047} INFO - Sync 1 DAGs
[2024-03-12T12:23:12.146+0200] {logging_mixin.py:188} INFO - [2024-03-12T12:23:12.146+0200] {dag.py:3834} INFO - Setting next_dagrun for example_branch_dop_operator_v3 to 2024-03-12 10:22:00+00:00, run_after=2024-03-12 10:23:00+00:00
[2024-03-12T12:23:12.165+0200] {processor.py:183} INFO - Processing /usr/local/lib/python3.8/site-packages/airflow/example_dags/example_branch_python_dop_operator_3.py took 0.188 seconds
[2024-03-12T12:26:21.450+0200] {processor.py:161} INFO - Started process (PID=10535) to work on /usr/local/lib/python3.8/site-packages/airflow/example_dags/example_branch_python_dop_operator_3.py
[2024-03-12T12:26:21.451+0200] {processor.py:830} INFO - Processing file /usr/local/lib/python3.8/site-packages/airflow/example_dags/example_branch_python_dop_operator_3.py for tasks to queue
[2024-03-12T12:26:21.451+0200] {logging_mixin.py:188} INFO - [2024-03-12T12:26:21.451+0200] {dagbag.py:540} INFO - Filling up the DagBag from /usr/local/lib/python3.8/site-packages/airflow/example_dags/example_branch_python_dop_operator_3.py
[2024-03-12T12:26:21.482+0200] {processor.py:840} INFO - DAG(s) 'example_branch_dop_operator_v3' retrieved from /usr/local/lib/python3.8/site-packages/airflow/example_dags/example_branch_python_dop_operator_3.py
[2024-03-12T12:26:21.604+0200] {logging_mixin.py:188} INFO - [2024-03-12T12:26:21.604+0200] {dag.py:3047} INFO - Sync 1 DAGs
[2024-03-12T12:26:21.627+0200] {logging_mixin.py:188} INFO - [2024-03-12T12:26:21.627+0200] {dag.py:3834} INFO - Setting next_dagrun for example_branch_dop_operator_v3 to 2024-03-12 10:25:00+00:00, run_after=2024-03-12 10:26:00+00:00
[2024-03-12T12:26:21.646+0200] {processor.py:183} INFO - Processing /usr/local/lib/python3.8/site-packages/airflow/example_dags/example_branch_python_dop_operator_3.py took 0.198 seconds
