[2024-03-12T10:10:59.209+0200] {processor.py:161} INFO - Started process (PID=3344) to work on /usr/local/lib/python3.8/site-packages/airflow/example_dags/tutorial_dag.py
[2024-03-12T10:10:59.210+0200] {processor.py:830} INFO - Processing file /usr/local/lib/python3.8/site-packages/airflow/example_dags/tutorial_dag.py for tasks to queue
[2024-03-12T10:10:59.210+0200] {logging_mixin.py:188} INFO - [2024-03-12T10:10:59.210+0200] {dagbag.py:540} INFO - Filling up the DagBag from /usr/local/lib/python3.8/site-packages/airflow/example_dags/tutorial_dag.py
[2024-03-12T10:10:59.232+0200] {processor.py:840} INFO - DAG(s) 'tutorial_dag' retrieved from /usr/local/lib/python3.8/site-packages/airflow/example_dags/tutorial_dag.py
[2024-03-12T10:10:59.427+0200] {logging_mixin.py:188} INFO - [2024-03-12T10:10:59.426+0200] {dag.py:3047} INFO - Sync 1 DAGs
[2024-03-12T10:10:59.433+0200] {logging_mixin.py:188} INFO - [2024-03-12T10:10:59.433+0200] {dag.py:3834} INFO - Setting next_dagrun for tutorial_dag to None, run_after=None
[2024-03-12T10:10:59.451+0200] {processor.py:183} INFO - Processing /usr/local/lib/python3.8/site-packages/airflow/example_dags/tutorial_dag.py took 0.244 seconds
[2024-03-12T10:13:31.911+0200] {processor.py:161} INFO - Started process (PID=3523) to work on /usr/local/lib/python3.8/site-packages/airflow/example_dags/tutorial_dag.py
[2024-03-12T10:13:31.913+0200] {processor.py:830} INFO - Processing file /usr/local/lib/python3.8/site-packages/airflow/example_dags/tutorial_dag.py for tasks to queue
[2024-03-12T10:13:31.913+0200] {logging_mixin.py:188} INFO - [2024-03-12T10:13:31.913+0200] {dagbag.py:540} INFO - Filling up the DagBag from /usr/local/lib/python3.8/site-packages/airflow/example_dags/tutorial_dag.py
[2024-03-12T10:13:31.936+0200] {processor.py:840} INFO - DAG(s) 'tutorial_dag' retrieved from /usr/local/lib/python3.8/site-packages/airflow/example_dags/tutorial_dag.py
[2024-03-12T10:13:32.058+0200] {logging_mixin.py:188} INFO - [2024-03-12T10:13:32.058+0200] {dag.py:3047} INFO - Sync 1 DAGs
[2024-03-12T10:13:32.068+0200] {logging_mixin.py:188} INFO - [2024-03-12T10:13:32.068+0200] {dag.py:3834} INFO - Setting next_dagrun for tutorial_dag to None, run_after=None
[2024-03-12T10:13:32.086+0200] {processor.py:183} INFO - Processing /usr/local/lib/python3.8/site-packages/airflow/example_dags/tutorial_dag.py took 0.176 seconds
[2024-03-12T10:15:23.235+0200] {processor.py:161} INFO - Started process (PID=3652) to work on /usr/local/lib/python3.8/site-packages/airflow/example_dags/tutorial_dag.py
[2024-03-12T10:15:23.236+0200] {processor.py:830} INFO - Processing file /usr/local/lib/python3.8/site-packages/airflow/example_dags/tutorial_dag.py for tasks to queue
[2024-03-12T10:15:23.236+0200] {logging_mixin.py:188} INFO - [2024-03-12T10:15:23.236+0200] {dagbag.py:540} INFO - Filling up the DagBag from /usr/local/lib/python3.8/site-packages/airflow/example_dags/tutorial_dag.py
[2024-03-12T10:15:23.257+0200] {processor.py:840} INFO - DAG(s) 'tutorial_dag' retrieved from /usr/local/lib/python3.8/site-packages/airflow/example_dags/tutorial_dag.py
[2024-03-12T10:15:23.374+0200] {logging_mixin.py:188} INFO - [2024-03-12T10:15:23.374+0200] {dag.py:3047} INFO - Sync 1 DAGs
[2024-03-12T10:15:23.384+0200] {logging_mixin.py:188} INFO - [2024-03-12T10:15:23.384+0200] {dag.py:3834} INFO - Setting next_dagrun for tutorial_dag to None, run_after=None
[2024-03-12T10:15:23.403+0200] {processor.py:183} INFO - Processing /usr/local/lib/python3.8/site-packages/airflow/example_dags/tutorial_dag.py took 0.169 seconds
[2024-03-12T10:17:05.976+0200] {processor.py:161} INFO - Started process (PID=3769) to work on /usr/local/lib/python3.8/site-packages/airflow/example_dags/tutorial_dag.py
[2024-03-12T10:17:05.978+0200] {processor.py:830} INFO - Processing file /usr/local/lib/python3.8/site-packages/airflow/example_dags/tutorial_dag.py for tasks to queue
[2024-03-12T10:17:05.979+0200] {logging_mixin.py:188} INFO - [2024-03-12T10:17:05.978+0200] {dagbag.py:540} INFO - Filling up the DagBag from /usr/local/lib/python3.8/site-packages/airflow/example_dags/tutorial_dag.py
[2024-03-12T10:17:06.005+0200] {processor.py:840} INFO - DAG(s) 'tutorial_dag' retrieved from /usr/local/lib/python3.8/site-packages/airflow/example_dags/tutorial_dag.py
[2024-03-12T10:17:06.162+0200] {logging_mixin.py:188} INFO - [2024-03-12T10:17:06.161+0200] {dag.py:3047} INFO - Sync 1 DAGs
[2024-03-12T10:17:06.172+0200] {logging_mixin.py:188} INFO - [2024-03-12T10:17:06.172+0200] {dag.py:3834} INFO - Setting next_dagrun for tutorial_dag to None, run_after=None
[2024-03-12T10:17:06.191+0200] {processor.py:183} INFO - Processing /usr/local/lib/python3.8/site-packages/airflow/example_dags/tutorial_dag.py took 0.217 seconds
[2024-03-12T10:28:31.367+0200] {processor.py:161} INFO - Started process (PID=4152) to work on /usr/local/lib/python3.8/site-packages/airflow/example_dags/tutorial_dag.py
[2024-03-12T10:28:31.369+0200] {processor.py:830} INFO - Processing file /usr/local/lib/python3.8/site-packages/airflow/example_dags/tutorial_dag.py for tasks to queue
[2024-03-12T10:28:31.369+0200] {logging_mixin.py:188} INFO - [2024-03-12T10:28:31.369+0200] {dagbag.py:540} INFO - Filling up the DagBag from /usr/local/lib/python3.8/site-packages/airflow/example_dags/tutorial_dag.py
[2024-03-12T10:28:31.392+0200] {processor.py:840} INFO - DAG(s) 'tutorial_dag' retrieved from /usr/local/lib/python3.8/site-packages/airflow/example_dags/tutorial_dag.py
[2024-03-12T10:28:31.520+0200] {logging_mixin.py:188} INFO - [2024-03-12T10:28:31.520+0200] {dag.py:3047} INFO - Sync 1 DAGs
[2024-03-12T10:28:31.530+0200] {logging_mixin.py:188} INFO - [2024-03-12T10:28:31.530+0200] {dag.py:3834} INFO - Setting next_dagrun for tutorial_dag to None, run_after=None
[2024-03-12T10:28:31.547+0200] {processor.py:183} INFO - Processing /usr/local/lib/python3.8/site-packages/airflow/example_dags/tutorial_dag.py took 0.182 seconds
[2024-03-12T10:30:52.739+0200] {processor.py:161} INFO - Started process (PID=4312) to work on /usr/local/lib/python3.8/site-packages/airflow/example_dags/tutorial_dag.py
[2024-03-12T10:30:52.740+0200] {processor.py:830} INFO - Processing file /usr/local/lib/python3.8/site-packages/airflow/example_dags/tutorial_dag.py for tasks to queue
[2024-03-12T10:30:52.740+0200] {logging_mixin.py:188} INFO - [2024-03-12T10:30:52.740+0200] {dagbag.py:540} INFO - Filling up the DagBag from /usr/local/lib/python3.8/site-packages/airflow/example_dags/tutorial_dag.py
[2024-03-12T10:30:52.761+0200] {processor.py:840} INFO - DAG(s) 'tutorial_dag' retrieved from /usr/local/lib/python3.8/site-packages/airflow/example_dags/tutorial_dag.py
[2024-03-12T10:30:52.881+0200] {logging_mixin.py:188} INFO - [2024-03-12T10:30:52.881+0200] {dag.py:3047} INFO - Sync 1 DAGs
[2024-03-12T10:30:52.891+0200] {logging_mixin.py:188} INFO - [2024-03-12T10:30:52.891+0200] {dag.py:3834} INFO - Setting next_dagrun for tutorial_dag to None, run_after=None
[2024-03-12T10:30:52.907+0200] {processor.py:183} INFO - Processing /usr/local/lib/python3.8/site-packages/airflow/example_dags/tutorial_dag.py took 0.169 seconds
[2024-03-12T10:32:42.844+0200] {processor.py:161} INFO - Started process (PID=4456) to work on /usr/local/lib/python3.8/site-packages/airflow/example_dags/tutorial_dag.py
[2024-03-12T10:32:42.846+0200] {processor.py:830} INFO - Processing file /usr/local/lib/python3.8/site-packages/airflow/example_dags/tutorial_dag.py for tasks to queue
[2024-03-12T10:32:42.846+0200] {logging_mixin.py:188} INFO - [2024-03-12T10:32:42.846+0200] {dagbag.py:540} INFO - Filling up the DagBag from /usr/local/lib/python3.8/site-packages/airflow/example_dags/tutorial_dag.py
[2024-03-12T10:32:42.870+0200] {processor.py:840} INFO - DAG(s) 'tutorial_dag' retrieved from /usr/local/lib/python3.8/site-packages/airflow/example_dags/tutorial_dag.py
[2024-03-12T10:32:43.014+0200] {logging_mixin.py:188} INFO - [2024-03-12T10:32:43.014+0200] {dag.py:3047} INFO - Sync 1 DAGs
[2024-03-12T10:32:43.024+0200] {logging_mixin.py:188} INFO - [2024-03-12T10:32:43.024+0200] {dag.py:3834} INFO - Setting next_dagrun for tutorial_dag to None, run_after=None
[2024-03-12T10:32:43.043+0200] {processor.py:183} INFO - Processing /usr/local/lib/python3.8/site-packages/airflow/example_dags/tutorial_dag.py took 0.200 seconds
[2024-03-12T10:34:37.400+0200] {processor.py:161} INFO - Started process (PID=4605) to work on /usr/local/lib/python3.8/site-packages/airflow/example_dags/tutorial_dag.py
[2024-03-12T10:34:37.402+0200] {processor.py:830} INFO - Processing file /usr/local/lib/python3.8/site-packages/airflow/example_dags/tutorial_dag.py for tasks to queue
[2024-03-12T10:34:37.402+0200] {logging_mixin.py:188} INFO - [2024-03-12T10:34:37.402+0200] {dagbag.py:540} INFO - Filling up the DagBag from /usr/local/lib/python3.8/site-packages/airflow/example_dags/tutorial_dag.py
[2024-03-12T10:34:37.427+0200] {processor.py:840} INFO - DAG(s) 'tutorial_dag' retrieved from /usr/local/lib/python3.8/site-packages/airflow/example_dags/tutorial_dag.py
[2024-03-12T10:34:37.587+0200] {logging_mixin.py:188} INFO - [2024-03-12T10:34:37.587+0200] {dag.py:3047} INFO - Sync 1 DAGs
[2024-03-12T10:34:37.600+0200] {logging_mixin.py:188} INFO - [2024-03-12T10:34:37.600+0200] {dag.py:3834} INFO - Setting next_dagrun for tutorial_dag to None, run_after=None
[2024-03-12T10:34:37.624+0200] {processor.py:183} INFO - Processing /usr/local/lib/python3.8/site-packages/airflow/example_dags/tutorial_dag.py took 0.225 seconds
[2024-03-12T10:36:29.811+0200] {processor.py:161} INFO - Started process (PID=4743) to work on /usr/local/lib/python3.8/site-packages/airflow/example_dags/tutorial_dag.py
[2024-03-12T10:36:29.812+0200] {processor.py:830} INFO - Processing file /usr/local/lib/python3.8/site-packages/airflow/example_dags/tutorial_dag.py for tasks to queue
[2024-03-12T10:36:29.812+0200] {logging_mixin.py:188} INFO - [2024-03-12T10:36:29.812+0200] {dagbag.py:540} INFO - Filling up the DagBag from /usr/local/lib/python3.8/site-packages/airflow/example_dags/tutorial_dag.py
[2024-03-12T10:36:29.831+0200] {processor.py:840} INFO - DAG(s) 'tutorial_dag' retrieved from /usr/local/lib/python3.8/site-packages/airflow/example_dags/tutorial_dag.py
[2024-03-12T10:36:29.949+0200] {logging_mixin.py:188} INFO - [2024-03-12T10:36:29.948+0200] {dag.py:3047} INFO - Sync 1 DAGs
[2024-03-12T10:36:29.958+0200] {logging_mixin.py:188} INFO - [2024-03-12T10:36:29.958+0200] {dag.py:3834} INFO - Setting next_dagrun for tutorial_dag to None, run_after=None
[2024-03-12T10:36:29.976+0200] {processor.py:183} INFO - Processing /usr/local/lib/python3.8/site-packages/airflow/example_dags/tutorial_dag.py took 0.166 seconds
[2024-03-12T10:38:24.803+0200] {processor.py:161} INFO - Started process (PID=4886) to work on /usr/local/lib/python3.8/site-packages/airflow/example_dags/tutorial_dag.py
[2024-03-12T10:38:24.804+0200] {processor.py:830} INFO - Processing file /usr/local/lib/python3.8/site-packages/airflow/example_dags/tutorial_dag.py for tasks to queue
[2024-03-12T10:38:24.813+0200] {logging_mixin.py:188} INFO - [2024-03-12T10:38:24.813+0200] {dagbag.py:540} INFO - Filling up the DagBag from /usr/local/lib/python3.8/site-packages/airflow/example_dags/tutorial_dag.py
[2024-03-12T10:38:24.837+0200] {processor.py:840} INFO - DAG(s) 'tutorial_dag' retrieved from /usr/local/lib/python3.8/site-packages/airflow/example_dags/tutorial_dag.py
[2024-03-12T10:38:24.962+0200] {logging_mixin.py:188} INFO - [2024-03-12T10:38:24.962+0200] {dag.py:3047} INFO - Sync 1 DAGs
[2024-03-12T10:38:24.972+0200] {logging_mixin.py:188} INFO - [2024-03-12T10:38:24.971+0200] {dag.py:3834} INFO - Setting next_dagrun for tutorial_dag to None, run_after=None
[2024-03-12T10:38:24.989+0200] {processor.py:183} INFO - Processing /usr/local/lib/python3.8/site-packages/airflow/example_dags/tutorial_dag.py took 0.188 seconds
[2024-03-12T10:40:14.758+0200] {processor.py:161} INFO - Started process (PID=5016) to work on /usr/local/lib/python3.8/site-packages/airflow/example_dags/tutorial_dag.py
[2024-03-12T10:40:14.759+0200] {processor.py:830} INFO - Processing file /usr/local/lib/python3.8/site-packages/airflow/example_dags/tutorial_dag.py for tasks to queue
[2024-03-12T10:40:14.760+0200] {logging_mixin.py:188} INFO - [2024-03-12T10:40:14.760+0200] {dagbag.py:540} INFO - Filling up the DagBag from /usr/local/lib/python3.8/site-packages/airflow/example_dags/tutorial_dag.py
[2024-03-12T10:40:14.782+0200] {processor.py:840} INFO - DAG(s) 'tutorial_dag' retrieved from /usr/local/lib/python3.8/site-packages/airflow/example_dags/tutorial_dag.py
[2024-03-12T10:40:14.907+0200] {logging_mixin.py:188} INFO - [2024-03-12T10:40:14.906+0200] {dag.py:3047} INFO - Sync 1 DAGs
[2024-03-12T10:40:14.917+0200] {logging_mixin.py:188} INFO - [2024-03-12T10:40:14.917+0200] {dag.py:3834} INFO - Setting next_dagrun for tutorial_dag to None, run_after=None
[2024-03-12T10:40:14.935+0200] {processor.py:183} INFO - Processing /usr/local/lib/python3.8/site-packages/airflow/example_dags/tutorial_dag.py took 0.178 seconds
[2024-03-12T10:41:59.010+0200] {processor.py:161} INFO - Started process (PID=5135) to work on /usr/local/lib/python3.8/site-packages/airflow/example_dags/tutorial_dag.py
[2024-03-12T10:41:59.011+0200] {processor.py:830} INFO - Processing file /usr/local/lib/python3.8/site-packages/airflow/example_dags/tutorial_dag.py for tasks to queue
[2024-03-12T10:41:59.012+0200] {logging_mixin.py:188} INFO - [2024-03-12T10:41:59.012+0200] {dagbag.py:540} INFO - Filling up the DagBag from /usr/local/lib/python3.8/site-packages/airflow/example_dags/tutorial_dag.py
[2024-03-12T10:41:59.035+0200] {processor.py:840} INFO - DAG(s) 'tutorial_dag' retrieved from /usr/local/lib/python3.8/site-packages/airflow/example_dags/tutorial_dag.py
[2024-03-12T10:41:59.167+0200] {logging_mixin.py:188} INFO - [2024-03-12T10:41:59.167+0200] {dag.py:3047} INFO - Sync 1 DAGs
[2024-03-12T10:41:59.177+0200] {logging_mixin.py:188} INFO - [2024-03-12T10:41:59.177+0200] {dag.py:3834} INFO - Setting next_dagrun for tutorial_dag to None, run_after=None
[2024-03-12T10:41:59.195+0200] {processor.py:183} INFO - Processing /usr/local/lib/python3.8/site-packages/airflow/example_dags/tutorial_dag.py took 0.186 seconds
[2024-03-12T10:43:46.440+0200] {processor.py:161} INFO - Started process (PID=5259) to work on /usr/local/lib/python3.8/site-packages/airflow/example_dags/tutorial_dag.py
[2024-03-12T10:43:46.441+0200] {processor.py:830} INFO - Processing file /usr/local/lib/python3.8/site-packages/airflow/example_dags/tutorial_dag.py for tasks to queue
[2024-03-12T10:43:46.442+0200] {logging_mixin.py:188} INFO - [2024-03-12T10:43:46.442+0200] {dagbag.py:540} INFO - Filling up the DagBag from /usr/local/lib/python3.8/site-packages/airflow/example_dags/tutorial_dag.py
[2024-03-12T10:43:46.465+0200] {processor.py:840} INFO - DAG(s) 'tutorial_dag' retrieved from /usr/local/lib/python3.8/site-packages/airflow/example_dags/tutorial_dag.py
[2024-03-12T10:43:46.594+0200] {logging_mixin.py:188} INFO - [2024-03-12T10:43:46.594+0200] {dag.py:3047} INFO - Sync 1 DAGs
[2024-03-12T10:43:46.605+0200] {logging_mixin.py:188} INFO - [2024-03-12T10:43:46.604+0200] {dag.py:3834} INFO - Setting next_dagrun for tutorial_dag to None, run_after=None
[2024-03-12T10:43:46.622+0200] {processor.py:183} INFO - Processing /usr/local/lib/python3.8/site-packages/airflow/example_dags/tutorial_dag.py took 0.183 seconds
[2024-03-12T10:45:37.480+0200] {processor.py:161} INFO - Started process (PID=5383) to work on /usr/local/lib/python3.8/site-packages/airflow/example_dags/tutorial_dag.py
[2024-03-12T10:45:37.481+0200] {processor.py:830} INFO - Processing file /usr/local/lib/python3.8/site-packages/airflow/example_dags/tutorial_dag.py for tasks to queue
[2024-03-12T10:45:37.482+0200] {logging_mixin.py:188} INFO - [2024-03-12T10:45:37.481+0200] {dagbag.py:540} INFO - Filling up the DagBag from /usr/local/lib/python3.8/site-packages/airflow/example_dags/tutorial_dag.py
[2024-03-12T10:45:37.500+0200] {processor.py:840} INFO - DAG(s) 'tutorial_dag' retrieved from /usr/local/lib/python3.8/site-packages/airflow/example_dags/tutorial_dag.py
[2024-03-12T10:45:37.637+0200] {logging_mixin.py:188} INFO - [2024-03-12T10:45:37.637+0200] {dag.py:3047} INFO - Sync 1 DAGs
[2024-03-12T10:45:37.648+0200] {logging_mixin.py:188} INFO - [2024-03-12T10:45:37.648+0200] {dag.py:3834} INFO - Setting next_dagrun for tutorial_dag to None, run_after=None
[2024-03-12T10:45:37.667+0200] {processor.py:183} INFO - Processing /usr/local/lib/python3.8/site-packages/airflow/example_dags/tutorial_dag.py took 0.188 seconds
[2024-03-12T10:47:29.329+0200] {processor.py:161} INFO - Started process (PID=5530) to work on /usr/local/lib/python3.8/site-packages/airflow/example_dags/tutorial_dag.py
[2024-03-12T10:47:29.330+0200] {processor.py:830} INFO - Processing file /usr/local/lib/python3.8/site-packages/airflow/example_dags/tutorial_dag.py for tasks to queue
[2024-03-12T10:47:29.330+0200] {logging_mixin.py:188} INFO - [2024-03-12T10:47:29.330+0200] {dagbag.py:540} INFO - Filling up the DagBag from /usr/local/lib/python3.8/site-packages/airflow/example_dags/tutorial_dag.py
[2024-03-12T10:47:29.354+0200] {processor.py:840} INFO - DAG(s) 'tutorial_dag' retrieved from /usr/local/lib/python3.8/site-packages/airflow/example_dags/tutorial_dag.py
[2024-03-12T10:47:29.484+0200] {logging_mixin.py:188} INFO - [2024-03-12T10:47:29.483+0200] {dag.py:3047} INFO - Sync 1 DAGs
[2024-03-12T10:47:29.496+0200] {logging_mixin.py:188} INFO - [2024-03-12T10:47:29.496+0200] {dag.py:3834} INFO - Setting next_dagrun for tutorial_dag to None, run_after=None
[2024-03-12T10:47:29.517+0200] {processor.py:183} INFO - Processing /usr/local/lib/python3.8/site-packages/airflow/example_dags/tutorial_dag.py took 0.189 seconds
[2024-03-12T10:49:18.694+0200] {processor.py:161} INFO - Started process (PID=5654) to work on /usr/local/lib/python3.8/site-packages/airflow/example_dags/tutorial_dag.py
[2024-03-12T10:49:18.695+0200] {processor.py:830} INFO - Processing file /usr/local/lib/python3.8/site-packages/airflow/example_dags/tutorial_dag.py for tasks to queue
[2024-03-12T10:49:18.695+0200] {logging_mixin.py:188} INFO - [2024-03-12T10:49:18.695+0200] {dagbag.py:540} INFO - Filling up the DagBag from /usr/local/lib/python3.8/site-packages/airflow/example_dags/tutorial_dag.py
[2024-03-12T10:49:18.719+0200] {processor.py:840} INFO - DAG(s) 'tutorial_dag' retrieved from /usr/local/lib/python3.8/site-packages/airflow/example_dags/tutorial_dag.py
[2024-03-12T10:49:18.872+0200] {logging_mixin.py:188} INFO - [2024-03-12T10:49:18.872+0200] {dag.py:3047} INFO - Sync 1 DAGs
[2024-03-12T10:49:18.883+0200] {logging_mixin.py:188} INFO - [2024-03-12T10:49:18.883+0200] {dag.py:3834} INFO - Setting next_dagrun for tutorial_dag to None, run_after=None
[2024-03-12T10:49:18.902+0200] {processor.py:183} INFO - Processing /usr/local/lib/python3.8/site-packages/airflow/example_dags/tutorial_dag.py took 0.209 seconds
[2024-03-12T10:51:12.308+0200] {processor.py:161} INFO - Started process (PID=5771) to work on /usr/local/lib/python3.8/site-packages/airflow/example_dags/tutorial_dag.py
[2024-03-12T10:51:12.309+0200] {processor.py:830} INFO - Processing file /usr/local/lib/python3.8/site-packages/airflow/example_dags/tutorial_dag.py for tasks to queue
[2024-03-12T10:51:12.309+0200] {logging_mixin.py:188} INFO - [2024-03-12T10:51:12.309+0200] {dagbag.py:540} INFO - Filling up the DagBag from /usr/local/lib/python3.8/site-packages/airflow/example_dags/tutorial_dag.py
[2024-03-12T10:51:12.333+0200] {processor.py:840} INFO - DAG(s) 'tutorial_dag' retrieved from /usr/local/lib/python3.8/site-packages/airflow/example_dags/tutorial_dag.py
[2024-03-12T10:51:12.464+0200] {logging_mixin.py:188} INFO - [2024-03-12T10:51:12.464+0200] {dag.py:3047} INFO - Sync 1 DAGs
[2024-03-12T10:51:12.474+0200] {logging_mixin.py:188} INFO - [2024-03-12T10:51:12.474+0200] {dag.py:3834} INFO - Setting next_dagrun for tutorial_dag to None, run_after=None
[2024-03-12T10:51:12.492+0200] {processor.py:183} INFO - Processing /usr/local/lib/python3.8/site-packages/airflow/example_dags/tutorial_dag.py took 0.186 seconds
[2024-03-12T10:53:04.209+0200] {processor.py:161} INFO - Started process (PID=5901) to work on /usr/local/lib/python3.8/site-packages/airflow/example_dags/tutorial_dag.py
[2024-03-12T10:53:04.210+0200] {processor.py:830} INFO - Processing file /usr/local/lib/python3.8/site-packages/airflow/example_dags/tutorial_dag.py for tasks to queue
[2024-03-12T10:53:04.210+0200] {logging_mixin.py:188} INFO - [2024-03-12T10:53:04.210+0200] {dagbag.py:540} INFO - Filling up the DagBag from /usr/local/lib/python3.8/site-packages/airflow/example_dags/tutorial_dag.py
[2024-03-12T10:53:04.233+0200] {processor.py:840} INFO - DAG(s) 'tutorial_dag' retrieved from /usr/local/lib/python3.8/site-packages/airflow/example_dags/tutorial_dag.py
[2024-03-12T10:53:04.359+0200] {logging_mixin.py:188} INFO - [2024-03-12T10:53:04.358+0200] {dag.py:3047} INFO - Sync 1 DAGs
[2024-03-12T10:53:04.369+0200] {logging_mixin.py:188} INFO - [2024-03-12T10:53:04.368+0200] {dag.py:3834} INFO - Setting next_dagrun for tutorial_dag to None, run_after=None
[2024-03-12T10:53:04.387+0200] {processor.py:183} INFO - Processing /usr/local/lib/python3.8/site-packages/airflow/example_dags/tutorial_dag.py took 0.180 seconds
[2024-03-12T10:54:49.084+0200] {processor.py:161} INFO - Started process (PID=6027) to work on /usr/local/lib/python3.8/site-packages/airflow/example_dags/tutorial_dag.py
[2024-03-12T10:54:49.085+0200] {processor.py:830} INFO - Processing file /usr/local/lib/python3.8/site-packages/airflow/example_dags/tutorial_dag.py for tasks to queue
[2024-03-12T10:54:49.085+0200] {logging_mixin.py:188} INFO - [2024-03-12T10:54:49.085+0200] {dagbag.py:540} INFO - Filling up the DagBag from /usr/local/lib/python3.8/site-packages/airflow/example_dags/tutorial_dag.py
[2024-03-12T10:54:49.108+0200] {processor.py:840} INFO - DAG(s) 'tutorial_dag' retrieved from /usr/local/lib/python3.8/site-packages/airflow/example_dags/tutorial_dag.py
[2024-03-12T10:54:49.235+0200] {logging_mixin.py:188} INFO - [2024-03-12T10:54:49.234+0200] {dag.py:3047} INFO - Sync 1 DAGs
[2024-03-12T10:54:49.244+0200] {logging_mixin.py:188} INFO - [2024-03-12T10:54:49.244+0200] {dag.py:3834} INFO - Setting next_dagrun for tutorial_dag to None, run_after=None
[2024-03-12T10:54:49.262+0200] {processor.py:183} INFO - Processing /usr/local/lib/python3.8/site-packages/airflow/example_dags/tutorial_dag.py took 0.180 seconds
[2024-03-12T10:56:36.690+0200] {processor.py:161} INFO - Started process (PID=6141) to work on /usr/local/lib/python3.8/site-packages/airflow/example_dags/tutorial_dag.py
[2024-03-12T10:56:36.691+0200] {processor.py:830} INFO - Processing file /usr/local/lib/python3.8/site-packages/airflow/example_dags/tutorial_dag.py for tasks to queue
[2024-03-12T10:56:36.692+0200] {logging_mixin.py:188} INFO - [2024-03-12T10:56:36.691+0200] {dagbag.py:540} INFO - Filling up the DagBag from /usr/local/lib/python3.8/site-packages/airflow/example_dags/tutorial_dag.py
[2024-03-12T10:56:36.716+0200] {processor.py:840} INFO - DAG(s) 'tutorial_dag' retrieved from /usr/local/lib/python3.8/site-packages/airflow/example_dags/tutorial_dag.py
[2024-03-12T10:56:36.854+0200] {logging_mixin.py:188} INFO - [2024-03-12T10:56:36.853+0200] {dag.py:3047} INFO - Sync 1 DAGs
[2024-03-12T10:56:36.864+0200] {logging_mixin.py:188} INFO - [2024-03-12T10:56:36.864+0200] {dag.py:3834} INFO - Setting next_dagrun for tutorial_dag to None, run_after=None
[2024-03-12T10:56:36.881+0200] {processor.py:183} INFO - Processing /usr/local/lib/python3.8/site-packages/airflow/example_dags/tutorial_dag.py took 0.193 seconds
[2024-03-12T10:58:32.024+0200] {processor.py:161} INFO - Started process (PID=6294) to work on /usr/local/lib/python3.8/site-packages/airflow/example_dags/tutorial_dag.py
[2024-03-12T10:58:32.025+0200] {processor.py:830} INFO - Processing file /usr/local/lib/python3.8/site-packages/airflow/example_dags/tutorial_dag.py for tasks to queue
[2024-03-12T10:58:32.025+0200] {logging_mixin.py:188} INFO - [2024-03-12T10:58:32.025+0200] {dagbag.py:540} INFO - Filling up the DagBag from /usr/local/lib/python3.8/site-packages/airflow/example_dags/tutorial_dag.py
[2024-03-12T10:58:32.048+0200] {processor.py:840} INFO - DAG(s) 'tutorial_dag' retrieved from /usr/local/lib/python3.8/site-packages/airflow/example_dags/tutorial_dag.py
[2024-03-12T10:58:32.180+0200] {logging_mixin.py:188} INFO - [2024-03-12T10:58:32.180+0200] {dag.py:3047} INFO - Sync 1 DAGs
[2024-03-12T10:58:32.190+0200] {logging_mixin.py:188} INFO - [2024-03-12T10:58:32.190+0200] {dag.py:3834} INFO - Setting next_dagrun for tutorial_dag to None, run_after=None
[2024-03-12T10:58:32.209+0200] {processor.py:183} INFO - Processing /usr/local/lib/python3.8/site-packages/airflow/example_dags/tutorial_dag.py took 0.186 seconds
[2024-03-12T11:00:22.328+0200] {processor.py:161} INFO - Started process (PID=6418) to work on /usr/local/lib/python3.8/site-packages/airflow/example_dags/tutorial_dag.py
[2024-03-12T11:00:22.329+0200] {processor.py:830} INFO - Processing file /usr/local/lib/python3.8/site-packages/airflow/example_dags/tutorial_dag.py for tasks to queue
[2024-03-12T11:00:22.329+0200] {logging_mixin.py:188} INFO - [2024-03-12T11:00:22.329+0200] {dagbag.py:540} INFO - Filling up the DagBag from /usr/local/lib/python3.8/site-packages/airflow/example_dags/tutorial_dag.py
[2024-03-12T11:00:22.349+0200] {processor.py:840} INFO - DAG(s) 'tutorial_dag' retrieved from /usr/local/lib/python3.8/site-packages/airflow/example_dags/tutorial_dag.py
[2024-03-12T11:00:22.466+0200] {logging_mixin.py:188} INFO - [2024-03-12T11:00:22.465+0200] {dag.py:3047} INFO - Sync 1 DAGs
[2024-03-12T11:00:22.476+0200] {logging_mixin.py:188} INFO - [2024-03-12T11:00:22.475+0200] {dag.py:3834} INFO - Setting next_dagrun for tutorial_dag to None, run_after=None
[2024-03-12T11:00:22.493+0200] {processor.py:183} INFO - Processing /usr/local/lib/python3.8/site-packages/airflow/example_dags/tutorial_dag.py took 0.167 seconds
[2024-03-12T11:02:11.111+0200] {processor.py:161} INFO - Started process (PID=6541) to work on /usr/local/lib/python3.8/site-packages/airflow/example_dags/tutorial_dag.py
[2024-03-12T11:02:11.112+0200] {processor.py:830} INFO - Processing file /usr/local/lib/python3.8/site-packages/airflow/example_dags/tutorial_dag.py for tasks to queue
[2024-03-12T11:02:11.113+0200] {logging_mixin.py:188} INFO - [2024-03-12T11:02:11.113+0200] {dagbag.py:540} INFO - Filling up the DagBag from /usr/local/lib/python3.8/site-packages/airflow/example_dags/tutorial_dag.py
[2024-03-12T11:02:11.137+0200] {processor.py:840} INFO - DAG(s) 'tutorial_dag' retrieved from /usr/local/lib/python3.8/site-packages/airflow/example_dags/tutorial_dag.py
[2024-03-12T11:02:11.275+0200] {logging_mixin.py:188} INFO - [2024-03-12T11:02:11.275+0200] {dag.py:3047} INFO - Sync 1 DAGs
[2024-03-12T11:02:11.285+0200] {logging_mixin.py:188} INFO - [2024-03-12T11:02:11.285+0200] {dag.py:3834} INFO - Setting next_dagrun for tutorial_dag to None, run_after=None
[2024-03-12T11:02:11.304+0200] {processor.py:183} INFO - Processing /usr/local/lib/python3.8/site-packages/airflow/example_dags/tutorial_dag.py took 0.194 seconds
[2024-03-12T11:03:59.704+0200] {processor.py:161} INFO - Started process (PID=6667) to work on /usr/local/lib/python3.8/site-packages/airflow/example_dags/tutorial_dag.py
[2024-03-12T11:03:59.705+0200] {processor.py:830} INFO - Processing file /usr/local/lib/python3.8/site-packages/airflow/example_dags/tutorial_dag.py for tasks to queue
[2024-03-12T11:03:59.706+0200] {logging_mixin.py:188} INFO - [2024-03-12T11:03:59.706+0200] {dagbag.py:540} INFO - Filling up the DagBag from /usr/local/lib/python3.8/site-packages/airflow/example_dags/tutorial_dag.py
[2024-03-12T11:03:59.728+0200] {processor.py:840} INFO - DAG(s) 'tutorial_dag' retrieved from /usr/local/lib/python3.8/site-packages/airflow/example_dags/tutorial_dag.py
[2024-03-12T11:03:59.849+0200] {logging_mixin.py:188} INFO - [2024-03-12T11:03:59.848+0200] {dag.py:3047} INFO - Sync 1 DAGs
[2024-03-12T11:03:59.858+0200] {logging_mixin.py:188} INFO - [2024-03-12T11:03:59.858+0200] {dag.py:3834} INFO - Setting next_dagrun for tutorial_dag to None, run_after=None
[2024-03-12T11:03:59.876+0200] {processor.py:183} INFO - Processing /usr/local/lib/python3.8/site-packages/airflow/example_dags/tutorial_dag.py took 0.173 seconds
[2024-03-12T11:05:51.305+0200] {processor.py:161} INFO - Started process (PID=6821) to work on /usr/local/lib/python3.8/site-packages/airflow/example_dags/tutorial_dag.py
[2024-03-12T11:05:51.307+0200] {processor.py:830} INFO - Processing file /usr/local/lib/python3.8/site-packages/airflow/example_dags/tutorial_dag.py for tasks to queue
[2024-03-12T11:05:51.308+0200] {logging_mixin.py:188} INFO - [2024-03-12T11:05:51.307+0200] {dagbag.py:540} INFO - Filling up the DagBag from /usr/local/lib/python3.8/site-packages/airflow/example_dags/tutorial_dag.py
[2024-03-12T11:05:51.333+0200] {processor.py:840} INFO - DAG(s) 'tutorial_dag' retrieved from /usr/local/lib/python3.8/site-packages/airflow/example_dags/tutorial_dag.py
[2024-03-12T11:05:51.494+0200] {logging_mixin.py:188} INFO - [2024-03-12T11:05:51.493+0200] {dag.py:3047} INFO - Sync 1 DAGs
[2024-03-12T11:05:51.504+0200] {logging_mixin.py:188} INFO - [2024-03-12T11:05:51.504+0200] {dag.py:3834} INFO - Setting next_dagrun for tutorial_dag to None, run_after=None
[2024-03-12T11:05:51.522+0200] {processor.py:183} INFO - Processing /usr/local/lib/python3.8/site-packages/airflow/example_dags/tutorial_dag.py took 0.218 seconds
[2024-03-12T11:07:54.589+0200] {processor.py:161} INFO - Started process (PID=6977) to work on /usr/local/lib/python3.8/site-packages/airflow/example_dags/tutorial_dag.py
[2024-03-12T11:07:54.590+0200] {processor.py:830} INFO - Processing file /usr/local/lib/python3.8/site-packages/airflow/example_dags/tutorial_dag.py for tasks to queue
[2024-03-12T11:07:54.590+0200] {logging_mixin.py:188} INFO - [2024-03-12T11:07:54.590+0200] {dagbag.py:540} INFO - Filling up the DagBag from /usr/local/lib/python3.8/site-packages/airflow/example_dags/tutorial_dag.py
[2024-03-12T11:07:54.614+0200] {processor.py:840} INFO - DAG(s) 'tutorial_dag' retrieved from /usr/local/lib/python3.8/site-packages/airflow/example_dags/tutorial_dag.py
[2024-03-12T11:07:54.782+0200] {logging_mixin.py:188} INFO - [2024-03-12T11:07:54.782+0200] {dag.py:3047} INFO - Sync 1 DAGs
[2024-03-12T11:07:54.796+0200] {logging_mixin.py:188} INFO - [2024-03-12T11:07:54.795+0200] {dag.py:3834} INFO - Setting next_dagrun for tutorial_dag to None, run_after=None
[2024-03-12T11:07:54.814+0200] {processor.py:183} INFO - Processing /usr/local/lib/python3.8/site-packages/airflow/example_dags/tutorial_dag.py took 0.227 seconds
[2024-03-12T11:09:57.247+0200] {processor.py:161} INFO - Started process (PID=7110) to work on /usr/local/lib/python3.8/site-packages/airflow/example_dags/tutorial_dag.py
[2024-03-12T11:09:57.249+0200] {processor.py:830} INFO - Processing file /usr/local/lib/python3.8/site-packages/airflow/example_dags/tutorial_dag.py for tasks to queue
[2024-03-12T11:09:57.250+0200] {logging_mixin.py:188} INFO - [2024-03-12T11:09:57.249+0200] {dagbag.py:540} INFO - Filling up the DagBag from /usr/local/lib/python3.8/site-packages/airflow/example_dags/tutorial_dag.py
[2024-03-12T11:09:57.273+0200] {processor.py:840} INFO - DAG(s) 'tutorial_dag' retrieved from /usr/local/lib/python3.8/site-packages/airflow/example_dags/tutorial_dag.py
[2024-03-12T11:09:57.400+0200] {logging_mixin.py:188} INFO - [2024-03-12T11:09:57.400+0200] {dag.py:3047} INFO - Sync 1 DAGs
[2024-03-12T11:09:57.411+0200] {logging_mixin.py:188} INFO - [2024-03-12T11:09:57.410+0200] {dag.py:3834} INFO - Setting next_dagrun for tutorial_dag to None, run_after=None
[2024-03-12T11:09:57.429+0200] {processor.py:183} INFO - Processing /usr/local/lib/python3.8/site-packages/airflow/example_dags/tutorial_dag.py took 0.183 seconds
[2024-03-12T11:11:48.919+0200] {processor.py:161} INFO - Started process (PID=7232) to work on /usr/local/lib/python3.8/site-packages/airflow/example_dags/tutorial_dag.py
[2024-03-12T11:11:48.920+0200] {processor.py:830} INFO - Processing file /usr/local/lib/python3.8/site-packages/airflow/example_dags/tutorial_dag.py for tasks to queue
[2024-03-12T11:11:48.921+0200] {logging_mixin.py:188} INFO - [2024-03-12T11:11:48.921+0200] {dagbag.py:540} INFO - Filling up the DagBag from /usr/local/lib/python3.8/site-packages/airflow/example_dags/tutorial_dag.py
[2024-03-12T11:11:48.944+0200] {processor.py:840} INFO - DAG(s) 'tutorial_dag' retrieved from /usr/local/lib/python3.8/site-packages/airflow/example_dags/tutorial_dag.py
[2024-03-12T11:11:49.079+0200] {logging_mixin.py:188} INFO - [2024-03-12T11:11:49.079+0200] {dag.py:3047} INFO - Sync 1 DAGs
[2024-03-12T11:11:49.090+0200] {logging_mixin.py:188} INFO - [2024-03-12T11:11:49.089+0200] {dag.py:3834} INFO - Setting next_dagrun for tutorial_dag to None, run_after=None
[2024-03-12T11:11:49.108+0200] {processor.py:183} INFO - Processing /usr/local/lib/python3.8/site-packages/airflow/example_dags/tutorial_dag.py took 0.190 seconds
[2024-03-12T11:13:40.935+0200] {processor.py:161} INFO - Started process (PID=7352) to work on /usr/local/lib/python3.8/site-packages/airflow/example_dags/tutorial_dag.py
[2024-03-12T11:13:40.937+0200] {processor.py:830} INFO - Processing file /usr/local/lib/python3.8/site-packages/airflow/example_dags/tutorial_dag.py for tasks to queue
[2024-03-12T11:13:40.938+0200] {logging_mixin.py:188} INFO - [2024-03-12T11:13:40.937+0200] {dagbag.py:540} INFO - Filling up the DagBag from /usr/local/lib/python3.8/site-packages/airflow/example_dags/tutorial_dag.py
[2024-03-12T11:13:40.965+0200] {processor.py:840} INFO - DAG(s) 'tutorial_dag' retrieved from /usr/local/lib/python3.8/site-packages/airflow/example_dags/tutorial_dag.py
[2024-03-12T11:13:41.129+0200] {logging_mixin.py:188} INFO - [2024-03-12T11:13:41.128+0200] {dag.py:3047} INFO - Sync 1 DAGs
[2024-03-12T11:13:41.139+0200] {logging_mixin.py:188} INFO - [2024-03-12T11:13:41.139+0200] {dag.py:3834} INFO - Setting next_dagrun for tutorial_dag to None, run_after=None
[2024-03-12T11:13:41.157+0200] {processor.py:183} INFO - Processing /usr/local/lib/python3.8/site-packages/airflow/example_dags/tutorial_dag.py took 0.224 seconds
[2024-03-12T11:15:40.469+0200] {processor.py:161} INFO - Started process (PID=7493) to work on /usr/local/lib/python3.8/site-packages/airflow/example_dags/tutorial_dag.py
[2024-03-12T11:15:40.471+0200] {processor.py:830} INFO - Processing file /usr/local/lib/python3.8/site-packages/airflow/example_dags/tutorial_dag.py for tasks to queue
[2024-03-12T11:15:40.472+0200] {logging_mixin.py:188} INFO - [2024-03-12T11:15:40.471+0200] {dagbag.py:540} INFO - Filling up the DagBag from /usr/local/lib/python3.8/site-packages/airflow/example_dags/tutorial_dag.py
[2024-03-12T11:15:40.494+0200] {processor.py:840} INFO - DAG(s) 'tutorial_dag' retrieved from /usr/local/lib/python3.8/site-packages/airflow/example_dags/tutorial_dag.py
[2024-03-12T11:15:40.641+0200] {logging_mixin.py:188} INFO - [2024-03-12T11:15:40.640+0200] {dag.py:3047} INFO - Sync 1 DAGs
[2024-03-12T11:15:40.655+0200] {logging_mixin.py:188} INFO - [2024-03-12T11:15:40.654+0200] {dag.py:3834} INFO - Setting next_dagrun for tutorial_dag to None, run_after=None
[2024-03-12T11:15:40.675+0200] {processor.py:183} INFO - Processing /usr/local/lib/python3.8/site-packages/airflow/example_dags/tutorial_dag.py took 0.207 seconds
[2024-03-12T11:18:08.117+0200] {processor.py:161} INFO - Started process (PID=7745) to work on /usr/local/lib/python3.8/site-packages/airflow/example_dags/tutorial_dag.py
[2024-03-12T11:18:08.119+0200] {processor.py:830} INFO - Processing file /usr/local/lib/python3.8/site-packages/airflow/example_dags/tutorial_dag.py for tasks to queue
[2024-03-12T11:18:08.120+0200] {logging_mixin.py:188} INFO - [2024-03-12T11:18:08.120+0200] {dagbag.py:540} INFO - Filling up the DagBag from /usr/local/lib/python3.8/site-packages/airflow/example_dags/tutorial_dag.py
[2024-03-12T11:18:08.145+0200] {processor.py:840} INFO - DAG(s) 'tutorial_dag' retrieved from /usr/local/lib/python3.8/site-packages/airflow/example_dags/tutorial_dag.py
[2024-03-12T11:18:08.286+0200] {logging_mixin.py:188} INFO - [2024-03-12T11:18:08.286+0200] {dag.py:3047} INFO - Sync 1 DAGs
[2024-03-12T11:18:08.297+0200] {logging_mixin.py:188} INFO - [2024-03-12T11:18:08.296+0200] {dag.py:3834} INFO - Setting next_dagrun for tutorial_dag to None, run_after=None
[2024-03-12T11:18:08.314+0200] {processor.py:183} INFO - Processing /usr/local/lib/python3.8/site-packages/airflow/example_dags/tutorial_dag.py took 0.198 seconds
[2024-03-12T11:20:25.016+0200] {processor.py:161} INFO - Started process (PID=7894) to work on /usr/local/lib/python3.8/site-packages/airflow/example_dags/tutorial_dag.py
[2024-03-12T11:20:25.016+0200] {processor.py:830} INFO - Processing file /usr/local/lib/python3.8/site-packages/airflow/example_dags/tutorial_dag.py for tasks to queue
[2024-03-12T11:20:25.017+0200] {logging_mixin.py:188} INFO - [2024-03-12T11:20:25.017+0200] {dagbag.py:540} INFO - Filling up the DagBag from /usr/local/lib/python3.8/site-packages/airflow/example_dags/tutorial_dag.py
[2024-03-12T11:20:25.040+0200] {processor.py:840} INFO - DAG(s) 'tutorial_dag' retrieved from /usr/local/lib/python3.8/site-packages/airflow/example_dags/tutorial_dag.py
[2024-03-12T11:20:25.172+0200] {logging_mixin.py:188} INFO - [2024-03-12T11:20:25.172+0200] {dag.py:3047} INFO - Sync 1 DAGs
[2024-03-12T11:20:25.183+0200] {logging_mixin.py:188} INFO - [2024-03-12T11:20:25.183+0200] {dag.py:3834} INFO - Setting next_dagrun for tutorial_dag to None, run_after=None
[2024-03-12T11:20:25.202+0200] {processor.py:183} INFO - Processing /usr/local/lib/python3.8/site-packages/airflow/example_dags/tutorial_dag.py took 0.188 seconds
[2024-03-12T11:22:08.787+0200] {processor.py:161} INFO - Started process (PID=8020) to work on /usr/local/lib/python3.8/site-packages/airflow/example_dags/tutorial_dag.py
[2024-03-12T11:22:08.788+0200] {processor.py:830} INFO - Processing file /usr/local/lib/python3.8/site-packages/airflow/example_dags/tutorial_dag.py for tasks to queue
[2024-03-12T11:22:08.788+0200] {logging_mixin.py:188} INFO - [2024-03-12T11:22:08.788+0200] {dagbag.py:540} INFO - Filling up the DagBag from /usr/local/lib/python3.8/site-packages/airflow/example_dags/tutorial_dag.py
[2024-03-12T11:22:08.811+0200] {processor.py:840} INFO - DAG(s) 'tutorial_dag' retrieved from /usr/local/lib/python3.8/site-packages/airflow/example_dags/tutorial_dag.py
[2024-03-12T11:22:08.937+0200] {logging_mixin.py:188} INFO - [2024-03-12T11:22:08.937+0200] {dag.py:3047} INFO - Sync 1 DAGs
[2024-03-12T11:22:08.948+0200] {logging_mixin.py:188} INFO - [2024-03-12T11:22:08.947+0200] {dag.py:3834} INFO - Setting next_dagrun for tutorial_dag to None, run_after=None
[2024-03-12T11:22:08.967+0200] {processor.py:183} INFO - Processing /usr/local/lib/python3.8/site-packages/airflow/example_dags/tutorial_dag.py took 0.181 seconds
[2024-03-12T11:24:05.343+0200] {processor.py:161} INFO - Started process (PID=8147) to work on /usr/local/lib/python3.8/site-packages/airflow/example_dags/tutorial_dag.py
[2024-03-12T11:24:05.343+0200] {processor.py:830} INFO - Processing file /usr/local/lib/python3.8/site-packages/airflow/example_dags/tutorial_dag.py for tasks to queue
[2024-03-12T11:24:05.344+0200] {logging_mixin.py:188} INFO - [2024-03-12T11:24:05.344+0200] {dagbag.py:540} INFO - Filling up the DagBag from /usr/local/lib/python3.8/site-packages/airflow/example_dags/tutorial_dag.py
[2024-03-12T11:24:05.366+0200] {processor.py:840} INFO - DAG(s) 'tutorial_dag' retrieved from /usr/local/lib/python3.8/site-packages/airflow/example_dags/tutorial_dag.py
[2024-03-12T11:24:05.487+0200] {logging_mixin.py:188} INFO - [2024-03-12T11:24:05.487+0200] {dag.py:3047} INFO - Sync 1 DAGs
[2024-03-12T11:24:05.497+0200] {logging_mixin.py:188} INFO - [2024-03-12T11:24:05.497+0200] {dag.py:3834} INFO - Setting next_dagrun for tutorial_dag to None, run_after=None
[2024-03-12T11:24:05.516+0200] {processor.py:183} INFO - Processing /usr/local/lib/python3.8/site-packages/airflow/example_dags/tutorial_dag.py took 0.174 seconds
[2024-03-12T11:26:02.576+0200] {processor.py:161} INFO - Started process (PID=8280) to work on /usr/local/lib/python3.8/site-packages/airflow/example_dags/tutorial_dag.py
[2024-03-12T11:26:02.577+0200] {processor.py:830} INFO - Processing file /usr/local/lib/python3.8/site-packages/airflow/example_dags/tutorial_dag.py for tasks to queue
[2024-03-12T11:26:02.577+0200] {logging_mixin.py:188} INFO - [2024-03-12T11:26:02.577+0200] {dagbag.py:540} INFO - Filling up the DagBag from /usr/local/lib/python3.8/site-packages/airflow/example_dags/tutorial_dag.py
[2024-03-12T11:26:02.604+0200] {processor.py:840} INFO - DAG(s) 'tutorial_dag' retrieved from /usr/local/lib/python3.8/site-packages/airflow/example_dags/tutorial_dag.py
[2024-03-12T11:26:02.744+0200] {logging_mixin.py:188} INFO - [2024-03-12T11:26:02.743+0200] {dag.py:3047} INFO - Sync 1 DAGs
[2024-03-12T11:26:02.753+0200] {logging_mixin.py:188} INFO - [2024-03-12T11:26:02.753+0200] {dag.py:3834} INFO - Setting next_dagrun for tutorial_dag to None, run_after=None
[2024-03-12T11:26:02.769+0200] {processor.py:183} INFO - Processing /usr/local/lib/python3.8/site-packages/airflow/example_dags/tutorial_dag.py took 0.195 seconds
[2024-03-12T11:27:58.653+0200] {processor.py:161} INFO - Started process (PID=8655) to work on /usr/local/lib/python3.8/site-packages/airflow/example_dags/tutorial_dag.py
[2024-03-12T11:27:58.655+0200] {processor.py:830} INFO - Processing file /usr/local/lib/python3.8/site-packages/airflow/example_dags/tutorial_dag.py for tasks to queue
[2024-03-12T11:27:58.655+0200] {logging_mixin.py:188} INFO - [2024-03-12T11:27:58.655+0200] {dagbag.py:540} INFO - Filling up the DagBag from /usr/local/lib/python3.8/site-packages/airflow/example_dags/tutorial_dag.py
[2024-03-12T11:27:58.678+0200] {processor.py:840} INFO - DAG(s) 'tutorial_dag' retrieved from /usr/local/lib/python3.8/site-packages/airflow/example_dags/tutorial_dag.py
[2024-03-12T11:27:58.799+0200] {logging_mixin.py:188} INFO - [2024-03-12T11:27:58.799+0200] {dag.py:3047} INFO - Sync 1 DAGs
[2024-03-12T11:27:58.809+0200] {logging_mixin.py:188} INFO - [2024-03-12T11:27:58.809+0200] {dag.py:3834} INFO - Setting next_dagrun for tutorial_dag to None, run_after=None
[2024-03-12T11:27:58.826+0200] {processor.py:183} INFO - Processing /usr/local/lib/python3.8/site-packages/airflow/example_dags/tutorial_dag.py took 0.175 seconds
[2024-03-12T11:29:58.746+0200] {processor.py:161} INFO - Started process (PID=8793) to work on /usr/local/lib/python3.8/site-packages/airflow/example_dags/tutorial_dag.py
[2024-03-12T11:29:58.747+0200] {processor.py:830} INFO - Processing file /usr/local/lib/python3.8/site-packages/airflow/example_dags/tutorial_dag.py for tasks to queue
[2024-03-12T11:29:58.747+0200] {logging_mixin.py:188} INFO - [2024-03-12T11:29:58.747+0200] {dagbag.py:540} INFO - Filling up the DagBag from /usr/local/lib/python3.8/site-packages/airflow/example_dags/tutorial_dag.py
[2024-03-12T11:29:58.772+0200] {processor.py:840} INFO - DAG(s) 'tutorial_dag' retrieved from /usr/local/lib/python3.8/site-packages/airflow/example_dags/tutorial_dag.py
[2024-03-12T11:29:58.915+0200] {logging_mixin.py:188} INFO - [2024-03-12T11:29:58.914+0200] {dag.py:3047} INFO - Sync 1 DAGs
[2024-03-12T11:29:58.925+0200] {logging_mixin.py:188} INFO - [2024-03-12T11:29:58.925+0200] {dag.py:3834} INFO - Setting next_dagrun for tutorial_dag to None, run_after=None
[2024-03-12T11:29:58.943+0200] {processor.py:183} INFO - Processing /usr/local/lib/python3.8/site-packages/airflow/example_dags/tutorial_dag.py took 0.198 seconds
[2024-03-12T11:31:51.776+0200] {processor.py:161} INFO - Started process (PID=8926) to work on /usr/local/lib/python3.8/site-packages/airflow/example_dags/tutorial_dag.py
[2024-03-12T11:31:51.777+0200] {processor.py:830} INFO - Processing file /usr/local/lib/python3.8/site-packages/airflow/example_dags/tutorial_dag.py for tasks to queue
[2024-03-12T11:31:51.778+0200] {logging_mixin.py:188} INFO - [2024-03-12T11:31:51.778+0200] {dagbag.py:540} INFO - Filling up the DagBag from /usr/local/lib/python3.8/site-packages/airflow/example_dags/tutorial_dag.py
[2024-03-12T11:31:51.800+0200] {processor.py:840} INFO - DAG(s) 'tutorial_dag' retrieved from /usr/local/lib/python3.8/site-packages/airflow/example_dags/tutorial_dag.py
[2024-03-12T11:31:51.923+0200] {logging_mixin.py:188} INFO - [2024-03-12T11:31:51.923+0200] {dag.py:3047} INFO - Sync 1 DAGs
[2024-03-12T11:31:51.933+0200] {logging_mixin.py:188} INFO - [2024-03-12T11:31:51.933+0200] {dag.py:3834} INFO - Setting next_dagrun for tutorial_dag to None, run_after=None
[2024-03-12T11:31:51.950+0200] {processor.py:183} INFO - Processing /usr/local/lib/python3.8/site-packages/airflow/example_dags/tutorial_dag.py took 0.176 seconds
[2024-03-12T11:33:44.315+0200] {processor.py:161} INFO - Started process (PID=9053) to work on /usr/local/lib/python3.8/site-packages/airflow/example_dags/tutorial_dag.py
[2024-03-12T11:33:44.317+0200] {processor.py:830} INFO - Processing file /usr/local/lib/python3.8/site-packages/airflow/example_dags/tutorial_dag.py for tasks to queue
[2024-03-12T11:33:44.318+0200] {logging_mixin.py:188} INFO - [2024-03-12T11:33:44.318+0200] {dagbag.py:540} INFO - Filling up the DagBag from /usr/local/lib/python3.8/site-packages/airflow/example_dags/tutorial_dag.py
[2024-03-12T11:33:44.344+0200] {processor.py:840} INFO - DAG(s) 'tutorial_dag' retrieved from /usr/local/lib/python3.8/site-packages/airflow/example_dags/tutorial_dag.py
[2024-03-12T11:33:44.480+0200] {logging_mixin.py:188} INFO - [2024-03-12T11:33:44.479+0200] {dag.py:3047} INFO - Sync 1 DAGs
[2024-03-12T11:33:44.490+0200] {logging_mixin.py:188} INFO - [2024-03-12T11:33:44.490+0200] {dag.py:3834} INFO - Setting next_dagrun for tutorial_dag to None, run_after=None
[2024-03-12T11:33:44.508+0200] {processor.py:183} INFO - Processing /usr/local/lib/python3.8/site-packages/airflow/example_dags/tutorial_dag.py took 0.194 seconds
[2024-03-12T11:35:44.091+0200] {processor.py:161} INFO - Started process (PID=9213) to work on /usr/local/lib/python3.8/site-packages/airflow/example_dags/tutorial_dag.py
[2024-03-12T11:35:44.092+0200] {processor.py:830} INFO - Processing file /usr/local/lib/python3.8/site-packages/airflow/example_dags/tutorial_dag.py for tasks to queue
[2024-03-12T11:35:44.093+0200] {logging_mixin.py:188} INFO - [2024-03-12T11:35:44.093+0200] {dagbag.py:540} INFO - Filling up the DagBag from /usr/local/lib/python3.8/site-packages/airflow/example_dags/tutorial_dag.py
[2024-03-12T11:35:44.117+0200] {processor.py:840} INFO - DAG(s) 'tutorial_dag' retrieved from /usr/local/lib/python3.8/site-packages/airflow/example_dags/tutorial_dag.py
[2024-03-12T11:35:44.254+0200] {logging_mixin.py:188} INFO - [2024-03-12T11:35:44.254+0200] {dag.py:3047} INFO - Sync 1 DAGs
[2024-03-12T11:35:44.265+0200] {logging_mixin.py:188} INFO - [2024-03-12T11:35:44.265+0200] {dag.py:3834} INFO - Setting next_dagrun for tutorial_dag to None, run_after=None
[2024-03-12T11:35:44.283+0200] {processor.py:183} INFO - Processing /usr/local/lib/python3.8/site-packages/airflow/example_dags/tutorial_dag.py took 0.194 seconds
[2024-03-12T11:37:41.362+0200] {processor.py:161} INFO - Started process (PID=9354) to work on /usr/local/lib/python3.8/site-packages/airflow/example_dags/tutorial_dag.py
[2024-03-12T11:37:41.364+0200] {processor.py:830} INFO - Processing file /usr/local/lib/python3.8/site-packages/airflow/example_dags/tutorial_dag.py for tasks to queue
[2024-03-12T11:37:41.365+0200] {logging_mixin.py:188} INFO - [2024-03-12T11:37:41.364+0200] {dagbag.py:540} INFO - Filling up the DagBag from /usr/local/lib/python3.8/site-packages/airflow/example_dags/tutorial_dag.py
[2024-03-12T11:37:41.388+0200] {processor.py:840} INFO - DAG(s) 'tutorial_dag' retrieved from /usr/local/lib/python3.8/site-packages/airflow/example_dags/tutorial_dag.py
[2024-03-12T11:37:41.516+0200] {logging_mixin.py:188} INFO - [2024-03-12T11:37:41.516+0200] {dag.py:3047} INFO - Sync 1 DAGs
[2024-03-12T11:37:41.527+0200] {logging_mixin.py:188} INFO - [2024-03-12T11:37:41.526+0200] {dag.py:3834} INFO - Setting next_dagrun for tutorial_dag to None, run_after=None
[2024-03-12T11:37:41.544+0200] {processor.py:183} INFO - Processing /usr/local/lib/python3.8/site-packages/airflow/example_dags/tutorial_dag.py took 0.184 seconds
[2024-03-12T11:39:22.746+0200] {processor.py:161} INFO - Started process (PID=9480) to work on /usr/local/lib/python3.8/site-packages/airflow/example_dags/tutorial_dag.py
[2024-03-12T11:39:22.747+0200] {processor.py:830} INFO - Processing file /usr/local/lib/python3.8/site-packages/airflow/example_dags/tutorial_dag.py for tasks to queue
[2024-03-12T11:39:22.747+0200] {logging_mixin.py:188} INFO - [2024-03-12T11:39:22.747+0200] {dagbag.py:540} INFO - Filling up the DagBag from /usr/local/lib/python3.8/site-packages/airflow/example_dags/tutorial_dag.py
[2024-03-12T11:39:22.767+0200] {processor.py:840} INFO - DAG(s) 'tutorial_dag' retrieved from /usr/local/lib/python3.8/site-packages/airflow/example_dags/tutorial_dag.py
[2024-03-12T11:39:22.884+0200] {logging_mixin.py:188} INFO - [2024-03-12T11:39:22.884+0200] {dag.py:3047} INFO - Sync 1 DAGs
[2024-03-12T11:39:22.894+0200] {logging_mixin.py:188} INFO - [2024-03-12T11:39:22.894+0200] {dag.py:3834} INFO - Setting next_dagrun for tutorial_dag to None, run_after=None
[2024-03-12T11:39:22.912+0200] {processor.py:183} INFO - Processing /usr/local/lib/python3.8/site-packages/airflow/example_dags/tutorial_dag.py took 0.167 seconds
[2024-03-12T11:40:58.299+0200] {processor.py:161} INFO - Started process (PID=9580) to work on /usr/local/lib/python3.8/site-packages/airflow/example_dags/tutorial_dag.py
[2024-03-12T11:40:58.300+0200] {processor.py:830} INFO - Processing file /usr/local/lib/python3.8/site-packages/airflow/example_dags/tutorial_dag.py for tasks to queue
[2024-03-12T11:40:58.300+0200] {logging_mixin.py:188} INFO - [2024-03-12T11:40:58.300+0200] {dagbag.py:540} INFO - Filling up the DagBag from /usr/local/lib/python3.8/site-packages/airflow/example_dags/tutorial_dag.py
[2024-03-12T11:40:58.320+0200] {processor.py:840} INFO - DAG(s) 'tutorial_dag' retrieved from /usr/local/lib/python3.8/site-packages/airflow/example_dags/tutorial_dag.py
[2024-03-12T11:40:58.435+0200] {logging_mixin.py:188} INFO - [2024-03-12T11:40:58.435+0200] {dag.py:3047} INFO - Sync 1 DAGs
[2024-03-12T11:40:58.445+0200] {logging_mixin.py:188} INFO - [2024-03-12T11:40:58.445+0200] {dag.py:3834} INFO - Setting next_dagrun for tutorial_dag to None, run_after=None
[2024-03-12T11:40:58.462+0200] {processor.py:183} INFO - Processing /usr/local/lib/python3.8/site-packages/airflow/example_dags/tutorial_dag.py took 0.164 seconds
[2024-03-12T11:42:31.262+0200] {processor.py:161} INFO - Started process (PID=9692) to work on /usr/local/lib/python3.8/site-packages/airflow/example_dags/tutorial_dag.py
[2024-03-12T11:42:31.263+0200] {processor.py:830} INFO - Processing file /usr/local/lib/python3.8/site-packages/airflow/example_dags/tutorial_dag.py for tasks to queue
[2024-03-12T11:42:31.264+0200] {logging_mixin.py:188} INFO - [2024-03-12T11:42:31.263+0200] {dagbag.py:540} INFO - Filling up the DagBag from /usr/local/lib/python3.8/site-packages/airflow/example_dags/tutorial_dag.py
[2024-03-12T11:42:31.282+0200] {processor.py:840} INFO - DAG(s) 'tutorial_dag' retrieved from /usr/local/lib/python3.8/site-packages/airflow/example_dags/tutorial_dag.py
[2024-03-12T11:42:31.396+0200] {logging_mixin.py:188} INFO - [2024-03-12T11:42:31.396+0200] {dag.py:3047} INFO - Sync 1 DAGs
[2024-03-12T11:42:31.405+0200] {logging_mixin.py:188} INFO - [2024-03-12T11:42:31.405+0200] {dag.py:3834} INFO - Setting next_dagrun for tutorial_dag to None, run_after=None
[2024-03-12T11:42:31.425+0200] {processor.py:183} INFO - Processing /usr/local/lib/python3.8/site-packages/airflow/example_dags/tutorial_dag.py took 0.164 seconds
[2024-03-12T11:44:05.276+0200] {processor.py:161} INFO - Started process (PID=9808) to work on /usr/local/lib/python3.8/site-packages/airflow/example_dags/tutorial_dag.py
[2024-03-12T11:44:05.277+0200] {processor.py:830} INFO - Processing file /usr/local/lib/python3.8/site-packages/airflow/example_dags/tutorial_dag.py for tasks to queue
[2024-03-12T11:44:05.277+0200] {logging_mixin.py:188} INFO - [2024-03-12T11:44:05.277+0200] {dagbag.py:540} INFO - Filling up the DagBag from /usr/local/lib/python3.8/site-packages/airflow/example_dags/tutorial_dag.py
[2024-03-12T11:44:05.297+0200] {processor.py:840} INFO - DAG(s) 'tutorial_dag' retrieved from /usr/local/lib/python3.8/site-packages/airflow/example_dags/tutorial_dag.py
[2024-03-12T11:44:05.414+0200] {logging_mixin.py:188} INFO - [2024-03-12T11:44:05.414+0200] {dag.py:3047} INFO - Sync 1 DAGs
[2024-03-12T11:44:05.424+0200] {logging_mixin.py:188} INFO - [2024-03-12T11:44:05.423+0200] {dag.py:3834} INFO - Setting next_dagrun for tutorial_dag to None, run_after=None
[2024-03-12T11:44:05.444+0200] {processor.py:183} INFO - Processing /usr/local/lib/python3.8/site-packages/airflow/example_dags/tutorial_dag.py took 0.169 seconds
[2024-03-12T11:45:39.291+0200] {processor.py:161} INFO - Started process (PID=9920) to work on /usr/local/lib/python3.8/site-packages/airflow/example_dags/tutorial_dag.py
[2024-03-12T11:45:39.293+0200] {processor.py:830} INFO - Processing file /usr/local/lib/python3.8/site-packages/airflow/example_dags/tutorial_dag.py for tasks to queue
[2024-03-12T11:45:39.293+0200] {logging_mixin.py:188} INFO - [2024-03-12T11:45:39.293+0200] {dagbag.py:540} INFO - Filling up the DagBag from /usr/local/lib/python3.8/site-packages/airflow/example_dags/tutorial_dag.py
[2024-03-12T11:45:39.319+0200] {processor.py:840} INFO - DAG(s) 'tutorial_dag' retrieved from /usr/local/lib/python3.8/site-packages/airflow/example_dags/tutorial_dag.py
[2024-03-12T11:45:39.444+0200] {logging_mixin.py:188} INFO - [2024-03-12T11:45:39.444+0200] {dag.py:3047} INFO - Sync 1 DAGs
[2024-03-12T11:45:39.454+0200] {logging_mixin.py:188} INFO - [2024-03-12T11:45:39.454+0200] {dag.py:3834} INFO - Setting next_dagrun for tutorial_dag to None, run_after=None
[2024-03-12T11:45:39.472+0200] {processor.py:183} INFO - Processing /usr/local/lib/python3.8/site-packages/airflow/example_dags/tutorial_dag.py took 0.182 seconds
[2024-03-12T11:47:19.609+0200] {processor.py:161} INFO - Started process (PID=10033) to work on /usr/local/lib/python3.8/site-packages/airflow/example_dags/tutorial_dag.py
[2024-03-12T11:47:19.610+0200] {processor.py:830} INFO - Processing file /usr/local/lib/python3.8/site-packages/airflow/example_dags/tutorial_dag.py for tasks to queue
[2024-03-12T11:47:19.611+0200] {logging_mixin.py:188} INFO - [2024-03-12T11:47:19.610+0200] {dagbag.py:540} INFO - Filling up the DagBag from /usr/local/lib/python3.8/site-packages/airflow/example_dags/tutorial_dag.py
[2024-03-12T11:47:19.632+0200] {processor.py:840} INFO - DAG(s) 'tutorial_dag' retrieved from /usr/local/lib/python3.8/site-packages/airflow/example_dags/tutorial_dag.py
[2024-03-12T11:47:19.753+0200] {logging_mixin.py:188} INFO - [2024-03-12T11:47:19.752+0200] {dag.py:3047} INFO - Sync 1 DAGs
[2024-03-12T11:47:19.762+0200] {logging_mixin.py:188} INFO - [2024-03-12T11:47:19.762+0200] {dag.py:3834} INFO - Setting next_dagrun for tutorial_dag to None, run_after=None
[2024-03-12T11:47:19.778+0200] {processor.py:183} INFO - Processing /usr/local/lib/python3.8/site-packages/airflow/example_dags/tutorial_dag.py took 0.171 seconds
[2024-03-12T12:21:50.181+0200] {processor.py:161} INFO - Started process (PID=10214) to work on /usr/local/lib/python3.8/site-packages/airflow/example_dags/tutorial_dag.py
[2024-03-12T12:21:50.183+0200] {processor.py:830} INFO - Processing file /usr/local/lib/python3.8/site-packages/airflow/example_dags/tutorial_dag.py for tasks to queue
[2024-03-12T12:21:50.183+0200] {logging_mixin.py:188} INFO - [2024-03-12T12:21:50.183+0200] {dagbag.py:540} INFO - Filling up the DagBag from /usr/local/lib/python3.8/site-packages/airflow/example_dags/tutorial_dag.py
[2024-03-12T12:21:50.207+0200] {processor.py:840} INFO - DAG(s) 'tutorial_dag' retrieved from /usr/local/lib/python3.8/site-packages/airflow/example_dags/tutorial_dag.py
[2024-03-12T12:21:50.332+0200] {logging_mixin.py:188} INFO - [2024-03-12T12:21:50.331+0200] {dag.py:3047} INFO - Sync 1 DAGs
[2024-03-12T12:21:50.341+0200] {logging_mixin.py:188} INFO - [2024-03-12T12:21:50.341+0200] {dag.py:3834} INFO - Setting next_dagrun for tutorial_dag to None, run_after=None
[2024-03-12T12:21:50.356+0200] {processor.py:183} INFO - Processing /usr/local/lib/python3.8/site-packages/airflow/example_dags/tutorial_dag.py took 0.176 seconds
[2024-03-12T12:23:50.621+0200] {processor.py:161} INFO - Started process (PID=10364) to work on /usr/local/lib/python3.8/site-packages/airflow/example_dags/tutorial_dag.py
[2024-03-12T12:23:50.622+0200] {processor.py:830} INFO - Processing file /usr/local/lib/python3.8/site-packages/airflow/example_dags/tutorial_dag.py for tasks to queue
[2024-03-12T12:23:50.622+0200] {logging_mixin.py:188} INFO - [2024-03-12T12:23:50.622+0200] {dagbag.py:540} INFO - Filling up the DagBag from /usr/local/lib/python3.8/site-packages/airflow/example_dags/tutorial_dag.py
[2024-03-12T12:23:50.641+0200] {processor.py:840} INFO - DAG(s) 'tutorial_dag' retrieved from /usr/local/lib/python3.8/site-packages/airflow/example_dags/tutorial_dag.py
[2024-03-12T12:23:50.757+0200] {logging_mixin.py:188} INFO - [2024-03-12T12:23:50.757+0200] {dag.py:3047} INFO - Sync 1 DAGs
[2024-03-12T12:23:50.767+0200] {logging_mixin.py:188} INFO - [2024-03-12T12:23:50.767+0200] {dag.py:3834} INFO - Setting next_dagrun for tutorial_dag to None, run_after=None
[2024-03-12T12:23:50.784+0200] {processor.py:183} INFO - Processing /usr/local/lib/python3.8/site-packages/airflow/example_dags/tutorial_dag.py took 0.164 seconds
[2024-03-12T12:25:25.121+0200] {processor.py:161} INFO - Started process (PID=10473) to work on /usr/local/lib/python3.8/site-packages/airflow/example_dags/tutorial_dag.py
[2024-03-12T12:25:25.122+0200] {processor.py:830} INFO - Processing file /usr/local/lib/python3.8/site-packages/airflow/example_dags/tutorial_dag.py for tasks to queue
[2024-03-12T12:25:25.122+0200] {logging_mixin.py:188} INFO - [2024-03-12T12:25:25.122+0200] {dagbag.py:540} INFO - Filling up the DagBag from /usr/local/lib/python3.8/site-packages/airflow/example_dags/tutorial_dag.py
[2024-03-12T12:25:25.141+0200] {processor.py:840} INFO - DAG(s) 'tutorial_dag' retrieved from /usr/local/lib/python3.8/site-packages/airflow/example_dags/tutorial_dag.py
[2024-03-12T12:25:25.256+0200] {logging_mixin.py:188} INFO - [2024-03-12T12:25:25.255+0200] {dag.py:3047} INFO - Sync 1 DAGs
[2024-03-12T12:25:25.265+0200] {logging_mixin.py:188} INFO - [2024-03-12T12:25:25.265+0200] {dag.py:3834} INFO - Setting next_dagrun for tutorial_dag to None, run_after=None
[2024-03-12T12:25:25.283+0200] {processor.py:183} INFO - Processing /usr/local/lib/python3.8/site-packages/airflow/example_dags/tutorial_dag.py took 0.163 seconds
[2024-03-12T12:27:02.745+0200] {processor.py:161} INFO - Started process (PID=10578) to work on /usr/local/lib/python3.8/site-packages/airflow/example_dags/tutorial_dag.py
[2024-03-12T12:27:02.745+0200] {processor.py:830} INFO - Processing file /usr/local/lib/python3.8/site-packages/airflow/example_dags/tutorial_dag.py for tasks to queue
[2024-03-12T12:27:02.746+0200] {logging_mixin.py:188} INFO - [2024-03-12T12:27:02.746+0200] {dagbag.py:540} INFO - Filling up the DagBag from /usr/local/lib/python3.8/site-packages/airflow/example_dags/tutorial_dag.py
[2024-03-12T12:27:02.767+0200] {processor.py:840} INFO - DAG(s) 'tutorial_dag' retrieved from /usr/local/lib/python3.8/site-packages/airflow/example_dags/tutorial_dag.py
[2024-03-12T12:27:02.885+0200] {logging_mixin.py:188} INFO - [2024-03-12T12:27:02.884+0200] {dag.py:3047} INFO - Sync 1 DAGs
[2024-03-12T12:27:02.894+0200] {logging_mixin.py:188} INFO - [2024-03-12T12:27:02.894+0200] {dag.py:3834} INFO - Setting next_dagrun for tutorial_dag to None, run_after=None
[2024-03-12T12:27:02.912+0200] {processor.py:183} INFO - Processing /usr/local/lib/python3.8/site-packages/airflow/example_dags/tutorial_dag.py took 0.169 seconds
