[2024-03-12T10:10:56.624+0200] {processor.py:161} INFO - Started process (PID=3342) to work on /usr/local/lib/python3.8/site-packages/airflow/example_dags/tutorial_objectstorage.py
[2024-03-12T10:10:56.624+0200] {processor.py:830} INFO - Processing file /usr/local/lib/python3.8/site-packages/airflow/example_dags/tutorial_objectstorage.py for tasks to queue
[2024-03-12T10:10:56.625+0200] {logging_mixin.py:188} INFO - [2024-03-12T10:10:56.625+0200] {dagbag.py:540} INFO - Filling up the DagBag from /usr/local/lib/python3.8/site-packages/airflow/example_dags/tutorial_objectstorage.py
[2024-03-12T10:10:56.673+0200] {processor.py:840} INFO - DAG(s) 'tutorial_objectstorage' retrieved from /usr/local/lib/python3.8/site-packages/airflow/example_dags/tutorial_objectstorage.py
[2024-03-12T10:10:56.869+0200] {logging_mixin.py:188} INFO - [2024-03-12T10:10:56.868+0200] {dag.py:3047} INFO - Sync 1 DAGs
[2024-03-12T10:10:56.876+0200] {logging_mixin.py:188} INFO - [2024-03-12T10:10:56.875+0200] {dag.py:3834} INFO - Setting next_dagrun for tutorial_objectstorage to None, run_after=None
[2024-03-12T10:10:56.894+0200] {processor.py:183} INFO - Processing /usr/local/lib/python3.8/site-packages/airflow/example_dags/tutorial_objectstorage.py took 0.272 seconds
[2024-03-12T10:13:29.322+0200] {processor.py:161} INFO - Started process (PID=3519) to work on /usr/local/lib/python3.8/site-packages/airflow/example_dags/tutorial_objectstorage.py
[2024-03-12T10:13:29.323+0200] {processor.py:830} INFO - Processing file /usr/local/lib/python3.8/site-packages/airflow/example_dags/tutorial_objectstorage.py for tasks to queue
[2024-03-12T10:13:29.324+0200] {logging_mixin.py:188} INFO - [2024-03-12T10:13:29.323+0200] {dagbag.py:540} INFO - Filling up the DagBag from /usr/local/lib/python3.8/site-packages/airflow/example_dags/tutorial_objectstorage.py
[2024-03-12T10:13:29.386+0200] {processor.py:840} INFO - DAG(s) 'tutorial_objectstorage' retrieved from /usr/local/lib/python3.8/site-packages/airflow/example_dags/tutorial_objectstorage.py
[2024-03-12T10:13:29.509+0200] {logging_mixin.py:188} INFO - [2024-03-12T10:13:29.508+0200] {dag.py:3047} INFO - Sync 1 DAGs
[2024-03-12T10:13:29.518+0200] {logging_mixin.py:188} INFO - [2024-03-12T10:13:29.518+0200] {dag.py:3834} INFO - Setting next_dagrun for tutorial_objectstorage to None, run_after=None
[2024-03-12T10:13:29.532+0200] {processor.py:183} INFO - Processing /usr/local/lib/python3.8/site-packages/airflow/example_dags/tutorial_objectstorage.py took 0.212 seconds
[2024-03-12T10:15:20.552+0200] {processor.py:161} INFO - Started process (PID=3650) to work on /usr/local/lib/python3.8/site-packages/airflow/example_dags/tutorial_objectstorage.py
[2024-03-12T10:15:20.552+0200] {processor.py:830} INFO - Processing file /usr/local/lib/python3.8/site-packages/airflow/example_dags/tutorial_objectstorage.py for tasks to queue
[2024-03-12T10:15:20.553+0200] {logging_mixin.py:188} INFO - [2024-03-12T10:15:20.553+0200] {dagbag.py:540} INFO - Filling up the DagBag from /usr/local/lib/python3.8/site-packages/airflow/example_dags/tutorial_objectstorage.py
[2024-03-12T10:15:20.613+0200] {processor.py:840} INFO - DAG(s) 'tutorial_objectstorage' retrieved from /usr/local/lib/python3.8/site-packages/airflow/example_dags/tutorial_objectstorage.py
[2024-03-12T10:15:20.748+0200] {logging_mixin.py:188} INFO - [2024-03-12T10:15:20.748+0200] {dag.py:3047} INFO - Sync 1 DAGs
[2024-03-12T10:15:20.759+0200] {logging_mixin.py:188} INFO - [2024-03-12T10:15:20.758+0200] {dag.py:3834} INFO - Setting next_dagrun for tutorial_objectstorage to None, run_after=None
[2024-03-12T10:15:20.777+0200] {processor.py:183} INFO - Processing /usr/local/lib/python3.8/site-packages/airflow/example_dags/tutorial_objectstorage.py took 0.226 seconds
[2024-03-12T10:17:03.076+0200] {processor.py:161} INFO - Started process (PID=3767) to work on /usr/local/lib/python3.8/site-packages/airflow/example_dags/tutorial_objectstorage.py
[2024-03-12T10:17:03.079+0200] {processor.py:830} INFO - Processing file /usr/local/lib/python3.8/site-packages/airflow/example_dags/tutorial_objectstorage.py for tasks to queue
[2024-03-12T10:17:03.080+0200] {logging_mixin.py:188} INFO - [2024-03-12T10:17:03.079+0200] {dagbag.py:540} INFO - Filling up the DagBag from /usr/local/lib/python3.8/site-packages/airflow/example_dags/tutorial_objectstorage.py
[2024-03-12T10:17:03.160+0200] {processor.py:840} INFO - DAG(s) 'tutorial_objectstorage' retrieved from /usr/local/lib/python3.8/site-packages/airflow/example_dags/tutorial_objectstorage.py
[2024-03-12T10:17:03.315+0200] {logging_mixin.py:188} INFO - [2024-03-12T10:17:03.315+0200] {dag.py:3047} INFO - Sync 1 DAGs
[2024-03-12T10:17:03.326+0200] {logging_mixin.py:188} INFO - [2024-03-12T10:17:03.325+0200] {dag.py:3834} INFO - Setting next_dagrun for tutorial_objectstorage to None, run_after=None
[2024-03-12T10:17:03.344+0200] {processor.py:183} INFO - Processing /usr/local/lib/python3.8/site-packages/airflow/example_dags/tutorial_objectstorage.py took 0.270 seconds
[2024-03-12T10:28:28.765+0200] {processor.py:161} INFO - Started process (PID=4150) to work on /usr/local/lib/python3.8/site-packages/airflow/example_dags/tutorial_objectstorage.py
[2024-03-12T10:28:28.766+0200] {processor.py:830} INFO - Processing file /usr/local/lib/python3.8/site-packages/airflow/example_dags/tutorial_objectstorage.py for tasks to queue
[2024-03-12T10:28:28.767+0200] {logging_mixin.py:188} INFO - [2024-03-12T10:28:28.767+0200] {dagbag.py:540} INFO - Filling up the DagBag from /usr/local/lib/python3.8/site-packages/airflow/example_dags/tutorial_objectstorage.py
[2024-03-12T10:28:28.825+0200] {processor.py:840} INFO - DAG(s) 'tutorial_objectstorage' retrieved from /usr/local/lib/python3.8/site-packages/airflow/example_dags/tutorial_objectstorage.py
[2024-03-12T10:28:28.951+0200] {logging_mixin.py:188} INFO - [2024-03-12T10:28:28.951+0200] {dag.py:3047} INFO - Sync 1 DAGs
[2024-03-12T10:28:28.961+0200] {logging_mixin.py:188} INFO - [2024-03-12T10:28:28.961+0200] {dag.py:3834} INFO - Setting next_dagrun for tutorial_objectstorage to None, run_after=None
[2024-03-12T10:28:28.977+0200] {processor.py:183} INFO - Processing /usr/local/lib/python3.8/site-packages/airflow/example_dags/tutorial_objectstorage.py took 0.213 seconds
[2024-03-12T10:30:51.218+0200] {processor.py:161} INFO - Started process (PID=4310) to work on /usr/local/lib/python3.8/site-packages/airflow/example_dags/tutorial_objectstorage.py
[2024-03-12T10:30:51.219+0200] {processor.py:830} INFO - Processing file /usr/local/lib/python3.8/site-packages/airflow/example_dags/tutorial_objectstorage.py for tasks to queue
[2024-03-12T10:30:51.219+0200] {logging_mixin.py:188} INFO - [2024-03-12T10:30:51.219+0200] {dagbag.py:540} INFO - Filling up the DagBag from /usr/local/lib/python3.8/site-packages/airflow/example_dags/tutorial_objectstorage.py
[2024-03-12T10:30:51.268+0200] {processor.py:840} INFO - DAG(s) 'tutorial_objectstorage' retrieved from /usr/local/lib/python3.8/site-packages/airflow/example_dags/tutorial_objectstorage.py
[2024-03-12T10:30:51.389+0200] {logging_mixin.py:188} INFO - [2024-03-12T10:30:51.388+0200] {dag.py:3047} INFO - Sync 1 DAGs
[2024-03-12T10:30:51.398+0200] {logging_mixin.py:188} INFO - [2024-03-12T10:30:51.398+0200] {dag.py:3834} INFO - Setting next_dagrun for tutorial_objectstorage to None, run_after=None
[2024-03-12T10:30:51.417+0200] {processor.py:183} INFO - Processing /usr/local/lib/python3.8/site-packages/airflow/example_dags/tutorial_objectstorage.py took 0.200 seconds
[2024-03-12T10:32:40.145+0200] {processor.py:161} INFO - Started process (PID=4454) to work on /usr/local/lib/python3.8/site-packages/airflow/example_dags/tutorial_objectstorage.py
[2024-03-12T10:32:40.146+0200] {processor.py:830} INFO - Processing file /usr/local/lib/python3.8/site-packages/airflow/example_dags/tutorial_objectstorage.py for tasks to queue
[2024-03-12T10:32:40.147+0200] {logging_mixin.py:188} INFO - [2024-03-12T10:32:40.147+0200] {dagbag.py:540} INFO - Filling up the DagBag from /usr/local/lib/python3.8/site-packages/airflow/example_dags/tutorial_objectstorage.py
[2024-03-12T10:32:40.210+0200] {processor.py:840} INFO - DAG(s) 'tutorial_objectstorage' retrieved from /usr/local/lib/python3.8/site-packages/airflow/example_dags/tutorial_objectstorage.py
[2024-03-12T10:32:40.355+0200] {logging_mixin.py:188} INFO - [2024-03-12T10:32:40.354+0200] {dag.py:3047} INFO - Sync 1 DAGs
[2024-03-12T10:32:40.365+0200] {logging_mixin.py:188} INFO - [2024-03-12T10:32:40.365+0200] {dag.py:3834} INFO - Setting next_dagrun for tutorial_objectstorage to None, run_after=None
[2024-03-12T10:32:40.381+0200] {processor.py:183} INFO - Processing /usr/local/lib/python3.8/site-packages/airflow/example_dags/tutorial_objectstorage.py took 0.237 seconds
[2024-03-12T10:34:34.549+0200] {processor.py:161} INFO - Started process (PID=4603) to work on /usr/local/lib/python3.8/site-packages/airflow/example_dags/tutorial_objectstorage.py
[2024-03-12T10:34:34.550+0200] {processor.py:830} INFO - Processing file /usr/local/lib/python3.8/site-packages/airflow/example_dags/tutorial_objectstorage.py for tasks to queue
[2024-03-12T10:34:34.551+0200] {logging_mixin.py:188} INFO - [2024-03-12T10:34:34.551+0200] {dagbag.py:540} INFO - Filling up the DagBag from /usr/local/lib/python3.8/site-packages/airflow/example_dags/tutorial_objectstorage.py
[2024-03-12T10:34:34.630+0200] {processor.py:840} INFO - DAG(s) 'tutorial_objectstorage' retrieved from /usr/local/lib/python3.8/site-packages/airflow/example_dags/tutorial_objectstorage.py
[2024-03-12T10:34:34.773+0200] {logging_mixin.py:188} INFO - [2024-03-12T10:34:34.773+0200] {dag.py:3047} INFO - Sync 1 DAGs
[2024-03-12T10:34:34.783+0200] {logging_mixin.py:188} INFO - [2024-03-12T10:34:34.783+0200] {dag.py:3834} INFO - Setting next_dagrun for tutorial_objectstorage to None, run_after=None
[2024-03-12T10:34:34.800+0200] {processor.py:183} INFO - Processing /usr/local/lib/python3.8/site-packages/airflow/example_dags/tutorial_objectstorage.py took 0.253 seconds
[2024-03-12T10:36:28.096+0200] {processor.py:161} INFO - Started process (PID=4741) to work on /usr/local/lib/python3.8/site-packages/airflow/example_dags/tutorial_objectstorage.py
[2024-03-12T10:36:28.098+0200] {processor.py:830} INFO - Processing file /usr/local/lib/python3.8/site-packages/airflow/example_dags/tutorial_objectstorage.py for tasks to queue
[2024-03-12T10:36:28.098+0200] {logging_mixin.py:188} INFO - [2024-03-12T10:36:28.098+0200] {dagbag.py:540} INFO - Filling up the DagBag from /usr/local/lib/python3.8/site-packages/airflow/example_dags/tutorial_objectstorage.py
[2024-03-12T10:36:28.152+0200] {processor.py:840} INFO - DAG(s) 'tutorial_objectstorage' retrieved from /usr/local/lib/python3.8/site-packages/airflow/example_dags/tutorial_objectstorage.py
[2024-03-12T10:36:28.276+0200] {logging_mixin.py:188} INFO - [2024-03-12T10:36:28.276+0200] {dag.py:3047} INFO - Sync 1 DAGs
[2024-03-12T10:36:28.286+0200] {logging_mixin.py:188} INFO - [2024-03-12T10:36:28.285+0200] {dag.py:3834} INFO - Setting next_dagrun for tutorial_objectstorage to None, run_after=None
[2024-03-12T10:36:28.301+0200] {processor.py:183} INFO - Processing /usr/local/lib/python3.8/site-packages/airflow/example_dags/tutorial_objectstorage.py took 0.207 seconds
[2024-03-12T10:38:22.190+0200] {processor.py:161} INFO - Started process (PID=4884) to work on /usr/local/lib/python3.8/site-packages/airflow/example_dags/tutorial_objectstorage.py
[2024-03-12T10:38:22.191+0200] {processor.py:830} INFO - Processing file /usr/local/lib/python3.8/site-packages/airflow/example_dags/tutorial_objectstorage.py for tasks to queue
[2024-03-12T10:38:22.191+0200] {logging_mixin.py:188} INFO - [2024-03-12T10:38:22.191+0200] {dagbag.py:540} INFO - Filling up the DagBag from /usr/local/lib/python3.8/site-packages/airflow/example_dags/tutorial_objectstorage.py
[2024-03-12T10:38:22.252+0200] {processor.py:840} INFO - DAG(s) 'tutorial_objectstorage' retrieved from /usr/local/lib/python3.8/site-packages/airflow/example_dags/tutorial_objectstorage.py
[2024-03-12T10:38:22.400+0200] {logging_mixin.py:188} INFO - [2024-03-12T10:38:22.400+0200] {dag.py:3047} INFO - Sync 1 DAGs
[2024-03-12T10:38:22.410+0200] {logging_mixin.py:188} INFO - [2024-03-12T10:38:22.410+0200] {dag.py:3834} INFO - Setting next_dagrun for tutorial_objectstorage to None, run_after=None
[2024-03-12T10:38:22.427+0200] {processor.py:183} INFO - Processing /usr/local/lib/python3.8/site-packages/airflow/example_dags/tutorial_objectstorage.py took 0.239 seconds
[2024-03-12T10:40:12.362+0200] {processor.py:161} INFO - Started process (PID=5014) to work on /usr/local/lib/python3.8/site-packages/airflow/example_dags/tutorial_objectstorage.py
[2024-03-12T10:40:12.362+0200] {processor.py:830} INFO - Processing file /usr/local/lib/python3.8/site-packages/airflow/example_dags/tutorial_objectstorage.py for tasks to queue
[2024-03-12T10:40:12.363+0200] {logging_mixin.py:188} INFO - [2024-03-12T10:40:12.363+0200] {dagbag.py:540} INFO - Filling up the DagBag from /usr/local/lib/python3.8/site-packages/airflow/example_dags/tutorial_objectstorage.py
[2024-03-12T10:40:12.420+0200] {processor.py:840} INFO - DAG(s) 'tutorial_objectstorage' retrieved from /usr/local/lib/python3.8/site-packages/airflow/example_dags/tutorial_objectstorage.py
[2024-03-12T10:40:12.550+0200] {logging_mixin.py:188} INFO - [2024-03-12T10:40:12.549+0200] {dag.py:3047} INFO - Sync 1 DAGs
[2024-03-12T10:40:12.559+0200] {logging_mixin.py:188} INFO - [2024-03-12T10:40:12.559+0200] {dag.py:3834} INFO - Setting next_dagrun for tutorial_objectstorage to None, run_after=None
[2024-03-12T10:40:12.591+0200] {processor.py:183} INFO - Processing /usr/local/lib/python3.8/site-packages/airflow/example_dags/tutorial_objectstorage.py took 0.231 seconds
[2024-03-12T10:41:56.417+0200] {processor.py:161} INFO - Started process (PID=5126) to work on /usr/local/lib/python3.8/site-packages/airflow/example_dags/tutorial_objectstorage.py
[2024-03-12T10:41:56.418+0200] {processor.py:830} INFO - Processing file /usr/local/lib/python3.8/site-packages/airflow/example_dags/tutorial_objectstorage.py for tasks to queue
[2024-03-12T10:41:56.419+0200] {logging_mixin.py:188} INFO - [2024-03-12T10:41:56.418+0200] {dagbag.py:540} INFO - Filling up the DagBag from /usr/local/lib/python3.8/site-packages/airflow/example_dags/tutorial_objectstorage.py
[2024-03-12T10:41:56.476+0200] {processor.py:840} INFO - DAG(s) 'tutorial_objectstorage' retrieved from /usr/local/lib/python3.8/site-packages/airflow/example_dags/tutorial_objectstorage.py
[2024-03-12T10:41:56.606+0200] {logging_mixin.py:188} INFO - [2024-03-12T10:41:56.605+0200] {dag.py:3047} INFO - Sync 1 DAGs
[2024-03-12T10:41:56.616+0200] {logging_mixin.py:188} INFO - [2024-03-12T10:41:56.616+0200] {dag.py:3834} INFO - Setting next_dagrun for tutorial_objectstorage to None, run_after=None
[2024-03-12T10:41:56.633+0200] {processor.py:183} INFO - Processing /usr/local/lib/python3.8/site-packages/airflow/example_dags/tutorial_objectstorage.py took 0.217 seconds
[2024-03-12T10:43:43.807+0200] {processor.py:161} INFO - Started process (PID=5257) to work on /usr/local/lib/python3.8/site-packages/airflow/example_dags/tutorial_objectstorage.py
[2024-03-12T10:43:43.808+0200] {processor.py:830} INFO - Processing file /usr/local/lib/python3.8/site-packages/airflow/example_dags/tutorial_objectstorage.py for tasks to queue
[2024-03-12T10:43:43.809+0200] {logging_mixin.py:188} INFO - [2024-03-12T10:43:43.808+0200] {dagbag.py:540} INFO - Filling up the DagBag from /usr/local/lib/python3.8/site-packages/airflow/example_dags/tutorial_objectstorage.py
[2024-03-12T10:43:43.862+0200] {processor.py:840} INFO - DAG(s) 'tutorial_objectstorage' retrieved from /usr/local/lib/python3.8/site-packages/airflow/example_dags/tutorial_objectstorage.py
[2024-03-12T10:43:43.991+0200] {logging_mixin.py:188} INFO - [2024-03-12T10:43:43.991+0200] {dag.py:3047} INFO - Sync 1 DAGs
[2024-03-12T10:43:44.002+0200] {logging_mixin.py:188} INFO - [2024-03-12T10:43:44.002+0200] {dag.py:3834} INFO - Setting next_dagrun for tutorial_objectstorage to None, run_after=None
[2024-03-12T10:43:44.019+0200] {processor.py:183} INFO - Processing /usr/local/lib/python3.8/site-packages/airflow/example_dags/tutorial_objectstorage.py took 0.213 seconds
[2024-03-12T10:45:35.116+0200] {processor.py:161} INFO - Started process (PID=5381) to work on /usr/local/lib/python3.8/site-packages/airflow/example_dags/tutorial_objectstorage.py
[2024-03-12T10:45:35.117+0200] {processor.py:830} INFO - Processing file /usr/local/lib/python3.8/site-packages/airflow/example_dags/tutorial_objectstorage.py for tasks to queue
[2024-03-12T10:45:35.118+0200] {logging_mixin.py:188} INFO - [2024-03-12T10:45:35.118+0200] {dagbag.py:540} INFO - Filling up the DagBag from /usr/local/lib/python3.8/site-packages/airflow/example_dags/tutorial_objectstorage.py
[2024-03-12T10:45:35.173+0200] {processor.py:840} INFO - DAG(s) 'tutorial_objectstorage' retrieved from /usr/local/lib/python3.8/site-packages/airflow/example_dags/tutorial_objectstorage.py
[2024-03-12T10:45:35.298+0200] {logging_mixin.py:188} INFO - [2024-03-12T10:45:35.298+0200] {dag.py:3047} INFO - Sync 1 DAGs
[2024-03-12T10:45:35.308+0200] {logging_mixin.py:188} INFO - [2024-03-12T10:45:35.308+0200] {dag.py:3834} INFO - Setting next_dagrun for tutorial_objectstorage to None, run_after=None
[2024-03-12T10:45:35.323+0200] {processor.py:183} INFO - Processing /usr/local/lib/python3.8/site-packages/airflow/example_dags/tutorial_objectstorage.py took 0.208 seconds
[2024-03-12T10:47:27.643+0200] {processor.py:161} INFO - Started process (PID=5528) to work on /usr/local/lib/python3.8/site-packages/airflow/example_dags/tutorial_objectstorage.py
[2024-03-12T10:47:27.644+0200] {processor.py:830} INFO - Processing file /usr/local/lib/python3.8/site-packages/airflow/example_dags/tutorial_objectstorage.py for tasks to queue
[2024-03-12T10:47:27.645+0200] {logging_mixin.py:188} INFO - [2024-03-12T10:47:27.644+0200] {dagbag.py:540} INFO - Filling up the DagBag from /usr/local/lib/python3.8/site-packages/airflow/example_dags/tutorial_objectstorage.py
[2024-03-12T10:47:27.713+0200] {processor.py:840} INFO - DAG(s) 'tutorial_objectstorage' retrieved from /usr/local/lib/python3.8/site-packages/airflow/example_dags/tutorial_objectstorage.py
[2024-03-12T10:47:27.852+0200] {logging_mixin.py:188} INFO - [2024-03-12T10:47:27.852+0200] {dag.py:3047} INFO - Sync 1 DAGs
[2024-03-12T10:47:27.863+0200] {logging_mixin.py:188} INFO - [2024-03-12T10:47:27.863+0200] {dag.py:3834} INFO - Setting next_dagrun for tutorial_objectstorage to None, run_after=None
[2024-03-12T10:47:27.879+0200] {processor.py:183} INFO - Processing /usr/local/lib/python3.8/site-packages/airflow/example_dags/tutorial_objectstorage.py took 0.238 seconds
[2024-03-12T10:49:15.981+0200] {processor.py:161} INFO - Started process (PID=5652) to work on /usr/local/lib/python3.8/site-packages/airflow/example_dags/tutorial_objectstorage.py
[2024-03-12T10:49:15.982+0200] {processor.py:830} INFO - Processing file /usr/local/lib/python3.8/site-packages/airflow/example_dags/tutorial_objectstorage.py for tasks to queue
[2024-03-12T10:49:15.983+0200] {logging_mixin.py:188} INFO - [2024-03-12T10:49:15.983+0200] {dagbag.py:540} INFO - Filling up the DagBag from /usr/local/lib/python3.8/site-packages/airflow/example_dags/tutorial_objectstorage.py
[2024-03-12T10:49:16.045+0200] {processor.py:840} INFO - DAG(s) 'tutorial_objectstorage' retrieved from /usr/local/lib/python3.8/site-packages/airflow/example_dags/tutorial_objectstorage.py
[2024-03-12T10:49:16.185+0200] {logging_mixin.py:188} INFO - [2024-03-12T10:49:16.184+0200] {dag.py:3047} INFO - Sync 1 DAGs
[2024-03-12T10:49:16.195+0200] {logging_mixin.py:188} INFO - [2024-03-12T10:49:16.195+0200] {dag.py:3834} INFO - Setting next_dagrun for tutorial_objectstorage to None, run_after=None
[2024-03-12T10:49:16.212+0200] {processor.py:183} INFO - Processing /usr/local/lib/python3.8/site-packages/airflow/example_dags/tutorial_objectstorage.py took 0.232 seconds
[2024-03-12T10:51:09.851+0200] {processor.py:161} INFO - Started process (PID=5769) to work on /usr/local/lib/python3.8/site-packages/airflow/example_dags/tutorial_objectstorage.py
[2024-03-12T10:51:09.852+0200] {processor.py:830} INFO - Processing file /usr/local/lib/python3.8/site-packages/airflow/example_dags/tutorial_objectstorage.py for tasks to queue
[2024-03-12T10:51:09.853+0200] {logging_mixin.py:188} INFO - [2024-03-12T10:51:09.853+0200] {dagbag.py:540} INFO - Filling up the DagBag from /usr/local/lib/python3.8/site-packages/airflow/example_dags/tutorial_objectstorage.py
[2024-03-12T10:51:09.907+0200] {processor.py:840} INFO - DAG(s) 'tutorial_objectstorage' retrieved from /usr/local/lib/python3.8/site-packages/airflow/example_dags/tutorial_objectstorage.py
[2024-03-12T10:51:10.041+0200] {logging_mixin.py:188} INFO - [2024-03-12T10:51:10.041+0200] {dag.py:3047} INFO - Sync 1 DAGs
[2024-03-12T10:51:10.051+0200] {logging_mixin.py:188} INFO - [2024-03-12T10:51:10.051+0200] {dag.py:3834} INFO - Setting next_dagrun for tutorial_objectstorage to None, run_after=None
[2024-03-12T10:51:10.068+0200] {processor.py:183} INFO - Processing /usr/local/lib/python3.8/site-packages/airflow/example_dags/tutorial_objectstorage.py took 0.218 seconds
[2024-03-12T10:53:01.897+0200] {processor.py:161} INFO - Started process (PID=5899) to work on /usr/local/lib/python3.8/site-packages/airflow/example_dags/tutorial_objectstorage.py
[2024-03-12T10:53:01.898+0200] {processor.py:830} INFO - Processing file /usr/local/lib/python3.8/site-packages/airflow/example_dags/tutorial_objectstorage.py for tasks to queue
[2024-03-12T10:53:01.898+0200] {logging_mixin.py:188} INFO - [2024-03-12T10:53:01.898+0200] {dagbag.py:540} INFO - Filling up the DagBag from /usr/local/lib/python3.8/site-packages/airflow/example_dags/tutorial_objectstorage.py
[2024-03-12T10:53:01.956+0200] {processor.py:840} INFO - DAG(s) 'tutorial_objectstorage' retrieved from /usr/local/lib/python3.8/site-packages/airflow/example_dags/tutorial_objectstorage.py
[2024-03-12T10:53:02.087+0200] {logging_mixin.py:188} INFO - [2024-03-12T10:53:02.087+0200] {dag.py:3047} INFO - Sync 1 DAGs
[2024-03-12T10:53:02.097+0200] {logging_mixin.py:188} INFO - [2024-03-12T10:53:02.097+0200] {dag.py:3834} INFO - Setting next_dagrun for tutorial_objectstorage to None, run_after=None
[2024-03-12T10:53:02.113+0200] {processor.py:183} INFO - Processing /usr/local/lib/python3.8/site-packages/airflow/example_dags/tutorial_objectstorage.py took 0.217 seconds
[2024-03-12T10:54:46.432+0200] {processor.py:161} INFO - Started process (PID=6025) to work on /usr/local/lib/python3.8/site-packages/airflow/example_dags/tutorial_objectstorage.py
[2024-03-12T10:54:46.433+0200] {processor.py:830} INFO - Processing file /usr/local/lib/python3.8/site-packages/airflow/example_dags/tutorial_objectstorage.py for tasks to queue
[2024-03-12T10:54:46.433+0200] {logging_mixin.py:188} INFO - [2024-03-12T10:54:46.433+0200] {dagbag.py:540} INFO - Filling up the DagBag from /usr/local/lib/python3.8/site-packages/airflow/example_dags/tutorial_objectstorage.py
[2024-03-12T10:54:46.506+0200] {processor.py:840} INFO - DAG(s) 'tutorial_objectstorage' retrieved from /usr/local/lib/python3.8/site-packages/airflow/example_dags/tutorial_objectstorage.py
[2024-03-12T10:54:46.639+0200] {logging_mixin.py:188} INFO - [2024-03-12T10:54:46.639+0200] {dag.py:3047} INFO - Sync 1 DAGs
[2024-03-12T10:54:46.649+0200] {logging_mixin.py:188} INFO - [2024-03-12T10:54:46.648+0200] {dag.py:3834} INFO - Setting next_dagrun for tutorial_objectstorage to None, run_after=None
[2024-03-12T10:54:46.666+0200] {processor.py:183} INFO - Processing /usr/local/lib/python3.8/site-packages/airflow/example_dags/tutorial_objectstorage.py took 0.236 seconds
[2024-03-12T10:56:34.062+0200] {processor.py:161} INFO - Started process (PID=6139) to work on /usr/local/lib/python3.8/site-packages/airflow/example_dags/tutorial_objectstorage.py
[2024-03-12T10:56:34.063+0200] {processor.py:830} INFO - Processing file /usr/local/lib/python3.8/site-packages/airflow/example_dags/tutorial_objectstorage.py for tasks to queue
[2024-03-12T10:56:34.064+0200] {logging_mixin.py:188} INFO - [2024-03-12T10:56:34.064+0200] {dagbag.py:540} INFO - Filling up the DagBag from /usr/local/lib/python3.8/site-packages/airflow/example_dags/tutorial_objectstorage.py
[2024-03-12T10:56:34.114+0200] {processor.py:840} INFO - DAG(s) 'tutorial_objectstorage' retrieved from /usr/local/lib/python3.8/site-packages/airflow/example_dags/tutorial_objectstorage.py
[2024-03-12T10:56:34.239+0200] {logging_mixin.py:188} INFO - [2024-03-12T10:56:34.238+0200] {dag.py:3047} INFO - Sync 1 DAGs
[2024-03-12T10:56:34.248+0200] {logging_mixin.py:188} INFO - [2024-03-12T10:56:34.248+0200] {dag.py:3834} INFO - Setting next_dagrun for tutorial_objectstorage to None, run_after=None
[2024-03-12T10:56:34.264+0200] {processor.py:183} INFO - Processing /usr/local/lib/python3.8/site-packages/airflow/example_dags/tutorial_objectstorage.py took 0.202 seconds
[2024-03-12T10:58:29.393+0200] {processor.py:161} INFO - Started process (PID=6292) to work on /usr/local/lib/python3.8/site-packages/airflow/example_dags/tutorial_objectstorage.py
[2024-03-12T10:58:29.394+0200] {processor.py:830} INFO - Processing file /usr/local/lib/python3.8/site-packages/airflow/example_dags/tutorial_objectstorage.py for tasks to queue
[2024-03-12T10:58:29.394+0200] {logging_mixin.py:188} INFO - [2024-03-12T10:58:29.394+0200] {dagbag.py:540} INFO - Filling up the DagBag from /usr/local/lib/python3.8/site-packages/airflow/example_dags/tutorial_objectstorage.py
[2024-03-12T10:58:29.455+0200] {processor.py:840} INFO - DAG(s) 'tutorial_objectstorage' retrieved from /usr/local/lib/python3.8/site-packages/airflow/example_dags/tutorial_objectstorage.py
[2024-03-12T10:58:29.589+0200] {logging_mixin.py:188} INFO - [2024-03-12T10:58:29.588+0200] {dag.py:3047} INFO - Sync 1 DAGs
[2024-03-12T10:58:29.599+0200] {logging_mixin.py:188} INFO - [2024-03-12T10:58:29.599+0200] {dag.py:3834} INFO - Setting next_dagrun for tutorial_objectstorage to None, run_after=None
[2024-03-12T10:58:29.615+0200] {processor.py:183} INFO - Processing /usr/local/lib/python3.8/site-packages/airflow/example_dags/tutorial_objectstorage.py took 0.224 seconds
[2024-03-12T11:00:19.739+0200] {processor.py:161} INFO - Started process (PID=6416) to work on /usr/local/lib/python3.8/site-packages/airflow/example_dags/tutorial_objectstorage.py
[2024-03-12T11:00:19.739+0200] {processor.py:830} INFO - Processing file /usr/local/lib/python3.8/site-packages/airflow/example_dags/tutorial_objectstorage.py for tasks to queue
[2024-03-12T11:00:19.740+0200] {logging_mixin.py:188} INFO - [2024-03-12T11:00:19.740+0200] {dagbag.py:540} INFO - Filling up the DagBag from /usr/local/lib/python3.8/site-packages/airflow/example_dags/tutorial_objectstorage.py
[2024-03-12T11:00:19.797+0200] {processor.py:840} INFO - DAG(s) 'tutorial_objectstorage' retrieved from /usr/local/lib/python3.8/site-packages/airflow/example_dags/tutorial_objectstorage.py
[2024-03-12T11:00:19.923+0200] {logging_mixin.py:188} INFO - [2024-03-12T11:00:19.923+0200] {dag.py:3047} INFO - Sync 1 DAGs
[2024-03-12T11:00:19.933+0200] {logging_mixin.py:188} INFO - [2024-03-12T11:00:19.932+0200] {dag.py:3834} INFO - Setting next_dagrun for tutorial_objectstorage to None, run_after=None
[2024-03-12T11:00:19.949+0200] {processor.py:183} INFO - Processing /usr/local/lib/python3.8/site-packages/airflow/example_dags/tutorial_objectstorage.py took 0.212 seconds
[2024-03-12T11:02:08.477+0200] {processor.py:161} INFO - Started process (PID=6539) to work on /usr/local/lib/python3.8/site-packages/airflow/example_dags/tutorial_objectstorage.py
[2024-03-12T11:02:08.478+0200] {processor.py:830} INFO - Processing file /usr/local/lib/python3.8/site-packages/airflow/example_dags/tutorial_objectstorage.py for tasks to queue
[2024-03-12T11:02:08.479+0200] {logging_mixin.py:188} INFO - [2024-03-12T11:02:08.478+0200] {dagbag.py:540} INFO - Filling up the DagBag from /usr/local/lib/python3.8/site-packages/airflow/example_dags/tutorial_objectstorage.py
[2024-03-12T11:02:08.542+0200] {processor.py:840} INFO - DAG(s) 'tutorial_objectstorage' retrieved from /usr/local/lib/python3.8/site-packages/airflow/example_dags/tutorial_objectstorage.py
[2024-03-12T11:02:08.685+0200] {logging_mixin.py:188} INFO - [2024-03-12T11:02:08.685+0200] {dag.py:3047} INFO - Sync 1 DAGs
[2024-03-12T11:02:08.696+0200] {logging_mixin.py:188} INFO - [2024-03-12T11:02:08.696+0200] {dag.py:3834} INFO - Setting next_dagrun for tutorial_objectstorage to None, run_after=None
[2024-03-12T11:02:08.715+0200] {processor.py:183} INFO - Processing /usr/local/lib/python3.8/site-packages/airflow/example_dags/tutorial_objectstorage.py took 0.239 seconds
[2024-03-12T11:03:57.193+0200] {processor.py:161} INFO - Started process (PID=6665) to work on /usr/local/lib/python3.8/site-packages/airflow/example_dags/tutorial_objectstorage.py
[2024-03-12T11:03:57.194+0200] {processor.py:830} INFO - Processing file /usr/local/lib/python3.8/site-packages/airflow/example_dags/tutorial_objectstorage.py for tasks to queue
[2024-03-12T11:03:57.195+0200] {logging_mixin.py:188} INFO - [2024-03-12T11:03:57.195+0200] {dagbag.py:540} INFO - Filling up the DagBag from /usr/local/lib/python3.8/site-packages/airflow/example_dags/tutorial_objectstorage.py
[2024-03-12T11:03:57.244+0200] {processor.py:840} INFO - DAG(s) 'tutorial_objectstorage' retrieved from /usr/local/lib/python3.8/site-packages/airflow/example_dags/tutorial_objectstorage.py
[2024-03-12T11:03:57.371+0200] {logging_mixin.py:188} INFO - [2024-03-12T11:03:57.371+0200] {dag.py:3047} INFO - Sync 1 DAGs
[2024-03-12T11:03:57.381+0200] {logging_mixin.py:188} INFO - [2024-03-12T11:03:57.380+0200] {dag.py:3834} INFO - Setting next_dagrun for tutorial_objectstorage to None, run_after=None
[2024-03-12T11:03:57.397+0200] {processor.py:183} INFO - Processing /usr/local/lib/python3.8/site-packages/airflow/example_dags/tutorial_objectstorage.py took 0.204 seconds
[2024-03-12T11:05:48.628+0200] {processor.py:161} INFO - Started process (PID=6810) to work on /usr/local/lib/python3.8/site-packages/airflow/example_dags/tutorial_objectstorage.py
[2024-03-12T11:05:48.629+0200] {processor.py:830} INFO - Processing file /usr/local/lib/python3.8/site-packages/airflow/example_dags/tutorial_objectstorage.py for tasks to queue
[2024-03-12T11:05:48.630+0200] {logging_mixin.py:188} INFO - [2024-03-12T11:05:48.630+0200] {dagbag.py:540} INFO - Filling up the DagBag from /usr/local/lib/python3.8/site-packages/airflow/example_dags/tutorial_objectstorage.py
[2024-03-12T11:05:48.709+0200] {processor.py:840} INFO - DAG(s) 'tutorial_objectstorage' retrieved from /usr/local/lib/python3.8/site-packages/airflow/example_dags/tutorial_objectstorage.py
[2024-03-12T11:05:48.842+0200] {logging_mixin.py:188} INFO - [2024-03-12T11:05:48.841+0200] {dag.py:3047} INFO - Sync 1 DAGs
[2024-03-12T11:05:48.851+0200] {logging_mixin.py:188} INFO - [2024-03-12T11:05:48.851+0200] {dag.py:3834} INFO - Setting next_dagrun for tutorial_objectstorage to None, run_after=None
[2024-03-12T11:05:48.868+0200] {processor.py:183} INFO - Processing /usr/local/lib/python3.8/site-packages/airflow/example_dags/tutorial_objectstorage.py took 0.241 seconds
[2024-03-12T11:07:51.890+0200] {processor.py:161} INFO - Started process (PID=6967) to work on /usr/local/lib/python3.8/site-packages/airflow/example_dags/tutorial_objectstorage.py
[2024-03-12T11:07:51.891+0200] {processor.py:830} INFO - Processing file /usr/local/lib/python3.8/site-packages/airflow/example_dags/tutorial_objectstorage.py for tasks to queue
[2024-03-12T11:07:51.891+0200] {logging_mixin.py:188} INFO - [2024-03-12T11:07:51.891+0200] {dagbag.py:540} INFO - Filling up the DagBag from /usr/local/lib/python3.8/site-packages/airflow/example_dags/tutorial_objectstorage.py
[2024-03-12T11:07:51.968+0200] {processor.py:840} INFO - DAG(s) 'tutorial_objectstorage' retrieved from /usr/local/lib/python3.8/site-packages/airflow/example_dags/tutorial_objectstorage.py
[2024-03-12T11:07:52.104+0200] {logging_mixin.py:188} INFO - [2024-03-12T11:07:52.104+0200] {dag.py:3047} INFO - Sync 1 DAGs
[2024-03-12T11:07:52.114+0200] {logging_mixin.py:188} INFO - [2024-03-12T11:07:52.114+0200] {dag.py:3834} INFO - Setting next_dagrun for tutorial_objectstorage to None, run_after=None
[2024-03-12T11:07:52.130+0200] {processor.py:183} INFO - Processing /usr/local/lib/python3.8/site-packages/airflow/example_dags/tutorial_objectstorage.py took 0.241 seconds
[2024-03-12T11:09:54.603+0200] {processor.py:161} INFO - Started process (PID=7108) to work on /usr/local/lib/python3.8/site-packages/airflow/example_dags/tutorial_objectstorage.py
[2024-03-12T11:09:54.605+0200] {processor.py:830} INFO - Processing file /usr/local/lib/python3.8/site-packages/airflow/example_dags/tutorial_objectstorage.py for tasks to queue
[2024-03-12T11:09:54.606+0200] {logging_mixin.py:188} INFO - [2024-03-12T11:09:54.605+0200] {dagbag.py:540} INFO - Filling up the DagBag from /usr/local/lib/python3.8/site-packages/airflow/example_dags/tutorial_objectstorage.py
[2024-03-12T11:09:54.683+0200] {processor.py:840} INFO - DAG(s) 'tutorial_objectstorage' retrieved from /usr/local/lib/python3.8/site-packages/airflow/example_dags/tutorial_objectstorage.py
[2024-03-12T11:09:54.819+0200] {logging_mixin.py:188} INFO - [2024-03-12T11:09:54.818+0200] {dag.py:3047} INFO - Sync 1 DAGs
[2024-03-12T11:09:54.828+0200] {logging_mixin.py:188} INFO - [2024-03-12T11:09:54.828+0200] {dag.py:3834} INFO - Setting next_dagrun for tutorial_objectstorage to None, run_after=None
[2024-03-12T11:09:54.844+0200] {processor.py:183} INFO - Processing /usr/local/lib/python3.8/site-packages/airflow/example_dags/tutorial_objectstorage.py took 0.242 seconds
[2024-03-12T11:11:46.151+0200] {processor.py:161} INFO - Started process (PID=7230) to work on /usr/local/lib/python3.8/site-packages/airflow/example_dags/tutorial_objectstorage.py
[2024-03-12T11:11:46.152+0200] {processor.py:830} INFO - Processing file /usr/local/lib/python3.8/site-packages/airflow/example_dags/tutorial_objectstorage.py for tasks to queue
[2024-03-12T11:11:46.153+0200] {logging_mixin.py:188} INFO - [2024-03-12T11:11:46.152+0200] {dagbag.py:540} INFO - Filling up the DagBag from /usr/local/lib/python3.8/site-packages/airflow/example_dags/tutorial_objectstorage.py
[2024-03-12T11:11:46.229+0200] {processor.py:840} INFO - DAG(s) 'tutorial_objectstorage' retrieved from /usr/local/lib/python3.8/site-packages/airflow/example_dags/tutorial_objectstorage.py
[2024-03-12T11:11:46.379+0200] {logging_mixin.py:188} INFO - [2024-03-12T11:11:46.379+0200] {dag.py:3047} INFO - Sync 1 DAGs
[2024-03-12T11:11:46.389+0200] {logging_mixin.py:188} INFO - [2024-03-12T11:11:46.389+0200] {dag.py:3834} INFO - Setting next_dagrun for tutorial_objectstorage to None, run_after=None
[2024-03-12T11:11:46.408+0200] {processor.py:183} INFO - Processing /usr/local/lib/python3.8/site-packages/airflow/example_dags/tutorial_objectstorage.py took 0.258 seconds
[2024-03-12T11:13:38.219+0200] {processor.py:161} INFO - Started process (PID=7350) to work on /usr/local/lib/python3.8/site-packages/airflow/example_dags/tutorial_objectstorage.py
[2024-03-12T11:13:38.220+0200] {processor.py:830} INFO - Processing file /usr/local/lib/python3.8/site-packages/airflow/example_dags/tutorial_objectstorage.py for tasks to queue
[2024-03-12T11:13:38.221+0200] {logging_mixin.py:188} INFO - [2024-03-12T11:13:38.221+0200] {dagbag.py:540} INFO - Filling up the DagBag from /usr/local/lib/python3.8/site-packages/airflow/example_dags/tutorial_objectstorage.py
[2024-03-12T11:13:38.293+0200] {processor.py:840} INFO - DAG(s) 'tutorial_objectstorage' retrieved from /usr/local/lib/python3.8/site-packages/airflow/example_dags/tutorial_objectstorage.py
[2024-03-12T11:13:38.434+0200] {logging_mixin.py:188} INFO - [2024-03-12T11:13:38.433+0200] {dag.py:3047} INFO - Sync 1 DAGs
[2024-03-12T11:13:38.443+0200] {logging_mixin.py:188} INFO - [2024-03-12T11:13:38.443+0200] {dag.py:3834} INFO - Setting next_dagrun for tutorial_objectstorage to None, run_after=None
[2024-03-12T11:13:38.459+0200] {processor.py:183} INFO - Processing /usr/local/lib/python3.8/site-packages/airflow/example_dags/tutorial_objectstorage.py took 0.242 seconds
[2024-03-12T11:15:37.850+0200] {processor.py:161} INFO - Started process (PID=7491) to work on /usr/local/lib/python3.8/site-packages/airflow/example_dags/tutorial_objectstorage.py
[2024-03-12T11:15:37.852+0200] {processor.py:830} INFO - Processing file /usr/local/lib/python3.8/site-packages/airflow/example_dags/tutorial_objectstorage.py for tasks to queue
[2024-03-12T11:15:37.853+0200] {logging_mixin.py:188} INFO - [2024-03-12T11:15:37.852+0200] {dagbag.py:540} INFO - Filling up the DagBag from /usr/local/lib/python3.8/site-packages/airflow/example_dags/tutorial_objectstorage.py
[2024-03-12T11:15:37.927+0200] {processor.py:840} INFO - DAG(s) 'tutorial_objectstorage' retrieved from /usr/local/lib/python3.8/site-packages/airflow/example_dags/tutorial_objectstorage.py
[2024-03-12T11:15:38.074+0200] {logging_mixin.py:188} INFO - [2024-03-12T11:15:38.074+0200] {dag.py:3047} INFO - Sync 1 DAGs
[2024-03-12T11:15:38.085+0200] {logging_mixin.py:188} INFO - [2024-03-12T11:15:38.085+0200] {dag.py:3834} INFO - Setting next_dagrun for tutorial_objectstorage to None, run_after=None
[2024-03-12T11:15:38.102+0200] {processor.py:183} INFO - Processing /usr/local/lib/python3.8/site-packages/airflow/example_dags/tutorial_objectstorage.py took 0.253 seconds
[2024-03-12T11:18:05.431+0200] {processor.py:161} INFO - Started process (PID=7743) to work on /usr/local/lib/python3.8/site-packages/airflow/example_dags/tutorial_objectstorage.py
[2024-03-12T11:18:05.433+0200] {processor.py:830} INFO - Processing file /usr/local/lib/python3.8/site-packages/airflow/example_dags/tutorial_objectstorage.py for tasks to queue
[2024-03-12T11:18:05.434+0200] {logging_mixin.py:188} INFO - [2024-03-12T11:18:05.434+0200] {dagbag.py:540} INFO - Filling up the DagBag from /usr/local/lib/python3.8/site-packages/airflow/example_dags/tutorial_objectstorage.py
[2024-03-12T11:18:05.500+0200] {processor.py:840} INFO - DAG(s) 'tutorial_objectstorage' retrieved from /usr/local/lib/python3.8/site-packages/airflow/example_dags/tutorial_objectstorage.py
[2024-03-12T11:18:05.649+0200] {logging_mixin.py:188} INFO - [2024-03-12T11:18:05.649+0200] {dag.py:3047} INFO - Sync 1 DAGs
[2024-03-12T11:18:05.661+0200] {logging_mixin.py:188} INFO - [2024-03-12T11:18:05.661+0200] {dag.py:3834} INFO - Setting next_dagrun for tutorial_objectstorage to None, run_after=None
[2024-03-12T11:18:05.680+0200] {processor.py:183} INFO - Processing /usr/local/lib/python3.8/site-packages/airflow/example_dags/tutorial_objectstorage.py took 0.250 seconds
[2024-03-12T11:20:22.198+0200] {processor.py:161} INFO - Started process (PID=7892) to work on /usr/local/lib/python3.8/site-packages/airflow/example_dags/tutorial_objectstorage.py
[2024-03-12T11:20:22.198+0200] {processor.py:830} INFO - Processing file /usr/local/lib/python3.8/site-packages/airflow/example_dags/tutorial_objectstorage.py for tasks to queue
[2024-03-12T11:20:22.199+0200] {logging_mixin.py:188} INFO - [2024-03-12T11:20:22.199+0200] {dagbag.py:540} INFO - Filling up the DagBag from /usr/local/lib/python3.8/site-packages/airflow/example_dags/tutorial_objectstorage.py
[2024-03-12T11:20:22.264+0200] {processor.py:840} INFO - DAG(s) 'tutorial_objectstorage' retrieved from /usr/local/lib/python3.8/site-packages/airflow/example_dags/tutorial_objectstorage.py
[2024-03-12T11:20:22.407+0200] {logging_mixin.py:188} INFO - [2024-03-12T11:20:22.406+0200] {dag.py:3047} INFO - Sync 1 DAGs
[2024-03-12T11:20:22.417+0200] {logging_mixin.py:188} INFO - [2024-03-12T11:20:22.416+0200] {dag.py:3834} INFO - Setting next_dagrun for tutorial_objectstorage to None, run_after=None
[2024-03-12T11:20:22.434+0200] {processor.py:183} INFO - Processing /usr/local/lib/python3.8/site-packages/airflow/example_dags/tutorial_objectstorage.py took 0.237 seconds
[2024-03-12T11:22:07.043+0200] {processor.py:161} INFO - Started process (PID=8018) to work on /usr/local/lib/python3.8/site-packages/airflow/example_dags/tutorial_objectstorage.py
[2024-03-12T11:22:07.043+0200] {processor.py:830} INFO - Processing file /usr/local/lib/python3.8/site-packages/airflow/example_dags/tutorial_objectstorage.py for tasks to queue
[2024-03-12T11:22:07.044+0200] {logging_mixin.py:188} INFO - [2024-03-12T11:22:07.044+0200] {dagbag.py:540} INFO - Filling up the DagBag from /usr/local/lib/python3.8/site-packages/airflow/example_dags/tutorial_objectstorage.py
[2024-03-12T11:22:07.097+0200] {processor.py:840} INFO - DAG(s) 'tutorial_objectstorage' retrieved from /usr/local/lib/python3.8/site-packages/airflow/example_dags/tutorial_objectstorage.py
[2024-03-12T11:22:07.225+0200] {logging_mixin.py:188} INFO - [2024-03-12T11:22:07.225+0200] {dag.py:3047} INFO - Sync 1 DAGs
[2024-03-12T11:22:07.234+0200] {logging_mixin.py:188} INFO - [2024-03-12T11:22:07.234+0200] {dag.py:3834} INFO - Setting next_dagrun for tutorial_objectstorage to None, run_after=None
[2024-03-12T11:22:07.251+0200] {processor.py:183} INFO - Processing /usr/local/lib/python3.8/site-packages/airflow/example_dags/tutorial_objectstorage.py took 0.209 seconds
[2024-03-12T11:24:03.586+0200] {processor.py:161} INFO - Started process (PID=8145) to work on /usr/local/lib/python3.8/site-packages/airflow/example_dags/tutorial_objectstorage.py
[2024-03-12T11:24:03.587+0200] {processor.py:830} INFO - Processing file /usr/local/lib/python3.8/site-packages/airflow/example_dags/tutorial_objectstorage.py for tasks to queue
[2024-03-12T11:24:03.588+0200] {logging_mixin.py:188} INFO - [2024-03-12T11:24:03.588+0200] {dagbag.py:540} INFO - Filling up the DagBag from /usr/local/lib/python3.8/site-packages/airflow/example_dags/tutorial_objectstorage.py
[2024-03-12T11:24:03.650+0200] {processor.py:840} INFO - DAG(s) 'tutorial_objectstorage' retrieved from /usr/local/lib/python3.8/site-packages/airflow/example_dags/tutorial_objectstorage.py
[2024-03-12T11:24:03.782+0200] {logging_mixin.py:188} INFO - [2024-03-12T11:24:03.782+0200] {dag.py:3047} INFO - Sync 1 DAGs
[2024-03-12T11:24:03.792+0200] {logging_mixin.py:188} INFO - [2024-03-12T11:24:03.792+0200] {dag.py:3834} INFO - Setting next_dagrun for tutorial_objectstorage to None, run_after=None
[2024-03-12T11:24:03.808+0200] {processor.py:183} INFO - Processing /usr/local/lib/python3.8/site-packages/airflow/example_dags/tutorial_objectstorage.py took 0.224 seconds
[2024-03-12T11:25:59.834+0200] {processor.py:161} INFO - Started process (PID=8278) to work on /usr/local/lib/python3.8/site-packages/airflow/example_dags/tutorial_objectstorage.py
[2024-03-12T11:25:59.835+0200] {processor.py:830} INFO - Processing file /usr/local/lib/python3.8/site-packages/airflow/example_dags/tutorial_objectstorage.py for tasks to queue
[2024-03-12T11:25:59.835+0200] {logging_mixin.py:188} INFO - [2024-03-12T11:25:59.835+0200] {dagbag.py:540} INFO - Filling up the DagBag from /usr/local/lib/python3.8/site-packages/airflow/example_dags/tutorial_objectstorage.py
[2024-03-12T11:25:59.899+0200] {processor.py:840} INFO - DAG(s) 'tutorial_objectstorage' retrieved from /usr/local/lib/python3.8/site-packages/airflow/example_dags/tutorial_objectstorage.py
[2024-03-12T11:26:00.038+0200] {logging_mixin.py:188} INFO - [2024-03-12T11:26:00.037+0200] {dag.py:3047} INFO - Sync 1 DAGs
[2024-03-12T11:26:00.047+0200] {logging_mixin.py:188} INFO - [2024-03-12T11:26:00.047+0200] {dag.py:3834} INFO - Setting next_dagrun for tutorial_objectstorage to None, run_after=None
[2024-03-12T11:26:00.064+0200] {processor.py:183} INFO - Processing /usr/local/lib/python3.8/site-packages/airflow/example_dags/tutorial_objectstorage.py took 0.232 seconds
[2024-03-12T11:27:56.038+0200] {processor.py:161} INFO - Started process (PID=8653) to work on /usr/local/lib/python3.8/site-packages/airflow/example_dags/tutorial_objectstorage.py
[2024-03-12T11:27:56.040+0200] {processor.py:830} INFO - Processing file /usr/local/lib/python3.8/site-packages/airflow/example_dags/tutorial_objectstorage.py for tasks to queue
[2024-03-12T11:27:56.041+0200] {logging_mixin.py:188} INFO - [2024-03-12T11:27:56.041+0200] {dagbag.py:540} INFO - Filling up the DagBag from /usr/local/lib/python3.8/site-packages/airflow/example_dags/tutorial_objectstorage.py
[2024-03-12T11:27:56.131+0200] {processor.py:840} INFO - DAG(s) 'tutorial_objectstorage' retrieved from /usr/local/lib/python3.8/site-packages/airflow/example_dags/tutorial_objectstorage.py
[2024-03-12T11:27:56.275+0200] {logging_mixin.py:188} INFO - [2024-03-12T11:27:56.275+0200] {dag.py:3047} INFO - Sync 1 DAGs
[2024-03-12T11:27:56.285+0200] {logging_mixin.py:188} INFO - [2024-03-12T11:27:56.285+0200] {dag.py:3834} INFO - Setting next_dagrun for tutorial_objectstorage to None, run_after=None
[2024-03-12T11:27:56.301+0200] {processor.py:183} INFO - Processing /usr/local/lib/python3.8/site-packages/airflow/example_dags/tutorial_objectstorage.py took 0.264 seconds
[2024-03-12T11:29:56.118+0200] {processor.py:161} INFO - Started process (PID=8789) to work on /usr/local/lib/python3.8/site-packages/airflow/example_dags/tutorial_objectstorage.py
[2024-03-12T11:29:56.118+0200] {processor.py:830} INFO - Processing file /usr/local/lib/python3.8/site-packages/airflow/example_dags/tutorial_objectstorage.py for tasks to queue
[2024-03-12T11:29:56.119+0200] {logging_mixin.py:188} INFO - [2024-03-12T11:29:56.119+0200] {dagbag.py:540} INFO - Filling up the DagBag from /usr/local/lib/python3.8/site-packages/airflow/example_dags/tutorial_objectstorage.py
[2024-03-12T11:29:56.188+0200] {processor.py:840} INFO - DAG(s) 'tutorial_objectstorage' retrieved from /usr/local/lib/python3.8/site-packages/airflow/example_dags/tutorial_objectstorage.py
[2024-03-12T11:29:56.340+0200] {logging_mixin.py:188} INFO - [2024-03-12T11:29:56.339+0200] {dag.py:3047} INFO - Sync 1 DAGs
[2024-03-12T11:29:56.355+0200] {logging_mixin.py:188} INFO - [2024-03-12T11:29:56.355+0200] {dag.py:3834} INFO - Setting next_dagrun for tutorial_objectstorage to None, run_after=None
[2024-03-12T11:29:56.374+0200] {processor.py:183} INFO - Processing /usr/local/lib/python3.8/site-packages/airflow/example_dags/tutorial_objectstorage.py took 0.258 seconds
[2024-03-12T11:31:49.037+0200] {processor.py:161} INFO - Started process (PID=8922) to work on /usr/local/lib/python3.8/site-packages/airflow/example_dags/tutorial_objectstorage.py
[2024-03-12T11:31:49.038+0200] {processor.py:830} INFO - Processing file /usr/local/lib/python3.8/site-packages/airflow/example_dags/tutorial_objectstorage.py for tasks to queue
[2024-03-12T11:31:49.039+0200] {logging_mixin.py:188} INFO - [2024-03-12T11:31:49.039+0200] {dagbag.py:540} INFO - Filling up the DagBag from /usr/local/lib/python3.8/site-packages/airflow/example_dags/tutorial_objectstorage.py
[2024-03-12T11:31:49.112+0200] {processor.py:840} INFO - DAG(s) 'tutorial_objectstorage' retrieved from /usr/local/lib/python3.8/site-packages/airflow/example_dags/tutorial_objectstorage.py
[2024-03-12T11:31:49.257+0200] {logging_mixin.py:188} INFO - [2024-03-12T11:31:49.257+0200] {dag.py:3047} INFO - Sync 1 DAGs
[2024-03-12T11:31:49.268+0200] {logging_mixin.py:188} INFO - [2024-03-12T11:31:49.268+0200] {dag.py:3834} INFO - Setting next_dagrun for tutorial_objectstorage to None, run_after=None
[2024-03-12T11:31:49.285+0200] {processor.py:183} INFO - Processing /usr/local/lib/python3.8/site-packages/airflow/example_dags/tutorial_objectstorage.py took 0.250 seconds
[2024-03-12T11:33:41.563+0200] {processor.py:161} INFO - Started process (PID=9050) to work on /usr/local/lib/python3.8/site-packages/airflow/example_dags/tutorial_objectstorage.py
[2024-03-12T11:33:41.565+0200] {processor.py:830} INFO - Processing file /usr/local/lib/python3.8/site-packages/airflow/example_dags/tutorial_objectstorage.py for tasks to queue
[2024-03-12T11:33:41.565+0200] {logging_mixin.py:188} INFO - [2024-03-12T11:33:41.565+0200] {dagbag.py:540} INFO - Filling up the DagBag from /usr/local/lib/python3.8/site-packages/airflow/example_dags/tutorial_objectstorage.py
[2024-03-12T11:33:41.636+0200] {processor.py:840} INFO - DAG(s) 'tutorial_objectstorage' retrieved from /usr/local/lib/python3.8/site-packages/airflow/example_dags/tutorial_objectstorage.py
[2024-03-12T11:33:41.782+0200] {logging_mixin.py:188} INFO - [2024-03-12T11:33:41.781+0200] {dag.py:3047} INFO - Sync 1 DAGs
[2024-03-12T11:33:41.793+0200] {logging_mixin.py:188} INFO - [2024-03-12T11:33:41.792+0200] {dag.py:3834} INFO - Setting next_dagrun for tutorial_objectstorage to None, run_after=None
[2024-03-12T11:33:41.810+0200] {processor.py:183} INFO - Processing /usr/local/lib/python3.8/site-packages/airflow/example_dags/tutorial_objectstorage.py took 0.248 seconds
[2024-03-12T11:35:41.149+0200] {processor.py:161} INFO - Started process (PID=9211) to work on /usr/local/lib/python3.8/site-packages/airflow/example_dags/tutorial_objectstorage.py
[2024-03-12T11:35:41.151+0200] {processor.py:830} INFO - Processing file /usr/local/lib/python3.8/site-packages/airflow/example_dags/tutorial_objectstorage.py for tasks to queue
[2024-03-12T11:35:41.152+0200] {logging_mixin.py:188} INFO - [2024-03-12T11:35:41.152+0200] {dagbag.py:540} INFO - Filling up the DagBag from /usr/local/lib/python3.8/site-packages/airflow/example_dags/tutorial_objectstorage.py
[2024-03-12T11:35:41.233+0200] {processor.py:840} INFO - DAG(s) 'tutorial_objectstorage' retrieved from /usr/local/lib/python3.8/site-packages/airflow/example_dags/tutorial_objectstorage.py
[2024-03-12T11:35:41.375+0200] {logging_mixin.py:188} INFO - [2024-03-12T11:35:41.375+0200] {dag.py:3047} INFO - Sync 1 DAGs
[2024-03-12T11:35:41.385+0200] {logging_mixin.py:188} INFO - [2024-03-12T11:35:41.385+0200] {dag.py:3834} INFO - Setting next_dagrun for tutorial_objectstorage to None, run_after=None
[2024-03-12T11:35:41.401+0200] {processor.py:183} INFO - Processing /usr/local/lib/python3.8/site-packages/airflow/example_dags/tutorial_objectstorage.py took 0.253 seconds
[2024-03-12T11:37:38.505+0200] {processor.py:161} INFO - Started process (PID=9352) to work on /usr/local/lib/python3.8/site-packages/airflow/example_dags/tutorial_objectstorage.py
[2024-03-12T11:37:38.507+0200] {processor.py:830} INFO - Processing file /usr/local/lib/python3.8/site-packages/airflow/example_dags/tutorial_objectstorage.py for tasks to queue
[2024-03-12T11:37:38.508+0200] {logging_mixin.py:188} INFO - [2024-03-12T11:37:38.507+0200] {dagbag.py:540} INFO - Filling up the DagBag from /usr/local/lib/python3.8/site-packages/airflow/example_dags/tutorial_objectstorage.py
[2024-03-12T11:37:38.592+0200] {processor.py:840} INFO - DAG(s) 'tutorial_objectstorage' retrieved from /usr/local/lib/python3.8/site-packages/airflow/example_dags/tutorial_objectstorage.py
[2024-03-12T11:37:38.726+0200] {logging_mixin.py:188} INFO - [2024-03-12T11:37:38.725+0200] {dag.py:3047} INFO - Sync 1 DAGs
[2024-03-12T11:37:38.735+0200] {logging_mixin.py:188} INFO - [2024-03-12T11:37:38.735+0200] {dag.py:3834} INFO - Setting next_dagrun for tutorial_objectstorage to None, run_after=None
[2024-03-12T11:37:38.770+0200] {processor.py:183} INFO - Processing /usr/local/lib/python3.8/site-packages/airflow/example_dags/tutorial_objectstorage.py took 0.267 seconds
[2024-03-12T11:39:20.886+0200] {processor.py:161} INFO - Started process (PID=9478) to work on /usr/local/lib/python3.8/site-packages/airflow/example_dags/tutorial_objectstorage.py
[2024-03-12T11:39:20.887+0200] {processor.py:830} INFO - Processing file /usr/local/lib/python3.8/site-packages/airflow/example_dags/tutorial_objectstorage.py for tasks to queue
[2024-03-12T11:39:20.887+0200] {logging_mixin.py:188} INFO - [2024-03-12T11:39:20.887+0200] {dagbag.py:540} INFO - Filling up the DagBag from /usr/local/lib/python3.8/site-packages/airflow/example_dags/tutorial_objectstorage.py
[2024-03-12T11:39:20.936+0200] {processor.py:840} INFO - DAG(s) 'tutorial_objectstorage' retrieved from /usr/local/lib/python3.8/site-packages/airflow/example_dags/tutorial_objectstorage.py
[2024-03-12T11:39:21.059+0200] {logging_mixin.py:188} INFO - [2024-03-12T11:39:21.059+0200] {dag.py:3047} INFO - Sync 1 DAGs
[2024-03-12T11:39:21.068+0200] {logging_mixin.py:188} INFO - [2024-03-12T11:39:21.068+0200] {dag.py:3834} INFO - Setting next_dagrun for tutorial_objectstorage to None, run_after=None
[2024-03-12T11:39:21.084+0200] {processor.py:183} INFO - Processing /usr/local/lib/python3.8/site-packages/airflow/example_dags/tutorial_objectstorage.py took 0.199 seconds
[2024-03-12T11:40:55.820+0200] {processor.py:161} INFO - Started process (PID=9578) to work on /usr/local/lib/python3.8/site-packages/airflow/example_dags/tutorial_objectstorage.py
[2024-03-12T11:40:55.821+0200] {processor.py:830} INFO - Processing file /usr/local/lib/python3.8/site-packages/airflow/example_dags/tutorial_objectstorage.py for tasks to queue
[2024-03-12T11:40:55.821+0200] {logging_mixin.py:188} INFO - [2024-03-12T11:40:55.821+0200] {dagbag.py:540} INFO - Filling up the DagBag from /usr/local/lib/python3.8/site-packages/airflow/example_dags/tutorial_objectstorage.py
[2024-03-12T11:40:55.871+0200] {processor.py:840} INFO - DAG(s) 'tutorial_objectstorage' retrieved from /usr/local/lib/python3.8/site-packages/airflow/example_dags/tutorial_objectstorage.py
[2024-03-12T11:40:55.992+0200] {logging_mixin.py:188} INFO - [2024-03-12T11:40:55.992+0200] {dag.py:3047} INFO - Sync 1 DAGs
[2024-03-12T11:40:56.002+0200] {logging_mixin.py:188} INFO - [2024-03-12T11:40:56.001+0200] {dag.py:3834} INFO - Setting next_dagrun for tutorial_objectstorage to None, run_after=None
[2024-03-12T11:40:56.020+0200] {processor.py:183} INFO - Processing /usr/local/lib/python3.8/site-packages/airflow/example_dags/tutorial_objectstorage.py took 0.201 seconds
[2024-03-12T11:42:28.788+0200] {processor.py:161} INFO - Started process (PID=9690) to work on /usr/local/lib/python3.8/site-packages/airflow/example_dags/tutorial_objectstorage.py
[2024-03-12T11:42:28.789+0200] {processor.py:830} INFO - Processing file /usr/local/lib/python3.8/site-packages/airflow/example_dags/tutorial_objectstorage.py for tasks to queue
[2024-03-12T11:42:28.789+0200] {logging_mixin.py:188} INFO - [2024-03-12T11:42:28.789+0200] {dagbag.py:540} INFO - Filling up the DagBag from /usr/local/lib/python3.8/site-packages/airflow/example_dags/tutorial_objectstorage.py
[2024-03-12T11:42:28.837+0200] {processor.py:840} INFO - DAG(s) 'tutorial_objectstorage' retrieved from /usr/local/lib/python3.8/site-packages/airflow/example_dags/tutorial_objectstorage.py
[2024-03-12T11:42:28.959+0200] {logging_mixin.py:188} INFO - [2024-03-12T11:42:28.958+0200] {dag.py:3047} INFO - Sync 1 DAGs
[2024-03-12T11:42:28.968+0200] {logging_mixin.py:188} INFO - [2024-03-12T11:42:28.968+0200] {dag.py:3834} INFO - Setting next_dagrun for tutorial_objectstorage to None, run_after=None
[2024-03-12T11:42:28.986+0200] {processor.py:183} INFO - Processing /usr/local/lib/python3.8/site-packages/airflow/example_dags/tutorial_objectstorage.py took 0.200 seconds
[2024-03-12T11:44:02.751+0200] {processor.py:161} INFO - Started process (PID=9806) to work on /usr/local/lib/python3.8/site-packages/airflow/example_dags/tutorial_objectstorage.py
[2024-03-12T11:44:02.752+0200] {processor.py:830} INFO - Processing file /usr/local/lib/python3.8/site-packages/airflow/example_dags/tutorial_objectstorage.py for tasks to queue
[2024-03-12T11:44:02.753+0200] {logging_mixin.py:188} INFO - [2024-03-12T11:44:02.753+0200] {dagbag.py:540} INFO - Filling up the DagBag from /usr/local/lib/python3.8/site-packages/airflow/example_dags/tutorial_objectstorage.py
[2024-03-12T11:44:02.804+0200] {processor.py:840} INFO - DAG(s) 'tutorial_objectstorage' retrieved from /usr/local/lib/python3.8/site-packages/airflow/example_dags/tutorial_objectstorage.py
[2024-03-12T11:44:02.929+0200] {logging_mixin.py:188} INFO - [2024-03-12T11:44:02.929+0200] {dag.py:3047} INFO - Sync 1 DAGs
[2024-03-12T11:44:02.938+0200] {logging_mixin.py:188} INFO - [2024-03-12T11:44:02.938+0200] {dag.py:3834} INFO - Setting next_dagrun for tutorial_objectstorage to None, run_after=None
[2024-03-12T11:44:02.953+0200] {processor.py:183} INFO - Processing /usr/local/lib/python3.8/site-packages/airflow/example_dags/tutorial_objectstorage.py took 0.203 seconds
[2024-03-12T11:45:36.635+0200] {processor.py:161} INFO - Started process (PID=9918) to work on /usr/local/lib/python3.8/site-packages/airflow/example_dags/tutorial_objectstorage.py
[2024-03-12T11:45:36.637+0200] {processor.py:830} INFO - Processing file /usr/local/lib/python3.8/site-packages/airflow/example_dags/tutorial_objectstorage.py for tasks to queue
[2024-03-12T11:45:36.637+0200] {logging_mixin.py:188} INFO - [2024-03-12T11:45:36.637+0200] {dagbag.py:540} INFO - Filling up the DagBag from /usr/local/lib/python3.8/site-packages/airflow/example_dags/tutorial_objectstorage.py
[2024-03-12T11:45:36.717+0200] {processor.py:840} INFO - DAG(s) 'tutorial_objectstorage' retrieved from /usr/local/lib/python3.8/site-packages/airflow/example_dags/tutorial_objectstorage.py
[2024-03-12T11:45:36.851+0200] {logging_mixin.py:188} INFO - [2024-03-12T11:45:36.850+0200] {dag.py:3047} INFO - Sync 1 DAGs
[2024-03-12T11:45:36.860+0200] {logging_mixin.py:188} INFO - [2024-03-12T11:45:36.860+0200] {dag.py:3834} INFO - Setting next_dagrun for tutorial_objectstorage to None, run_after=None
[2024-03-12T11:45:36.876+0200] {processor.py:183} INFO - Processing /usr/local/lib/python3.8/site-packages/airflow/example_dags/tutorial_objectstorage.py took 0.242 seconds
[2024-03-12T11:47:17.624+0200] {processor.py:161} INFO - Started process (PID=10031) to work on /usr/local/lib/python3.8/site-packages/airflow/example_dags/tutorial_objectstorage.py
[2024-03-12T11:47:17.626+0200] {processor.py:830} INFO - Processing file /usr/local/lib/python3.8/site-packages/airflow/example_dags/tutorial_objectstorage.py for tasks to queue
[2024-03-12T11:47:17.626+0200] {logging_mixin.py:188} INFO - [2024-03-12T11:47:17.626+0200] {dagbag.py:540} INFO - Filling up the DagBag from /usr/local/lib/python3.8/site-packages/airflow/example_dags/tutorial_objectstorage.py
[2024-03-12T11:47:17.712+0200] {processor.py:840} INFO - DAG(s) 'tutorial_objectstorage' retrieved from /usr/local/lib/python3.8/site-packages/airflow/example_dags/tutorial_objectstorage.py
[2024-03-12T11:47:17.847+0200] {logging_mixin.py:188} INFO - [2024-03-12T11:47:17.847+0200] {dag.py:3047} INFO - Sync 1 DAGs
[2024-03-12T11:47:17.858+0200] {logging_mixin.py:188} INFO - [2024-03-12T11:47:17.857+0200] {dag.py:3834} INFO - Setting next_dagrun for tutorial_objectstorage to None, run_after=None
[2024-03-12T11:47:17.873+0200] {processor.py:183} INFO - Processing /usr/local/lib/python3.8/site-packages/airflow/example_dags/tutorial_objectstorage.py took 0.250 seconds
[2024-03-12T12:20:20.255+0200] {processor.py:161} INFO - Started process (PID=10206) to work on /usr/local/lib/python3.8/site-packages/airflow/example_dags/tutorial_objectstorage.py
[2024-03-12T12:20:20.260+0200] {processor.py:830} INFO - Processing file /usr/local/lib/python3.8/site-packages/airflow/example_dags/tutorial_objectstorage.py for tasks to queue
[2024-03-12T12:20:20.262+0200] {logging_mixin.py:188} INFO - [2024-03-12T12:20:20.262+0200] {dagbag.py:540} INFO - Filling up the DagBag from /usr/local/lib/python3.8/site-packages/airflow/example_dags/tutorial_objectstorage.py
[2024-03-12T12:20:20.542+0200] {processor.py:840} INFO - DAG(s) 'tutorial_objectstorage' retrieved from /usr/local/lib/python3.8/site-packages/airflow/example_dags/tutorial_objectstorage.py
[2024-03-12T12:20:21.031+0200] {logging_mixin.py:188} INFO - [2024-03-12T12:20:21.030+0200] {dag.py:3047} INFO - Sync 1 DAGs
[2024-03-12T12:20:21.069+0200] {logging_mixin.py:188} INFO - [2024-03-12T12:20:21.068+0200] {dag.py:3834} INFO - Setting next_dagrun for tutorial_objectstorage to None, run_after=None
[2024-03-12T12:20:21.129+0200] {processor.py:183} INFO - Processing /usr/local/lib/python3.8/site-packages/airflow/example_dags/tutorial_objectstorage.py took 0.878 seconds
[2024-03-12T12:23:48.154+0200] {processor.py:161} INFO - Started process (PID=10362) to work on /usr/local/lib/python3.8/site-packages/airflow/example_dags/tutorial_objectstorage.py
[2024-03-12T12:23:48.155+0200] {processor.py:830} INFO - Processing file /usr/local/lib/python3.8/site-packages/airflow/example_dags/tutorial_objectstorage.py for tasks to queue
[2024-03-12T12:23:48.156+0200] {logging_mixin.py:188} INFO - [2024-03-12T12:23:48.156+0200] {dagbag.py:540} INFO - Filling up the DagBag from /usr/local/lib/python3.8/site-packages/airflow/example_dags/tutorial_objectstorage.py
[2024-03-12T12:23:48.204+0200] {processor.py:840} INFO - DAG(s) 'tutorial_objectstorage' retrieved from /usr/local/lib/python3.8/site-packages/airflow/example_dags/tutorial_objectstorage.py
[2024-03-12T12:23:48.326+0200] {logging_mixin.py:188} INFO - [2024-03-12T12:23:48.325+0200] {dag.py:3047} INFO - Sync 1 DAGs
[2024-03-12T12:23:48.335+0200] {logging_mixin.py:188} INFO - [2024-03-12T12:23:48.335+0200] {dag.py:3834} INFO - Setting next_dagrun for tutorial_objectstorage to None, run_after=None
[2024-03-12T12:23:48.350+0200] {processor.py:183} INFO - Processing /usr/local/lib/python3.8/site-packages/airflow/example_dags/tutorial_objectstorage.py took 0.197 seconds
[2024-03-12T12:25:22.676+0200] {processor.py:161} INFO - Started process (PID=10471) to work on /usr/local/lib/python3.8/site-packages/airflow/example_dags/tutorial_objectstorage.py
[2024-03-12T12:25:22.677+0200] {processor.py:830} INFO - Processing file /usr/local/lib/python3.8/site-packages/airflow/example_dags/tutorial_objectstorage.py for tasks to queue
[2024-03-12T12:25:22.678+0200] {logging_mixin.py:188} INFO - [2024-03-12T12:25:22.678+0200] {dagbag.py:540} INFO - Filling up the DagBag from /usr/local/lib/python3.8/site-packages/airflow/example_dags/tutorial_objectstorage.py
[2024-03-12T12:25:22.725+0200] {processor.py:840} INFO - DAG(s) 'tutorial_objectstorage' retrieved from /usr/local/lib/python3.8/site-packages/airflow/example_dags/tutorial_objectstorage.py
[2024-03-12T12:25:22.851+0200] {logging_mixin.py:188} INFO - [2024-03-12T12:25:22.850+0200] {dag.py:3047} INFO - Sync 1 DAGs
[2024-03-12T12:25:22.860+0200] {logging_mixin.py:188} INFO - [2024-03-12T12:25:22.859+0200] {dag.py:3834} INFO - Setting next_dagrun for tutorial_objectstorage to None, run_after=None
[2024-03-12T12:25:22.876+0200] {processor.py:183} INFO - Processing /usr/local/lib/python3.8/site-packages/airflow/example_dags/tutorial_objectstorage.py took 0.201 seconds
[2024-03-12T12:27:00.154+0200] {processor.py:161} INFO - Started process (PID=10576) to work on /usr/local/lib/python3.8/site-packages/airflow/example_dags/tutorial_objectstorage.py
[2024-03-12T12:27:00.155+0200] {processor.py:830} INFO - Processing file /usr/local/lib/python3.8/site-packages/airflow/example_dags/tutorial_objectstorage.py for tasks to queue
[2024-03-12T12:27:00.155+0200] {logging_mixin.py:188} INFO - [2024-03-12T12:27:00.155+0200] {dagbag.py:540} INFO - Filling up the DagBag from /usr/local/lib/python3.8/site-packages/airflow/example_dags/tutorial_objectstorage.py
[2024-03-12T12:27:00.217+0200] {processor.py:840} INFO - DAG(s) 'tutorial_objectstorage' retrieved from /usr/local/lib/python3.8/site-packages/airflow/example_dags/tutorial_objectstorage.py
[2024-03-12T12:27:00.353+0200] {logging_mixin.py:188} INFO - [2024-03-12T12:27:00.353+0200] {dag.py:3047} INFO - Sync 1 DAGs
[2024-03-12T12:27:00.363+0200] {logging_mixin.py:188} INFO - [2024-03-12T12:27:00.363+0200] {dag.py:3834} INFO - Setting next_dagrun for tutorial_objectstorage to None, run_after=None
[2024-03-12T12:27:00.381+0200] {processor.py:183} INFO - Processing /usr/local/lib/python3.8/site-packages/airflow/example_dags/tutorial_objectstorage.py took 0.228 seconds
