[2024-03-12T10:10:25.385+0200] {processor.py:161} INFO - Started process (PID=3279) to work on /Users/abatcoveanu/airflow/dags/subdag_task.py
[2024-03-12T10:10:25.387+0200] {processor.py:830} INFO - Processing file /Users/abatcoveanu/airflow/dags/subdag_task.py for tasks to queue
[2024-03-12T10:10:25.388+0200] {logging_mixin.py:188} INFO - [2024-03-12T10:10:25.388+0200] {dagbag.py:540} INFO - Filling up the DagBag from /Users/abatcoveanu/airflow/dags/subdag_task.py
[2024-03-12T10:10:25.435+0200] {processor.py:842} WARNING - No viable dags retrieved from /Users/abatcoveanu/airflow/dags/subdag_task.py
[2024-03-12T10:10:25.582+0200] {processor.py:183} INFO - Processing /Users/abatcoveanu/airflow/dags/subdag_task.py took 0.199 seconds
[2024-03-12T10:12:57.189+0200] {processor.py:161} INFO - Started process (PID=3477) to work on /Users/abatcoveanu/airflow/dags/subdag_task.py
[2024-03-12T10:12:57.191+0200] {processor.py:830} INFO - Processing file /Users/abatcoveanu/airflow/dags/subdag_task.py for tasks to queue
[2024-03-12T10:12:57.192+0200] {logging_mixin.py:188} INFO - [2024-03-12T10:12:57.192+0200] {dagbag.py:540} INFO - Filling up the DagBag from /Users/abatcoveanu/airflow/dags/subdag_task.py
[2024-03-12T10:12:57.219+0200] {processor.py:842} WARNING - No viable dags retrieved from /Users/abatcoveanu/airflow/dags/subdag_task.py
[2024-03-12T10:12:57.297+0200] {processor.py:183} INFO - Processing /Users/abatcoveanu/airflow/dags/subdag_task.py took 0.109 seconds
[2024-03-12T10:14:48.658+0200] {processor.py:161} INFO - Started process (PID=3615) to work on /Users/abatcoveanu/airflow/dags/subdag_task.py
[2024-03-12T10:14:48.659+0200] {processor.py:830} INFO - Processing file /Users/abatcoveanu/airflow/dags/subdag_task.py for tasks to queue
[2024-03-12T10:14:48.659+0200] {logging_mixin.py:188} INFO - [2024-03-12T10:14:48.659+0200] {dagbag.py:540} INFO - Filling up the DagBag from /Users/abatcoveanu/airflow/dags/subdag_task.py
[2024-03-12T10:14:48.680+0200] {processor.py:842} WARNING - No viable dags retrieved from /Users/abatcoveanu/airflow/dags/subdag_task.py
[2024-03-12T10:14:48.750+0200] {processor.py:183} INFO - Processing /Users/abatcoveanu/airflow/dags/subdag_task.py took 0.093 seconds
[2024-03-12T10:16:33.688+0200] {processor.py:161} INFO - Started process (PID=3728) to work on /Users/abatcoveanu/airflow/dags/subdag_task.py
[2024-03-12T10:16:33.691+0200] {processor.py:830} INFO - Processing file /Users/abatcoveanu/airflow/dags/subdag_task.py for tasks to queue
[2024-03-12T10:16:33.692+0200] {logging_mixin.py:188} INFO - [2024-03-12T10:16:33.691+0200] {dagbag.py:540} INFO - Filling up the DagBag from /Users/abatcoveanu/airflow/dags/subdag_task.py
[2024-03-12T10:16:33.716+0200] {processor.py:842} WARNING - No viable dags retrieved from /Users/abatcoveanu/airflow/dags/subdag_task.py
[2024-03-12T10:16:33.787+0200] {processor.py:183} INFO - Processing /Users/abatcoveanu/airflow/dags/subdag_task.py took 0.100 seconds
[2024-03-12T10:27:55.210+0200] {processor.py:161} INFO - Started process (PID=4106) to work on /Users/abatcoveanu/airflow/dags/subdag_task.py
[2024-03-12T10:27:55.212+0200] {processor.py:830} INFO - Processing file /Users/abatcoveanu/airflow/dags/subdag_task.py for tasks to queue
[2024-03-12T10:27:55.212+0200] {logging_mixin.py:188} INFO - [2024-03-12T10:27:55.212+0200] {dagbag.py:540} INFO - Filling up the DagBag from /Users/abatcoveanu/airflow/dags/subdag_task.py
[2024-03-12T10:27:55.243+0200] {processor.py:842} WARNING - No viable dags retrieved from /Users/abatcoveanu/airflow/dags/subdag_task.py
[2024-03-12T10:27:55.323+0200] {processor.py:183} INFO - Processing /Users/abatcoveanu/airflow/dags/subdag_task.py took 0.114 seconds
[2024-03-12T10:30:22.976+0200] {processor.py:161} INFO - Started process (PID=4279) to work on /Users/abatcoveanu/airflow/dags/subdag_task.py
[2024-03-12T10:30:22.976+0200] {processor.py:830} INFO - Processing file /Users/abatcoveanu/airflow/dags/subdag_task.py for tasks to queue
[2024-03-12T10:30:22.977+0200] {logging_mixin.py:188} INFO - [2024-03-12T10:30:22.977+0200] {dagbag.py:540} INFO - Filling up the DagBag from /Users/abatcoveanu/airflow/dags/subdag_task.py
[2024-03-12T10:30:22.998+0200] {processor.py:842} WARNING - No viable dags retrieved from /Users/abatcoveanu/airflow/dags/subdag_task.py
[2024-03-12T10:30:23.068+0200] {processor.py:183} INFO - Processing /Users/abatcoveanu/airflow/dags/subdag_task.py took 0.094 seconds
[2024-03-12T10:32:11.450+0200] {processor.py:161} INFO - Started process (PID=4410) to work on /Users/abatcoveanu/airflow/dags/subdag_task.py
[2024-03-12T10:32:11.451+0200] {processor.py:830} INFO - Processing file /Users/abatcoveanu/airflow/dags/subdag_task.py for tasks to queue
[2024-03-12T10:32:11.452+0200] {logging_mixin.py:188} INFO - [2024-03-12T10:32:11.451+0200] {dagbag.py:540} INFO - Filling up the DagBag from /Users/abatcoveanu/airflow/dags/subdag_task.py
[2024-03-12T10:32:11.480+0200] {processor.py:842} WARNING - No viable dags retrieved from /Users/abatcoveanu/airflow/dags/subdag_task.py
[2024-03-12T10:32:11.564+0200] {processor.py:183} INFO - Processing /Users/abatcoveanu/airflow/dags/subdag_task.py took 0.116 seconds
[2024-03-12T10:34:00.110+0200] {processor.py:161} INFO - Started process (PID=4571) to work on /Users/abatcoveanu/airflow/dags/subdag_task.py
[2024-03-12T10:34:00.112+0200] {processor.py:830} INFO - Processing file /Users/abatcoveanu/airflow/dags/subdag_task.py for tasks to queue
[2024-03-12T10:34:00.112+0200] {logging_mixin.py:188} INFO - [2024-03-12T10:34:00.112+0200] {dagbag.py:540} INFO - Filling up the DagBag from /Users/abatcoveanu/airflow/dags/subdag_task.py
[2024-03-12T10:34:00.140+0200] {processor.py:842} WARNING - No viable dags retrieved from /Users/abatcoveanu/airflow/dags/subdag_task.py
[2024-03-12T10:34:00.213+0200] {processor.py:183} INFO - Processing /Users/abatcoveanu/airflow/dags/subdag_task.py took 0.104 seconds
[2024-03-12T10:35:55.693+0200] {processor.py:161} INFO - Started process (PID=4699) to work on /Users/abatcoveanu/airflow/dags/subdag_task.py
[2024-03-12T10:35:55.694+0200] {processor.py:830} INFO - Processing file /Users/abatcoveanu/airflow/dags/subdag_task.py for tasks to queue
[2024-03-12T10:35:55.695+0200] {logging_mixin.py:188} INFO - [2024-03-12T10:35:55.695+0200] {dagbag.py:540} INFO - Filling up the DagBag from /Users/abatcoveanu/airflow/dags/subdag_task.py
[2024-03-12T10:35:55.722+0200] {processor.py:842} WARNING - No viable dags retrieved from /Users/abatcoveanu/airflow/dags/subdag_task.py
[2024-03-12T10:35:55.796+0200] {processor.py:183} INFO - Processing /Users/abatcoveanu/airflow/dags/subdag_task.py took 0.105 seconds
[2024-03-12T10:37:49.329+0200] {processor.py:161} INFO - Started process (PID=4844) to work on /Users/abatcoveanu/airflow/dags/subdag_task.py
[2024-03-12T10:37:49.330+0200] {processor.py:830} INFO - Processing file /Users/abatcoveanu/airflow/dags/subdag_task.py for tasks to queue
[2024-03-12T10:37:49.331+0200] {logging_mixin.py:188} INFO - [2024-03-12T10:37:49.331+0200] {dagbag.py:540} INFO - Filling up the DagBag from /Users/abatcoveanu/airflow/dags/subdag_task.py
[2024-03-12T10:37:49.358+0200] {processor.py:842} WARNING - No viable dags retrieved from /Users/abatcoveanu/airflow/dags/subdag_task.py
[2024-03-12T10:37:49.433+0200] {processor.py:183} INFO - Processing /Users/abatcoveanu/airflow/dags/subdag_task.py took 0.105 seconds
[2024-03-12T10:39:41.002+0200] {processor.py:161} INFO - Started process (PID=4983) to work on /Users/abatcoveanu/airflow/dags/subdag_task.py
[2024-03-12T10:39:41.003+0200] {processor.py:830} INFO - Processing file /Users/abatcoveanu/airflow/dags/subdag_task.py for tasks to queue
[2024-03-12T10:39:41.004+0200] {logging_mixin.py:188} INFO - [2024-03-12T10:39:41.003+0200] {dagbag.py:540} INFO - Filling up the DagBag from /Users/abatcoveanu/airflow/dags/subdag_task.py
[2024-03-12T10:39:41.029+0200] {processor.py:842} WARNING - No viable dags retrieved from /Users/abatcoveanu/airflow/dags/subdag_task.py
[2024-03-12T10:39:41.109+0200] {processor.py:183} INFO - Processing /Users/abatcoveanu/airflow/dags/subdag_task.py took 0.109 seconds
[2024-03-12T10:41:25.637+0200] {processor.py:161} INFO - Started process (PID=5092) to work on /Users/abatcoveanu/airflow/dags/subdag_task.py
[2024-03-12T10:41:25.638+0200] {processor.py:830} INFO - Processing file /Users/abatcoveanu/airflow/dags/subdag_task.py for tasks to queue
[2024-03-12T10:41:25.639+0200] {logging_mixin.py:188} INFO - [2024-03-12T10:41:25.638+0200] {dagbag.py:540} INFO - Filling up the DagBag from /Users/abatcoveanu/airflow/dags/subdag_task.py
[2024-03-12T10:41:25.664+0200] {processor.py:842} WARNING - No viable dags retrieved from /Users/abatcoveanu/airflow/dags/subdag_task.py
[2024-03-12T10:41:25.755+0200] {processor.py:183} INFO - Processing /Users/abatcoveanu/airflow/dags/subdag_task.py took 0.119 seconds
[2024-03-12T10:43:10.701+0200] {processor.py:161} INFO - Started process (PID=5229) to work on /Users/abatcoveanu/airflow/dags/subdag_task.py
[2024-03-12T10:43:10.702+0200] {processor.py:830} INFO - Processing file /Users/abatcoveanu/airflow/dags/subdag_task.py for tasks to queue
[2024-03-12T10:43:10.702+0200] {logging_mixin.py:188} INFO - [2024-03-12T10:43:10.702+0200] {dagbag.py:540} INFO - Filling up the DagBag from /Users/abatcoveanu/airflow/dags/subdag_task.py
[2024-03-12T10:43:10.729+0200] {processor.py:842} WARNING - No viable dags retrieved from /Users/abatcoveanu/airflow/dags/subdag_task.py
[2024-03-12T10:43:10.804+0200] {processor.py:183} INFO - Processing /Users/abatcoveanu/airflow/dags/subdag_task.py took 0.104 seconds
[2024-03-12T10:45:05.221+0200] {processor.py:161} INFO - Started process (PID=5355) to work on /Users/abatcoveanu/airflow/dags/subdag_task.py
[2024-03-12T10:45:05.222+0200] {processor.py:830} INFO - Processing file /Users/abatcoveanu/airflow/dags/subdag_task.py for tasks to queue
[2024-03-12T10:45:05.223+0200] {logging_mixin.py:188} INFO - [2024-03-12T10:45:05.223+0200] {dagbag.py:540} INFO - Filling up the DagBag from /Users/abatcoveanu/airflow/dags/subdag_task.py
[2024-03-12T10:45:05.248+0200] {processor.py:842} WARNING - No viable dags retrieved from /Users/abatcoveanu/airflow/dags/subdag_task.py
[2024-03-12T10:45:05.319+0200] {processor.py:183} INFO - Processing /Users/abatcoveanu/airflow/dags/subdag_task.py took 0.099 seconds
[2024-03-12T10:46:53.038+0200] {processor.py:161} INFO - Started process (PID=5477) to work on /Users/abatcoveanu/airflow/dags/subdag_task.py
[2024-03-12T10:46:53.039+0200] {processor.py:830} INFO - Processing file /Users/abatcoveanu/airflow/dags/subdag_task.py for tasks to queue
[2024-03-12T10:46:53.040+0200] {logging_mixin.py:188} INFO - [2024-03-12T10:46:53.040+0200] {dagbag.py:540} INFO - Filling up the DagBag from /Users/abatcoveanu/airflow/dags/subdag_task.py
[2024-03-12T10:46:53.069+0200] {processor.py:842} WARNING - No viable dags retrieved from /Users/abatcoveanu/airflow/dags/subdag_task.py
[2024-03-12T10:46:53.150+0200] {processor.py:183} INFO - Processing /Users/abatcoveanu/airflow/dags/subdag_task.py took 0.113 seconds
[2024-03-12T10:48:44.145+0200] {processor.py:161} INFO - Started process (PID=5621) to work on /Users/abatcoveanu/airflow/dags/subdag_task.py
[2024-03-12T10:48:44.146+0200] {processor.py:830} INFO - Processing file /Users/abatcoveanu/airflow/dags/subdag_task.py for tasks to queue
[2024-03-12T10:48:44.147+0200] {logging_mixin.py:188} INFO - [2024-03-12T10:48:44.147+0200] {dagbag.py:540} INFO - Filling up the DagBag from /Users/abatcoveanu/airflow/dags/subdag_task.py
[2024-03-12T10:48:44.176+0200] {processor.py:842} WARNING - No viable dags retrieved from /Users/abatcoveanu/airflow/dags/subdag_task.py
[2024-03-12T10:48:44.257+0200] {processor.py:183} INFO - Processing /Users/abatcoveanu/airflow/dags/subdag_task.py took 0.113 seconds
[2024-03-12T10:50:34.648+0200] {processor.py:161} INFO - Started process (PID=5732) to work on /Users/abatcoveanu/airflow/dags/subdag_task.py
[2024-03-12T10:50:34.649+0200] {processor.py:830} INFO - Processing file /Users/abatcoveanu/airflow/dags/subdag_task.py for tasks to queue
[2024-03-12T10:50:34.650+0200] {logging_mixin.py:188} INFO - [2024-03-12T10:50:34.650+0200] {dagbag.py:540} INFO - Filling up the DagBag from /Users/abatcoveanu/airflow/dags/subdag_task.py
[2024-03-12T10:50:34.680+0200] {processor.py:842} WARNING - No viable dags retrieved from /Users/abatcoveanu/airflow/dags/subdag_task.py
[2024-03-12T10:50:34.765+0200] {processor.py:183} INFO - Processing /Users/abatcoveanu/airflow/dags/subdag_task.py took 0.119 seconds
[2024-03-12T10:52:31.173+0200] {processor.py:161} INFO - Started process (PID=5857) to work on /Users/abatcoveanu/airflow/dags/subdag_task.py
[2024-03-12T10:52:31.174+0200] {processor.py:830} INFO - Processing file /Users/abatcoveanu/airflow/dags/subdag_task.py for tasks to queue
[2024-03-12T10:52:31.174+0200] {logging_mixin.py:188} INFO - [2024-03-12T10:52:31.174+0200] {dagbag.py:540} INFO - Filling up the DagBag from /Users/abatcoveanu/airflow/dags/subdag_task.py
[2024-03-12T10:52:31.195+0200] {processor.py:842} WARNING - No viable dags retrieved from /Users/abatcoveanu/airflow/dags/subdag_task.py
[2024-03-12T10:52:31.262+0200] {processor.py:183} INFO - Processing /Users/abatcoveanu/airflow/dags/subdag_task.py took 0.090 seconds
[2024-03-12T10:54:16.390+0200] {processor.py:161} INFO - Started process (PID=5978) to work on /Users/abatcoveanu/airflow/dags/subdag_task.py
[2024-03-12T10:54:16.391+0200] {processor.py:830} INFO - Processing file /Users/abatcoveanu/airflow/dags/subdag_task.py for tasks to queue
[2024-03-12T10:54:16.392+0200] {logging_mixin.py:188} INFO - [2024-03-12T10:54:16.392+0200] {dagbag.py:540} INFO - Filling up the DagBag from /Users/abatcoveanu/airflow/dags/subdag_task.py
[2024-03-12T10:54:16.420+0200] {processor.py:842} WARNING - No viable dags retrieved from /Users/abatcoveanu/airflow/dags/subdag_task.py
[2024-03-12T10:54:16.493+0200] {processor.py:183} INFO - Processing /Users/abatcoveanu/airflow/dags/subdag_task.py took 0.104 seconds
[2024-03-12T10:56:03.507+0200] {processor.py:161} INFO - Started process (PID=6106) to work on /Users/abatcoveanu/airflow/dags/subdag_task.py
[2024-03-12T10:56:03.508+0200] {processor.py:830} INFO - Processing file /Users/abatcoveanu/airflow/dags/subdag_task.py for tasks to queue
[2024-03-12T10:56:03.508+0200] {logging_mixin.py:188} INFO - [2024-03-12T10:56:03.508+0200] {dagbag.py:540} INFO - Filling up the DagBag from /Users/abatcoveanu/airflow/dags/subdag_task.py
[2024-03-12T10:56:03.536+0200] {processor.py:842} WARNING - No viable dags retrieved from /Users/abatcoveanu/airflow/dags/subdag_task.py
[2024-03-12T10:56:03.614+0200] {processor.py:183} INFO - Processing /Users/abatcoveanu/airflow/dags/subdag_task.py took 0.109 seconds
[2024-03-12T10:57:58.391+0200] {processor.py:161} INFO - Started process (PID=6264) to work on /Users/abatcoveanu/airflow/dags/subdag_task.py
[2024-03-12T10:57:58.391+0200] {processor.py:830} INFO - Processing file /Users/abatcoveanu/airflow/dags/subdag_task.py for tasks to queue
[2024-03-12T10:57:58.392+0200] {logging_mixin.py:188} INFO - [2024-03-12T10:57:58.392+0200] {dagbag.py:540} INFO - Filling up the DagBag from /Users/abatcoveanu/airflow/dags/subdag_task.py
[2024-03-12T10:57:58.414+0200] {processor.py:842} WARNING - No viable dags retrieved from /Users/abatcoveanu/airflow/dags/subdag_task.py
[2024-03-12T10:57:58.480+0200] {processor.py:183} INFO - Processing /Users/abatcoveanu/airflow/dags/subdag_task.py took 0.091 seconds
[2024-03-12T10:59:48.457+0200] {processor.py:161} INFO - Started process (PID=6390) to work on /Users/abatcoveanu/airflow/dags/subdag_task.py
[2024-03-12T10:59:48.458+0200] {processor.py:830} INFO - Processing file /Users/abatcoveanu/airflow/dags/subdag_task.py for tasks to queue
[2024-03-12T10:59:48.458+0200] {logging_mixin.py:188} INFO - [2024-03-12T10:59:48.458+0200] {dagbag.py:540} INFO - Filling up the DagBag from /Users/abatcoveanu/airflow/dags/subdag_task.py
[2024-03-12T10:59:48.484+0200] {processor.py:842} WARNING - No viable dags retrieved from /Users/abatcoveanu/airflow/dags/subdag_task.py
[2024-03-12T10:59:48.553+0200] {processor.py:183} INFO - Processing /Users/abatcoveanu/airflow/dags/subdag_task.py took 0.097 seconds
[2024-03-12T11:01:36.840+0200] {processor.py:161} INFO - Started process (PID=6500) to work on /Users/abatcoveanu/airflow/dags/subdag_task.py
[2024-03-12T11:01:36.840+0200] {processor.py:830} INFO - Processing file /Users/abatcoveanu/airflow/dags/subdag_task.py for tasks to queue
[2024-03-12T11:01:36.841+0200] {logging_mixin.py:188} INFO - [2024-03-12T11:01:36.841+0200] {dagbag.py:540} INFO - Filling up the DagBag from /Users/abatcoveanu/airflow/dags/subdag_task.py
[2024-03-12T11:01:36.863+0200] {processor.py:842} WARNING - No viable dags retrieved from /Users/abatcoveanu/airflow/dags/subdag_task.py
[2024-03-12T11:01:36.933+0200] {processor.py:183} INFO - Processing /Users/abatcoveanu/airflow/dags/subdag_task.py took 0.095 seconds
[2024-03-12T11:03:23.911+0200] {processor.py:161} INFO - Started process (PID=6628) to work on /Users/abatcoveanu/airflow/dags/subdag_task.py
[2024-03-12T11:03:23.912+0200] {processor.py:830} INFO - Processing file /Users/abatcoveanu/airflow/dags/subdag_task.py for tasks to queue
[2024-03-12T11:03:23.913+0200] {logging_mixin.py:188} INFO - [2024-03-12T11:03:23.912+0200] {dagbag.py:540} INFO - Filling up the DagBag from /Users/abatcoveanu/airflow/dags/subdag_task.py
[2024-03-12T11:03:23.939+0200] {processor.py:842} WARNING - No viable dags retrieved from /Users/abatcoveanu/airflow/dags/subdag_task.py
[2024-03-12T11:03:24.009+0200] {processor.py:183} INFO - Processing /Users/abatcoveanu/airflow/dags/subdag_task.py took 0.099 seconds
[2024-03-12T11:05:16.795+0200] {processor.py:161} INFO - Started process (PID=6777) to work on /Users/abatcoveanu/airflow/dags/subdag_task.py
[2024-03-12T11:05:16.797+0200] {processor.py:830} INFO - Processing file /Users/abatcoveanu/airflow/dags/subdag_task.py for tasks to queue
[2024-03-12T11:05:16.797+0200] {logging_mixin.py:188} INFO - [2024-03-12T11:05:16.797+0200] {dagbag.py:540} INFO - Filling up the DagBag from /Users/abatcoveanu/airflow/dags/subdag_task.py
[2024-03-12T11:05:16.826+0200] {processor.py:842} WARNING - No viable dags retrieved from /Users/abatcoveanu/airflow/dags/subdag_task.py
[2024-03-12T11:05:16.913+0200] {processor.py:183} INFO - Processing /Users/abatcoveanu/airflow/dags/subdag_task.py took 0.119 seconds
[2024-03-12T11:07:16.859+0200] {processor.py:161} INFO - Started process (PID=6933) to work on /Users/abatcoveanu/airflow/dags/subdag_task.py
[2024-03-12T11:07:16.861+0200] {processor.py:830} INFO - Processing file /Users/abatcoveanu/airflow/dags/subdag_task.py for tasks to queue
[2024-03-12T11:07:16.862+0200] {logging_mixin.py:188} INFO - [2024-03-12T11:07:16.862+0200] {dagbag.py:540} INFO - Filling up the DagBag from /Users/abatcoveanu/airflow/dags/subdag_task.py
[2024-03-12T11:07:16.898+0200] {processor.py:842} WARNING - No viable dags retrieved from /Users/abatcoveanu/airflow/dags/subdag_task.py
[2024-03-12T11:07:17.004+0200] {processor.py:183} INFO - Processing /Users/abatcoveanu/airflow/dags/subdag_task.py took 0.146 seconds
[2024-03-12T11:09:23.379+0200] {processor.py:161} INFO - Started process (PID=7083) to work on /Users/abatcoveanu/airflow/dags/subdag_task.py
[2024-03-12T11:09:23.380+0200] {processor.py:830} INFO - Processing file /Users/abatcoveanu/airflow/dags/subdag_task.py for tasks to queue
[2024-03-12T11:09:23.380+0200] {logging_mixin.py:188} INFO - [2024-03-12T11:09:23.380+0200] {dagbag.py:540} INFO - Filling up the DagBag from /Users/abatcoveanu/airflow/dags/subdag_task.py
[2024-03-12T11:09:23.407+0200] {processor.py:842} WARNING - No viable dags retrieved from /Users/abatcoveanu/airflow/dags/subdag_task.py
[2024-03-12T11:09:23.481+0200] {processor.py:183} INFO - Processing /Users/abatcoveanu/airflow/dags/subdag_task.py took 0.103 seconds
[2024-03-12T11:11:16.385+0200] {processor.py:161} INFO - Started process (PID=7199) to work on /Users/abatcoveanu/airflow/dags/subdag_task.py
[2024-03-12T11:11:16.387+0200] {processor.py:830} INFO - Processing file /Users/abatcoveanu/airflow/dags/subdag_task.py for tasks to queue
[2024-03-12T11:11:16.387+0200] {logging_mixin.py:188} INFO - [2024-03-12T11:11:16.387+0200] {dagbag.py:540} INFO - Filling up the DagBag from /Users/abatcoveanu/airflow/dags/subdag_task.py
[2024-03-12T11:11:16.419+0200] {processor.py:842} WARNING - No viable dags retrieved from /Users/abatcoveanu/airflow/dags/subdag_task.py
[2024-03-12T11:11:16.502+0200] {processor.py:183} INFO - Processing /Users/abatcoveanu/airflow/dags/subdag_task.py took 0.119 seconds
[2024-03-12T11:13:05.819+0200] {processor.py:161} INFO - Started process (PID=7313) to work on /Users/abatcoveanu/airflow/dags/subdag_task.py
[2024-03-12T11:13:05.837+0200] {processor.py:830} INFO - Processing file /Users/abatcoveanu/airflow/dags/subdag_task.py for tasks to queue
[2024-03-12T11:13:05.838+0200] {logging_mixin.py:188} INFO - [2024-03-12T11:13:05.838+0200] {dagbag.py:540} INFO - Filling up the DagBag from /Users/abatcoveanu/airflow/dags/subdag_task.py
[2024-03-12T11:13:05.841+0200] {logging_mixin.py:188} INFO - [2024-03-12T11:13:05.840+0200] {dagbag.py:350} ERROR - Failed to import: /Users/abatcoveanu/airflow/dags/subdag_task.py
Traceback (most recent call last):
  File "/usr/local/lib/python3.8/site-packages/airflow/models/dagbag.py", line 346, in parse
    loader.exec_module(new_module)
  File "<frozen importlib._bootstrap_external>", line 839, in exec_module
  File "<frozen importlib._bootstrap_external>", line 976, in get_code
  File "<frozen importlib._bootstrap_external>", line 906, in source_to_code
  File "<frozen importlib._bootstrap>", line 219, in _call_with_frames_removed
  File "/Users/abatcoveanu/airflow/dags/subdag_task.py", line 34
    with TaskGroup()
                   ^
SyntaxError: invalid syntax
[2024-03-12T11:13:05.841+0200] {processor.py:842} WARNING - No viable dags retrieved from /Users/abatcoveanu/airflow/dags/subdag_task.py
[2024-03-12T11:13:05.924+0200] {processor.py:183} INFO - Processing /Users/abatcoveanu/airflow/dags/subdag_task.py took 0.107 seconds
[2024-03-12T11:15:01.603+0200] {processor.py:161} INFO - Started process (PID=7440) to work on /Users/abatcoveanu/airflow/dags/subdag_task.py
[2024-03-12T11:15:01.604+0200] {processor.py:830} INFO - Processing file /Users/abatcoveanu/airflow/dags/subdag_task.py for tasks to queue
[2024-03-12T11:15:01.605+0200] {logging_mixin.py:188} INFO - [2024-03-12T11:15:01.604+0200] {dagbag.py:540} INFO - Filling up the DagBag from /Users/abatcoveanu/airflow/dags/subdag_task.py
[2024-03-12T11:15:01.637+0200] {logging_mixin.py:188} INFO - [2024-03-12T11:15:01.634+0200] {dagbag.py:350} ERROR - Failed to import: /Users/abatcoveanu/airflow/dags/subdag_task.py
Traceback (most recent call last):
  File "/usr/local/lib/python3.8/site-packages/airflow/models/dagbag.py", line 346, in parse
    loader.exec_module(new_module)
  File "<frozen importlib._bootstrap_external>", line 843, in exec_module
  File "<frozen importlib._bootstrap>", line 219, in _call_with_frames_removed
  File "/Users/abatcoveanu/airflow/dags/subdag_task.py", line 34, in <module>
    with TaskGroup('taskSection') as dag:
  File "/usr/local/lib/python3.8/site-packages/airflow/utils/task_group.py", line 123, in __init__
    raise AirflowException("TaskGroup can only be used inside a dag")
airflow.exceptions.AirflowException: TaskGroup can only be used inside a dag
[2024-03-12T11:15:01.637+0200] {processor.py:842} WARNING - No viable dags retrieved from /Users/abatcoveanu/airflow/dags/subdag_task.py
[2024-03-12T11:15:01.720+0200] {processor.py:183} INFO - Processing /Users/abatcoveanu/airflow/dags/subdag_task.py took 0.118 seconds
[2024-03-12T11:16:56.819+0200] {processor.py:161} INFO - Started process (PID=7591) to work on /Users/abatcoveanu/airflow/dags/subdag_task.py
[2024-03-12T11:16:56.821+0200] {processor.py:830} INFO - Processing file /Users/abatcoveanu/airflow/dags/subdag_task.py for tasks to queue
[2024-03-12T11:16:56.822+0200] {logging_mixin.py:188} INFO - [2024-03-12T11:16:56.822+0200] {dagbag.py:540} INFO - Filling up the DagBag from /Users/abatcoveanu/airflow/dags/subdag_task.py
[2024-03-12T11:16:56.824+0200] {processor.py:842} WARNING - No viable dags retrieved from /Users/abatcoveanu/airflow/dags/subdag_task.py
[2024-03-12T11:16:56.914+0200] {processor.py:183} INFO - Processing /Users/abatcoveanu/airflow/dags/subdag_task.py took 0.096 seconds
