[2024-03-28T10:56:15.948+0200] {taskinstance.py:1979} INFO - Dependencies all met for dep_context=non-requeueable deps ti=<TaskInstance: dag_id_3.show_tables manual__2024-03-28T08:55:17.900765+00:00 [queued]>
[2024-03-28T10:56:15.959+0200] {taskinstance.py:1979} INFO - Dependencies all met for dep_context=requeueable deps ti=<TaskInstance: dag_id_3.show_tables manual__2024-03-28T08:55:17.900765+00:00 [queued]>
[2024-03-28T10:56:15.959+0200] {taskinstance.py:2193} INFO - Starting attempt 1 of 1
[2024-03-28T10:56:15.990+0200] {taskinstance.py:2214} INFO - Executing <Task(PostgresOperator): show_tables> on 2024-03-28 08:55:17.900765+00:00
[2024-03-28T10:56:15.995+0200] {standard_task_runner.py:60} INFO - Started process 2021 to run task
[2024-03-28T10:56:16.003+0200] {standard_task_runner.py:87} INFO - Running: ['airflow', 'tasks', 'run', 'dag_id_3', 'show_tables', 'manual__2024-03-28T08:55:17.900765+00:00', '--job-id', '1032', '--raw', '--subdir', 'DAGS_FOLDER/trigger_dag.py', '--cfg-path', '/var/folders/t6/vwjsg0jx26jcjdwn_gxhbjzc0000gp/T/tmpqorfgrbj']
[2024-03-28T10:56:16.005+0200] {standard_task_runner.py:88} INFO - Job 1032: Subtask show_tables
[2024-03-28T10:56:16.119+0200] {task_command.py:423} INFO - Running <TaskInstance: dag_id_3.show_tables manual__2024-03-28T08:55:17.900765+00:00 [running]> on host C9843
[2024-03-28T10:56:16.338+0200] {taskinstance.py:2510} INFO - Exporting env vars: AIRFLOW_CTX_DAG_OWNER='airflow' AIRFLOW_CTX_DAG_ID='dag_id_3' AIRFLOW_CTX_TASK_ID='show_tables' AIRFLOW_CTX_EXECUTION_DATE='2024-03-28T08:55:17.900765+00:00' AIRFLOW_CTX_TRY_NUMBER='1' AIRFLOW_CTX_DAG_RUN_ID='manual__2024-03-28T08:55:17.900765+00:00'
[2024-03-28T10:56:16.341+0200] {sql.py:276} INFO - Executing: 
           select table_schema, table_name FROM information_schema.tables
           WHERE table_schema NOT IN ('information_schema', 'pg_catalog')
           ORDER BY table_schema, table_name
            
[2024-03-28T10:56:16.355+0200] {base.py:83} INFO - Using connection ID 'Postgres_db' for task execution.
[2024-03-28T10:56:16.404+0200] {base.py:83} INFO - Using connection ID 'Postgres_db' for task execution.
[2024-03-28T10:56:16.411+0200] {sql.py:457} INFO - Running statement: 
           select table_schema, table_name FROM information_schema.tables
           WHERE table_schema NOT IN ('information_schema', 'pg_catalog')
           ORDER BY table_schema, table_name
            , parameters: [53293613, 'abatcoveanu', datetime.datetime(2024, 3, 28, 10, 56, 14, 956527)]
[2024-03-28T10:56:16.447+0200] {sql.py:466} INFO - Rows affected: 43
[2024-03-28T10:56:16.456+0200] {logging_mixin.py:188} WARNING - /usr/local/lib/python3.8/site-packages/airflow/providers/common/sql/hooks/sql.py:407 AirflowProviderDeprecationWarning: Call to deprecated method _make_common_data_structure. (The `_make_serializable` method is deprecated and support will be removed in a future version of the common.sql provider. Please update the DbApiHook's provider to a version based on common.sql >= 1.9.1.)
[2024-03-28T10:56:16.518+0200] {taskinstance.py:1149} INFO - Marking task as SUCCESS. dag_id=dag_id_3, task_id=show_tables, execution_date=20240328T085517, start_date=20240328T085615, end_date=20240328T085616
[2024-03-28T10:56:16.589+0200] {local_task_job_runner.py:234} INFO - Task exited with return code 0
[2024-03-28T10:56:16.640+0200] {taskinstance.py:3309} INFO - 0 downstream tasks scheduled from follow-on schedule check
