[2024-03-27T15:50:55.627+0200] {taskinstance.py:1979} INFO - Dependencies all met for dep_context=non-requeueable deps ti=<TaskInstance: dag_id_3.create_table_task manual__2024-03-26T13:37:16.818729+00:00 [queued]>
[2024-03-27T15:50:55.646+0200] {taskinstance.py:1979} INFO - Dependencies all met for dep_context=requeueable deps ti=<TaskInstance: dag_id_3.create_table_task manual__2024-03-26T13:37:16.818729+00:00 [queued]>
[2024-03-27T15:50:55.646+0200] {taskinstance.py:2193} INFO - Starting attempt 1 of 1
[2024-03-27T15:50:55.692+0200] {taskinstance.py:2214} INFO - Executing <Task(PostgresOperator): create_table_task> on 2024-03-26 13:37:16.818729+00:00
[2024-03-27T15:50:55.699+0200] {standard_task_runner.py:60} INFO - Started process 58521 to run task
[2024-03-27T15:50:55.712+0200] {standard_task_runner.py:87} INFO - Running: ['airflow', 'tasks', 'run', 'dag_id_3', 'create_table_task', 'manual__2024-03-26T13:37:16.818729+00:00', '--job-id', '738', '--raw', '--subdir', 'DAGS_FOLDER/jobs_dag.py', '--cfg-path', '/var/folders/t6/vwjsg0jx26jcjdwn_gxhbjzc0000gp/T/tmpcudlv6q1']
[2024-03-27T15:50:55.715+0200] {standard_task_runner.py:88} INFO - Job 738: Subtask create_table_task
[2024-03-27T15:50:55.900+0200] {task_command.py:423} INFO - Running <TaskInstance: dag_id_3.create_table_task manual__2024-03-26T13:37:16.818729+00:00 [running]> on host C9843
[2024-03-27T15:50:56.178+0200] {taskinstance.py:2510} INFO - Exporting env vars: AIRFLOW_CTX_DAG_OWNER='airflow' AIRFLOW_CTX_DAG_ID='dag_id_3' AIRFLOW_CTX_TASK_ID='create_table_task' AIRFLOW_CTX_EXECUTION_DATE='2024-03-26T13:37:16.818729+00:00' AIRFLOW_CTX_TRY_NUMBER='1' AIRFLOW_CTX_DAG_RUN_ID='manual__2024-03-26T13:37:16.818729+00:00'
[2024-03-27T15:50:56.182+0200] {sql.py:276} INFO - Executing: CREATE TABLE IF NOT EXISTS table_name_3(
                        custom_id INTEGER NOT NULL,
                        user_name VARCHAR(50) NOT NULL,
                        timestamp TIMESTAMP NOT NULL
                    );
[2024-03-27T15:50:56.202+0200] {base.py:83} INFO - Using connection ID 'Postgres_db' for task execution.
[2024-03-27T15:50:56.295+0200] {base.py:83} INFO - Using connection ID 'Postgres_db' for task execution.
[2024-03-27T15:50:56.324+0200] {sql.py:457} INFO - Running statement: CREATE TABLE IF NOT EXISTS table_name_3(
                        custom_id INTEGER NOT NULL,
                        user_name VARCHAR(50) NOT NULL,
                        timestamp TIMESTAMP NOT NULL
                    );, parameters: None
[2024-03-27T15:50:56.338+0200] {logging_mixin.py:188} WARNING - /usr/local/lib/python3.8/site-packages/airflow/providers/common/sql/hooks/sql.py:407 AirflowProviderDeprecationWarning: Call to deprecated method _make_common_data_structure. (The `_make_serializable` method is deprecated and support will be removed in a future version of the common.sql provider. Please update the DbApiHook's provider to a version based on common.sql >= 1.9.1.)
[2024-03-27T15:50:56.359+0200] {taskinstance.py:1149} INFO - Marking task as SUCCESS. dag_id=dag_id_3, task_id=create_table_task, execution_date=20240326T133716, start_date=20240327T135055, end_date=20240327T135056
[2024-03-27T15:50:56.426+0200] {local_task_job_runner.py:234} INFO - Task exited with return code 0
[2024-03-27T15:50:56.460+0200] {logging_mixin.py:188} WARNING - /usr/local/lib/python3.8/site-packages/airflow/models/baseoperator.py:1201 AirflowProviderDeprecationWarning: Call to deprecated class PostgresOperator. (Please use `airflow.providers.common.sql.operators.sql.SQLExecuteQueryOperator`.Also, you can provide `hook_params={'schema': <database>}`.)
[2024-03-27T15:50:56.479+0200] {taskinstance.py:3309} INFO - 0 downstream tasks scheduled from follow-on schedule check
