[2024-03-19T15:13:28.949+0200] {taskinstance.py:1979} INFO - Dependencies all met for dep_context=non-requeueable deps ti=<TaskInstance: dag_id_3.show_databases manual__2024-03-19T13:13:11.157915+00:00 [queued]>
[2024-03-19T15:13:28.957+0200] {taskinstance.py:1979} INFO - Dependencies all met for dep_context=requeueable deps ti=<TaskInstance: dag_id_3.show_databases manual__2024-03-19T13:13:11.157915+00:00 [queued]>
[2024-03-19T15:13:28.958+0200] {taskinstance.py:2193} INFO - Starting attempt 1 of 1
[2024-03-19T15:13:28.971+0200] {taskinstance.py:2214} INFO - Executing <Task(PostgresOperator): show_databases> on 2024-03-19 13:13:11.157915+00:00
[2024-03-19T15:13:28.975+0200] {standard_task_runner.py:60} INFO - Started process 48037 to run task
[2024-03-19T15:13:28.982+0200] {standard_task_runner.py:87} INFO - Running: ['airflow', 'tasks', 'run', 'dag_id_3', 'show_databases', 'manual__2024-03-19T13:13:11.157915+00:00', '--job-id', '428', '--raw', '--subdir', 'DAGS_FOLDER/jobs_dag.py', '--cfg-path', '/var/folders/t6/vwjsg0jx26jcjdwn_gxhbjzc0000gp/T/tmptera41ps']
[2024-03-19T15:13:28.984+0200] {standard_task_runner.py:88} INFO - Job 428: Subtask show_databases
[2024-03-19T15:13:29.063+0200] {task_command.py:423} INFO - Running <TaskInstance: dag_id_3.show_databases manual__2024-03-19T13:13:11.157915+00:00 [running]> on host C9843
[2024-03-19T15:13:29.211+0200] {taskinstance.py:2510} INFO - Exporting env vars: AIRFLOW_CTX_DAG_OWNER='airflow' AIRFLOW_CTX_DAG_ID='dag_id_3' AIRFLOW_CTX_TASK_ID='show_databases' AIRFLOW_CTX_EXECUTION_DATE='2024-03-19T13:13:11.157915+00:00' AIRFLOW_CTX_TRY_NUMBER='1' AIRFLOW_CTX_DAG_RUN_ID='manual__2024-03-19T13:13:11.157915+00:00'
[2024-03-19T15:13:29.214+0200] {sql.py:276} INFO - Executing: 
                SELECT datname
                FROM pg_database
                WHERE datistemplate = false
                ORDER BY datname;
            
[2024-03-19T15:13:29.242+0200] {base.py:83} INFO - Using connection ID 'Postgres_db' for task execution.
[2024-03-19T15:13:29.291+0200] {base.py:83} INFO - Using connection ID 'Postgres_db' for task execution.
[2024-03-19T15:13:29.296+0200] {sql.py:457} INFO - Running statement: 
                SELECT datname
                FROM pg_database
                WHERE datistemplate = false
                ORDER BY datname;
            , parameters: [29653485, 'None', datetime.datetime(2024, 3, 19, 15, 13, 28, 324897)]
[2024-03-19T15:13:29.299+0200] {sql.py:466} INFO - Rows affected: 3
[2024-03-19T15:13:29.305+0200] {logging_mixin.py:188} WARNING - /usr/local/lib/python3.8/site-packages/airflow/providers/common/sql/hooks/sql.py:407 AirflowProviderDeprecationWarning: Call to deprecated method _make_common_data_structure. (The `_make_serializable` method is deprecated and support will be removed in a future version of the common.sql provider. Please update the DbApiHook's provider to a version based on common.sql >= 1.9.1.)
[2024-03-19T15:13:29.348+0200] {taskinstance.py:1149} INFO - Marking task as SUCCESS. dag_id=dag_id_3, task_id=show_databases, execution_date=20240319T131311, start_date=20240319T131328, end_date=20240319T131329
[2024-03-19T15:13:29.374+0200] {local_task_job_runner.py:234} INFO - Task exited with return code 0
[2024-03-19T15:13:29.406+0200] {taskinstance.py:3309} INFO - 0 downstream tasks scheduled from follow-on schedule check
