[2024-03-19T12:57:31.298+0200] {taskinstance.py:1979} INFO - Dependencies all met for dep_context=non-requeueable deps ti=<TaskInstance: dag_id_3.show_tables manual__2024-03-19T10:57:21.333659+00:00 [queued]>
[2024-03-19T12:57:31.306+0200] {taskinstance.py:1979} INFO - Dependencies all met for dep_context=requeueable deps ti=<TaskInstance: dag_id_3.show_tables manual__2024-03-19T10:57:21.333659+00:00 [queued]>
[2024-03-19T12:57:31.306+0200] {taskinstance.py:2193} INFO - Starting attempt 1 of 1
[2024-03-19T12:57:31.334+0200] {taskinstance.py:2214} INFO - Executing <Task(PostgresOperator): show_tables> on 2024-03-19 10:57:21.333659+00:00
[2024-03-19T12:57:31.339+0200] {standard_task_runner.py:60} INFO - Started process 26264 to run task
[2024-03-19T12:57:31.346+0200] {standard_task_runner.py:87} INFO - Running: ['airflow', 'tasks', 'run', 'dag_id_3', 'show_tables', 'manual__2024-03-19T10:57:21.333659+00:00', '--job-id', '397', '--raw', '--subdir', 'DAGS_FOLDER/jobs_dag.py', '--cfg-path', '/var/folders/t6/vwjsg0jx26jcjdwn_gxhbjzc0000gp/T/tmp1jcl94g2']
[2024-03-19T12:57:31.348+0200] {standard_task_runner.py:88} INFO - Job 397: Subtask show_tables
[2024-03-19T12:57:31.437+0200] {task_command.py:423} INFO - Running <TaskInstance: dag_id_3.show_tables manual__2024-03-19T10:57:21.333659+00:00 [running]> on host C9843
[2024-03-19T12:57:31.589+0200] {taskinstance.py:2510} INFO - Exporting env vars: AIRFLOW_CTX_DAG_OWNER='airflow' AIRFLOW_CTX_DAG_ID='dag_id_3' AIRFLOW_CTX_TASK_ID='show_tables' AIRFLOW_CTX_EXECUTION_DATE='2024-03-19T10:57:21.333659+00:00' AIRFLOW_CTX_TRY_NUMBER='1' AIRFLOW_CTX_DAG_RUN_ID='manual__2024-03-19T10:57:21.333659+00:00'
[2024-03-19T12:57:31.591+0200] {sql.py:276} INFO - Executing: 
           select table_schema, table_name FROM information_schema.tables
           WHERE table_schema NOT IN ('information_schema', 'pg_catalog')
           ORDER BY table_schema, table_name
            
[2024-03-19T12:57:31.601+0200] {base.py:83} INFO - Using connection ID 'Postgres_db' for task execution.
[2024-03-19T12:57:31.659+0200] {base.py:83} INFO - Using connection ID 'Postgres_db' for task execution.
[2024-03-19T12:57:31.685+0200] {sql.py:457} INFO - Running statement: 
           select table_schema, table_name FROM information_schema.tables
           WHERE table_schema NOT IN ('information_schema', 'pg_catalog')
           ORDER BY table_schema, table_name
            , parameters: [83134001, 'None', datetime.datetime(2024, 3, 19, 12, 57, 30, 671178)]
[2024-03-19T12:57:31.692+0200] {sql.py:466} INFO - Rows affected: 43
[2024-03-19T12:57:31.700+0200] {logging_mixin.py:188} WARNING - /usr/local/lib/python3.8/site-packages/airflow/providers/common/sql/hooks/sql.py:407 AirflowProviderDeprecationWarning: Call to deprecated method _make_common_data_structure. (The `_make_serializable` method is deprecated and support will be removed in a future version of the common.sql provider. Please update the DbApiHook's provider to a version based on common.sql >= 1.9.1.)
[2024-03-19T12:57:31.749+0200] {taskinstance.py:1149} INFO - Marking task as SUCCESS. dag_id=dag_id_3, task_id=show_tables, execution_date=20240319T105721, start_date=20240319T105731, end_date=20240319T105731
[2024-03-19T12:57:31.778+0200] {local_task_job_runner.py:234} INFO - Task exited with return code 0
[2024-03-19T12:57:31.801+0200] {taskinstance.py:3309} INFO - 0 downstream tasks scheduled from follow-on schedule check
