[2024-03-20T13:15:18.720+0200] {taskinstance.py:1979} INFO - Dependencies all met for dep_context=non-requeueable deps ti=<TaskInstance: dag_id_3.show_tables manual__2024-03-20T11:10:21.674316+00:00 [queued]>
[2024-03-20T13:15:18.728+0200] {taskinstance.py:1979} INFO - Dependencies all met for dep_context=requeueable deps ti=<TaskInstance: dag_id_3.show_tables manual__2024-03-20T11:10:21.674316+00:00 [queued]>
[2024-03-20T13:15:18.729+0200] {taskinstance.py:2193} INFO - Starting attempt 1 of 1
[2024-03-20T13:15:18.741+0200] {taskinstance.py:2214} INFO - Executing <Task(PostgresOperator): show_tables> on 2024-03-20 11:10:21.674316+00:00
[2024-03-20T13:15:18.745+0200] {standard_task_runner.py:60} INFO - Started process 18879 to run task
[2024-03-20T13:15:18.751+0200] {standard_task_runner.py:87} INFO - Running: ['airflow', 'tasks', 'run', 'dag_id_3', 'show_tables', 'manual__2024-03-20T11:10:21.674316+00:00', '--job-id', '496', '--raw', '--subdir', 'DAGS_FOLDER/jobs_dag.py', '--cfg-path', '/var/folders/t6/vwjsg0jx26jcjdwn_gxhbjzc0000gp/T/tmpw7lm9lpx']
[2024-03-20T13:15:18.754+0200] {standard_task_runner.py:88} INFO - Job 496: Subtask show_tables
[2024-03-20T13:15:18.841+0200] {task_command.py:423} INFO - Running <TaskInstance: dag_id_3.show_tables manual__2024-03-20T11:10:21.674316+00:00 [running]> on host C9843
[2024-03-20T13:15:19.018+0200] {taskinstance.py:2510} INFO - Exporting env vars: AIRFLOW_CTX_DAG_OWNER='airflow' AIRFLOW_CTX_DAG_ID='dag_id_3' AIRFLOW_CTX_TASK_ID='show_tables' AIRFLOW_CTX_EXECUTION_DATE='2024-03-20T11:10:21.674316+00:00' AIRFLOW_CTX_TRY_NUMBER='1' AIRFLOW_CTX_DAG_RUN_ID='manual__2024-03-20T11:10:21.674316+00:00'
[2024-03-20T13:15:19.020+0200] {sql.py:276} INFO - Executing: 
           select table_schema, table_name FROM information_schema.tables
           WHERE table_schema NOT IN ('information_schema', 'pg_catalog')
           ORDER BY table_schema, table_name
            
[2024-03-20T13:15:19.032+0200] {base.py:83} INFO - Using connection ID 'Postgres_db' for task execution.
[2024-03-20T13:15:19.087+0200] {base.py:83} INFO - Using connection ID 'Postgres_db' for task execution.
[2024-03-20T13:15:19.093+0200] {sql.py:457} INFO - Running statement: 
           select table_schema, table_name FROM information_schema.tables
           WHERE table_schema NOT IN ('information_schema', 'pg_catalog')
           ORDER BY table_schema, table_name
            , parameters: [32513964, 'None', datetime.datetime(2024, 3, 20, 13, 15, 18, 99455)]
[2024-03-20T13:15:19.115+0200] {sql.py:466} INFO - Rows affected: 43
[2024-03-20T13:15:19.122+0200] {logging_mixin.py:188} WARNING - /usr/local/lib/python3.8/site-packages/airflow/providers/common/sql/hooks/sql.py:407 AirflowProviderDeprecationWarning: Call to deprecated method _make_common_data_structure. (The `_make_serializable` method is deprecated and support will be removed in a future version of the common.sql provider. Please update the DbApiHook's provider to a version based on common.sql >= 1.9.1.)
[2024-03-20T13:15:19.164+0200] {taskinstance.py:1149} INFO - Marking task as SUCCESS. dag_id=dag_id_3, task_id=show_tables, execution_date=20240320T111021, start_date=20240320T111518, end_date=20240320T111519
[2024-03-20T13:15:19.185+0200] {local_task_job_runner.py:234} INFO - Task exited with return code 0
[2024-03-20T13:15:19.225+0200] {taskinstance.py:3309} INFO - 0 downstream tasks scheduled from follow-on schedule check
