[2024-03-12T10:10:31.092+0200] {processor.py:161} INFO - Started process (PID=3283) to work on /Users/abatcoveanu/airflow/dags/dag_folder/my_new_dag_3/my_third_dag.py
[2024-03-12T10:10:31.093+0200] {processor.py:830} INFO - Processing file /Users/abatcoveanu/airflow/dags/dag_folder/my_new_dag_3/my_third_dag.py for tasks to queue
[2024-03-12T10:10:31.094+0200] {logging_mixin.py:188} INFO - [2024-03-12T10:10:31.093+0200] {dagbag.py:540} INFO - Filling up the DagBag from /Users/abatcoveanu/airflow/dags/dag_folder/my_new_dag_3/my_third_dag.py
[2024-03-12T10:10:31.100+0200] {processor.py:840} INFO - DAG(s) 'dag_id_2' retrieved from /Users/abatcoveanu/airflow/dags/dag_folder/my_new_dag_3/my_third_dag.py
[2024-03-12T10:10:31.110+0200] {logging_mixin.py:188} INFO - [2024-03-12T10:10:31.110+0200] {dag.py:3047} INFO - Sync 1 DAGs
[2024-03-12T10:10:31.188+0200] {logging_mixin.py:188} INFO - [2024-03-12T10:10:31.188+0200] {dag.py:3834} INFO - Setting next_dagrun for dag_id_2 to None, run_after=None
[2024-03-12T10:10:31.242+0200] {processor.py:183} INFO - Processing /Users/abatcoveanu/airflow/dags/dag_folder/my_new_dag_3/my_third_dag.py took 0.151 seconds
[2024-03-12T10:13:03.305+0200] {processor.py:161} INFO - Started process (PID=3489) to work on /Users/abatcoveanu/airflow/dags/dag_folder/my_new_dag_3/my_third_dag.py
[2024-03-12T10:13:03.306+0200] {processor.py:830} INFO - Processing file /Users/abatcoveanu/airflow/dags/dag_folder/my_new_dag_3/my_third_dag.py for tasks to queue
[2024-03-12T10:13:03.307+0200] {logging_mixin.py:188} INFO - [2024-03-12T10:13:03.306+0200] {dagbag.py:540} INFO - Filling up the DagBag from /Users/abatcoveanu/airflow/dags/dag_folder/my_new_dag_3/my_third_dag.py
[2024-03-12T10:13:03.314+0200] {processor.py:840} INFO - DAG(s) 'dag_id_2' retrieved from /Users/abatcoveanu/airflow/dags/dag_folder/my_new_dag_3/my_third_dag.py
[2024-03-12T10:13:03.326+0200] {logging_mixin.py:188} INFO - [2024-03-12T10:13:03.326+0200] {dag.py:3047} INFO - Sync 1 DAGs
[2024-03-12T10:13:03.419+0200] {logging_mixin.py:188} INFO - [2024-03-12T10:13:03.419+0200] {dag.py:3834} INFO - Setting next_dagrun for dag_id_2 to None, run_after=None
[2024-03-12T10:13:03.475+0200] {processor.py:183} INFO - Processing /Users/abatcoveanu/airflow/dags/dag_folder/my_new_dag_3/my_third_dag.py took 0.173 seconds
[2024-03-12T10:14:52.678+0200] {processor.py:161} INFO - Started process (PID=3620) to work on /Users/abatcoveanu/airflow/dags/dag_folder/my_new_dag_3/my_third_dag.py
[2024-03-12T10:14:52.679+0200] {processor.py:830} INFO - Processing file /Users/abatcoveanu/airflow/dags/dag_folder/my_new_dag_3/my_third_dag.py for tasks to queue
[2024-03-12T10:14:52.680+0200] {logging_mixin.py:188} INFO - [2024-03-12T10:14:52.680+0200] {dagbag.py:540} INFO - Filling up the DagBag from /Users/abatcoveanu/airflow/dags/dag_folder/my_new_dag_3/my_third_dag.py
[2024-03-12T10:14:52.685+0200] {processor.py:840} INFO - DAG(s) 'dag_id_2' retrieved from /Users/abatcoveanu/airflow/dags/dag_folder/my_new_dag_3/my_third_dag.py
[2024-03-12T10:14:52.694+0200] {logging_mixin.py:188} INFO - [2024-03-12T10:14:52.694+0200] {dag.py:3047} INFO - Sync 1 DAGs
[2024-03-12T10:14:52.765+0200] {logging_mixin.py:188} INFO - [2024-03-12T10:14:52.765+0200] {dag.py:3834} INFO - Setting next_dagrun for dag_id_2 to None, run_after=None
[2024-03-12T10:14:52.819+0200] {processor.py:183} INFO - Processing /Users/abatcoveanu/airflow/dags/dag_folder/my_new_dag_3/my_third_dag.py took 0.142 seconds
[2024-03-12T10:16:37.574+0200] {processor.py:161} INFO - Started process (PID=3732) to work on /Users/abatcoveanu/airflow/dags/dag_folder/my_new_dag_3/my_third_dag.py
[2024-03-12T10:16:37.576+0200] {processor.py:830} INFO - Processing file /Users/abatcoveanu/airflow/dags/dag_folder/my_new_dag_3/my_third_dag.py for tasks to queue
[2024-03-12T10:16:37.577+0200] {logging_mixin.py:188} INFO - [2024-03-12T10:16:37.577+0200] {dagbag.py:540} INFO - Filling up the DagBag from /Users/abatcoveanu/airflow/dags/dag_folder/my_new_dag_3/my_third_dag.py
[2024-03-12T10:16:37.583+0200] {processor.py:840} INFO - DAG(s) 'dag_id_2' retrieved from /Users/abatcoveanu/airflow/dags/dag_folder/my_new_dag_3/my_third_dag.py
[2024-03-12T10:16:37.594+0200] {logging_mixin.py:188} INFO - [2024-03-12T10:16:37.594+0200] {dag.py:3047} INFO - Sync 1 DAGs
[2024-03-12T10:16:37.667+0200] {logging_mixin.py:188} INFO - [2024-03-12T10:16:37.667+0200] {dag.py:3834} INFO - Setting next_dagrun for dag_id_2 to None, run_after=None
[2024-03-12T10:16:37.723+0200] {processor.py:183} INFO - Processing /Users/abatcoveanu/airflow/dags/dag_folder/my_new_dag_3/my_third_dag.py took 0.150 seconds
[2024-03-12T10:28:00.593+0200] {processor.py:161} INFO - Started process (PID=4111) to work on /Users/abatcoveanu/airflow/dags/dag_folder/my_new_dag_3/my_third_dag.py
[2024-03-12T10:28:00.595+0200] {processor.py:830} INFO - Processing file /Users/abatcoveanu/airflow/dags/dag_folder/my_new_dag_3/my_third_dag.py for tasks to queue
[2024-03-12T10:28:00.596+0200] {logging_mixin.py:188} INFO - [2024-03-12T10:28:00.596+0200] {dagbag.py:540} INFO - Filling up the DagBag from /Users/abatcoveanu/airflow/dags/dag_folder/my_new_dag_3/my_third_dag.py
[2024-03-12T10:28:00.605+0200] {processor.py:840} INFO - DAG(s) 'dag_id_2' retrieved from /Users/abatcoveanu/airflow/dags/dag_folder/my_new_dag_3/my_third_dag.py
[2024-03-12T10:28:00.622+0200] {logging_mixin.py:188} INFO - [2024-03-12T10:28:00.621+0200] {dag.py:3047} INFO - Sync 1 DAGs
[2024-03-12T10:28:00.726+0200] {logging_mixin.py:188} INFO - [2024-03-12T10:28:00.726+0200] {dag.py:3834} INFO - Setting next_dagrun for dag_id_2 to None, run_after=None
[2024-03-12T10:28:00.787+0200] {processor.py:183} INFO - Processing /Users/abatcoveanu/airflow/dags/dag_folder/my_new_dag_3/my_third_dag.py took 0.196 seconds
[2024-03-12T10:30:26.998+0200] {processor.py:161} INFO - Started process (PID=4283) to work on /Users/abatcoveanu/airflow/dags/dag_folder/my_new_dag_3/my_third_dag.py
[2024-03-12T10:30:26.998+0200] {processor.py:830} INFO - Processing file /Users/abatcoveanu/airflow/dags/dag_folder/my_new_dag_3/my_third_dag.py for tasks to queue
[2024-03-12T10:30:26.999+0200] {logging_mixin.py:188} INFO - [2024-03-12T10:30:26.999+0200] {dagbag.py:540} INFO - Filling up the DagBag from /Users/abatcoveanu/airflow/dags/dag_folder/my_new_dag_3/my_third_dag.py
[2024-03-12T10:30:27.004+0200] {processor.py:840} INFO - DAG(s) 'dag_id_2' retrieved from /Users/abatcoveanu/airflow/dags/dag_folder/my_new_dag_3/my_third_dag.py
[2024-03-12T10:30:27.013+0200] {logging_mixin.py:188} INFO - [2024-03-12T10:30:27.013+0200] {dag.py:3047} INFO - Sync 1 DAGs
[2024-03-12T10:30:27.090+0200] {logging_mixin.py:188} INFO - [2024-03-12T10:30:27.090+0200] {dag.py:3834} INFO - Setting next_dagrun for dag_id_2 to None, run_after=None
[2024-03-12T10:30:27.143+0200] {processor.py:183} INFO - Processing /Users/abatcoveanu/airflow/dags/dag_folder/my_new_dag_3/my_third_dag.py took 0.147 seconds
[2024-03-12T10:32:15.857+0200] {processor.py:161} INFO - Started process (PID=4420) to work on /Users/abatcoveanu/airflow/dags/dag_folder/my_new_dag_3/my_third_dag.py
[2024-03-12T10:32:15.858+0200] {processor.py:830} INFO - Processing file /Users/abatcoveanu/airflow/dags/dag_folder/my_new_dag_3/my_third_dag.py for tasks to queue
[2024-03-12T10:32:15.859+0200] {logging_mixin.py:188} INFO - [2024-03-12T10:32:15.858+0200] {dagbag.py:540} INFO - Filling up the DagBag from /Users/abatcoveanu/airflow/dags/dag_folder/my_new_dag_3/my_third_dag.py
[2024-03-12T10:32:15.865+0200] {processor.py:840} INFO - DAG(s) 'dag_id_2' retrieved from /Users/abatcoveanu/airflow/dags/dag_folder/my_new_dag_3/my_third_dag.py
[2024-03-12T10:32:15.876+0200] {logging_mixin.py:188} INFO - [2024-03-12T10:32:15.876+0200] {dag.py:3047} INFO - Sync 1 DAGs
[2024-03-12T10:32:15.960+0200] {logging_mixin.py:188} INFO - [2024-03-12T10:32:15.960+0200] {dag.py:3834} INFO - Setting next_dagrun for dag_id_2 to None, run_after=None
[2024-03-12T10:32:16.018+0200] {processor.py:183} INFO - Processing /Users/abatcoveanu/airflow/dags/dag_folder/my_new_dag_3/my_third_dag.py took 0.162 seconds
[2024-03-12T10:34:07.441+0200] {processor.py:161} INFO - Started process (PID=4577) to work on /Users/abatcoveanu/airflow/dags/dag_folder/my_new_dag_3/my_third_dag.py
[2024-03-12T10:34:07.443+0200] {processor.py:830} INFO - Processing file /Users/abatcoveanu/airflow/dags/dag_folder/my_new_dag_3/my_third_dag.py for tasks to queue
[2024-03-12T10:34:07.444+0200] {logging_mixin.py:188} INFO - [2024-03-12T10:34:07.444+0200] {dagbag.py:540} INFO - Filling up the DagBag from /Users/abatcoveanu/airflow/dags/dag_folder/my_new_dag_3/my_third_dag.py
[2024-03-12T10:34:07.451+0200] {processor.py:840} INFO - DAG(s) 'dag_id_2' retrieved from /Users/abatcoveanu/airflow/dags/dag_folder/my_new_dag_3/my_third_dag.py
[2024-03-12T10:34:07.461+0200] {logging_mixin.py:188} INFO - [2024-03-12T10:34:07.461+0200] {dag.py:3047} INFO - Sync 1 DAGs
[2024-03-12T10:34:07.536+0200] {logging_mixin.py:188} INFO - [2024-03-12T10:34:07.536+0200] {dag.py:3834} INFO - Setting next_dagrun for dag_id_2 to None, run_after=None
[2024-03-12T10:34:07.588+0200] {processor.py:183} INFO - Processing /Users/abatcoveanu/airflow/dags/dag_folder/my_new_dag_3/my_third_dag.py took 0.148 seconds
[2024-03-12T10:36:02.085+0200] {processor.py:161} INFO - Started process (PID=4706) to work on /Users/abatcoveanu/airflow/dags/dag_folder/my_new_dag_3/my_third_dag.py
[2024-03-12T10:36:02.086+0200] {processor.py:830} INFO - Processing file /Users/abatcoveanu/airflow/dags/dag_folder/my_new_dag_3/my_third_dag.py for tasks to queue
[2024-03-12T10:36:02.087+0200] {logging_mixin.py:188} INFO - [2024-03-12T10:36:02.087+0200] {dagbag.py:540} INFO - Filling up the DagBag from /Users/abatcoveanu/airflow/dags/dag_folder/my_new_dag_3/my_third_dag.py
[2024-03-12T10:36:02.093+0200] {processor.py:840} INFO - DAG(s) 'dag_id_2' retrieved from /Users/abatcoveanu/airflow/dags/dag_folder/my_new_dag_3/my_third_dag.py
[2024-03-12T10:36:02.103+0200] {logging_mixin.py:188} INFO - [2024-03-12T10:36:02.103+0200] {dag.py:3047} INFO - Sync 1 DAGs
[2024-03-12T10:36:02.181+0200] {logging_mixin.py:188} INFO - [2024-03-12T10:36:02.181+0200] {dag.py:3834} INFO - Setting next_dagrun for dag_id_2 to None, run_after=None
[2024-03-12T10:36:02.234+0200] {processor.py:183} INFO - Processing /Users/abatcoveanu/airflow/dags/dag_folder/my_new_dag_3/my_third_dag.py took 0.150 seconds
[2024-03-12T10:37:54.362+0200] {processor.py:161} INFO - Started process (PID=4854) to work on /Users/abatcoveanu/airflow/dags/dag_folder/my_new_dag_3/my_third_dag.py
[2024-03-12T10:37:54.363+0200] {processor.py:830} INFO - Processing file /Users/abatcoveanu/airflow/dags/dag_folder/my_new_dag_3/my_third_dag.py for tasks to queue
[2024-03-12T10:37:54.363+0200] {logging_mixin.py:188} INFO - [2024-03-12T10:37:54.363+0200] {dagbag.py:540} INFO - Filling up the DagBag from /Users/abatcoveanu/airflow/dags/dag_folder/my_new_dag_3/my_third_dag.py
[2024-03-12T10:37:54.370+0200] {processor.py:840} INFO - DAG(s) 'dag_id_2' retrieved from /Users/abatcoveanu/airflow/dags/dag_folder/my_new_dag_3/my_third_dag.py
[2024-03-12T10:37:54.380+0200] {logging_mixin.py:188} INFO - [2024-03-12T10:37:54.380+0200] {dag.py:3047} INFO - Sync 1 DAGs
[2024-03-12T10:37:54.456+0200] {logging_mixin.py:188} INFO - [2024-03-12T10:37:54.456+0200] {dag.py:3834} INFO - Setting next_dagrun for dag_id_2 to None, run_after=None
[2024-03-12T10:37:54.507+0200] {processor.py:183} INFO - Processing /Users/abatcoveanu/airflow/dags/dag_folder/my_new_dag_3/my_third_dag.py took 0.146 seconds
[2024-03-12T10:39:46.463+0200] {processor.py:161} INFO - Started process (PID=4987) to work on /Users/abatcoveanu/airflow/dags/dag_folder/my_new_dag_3/my_third_dag.py
[2024-03-12T10:39:46.464+0200] {processor.py:830} INFO - Processing file /Users/abatcoveanu/airflow/dags/dag_folder/my_new_dag_3/my_third_dag.py for tasks to queue
[2024-03-12T10:39:46.464+0200] {logging_mixin.py:188} INFO - [2024-03-12T10:39:46.464+0200] {dagbag.py:540} INFO - Filling up the DagBag from /Users/abatcoveanu/airflow/dags/dag_folder/my_new_dag_3/my_third_dag.py
[2024-03-12T10:39:46.471+0200] {processor.py:840} INFO - DAG(s) 'dag_id_2' retrieved from /Users/abatcoveanu/airflow/dags/dag_folder/my_new_dag_3/my_third_dag.py
[2024-03-12T10:39:46.482+0200] {logging_mixin.py:188} INFO - [2024-03-12T10:39:46.481+0200] {dag.py:3047} INFO - Sync 1 DAGs
[2024-03-12T10:39:46.566+0200] {logging_mixin.py:188} INFO - [2024-03-12T10:39:46.566+0200] {dag.py:3834} INFO - Setting next_dagrun for dag_id_2 to None, run_after=None
[2024-03-12T10:39:46.621+0200] {processor.py:183} INFO - Processing /Users/abatcoveanu/airflow/dags/dag_folder/my_new_dag_3/my_third_dag.py took 0.160 seconds
[2024-03-12T10:41:30.594+0200] {processor.py:161} INFO - Started process (PID=5099) to work on /Users/abatcoveanu/airflow/dags/dag_folder/my_new_dag_3/my_third_dag.py
[2024-03-12T10:41:30.595+0200] {processor.py:830} INFO - Processing file /Users/abatcoveanu/airflow/dags/dag_folder/my_new_dag_3/my_third_dag.py for tasks to queue
[2024-03-12T10:41:30.595+0200] {logging_mixin.py:188} INFO - [2024-03-12T10:41:30.595+0200] {dagbag.py:540} INFO - Filling up the DagBag from /Users/abatcoveanu/airflow/dags/dag_folder/my_new_dag_3/my_third_dag.py
[2024-03-12T10:41:30.602+0200] {processor.py:840} INFO - DAG(s) 'dag_id_2' retrieved from /Users/abatcoveanu/airflow/dags/dag_folder/my_new_dag_3/my_third_dag.py
[2024-03-12T10:41:30.613+0200] {logging_mixin.py:188} INFO - [2024-03-12T10:41:30.612+0200] {dag.py:3047} INFO - Sync 1 DAGs
[2024-03-12T10:41:30.690+0200] {logging_mixin.py:188} INFO - [2024-03-12T10:41:30.690+0200] {dag.py:3834} INFO - Setting next_dagrun for dag_id_2 to None, run_after=None
[2024-03-12T10:41:30.742+0200] {processor.py:183} INFO - Processing /Users/abatcoveanu/airflow/dags/dag_folder/my_new_dag_3/my_third_dag.py took 0.150 seconds
[2024-03-12T10:43:15.112+0200] {processor.py:161} INFO - Started process (PID=5234) to work on /Users/abatcoveanu/airflow/dags/dag_folder/my_new_dag_3/my_third_dag.py
[2024-03-12T10:43:15.113+0200] {processor.py:830} INFO - Processing file /Users/abatcoveanu/airflow/dags/dag_folder/my_new_dag_3/my_third_dag.py for tasks to queue
[2024-03-12T10:43:15.113+0200] {logging_mixin.py:188} INFO - [2024-03-12T10:43:15.113+0200] {dagbag.py:540} INFO - Filling up the DagBag from /Users/abatcoveanu/airflow/dags/dag_folder/my_new_dag_3/my_third_dag.py
[2024-03-12T10:43:15.119+0200] {processor.py:840} INFO - DAG(s) 'dag_id_2' retrieved from /Users/abatcoveanu/airflow/dags/dag_folder/my_new_dag_3/my_third_dag.py
[2024-03-12T10:43:15.129+0200] {logging_mixin.py:188} INFO - [2024-03-12T10:43:15.129+0200] {dag.py:3047} INFO - Sync 1 DAGs
[2024-03-12T10:43:15.204+0200] {logging_mixin.py:188} INFO - [2024-03-12T10:43:15.204+0200] {dag.py:3834} INFO - Setting next_dagrun for dag_id_2 to None, run_after=None
[2024-03-12T10:43:15.271+0200] {processor.py:183} INFO - Processing /Users/abatcoveanu/airflow/dags/dag_folder/my_new_dag_3/my_third_dag.py took 0.160 seconds
[2024-03-12T10:45:10.208+0200] {processor.py:161} INFO - Started process (PID=5359) to work on /Users/abatcoveanu/airflow/dags/dag_folder/my_new_dag_3/my_third_dag.py
[2024-03-12T10:45:10.209+0200] {processor.py:830} INFO - Processing file /Users/abatcoveanu/airflow/dags/dag_folder/my_new_dag_3/my_third_dag.py for tasks to queue
[2024-03-12T10:45:10.209+0200] {logging_mixin.py:188} INFO - [2024-03-12T10:45:10.209+0200] {dagbag.py:540} INFO - Filling up the DagBag from /Users/abatcoveanu/airflow/dags/dag_folder/my_new_dag_3/my_third_dag.py
[2024-03-12T10:45:10.216+0200] {processor.py:840} INFO - DAG(s) 'dag_id_2' retrieved from /Users/abatcoveanu/airflow/dags/dag_folder/my_new_dag_3/my_third_dag.py
[2024-03-12T10:45:10.227+0200] {logging_mixin.py:188} INFO - [2024-03-12T10:45:10.226+0200] {dag.py:3047} INFO - Sync 1 DAGs
[2024-03-12T10:45:10.304+0200] {logging_mixin.py:188} INFO - [2024-03-12T10:45:10.304+0200] {dag.py:3834} INFO - Setting next_dagrun for dag_id_2 to None, run_after=None
[2024-03-12T10:45:10.358+0200] {processor.py:183} INFO - Processing /Users/abatcoveanu/airflow/dags/dag_folder/my_new_dag_3/my_third_dag.py took 0.151 seconds
[2024-03-12T10:47:00.870+0200] {processor.py:161} INFO - Started process (PID=5492) to work on /Users/abatcoveanu/airflow/dags/dag_folder/my_new_dag_3/my_third_dag.py
[2024-03-12T10:47:00.870+0200] {processor.py:830} INFO - Processing file /Users/abatcoveanu/airflow/dags/dag_folder/my_new_dag_3/my_third_dag.py for tasks to queue
[2024-03-12T10:47:00.871+0200] {logging_mixin.py:188} INFO - [2024-03-12T10:47:00.871+0200] {dagbag.py:540} INFO - Filling up the DagBag from /Users/abatcoveanu/airflow/dags/dag_folder/my_new_dag_3/my_third_dag.py
[2024-03-12T10:47:00.877+0200] {processor.py:840} INFO - DAG(s) 'dag_id_2' retrieved from /Users/abatcoveanu/airflow/dags/dag_folder/my_new_dag_3/my_third_dag.py
[2024-03-12T10:47:00.888+0200] {logging_mixin.py:188} INFO - [2024-03-12T10:47:00.887+0200] {dag.py:3047} INFO - Sync 1 DAGs
[2024-03-12T10:47:00.964+0200] {logging_mixin.py:188} INFO - [2024-03-12T10:47:00.964+0200] {dag.py:3834} INFO - Setting next_dagrun for dag_id_2 to None, run_after=None
[2024-03-12T10:47:01.024+0200] {processor.py:183} INFO - Processing /Users/abatcoveanu/airflow/dags/dag_folder/my_new_dag_3/my_third_dag.py took 0.155 seconds
[2024-03-12T10:48:49.236+0200] {processor.py:161} INFO - Started process (PID=5625) to work on /Users/abatcoveanu/airflow/dags/dag_folder/my_new_dag_3/my_third_dag.py
[2024-03-12T10:48:49.237+0200] {processor.py:830} INFO - Processing file /Users/abatcoveanu/airflow/dags/dag_folder/my_new_dag_3/my_third_dag.py for tasks to queue
[2024-03-12T10:48:49.238+0200] {logging_mixin.py:188} INFO - [2024-03-12T10:48:49.237+0200] {dagbag.py:540} INFO - Filling up the DagBag from /Users/abatcoveanu/airflow/dags/dag_folder/my_new_dag_3/my_third_dag.py
[2024-03-12T10:48:49.244+0200] {processor.py:840} INFO - DAG(s) 'dag_id_2' retrieved from /Users/abatcoveanu/airflow/dags/dag_folder/my_new_dag_3/my_third_dag.py
[2024-03-12T10:48:49.254+0200] {logging_mixin.py:188} INFO - [2024-03-12T10:48:49.254+0200] {dag.py:3047} INFO - Sync 1 DAGs
[2024-03-12T10:48:49.329+0200] {logging_mixin.py:188} INFO - [2024-03-12T10:48:49.329+0200] {dag.py:3834} INFO - Setting next_dagrun for dag_id_2 to None, run_after=None
[2024-03-12T10:48:49.381+0200] {processor.py:183} INFO - Processing /Users/abatcoveanu/airflow/dags/dag_folder/my_new_dag_3/my_third_dag.py took 0.146 seconds
[2024-03-12T10:50:42.597+0200] {processor.py:161} INFO - Started process (PID=5744) to work on /Users/abatcoveanu/airflow/dags/dag_folder/my_new_dag_3/my_third_dag.py
[2024-03-12T10:50:42.599+0200] {processor.py:830} INFO - Processing file /Users/abatcoveanu/airflow/dags/dag_folder/my_new_dag_3/my_third_dag.py for tasks to queue
[2024-03-12T10:50:42.599+0200] {logging_mixin.py:188} INFO - [2024-03-12T10:50:42.599+0200] {dagbag.py:540} INFO - Filling up the DagBag from /Users/abatcoveanu/airflow/dags/dag_folder/my_new_dag_3/my_third_dag.py
[2024-03-12T10:50:42.606+0200] {processor.py:840} INFO - DAG(s) 'dag_id_2' retrieved from /Users/abatcoveanu/airflow/dags/dag_folder/my_new_dag_3/my_third_dag.py
[2024-03-12T10:50:42.617+0200] {logging_mixin.py:188} INFO - [2024-03-12T10:50:42.617+0200] {dag.py:3047} INFO - Sync 1 DAGs
[2024-03-12T10:50:42.705+0200] {logging_mixin.py:188} INFO - [2024-03-12T10:50:42.705+0200] {dag.py:3834} INFO - Setting next_dagrun for dag_id_2 to None, run_after=None
[2024-03-12T10:50:42.763+0200] {processor.py:183} INFO - Processing /Users/abatcoveanu/airflow/dags/dag_folder/my_new_dag_3/my_third_dag.py took 0.168 seconds
[2024-03-12T10:52:35.961+0200] {processor.py:161} INFO - Started process (PID=5861) to work on /Users/abatcoveanu/airflow/dags/dag_folder/my_new_dag_3/my_third_dag.py
[2024-03-12T10:52:35.962+0200] {processor.py:830} INFO - Processing file /Users/abatcoveanu/airflow/dags/dag_folder/my_new_dag_3/my_third_dag.py for tasks to queue
[2024-03-12T10:52:35.962+0200] {logging_mixin.py:188} INFO - [2024-03-12T10:52:35.962+0200] {dagbag.py:540} INFO - Filling up the DagBag from /Users/abatcoveanu/airflow/dags/dag_folder/my_new_dag_3/my_third_dag.py
[2024-03-12T10:52:35.968+0200] {processor.py:840} INFO - DAG(s) 'dag_id_2' retrieved from /Users/abatcoveanu/airflow/dags/dag_folder/my_new_dag_3/my_third_dag.py
[2024-03-12T10:52:35.976+0200] {logging_mixin.py:188} INFO - [2024-03-12T10:52:35.976+0200] {dag.py:3047} INFO - Sync 1 DAGs
[2024-03-12T10:52:36.045+0200] {logging_mixin.py:188} INFO - [2024-03-12T10:52:36.045+0200] {dag.py:3834} INFO - Setting next_dagrun for dag_id_2 to None, run_after=None
[2024-03-12T10:52:36.095+0200] {processor.py:183} INFO - Processing /Users/abatcoveanu/airflow/dags/dag_folder/my_new_dag_3/my_third_dag.py took 0.135 seconds
[2024-03-12T10:54:21.653+0200] {processor.py:161} INFO - Started process (PID=5984) to work on /Users/abatcoveanu/airflow/dags/dag_folder/my_new_dag_3/my_third_dag.py
[2024-03-12T10:54:21.654+0200] {processor.py:830} INFO - Processing file /Users/abatcoveanu/airflow/dags/dag_folder/my_new_dag_3/my_third_dag.py for tasks to queue
[2024-03-12T10:54:21.655+0200] {logging_mixin.py:188} INFO - [2024-03-12T10:54:21.655+0200] {dagbag.py:540} INFO - Filling up the DagBag from /Users/abatcoveanu/airflow/dags/dag_folder/my_new_dag_3/my_third_dag.py
[2024-03-12T10:54:21.661+0200] {processor.py:840} INFO - DAG(s) 'dag_id_2' retrieved from /Users/abatcoveanu/airflow/dags/dag_folder/my_new_dag_3/my_third_dag.py
[2024-03-12T10:54:21.672+0200] {logging_mixin.py:188} INFO - [2024-03-12T10:54:21.672+0200] {dag.py:3047} INFO - Sync 1 DAGs
[2024-03-12T10:54:21.754+0200] {logging_mixin.py:188} INFO - [2024-03-12T10:54:21.754+0200] {dag.py:3834} INFO - Setting next_dagrun for dag_id_2 to None, run_after=None
[2024-03-12T10:54:21.808+0200] {processor.py:183} INFO - Processing /Users/abatcoveanu/airflow/dags/dag_folder/my_new_dag_3/my_third_dag.py took 0.156 seconds
[2024-03-12T10:56:08.466+0200] {processor.py:161} INFO - Started process (PID=6110) to work on /Users/abatcoveanu/airflow/dags/dag_folder/my_new_dag_3/my_third_dag.py
[2024-03-12T10:56:08.467+0200] {processor.py:830} INFO - Processing file /Users/abatcoveanu/airflow/dags/dag_folder/my_new_dag_3/my_third_dag.py for tasks to queue
[2024-03-12T10:56:08.467+0200] {logging_mixin.py:188} INFO - [2024-03-12T10:56:08.467+0200] {dagbag.py:540} INFO - Filling up the DagBag from /Users/abatcoveanu/airflow/dags/dag_folder/my_new_dag_3/my_third_dag.py
[2024-03-12T10:56:08.473+0200] {processor.py:840} INFO - DAG(s) 'dag_id_2' retrieved from /Users/abatcoveanu/airflow/dags/dag_folder/my_new_dag_3/my_third_dag.py
[2024-03-12T10:56:08.484+0200] {logging_mixin.py:188} INFO - [2024-03-12T10:56:08.484+0200] {dag.py:3047} INFO - Sync 1 DAGs
[2024-03-12T10:56:08.565+0200] {logging_mixin.py:188} INFO - [2024-03-12T10:56:08.565+0200] {dag.py:3834} INFO - Setting next_dagrun for dag_id_2 to None, run_after=None
[2024-03-12T10:56:08.620+0200] {processor.py:183} INFO - Processing /Users/abatcoveanu/airflow/dags/dag_folder/my_new_dag_3/my_third_dag.py took 0.155 seconds
[2024-03-12T10:58:03.420+0200] {processor.py:161} INFO - Started process (PID=6268) to work on /Users/abatcoveanu/airflow/dags/dag_folder/my_new_dag_3/my_third_dag.py
[2024-03-12T10:58:03.421+0200] {processor.py:830} INFO - Processing file /Users/abatcoveanu/airflow/dags/dag_folder/my_new_dag_3/my_third_dag.py for tasks to queue
[2024-03-12T10:58:03.421+0200] {logging_mixin.py:188} INFO - [2024-03-12T10:58:03.421+0200] {dagbag.py:540} INFO - Filling up the DagBag from /Users/abatcoveanu/airflow/dags/dag_folder/my_new_dag_3/my_third_dag.py
[2024-03-12T10:58:03.427+0200] {processor.py:840} INFO - DAG(s) 'dag_id_2' retrieved from /Users/abatcoveanu/airflow/dags/dag_folder/my_new_dag_3/my_third_dag.py
[2024-03-12T10:58:03.436+0200] {logging_mixin.py:188} INFO - [2024-03-12T10:58:03.436+0200] {dag.py:3047} INFO - Sync 1 DAGs
[2024-03-12T10:58:03.510+0200] {logging_mixin.py:188} INFO - [2024-03-12T10:58:03.510+0200] {dag.py:3834} INFO - Setting next_dagrun for dag_id_2 to None, run_after=None
[2024-03-12T10:58:03.564+0200] {processor.py:183} INFO - Processing /Users/abatcoveanu/airflow/dags/dag_folder/my_new_dag_3/my_third_dag.py took 0.145 seconds
[2024-03-12T10:59:52.417+0200] {processor.py:161} INFO - Started process (PID=6394) to work on /Users/abatcoveanu/airflow/dags/dag_folder/my_new_dag_3/my_third_dag.py
[2024-03-12T10:59:52.418+0200] {processor.py:830} INFO - Processing file /Users/abatcoveanu/airflow/dags/dag_folder/my_new_dag_3/my_third_dag.py for tasks to queue
[2024-03-12T10:59:52.418+0200] {logging_mixin.py:188} INFO - [2024-03-12T10:59:52.418+0200] {dagbag.py:540} INFO - Filling up the DagBag from /Users/abatcoveanu/airflow/dags/dag_folder/my_new_dag_3/my_third_dag.py
[2024-03-12T10:59:52.424+0200] {processor.py:840} INFO - DAG(s) 'dag_id_2' retrieved from /Users/abatcoveanu/airflow/dags/dag_folder/my_new_dag_3/my_third_dag.py
[2024-03-12T10:59:52.433+0200] {logging_mixin.py:188} INFO - [2024-03-12T10:59:52.432+0200] {dag.py:3047} INFO - Sync 1 DAGs
[2024-03-12T10:59:52.505+0200] {logging_mixin.py:188} INFO - [2024-03-12T10:59:52.505+0200] {dag.py:3834} INFO - Setting next_dagrun for dag_id_2 to None, run_after=None
[2024-03-12T10:59:52.559+0200] {processor.py:183} INFO - Processing /Users/abatcoveanu/airflow/dags/dag_folder/my_new_dag_3/my_third_dag.py took 0.143 seconds
[2024-03-12T11:01:42.176+0200] {processor.py:161} INFO - Started process (PID=6512) to work on /Users/abatcoveanu/airflow/dags/dag_folder/my_new_dag_3/my_third_dag.py
[2024-03-12T11:01:42.177+0200] {processor.py:830} INFO - Processing file /Users/abatcoveanu/airflow/dags/dag_folder/my_new_dag_3/my_third_dag.py for tasks to queue
[2024-03-12T11:01:42.177+0200] {logging_mixin.py:188} INFO - [2024-03-12T11:01:42.177+0200] {dagbag.py:540} INFO - Filling up the DagBag from /Users/abatcoveanu/airflow/dags/dag_folder/my_new_dag_3/my_third_dag.py
[2024-03-12T11:01:42.184+0200] {processor.py:840} INFO - DAG(s) 'dag_id_2' retrieved from /Users/abatcoveanu/airflow/dags/dag_folder/my_new_dag_3/my_third_dag.py
[2024-03-12T11:01:42.195+0200] {logging_mixin.py:188} INFO - [2024-03-12T11:01:42.194+0200] {dag.py:3047} INFO - Sync 1 DAGs
[2024-03-12T11:01:42.272+0200] {logging_mixin.py:188} INFO - [2024-03-12T11:01:42.272+0200] {dag.py:3834} INFO - Setting next_dagrun for dag_id_2 to None, run_after=None
[2024-03-12T11:01:42.326+0200] {processor.py:183} INFO - Processing /Users/abatcoveanu/airflow/dags/dag_folder/my_new_dag_3/my_third_dag.py took 0.151 seconds
[2024-03-12T11:03:29.022+0200] {processor.py:161} INFO - Started process (PID=6633) to work on /Users/abatcoveanu/airflow/dags/dag_folder/my_new_dag_3/my_third_dag.py
[2024-03-12T11:03:29.023+0200] {processor.py:830} INFO - Processing file /Users/abatcoveanu/airflow/dags/dag_folder/my_new_dag_3/my_third_dag.py for tasks to queue
[2024-03-12T11:03:29.023+0200] {logging_mixin.py:188} INFO - [2024-03-12T11:03:29.023+0200] {dagbag.py:540} INFO - Filling up the DagBag from /Users/abatcoveanu/airflow/dags/dag_folder/my_new_dag_3/my_third_dag.py
[2024-03-12T11:03:29.030+0200] {processor.py:840} INFO - DAG(s) 'dag_id_2' retrieved from /Users/abatcoveanu/airflow/dags/dag_folder/my_new_dag_3/my_third_dag.py
[2024-03-12T11:03:29.041+0200] {logging_mixin.py:188} INFO - [2024-03-12T11:03:29.041+0200] {dag.py:3047} INFO - Sync 1 DAGs
[2024-03-12T11:03:29.123+0200] {logging_mixin.py:188} INFO - [2024-03-12T11:03:29.123+0200] {dag.py:3834} INFO - Setting next_dagrun for dag_id_2 to None, run_after=None
[2024-03-12T11:03:29.181+0200] {processor.py:183} INFO - Processing /Users/abatcoveanu/airflow/dags/dag_folder/my_new_dag_3/my_third_dag.py took 0.160 seconds
[2024-03-12T11:05:22.111+0200] {processor.py:161} INFO - Started process (PID=6783) to work on /Users/abatcoveanu/airflow/dags/dag_folder/my_new_dag_3/my_third_dag.py
[2024-03-12T11:05:22.112+0200] {processor.py:830} INFO - Processing file /Users/abatcoveanu/airflow/dags/dag_folder/my_new_dag_3/my_third_dag.py for tasks to queue
[2024-03-12T11:05:22.112+0200] {logging_mixin.py:188} INFO - [2024-03-12T11:05:22.112+0200] {dagbag.py:540} INFO - Filling up the DagBag from /Users/abatcoveanu/airflow/dags/dag_folder/my_new_dag_3/my_third_dag.py
[2024-03-12T11:05:22.118+0200] {processor.py:840} INFO - DAG(s) 'dag_id_2' retrieved from /Users/abatcoveanu/airflow/dags/dag_folder/my_new_dag_3/my_third_dag.py
[2024-03-12T11:05:22.128+0200] {logging_mixin.py:188} INFO - [2024-03-12T11:05:22.128+0200] {dag.py:3047} INFO - Sync 1 DAGs
[2024-03-12T11:05:22.203+0200] {logging_mixin.py:188} INFO - [2024-03-12T11:05:22.203+0200] {dag.py:3834} INFO - Setting next_dagrun for dag_id_2 to None, run_after=None
[2024-03-12T11:05:22.259+0200] {processor.py:183} INFO - Processing /Users/abatcoveanu/airflow/dags/dag_folder/my_new_dag_3/my_third_dag.py took 0.149 seconds
[2024-03-12T11:07:22.057+0200] {processor.py:161} INFO - Started process (PID=6938) to work on /Users/abatcoveanu/airflow/dags/dag_folder/my_new_dag_3/my_third_dag.py
[2024-03-12T11:07:22.058+0200] {processor.py:830} INFO - Processing file /Users/abatcoveanu/airflow/dags/dag_folder/my_new_dag_3/my_third_dag.py for tasks to queue
[2024-03-12T11:07:22.059+0200] {logging_mixin.py:188} INFO - [2024-03-12T11:07:22.059+0200] {dagbag.py:540} INFO - Filling up the DagBag from /Users/abatcoveanu/airflow/dags/dag_folder/my_new_dag_3/my_third_dag.py
[2024-03-12T11:07:22.066+0200] {processor.py:840} INFO - DAG(s) 'dag_id_2' retrieved from /Users/abatcoveanu/airflow/dags/dag_folder/my_new_dag_3/my_third_dag.py
[2024-03-12T11:07:22.077+0200] {logging_mixin.py:188} INFO - [2024-03-12T11:07:22.077+0200] {dag.py:3047} INFO - Sync 1 DAGs
[2024-03-12T11:07:22.156+0200] {logging_mixin.py:188} INFO - [2024-03-12T11:07:22.156+0200] {dag.py:3834} INFO - Setting next_dagrun for dag_id_2 to None, run_after=None
[2024-03-12T11:07:22.210+0200] {processor.py:183} INFO - Processing /Users/abatcoveanu/airflow/dags/dag_folder/my_new_dag_3/my_third_dag.py took 0.154 seconds
[2024-03-12T11:09:28.517+0200] {processor.py:161} INFO - Started process (PID=7088) to work on /Users/abatcoveanu/airflow/dags/dag_folder/my_new_dag_3/my_third_dag.py
[2024-03-12T11:09:28.518+0200] {processor.py:830} INFO - Processing file /Users/abatcoveanu/airflow/dags/dag_folder/my_new_dag_3/my_third_dag.py for tasks to queue
[2024-03-12T11:09:28.518+0200] {logging_mixin.py:188} INFO - [2024-03-12T11:09:28.518+0200] {dagbag.py:540} INFO - Filling up the DagBag from /Users/abatcoveanu/airflow/dags/dag_folder/my_new_dag_3/my_third_dag.py
[2024-03-12T11:09:28.523+0200] {processor.py:840} INFO - DAG(s) 'dag_id_2' retrieved from /Users/abatcoveanu/airflow/dags/dag_folder/my_new_dag_3/my_third_dag.py
[2024-03-12T11:09:28.532+0200] {logging_mixin.py:188} INFO - [2024-03-12T11:09:28.532+0200] {dag.py:3047} INFO - Sync 1 DAGs
[2024-03-12T11:09:28.603+0200] {logging_mixin.py:188} INFO - [2024-03-12T11:09:28.603+0200] {dag.py:3834} INFO - Setting next_dagrun for dag_id_2 to None, run_after=None
[2024-03-12T11:09:28.656+0200] {processor.py:183} INFO - Processing /Users/abatcoveanu/airflow/dags/dag_folder/my_new_dag_3/my_third_dag.py took 0.140 seconds
[2024-03-12T11:11:20.884+0200] {processor.py:161} INFO - Started process (PID=7203) to work on /Users/abatcoveanu/airflow/dags/dag_folder/my_new_dag_3/my_third_dag.py
[2024-03-12T11:11:20.886+0200] {processor.py:830} INFO - Processing file /Users/abatcoveanu/airflow/dags/dag_folder/my_new_dag_3/my_third_dag.py for tasks to queue
[2024-03-12T11:11:20.886+0200] {logging_mixin.py:188} INFO - [2024-03-12T11:11:20.886+0200] {dagbag.py:540} INFO - Filling up the DagBag from /Users/abatcoveanu/airflow/dags/dag_folder/my_new_dag_3/my_third_dag.py
[2024-03-12T11:11:20.892+0200] {processor.py:840} INFO - DAG(s) 'dag_id_2' retrieved from /Users/abatcoveanu/airflow/dags/dag_folder/my_new_dag_3/my_third_dag.py
[2024-03-12T11:11:20.903+0200] {logging_mixin.py:188} INFO - [2024-03-12T11:11:20.903+0200] {dag.py:3047} INFO - Sync 1 DAGs
[2024-03-12T11:11:20.985+0200] {logging_mixin.py:188} INFO - [2024-03-12T11:11:20.985+0200] {dag.py:3834} INFO - Setting next_dagrun for dag_id_2 to None, run_after=None
[2024-03-12T11:11:21.037+0200] {processor.py:183} INFO - Processing /Users/abatcoveanu/airflow/dags/dag_folder/my_new_dag_3/my_third_dag.py took 0.155 seconds
[2024-03-12T11:13:12.005+0200] {processor.py:161} INFO - Started process (PID=7326) to work on /Users/abatcoveanu/airflow/dags/dag_folder/my_new_dag_3/my_third_dag.py
[2024-03-12T11:13:12.005+0200] {processor.py:830} INFO - Processing file /Users/abatcoveanu/airflow/dags/dag_folder/my_new_dag_3/my_third_dag.py for tasks to queue
[2024-03-12T11:13:12.006+0200] {logging_mixin.py:188} INFO - [2024-03-12T11:13:12.006+0200] {dagbag.py:540} INFO - Filling up the DagBag from /Users/abatcoveanu/airflow/dags/dag_folder/my_new_dag_3/my_third_dag.py
[2024-03-12T11:13:12.012+0200] {processor.py:840} INFO - DAG(s) 'dag_id_2' retrieved from /Users/abatcoveanu/airflow/dags/dag_folder/my_new_dag_3/my_third_dag.py
[2024-03-12T11:13:12.023+0200] {logging_mixin.py:188} INFO - [2024-03-12T11:13:12.023+0200] {dag.py:3047} INFO - Sync 1 DAGs
[2024-03-12T11:13:12.101+0200] {logging_mixin.py:188} INFO - [2024-03-12T11:13:12.101+0200] {dag.py:3834} INFO - Setting next_dagrun for dag_id_2 to None, run_after=None
[2024-03-12T11:13:12.168+0200] {processor.py:183} INFO - Processing /Users/abatcoveanu/airflow/dags/dag_folder/my_new_dag_3/my_third_dag.py took 0.165 seconds
[2024-03-12T11:15:09.626+0200] {processor.py:161} INFO - Started process (PID=7457) to work on /Users/abatcoveanu/airflow/dags/dag_folder/my_new_dag_3/my_third_dag.py
[2024-03-12T11:15:09.627+0200] {processor.py:830} INFO - Processing file /Users/abatcoveanu/airflow/dags/dag_folder/my_new_dag_3/my_third_dag.py for tasks to queue
[2024-03-12T11:15:09.628+0200] {logging_mixin.py:188} INFO - [2024-03-12T11:15:09.628+0200] {dagbag.py:540} INFO - Filling up the DagBag from /Users/abatcoveanu/airflow/dags/dag_folder/my_new_dag_3/my_third_dag.py
[2024-03-12T11:15:09.635+0200] {processor.py:840} INFO - DAG(s) 'dag_id_2' retrieved from /Users/abatcoveanu/airflow/dags/dag_folder/my_new_dag_3/my_third_dag.py
[2024-03-12T11:15:09.646+0200] {logging_mixin.py:188} INFO - [2024-03-12T11:15:09.646+0200] {dag.py:3047} INFO - Sync 1 DAGs
[2024-03-12T11:15:09.726+0200] {logging_mixin.py:188} INFO - [2024-03-12T11:15:09.726+0200] {dag.py:3834} INFO - Setting next_dagrun for dag_id_2 to None, run_after=None
[2024-03-12T11:15:09.781+0200] {processor.py:183} INFO - Processing /Users/abatcoveanu/airflow/dags/dag_folder/my_new_dag_3/my_third_dag.py took 0.156 seconds
[2024-03-12T11:17:04.771+0200] {processor.py:161} INFO - Started process (PID=7597) to work on /Users/abatcoveanu/airflow/dags/dag_folder/my_new_dag_3/my_third_dag.py
[2024-03-12T11:17:04.773+0200] {processor.py:830} INFO - Processing file /Users/abatcoveanu/airflow/dags/dag_folder/my_new_dag_3/my_third_dag.py for tasks to queue
[2024-03-12T11:17:04.773+0200] {logging_mixin.py:188} INFO - [2024-03-12T11:17:04.773+0200] {dagbag.py:540} INFO - Filling up the DagBag from /Users/abatcoveanu/airflow/dags/dag_folder/my_new_dag_3/my_third_dag.py
[2024-03-12T11:17:04.781+0200] {processor.py:840} INFO - DAG(s) 'dag_id_2' retrieved from /Users/abatcoveanu/airflow/dags/dag_folder/my_new_dag_3/my_third_dag.py
[2024-03-12T11:17:04.791+0200] {logging_mixin.py:188} INFO - [2024-03-12T11:17:04.791+0200] {dag.py:3047} INFO - Sync 1 DAGs
[2024-03-12T11:17:04.877+0200] {logging_mixin.py:188} INFO - [2024-03-12T11:17:04.877+0200] {dag.py:3834} INFO - Setting next_dagrun for dag_id_2 to None, run_after=None
[2024-03-12T11:17:04.934+0200] {processor.py:183} INFO - Processing /Users/abatcoveanu/airflow/dags/dag_folder/my_new_dag_3/my_third_dag.py took 0.165 seconds
[2024-03-12T11:17:38.564+0200] {processor.py:161} INFO - Started process (PID=7714) to work on /Users/abatcoveanu/airflow/dags/dag_folder/my_new_dag_3/my_third_dag.py
[2024-03-12T11:17:38.565+0200] {processor.py:830} INFO - Processing file /Users/abatcoveanu/airflow/dags/dag_folder/my_new_dag_3/my_third_dag.py for tasks to queue
[2024-03-12T11:17:38.565+0200] {logging_mixin.py:188} INFO - [2024-03-12T11:17:38.565+0200] {dagbag.py:540} INFO - Filling up the DagBag from /Users/abatcoveanu/airflow/dags/dag_folder/my_new_dag_3/my_third_dag.py
[2024-03-12T11:17:38.571+0200] {processor.py:840} INFO - DAG(s) 'dag_id_2' retrieved from /Users/abatcoveanu/airflow/dags/dag_folder/my_new_dag_3/my_third_dag.py
[2024-03-12T11:17:38.813+0200] {logging_mixin.py:188} INFO - [2024-03-12T11:17:38.812+0200] {dag.py:3047} INFO - Sync 1 DAGs
[2024-03-12T11:17:38.821+0200] {logging_mixin.py:188} INFO - [2024-03-12T11:17:38.821+0200] {dag.py:3834} INFO - Setting next_dagrun for dag_id_2 to None, run_after=None
[2024-03-12T11:17:38.836+0200] {processor.py:183} INFO - Processing /Users/abatcoveanu/airflow/dags/dag_folder/my_new_dag_3/my_third_dag.py took 0.274 seconds
[2024-03-12T11:19:53.334+0200] {processor.py:161} INFO - Started process (PID=7862) to work on /Users/abatcoveanu/airflow/dags/dag_folder/my_new_dag_3/my_third_dag.py
[2024-03-12T11:19:53.335+0200] {processor.py:830} INFO - Processing file /Users/abatcoveanu/airflow/dags/dag_folder/my_new_dag_3/my_third_dag.py for tasks to queue
[2024-03-12T11:19:53.335+0200] {logging_mixin.py:188} INFO - [2024-03-12T11:19:53.335+0200] {dagbag.py:540} INFO - Filling up the DagBag from /Users/abatcoveanu/airflow/dags/dag_folder/my_new_dag_3/my_third_dag.py
[2024-03-12T11:19:53.340+0200] {processor.py:840} INFO - DAG(s) 'dag_id_2' retrieved from /Users/abatcoveanu/airflow/dags/dag_folder/my_new_dag_3/my_third_dag.py
[2024-03-12T11:19:53.349+0200] {logging_mixin.py:188} INFO - [2024-03-12T11:19:53.348+0200] {dag.py:3047} INFO - Sync 1 DAGs
[2024-03-12T11:19:53.430+0200] {logging_mixin.py:188} INFO - [2024-03-12T11:19:53.429+0200] {dag.py:3834} INFO - Setting next_dagrun for dag_id_2 to None, run_after=None
[2024-03-12T11:19:53.484+0200] {processor.py:183} INFO - Processing /Users/abatcoveanu/airflow/dags/dag_folder/my_new_dag_3/my_third_dag.py took 0.151 seconds
[2024-03-12T11:21:40.921+0200] {processor.py:161} INFO - Started process (PID=7998) to work on /Users/abatcoveanu/airflow/dags/dag_folder/my_new_dag_3/my_third_dag.py
[2024-03-12T11:21:40.922+0200] {processor.py:830} INFO - Processing file /Users/abatcoveanu/airflow/dags/dag_folder/my_new_dag_3/my_third_dag.py for tasks to queue
[2024-03-12T11:21:40.923+0200] {logging_mixin.py:188} INFO - [2024-03-12T11:21:40.923+0200] {dagbag.py:540} INFO - Filling up the DagBag from /Users/abatcoveanu/airflow/dags/dag_folder/my_new_dag_3/my_third_dag.py
[2024-03-12T11:21:40.929+0200] {processor.py:840} INFO - DAG(s) 'dag_id_2' retrieved from /Users/abatcoveanu/airflow/dags/dag_folder/my_new_dag_3/my_third_dag.py
[2024-03-12T11:21:40.939+0200] {logging_mixin.py:188} INFO - [2024-03-12T11:21:40.939+0200] {dag.py:3047} INFO - Sync 1 DAGs
[2024-03-12T11:21:41.013+0200] {logging_mixin.py:188} INFO - [2024-03-12T11:21:41.013+0200] {dag.py:3834} INFO - Setting next_dagrun for dag_id_2 to None, run_after=None
[2024-03-12T11:21:41.065+0200] {processor.py:183} INFO - Processing /Users/abatcoveanu/airflow/dags/dag_folder/my_new_dag_3/my_third_dag.py took 0.145 seconds
[2024-03-12T11:23:37.683+0200] {processor.py:161} INFO - Started process (PID=8117) to work on /Users/abatcoveanu/airflow/dags/dag_folder/my_new_dag_3/my_third_dag.py
[2024-03-12T11:23:37.684+0200] {processor.py:830} INFO - Processing file /Users/abatcoveanu/airflow/dags/dag_folder/my_new_dag_3/my_third_dag.py for tasks to queue
[2024-03-12T11:23:37.685+0200] {logging_mixin.py:188} INFO - [2024-03-12T11:23:37.684+0200] {dagbag.py:540} INFO - Filling up the DagBag from /Users/abatcoveanu/airflow/dags/dag_folder/my_new_dag_3/my_third_dag.py
[2024-03-12T11:23:37.691+0200] {processor.py:840} INFO - DAG(s) 'dag_id_2' retrieved from /Users/abatcoveanu/airflow/dags/dag_folder/my_new_dag_3/my_third_dag.py
[2024-03-12T11:23:37.703+0200] {logging_mixin.py:188} INFO - [2024-03-12T11:23:37.703+0200] {dag.py:3047} INFO - Sync 1 DAGs
[2024-03-12T11:23:37.798+0200] {logging_mixin.py:188} INFO - [2024-03-12T11:23:37.798+0200] {dag.py:3834} INFO - Setting next_dagrun for dag_id_2 to None, run_after=None
[2024-03-12T11:23:37.856+0200] {processor.py:183} INFO - Processing /Users/abatcoveanu/airflow/dags/dag_folder/my_new_dag_3/my_third_dag.py took 0.175 seconds
[2024-03-12T11:25:31.450+0200] {processor.py:161} INFO - Started process (PID=8243) to work on /Users/abatcoveanu/airflow/dags/dag_folder/my_new_dag_3/my_third_dag.py
[2024-03-12T11:25:31.451+0200] {processor.py:830} INFO - Processing file /Users/abatcoveanu/airflow/dags/dag_folder/my_new_dag_3/my_third_dag.py for tasks to queue
[2024-03-12T11:25:31.452+0200] {logging_mixin.py:188} INFO - [2024-03-12T11:25:31.452+0200] {dagbag.py:540} INFO - Filling up the DagBag from /Users/abatcoveanu/airflow/dags/dag_folder/my_new_dag_3/my_third_dag.py
[2024-03-12T11:25:31.460+0200] {processor.py:840} INFO - DAG(s) 'dag_id_2' retrieved from /Users/abatcoveanu/airflow/dags/dag_folder/my_new_dag_3/my_third_dag.py
[2024-03-12T11:25:31.471+0200] {logging_mixin.py:188} INFO - [2024-03-12T11:25:31.471+0200] {dag.py:3047} INFO - Sync 1 DAGs
[2024-03-12T11:25:31.559+0200] {logging_mixin.py:188} INFO - [2024-03-12T11:25:31.559+0200] {dag.py:3834} INFO - Setting next_dagrun for dag_id_2 to None, run_after=None
[2024-03-12T11:25:31.614+0200] {processor.py:183} INFO - Processing /Users/abatcoveanu/airflow/dags/dag_folder/my_new_dag_3/my_third_dag.py took 0.164 seconds
[2024-03-12T11:27:31.488+0200] {processor.py:161} INFO - Started process (PID=8580) to work on /Users/abatcoveanu/airflow/dags/dag_folder/my_new_dag_3/my_third_dag.py
[2024-03-12T11:27:31.490+0200] {processor.py:830} INFO - Processing file /Users/abatcoveanu/airflow/dags/dag_folder/my_new_dag_3/my_third_dag.py for tasks to queue
[2024-03-12T11:27:31.491+0200] {logging_mixin.py:188} INFO - [2024-03-12T11:27:31.490+0200] {dagbag.py:540} INFO - Filling up the DagBag from /Users/abatcoveanu/airflow/dags/dag_folder/my_new_dag_3/my_third_dag.py
[2024-03-12T11:27:31.498+0200] {processor.py:840} INFO - DAG(s) 'dag_id_2' retrieved from /Users/abatcoveanu/airflow/dags/dag_folder/my_new_dag_3/my_third_dag.py
[2024-03-12T11:27:31.509+0200] {logging_mixin.py:188} INFO - [2024-03-12T11:27:31.508+0200] {dag.py:3047} INFO - Sync 1 DAGs
[2024-03-12T11:27:31.587+0200] {logging_mixin.py:188} INFO - [2024-03-12T11:27:31.587+0200] {dag.py:3834} INFO - Setting next_dagrun for dag_id_2 to None, run_after=None
[2024-03-12T11:27:31.641+0200] {processor.py:183} INFO - Processing /Users/abatcoveanu/airflow/dags/dag_folder/my_new_dag_3/my_third_dag.py took 0.154 seconds
[2024-03-12T11:29:29.466+0200] {processor.py:161} INFO - Started process (PID=8760) to work on /Users/abatcoveanu/airflow/dags/dag_folder/my_new_dag_3/my_third_dag.py
[2024-03-12T11:29:29.468+0200] {processor.py:830} INFO - Processing file /Users/abatcoveanu/airflow/dags/dag_folder/my_new_dag_3/my_third_dag.py for tasks to queue
[2024-03-12T11:29:29.468+0200] {logging_mixin.py:188} INFO - [2024-03-12T11:29:29.468+0200] {dagbag.py:540} INFO - Filling up the DagBag from /Users/abatcoveanu/airflow/dags/dag_folder/my_new_dag_3/my_third_dag.py
[2024-03-12T11:29:29.479+0200] {processor.py:840} INFO - DAG(s) 'dag_id_2' retrieved from /Users/abatcoveanu/airflow/dags/dag_folder/my_new_dag_3/my_third_dag.py
[2024-03-12T11:29:29.500+0200] {logging_mixin.py:188} INFO - [2024-03-12T11:29:29.500+0200] {dag.py:3047} INFO - Sync 1 DAGs
[2024-03-12T11:29:29.607+0200] {logging_mixin.py:188} INFO - [2024-03-12T11:29:29.606+0200] {dag.py:3834} INFO - Setting next_dagrun for dag_id_2 to None, run_after=None
[2024-03-12T11:29:29.671+0200] {processor.py:183} INFO - Processing /Users/abatcoveanu/airflow/dags/dag_folder/my_new_dag_3/my_third_dag.py took 0.206 seconds
[2024-03-12T11:31:20.349+0200] {processor.py:161} INFO - Started process (PID=8900) to work on /Users/abatcoveanu/airflow/dags/dag_folder/my_new_dag_3/my_third_dag.py
[2024-03-12T11:31:20.351+0200] {processor.py:830} INFO - Processing file /Users/abatcoveanu/airflow/dags/dag_folder/my_new_dag_3/my_third_dag.py for tasks to queue
[2024-03-12T11:31:20.352+0200] {logging_mixin.py:188} INFO - [2024-03-12T11:31:20.352+0200] {dagbag.py:540} INFO - Filling up the DagBag from /Users/abatcoveanu/airflow/dags/dag_folder/my_new_dag_3/my_third_dag.py
[2024-03-12T11:31:20.360+0200] {processor.py:840} INFO - DAG(s) 'dag_id_2' retrieved from /Users/abatcoveanu/airflow/dags/dag_folder/my_new_dag_3/my_third_dag.py
[2024-03-12T11:31:20.372+0200] {logging_mixin.py:188} INFO - [2024-03-12T11:31:20.371+0200] {dag.py:3047} INFO - Sync 1 DAGs
[2024-03-12T11:31:20.460+0200] {logging_mixin.py:188} INFO - [2024-03-12T11:31:20.459+0200] {dag.py:3834} INFO - Setting next_dagrun for dag_id_2 to None, run_after=None
[2024-03-12T11:31:20.516+0200] {processor.py:183} INFO - Processing /Users/abatcoveanu/airflow/dags/dag_folder/my_new_dag_3/my_third_dag.py took 0.168 seconds
[2024-03-12T11:33:14.197+0200] {processor.py:161} INFO - Started process (PID=9021) to work on /Users/abatcoveanu/airflow/dags/dag_folder/my_new_dag_3/my_third_dag.py
[2024-03-12T11:33:14.198+0200] {processor.py:830} INFO - Processing file /Users/abatcoveanu/airflow/dags/dag_folder/my_new_dag_3/my_third_dag.py for tasks to queue
[2024-03-12T11:33:14.199+0200] {logging_mixin.py:188} INFO - [2024-03-12T11:33:14.199+0200] {dagbag.py:540} INFO - Filling up the DagBag from /Users/abatcoveanu/airflow/dags/dag_folder/my_new_dag_3/my_third_dag.py
[2024-03-12T11:33:14.205+0200] {processor.py:840} INFO - DAG(s) 'dag_id_2' retrieved from /Users/abatcoveanu/airflow/dags/dag_folder/my_new_dag_3/my_third_dag.py
[2024-03-12T11:33:14.215+0200] {logging_mixin.py:188} INFO - [2024-03-12T11:33:14.215+0200] {dag.py:3047} INFO - Sync 1 DAGs
[2024-03-12T11:33:14.290+0200] {logging_mixin.py:188} INFO - [2024-03-12T11:33:14.290+0200] {dag.py:3834} INFO - Setting next_dagrun for dag_id_2 to None, run_after=None
[2024-03-12T11:33:14.347+0200] {processor.py:183} INFO - Processing /Users/abatcoveanu/airflow/dags/dag_folder/my_new_dag_3/my_third_dag.py took 0.151 seconds
[2024-03-12T11:35:11.951+0200] {processor.py:161} INFO - Started process (PID=9159) to work on /Users/abatcoveanu/airflow/dags/dag_folder/my_new_dag_3/my_third_dag.py
[2024-03-12T11:35:11.953+0200] {processor.py:830} INFO - Processing file /Users/abatcoveanu/airflow/dags/dag_folder/my_new_dag_3/my_third_dag.py for tasks to queue
[2024-03-12T11:35:11.954+0200] {logging_mixin.py:188} INFO - [2024-03-12T11:35:11.954+0200] {dagbag.py:540} INFO - Filling up the DagBag from /Users/abatcoveanu/airflow/dags/dag_folder/my_new_dag_3/my_third_dag.py
[2024-03-12T11:35:11.962+0200] {processor.py:840} INFO - DAG(s) 'dag_id_2' retrieved from /Users/abatcoveanu/airflow/dags/dag_folder/my_new_dag_3/my_third_dag.py
[2024-03-12T11:35:11.973+0200] {logging_mixin.py:188} INFO - [2024-03-12T11:35:11.972+0200] {dag.py:3047} INFO - Sync 1 DAGs
[2024-03-12T11:35:12.054+0200] {logging_mixin.py:188} INFO - [2024-03-12T11:35:12.054+0200] {dag.py:3834} INFO - Setting next_dagrun for dag_id_2 to None, run_after=None
[2024-03-12T11:35:12.110+0200] {processor.py:183} INFO - Processing /Users/abatcoveanu/airflow/dags/dag_folder/my_new_dag_3/my_third_dag.py took 0.160 seconds
[2024-03-12T11:37:10.674+0200] {processor.py:161} INFO - Started process (PID=9318) to work on /Users/abatcoveanu/airflow/dags/dag_folder/my_new_dag_3/my_third_dag.py
[2024-03-12T11:37:10.675+0200] {processor.py:830} INFO - Processing file /Users/abatcoveanu/airflow/dags/dag_folder/my_new_dag_3/my_third_dag.py for tasks to queue
[2024-03-12T11:37:10.676+0200] {logging_mixin.py:188} INFO - [2024-03-12T11:37:10.676+0200] {dagbag.py:540} INFO - Filling up the DagBag from /Users/abatcoveanu/airflow/dags/dag_folder/my_new_dag_3/my_third_dag.py
[2024-03-12T11:37:10.683+0200] {processor.py:840} INFO - DAG(s) 'dag_id_2' retrieved from /Users/abatcoveanu/airflow/dags/dag_folder/my_new_dag_3/my_third_dag.py
[2024-03-12T11:37:10.694+0200] {logging_mixin.py:188} INFO - [2024-03-12T11:37:10.693+0200] {dag.py:3047} INFO - Sync 1 DAGs
[2024-03-12T11:37:10.769+0200] {logging_mixin.py:188} INFO - [2024-03-12T11:37:10.769+0200] {dag.py:3834} INFO - Setting next_dagrun for dag_id_2 to None, run_after=None
[2024-03-12T11:37:10.823+0200] {processor.py:183} INFO - Processing /Users/abatcoveanu/airflow/dags/dag_folder/my_new_dag_3/my_third_dag.py took 0.151 seconds
[2024-03-12T11:38:57.782+0200] {processor.py:161} INFO - Started process (PID=9449) to work on /Users/abatcoveanu/airflow/dags/dag_folder/my_new_dag_3/my_third_dag.py
[2024-03-12T11:38:57.784+0200] {processor.py:830} INFO - Processing file /Users/abatcoveanu/airflow/dags/dag_folder/my_new_dag_3/my_third_dag.py for tasks to queue
[2024-03-12T11:38:57.785+0200] {logging_mixin.py:188} INFO - [2024-03-12T11:38:57.785+0200] {dagbag.py:540} INFO - Filling up the DagBag from /Users/abatcoveanu/airflow/dags/dag_folder/my_new_dag_3/my_third_dag.py
[2024-03-12T11:38:57.790+0200] {processor.py:840} INFO - DAG(s) 'dag_id_2' retrieved from /Users/abatcoveanu/airflow/dags/dag_folder/my_new_dag_3/my_third_dag.py
[2024-03-12T11:38:57.800+0200] {logging_mixin.py:188} INFO - [2024-03-12T11:38:57.800+0200] {dag.py:3047} INFO - Sync 1 DAGs
[2024-03-12T11:38:57.873+0200] {logging_mixin.py:188} INFO - [2024-03-12T11:38:57.873+0200] {dag.py:3834} INFO - Setting next_dagrun for dag_id_2 to None, run_after=None
[2024-03-12T11:38:57.931+0200] {processor.py:183} INFO - Processing /Users/abatcoveanu/airflow/dags/dag_folder/my_new_dag_3/my_third_dag.py took 0.150 seconds
[2024-03-12T11:40:31.897+0200] {processor.py:161} INFO - Started process (PID=9558) to work on /Users/abatcoveanu/airflow/dags/dag_folder/my_new_dag_3/my_third_dag.py
[2024-03-12T11:40:31.897+0200] {processor.py:830} INFO - Processing file /Users/abatcoveanu/airflow/dags/dag_folder/my_new_dag_3/my_third_dag.py for tasks to queue
[2024-03-12T11:40:31.898+0200] {logging_mixin.py:188} INFO - [2024-03-12T11:40:31.898+0200] {dagbag.py:540} INFO - Filling up the DagBag from /Users/abatcoveanu/airflow/dags/dag_folder/my_new_dag_3/my_third_dag.py
[2024-03-12T11:40:31.903+0200] {processor.py:840} INFO - DAG(s) 'dag_id_2' retrieved from /Users/abatcoveanu/airflow/dags/dag_folder/my_new_dag_3/my_third_dag.py
[2024-03-12T11:40:31.911+0200] {logging_mixin.py:188} INFO - [2024-03-12T11:40:31.911+0200] {dag.py:3047} INFO - Sync 1 DAGs
[2024-03-12T11:40:31.982+0200] {logging_mixin.py:188} INFO - [2024-03-12T11:40:31.982+0200] {dag.py:3834} INFO - Setting next_dagrun for dag_id_2 to None, run_after=None
[2024-03-12T11:40:32.038+0200] {processor.py:183} INFO - Processing /Users/abatcoveanu/airflow/dags/dag_folder/my_new_dag_3/my_third_dag.py took 0.143 seconds
[2024-03-12T11:42:05.632+0200] {processor.py:161} INFO - Started process (PID=9657) to work on /Users/abatcoveanu/airflow/dags/dag_folder/my_new_dag_3/my_third_dag.py
[2024-03-12T11:42:05.632+0200] {processor.py:830} INFO - Processing file /Users/abatcoveanu/airflow/dags/dag_folder/my_new_dag_3/my_third_dag.py for tasks to queue
[2024-03-12T11:42:05.633+0200] {logging_mixin.py:188} INFO - [2024-03-12T11:42:05.633+0200] {dagbag.py:540} INFO - Filling up the DagBag from /Users/abatcoveanu/airflow/dags/dag_folder/my_new_dag_3/my_third_dag.py
[2024-03-12T11:42:05.638+0200] {processor.py:840} INFO - DAG(s) 'dag_id_2' retrieved from /Users/abatcoveanu/airflow/dags/dag_folder/my_new_dag_3/my_third_dag.py
[2024-03-12T11:42:05.647+0200] {logging_mixin.py:188} INFO - [2024-03-12T11:42:05.647+0200] {dag.py:3047} INFO - Sync 1 DAGs
[2024-03-12T11:42:05.718+0200] {logging_mixin.py:188} INFO - [2024-03-12T11:42:05.717+0200] {dag.py:3834} INFO - Setting next_dagrun for dag_id_2 to None, run_after=None
[2024-03-12T11:42:05.768+0200] {processor.py:183} INFO - Processing /Users/abatcoveanu/airflow/dags/dag_folder/my_new_dag_3/my_third_dag.py took 0.138 seconds
[2024-03-12T11:43:39.541+0200] {processor.py:161} INFO - Started process (PID=9784) to work on /Users/abatcoveanu/airflow/dags/dag_folder/my_new_dag_3/my_third_dag.py
[2024-03-12T11:43:39.542+0200] {processor.py:830} INFO - Processing file /Users/abatcoveanu/airflow/dags/dag_folder/my_new_dag_3/my_third_dag.py for tasks to queue
[2024-03-12T11:43:39.543+0200] {logging_mixin.py:188} INFO - [2024-03-12T11:43:39.543+0200] {dagbag.py:540} INFO - Filling up the DagBag from /Users/abatcoveanu/airflow/dags/dag_folder/my_new_dag_3/my_third_dag.py
[2024-03-12T11:43:39.548+0200] {processor.py:840} INFO - DAG(s) 'dag_id_2' retrieved from /Users/abatcoveanu/airflow/dags/dag_folder/my_new_dag_3/my_third_dag.py
[2024-03-12T11:43:39.557+0200] {logging_mixin.py:188} INFO - [2024-03-12T11:43:39.557+0200] {dag.py:3047} INFO - Sync 1 DAGs
[2024-03-12T11:43:39.629+0200] {logging_mixin.py:188} INFO - [2024-03-12T11:43:39.629+0200] {dag.py:3834} INFO - Setting next_dagrun for dag_id_2 to None, run_after=None
[2024-03-12T11:43:39.685+0200] {processor.py:183} INFO - Processing /Users/abatcoveanu/airflow/dags/dag_folder/my_new_dag_3/my_third_dag.py took 0.145 seconds
[2024-03-12T11:45:13.044+0200] {processor.py:161} INFO - Started process (PID=9882) to work on /Users/abatcoveanu/airflow/dags/dag_folder/my_new_dag_3/my_third_dag.py
[2024-03-12T11:45:13.045+0200] {processor.py:830} INFO - Processing file /Users/abatcoveanu/airflow/dags/dag_folder/my_new_dag_3/my_third_dag.py for tasks to queue
[2024-03-12T11:45:13.045+0200] {logging_mixin.py:188} INFO - [2024-03-12T11:45:13.045+0200] {dagbag.py:540} INFO - Filling up the DagBag from /Users/abatcoveanu/airflow/dags/dag_folder/my_new_dag_3/my_third_dag.py
[2024-03-12T11:45:13.050+0200] {processor.py:840} INFO - DAG(s) 'dag_id_2' retrieved from /Users/abatcoveanu/airflow/dags/dag_folder/my_new_dag_3/my_third_dag.py
[2024-03-12T11:45:13.060+0200] {logging_mixin.py:188} INFO - [2024-03-12T11:45:13.060+0200] {dag.py:3047} INFO - Sync 1 DAGs
[2024-03-12T11:45:13.132+0200] {logging_mixin.py:188} INFO - [2024-03-12T11:45:13.132+0200] {dag.py:3834} INFO - Setting next_dagrun for dag_id_2 to None, run_after=None
[2024-03-12T11:45:13.186+0200] {processor.py:183} INFO - Processing /Users/abatcoveanu/airflow/dags/dag_folder/my_new_dag_3/my_third_dag.py took 0.144 seconds
[2024-03-12T11:46:54.257+0200] {processor.py:161} INFO - Started process (PID=10010) to work on /Users/abatcoveanu/airflow/dags/dag_folder/my_new_dag_3/my_third_dag.py
[2024-03-12T11:46:54.258+0200] {processor.py:830} INFO - Processing file /Users/abatcoveanu/airflow/dags/dag_folder/my_new_dag_3/my_third_dag.py for tasks to queue
[2024-03-12T11:46:54.259+0200] {logging_mixin.py:188} INFO - [2024-03-12T11:46:54.259+0200] {dagbag.py:540} INFO - Filling up the DagBag from /Users/abatcoveanu/airflow/dags/dag_folder/my_new_dag_3/my_third_dag.py
[2024-03-12T11:46:54.265+0200] {processor.py:840} INFO - DAG(s) 'dag_id_2' retrieved from /Users/abatcoveanu/airflow/dags/dag_folder/my_new_dag_3/my_third_dag.py
[2024-03-12T11:46:54.275+0200] {logging_mixin.py:188} INFO - [2024-03-12T11:46:54.275+0200] {dag.py:3047} INFO - Sync 1 DAGs
[2024-03-12T11:46:54.350+0200] {logging_mixin.py:188} INFO - [2024-03-12T11:46:54.350+0200] {dag.py:3834} INFO - Setting next_dagrun for dag_id_2 to None, run_after=None
[2024-03-12T11:46:54.406+0200] {processor.py:183} INFO - Processing /Users/abatcoveanu/airflow/dags/dag_folder/my_new_dag_3/my_third_dag.py took 0.150 seconds
[2024-03-12T12:18:56.623+0200] {processor.py:161} INFO - Started process (PID=10175) to work on /Users/abatcoveanu/airflow/dags/dag_folder/my_new_dag_3/my_third_dag.py
[2024-03-12T12:18:56.629+0200] {processor.py:830} INFO - Processing file /Users/abatcoveanu/airflow/dags/dag_folder/my_new_dag_3/my_third_dag.py for tasks to queue
[2024-03-12T12:18:56.631+0200] {logging_mixin.py:188} INFO - [2024-03-12T12:18:56.631+0200] {dagbag.py:540} INFO - Filling up the DagBag from /Users/abatcoveanu/airflow/dags/dag_folder/my_new_dag_3/my_third_dag.py
[2024-03-12T12:18:56.656+0200] {processor.py:840} INFO - DAG(s) 'dag_id_2' retrieved from /Users/abatcoveanu/airflow/dags/dag_folder/my_new_dag_3/my_third_dag.py
[2024-03-12T12:18:56.698+0200] {logging_mixin.py:188} INFO - [2024-03-12T12:18:56.697+0200] {dag.py:3047} INFO - Sync 1 DAGs
[2024-03-12T12:18:57.055+0200] {logging_mixin.py:188} INFO - [2024-03-12T12:18:57.054+0200] {dag.py:3834} INFO - Setting next_dagrun for dag_id_2 to None, run_after=None
[2024-03-12T12:18:57.210+0200] {processor.py:183} INFO - Processing /Users/abatcoveanu/airflow/dags/dag_folder/my_new_dag_3/my_third_dag.py took 0.592 seconds
[2024-03-12T12:23:25.063+0200] {processor.py:161} INFO - Started process (PID=10342) to work on /Users/abatcoveanu/airflow/dags/dag_folder/my_new_dag_3/my_third_dag.py
[2024-03-12T12:23:25.064+0200] {processor.py:830} INFO - Processing file /Users/abatcoveanu/airflow/dags/dag_folder/my_new_dag_3/my_third_dag.py for tasks to queue
[2024-03-12T12:23:25.064+0200] {logging_mixin.py:188} INFO - [2024-03-12T12:23:25.064+0200] {dagbag.py:540} INFO - Filling up the DagBag from /Users/abatcoveanu/airflow/dags/dag_folder/my_new_dag_3/my_third_dag.py
[2024-03-12T12:23:25.069+0200] {processor.py:840} INFO - DAG(s) 'dag_id_2' retrieved from /Users/abatcoveanu/airflow/dags/dag_folder/my_new_dag_3/my_third_dag.py
[2024-03-12T12:23:25.077+0200] {logging_mixin.py:188} INFO - [2024-03-12T12:23:25.077+0200] {dag.py:3047} INFO - Sync 1 DAGs
[2024-03-12T12:23:25.146+0200] {logging_mixin.py:188} INFO - [2024-03-12T12:23:25.146+0200] {dag.py:3834} INFO - Setting next_dagrun for dag_id_2 to None, run_after=None
[2024-03-12T12:23:25.197+0200] {processor.py:183} INFO - Processing /Users/abatcoveanu/airflow/dags/dag_folder/my_new_dag_3/my_third_dag.py took 0.136 seconds
[2024-03-12T12:24:59.061+0200] {processor.py:161} INFO - Started process (PID=10443) to work on /Users/abatcoveanu/airflow/dags/dag_folder/my_new_dag_3/my_third_dag.py
[2024-03-12T12:24:59.062+0200] {processor.py:830} INFO - Processing file /Users/abatcoveanu/airflow/dags/dag_folder/my_new_dag_3/my_third_dag.py for tasks to queue
[2024-03-12T12:24:59.062+0200] {logging_mixin.py:188} INFO - [2024-03-12T12:24:59.062+0200] {dagbag.py:540} INFO - Filling up the DagBag from /Users/abatcoveanu/airflow/dags/dag_folder/my_new_dag_3/my_third_dag.py
[2024-03-12T12:24:59.067+0200] {processor.py:840} INFO - DAG(s) 'dag_id_2' retrieved from /Users/abatcoveanu/airflow/dags/dag_folder/my_new_dag_3/my_third_dag.py
[2024-03-12T12:24:59.075+0200] {logging_mixin.py:188} INFO - [2024-03-12T12:24:59.075+0200] {dag.py:3047} INFO - Sync 1 DAGs
[2024-03-12T12:24:59.143+0200] {logging_mixin.py:188} INFO - [2024-03-12T12:24:59.143+0200] {dag.py:3834} INFO - Setting next_dagrun for dag_id_2 to None, run_after=None
[2024-03-12T12:24:59.193+0200] {processor.py:183} INFO - Processing /Users/abatcoveanu/airflow/dags/dag_folder/my_new_dag_3/my_third_dag.py took 0.133 seconds
[2024-03-12T12:26:35.715+0200] {processor.py:161} INFO - Started process (PID=10556) to work on /Users/abatcoveanu/airflow/dags/dag_folder/my_new_dag_3/my_third_dag.py
[2024-03-12T12:26:35.716+0200] {processor.py:830} INFO - Processing file /Users/abatcoveanu/airflow/dags/dag_folder/my_new_dag_3/my_third_dag.py for tasks to queue
[2024-03-12T12:26:35.717+0200] {logging_mixin.py:188} INFO - [2024-03-12T12:26:35.717+0200] {dagbag.py:540} INFO - Filling up the DagBag from /Users/abatcoveanu/airflow/dags/dag_folder/my_new_dag_3/my_third_dag.py
[2024-03-12T12:26:35.723+0200] {processor.py:840} INFO - DAG(s) 'dag_id_2' retrieved from /Users/abatcoveanu/airflow/dags/dag_folder/my_new_dag_3/my_third_dag.py
[2024-03-12T12:26:35.733+0200] {logging_mixin.py:188} INFO - [2024-03-12T12:26:35.733+0200] {dag.py:3047} INFO - Sync 1 DAGs
[2024-03-12T12:26:35.811+0200] {logging_mixin.py:188} INFO - [2024-03-12T12:26:35.811+0200] {dag.py:3834} INFO - Setting next_dagrun for dag_id_2 to None, run_after=None
[2024-03-12T12:26:35.865+0200] {processor.py:183} INFO - Processing /Users/abatcoveanu/airflow/dags/dag_folder/my_new_dag_3/my_third_dag.py took 0.151 seconds
[2024-03-12T12:28:21.152+0200] {processor.py:161} INFO - Started process (PID=10692) to work on /Users/abatcoveanu/airflow/dags/dag_folder/my_new_dag_3/my_third_dag.py
[2024-03-12T12:28:21.153+0200] {processor.py:830} INFO - Processing file /Users/abatcoveanu/airflow/dags/dag_folder/my_new_dag_3/my_third_dag.py for tasks to queue
[2024-03-12T12:28:21.153+0200] {logging_mixin.py:188} INFO - [2024-03-12T12:28:21.153+0200] {dagbag.py:540} INFO - Filling up the DagBag from /Users/abatcoveanu/airflow/dags/dag_folder/my_new_dag_3/my_third_dag.py
[2024-03-12T12:28:21.161+0200] {processor.py:840} INFO - DAG(s) 'dag_id_2' retrieved from /Users/abatcoveanu/airflow/dags/dag_folder/my_new_dag_3/my_third_dag.py
[2024-03-12T12:28:21.172+0200] {logging_mixin.py:188} INFO - [2024-03-12T12:28:21.172+0200] {dag.py:3047} INFO - Sync 1 DAGs
[2024-03-12T12:28:21.250+0200] {logging_mixin.py:188} INFO - [2024-03-12T12:28:21.250+0200] {dag.py:3834} INFO - Setting next_dagrun for dag_id_2 to None, run_after=None
[2024-03-12T12:28:21.304+0200] {processor.py:183} INFO - Processing /Users/abatcoveanu/airflow/dags/dag_folder/my_new_dag_3/my_third_dag.py took 0.153 seconds
