[2024-04-04T14:09:08.974+0300] {taskinstance.py:1979} INFO - Dependencies all met for dep_context=non-requeueable deps ti=<TaskInstance: dag_id_3.check_table_existence manual__2024-04-04T11:07:51.307569+00:00 [queued]>
[2024-04-04T14:09:08.986+0300] {taskinstance.py:1979} INFO - Dependencies all met for dep_context=requeueable deps ti=<TaskInstance: dag_id_3.check_table_existence manual__2024-04-04T11:07:51.307569+00:00 [queued]>
[2024-04-04T14:09:08.986+0300] {taskinstance.py:2193} INFO - Starting attempt 1 of 1
[2024-04-04T14:09:09.015+0300] {taskinstance.py:2214} INFO - Executing <Task(BranchPythonOperator): check_table_existence> on 2024-04-04 11:07:51.307569+00:00
[2024-04-04T14:09:09.021+0300] {standard_task_runner.py:60} INFO - Started process 84936 to run task
[2024-04-04T14:09:09.029+0300] {standard_task_runner.py:87} INFO - Running: ['airflow', 'tasks', 'run', 'dag_id_3', 'check_table_existence', 'manual__2024-04-04T11:07:51.307569+00:00', '--job-id', '2072', '--raw', '--subdir', 'DAGS_FOLDER/jobs_dag.py', '--cfg-path', '/var/folders/t6/vwjsg0jx26jcjdwn_gxhbjzc0000gp/T/tmp7u1wrzz_']
[2024-04-04T14:09:09.032+0300] {standard_task_runner.py:88} INFO - Job 2072: Subtask check_table_existence
[2024-04-04T14:09:09.165+0300] {task_command.py:423} INFO - Running <TaskInstance: dag_id_3.check_table_existence manual__2024-04-04T11:07:51.307569+00:00 [running]> on host C9843
[2024-04-04T14:09:09.337+0300] {taskinstance.py:2510} INFO - Exporting env vars: AIRFLOW_CTX_DAG_OWNER='airflow' AIRFLOW_CTX_DAG_ID='dag_id_3' AIRFLOW_CTX_TASK_ID='check_table_existence' AIRFLOW_CTX_EXECUTION_DATE='2024-04-04T11:07:51.307569+00:00' AIRFLOW_CTX_TRY_NUMBER='1' AIRFLOW_CTX_DAG_RUN_ID='manual__2024-04-04T11:07:51.307569+00:00'
[2024-04-04T14:09:09.340+0300] {logging_mixin.py:188} INFO - asdddd
[2024-04-04T14:09:09.366+0300] {base.py:83} INFO - Using connection ID 'Postgres_db' for task execution.
[2024-04-04T14:09:09.367+0300] {logging_mixin.py:188} INFO - postgresql://airflow_user:***@localhost:5432/airflow_db
[2024-04-04T14:09:09.377+0300] {base.py:83} INFO - Using connection ID 'Postgres_db' for task execution.
[2024-04-04T14:09:09.384+0300] {sql.py:457} INFO - Running statement: SELECT EXISTS (SELECT 1 FROM information_schema.tables WHERE table_name = 'table_name_3'), parameters: None
[2024-04-04T14:09:09.406+0300] {sql.py:466} INFO - Rows affected: 1
[2024-04-04T14:09:09.416+0300] {logging_mixin.py:188} WARNING - /usr/local/lib/python3.8/site-packages/airflow/providers/common/sql/hooks/sql.py:407 AirflowProviderDeprecationWarning: Call to deprecated method _make_common_data_structure. (The `_make_serializable` method is deprecated and support will be removed in a future version of the common.sql provider. Please update the DbApiHook's provider to a version based on common.sql >= 1.9.1.)
[2024-04-04T14:09:09.417+0300] {python.py:202} INFO - Done. Returned value was: create_table_task
[2024-04-04T14:09:09.418+0300] {branch.py:35} INFO - Branch into create_table_task
[2024-04-04T14:09:09.419+0300] {skipmixin.py:178} INFO - Following branch create_table_task
[2024-04-04T14:09:09.461+0300] {skipmixin.py:244} INFO - Skipping tasks [('dummy_task', -1)]
[2024-04-04T14:09:09.537+0300] {taskinstance.py:1149} INFO - Marking task as SUCCESS. dag_id=dag_id_3, task_id=check_table_existence, execution_date=20240404T110751, start_date=20240404T110908, end_date=20240404T110909
[2024-04-04T14:09:09.589+0300] {local_task_job_runner.py:234} INFO - Task exited with return code 0
[2024-04-04T14:09:09.622+0300] {logging_mixin.py:188} WARNING - /usr/local/lib/python3.8/site-packages/airflow/models/baseoperator.py:1201 AirflowProviderDeprecationWarning: Call to deprecated class PostgresOperator. (Please use `airflow.providers.common.sql.operators.sql.SQLExecuteQueryOperator`.Also, you can provide `hook_params={'schema': <database>}`.)
[2024-04-04T14:09:09.669+0300] {taskinstance.py:3309} INFO - 1 downstream tasks scheduled from follow-on schedule check
