[2024-03-13T11:09:11.144+0200] {processor.py:161} INFO - Started process (PID=1839) to work on /usr/local/lib/python3.8/site-packages/airflow/example_dags/subdags/subdag.py
[2024-03-13T11:09:11.145+0200] {processor.py:830} INFO - Processing file /usr/local/lib/python3.8/site-packages/airflow/example_dags/subdags/subdag.py for tasks to queue
[2024-03-13T11:09:11.145+0200] {logging_mixin.py:188} INFO - [2024-03-13T11:09:11.145+0200] {dagbag.py:540} INFO - Filling up the DagBag from /usr/local/lib/python3.8/site-packages/airflow/example_dags/subdags/subdag.py
[2024-03-13T11:09:11.147+0200] {processor.py:842} WARNING - No viable dags retrieved from /usr/local/lib/python3.8/site-packages/airflow/example_dags/subdags/subdag.py
[2024-03-13T11:09:11.232+0200] {processor.py:183} INFO - Processing /usr/local/lib/python3.8/site-packages/airflow/example_dags/subdags/subdag.py took 0.090 seconds
[2024-03-13T11:10:01.730+0200] {processor.py:161} INFO - Started process (PID=2030) to work on /usr/local/lib/python3.8/site-packages/airflow/example_dags/subdags/subdag.py
[2024-03-13T11:10:01.731+0200] {processor.py:830} INFO - Processing file /usr/local/lib/python3.8/site-packages/airflow/example_dags/subdags/subdag.py for tasks to queue
[2024-03-13T11:10:01.731+0200] {logging_mixin.py:188} INFO - [2024-03-13T11:10:01.731+0200] {dagbag.py:540} INFO - Filling up the DagBag from /usr/local/lib/python3.8/site-packages/airflow/example_dags/subdags/subdag.py
[2024-03-13T11:10:01.733+0200] {processor.py:842} WARNING - No viable dags retrieved from /usr/local/lib/python3.8/site-packages/airflow/example_dags/subdags/subdag.py
[2024-03-13T11:10:01.836+0200] {processor.py:183} INFO - Processing /usr/local/lib/python3.8/site-packages/airflow/example_dags/subdags/subdag.py took 0.108 seconds
[2024-03-13T11:10:52.219+0200] {processor.py:161} INFO - Started process (PID=2207) to work on /usr/local/lib/python3.8/site-packages/airflow/example_dags/subdags/subdag.py
[2024-03-13T11:10:52.220+0200] {processor.py:830} INFO - Processing file /usr/local/lib/python3.8/site-packages/airflow/example_dags/subdags/subdag.py for tasks to queue
[2024-03-13T11:10:52.221+0200] {logging_mixin.py:188} INFO - [2024-03-13T11:10:52.221+0200] {dagbag.py:540} INFO - Filling up the DagBag from /usr/local/lib/python3.8/site-packages/airflow/example_dags/subdags/subdag.py
[2024-03-13T11:10:52.223+0200] {processor.py:842} WARNING - No viable dags retrieved from /usr/local/lib/python3.8/site-packages/airflow/example_dags/subdags/subdag.py
[2024-03-13T11:10:52.313+0200] {processor.py:183} INFO - Processing /usr/local/lib/python3.8/site-packages/airflow/example_dags/subdags/subdag.py took 0.095 seconds
[2024-03-13T11:11:28.692+0200] {processor.py:161} INFO - Started process (PID=2359) to work on /usr/local/lib/python3.8/site-packages/airflow/example_dags/subdags/subdag.py
[2024-03-13T11:11:28.694+0200] {processor.py:830} INFO - Processing file /usr/local/lib/python3.8/site-packages/airflow/example_dags/subdags/subdag.py for tasks to queue
[2024-03-13T11:11:28.694+0200] {logging_mixin.py:188} INFO - [2024-03-13T11:11:28.694+0200] {dagbag.py:540} INFO - Filling up the DagBag from /usr/local/lib/python3.8/site-packages/airflow/example_dags/subdags/subdag.py
[2024-03-13T11:11:28.697+0200] {processor.py:842} WARNING - No viable dags retrieved from /usr/local/lib/python3.8/site-packages/airflow/example_dags/subdags/subdag.py
[2024-03-13T11:11:28.826+0200] {processor.py:183} INFO - Processing /usr/local/lib/python3.8/site-packages/airflow/example_dags/subdags/subdag.py took 0.135 seconds
[2024-03-13T11:12:03.626+0200] {processor.py:161} INFO - Started process (PID=2491) to work on /usr/local/lib/python3.8/site-packages/airflow/example_dags/subdags/subdag.py
[2024-03-13T11:12:03.626+0200] {processor.py:830} INFO - Processing file /usr/local/lib/python3.8/site-packages/airflow/example_dags/subdags/subdag.py for tasks to queue
[2024-03-13T11:12:03.627+0200] {logging_mixin.py:188} INFO - [2024-03-13T11:12:03.627+0200] {dagbag.py:540} INFO - Filling up the DagBag from /usr/local/lib/python3.8/site-packages/airflow/example_dags/subdags/subdag.py
[2024-03-13T11:12:03.629+0200] {processor.py:842} WARNING - No viable dags retrieved from /usr/local/lib/python3.8/site-packages/airflow/example_dags/subdags/subdag.py
[2024-03-13T11:12:03.717+0200] {processor.py:183} INFO - Processing /usr/local/lib/python3.8/site-packages/airflow/example_dags/subdags/subdag.py took 0.093 seconds
[2024-03-13T11:12:41.353+0200] {processor.py:161} INFO - Started process (PID=2623) to work on /usr/local/lib/python3.8/site-packages/airflow/example_dags/subdags/subdag.py
[2024-03-13T11:12:41.354+0200] {processor.py:830} INFO - Processing file /usr/local/lib/python3.8/site-packages/airflow/example_dags/subdags/subdag.py for tasks to queue
[2024-03-13T11:12:41.354+0200] {logging_mixin.py:188} INFO - [2024-03-13T11:12:41.354+0200] {dagbag.py:540} INFO - Filling up the DagBag from /usr/local/lib/python3.8/site-packages/airflow/example_dags/subdags/subdag.py
[2024-03-13T11:12:41.356+0200] {processor.py:842} WARNING - No viable dags retrieved from /usr/local/lib/python3.8/site-packages/airflow/example_dags/subdags/subdag.py
[2024-03-13T11:12:41.443+0200] {processor.py:183} INFO - Processing /usr/local/lib/python3.8/site-packages/airflow/example_dags/subdags/subdag.py took 0.092 seconds
[2024-03-13T11:16:54.587+0200] {processor.py:161} INFO - Started process (PID=3015) to work on /usr/local/lib/python3.8/site-packages/airflow/example_dags/subdags/subdag.py
[2024-03-13T11:16:54.588+0200] {processor.py:830} INFO - Processing file /usr/local/lib/python3.8/site-packages/airflow/example_dags/subdags/subdag.py for tasks to queue
[2024-03-13T11:16:54.589+0200] {logging_mixin.py:188} INFO - [2024-03-13T11:16:54.589+0200] {dagbag.py:540} INFO - Filling up the DagBag from /usr/local/lib/python3.8/site-packages/airflow/example_dags/subdags/subdag.py
[2024-03-13T11:16:54.590+0200] {processor.py:842} WARNING - No viable dags retrieved from /usr/local/lib/python3.8/site-packages/airflow/example_dags/subdags/subdag.py
[2024-03-13T11:16:54.672+0200] {processor.py:183} INFO - Processing /usr/local/lib/python3.8/site-packages/airflow/example_dags/subdags/subdag.py took 0.086 seconds
[2024-03-13T11:17:58.754+0200] {processor.py:161} INFO - Started process (PID=3267) to work on /usr/local/lib/python3.8/site-packages/airflow/example_dags/subdags/subdag.py
[2024-03-13T11:17:58.754+0200] {processor.py:830} INFO - Processing file /usr/local/lib/python3.8/site-packages/airflow/example_dags/subdags/subdag.py for tasks to queue
[2024-03-13T11:17:58.755+0200] {logging_mixin.py:188} INFO - [2024-03-13T11:17:58.755+0200] {dagbag.py:540} INFO - Filling up the DagBag from /usr/local/lib/python3.8/site-packages/airflow/example_dags/subdags/subdag.py
[2024-03-13T11:17:58.756+0200] {processor.py:842} WARNING - No viable dags retrieved from /usr/local/lib/python3.8/site-packages/airflow/example_dags/subdags/subdag.py
[2024-03-13T11:17:58.839+0200] {processor.py:183} INFO - Processing /usr/local/lib/python3.8/site-packages/airflow/example_dags/subdags/subdag.py took 0.087 seconds
[2024-03-13T11:18:47.854+0200] {processor.py:161} INFO - Started process (PID=3475) to work on /usr/local/lib/python3.8/site-packages/airflow/example_dags/subdags/subdag.py
[2024-03-13T11:18:47.855+0200] {processor.py:830} INFO - Processing file /usr/local/lib/python3.8/site-packages/airflow/example_dags/subdags/subdag.py for tasks to queue
[2024-03-13T11:18:47.856+0200] {logging_mixin.py:188} INFO - [2024-03-13T11:18:47.855+0200] {dagbag.py:540} INFO - Filling up the DagBag from /usr/local/lib/python3.8/site-packages/airflow/example_dags/subdags/subdag.py
[2024-03-13T11:18:47.857+0200] {processor.py:842} WARNING - No viable dags retrieved from /usr/local/lib/python3.8/site-packages/airflow/example_dags/subdags/subdag.py
[2024-03-13T11:18:47.945+0200] {processor.py:183} INFO - Processing /usr/local/lib/python3.8/site-packages/airflow/example_dags/subdags/subdag.py took 0.092 seconds
[2024-03-13T11:19:37.141+0200] {processor.py:161} INFO - Started process (PID=3654) to work on /usr/local/lib/python3.8/site-packages/airflow/example_dags/subdags/subdag.py
[2024-03-13T11:19:37.141+0200] {processor.py:830} INFO - Processing file /usr/local/lib/python3.8/site-packages/airflow/example_dags/subdags/subdag.py for tasks to queue
[2024-03-13T11:19:37.142+0200] {logging_mixin.py:188} INFO - [2024-03-13T11:19:37.142+0200] {dagbag.py:540} INFO - Filling up the DagBag from /usr/local/lib/python3.8/site-packages/airflow/example_dags/subdags/subdag.py
[2024-03-13T11:19:37.144+0200] {processor.py:842} WARNING - No viable dags retrieved from /usr/local/lib/python3.8/site-packages/airflow/example_dags/subdags/subdag.py
[2024-03-13T11:19:37.228+0200] {processor.py:183} INFO - Processing /usr/local/lib/python3.8/site-packages/airflow/example_dags/subdags/subdag.py took 0.089 seconds
[2024-03-13T11:20:16.802+0200] {processor.py:161} INFO - Started process (PID=3814) to work on /usr/local/lib/python3.8/site-packages/airflow/example_dags/subdags/subdag.py
[2024-03-13T11:20:16.803+0200] {processor.py:830} INFO - Processing file /usr/local/lib/python3.8/site-packages/airflow/example_dags/subdags/subdag.py for tasks to queue
[2024-03-13T11:20:16.803+0200] {logging_mixin.py:188} INFO - [2024-03-13T11:20:16.803+0200] {dagbag.py:540} INFO - Filling up the DagBag from /usr/local/lib/python3.8/site-packages/airflow/example_dags/subdags/subdag.py
[2024-03-13T11:20:16.806+0200] {processor.py:842} WARNING - No viable dags retrieved from /usr/local/lib/python3.8/site-packages/airflow/example_dags/subdags/subdag.py
[2024-03-13T11:20:16.931+0200] {processor.py:183} INFO - Processing /usr/local/lib/python3.8/site-packages/airflow/example_dags/subdags/subdag.py took 0.131 seconds
[2024-03-13T11:20:55.085+0200] {processor.py:161} INFO - Started process (PID=3976) to work on /usr/local/lib/python3.8/site-packages/airflow/example_dags/subdags/subdag.py
[2024-03-13T11:20:55.086+0200] {processor.py:830} INFO - Processing file /usr/local/lib/python3.8/site-packages/airflow/example_dags/subdags/subdag.py for tasks to queue
[2024-03-13T11:20:55.087+0200] {logging_mixin.py:188} INFO - [2024-03-13T11:20:55.087+0200] {dagbag.py:540} INFO - Filling up the DagBag from /usr/local/lib/python3.8/site-packages/airflow/example_dags/subdags/subdag.py
[2024-03-13T11:20:55.089+0200] {processor.py:842} WARNING - No viable dags retrieved from /usr/local/lib/python3.8/site-packages/airflow/example_dags/subdags/subdag.py
[2024-03-13T11:20:55.187+0200] {processor.py:183} INFO - Processing /usr/local/lib/python3.8/site-packages/airflow/example_dags/subdags/subdag.py took 0.104 seconds
[2024-03-13T11:21:30.817+0200] {processor.py:161} INFO - Started process (PID=4113) to work on /usr/local/lib/python3.8/site-packages/airflow/example_dags/subdags/subdag.py
[2024-03-13T11:21:30.818+0200] {processor.py:830} INFO - Processing file /usr/local/lib/python3.8/site-packages/airflow/example_dags/subdags/subdag.py for tasks to queue
[2024-03-13T11:21:30.819+0200] {logging_mixin.py:188} INFO - [2024-03-13T11:21:30.819+0200] {dagbag.py:540} INFO - Filling up the DagBag from /usr/local/lib/python3.8/site-packages/airflow/example_dags/subdags/subdag.py
[2024-03-13T11:21:30.821+0200] {processor.py:842} WARNING - No viable dags retrieved from /usr/local/lib/python3.8/site-packages/airflow/example_dags/subdags/subdag.py
[2024-03-13T11:21:30.937+0200] {processor.py:183} INFO - Processing /usr/local/lib/python3.8/site-packages/airflow/example_dags/subdags/subdag.py took 0.122 seconds
[2024-03-13T11:22:17.417+0200] {processor.py:161} INFO - Started process (PID=4295) to work on /usr/local/lib/python3.8/site-packages/airflow/example_dags/subdags/subdag.py
[2024-03-13T11:22:17.418+0200] {processor.py:830} INFO - Processing file /usr/local/lib/python3.8/site-packages/airflow/example_dags/subdags/subdag.py for tasks to queue
[2024-03-13T11:22:17.419+0200] {logging_mixin.py:188} INFO - [2024-03-13T11:22:17.419+0200] {dagbag.py:540} INFO - Filling up the DagBag from /usr/local/lib/python3.8/site-packages/airflow/example_dags/subdags/subdag.py
[2024-03-13T11:22:17.421+0200] {processor.py:842} WARNING - No viable dags retrieved from /usr/local/lib/python3.8/site-packages/airflow/example_dags/subdags/subdag.py
[2024-03-13T11:22:17.515+0200] {processor.py:183} INFO - Processing /usr/local/lib/python3.8/site-packages/airflow/example_dags/subdags/subdag.py took 0.099 seconds
[2024-03-13T11:22:54.565+0200] {processor.py:161} INFO - Started process (PID=4430) to work on /usr/local/lib/python3.8/site-packages/airflow/example_dags/subdags/subdag.py
[2024-03-13T11:22:54.566+0200] {processor.py:830} INFO - Processing file /usr/local/lib/python3.8/site-packages/airflow/example_dags/subdags/subdag.py for tasks to queue
[2024-03-13T11:22:54.566+0200] {logging_mixin.py:188} INFO - [2024-03-13T11:22:54.566+0200] {dagbag.py:540} INFO - Filling up the DagBag from /usr/local/lib/python3.8/site-packages/airflow/example_dags/subdags/subdag.py
[2024-03-13T11:22:54.568+0200] {processor.py:842} WARNING - No viable dags retrieved from /usr/local/lib/python3.8/site-packages/airflow/example_dags/subdags/subdag.py
[2024-03-13T11:22:54.687+0200] {processor.py:183} INFO - Processing /usr/local/lib/python3.8/site-packages/airflow/example_dags/subdags/subdag.py took 0.125 seconds
[2024-03-13T11:23:32.189+0200] {processor.py:161} INFO - Started process (PID=4567) to work on /usr/local/lib/python3.8/site-packages/airflow/example_dags/subdags/subdag.py
[2024-03-13T11:23:32.190+0200] {processor.py:830} INFO - Processing file /usr/local/lib/python3.8/site-packages/airflow/example_dags/subdags/subdag.py for tasks to queue
[2024-03-13T11:23:32.191+0200] {logging_mixin.py:188} INFO - [2024-03-13T11:23:32.191+0200] {dagbag.py:540} INFO - Filling up the DagBag from /usr/local/lib/python3.8/site-packages/airflow/example_dags/subdags/subdag.py
[2024-03-13T11:23:32.193+0200] {processor.py:842} WARNING - No viable dags retrieved from /usr/local/lib/python3.8/site-packages/airflow/example_dags/subdags/subdag.py
[2024-03-13T11:23:32.288+0200] {processor.py:183} INFO - Processing /usr/local/lib/python3.8/site-packages/airflow/example_dags/subdags/subdag.py took 0.100 seconds
[2024-03-13T11:24:10.728+0200] {processor.py:161} INFO - Started process (PID=4695) to work on /usr/local/lib/python3.8/site-packages/airflow/example_dags/subdags/subdag.py
[2024-03-13T11:24:10.729+0200] {processor.py:830} INFO - Processing file /usr/local/lib/python3.8/site-packages/airflow/example_dags/subdags/subdag.py for tasks to queue
[2024-03-13T11:24:10.730+0200] {logging_mixin.py:188} INFO - [2024-03-13T11:24:10.730+0200] {dagbag.py:540} INFO - Filling up the DagBag from /usr/local/lib/python3.8/site-packages/airflow/example_dags/subdags/subdag.py
[2024-03-13T11:24:10.732+0200] {processor.py:842} WARNING - No viable dags retrieved from /usr/local/lib/python3.8/site-packages/airflow/example_dags/subdags/subdag.py
[2024-03-13T11:24:10.843+0200] {processor.py:183} INFO - Processing /usr/local/lib/python3.8/site-packages/airflow/example_dags/subdags/subdag.py took 0.116 seconds
[2024-03-13T11:24:50.559+0200] {processor.py:161} INFO - Started process (PID=4846) to work on /usr/local/lib/python3.8/site-packages/airflow/example_dags/subdags/subdag.py
[2024-03-13T11:24:50.561+0200] {processor.py:830} INFO - Processing file /usr/local/lib/python3.8/site-packages/airflow/example_dags/subdags/subdag.py for tasks to queue
[2024-03-13T11:24:50.561+0200] {logging_mixin.py:188} INFO - [2024-03-13T11:24:50.561+0200] {dagbag.py:540} INFO - Filling up the DagBag from /usr/local/lib/python3.8/site-packages/airflow/example_dags/subdags/subdag.py
[2024-03-13T11:24:50.563+0200] {processor.py:842} WARNING - No viable dags retrieved from /usr/local/lib/python3.8/site-packages/airflow/example_dags/subdags/subdag.py
[2024-03-13T11:24:50.661+0200] {processor.py:183} INFO - Processing /usr/local/lib/python3.8/site-packages/airflow/example_dags/subdags/subdag.py took 0.104 seconds
[2024-03-13T11:25:28.612+0200] {processor.py:161} INFO - Started process (PID=4975) to work on /usr/local/lib/python3.8/site-packages/airflow/example_dags/subdags/subdag.py
[2024-03-13T11:25:28.613+0200] {processor.py:830} INFO - Processing file /usr/local/lib/python3.8/site-packages/airflow/example_dags/subdags/subdag.py for tasks to queue
[2024-03-13T11:25:28.613+0200] {logging_mixin.py:188} INFO - [2024-03-13T11:25:28.613+0200] {dagbag.py:540} INFO - Filling up the DagBag from /usr/local/lib/python3.8/site-packages/airflow/example_dags/subdags/subdag.py
[2024-03-13T11:25:28.615+0200] {processor.py:842} WARNING - No viable dags retrieved from /usr/local/lib/python3.8/site-packages/airflow/example_dags/subdags/subdag.py
[2024-03-13T11:25:28.713+0200] {processor.py:183} INFO - Processing /usr/local/lib/python3.8/site-packages/airflow/example_dags/subdags/subdag.py took 0.103 seconds
[2024-03-13T11:26:14.623+0200] {processor.py:161} INFO - Started process (PID=5154) to work on /usr/local/lib/python3.8/site-packages/airflow/example_dags/subdags/subdag.py
[2024-03-13T11:26:14.623+0200] {processor.py:830} INFO - Processing file /usr/local/lib/python3.8/site-packages/airflow/example_dags/subdags/subdag.py for tasks to queue
[2024-03-13T11:26:14.624+0200] {logging_mixin.py:188} INFO - [2024-03-13T11:26:14.624+0200] {dagbag.py:540} INFO - Filling up the DagBag from /usr/local/lib/python3.8/site-packages/airflow/example_dags/subdags/subdag.py
[2024-03-13T11:26:14.625+0200] {processor.py:842} WARNING - No viable dags retrieved from /usr/local/lib/python3.8/site-packages/airflow/example_dags/subdags/subdag.py
[2024-03-13T11:26:14.720+0200] {processor.py:183} INFO - Processing /usr/local/lib/python3.8/site-packages/airflow/example_dags/subdags/subdag.py took 0.098 seconds
[2024-03-13T11:26:54.566+0200] {processor.py:161} INFO - Started process (PID=5318) to work on /usr/local/lib/python3.8/site-packages/airflow/example_dags/subdags/subdag.py
[2024-03-13T11:26:54.567+0200] {processor.py:830} INFO - Processing file /usr/local/lib/python3.8/site-packages/airflow/example_dags/subdags/subdag.py for tasks to queue
[2024-03-13T11:26:54.568+0200] {logging_mixin.py:188} INFO - [2024-03-13T11:26:54.567+0200] {dagbag.py:540} INFO - Filling up the DagBag from /usr/local/lib/python3.8/site-packages/airflow/example_dags/subdags/subdag.py
[2024-03-13T11:26:54.569+0200] {processor.py:842} WARNING - No viable dags retrieved from /usr/local/lib/python3.8/site-packages/airflow/example_dags/subdags/subdag.py
[2024-03-13T11:26:54.667+0200] {processor.py:183} INFO - Processing /usr/local/lib/python3.8/site-packages/airflow/example_dags/subdags/subdag.py took 0.102 seconds
[2024-03-13T11:27:34.695+0200] {processor.py:161} INFO - Started process (PID=5469) to work on /usr/local/lib/python3.8/site-packages/airflow/example_dags/subdags/subdag.py
[2024-03-13T11:27:34.696+0200] {processor.py:830} INFO - Processing file /usr/local/lib/python3.8/site-packages/airflow/example_dags/subdags/subdag.py for tasks to queue
[2024-03-13T11:27:34.697+0200] {logging_mixin.py:188} INFO - [2024-03-13T11:27:34.696+0200] {dagbag.py:540} INFO - Filling up the DagBag from /usr/local/lib/python3.8/site-packages/airflow/example_dags/subdags/subdag.py
[2024-03-13T11:27:34.698+0200] {processor.py:842} WARNING - No viable dags retrieved from /usr/local/lib/python3.8/site-packages/airflow/example_dags/subdags/subdag.py
[2024-03-13T11:27:34.787+0200] {processor.py:183} INFO - Processing /usr/local/lib/python3.8/site-packages/airflow/example_dags/subdags/subdag.py took 0.093 seconds
[2024-03-13T11:28:18.208+0200] {processor.py:161} INFO - Started process (PID=5639) to work on /usr/local/lib/python3.8/site-packages/airflow/example_dags/subdags/subdag.py
[2024-03-13T11:28:18.209+0200] {processor.py:830} INFO - Processing file /usr/local/lib/python3.8/site-packages/airflow/example_dags/subdags/subdag.py for tasks to queue
[2024-03-13T11:28:18.210+0200] {logging_mixin.py:188} INFO - [2024-03-13T11:28:18.210+0200] {dagbag.py:540} INFO - Filling up the DagBag from /usr/local/lib/python3.8/site-packages/airflow/example_dags/subdags/subdag.py
[2024-03-13T11:28:18.212+0200] {processor.py:842} WARNING - No viable dags retrieved from /usr/local/lib/python3.8/site-packages/airflow/example_dags/subdags/subdag.py
[2024-03-13T11:28:18.313+0200] {processor.py:183} INFO - Processing /usr/local/lib/python3.8/site-packages/airflow/example_dags/subdags/subdag.py took 0.106 seconds
[2024-03-13T11:28:59.751+0200] {processor.py:161} INFO - Started process (PID=5809) to work on /usr/local/lib/python3.8/site-packages/airflow/example_dags/subdags/subdag.py
[2024-03-13T11:28:59.752+0200] {processor.py:830} INFO - Processing file /usr/local/lib/python3.8/site-packages/airflow/example_dags/subdags/subdag.py for tasks to queue
[2024-03-13T11:28:59.753+0200] {logging_mixin.py:188} INFO - [2024-03-13T11:28:59.752+0200] {dagbag.py:540} INFO - Filling up the DagBag from /usr/local/lib/python3.8/site-packages/airflow/example_dags/subdags/subdag.py
[2024-03-13T11:28:59.755+0200] {processor.py:842} WARNING - No viable dags retrieved from /usr/local/lib/python3.8/site-packages/airflow/example_dags/subdags/subdag.py
[2024-03-13T11:28:59.868+0200] {processor.py:183} INFO - Processing /usr/local/lib/python3.8/site-packages/airflow/example_dags/subdags/subdag.py took 0.119 seconds
[2024-03-13T11:29:39.833+0200] {processor.py:161} INFO - Started process (PID=5961) to work on /usr/local/lib/python3.8/site-packages/airflow/example_dags/subdags/subdag.py
[2024-03-13T11:29:39.833+0200] {processor.py:830} INFO - Processing file /usr/local/lib/python3.8/site-packages/airflow/example_dags/subdags/subdag.py for tasks to queue
[2024-03-13T11:29:39.834+0200] {logging_mixin.py:188} INFO - [2024-03-13T11:29:39.834+0200] {dagbag.py:540} INFO - Filling up the DagBag from /usr/local/lib/python3.8/site-packages/airflow/example_dags/subdags/subdag.py
[2024-03-13T11:29:39.836+0200] {processor.py:842} WARNING - No viable dags retrieved from /usr/local/lib/python3.8/site-packages/airflow/example_dags/subdags/subdag.py
[2024-03-13T11:29:39.936+0200] {processor.py:183} INFO - Processing /usr/local/lib/python3.8/site-packages/airflow/example_dags/subdags/subdag.py took 0.105 seconds
[2024-03-13T11:30:21.836+0200] {processor.py:161} INFO - Started process (PID=6125) to work on /usr/local/lib/python3.8/site-packages/airflow/example_dags/subdags/subdag.py
[2024-03-13T11:30:21.837+0200] {processor.py:830} INFO - Processing file /usr/local/lib/python3.8/site-packages/airflow/example_dags/subdags/subdag.py for tasks to queue
[2024-03-13T11:30:21.837+0200] {logging_mixin.py:188} INFO - [2024-03-13T11:30:21.837+0200] {dagbag.py:540} INFO - Filling up the DagBag from /usr/local/lib/python3.8/site-packages/airflow/example_dags/subdags/subdag.py
[2024-03-13T11:30:21.839+0200] {processor.py:842} WARNING - No viable dags retrieved from /usr/local/lib/python3.8/site-packages/airflow/example_dags/subdags/subdag.py
[2024-03-13T11:30:21.939+0200] {processor.py:183} INFO - Processing /usr/local/lib/python3.8/site-packages/airflow/example_dags/subdags/subdag.py took 0.104 seconds
[2024-03-13T11:31:03.781+0200] {processor.py:161} INFO - Started process (PID=6294) to work on /usr/local/lib/python3.8/site-packages/airflow/example_dags/subdags/subdag.py
[2024-03-13T11:31:03.782+0200] {processor.py:830} INFO - Processing file /usr/local/lib/python3.8/site-packages/airflow/example_dags/subdags/subdag.py for tasks to queue
[2024-03-13T11:31:03.782+0200] {logging_mixin.py:188} INFO - [2024-03-13T11:31:03.782+0200] {dagbag.py:540} INFO - Filling up the DagBag from /usr/local/lib/python3.8/site-packages/airflow/example_dags/subdags/subdag.py
[2024-03-13T11:31:03.784+0200] {processor.py:842} WARNING - No viable dags retrieved from /usr/local/lib/python3.8/site-packages/airflow/example_dags/subdags/subdag.py
[2024-03-13T11:31:03.869+0200] {processor.py:183} INFO - Processing /usr/local/lib/python3.8/site-packages/airflow/example_dags/subdags/subdag.py took 0.090 seconds
[2024-03-13T11:31:45.583+0200] {processor.py:161} INFO - Started process (PID=6458) to work on /usr/local/lib/python3.8/site-packages/airflow/example_dags/subdags/subdag.py
[2024-03-13T11:31:45.584+0200] {processor.py:830} INFO - Processing file /usr/local/lib/python3.8/site-packages/airflow/example_dags/subdags/subdag.py for tasks to queue
[2024-03-13T11:31:45.584+0200] {logging_mixin.py:188} INFO - [2024-03-13T11:31:45.584+0200] {dagbag.py:540} INFO - Filling up the DagBag from /usr/local/lib/python3.8/site-packages/airflow/example_dags/subdags/subdag.py
[2024-03-13T11:31:45.586+0200] {processor.py:842} WARNING - No viable dags retrieved from /usr/local/lib/python3.8/site-packages/airflow/example_dags/subdags/subdag.py
[2024-03-13T11:31:45.685+0200] {processor.py:183} INFO - Processing /usr/local/lib/python3.8/site-packages/airflow/example_dags/subdags/subdag.py took 0.104 seconds
[2024-03-13T11:32:27.481+0200] {processor.py:161} INFO - Started process (PID=6624) to work on /usr/local/lib/python3.8/site-packages/airflow/example_dags/subdags/subdag.py
[2024-03-13T11:32:27.482+0200] {processor.py:830} INFO - Processing file /usr/local/lib/python3.8/site-packages/airflow/example_dags/subdags/subdag.py for tasks to queue
[2024-03-13T11:32:27.483+0200] {logging_mixin.py:188} INFO - [2024-03-13T11:32:27.482+0200] {dagbag.py:540} INFO - Filling up the DagBag from /usr/local/lib/python3.8/site-packages/airflow/example_dags/subdags/subdag.py
[2024-03-13T11:32:27.484+0200] {processor.py:842} WARNING - No viable dags retrieved from /usr/local/lib/python3.8/site-packages/airflow/example_dags/subdags/subdag.py
[2024-03-13T11:32:27.569+0200] {processor.py:183} INFO - Processing /usr/local/lib/python3.8/site-packages/airflow/example_dags/subdags/subdag.py took 0.089 seconds
[2024-03-13T11:33:11.504+0200] {processor.py:161} INFO - Started process (PID=6821) to work on /usr/local/lib/python3.8/site-packages/airflow/example_dags/subdags/subdag.py
[2024-03-13T11:33:11.505+0200] {processor.py:830} INFO - Processing file /usr/local/lib/python3.8/site-packages/airflow/example_dags/subdags/subdag.py for tasks to queue
[2024-03-13T11:33:11.506+0200] {logging_mixin.py:188} INFO - [2024-03-13T11:33:11.505+0200] {dagbag.py:540} INFO - Filling up the DagBag from /usr/local/lib/python3.8/site-packages/airflow/example_dags/subdags/subdag.py
[2024-03-13T11:33:11.507+0200] {processor.py:842} WARNING - No viable dags retrieved from /usr/local/lib/python3.8/site-packages/airflow/example_dags/subdags/subdag.py
[2024-03-13T11:33:11.593+0200] {processor.py:183} INFO - Processing /usr/local/lib/python3.8/site-packages/airflow/example_dags/subdags/subdag.py took 0.090 seconds
[2024-03-13T11:33:52.995+0200] {processor.py:161} INFO - Started process (PID=6977) to work on /usr/local/lib/python3.8/site-packages/airflow/example_dags/subdags/subdag.py
[2024-03-13T11:33:52.996+0200] {processor.py:830} INFO - Processing file /usr/local/lib/python3.8/site-packages/airflow/example_dags/subdags/subdag.py for tasks to queue
[2024-03-13T11:33:52.997+0200] {logging_mixin.py:188} INFO - [2024-03-13T11:33:52.997+0200] {dagbag.py:540} INFO - Filling up the DagBag from /usr/local/lib/python3.8/site-packages/airflow/example_dags/subdags/subdag.py
[2024-03-13T11:33:52.999+0200] {processor.py:842} WARNING - No viable dags retrieved from /usr/local/lib/python3.8/site-packages/airflow/example_dags/subdags/subdag.py
[2024-03-13T11:33:53.097+0200] {processor.py:183} INFO - Processing /usr/local/lib/python3.8/site-packages/airflow/example_dags/subdags/subdag.py took 0.103 seconds
[2024-03-13T11:34:34.883+0200] {processor.py:161} INFO - Started process (PID=7140) to work on /usr/local/lib/python3.8/site-packages/airflow/example_dags/subdags/subdag.py
[2024-03-13T11:34:34.884+0200] {processor.py:830} INFO - Processing file /usr/local/lib/python3.8/site-packages/airflow/example_dags/subdags/subdag.py for tasks to queue
[2024-03-13T11:34:34.884+0200] {logging_mixin.py:188} INFO - [2024-03-13T11:34:34.884+0200] {dagbag.py:540} INFO - Filling up the DagBag from /usr/local/lib/python3.8/site-packages/airflow/example_dags/subdags/subdag.py
[2024-03-13T11:34:34.886+0200] {processor.py:842} WARNING - No viable dags retrieved from /usr/local/lib/python3.8/site-packages/airflow/example_dags/subdags/subdag.py
[2024-03-13T11:34:34.992+0200] {processor.py:183} INFO - Processing /usr/local/lib/python3.8/site-packages/airflow/example_dags/subdags/subdag.py took 0.112 seconds
[2024-03-13T11:35:16.650+0200] {processor.py:161} INFO - Started process (PID=7329) to work on /usr/local/lib/python3.8/site-packages/airflow/example_dags/subdags/subdag.py
[2024-03-13T11:35:16.651+0200] {processor.py:830} INFO - Processing file /usr/local/lib/python3.8/site-packages/airflow/example_dags/subdags/subdag.py for tasks to queue
[2024-03-13T11:35:16.652+0200] {logging_mixin.py:188} INFO - [2024-03-13T11:35:16.652+0200] {dagbag.py:540} INFO - Filling up the DagBag from /usr/local/lib/python3.8/site-packages/airflow/example_dags/subdags/subdag.py
[2024-03-13T11:35:16.654+0200] {processor.py:842} WARNING - No viable dags retrieved from /usr/local/lib/python3.8/site-packages/airflow/example_dags/subdags/subdag.py
[2024-03-13T11:35:16.777+0200] {processor.py:183} INFO - Processing /usr/local/lib/python3.8/site-packages/airflow/example_dags/subdags/subdag.py took 0.129 seconds
