[2024-03-18T09:42:10.450+0200] {processor.py:161} INFO - Started process (PID=1568) to work on /usr/local/lib/python3.8/site-packages/airflow/example_dags/example_trigger_controller_dag.py
[2024-03-18T09:42:10.451+0200] {processor.py:830} INFO - Processing file /usr/local/lib/python3.8/site-packages/airflow/example_dags/example_trigger_controller_dag.py for tasks to queue
[2024-03-18T09:42:10.451+0200] {logging_mixin.py:188} INFO - [2024-03-18T09:42:10.451+0200] {dagbag.py:540} INFO - Filling up the DagBag from /usr/local/lib/python3.8/site-packages/airflow/example_dags/example_trigger_controller_dag.py
[2024-03-18T09:42:10.463+0200] {processor.py:840} INFO - DAG(s) 'example_trigger_controller_dag' retrieved from /usr/local/lib/python3.8/site-packages/airflow/example_dags/example_trigger_controller_dag.py
[2024-03-18T09:42:10.493+0200] {logging_mixin.py:188} INFO - [2024-03-18T09:42:10.493+0200] {dag.py:3047} INFO - Sync 1 DAGs
[2024-03-18T09:42:10.664+0200] {logging_mixin.py:188} INFO - [2024-03-18T09:42:10.664+0200] {dag.py:3834} INFO - Setting next_dagrun for example_trigger_controller_dag to 2021-01-01 00:00:00+00:00, run_after=2021-01-01 00:00:00+00:00
[2024-03-18T09:42:10.682+0200] {processor.py:183} INFO - Processing /usr/local/lib/python3.8/site-packages/airflow/example_dags/example_trigger_controller_dag.py took 0.234 seconds
[2024-03-18T09:43:00.378+0200] {processor.py:161} INFO - Started process (PID=1791) to work on /usr/local/lib/python3.8/site-packages/airflow/example_dags/example_trigger_controller_dag.py
[2024-03-18T09:43:00.380+0200] {processor.py:830} INFO - Processing file /usr/local/lib/python3.8/site-packages/airflow/example_dags/example_trigger_controller_dag.py for tasks to queue
[2024-03-18T09:43:00.381+0200] {logging_mixin.py:188} INFO - [2024-03-18T09:43:00.381+0200] {dagbag.py:540} INFO - Filling up the DagBag from /usr/local/lib/python3.8/site-packages/airflow/example_dags/example_trigger_controller_dag.py
[2024-03-18T09:43:00.394+0200] {processor.py:840} INFO - DAG(s) 'example_trigger_controller_dag' retrieved from /usr/local/lib/python3.8/site-packages/airflow/example_dags/example_trigger_controller_dag.py
[2024-03-18T09:43:00.700+0200] {logging_mixin.py:188} INFO - [2024-03-18T09:43:00.699+0200] {dag.py:3047} INFO - Sync 1 DAGs
[2024-03-18T09:43:00.743+0200] {logging_mixin.py:188} INFO - [2024-03-18T09:43:00.742+0200] {dag.py:3834} INFO - Setting next_dagrun for example_trigger_controller_dag to 2021-01-01 00:00:00+00:00, run_after=2021-01-01 00:00:00+00:00
[2024-03-18T09:43:00.760+0200] {processor.py:183} INFO - Processing /usr/local/lib/python3.8/site-packages/airflow/example_dags/example_trigger_controller_dag.py took 0.383 seconds
[2024-03-18T09:43:44.821+0200] {processor.py:161} INFO - Started process (PID=1988) to work on /usr/local/lib/python3.8/site-packages/airflow/example_dags/example_trigger_controller_dag.py
[2024-03-18T09:43:44.822+0200] {processor.py:830} INFO - Processing file /usr/local/lib/python3.8/site-packages/airflow/example_dags/example_trigger_controller_dag.py for tasks to queue
[2024-03-18T09:43:44.823+0200] {logging_mixin.py:188} INFO - [2024-03-18T09:43:44.822+0200] {dagbag.py:540} INFO - Filling up the DagBag from /usr/local/lib/python3.8/site-packages/airflow/example_dags/example_trigger_controller_dag.py
[2024-03-18T09:43:44.834+0200] {processor.py:840} INFO - DAG(s) 'example_trigger_controller_dag' retrieved from /usr/local/lib/python3.8/site-packages/airflow/example_dags/example_trigger_controller_dag.py
[2024-03-18T09:43:44.988+0200] {logging_mixin.py:188} INFO - [2024-03-18T09:43:44.988+0200] {dag.py:3047} INFO - Sync 1 DAGs
[2024-03-18T09:43:45.010+0200] {logging_mixin.py:188} INFO - [2024-03-18T09:43:45.009+0200] {dag.py:3834} INFO - Setting next_dagrun for example_trigger_controller_dag to 2021-01-01 00:00:00+00:00, run_after=2021-01-01 00:00:00+00:00
[2024-03-18T09:43:45.043+0200] {processor.py:183} INFO - Processing /usr/local/lib/python3.8/site-packages/airflow/example_dags/example_trigger_controller_dag.py took 0.224 seconds
[2024-03-18T09:44:30.597+0200] {processor.py:161} INFO - Started process (PID=2195) to work on /usr/local/lib/python3.8/site-packages/airflow/example_dags/example_trigger_controller_dag.py
[2024-03-18T09:44:30.598+0200] {processor.py:830} INFO - Processing file /usr/local/lib/python3.8/site-packages/airflow/example_dags/example_trigger_controller_dag.py for tasks to queue
[2024-03-18T09:44:30.599+0200] {logging_mixin.py:188} INFO - [2024-03-18T09:44:30.598+0200] {dagbag.py:540} INFO - Filling up the DagBag from /usr/local/lib/python3.8/site-packages/airflow/example_dags/example_trigger_controller_dag.py
[2024-03-18T09:44:30.610+0200] {processor.py:840} INFO - DAG(s) 'example_trigger_controller_dag' retrieved from /usr/local/lib/python3.8/site-packages/airflow/example_dags/example_trigger_controller_dag.py
[2024-03-18T09:44:30.756+0200] {logging_mixin.py:188} INFO - [2024-03-18T09:44:30.756+0200] {dag.py:3047} INFO - Sync 1 DAGs
[2024-03-18T09:44:30.776+0200] {logging_mixin.py:188} INFO - [2024-03-18T09:44:30.776+0200] {dag.py:3834} INFO - Setting next_dagrun for example_trigger_controller_dag to 2021-01-01 00:00:00+00:00, run_after=2021-01-01 00:00:00+00:00
[2024-03-18T09:44:30.791+0200] {processor.py:183} INFO - Processing /usr/local/lib/python3.8/site-packages/airflow/example_dags/example_trigger_controller_dag.py took 0.196 seconds
[2024-03-18T09:45:21.515+0200] {processor.py:161} INFO - Started process (PID=2479) to work on /usr/local/lib/python3.8/site-packages/airflow/example_dags/example_trigger_controller_dag.py
[2024-03-18T09:45:21.516+0200] {processor.py:830} INFO - Processing file /usr/local/lib/python3.8/site-packages/airflow/example_dags/example_trigger_controller_dag.py for tasks to queue
[2024-03-18T09:45:21.516+0200] {logging_mixin.py:188} INFO - [2024-03-18T09:45:21.516+0200] {dagbag.py:540} INFO - Filling up the DagBag from /usr/local/lib/python3.8/site-packages/airflow/example_dags/example_trigger_controller_dag.py
[2024-03-18T09:45:21.525+0200] {processor.py:840} INFO - DAG(s) 'example_trigger_controller_dag' retrieved from /usr/local/lib/python3.8/site-packages/airflow/example_dags/example_trigger_controller_dag.py
[2024-03-18T09:45:21.656+0200] {logging_mixin.py:188} INFO - [2024-03-18T09:45:21.656+0200] {dag.py:3047} INFO - Sync 1 DAGs
[2024-03-18T09:45:21.683+0200] {logging_mixin.py:188} INFO - [2024-03-18T09:45:21.683+0200] {dag.py:3834} INFO - Setting next_dagrun for example_trigger_controller_dag to 2021-01-01 00:00:00+00:00, run_after=2021-01-01 00:00:00+00:00
[2024-03-18T09:45:21.699+0200] {processor.py:183} INFO - Processing /usr/local/lib/python3.8/site-packages/airflow/example_dags/example_trigger_controller_dag.py took 0.185 seconds
[2024-03-18T09:46:07.781+0200] {processor.py:161} INFO - Started process (PID=2660) to work on /usr/local/lib/python3.8/site-packages/airflow/example_dags/example_trigger_controller_dag.py
[2024-03-18T09:46:07.781+0200] {processor.py:830} INFO - Processing file /usr/local/lib/python3.8/site-packages/airflow/example_dags/example_trigger_controller_dag.py for tasks to queue
[2024-03-18T09:46:07.782+0200] {logging_mixin.py:188} INFO - [2024-03-18T09:46:07.782+0200] {dagbag.py:540} INFO - Filling up the DagBag from /usr/local/lib/python3.8/site-packages/airflow/example_dags/example_trigger_controller_dag.py
[2024-03-18T09:46:07.793+0200] {processor.py:840} INFO - DAG(s) 'example_trigger_controller_dag' retrieved from /usr/local/lib/python3.8/site-packages/airflow/example_dags/example_trigger_controller_dag.py
[2024-03-18T09:46:07.935+0200] {logging_mixin.py:188} INFO - [2024-03-18T09:46:07.935+0200] {dag.py:3047} INFO - Sync 1 DAGs
[2024-03-18T09:46:07.957+0200] {logging_mixin.py:188} INFO - [2024-03-18T09:46:07.957+0200] {dag.py:3834} INFO - Setting next_dagrun for example_trigger_controller_dag to 2021-01-01 00:00:00+00:00, run_after=2021-01-01 00:00:00+00:00
[2024-03-18T09:46:07.990+0200] {processor.py:183} INFO - Processing /usr/local/lib/python3.8/site-packages/airflow/example_dags/example_trigger_controller_dag.py took 0.211 seconds
[2024-03-18T09:46:57.111+0200] {processor.py:161} INFO - Started process (PID=2944) to work on /usr/local/lib/python3.8/site-packages/airflow/example_dags/example_trigger_controller_dag.py
[2024-03-18T09:46:57.112+0200] {processor.py:830} INFO - Processing file /usr/local/lib/python3.8/site-packages/airflow/example_dags/example_trigger_controller_dag.py for tasks to queue
[2024-03-18T09:46:57.113+0200] {logging_mixin.py:188} INFO - [2024-03-18T09:46:57.113+0200] {dagbag.py:540} INFO - Filling up the DagBag from /usr/local/lib/python3.8/site-packages/airflow/example_dags/example_trigger_controller_dag.py
[2024-03-18T09:46:57.125+0200] {processor.py:840} INFO - DAG(s) 'example_trigger_controller_dag' retrieved from /usr/local/lib/python3.8/site-packages/airflow/example_dags/example_trigger_controller_dag.py
[2024-03-18T09:46:57.285+0200] {logging_mixin.py:188} INFO - [2024-03-18T09:46:57.284+0200] {dag.py:3047} INFO - Sync 1 DAGs
[2024-03-18T09:46:57.306+0200] {logging_mixin.py:188} INFO - [2024-03-18T09:46:57.306+0200] {dag.py:3834} INFO - Setting next_dagrun for example_trigger_controller_dag to 2021-01-01 00:00:00+00:00, run_after=2021-01-01 00:00:00+00:00
[2024-03-18T09:46:57.339+0200] {processor.py:183} INFO - Processing /usr/local/lib/python3.8/site-packages/airflow/example_dags/example_trigger_controller_dag.py took 0.230 seconds
[2024-03-18T09:47:41.605+0200] {processor.py:161} INFO - Started process (PID=3123) to work on /usr/local/lib/python3.8/site-packages/airflow/example_dags/example_trigger_controller_dag.py
[2024-03-18T09:47:41.606+0200] {processor.py:830} INFO - Processing file /usr/local/lib/python3.8/site-packages/airflow/example_dags/example_trigger_controller_dag.py for tasks to queue
[2024-03-18T09:47:41.606+0200] {logging_mixin.py:188} INFO - [2024-03-18T09:47:41.606+0200] {dagbag.py:540} INFO - Filling up the DagBag from /usr/local/lib/python3.8/site-packages/airflow/example_dags/example_trigger_controller_dag.py
[2024-03-18T09:47:41.616+0200] {processor.py:840} INFO - DAG(s) 'example_trigger_controller_dag' retrieved from /usr/local/lib/python3.8/site-packages/airflow/example_dags/example_trigger_controller_dag.py
[2024-03-18T09:47:41.767+0200] {logging_mixin.py:188} INFO - [2024-03-18T09:47:41.766+0200] {dag.py:3047} INFO - Sync 1 DAGs
[2024-03-18T09:47:41.801+0200] {logging_mixin.py:188} INFO - [2024-03-18T09:47:41.801+0200] {dag.py:3834} INFO - Setting next_dagrun for example_trigger_controller_dag to 2021-01-01 00:00:00+00:00, run_after=2021-01-01 00:00:00+00:00
[2024-03-18T09:47:41.834+0200] {processor.py:183} INFO - Processing /usr/local/lib/python3.8/site-packages/airflow/example_dags/example_trigger_controller_dag.py took 0.231 seconds
[2024-03-18T09:48:19.285+0200] {processor.py:161} INFO - Started process (PID=3256) to work on /usr/local/lib/python3.8/site-packages/airflow/example_dags/example_trigger_controller_dag.py
[2024-03-18T09:48:19.286+0200] {processor.py:830} INFO - Processing file /usr/local/lib/python3.8/site-packages/airflow/example_dags/example_trigger_controller_dag.py for tasks to queue
[2024-03-18T09:48:19.287+0200] {logging_mixin.py:188} INFO - [2024-03-18T09:48:19.287+0200] {dagbag.py:540} INFO - Filling up the DagBag from /usr/local/lib/python3.8/site-packages/airflow/example_dags/example_trigger_controller_dag.py
[2024-03-18T09:48:19.299+0200] {processor.py:840} INFO - DAG(s) 'example_trigger_controller_dag' retrieved from /usr/local/lib/python3.8/site-packages/airflow/example_dags/example_trigger_controller_dag.py
[2024-03-18T09:48:19.483+0200] {logging_mixin.py:188} INFO - [2024-03-18T09:48:19.483+0200] {dag.py:3047} INFO - Sync 1 DAGs
[2024-03-18T09:48:19.505+0200] {logging_mixin.py:188} INFO - [2024-03-18T09:48:19.505+0200] {dag.py:3834} INFO - Setting next_dagrun for example_trigger_controller_dag to 2021-01-01 00:00:00+00:00, run_after=2021-01-01 00:00:00+00:00
[2024-03-18T09:48:19.538+0200] {processor.py:183} INFO - Processing /usr/local/lib/python3.8/site-packages/airflow/example_dags/example_trigger_controller_dag.py took 0.255 seconds
[2024-03-18T09:49:00.755+0200] {processor.py:161} INFO - Started process (PID=3411) to work on /usr/local/lib/python3.8/site-packages/airflow/example_dags/example_trigger_controller_dag.py
[2024-03-18T09:49:00.756+0200] {processor.py:830} INFO - Processing file /usr/local/lib/python3.8/site-packages/airflow/example_dags/example_trigger_controller_dag.py for tasks to queue
[2024-03-18T09:49:00.757+0200] {logging_mixin.py:188} INFO - [2024-03-18T09:49:00.757+0200] {dagbag.py:540} INFO - Filling up the DagBag from /usr/local/lib/python3.8/site-packages/airflow/example_dags/example_trigger_controller_dag.py
[2024-03-18T09:49:00.767+0200] {processor.py:840} INFO - DAG(s) 'example_trigger_controller_dag' retrieved from /usr/local/lib/python3.8/site-packages/airflow/example_dags/example_trigger_controller_dag.py
[2024-03-18T09:49:00.933+0200] {logging_mixin.py:188} INFO - [2024-03-18T09:49:00.932+0200] {dag.py:3047} INFO - Sync 1 DAGs
[2024-03-18T09:49:00.955+0200] {logging_mixin.py:188} INFO - [2024-03-18T09:49:00.955+0200] {dag.py:3834} INFO - Setting next_dagrun for example_trigger_controller_dag to 2021-01-01 00:00:00+00:00, run_after=2021-01-01 00:00:00+00:00
[2024-03-18T09:49:00.990+0200] {processor.py:183} INFO - Processing /usr/local/lib/python3.8/site-packages/airflow/example_dags/example_trigger_controller_dag.py took 0.237 seconds
[2024-03-18T09:49:35.921+0200] {processor.py:161} INFO - Started process (PID=3555) to work on /usr/local/lib/python3.8/site-packages/airflow/example_dags/example_trigger_controller_dag.py
[2024-03-18T09:49:35.921+0200] {processor.py:830} INFO - Processing file /usr/local/lib/python3.8/site-packages/airflow/example_dags/example_trigger_controller_dag.py for tasks to queue
[2024-03-18T09:49:35.922+0200] {logging_mixin.py:188} INFO - [2024-03-18T09:49:35.922+0200] {dagbag.py:540} INFO - Filling up the DagBag from /usr/local/lib/python3.8/site-packages/airflow/example_dags/example_trigger_controller_dag.py
[2024-03-18T09:49:35.932+0200] {processor.py:840} INFO - DAG(s) 'example_trigger_controller_dag' retrieved from /usr/local/lib/python3.8/site-packages/airflow/example_dags/example_trigger_controller_dag.py
[2024-03-18T09:49:36.082+0200] {logging_mixin.py:188} INFO - [2024-03-18T09:49:36.081+0200] {dag.py:3047} INFO - Sync 1 DAGs
[2024-03-18T09:49:36.107+0200] {logging_mixin.py:188} INFO - [2024-03-18T09:49:36.107+0200] {dag.py:3834} INFO - Setting next_dagrun for example_trigger_controller_dag to 2021-01-01 00:00:00+00:00, run_after=2021-01-01 00:00:00+00:00
[2024-03-18T09:49:36.142+0200] {processor.py:183} INFO - Processing /usr/local/lib/python3.8/site-packages/airflow/example_dags/example_trigger_controller_dag.py took 0.223 seconds
[2024-03-18T09:50:14.965+0200] {processor.py:161} INFO - Started process (PID=3709) to work on /usr/local/lib/python3.8/site-packages/airflow/example_dags/example_trigger_controller_dag.py
[2024-03-18T09:50:14.966+0200] {processor.py:830} INFO - Processing file /usr/local/lib/python3.8/site-packages/airflow/example_dags/example_trigger_controller_dag.py for tasks to queue
[2024-03-18T09:50:14.966+0200] {logging_mixin.py:188} INFO - [2024-03-18T09:50:14.966+0200] {dagbag.py:540} INFO - Filling up the DagBag from /usr/local/lib/python3.8/site-packages/airflow/example_dags/example_trigger_controller_dag.py
[2024-03-18T09:50:14.975+0200] {processor.py:840} INFO - DAG(s) 'example_trigger_controller_dag' retrieved from /usr/local/lib/python3.8/site-packages/airflow/example_dags/example_trigger_controller_dag.py
[2024-03-18T09:50:15.112+0200] {logging_mixin.py:188} INFO - [2024-03-18T09:50:15.111+0200] {dag.py:3047} INFO - Sync 1 DAGs
[2024-03-18T09:50:15.141+0200] {logging_mixin.py:188} INFO - [2024-03-18T09:50:15.141+0200] {dag.py:3834} INFO - Setting next_dagrun for example_trigger_controller_dag to 2021-01-01 00:00:00+00:00, run_after=2021-01-01 00:00:00+00:00
[2024-03-18T09:50:15.156+0200] {processor.py:183} INFO - Processing /usr/local/lib/python3.8/site-packages/airflow/example_dags/example_trigger_controller_dag.py took 0.192 seconds
[2024-03-18T09:50:51.294+0200] {processor.py:161} INFO - Started process (PID=3861) to work on /usr/local/lib/python3.8/site-packages/airflow/example_dags/example_trigger_controller_dag.py
[2024-03-18T09:50:51.296+0200] {processor.py:830} INFO - Processing file /usr/local/lib/python3.8/site-packages/airflow/example_dags/example_trigger_controller_dag.py for tasks to queue
[2024-03-18T09:50:51.296+0200] {logging_mixin.py:188} INFO - [2024-03-18T09:50:51.296+0200] {dagbag.py:540} INFO - Filling up the DagBag from /usr/local/lib/python3.8/site-packages/airflow/example_dags/example_trigger_controller_dag.py
[2024-03-18T09:50:51.309+0200] {processor.py:840} INFO - DAG(s) 'example_trigger_controller_dag' retrieved from /usr/local/lib/python3.8/site-packages/airflow/example_dags/example_trigger_controller_dag.py
[2024-03-18T09:50:51.481+0200] {logging_mixin.py:188} INFO - [2024-03-18T09:50:51.480+0200] {dag.py:3047} INFO - Sync 1 DAGs
[2024-03-18T09:50:51.506+0200] {logging_mixin.py:188} INFO - [2024-03-18T09:50:51.505+0200] {dag.py:3834} INFO - Setting next_dagrun for example_trigger_controller_dag to 2021-01-01 00:00:00+00:00, run_after=2021-01-01 00:00:00+00:00
[2024-03-18T09:50:51.540+0200] {processor.py:183} INFO - Processing /usr/local/lib/python3.8/site-packages/airflow/example_dags/example_trigger_controller_dag.py took 0.248 seconds
[2024-03-18T09:51:35.815+0200] {processor.py:161} INFO - Started process (PID=4037) to work on /usr/local/lib/python3.8/site-packages/airflow/example_dags/example_trigger_controller_dag.py
[2024-03-18T09:51:35.816+0200] {processor.py:830} INFO - Processing file /usr/local/lib/python3.8/site-packages/airflow/example_dags/example_trigger_controller_dag.py for tasks to queue
[2024-03-18T09:51:35.816+0200] {logging_mixin.py:188} INFO - [2024-03-18T09:51:35.816+0200] {dagbag.py:540} INFO - Filling up the DagBag from /usr/local/lib/python3.8/site-packages/airflow/example_dags/example_trigger_controller_dag.py
[2024-03-18T09:51:35.827+0200] {processor.py:840} INFO - DAG(s) 'example_trigger_controller_dag' retrieved from /usr/local/lib/python3.8/site-packages/airflow/example_dags/example_trigger_controller_dag.py
[2024-03-18T09:51:35.955+0200] {logging_mixin.py:188} INFO - [2024-03-18T09:51:35.955+0200] {dag.py:3047} INFO - Sync 1 DAGs
[2024-03-18T09:51:35.989+0200] {logging_mixin.py:188} INFO - [2024-03-18T09:51:35.989+0200] {dag.py:3834} INFO - Setting next_dagrun for example_trigger_controller_dag to 2021-01-01 00:00:00+00:00, run_after=2021-01-01 00:00:00+00:00
[2024-03-18T09:51:36.003+0200] {processor.py:183} INFO - Processing /usr/local/lib/python3.8/site-packages/airflow/example_dags/example_trigger_controller_dag.py took 0.190 seconds
[2024-03-18T09:52:16.111+0200] {processor.py:161} INFO - Started process (PID=4193) to work on /usr/local/lib/python3.8/site-packages/airflow/example_dags/example_trigger_controller_dag.py
[2024-03-18T09:52:16.112+0200] {processor.py:830} INFO - Processing file /usr/local/lib/python3.8/site-packages/airflow/example_dags/example_trigger_controller_dag.py for tasks to queue
[2024-03-18T09:52:16.112+0200] {logging_mixin.py:188} INFO - [2024-03-18T09:52:16.112+0200] {dagbag.py:540} INFO - Filling up the DagBag from /usr/local/lib/python3.8/site-packages/airflow/example_dags/example_trigger_controller_dag.py
[2024-03-18T09:52:16.121+0200] {processor.py:840} INFO - DAG(s) 'example_trigger_controller_dag' retrieved from /usr/local/lib/python3.8/site-packages/airflow/example_dags/example_trigger_controller_dag.py
[2024-03-18T09:52:16.259+0200] {logging_mixin.py:188} INFO - [2024-03-18T09:52:16.259+0200] {dag.py:3047} INFO - Sync 1 DAGs
[2024-03-18T09:52:16.291+0200] {logging_mixin.py:188} INFO - [2024-03-18T09:52:16.291+0200] {dag.py:3834} INFO - Setting next_dagrun for example_trigger_controller_dag to 2021-01-01 00:00:00+00:00, run_after=2021-01-01 00:00:00+00:00
[2024-03-18T09:52:16.308+0200] {processor.py:183} INFO - Processing /usr/local/lib/python3.8/site-packages/airflow/example_dags/example_trigger_controller_dag.py took 0.199 seconds
[2024-03-18T09:52:57.173+0200] {processor.py:161} INFO - Started process (PID=4345) to work on /usr/local/lib/python3.8/site-packages/airflow/example_dags/example_trigger_controller_dag.py
[2024-03-18T09:52:57.174+0200] {processor.py:830} INFO - Processing file /usr/local/lib/python3.8/site-packages/airflow/example_dags/example_trigger_controller_dag.py for tasks to queue
[2024-03-18T09:52:57.175+0200] {logging_mixin.py:188} INFO - [2024-03-18T09:52:57.175+0200] {dagbag.py:540} INFO - Filling up the DagBag from /usr/local/lib/python3.8/site-packages/airflow/example_dags/example_trigger_controller_dag.py
[2024-03-18T09:52:57.186+0200] {processor.py:840} INFO - DAG(s) 'example_trigger_controller_dag' retrieved from /usr/local/lib/python3.8/site-packages/airflow/example_dags/example_trigger_controller_dag.py
[2024-03-18T09:52:57.330+0200] {logging_mixin.py:188} INFO - [2024-03-18T09:52:57.330+0200] {dag.py:3047} INFO - Sync 1 DAGs
[2024-03-18T09:52:57.391+0200] {logging_mixin.py:188} INFO - [2024-03-18T09:52:57.391+0200] {dag.py:3834} INFO - Setting next_dagrun for example_trigger_controller_dag to 2021-01-01 00:00:00+00:00, run_after=2021-01-01 00:00:00+00:00
[2024-03-18T09:52:57.431+0200] {processor.py:183} INFO - Processing /usr/local/lib/python3.8/site-packages/airflow/example_dags/example_trigger_controller_dag.py took 0.259 seconds
[2024-03-18T09:53:40.547+0200] {processor.py:161} INFO - Started process (PID=4518) to work on /usr/local/lib/python3.8/site-packages/airflow/example_dags/example_trigger_controller_dag.py
[2024-03-18T09:53:40.548+0200] {processor.py:830} INFO - Processing file /usr/local/lib/python3.8/site-packages/airflow/example_dags/example_trigger_controller_dag.py for tasks to queue
[2024-03-18T09:53:40.549+0200] {logging_mixin.py:188} INFO - [2024-03-18T09:53:40.549+0200] {dagbag.py:540} INFO - Filling up the DagBag from /usr/local/lib/python3.8/site-packages/airflow/example_dags/example_trigger_controller_dag.py
[2024-03-18T09:53:40.560+0200] {processor.py:840} INFO - DAG(s) 'example_trigger_controller_dag' retrieved from /usr/local/lib/python3.8/site-packages/airflow/example_dags/example_trigger_controller_dag.py
[2024-03-18T09:53:40.727+0200] {logging_mixin.py:188} INFO - [2024-03-18T09:53:40.727+0200] {dag.py:3047} INFO - Sync 1 DAGs
[2024-03-18T09:53:40.751+0200] {logging_mixin.py:188} INFO - [2024-03-18T09:53:40.750+0200] {dag.py:3834} INFO - Setting next_dagrun for example_trigger_controller_dag to 2021-01-01 00:00:00+00:00, run_after=2021-01-01 00:00:00+00:00
[2024-03-18T09:53:40.787+0200] {processor.py:183} INFO - Processing /usr/local/lib/python3.8/site-packages/airflow/example_dags/example_trigger_controller_dag.py took 0.242 seconds
[2024-03-18T09:54:25.904+0200] {processor.py:161} INFO - Started process (PID=4693) to work on /usr/local/lib/python3.8/site-packages/airflow/example_dags/example_trigger_controller_dag.py
[2024-03-18T09:54:25.905+0200] {processor.py:830} INFO - Processing file /usr/local/lib/python3.8/site-packages/airflow/example_dags/example_trigger_controller_dag.py for tasks to queue
[2024-03-18T09:54:25.905+0200] {logging_mixin.py:188} INFO - [2024-03-18T09:54:25.905+0200] {dagbag.py:540} INFO - Filling up the DagBag from /usr/local/lib/python3.8/site-packages/airflow/example_dags/example_trigger_controller_dag.py
[2024-03-18T09:54:25.915+0200] {processor.py:840} INFO - DAG(s) 'example_trigger_controller_dag' retrieved from /usr/local/lib/python3.8/site-packages/airflow/example_dags/example_trigger_controller_dag.py
[2024-03-18T09:54:26.048+0200] {logging_mixin.py:188} INFO - [2024-03-18T09:54:26.047+0200] {dag.py:3047} INFO - Sync 1 DAGs
[2024-03-18T09:54:26.082+0200] {logging_mixin.py:188} INFO - [2024-03-18T09:54:26.081+0200] {dag.py:3834} INFO - Setting next_dagrun for example_trigger_controller_dag to 2021-01-01 00:00:00+00:00, run_after=2021-01-01 00:00:00+00:00
[2024-03-18T09:54:26.098+0200] {processor.py:183} INFO - Processing /usr/local/lib/python3.8/site-packages/airflow/example_dags/example_trigger_controller_dag.py took 0.196 seconds
[2024-03-18T09:55:06.450+0200] {processor.py:161} INFO - Started process (PID=4852) to work on /usr/local/lib/python3.8/site-packages/airflow/example_dags/example_trigger_controller_dag.py
[2024-03-18T09:55:06.451+0200] {processor.py:830} INFO - Processing file /usr/local/lib/python3.8/site-packages/airflow/example_dags/example_trigger_controller_dag.py for tasks to queue
[2024-03-18T09:55:06.452+0200] {logging_mixin.py:188} INFO - [2024-03-18T09:55:06.452+0200] {dagbag.py:540} INFO - Filling up the DagBag from /usr/local/lib/python3.8/site-packages/airflow/example_dags/example_trigger_controller_dag.py
[2024-03-18T09:55:06.462+0200] {processor.py:840} INFO - DAG(s) 'example_trigger_controller_dag' retrieved from /usr/local/lib/python3.8/site-packages/airflow/example_dags/example_trigger_controller_dag.py
[2024-03-18T09:55:06.606+0200] {logging_mixin.py:188} INFO - [2024-03-18T09:55:06.606+0200] {dag.py:3047} INFO - Sync 1 DAGs
[2024-03-18T09:55:06.641+0200] {logging_mixin.py:188} INFO - [2024-03-18T09:55:06.641+0200] {dag.py:3834} INFO - Setting next_dagrun for example_trigger_controller_dag to 2021-01-01 00:00:00+00:00, run_after=2021-01-01 00:00:00+00:00
[2024-03-18T09:55:06.659+0200] {processor.py:183} INFO - Processing /usr/local/lib/python3.8/site-packages/airflow/example_dags/example_trigger_controller_dag.py took 0.211 seconds
[2024-03-18T09:55:52.953+0200] {processor.py:161} INFO - Started process (PID=5041) to work on /usr/local/lib/python3.8/site-packages/airflow/example_dags/example_trigger_controller_dag.py
[2024-03-18T09:55:52.955+0200] {processor.py:830} INFO - Processing file /usr/local/lib/python3.8/site-packages/airflow/example_dags/example_trigger_controller_dag.py for tasks to queue
[2024-03-18T09:55:52.956+0200] {logging_mixin.py:188} INFO - [2024-03-18T09:55:52.956+0200] {dagbag.py:540} INFO - Filling up the DagBag from /usr/local/lib/python3.8/site-packages/airflow/example_dags/example_trigger_controller_dag.py
[2024-03-18T09:55:52.972+0200] {processor.py:840} INFO - DAG(s) 'example_trigger_controller_dag' retrieved from /usr/local/lib/python3.8/site-packages/airflow/example_dags/example_trigger_controller_dag.py
[2024-03-18T09:55:53.153+0200] {logging_mixin.py:188} INFO - [2024-03-18T09:55:53.153+0200] {dag.py:3047} INFO - Sync 1 DAGs
[2024-03-18T09:55:53.192+0200] {logging_mixin.py:188} INFO - [2024-03-18T09:55:53.191+0200] {dag.py:3834} INFO - Setting next_dagrun for example_trigger_controller_dag to 2021-01-01 00:00:00+00:00, run_after=2021-01-01 00:00:00+00:00
[2024-03-18T09:55:53.227+0200] {processor.py:183} INFO - Processing /usr/local/lib/python3.8/site-packages/airflow/example_dags/example_trigger_controller_dag.py took 0.277 seconds
[2024-03-18T09:56:49.023+0200] {processor.py:161} INFO - Started process (PID=5402) to work on /usr/local/lib/python3.8/site-packages/airflow/example_dags/example_trigger_controller_dag.py
[2024-03-18T09:56:49.025+0200] {processor.py:830} INFO - Processing file /usr/local/lib/python3.8/site-packages/airflow/example_dags/example_trigger_controller_dag.py for tasks to queue
[2024-03-18T09:56:49.026+0200] {logging_mixin.py:188} INFO - [2024-03-18T09:56:49.026+0200] {dagbag.py:540} INFO - Filling up the DagBag from /usr/local/lib/python3.8/site-packages/airflow/example_dags/example_trigger_controller_dag.py
[2024-03-18T09:56:49.042+0200] {processor.py:840} INFO - DAG(s) 'example_trigger_controller_dag' retrieved from /usr/local/lib/python3.8/site-packages/airflow/example_dags/example_trigger_controller_dag.py
[2024-03-18T09:56:49.251+0200] {logging_mixin.py:188} INFO - [2024-03-18T09:56:49.250+0200] {dag.py:3047} INFO - Sync 1 DAGs
[2024-03-18T09:56:49.295+0200] {logging_mixin.py:188} INFO - [2024-03-18T09:56:49.294+0200] {dag.py:3834} INFO - Setting next_dagrun for example_trigger_controller_dag to 2021-01-01 00:00:00+00:00, run_after=2021-01-01 00:00:00+00:00
[2024-03-18T09:56:49.340+0200] {processor.py:183} INFO - Processing /usr/local/lib/python3.8/site-packages/airflow/example_dags/example_trigger_controller_dag.py took 0.321 seconds
[2024-03-18T09:57:31.380+0200] {processor.py:161} INFO - Started process (PID=5703) to work on /usr/local/lib/python3.8/site-packages/airflow/example_dags/example_trigger_controller_dag.py
[2024-03-18T09:57:31.381+0200] {processor.py:830} INFO - Processing file /usr/local/lib/python3.8/site-packages/airflow/example_dags/example_trigger_controller_dag.py for tasks to queue
[2024-03-18T09:57:31.382+0200] {logging_mixin.py:188} INFO - [2024-03-18T09:57:31.382+0200] {dagbag.py:540} INFO - Filling up the DagBag from /usr/local/lib/python3.8/site-packages/airflow/example_dags/example_trigger_controller_dag.py
[2024-03-18T09:57:31.391+0200] {processor.py:840} INFO - DAG(s) 'example_trigger_controller_dag' retrieved from /usr/local/lib/python3.8/site-packages/airflow/example_dags/example_trigger_controller_dag.py
[2024-03-18T09:57:31.537+0200] {logging_mixin.py:188} INFO - [2024-03-18T09:57:31.537+0200] {dag.py:3047} INFO - Sync 1 DAGs
[2024-03-18T09:57:31.556+0200] {logging_mixin.py:188} INFO - [2024-03-18T09:57:31.556+0200] {dag.py:3834} INFO - Setting next_dagrun for example_trigger_controller_dag to 2021-01-01 00:00:00+00:00, run_after=2021-01-01 00:00:00+00:00
[2024-03-18T09:57:31.587+0200] {processor.py:183} INFO - Processing /usr/local/lib/python3.8/site-packages/airflow/example_dags/example_trigger_controller_dag.py took 0.208 seconds
[2024-03-18T09:58:15.044+0200] {processor.py:161} INFO - Started process (PID=5876) to work on /usr/local/lib/python3.8/site-packages/airflow/example_dags/example_trigger_controller_dag.py
[2024-03-18T09:58:15.045+0200] {processor.py:830} INFO - Processing file /usr/local/lib/python3.8/site-packages/airflow/example_dags/example_trigger_controller_dag.py for tasks to queue
[2024-03-18T09:58:15.046+0200] {logging_mixin.py:188} INFO - [2024-03-18T09:58:15.046+0200] {dagbag.py:540} INFO - Filling up the DagBag from /usr/local/lib/python3.8/site-packages/airflow/example_dags/example_trigger_controller_dag.py
[2024-03-18T09:58:15.056+0200] {processor.py:840} INFO - DAG(s) 'example_trigger_controller_dag' retrieved from /usr/local/lib/python3.8/site-packages/airflow/example_dags/example_trigger_controller_dag.py
[2024-03-18T09:58:15.204+0200] {logging_mixin.py:188} INFO - [2024-03-18T09:58:15.204+0200] {dag.py:3047} INFO - Sync 1 DAGs
[2024-03-18T09:58:15.239+0200] {logging_mixin.py:188} INFO - [2024-03-18T09:58:15.239+0200] {dag.py:3834} INFO - Setting next_dagrun for example_trigger_controller_dag to 2021-01-01 00:00:00+00:00, run_after=2021-01-01 00:00:00+00:00
[2024-03-18T09:58:15.254+0200] {processor.py:183} INFO - Processing /usr/local/lib/python3.8/site-packages/airflow/example_dags/example_trigger_controller_dag.py took 0.212 seconds
[2024-03-18T09:59:06.530+0200] {processor.py:161} INFO - Started process (PID=6066) to work on /usr/local/lib/python3.8/site-packages/airflow/example_dags/example_trigger_controller_dag.py
[2024-03-18T09:59:06.531+0200] {processor.py:830} INFO - Processing file /usr/local/lib/python3.8/site-packages/airflow/example_dags/example_trigger_controller_dag.py for tasks to queue
[2024-03-18T09:59:06.532+0200] {logging_mixin.py:188} INFO - [2024-03-18T09:59:06.532+0200] {dagbag.py:540} INFO - Filling up the DagBag from /usr/local/lib/python3.8/site-packages/airflow/example_dags/example_trigger_controller_dag.py
[2024-03-18T09:59:06.543+0200] {processor.py:840} INFO - DAG(s) 'example_trigger_controller_dag' retrieved from /usr/local/lib/python3.8/site-packages/airflow/example_dags/example_trigger_controller_dag.py
[2024-03-18T09:59:06.706+0200] {logging_mixin.py:188} INFO - [2024-03-18T09:59:06.706+0200] {dag.py:3047} INFO - Sync 1 DAGs
[2024-03-18T09:59:06.739+0200] {logging_mixin.py:188} INFO - [2024-03-18T09:59:06.738+0200] {dag.py:3834} INFO - Setting next_dagrun for example_trigger_controller_dag to 2021-01-01 00:00:00+00:00, run_after=2021-01-01 00:00:00+00:00
[2024-03-18T09:59:06.754+0200] {processor.py:183} INFO - Processing /usr/local/lib/python3.8/site-packages/airflow/example_dags/example_trigger_controller_dag.py took 0.225 seconds
[2024-03-18T09:59:51.365+0200] {processor.py:161} INFO - Started process (PID=6230) to work on /usr/local/lib/python3.8/site-packages/airflow/example_dags/example_trigger_controller_dag.py
[2024-03-18T09:59:51.366+0200] {processor.py:830} INFO - Processing file /usr/local/lib/python3.8/site-packages/airflow/example_dags/example_trigger_controller_dag.py for tasks to queue
[2024-03-18T09:59:51.367+0200] {logging_mixin.py:188} INFO - [2024-03-18T09:59:51.366+0200] {dagbag.py:540} INFO - Filling up the DagBag from /usr/local/lib/python3.8/site-packages/airflow/example_dags/example_trigger_controller_dag.py
[2024-03-18T09:59:51.378+0200] {processor.py:840} INFO - DAG(s) 'example_trigger_controller_dag' retrieved from /usr/local/lib/python3.8/site-packages/airflow/example_dags/example_trigger_controller_dag.py
[2024-03-18T09:59:51.560+0200] {logging_mixin.py:188} INFO - [2024-03-18T09:59:51.560+0200] {dag.py:3047} INFO - Sync 1 DAGs
[2024-03-18T09:59:51.597+0200] {logging_mixin.py:188} INFO - [2024-03-18T09:59:51.597+0200] {dag.py:3834} INFO - Setting next_dagrun for example_trigger_controller_dag to 2021-01-01 00:00:00+00:00, run_after=2021-01-01 00:00:00+00:00
[2024-03-18T09:59:51.634+0200] {processor.py:183} INFO - Processing /usr/local/lib/python3.8/site-packages/airflow/example_dags/example_trigger_controller_dag.py took 0.271 seconds
[2024-03-18T10:00:40.600+0200] {processor.py:161} INFO - Started process (PID=6410) to work on /usr/local/lib/python3.8/site-packages/airflow/example_dags/example_trigger_controller_dag.py
[2024-03-18T10:00:40.601+0200] {processor.py:830} INFO - Processing file /usr/local/lib/python3.8/site-packages/airflow/example_dags/example_trigger_controller_dag.py for tasks to queue
[2024-03-18T10:00:40.602+0200] {logging_mixin.py:188} INFO - [2024-03-18T10:00:40.602+0200] {dagbag.py:540} INFO - Filling up the DagBag from /usr/local/lib/python3.8/site-packages/airflow/example_dags/example_trigger_controller_dag.py
[2024-03-18T10:00:40.613+0200] {processor.py:840} INFO - DAG(s) 'example_trigger_controller_dag' retrieved from /usr/local/lib/python3.8/site-packages/airflow/example_dags/example_trigger_controller_dag.py
[2024-03-18T10:00:40.749+0200] {logging_mixin.py:188} INFO - [2024-03-18T10:00:40.748+0200] {dag.py:3047} INFO - Sync 1 DAGs
[2024-03-18T10:00:40.786+0200] {logging_mixin.py:188} INFO - [2024-03-18T10:00:40.786+0200] {dag.py:3834} INFO - Setting next_dagrun for example_trigger_controller_dag to 2021-01-01 00:00:00+00:00, run_after=2021-01-01 00:00:00+00:00
[2024-03-18T10:00:40.801+0200] {processor.py:183} INFO - Processing /usr/local/lib/python3.8/site-packages/airflow/example_dags/example_trigger_controller_dag.py took 0.203 seconds
[2024-03-18T10:01:29.942+0200] {processor.py:161} INFO - Started process (PID=6815) to work on /usr/local/lib/python3.8/site-packages/airflow/example_dags/example_trigger_controller_dag.py
[2024-03-18T10:01:29.943+0200] {processor.py:830} INFO - Processing file /usr/local/lib/python3.8/site-packages/airflow/example_dags/example_trigger_controller_dag.py for tasks to queue
[2024-03-18T10:01:29.944+0200] {logging_mixin.py:188} INFO - [2024-03-18T10:01:29.943+0200] {dagbag.py:540} INFO - Filling up the DagBag from /usr/local/lib/python3.8/site-packages/airflow/example_dags/example_trigger_controller_dag.py
[2024-03-18T10:01:29.954+0200] {processor.py:840} INFO - DAG(s) 'example_trigger_controller_dag' retrieved from /usr/local/lib/python3.8/site-packages/airflow/example_dags/example_trigger_controller_dag.py
[2024-03-18T10:01:30.132+0200] {logging_mixin.py:188} INFO - [2024-03-18T10:01:30.132+0200] {dag.py:3047} INFO - Sync 1 DAGs
[2024-03-18T10:01:30.156+0200] {logging_mixin.py:188} INFO - [2024-03-18T10:01:30.156+0200] {dag.py:3834} INFO - Setting next_dagrun for example_trigger_controller_dag to 2021-01-01 00:00:00+00:00, run_after=2021-01-01 00:00:00+00:00
[2024-03-18T10:01:30.193+0200] {processor.py:183} INFO - Processing /usr/local/lib/python3.8/site-packages/airflow/example_dags/example_trigger_controller_dag.py took 0.252 seconds
[2024-03-18T10:02:14.941+0200] {processor.py:161} INFO - Started process (PID=6994) to work on /usr/local/lib/python3.8/site-packages/airflow/example_dags/example_trigger_controller_dag.py
[2024-03-18T10:02:14.942+0200] {processor.py:830} INFO - Processing file /usr/local/lib/python3.8/site-packages/airflow/example_dags/example_trigger_controller_dag.py for tasks to queue
[2024-03-18T10:02:14.943+0200] {logging_mixin.py:188} INFO - [2024-03-18T10:02:14.943+0200] {dagbag.py:540} INFO - Filling up the DagBag from /usr/local/lib/python3.8/site-packages/airflow/example_dags/example_trigger_controller_dag.py
[2024-03-18T10:02:14.954+0200] {processor.py:840} INFO - DAG(s) 'example_trigger_controller_dag' retrieved from /usr/local/lib/python3.8/site-packages/airflow/example_dags/example_trigger_controller_dag.py
[2024-03-18T10:02:15.131+0200] {logging_mixin.py:188} INFO - [2024-03-18T10:02:15.131+0200] {dag.py:3047} INFO - Sync 1 DAGs
[2024-03-18T10:02:15.152+0200] {logging_mixin.py:188} INFO - [2024-03-18T10:02:15.151+0200] {dag.py:3834} INFO - Setting next_dagrun for example_trigger_controller_dag to 2021-01-01 00:00:00+00:00, run_after=2021-01-01 00:00:00+00:00
[2024-03-18T10:02:15.183+0200] {processor.py:183} INFO - Processing /usr/local/lib/python3.8/site-packages/airflow/example_dags/example_trigger_controller_dag.py took 0.244 seconds
[2024-03-18T10:02:52.601+0200] {processor.py:161} INFO - Started process (PID=7136) to work on /usr/local/lib/python3.8/site-packages/airflow/example_dags/example_trigger_controller_dag.py
[2024-03-18T10:02:52.602+0200] {processor.py:830} INFO - Processing file /usr/local/lib/python3.8/site-packages/airflow/example_dags/example_trigger_controller_dag.py for tasks to queue
[2024-03-18T10:02:52.603+0200] {logging_mixin.py:188} INFO - [2024-03-18T10:02:52.603+0200] {dagbag.py:540} INFO - Filling up the DagBag from /usr/local/lib/python3.8/site-packages/airflow/example_dags/example_trigger_controller_dag.py
[2024-03-18T10:02:52.619+0200] {processor.py:840} INFO - DAG(s) 'example_trigger_controller_dag' retrieved from /usr/local/lib/python3.8/site-packages/airflow/example_dags/example_trigger_controller_dag.py
[2024-03-18T10:02:52.842+0200] {logging_mixin.py:188} INFO - [2024-03-18T10:02:52.841+0200] {dag.py:3047} INFO - Sync 1 DAGs
[2024-03-18T10:02:52.885+0200] {logging_mixin.py:188} INFO - [2024-03-18T10:02:52.885+0200] {dag.py:3834} INFO - Setting next_dagrun for example_trigger_controller_dag to 2021-01-01 00:00:00+00:00, run_after=2021-01-01 00:00:00+00:00
[2024-03-18T10:02:52.939+0200] {processor.py:183} INFO - Processing /usr/local/lib/python3.8/site-packages/airflow/example_dags/example_trigger_controller_dag.py took 0.340 seconds
[2024-03-18T10:03:44.547+0200] {processor.py:161} INFO - Started process (PID=7366) to work on /usr/local/lib/python3.8/site-packages/airflow/example_dags/example_trigger_controller_dag.py
[2024-03-18T10:03:44.548+0200] {processor.py:830} INFO - Processing file /usr/local/lib/python3.8/site-packages/airflow/example_dags/example_trigger_controller_dag.py for tasks to queue
[2024-03-18T10:03:44.548+0200] {logging_mixin.py:188} INFO - [2024-03-18T10:03:44.548+0200] {dagbag.py:540} INFO - Filling up the DagBag from /usr/local/lib/python3.8/site-packages/airflow/example_dags/example_trigger_controller_dag.py
[2024-03-18T10:03:44.560+0200] {processor.py:840} INFO - DAG(s) 'example_trigger_controller_dag' retrieved from /usr/local/lib/python3.8/site-packages/airflow/example_dags/example_trigger_controller_dag.py
[2024-03-18T10:03:44.830+0200] {logging_mixin.py:188} INFO - [2024-03-18T10:03:44.829+0200] {dag.py:3047} INFO - Sync 1 DAGs
[2024-03-18T10:03:44.854+0200] {logging_mixin.py:188} INFO - [2024-03-18T10:03:44.854+0200] {dag.py:3834} INFO - Setting next_dagrun for example_trigger_controller_dag to 2021-01-01 00:00:00+00:00, run_after=2021-01-01 00:00:00+00:00
[2024-03-18T10:03:44.889+0200] {processor.py:183} INFO - Processing /usr/local/lib/python3.8/site-packages/airflow/example_dags/example_trigger_controller_dag.py took 0.344 seconds
[2024-03-18T10:04:24.131+0200] {processor.py:161} INFO - Started process (PID=7543) to work on /usr/local/lib/python3.8/site-packages/airflow/example_dags/example_trigger_controller_dag.py
[2024-03-18T10:04:24.135+0200] {processor.py:830} INFO - Processing file /usr/local/lib/python3.8/site-packages/airflow/example_dags/example_trigger_controller_dag.py for tasks to queue
[2024-03-18T10:04:24.136+0200] {logging_mixin.py:188} INFO - [2024-03-18T10:04:24.136+0200] {dagbag.py:540} INFO - Filling up the DagBag from /usr/local/lib/python3.8/site-packages/airflow/example_dags/example_trigger_controller_dag.py
[2024-03-18T10:04:24.147+0200] {processor.py:840} INFO - DAG(s) 'example_trigger_controller_dag' retrieved from /usr/local/lib/python3.8/site-packages/airflow/example_dags/example_trigger_controller_dag.py
[2024-03-18T10:04:24.300+0200] {logging_mixin.py:188} INFO - [2024-03-18T10:04:24.300+0200] {dag.py:3047} INFO - Sync 1 DAGs
[2024-03-18T10:04:24.333+0200] {logging_mixin.py:188} INFO - [2024-03-18T10:04:24.332+0200] {dag.py:3834} INFO - Setting next_dagrun for example_trigger_controller_dag to 2021-01-01 00:00:00+00:00, run_after=2021-01-01 00:00:00+00:00
[2024-03-18T10:04:24.350+0200] {processor.py:183} INFO - Processing /usr/local/lib/python3.8/site-packages/airflow/example_dags/example_trigger_controller_dag.py took 0.221 seconds
[2024-03-18T10:05:02.393+0200] {processor.py:161} INFO - Started process (PID=7682) to work on /usr/local/lib/python3.8/site-packages/airflow/example_dags/example_trigger_controller_dag.py
[2024-03-18T10:05:02.395+0200] {processor.py:830} INFO - Processing file /usr/local/lib/python3.8/site-packages/airflow/example_dags/example_trigger_controller_dag.py for tasks to queue
[2024-03-18T10:05:02.395+0200] {logging_mixin.py:188} INFO - [2024-03-18T10:05:02.395+0200] {dagbag.py:540} INFO - Filling up the DagBag from /usr/local/lib/python3.8/site-packages/airflow/example_dags/example_trigger_controller_dag.py
[2024-03-18T10:05:02.410+0200] {processor.py:840} INFO - DAG(s) 'example_trigger_controller_dag' retrieved from /usr/local/lib/python3.8/site-packages/airflow/example_dags/example_trigger_controller_dag.py
[2024-03-18T10:05:02.585+0200] {logging_mixin.py:188} INFO - [2024-03-18T10:05:02.585+0200] {dag.py:3047} INFO - Sync 1 DAGs
[2024-03-18T10:05:02.608+0200] {logging_mixin.py:188} INFO - [2024-03-18T10:05:02.608+0200] {dag.py:3834} INFO - Setting next_dagrun for example_trigger_controller_dag to 2021-01-01 00:00:00+00:00, run_after=2021-01-01 00:00:00+00:00
[2024-03-18T10:05:02.640+0200] {processor.py:183} INFO - Processing /usr/local/lib/python3.8/site-packages/airflow/example_dags/example_trigger_controller_dag.py took 0.249 seconds
[2024-03-18T10:05:43.637+0200] {processor.py:161} INFO - Started process (PID=7847) to work on /usr/local/lib/python3.8/site-packages/airflow/example_dags/example_trigger_controller_dag.py
[2024-03-18T10:05:43.639+0200] {processor.py:830} INFO - Processing file /usr/local/lib/python3.8/site-packages/airflow/example_dags/example_trigger_controller_dag.py for tasks to queue
[2024-03-18T10:05:43.640+0200] {logging_mixin.py:188} INFO - [2024-03-18T10:05:43.639+0200] {dagbag.py:540} INFO - Filling up the DagBag from /usr/local/lib/python3.8/site-packages/airflow/example_dags/example_trigger_controller_dag.py
[2024-03-18T10:05:43.654+0200] {processor.py:840} INFO - DAG(s) 'example_trigger_controller_dag' retrieved from /usr/local/lib/python3.8/site-packages/airflow/example_dags/example_trigger_controller_dag.py
[2024-03-18T10:05:43.828+0200] {logging_mixin.py:188} INFO - [2024-03-18T10:05:43.828+0200] {dag.py:3047} INFO - Sync 1 DAGs
[2024-03-18T10:05:43.853+0200] {logging_mixin.py:188} INFO - [2024-03-18T10:05:43.852+0200] {dag.py:3834} INFO - Setting next_dagrun for example_trigger_controller_dag to 2021-01-01 00:00:00+00:00, run_after=2021-01-01 00:00:00+00:00
[2024-03-18T10:05:43.887+0200] {processor.py:183} INFO - Processing /usr/local/lib/python3.8/site-packages/airflow/example_dags/example_trigger_controller_dag.py took 0.252 seconds
[2024-03-18T10:06:22.344+0200] {processor.py:161} INFO - Started process (PID=7993) to work on /usr/local/lib/python3.8/site-packages/airflow/example_dags/example_trigger_controller_dag.py
[2024-03-18T10:06:22.346+0200] {processor.py:830} INFO - Processing file /usr/local/lib/python3.8/site-packages/airflow/example_dags/example_trigger_controller_dag.py for tasks to queue
[2024-03-18T10:06:22.347+0200] {logging_mixin.py:188} INFO - [2024-03-18T10:06:22.346+0200] {dagbag.py:540} INFO - Filling up the DagBag from /usr/local/lib/python3.8/site-packages/airflow/example_dags/example_trigger_controller_dag.py
[2024-03-18T10:06:22.358+0200] {processor.py:840} INFO - DAG(s) 'example_trigger_controller_dag' retrieved from /usr/local/lib/python3.8/site-packages/airflow/example_dags/example_trigger_controller_dag.py
[2024-03-18T10:06:22.492+0200] {logging_mixin.py:188} INFO - [2024-03-18T10:06:22.491+0200] {dag.py:3047} INFO - Sync 1 DAGs
[2024-03-18T10:06:22.526+0200] {logging_mixin.py:188} INFO - [2024-03-18T10:06:22.526+0200] {dag.py:3834} INFO - Setting next_dagrun for example_trigger_controller_dag to 2021-01-01 00:00:00+00:00, run_after=2021-01-01 00:00:00+00:00
[2024-03-18T10:06:22.541+0200] {processor.py:183} INFO - Processing /usr/local/lib/python3.8/site-packages/airflow/example_dags/example_trigger_controller_dag.py took 0.198 seconds
[2024-03-18T10:07:01.151+0200] {processor.py:161} INFO - Started process (PID=8135) to work on /usr/local/lib/python3.8/site-packages/airflow/example_dags/example_trigger_controller_dag.py
[2024-03-18T10:07:01.152+0200] {processor.py:830} INFO - Processing file /usr/local/lib/python3.8/site-packages/airflow/example_dags/example_trigger_controller_dag.py for tasks to queue
[2024-03-18T10:07:01.153+0200] {logging_mixin.py:188} INFO - [2024-03-18T10:07:01.153+0200] {dagbag.py:540} INFO - Filling up the DagBag from /usr/local/lib/python3.8/site-packages/airflow/example_dags/example_trigger_controller_dag.py
[2024-03-18T10:07:01.165+0200] {processor.py:840} INFO - DAG(s) 'example_trigger_controller_dag' retrieved from /usr/local/lib/python3.8/site-packages/airflow/example_dags/example_trigger_controller_dag.py
[2024-03-18T10:07:01.325+0200] {logging_mixin.py:188} INFO - [2024-03-18T10:07:01.325+0200] {dag.py:3047} INFO - Sync 1 DAGs
[2024-03-18T10:07:01.347+0200] {logging_mixin.py:188} INFO - [2024-03-18T10:07:01.347+0200] {dag.py:3834} INFO - Setting next_dagrun for example_trigger_controller_dag to 2021-01-01 00:00:00+00:00, run_after=2021-01-01 00:00:00+00:00
[2024-03-18T10:07:01.380+0200] {processor.py:183} INFO - Processing /usr/local/lib/python3.8/site-packages/airflow/example_dags/example_trigger_controller_dag.py took 0.231 seconds
[2024-03-18T10:07:41.010+0200] {processor.py:161} INFO - Started process (PID=8321) to work on /usr/local/lib/python3.8/site-packages/airflow/example_dags/example_trigger_controller_dag.py
[2024-03-18T10:07:41.012+0200] {processor.py:830} INFO - Processing file /usr/local/lib/python3.8/site-packages/airflow/example_dags/example_trigger_controller_dag.py for tasks to queue
[2024-03-18T10:07:41.012+0200] {logging_mixin.py:188} INFO - [2024-03-18T10:07:41.012+0200] {dagbag.py:540} INFO - Filling up the DagBag from /usr/local/lib/python3.8/site-packages/airflow/example_dags/example_trigger_controller_dag.py
[2024-03-18T10:07:41.026+0200] {processor.py:840} INFO - DAG(s) 'example_trigger_controller_dag' retrieved from /usr/local/lib/python3.8/site-packages/airflow/example_dags/example_trigger_controller_dag.py
[2024-03-18T10:07:41.190+0200] {logging_mixin.py:188} INFO - [2024-03-18T10:07:41.189+0200] {dag.py:3047} INFO - Sync 1 DAGs
[2024-03-18T10:07:41.228+0200] {logging_mixin.py:188} INFO - [2024-03-18T10:07:41.228+0200] {dag.py:3834} INFO - Setting next_dagrun for example_trigger_controller_dag to 2021-01-01 00:00:00+00:00, run_after=2021-01-01 00:00:00+00:00
[2024-03-18T10:07:41.245+0200] {processor.py:183} INFO - Processing /usr/local/lib/python3.8/site-packages/airflow/example_dags/example_trigger_controller_dag.py took 0.237 seconds
[2024-03-18T10:08:26.363+0200] {processor.py:161} INFO - Started process (PID=8597) to work on /usr/local/lib/python3.8/site-packages/airflow/example_dags/example_trigger_controller_dag.py
[2024-03-18T10:08:26.364+0200] {processor.py:830} INFO - Processing file /usr/local/lib/python3.8/site-packages/airflow/example_dags/example_trigger_controller_dag.py for tasks to queue
[2024-03-18T10:08:26.365+0200] {logging_mixin.py:188} INFO - [2024-03-18T10:08:26.364+0200] {dagbag.py:540} INFO - Filling up the DagBag from /usr/local/lib/python3.8/site-packages/airflow/example_dags/example_trigger_controller_dag.py
[2024-03-18T10:08:26.378+0200] {processor.py:840} INFO - DAG(s) 'example_trigger_controller_dag' retrieved from /usr/local/lib/python3.8/site-packages/airflow/example_dags/example_trigger_controller_dag.py
[2024-03-18T10:08:26.549+0200] {logging_mixin.py:188} INFO - [2024-03-18T10:08:26.549+0200] {dag.py:3047} INFO - Sync 1 DAGs
[2024-03-18T10:08:26.584+0200] {logging_mixin.py:188} INFO - [2024-03-18T10:08:26.584+0200] {dag.py:3834} INFO - Setting next_dagrun for example_trigger_controller_dag to 2021-01-01 00:00:00+00:00, run_after=2021-01-01 00:00:00+00:00
[2024-03-18T10:08:26.599+0200] {processor.py:183} INFO - Processing /usr/local/lib/python3.8/site-packages/airflow/example_dags/example_trigger_controller_dag.py took 0.238 seconds
[2024-03-18T10:09:12.745+0200] {processor.py:161} INFO - Started process (PID=8801) to work on /usr/local/lib/python3.8/site-packages/airflow/example_dags/example_trigger_controller_dag.py
[2024-03-18T10:09:12.746+0200] {processor.py:830} INFO - Processing file /usr/local/lib/python3.8/site-packages/airflow/example_dags/example_trigger_controller_dag.py for tasks to queue
[2024-03-18T10:09:12.747+0200] {logging_mixin.py:188} INFO - [2024-03-18T10:09:12.747+0200] {dagbag.py:540} INFO - Filling up the DagBag from /usr/local/lib/python3.8/site-packages/airflow/example_dags/example_trigger_controller_dag.py
[2024-03-18T10:09:12.758+0200] {processor.py:840} INFO - DAG(s) 'example_trigger_controller_dag' retrieved from /usr/local/lib/python3.8/site-packages/airflow/example_dags/example_trigger_controller_dag.py
[2024-03-18T10:09:12.894+0200] {logging_mixin.py:188} INFO - [2024-03-18T10:09:12.894+0200] {dag.py:3047} INFO - Sync 1 DAGs
[2024-03-18T10:09:12.926+0200] {logging_mixin.py:188} INFO - [2024-03-18T10:09:12.926+0200] {dag.py:3834} INFO - Setting next_dagrun for example_trigger_controller_dag to 2021-01-01 00:00:00+00:00, run_after=2021-01-01 00:00:00+00:00
[2024-03-18T10:09:12.940+0200] {processor.py:183} INFO - Processing /usr/local/lib/python3.8/site-packages/airflow/example_dags/example_trigger_controller_dag.py took 0.197 seconds
[2024-03-18T10:09:51.241+0200] {processor.py:161} INFO - Started process (PID=8959) to work on /usr/local/lib/python3.8/site-packages/airflow/example_dags/example_trigger_controller_dag.py
[2024-03-18T10:09:51.242+0200] {processor.py:830} INFO - Processing file /usr/local/lib/python3.8/site-packages/airflow/example_dags/example_trigger_controller_dag.py for tasks to queue
[2024-03-18T10:09:51.242+0200] {logging_mixin.py:188} INFO - [2024-03-18T10:09:51.242+0200] {dagbag.py:540} INFO - Filling up the DagBag from /usr/local/lib/python3.8/site-packages/airflow/example_dags/example_trigger_controller_dag.py
[2024-03-18T10:09:51.253+0200] {processor.py:840} INFO - DAG(s) 'example_trigger_controller_dag' retrieved from /usr/local/lib/python3.8/site-packages/airflow/example_dags/example_trigger_controller_dag.py
[2024-03-18T10:09:51.412+0200] {logging_mixin.py:188} INFO - [2024-03-18T10:09:51.412+0200] {dag.py:3047} INFO - Sync 1 DAGs
[2024-03-18T10:09:51.433+0200] {logging_mixin.py:188} INFO - [2024-03-18T10:09:51.433+0200] {dag.py:3834} INFO - Setting next_dagrun for example_trigger_controller_dag to 2021-01-01 00:00:00+00:00, run_after=2021-01-01 00:00:00+00:00
[2024-03-18T10:09:51.465+0200] {processor.py:183} INFO - Processing /usr/local/lib/python3.8/site-packages/airflow/example_dags/example_trigger_controller_dag.py took 0.227 seconds
[2024-03-18T10:10:38.207+0200] {processor.py:161} INFO - Started process (PID=9127) to work on /usr/local/lib/python3.8/site-packages/airflow/example_dags/example_trigger_controller_dag.py
[2024-03-18T10:10:38.208+0200] {processor.py:830} INFO - Processing file /usr/local/lib/python3.8/site-packages/airflow/example_dags/example_trigger_controller_dag.py for tasks to queue
[2024-03-18T10:10:38.209+0200] {logging_mixin.py:188} INFO - [2024-03-18T10:10:38.209+0200] {dagbag.py:540} INFO - Filling up the DagBag from /usr/local/lib/python3.8/site-packages/airflow/example_dags/example_trigger_controller_dag.py
[2024-03-18T10:10:38.221+0200] {processor.py:840} INFO - DAG(s) 'example_trigger_controller_dag' retrieved from /usr/local/lib/python3.8/site-packages/airflow/example_dags/example_trigger_controller_dag.py
[2024-03-18T10:10:38.357+0200] {logging_mixin.py:188} INFO - [2024-03-18T10:10:38.357+0200] {dag.py:3047} INFO - Sync 1 DAGs
[2024-03-18T10:10:38.392+0200] {logging_mixin.py:188} INFO - [2024-03-18T10:10:38.392+0200] {dag.py:3834} INFO - Setting next_dagrun for example_trigger_controller_dag to 2021-01-01 00:00:00+00:00, run_after=2021-01-01 00:00:00+00:00
[2024-03-18T10:10:38.406+0200] {processor.py:183} INFO - Processing /usr/local/lib/python3.8/site-packages/airflow/example_dags/example_trigger_controller_dag.py took 0.202 seconds
[2024-03-18T10:11:16.137+0200] {processor.py:161} INFO - Started process (PID=9273) to work on /usr/local/lib/python3.8/site-packages/airflow/example_dags/example_trigger_controller_dag.py
[2024-03-18T10:11:16.138+0200] {processor.py:830} INFO - Processing file /usr/local/lib/python3.8/site-packages/airflow/example_dags/example_trigger_controller_dag.py for tasks to queue
[2024-03-18T10:11:16.138+0200] {logging_mixin.py:188} INFO - [2024-03-18T10:11:16.138+0200] {dagbag.py:540} INFO - Filling up the DagBag from /usr/local/lib/python3.8/site-packages/airflow/example_dags/example_trigger_controller_dag.py
[2024-03-18T10:11:16.148+0200] {processor.py:840} INFO - DAG(s) 'example_trigger_controller_dag' retrieved from /usr/local/lib/python3.8/site-packages/airflow/example_dags/example_trigger_controller_dag.py
[2024-03-18T10:11:16.329+0200] {logging_mixin.py:188} INFO - [2024-03-18T10:11:16.329+0200] {dag.py:3047} INFO - Sync 1 DAGs
[2024-03-18T10:11:16.357+0200] {logging_mixin.py:188} INFO - [2024-03-18T10:11:16.356+0200] {dag.py:3834} INFO - Setting next_dagrun for example_trigger_controller_dag to 2021-01-01 00:00:00+00:00, run_after=2021-01-01 00:00:00+00:00
[2024-03-18T10:11:16.391+0200] {processor.py:183} INFO - Processing /usr/local/lib/python3.8/site-packages/airflow/example_dags/example_trigger_controller_dag.py took 0.255 seconds
[2024-03-18T10:11:55.296+0200] {processor.py:161} INFO - Started process (PID=9423) to work on /usr/local/lib/python3.8/site-packages/airflow/example_dags/example_trigger_controller_dag.py
[2024-03-18T10:11:55.297+0200] {processor.py:830} INFO - Processing file /usr/local/lib/python3.8/site-packages/airflow/example_dags/example_trigger_controller_dag.py for tasks to queue
[2024-03-18T10:11:55.297+0200] {logging_mixin.py:188} INFO - [2024-03-18T10:11:55.297+0200] {dagbag.py:540} INFO - Filling up the DagBag from /usr/local/lib/python3.8/site-packages/airflow/example_dags/example_trigger_controller_dag.py
[2024-03-18T10:11:55.310+0200] {processor.py:840} INFO - DAG(s) 'example_trigger_controller_dag' retrieved from /usr/local/lib/python3.8/site-packages/airflow/example_dags/example_trigger_controller_dag.py
[2024-03-18T10:11:55.481+0200] {logging_mixin.py:188} INFO - [2024-03-18T10:11:55.481+0200] {dag.py:3047} INFO - Sync 1 DAGs
[2024-03-18T10:11:55.506+0200] {logging_mixin.py:188} INFO - [2024-03-18T10:11:55.506+0200] {dag.py:3834} INFO - Setting next_dagrun for example_trigger_controller_dag to 2021-01-01 00:00:00+00:00, run_after=2021-01-01 00:00:00+00:00
[2024-03-18T10:11:55.541+0200] {processor.py:183} INFO - Processing /usr/local/lib/python3.8/site-packages/airflow/example_dags/example_trigger_controller_dag.py took 0.247 seconds
[2024-03-18T10:12:38.142+0200] {processor.py:161} INFO - Started process (PID=9592) to work on /usr/local/lib/python3.8/site-packages/airflow/example_dags/example_trigger_controller_dag.py
[2024-03-18T10:12:38.143+0200] {processor.py:830} INFO - Processing file /usr/local/lib/python3.8/site-packages/airflow/example_dags/example_trigger_controller_dag.py for tasks to queue
[2024-03-18T10:12:38.143+0200] {logging_mixin.py:188} INFO - [2024-03-18T10:12:38.143+0200] {dagbag.py:540} INFO - Filling up the DagBag from /usr/local/lib/python3.8/site-packages/airflow/example_dags/example_trigger_controller_dag.py
[2024-03-18T10:12:38.154+0200] {processor.py:840} INFO - DAG(s) 'example_trigger_controller_dag' retrieved from /usr/local/lib/python3.8/site-packages/airflow/example_dags/example_trigger_controller_dag.py
[2024-03-18T10:12:38.326+0200] {logging_mixin.py:188} INFO - [2024-03-18T10:12:38.325+0200] {dag.py:3047} INFO - Sync 1 DAGs
[2024-03-18T10:12:38.352+0200] {logging_mixin.py:188} INFO - [2024-03-18T10:12:38.352+0200] {dag.py:3834} INFO - Setting next_dagrun for example_trigger_controller_dag to 2021-01-01 00:00:00+00:00, run_after=2021-01-01 00:00:00+00:00
[2024-03-18T10:12:38.388+0200] {processor.py:183} INFO - Processing /usr/local/lib/python3.8/site-packages/airflow/example_dags/example_trigger_controller_dag.py took 0.248 seconds
[2024-03-18T10:13:34.264+0200] {processor.py:161} INFO - Started process (PID=9918) to work on /usr/local/lib/python3.8/site-packages/airflow/example_dags/example_trigger_controller_dag.py
[2024-03-18T10:13:34.265+0200] {processor.py:830} INFO - Processing file /usr/local/lib/python3.8/site-packages/airflow/example_dags/example_trigger_controller_dag.py for tasks to queue
[2024-03-18T10:13:34.265+0200] {logging_mixin.py:188} INFO - [2024-03-18T10:13:34.265+0200] {dagbag.py:540} INFO - Filling up the DagBag from /usr/local/lib/python3.8/site-packages/airflow/example_dags/example_trigger_controller_dag.py
[2024-03-18T10:13:34.274+0200] {processor.py:840} INFO - DAG(s) 'example_trigger_controller_dag' retrieved from /usr/local/lib/python3.8/site-packages/airflow/example_dags/example_trigger_controller_dag.py
[2024-03-18T10:13:34.402+0200] {logging_mixin.py:188} INFO - [2024-03-18T10:13:34.401+0200] {dag.py:3047} INFO - Sync 1 DAGs
[2024-03-18T10:13:34.437+0200] {logging_mixin.py:188} INFO - [2024-03-18T10:13:34.437+0200] {dag.py:3834} INFO - Setting next_dagrun for example_trigger_controller_dag to 2021-01-01 00:00:00+00:00, run_after=2021-01-01 00:00:00+00:00
[2024-03-18T10:13:34.452+0200] {processor.py:183} INFO - Processing /usr/local/lib/python3.8/site-packages/airflow/example_dags/example_trigger_controller_dag.py took 0.189 seconds
[2024-03-18T10:14:18.918+0200] {processor.py:161} INFO - Started process (PID=10089) to work on /usr/local/lib/python3.8/site-packages/airflow/example_dags/example_trigger_controller_dag.py
[2024-03-18T10:14:18.919+0200] {processor.py:830} INFO - Processing file /usr/local/lib/python3.8/site-packages/airflow/example_dags/example_trigger_controller_dag.py for tasks to queue
[2024-03-18T10:14:18.919+0200] {logging_mixin.py:188} INFO - [2024-03-18T10:14:18.919+0200] {dagbag.py:540} INFO - Filling up the DagBag from /usr/local/lib/python3.8/site-packages/airflow/example_dags/example_trigger_controller_dag.py
[2024-03-18T10:14:18.930+0200] {processor.py:840} INFO - DAG(s) 'example_trigger_controller_dag' retrieved from /usr/local/lib/python3.8/site-packages/airflow/example_dags/example_trigger_controller_dag.py
[2024-03-18T10:14:19.091+0200] {logging_mixin.py:188} INFO - [2024-03-18T10:14:19.091+0200] {dag.py:3047} INFO - Sync 1 DAGs
[2024-03-18T10:14:19.125+0200] {logging_mixin.py:188} INFO - [2024-03-18T10:14:19.125+0200] {dag.py:3834} INFO - Setting next_dagrun for example_trigger_controller_dag to 2021-01-01 00:00:00+00:00, run_after=2021-01-01 00:00:00+00:00
[2024-03-18T10:14:19.141+0200] {processor.py:183} INFO - Processing /usr/local/lib/python3.8/site-packages/airflow/example_dags/example_trigger_controller_dag.py took 0.225 seconds
[2024-03-18T10:15:07.778+0200] {processor.py:161} INFO - Started process (PID=10273) to work on /usr/local/lib/python3.8/site-packages/airflow/example_dags/example_trigger_controller_dag.py
[2024-03-18T10:15:07.779+0200] {processor.py:830} INFO - Processing file /usr/local/lib/python3.8/site-packages/airflow/example_dags/example_trigger_controller_dag.py for tasks to queue
[2024-03-18T10:15:07.780+0200] {logging_mixin.py:188} INFO - [2024-03-18T10:15:07.779+0200] {dagbag.py:540} INFO - Filling up the DagBag from /usr/local/lib/python3.8/site-packages/airflow/example_dags/example_trigger_controller_dag.py
[2024-03-18T10:15:07.791+0200] {processor.py:840} INFO - DAG(s) 'example_trigger_controller_dag' retrieved from /usr/local/lib/python3.8/site-packages/airflow/example_dags/example_trigger_controller_dag.py
[2024-03-18T10:15:07.970+0200] {logging_mixin.py:188} INFO - [2024-03-18T10:15:07.969+0200] {dag.py:3047} INFO - Sync 1 DAGs
[2024-03-18T10:15:07.991+0200] {logging_mixin.py:188} INFO - [2024-03-18T10:15:07.990+0200] {dag.py:3834} INFO - Setting next_dagrun for example_trigger_controller_dag to 2021-01-01 00:00:00+00:00, run_after=2021-01-01 00:00:00+00:00
[2024-03-18T10:15:08.024+0200] {processor.py:183} INFO - Processing /usr/local/lib/python3.8/site-packages/airflow/example_dags/example_trigger_controller_dag.py took 0.248 seconds
[2024-03-18T10:15:46.888+0200] {processor.py:161} INFO - Started process (PID=10424) to work on /usr/local/lib/python3.8/site-packages/airflow/example_dags/example_trigger_controller_dag.py
[2024-03-18T10:15:46.889+0200] {processor.py:830} INFO - Processing file /usr/local/lib/python3.8/site-packages/airflow/example_dags/example_trigger_controller_dag.py for tasks to queue
[2024-03-18T10:15:46.890+0200] {logging_mixin.py:188} INFO - [2024-03-18T10:15:46.890+0200] {dagbag.py:540} INFO - Filling up the DagBag from /usr/local/lib/python3.8/site-packages/airflow/example_dags/example_trigger_controller_dag.py
[2024-03-18T10:15:46.903+0200] {processor.py:840} INFO - DAG(s) 'example_trigger_controller_dag' retrieved from /usr/local/lib/python3.8/site-packages/airflow/example_dags/example_trigger_controller_dag.py
[2024-03-18T10:15:47.040+0200] {logging_mixin.py:188} INFO - [2024-03-18T10:15:47.039+0200] {dag.py:3047} INFO - Sync 1 DAGs
[2024-03-18T10:15:47.071+0200] {logging_mixin.py:188} INFO - [2024-03-18T10:15:47.071+0200] {dag.py:3834} INFO - Setting next_dagrun for example_trigger_controller_dag to 2021-01-01 00:00:00+00:00, run_after=2021-01-01 00:00:00+00:00
[2024-03-18T10:15:47.086+0200] {processor.py:183} INFO - Processing /usr/local/lib/python3.8/site-packages/airflow/example_dags/example_trigger_controller_dag.py took 0.200 seconds
[2024-03-18T10:16:28.345+0200] {processor.py:161} INFO - Started process (PID=10595) to work on /usr/local/lib/python3.8/site-packages/airflow/example_dags/example_trigger_controller_dag.py
[2024-03-18T10:16:28.346+0200] {processor.py:830} INFO - Processing file /usr/local/lib/python3.8/site-packages/airflow/example_dags/example_trigger_controller_dag.py for tasks to queue
[2024-03-18T10:16:28.347+0200] {logging_mixin.py:188} INFO - [2024-03-18T10:16:28.347+0200] {dagbag.py:540} INFO - Filling up the DagBag from /usr/local/lib/python3.8/site-packages/airflow/example_dags/example_trigger_controller_dag.py
[2024-03-18T10:16:28.358+0200] {processor.py:840} INFO - DAG(s) 'example_trigger_controller_dag' retrieved from /usr/local/lib/python3.8/site-packages/airflow/example_dags/example_trigger_controller_dag.py
[2024-03-18T10:16:28.493+0200] {logging_mixin.py:188} INFO - [2024-03-18T10:16:28.493+0200] {dag.py:3047} INFO - Sync 1 DAGs
[2024-03-18T10:16:28.526+0200] {logging_mixin.py:188} INFO - [2024-03-18T10:16:28.526+0200] {dag.py:3834} INFO - Setting next_dagrun for example_trigger_controller_dag to 2021-01-01 00:00:00+00:00, run_after=2021-01-01 00:00:00+00:00
[2024-03-18T10:16:28.541+0200] {processor.py:183} INFO - Processing /usr/local/lib/python3.8/site-packages/airflow/example_dags/example_trigger_controller_dag.py took 0.197 seconds
[2024-03-18T10:17:07.186+0200] {processor.py:161} INFO - Started process (PID=10751) to work on /usr/local/lib/python3.8/site-packages/airflow/example_dags/example_trigger_controller_dag.py
[2024-03-18T10:17:07.187+0200] {processor.py:830} INFO - Processing file /usr/local/lib/python3.8/site-packages/airflow/example_dags/example_trigger_controller_dag.py for tasks to queue
[2024-03-18T10:17:07.188+0200] {logging_mixin.py:188} INFO - [2024-03-18T10:17:07.188+0200] {dagbag.py:540} INFO - Filling up the DagBag from /usr/local/lib/python3.8/site-packages/airflow/example_dags/example_trigger_controller_dag.py
[2024-03-18T10:17:07.200+0200] {processor.py:840} INFO - DAG(s) 'example_trigger_controller_dag' retrieved from /usr/local/lib/python3.8/site-packages/airflow/example_dags/example_trigger_controller_dag.py
[2024-03-18T10:17:07.379+0200] {logging_mixin.py:188} INFO - [2024-03-18T10:17:07.378+0200] {dag.py:3047} INFO - Sync 1 DAGs
[2024-03-18T10:17:07.419+0200] {logging_mixin.py:188} INFO - [2024-03-18T10:17:07.419+0200] {dag.py:3834} INFO - Setting next_dagrun for example_trigger_controller_dag to 2021-01-01 00:00:00+00:00, run_after=2021-01-01 00:00:00+00:00
[2024-03-18T10:17:07.436+0200] {processor.py:183} INFO - Processing /usr/local/lib/python3.8/site-packages/airflow/example_dags/example_trigger_controller_dag.py took 0.253 seconds
[2024-03-18T10:17:45.482+0200] {processor.py:161} INFO - Started process (PID=10886) to work on /usr/local/lib/python3.8/site-packages/airflow/example_dags/example_trigger_controller_dag.py
[2024-03-18T10:17:45.483+0200] {processor.py:830} INFO - Processing file /usr/local/lib/python3.8/site-packages/airflow/example_dags/example_trigger_controller_dag.py for tasks to queue
[2024-03-18T10:17:45.483+0200] {logging_mixin.py:188} INFO - [2024-03-18T10:17:45.483+0200] {dagbag.py:540} INFO - Filling up the DagBag from /usr/local/lib/python3.8/site-packages/airflow/example_dags/example_trigger_controller_dag.py
[2024-03-18T10:17:45.495+0200] {processor.py:840} INFO - DAG(s) 'example_trigger_controller_dag' retrieved from /usr/local/lib/python3.8/site-packages/airflow/example_dags/example_trigger_controller_dag.py
[2024-03-18T10:17:45.664+0200] {logging_mixin.py:188} INFO - [2024-03-18T10:17:45.663+0200] {dag.py:3047} INFO - Sync 1 DAGs
[2024-03-18T10:17:45.685+0200] {logging_mixin.py:188} INFO - [2024-03-18T10:17:45.685+0200] {dag.py:3834} INFO - Setting next_dagrun for example_trigger_controller_dag to 2021-01-01 00:00:00+00:00, run_after=2021-01-01 00:00:00+00:00
[2024-03-18T10:17:45.719+0200] {processor.py:183} INFO - Processing /usr/local/lib/python3.8/site-packages/airflow/example_dags/example_trigger_controller_dag.py took 0.239 seconds
[2024-03-18T10:18:26.511+0200] {processor.py:161} INFO - Started process (PID=11048) to work on /usr/local/lib/python3.8/site-packages/airflow/example_dags/example_trigger_controller_dag.py
[2024-03-18T10:18:26.512+0200] {processor.py:830} INFO - Processing file /usr/local/lib/python3.8/site-packages/airflow/example_dags/example_trigger_controller_dag.py for tasks to queue
[2024-03-18T10:18:26.512+0200] {logging_mixin.py:188} INFO - [2024-03-18T10:18:26.512+0200] {dagbag.py:540} INFO - Filling up the DagBag from /usr/local/lib/python3.8/site-packages/airflow/example_dags/example_trigger_controller_dag.py
[2024-03-18T10:18:26.524+0200] {processor.py:840} INFO - DAG(s) 'example_trigger_controller_dag' retrieved from /usr/local/lib/python3.8/site-packages/airflow/example_dags/example_trigger_controller_dag.py
[2024-03-18T10:18:26.693+0200] {logging_mixin.py:188} INFO - [2024-03-18T10:18:26.692+0200] {dag.py:3047} INFO - Sync 1 DAGs
[2024-03-18T10:18:26.725+0200] {logging_mixin.py:188} INFO - [2024-03-18T10:18:26.725+0200] {dag.py:3834} INFO - Setting next_dagrun for example_trigger_controller_dag to 2021-01-01 00:00:00+00:00, run_after=2021-01-01 00:00:00+00:00
[2024-03-18T10:18:26.744+0200] {processor.py:183} INFO - Processing /usr/local/lib/python3.8/site-packages/airflow/example_dags/example_trigger_controller_dag.py took 0.235 seconds
[2024-03-18T10:19:09.980+0200] {processor.py:161} INFO - Started process (PID=11218) to work on /usr/local/lib/python3.8/site-packages/airflow/example_dags/example_trigger_controller_dag.py
[2024-03-18T10:19:09.981+0200] {processor.py:830} INFO - Processing file /usr/local/lib/python3.8/site-packages/airflow/example_dags/example_trigger_controller_dag.py for tasks to queue
[2024-03-18T10:19:09.982+0200] {logging_mixin.py:188} INFO - [2024-03-18T10:19:09.982+0200] {dagbag.py:540} INFO - Filling up the DagBag from /usr/local/lib/python3.8/site-packages/airflow/example_dags/example_trigger_controller_dag.py
[2024-03-18T10:19:09.993+0200] {processor.py:840} INFO - DAG(s) 'example_trigger_controller_dag' retrieved from /usr/local/lib/python3.8/site-packages/airflow/example_dags/example_trigger_controller_dag.py
[2024-03-18T10:19:10.129+0200] {logging_mixin.py:188} INFO - [2024-03-18T10:19:10.128+0200] {dag.py:3047} INFO - Sync 1 DAGs
[2024-03-18T10:19:10.164+0200] {logging_mixin.py:188} INFO - [2024-03-18T10:19:10.164+0200] {dag.py:3834} INFO - Setting next_dagrun for example_trigger_controller_dag to 2021-01-01 00:00:00+00:00, run_after=2021-01-01 00:00:00+00:00
[2024-03-18T10:19:10.178+0200] {processor.py:183} INFO - Processing /usr/local/lib/python3.8/site-packages/airflow/example_dags/example_trigger_controller_dag.py took 0.200 seconds
[2024-03-18T10:19:56.565+0200] {processor.py:161} INFO - Started process (PID=11394) to work on /usr/local/lib/python3.8/site-packages/airflow/example_dags/example_trigger_controller_dag.py
[2024-03-18T10:19:56.567+0200] {processor.py:830} INFO - Processing file /usr/local/lib/python3.8/site-packages/airflow/example_dags/example_trigger_controller_dag.py for tasks to queue
[2024-03-18T10:19:56.567+0200] {logging_mixin.py:188} INFO - [2024-03-18T10:19:56.567+0200] {dagbag.py:540} INFO - Filling up the DagBag from /usr/local/lib/python3.8/site-packages/airflow/example_dags/example_trigger_controller_dag.py
[2024-03-18T10:19:56.579+0200] {processor.py:840} INFO - DAG(s) 'example_trigger_controller_dag' retrieved from /usr/local/lib/python3.8/site-packages/airflow/example_dags/example_trigger_controller_dag.py
[2024-03-18T10:19:56.735+0200] {logging_mixin.py:188} INFO - [2024-03-18T10:19:56.734+0200] {dag.py:3047} INFO - Sync 1 DAGs
[2024-03-18T10:19:56.770+0200] {logging_mixin.py:188} INFO - [2024-03-18T10:19:56.769+0200] {dag.py:3834} INFO - Setting next_dagrun for example_trigger_controller_dag to 2021-01-01 00:00:00+00:00, run_after=2021-01-01 00:00:00+00:00
[2024-03-18T10:19:56.785+0200] {processor.py:183} INFO - Processing /usr/local/lib/python3.8/site-packages/airflow/example_dags/example_trigger_controller_dag.py took 0.221 seconds
[2024-03-18T10:20:37.869+0200] {processor.py:161} INFO - Started process (PID=11561) to work on /usr/local/lib/python3.8/site-packages/airflow/example_dags/example_trigger_controller_dag.py
[2024-03-18T10:20:37.871+0200] {processor.py:830} INFO - Processing file /usr/local/lib/python3.8/site-packages/airflow/example_dags/example_trigger_controller_dag.py for tasks to queue
[2024-03-18T10:20:37.872+0200] {logging_mixin.py:188} INFO - [2024-03-18T10:20:37.871+0200] {dagbag.py:540} INFO - Filling up the DagBag from /usr/local/lib/python3.8/site-packages/airflow/example_dags/example_trigger_controller_dag.py
[2024-03-18T10:20:37.886+0200] {processor.py:840} INFO - DAG(s) 'example_trigger_controller_dag' retrieved from /usr/local/lib/python3.8/site-packages/airflow/example_dags/example_trigger_controller_dag.py
[2024-03-18T10:20:38.059+0200] {logging_mixin.py:188} INFO - [2024-03-18T10:20:38.058+0200] {dag.py:3047} INFO - Sync 1 DAGs
[2024-03-18T10:20:38.085+0200] {logging_mixin.py:188} INFO - [2024-03-18T10:20:38.085+0200] {dag.py:3834} INFO - Setting next_dagrun for example_trigger_controller_dag to 2021-01-01 00:00:00+00:00, run_after=2021-01-01 00:00:00+00:00
[2024-03-18T10:20:38.119+0200] {processor.py:183} INFO - Processing /usr/local/lib/python3.8/site-packages/airflow/example_dags/example_trigger_controller_dag.py took 0.251 seconds
[2024-03-18T10:21:20.981+0200] {processor.py:161} INFO - Started process (PID=11772) to work on /usr/local/lib/python3.8/site-packages/airflow/example_dags/example_trigger_controller_dag.py
[2024-03-18T10:21:20.983+0200] {processor.py:830} INFO - Processing file /usr/local/lib/python3.8/site-packages/airflow/example_dags/example_trigger_controller_dag.py for tasks to queue
[2024-03-18T10:21:20.983+0200] {logging_mixin.py:188} INFO - [2024-03-18T10:21:20.983+0200] {dagbag.py:540} INFO - Filling up the DagBag from /usr/local/lib/python3.8/site-packages/airflow/example_dags/example_trigger_controller_dag.py
[2024-03-18T10:21:20.994+0200] {processor.py:840} INFO - DAG(s) 'example_trigger_controller_dag' retrieved from /usr/local/lib/python3.8/site-packages/airflow/example_dags/example_trigger_controller_dag.py
[2024-03-18T10:23:19.792+0200] {processor.py:161} INFO - Started process (PID=11886) to work on /usr/local/lib/python3.8/site-packages/airflow/example_dags/example_trigger_controller_dag.py
[2024-03-18T10:23:19.793+0200] {processor.py:830} INFO - Processing file /usr/local/lib/python3.8/site-packages/airflow/example_dags/example_trigger_controller_dag.py for tasks to queue
[2024-03-18T10:23:19.794+0200] {logging_mixin.py:188} INFO - [2024-03-18T10:23:19.794+0200] {dagbag.py:540} INFO - Filling up the DagBag from /usr/local/lib/python3.8/site-packages/airflow/example_dags/example_trigger_controller_dag.py
[2024-03-18T10:23:19.806+0200] {processor.py:840} INFO - DAG(s) 'example_trigger_controller_dag' retrieved from /usr/local/lib/python3.8/site-packages/airflow/example_dags/example_trigger_controller_dag.py
[2024-03-18T10:23:20.043+0200] {logging_mixin.py:188} INFO - [2024-03-18T10:23:20.042+0200] {dag.py:3047} INFO - Sync 1 DAGs
[2024-03-18T10:23:20.063+0200] {logging_mixin.py:188} INFO - [2024-03-18T10:23:20.063+0200] {dag.py:3834} INFO - Setting next_dagrun for example_trigger_controller_dag to 2021-01-01 00:00:00+00:00, run_after=2021-01-01 00:00:00+00:00
[2024-03-18T10:23:20.080+0200] {processor.py:183} INFO - Processing /usr/local/lib/python3.8/site-packages/airflow/example_dags/example_trigger_controller_dag.py took 0.290 seconds
[2024-03-18T10:24:10.063+0200] {processor.py:161} INFO - Started process (PID=12077) to work on /usr/local/lib/python3.8/site-packages/airflow/example_dags/example_trigger_controller_dag.py
[2024-03-18T10:24:10.064+0200] {processor.py:830} INFO - Processing file /usr/local/lib/python3.8/site-packages/airflow/example_dags/example_trigger_controller_dag.py for tasks to queue
[2024-03-18T10:24:10.065+0200] {logging_mixin.py:188} INFO - [2024-03-18T10:24:10.064+0200] {dagbag.py:540} INFO - Filling up the DagBag from /usr/local/lib/python3.8/site-packages/airflow/example_dags/example_trigger_controller_dag.py
[2024-03-18T10:24:10.077+0200] {processor.py:840} INFO - DAG(s) 'example_trigger_controller_dag' retrieved from /usr/local/lib/python3.8/site-packages/airflow/example_dags/example_trigger_controller_dag.py
[2024-03-18T10:24:10.229+0200] {logging_mixin.py:188} INFO - [2024-03-18T10:24:10.228+0200] {dag.py:3047} INFO - Sync 1 DAGs
[2024-03-18T10:24:10.251+0200] {logging_mixin.py:188} INFO - [2024-03-18T10:24:10.251+0200] {dag.py:3834} INFO - Setting next_dagrun for example_trigger_controller_dag to 2021-01-01 00:00:00+00:00, run_after=2021-01-01 00:00:00+00:00
[2024-03-18T10:24:10.269+0200] {processor.py:183} INFO - Processing /usr/local/lib/python3.8/site-packages/airflow/example_dags/example_trigger_controller_dag.py took 0.208 seconds
[2024-03-18T10:25:03.023+0200] {processor.py:161} INFO - Started process (PID=12293) to work on /usr/local/lib/python3.8/site-packages/airflow/example_dags/example_trigger_controller_dag.py
[2024-03-18T10:25:03.024+0200] {processor.py:830} INFO - Processing file /usr/local/lib/python3.8/site-packages/airflow/example_dags/example_trigger_controller_dag.py for tasks to queue
[2024-03-18T10:25:03.025+0200] {logging_mixin.py:188} INFO - [2024-03-18T10:25:03.024+0200] {dagbag.py:540} INFO - Filling up the DagBag from /usr/local/lib/python3.8/site-packages/airflow/example_dags/example_trigger_controller_dag.py
[2024-03-18T10:25:03.040+0200] {processor.py:840} INFO - DAG(s) 'example_trigger_controller_dag' retrieved from /usr/local/lib/python3.8/site-packages/airflow/example_dags/example_trigger_controller_dag.py
[2024-03-18T10:25:03.232+0200] {logging_mixin.py:188} INFO - [2024-03-18T10:25:03.231+0200] {dag.py:3047} INFO - Sync 1 DAGs
[2024-03-18T10:25:03.268+0200] {logging_mixin.py:188} INFO - [2024-03-18T10:25:03.268+0200] {dag.py:3834} INFO - Setting next_dagrun for example_trigger_controller_dag to 2021-01-01 00:00:00+00:00, run_after=2021-01-01 00:00:00+00:00
[2024-03-18T10:25:03.284+0200] {processor.py:183} INFO - Processing /usr/local/lib/python3.8/site-packages/airflow/example_dags/example_trigger_controller_dag.py took 0.264 seconds
[2024-03-18T10:25:57.357+0200] {processor.py:161} INFO - Started process (PID=12649) to work on /usr/local/lib/python3.8/site-packages/airflow/example_dags/example_trigger_controller_dag.py
[2024-03-18T10:25:57.358+0200] {processor.py:830} INFO - Processing file /usr/local/lib/python3.8/site-packages/airflow/example_dags/example_trigger_controller_dag.py for tasks to queue
[2024-03-18T10:25:57.359+0200] {logging_mixin.py:188} INFO - [2024-03-18T10:25:57.358+0200] {dagbag.py:540} INFO - Filling up the DagBag from /usr/local/lib/python3.8/site-packages/airflow/example_dags/example_trigger_controller_dag.py
[2024-03-18T10:25:57.370+0200] {processor.py:840} INFO - DAG(s) 'example_trigger_controller_dag' retrieved from /usr/local/lib/python3.8/site-packages/airflow/example_dags/example_trigger_controller_dag.py
[2024-03-18T10:25:57.519+0200] {logging_mixin.py:188} INFO - [2024-03-18T10:25:57.518+0200] {dag.py:3047} INFO - Sync 1 DAGs
[2024-03-18T10:25:57.541+0200] {logging_mixin.py:188} INFO - [2024-03-18T10:25:57.541+0200] {dag.py:3834} INFO - Setting next_dagrun for example_trigger_controller_dag to 2021-01-01 00:00:00+00:00, run_after=2021-01-01 00:00:00+00:00
[2024-03-18T10:25:57.577+0200] {processor.py:183} INFO - Processing /usr/local/lib/python3.8/site-packages/airflow/example_dags/example_trigger_controller_dag.py took 0.221 seconds
[2024-03-18T10:26:40.851+0200] {processor.py:161} INFO - Started process (PID=13018) to work on /usr/local/lib/python3.8/site-packages/airflow/example_dags/example_trigger_controller_dag.py
[2024-03-18T10:26:40.852+0200] {processor.py:830} INFO - Processing file /usr/local/lib/python3.8/site-packages/airflow/example_dags/example_trigger_controller_dag.py for tasks to queue
[2024-03-18T10:26:40.853+0200] {logging_mixin.py:188} INFO - [2024-03-18T10:26:40.853+0200] {dagbag.py:540} INFO - Filling up the DagBag from /usr/local/lib/python3.8/site-packages/airflow/example_dags/example_trigger_controller_dag.py
[2024-03-18T10:26:40.863+0200] {processor.py:840} INFO - DAG(s) 'example_trigger_controller_dag' retrieved from /usr/local/lib/python3.8/site-packages/airflow/example_dags/example_trigger_controller_dag.py
[2024-03-18T10:26:40.890+0200] {logging_mixin.py:188} INFO - [2024-03-18T10:26:40.890+0200] {dag.py:3047} INFO - Sync 1 DAGs
[2024-03-18T10:26:41.068+0200] {logging_mixin.py:188} INFO - [2024-03-18T10:26:41.067+0200] {dag.py:3834} INFO - Setting next_dagrun for example_trigger_controller_dag to 2021-01-01 00:00:00+00:00, run_after=2021-01-01 00:00:00+00:00
[2024-03-18T10:26:41.086+0200] {processor.py:183} INFO - Processing /usr/local/lib/python3.8/site-packages/airflow/example_dags/example_trigger_controller_dag.py took 0.236 seconds
[2024-03-18T10:27:31.558+0200] {processor.py:161} INFO - Started process (PID=13332) to work on /usr/local/lib/python3.8/site-packages/airflow/example_dags/example_trigger_controller_dag.py
[2024-03-18T10:27:31.558+0200] {processor.py:830} INFO - Processing file /usr/local/lib/python3.8/site-packages/airflow/example_dags/example_trigger_controller_dag.py for tasks to queue
[2024-03-18T10:27:31.559+0200] {logging_mixin.py:188} INFO - [2024-03-18T10:27:31.559+0200] {dagbag.py:540} INFO - Filling up the DagBag from /usr/local/lib/python3.8/site-packages/airflow/example_dags/example_trigger_controller_dag.py
[2024-03-18T10:27:31.570+0200] {processor.py:840} INFO - DAG(s) 'example_trigger_controller_dag' retrieved from /usr/local/lib/python3.8/site-packages/airflow/example_dags/example_trigger_controller_dag.py
[2024-03-18T10:27:31.815+0200] {logging_mixin.py:188} INFO - [2024-03-18T10:27:31.815+0200] {dag.py:3047} INFO - Sync 1 DAGs
[2024-03-18T10:27:31.835+0200] {logging_mixin.py:188} INFO - [2024-03-18T10:27:31.835+0200] {dag.py:3834} INFO - Setting next_dagrun for example_trigger_controller_dag to 2021-01-01 00:00:00+00:00, run_after=2021-01-01 00:00:00+00:00
[2024-03-18T10:27:31.868+0200] {processor.py:183} INFO - Processing /usr/local/lib/python3.8/site-packages/airflow/example_dags/example_trigger_controller_dag.py took 0.312 seconds
[2024-03-18T10:28:18.332+0200] {processor.py:161} INFO - Started process (PID=13507) to work on /usr/local/lib/python3.8/site-packages/airflow/example_dags/example_trigger_controller_dag.py
[2024-03-18T10:28:18.334+0200] {processor.py:830} INFO - Processing file /usr/local/lib/python3.8/site-packages/airflow/example_dags/example_trigger_controller_dag.py for tasks to queue
[2024-03-18T10:28:18.334+0200] {logging_mixin.py:188} INFO - [2024-03-18T10:28:18.334+0200] {dagbag.py:540} INFO - Filling up the DagBag from /usr/local/lib/python3.8/site-packages/airflow/example_dags/example_trigger_controller_dag.py
[2024-03-18T10:28:18.348+0200] {processor.py:840} INFO - DAG(s) 'example_trigger_controller_dag' retrieved from /usr/local/lib/python3.8/site-packages/airflow/example_dags/example_trigger_controller_dag.py
[2024-03-18T10:28:18.511+0200] {logging_mixin.py:188} INFO - [2024-03-18T10:28:18.511+0200] {dag.py:3047} INFO - Sync 1 DAGs
[2024-03-18T10:28:18.533+0200] {logging_mixin.py:188} INFO - [2024-03-18T10:28:18.533+0200] {dag.py:3834} INFO - Setting next_dagrun for example_trigger_controller_dag to 2021-01-01 00:00:00+00:00, run_after=2021-01-01 00:00:00+00:00
[2024-03-18T10:28:18.566+0200] {processor.py:183} INFO - Processing /usr/local/lib/python3.8/site-packages/airflow/example_dags/example_trigger_controller_dag.py took 0.236 seconds
[2024-03-18T10:29:02.368+0200] {processor.py:161} INFO - Started process (PID=13675) to work on /usr/local/lib/python3.8/site-packages/airflow/example_dags/example_trigger_controller_dag.py
[2024-03-18T10:29:02.369+0200] {processor.py:830} INFO - Processing file /usr/local/lib/python3.8/site-packages/airflow/example_dags/example_trigger_controller_dag.py for tasks to queue
[2024-03-18T10:29:02.370+0200] {logging_mixin.py:188} INFO - [2024-03-18T10:29:02.369+0200] {dagbag.py:540} INFO - Filling up the DagBag from /usr/local/lib/python3.8/site-packages/airflow/example_dags/example_trigger_controller_dag.py
[2024-03-18T10:29:02.386+0200] {processor.py:840} INFO - DAG(s) 'example_trigger_controller_dag' retrieved from /usr/local/lib/python3.8/site-packages/airflow/example_dags/example_trigger_controller_dag.py
[2024-03-18T10:29:02.532+0200] {logging_mixin.py:188} INFO - [2024-03-18T10:29:02.532+0200] {dag.py:3047} INFO - Sync 1 DAGs
[2024-03-18T10:29:02.564+0200] {logging_mixin.py:188} INFO - [2024-03-18T10:29:02.564+0200] {dag.py:3834} INFO - Setting next_dagrun for example_trigger_controller_dag to 2021-01-01 00:00:00+00:00, run_after=2021-01-01 00:00:00+00:00
[2024-03-18T10:29:02.578+0200] {processor.py:183} INFO - Processing /usr/local/lib/python3.8/site-packages/airflow/example_dags/example_trigger_controller_dag.py took 0.212 seconds
[2024-03-18T10:29:44.688+0200] {processor.py:161} INFO - Started process (PID=13831) to work on /usr/local/lib/python3.8/site-packages/airflow/example_dags/example_trigger_controller_dag.py
[2024-03-18T10:29:44.689+0200] {processor.py:830} INFO - Processing file /usr/local/lib/python3.8/site-packages/airflow/example_dags/example_trigger_controller_dag.py for tasks to queue
[2024-03-18T10:29:44.690+0200] {logging_mixin.py:188} INFO - [2024-03-18T10:29:44.690+0200] {dagbag.py:540} INFO - Filling up the DagBag from /usr/local/lib/python3.8/site-packages/airflow/example_dags/example_trigger_controller_dag.py
[2024-03-18T10:29:44.700+0200] {processor.py:840} INFO - DAG(s) 'example_trigger_controller_dag' retrieved from /usr/local/lib/python3.8/site-packages/airflow/example_dags/example_trigger_controller_dag.py
[2024-03-18T10:29:44.860+0200] {logging_mixin.py:188} INFO - [2024-03-18T10:29:44.860+0200] {dag.py:3047} INFO - Sync 1 DAGs
[2024-03-18T10:29:44.882+0200] {logging_mixin.py:188} INFO - [2024-03-18T10:29:44.882+0200] {dag.py:3834} INFO - Setting next_dagrun for example_trigger_controller_dag to 2021-01-01 00:00:00+00:00, run_after=2021-01-01 00:00:00+00:00
[2024-03-18T10:29:44.915+0200] {processor.py:183} INFO - Processing /usr/local/lib/python3.8/site-packages/airflow/example_dags/example_trigger_controller_dag.py took 0.228 seconds
[2024-03-18T10:30:24.318+0200] {processor.py:161} INFO - Started process (PID=13979) to work on /usr/local/lib/python3.8/site-packages/airflow/example_dags/example_trigger_controller_dag.py
[2024-03-18T10:30:24.318+0200] {processor.py:830} INFO - Processing file /usr/local/lib/python3.8/site-packages/airflow/example_dags/example_trigger_controller_dag.py for tasks to queue
[2024-03-18T10:30:24.319+0200] {logging_mixin.py:188} INFO - [2024-03-18T10:30:24.319+0200] {dagbag.py:540} INFO - Filling up the DagBag from /usr/local/lib/python3.8/site-packages/airflow/example_dags/example_trigger_controller_dag.py
[2024-03-18T10:30:24.331+0200] {processor.py:840} INFO - DAG(s) 'example_trigger_controller_dag' retrieved from /usr/local/lib/python3.8/site-packages/airflow/example_dags/example_trigger_controller_dag.py
[2024-03-18T10:30:24.480+0200] {logging_mixin.py:188} INFO - [2024-03-18T10:30:24.480+0200] {dag.py:3047} INFO - Sync 1 DAGs
[2024-03-18T10:30:24.513+0200] {logging_mixin.py:188} INFO - [2024-03-18T10:30:24.513+0200] {dag.py:3834} INFO - Setting next_dagrun for example_trigger_controller_dag to 2021-01-01 00:00:00+00:00, run_after=2021-01-01 00:00:00+00:00
[2024-03-18T10:30:24.528+0200] {processor.py:183} INFO - Processing /usr/local/lib/python3.8/site-packages/airflow/example_dags/example_trigger_controller_dag.py took 0.212 seconds
[2024-03-18T10:31:04.310+0200] {processor.py:161} INFO - Started process (PID=14135) to work on /usr/local/lib/python3.8/site-packages/airflow/example_dags/example_trigger_controller_dag.py
[2024-03-18T10:31:04.311+0200] {processor.py:830} INFO - Processing file /usr/local/lib/python3.8/site-packages/airflow/example_dags/example_trigger_controller_dag.py for tasks to queue
[2024-03-18T10:31:04.311+0200] {logging_mixin.py:188} INFO - [2024-03-18T10:31:04.311+0200] {dagbag.py:540} INFO - Filling up the DagBag from /usr/local/lib/python3.8/site-packages/airflow/example_dags/example_trigger_controller_dag.py
[2024-03-18T10:31:04.325+0200] {processor.py:840} INFO - DAG(s) 'example_trigger_controller_dag' retrieved from /usr/local/lib/python3.8/site-packages/airflow/example_dags/example_trigger_controller_dag.py
[2024-03-18T10:31:04.513+0200] {logging_mixin.py:188} INFO - [2024-03-18T10:31:04.512+0200] {dag.py:3047} INFO - Sync 1 DAGs
[2024-03-18T10:31:04.538+0200] {logging_mixin.py:188} INFO - [2024-03-18T10:31:04.538+0200] {dag.py:3834} INFO - Setting next_dagrun for example_trigger_controller_dag to 2021-01-01 00:00:00+00:00, run_after=2021-01-01 00:00:00+00:00
[2024-03-18T10:31:04.575+0200] {processor.py:183} INFO - Processing /usr/local/lib/python3.8/site-packages/airflow/example_dags/example_trigger_controller_dag.py took 0.267 seconds
[2024-03-18T10:31:44.048+0200] {processor.py:161} INFO - Started process (PID=14303) to work on /usr/local/lib/python3.8/site-packages/airflow/example_dags/example_trigger_controller_dag.py
[2024-03-18T10:31:44.048+0200] {processor.py:830} INFO - Processing file /usr/local/lib/python3.8/site-packages/airflow/example_dags/example_trigger_controller_dag.py for tasks to queue
[2024-03-18T10:31:44.049+0200] {logging_mixin.py:188} INFO - [2024-03-18T10:31:44.049+0200] {dagbag.py:540} INFO - Filling up the DagBag from /usr/local/lib/python3.8/site-packages/airflow/example_dags/example_trigger_controller_dag.py
[2024-03-18T10:31:44.060+0200] {processor.py:840} INFO - DAG(s) 'example_trigger_controller_dag' retrieved from /usr/local/lib/python3.8/site-packages/airflow/example_dags/example_trigger_controller_dag.py
[2024-03-18T10:31:44.214+0200] {logging_mixin.py:188} INFO - [2024-03-18T10:31:44.214+0200] {dag.py:3047} INFO - Sync 1 DAGs
[2024-03-18T10:31:44.237+0200] {logging_mixin.py:188} INFO - [2024-03-18T10:31:44.237+0200] {dag.py:3834} INFO - Setting next_dagrun for example_trigger_controller_dag to 2021-01-01 00:00:00+00:00, run_after=2021-01-01 00:00:00+00:00
[2024-03-18T10:31:44.269+0200] {processor.py:183} INFO - Processing /usr/local/lib/python3.8/site-packages/airflow/example_dags/example_trigger_controller_dag.py took 0.223 seconds
[2024-03-18T10:32:25.613+0200] {processor.py:161} INFO - Started process (PID=14487) to work on /usr/local/lib/python3.8/site-packages/airflow/example_dags/example_trigger_controller_dag.py
[2024-03-18T10:32:25.614+0200] {processor.py:830} INFO - Processing file /usr/local/lib/python3.8/site-packages/airflow/example_dags/example_trigger_controller_dag.py for tasks to queue
[2024-03-18T10:32:25.614+0200] {logging_mixin.py:188} INFO - [2024-03-18T10:32:25.614+0200] {dagbag.py:540} INFO - Filling up the DagBag from /usr/local/lib/python3.8/site-packages/airflow/example_dags/example_trigger_controller_dag.py
[2024-03-18T10:32:25.625+0200] {processor.py:840} INFO - DAG(s) 'example_trigger_controller_dag' retrieved from /usr/local/lib/python3.8/site-packages/airflow/example_dags/example_trigger_controller_dag.py
[2024-03-18T10:32:25.811+0200] {logging_mixin.py:188} INFO - [2024-03-18T10:32:25.811+0200] {dag.py:3047} INFO - Sync 1 DAGs
[2024-03-18T10:32:25.835+0200] {logging_mixin.py:188} INFO - [2024-03-18T10:32:25.835+0200] {dag.py:3834} INFO - Setting next_dagrun for example_trigger_controller_dag to 2021-01-01 00:00:00+00:00, run_after=2021-01-01 00:00:00+00:00
[2024-03-18T10:32:25.868+0200] {processor.py:183} INFO - Processing /usr/local/lib/python3.8/site-packages/airflow/example_dags/example_trigger_controller_dag.py took 0.258 seconds
