[2024-03-18T09:42:18.263+0200] {processor.py:161} INFO - Started process (PID=1625) to work on /usr/local/lib/python3.8/site-packages/airflow/example_dags/example_short_circuit_decorator.py
[2024-03-18T09:42:18.264+0200] {processor.py:830} INFO - Processing file /usr/local/lib/python3.8/site-packages/airflow/example_dags/example_short_circuit_decorator.py for tasks to queue
[2024-03-18T09:42:18.265+0200] {logging_mixin.py:188} INFO - [2024-03-18T09:42:18.265+0200] {dagbag.py:540} INFO - Filling up the DagBag from /usr/local/lib/python3.8/site-packages/airflow/example_dags/example_short_circuit_decorator.py
[2024-03-18T09:42:18.312+0200] {processor.py:840} INFO - DAG(s) 'example_short_circuit_decorator' retrieved from /usr/local/lib/python3.8/site-packages/airflow/example_dags/example_short_circuit_decorator.py
[2024-03-18T09:42:18.347+0200] {logging_mixin.py:188} INFO - [2024-03-18T09:42:18.346+0200] {dag.py:3047} INFO - Sync 1 DAGs
[2024-03-18T09:42:18.590+0200] {logging_mixin.py:188} INFO - [2024-03-18T09:42:18.590+0200] {dag.py:3834} INFO - Setting next_dagrun for example_short_circuit_decorator to 2024-03-17 00:00:00+00:00, run_after=2024-03-18 00:00:00+00:00
[2024-03-18T09:42:18.619+0200] {processor.py:183} INFO - Processing /usr/local/lib/python3.8/site-packages/airflow/example_dags/example_short_circuit_decorator.py took 0.357 seconds
[2024-03-18T09:43:08.455+0200] {processor.py:161} INFO - Started process (PID=1820) to work on /usr/local/lib/python3.8/site-packages/airflow/example_dags/example_short_circuit_decorator.py
[2024-03-18T09:43:08.456+0200] {processor.py:830} INFO - Processing file /usr/local/lib/python3.8/site-packages/airflow/example_dags/example_short_circuit_decorator.py for tasks to queue
[2024-03-18T09:43:08.457+0200] {logging_mixin.py:188} INFO - [2024-03-18T09:43:08.456+0200] {dagbag.py:540} INFO - Filling up the DagBag from /usr/local/lib/python3.8/site-packages/airflow/example_dags/example_short_circuit_decorator.py
[2024-03-18T09:43:08.502+0200] {processor.py:840} INFO - DAG(s) 'example_short_circuit_decorator' retrieved from /usr/local/lib/python3.8/site-packages/airflow/example_dags/example_short_circuit_decorator.py
[2024-03-18T09:43:08.819+0200] {logging_mixin.py:188} INFO - [2024-03-18T09:43:08.819+0200] {dag.py:3047} INFO - Sync 1 DAGs
[2024-03-18T09:43:08.859+0200] {logging_mixin.py:188} INFO - [2024-03-18T09:43:08.859+0200] {dag.py:3834} INFO - Setting next_dagrun for example_short_circuit_decorator to 2024-03-17 00:00:00+00:00, run_after=2024-03-18 00:00:00+00:00
[2024-03-18T09:43:08.903+0200] {processor.py:183} INFO - Processing /usr/local/lib/python3.8/site-packages/airflow/example_dags/example_short_circuit_decorator.py took 0.449 seconds
[2024-03-18T09:43:52.434+0200] {processor.py:161} INFO - Started process (PID=2021) to work on /usr/local/lib/python3.8/site-packages/airflow/example_dags/example_short_circuit_decorator.py
[2024-03-18T09:43:52.435+0200] {processor.py:830} INFO - Processing file /usr/local/lib/python3.8/site-packages/airflow/example_dags/example_short_circuit_decorator.py for tasks to queue
[2024-03-18T09:43:52.436+0200] {logging_mixin.py:188} INFO - [2024-03-18T09:43:52.435+0200] {dagbag.py:540} INFO - Filling up the DagBag from /usr/local/lib/python3.8/site-packages/airflow/example_dags/example_short_circuit_decorator.py
[2024-03-18T09:43:52.472+0200] {processor.py:840} INFO - DAG(s) 'example_short_circuit_decorator' retrieved from /usr/local/lib/python3.8/site-packages/airflow/example_dags/example_short_circuit_decorator.py
[2024-03-18T09:43:52.638+0200] {logging_mixin.py:188} INFO - [2024-03-18T09:43:52.638+0200] {dag.py:3047} INFO - Sync 1 DAGs
[2024-03-18T09:43:52.663+0200] {logging_mixin.py:188} INFO - [2024-03-18T09:43:52.662+0200] {dag.py:3834} INFO - Setting next_dagrun for example_short_circuit_decorator to 2024-03-17 00:00:00+00:00, run_after=2024-03-18 00:00:00+00:00
[2024-03-18T09:43:52.696+0200] {processor.py:183} INFO - Processing /usr/local/lib/python3.8/site-packages/airflow/example_dags/example_short_circuit_decorator.py took 0.263 seconds
[2024-03-18T09:44:38.075+0200] {processor.py:161} INFO - Started process (PID=2221) to work on /usr/local/lib/python3.8/site-packages/airflow/example_dags/example_short_circuit_decorator.py
[2024-03-18T09:44:38.077+0200] {processor.py:830} INFO - Processing file /usr/local/lib/python3.8/site-packages/airflow/example_dags/example_short_circuit_decorator.py for tasks to queue
[2024-03-18T09:44:38.077+0200] {logging_mixin.py:188} INFO - [2024-03-18T09:44:38.077+0200] {dagbag.py:540} INFO - Filling up the DagBag from /usr/local/lib/python3.8/site-packages/airflow/example_dags/example_short_circuit_decorator.py
[2024-03-18T09:44:38.113+0200] {processor.py:840} INFO - DAG(s) 'example_short_circuit_decorator' retrieved from /usr/local/lib/python3.8/site-packages/airflow/example_dags/example_short_circuit_decorator.py
[2024-03-18T09:44:38.282+0200] {logging_mixin.py:188} INFO - [2024-03-18T09:44:38.281+0200] {dag.py:3047} INFO - Sync 1 DAGs
[2024-03-18T09:44:38.303+0200] {logging_mixin.py:188} INFO - [2024-03-18T09:44:38.303+0200] {dag.py:3834} INFO - Setting next_dagrun for example_short_circuit_decorator to 2024-03-17 00:00:00+00:00, run_after=2024-03-18 00:00:00+00:00
[2024-03-18T09:44:38.318+0200] {processor.py:183} INFO - Processing /usr/local/lib/python3.8/site-packages/airflow/example_dags/example_short_circuit_decorator.py took 0.244 seconds
[2024-03-18T09:45:28.495+0200] {processor.py:161} INFO - Started process (PID=2512) to work on /usr/local/lib/python3.8/site-packages/airflow/example_dags/example_short_circuit_decorator.py
[2024-03-18T09:45:28.496+0200] {processor.py:830} INFO - Processing file /usr/local/lib/python3.8/site-packages/airflow/example_dags/example_short_circuit_decorator.py for tasks to queue
[2024-03-18T09:45:28.496+0200] {logging_mixin.py:188} INFO - [2024-03-18T09:45:28.496+0200] {dagbag.py:540} INFO - Filling up the DagBag from /usr/local/lib/python3.8/site-packages/airflow/example_dags/example_short_circuit_decorator.py
[2024-03-18T09:45:28.531+0200] {processor.py:840} INFO - DAG(s) 'example_short_circuit_decorator' retrieved from /usr/local/lib/python3.8/site-packages/airflow/example_dags/example_short_circuit_decorator.py
[2024-03-18T09:45:28.705+0200] {logging_mixin.py:188} INFO - [2024-03-18T09:45:28.705+0200] {dag.py:3047} INFO - Sync 1 DAGs
[2024-03-18T09:45:28.734+0200] {logging_mixin.py:188} INFO - [2024-03-18T09:45:28.734+0200] {dag.py:3834} INFO - Setting next_dagrun for example_short_circuit_decorator to 2024-03-17 00:00:00+00:00, run_after=2024-03-18 00:00:00+00:00
[2024-03-18T09:45:28.750+0200] {processor.py:183} INFO - Processing /usr/local/lib/python3.8/site-packages/airflow/example_dags/example_short_circuit_decorator.py took 0.257 seconds
[2024-03-18T09:46:15.476+0200] {processor.py:161} INFO - Started process (PID=2690) to work on /usr/local/lib/python3.8/site-packages/airflow/example_dags/example_short_circuit_decorator.py
[2024-03-18T09:46:15.477+0200] {processor.py:830} INFO - Processing file /usr/local/lib/python3.8/site-packages/airflow/example_dags/example_short_circuit_decorator.py for tasks to queue
[2024-03-18T09:46:15.478+0200] {logging_mixin.py:188} INFO - [2024-03-18T09:46:15.478+0200] {dagbag.py:540} INFO - Filling up the DagBag from /usr/local/lib/python3.8/site-packages/airflow/example_dags/example_short_circuit_decorator.py
[2024-03-18T09:46:15.516+0200] {processor.py:840} INFO - DAG(s) 'example_short_circuit_decorator' retrieved from /usr/local/lib/python3.8/site-packages/airflow/example_dags/example_short_circuit_decorator.py
[2024-03-18T09:46:15.685+0200] {logging_mixin.py:188} INFO - [2024-03-18T09:46:15.685+0200] {dag.py:3047} INFO - Sync 1 DAGs
[2024-03-18T09:46:15.705+0200] {logging_mixin.py:188} INFO - [2024-03-18T09:46:15.705+0200] {dag.py:3834} INFO - Setting next_dagrun for example_short_circuit_decorator to 2024-03-17 00:00:00+00:00, run_after=2024-03-18 00:00:00+00:00
[2024-03-18T09:46:15.739+0200] {processor.py:183} INFO - Processing /usr/local/lib/python3.8/site-packages/airflow/example_dags/example_short_circuit_decorator.py took 0.265 seconds
[2024-03-18T09:47:04.137+0200] {processor.py:161} INFO - Started process (PID=2969) to work on /usr/local/lib/python3.8/site-packages/airflow/example_dags/example_short_circuit_decorator.py
[2024-03-18T09:47:04.138+0200] {processor.py:830} INFO - Processing file /usr/local/lib/python3.8/site-packages/airflow/example_dags/example_short_circuit_decorator.py for tasks to queue
[2024-03-18T09:47:04.139+0200] {logging_mixin.py:188} INFO - [2024-03-18T09:47:04.138+0200] {dagbag.py:540} INFO - Filling up the DagBag from /usr/local/lib/python3.8/site-packages/airflow/example_dags/example_short_circuit_decorator.py
[2024-03-18T09:47:04.170+0200] {processor.py:840} INFO - DAG(s) 'example_short_circuit_decorator' retrieved from /usr/local/lib/python3.8/site-packages/airflow/example_dags/example_short_circuit_decorator.py
[2024-03-18T09:47:04.307+0200] {logging_mixin.py:188} INFO - [2024-03-18T09:47:04.307+0200] {dag.py:3047} INFO - Sync 1 DAGs
[2024-03-18T09:47:04.338+0200] {logging_mixin.py:188} INFO - [2024-03-18T09:47:04.338+0200] {dag.py:3834} INFO - Setting next_dagrun for example_short_circuit_decorator to 2024-03-17 00:00:00+00:00, run_after=2024-03-18 00:00:00+00:00
[2024-03-18T09:47:04.351+0200] {processor.py:183} INFO - Processing /usr/local/lib/python3.8/site-packages/airflow/example_dags/example_short_circuit_decorator.py took 0.215 seconds
[2024-03-18T09:47:48.464+0200] {processor.py:161} INFO - Started process (PID=3147) to work on /usr/local/lib/python3.8/site-packages/airflow/example_dags/example_short_circuit_decorator.py
[2024-03-18T09:47:48.464+0200] {processor.py:830} INFO - Processing file /usr/local/lib/python3.8/site-packages/airflow/example_dags/example_short_circuit_decorator.py for tasks to queue
[2024-03-18T09:47:48.465+0200] {logging_mixin.py:188} INFO - [2024-03-18T09:47:48.465+0200] {dagbag.py:540} INFO - Filling up the DagBag from /usr/local/lib/python3.8/site-packages/airflow/example_dags/example_short_circuit_decorator.py
[2024-03-18T09:47:48.496+0200] {processor.py:840} INFO - DAG(s) 'example_short_circuit_decorator' retrieved from /usr/local/lib/python3.8/site-packages/airflow/example_dags/example_short_circuit_decorator.py
[2024-03-18T09:47:48.653+0200] {logging_mixin.py:188} INFO - [2024-03-18T09:47:48.653+0200] {dag.py:3047} INFO - Sync 1 DAGs
[2024-03-18T09:47:48.687+0200] {logging_mixin.py:188} INFO - [2024-03-18T09:47:48.687+0200] {dag.py:3834} INFO - Setting next_dagrun for example_short_circuit_decorator to 2024-03-17 00:00:00+00:00, run_after=2024-03-18 00:00:00+00:00
[2024-03-18T09:47:48.700+0200] {processor.py:183} INFO - Processing /usr/local/lib/python3.8/site-packages/airflow/example_dags/example_short_circuit_decorator.py took 0.238 seconds
[2024-03-18T09:48:38.081+0200] {processor.py:161} INFO - Started process (PID=3331) to work on /usr/local/lib/python3.8/site-packages/airflow/example_dags/example_short_circuit_decorator.py
[2024-03-18T09:48:38.082+0200] {processor.py:830} INFO - Processing file /usr/local/lib/python3.8/site-packages/airflow/example_dags/example_short_circuit_decorator.py for tasks to queue
[2024-03-18T09:48:38.083+0200] {logging_mixin.py:188} INFO - [2024-03-18T09:48:38.082+0200] {dagbag.py:540} INFO - Filling up the DagBag from /usr/local/lib/python3.8/site-packages/airflow/example_dags/example_short_circuit_decorator.py
[2024-03-18T09:48:38.122+0200] {processor.py:840} INFO - DAG(s) 'example_short_circuit_decorator' retrieved from /usr/local/lib/python3.8/site-packages/airflow/example_dags/example_short_circuit_decorator.py
[2024-03-18T09:48:38.287+0200] {logging_mixin.py:188} INFO - [2024-03-18T09:48:38.287+0200] {dag.py:3047} INFO - Sync 1 DAGs
[2024-03-18T09:48:38.308+0200] {logging_mixin.py:188} INFO - [2024-03-18T09:48:38.307+0200] {dag.py:3834} INFO - Setting next_dagrun for example_short_circuit_decorator to 2024-03-17 00:00:00+00:00, run_after=2024-03-18 00:00:00+00:00
[2024-03-18T09:48:38.338+0200] {processor.py:183} INFO - Processing /usr/local/lib/python3.8/site-packages/airflow/example_dags/example_short_circuit_decorator.py took 0.260 seconds
[2024-03-18T09:49:17.815+0200] {processor.py:161} INFO - Started process (PID=3474) to work on /usr/local/lib/python3.8/site-packages/airflow/example_dags/example_short_circuit_decorator.py
[2024-03-18T09:49:17.816+0200] {processor.py:830} INFO - Processing file /usr/local/lib/python3.8/site-packages/airflow/example_dags/example_short_circuit_decorator.py for tasks to queue
[2024-03-18T09:49:17.817+0200] {logging_mixin.py:188} INFO - [2024-03-18T09:49:17.817+0200] {dagbag.py:540} INFO - Filling up the DagBag from /usr/local/lib/python3.8/site-packages/airflow/example_dags/example_short_circuit_decorator.py
[2024-03-18T09:49:17.855+0200] {processor.py:840} INFO - DAG(s) 'example_short_circuit_decorator' retrieved from /usr/local/lib/python3.8/site-packages/airflow/example_dags/example_short_circuit_decorator.py
[2024-03-18T09:49:18.045+0200] {logging_mixin.py:188} INFO - [2024-03-18T09:49:18.045+0200] {dag.py:3047} INFO - Sync 1 DAGs
[2024-03-18T09:49:18.087+0200] {logging_mixin.py:188} INFO - [2024-03-18T09:49:18.087+0200] {dag.py:3834} INFO - Setting next_dagrun for example_short_circuit_decorator to 2024-03-17 00:00:00+00:00, run_after=2024-03-18 00:00:00+00:00
[2024-03-18T09:49:18.105+0200] {processor.py:183} INFO - Processing /usr/local/lib/python3.8/site-packages/airflow/example_dags/example_short_circuit_decorator.py took 0.292 seconds
[2024-03-18T09:49:59.230+0200] {processor.py:161} INFO - Started process (PID=3647) to work on /usr/local/lib/python3.8/site-packages/airflow/example_dags/example_short_circuit_decorator.py
[2024-03-18T09:49:59.230+0200] {processor.py:830} INFO - Processing file /usr/local/lib/python3.8/site-packages/airflow/example_dags/example_short_circuit_decorator.py for tasks to queue
[2024-03-18T09:49:59.231+0200] {logging_mixin.py:188} INFO - [2024-03-18T09:49:59.231+0200] {dagbag.py:540} INFO - Filling up the DagBag from /usr/local/lib/python3.8/site-packages/airflow/example_dags/example_short_circuit_decorator.py
[2024-03-18T09:49:59.262+0200] {processor.py:840} INFO - DAG(s) 'example_short_circuit_decorator' retrieved from /usr/local/lib/python3.8/site-packages/airflow/example_dags/example_short_circuit_decorator.py
[2024-03-18T09:49:59.407+0200] {logging_mixin.py:188} INFO - [2024-03-18T09:49:59.407+0200] {dag.py:3047} INFO - Sync 1 DAGs
[2024-03-18T09:49:59.441+0200] {logging_mixin.py:188} INFO - [2024-03-18T09:49:59.441+0200] {dag.py:3834} INFO - Setting next_dagrun for example_short_circuit_decorator to 2024-03-17 00:00:00+00:00, run_after=2024-03-18 00:00:00+00:00
[2024-03-18T09:49:59.454+0200] {processor.py:183} INFO - Processing /usr/local/lib/python3.8/site-packages/airflow/example_dags/example_short_circuit_decorator.py took 0.226 seconds
[2024-03-18T09:50:35.443+0200] {processor.py:161} INFO - Started process (PID=3790) to work on /usr/local/lib/python3.8/site-packages/airflow/example_dags/example_short_circuit_decorator.py
[2024-03-18T09:50:35.444+0200] {processor.py:830} INFO - Processing file /usr/local/lib/python3.8/site-packages/airflow/example_dags/example_short_circuit_decorator.py for tasks to queue
[2024-03-18T09:50:35.444+0200] {logging_mixin.py:188} INFO - [2024-03-18T09:50:35.444+0200] {dagbag.py:540} INFO - Filling up the DagBag from /usr/local/lib/python3.8/site-packages/airflow/example_dags/example_short_circuit_decorator.py
[2024-03-18T09:50:35.476+0200] {processor.py:840} INFO - DAG(s) 'example_short_circuit_decorator' retrieved from /usr/local/lib/python3.8/site-packages/airflow/example_dags/example_short_circuit_decorator.py
[2024-03-18T09:50:35.630+0200] {logging_mixin.py:188} INFO - [2024-03-18T09:50:35.630+0200] {dag.py:3047} INFO - Sync 1 DAGs
[2024-03-18T09:50:35.647+0200] {logging_mixin.py:188} INFO - [2024-03-18T09:50:35.647+0200] {dag.py:3834} INFO - Setting next_dagrun for example_short_circuit_decorator to 2024-03-17 00:00:00+00:00, run_after=2024-03-18 00:00:00+00:00
[2024-03-18T09:50:35.661+0200] {processor.py:183} INFO - Processing /usr/local/lib/python3.8/site-packages/airflow/example_dags/example_short_circuit_decorator.py took 0.219 seconds
[2024-03-18T09:51:16.461+0200] {processor.py:161} INFO - Started process (PID=3962) to work on /usr/local/lib/python3.8/site-packages/airflow/example_dags/example_short_circuit_decorator.py
[2024-03-18T09:51:16.463+0200] {processor.py:830} INFO - Processing file /usr/local/lib/python3.8/site-packages/airflow/example_dags/example_short_circuit_decorator.py for tasks to queue
[2024-03-18T09:51:16.463+0200] {logging_mixin.py:188} INFO - [2024-03-18T09:51:16.463+0200] {dagbag.py:540} INFO - Filling up the DagBag from /usr/local/lib/python3.8/site-packages/airflow/example_dags/example_short_circuit_decorator.py
[2024-03-18T09:51:16.504+0200] {processor.py:840} INFO - DAG(s) 'example_short_circuit_decorator' retrieved from /usr/local/lib/python3.8/site-packages/airflow/example_dags/example_short_circuit_decorator.py
[2024-03-18T09:51:16.680+0200] {logging_mixin.py:188} INFO - [2024-03-18T09:51:16.679+0200] {dag.py:3047} INFO - Sync 1 DAGs
[2024-03-18T09:51:16.697+0200] {logging_mixin.py:188} INFO - [2024-03-18T09:51:16.696+0200] {dag.py:3834} INFO - Setting next_dagrun for example_short_circuit_decorator to 2024-03-17 00:00:00+00:00, run_after=2024-03-18 00:00:00+00:00
[2024-03-18T09:51:16.709+0200] {processor.py:183} INFO - Processing /usr/local/lib/python3.8/site-packages/airflow/example_dags/example_short_circuit_decorator.py took 0.250 seconds
[2024-03-18T09:52:05.104+0200] {processor.py:161} INFO - Started process (PID=4154) to work on /usr/local/lib/python3.8/site-packages/airflow/example_dags/example_short_circuit_decorator.py
[2024-03-18T09:52:05.106+0200] {processor.py:830} INFO - Processing file /usr/local/lib/python3.8/site-packages/airflow/example_dags/example_short_circuit_decorator.py for tasks to queue
[2024-03-18T09:52:05.107+0200] {logging_mixin.py:188} INFO - [2024-03-18T09:52:05.107+0200] {dagbag.py:540} INFO - Filling up the DagBag from /usr/local/lib/python3.8/site-packages/airflow/example_dags/example_short_circuit_decorator.py
[2024-03-18T09:52:05.143+0200] {processor.py:840} INFO - DAG(s) 'example_short_circuit_decorator' retrieved from /usr/local/lib/python3.8/site-packages/airflow/example_dags/example_short_circuit_decorator.py
[2024-03-18T09:52:05.329+0200] {logging_mixin.py:188} INFO - [2024-03-18T09:52:05.328+0200] {dag.py:3047} INFO - Sync 1 DAGs
[2024-03-18T09:52:05.351+0200] {logging_mixin.py:188} INFO - [2024-03-18T09:52:05.351+0200] {dag.py:3834} INFO - Setting next_dagrun for example_short_circuit_decorator to 2024-03-17 00:00:00+00:00, run_after=2024-03-18 00:00:00+00:00
[2024-03-18T09:52:05.384+0200] {processor.py:183} INFO - Processing /usr/local/lib/python3.8/site-packages/airflow/example_dags/example_short_circuit_decorator.py took 0.281 seconds
[2024-03-18T09:52:47.031+0200] {processor.py:161} INFO - Started process (PID=4308) to work on /usr/local/lib/python3.8/site-packages/airflow/example_dags/example_short_circuit_decorator.py
[2024-03-18T09:52:47.032+0200] {processor.py:830} INFO - Processing file /usr/local/lib/python3.8/site-packages/airflow/example_dags/example_short_circuit_decorator.py for tasks to queue
[2024-03-18T09:52:47.032+0200] {logging_mixin.py:188} INFO - [2024-03-18T09:52:47.032+0200] {dagbag.py:540} INFO - Filling up the DagBag from /usr/local/lib/python3.8/site-packages/airflow/example_dags/example_short_circuit_decorator.py
[2024-03-18T09:52:47.069+0200] {processor.py:840} INFO - DAG(s) 'example_short_circuit_decorator' retrieved from /usr/local/lib/python3.8/site-packages/airflow/example_dags/example_short_circuit_decorator.py
[2024-03-18T09:52:47.237+0200] {logging_mixin.py:188} INFO - [2024-03-18T09:52:47.236+0200] {dag.py:3047} INFO - Sync 1 DAGs
[2024-03-18T09:52:47.258+0200] {logging_mixin.py:188} INFO - [2024-03-18T09:52:47.258+0200] {dag.py:3834} INFO - Setting next_dagrun for example_short_circuit_decorator to 2024-03-17 00:00:00+00:00, run_after=2024-03-18 00:00:00+00:00
[2024-03-18T09:52:47.291+0200] {processor.py:183} INFO - Processing /usr/local/lib/python3.8/site-packages/airflow/example_dags/example_short_circuit_decorator.py took 0.262 seconds
[2024-03-18T09:53:33.286+0200] {processor.py:161} INFO - Started process (PID=4491) to work on /usr/local/lib/python3.8/site-packages/airflow/example_dags/example_short_circuit_decorator.py
[2024-03-18T09:53:33.286+0200] {processor.py:830} INFO - Processing file /usr/local/lib/python3.8/site-packages/airflow/example_dags/example_short_circuit_decorator.py for tasks to queue
[2024-03-18T09:53:33.287+0200] {logging_mixin.py:188} INFO - [2024-03-18T09:53:33.287+0200] {dagbag.py:540} INFO - Filling up the DagBag from /usr/local/lib/python3.8/site-packages/airflow/example_dags/example_short_circuit_decorator.py
[2024-03-18T09:53:33.322+0200] {processor.py:840} INFO - DAG(s) 'example_short_circuit_decorator' retrieved from /usr/local/lib/python3.8/site-packages/airflow/example_dags/example_short_circuit_decorator.py
[2024-03-18T09:53:33.477+0200] {logging_mixin.py:188} INFO - [2024-03-18T09:53:33.477+0200] {dag.py:3047} INFO - Sync 1 DAGs
[2024-03-18T09:53:33.497+0200] {logging_mixin.py:188} INFO - [2024-03-18T09:53:33.497+0200] {dag.py:3834} INFO - Setting next_dagrun for example_short_circuit_decorator to 2024-03-17 00:00:00+00:00, run_after=2024-03-18 00:00:00+00:00
[2024-03-18T09:53:33.530+0200] {processor.py:183} INFO - Processing /usr/local/lib/python3.8/site-packages/airflow/example_dags/example_short_circuit_decorator.py took 0.246 seconds
[2024-03-18T09:54:16.196+0200] {processor.py:161} INFO - Started process (PID=4658) to work on /usr/local/lib/python3.8/site-packages/airflow/example_dags/example_short_circuit_decorator.py
[2024-03-18T09:54:16.197+0200] {processor.py:830} INFO - Processing file /usr/local/lib/python3.8/site-packages/airflow/example_dags/example_short_circuit_decorator.py for tasks to queue
[2024-03-18T09:54:16.198+0200] {logging_mixin.py:188} INFO - [2024-03-18T09:54:16.198+0200] {dagbag.py:540} INFO - Filling up the DagBag from /usr/local/lib/python3.8/site-packages/airflow/example_dags/example_short_circuit_decorator.py
[2024-03-18T09:54:16.232+0200] {processor.py:840} INFO - DAG(s) 'example_short_circuit_decorator' retrieved from /usr/local/lib/python3.8/site-packages/airflow/example_dags/example_short_circuit_decorator.py
[2024-03-18T09:54:16.376+0200] {logging_mixin.py:188} INFO - [2024-03-18T09:54:16.376+0200] {dag.py:3047} INFO - Sync 1 DAGs
[2024-03-18T09:54:16.396+0200] {logging_mixin.py:188} INFO - [2024-03-18T09:54:16.396+0200] {dag.py:3834} INFO - Setting next_dagrun for example_short_circuit_decorator to 2024-03-17 00:00:00+00:00, run_after=2024-03-18 00:00:00+00:00
[2024-03-18T09:54:16.427+0200] {processor.py:183} INFO - Processing /usr/local/lib/python3.8/site-packages/airflow/example_dags/example_short_circuit_decorator.py took 0.232 seconds
[2024-03-18T09:54:57.216+0200] {processor.py:161} INFO - Started process (PID=4819) to work on /usr/local/lib/python3.8/site-packages/airflow/example_dags/example_short_circuit_decorator.py
[2024-03-18T09:54:57.217+0200] {processor.py:830} INFO - Processing file /usr/local/lib/python3.8/site-packages/airflow/example_dags/example_short_circuit_decorator.py for tasks to queue
[2024-03-18T09:54:57.218+0200] {logging_mixin.py:188} INFO - [2024-03-18T09:54:57.218+0200] {dagbag.py:540} INFO - Filling up the DagBag from /usr/local/lib/python3.8/site-packages/airflow/example_dags/example_short_circuit_decorator.py
[2024-03-18T09:54:57.253+0200] {processor.py:840} INFO - DAG(s) 'example_short_circuit_decorator' retrieved from /usr/local/lib/python3.8/site-packages/airflow/example_dags/example_short_circuit_decorator.py
[2024-03-18T09:54:57.428+0200] {logging_mixin.py:188} INFO - [2024-03-18T09:54:57.428+0200] {dag.py:3047} INFO - Sync 1 DAGs
[2024-03-18T09:54:57.450+0200] {logging_mixin.py:188} INFO - [2024-03-18T09:54:57.450+0200] {dag.py:3834} INFO - Setting next_dagrun for example_short_circuit_decorator to 2024-03-17 00:00:00+00:00, run_after=2024-03-18 00:00:00+00:00
[2024-03-18T09:54:57.483+0200] {processor.py:183} INFO - Processing /usr/local/lib/python3.8/site-packages/airflow/example_dags/example_short_circuit_decorator.py took 0.268 seconds
[2024-03-18T09:55:42.738+0200] {processor.py:161} INFO - Started process (PID=4996) to work on /usr/local/lib/python3.8/site-packages/airflow/example_dags/example_short_circuit_decorator.py
[2024-03-18T09:55:42.739+0200] {processor.py:830} INFO - Processing file /usr/local/lib/python3.8/site-packages/airflow/example_dags/example_short_circuit_decorator.py for tasks to queue
[2024-03-18T09:55:42.740+0200] {logging_mixin.py:188} INFO - [2024-03-18T09:55:42.740+0200] {dagbag.py:540} INFO - Filling up the DagBag from /usr/local/lib/python3.8/site-packages/airflow/example_dags/example_short_circuit_decorator.py
[2024-03-18T09:55:42.778+0200] {processor.py:840} INFO - DAG(s) 'example_short_circuit_decorator' retrieved from /usr/local/lib/python3.8/site-packages/airflow/example_dags/example_short_circuit_decorator.py
[2024-03-18T09:55:42.939+0200] {logging_mixin.py:188} INFO - [2024-03-18T09:55:42.939+0200] {dag.py:3047} INFO - Sync 1 DAGs
[2024-03-18T09:55:42.959+0200] {logging_mixin.py:188} INFO - [2024-03-18T09:55:42.959+0200] {dag.py:3834} INFO - Setting next_dagrun for example_short_circuit_decorator to 2024-03-17 00:00:00+00:00, run_after=2024-03-18 00:00:00+00:00
[2024-03-18T09:55:42.991+0200] {processor.py:183} INFO - Processing /usr/local/lib/python3.8/site-packages/airflow/example_dags/example_short_circuit_decorator.py took 0.254 seconds
[2024-03-18T09:56:35.088+0200] {processor.py:161} INFO - Started process (PID=5281) to work on /usr/local/lib/python3.8/site-packages/airflow/example_dags/example_short_circuit_decorator.py
[2024-03-18T09:56:35.089+0200] {processor.py:830} INFO - Processing file /usr/local/lib/python3.8/site-packages/airflow/example_dags/example_short_circuit_decorator.py for tasks to queue
[2024-03-18T09:56:35.090+0200] {logging_mixin.py:188} INFO - [2024-03-18T09:56:35.090+0200] {dagbag.py:540} INFO - Filling up the DagBag from /usr/local/lib/python3.8/site-packages/airflow/example_dags/example_short_circuit_decorator.py
[2024-03-18T09:56:35.144+0200] {processor.py:840} INFO - DAG(s) 'example_short_circuit_decorator' retrieved from /usr/local/lib/python3.8/site-packages/airflow/example_dags/example_short_circuit_decorator.py
[2024-03-18T09:56:35.388+0200] {logging_mixin.py:188} INFO - [2024-03-18T09:56:35.388+0200] {dag.py:3047} INFO - Sync 1 DAGs
[2024-03-18T09:56:35.412+0200] {logging_mixin.py:188} INFO - [2024-03-18T09:56:35.412+0200] {dag.py:3834} INFO - Setting next_dagrun for example_short_circuit_decorator to 2024-03-17 00:00:00+00:00, run_after=2024-03-18 00:00:00+00:00
[2024-03-18T09:56:35.450+0200] {processor.py:183} INFO - Processing /usr/local/lib/python3.8/site-packages/airflow/example_dags/example_short_circuit_decorator.py took 0.364 seconds
[2024-03-18T09:57:34.558+0200] {processor.py:161} INFO - Started process (PID=5721) to work on /usr/local/lib/python3.8/site-packages/airflow/example_dags/example_short_circuit_decorator.py
[2024-03-18T09:57:34.560+0200] {processor.py:830} INFO - Processing file /usr/local/lib/python3.8/site-packages/airflow/example_dags/example_short_circuit_decorator.py for tasks to queue
[2024-03-18T09:57:34.560+0200] {logging_mixin.py:188} INFO - [2024-03-18T09:57:34.560+0200] {dagbag.py:540} INFO - Filling up the DagBag from /usr/local/lib/python3.8/site-packages/airflow/example_dags/example_short_circuit_decorator.py
[2024-03-18T09:57:34.589+0200] {processor.py:840} INFO - DAG(s) 'example_short_circuit_decorator' retrieved from /usr/local/lib/python3.8/site-packages/airflow/example_dags/example_short_circuit_decorator.py
[2024-03-18T09:57:34.737+0200] {logging_mixin.py:188} INFO - [2024-03-18T09:57:34.736+0200] {dag.py:3047} INFO - Sync 1 DAGs
[2024-03-18T09:57:34.754+0200] {logging_mixin.py:188} INFO - [2024-03-18T09:57:34.754+0200] {dag.py:3834} INFO - Setting next_dagrun for example_short_circuit_decorator to 2024-03-17 00:00:00+00:00, run_after=2024-03-18 00:00:00+00:00
[2024-03-18T09:57:34.767+0200] {processor.py:183} INFO - Processing /usr/local/lib/python3.8/site-packages/airflow/example_dags/example_short_circuit_decorator.py took 0.211 seconds
[2024-03-18T09:58:18.468+0200] {processor.py:161} INFO - Started process (PID=5888) to work on /usr/local/lib/python3.8/site-packages/airflow/example_dags/example_short_circuit_decorator.py
[2024-03-18T09:58:18.469+0200] {processor.py:830} INFO - Processing file /usr/local/lib/python3.8/site-packages/airflow/example_dags/example_short_circuit_decorator.py for tasks to queue
[2024-03-18T09:58:18.470+0200] {logging_mixin.py:188} INFO - [2024-03-18T09:58:18.470+0200] {dagbag.py:540} INFO - Filling up the DagBag from /usr/local/lib/python3.8/site-packages/airflow/example_dags/example_short_circuit_decorator.py
[2024-03-18T09:58:18.507+0200] {processor.py:840} INFO - DAG(s) 'example_short_circuit_decorator' retrieved from /usr/local/lib/python3.8/site-packages/airflow/example_dags/example_short_circuit_decorator.py
[2024-03-18T09:58:18.686+0200] {logging_mixin.py:188} INFO - [2024-03-18T09:58:18.685+0200] {dag.py:3047} INFO - Sync 1 DAGs
[2024-03-18T09:58:18.705+0200] {logging_mixin.py:188} INFO - [2024-03-18T09:58:18.705+0200] {dag.py:3834} INFO - Setting next_dagrun for example_short_circuit_decorator to 2024-03-17 00:00:00+00:00, run_after=2024-03-18 00:00:00+00:00
[2024-03-18T09:58:18.738+0200] {processor.py:183} INFO - Processing /usr/local/lib/python3.8/site-packages/airflow/example_dags/example_short_circuit_decorator.py took 0.271 seconds
[2024-03-18T09:59:12.734+0200] {processor.py:161} INFO - Started process (PID=6088) to work on /usr/local/lib/python3.8/site-packages/airflow/example_dags/example_short_circuit_decorator.py
[2024-03-18T09:59:12.736+0200] {processor.py:830} INFO - Processing file /usr/local/lib/python3.8/site-packages/airflow/example_dags/example_short_circuit_decorator.py for tasks to queue
[2024-03-18T09:59:12.738+0200] {logging_mixin.py:188} INFO - [2024-03-18T09:59:12.737+0200] {dagbag.py:540} INFO - Filling up the DagBag from /usr/local/lib/python3.8/site-packages/airflow/example_dags/example_short_circuit_decorator.py
[2024-03-18T09:59:12.795+0200] {processor.py:840} INFO - DAG(s) 'example_short_circuit_decorator' retrieved from /usr/local/lib/python3.8/site-packages/airflow/example_dags/example_short_circuit_decorator.py
[2024-03-18T09:59:12.985+0200] {logging_mixin.py:188} INFO - [2024-03-18T09:59:12.984+0200] {dag.py:3047} INFO - Sync 1 DAGs
[2024-03-18T09:59:13.002+0200] {logging_mixin.py:188} INFO - [2024-03-18T09:59:13.002+0200] {dag.py:3834} INFO - Setting next_dagrun for example_short_circuit_decorator to 2024-03-17 00:00:00+00:00, run_after=2024-03-18 00:00:00+00:00
[2024-03-18T09:59:13.015+0200] {processor.py:183} INFO - Processing /usr/local/lib/python3.8/site-packages/airflow/example_dags/example_short_circuit_decorator.py took 0.283 seconds
[2024-03-18T09:59:58.758+0200] {processor.py:161} INFO - Started process (PID=6253) to work on /usr/local/lib/python3.8/site-packages/airflow/example_dags/example_short_circuit_decorator.py
[2024-03-18T09:59:58.759+0200] {processor.py:830} INFO - Processing file /usr/local/lib/python3.8/site-packages/airflow/example_dags/example_short_circuit_decorator.py for tasks to queue
[2024-03-18T09:59:58.760+0200] {logging_mixin.py:188} INFO - [2024-03-18T09:59:58.760+0200] {dagbag.py:540} INFO - Filling up the DagBag from /usr/local/lib/python3.8/site-packages/airflow/example_dags/example_short_circuit_decorator.py
[2024-03-18T09:59:58.795+0200] {processor.py:840} INFO - DAG(s) 'example_short_circuit_decorator' retrieved from /usr/local/lib/python3.8/site-packages/airflow/example_dags/example_short_circuit_decorator.py
[2024-03-18T09:59:58.954+0200] {logging_mixin.py:188} INFO - [2024-03-18T09:59:58.954+0200] {dag.py:3047} INFO - Sync 1 DAGs
[2024-03-18T09:59:58.988+0200] {logging_mixin.py:188} INFO - [2024-03-18T09:59:58.987+0200] {dag.py:3834} INFO - Setting next_dagrun for example_short_circuit_decorator to 2024-03-17 00:00:00+00:00, run_after=2024-03-18 00:00:00+00:00
[2024-03-18T09:59:59.007+0200] {processor.py:183} INFO - Processing /usr/local/lib/python3.8/site-packages/airflow/example_dags/example_short_circuit_decorator.py took 0.250 seconds
[2024-03-18T10:00:46.301+0200] {processor.py:161} INFO - Started process (PID=6430) to work on /usr/local/lib/python3.8/site-packages/airflow/example_dags/example_short_circuit_decorator.py
[2024-03-18T10:00:46.303+0200] {processor.py:830} INFO - Processing file /usr/local/lib/python3.8/site-packages/airflow/example_dags/example_short_circuit_decorator.py for tasks to queue
[2024-03-18T10:00:46.304+0200] {logging_mixin.py:188} INFO - [2024-03-18T10:00:46.303+0200] {dagbag.py:540} INFO - Filling up the DagBag from /usr/local/lib/python3.8/site-packages/airflow/example_dags/example_short_circuit_decorator.py
[2024-03-18T10:00:46.349+0200] {processor.py:840} INFO - DAG(s) 'example_short_circuit_decorator' retrieved from /usr/local/lib/python3.8/site-packages/airflow/example_dags/example_short_circuit_decorator.py
[2024-03-18T10:00:46.593+0200] {logging_mixin.py:188} INFO - [2024-03-18T10:00:46.593+0200] {dag.py:3047} INFO - Sync 1 DAGs
[2024-03-18T10:00:46.636+0200] {logging_mixin.py:188} INFO - [2024-03-18T10:00:46.636+0200] {dag.py:3834} INFO - Setting next_dagrun for example_short_circuit_decorator to 2024-03-17 00:00:00+00:00, run_after=2024-03-18 00:00:00+00:00
[2024-03-18T10:00:46.656+0200] {processor.py:183} INFO - Processing /usr/local/lib/python3.8/site-packages/airflow/example_dags/example_short_circuit_decorator.py took 0.358 seconds
[2024-03-18T10:01:36.929+0200] {processor.py:161} INFO - Started process (PID=6850) to work on /usr/local/lib/python3.8/site-packages/airflow/example_dags/example_short_circuit_decorator.py
[2024-03-18T10:01:36.930+0200] {processor.py:830} INFO - Processing file /usr/local/lib/python3.8/site-packages/airflow/example_dags/example_short_circuit_decorator.py for tasks to queue
[2024-03-18T10:01:36.930+0200] {logging_mixin.py:188} INFO - [2024-03-18T10:01:36.930+0200] {dagbag.py:540} INFO - Filling up the DagBag from /usr/local/lib/python3.8/site-packages/airflow/example_dags/example_short_circuit_decorator.py
[2024-03-18T10:01:36.970+0200] {processor.py:840} INFO - DAG(s) 'example_short_circuit_decorator' retrieved from /usr/local/lib/python3.8/site-packages/airflow/example_dags/example_short_circuit_decorator.py
[2024-03-18T10:01:37.134+0200] {logging_mixin.py:188} INFO - [2024-03-18T10:01:37.134+0200] {dag.py:3047} INFO - Sync 1 DAGs
[2024-03-18T10:01:37.159+0200] {logging_mixin.py:188} INFO - [2024-03-18T10:01:37.159+0200] {dag.py:3834} INFO - Setting next_dagrun for example_short_circuit_decorator to 2024-03-17 00:00:00+00:00, run_after=2024-03-18 00:00:00+00:00
[2024-03-18T10:01:37.192+0200] {processor.py:183} INFO - Processing /usr/local/lib/python3.8/site-packages/airflow/example_dags/example_short_circuit_decorator.py took 0.265 seconds
[2024-03-18T10:02:21.656+0200] {processor.py:161} INFO - Started process (PID=7017) to work on /usr/local/lib/python3.8/site-packages/airflow/example_dags/example_short_circuit_decorator.py
[2024-03-18T10:02:21.657+0200] {processor.py:830} INFO - Processing file /usr/local/lib/python3.8/site-packages/airflow/example_dags/example_short_circuit_decorator.py for tasks to queue
[2024-03-18T10:02:21.658+0200] {logging_mixin.py:188} INFO - [2024-03-18T10:02:21.657+0200] {dagbag.py:540} INFO - Filling up the DagBag from /usr/local/lib/python3.8/site-packages/airflow/example_dags/example_short_circuit_decorator.py
[2024-03-18T10:02:21.693+0200] {processor.py:840} INFO - DAG(s) 'example_short_circuit_decorator' retrieved from /usr/local/lib/python3.8/site-packages/airflow/example_dags/example_short_circuit_decorator.py
[2024-03-18T10:02:21.863+0200] {logging_mixin.py:188} INFO - [2024-03-18T10:02:21.863+0200] {dag.py:3047} INFO - Sync 1 DAGs
[2024-03-18T10:02:21.893+0200] {logging_mixin.py:188} INFO - [2024-03-18T10:02:21.893+0200] {dag.py:3834} INFO - Setting next_dagrun for example_short_circuit_decorator to 2024-03-17 00:00:00+00:00, run_after=2024-03-18 00:00:00+00:00
[2024-03-18T10:02:21.907+0200] {processor.py:183} INFO - Processing /usr/local/lib/python3.8/site-packages/airflow/example_dags/example_short_circuit_decorator.py took 0.253 seconds
[2024-03-18T10:03:15.947+0200] {processor.py:161} INFO - Started process (PID=7252) to work on /usr/local/lib/python3.8/site-packages/airflow/example_dags/example_short_circuit_decorator.py
[2024-03-18T10:03:15.948+0200] {processor.py:830} INFO - Processing file /usr/local/lib/python3.8/site-packages/airflow/example_dags/example_short_circuit_decorator.py for tasks to queue
[2024-03-18T10:03:15.949+0200] {logging_mixin.py:188} INFO - [2024-03-18T10:03:15.949+0200] {dagbag.py:540} INFO - Filling up the DagBag from /usr/local/lib/python3.8/site-packages/airflow/example_dags/example_short_circuit_decorator.py
[2024-03-18T10:03:15.983+0200] {processor.py:840} INFO - DAG(s) 'example_short_circuit_decorator' retrieved from /usr/local/lib/python3.8/site-packages/airflow/example_dags/example_short_circuit_decorator.py
[2024-03-18T10:03:16.135+0200] {logging_mixin.py:188} INFO - [2024-03-18T10:03:16.134+0200] {dag.py:3047} INFO - Sync 1 DAGs
[2024-03-18T10:03:16.156+0200] {logging_mixin.py:188} INFO - [2024-03-18T10:03:16.156+0200] {dag.py:3834} INFO - Setting next_dagrun for example_short_circuit_decorator to 2024-03-17 00:00:00+00:00, run_after=2024-03-18 00:00:00+00:00
[2024-03-18T10:03:16.190+0200] {processor.py:183} INFO - Processing /usr/local/lib/python3.8/site-packages/airflow/example_dags/example_short_circuit_decorator.py took 0.244 seconds
[2024-03-18T10:04:00.879+0200] {processor.py:161} INFO - Started process (PID=7428) to work on /usr/local/lib/python3.8/site-packages/airflow/example_dags/example_short_circuit_decorator.py
[2024-03-18T10:04:00.880+0200] {processor.py:830} INFO - Processing file /usr/local/lib/python3.8/site-packages/airflow/example_dags/example_short_circuit_decorator.py for tasks to queue
[2024-03-18T10:04:00.881+0200] {logging_mixin.py:188} INFO - [2024-03-18T10:04:00.881+0200] {dagbag.py:540} INFO - Filling up the DagBag from /usr/local/lib/python3.8/site-packages/airflow/example_dags/example_short_circuit_decorator.py
[2024-03-18T10:04:00.920+0200] {processor.py:840} INFO - DAG(s) 'example_short_circuit_decorator' retrieved from /usr/local/lib/python3.8/site-packages/airflow/example_dags/example_short_circuit_decorator.py
[2024-03-18T10:04:01.106+0200] {logging_mixin.py:188} INFO - [2024-03-18T10:04:01.106+0200] {dag.py:3047} INFO - Sync 1 DAGs
[2024-03-18T10:04:01.144+0200] {logging_mixin.py:188} INFO - [2024-03-18T10:04:01.144+0200] {dag.py:3834} INFO - Setting next_dagrun for example_short_circuit_decorator to 2024-03-17 00:00:00+00:00, run_after=2024-03-18 00:00:00+00:00
[2024-03-18T10:04:01.179+0200] {processor.py:183} INFO - Processing /usr/local/lib/python3.8/site-packages/airflow/example_dags/example_short_circuit_decorator.py took 0.302 seconds
[2024-03-18T10:04:41.532+0200] {processor.py:161} INFO - Started process (PID=7608) to work on /usr/local/lib/python3.8/site-packages/airflow/example_dags/example_short_circuit_decorator.py
[2024-03-18T10:04:41.533+0200] {processor.py:830} INFO - Processing file /usr/local/lib/python3.8/site-packages/airflow/example_dags/example_short_circuit_decorator.py for tasks to queue
[2024-03-18T10:04:41.534+0200] {logging_mixin.py:188} INFO - [2024-03-18T10:04:41.534+0200] {dagbag.py:540} INFO - Filling up the DagBag from /usr/local/lib/python3.8/site-packages/airflow/example_dags/example_short_circuit_decorator.py
[2024-03-18T10:04:41.575+0200] {processor.py:840} INFO - DAG(s) 'example_short_circuit_decorator' retrieved from /usr/local/lib/python3.8/site-packages/airflow/example_dags/example_short_circuit_decorator.py
[2024-03-18T10:04:41.753+0200] {logging_mixin.py:188} INFO - [2024-03-18T10:04:41.753+0200] {dag.py:3047} INFO - Sync 1 DAGs
[2024-03-18T10:04:41.791+0200] {logging_mixin.py:188} INFO - [2024-03-18T10:04:41.791+0200] {dag.py:3834} INFO - Setting next_dagrun for example_short_circuit_decorator to 2024-03-17 00:00:00+00:00, run_after=2024-03-18 00:00:00+00:00
[2024-03-18T10:04:41.806+0200] {processor.py:183} INFO - Processing /usr/local/lib/python3.8/site-packages/airflow/example_dags/example_short_circuit_decorator.py took 0.276 seconds
[2024-03-18T10:05:33.064+0200] {processor.py:161} INFO - Started process (PID=7804) to work on /usr/local/lib/python3.8/site-packages/airflow/example_dags/example_short_circuit_decorator.py
[2024-03-18T10:05:33.066+0200] {processor.py:830} INFO - Processing file /usr/local/lib/python3.8/site-packages/airflow/example_dags/example_short_circuit_decorator.py for tasks to queue
[2024-03-18T10:05:33.066+0200] {logging_mixin.py:188} INFO - [2024-03-18T10:05:33.066+0200] {dagbag.py:540} INFO - Filling up the DagBag from /usr/local/lib/python3.8/site-packages/airflow/example_dags/example_short_circuit_decorator.py
[2024-03-18T10:05:33.109+0200] {processor.py:840} INFO - DAG(s) 'example_short_circuit_decorator' retrieved from /usr/local/lib/python3.8/site-packages/airflow/example_dags/example_short_circuit_decorator.py
[2024-03-18T10:05:33.307+0200] {logging_mixin.py:188} INFO - [2024-03-18T10:05:33.306+0200] {dag.py:3047} INFO - Sync 1 DAGs
[2024-03-18T10:05:33.341+0200] {logging_mixin.py:188} INFO - [2024-03-18T10:05:33.341+0200] {dag.py:3834} INFO - Setting next_dagrun for example_short_circuit_decorator to 2024-03-17 00:00:00+00:00, run_after=2024-03-18 00:00:00+00:00
[2024-03-18T10:05:33.357+0200] {processor.py:183} INFO - Processing /usr/local/lib/python3.8/site-packages/airflow/example_dags/example_short_circuit_decorator.py took 0.295 seconds
[2024-03-18T10:06:13.218+0200] {processor.py:161} INFO - Started process (PID=7955) to work on /usr/local/lib/python3.8/site-packages/airflow/example_dags/example_short_circuit_decorator.py
[2024-03-18T10:06:13.219+0200] {processor.py:830} INFO - Processing file /usr/local/lib/python3.8/site-packages/airflow/example_dags/example_short_circuit_decorator.py for tasks to queue
[2024-03-18T10:06:13.220+0200] {logging_mixin.py:188} INFO - [2024-03-18T10:06:13.219+0200] {dagbag.py:540} INFO - Filling up the DagBag from /usr/local/lib/python3.8/site-packages/airflow/example_dags/example_short_circuit_decorator.py
[2024-03-18T10:06:13.255+0200] {processor.py:840} INFO - DAG(s) 'example_short_circuit_decorator' retrieved from /usr/local/lib/python3.8/site-packages/airflow/example_dags/example_short_circuit_decorator.py
[2024-03-18T10:06:13.434+0200] {logging_mixin.py:188} INFO - [2024-03-18T10:06:13.434+0200] {dag.py:3047} INFO - Sync 1 DAGs
[2024-03-18T10:06:13.457+0200] {logging_mixin.py:188} INFO - [2024-03-18T10:06:13.457+0200] {dag.py:3834} INFO - Setting next_dagrun for example_short_circuit_decorator to 2024-03-17 00:00:00+00:00, run_after=2024-03-18 00:00:00+00:00
[2024-03-18T10:06:13.490+0200] {processor.py:183} INFO - Processing /usr/local/lib/python3.8/site-packages/airflow/example_dags/example_short_circuit_decorator.py took 0.273 seconds
[2024-03-18T10:07:04.541+0200] {processor.py:161} INFO - Started process (PID=8148) to work on /usr/local/lib/python3.8/site-packages/airflow/example_dags/example_short_circuit_decorator.py
[2024-03-18T10:07:04.543+0200] {processor.py:830} INFO - Processing file /usr/local/lib/python3.8/site-packages/airflow/example_dags/example_short_circuit_decorator.py for tasks to queue
[2024-03-18T10:07:04.544+0200] {logging_mixin.py:188} INFO - [2024-03-18T10:07:04.543+0200] {dagbag.py:540} INFO - Filling up the DagBag from /usr/local/lib/python3.8/site-packages/airflow/example_dags/example_short_circuit_decorator.py
[2024-03-18T10:07:04.576+0200] {processor.py:840} INFO - DAG(s) 'example_short_circuit_decorator' retrieved from /usr/local/lib/python3.8/site-packages/airflow/example_dags/example_short_circuit_decorator.py
[2024-03-18T10:07:04.776+0200] {logging_mixin.py:188} INFO - [2024-03-18T10:07:04.775+0200] {dag.py:3047} INFO - Sync 1 DAGs
[2024-03-18T10:07:04.796+0200] {logging_mixin.py:188} INFO - [2024-03-18T10:07:04.796+0200] {dag.py:3834} INFO - Setting next_dagrun for example_short_circuit_decorator to 2024-03-17 00:00:00+00:00, run_after=2024-03-18 00:00:00+00:00
[2024-03-18T10:07:04.829+0200] {processor.py:183} INFO - Processing /usr/local/lib/python3.8/site-packages/airflow/example_dags/example_short_circuit_decorator.py took 0.289 seconds
[2024-03-18T10:07:57.235+0200] {processor.py:161} INFO - Started process (PID=8436) to work on /usr/local/lib/python3.8/site-packages/airflow/example_dags/example_short_circuit_decorator.py
[2024-03-18T10:07:57.236+0200] {processor.py:830} INFO - Processing file /usr/local/lib/python3.8/site-packages/airflow/example_dags/example_short_circuit_decorator.py for tasks to queue
[2024-03-18T10:07:57.237+0200] {logging_mixin.py:188} INFO - [2024-03-18T10:07:57.237+0200] {dagbag.py:540} INFO - Filling up the DagBag from /usr/local/lib/python3.8/site-packages/airflow/example_dags/example_short_circuit_decorator.py
[2024-03-18T10:07:57.273+0200] {processor.py:840} INFO - DAG(s) 'example_short_circuit_decorator' retrieved from /usr/local/lib/python3.8/site-packages/airflow/example_dags/example_short_circuit_decorator.py
[2024-03-18T10:07:57.485+0200] {logging_mixin.py:188} INFO - [2024-03-18T10:07:57.484+0200] {dag.py:3047} INFO - Sync 1 DAGs
[2024-03-18T10:07:57.525+0200] {logging_mixin.py:188} INFO - [2024-03-18T10:07:57.525+0200] {dag.py:3834} INFO - Setting next_dagrun for example_short_circuit_decorator to 2024-03-17 00:00:00+00:00, run_after=2024-03-18 00:00:00+00:00
[2024-03-18T10:07:57.545+0200] {processor.py:183} INFO - Processing /usr/local/lib/python3.8/site-packages/airflow/example_dags/example_short_circuit_decorator.py took 0.311 seconds
[2024-03-18T10:08:45.151+0200] {processor.py:161} INFO - Started process (PID=8682) to work on /usr/local/lib/python3.8/site-packages/airflow/example_dags/example_short_circuit_decorator.py
[2024-03-18T10:08:45.152+0200] {processor.py:830} INFO - Processing file /usr/local/lib/python3.8/site-packages/airflow/example_dags/example_short_circuit_decorator.py for tasks to queue
[2024-03-18T10:08:45.152+0200] {logging_mixin.py:188} INFO - [2024-03-18T10:08:45.152+0200] {dagbag.py:540} INFO - Filling up the DagBag from /usr/local/lib/python3.8/site-packages/airflow/example_dags/example_short_circuit_decorator.py
[2024-03-18T10:08:45.191+0200] {processor.py:840} INFO - DAG(s) 'example_short_circuit_decorator' retrieved from /usr/local/lib/python3.8/site-packages/airflow/example_dags/example_short_circuit_decorator.py
[2024-03-18T10:08:45.373+0200] {logging_mixin.py:188} INFO - [2024-03-18T10:08:45.373+0200] {dag.py:3047} INFO - Sync 1 DAGs
[2024-03-18T10:08:45.394+0200] {logging_mixin.py:188} INFO - [2024-03-18T10:08:45.394+0200] {dag.py:3834} INFO - Setting next_dagrun for example_short_circuit_decorator to 2024-03-17 00:00:00+00:00, run_after=2024-03-18 00:00:00+00:00
[2024-03-18T10:08:45.427+0200] {processor.py:183} INFO - Processing /usr/local/lib/python3.8/site-packages/airflow/example_dags/example_short_circuit_decorator.py took 0.278 seconds
[2024-03-18T10:09:27.911+0200] {processor.py:161} INFO - Started process (PID=8857) to work on /usr/local/lib/python3.8/site-packages/airflow/example_dags/example_short_circuit_decorator.py
[2024-03-18T10:09:27.912+0200] {processor.py:830} INFO - Processing file /usr/local/lib/python3.8/site-packages/airflow/example_dags/example_short_circuit_decorator.py for tasks to queue
[2024-03-18T10:09:27.913+0200] {logging_mixin.py:188} INFO - [2024-03-18T10:09:27.913+0200] {dagbag.py:540} INFO - Filling up the DagBag from /usr/local/lib/python3.8/site-packages/airflow/example_dags/example_short_circuit_decorator.py
[2024-03-18T10:09:27.956+0200] {processor.py:840} INFO - DAG(s) 'example_short_circuit_decorator' retrieved from /usr/local/lib/python3.8/site-packages/airflow/example_dags/example_short_circuit_decorator.py
[2024-03-18T10:09:28.122+0200] {logging_mixin.py:188} INFO - [2024-03-18T10:09:28.122+0200] {dag.py:3047} INFO - Sync 1 DAGs
[2024-03-18T10:09:28.141+0200] {logging_mixin.py:188} INFO - [2024-03-18T10:09:28.141+0200] {dag.py:3834} INFO - Setting next_dagrun for example_short_circuit_decorator to 2024-03-17 00:00:00+00:00, run_after=2024-03-18 00:00:00+00:00
[2024-03-18T10:09:28.172+0200] {processor.py:183} INFO - Processing /usr/local/lib/python3.8/site-packages/airflow/example_dags/example_short_circuit_decorator.py took 0.263 seconds
[2024-03-18T10:10:15.960+0200] {processor.py:161} INFO - Started process (PID=9050) to work on /usr/local/lib/python3.8/site-packages/airflow/example_dags/example_short_circuit_decorator.py
[2024-03-18T10:10:15.961+0200] {processor.py:830} INFO - Processing file /usr/local/lib/python3.8/site-packages/airflow/example_dags/example_short_circuit_decorator.py for tasks to queue
[2024-03-18T10:10:15.962+0200] {logging_mixin.py:188} INFO - [2024-03-18T10:10:15.962+0200] {dagbag.py:540} INFO - Filling up the DagBag from /usr/local/lib/python3.8/site-packages/airflow/example_dags/example_short_circuit_decorator.py
[2024-03-18T10:10:16.004+0200] {processor.py:840} INFO - DAG(s) 'example_short_circuit_decorator' retrieved from /usr/local/lib/python3.8/site-packages/airflow/example_dags/example_short_circuit_decorator.py
[2024-03-18T10:10:16.187+0200] {logging_mixin.py:188} INFO - [2024-03-18T10:10:16.187+0200] {dag.py:3047} INFO - Sync 1 DAGs
[2024-03-18T10:10:16.208+0200] {logging_mixin.py:188} INFO - [2024-03-18T10:10:16.208+0200] {dag.py:3834} INFO - Setting next_dagrun for example_short_circuit_decorator to 2024-03-17 00:00:00+00:00, run_after=2024-03-18 00:00:00+00:00
[2024-03-18T10:10:16.239+0200] {processor.py:183} INFO - Processing /usr/local/lib/python3.8/site-packages/airflow/example_dags/example_short_circuit_decorator.py took 0.282 seconds
[2024-03-18T10:11:04.213+0200] {processor.py:161} INFO - Started process (PID=9232) to work on /usr/local/lib/python3.8/site-packages/airflow/example_dags/example_short_circuit_decorator.py
[2024-03-18T10:11:04.214+0200] {processor.py:830} INFO - Processing file /usr/local/lib/python3.8/site-packages/airflow/example_dags/example_short_circuit_decorator.py for tasks to queue
[2024-03-18T10:11:04.215+0200] {logging_mixin.py:188} INFO - [2024-03-18T10:11:04.215+0200] {dagbag.py:540} INFO - Filling up the DagBag from /usr/local/lib/python3.8/site-packages/airflow/example_dags/example_short_circuit_decorator.py
[2024-03-18T10:11:04.256+0200] {processor.py:840} INFO - DAG(s) 'example_short_circuit_decorator' retrieved from /usr/local/lib/python3.8/site-packages/airflow/example_dags/example_short_circuit_decorator.py
[2024-03-18T10:11:04.437+0200] {logging_mixin.py:188} INFO - [2024-03-18T10:11:04.436+0200] {dag.py:3047} INFO - Sync 1 DAGs
[2024-03-18T10:11:04.457+0200] {logging_mixin.py:188} INFO - [2024-03-18T10:11:04.456+0200] {dag.py:3834} INFO - Setting next_dagrun for example_short_circuit_decorator to 2024-03-17 00:00:00+00:00, run_after=2024-03-18 00:00:00+00:00
[2024-03-18T10:11:04.486+0200] {processor.py:183} INFO - Processing /usr/local/lib/python3.8/site-packages/airflow/example_dags/example_short_circuit_decorator.py took 0.275 seconds
[2024-03-18T10:11:43.159+0200] {processor.py:161} INFO - Started process (PID=9369) to work on /usr/local/lib/python3.8/site-packages/airflow/example_dags/example_short_circuit_decorator.py
[2024-03-18T10:11:43.160+0200] {processor.py:830} INFO - Processing file /usr/local/lib/python3.8/site-packages/airflow/example_dags/example_short_circuit_decorator.py for tasks to queue
[2024-03-18T10:11:43.160+0200] {logging_mixin.py:188} INFO - [2024-03-18T10:11:43.160+0200] {dagbag.py:540} INFO - Filling up the DagBag from /usr/local/lib/python3.8/site-packages/airflow/example_dags/example_short_circuit_decorator.py
[2024-03-18T10:11:43.195+0200] {processor.py:840} INFO - DAG(s) 'example_short_circuit_decorator' retrieved from /usr/local/lib/python3.8/site-packages/airflow/example_dags/example_short_circuit_decorator.py
[2024-03-18T10:11:43.393+0200] {logging_mixin.py:188} INFO - [2024-03-18T10:11:43.393+0200] {dag.py:3047} INFO - Sync 1 DAGs
[2024-03-18T10:11:43.432+0200] {logging_mixin.py:188} INFO - [2024-03-18T10:11:43.432+0200] {dag.py:3834} INFO - Setting next_dagrun for example_short_circuit_decorator to 2024-03-17 00:00:00+00:00, run_after=2024-03-18 00:00:00+00:00
[2024-03-18T10:11:43.448+0200] {processor.py:183} INFO - Processing /usr/local/lib/python3.8/site-packages/airflow/example_dags/example_short_circuit_decorator.py took 0.291 seconds
[2024-03-18T10:12:25.438+0200] {processor.py:161} INFO - Started process (PID=9539) to work on /usr/local/lib/python3.8/site-packages/airflow/example_dags/example_short_circuit_decorator.py
[2024-03-18T10:12:25.439+0200] {processor.py:830} INFO - Processing file /usr/local/lib/python3.8/site-packages/airflow/example_dags/example_short_circuit_decorator.py for tasks to queue
[2024-03-18T10:12:25.440+0200] {logging_mixin.py:188} INFO - [2024-03-18T10:12:25.440+0200] {dagbag.py:540} INFO - Filling up the DagBag from /usr/local/lib/python3.8/site-packages/airflow/example_dags/example_short_circuit_decorator.py
[2024-03-18T10:12:25.475+0200] {processor.py:840} INFO - DAG(s) 'example_short_circuit_decorator' retrieved from /usr/local/lib/python3.8/site-packages/airflow/example_dags/example_short_circuit_decorator.py
[2024-03-18T10:12:25.631+0200] {logging_mixin.py:188} INFO - [2024-03-18T10:12:25.630+0200] {dag.py:3047} INFO - Sync 1 DAGs
[2024-03-18T10:12:25.654+0200] {logging_mixin.py:188} INFO - [2024-03-18T10:12:25.653+0200] {dag.py:3834} INFO - Setting next_dagrun for example_short_circuit_decorator to 2024-03-17 00:00:00+00:00, run_after=2024-03-18 00:00:00+00:00
[2024-03-18T10:12:25.684+0200] {processor.py:183} INFO - Processing /usr/local/lib/python3.8/site-packages/airflow/example_dags/example_short_circuit_decorator.py took 0.248 seconds
[2024-03-18T10:13:14.147+0200] {processor.py:161} INFO - Started process (PID=9830) to work on /usr/local/lib/python3.8/site-packages/airflow/example_dags/example_short_circuit_decorator.py
[2024-03-18T10:13:14.148+0200] {processor.py:830} INFO - Processing file /usr/local/lib/python3.8/site-packages/airflow/example_dags/example_short_circuit_decorator.py for tasks to queue
[2024-03-18T10:13:14.149+0200] {logging_mixin.py:188} INFO - [2024-03-18T10:13:14.149+0200] {dagbag.py:540} INFO - Filling up the DagBag from /usr/local/lib/python3.8/site-packages/airflow/example_dags/example_short_circuit_decorator.py
[2024-03-18T10:13:14.182+0200] {processor.py:840} INFO - DAG(s) 'example_short_circuit_decorator' retrieved from /usr/local/lib/python3.8/site-packages/airflow/example_dags/example_short_circuit_decorator.py
[2024-03-18T10:13:14.391+0200] {logging_mixin.py:188} INFO - [2024-03-18T10:13:14.391+0200] {dag.py:3047} INFO - Sync 1 DAGs
[2024-03-18T10:13:14.440+0200] {logging_mixin.py:188} INFO - [2024-03-18T10:13:14.440+0200] {dag.py:3834} INFO - Setting next_dagrun for example_short_circuit_decorator to 2024-03-17 00:00:00+00:00, run_after=2024-03-18 00:00:00+00:00
[2024-03-18T10:13:14.477+0200] {processor.py:183} INFO - Processing /usr/local/lib/python3.8/site-packages/airflow/example_dags/example_short_circuit_decorator.py took 0.332 seconds
[2024-03-18T10:14:00.816+0200] {processor.py:161} INFO - Started process (PID=10024) to work on /usr/local/lib/python3.8/site-packages/airflow/example_dags/example_short_circuit_decorator.py
[2024-03-18T10:14:00.817+0200] {processor.py:830} INFO - Processing file /usr/local/lib/python3.8/site-packages/airflow/example_dags/example_short_circuit_decorator.py for tasks to queue
[2024-03-18T10:14:00.817+0200] {logging_mixin.py:188} INFO - [2024-03-18T10:14:00.817+0200] {dagbag.py:540} INFO - Filling up the DagBag from /usr/local/lib/python3.8/site-packages/airflow/example_dags/example_short_circuit_decorator.py
[2024-03-18T10:14:00.853+0200] {processor.py:840} INFO - DAG(s) 'example_short_circuit_decorator' retrieved from /usr/local/lib/python3.8/site-packages/airflow/example_dags/example_short_circuit_decorator.py
[2024-03-18T10:14:01.022+0200] {logging_mixin.py:188} INFO - [2024-03-18T10:14:01.022+0200] {dag.py:3047} INFO - Sync 1 DAGs
[2024-03-18T10:14:01.044+0200] {logging_mixin.py:188} INFO - [2024-03-18T10:14:01.043+0200] {dag.py:3834} INFO - Setting next_dagrun for example_short_circuit_decorator to 2024-03-17 00:00:00+00:00, run_after=2024-03-18 00:00:00+00:00
[2024-03-18T10:14:01.076+0200] {processor.py:183} INFO - Processing /usr/local/lib/python3.8/site-packages/airflow/example_dags/example_short_circuit_decorator.py took 0.261 seconds
[2024-03-18T10:14:41.388+0200] {processor.py:161} INFO - Started process (PID=10170) to work on /usr/local/lib/python3.8/site-packages/airflow/example_dags/example_short_circuit_decorator.py
[2024-03-18T10:14:41.389+0200] {processor.py:830} INFO - Processing file /usr/local/lib/python3.8/site-packages/airflow/example_dags/example_short_circuit_decorator.py for tasks to queue
[2024-03-18T10:14:41.390+0200] {logging_mixin.py:188} INFO - [2024-03-18T10:14:41.390+0200] {dagbag.py:540} INFO - Filling up the DagBag from /usr/local/lib/python3.8/site-packages/airflow/example_dags/example_short_circuit_decorator.py
[2024-03-18T10:14:41.426+0200] {processor.py:840} INFO - DAG(s) 'example_short_circuit_decorator' retrieved from /usr/local/lib/python3.8/site-packages/airflow/example_dags/example_short_circuit_decorator.py
[2024-03-18T10:14:41.575+0200] {logging_mixin.py:188} INFO - [2024-03-18T10:14:41.575+0200] {dag.py:3047} INFO - Sync 1 DAGs
[2024-03-18T10:14:41.595+0200] {logging_mixin.py:188} INFO - [2024-03-18T10:14:41.594+0200] {dag.py:3834} INFO - Setting next_dagrun for example_short_circuit_decorator to 2024-03-17 00:00:00+00:00, run_after=2024-03-18 00:00:00+00:00
[2024-03-18T10:14:41.626+0200] {processor.py:183} INFO - Processing /usr/local/lib/python3.8/site-packages/airflow/example_dags/example_short_circuit_decorator.py took 0.240 seconds
[2024-03-18T10:15:19.514+0200] {processor.py:161} INFO - Started process (PID=10321) to work on /usr/local/lib/python3.8/site-packages/airflow/example_dags/example_short_circuit_decorator.py
[2024-03-18T10:15:19.515+0200] {processor.py:830} INFO - Processing file /usr/local/lib/python3.8/site-packages/airflow/example_dags/example_short_circuit_decorator.py for tasks to queue
[2024-03-18T10:15:19.515+0200] {logging_mixin.py:188} INFO - [2024-03-18T10:15:19.515+0200] {dagbag.py:540} INFO - Filling up the DagBag from /usr/local/lib/python3.8/site-packages/airflow/example_dags/example_short_circuit_decorator.py
[2024-03-18T10:15:19.551+0200] {processor.py:840} INFO - DAG(s) 'example_short_circuit_decorator' retrieved from /usr/local/lib/python3.8/site-packages/airflow/example_dags/example_short_circuit_decorator.py
[2024-03-18T10:15:19.719+0200] {logging_mixin.py:188} INFO - [2024-03-18T10:15:19.719+0200] {dag.py:3047} INFO - Sync 1 DAGs
[2024-03-18T10:15:19.740+0200] {logging_mixin.py:188} INFO - [2024-03-18T10:15:19.740+0200] {dag.py:3834} INFO - Setting next_dagrun for example_short_circuit_decorator to 2024-03-17 00:00:00+00:00, run_after=2024-03-18 00:00:00+00:00
[2024-03-18T10:15:19.772+0200] {processor.py:183} INFO - Processing /usr/local/lib/python3.8/site-packages/airflow/example_dags/example_short_circuit_decorator.py took 0.260 seconds
[2024-03-18T10:15:58.416+0200] {processor.py:161} INFO - Started process (PID=10479) to work on /usr/local/lib/python3.8/site-packages/airflow/example_dags/example_short_circuit_decorator.py
[2024-03-18T10:15:58.417+0200] {processor.py:830} INFO - Processing file /usr/local/lib/python3.8/site-packages/airflow/example_dags/example_short_circuit_decorator.py for tasks to queue
[2024-03-18T10:15:58.417+0200] {logging_mixin.py:188} INFO - [2024-03-18T10:15:58.417+0200] {dagbag.py:540} INFO - Filling up the DagBag from /usr/local/lib/python3.8/site-packages/airflow/example_dags/example_short_circuit_decorator.py
[2024-03-18T10:15:58.448+0200] {processor.py:840} INFO - DAG(s) 'example_short_circuit_decorator' retrieved from /usr/local/lib/python3.8/site-packages/airflow/example_dags/example_short_circuit_decorator.py
[2024-03-18T10:15:58.594+0200] {logging_mixin.py:188} INFO - [2024-03-18T10:15:58.594+0200] {dag.py:3047} INFO - Sync 1 DAGs
[2024-03-18T10:15:58.629+0200] {logging_mixin.py:188} INFO - [2024-03-18T10:15:58.629+0200] {dag.py:3834} INFO - Setting next_dagrun for example_short_circuit_decorator to 2024-03-17 00:00:00+00:00, run_after=2024-03-18 00:00:00+00:00
[2024-03-18T10:15:58.642+0200] {processor.py:183} INFO - Processing /usr/local/lib/python3.8/site-packages/airflow/example_dags/example_short_circuit_decorator.py took 0.228 seconds
[2024-03-18T10:16:38.276+0200] {processor.py:161} INFO - Started process (PID=10637) to work on /usr/local/lib/python3.8/site-packages/airflow/example_dags/example_short_circuit_decorator.py
[2024-03-18T10:16:38.277+0200] {processor.py:830} INFO - Processing file /usr/local/lib/python3.8/site-packages/airflow/example_dags/example_short_circuit_decorator.py for tasks to queue
[2024-03-18T10:16:38.278+0200] {logging_mixin.py:188} INFO - [2024-03-18T10:16:38.277+0200] {dagbag.py:540} INFO - Filling up the DagBag from /usr/local/lib/python3.8/site-packages/airflow/example_dags/example_short_circuit_decorator.py
[2024-03-18T10:16:38.309+0200] {processor.py:840} INFO - DAG(s) 'example_short_circuit_decorator' retrieved from /usr/local/lib/python3.8/site-packages/airflow/example_dags/example_short_circuit_decorator.py
[2024-03-18T10:16:38.466+0200] {logging_mixin.py:188} INFO - [2024-03-18T10:16:38.466+0200] {dag.py:3047} INFO - Sync 1 DAGs
[2024-03-18T10:16:38.489+0200] {logging_mixin.py:188} INFO - [2024-03-18T10:16:38.489+0200] {dag.py:3834} INFO - Setting next_dagrun for example_short_circuit_decorator to 2024-03-17 00:00:00+00:00, run_after=2024-03-18 00:00:00+00:00
[2024-03-18T10:16:38.523+0200] {processor.py:183} INFO - Processing /usr/local/lib/python3.8/site-packages/airflow/example_dags/example_short_circuit_decorator.py took 0.248 seconds
[2024-03-18T10:17:20.957+0200] {processor.py:161} INFO - Started process (PID=10797) to work on /usr/local/lib/python3.8/site-packages/airflow/example_dags/example_short_circuit_decorator.py
[2024-03-18T10:17:20.958+0200] {processor.py:830} INFO - Processing file /usr/local/lib/python3.8/site-packages/airflow/example_dags/example_short_circuit_decorator.py for tasks to queue
[2024-03-18T10:17:20.958+0200] {logging_mixin.py:188} INFO - [2024-03-18T10:17:20.958+0200] {dagbag.py:540} INFO - Filling up the DagBag from /usr/local/lib/python3.8/site-packages/airflow/example_dags/example_short_circuit_decorator.py
[2024-03-18T10:17:20.995+0200] {processor.py:840} INFO - DAG(s) 'example_short_circuit_decorator' retrieved from /usr/local/lib/python3.8/site-packages/airflow/example_dags/example_short_circuit_decorator.py
[2024-03-18T10:17:21.165+0200] {logging_mixin.py:188} INFO - [2024-03-18T10:17:21.164+0200] {dag.py:3047} INFO - Sync 1 DAGs
[2024-03-18T10:17:21.187+0200] {logging_mixin.py:188} INFO - [2024-03-18T10:17:21.187+0200] {dag.py:3834} INFO - Setting next_dagrun for example_short_circuit_decorator to 2024-03-17 00:00:00+00:00, run_after=2024-03-18 00:00:00+00:00
[2024-03-18T10:17:21.220+0200] {processor.py:183} INFO - Processing /usr/local/lib/python3.8/site-packages/airflow/example_dags/example_short_circuit_decorator.py took 0.265 seconds
[2024-03-18T10:18:00.894+0200] {processor.py:161} INFO - Started process (PID=10947) to work on /usr/local/lib/python3.8/site-packages/airflow/example_dags/example_short_circuit_decorator.py
[2024-03-18T10:18:00.895+0200] {processor.py:830} INFO - Processing file /usr/local/lib/python3.8/site-packages/airflow/example_dags/example_short_circuit_decorator.py for tasks to queue
[2024-03-18T10:18:00.895+0200] {logging_mixin.py:188} INFO - [2024-03-18T10:18:00.895+0200] {dagbag.py:540} INFO - Filling up the DagBag from /usr/local/lib/python3.8/site-packages/airflow/example_dags/example_short_circuit_decorator.py
[2024-03-18T10:18:00.930+0200] {processor.py:840} INFO - DAG(s) 'example_short_circuit_decorator' retrieved from /usr/local/lib/python3.8/site-packages/airflow/example_dags/example_short_circuit_decorator.py
[2024-03-18T10:18:01.113+0200] {logging_mixin.py:188} INFO - [2024-03-18T10:18:01.113+0200] {dag.py:3047} INFO - Sync 1 DAGs
[2024-03-18T10:18:01.134+0200] {logging_mixin.py:188} INFO - [2024-03-18T10:18:01.133+0200] {dag.py:3834} INFO - Setting next_dagrun for example_short_circuit_decorator to 2024-03-17 00:00:00+00:00, run_after=2024-03-18 00:00:00+00:00
[2024-03-18T10:18:01.166+0200] {processor.py:183} INFO - Processing /usr/local/lib/python3.8/site-packages/airflow/example_dags/example_short_circuit_decorator.py took 0.274 seconds
[2024-03-18T10:18:41.712+0200] {processor.py:161} INFO - Started process (PID=11106) to work on /usr/local/lib/python3.8/site-packages/airflow/example_dags/example_short_circuit_decorator.py
[2024-03-18T10:18:41.713+0200] {processor.py:830} INFO - Processing file /usr/local/lib/python3.8/site-packages/airflow/example_dags/example_short_circuit_decorator.py for tasks to queue
[2024-03-18T10:18:41.714+0200] {logging_mixin.py:188} INFO - [2024-03-18T10:18:41.714+0200] {dagbag.py:540} INFO - Filling up the DagBag from /usr/local/lib/python3.8/site-packages/airflow/example_dags/example_short_circuit_decorator.py
[2024-03-18T10:18:41.750+0200] {processor.py:840} INFO - DAG(s) 'example_short_circuit_decorator' retrieved from /usr/local/lib/python3.8/site-packages/airflow/example_dags/example_short_circuit_decorator.py
[2024-03-18T10:18:41.916+0200] {logging_mixin.py:188} INFO - [2024-03-18T10:18:41.915+0200] {dag.py:3047} INFO - Sync 1 DAGs
[2024-03-18T10:18:41.939+0200] {logging_mixin.py:188} INFO - [2024-03-18T10:18:41.938+0200] {dag.py:3834} INFO - Setting next_dagrun for example_short_circuit_decorator to 2024-03-17 00:00:00+00:00, run_after=2024-03-18 00:00:00+00:00
[2024-03-18T10:18:41.971+0200] {processor.py:183} INFO - Processing /usr/local/lib/python3.8/site-packages/airflow/example_dags/example_short_circuit_decorator.py took 0.262 seconds
[2024-03-18T10:19:24.481+0200] {processor.py:161} INFO - Started process (PID=11274) to work on /usr/local/lib/python3.8/site-packages/airflow/example_dags/example_short_circuit_decorator.py
[2024-03-18T10:19:24.483+0200] {processor.py:830} INFO - Processing file /usr/local/lib/python3.8/site-packages/airflow/example_dags/example_short_circuit_decorator.py for tasks to queue
[2024-03-18T10:19:24.483+0200] {logging_mixin.py:188} INFO - [2024-03-18T10:19:24.483+0200] {dagbag.py:540} INFO - Filling up the DagBag from /usr/local/lib/python3.8/site-packages/airflow/example_dags/example_short_circuit_decorator.py
[2024-03-18T10:19:24.515+0200] {processor.py:840} INFO - DAG(s) 'example_short_circuit_decorator' retrieved from /usr/local/lib/python3.8/site-packages/airflow/example_dags/example_short_circuit_decorator.py
[2024-03-18T10:19:24.671+0200] {logging_mixin.py:188} INFO - [2024-03-18T10:19:24.671+0200] {dag.py:3047} INFO - Sync 1 DAGs
[2024-03-18T10:19:24.710+0200] {logging_mixin.py:188} INFO - [2024-03-18T10:19:24.710+0200] {dag.py:3834} INFO - Setting next_dagrun for example_short_circuit_decorator to 2024-03-17 00:00:00+00:00, run_after=2024-03-18 00:00:00+00:00
[2024-03-18T10:19:24.727+0200] {processor.py:183} INFO - Processing /usr/local/lib/python3.8/site-packages/airflow/example_dags/example_short_circuit_decorator.py took 0.248 seconds
[2024-03-18T10:20:15.369+0200] {processor.py:161} INFO - Started process (PID=11480) to work on /usr/local/lib/python3.8/site-packages/airflow/example_dags/example_short_circuit_decorator.py
[2024-03-18T10:20:15.371+0200] {processor.py:830} INFO - Processing file /usr/local/lib/python3.8/site-packages/airflow/example_dags/example_short_circuit_decorator.py for tasks to queue
[2024-03-18T10:20:15.371+0200] {logging_mixin.py:188} INFO - [2024-03-18T10:20:15.371+0200] {dagbag.py:540} INFO - Filling up the DagBag from /usr/local/lib/python3.8/site-packages/airflow/example_dags/example_short_circuit_decorator.py
[2024-03-18T10:20:15.409+0200] {processor.py:840} INFO - DAG(s) 'example_short_circuit_decorator' retrieved from /usr/local/lib/python3.8/site-packages/airflow/example_dags/example_short_circuit_decorator.py
[2024-03-18T10:20:15.573+0200] {logging_mixin.py:188} INFO - [2024-03-18T10:20:15.573+0200] {dag.py:3047} INFO - Sync 1 DAGs
[2024-03-18T10:20:15.613+0200] {logging_mixin.py:188} INFO - [2024-03-18T10:20:15.613+0200] {dag.py:3834} INFO - Setting next_dagrun for example_short_circuit_decorator to 2024-03-17 00:00:00+00:00, run_after=2024-03-18 00:00:00+00:00
[2024-03-18T10:20:15.632+0200] {processor.py:183} INFO - Processing /usr/local/lib/python3.8/site-packages/airflow/example_dags/example_short_circuit_decorator.py took 0.264 seconds
[2024-03-18T10:20:57.005+0200] {processor.py:161} INFO - Started process (PID=11678) to work on /usr/local/lib/python3.8/site-packages/airflow/example_dags/example_short_circuit_decorator.py
[2024-03-18T10:20:57.007+0200] {processor.py:830} INFO - Processing file /usr/local/lib/python3.8/site-packages/airflow/example_dags/example_short_circuit_decorator.py for tasks to queue
[2024-03-18T10:20:57.008+0200] {logging_mixin.py:188} INFO - [2024-03-18T10:20:57.008+0200] {dagbag.py:540} INFO - Filling up the DagBag from /usr/local/lib/python3.8/site-packages/airflow/example_dags/example_short_circuit_decorator.py
[2024-03-18T10:20:57.052+0200] {processor.py:840} INFO - DAG(s) 'example_short_circuit_decorator' retrieved from /usr/local/lib/python3.8/site-packages/airflow/example_dags/example_short_circuit_decorator.py
[2024-03-18T10:20:57.238+0200] {logging_mixin.py:188} INFO - [2024-03-18T10:20:57.237+0200] {dag.py:3047} INFO - Sync 1 DAGs
[2024-03-18T10:20:57.272+0200] {logging_mixin.py:188} INFO - [2024-03-18T10:20:57.272+0200] {dag.py:3834} INFO - Setting next_dagrun for example_short_circuit_decorator to 2024-03-17 00:00:00+00:00, run_after=2024-03-18 00:00:00+00:00
[2024-03-18T10:20:57.309+0200] {processor.py:183} INFO - Processing /usr/local/lib/python3.8/site-packages/airflow/example_dags/example_short_circuit_decorator.py took 0.306 seconds
[2024-03-18T10:23:24.698+0200] {processor.py:161} INFO - Started process (PID=11901) to work on /usr/local/lib/python3.8/site-packages/airflow/example_dags/example_short_circuit_decorator.py
[2024-03-18T10:23:24.700+0200] {processor.py:830} INFO - Processing file /usr/local/lib/python3.8/site-packages/airflow/example_dags/example_short_circuit_decorator.py for tasks to queue
[2024-03-18T10:23:24.701+0200] {logging_mixin.py:188} INFO - [2024-03-18T10:23:24.701+0200] {dagbag.py:540} INFO - Filling up the DagBag from /usr/local/lib/python3.8/site-packages/airflow/example_dags/example_short_circuit_decorator.py
[2024-03-18T10:23:24.738+0200] {processor.py:840} INFO - DAG(s) 'example_short_circuit_decorator' retrieved from /usr/local/lib/python3.8/site-packages/airflow/example_dags/example_short_circuit_decorator.py
[2024-03-18T10:23:24.900+0200] {logging_mixin.py:188} INFO - [2024-03-18T10:23:24.900+0200] {dag.py:3047} INFO - Sync 1 DAGs
[2024-03-18T10:23:24.920+0200] {logging_mixin.py:188} INFO - [2024-03-18T10:23:24.920+0200] {dag.py:3834} INFO - Setting next_dagrun for example_short_circuit_decorator to 2024-03-17 00:00:00+00:00, run_after=2024-03-18 00:00:00+00:00
[2024-03-18T10:23:24.935+0200] {processor.py:183} INFO - Processing /usr/local/lib/python3.8/site-packages/airflow/example_dags/example_short_circuit_decorator.py took 0.238 seconds
[2024-03-18T10:24:13.700+0200] {processor.py:161} INFO - Started process (PID=12096) to work on /usr/local/lib/python3.8/site-packages/airflow/example_dags/example_short_circuit_decorator.py
[2024-03-18T10:24:13.701+0200] {processor.py:830} INFO - Processing file /usr/local/lib/python3.8/site-packages/airflow/example_dags/example_short_circuit_decorator.py for tasks to queue
[2024-03-18T10:24:13.702+0200] {logging_mixin.py:188} INFO - [2024-03-18T10:24:13.702+0200] {dagbag.py:540} INFO - Filling up the DagBag from /usr/local/lib/python3.8/site-packages/airflow/example_dags/example_short_circuit_decorator.py
[2024-03-18T10:24:13.738+0200] {processor.py:840} INFO - DAG(s) 'example_short_circuit_decorator' retrieved from /usr/local/lib/python3.8/site-packages/airflow/example_dags/example_short_circuit_decorator.py
[2024-03-18T10:24:13.931+0200] {logging_mixin.py:188} INFO - [2024-03-18T10:24:13.931+0200] {dag.py:3047} INFO - Sync 1 DAGs
[2024-03-18T10:24:13.957+0200] {logging_mixin.py:188} INFO - [2024-03-18T10:24:13.957+0200] {dag.py:3834} INFO - Setting next_dagrun for example_short_circuit_decorator to 2024-03-17 00:00:00+00:00, run_after=2024-03-18 00:00:00+00:00
[2024-03-18T10:24:13.979+0200] {processor.py:183} INFO - Processing /usr/local/lib/python3.8/site-packages/airflow/example_dags/example_short_circuit_decorator.py took 0.281 seconds
[2024-03-18T10:25:07.892+0200] {processor.py:161} INFO - Started process (PID=12309) to work on /usr/local/lib/python3.8/site-packages/airflow/example_dags/example_short_circuit_decorator.py
[2024-03-18T10:25:07.893+0200] {processor.py:830} INFO - Processing file /usr/local/lib/python3.8/site-packages/airflow/example_dags/example_short_circuit_decorator.py for tasks to queue
[2024-03-18T10:25:07.893+0200] {logging_mixin.py:188} INFO - [2024-03-18T10:25:07.893+0200] {dagbag.py:540} INFO - Filling up the DagBag from /usr/local/lib/python3.8/site-packages/airflow/example_dags/example_short_circuit_decorator.py
[2024-03-18T10:25:07.927+0200] {processor.py:840} INFO - DAG(s) 'example_short_circuit_decorator' retrieved from /usr/local/lib/python3.8/site-packages/airflow/example_dags/example_short_circuit_decorator.py
[2024-03-18T10:25:08.094+0200] {logging_mixin.py:188} INFO - [2024-03-18T10:25:08.094+0200] {dag.py:3047} INFO - Sync 1 DAGs
[2024-03-18T10:25:08.127+0200] {logging_mixin.py:188} INFO - [2024-03-18T10:25:08.127+0200] {dag.py:3834} INFO - Setting next_dagrun for example_short_circuit_decorator to 2024-03-17 00:00:00+00:00, run_after=2024-03-18 00:00:00+00:00
[2024-03-18T10:25:08.142+0200] {processor.py:183} INFO - Processing /usr/local/lib/python3.8/site-packages/airflow/example_dags/example_short_circuit_decorator.py took 0.253 seconds
[2024-03-18T10:26:01.723+0200] {processor.py:161} INFO - Started process (PID=12711) to work on /usr/local/lib/python3.8/site-packages/airflow/example_dags/example_short_circuit_decorator.py
[2024-03-18T10:26:01.724+0200] {processor.py:830} INFO - Processing file /usr/local/lib/python3.8/site-packages/airflow/example_dags/example_short_circuit_decorator.py for tasks to queue
[2024-03-18T10:26:01.725+0200] {logging_mixin.py:188} INFO - [2024-03-18T10:26:01.725+0200] {dagbag.py:540} INFO - Filling up the DagBag from /usr/local/lib/python3.8/site-packages/airflow/example_dags/example_short_circuit_decorator.py
[2024-03-18T10:26:01.761+0200] {processor.py:840} INFO - DAG(s) 'example_short_circuit_decorator' retrieved from /usr/local/lib/python3.8/site-packages/airflow/example_dags/example_short_circuit_decorator.py
[2024-03-18T10:26:01.927+0200] {logging_mixin.py:188} INFO - [2024-03-18T10:26:01.926+0200] {dag.py:3047} INFO - Sync 1 DAGs
[2024-03-18T10:26:01.964+0200] {logging_mixin.py:188} INFO - [2024-03-18T10:26:01.964+0200] {dag.py:3834} INFO - Setting next_dagrun for example_short_circuit_decorator to 2024-03-17 00:00:00+00:00, run_after=2024-03-18 00:00:00+00:00
[2024-03-18T10:26:01.980+0200] {processor.py:183} INFO - Processing /usr/local/lib/python3.8/site-packages/airflow/example_dags/example_short_circuit_decorator.py took 0.258 seconds
[2024-03-18T10:26:48.116+0200] {processor.py:161} INFO - Started process (PID=13076) to work on /usr/local/lib/python3.8/site-packages/airflow/example_dags/example_short_circuit_decorator.py
[2024-03-18T10:26:48.117+0200] {processor.py:830} INFO - Processing file /usr/local/lib/python3.8/site-packages/airflow/example_dags/example_short_circuit_decorator.py for tasks to queue
[2024-03-18T10:26:48.118+0200] {logging_mixin.py:188} INFO - [2024-03-18T10:26:48.117+0200] {dagbag.py:540} INFO - Filling up the DagBag from /usr/local/lib/python3.8/site-packages/airflow/example_dags/example_short_circuit_decorator.py
[2024-03-18T10:26:48.162+0200] {processor.py:840} INFO - DAG(s) 'example_short_circuit_decorator' retrieved from /usr/local/lib/python3.8/site-packages/airflow/example_dags/example_short_circuit_decorator.py
[2024-03-18T10:26:48.192+0200] {logging_mixin.py:188} INFO - [2024-03-18T10:26:48.192+0200] {dag.py:3047} INFO - Sync 1 DAGs
[2024-03-18T10:26:48.378+0200] {logging_mixin.py:188} INFO - [2024-03-18T10:26:48.377+0200] {dag.py:3834} INFO - Setting next_dagrun for example_short_circuit_decorator to 2024-03-17 00:00:00+00:00, run_after=2024-03-18 00:00:00+00:00
[2024-03-18T10:26:48.415+0200] {processor.py:183} INFO - Processing /usr/local/lib/python3.8/site-packages/airflow/example_dags/example_short_circuit_decorator.py took 0.301 seconds
[2024-03-18T10:27:39.209+0200] {processor.py:161} INFO - Started process (PID=13363) to work on /usr/local/lib/python3.8/site-packages/airflow/example_dags/example_short_circuit_decorator.py
[2024-03-18T10:27:39.210+0200] {processor.py:830} INFO - Processing file /usr/local/lib/python3.8/site-packages/airflow/example_dags/example_short_circuit_decorator.py for tasks to queue
[2024-03-18T10:27:39.210+0200] {logging_mixin.py:188} INFO - [2024-03-18T10:27:39.210+0200] {dagbag.py:540} INFO - Filling up the DagBag from /usr/local/lib/python3.8/site-packages/airflow/example_dags/example_short_circuit_decorator.py
[2024-03-18T10:27:39.245+0200] {processor.py:840} INFO - DAG(s) 'example_short_circuit_decorator' retrieved from /usr/local/lib/python3.8/site-packages/airflow/example_dags/example_short_circuit_decorator.py
[2024-03-18T10:27:39.516+0200] {logging_mixin.py:188} INFO - [2024-03-18T10:27:39.516+0200] {dag.py:3047} INFO - Sync 1 DAGs
[2024-03-18T10:27:39.535+0200] {logging_mixin.py:188} INFO - [2024-03-18T10:27:39.535+0200] {dag.py:3834} INFO - Setting next_dagrun for example_short_circuit_decorator to 2024-03-17 00:00:00+00:00, run_after=2024-03-18 00:00:00+00:00
[2024-03-18T10:27:39.568+0200] {processor.py:183} INFO - Processing /usr/local/lib/python3.8/site-packages/airflow/example_dags/example_short_circuit_decorator.py took 0.361 seconds
[2024-03-18T10:28:25.595+0200] {processor.py:161} INFO - Started process (PID=13531) to work on /usr/local/lib/python3.8/site-packages/airflow/example_dags/example_short_circuit_decorator.py
[2024-03-18T10:28:25.596+0200] {processor.py:830} INFO - Processing file /usr/local/lib/python3.8/site-packages/airflow/example_dags/example_short_circuit_decorator.py for tasks to queue
[2024-03-18T10:28:25.596+0200] {logging_mixin.py:188} INFO - [2024-03-18T10:28:25.596+0200] {dagbag.py:540} INFO - Filling up the DagBag from /usr/local/lib/python3.8/site-packages/airflow/example_dags/example_short_circuit_decorator.py
[2024-03-18T10:28:25.633+0200] {processor.py:840} INFO - DAG(s) 'example_short_circuit_decorator' retrieved from /usr/local/lib/python3.8/site-packages/airflow/example_dags/example_short_circuit_decorator.py
[2024-03-18T10:28:25.811+0200] {logging_mixin.py:188} INFO - [2024-03-18T10:28:25.811+0200] {dag.py:3047} INFO - Sync 1 DAGs
[2024-03-18T10:28:25.833+0200] {logging_mixin.py:188} INFO - [2024-03-18T10:28:25.832+0200] {dag.py:3834} INFO - Setting next_dagrun for example_short_circuit_decorator to 2024-03-17 00:00:00+00:00, run_after=2024-03-18 00:00:00+00:00
[2024-03-18T10:28:25.866+0200] {processor.py:183} INFO - Processing /usr/local/lib/python3.8/site-packages/airflow/example_dags/example_short_circuit_decorator.py took 0.273 seconds
[2024-03-18T10:29:12.312+0200] {processor.py:161} INFO - Started process (PID=13709) to work on /usr/local/lib/python3.8/site-packages/airflow/example_dags/example_short_circuit_decorator.py
[2024-03-18T10:29:12.313+0200] {processor.py:830} INFO - Processing file /usr/local/lib/python3.8/site-packages/airflow/example_dags/example_short_circuit_decorator.py for tasks to queue
[2024-03-18T10:29:12.314+0200] {logging_mixin.py:188} INFO - [2024-03-18T10:29:12.314+0200] {dagbag.py:540} INFO - Filling up the DagBag from /usr/local/lib/python3.8/site-packages/airflow/example_dags/example_short_circuit_decorator.py
[2024-03-18T10:29:12.349+0200] {processor.py:840} INFO - DAG(s) 'example_short_circuit_decorator' retrieved from /usr/local/lib/python3.8/site-packages/airflow/example_dags/example_short_circuit_decorator.py
[2024-03-18T10:29:12.510+0200] {logging_mixin.py:188} INFO - [2024-03-18T10:29:12.510+0200] {dag.py:3047} INFO - Sync 1 DAGs
[2024-03-18T10:29:12.527+0200] {logging_mixin.py:188} INFO - [2024-03-18T10:29:12.527+0200] {dag.py:3834} INFO - Setting next_dagrun for example_short_circuit_decorator to 2024-03-17 00:00:00+00:00, run_after=2024-03-18 00:00:00+00:00
[2024-03-18T10:29:12.541+0200] {processor.py:183} INFO - Processing /usr/local/lib/python3.8/site-packages/airflow/example_dags/example_short_circuit_decorator.py took 0.230 seconds
[2024-03-18T10:29:54.526+0200] {processor.py:161} INFO - Started process (PID=13866) to work on /usr/local/lib/python3.8/site-packages/airflow/example_dags/example_short_circuit_decorator.py
[2024-03-18T10:29:54.527+0200] {processor.py:830} INFO - Processing file /usr/local/lib/python3.8/site-packages/airflow/example_dags/example_short_circuit_decorator.py for tasks to queue
[2024-03-18T10:29:54.527+0200] {logging_mixin.py:188} INFO - [2024-03-18T10:29:54.527+0200] {dagbag.py:540} INFO - Filling up the DagBag from /usr/local/lib/python3.8/site-packages/airflow/example_dags/example_short_circuit_decorator.py
[2024-03-18T10:29:54.565+0200] {processor.py:840} INFO - DAG(s) 'example_short_circuit_decorator' retrieved from /usr/local/lib/python3.8/site-packages/airflow/example_dags/example_short_circuit_decorator.py
[2024-03-18T10:29:54.738+0200] {logging_mixin.py:188} INFO - [2024-03-18T10:29:54.738+0200] {dag.py:3047} INFO - Sync 1 DAGs
[2024-03-18T10:29:54.773+0200] {logging_mixin.py:188} INFO - [2024-03-18T10:29:54.772+0200] {dag.py:3834} INFO - Setting next_dagrun for example_short_circuit_decorator to 2024-03-17 00:00:00+00:00, run_after=2024-03-18 00:00:00+00:00
[2024-03-18T10:29:54.789+0200] {processor.py:183} INFO - Processing /usr/local/lib/python3.8/site-packages/airflow/example_dags/example_short_circuit_decorator.py took 0.265 seconds
[2024-03-18T10:30:37.274+0200] {processor.py:161} INFO - Started process (PID=14028) to work on /usr/local/lib/python3.8/site-packages/airflow/example_dags/example_short_circuit_decorator.py
[2024-03-18T10:30:37.275+0200] {processor.py:830} INFO - Processing file /usr/local/lib/python3.8/site-packages/airflow/example_dags/example_short_circuit_decorator.py for tasks to queue
[2024-03-18T10:30:37.276+0200] {logging_mixin.py:188} INFO - [2024-03-18T10:30:37.276+0200] {dagbag.py:540} INFO - Filling up the DagBag from /usr/local/lib/python3.8/site-packages/airflow/example_dags/example_short_circuit_decorator.py
[2024-03-18T10:30:37.318+0200] {processor.py:840} INFO - DAG(s) 'example_short_circuit_decorator' retrieved from /usr/local/lib/python3.8/site-packages/airflow/example_dags/example_short_circuit_decorator.py
[2024-03-18T10:30:37.485+0200] {logging_mixin.py:188} INFO - [2024-03-18T10:30:37.485+0200] {dag.py:3047} INFO - Sync 1 DAGs
[2024-03-18T10:30:37.519+0200] {logging_mixin.py:188} INFO - [2024-03-18T10:30:37.519+0200] {dag.py:3834} INFO - Setting next_dagrun for example_short_circuit_decorator to 2024-03-17 00:00:00+00:00, run_after=2024-03-18 00:00:00+00:00
[2024-03-18T10:30:37.532+0200] {processor.py:183} INFO - Processing /usr/local/lib/python3.8/site-packages/airflow/example_dags/example_short_circuit_decorator.py took 0.259 seconds
[2024-03-18T10:31:17.078+0200] {processor.py:161} INFO - Started process (PID=14187) to work on /usr/local/lib/python3.8/site-packages/airflow/example_dags/example_short_circuit_decorator.py
[2024-03-18T10:31:17.080+0200] {processor.py:830} INFO - Processing file /usr/local/lib/python3.8/site-packages/airflow/example_dags/example_short_circuit_decorator.py for tasks to queue
[2024-03-18T10:31:17.081+0200] {logging_mixin.py:188} INFO - [2024-03-18T10:31:17.080+0200] {dagbag.py:540} INFO - Filling up the DagBag from /usr/local/lib/python3.8/site-packages/airflow/example_dags/example_short_circuit_decorator.py
[2024-03-18T10:31:17.141+0200] {processor.py:840} INFO - DAG(s) 'example_short_circuit_decorator' retrieved from /usr/local/lib/python3.8/site-packages/airflow/example_dags/example_short_circuit_decorator.py
[2024-03-18T10:31:17.362+0200] {logging_mixin.py:188} INFO - [2024-03-18T10:31:17.361+0200] {dag.py:3047} INFO - Sync 1 DAGs
[2024-03-18T10:31:17.389+0200] {logging_mixin.py:188} INFO - [2024-03-18T10:31:17.389+0200] {dag.py:3834} INFO - Setting next_dagrun for example_short_circuit_decorator to 2024-03-17 00:00:00+00:00, run_after=2024-03-18 00:00:00+00:00
[2024-03-18T10:31:17.427+0200] {processor.py:183} INFO - Processing /usr/local/lib/python3.8/site-packages/airflow/example_dags/example_short_circuit_decorator.py took 0.352 seconds
[2024-03-18T10:31:58.067+0200] {processor.py:161} INFO - Started process (PID=14356) to work on /usr/local/lib/python3.8/site-packages/airflow/example_dags/example_short_circuit_decorator.py
[2024-03-18T10:31:58.068+0200] {processor.py:830} INFO - Processing file /usr/local/lib/python3.8/site-packages/airflow/example_dags/example_short_circuit_decorator.py for tasks to queue
[2024-03-18T10:31:58.069+0200] {logging_mixin.py:188} INFO - [2024-03-18T10:31:58.068+0200] {dagbag.py:540} INFO - Filling up the DagBag from /usr/local/lib/python3.8/site-packages/airflow/example_dags/example_short_circuit_decorator.py
[2024-03-18T10:31:58.104+0200] {processor.py:840} INFO - DAG(s) 'example_short_circuit_decorator' retrieved from /usr/local/lib/python3.8/site-packages/airflow/example_dags/example_short_circuit_decorator.py
[2024-03-18T10:31:58.258+0200] {logging_mixin.py:188} INFO - [2024-03-18T10:31:58.257+0200] {dag.py:3047} INFO - Sync 1 DAGs
[2024-03-18T10:31:58.277+0200] {logging_mixin.py:188} INFO - [2024-03-18T10:31:58.277+0200] {dag.py:3834} INFO - Setting next_dagrun for example_short_circuit_decorator to 2024-03-17 00:00:00+00:00, run_after=2024-03-18 00:00:00+00:00
[2024-03-18T10:31:58.308+0200] {processor.py:183} INFO - Processing /usr/local/lib/python3.8/site-packages/airflow/example_dags/example_short_circuit_decorator.py took 0.242 seconds
