[2024-03-18T09:42:40.605+0200] {processor.py:161} INFO - Started process (PID=1719) to work on /usr/local/lib/python3.8/site-packages/airflow/example_dags/example_branch_python_dop_operator_3.py
[2024-03-18T09:42:40.607+0200] {processor.py:830} INFO - Processing file /usr/local/lib/python3.8/site-packages/airflow/example_dags/example_branch_python_dop_operator_3.py for tasks to queue
[2024-03-18T09:42:40.608+0200] {logging_mixin.py:188} INFO - [2024-03-18T09:42:40.608+0200] {dagbag.py:540} INFO - Filling up the DagBag from /usr/local/lib/python3.8/site-packages/airflow/example_dags/example_branch_python_dop_operator_3.py
[2024-03-18T09:42:40.649+0200] {processor.py:840} INFO - DAG(s) 'example_branch_dop_operator_v3' retrieved from /usr/local/lib/python3.8/site-packages/airflow/example_dags/example_branch_python_dop_operator_3.py
[2024-03-18T09:42:40.960+0200] {logging_mixin.py:188} INFO - [2024-03-18T09:42:40.960+0200] {dag.py:3047} INFO - Sync 1 DAGs
[2024-03-18T09:42:41.001+0200] {logging_mixin.py:188} INFO - [2024-03-18T09:42:41.000+0200] {dag.py:3834} INFO - Setting next_dagrun for example_branch_dop_operator_v3 to 2024-03-18 07:41:00+00:00, run_after=2024-03-18 07:42:00+00:00
[2024-03-18T09:42:41.026+0200] {processor.py:183} INFO - Processing /usr/local/lib/python3.8/site-packages/airflow/example_dags/example_branch_python_dop_operator_3.py took 0.422 seconds
[2024-03-18T09:43:30.382+0200] {processor.py:161} INFO - Started process (PID=1935) to work on /usr/local/lib/python3.8/site-packages/airflow/example_dags/example_branch_python_dop_operator_3.py
[2024-03-18T09:43:30.383+0200] {processor.py:830} INFO - Processing file /usr/local/lib/python3.8/site-packages/airflow/example_dags/example_branch_python_dop_operator_3.py for tasks to queue
[2024-03-18T09:43:30.384+0200] {logging_mixin.py:188} INFO - [2024-03-18T09:43:30.383+0200] {dagbag.py:540} INFO - Filling up the DagBag from /usr/local/lib/python3.8/site-packages/airflow/example_dags/example_branch_python_dop_operator_3.py
[2024-03-18T09:43:30.413+0200] {processor.py:840} INFO - DAG(s) 'example_branch_dop_operator_v3' retrieved from /usr/local/lib/python3.8/site-packages/airflow/example_dags/example_branch_python_dop_operator_3.py
[2024-03-18T09:43:30.563+0200] {logging_mixin.py:188} INFO - [2024-03-18T09:43:30.563+0200] {dag.py:3047} INFO - Sync 1 DAGs
[2024-03-18T09:43:30.601+0200] {logging_mixin.py:188} INFO - [2024-03-18T09:43:30.601+0200] {dag.py:3834} INFO - Setting next_dagrun for example_branch_dop_operator_v3 to 2024-03-18 07:42:00+00:00, run_after=2024-03-18 07:43:00+00:00
[2024-03-18T09:43:30.614+0200] {processor.py:183} INFO - Processing /usr/local/lib/python3.8/site-packages/airflow/example_dags/example_branch_python_dop_operator_3.py took 0.233 seconds
[2024-03-18T09:44:21.792+0200] {processor.py:161} INFO - Started process (PID=2165) to work on /usr/local/lib/python3.8/site-packages/airflow/example_dags/example_branch_python_dop_operator_3.py
[2024-03-18T09:44:21.793+0200] {processor.py:830} INFO - Processing file /usr/local/lib/python3.8/site-packages/airflow/example_dags/example_branch_python_dop_operator_3.py for tasks to queue
[2024-03-18T09:44:21.794+0200] {logging_mixin.py:188} INFO - [2024-03-18T09:44:21.793+0200] {dagbag.py:540} INFO - Filling up the DagBag from /usr/local/lib/python3.8/site-packages/airflow/example_dags/example_branch_python_dop_operator_3.py
[2024-03-18T09:44:21.830+0200] {processor.py:840} INFO - DAG(s) 'example_branch_dop_operator_v3' retrieved from /usr/local/lib/python3.8/site-packages/airflow/example_dags/example_branch_python_dop_operator_3.py
[2024-03-18T09:44:21.991+0200] {logging_mixin.py:188} INFO - [2024-03-18T09:44:21.991+0200] {dag.py:3047} INFO - Sync 1 DAGs
[2024-03-18T09:44:22.017+0200] {logging_mixin.py:188} INFO - [2024-03-18T09:44:22.017+0200] {dag.py:3834} INFO - Setting next_dagrun for example_branch_dop_operator_v3 to 2024-03-18 07:43:00+00:00, run_after=2024-03-18 07:44:00+00:00
[2024-03-18T09:44:22.040+0200] {processor.py:183} INFO - Processing /usr/local/lib/python3.8/site-packages/airflow/example_dags/example_branch_python_dop_operator_3.py took 0.250 seconds
[2024-03-18T09:45:11.997+0200] {processor.py:161} INFO - Started process (PID=2432) to work on /usr/local/lib/python3.8/site-packages/airflow/example_dags/example_branch_python_dop_operator_3.py
[2024-03-18T09:45:11.998+0200] {processor.py:830} INFO - Processing file /usr/local/lib/python3.8/site-packages/airflow/example_dags/example_branch_python_dop_operator_3.py for tasks to queue
[2024-03-18T09:45:11.998+0200] {logging_mixin.py:188} INFO - [2024-03-18T09:45:11.998+0200] {dagbag.py:540} INFO - Filling up the DagBag from /usr/local/lib/python3.8/site-packages/airflow/example_dags/example_branch_python_dop_operator_3.py
[2024-03-18T09:45:12.031+0200] {processor.py:840} INFO - DAG(s) 'example_branch_dop_operator_v3' retrieved from /usr/local/lib/python3.8/site-packages/airflow/example_dags/example_branch_python_dop_operator_3.py
[2024-03-18T09:45:12.181+0200] {logging_mixin.py:188} INFO - [2024-03-18T09:45:12.180+0200] {dag.py:3047} INFO - Sync 1 DAGs
[2024-03-18T09:45:12.206+0200] {logging_mixin.py:188} INFO - [2024-03-18T09:45:12.206+0200] {dag.py:3834} INFO - Setting next_dagrun for example_branch_dop_operator_v3 to 2024-03-18 07:44:00+00:00, run_after=2024-03-18 07:45:00+00:00
[2024-03-18T09:45:12.221+0200] {processor.py:183} INFO - Processing /usr/local/lib/python3.8/site-packages/airflow/example_dags/example_branch_python_dop_operator_3.py took 0.226 seconds
[2024-03-18T09:45:59.082+0200] {processor.py:161} INFO - Started process (PID=2628) to work on /usr/local/lib/python3.8/site-packages/airflow/example_dags/example_branch_python_dop_operator_3.py
[2024-03-18T09:45:59.082+0200] {processor.py:830} INFO - Processing file /usr/local/lib/python3.8/site-packages/airflow/example_dags/example_branch_python_dop_operator_3.py for tasks to queue
[2024-03-18T09:45:59.083+0200] {logging_mixin.py:188} INFO - [2024-03-18T09:45:59.083+0200] {dagbag.py:540} INFO - Filling up the DagBag from /usr/local/lib/python3.8/site-packages/airflow/example_dags/example_branch_python_dop_operator_3.py
[2024-03-18T09:45:59.112+0200] {processor.py:840} INFO - DAG(s) 'example_branch_dop_operator_v3' retrieved from /usr/local/lib/python3.8/site-packages/airflow/example_dags/example_branch_python_dop_operator_3.py
[2024-03-18T09:45:59.261+0200] {logging_mixin.py:188} INFO - [2024-03-18T09:45:59.261+0200] {dag.py:3047} INFO - Sync 1 DAGs
[2024-03-18T09:45:59.302+0200] {logging_mixin.py:188} INFO - [2024-03-18T09:45:59.302+0200] {dag.py:3834} INFO - Setting next_dagrun for example_branch_dop_operator_v3 to 2024-03-18 07:44:00+00:00, run_after=2024-03-18 07:45:00+00:00
[2024-03-18T09:45:59.317+0200] {processor.py:183} INFO - Processing /usr/local/lib/python3.8/site-packages/airflow/example_dags/example_branch_python_dop_operator_3.py took 0.237 seconds
[2024-03-18T09:46:49.498+0200] {processor.py:161} INFO - Started process (PID=2917) to work on /usr/local/lib/python3.8/site-packages/airflow/example_dags/example_branch_python_dop_operator_3.py
[2024-03-18T09:46:49.499+0200] {processor.py:830} INFO - Processing file /usr/local/lib/python3.8/site-packages/airflow/example_dags/example_branch_python_dop_operator_3.py for tasks to queue
[2024-03-18T09:46:49.499+0200] {logging_mixin.py:188} INFO - [2024-03-18T09:46:49.499+0200] {dagbag.py:540} INFO - Filling up the DagBag from /usr/local/lib/python3.8/site-packages/airflow/example_dags/example_branch_python_dop_operator_3.py
[2024-03-18T09:46:49.538+0200] {processor.py:840} INFO - DAG(s) 'example_branch_dop_operator_v3' retrieved from /usr/local/lib/python3.8/site-packages/airflow/example_dags/example_branch_python_dop_operator_3.py
[2024-03-18T09:46:49.692+0200] {logging_mixin.py:188} INFO - [2024-03-18T09:46:49.692+0200] {dag.py:3047} INFO - Sync 1 DAGs
[2024-03-18T09:46:49.715+0200] {logging_mixin.py:188} INFO - [2024-03-18T09:46:49.715+0200] {dag.py:3834} INFO - Setting next_dagrun for example_branch_dop_operator_v3 to 2024-03-18 07:45:00+00:00, run_after=2024-03-18 07:46:00+00:00
[2024-03-18T09:46:49.746+0200] {processor.py:183} INFO - Processing /usr/local/lib/python3.8/site-packages/airflow/example_dags/example_branch_python_dop_operator_3.py took 0.249 seconds
[2024-03-18T09:47:35.700+0200] {processor.py:161} INFO - Started process (PID=3099) to work on /usr/local/lib/python3.8/site-packages/airflow/example_dags/example_branch_python_dop_operator_3.py
[2024-03-18T09:47:35.701+0200] {processor.py:830} INFO - Processing file /usr/local/lib/python3.8/site-packages/airflow/example_dags/example_branch_python_dop_operator_3.py for tasks to queue
[2024-03-18T09:47:35.701+0200] {logging_mixin.py:188} INFO - [2024-03-18T09:47:35.701+0200] {dagbag.py:540} INFO - Filling up the DagBag from /usr/local/lib/python3.8/site-packages/airflow/example_dags/example_branch_python_dop_operator_3.py
[2024-03-18T09:47:35.733+0200] {processor.py:840} INFO - DAG(s) 'example_branch_dop_operator_v3' retrieved from /usr/local/lib/python3.8/site-packages/airflow/example_dags/example_branch_python_dop_operator_3.py
[2024-03-18T09:47:35.884+0200] {logging_mixin.py:188} INFO - [2024-03-18T09:47:35.883+0200] {dag.py:3047} INFO - Sync 1 DAGs
[2024-03-18T09:47:35.911+0200] {logging_mixin.py:188} INFO - [2024-03-18T09:47:35.911+0200] {dag.py:3834} INFO - Setting next_dagrun for example_branch_dop_operator_v3 to 2024-03-18 07:46:00+00:00, run_after=2024-03-18 07:47:00+00:00
[2024-03-18T09:47:35.942+0200] {processor.py:183} INFO - Processing /usr/local/lib/python3.8/site-packages/airflow/example_dags/example_branch_python_dop_operator_3.py took 0.243 seconds
[2024-03-18T09:48:27.487+0200] {processor.py:161} INFO - Started process (PID=3284) to work on /usr/local/lib/python3.8/site-packages/airflow/example_dags/example_branch_python_dop_operator_3.py
[2024-03-18T09:48:27.488+0200] {processor.py:830} INFO - Processing file /usr/local/lib/python3.8/site-packages/airflow/example_dags/example_branch_python_dop_operator_3.py for tasks to queue
[2024-03-18T09:48:27.488+0200] {logging_mixin.py:188} INFO - [2024-03-18T09:48:27.488+0200] {dagbag.py:540} INFO - Filling up the DagBag from /usr/local/lib/python3.8/site-packages/airflow/example_dags/example_branch_python_dop_operator_3.py
[2024-03-18T09:48:27.519+0200] {processor.py:840} INFO - DAG(s) 'example_branch_dop_operator_v3' retrieved from /usr/local/lib/python3.8/site-packages/airflow/example_dags/example_branch_python_dop_operator_3.py
[2024-03-18T09:48:27.683+0200] {logging_mixin.py:188} INFO - [2024-03-18T09:48:27.682+0200] {dag.py:3047} INFO - Sync 1 DAGs
[2024-03-18T09:48:27.708+0200] {logging_mixin.py:188} INFO - [2024-03-18T09:48:27.707+0200] {dag.py:3834} INFO - Setting next_dagrun for example_branch_dop_operator_v3 to 2024-03-18 07:47:00+00:00, run_after=2024-03-18 07:48:00+00:00
[2024-03-18T09:48:27.740+0200] {processor.py:183} INFO - Processing /usr/local/lib/python3.8/site-packages/airflow/example_dags/example_branch_python_dop_operator_3.py took 0.254 seconds
[2024-03-18T09:49:19.551+0200] {processor.py:161} INFO - Started process (PID=3482) to work on /usr/local/lib/python3.8/site-packages/airflow/example_dags/example_branch_python_dop_operator_3.py
[2024-03-18T09:49:19.552+0200] {processor.py:830} INFO - Processing file /usr/local/lib/python3.8/site-packages/airflow/example_dags/example_branch_python_dop_operator_3.py for tasks to queue
[2024-03-18T09:49:19.553+0200] {logging_mixin.py:188} INFO - [2024-03-18T09:49:19.553+0200] {dagbag.py:540} INFO - Filling up the DagBag from /usr/local/lib/python3.8/site-packages/airflow/example_dags/example_branch_python_dop_operator_3.py
[2024-03-18T09:49:19.589+0200] {processor.py:840} INFO - DAG(s) 'example_branch_dop_operator_v3' retrieved from /usr/local/lib/python3.8/site-packages/airflow/example_dags/example_branch_python_dop_operator_3.py
[2024-03-18T09:49:19.765+0200] {logging_mixin.py:188} INFO - [2024-03-18T09:49:19.765+0200] {dag.py:3047} INFO - Sync 1 DAGs
[2024-03-18T09:49:19.805+0200] {logging_mixin.py:188} INFO - [2024-03-18T09:49:19.805+0200] {dag.py:3834} INFO - Setting next_dagrun for example_branch_dop_operator_v3 to 2024-03-18 07:48:00+00:00, run_after=2024-03-18 07:49:00+00:00
[2024-03-18T09:49:19.841+0200] {processor.py:183} INFO - Processing /usr/local/lib/python3.8/site-packages/airflow/example_dags/example_branch_python_dop_operator_3.py took 0.291 seconds
[2024-03-18T09:50:00.886+0200] {processor.py:161} INFO - Started process (PID=3653) to work on /usr/local/lib/python3.8/site-packages/airflow/example_dags/example_branch_python_dop_operator_3.py
[2024-03-18T09:50:00.887+0200] {processor.py:830} INFO - Processing file /usr/local/lib/python3.8/site-packages/airflow/example_dags/example_branch_python_dop_operator_3.py for tasks to queue
[2024-03-18T09:50:00.888+0200] {logging_mixin.py:188} INFO - [2024-03-18T09:50:00.887+0200] {dagbag.py:540} INFO - Filling up the DagBag from /usr/local/lib/python3.8/site-packages/airflow/example_dags/example_branch_python_dop_operator_3.py
[2024-03-18T09:50:00.920+0200] {processor.py:840} INFO - DAG(s) 'example_branch_dop_operator_v3' retrieved from /usr/local/lib/python3.8/site-packages/airflow/example_dags/example_branch_python_dop_operator_3.py
[2024-03-18T09:50:01.060+0200] {logging_mixin.py:188} INFO - [2024-03-18T09:50:01.060+0200] {dag.py:3047} INFO - Sync 1 DAGs
[2024-03-18T09:50:01.095+0200] {logging_mixin.py:188} INFO - [2024-03-18T09:50:01.095+0200] {dag.py:3834} INFO - Setting next_dagrun for example_branch_dop_operator_v3 to 2024-03-18 07:49:00+00:00, run_after=2024-03-18 07:50:00+00:00
[2024-03-18T09:50:01.108+0200] {processor.py:183} INFO - Processing /usr/local/lib/python3.8/site-packages/airflow/example_dags/example_branch_python_dop_operator_3.py took 0.223 seconds
[2024-03-18T09:50:45.095+0200] {processor.py:161} INFO - Started process (PID=3835) to work on /usr/local/lib/python3.8/site-packages/airflow/example_dags/example_branch_python_dop_operator_3.py
[2024-03-18T09:50:45.096+0200] {processor.py:830} INFO - Processing file /usr/local/lib/python3.8/site-packages/airflow/example_dags/example_branch_python_dop_operator_3.py for tasks to queue
[2024-03-18T09:50:45.096+0200] {logging_mixin.py:188} INFO - [2024-03-18T09:50:45.096+0200] {dagbag.py:540} INFO - Filling up the DagBag from /usr/local/lib/python3.8/site-packages/airflow/example_dags/example_branch_python_dop_operator_3.py
[2024-03-18T09:50:45.128+0200] {processor.py:840} INFO - DAG(s) 'example_branch_dop_operator_v3' retrieved from /usr/local/lib/python3.8/site-packages/airflow/example_dags/example_branch_python_dop_operator_3.py
[2024-03-18T09:50:45.280+0200] {logging_mixin.py:188} INFO - [2024-03-18T09:50:45.280+0200] {dag.py:3047} INFO - Sync 1 DAGs
[2024-03-18T09:50:45.302+0200] {logging_mixin.py:188} INFO - [2024-03-18T09:50:45.302+0200] {dag.py:3834} INFO - Setting next_dagrun for example_branch_dop_operator_v3 to 2024-03-18 07:49:00+00:00, run_after=2024-03-18 07:50:00+00:00
[2024-03-18T09:50:45.333+0200] {processor.py:183} INFO - Processing /usr/local/lib/python3.8/site-packages/airflow/example_dags/example_branch_python_dop_operator_3.py took 0.240 seconds
[2024-03-18T09:51:27.946+0200] {processor.py:161} INFO - Started process (PID=4009) to work on /usr/local/lib/python3.8/site-packages/airflow/example_dags/example_branch_python_dop_operator_3.py
[2024-03-18T09:51:27.947+0200] {processor.py:830} INFO - Processing file /usr/local/lib/python3.8/site-packages/airflow/example_dags/example_branch_python_dop_operator_3.py for tasks to queue
[2024-03-18T09:51:27.948+0200] {logging_mixin.py:188} INFO - [2024-03-18T09:51:27.948+0200] {dagbag.py:540} INFO - Filling up the DagBag from /usr/local/lib/python3.8/site-packages/airflow/example_dags/example_branch_python_dop_operator_3.py
[2024-03-18T09:51:27.997+0200] {processor.py:840} INFO - DAG(s) 'example_branch_dop_operator_v3' retrieved from /usr/local/lib/python3.8/site-packages/airflow/example_dags/example_branch_python_dop_operator_3.py
[2024-03-18T09:51:28.202+0200] {logging_mixin.py:188} INFO - [2024-03-18T09:51:28.202+0200] {dag.py:3047} INFO - Sync 1 DAGs
[2024-03-18T09:51:28.260+0200] {logging_mixin.py:188} INFO - [2024-03-18T09:51:28.259+0200] {dag.py:3834} INFO - Setting next_dagrun for example_branch_dop_operator_v3 to 2024-03-18 07:50:00+00:00, run_after=2024-03-18 07:51:00+00:00
[2024-03-18T09:51:28.296+0200] {processor.py:183} INFO - Processing /usr/local/lib/python3.8/site-packages/airflow/example_dags/example_branch_python_dop_operator_3.py took 0.352 seconds
[2024-03-18T09:52:21.312+0200] {processor.py:161} INFO - Started process (PID=4211) to work on /usr/local/lib/python3.8/site-packages/airflow/example_dags/example_branch_python_dop_operator_3.py
[2024-03-18T09:52:21.313+0200] {processor.py:830} INFO - Processing file /usr/local/lib/python3.8/site-packages/airflow/example_dags/example_branch_python_dop_operator_3.py for tasks to queue
[2024-03-18T09:52:21.313+0200] {logging_mixin.py:188} INFO - [2024-03-18T09:52:21.313+0200] {dagbag.py:540} INFO - Filling up the DagBag from /usr/local/lib/python3.8/site-packages/airflow/example_dags/example_branch_python_dop_operator_3.py
[2024-03-18T09:52:21.349+0200] {processor.py:840} INFO - DAG(s) 'example_branch_dop_operator_v3' retrieved from /usr/local/lib/python3.8/site-packages/airflow/example_dags/example_branch_python_dop_operator_3.py
[2024-03-18T09:52:21.501+0200] {logging_mixin.py:188} INFO - [2024-03-18T09:52:21.501+0200] {dag.py:3047} INFO - Sync 1 DAGs
[2024-03-18T09:52:21.536+0200] {logging_mixin.py:188} INFO - [2024-03-18T09:52:21.536+0200] {dag.py:3834} INFO - Setting next_dagrun for example_branch_dop_operator_v3 to 2024-03-18 07:51:00+00:00, run_after=2024-03-18 07:52:00+00:00
[2024-03-18T09:52:21.551+0200] {processor.py:183} INFO - Processing /usr/local/lib/python3.8/site-packages/airflow/example_dags/example_branch_python_dop_operator_3.py took 0.241 seconds
[2024-03-18T09:53:14.464+0200] {processor.py:161} INFO - Started process (PID=4412) to work on /usr/local/lib/python3.8/site-packages/airflow/example_dags/example_branch_python_dop_operator_3.py
[2024-03-18T09:53:14.464+0200] {processor.py:830} INFO - Processing file /usr/local/lib/python3.8/site-packages/airflow/example_dags/example_branch_python_dop_operator_3.py for tasks to queue
[2024-03-18T09:53:14.465+0200] {logging_mixin.py:188} INFO - [2024-03-18T09:53:14.465+0200] {dagbag.py:540} INFO - Filling up the DagBag from /usr/local/lib/python3.8/site-packages/airflow/example_dags/example_branch_python_dop_operator_3.py
[2024-03-18T09:53:14.494+0200] {processor.py:840} INFO - DAG(s) 'example_branch_dop_operator_v3' retrieved from /usr/local/lib/python3.8/site-packages/airflow/example_dags/example_branch_python_dop_operator_3.py
[2024-03-18T09:53:14.650+0200] {logging_mixin.py:188} INFO - [2024-03-18T09:53:14.650+0200] {dag.py:3047} INFO - Sync 1 DAGs
[2024-03-18T09:53:14.685+0200] {logging_mixin.py:188} INFO - [2024-03-18T09:53:14.685+0200] {dag.py:3834} INFO - Setting next_dagrun for example_branch_dop_operator_v3 to 2024-03-18 07:52:00+00:00, run_after=2024-03-18 07:53:00+00:00
[2024-03-18T09:53:14.701+0200] {processor.py:183} INFO - Processing /usr/local/lib/python3.8/site-packages/airflow/example_dags/example_branch_python_dop_operator_3.py took 0.238 seconds
[2024-03-18T09:53:55.917+0200] {processor.py:161} INFO - Started process (PID=4584) to work on /usr/local/lib/python3.8/site-packages/airflow/example_dags/example_branch_python_dop_operator_3.py
[2024-03-18T09:53:55.918+0200] {processor.py:830} INFO - Processing file /usr/local/lib/python3.8/site-packages/airflow/example_dags/example_branch_python_dop_operator_3.py for tasks to queue
[2024-03-18T09:53:55.919+0200] {logging_mixin.py:188} INFO - [2024-03-18T09:53:55.919+0200] {dagbag.py:540} INFO - Filling up the DagBag from /usr/local/lib/python3.8/site-packages/airflow/example_dags/example_branch_python_dop_operator_3.py
[2024-03-18T09:53:55.960+0200] {processor.py:840} INFO - DAG(s) 'example_branch_dop_operator_v3' retrieved from /usr/local/lib/python3.8/site-packages/airflow/example_dags/example_branch_python_dop_operator_3.py
[2024-03-18T09:53:56.110+0200] {logging_mixin.py:188} INFO - [2024-03-18T09:53:56.109+0200] {dag.py:3047} INFO - Sync 1 DAGs
[2024-03-18T09:53:56.142+0200] {logging_mixin.py:188} INFO - [2024-03-18T09:53:56.142+0200] {dag.py:3834} INFO - Setting next_dagrun for example_branch_dop_operator_v3 to 2024-03-18 07:52:00+00:00, run_after=2024-03-18 07:53:00+00:00
[2024-03-18T09:53:56.155+0200] {processor.py:183} INFO - Processing /usr/local/lib/python3.8/site-packages/airflow/example_dags/example_branch_python_dop_operator_3.py took 0.239 seconds
[2024-03-18T09:54:43.660+0200] {processor.py:161} INFO - Started process (PID=4755) to work on /usr/local/lib/python3.8/site-packages/airflow/example_dags/example_branch_python_dop_operator_3.py
[2024-03-18T09:54:43.661+0200] {processor.py:830} INFO - Processing file /usr/local/lib/python3.8/site-packages/airflow/example_dags/example_branch_python_dop_operator_3.py for tasks to queue
[2024-03-18T09:54:43.661+0200] {logging_mixin.py:188} INFO - [2024-03-18T09:54:43.661+0200] {dagbag.py:540} INFO - Filling up the DagBag from /usr/local/lib/python3.8/site-packages/airflow/example_dags/example_branch_python_dop_operator_3.py
[2024-03-18T09:54:43.696+0200] {processor.py:840} INFO - DAG(s) 'example_branch_dop_operator_v3' retrieved from /usr/local/lib/python3.8/site-packages/airflow/example_dags/example_branch_python_dop_operator_3.py
[2024-03-18T09:54:43.857+0200] {logging_mixin.py:188} INFO - [2024-03-18T09:54:43.857+0200] {dag.py:3047} INFO - Sync 1 DAGs
[2024-03-18T09:54:43.945+0200] {logging_mixin.py:188} INFO - [2024-03-18T09:54:43.945+0200] {dag.py:3834} INFO - Setting next_dagrun for example_branch_dop_operator_v3 to 2024-03-18 07:53:00+00:00, run_after=2024-03-18 07:54:00+00:00
[2024-03-18T09:54:43.987+0200] {processor.py:183} INFO - Processing /usr/local/lib/python3.8/site-packages/airflow/example_dags/example_branch_python_dop_operator_3.py took 0.329 seconds
[2024-03-18T09:55:29.541+0200] {processor.py:161} INFO - Started process (PID=4941) to work on /usr/local/lib/python3.8/site-packages/airflow/example_dags/example_branch_python_dop_operator_3.py
[2024-03-18T09:55:29.543+0200] {processor.py:830} INFO - Processing file /usr/local/lib/python3.8/site-packages/airflow/example_dags/example_branch_python_dop_operator_3.py for tasks to queue
[2024-03-18T09:55:29.544+0200] {logging_mixin.py:188} INFO - [2024-03-18T09:55:29.543+0200] {dagbag.py:540} INFO - Filling up the DagBag from /usr/local/lib/python3.8/site-packages/airflow/example_dags/example_branch_python_dop_operator_3.py
[2024-03-18T09:55:29.579+0200] {processor.py:840} INFO - DAG(s) 'example_branch_dop_operator_v3' retrieved from /usr/local/lib/python3.8/site-packages/airflow/example_dags/example_branch_python_dop_operator_3.py
[2024-03-18T09:55:29.728+0200] {logging_mixin.py:188} INFO - [2024-03-18T09:55:29.727+0200] {dag.py:3047} INFO - Sync 1 DAGs
[2024-03-18T09:55:29.755+0200] {logging_mixin.py:188} INFO - [2024-03-18T09:55:29.754+0200] {dag.py:3834} INFO - Setting next_dagrun for example_branch_dop_operator_v3 to 2024-03-18 07:54:00+00:00, run_after=2024-03-18 07:55:00+00:00
[2024-03-18T09:55:29.788+0200] {processor.py:183} INFO - Processing /usr/local/lib/python3.8/site-packages/airflow/example_dags/example_branch_python_dop_operator_3.py took 0.248 seconds
[2024-03-18T09:56:19.470+0200] {processor.py:161} INFO - Started process (PID=5226) to work on /usr/local/lib/python3.8/site-packages/airflow/example_dags/example_branch_python_dop_operator_3.py
[2024-03-18T09:56:19.471+0200] {processor.py:830} INFO - Processing file /usr/local/lib/python3.8/site-packages/airflow/example_dags/example_branch_python_dop_operator_3.py for tasks to queue
[2024-03-18T09:56:19.472+0200] {logging_mixin.py:188} INFO - [2024-03-18T09:56:19.472+0200] {dagbag.py:540} INFO - Filling up the DagBag from /usr/local/lib/python3.8/site-packages/airflow/example_dags/example_branch_python_dop_operator_3.py
[2024-03-18T09:56:19.506+0200] {processor.py:840} INFO - DAG(s) 'example_branch_dop_operator_v3' retrieved from /usr/local/lib/python3.8/site-packages/airflow/example_dags/example_branch_python_dop_operator_3.py
[2024-03-18T09:56:19.697+0200] {logging_mixin.py:188} INFO - [2024-03-18T09:56:19.696+0200] {dag.py:3047} INFO - Sync 1 DAGs
[2024-03-18T09:56:19.744+0200] {logging_mixin.py:188} INFO - [2024-03-18T09:56:19.744+0200] {dag.py:3834} INFO - Setting next_dagrun for example_branch_dop_operator_v3 to 2024-03-18 07:55:00+00:00, run_after=2024-03-18 07:56:00+00:00
[2024-03-18T09:56:19.765+0200] {processor.py:183} INFO - Processing /usr/local/lib/python3.8/site-packages/airflow/example_dags/example_branch_python_dop_operator_3.py took 0.297 seconds
[2024-03-18T09:57:19.071+0200] {processor.py:161} INFO - Started process (PID=5584) to work on /usr/local/lib/python3.8/site-packages/airflow/example_dags/example_branch_python_dop_operator_3.py
[2024-03-18T09:57:19.073+0200] {processor.py:830} INFO - Processing file /usr/local/lib/python3.8/site-packages/airflow/example_dags/example_branch_python_dop_operator_3.py for tasks to queue
[2024-03-18T09:57:19.074+0200] {logging_mixin.py:188} INFO - [2024-03-18T09:57:19.074+0200] {dagbag.py:540} INFO - Filling up the DagBag from /usr/local/lib/python3.8/site-packages/airflow/example_dags/example_branch_python_dop_operator_3.py
[2024-03-18T09:57:19.116+0200] {processor.py:840} INFO - DAG(s) 'example_branch_dop_operator_v3' retrieved from /usr/local/lib/python3.8/site-packages/airflow/example_dags/example_branch_python_dop_operator_3.py
[2024-03-18T09:57:19.287+0200] {logging_mixin.py:188} INFO - [2024-03-18T09:57:19.287+0200] {dag.py:3047} INFO - Sync 1 DAGs
[2024-03-18T09:57:19.314+0200] {logging_mixin.py:188} INFO - [2024-03-18T09:57:19.314+0200] {dag.py:3834} INFO - Setting next_dagrun for example_branch_dop_operator_v3 to 2024-03-18 07:56:00+00:00, run_after=2024-03-18 07:57:00+00:00
[2024-03-18T09:57:19.345+0200] {processor.py:183} INFO - Processing /usr/local/lib/python3.8/site-packages/airflow/example_dags/example_branch_python_dop_operator_3.py took 0.276 seconds
[2024-03-18T09:58:03.948+0200] {processor.py:161} INFO - Started process (PID=5836) to work on /usr/local/lib/python3.8/site-packages/airflow/example_dags/example_branch_python_dop_operator_3.py
[2024-03-18T09:58:03.949+0200] {processor.py:830} INFO - Processing file /usr/local/lib/python3.8/site-packages/airflow/example_dags/example_branch_python_dop_operator_3.py for tasks to queue
[2024-03-18T09:58:03.949+0200] {logging_mixin.py:188} INFO - [2024-03-18T09:58:03.949+0200] {dagbag.py:540} INFO - Filling up the DagBag from /usr/local/lib/python3.8/site-packages/airflow/example_dags/example_branch_python_dop_operator_3.py
[2024-03-18T09:58:03.979+0200] {processor.py:840} INFO - DAG(s) 'example_branch_dop_operator_v3' retrieved from /usr/local/lib/python3.8/site-packages/airflow/example_dags/example_branch_python_dop_operator_3.py
[2024-03-18T09:58:04.136+0200] {logging_mixin.py:188} INFO - [2024-03-18T09:58:04.136+0200] {dag.py:3047} INFO - Sync 1 DAGs
[2024-03-18T09:58:04.161+0200] {logging_mixin.py:188} INFO - [2024-03-18T09:58:04.160+0200] {dag.py:3834} INFO - Setting next_dagrun for example_branch_dop_operator_v3 to 2024-03-18 07:57:00+00:00, run_after=2024-03-18 07:58:00+00:00
[2024-03-18T09:58:04.192+0200] {processor.py:183} INFO - Processing /usr/local/lib/python3.8/site-packages/airflow/example_dags/example_branch_python_dop_operator_3.py took 0.245 seconds
[2024-03-18T09:58:56.184+0200] {processor.py:161} INFO - Started process (PID=6022) to work on /usr/local/lib/python3.8/site-packages/airflow/example_dags/example_branch_python_dop_operator_3.py
[2024-03-18T09:58:56.185+0200] {processor.py:830} INFO - Processing file /usr/local/lib/python3.8/site-packages/airflow/example_dags/example_branch_python_dop_operator_3.py for tasks to queue
[2024-03-18T09:58:56.186+0200] {logging_mixin.py:188} INFO - [2024-03-18T09:58:56.186+0200] {dagbag.py:540} INFO - Filling up the DagBag from /usr/local/lib/python3.8/site-packages/airflow/example_dags/example_branch_python_dop_operator_3.py
[2024-03-18T09:58:56.222+0200] {processor.py:840} INFO - DAG(s) 'example_branch_dop_operator_v3' retrieved from /usr/local/lib/python3.8/site-packages/airflow/example_dags/example_branch_python_dop_operator_3.py
[2024-03-18T09:58:56.389+0200] {logging_mixin.py:188} INFO - [2024-03-18T09:58:56.389+0200] {dag.py:3047} INFO - Sync 1 DAGs
[2024-03-18T09:58:56.418+0200] {logging_mixin.py:188} INFO - [2024-03-18T09:58:56.418+0200] {dag.py:3834} INFO - Setting next_dagrun for example_branch_dop_operator_v3 to 2024-03-18 07:57:00+00:00, run_after=2024-03-18 07:58:00+00:00
[2024-03-18T09:58:56.449+0200] {processor.py:183} INFO - Processing /usr/local/lib/python3.8/site-packages/airflow/example_dags/example_branch_python_dop_operator_3.py took 0.266 seconds
[2024-03-18T09:59:43.220+0200] {processor.py:161} INFO - Started process (PID=6202) to work on /usr/local/lib/python3.8/site-packages/airflow/example_dags/example_branch_python_dop_operator_3.py
[2024-03-18T09:59:43.221+0200] {processor.py:830} INFO - Processing file /usr/local/lib/python3.8/site-packages/airflow/example_dags/example_branch_python_dop_operator_3.py for tasks to queue
[2024-03-18T09:59:43.221+0200] {logging_mixin.py:188} INFO - [2024-03-18T09:59:43.221+0200] {dagbag.py:540} INFO - Filling up the DagBag from /usr/local/lib/python3.8/site-packages/airflow/example_dags/example_branch_python_dop_operator_3.py
[2024-03-18T09:59:43.256+0200] {processor.py:840} INFO - DAG(s) 'example_branch_dop_operator_v3' retrieved from /usr/local/lib/python3.8/site-packages/airflow/example_dags/example_branch_python_dop_operator_3.py
[2024-03-18T09:59:43.434+0200] {logging_mixin.py:188} INFO - [2024-03-18T09:59:43.434+0200] {dag.py:3047} INFO - Sync 1 DAGs
[2024-03-18T09:59:43.460+0200] {logging_mixin.py:188} INFO - [2024-03-18T09:59:43.460+0200] {dag.py:3834} INFO - Setting next_dagrun for example_branch_dop_operator_v3 to 2024-03-18 07:58:00+00:00, run_after=2024-03-18 07:59:00+00:00
[2024-03-18T09:59:43.493+0200] {processor.py:183} INFO - Processing /usr/local/lib/python3.8/site-packages/airflow/example_dags/example_branch_python_dop_operator_3.py took 0.275 seconds
[2024-03-18T10:00:31.590+0200] {processor.py:161} INFO - Started process (PID=6379) to work on /usr/local/lib/python3.8/site-packages/airflow/example_dags/example_branch_python_dop_operator_3.py
[2024-03-18T10:00:31.591+0200] {processor.py:830} INFO - Processing file /usr/local/lib/python3.8/site-packages/airflow/example_dags/example_branch_python_dop_operator_3.py for tasks to queue
[2024-03-18T10:00:31.592+0200] {logging_mixin.py:188} INFO - [2024-03-18T10:00:31.592+0200] {dagbag.py:540} INFO - Filling up the DagBag from /usr/local/lib/python3.8/site-packages/airflow/example_dags/example_branch_python_dop_operator_3.py
[2024-03-18T10:00:31.632+0200] {processor.py:840} INFO - DAG(s) 'example_branch_dop_operator_v3' retrieved from /usr/local/lib/python3.8/site-packages/airflow/example_dags/example_branch_python_dop_operator_3.py
[2024-03-18T10:00:31.812+0200] {logging_mixin.py:188} INFO - [2024-03-18T10:00:31.811+0200] {dag.py:3047} INFO - Sync 1 DAGs
[2024-03-18T10:00:31.852+0200] {logging_mixin.py:188} INFO - [2024-03-18T10:00:31.851+0200] {dag.py:3834} INFO - Setting next_dagrun for example_branch_dop_operator_v3 to 2024-03-18 07:59:00+00:00, run_after=2024-03-18 08:00:00+00:00
[2024-03-18T10:00:31.887+0200] {processor.py:183} INFO - Processing /usr/local/lib/python3.8/site-packages/airflow/example_dags/example_branch_python_dop_operator_3.py took 0.299 seconds
[2024-03-18T10:01:22.466+0200] {processor.py:161} INFO - Started process (PID=6769) to work on /usr/local/lib/python3.8/site-packages/airflow/example_dags/example_branch_python_dop_operator_3.py
[2024-03-18T10:01:22.468+0200] {processor.py:830} INFO - Processing file /usr/local/lib/python3.8/site-packages/airflow/example_dags/example_branch_python_dop_operator_3.py for tasks to queue
[2024-03-18T10:01:22.468+0200] {logging_mixin.py:188} INFO - [2024-03-18T10:01:22.468+0200] {dagbag.py:540} INFO - Filling up the DagBag from /usr/local/lib/python3.8/site-packages/airflow/example_dags/example_branch_python_dop_operator_3.py
[2024-03-18T10:01:22.523+0200] {processor.py:840} INFO - DAG(s) 'example_branch_dop_operator_v3' retrieved from /usr/local/lib/python3.8/site-packages/airflow/example_dags/example_branch_python_dop_operator_3.py
[2024-03-18T10:01:22.756+0200] {logging_mixin.py:188} INFO - [2024-03-18T10:01:22.756+0200] {dag.py:3047} INFO - Sync 1 DAGs
[2024-03-18T10:01:22.801+0200] {logging_mixin.py:188} INFO - [2024-03-18T10:01:22.801+0200] {dag.py:3834} INFO - Setting next_dagrun for example_branch_dop_operator_v3 to 2024-03-18 08:00:00+00:00, run_after=2024-03-18 08:01:00+00:00
[2024-03-18T10:01:22.838+0200] {processor.py:183} INFO - Processing /usr/local/lib/python3.8/site-packages/airflow/example_dags/example_branch_python_dop_operator_3.py took 0.373 seconds
[2024-03-18T10:02:09.962+0200] {processor.py:161} INFO - Started process (PID=6974) to work on /usr/local/lib/python3.8/site-packages/airflow/example_dags/example_branch_python_dop_operator_3.py
[2024-03-18T10:02:09.963+0200] {processor.py:830} INFO - Processing file /usr/local/lib/python3.8/site-packages/airflow/example_dags/example_branch_python_dop_operator_3.py for tasks to queue
[2024-03-18T10:02:09.963+0200] {logging_mixin.py:188} INFO - [2024-03-18T10:02:09.963+0200] {dagbag.py:540} INFO - Filling up the DagBag from /usr/local/lib/python3.8/site-packages/airflow/example_dags/example_branch_python_dop_operator_3.py
[2024-03-18T10:02:09.997+0200] {processor.py:840} INFO - DAG(s) 'example_branch_dop_operator_v3' retrieved from /usr/local/lib/python3.8/site-packages/airflow/example_dags/example_branch_python_dop_operator_3.py
[2024-03-18T10:02:10.190+0200] {logging_mixin.py:188} INFO - [2024-03-18T10:02:10.189+0200] {dag.py:3047} INFO - Sync 1 DAGs
[2024-03-18T10:02:10.215+0200] {logging_mixin.py:188} INFO - [2024-03-18T10:02:10.215+0200] {dag.py:3834} INFO - Setting next_dagrun for example_branch_dop_operator_v3 to 2024-03-18 08:01:00+00:00, run_after=2024-03-18 08:02:00+00:00
[2024-03-18T10:02:10.246+0200] {processor.py:183} INFO - Processing /usr/local/lib/python3.8/site-packages/airflow/example_dags/example_branch_python_dop_operator_3.py took 0.286 seconds
[2024-03-18T10:03:03.918+0200] {processor.py:161} INFO - Started process (PID=7196) to work on /usr/local/lib/python3.8/site-packages/airflow/example_dags/example_branch_python_dop_operator_3.py
[2024-03-18T10:03:03.919+0200] {processor.py:830} INFO - Processing file /usr/local/lib/python3.8/site-packages/airflow/example_dags/example_branch_python_dop_operator_3.py for tasks to queue
[2024-03-18T10:03:03.920+0200] {logging_mixin.py:188} INFO - [2024-03-18T10:03:03.920+0200] {dagbag.py:540} INFO - Filling up the DagBag from /usr/local/lib/python3.8/site-packages/airflow/example_dags/example_branch_python_dop_operator_3.py
[2024-03-18T10:03:03.957+0200] {processor.py:840} INFO - DAG(s) 'example_branch_dop_operator_v3' retrieved from /usr/local/lib/python3.8/site-packages/airflow/example_dags/example_branch_python_dop_operator_3.py
[2024-03-18T10:03:04.135+0200] {logging_mixin.py:188} INFO - [2024-03-18T10:03:04.135+0200] {dag.py:3047} INFO - Sync 1 DAGs
[2024-03-18T10:03:04.168+0200] {logging_mixin.py:188} INFO - [2024-03-18T10:03:04.167+0200] {dag.py:3834} INFO - Setting next_dagrun for example_branch_dop_operator_v3 to 2024-03-18 08:02:00+00:00, run_after=2024-03-18 08:03:00+00:00
[2024-03-18T10:03:04.194+0200] {processor.py:183} INFO - Processing /usr/local/lib/python3.8/site-packages/airflow/example_dags/example_branch_python_dop_operator_3.py took 0.277 seconds
[2024-03-18T10:03:51.869+0200] {processor.py:161} INFO - Started process (PID=7393) to work on /usr/local/lib/python3.8/site-packages/airflow/example_dags/example_branch_python_dop_operator_3.py
[2024-03-18T10:03:51.869+0200] {processor.py:830} INFO - Processing file /usr/local/lib/python3.8/site-packages/airflow/example_dags/example_branch_python_dop_operator_3.py for tasks to queue
[2024-03-18T10:03:51.870+0200] {logging_mixin.py:188} INFO - [2024-03-18T10:03:51.870+0200] {dagbag.py:540} INFO - Filling up the DagBag from /usr/local/lib/python3.8/site-packages/airflow/example_dags/example_branch_python_dop_operator_3.py
[2024-03-18T10:03:51.905+0200] {processor.py:840} INFO - DAG(s) 'example_branch_dop_operator_v3' retrieved from /usr/local/lib/python3.8/site-packages/airflow/example_dags/example_branch_python_dop_operator_3.py
[2024-03-18T10:03:52.079+0200] {logging_mixin.py:188} INFO - [2024-03-18T10:03:52.079+0200] {dag.py:3047} INFO - Sync 1 DAGs
[2024-03-18T10:03:52.104+0200] {logging_mixin.py:188} INFO - [2024-03-18T10:03:52.104+0200] {dag.py:3834} INFO - Setting next_dagrun for example_branch_dop_operator_v3 to 2024-03-18 08:02:00+00:00, run_after=2024-03-18 08:03:00+00:00
[2024-03-18T10:03:52.137+0200] {processor.py:183} INFO - Processing /usr/local/lib/python3.8/site-packages/airflow/example_dags/example_branch_python_dop_operator_3.py took 0.270 seconds
[2024-03-18T10:04:44.656+0200] {processor.py:161} INFO - Started process (PID=7618) to work on /usr/local/lib/python3.8/site-packages/airflow/example_dags/example_branch_python_dop_operator_3.py
[2024-03-18T10:04:44.657+0200] {processor.py:830} INFO - Processing file /usr/local/lib/python3.8/site-packages/airflow/example_dags/example_branch_python_dop_operator_3.py for tasks to queue
[2024-03-18T10:04:44.657+0200] {logging_mixin.py:188} INFO - [2024-03-18T10:04:44.657+0200] {dagbag.py:540} INFO - Filling up the DagBag from /usr/local/lib/python3.8/site-packages/airflow/example_dags/example_branch_python_dop_operator_3.py
[2024-03-18T10:04:44.687+0200] {processor.py:840} INFO - DAG(s) 'example_branch_dop_operator_v3' retrieved from /usr/local/lib/python3.8/site-packages/airflow/example_dags/example_branch_python_dop_operator_3.py
[2024-03-18T10:04:44.830+0200] {logging_mixin.py:188} INFO - [2024-03-18T10:04:44.830+0200] {dag.py:3047} INFO - Sync 1 DAGs
[2024-03-18T10:04:44.858+0200] {logging_mixin.py:188} INFO - [2024-03-18T10:04:44.858+0200] {dag.py:3834} INFO - Setting next_dagrun for example_branch_dop_operator_v3 to 2024-03-18 08:03:00+00:00, run_after=2024-03-18 08:04:00+00:00
[2024-03-18T10:04:44.891+0200] {processor.py:183} INFO - Processing /usr/local/lib/python3.8/site-packages/airflow/example_dags/example_branch_python_dop_operator_3.py took 0.237 seconds
[2024-03-18T10:05:36.278+0200] {processor.py:161} INFO - Started process (PID=7814) to work on /usr/local/lib/python3.8/site-packages/airflow/example_dags/example_branch_python_dop_operator_3.py
[2024-03-18T10:05:36.279+0200] {processor.py:830} INFO - Processing file /usr/local/lib/python3.8/site-packages/airflow/example_dags/example_branch_python_dop_operator_3.py for tasks to queue
[2024-03-18T10:05:36.279+0200] {logging_mixin.py:188} INFO - [2024-03-18T10:05:36.279+0200] {dagbag.py:540} INFO - Filling up the DagBag from /usr/local/lib/python3.8/site-packages/airflow/example_dags/example_branch_python_dop_operator_3.py
[2024-03-18T10:05:36.313+0200] {processor.py:840} INFO - DAG(s) 'example_branch_dop_operator_v3' retrieved from /usr/local/lib/python3.8/site-packages/airflow/example_dags/example_branch_python_dop_operator_3.py
[2024-03-18T10:05:36.477+0200] {logging_mixin.py:188} INFO - [2024-03-18T10:05:36.477+0200] {dag.py:3047} INFO - Sync 1 DAGs
[2024-03-18T10:05:36.506+0200] {logging_mixin.py:188} INFO - [2024-03-18T10:05:36.505+0200] {dag.py:3834} INFO - Setting next_dagrun for example_branch_dop_operator_v3 to 2024-03-18 08:04:00+00:00, run_after=2024-03-18 08:05:00+00:00
[2024-03-18T10:05:36.541+0200] {processor.py:183} INFO - Processing /usr/local/lib/python3.8/site-packages/airflow/example_dags/example_branch_python_dop_operator_3.py took 0.265 seconds
[2024-03-18T10:06:26.711+0200] {processor.py:161} INFO - Started process (PID=8013) to work on /usr/local/lib/python3.8/site-packages/airflow/example_dags/example_branch_python_dop_operator_3.py
[2024-03-18T10:06:26.713+0200] {processor.py:830} INFO - Processing file /usr/local/lib/python3.8/site-packages/airflow/example_dags/example_branch_python_dop_operator_3.py for tasks to queue
[2024-03-18T10:06:26.714+0200] {logging_mixin.py:188} INFO - [2024-03-18T10:06:26.714+0200] {dagbag.py:540} INFO - Filling up the DagBag from /usr/local/lib/python3.8/site-packages/airflow/example_dags/example_branch_python_dop_operator_3.py
[2024-03-18T10:06:26.749+0200] {processor.py:840} INFO - DAG(s) 'example_branch_dop_operator_v3' retrieved from /usr/local/lib/python3.8/site-packages/airflow/example_dags/example_branch_python_dop_operator_3.py
[2024-03-18T10:06:26.926+0200] {logging_mixin.py:188} INFO - [2024-03-18T10:06:26.926+0200] {dag.py:3047} INFO - Sync 1 DAGs
[2024-03-18T10:06:26.956+0200] {logging_mixin.py:188} INFO - [2024-03-18T10:06:26.956+0200] {dag.py:3834} INFO - Setting next_dagrun for example_branch_dop_operator_v3 to 2024-03-18 08:05:00+00:00, run_after=2024-03-18 08:06:00+00:00
[2024-03-18T10:06:26.989+0200] {processor.py:183} INFO - Processing /usr/local/lib/python3.8/site-packages/airflow/example_dags/example_branch_python_dop_operator_3.py took 0.279 seconds
[2024-03-18T10:07:19.938+0200] {processor.py:161} INFO - Started process (PID=8215) to work on /usr/local/lib/python3.8/site-packages/airflow/example_dags/example_branch_python_dop_operator_3.py
[2024-03-18T10:07:19.939+0200] {processor.py:830} INFO - Processing file /usr/local/lib/python3.8/site-packages/airflow/example_dags/example_branch_python_dop_operator_3.py for tasks to queue
[2024-03-18T10:07:19.939+0200] {logging_mixin.py:188} INFO - [2024-03-18T10:07:19.939+0200] {dagbag.py:540} INFO - Filling up the DagBag from /usr/local/lib/python3.8/site-packages/airflow/example_dags/example_branch_python_dop_operator_3.py
[2024-03-18T10:07:19.969+0200] {processor.py:840} INFO - DAG(s) 'example_branch_dop_operator_v3' retrieved from /usr/local/lib/python3.8/site-packages/airflow/example_dags/example_branch_python_dop_operator_3.py
[2024-03-18T10:07:20.125+0200] {logging_mixin.py:188} INFO - [2024-03-18T10:07:20.125+0200] {dag.py:3047} INFO - Sync 1 DAGs
[2024-03-18T10:07:20.147+0200] {logging_mixin.py:188} INFO - [2024-03-18T10:07:20.147+0200] {dag.py:3834} INFO - Setting next_dagrun for example_branch_dop_operator_v3 to 2024-03-18 08:06:00+00:00, run_after=2024-03-18 08:07:00+00:00
[2024-03-18T10:07:20.177+0200] {processor.py:183} INFO - Processing /usr/local/lib/python3.8/site-packages/airflow/example_dags/example_branch_python_dop_operator_3.py took 0.241 seconds
[2024-03-18T10:08:17.975+0200] {processor.py:161} INFO - Started process (PID=8565) to work on /usr/local/lib/python3.8/site-packages/airflow/example_dags/example_branch_python_dop_operator_3.py
[2024-03-18T10:08:17.976+0200] {processor.py:830} INFO - Processing file /usr/local/lib/python3.8/site-packages/airflow/example_dags/example_branch_python_dop_operator_3.py for tasks to queue
[2024-03-18T10:08:17.976+0200] {logging_mixin.py:188} INFO - [2024-03-18T10:08:17.976+0200] {dagbag.py:540} INFO - Filling up the DagBag from /usr/local/lib/python3.8/site-packages/airflow/example_dags/example_branch_python_dop_operator_3.py
[2024-03-18T10:08:18.018+0200] {processor.py:840} INFO - DAG(s) 'example_branch_dop_operator_v3' retrieved from /usr/local/lib/python3.8/site-packages/airflow/example_dags/example_branch_python_dop_operator_3.py
[2024-03-18T10:08:18.187+0200] {logging_mixin.py:188} INFO - [2024-03-18T10:08:18.187+0200] {dag.py:3047} INFO - Sync 1 DAGs
[2024-03-18T10:08:18.211+0200] {logging_mixin.py:188} INFO - [2024-03-18T10:08:18.211+0200] {dag.py:3834} INFO - Setting next_dagrun for example_branch_dop_operator_v3 to 2024-03-18 08:07:00+00:00, run_after=2024-03-18 08:08:00+00:00
[2024-03-18T10:08:18.233+0200] {processor.py:183} INFO - Processing /usr/local/lib/python3.8/site-packages/airflow/example_dags/example_branch_python_dop_operator_3.py took 0.261 seconds
[2024-03-18T10:09:05.059+0200] {processor.py:161} INFO - Started process (PID=8768) to work on /usr/local/lib/python3.8/site-packages/airflow/example_dags/example_branch_python_dop_operator_3.py
[2024-03-18T10:09:05.059+0200] {processor.py:830} INFO - Processing file /usr/local/lib/python3.8/site-packages/airflow/example_dags/example_branch_python_dop_operator_3.py for tasks to queue
[2024-03-18T10:09:05.060+0200] {logging_mixin.py:188} INFO - [2024-03-18T10:09:05.060+0200] {dagbag.py:540} INFO - Filling up the DagBag from /usr/local/lib/python3.8/site-packages/airflow/example_dags/example_branch_python_dop_operator_3.py
[2024-03-18T10:09:05.089+0200] {processor.py:840} INFO - DAG(s) 'example_branch_dop_operator_v3' retrieved from /usr/local/lib/python3.8/site-packages/airflow/example_dags/example_branch_python_dop_operator_3.py
[2024-03-18T10:09:05.255+0200] {logging_mixin.py:188} INFO - [2024-03-18T10:09:05.255+0200] {dag.py:3047} INFO - Sync 1 DAGs
[2024-03-18T10:09:05.293+0200] {logging_mixin.py:188} INFO - [2024-03-18T10:09:05.292+0200] {dag.py:3834} INFO - Setting next_dagrun for example_branch_dop_operator_v3 to 2024-03-18 08:08:00+00:00, run_after=2024-03-18 08:09:00+00:00
[2024-03-18T10:09:05.326+0200] {processor.py:183} INFO - Processing /usr/local/lib/python3.8/site-packages/airflow/example_dags/example_branch_python_dop_operator_3.py took 0.269 seconds
[2024-03-18T10:09:54.836+0200] {processor.py:161} INFO - Started process (PID=8974) to work on /usr/local/lib/python3.8/site-packages/airflow/example_dags/example_branch_python_dop_operator_3.py
[2024-03-18T10:09:54.837+0200] {processor.py:830} INFO - Processing file /usr/local/lib/python3.8/site-packages/airflow/example_dags/example_branch_python_dop_operator_3.py for tasks to queue
[2024-03-18T10:09:54.837+0200] {logging_mixin.py:188} INFO - [2024-03-18T10:09:54.837+0200] {dagbag.py:540} INFO - Filling up the DagBag from /usr/local/lib/python3.8/site-packages/airflow/example_dags/example_branch_python_dop_operator_3.py
[2024-03-18T10:09:54.874+0200] {processor.py:840} INFO - DAG(s) 'example_branch_dop_operator_v3' retrieved from /usr/local/lib/python3.8/site-packages/airflow/example_dags/example_branch_python_dop_operator_3.py
[2024-03-18T10:09:55.056+0200] {logging_mixin.py:188} INFO - [2024-03-18T10:09:55.055+0200] {dag.py:3047} INFO - Sync 1 DAGs
[2024-03-18T10:09:55.085+0200] {logging_mixin.py:188} INFO - [2024-03-18T10:09:55.085+0200] {dag.py:3834} INFO - Setting next_dagrun for example_branch_dop_operator_v3 to 2024-03-18 08:08:00+00:00, run_after=2024-03-18 08:09:00+00:00
[2024-03-18T10:09:55.121+0200] {processor.py:183} INFO - Processing /usr/local/lib/python3.8/site-packages/airflow/example_dags/example_branch_python_dop_operator_3.py took 0.287 seconds
[2024-03-18T10:10:45.041+0200] {processor.py:161} INFO - Started process (PID=9159) to work on /usr/local/lib/python3.8/site-packages/airflow/example_dags/example_branch_python_dop_operator_3.py
[2024-03-18T10:10:45.042+0200] {processor.py:830} INFO - Processing file /usr/local/lib/python3.8/site-packages/airflow/example_dags/example_branch_python_dop_operator_3.py for tasks to queue
[2024-03-18T10:10:45.043+0200] {logging_mixin.py:188} INFO - [2024-03-18T10:10:45.043+0200] {dagbag.py:540} INFO - Filling up the DagBag from /usr/local/lib/python3.8/site-packages/airflow/example_dags/example_branch_python_dop_operator_3.py
[2024-03-18T10:10:45.073+0200] {processor.py:840} INFO - DAG(s) 'example_branch_dop_operator_v3' retrieved from /usr/local/lib/python3.8/site-packages/airflow/example_dags/example_branch_python_dop_operator_3.py
[2024-03-18T10:10:45.212+0200] {logging_mixin.py:188} INFO - [2024-03-18T10:10:45.212+0200] {dag.py:3047} INFO - Sync 1 DAGs
[2024-03-18T10:10:45.246+0200] {logging_mixin.py:188} INFO - [2024-03-18T10:10:45.246+0200] {dag.py:3834} INFO - Setting next_dagrun for example_branch_dop_operator_v3 to 2024-03-18 08:09:00+00:00, run_after=2024-03-18 08:10:00+00:00
[2024-03-18T10:10:45.259+0200] {processor.py:183} INFO - Processing /usr/local/lib/python3.8/site-packages/airflow/example_dags/example_branch_python_dop_operator_3.py took 0.219 seconds
[2024-03-18T10:11:36.042+0200] {processor.py:161} INFO - Started process (PID=9341) to work on /usr/local/lib/python3.8/site-packages/airflow/example_dags/example_branch_python_dop_operator_3.py
[2024-03-18T10:11:36.042+0200] {processor.py:830} INFO - Processing file /usr/local/lib/python3.8/site-packages/airflow/example_dags/example_branch_python_dop_operator_3.py for tasks to queue
[2024-03-18T10:11:36.043+0200] {logging_mixin.py:188} INFO - [2024-03-18T10:11:36.043+0200] {dagbag.py:540} INFO - Filling up the DagBag from /usr/local/lib/python3.8/site-packages/airflow/example_dags/example_branch_python_dop_operator_3.py
[2024-03-18T10:11:36.079+0200] {processor.py:840} INFO - DAG(s) 'example_branch_dop_operator_v3' retrieved from /usr/local/lib/python3.8/site-packages/airflow/example_dags/example_branch_python_dop_operator_3.py
[2024-03-18T10:11:36.230+0200] {logging_mixin.py:188} INFO - [2024-03-18T10:11:36.230+0200] {dag.py:3047} INFO - Sync 1 DAGs
[2024-03-18T10:11:36.258+0200] {logging_mixin.py:188} INFO - [2024-03-18T10:11:36.258+0200] {dag.py:3834} INFO - Setting next_dagrun for example_branch_dop_operator_v3 to 2024-03-18 08:10:00+00:00, run_after=2024-03-18 08:11:00+00:00
[2024-03-18T10:11:36.291+0200] {processor.py:183} INFO - Processing /usr/local/lib/python3.8/site-packages/airflow/example_dags/example_branch_python_dop_operator_3.py took 0.251 seconds
[2024-03-18T10:12:31.726+0200] {processor.py:161} INFO - Started process (PID=9566) to work on /usr/local/lib/python3.8/site-packages/airflow/example_dags/example_branch_python_dop_operator_3.py
[2024-03-18T10:12:31.726+0200] {processor.py:830} INFO - Processing file /usr/local/lib/python3.8/site-packages/airflow/example_dags/example_branch_python_dop_operator_3.py for tasks to queue
[2024-03-18T10:12:31.727+0200] {logging_mixin.py:188} INFO - [2024-03-18T10:12:31.727+0200] {dagbag.py:540} INFO - Filling up the DagBag from /usr/local/lib/python3.8/site-packages/airflow/example_dags/example_branch_python_dop_operator_3.py
[2024-03-18T10:12:31.760+0200] {processor.py:840} INFO - DAG(s) 'example_branch_dop_operator_v3' retrieved from /usr/local/lib/python3.8/site-packages/airflow/example_dags/example_branch_python_dop_operator_3.py
[2024-03-18T10:12:31.901+0200] {logging_mixin.py:188} INFO - [2024-03-18T10:12:31.901+0200] {dag.py:3047} INFO - Sync 1 DAGs
[2024-03-18T10:12:31.946+0200] {logging_mixin.py:188} INFO - [2024-03-18T10:12:31.946+0200] {dag.py:3834} INFO - Setting next_dagrun for example_branch_dop_operator_v3 to 2024-03-18 08:11:00+00:00, run_after=2024-03-18 08:12:00+00:00
[2024-03-18T10:12:31.980+0200] {processor.py:183} INFO - Processing /usr/local/lib/python3.8/site-packages/airflow/example_dags/example_branch_python_dop_operator_3.py took 0.257 seconds
[2024-03-18T10:13:20.737+0200] {processor.py:161} INFO - Started process (PID=9872) to work on /usr/local/lib/python3.8/site-packages/airflow/example_dags/example_branch_python_dop_operator_3.py
[2024-03-18T10:13:20.739+0200] {processor.py:830} INFO - Processing file /usr/local/lib/python3.8/site-packages/airflow/example_dags/example_branch_python_dop_operator_3.py for tasks to queue
[2024-03-18T10:13:20.740+0200] {logging_mixin.py:188} INFO - [2024-03-18T10:13:20.739+0200] {dagbag.py:540} INFO - Filling up the DagBag from /usr/local/lib/python3.8/site-packages/airflow/example_dags/example_branch_python_dop_operator_3.py
[2024-03-18T10:13:20.782+0200] {processor.py:840} INFO - DAG(s) 'example_branch_dop_operator_v3' retrieved from /usr/local/lib/python3.8/site-packages/airflow/example_dags/example_branch_python_dop_operator_3.py
[2024-03-18T10:13:20.954+0200] {logging_mixin.py:188} INFO - [2024-03-18T10:13:20.954+0200] {dag.py:3047} INFO - Sync 1 DAGs
[2024-03-18T10:13:20.990+0200] {logging_mixin.py:188} INFO - [2024-03-18T10:13:20.990+0200] {dag.py:3834} INFO - Setting next_dagrun for example_branch_dop_operator_v3 to 2024-03-18 08:12:00+00:00, run_after=2024-03-18 08:13:00+00:00
[2024-03-18T10:13:21.024+0200] {processor.py:183} INFO - Processing /usr/local/lib/python3.8/site-packages/airflow/example_dags/example_branch_python_dop_operator_3.py took 0.289 seconds
[2024-03-18T10:14:07.165+0200] {processor.py:161} INFO - Started process (PID=10046) to work on /usr/local/lib/python3.8/site-packages/airflow/example_dags/example_branch_python_dop_operator_3.py
[2024-03-18T10:14:07.166+0200] {processor.py:830} INFO - Processing file /usr/local/lib/python3.8/site-packages/airflow/example_dags/example_branch_python_dop_operator_3.py for tasks to queue
[2024-03-18T10:14:07.167+0200] {logging_mixin.py:188} INFO - [2024-03-18T10:14:07.167+0200] {dagbag.py:540} INFO - Filling up the DagBag from /usr/local/lib/python3.8/site-packages/airflow/example_dags/example_branch_python_dop_operator_3.py
[2024-03-18T10:14:07.202+0200] {processor.py:840} INFO - DAG(s) 'example_branch_dop_operator_v3' retrieved from /usr/local/lib/python3.8/site-packages/airflow/example_dags/example_branch_python_dop_operator_3.py
[2024-03-18T10:14:07.372+0200] {logging_mixin.py:188} INFO - [2024-03-18T10:14:07.372+0200] {dag.py:3047} INFO - Sync 1 DAGs
[2024-03-18T10:14:07.396+0200] {logging_mixin.py:188} INFO - [2024-03-18T10:14:07.395+0200] {dag.py:3834} INFO - Setting next_dagrun for example_branch_dop_operator_v3 to 2024-03-18 08:13:00+00:00, run_after=2024-03-18 08:14:00+00:00
[2024-03-18T10:14:07.426+0200] {processor.py:183} INFO - Processing /usr/local/lib/python3.8/site-packages/airflow/example_dags/example_branch_python_dop_operator_3.py took 0.262 seconds
[2024-03-18T10:14:58.530+0200] {processor.py:161} INFO - Started process (PID=10238) to work on /usr/local/lib/python3.8/site-packages/airflow/example_dags/example_branch_python_dop_operator_3.py
[2024-03-18T10:14:58.531+0200] {processor.py:830} INFO - Processing file /usr/local/lib/python3.8/site-packages/airflow/example_dags/example_branch_python_dop_operator_3.py for tasks to queue
[2024-03-18T10:14:58.532+0200] {logging_mixin.py:188} INFO - [2024-03-18T10:14:58.531+0200] {dagbag.py:540} INFO - Filling up the DagBag from /usr/local/lib/python3.8/site-packages/airflow/example_dags/example_branch_python_dop_operator_3.py
[2024-03-18T10:14:58.563+0200] {processor.py:840} INFO - DAG(s) 'example_branch_dop_operator_v3' retrieved from /usr/local/lib/python3.8/site-packages/airflow/example_dags/example_branch_python_dop_operator_3.py
[2024-03-18T10:14:58.720+0200] {logging_mixin.py:188} INFO - [2024-03-18T10:14:58.720+0200] {dag.py:3047} INFO - Sync 1 DAGs
[2024-03-18T10:14:58.745+0200] {logging_mixin.py:188} INFO - [2024-03-18T10:14:58.745+0200] {dag.py:3834} INFO - Setting next_dagrun for example_branch_dop_operator_v3 to 2024-03-18 08:13:00+00:00, run_after=2024-03-18 08:14:00+00:00
[2024-03-18T10:14:58.777+0200] {processor.py:183} INFO - Processing /usr/local/lib/python3.8/site-packages/airflow/example_dags/example_branch_python_dop_operator_3.py took 0.248 seconds
[2024-03-18T10:15:49.700+0200] {processor.py:161} INFO - Started process (PID=10433) to work on /usr/local/lib/python3.8/site-packages/airflow/example_dags/example_branch_python_dop_operator_3.py
[2024-03-18T10:15:49.701+0200] {processor.py:830} INFO - Processing file /usr/local/lib/python3.8/site-packages/airflow/example_dags/example_branch_python_dop_operator_3.py for tasks to queue
[2024-03-18T10:15:49.702+0200] {logging_mixin.py:188} INFO - [2024-03-18T10:15:49.702+0200] {dagbag.py:540} INFO - Filling up the DagBag from /usr/local/lib/python3.8/site-packages/airflow/example_dags/example_branch_python_dop_operator_3.py
[2024-03-18T10:15:49.738+0200] {processor.py:840} INFO - DAG(s) 'example_branch_dop_operator_v3' retrieved from /usr/local/lib/python3.8/site-packages/airflow/example_dags/example_branch_python_dop_operator_3.py
[2024-03-18T10:15:49.892+0200] {logging_mixin.py:188} INFO - [2024-03-18T10:15:49.891+0200] {dag.py:3047} INFO - Sync 1 DAGs
[2024-03-18T10:15:49.926+0200] {logging_mixin.py:188} INFO - [2024-03-18T10:15:49.926+0200] {dag.py:3834} INFO - Setting next_dagrun for example_branch_dop_operator_v3 to 2024-03-18 08:14:00+00:00, run_after=2024-03-18 08:15:00+00:00
[2024-03-18T10:15:49.941+0200] {processor.py:183} INFO - Processing /usr/local/lib/python3.8/site-packages/airflow/example_dags/example_branch_python_dop_operator_3.py took 0.243 seconds
[2024-03-18T10:16:30.394+0200] {processor.py:161} INFO - Started process (PID=10604) to work on /usr/local/lib/python3.8/site-packages/airflow/example_dags/example_branch_python_dop_operator_3.py
[2024-03-18T10:16:30.395+0200] {processor.py:830} INFO - Processing file /usr/local/lib/python3.8/site-packages/airflow/example_dags/example_branch_python_dop_operator_3.py for tasks to queue
[2024-03-18T10:16:30.396+0200] {logging_mixin.py:188} INFO - [2024-03-18T10:16:30.396+0200] {dagbag.py:540} INFO - Filling up the DagBag from /usr/local/lib/python3.8/site-packages/airflow/example_dags/example_branch_python_dop_operator_3.py
[2024-03-18T10:16:30.432+0200] {processor.py:840} INFO - DAG(s) 'example_branch_dop_operator_v3' retrieved from /usr/local/lib/python3.8/site-packages/airflow/example_dags/example_branch_python_dop_operator_3.py
[2024-03-18T10:16:30.588+0200] {logging_mixin.py:188} INFO - [2024-03-18T10:16:30.587+0200] {dag.py:3047} INFO - Sync 1 DAGs
[2024-03-18T10:16:30.623+0200] {logging_mixin.py:188} INFO - [2024-03-18T10:16:30.623+0200] {dag.py:3834} INFO - Setting next_dagrun for example_branch_dop_operator_v3 to 2024-03-18 08:15:00+00:00, run_after=2024-03-18 08:16:00+00:00
[2024-03-18T10:16:30.637+0200] {processor.py:183} INFO - Processing /usr/local/lib/python3.8/site-packages/airflow/example_dags/example_branch_python_dop_operator_3.py took 0.244 seconds
[2024-03-18T10:17:12.783+0200] {processor.py:161} INFO - Started process (PID=10769) to work on /usr/local/lib/python3.8/site-packages/airflow/example_dags/example_branch_python_dop_operator_3.py
[2024-03-18T10:17:12.784+0200] {processor.py:830} INFO - Processing file /usr/local/lib/python3.8/site-packages/airflow/example_dags/example_branch_python_dop_operator_3.py for tasks to queue
[2024-03-18T10:17:12.785+0200] {logging_mixin.py:188} INFO - [2024-03-18T10:17:12.785+0200] {dagbag.py:540} INFO - Filling up the DagBag from /usr/local/lib/python3.8/site-packages/airflow/example_dags/example_branch_python_dop_operator_3.py
[2024-03-18T10:17:12.823+0200] {processor.py:840} INFO - DAG(s) 'example_branch_dop_operator_v3' retrieved from /usr/local/lib/python3.8/site-packages/airflow/example_dags/example_branch_python_dop_operator_3.py
[2024-03-18T10:17:12.991+0200] {logging_mixin.py:188} INFO - [2024-03-18T10:17:12.991+0200] {dag.py:3047} INFO - Sync 1 DAGs
[2024-03-18T10:17:13.031+0200] {logging_mixin.py:188} INFO - [2024-03-18T10:17:13.031+0200] {dag.py:3834} INFO - Setting next_dagrun for example_branch_dop_operator_v3 to 2024-03-18 08:16:00+00:00, run_after=2024-03-18 08:17:00+00:00
[2024-03-18T10:17:13.046+0200] {processor.py:183} INFO - Processing /usr/local/lib/python3.8/site-packages/airflow/example_dags/example_branch_python_dop_operator_3.py took 0.265 seconds
[2024-03-18T10:18:04.696+0200] {processor.py:161} INFO - Started process (PID=10960) to work on /usr/local/lib/python3.8/site-packages/airflow/example_dags/example_branch_python_dop_operator_3.py
[2024-03-18T10:18:04.697+0200] {processor.py:830} INFO - Processing file /usr/local/lib/python3.8/site-packages/airflow/example_dags/example_branch_python_dop_operator_3.py for tasks to queue
[2024-03-18T10:18:04.697+0200] {logging_mixin.py:188} INFO - [2024-03-18T10:18:04.697+0200] {dagbag.py:540} INFO - Filling up the DagBag from /usr/local/lib/python3.8/site-packages/airflow/example_dags/example_branch_python_dop_operator_3.py
[2024-03-18T10:18:04.730+0200] {processor.py:840} INFO - DAG(s) 'example_branch_dop_operator_v3' retrieved from /usr/local/lib/python3.8/site-packages/airflow/example_dags/example_branch_python_dop_operator_3.py
[2024-03-18T10:18:04.888+0200] {logging_mixin.py:188} INFO - [2024-03-18T10:18:04.888+0200] {dag.py:3047} INFO - Sync 1 DAGs
[2024-03-18T10:18:04.929+0200] {logging_mixin.py:188} INFO - [2024-03-18T10:18:04.928+0200] {dag.py:3834} INFO - Setting next_dagrun for example_branch_dop_operator_v3 to 2024-03-18 08:17:00+00:00, run_after=2024-03-18 08:18:00+00:00
[2024-03-18T10:18:04.944+0200] {processor.py:183} INFO - Processing /usr/local/lib/python3.8/site-packages/airflow/example_dags/example_branch_python_dop_operator_3.py took 0.250 seconds
[2024-03-18T10:19:00.673+0200] {processor.py:161} INFO - Started process (PID=11174) to work on /usr/local/lib/python3.8/site-packages/airflow/example_dags/example_branch_python_dop_operator_3.py
[2024-03-18T10:19:00.675+0200] {processor.py:830} INFO - Processing file /usr/local/lib/python3.8/site-packages/airflow/example_dags/example_branch_python_dop_operator_3.py for tasks to queue
[2024-03-18T10:19:00.675+0200] {logging_mixin.py:188} INFO - [2024-03-18T10:19:00.675+0200] {dagbag.py:540} INFO - Filling up the DagBag from /usr/local/lib/python3.8/site-packages/airflow/example_dags/example_branch_python_dop_operator_3.py
[2024-03-18T10:19:00.711+0200] {processor.py:840} INFO - DAG(s) 'example_branch_dop_operator_v3' retrieved from /usr/local/lib/python3.8/site-packages/airflow/example_dags/example_branch_python_dop_operator_3.py
[2024-03-18T10:19:00.861+0200] {logging_mixin.py:188} INFO - [2024-03-18T10:19:00.860+0200] {dag.py:3047} INFO - Sync 1 DAGs
[2024-03-18T10:19:00.884+0200] {logging_mixin.py:188} INFO - [2024-03-18T10:19:00.884+0200] {dag.py:3834} INFO - Setting next_dagrun for example_branch_dop_operator_v3 to 2024-03-18 08:18:00+00:00, run_after=2024-03-18 08:19:00+00:00
[2024-03-18T10:19:00.914+0200] {processor.py:183} INFO - Processing /usr/local/lib/python3.8/site-packages/airflow/example_dags/example_branch_python_dop_operator_3.py took 0.242 seconds
[2024-03-18T10:19:50.103+0200] {processor.py:161} INFO - Started process (PID=11372) to work on /usr/local/lib/python3.8/site-packages/airflow/example_dags/example_branch_python_dop_operator_3.py
[2024-03-18T10:19:50.104+0200] {processor.py:830} INFO - Processing file /usr/local/lib/python3.8/site-packages/airflow/example_dags/example_branch_python_dop_operator_3.py for tasks to queue
[2024-03-18T10:19:50.105+0200] {logging_mixin.py:188} INFO - [2024-03-18T10:19:50.104+0200] {dagbag.py:540} INFO - Filling up the DagBag from /usr/local/lib/python3.8/site-packages/airflow/example_dags/example_branch_python_dop_operator_3.py
[2024-03-18T10:19:50.134+0200] {processor.py:840} INFO - DAG(s) 'example_branch_dop_operator_v3' retrieved from /usr/local/lib/python3.8/site-packages/airflow/example_dags/example_branch_python_dop_operator_3.py
[2024-03-18T10:19:50.310+0200] {logging_mixin.py:188} INFO - [2024-03-18T10:19:50.309+0200] {dag.py:3047} INFO - Sync 1 DAGs
[2024-03-18T10:19:50.337+0200] {logging_mixin.py:188} INFO - [2024-03-18T10:19:50.337+0200] {dag.py:3834} INFO - Setting next_dagrun for example_branch_dop_operator_v3 to 2024-03-18 08:18:00+00:00, run_after=2024-03-18 08:19:00+00:00
[2024-03-18T10:19:50.367+0200] {processor.py:183} INFO - Processing /usr/local/lib/python3.8/site-packages/airflow/example_dags/example_branch_python_dop_operator_3.py took 0.266 seconds
[2024-03-18T10:20:44.526+0200] {processor.py:161} INFO - Started process (PID=11601) to work on /usr/local/lib/python3.8/site-packages/airflow/example_dags/example_branch_python_dop_operator_3.py
[2024-03-18T10:20:44.529+0200] {processor.py:830} INFO - Processing file /usr/local/lib/python3.8/site-packages/airflow/example_dags/example_branch_python_dop_operator_3.py for tasks to queue
[2024-03-18T10:20:44.530+0200] {logging_mixin.py:188} INFO - [2024-03-18T10:20:44.529+0200] {dagbag.py:540} INFO - Filling up the DagBag from /usr/local/lib/python3.8/site-packages/airflow/example_dags/example_branch_python_dop_operator_3.py
[2024-03-18T10:20:44.590+0200] {processor.py:840} INFO - DAG(s) 'example_branch_dop_operator_v3' retrieved from /usr/local/lib/python3.8/site-packages/airflow/example_dags/example_branch_python_dop_operator_3.py
[2024-03-18T10:20:44.907+0200] {logging_mixin.py:188} INFO - [2024-03-18T10:20:44.907+0200] {dag.py:3047} INFO - Sync 1 DAGs
[2024-03-18T10:20:44.981+0200] {logging_mixin.py:188} INFO - [2024-03-18T10:20:44.980+0200] {dag.py:3834} INFO - Setting next_dagrun for example_branch_dop_operator_v3 to 2024-03-18 08:19:00+00:00, run_after=2024-03-18 08:20:00+00:00
[2024-03-18T10:20:45.036+0200] {processor.py:183} INFO - Processing /usr/local/lib/python3.8/site-packages/airflow/example_dags/example_branch_python_dop_operator_3.py took 0.512 seconds
[2024-03-18T10:23:05.689+0200] {processor.py:161} INFO - Started process (PID=11827) to work on /usr/local/lib/python3.8/site-packages/airflow/example_dags/example_branch_python_dop_operator_3.py
[2024-03-18T10:23:05.691+0200] {processor.py:830} INFO - Processing file /usr/local/lib/python3.8/site-packages/airflow/example_dags/example_branch_python_dop_operator_3.py for tasks to queue
[2024-03-18T10:23:05.692+0200] {logging_mixin.py:188} INFO - [2024-03-18T10:23:05.691+0200] {dagbag.py:540} INFO - Filling up the DagBag from /usr/local/lib/python3.8/site-packages/airflow/example_dags/example_branch_python_dop_operator_3.py
[2024-03-18T10:23:05.723+0200] {processor.py:840} INFO - DAG(s) 'example_branch_dop_operator_v3' retrieved from /usr/local/lib/python3.8/site-packages/airflow/example_dags/example_branch_python_dop_operator_3.py
[2024-03-18T10:23:05.860+0200] {logging_mixin.py:188} INFO - [2024-03-18T10:23:05.860+0200] {dag.py:3047} INFO - Sync 1 DAGs
[2024-03-18T10:23:05.887+0200] {logging_mixin.py:188} INFO - [2024-03-18T10:23:05.886+0200] {dag.py:3834} INFO - Setting next_dagrun for example_branch_dop_operator_v3 to 2024-03-18 08:22:00+00:00, run_after=2024-03-18 08:23:00+00:00
[2024-03-18T10:23:05.907+0200] {processor.py:183} INFO - Processing /usr/local/lib/python3.8/site-packages/airflow/example_dags/example_branch_python_dop_operator_3.py took 0.220 seconds
[2024-03-18T10:24:00.627+0200] {processor.py:161} INFO - Started process (PID=12048) to work on /usr/local/lib/python3.8/site-packages/airflow/example_dags/example_branch_python_dop_operator_3.py
[2024-03-18T10:24:00.628+0200] {processor.py:830} INFO - Processing file /usr/local/lib/python3.8/site-packages/airflow/example_dags/example_branch_python_dop_operator_3.py for tasks to queue
[2024-03-18T10:24:00.628+0200] {logging_mixin.py:188} INFO - [2024-03-18T10:24:00.628+0200] {dagbag.py:540} INFO - Filling up the DagBag from /usr/local/lib/python3.8/site-packages/airflow/example_dags/example_branch_python_dop_operator_3.py
[2024-03-18T10:24:00.666+0200] {processor.py:840} INFO - DAG(s) 'example_branch_dop_operator_v3' retrieved from /usr/local/lib/python3.8/site-packages/airflow/example_dags/example_branch_python_dop_operator_3.py
[2024-03-18T10:24:00.838+0200] {logging_mixin.py:188} INFO - [2024-03-18T10:24:00.838+0200] {dag.py:3047} INFO - Sync 1 DAGs
[2024-03-18T10:24:00.867+0200] {logging_mixin.py:188} INFO - [2024-03-18T10:24:00.866+0200] {dag.py:3834} INFO - Setting next_dagrun for example_branch_dop_operator_v3 to 2024-03-18 08:23:00+00:00, run_after=2024-03-18 08:24:00+00:00
[2024-03-18T10:24:00.885+0200] {processor.py:183} INFO - Processing /usr/local/lib/python3.8/site-packages/airflow/example_dags/example_branch_python_dop_operator_3.py took 0.260 seconds
[2024-03-18T10:24:52.545+0200] {processor.py:161} INFO - Started process (PID=12263) to work on /usr/local/lib/python3.8/site-packages/airflow/example_dags/example_branch_python_dop_operator_3.py
[2024-03-18T10:24:52.547+0200] {processor.py:830} INFO - Processing file /usr/local/lib/python3.8/site-packages/airflow/example_dags/example_branch_python_dop_operator_3.py for tasks to queue
[2024-03-18T10:24:52.547+0200] {logging_mixin.py:188} INFO - [2024-03-18T10:24:52.547+0200] {dagbag.py:540} INFO - Filling up the DagBag from /usr/local/lib/python3.8/site-packages/airflow/example_dags/example_branch_python_dop_operator_3.py
[2024-03-18T10:24:52.589+0200] {processor.py:840} INFO - DAG(s) 'example_branch_dop_operator_v3' retrieved from /usr/local/lib/python3.8/site-packages/airflow/example_dags/example_branch_python_dop_operator_3.py
[2024-03-18T10:24:52.773+0200] {logging_mixin.py:188} INFO - [2024-03-18T10:24:52.773+0200] {dag.py:3047} INFO - Sync 1 DAGs
[2024-03-18T10:24:52.798+0200] {logging_mixin.py:188} INFO - [2024-03-18T10:24:52.798+0200] {dag.py:3834} INFO - Setting next_dagrun for example_branch_dop_operator_v3 to 2024-03-18 08:23:00+00:00, run_after=2024-03-18 08:24:00+00:00
[2024-03-18T10:24:52.826+0200] {processor.py:183} INFO - Processing /usr/local/lib/python3.8/site-packages/airflow/example_dags/example_branch_python_dop_operator_3.py took 0.283 seconds
[2024-03-18T10:25:49.099+0200] {processor.py:161} INFO - Started process (PID=12566) to work on /usr/local/lib/python3.8/site-packages/airflow/example_dags/example_branch_python_dop_operator_3.py
[2024-03-18T10:25:49.100+0200] {processor.py:830} INFO - Processing file /usr/local/lib/python3.8/site-packages/airflow/example_dags/example_branch_python_dop_operator_3.py for tasks to queue
[2024-03-18T10:25:49.101+0200] {logging_mixin.py:188} INFO - [2024-03-18T10:25:49.100+0200] {dagbag.py:540} INFO - Filling up the DagBag from /usr/local/lib/python3.8/site-packages/airflow/example_dags/example_branch_python_dop_operator_3.py
[2024-03-18T10:25:49.137+0200] {processor.py:840} INFO - DAG(s) 'example_branch_dop_operator_v3' retrieved from /usr/local/lib/python3.8/site-packages/airflow/example_dags/example_branch_python_dop_operator_3.py
[2024-03-18T10:25:49.313+0200] {logging_mixin.py:188} INFO - [2024-03-18T10:25:49.313+0200] {dag.py:3047} INFO - Sync 1 DAGs
[2024-03-18T10:25:49.339+0200] {logging_mixin.py:188} INFO - [2024-03-18T10:25:49.339+0200] {dag.py:3834} INFO - Setting next_dagrun for example_branch_dop_operator_v3 to 2024-03-18 08:24:00+00:00, run_after=2024-03-18 08:25:00+00:00
[2024-03-18T10:25:49.373+0200] {processor.py:183} INFO - Processing /usr/local/lib/python3.8/site-packages/airflow/example_dags/example_branch_python_dop_operator_3.py took 0.276 seconds
[2024-03-18T10:27:10.724+0200] {processor.py:161} INFO - Started process (PID=13147) to work on /usr/local/lib/python3.8/site-packages/airflow/example_dags/example_branch_python_dop_operator_3.py
[2024-03-18T10:27:10.726+0200] {processor.py:830} INFO - Processing file /usr/local/lib/python3.8/site-packages/airflow/example_dags/example_branch_python_dop_operator_3.py for tasks to queue
[2024-03-18T10:27:10.727+0200] {logging_mixin.py:188} INFO - [2024-03-18T10:27:10.726+0200] {dagbag.py:540} INFO - Filling up the DagBag from /usr/local/lib/python3.8/site-packages/airflow/example_dags/example_branch_python_dop_operator_3.py
[2024-03-18T10:27:10.767+0200] {processor.py:840} INFO - DAG(s) 'example_branch_dop_operator_v3' retrieved from /usr/local/lib/python3.8/site-packages/airflow/example_dags/example_branch_python_dop_operator_3.py
[2024-03-18T10:27:11.067+0200] {logging_mixin.py:188} INFO - [2024-03-18T10:27:11.067+0200] {dag.py:3047} INFO - Sync 1 DAGs
[2024-03-18T10:27:11.098+0200] {logging_mixin.py:188} INFO - [2024-03-18T10:27:11.098+0200] {dag.py:3834} INFO - Setting next_dagrun for example_branch_dop_operator_v3 to 2024-03-18 08:26:00+00:00, run_after=2024-03-18 08:27:00+00:00
[2024-03-18T10:27:11.132+0200] {processor.py:183} INFO - Processing /usr/local/lib/python3.8/site-packages/airflow/example_dags/example_branch_python_dop_operator_3.py took 0.410 seconds
[2024-03-18T10:28:05.308+0200] {processor.py:161} INFO - Started process (PID=13452) to work on /usr/local/lib/python3.8/site-packages/airflow/example_dags/example_branch_python_dop_operator_3.py
[2024-03-18T10:28:05.309+0200] {processor.py:830} INFO - Processing file /usr/local/lib/python3.8/site-packages/airflow/example_dags/example_branch_python_dop_operator_3.py for tasks to queue
[2024-03-18T10:28:05.310+0200] {logging_mixin.py:188} INFO - [2024-03-18T10:28:05.310+0200] {dagbag.py:540} INFO - Filling up the DagBag from /usr/local/lib/python3.8/site-packages/airflow/example_dags/example_branch_python_dop_operator_3.py
[2024-03-18T10:28:05.356+0200] {processor.py:840} INFO - DAG(s) 'example_branch_dop_operator_v3' retrieved from /usr/local/lib/python3.8/site-packages/airflow/example_dags/example_branch_python_dop_operator_3.py
[2024-03-18T10:28:05.517+0200] {logging_mixin.py:188} INFO - [2024-03-18T10:28:05.516+0200] {dag.py:3047} INFO - Sync 1 DAGs
[2024-03-18T10:28:05.544+0200] {logging_mixin.py:188} INFO - [2024-03-18T10:28:05.543+0200] {dag.py:3834} INFO - Setting next_dagrun for example_branch_dop_operator_v3 to 2024-03-18 08:27:00+00:00, run_after=2024-03-18 08:28:00+00:00
[2024-03-18T10:28:05.577+0200] {processor.py:183} INFO - Processing /usr/local/lib/python3.8/site-packages/airflow/example_dags/example_branch_python_dop_operator_3.py took 0.271 seconds
[2024-03-18T10:28:51.147+0200] {processor.py:161} INFO - Started process (PID=13624) to work on /usr/local/lib/python3.8/site-packages/airflow/example_dags/example_branch_python_dop_operator_3.py
[2024-03-18T10:28:51.148+0200] {processor.py:830} INFO - Processing file /usr/local/lib/python3.8/site-packages/airflow/example_dags/example_branch_python_dop_operator_3.py for tasks to queue
[2024-03-18T10:28:51.148+0200] {logging_mixin.py:188} INFO - [2024-03-18T10:28:51.148+0200] {dagbag.py:540} INFO - Filling up the DagBag from /usr/local/lib/python3.8/site-packages/airflow/example_dags/example_branch_python_dop_operator_3.py
[2024-03-18T10:28:51.184+0200] {processor.py:840} INFO - DAG(s) 'example_branch_dop_operator_v3' retrieved from /usr/local/lib/python3.8/site-packages/airflow/example_dags/example_branch_python_dop_operator_3.py
[2024-03-18T10:28:51.337+0200] {logging_mixin.py:188} INFO - [2024-03-18T10:28:51.337+0200] {dag.py:3047} INFO - Sync 1 DAGs
[2024-03-18T10:28:51.377+0200] {logging_mixin.py:188} INFO - [2024-03-18T10:28:51.376+0200] {dag.py:3834} INFO - Setting next_dagrun for example_branch_dop_operator_v3 to 2024-03-18 08:27:00+00:00, run_after=2024-03-18 08:28:00+00:00
[2024-03-18T10:28:51.390+0200] {processor.py:183} INFO - Processing /usr/local/lib/python3.8/site-packages/airflow/example_dags/example_branch_python_dop_operator_3.py took 0.245 seconds
[2024-03-18T10:29:36.605+0200] {processor.py:161} INFO - Started process (PID=13802) to work on /usr/local/lib/python3.8/site-packages/airflow/example_dags/example_branch_python_dop_operator_3.py
[2024-03-18T10:29:36.606+0200] {processor.py:830} INFO - Processing file /usr/local/lib/python3.8/site-packages/airflow/example_dags/example_branch_python_dop_operator_3.py for tasks to queue
[2024-03-18T10:29:36.606+0200] {logging_mixin.py:188} INFO - [2024-03-18T10:29:36.606+0200] {dagbag.py:540} INFO - Filling up the DagBag from /usr/local/lib/python3.8/site-packages/airflow/example_dags/example_branch_python_dop_operator_3.py
[2024-03-18T10:29:36.645+0200] {processor.py:840} INFO - DAG(s) 'example_branch_dop_operator_v3' retrieved from /usr/local/lib/python3.8/site-packages/airflow/example_dags/example_branch_python_dop_operator_3.py
[2024-03-18T10:29:36.810+0200] {logging_mixin.py:188} INFO - [2024-03-18T10:29:36.810+0200] {dag.py:3047} INFO - Sync 1 DAGs
[2024-03-18T10:29:36.835+0200] {logging_mixin.py:188} INFO - [2024-03-18T10:29:36.835+0200] {dag.py:3834} INFO - Setting next_dagrun for example_branch_dop_operator_v3 to 2024-03-18 08:28:00+00:00, run_after=2024-03-18 08:29:00+00:00
[2024-03-18T10:29:36.867+0200] {processor.py:183} INFO - Processing /usr/local/lib/python3.8/site-packages/airflow/example_dags/example_branch_python_dop_operator_3.py took 0.264 seconds
[2024-03-18T10:30:31.176+0200] {processor.py:161} INFO - Started process (PID=14002) to work on /usr/local/lib/python3.8/site-packages/airflow/example_dags/example_branch_python_dop_operator_3.py
[2024-03-18T10:30:31.177+0200] {processor.py:830} INFO - Processing file /usr/local/lib/python3.8/site-packages/airflow/example_dags/example_branch_python_dop_operator_3.py for tasks to queue
[2024-03-18T10:30:31.178+0200] {logging_mixin.py:188} INFO - [2024-03-18T10:30:31.177+0200] {dagbag.py:540} INFO - Filling up the DagBag from /usr/local/lib/python3.8/site-packages/airflow/example_dags/example_branch_python_dop_operator_3.py
[2024-03-18T10:30:31.211+0200] {processor.py:840} INFO - DAG(s) 'example_branch_dop_operator_v3' retrieved from /usr/local/lib/python3.8/site-packages/airflow/example_dags/example_branch_python_dop_operator_3.py
[2024-03-18T10:30:31.359+0200] {logging_mixin.py:188} INFO - [2024-03-18T10:30:31.359+0200] {dag.py:3047} INFO - Sync 1 DAGs
[2024-03-18T10:30:31.385+0200] {logging_mixin.py:188} INFO - [2024-03-18T10:30:31.385+0200] {dag.py:3834} INFO - Setting next_dagrun for example_branch_dop_operator_v3 to 2024-03-18 08:29:00+00:00, run_after=2024-03-18 08:30:00+00:00
[2024-03-18T10:30:31.418+0200] {processor.py:183} INFO - Processing /usr/local/lib/python3.8/site-packages/airflow/example_dags/example_branch_python_dop_operator_3.py took 0.243 seconds
[2024-03-18T10:31:22.877+0200] {processor.py:161} INFO - Started process (PID=14214) to work on /usr/local/lib/python3.8/site-packages/airflow/example_dags/example_branch_python_dop_operator_3.py
[2024-03-18T10:31:22.878+0200] {processor.py:830} INFO - Processing file /usr/local/lib/python3.8/site-packages/airflow/example_dags/example_branch_python_dop_operator_3.py for tasks to queue
[2024-03-18T10:31:22.879+0200] {logging_mixin.py:188} INFO - [2024-03-18T10:31:22.878+0200] {dagbag.py:540} INFO - Filling up the DagBag from /usr/local/lib/python3.8/site-packages/airflow/example_dags/example_branch_python_dop_operator_3.py
[2024-03-18T10:31:22.922+0200] {processor.py:840} INFO - DAG(s) 'example_branch_dop_operator_v3' retrieved from /usr/local/lib/python3.8/site-packages/airflow/example_dags/example_branch_python_dop_operator_3.py
[2024-03-18T10:31:23.108+0200] {logging_mixin.py:188} INFO - [2024-03-18T10:31:23.108+0200] {dag.py:3047} INFO - Sync 1 DAGs
[2024-03-18T10:31:23.131+0200] {logging_mixin.py:188} INFO - [2024-03-18T10:31:23.130+0200] {dag.py:3834} INFO - Setting next_dagrun for example_branch_dop_operator_v3 to 2024-03-18 08:30:00+00:00, run_after=2024-03-18 08:31:00+00:00
[2024-03-18T10:31:23.161+0200] {processor.py:183} INFO - Processing /usr/local/lib/python3.8/site-packages/airflow/example_dags/example_branch_python_dop_operator_3.py took 0.286 seconds
[2024-03-18T10:32:18.549+0200] {processor.py:161} INFO - Started process (PID=14436) to work on /usr/local/lib/python3.8/site-packages/airflow/example_dags/example_branch_python_dop_operator_3.py
[2024-03-18T10:32:18.550+0200] {processor.py:830} INFO - Processing file /usr/local/lib/python3.8/site-packages/airflow/example_dags/example_branch_python_dop_operator_3.py for tasks to queue
[2024-03-18T10:32:18.551+0200] {logging_mixin.py:188} INFO - [2024-03-18T10:32:18.550+0200] {dagbag.py:540} INFO - Filling up the DagBag from /usr/local/lib/python3.8/site-packages/airflow/example_dags/example_branch_python_dop_operator_3.py
[2024-03-18T10:32:18.583+0200] {processor.py:840} INFO - DAG(s) 'example_branch_dop_operator_v3' retrieved from /usr/local/lib/python3.8/site-packages/airflow/example_dags/example_branch_python_dop_operator_3.py
[2024-03-18T10:32:18.735+0200] {logging_mixin.py:188} INFO - [2024-03-18T10:32:18.735+0200] {dag.py:3047} INFO - Sync 1 DAGs
[2024-03-18T10:32:18.774+0200] {logging_mixin.py:188} INFO - [2024-03-18T10:32:18.774+0200] {dag.py:3834} INFO - Setting next_dagrun for example_branch_dop_operator_v3 to 2024-03-18 08:31:00+00:00, run_after=2024-03-18 08:32:00+00:00
[2024-03-18T10:32:18.810+0200] {processor.py:183} INFO - Processing /usr/local/lib/python3.8/site-packages/airflow/example_dags/example_branch_python_dop_operator_3.py took 0.262 seconds
