[2024-03-18T09:42:12.067+0200] {processor.py:161} INFO - Started process (PID=1574) to work on /usr/local/lib/python3.8/site-packages/airflow/example_dags/example_task_group_decorator.py
[2024-03-18T09:42:12.068+0200] {processor.py:830} INFO - Processing file /usr/local/lib/python3.8/site-packages/airflow/example_dags/example_task_group_decorator.py for tasks to queue
[2024-03-18T09:42:12.069+0200] {logging_mixin.py:188} INFO - [2024-03-18T09:42:12.068+0200] {dagbag.py:540} INFO - Filling up the DagBag from /usr/local/lib/python3.8/site-packages/airflow/example_dags/example_task_group_decorator.py
[2024-03-18T09:42:12.116+0200] {processor.py:840} INFO - DAG(s) 'example_task_group_decorator' retrieved from /usr/local/lib/python3.8/site-packages/airflow/example_dags/example_task_group_decorator.py
[2024-03-18T09:42:12.145+0200] {logging_mixin.py:188} INFO - [2024-03-18T09:42:12.144+0200] {dag.py:3047} INFO - Sync 1 DAGs
[2024-03-18T09:42:12.303+0200] {logging_mixin.py:188} INFO - [2024-03-18T09:42:12.303+0200] {dag.py:3834} INFO - Setting next_dagrun for example_task_group_decorator to 2024-03-17 00:00:00+00:00, run_after=2024-03-18 00:00:00+00:00
[2024-03-18T09:42:12.319+0200] {processor.py:183} INFO - Processing /usr/local/lib/python3.8/site-packages/airflow/example_dags/example_task_group_decorator.py took 0.254 seconds
[2024-03-18T09:43:02.424+0200] {processor.py:161} INFO - Started process (PID=1800) to work on /usr/local/lib/python3.8/site-packages/airflow/example_dags/example_task_group_decorator.py
[2024-03-18T09:43:02.425+0200] {processor.py:830} INFO - Processing file /usr/local/lib/python3.8/site-packages/airflow/example_dags/example_task_group_decorator.py for tasks to queue
[2024-03-18T09:43:02.426+0200] {logging_mixin.py:188} INFO - [2024-03-18T09:43:02.426+0200] {dagbag.py:540} INFO - Filling up the DagBag from /usr/local/lib/python3.8/site-packages/airflow/example_dags/example_task_group_decorator.py
[2024-03-18T09:43:02.465+0200] {processor.py:840} INFO - DAG(s) 'example_task_group_decorator' retrieved from /usr/local/lib/python3.8/site-packages/airflow/example_dags/example_task_group_decorator.py
[2024-03-18T09:43:02.752+0200] {logging_mixin.py:188} INFO - [2024-03-18T09:43:02.752+0200] {dag.py:3047} INFO - Sync 1 DAGs
[2024-03-18T09:43:02.790+0200] {logging_mixin.py:188} INFO - [2024-03-18T09:43:02.789+0200] {dag.py:3834} INFO - Setting next_dagrun for example_task_group_decorator to 2024-03-17 00:00:00+00:00, run_after=2024-03-18 00:00:00+00:00
[2024-03-18T09:43:02.812+0200] {processor.py:183} INFO - Processing /usr/local/lib/python3.8/site-packages/airflow/example_dags/example_task_group_decorator.py took 0.390 seconds
[2024-03-18T09:43:46.586+0200] {processor.py:161} INFO - Started process (PID=1994) to work on /usr/local/lib/python3.8/site-packages/airflow/example_dags/example_task_group_decorator.py
[2024-03-18T09:43:46.587+0200] {processor.py:830} INFO - Processing file /usr/local/lib/python3.8/site-packages/airflow/example_dags/example_task_group_decorator.py for tasks to queue
[2024-03-18T09:43:46.588+0200] {logging_mixin.py:188} INFO - [2024-03-18T09:43:46.588+0200] {dagbag.py:540} INFO - Filling up the DagBag from /usr/local/lib/python3.8/site-packages/airflow/example_dags/example_task_group_decorator.py
[2024-03-18T09:43:46.632+0200] {processor.py:840} INFO - DAG(s) 'example_task_group_decorator' retrieved from /usr/local/lib/python3.8/site-packages/airflow/example_dags/example_task_group_decorator.py
[2024-03-18T09:43:46.813+0200] {logging_mixin.py:188} INFO - [2024-03-18T09:43:46.813+0200] {dag.py:3047} INFO - Sync 1 DAGs
[2024-03-18T09:43:46.855+0200] {logging_mixin.py:188} INFO - [2024-03-18T09:43:46.855+0200] {dag.py:3834} INFO - Setting next_dagrun for example_task_group_decorator to 2024-03-17 00:00:00+00:00, run_after=2024-03-18 00:00:00+00:00
[2024-03-18T09:43:46.902+0200] {processor.py:183} INFO - Processing /usr/local/lib/python3.8/site-packages/airflow/example_dags/example_task_group_decorator.py took 0.318 seconds
[2024-03-18T09:44:32.581+0200] {processor.py:161} INFO - Started process (PID=2201) to work on /usr/local/lib/python3.8/site-packages/airflow/example_dags/example_task_group_decorator.py
[2024-03-18T09:44:32.582+0200] {processor.py:830} INFO - Processing file /usr/local/lib/python3.8/site-packages/airflow/example_dags/example_task_group_decorator.py for tasks to queue
[2024-03-18T09:44:32.582+0200] {logging_mixin.py:188} INFO - [2024-03-18T09:44:32.582+0200] {dagbag.py:540} INFO - Filling up the DagBag from /usr/local/lib/python3.8/site-packages/airflow/example_dags/example_task_group_decorator.py
[2024-03-18T09:44:32.619+0200] {processor.py:840} INFO - DAG(s) 'example_task_group_decorator' retrieved from /usr/local/lib/python3.8/site-packages/airflow/example_dags/example_task_group_decorator.py
[2024-03-18T09:44:32.841+0200] {logging_mixin.py:188} INFO - [2024-03-18T09:44:32.841+0200] {dag.py:3047} INFO - Sync 1 DAGs
[2024-03-18T09:44:32.881+0200] {logging_mixin.py:188} INFO - [2024-03-18T09:44:32.881+0200] {dag.py:3834} INFO - Setting next_dagrun for example_task_group_decorator to 2024-03-17 00:00:00+00:00, run_after=2024-03-18 00:00:00+00:00
[2024-03-18T09:44:32.904+0200] {processor.py:183} INFO - Processing /usr/local/lib/python3.8/site-packages/airflow/example_dags/example_task_group_decorator.py took 0.324 seconds
[2024-03-18T09:45:23.226+0200] {processor.py:161} INFO - Started process (PID=2485) to work on /usr/local/lib/python3.8/site-packages/airflow/example_dags/example_task_group_decorator.py
[2024-03-18T09:45:23.227+0200] {processor.py:830} INFO - Processing file /usr/local/lib/python3.8/site-packages/airflow/example_dags/example_task_group_decorator.py for tasks to queue
[2024-03-18T09:45:23.228+0200] {logging_mixin.py:188} INFO - [2024-03-18T09:45:23.228+0200] {dagbag.py:540} INFO - Filling up the DagBag from /usr/local/lib/python3.8/site-packages/airflow/example_dags/example_task_group_decorator.py
[2024-03-18T09:45:23.269+0200] {processor.py:840} INFO - DAG(s) 'example_task_group_decorator' retrieved from /usr/local/lib/python3.8/site-packages/airflow/example_dags/example_task_group_decorator.py
[2024-03-18T09:45:23.432+0200] {logging_mixin.py:188} INFO - [2024-03-18T09:45:23.431+0200] {dag.py:3047} INFO - Sync 1 DAGs
[2024-03-18T09:45:23.459+0200] {logging_mixin.py:188} INFO - [2024-03-18T09:45:23.458+0200] {dag.py:3834} INFO - Setting next_dagrun for example_task_group_decorator to 2024-03-17 00:00:00+00:00, run_after=2024-03-18 00:00:00+00:00
[2024-03-18T09:45:23.484+0200] {processor.py:183} INFO - Processing /usr/local/lib/python3.8/site-packages/airflow/example_dags/example_task_group_decorator.py took 0.260 seconds
[2024-03-18T09:46:09.543+0200] {processor.py:161} INFO - Started process (PID=2667) to work on /usr/local/lib/python3.8/site-packages/airflow/example_dags/example_task_group_decorator.py
[2024-03-18T09:46:09.544+0200] {processor.py:830} INFO - Processing file /usr/local/lib/python3.8/site-packages/airflow/example_dags/example_task_group_decorator.py for tasks to queue
[2024-03-18T09:46:09.545+0200] {logging_mixin.py:188} INFO - [2024-03-18T09:46:09.545+0200] {dagbag.py:540} INFO - Filling up the DagBag from /usr/local/lib/python3.8/site-packages/airflow/example_dags/example_task_group_decorator.py
[2024-03-18T09:46:09.584+0200] {processor.py:840} INFO - DAG(s) 'example_task_group_decorator' retrieved from /usr/local/lib/python3.8/site-packages/airflow/example_dags/example_task_group_decorator.py
[2024-03-18T09:46:09.735+0200] {logging_mixin.py:188} INFO - [2024-03-18T09:46:09.735+0200] {dag.py:3047} INFO - Sync 1 DAGs
[2024-03-18T09:46:09.753+0200] {logging_mixin.py:188} INFO - [2024-03-18T09:46:09.753+0200] {dag.py:3834} INFO - Setting next_dagrun for example_task_group_decorator to 2024-03-17 00:00:00+00:00, run_after=2024-03-18 00:00:00+00:00
[2024-03-18T09:46:09.766+0200] {processor.py:183} INFO - Processing /usr/local/lib/python3.8/site-packages/airflow/example_dags/example_task_group_decorator.py took 0.225 seconds
[2024-03-18T09:46:58.817+0200] {processor.py:161} INFO - Started process (PID=2950) to work on /usr/local/lib/python3.8/site-packages/airflow/example_dags/example_task_group_decorator.py
[2024-03-18T09:46:58.818+0200] {processor.py:830} INFO - Processing file /usr/local/lib/python3.8/site-packages/airflow/example_dags/example_task_group_decorator.py for tasks to queue
[2024-03-18T09:46:58.819+0200] {logging_mixin.py:188} INFO - [2024-03-18T09:46:58.819+0200] {dagbag.py:540} INFO - Filling up the DagBag from /usr/local/lib/python3.8/site-packages/airflow/example_dags/example_task_group_decorator.py
[2024-03-18T09:46:58.861+0200] {processor.py:840} INFO - DAG(s) 'example_task_group_decorator' retrieved from /usr/local/lib/python3.8/site-packages/airflow/example_dags/example_task_group_decorator.py
[2024-03-18T09:46:59.045+0200] {logging_mixin.py:188} INFO - [2024-03-18T09:46:59.044+0200] {dag.py:3047} INFO - Sync 1 DAGs
[2024-03-18T09:46:59.065+0200] {logging_mixin.py:188} INFO - [2024-03-18T09:46:59.065+0200] {dag.py:3834} INFO - Setting next_dagrun for example_task_group_decorator to 2024-03-17 00:00:00+00:00, run_after=2024-03-18 00:00:00+00:00
[2024-03-18T09:46:59.096+0200] {processor.py:183} INFO - Processing /usr/local/lib/python3.8/site-packages/airflow/example_dags/example_task_group_decorator.py took 0.281 seconds
[2024-03-18T09:47:43.307+0200] {processor.py:161} INFO - Started process (PID=3129) to work on /usr/local/lib/python3.8/site-packages/airflow/example_dags/example_task_group_decorator.py
[2024-03-18T09:47:43.308+0200] {processor.py:830} INFO - Processing file /usr/local/lib/python3.8/site-packages/airflow/example_dags/example_task_group_decorator.py for tasks to queue
[2024-03-18T09:47:43.309+0200] {logging_mixin.py:188} INFO - [2024-03-18T09:47:43.309+0200] {dagbag.py:540} INFO - Filling up the DagBag from /usr/local/lib/python3.8/site-packages/airflow/example_dags/example_task_group_decorator.py
[2024-03-18T09:47:43.350+0200] {processor.py:840} INFO - DAG(s) 'example_task_group_decorator' retrieved from /usr/local/lib/python3.8/site-packages/airflow/example_dags/example_task_group_decorator.py
[2024-03-18T09:47:43.534+0200] {logging_mixin.py:188} INFO - [2024-03-18T09:47:43.533+0200] {dag.py:3047} INFO - Sync 1 DAGs
[2024-03-18T09:47:43.553+0200] {logging_mixin.py:188} INFO - [2024-03-18T09:47:43.553+0200] {dag.py:3834} INFO - Setting next_dagrun for example_task_group_decorator to 2024-03-17 00:00:00+00:00, run_after=2024-03-18 00:00:00+00:00
[2024-03-18T09:47:43.591+0200] {processor.py:183} INFO - Processing /usr/local/lib/python3.8/site-packages/airflow/example_dags/example_task_group_decorator.py took 0.286 seconds
[2024-03-18T09:48:21.118+0200] {processor.py:161} INFO - Started process (PID=3262) to work on /usr/local/lib/python3.8/site-packages/airflow/example_dags/example_task_group_decorator.py
[2024-03-18T09:48:21.119+0200] {processor.py:830} INFO - Processing file /usr/local/lib/python3.8/site-packages/airflow/example_dags/example_task_group_decorator.py for tasks to queue
[2024-03-18T09:48:21.120+0200] {logging_mixin.py:188} INFO - [2024-03-18T09:48:21.119+0200] {dagbag.py:540} INFO - Filling up the DagBag from /usr/local/lib/python3.8/site-packages/airflow/example_dags/example_task_group_decorator.py
[2024-03-18T09:48:21.160+0200] {processor.py:840} INFO - DAG(s) 'example_task_group_decorator' retrieved from /usr/local/lib/python3.8/site-packages/airflow/example_dags/example_task_group_decorator.py
[2024-03-18T09:48:21.333+0200] {logging_mixin.py:188} INFO - [2024-03-18T09:48:21.333+0200] {dag.py:3047} INFO - Sync 1 DAGs
[2024-03-18T09:48:21.353+0200] {logging_mixin.py:188} INFO - [2024-03-18T09:48:21.353+0200] {dag.py:3834} INFO - Setting next_dagrun for example_task_group_decorator to 2024-03-17 00:00:00+00:00, run_after=2024-03-18 00:00:00+00:00
[2024-03-18T09:48:21.386+0200] {processor.py:183} INFO - Processing /usr/local/lib/python3.8/site-packages/airflow/example_dags/example_task_group_decorator.py took 0.269 seconds
[2024-03-18T09:49:02.463+0200] {processor.py:161} INFO - Started process (PID=3418) to work on /usr/local/lib/python3.8/site-packages/airflow/example_dags/example_task_group_decorator.py
[2024-03-18T09:49:02.464+0200] {processor.py:830} INFO - Processing file /usr/local/lib/python3.8/site-packages/airflow/example_dags/example_task_group_decorator.py for tasks to queue
[2024-03-18T09:49:02.465+0200] {logging_mixin.py:188} INFO - [2024-03-18T09:49:02.465+0200] {dagbag.py:540} INFO - Filling up the DagBag from /usr/local/lib/python3.8/site-packages/airflow/example_dags/example_task_group_decorator.py
[2024-03-18T09:49:02.506+0200] {processor.py:840} INFO - DAG(s) 'example_task_group_decorator' retrieved from /usr/local/lib/python3.8/site-packages/airflow/example_dags/example_task_group_decorator.py
[2024-03-18T09:49:02.687+0200] {logging_mixin.py:188} INFO - [2024-03-18T09:49:02.687+0200] {dag.py:3047} INFO - Sync 1 DAGs
[2024-03-18T09:49:02.708+0200] {logging_mixin.py:188} INFO - [2024-03-18T09:49:02.708+0200] {dag.py:3834} INFO - Setting next_dagrun for example_task_group_decorator to 2024-03-17 00:00:00+00:00, run_after=2024-03-18 00:00:00+00:00
[2024-03-18T09:49:02.742+0200] {processor.py:183} INFO - Processing /usr/local/lib/python3.8/site-packages/airflow/example_dags/example_task_group_decorator.py took 0.281 seconds
[2024-03-18T09:49:37.463+0200] {processor.py:161} INFO - Started process (PID=3562) to work on /usr/local/lib/python3.8/site-packages/airflow/example_dags/example_task_group_decorator.py
[2024-03-18T09:49:37.464+0200] {processor.py:830} INFO - Processing file /usr/local/lib/python3.8/site-packages/airflow/example_dags/example_task_group_decorator.py for tasks to queue
[2024-03-18T09:49:37.464+0200] {logging_mixin.py:188} INFO - [2024-03-18T09:49:37.464+0200] {dagbag.py:540} INFO - Filling up the DagBag from /usr/local/lib/python3.8/site-packages/airflow/example_dags/example_task_group_decorator.py
[2024-03-18T09:49:37.506+0200] {processor.py:840} INFO - DAG(s) 'example_task_group_decorator' retrieved from /usr/local/lib/python3.8/site-packages/airflow/example_dags/example_task_group_decorator.py
[2024-03-18T09:49:37.701+0200] {logging_mixin.py:188} INFO - [2024-03-18T09:49:37.701+0200] {dag.py:3047} INFO - Sync 1 DAGs
[2024-03-18T09:49:37.735+0200] {logging_mixin.py:188} INFO - [2024-03-18T09:49:37.735+0200] {dag.py:3834} INFO - Setting next_dagrun for example_task_group_decorator to 2024-03-17 00:00:00+00:00, run_after=2024-03-18 00:00:00+00:00
[2024-03-18T09:49:37.750+0200] {processor.py:183} INFO - Processing /usr/local/lib/python3.8/site-packages/airflow/example_dags/example_task_group_decorator.py took 0.289 seconds
[2024-03-18T09:50:16.523+0200] {processor.py:161} INFO - Started process (PID=3715) to work on /usr/local/lib/python3.8/site-packages/airflow/example_dags/example_task_group_decorator.py
[2024-03-18T09:50:16.524+0200] {processor.py:830} INFO - Processing file /usr/local/lib/python3.8/site-packages/airflow/example_dags/example_task_group_decorator.py for tasks to queue
[2024-03-18T09:50:16.524+0200] {logging_mixin.py:188} INFO - [2024-03-18T09:50:16.524+0200] {dagbag.py:540} INFO - Filling up the DagBag from /usr/local/lib/python3.8/site-packages/airflow/example_dags/example_task_group_decorator.py
[2024-03-18T09:50:16.560+0200] {processor.py:840} INFO - DAG(s) 'example_task_group_decorator' retrieved from /usr/local/lib/python3.8/site-packages/airflow/example_dags/example_task_group_decorator.py
[2024-03-18T09:50:16.731+0200] {logging_mixin.py:188} INFO - [2024-03-18T09:50:16.730+0200] {dag.py:3047} INFO - Sync 1 DAGs
[2024-03-18T09:50:16.747+0200] {logging_mixin.py:188} INFO - [2024-03-18T09:50:16.747+0200] {dag.py:3834} INFO - Setting next_dagrun for example_task_group_decorator to 2024-03-17 00:00:00+00:00, run_after=2024-03-18 00:00:00+00:00
[2024-03-18T09:50:16.761+0200] {processor.py:183} INFO - Processing /usr/local/lib/python3.8/site-packages/airflow/example_dags/example_task_group_decorator.py took 0.239 seconds
[2024-03-18T09:50:52.862+0200] {processor.py:161} INFO - Started process (PID=3867) to work on /usr/local/lib/python3.8/site-packages/airflow/example_dags/example_task_group_decorator.py
[2024-03-18T09:50:52.863+0200] {processor.py:830} INFO - Processing file /usr/local/lib/python3.8/site-packages/airflow/example_dags/example_task_group_decorator.py for tasks to queue
[2024-03-18T09:50:52.864+0200] {logging_mixin.py:188} INFO - [2024-03-18T09:50:52.863+0200] {dagbag.py:540} INFO - Filling up the DagBag from /usr/local/lib/python3.8/site-packages/airflow/example_dags/example_task_group_decorator.py
[2024-03-18T09:50:52.904+0200] {processor.py:840} INFO - DAG(s) 'example_task_group_decorator' retrieved from /usr/local/lib/python3.8/site-packages/airflow/example_dags/example_task_group_decorator.py
[2024-03-18T09:50:53.090+0200] {logging_mixin.py:188} INFO - [2024-03-18T09:50:53.090+0200] {dag.py:3047} INFO - Sync 1 DAGs
[2024-03-18T09:50:53.114+0200] {logging_mixin.py:188} INFO - [2024-03-18T09:50:53.113+0200] {dag.py:3834} INFO - Setting next_dagrun for example_task_group_decorator to 2024-03-17 00:00:00+00:00, run_after=2024-03-18 00:00:00+00:00
[2024-03-18T09:50:53.146+0200] {processor.py:183} INFO - Processing /usr/local/lib/python3.8/site-packages/airflow/example_dags/example_task_group_decorator.py took 0.285 seconds
[2024-03-18T09:51:37.449+0200] {processor.py:161} INFO - Started process (PID=4043) to work on /usr/local/lib/python3.8/site-packages/airflow/example_dags/example_task_group_decorator.py
[2024-03-18T09:51:37.450+0200] {processor.py:830} INFO - Processing file /usr/local/lib/python3.8/site-packages/airflow/example_dags/example_task_group_decorator.py for tasks to queue
[2024-03-18T09:51:37.451+0200] {logging_mixin.py:188} INFO - [2024-03-18T09:51:37.451+0200] {dagbag.py:540} INFO - Filling up the DagBag from /usr/local/lib/python3.8/site-packages/airflow/example_dags/example_task_group_decorator.py
[2024-03-18T09:51:37.493+0200] {processor.py:840} INFO - DAG(s) 'example_task_group_decorator' retrieved from /usr/local/lib/python3.8/site-packages/airflow/example_dags/example_task_group_decorator.py
[2024-03-18T09:51:37.662+0200] {logging_mixin.py:188} INFO - [2024-03-18T09:51:37.662+0200] {dag.py:3047} INFO - Sync 1 DAGs
[2024-03-18T09:51:37.690+0200] {logging_mixin.py:188} INFO - [2024-03-18T09:51:37.690+0200] {dag.py:3834} INFO - Setting next_dagrun for example_task_group_decorator to 2024-03-17 00:00:00+00:00, run_after=2024-03-18 00:00:00+00:00
[2024-03-18T09:51:37.739+0200] {processor.py:183} INFO - Processing /usr/local/lib/python3.8/site-packages/airflow/example_dags/example_task_group_decorator.py took 0.292 seconds
[2024-03-18T09:52:17.816+0200] {processor.py:161} INFO - Started process (PID=4199) to work on /usr/local/lib/python3.8/site-packages/airflow/example_dags/example_task_group_decorator.py
[2024-03-18T09:52:17.817+0200] {processor.py:830} INFO - Processing file /usr/local/lib/python3.8/site-packages/airflow/example_dags/example_task_group_decorator.py for tasks to queue
[2024-03-18T09:52:17.818+0200] {logging_mixin.py:188} INFO - [2024-03-18T09:52:17.818+0200] {dagbag.py:540} INFO - Filling up the DagBag from /usr/local/lib/python3.8/site-packages/airflow/example_dags/example_task_group_decorator.py
[2024-03-18T09:52:17.852+0200] {processor.py:840} INFO - DAG(s) 'example_task_group_decorator' retrieved from /usr/local/lib/python3.8/site-packages/airflow/example_dags/example_task_group_decorator.py
[2024-03-18T09:52:18.006+0200] {logging_mixin.py:188} INFO - [2024-03-18T09:52:18.006+0200] {dag.py:3047} INFO - Sync 1 DAGs
[2024-03-18T09:52:18.039+0200] {logging_mixin.py:188} INFO - [2024-03-18T09:52:18.039+0200] {dag.py:3834} INFO - Setting next_dagrun for example_task_group_decorator to 2024-03-17 00:00:00+00:00, run_after=2024-03-18 00:00:00+00:00
[2024-03-18T09:52:18.054+0200] {processor.py:183} INFO - Processing /usr/local/lib/python3.8/site-packages/airflow/example_dags/example_task_group_decorator.py took 0.239 seconds
[2024-03-18T09:52:59.091+0200] {processor.py:161} INFO - Started process (PID=4351) to work on /usr/local/lib/python3.8/site-packages/airflow/example_dags/example_task_group_decorator.py
[2024-03-18T09:52:59.092+0200] {processor.py:830} INFO - Processing file /usr/local/lib/python3.8/site-packages/airflow/example_dags/example_task_group_decorator.py for tasks to queue
[2024-03-18T09:52:59.092+0200] {logging_mixin.py:188} INFO - [2024-03-18T09:52:59.092+0200] {dagbag.py:540} INFO - Filling up the DagBag from /usr/local/lib/python3.8/site-packages/airflow/example_dags/example_task_group_decorator.py
[2024-03-18T09:52:59.136+0200] {processor.py:840} INFO - DAG(s) 'example_task_group_decorator' retrieved from /usr/local/lib/python3.8/site-packages/airflow/example_dags/example_task_group_decorator.py
[2024-03-18T09:52:59.330+0200] {logging_mixin.py:188} INFO - [2024-03-18T09:52:59.330+0200] {dag.py:3047} INFO - Sync 1 DAGs
[2024-03-18T09:52:59.354+0200] {logging_mixin.py:188} INFO - [2024-03-18T09:52:59.354+0200] {dag.py:3834} INFO - Setting next_dagrun for example_task_group_decorator to 2024-03-17 00:00:00+00:00, run_after=2024-03-18 00:00:00+00:00
[2024-03-18T09:52:59.387+0200] {processor.py:183} INFO - Processing /usr/local/lib/python3.8/site-packages/airflow/example_dags/example_task_group_decorator.py took 0.297 seconds
[2024-03-18T09:53:42.320+0200] {processor.py:161} INFO - Started process (PID=4525) to work on /usr/local/lib/python3.8/site-packages/airflow/example_dags/example_task_group_decorator.py
[2024-03-18T09:53:42.321+0200] {processor.py:830} INFO - Processing file /usr/local/lib/python3.8/site-packages/airflow/example_dags/example_task_group_decorator.py for tasks to queue
[2024-03-18T09:53:42.321+0200] {logging_mixin.py:188} INFO - [2024-03-18T09:53:42.321+0200] {dagbag.py:540} INFO - Filling up the DagBag from /usr/local/lib/python3.8/site-packages/airflow/example_dags/example_task_group_decorator.py
[2024-03-18T09:53:42.362+0200] {processor.py:840} INFO - DAG(s) 'example_task_group_decorator' retrieved from /usr/local/lib/python3.8/site-packages/airflow/example_dags/example_task_group_decorator.py
[2024-03-18T09:53:42.529+0200] {logging_mixin.py:188} INFO - [2024-03-18T09:53:42.529+0200] {dag.py:3047} INFO - Sync 1 DAGs
[2024-03-18T09:53:42.554+0200] {logging_mixin.py:188} INFO - [2024-03-18T09:53:42.554+0200] {dag.py:3834} INFO - Setting next_dagrun for example_task_group_decorator to 2024-03-17 00:00:00+00:00, run_after=2024-03-18 00:00:00+00:00
[2024-03-18T09:53:42.587+0200] {processor.py:183} INFO - Processing /usr/local/lib/python3.8/site-packages/airflow/example_dags/example_task_group_decorator.py took 0.268 seconds
[2024-03-18T09:54:27.511+0200] {processor.py:161} INFO - Started process (PID=4699) to work on /usr/local/lib/python3.8/site-packages/airflow/example_dags/example_task_group_decorator.py
[2024-03-18T09:54:27.512+0200] {processor.py:830} INFO - Processing file /usr/local/lib/python3.8/site-packages/airflow/example_dags/example_task_group_decorator.py for tasks to queue
[2024-03-18T09:54:27.512+0200] {logging_mixin.py:188} INFO - [2024-03-18T09:54:27.512+0200] {dagbag.py:540} INFO - Filling up the DagBag from /usr/local/lib/python3.8/site-packages/airflow/example_dags/example_task_group_decorator.py
[2024-03-18T09:54:27.553+0200] {processor.py:840} INFO - DAG(s) 'example_task_group_decorator' retrieved from /usr/local/lib/python3.8/site-packages/airflow/example_dags/example_task_group_decorator.py
[2024-03-18T09:54:27.730+0200] {logging_mixin.py:188} INFO - [2024-03-18T09:54:27.730+0200] {dag.py:3047} INFO - Sync 1 DAGs
[2024-03-18T09:54:27.752+0200] {logging_mixin.py:188} INFO - [2024-03-18T09:54:27.752+0200] {dag.py:3834} INFO - Setting next_dagrun for example_task_group_decorator to 2024-03-17 00:00:00+00:00, run_after=2024-03-18 00:00:00+00:00
[2024-03-18T09:54:27.784+0200] {processor.py:183} INFO - Processing /usr/local/lib/python3.8/site-packages/airflow/example_dags/example_task_group_decorator.py took 0.275 seconds
[2024-03-18T09:55:08.269+0200] {processor.py:161} INFO - Started process (PID=4858) to work on /usr/local/lib/python3.8/site-packages/airflow/example_dags/example_task_group_decorator.py
[2024-03-18T09:55:08.271+0200] {processor.py:830} INFO - Processing file /usr/local/lib/python3.8/site-packages/airflow/example_dags/example_task_group_decorator.py for tasks to queue
[2024-03-18T09:55:08.272+0200] {logging_mixin.py:188} INFO - [2024-03-18T09:55:08.271+0200] {dagbag.py:540} INFO - Filling up the DagBag from /usr/local/lib/python3.8/site-packages/airflow/example_dags/example_task_group_decorator.py
[2024-03-18T09:55:08.312+0200] {processor.py:840} INFO - DAG(s) 'example_task_group_decorator' retrieved from /usr/local/lib/python3.8/site-packages/airflow/example_dags/example_task_group_decorator.py
[2024-03-18T09:55:08.478+0200] {logging_mixin.py:188} INFO - [2024-03-18T09:55:08.478+0200] {dag.py:3047} INFO - Sync 1 DAGs
[2024-03-18T09:55:08.498+0200] {logging_mixin.py:188} INFO - [2024-03-18T09:55:08.497+0200] {dag.py:3834} INFO - Setting next_dagrun for example_task_group_decorator to 2024-03-17 00:00:00+00:00, run_after=2024-03-18 00:00:00+00:00
[2024-03-18T09:55:08.528+0200] {processor.py:183} INFO - Processing /usr/local/lib/python3.8/site-packages/airflow/example_dags/example_task_group_decorator.py took 0.260 seconds
[2024-03-18T09:55:55.079+0200] {processor.py:161} INFO - Started process (PID=5047) to work on /usr/local/lib/python3.8/site-packages/airflow/example_dags/example_task_group_decorator.py
[2024-03-18T09:55:55.081+0200] {processor.py:830} INFO - Processing file /usr/local/lib/python3.8/site-packages/airflow/example_dags/example_task_group_decorator.py for tasks to queue
[2024-03-18T09:55:55.082+0200] {logging_mixin.py:188} INFO - [2024-03-18T09:55:55.082+0200] {dagbag.py:540} INFO - Filling up the DagBag from /usr/local/lib/python3.8/site-packages/airflow/example_dags/example_task_group_decorator.py
[2024-03-18T09:55:55.144+0200] {processor.py:840} INFO - DAG(s) 'example_task_group_decorator' retrieved from /usr/local/lib/python3.8/site-packages/airflow/example_dags/example_task_group_decorator.py
[2024-03-18T09:55:55.344+0200] {logging_mixin.py:188} INFO - [2024-03-18T09:55:55.344+0200] {dag.py:3047} INFO - Sync 1 DAGs
[2024-03-18T09:55:55.381+0200] {logging_mixin.py:188} INFO - [2024-03-18T09:55:55.381+0200] {dag.py:3834} INFO - Setting next_dagrun for example_task_group_decorator to 2024-03-17 00:00:00+00:00, run_after=2024-03-18 00:00:00+00:00
[2024-03-18T09:55:55.396+0200] {processor.py:183} INFO - Processing /usr/local/lib/python3.8/site-packages/airflow/example_dags/example_task_group_decorator.py took 0.321 seconds
[2024-03-18T09:56:51.527+0200] {processor.py:161} INFO - Started process (PID=5419) to work on /usr/local/lib/python3.8/site-packages/airflow/example_dags/example_task_group_decorator.py
[2024-03-18T09:56:51.529+0200] {processor.py:830} INFO - Processing file /usr/local/lib/python3.8/site-packages/airflow/example_dags/example_task_group_decorator.py for tasks to queue
[2024-03-18T09:56:51.530+0200] {logging_mixin.py:188} INFO - [2024-03-18T09:56:51.529+0200] {dagbag.py:540} INFO - Filling up the DagBag from /usr/local/lib/python3.8/site-packages/airflow/example_dags/example_task_group_decorator.py
[2024-03-18T09:56:51.582+0200] {processor.py:840} INFO - DAG(s) 'example_task_group_decorator' retrieved from /usr/local/lib/python3.8/site-packages/airflow/example_dags/example_task_group_decorator.py
[2024-03-18T09:56:51.838+0200] {logging_mixin.py:188} INFO - [2024-03-18T09:56:51.837+0200] {dag.py:3047} INFO - Sync 1 DAGs
[2024-03-18T09:56:51.866+0200] {logging_mixin.py:188} INFO - [2024-03-18T09:56:51.866+0200] {dag.py:3834} INFO - Setting next_dagrun for example_task_group_decorator to 2024-03-17 00:00:00+00:00, run_after=2024-03-18 00:00:00+00:00
[2024-03-18T09:56:51.899+0200] {processor.py:183} INFO - Processing /usr/local/lib/python3.8/site-packages/airflow/example_dags/example_task_group_decorator.py took 0.374 seconds
[2024-03-18T09:57:46.320+0200] {processor.py:161} INFO - Started process (PID=5763) to work on /usr/local/lib/python3.8/site-packages/airflow/example_dags/example_task_group_decorator.py
[2024-03-18T09:57:46.321+0200] {processor.py:830} INFO - Processing file /usr/local/lib/python3.8/site-packages/airflow/example_dags/example_task_group_decorator.py for tasks to queue
[2024-03-18T09:57:46.322+0200] {logging_mixin.py:188} INFO - [2024-03-18T09:57:46.322+0200] {dagbag.py:540} INFO - Filling up the DagBag from /usr/local/lib/python3.8/site-packages/airflow/example_dags/example_task_group_decorator.py
[2024-03-18T09:57:46.359+0200] {processor.py:840} INFO - DAG(s) 'example_task_group_decorator' retrieved from /usr/local/lib/python3.8/site-packages/airflow/example_dags/example_task_group_decorator.py
[2024-03-18T09:57:46.536+0200] {logging_mixin.py:188} INFO - [2024-03-18T09:57:46.536+0200] {dag.py:3047} INFO - Sync 1 DAGs
[2024-03-18T09:57:46.554+0200] {logging_mixin.py:188} INFO - [2024-03-18T09:57:46.553+0200] {dag.py:3834} INFO - Setting next_dagrun for example_task_group_decorator to 2024-03-17 00:00:00+00:00, run_after=2024-03-18 00:00:00+00:00
[2024-03-18T09:57:46.568+0200] {processor.py:183} INFO - Processing /usr/local/lib/python3.8/site-packages/airflow/example_dags/example_task_group_decorator.py took 0.250 seconds
[2024-03-18T09:58:26.635+0200] {processor.py:161} INFO - Started process (PID=5916) to work on /usr/local/lib/python3.8/site-packages/airflow/example_dags/example_task_group_decorator.py
[2024-03-18T09:58:26.636+0200] {processor.py:830} INFO - Processing file /usr/local/lib/python3.8/site-packages/airflow/example_dags/example_task_group_decorator.py for tasks to queue
[2024-03-18T09:58:26.637+0200] {logging_mixin.py:188} INFO - [2024-03-18T09:58:26.637+0200] {dagbag.py:540} INFO - Filling up the DagBag from /usr/local/lib/python3.8/site-packages/airflow/example_dags/example_task_group_decorator.py
[2024-03-18T09:58:26.680+0200] {processor.py:840} INFO - DAG(s) 'example_task_group_decorator' retrieved from /usr/local/lib/python3.8/site-packages/airflow/example_dags/example_task_group_decorator.py
[2024-03-18T09:58:26.851+0200] {logging_mixin.py:188} INFO - [2024-03-18T09:58:26.851+0200] {dag.py:3047} INFO - Sync 1 DAGs
[2024-03-18T09:58:26.889+0200] {logging_mixin.py:188} INFO - [2024-03-18T09:58:26.889+0200] {dag.py:3834} INFO - Setting next_dagrun for example_task_group_decorator to 2024-03-17 00:00:00+00:00, run_after=2024-03-18 00:00:00+00:00
[2024-03-18T09:58:26.904+0200] {processor.py:183} INFO - Processing /usr/local/lib/python3.8/site-packages/airflow/example_dags/example_task_group_decorator.py took 0.271 seconds
[2024-03-18T09:59:08.299+0200] {processor.py:161} INFO - Started process (PID=6072) to work on /usr/local/lib/python3.8/site-packages/airflow/example_dags/example_task_group_decorator.py
[2024-03-18T09:59:08.299+0200] {processor.py:830} INFO - Processing file /usr/local/lib/python3.8/site-packages/airflow/example_dags/example_task_group_decorator.py for tasks to queue
[2024-03-18T09:59:08.300+0200] {logging_mixin.py:188} INFO - [2024-03-18T09:59:08.300+0200] {dagbag.py:540} INFO - Filling up the DagBag from /usr/local/lib/python3.8/site-packages/airflow/example_dags/example_task_group_decorator.py
[2024-03-18T09:59:08.339+0200] {processor.py:840} INFO - DAG(s) 'example_task_group_decorator' retrieved from /usr/local/lib/python3.8/site-packages/airflow/example_dags/example_task_group_decorator.py
[2024-03-18T09:59:08.486+0200] {logging_mixin.py:188} INFO - [2024-03-18T09:59:08.486+0200] {dag.py:3047} INFO - Sync 1 DAGs
[2024-03-18T09:59:08.507+0200] {logging_mixin.py:188} INFO - [2024-03-18T09:59:08.507+0200] {dag.py:3834} INFO - Setting next_dagrun for example_task_group_decorator to 2024-03-17 00:00:00+00:00, run_after=2024-03-18 00:00:00+00:00
[2024-03-18T09:59:08.540+0200] {processor.py:183} INFO - Processing /usr/local/lib/python3.8/site-packages/airflow/example_dags/example_task_group_decorator.py took 0.243 seconds
[2024-03-18T09:59:53.462+0200] {processor.py:161} INFO - Started process (PID=6236) to work on /usr/local/lib/python3.8/site-packages/airflow/example_dags/example_task_group_decorator.py
[2024-03-18T09:59:53.463+0200] {processor.py:830} INFO - Processing file /usr/local/lib/python3.8/site-packages/airflow/example_dags/example_task_group_decorator.py for tasks to queue
[2024-03-18T09:59:53.464+0200] {logging_mixin.py:188} INFO - [2024-03-18T09:59:53.464+0200] {dagbag.py:540} INFO - Filling up the DagBag from /usr/local/lib/python3.8/site-packages/airflow/example_dags/example_task_group_decorator.py
[2024-03-18T09:59:53.513+0200] {processor.py:840} INFO - DAG(s) 'example_task_group_decorator' retrieved from /usr/local/lib/python3.8/site-packages/airflow/example_dags/example_task_group_decorator.py
[2024-03-18T09:59:53.759+0200] {logging_mixin.py:188} INFO - [2024-03-18T09:59:53.759+0200] {dag.py:3047} INFO - Sync 1 DAGs
[2024-03-18T09:59:53.799+0200] {logging_mixin.py:188} INFO - [2024-03-18T09:59:53.799+0200] {dag.py:3834} INFO - Setting next_dagrun for example_task_group_decorator to 2024-03-17 00:00:00+00:00, run_after=2024-03-18 00:00:00+00:00
[2024-03-18T09:59:53.840+0200] {processor.py:183} INFO - Processing /usr/local/lib/python3.8/site-packages/airflow/example_dags/example_task_group_decorator.py took 0.380 seconds
[2024-03-18T10:00:42.215+0200] {processor.py:161} INFO - Started process (PID=6416) to work on /usr/local/lib/python3.8/site-packages/airflow/example_dags/example_task_group_decorator.py
[2024-03-18T10:00:42.217+0200] {processor.py:830} INFO - Processing file /usr/local/lib/python3.8/site-packages/airflow/example_dags/example_task_group_decorator.py for tasks to queue
[2024-03-18T10:00:42.217+0200] {logging_mixin.py:188} INFO - [2024-03-18T10:00:42.217+0200] {dagbag.py:540} INFO - Filling up the DagBag from /usr/local/lib/python3.8/site-packages/airflow/example_dags/example_task_group_decorator.py
[2024-03-18T10:00:42.250+0200] {processor.py:840} INFO - DAG(s) 'example_task_group_decorator' retrieved from /usr/local/lib/python3.8/site-packages/airflow/example_dags/example_task_group_decorator.py
[2024-03-18T10:00:42.409+0200] {logging_mixin.py:188} INFO - [2024-03-18T10:00:42.409+0200] {dag.py:3047} INFO - Sync 1 DAGs
[2024-03-18T10:00:42.444+0200] {logging_mixin.py:188} INFO - [2024-03-18T10:00:42.444+0200] {dag.py:3834} INFO - Setting next_dagrun for example_task_group_decorator to 2024-03-17 00:00:00+00:00, run_after=2024-03-18 00:00:00+00:00
[2024-03-18T10:00:42.459+0200] {processor.py:183} INFO - Processing /usr/local/lib/python3.8/site-packages/airflow/example_dags/example_task_group_decorator.py took 0.245 seconds
[2024-03-18T10:01:31.666+0200] {processor.py:161} INFO - Started process (PID=6821) to work on /usr/local/lib/python3.8/site-packages/airflow/example_dags/example_task_group_decorator.py
[2024-03-18T10:01:31.667+0200] {processor.py:830} INFO - Processing file /usr/local/lib/python3.8/site-packages/airflow/example_dags/example_task_group_decorator.py for tasks to queue
[2024-03-18T10:01:31.667+0200] {logging_mixin.py:188} INFO - [2024-03-18T10:01:31.667+0200] {dagbag.py:540} INFO - Filling up the DagBag from /usr/local/lib/python3.8/site-packages/airflow/example_dags/example_task_group_decorator.py
[2024-03-18T10:01:31.712+0200] {processor.py:840} INFO - DAG(s) 'example_task_group_decorator' retrieved from /usr/local/lib/python3.8/site-packages/airflow/example_dags/example_task_group_decorator.py
[2024-03-18T10:01:31.891+0200] {logging_mixin.py:188} INFO - [2024-03-18T10:01:31.891+0200] {dag.py:3047} INFO - Sync 1 DAGs
[2024-03-18T10:01:31.915+0200] {logging_mixin.py:188} INFO - [2024-03-18T10:01:31.915+0200] {dag.py:3834} INFO - Setting next_dagrun for example_task_group_decorator to 2024-03-17 00:00:00+00:00, run_after=2024-03-18 00:00:00+00:00
[2024-03-18T10:01:31.947+0200] {processor.py:183} INFO - Processing /usr/local/lib/python3.8/site-packages/airflow/example_dags/example_task_group_decorator.py took 0.283 seconds
[2024-03-18T10:02:16.612+0200] {processor.py:161} INFO - Started process (PID=7000) to work on /usr/local/lib/python3.8/site-packages/airflow/example_dags/example_task_group_decorator.py
[2024-03-18T10:02:16.613+0200] {processor.py:830} INFO - Processing file /usr/local/lib/python3.8/site-packages/airflow/example_dags/example_task_group_decorator.py for tasks to queue
[2024-03-18T10:02:16.614+0200] {logging_mixin.py:188} INFO - [2024-03-18T10:02:16.614+0200] {dagbag.py:540} INFO - Filling up the DagBag from /usr/local/lib/python3.8/site-packages/airflow/example_dags/example_task_group_decorator.py
[2024-03-18T10:02:16.654+0200] {processor.py:840} INFO - DAG(s) 'example_task_group_decorator' retrieved from /usr/local/lib/python3.8/site-packages/airflow/example_dags/example_task_group_decorator.py
[2024-03-18T10:02:16.831+0200] {logging_mixin.py:188} INFO - [2024-03-18T10:02:16.831+0200] {dag.py:3047} INFO - Sync 1 DAGs
[2024-03-18T10:02:16.855+0200] {logging_mixin.py:188} INFO - [2024-03-18T10:02:16.854+0200] {dag.py:3834} INFO - Setting next_dagrun for example_task_group_decorator to 2024-03-17 00:00:00+00:00, run_after=2024-03-18 00:00:00+00:00
[2024-03-18T10:02:16.889+0200] {processor.py:183} INFO - Processing /usr/local/lib/python3.8/site-packages/airflow/example_dags/example_task_group_decorator.py took 0.279 seconds
[2024-03-18T10:03:11.040+0200] {processor.py:161} INFO - Started process (PID=7226) to work on /usr/local/lib/python3.8/site-packages/airflow/example_dags/example_task_group_decorator.py
[2024-03-18T10:03:11.042+0200] {processor.py:830} INFO - Processing file /usr/local/lib/python3.8/site-packages/airflow/example_dags/example_task_group_decorator.py for tasks to queue
[2024-03-18T10:03:11.042+0200] {logging_mixin.py:188} INFO - [2024-03-18T10:03:11.042+0200] {dagbag.py:540} INFO - Filling up the DagBag from /usr/local/lib/python3.8/site-packages/airflow/example_dags/example_task_group_decorator.py
[2024-03-18T10:03:11.080+0200] {processor.py:840} INFO - DAG(s) 'example_task_group_decorator' retrieved from /usr/local/lib/python3.8/site-packages/airflow/example_dags/example_task_group_decorator.py
[2024-03-18T10:03:11.243+0200] {logging_mixin.py:188} INFO - [2024-03-18T10:03:11.242+0200] {dag.py:3047} INFO - Sync 1 DAGs
[2024-03-18T10:03:11.280+0200] {logging_mixin.py:188} INFO - [2024-03-18T10:03:11.280+0200] {dag.py:3834} INFO - Setting next_dagrun for example_task_group_decorator to 2024-03-17 00:00:00+00:00, run_after=2024-03-18 00:00:00+00:00
[2024-03-18T10:03:11.296+0200] {processor.py:183} INFO - Processing /usr/local/lib/python3.8/site-packages/airflow/example_dags/example_task_group_decorator.py took 0.258 seconds
[2024-03-18T10:03:55.316+0200] {processor.py:161} INFO - Started process (PID=7406) to work on /usr/local/lib/python3.8/site-packages/airflow/example_dags/example_task_group_decorator.py
[2024-03-18T10:03:55.317+0200] {processor.py:830} INFO - Processing file /usr/local/lib/python3.8/site-packages/airflow/example_dags/example_task_group_decorator.py for tasks to queue
[2024-03-18T10:03:55.317+0200] {logging_mixin.py:188} INFO - [2024-03-18T10:03:55.317+0200] {dagbag.py:540} INFO - Filling up the DagBag from /usr/local/lib/python3.8/site-packages/airflow/example_dags/example_task_group_decorator.py
[2024-03-18T10:03:55.359+0200] {processor.py:840} INFO - DAG(s) 'example_task_group_decorator' retrieved from /usr/local/lib/python3.8/site-packages/airflow/example_dags/example_task_group_decorator.py
[2024-03-18T10:03:55.543+0200] {logging_mixin.py:188} INFO - [2024-03-18T10:03:55.542+0200] {dag.py:3047} INFO - Sync 1 DAGs
[2024-03-18T10:03:55.584+0200] {logging_mixin.py:188} INFO - [2024-03-18T10:03:55.583+0200] {dag.py:3834} INFO - Setting next_dagrun for example_task_group_decorator to 2024-03-17 00:00:00+00:00, run_after=2024-03-18 00:00:00+00:00
[2024-03-18T10:03:55.601+0200] {processor.py:183} INFO - Processing /usr/local/lib/python3.8/site-packages/airflow/example_dags/example_task_group_decorator.py took 0.287 seconds
[2024-03-18T10:04:36.238+0200] {processor.py:161} INFO - Started process (PID=7589) to work on /usr/local/lib/python3.8/site-packages/airflow/example_dags/example_task_group_decorator.py
[2024-03-18T10:04:36.239+0200] {processor.py:830} INFO - Processing file /usr/local/lib/python3.8/site-packages/airflow/example_dags/example_task_group_decorator.py for tasks to queue
[2024-03-18T10:04:36.240+0200] {logging_mixin.py:188} INFO - [2024-03-18T10:04:36.240+0200] {dagbag.py:540} INFO - Filling up the DagBag from /usr/local/lib/python3.8/site-packages/airflow/example_dags/example_task_group_decorator.py
[2024-03-18T10:04:36.288+0200] {processor.py:840} INFO - DAG(s) 'example_task_group_decorator' retrieved from /usr/local/lib/python3.8/site-packages/airflow/example_dags/example_task_group_decorator.py
[2024-03-18T10:04:36.493+0200] {logging_mixin.py:188} INFO - [2024-03-18T10:04:36.492+0200] {dag.py:3047} INFO - Sync 1 DAGs
[2024-03-18T10:04:36.529+0200] {logging_mixin.py:188} INFO - [2024-03-18T10:04:36.529+0200] {dag.py:3834} INFO - Setting next_dagrun for example_task_group_decorator to 2024-03-17 00:00:00+00:00, run_after=2024-03-18 00:00:00+00:00
[2024-03-18T10:04:36.543+0200] {processor.py:183} INFO - Processing /usr/local/lib/python3.8/site-packages/airflow/example_dags/example_task_group_decorator.py took 0.307 seconds
[2024-03-18T10:05:12.953+0200] {processor.py:161} INFO - Started process (PID=7719) to work on /usr/local/lib/python3.8/site-packages/airflow/example_dags/example_task_group_decorator.py
[2024-03-18T10:05:12.954+0200] {processor.py:830} INFO - Processing file /usr/local/lib/python3.8/site-packages/airflow/example_dags/example_task_group_decorator.py for tasks to queue
[2024-03-18T10:05:12.955+0200] {logging_mixin.py:188} INFO - [2024-03-18T10:05:12.955+0200] {dagbag.py:540} INFO - Filling up the DagBag from /usr/local/lib/python3.8/site-packages/airflow/example_dags/example_task_group_decorator.py
[2024-03-18T10:05:12.998+0200] {processor.py:840} INFO - DAG(s) 'example_task_group_decorator' retrieved from /usr/local/lib/python3.8/site-packages/airflow/example_dags/example_task_group_decorator.py
[2024-03-18T10:05:13.177+0200] {logging_mixin.py:188} INFO - [2024-03-18T10:05:13.177+0200] {dag.py:3047} INFO - Sync 1 DAGs
[2024-03-18T10:05:13.199+0200] {logging_mixin.py:188} INFO - [2024-03-18T10:05:13.199+0200] {dag.py:3834} INFO - Setting next_dagrun for example_task_group_decorator to 2024-03-17 00:00:00+00:00, run_after=2024-03-18 00:00:00+00:00
[2024-03-18T10:05:13.240+0200] {processor.py:183} INFO - Processing /usr/local/lib/python3.8/site-packages/airflow/example_dags/example_task_group_decorator.py took 0.289 seconds
[2024-03-18T10:05:53.638+0200] {processor.py:161} INFO - Started process (PID=7884) to work on /usr/local/lib/python3.8/site-packages/airflow/example_dags/example_task_group_decorator.py
[2024-03-18T10:05:53.639+0200] {processor.py:830} INFO - Processing file /usr/local/lib/python3.8/site-packages/airflow/example_dags/example_task_group_decorator.py for tasks to queue
[2024-03-18T10:05:53.640+0200] {logging_mixin.py:188} INFO - [2024-03-18T10:05:53.639+0200] {dagbag.py:540} INFO - Filling up the DagBag from /usr/local/lib/python3.8/site-packages/airflow/example_dags/example_task_group_decorator.py
[2024-03-18T10:05:53.679+0200] {processor.py:840} INFO - DAG(s) 'example_task_group_decorator' retrieved from /usr/local/lib/python3.8/site-packages/airflow/example_dags/example_task_group_decorator.py
[2024-03-18T10:05:53.843+0200] {logging_mixin.py:188} INFO - [2024-03-18T10:05:53.842+0200] {dag.py:3047} INFO - Sync 1 DAGs
[2024-03-18T10:05:53.882+0200] {logging_mixin.py:188} INFO - [2024-03-18T10:05:53.881+0200] {dag.py:3834} INFO - Setting next_dagrun for example_task_group_decorator to 2024-03-17 00:00:00+00:00, run_after=2024-03-18 00:00:00+00:00
[2024-03-18T10:05:53.901+0200] {processor.py:183} INFO - Processing /usr/local/lib/python3.8/site-packages/airflow/example_dags/example_task_group_decorator.py took 0.264 seconds
[2024-03-18T10:06:30.854+0200] {processor.py:161} INFO - Started process (PID=8028) to work on /usr/local/lib/python3.8/site-packages/airflow/example_dags/example_task_group_decorator.py
[2024-03-18T10:06:30.856+0200] {processor.py:830} INFO - Processing file /usr/local/lib/python3.8/site-packages/airflow/example_dags/example_task_group_decorator.py for tasks to queue
[2024-03-18T10:06:30.856+0200] {logging_mixin.py:188} INFO - [2024-03-18T10:06:30.856+0200] {dagbag.py:540} INFO - Filling up the DagBag from /usr/local/lib/python3.8/site-packages/airflow/example_dags/example_task_group_decorator.py
[2024-03-18T10:06:30.893+0200] {processor.py:840} INFO - DAG(s) 'example_task_group_decorator' retrieved from /usr/local/lib/python3.8/site-packages/airflow/example_dags/example_task_group_decorator.py
[2024-03-18T10:06:31.076+0200] {logging_mixin.py:188} INFO - [2024-03-18T10:06:31.076+0200] {dag.py:3047} INFO - Sync 1 DAGs
[2024-03-18T10:06:31.097+0200] {logging_mixin.py:188} INFO - [2024-03-18T10:06:31.097+0200] {dag.py:3834} INFO - Setting next_dagrun for example_task_group_decorator to 2024-03-17 00:00:00+00:00, run_after=2024-03-18 00:00:00+00:00
[2024-03-18T10:06:31.130+0200] {processor.py:183} INFO - Processing /usr/local/lib/python3.8/site-packages/airflow/example_dags/example_task_group_decorator.py took 0.277 seconds
[2024-03-18T10:07:11.069+0200] {processor.py:161} INFO - Started process (PID=8170) to work on /usr/local/lib/python3.8/site-packages/airflow/example_dags/example_task_group_decorator.py
[2024-03-18T10:07:11.070+0200] {processor.py:830} INFO - Processing file /usr/local/lib/python3.8/site-packages/airflow/example_dags/example_task_group_decorator.py for tasks to queue
[2024-03-18T10:07:11.070+0200] {logging_mixin.py:188} INFO - [2024-03-18T10:07:11.070+0200] {dagbag.py:540} INFO - Filling up the DagBag from /usr/local/lib/python3.8/site-packages/airflow/example_dags/example_task_group_decorator.py
[2024-03-18T10:07:11.111+0200] {processor.py:840} INFO - DAG(s) 'example_task_group_decorator' retrieved from /usr/local/lib/python3.8/site-packages/airflow/example_dags/example_task_group_decorator.py
[2024-03-18T10:07:11.275+0200] {logging_mixin.py:188} INFO - [2024-03-18T10:07:11.275+0200] {dag.py:3047} INFO - Sync 1 DAGs
[2024-03-18T10:07:11.296+0200] {logging_mixin.py:188} INFO - [2024-03-18T10:07:11.296+0200] {dag.py:3834} INFO - Setting next_dagrun for example_task_group_decorator to 2024-03-17 00:00:00+00:00, run_after=2024-03-18 00:00:00+00:00
[2024-03-18T10:07:11.329+0200] {processor.py:183} INFO - Processing /usr/local/lib/python3.8/site-packages/airflow/example_dags/example_task_group_decorator.py took 0.262 seconds
[2024-03-18T10:07:50.939+0200] {processor.py:161} INFO - Started process (PID=8382) to work on /usr/local/lib/python3.8/site-packages/airflow/example_dags/example_task_group_decorator.py
[2024-03-18T10:07:50.941+0200] {processor.py:830} INFO - Processing file /usr/local/lib/python3.8/site-packages/airflow/example_dags/example_task_group_decorator.py for tasks to queue
[2024-03-18T10:07:50.942+0200] {logging_mixin.py:188} INFO - [2024-03-18T10:07:50.942+0200] {dagbag.py:540} INFO - Filling up the DagBag from /usr/local/lib/python3.8/site-packages/airflow/example_dags/example_task_group_decorator.py
[2024-03-18T10:07:50.986+0200] {processor.py:840} INFO - DAG(s) 'example_task_group_decorator' retrieved from /usr/local/lib/python3.8/site-packages/airflow/example_dags/example_task_group_decorator.py
[2024-03-18T10:07:51.174+0200] {logging_mixin.py:188} INFO - [2024-03-18T10:07:51.174+0200] {dag.py:3047} INFO - Sync 1 DAGs
[2024-03-18T10:07:51.195+0200] {logging_mixin.py:188} INFO - [2024-03-18T10:07:51.195+0200] {dag.py:3834} INFO - Setting next_dagrun for example_task_group_decorator to 2024-03-17 00:00:00+00:00, run_after=2024-03-18 00:00:00+00:00
[2024-03-18T10:07:51.227+0200] {processor.py:183} INFO - Processing /usr/local/lib/python3.8/site-packages/airflow/example_dags/example_task_group_decorator.py took 0.289 seconds
[2024-03-18T10:08:39.349+0200] {processor.py:161} INFO - Started process (PID=8661) to work on /usr/local/lib/python3.8/site-packages/airflow/example_dags/example_task_group_decorator.py
[2024-03-18T10:08:39.350+0200] {processor.py:830} INFO - Processing file /usr/local/lib/python3.8/site-packages/airflow/example_dags/example_task_group_decorator.py for tasks to queue
[2024-03-18T10:08:39.351+0200] {logging_mixin.py:188} INFO - [2024-03-18T10:08:39.351+0200] {dagbag.py:540} INFO - Filling up the DagBag from /usr/local/lib/python3.8/site-packages/airflow/example_dags/example_task_group_decorator.py
[2024-03-18T10:08:39.420+0200] {processor.py:840} INFO - DAG(s) 'example_task_group_decorator' retrieved from /usr/local/lib/python3.8/site-packages/airflow/example_dags/example_task_group_decorator.py
[2024-03-18T10:08:39.603+0200] {logging_mixin.py:188} INFO - [2024-03-18T10:08:39.603+0200] {dag.py:3047} INFO - Sync 1 DAGs
[2024-03-18T10:08:39.636+0200] {logging_mixin.py:188} INFO - [2024-03-18T10:08:39.636+0200] {dag.py:3834} INFO - Setting next_dagrun for example_task_group_decorator to 2024-03-17 00:00:00+00:00, run_after=2024-03-18 00:00:00+00:00
[2024-03-18T10:08:39.654+0200] {processor.py:183} INFO - Processing /usr/local/lib/python3.8/site-packages/airflow/example_dags/example_task_group_decorator.py took 0.308 seconds
[2024-03-18T10:09:22.599+0200] {processor.py:161} INFO - Started process (PID=8838) to work on /usr/local/lib/python3.8/site-packages/airflow/example_dags/example_task_group_decorator.py
[2024-03-18T10:09:22.600+0200] {processor.py:830} INFO - Processing file /usr/local/lib/python3.8/site-packages/airflow/example_dags/example_task_group_decorator.py for tasks to queue
[2024-03-18T10:09:22.600+0200] {logging_mixin.py:188} INFO - [2024-03-18T10:09:22.600+0200] {dagbag.py:540} INFO - Filling up the DagBag from /usr/local/lib/python3.8/site-packages/airflow/example_dags/example_task_group_decorator.py
[2024-03-18T10:09:22.646+0200] {processor.py:840} INFO - DAG(s) 'example_task_group_decorator' retrieved from /usr/local/lib/python3.8/site-packages/airflow/example_dags/example_task_group_decorator.py
[2024-03-18T10:09:22.827+0200] {logging_mixin.py:188} INFO - [2024-03-18T10:09:22.827+0200] {dag.py:3047} INFO - Sync 1 DAGs
[2024-03-18T10:09:22.852+0200] {logging_mixin.py:188} INFO - [2024-03-18T10:09:22.852+0200] {dag.py:3834} INFO - Setting next_dagrun for example_task_group_decorator to 2024-03-17 00:00:00+00:00, run_after=2024-03-18 00:00:00+00:00
[2024-03-18T10:09:22.882+0200] {processor.py:183} INFO - Processing /usr/local/lib/python3.8/site-packages/airflow/example_dags/example_task_group_decorator.py took 0.286 seconds
[2024-03-18T10:10:00.217+0200] {processor.py:161} INFO - Started process (PID=8994) to work on /usr/local/lib/python3.8/site-packages/airflow/example_dags/example_task_group_decorator.py
[2024-03-18T10:10:00.218+0200] {processor.py:830} INFO - Processing file /usr/local/lib/python3.8/site-packages/airflow/example_dags/example_task_group_decorator.py for tasks to queue
[2024-03-18T10:10:00.219+0200] {logging_mixin.py:188} INFO - [2024-03-18T10:10:00.219+0200] {dagbag.py:540} INFO - Filling up the DagBag from /usr/local/lib/python3.8/site-packages/airflow/example_dags/example_task_group_decorator.py
[2024-03-18T10:10:00.269+0200] {processor.py:840} INFO - DAG(s) 'example_task_group_decorator' retrieved from /usr/local/lib/python3.8/site-packages/airflow/example_dags/example_task_group_decorator.py
[2024-03-18T10:10:00.449+0200] {logging_mixin.py:188} INFO - [2024-03-18T10:10:00.448+0200] {dag.py:3047} INFO - Sync 1 DAGs
[2024-03-18T10:10:00.470+0200] {logging_mixin.py:188} INFO - [2024-03-18T10:10:00.469+0200] {dag.py:3834} INFO - Setting next_dagrun for example_task_group_decorator to 2024-03-17 00:00:00+00:00, run_after=2024-03-18 00:00:00+00:00
[2024-03-18T10:10:00.502+0200] {processor.py:183} INFO - Processing /usr/local/lib/python3.8/site-packages/airflow/example_dags/example_task_group_decorator.py took 0.287 seconds
[2024-03-18T10:10:39.883+0200] {processor.py:161} INFO - Started process (PID=9141) to work on /usr/local/lib/python3.8/site-packages/airflow/example_dags/example_task_group_decorator.py
[2024-03-18T10:10:39.884+0200] {processor.py:830} INFO - Processing file /usr/local/lib/python3.8/site-packages/airflow/example_dags/example_task_group_decorator.py for tasks to queue
[2024-03-18T10:10:39.884+0200] {logging_mixin.py:188} INFO - [2024-03-18T10:10:39.884+0200] {dagbag.py:540} INFO - Filling up the DagBag from /usr/local/lib/python3.8/site-packages/airflow/example_dags/example_task_group_decorator.py
[2024-03-18T10:10:39.925+0200] {processor.py:840} INFO - DAG(s) 'example_task_group_decorator' retrieved from /usr/local/lib/python3.8/site-packages/airflow/example_dags/example_task_group_decorator.py
[2024-03-18T10:10:40.081+0200] {logging_mixin.py:188} INFO - [2024-03-18T10:10:40.081+0200] {dag.py:3047} INFO - Sync 1 DAGs
[2024-03-18T10:10:40.101+0200] {logging_mixin.py:188} INFO - [2024-03-18T10:10:40.101+0200] {dag.py:3834} INFO - Setting next_dagrun for example_task_group_decorator to 2024-03-17 00:00:00+00:00, run_after=2024-03-18 00:00:00+00:00
[2024-03-18T10:10:40.132+0200] {processor.py:183} INFO - Processing /usr/local/lib/python3.8/site-packages/airflow/example_dags/example_task_group_decorator.py took 0.250 seconds
[2024-03-18T10:11:28.724+0200] {processor.py:161} INFO - Started process (PID=9317) to work on /usr/local/lib/python3.8/site-packages/airflow/example_dags/example_task_group_decorator.py
[2024-03-18T10:11:28.725+0200] {processor.py:830} INFO - Processing file /usr/local/lib/python3.8/site-packages/airflow/example_dags/example_task_group_decorator.py for tasks to queue
[2024-03-18T10:11:28.726+0200] {logging_mixin.py:188} INFO - [2024-03-18T10:11:28.725+0200] {dagbag.py:540} INFO - Filling up the DagBag from /usr/local/lib/python3.8/site-packages/airflow/example_dags/example_task_group_decorator.py
[2024-03-18T10:11:28.777+0200] {processor.py:840} INFO - DAG(s) 'example_task_group_decorator' retrieved from /usr/local/lib/python3.8/site-packages/airflow/example_dags/example_task_group_decorator.py
[2024-03-18T10:11:28.978+0200] {logging_mixin.py:188} INFO - [2024-03-18T10:11:28.978+0200] {dag.py:3047} INFO - Sync 1 DAGs
[2024-03-18T10:11:29.002+0200] {logging_mixin.py:188} INFO - [2024-03-18T10:11:29.002+0200] {dag.py:3834} INFO - Setting next_dagrun for example_task_group_decorator to 2024-03-17 00:00:00+00:00, run_after=2024-03-18 00:00:00+00:00
[2024-03-18T10:11:29.037+0200] {processor.py:183} INFO - Processing /usr/local/lib/python3.8/site-packages/airflow/example_dags/example_task_group_decorator.py took 0.315 seconds
[2024-03-18T10:12:09.762+0200] {processor.py:161} INFO - Started process (PID=9475) to work on /usr/local/lib/python3.8/site-packages/airflow/example_dags/example_task_group_decorator.py
[2024-03-18T10:12:09.763+0200] {processor.py:830} INFO - Processing file /usr/local/lib/python3.8/site-packages/airflow/example_dags/example_task_group_decorator.py for tasks to queue
[2024-03-18T10:12:09.763+0200] {logging_mixin.py:188} INFO - [2024-03-18T10:12:09.763+0200] {dagbag.py:540} INFO - Filling up the DagBag from /usr/local/lib/python3.8/site-packages/airflow/example_dags/example_task_group_decorator.py
[2024-03-18T10:12:09.799+0200] {processor.py:840} INFO - DAG(s) 'example_task_group_decorator' retrieved from /usr/local/lib/python3.8/site-packages/airflow/example_dags/example_task_group_decorator.py
[2024-03-18T10:12:09.977+0200] {logging_mixin.py:188} INFO - [2024-03-18T10:12:09.976+0200] {dag.py:3047} INFO - Sync 1 DAGs
[2024-03-18T10:12:09.994+0200] {logging_mixin.py:188} INFO - [2024-03-18T10:12:09.994+0200] {dag.py:3834} INFO - Setting next_dagrun for example_task_group_decorator to 2024-03-17 00:00:00+00:00, run_after=2024-03-18 00:00:00+00:00
[2024-03-18T10:12:10.007+0200] {processor.py:183} INFO - Processing /usr/local/lib/python3.8/site-packages/airflow/example_dags/example_task_group_decorator.py took 0.247 seconds
[2024-03-18T10:12:53.381+0200] {processor.py:161} INFO - Started process (PID=9668) to work on /usr/local/lib/python3.8/site-packages/airflow/example_dags/example_task_group_decorator.py
[2024-03-18T10:12:53.381+0200] {processor.py:830} INFO - Processing file /usr/local/lib/python3.8/site-packages/airflow/example_dags/example_task_group_decorator.py for tasks to queue
[2024-03-18T10:12:53.382+0200] {logging_mixin.py:188} INFO - [2024-03-18T10:12:53.382+0200] {dagbag.py:540} INFO - Filling up the DagBag from /usr/local/lib/python3.8/site-packages/airflow/example_dags/example_task_group_decorator.py
[2024-03-18T10:12:53.420+0200] {processor.py:840} INFO - DAG(s) 'example_task_group_decorator' retrieved from /usr/local/lib/python3.8/site-packages/airflow/example_dags/example_task_group_decorator.py
[2024-03-18T10:12:53.575+0200] {logging_mixin.py:188} INFO - [2024-03-18T10:12:53.574+0200] {dag.py:3047} INFO - Sync 1 DAGs
[2024-03-18T10:12:53.592+0200] {logging_mixin.py:188} INFO - [2024-03-18T10:12:53.592+0200] {dag.py:3834} INFO - Setting next_dagrun for example_task_group_decorator to 2024-03-17 00:00:00+00:00, run_after=2024-03-18 00:00:00+00:00
[2024-03-18T10:12:53.604+0200] {processor.py:183} INFO - Processing /usr/local/lib/python3.8/site-packages/airflow/example_dags/example_task_group_decorator.py took 0.225 seconds
[2024-03-18T10:13:35.925+0200] {processor.py:161} INFO - Started process (PID=9924) to work on /usr/local/lib/python3.8/site-packages/airflow/example_dags/example_task_group_decorator.py
[2024-03-18T10:13:35.926+0200] {processor.py:830} INFO - Processing file /usr/local/lib/python3.8/site-packages/airflow/example_dags/example_task_group_decorator.py for tasks to queue
[2024-03-18T10:13:35.926+0200] {logging_mixin.py:188} INFO - [2024-03-18T10:13:35.926+0200] {dagbag.py:540} INFO - Filling up the DagBag from /usr/local/lib/python3.8/site-packages/airflow/example_dags/example_task_group_decorator.py
[2024-03-18T10:13:35.963+0200] {processor.py:840} INFO - DAG(s) 'example_task_group_decorator' retrieved from /usr/local/lib/python3.8/site-packages/airflow/example_dags/example_task_group_decorator.py
[2024-03-18T10:13:36.105+0200] {logging_mixin.py:188} INFO - [2024-03-18T10:13:36.105+0200] {dag.py:3047} INFO - Sync 1 DAGs
[2024-03-18T10:13:36.132+0200] {logging_mixin.py:188} INFO - [2024-03-18T10:13:36.132+0200] {dag.py:3834} INFO - Setting next_dagrun for example_task_group_decorator to 2024-03-17 00:00:00+00:00, run_after=2024-03-18 00:00:00+00:00
[2024-03-18T10:13:36.145+0200] {processor.py:183} INFO - Processing /usr/local/lib/python3.8/site-packages/airflow/example_dags/example_task_group_decorator.py took 0.221 seconds
[2024-03-18T10:14:20.589+0200] {processor.py:161} INFO - Started process (PID=10095) to work on /usr/local/lib/python3.8/site-packages/airflow/example_dags/example_task_group_decorator.py
[2024-03-18T10:14:20.590+0200] {processor.py:830} INFO - Processing file /usr/local/lib/python3.8/site-packages/airflow/example_dags/example_task_group_decorator.py for tasks to queue
[2024-03-18T10:14:20.590+0200] {logging_mixin.py:188} INFO - [2024-03-18T10:14:20.590+0200] {dagbag.py:540} INFO - Filling up the DagBag from /usr/local/lib/python3.8/site-packages/airflow/example_dags/example_task_group_decorator.py
[2024-03-18T10:14:20.627+0200] {processor.py:840} INFO - DAG(s) 'example_task_group_decorator' retrieved from /usr/local/lib/python3.8/site-packages/airflow/example_dags/example_task_group_decorator.py
[2024-03-18T10:14:20.779+0200] {logging_mixin.py:188} INFO - [2024-03-18T10:14:20.778+0200] {dag.py:3047} INFO - Sync 1 DAGs
[2024-03-18T10:14:20.799+0200] {logging_mixin.py:188} INFO - [2024-03-18T10:14:20.798+0200] {dag.py:3834} INFO - Setting next_dagrun for example_task_group_decorator to 2024-03-17 00:00:00+00:00, run_after=2024-03-18 00:00:00+00:00
[2024-03-18T10:14:20.830+0200] {processor.py:183} INFO - Processing /usr/local/lib/python3.8/site-packages/airflow/example_dags/example_task_group_decorator.py took 0.242 seconds
[2024-03-18T10:15:09.626+0200] {processor.py:161} INFO - Started process (PID=10279) to work on /usr/local/lib/python3.8/site-packages/airflow/example_dags/example_task_group_decorator.py
[2024-03-18T10:15:09.627+0200] {processor.py:830} INFO - Processing file /usr/local/lib/python3.8/site-packages/airflow/example_dags/example_task_group_decorator.py for tasks to queue
[2024-03-18T10:15:09.628+0200] {logging_mixin.py:188} INFO - [2024-03-18T10:15:09.628+0200] {dagbag.py:540} INFO - Filling up the DagBag from /usr/local/lib/python3.8/site-packages/airflow/example_dags/example_task_group_decorator.py
[2024-03-18T10:15:09.662+0200] {processor.py:840} INFO - DAG(s) 'example_task_group_decorator' retrieved from /usr/local/lib/python3.8/site-packages/airflow/example_dags/example_task_group_decorator.py
[2024-03-18T10:15:09.824+0200] {logging_mixin.py:188} INFO - [2024-03-18T10:15:09.823+0200] {dag.py:3047} INFO - Sync 1 DAGs
[2024-03-18T10:15:09.845+0200] {logging_mixin.py:188} INFO - [2024-03-18T10:15:09.845+0200] {dag.py:3834} INFO - Setting next_dagrun for example_task_group_decorator to 2024-03-17 00:00:00+00:00, run_after=2024-03-18 00:00:00+00:00
[2024-03-18T10:15:09.877+0200] {processor.py:183} INFO - Processing /usr/local/lib/python3.8/site-packages/airflow/example_dags/example_task_group_decorator.py took 0.252 seconds
[2024-03-18T10:15:48.485+0200] {processor.py:161} INFO - Started process (PID=10430) to work on /usr/local/lib/python3.8/site-packages/airflow/example_dags/example_task_group_decorator.py
[2024-03-18T10:15:48.486+0200] {processor.py:830} INFO - Processing file /usr/local/lib/python3.8/site-packages/airflow/example_dags/example_task_group_decorator.py for tasks to queue
[2024-03-18T10:15:48.487+0200] {logging_mixin.py:188} INFO - [2024-03-18T10:15:48.487+0200] {dagbag.py:540} INFO - Filling up the DagBag from /usr/local/lib/python3.8/site-packages/airflow/example_dags/example_task_group_decorator.py
[2024-03-18T10:15:48.528+0200] {processor.py:840} INFO - DAG(s) 'example_task_group_decorator' retrieved from /usr/local/lib/python3.8/site-packages/airflow/example_dags/example_task_group_decorator.py
[2024-03-18T10:15:48.689+0200] {logging_mixin.py:188} INFO - [2024-03-18T10:15:48.689+0200] {dag.py:3047} INFO - Sync 1 DAGs
[2024-03-18T10:15:48.721+0200] {logging_mixin.py:188} INFO - [2024-03-18T10:15:48.721+0200] {dag.py:3834} INFO - Setting next_dagrun for example_task_group_decorator to 2024-03-17 00:00:00+00:00, run_after=2024-03-18 00:00:00+00:00
[2024-03-18T10:15:48.734+0200] {processor.py:183} INFO - Processing /usr/local/lib/python3.8/site-packages/airflow/example_dags/example_task_group_decorator.py took 0.251 seconds
[2024-03-18T10:16:29.951+0200] {processor.py:161} INFO - Started process (PID=10601) to work on /usr/local/lib/python3.8/site-packages/airflow/example_dags/example_task_group_decorator.py
[2024-03-18T10:16:29.952+0200] {processor.py:830} INFO - Processing file /usr/local/lib/python3.8/site-packages/airflow/example_dags/example_task_group_decorator.py for tasks to queue
[2024-03-18T10:16:29.953+0200] {logging_mixin.py:188} INFO - [2024-03-18T10:16:29.952+0200] {dagbag.py:540} INFO - Filling up the DagBag from /usr/local/lib/python3.8/site-packages/airflow/example_dags/example_task_group_decorator.py
[2024-03-18T10:16:29.992+0200] {processor.py:840} INFO - DAG(s) 'example_task_group_decorator' retrieved from /usr/local/lib/python3.8/site-packages/airflow/example_dags/example_task_group_decorator.py
[2024-03-18T10:16:30.145+0200] {logging_mixin.py:188} INFO - [2024-03-18T10:16:30.144+0200] {dag.py:3047} INFO - Sync 1 DAGs
[2024-03-18T10:16:30.175+0200] {logging_mixin.py:188} INFO - [2024-03-18T10:16:30.175+0200] {dag.py:3834} INFO - Setting next_dagrun for example_task_group_decorator to 2024-03-17 00:00:00+00:00, run_after=2024-03-18 00:00:00+00:00
[2024-03-18T10:16:30.189+0200] {processor.py:183} INFO - Processing /usr/local/lib/python3.8/site-packages/airflow/example_dags/example_task_group_decorator.py took 0.240 seconds
[2024-03-18T10:17:08.912+0200] {processor.py:161} INFO - Started process (PID=10757) to work on /usr/local/lib/python3.8/site-packages/airflow/example_dags/example_task_group_decorator.py
[2024-03-18T10:17:08.913+0200] {processor.py:830} INFO - Processing file /usr/local/lib/python3.8/site-packages/airflow/example_dags/example_task_group_decorator.py for tasks to queue
[2024-03-18T10:17:08.913+0200] {logging_mixin.py:188} INFO - [2024-03-18T10:17:08.913+0200] {dagbag.py:540} INFO - Filling up the DagBag from /usr/local/lib/python3.8/site-packages/airflow/example_dags/example_task_group_decorator.py
[2024-03-18T10:17:08.961+0200] {processor.py:840} INFO - DAG(s) 'example_task_group_decorator' retrieved from /usr/local/lib/python3.8/site-packages/airflow/example_dags/example_task_group_decorator.py
[2024-03-18T10:17:09.165+0200] {logging_mixin.py:188} INFO - [2024-03-18T10:17:09.165+0200] {dag.py:3047} INFO - Sync 1 DAGs
[2024-03-18T10:17:09.184+0200] {logging_mixin.py:188} INFO - [2024-03-18T10:17:09.184+0200] {dag.py:3834} INFO - Setting next_dagrun for example_task_group_decorator to 2024-03-17 00:00:00+00:00, run_after=2024-03-18 00:00:00+00:00
[2024-03-18T10:17:09.215+0200] {processor.py:183} INFO - Processing /usr/local/lib/python3.8/site-packages/airflow/example_dags/example_task_group_decorator.py took 0.305 seconds
[2024-03-18T10:17:55.465+0200] {processor.py:161} INFO - Started process (PID=10923) to work on /usr/local/lib/python3.8/site-packages/airflow/example_dags/example_task_group_decorator.py
[2024-03-18T10:17:55.466+0200] {processor.py:830} INFO - Processing file /usr/local/lib/python3.8/site-packages/airflow/example_dags/example_task_group_decorator.py for tasks to queue
[2024-03-18T10:17:55.467+0200] {logging_mixin.py:188} INFO - [2024-03-18T10:17:55.467+0200] {dagbag.py:540} INFO - Filling up the DagBag from /usr/local/lib/python3.8/site-packages/airflow/example_dags/example_task_group_decorator.py
[2024-03-18T10:17:55.507+0200] {processor.py:840} INFO - DAG(s) 'example_task_group_decorator' retrieved from /usr/local/lib/python3.8/site-packages/airflow/example_dags/example_task_group_decorator.py
[2024-03-18T10:17:55.676+0200] {logging_mixin.py:188} INFO - [2024-03-18T10:17:55.675+0200] {dag.py:3047} INFO - Sync 1 DAGs
[2024-03-18T10:17:55.697+0200] {logging_mixin.py:188} INFO - [2024-03-18T10:17:55.696+0200] {dag.py:3834} INFO - Setting next_dagrun for example_task_group_decorator to 2024-03-17 00:00:00+00:00, run_after=2024-03-18 00:00:00+00:00
[2024-03-18T10:17:55.725+0200] {processor.py:183} INFO - Processing /usr/local/lib/python3.8/site-packages/airflow/example_dags/example_task_group_decorator.py took 0.262 seconds
[2024-03-18T10:18:36.528+0200] {processor.py:161} INFO - Started process (PID=11087) to work on /usr/local/lib/python3.8/site-packages/airflow/example_dags/example_task_group_decorator.py
[2024-03-18T10:18:36.529+0200] {processor.py:830} INFO - Processing file /usr/local/lib/python3.8/site-packages/airflow/example_dags/example_task_group_decorator.py for tasks to queue
[2024-03-18T10:18:36.530+0200] {logging_mixin.py:188} INFO - [2024-03-18T10:18:36.529+0200] {dagbag.py:540} INFO - Filling up the DagBag from /usr/local/lib/python3.8/site-packages/airflow/example_dags/example_task_group_decorator.py
[2024-03-18T10:18:36.571+0200] {processor.py:840} INFO - DAG(s) 'example_task_group_decorator' retrieved from /usr/local/lib/python3.8/site-packages/airflow/example_dags/example_task_group_decorator.py
[2024-03-18T10:18:36.762+0200] {logging_mixin.py:188} INFO - [2024-03-18T10:18:36.761+0200] {dag.py:3047} INFO - Sync 1 DAGs
[2024-03-18T10:18:36.786+0200] {logging_mixin.py:188} INFO - [2024-03-18T10:18:36.786+0200] {dag.py:3834} INFO - Setting next_dagrun for example_task_group_decorator to 2024-03-17 00:00:00+00:00, run_after=2024-03-18 00:00:00+00:00
[2024-03-18T10:18:36.822+0200] {processor.py:183} INFO - Processing /usr/local/lib/python3.8/site-packages/airflow/example_dags/example_task_group_decorator.py took 0.296 seconds
[2024-03-18T10:19:19.215+0200] {processor.py:161} INFO - Started process (PID=11252) to work on /usr/local/lib/python3.8/site-packages/airflow/example_dags/example_task_group_decorator.py
[2024-03-18T10:19:19.216+0200] {processor.py:830} INFO - Processing file /usr/local/lib/python3.8/site-packages/airflow/example_dags/example_task_group_decorator.py for tasks to queue
[2024-03-18T10:19:19.217+0200] {logging_mixin.py:188} INFO - [2024-03-18T10:19:19.217+0200] {dagbag.py:540} INFO - Filling up the DagBag from /usr/local/lib/python3.8/site-packages/airflow/example_dags/example_task_group_decorator.py
[2024-03-18T10:19:19.257+0200] {processor.py:840} INFO - DAG(s) 'example_task_group_decorator' retrieved from /usr/local/lib/python3.8/site-packages/airflow/example_dags/example_task_group_decorator.py
[2024-03-18T10:19:19.416+0200] {logging_mixin.py:188} INFO - [2024-03-18T10:19:19.416+0200] {dag.py:3047} INFO - Sync 1 DAGs
[2024-03-18T10:19:19.438+0200] {logging_mixin.py:188} INFO - [2024-03-18T10:19:19.438+0200] {dag.py:3834} INFO - Setting next_dagrun for example_task_group_decorator to 2024-03-17 00:00:00+00:00, run_after=2024-03-18 00:00:00+00:00
[2024-03-18T10:19:19.471+0200] {processor.py:183} INFO - Processing /usr/local/lib/python3.8/site-packages/airflow/example_dags/example_task_group_decorator.py took 0.258 seconds
[2024-03-18T10:19:58.240+0200] {processor.py:161} INFO - Started process (PID=11402) to work on /usr/local/lib/python3.8/site-packages/airflow/example_dags/example_task_group_decorator.py
[2024-03-18T10:19:58.242+0200] {processor.py:830} INFO - Processing file /usr/local/lib/python3.8/site-packages/airflow/example_dags/example_task_group_decorator.py for tasks to queue
[2024-03-18T10:19:58.243+0200] {logging_mixin.py:188} INFO - [2024-03-18T10:19:58.243+0200] {dagbag.py:540} INFO - Filling up the DagBag from /usr/local/lib/python3.8/site-packages/airflow/example_dags/example_task_group_decorator.py
[2024-03-18T10:19:58.288+0200] {processor.py:840} INFO - DAG(s) 'example_task_group_decorator' retrieved from /usr/local/lib/python3.8/site-packages/airflow/example_dags/example_task_group_decorator.py
[2024-03-18T10:19:58.477+0200] {logging_mixin.py:188} INFO - [2024-03-18T10:19:58.476+0200] {dag.py:3047} INFO - Sync 1 DAGs
[2024-03-18T10:19:58.512+0200] {logging_mixin.py:188} INFO - [2024-03-18T10:19:58.512+0200] {dag.py:3834} INFO - Setting next_dagrun for example_task_group_decorator to 2024-03-17 00:00:00+00:00, run_after=2024-03-18 00:00:00+00:00
[2024-03-18T10:19:58.527+0200] {processor.py:183} INFO - Processing /usr/local/lib/python3.8/site-packages/airflow/example_dags/example_task_group_decorator.py took 0.289 seconds
[2024-03-18T10:20:39.590+0200] {processor.py:161} INFO - Started process (PID=11570) to work on /usr/local/lib/python3.8/site-packages/airflow/example_dags/example_task_group_decorator.py
[2024-03-18T10:20:39.591+0200] {processor.py:830} INFO - Processing file /usr/local/lib/python3.8/site-packages/airflow/example_dags/example_task_group_decorator.py for tasks to queue
[2024-03-18T10:20:39.591+0200] {logging_mixin.py:188} INFO - [2024-03-18T10:20:39.591+0200] {dagbag.py:540} INFO - Filling up the DagBag from /usr/local/lib/python3.8/site-packages/airflow/example_dags/example_task_group_decorator.py
[2024-03-18T10:20:39.630+0200] {processor.py:840} INFO - DAG(s) 'example_task_group_decorator' retrieved from /usr/local/lib/python3.8/site-packages/airflow/example_dags/example_task_group_decorator.py
[2024-03-18T10:20:39.807+0200] {logging_mixin.py:188} INFO - [2024-03-18T10:20:39.806+0200] {dag.py:3047} INFO - Sync 1 DAGs
[2024-03-18T10:20:39.837+0200] {logging_mixin.py:188} INFO - [2024-03-18T10:20:39.837+0200] {dag.py:3834} INFO - Setting next_dagrun for example_task_group_decorator to 2024-03-17 00:00:00+00:00, run_after=2024-03-18 00:00:00+00:00
[2024-03-18T10:20:39.878+0200] {processor.py:183} INFO - Processing /usr/local/lib/python3.8/site-packages/airflow/example_dags/example_task_group_decorator.py took 0.290 seconds
[2024-03-18T10:22:11.996+0200] {processor.py:161} INFO - Started process (PID=11795) to work on /usr/local/lib/python3.8/site-packages/airflow/example_dags/example_task_group_decorator.py
[2024-03-18T10:22:11.999+0200] {processor.py:830} INFO - Processing file /usr/local/lib/python3.8/site-packages/airflow/example_dags/example_task_group_decorator.py for tasks to queue
[2024-03-18T10:22:12.000+0200] {logging_mixin.py:188} INFO - [2024-03-18T10:22:12.000+0200] {dagbag.py:540} INFO - Filling up the DagBag from /usr/local/lib/python3.8/site-packages/airflow/example_dags/example_task_group_decorator.py
[2024-03-18T10:22:12.054+0200] {processor.py:840} INFO - DAG(s) 'example_task_group_decorator' retrieved from /usr/local/lib/python3.8/site-packages/airflow/example_dags/example_task_group_decorator.py
[2024-03-18T10:23:53.632+0200] {processor.py:161} INFO - Started process (PID=12017) to work on /usr/local/lib/python3.8/site-packages/airflow/example_dags/example_task_group_decorator.py
[2024-03-18T10:23:53.633+0200] {processor.py:830} INFO - Processing file /usr/local/lib/python3.8/site-packages/airflow/example_dags/example_task_group_decorator.py for tasks to queue
[2024-03-18T10:23:53.634+0200] {logging_mixin.py:188} INFO - [2024-03-18T10:23:53.634+0200] {dagbag.py:540} INFO - Filling up the DagBag from /usr/local/lib/python3.8/site-packages/airflow/example_dags/example_task_group_decorator.py
[2024-03-18T10:23:53.696+0200] {processor.py:840} INFO - DAG(s) 'example_task_group_decorator' retrieved from /usr/local/lib/python3.8/site-packages/airflow/example_dags/example_task_group_decorator.py
[2024-03-18T10:23:54.006+0200] {logging_mixin.py:188} INFO - [2024-03-18T10:23:54.006+0200] {dag.py:3047} INFO - Sync 1 DAGs
[2024-03-18T10:23:54.037+0200] {logging_mixin.py:188} INFO - [2024-03-18T10:23:54.036+0200] {dag.py:3834} INFO - Setting next_dagrun for example_task_group_decorator to 2024-03-17 00:00:00+00:00, run_after=2024-03-18 00:00:00+00:00
[2024-03-18T10:23:54.064+0200] {processor.py:183} INFO - Processing /usr/local/lib/python3.8/site-packages/airflow/example_dags/example_task_group_decorator.py took 0.434 seconds
[2024-03-18T10:24:46.071+0200] {processor.py:161} INFO - Started process (PID=12233) to work on /usr/local/lib/python3.8/site-packages/airflow/example_dags/example_task_group_decorator.py
[2024-03-18T10:24:46.072+0200] {processor.py:830} INFO - Processing file /usr/local/lib/python3.8/site-packages/airflow/example_dags/example_task_group_decorator.py for tasks to queue
[2024-03-18T10:24:46.074+0200] {logging_mixin.py:188} INFO - [2024-03-18T10:24:46.073+0200] {dagbag.py:540} INFO - Filling up the DagBag from /usr/local/lib/python3.8/site-packages/airflow/example_dags/example_task_group_decorator.py
[2024-03-18T10:24:46.131+0200] {processor.py:840} INFO - DAG(s) 'example_task_group_decorator' retrieved from /usr/local/lib/python3.8/site-packages/airflow/example_dags/example_task_group_decorator.py
[2024-03-18T10:24:46.430+0200] {logging_mixin.py:188} INFO - [2024-03-18T10:24:46.430+0200] {dag.py:3047} INFO - Sync 1 DAGs
[2024-03-18T10:24:46.470+0200] {logging_mixin.py:188} INFO - [2024-03-18T10:24:46.469+0200] {dag.py:3834} INFO - Setting next_dagrun for example_task_group_decorator to 2024-03-17 00:00:00+00:00, run_after=2024-03-18 00:00:00+00:00
[2024-03-18T10:24:46.491+0200] {processor.py:183} INFO - Processing /usr/local/lib/python3.8/site-packages/airflow/example_dags/example_task_group_decorator.py took 0.355 seconds
[2024-03-18T10:25:41.160+0200] {processor.py:161} INFO - Started process (PID=12493) to work on /usr/local/lib/python3.8/site-packages/airflow/example_dags/example_task_group_decorator.py
[2024-03-18T10:25:41.161+0200] {processor.py:830} INFO - Processing file /usr/local/lib/python3.8/site-packages/airflow/example_dags/example_task_group_decorator.py for tasks to queue
[2024-03-18T10:25:41.162+0200] {logging_mixin.py:188} INFO - [2024-03-18T10:25:41.162+0200] {dagbag.py:540} INFO - Filling up the DagBag from /usr/local/lib/python3.8/site-packages/airflow/example_dags/example_task_group_decorator.py
[2024-03-18T10:25:41.213+0200] {processor.py:840} INFO - DAG(s) 'example_task_group_decorator' retrieved from /usr/local/lib/python3.8/site-packages/airflow/example_dags/example_task_group_decorator.py
[2024-03-18T10:25:41.414+0200] {logging_mixin.py:188} INFO - [2024-03-18T10:25:41.413+0200] {dag.py:3047} INFO - Sync 1 DAGs
[2024-03-18T10:25:41.436+0200] {logging_mixin.py:188} INFO - [2024-03-18T10:25:41.435+0200] {dag.py:3834} INFO - Setting next_dagrun for example_task_group_decorator to 2024-03-17 00:00:00+00:00, run_after=2024-03-18 00:00:00+00:00
[2024-03-18T10:25:41.469+0200] {processor.py:183} INFO - Processing /usr/local/lib/python3.8/site-packages/airflow/example_dags/example_task_group_decorator.py took 0.311 seconds
[2024-03-18T10:26:42.574+0200] {processor.py:161} INFO - Started process (PID=13037) to work on /usr/local/lib/python3.8/site-packages/airflow/example_dags/example_task_group_decorator.py
[2024-03-18T10:26:42.575+0200] {processor.py:830} INFO - Processing file /usr/local/lib/python3.8/site-packages/airflow/example_dags/example_task_group_decorator.py for tasks to queue
[2024-03-18T10:26:42.576+0200] {logging_mixin.py:188} INFO - [2024-03-18T10:26:42.576+0200] {dagbag.py:540} INFO - Filling up the DagBag from /usr/local/lib/python3.8/site-packages/airflow/example_dags/example_task_group_decorator.py
[2024-03-18T10:26:42.621+0200] {processor.py:840} INFO - DAG(s) 'example_task_group_decorator' retrieved from /usr/local/lib/python3.8/site-packages/airflow/example_dags/example_task_group_decorator.py
[2024-03-18T10:26:42.668+0200] {logging_mixin.py:188} INFO - [2024-03-18T10:26:42.668+0200] {dag.py:3047} INFO - Sync 1 DAGs
[2024-03-18T10:26:42.840+0200] {logging_mixin.py:188} INFO - [2024-03-18T10:26:42.840+0200] {dag.py:3834} INFO - Setting next_dagrun for example_task_group_decorator to 2024-03-17 00:00:00+00:00, run_after=2024-03-18 00:00:00+00:00
[2024-03-18T10:26:42.876+0200] {processor.py:183} INFO - Processing /usr/local/lib/python3.8/site-packages/airflow/example_dags/example_task_group_decorator.py took 0.304 seconds
[2024-03-18T10:27:33.613+0200] {processor.py:161} INFO - Started process (PID=13345) to work on /usr/local/lib/python3.8/site-packages/airflow/example_dags/example_task_group_decorator.py
[2024-03-18T10:27:33.614+0200] {processor.py:830} INFO - Processing file /usr/local/lib/python3.8/site-packages/airflow/example_dags/example_task_group_decorator.py for tasks to queue
[2024-03-18T10:27:33.615+0200] {logging_mixin.py:188} INFO - [2024-03-18T10:27:33.614+0200] {dagbag.py:540} INFO - Filling up the DagBag from /usr/local/lib/python3.8/site-packages/airflow/example_dags/example_task_group_decorator.py
[2024-03-18T10:27:33.663+0200] {processor.py:840} INFO - DAG(s) 'example_task_group_decorator' retrieved from /usr/local/lib/python3.8/site-packages/airflow/example_dags/example_task_group_decorator.py
[2024-03-18T10:27:33.974+0200] {logging_mixin.py:188} INFO - [2024-03-18T10:27:33.973+0200] {dag.py:3047} INFO - Sync 1 DAGs
[2024-03-18T10:27:33.993+0200] {logging_mixin.py:188} INFO - [2024-03-18T10:27:33.993+0200] {dag.py:3834} INFO - Setting next_dagrun for example_task_group_decorator to 2024-03-17 00:00:00+00:00, run_after=2024-03-18 00:00:00+00:00
[2024-03-18T10:27:34.027+0200] {processor.py:183} INFO - Processing /usr/local/lib/python3.8/site-packages/airflow/example_dags/example_task_group_decorator.py took 0.417 seconds
[2024-03-18T10:28:20.105+0200] {processor.py:161} INFO - Started process (PID=13513) to work on /usr/local/lib/python3.8/site-packages/airflow/example_dags/example_task_group_decorator.py
[2024-03-18T10:28:20.106+0200] {processor.py:830} INFO - Processing file /usr/local/lib/python3.8/site-packages/airflow/example_dags/example_task_group_decorator.py for tasks to queue
[2024-03-18T10:28:20.107+0200] {logging_mixin.py:188} INFO - [2024-03-18T10:28:20.107+0200] {dagbag.py:540} INFO - Filling up the DagBag from /usr/local/lib/python3.8/site-packages/airflow/example_dags/example_task_group_decorator.py
[2024-03-18T10:28:20.153+0200] {processor.py:840} INFO - DAG(s) 'example_task_group_decorator' retrieved from /usr/local/lib/python3.8/site-packages/airflow/example_dags/example_task_group_decorator.py
[2024-03-18T10:28:20.316+0200] {logging_mixin.py:188} INFO - [2024-03-18T10:28:20.316+0200] {dag.py:3047} INFO - Sync 1 DAGs
[2024-03-18T10:28:20.337+0200] {logging_mixin.py:188} INFO - [2024-03-18T10:28:20.337+0200] {dag.py:3834} INFO - Setting next_dagrun for example_task_group_decorator to 2024-03-17 00:00:00+00:00, run_after=2024-03-18 00:00:00+00:00
[2024-03-18T10:28:20.370+0200] {processor.py:183} INFO - Processing /usr/local/lib/python3.8/site-packages/airflow/example_dags/example_task_group_decorator.py took 0.267 seconds
[2024-03-18T10:29:04.047+0200] {processor.py:161} INFO - Started process (PID=13682) to work on /usr/local/lib/python3.8/site-packages/airflow/example_dags/example_task_group_decorator.py
[2024-03-18T10:29:04.048+0200] {processor.py:830} INFO - Processing file /usr/local/lib/python3.8/site-packages/airflow/example_dags/example_task_group_decorator.py for tasks to queue
[2024-03-18T10:29:04.049+0200] {logging_mixin.py:188} INFO - [2024-03-18T10:29:04.049+0200] {dagbag.py:540} INFO - Filling up the DagBag from /usr/local/lib/python3.8/site-packages/airflow/example_dags/example_task_group_decorator.py
[2024-03-18T10:29:04.084+0200] {processor.py:840} INFO - DAG(s) 'example_task_group_decorator' retrieved from /usr/local/lib/python3.8/site-packages/airflow/example_dags/example_task_group_decorator.py
[2024-03-18T10:29:04.260+0200] {logging_mixin.py:188} INFO - [2024-03-18T10:29:04.260+0200] {dag.py:3047} INFO - Sync 1 DAGs
[2024-03-18T10:29:04.280+0200] {logging_mixin.py:188} INFO - [2024-03-18T10:29:04.280+0200] {dag.py:3834} INFO - Setting next_dagrun for example_task_group_decorator to 2024-03-17 00:00:00+00:00, run_after=2024-03-18 00:00:00+00:00
[2024-03-18T10:29:04.310+0200] {processor.py:183} INFO - Processing /usr/local/lib/python3.8/site-packages/airflow/example_dags/example_task_group_decorator.py took 0.265 seconds
[2024-03-18T10:29:46.562+0200] {processor.py:161} INFO - Started process (PID=13837) to work on /usr/local/lib/python3.8/site-packages/airflow/example_dags/example_task_group_decorator.py
[2024-03-18T10:29:46.563+0200] {processor.py:830} INFO - Processing file /usr/local/lib/python3.8/site-packages/airflow/example_dags/example_task_group_decorator.py for tasks to queue
[2024-03-18T10:29:46.564+0200] {logging_mixin.py:188} INFO - [2024-03-18T10:29:46.563+0200] {dagbag.py:540} INFO - Filling up the DagBag from /usr/local/lib/python3.8/site-packages/airflow/example_dags/example_task_group_decorator.py
[2024-03-18T10:29:46.604+0200] {processor.py:840} INFO - DAG(s) 'example_task_group_decorator' retrieved from /usr/local/lib/python3.8/site-packages/airflow/example_dags/example_task_group_decorator.py
[2024-03-18T10:29:46.770+0200] {logging_mixin.py:188} INFO - [2024-03-18T10:29:46.769+0200] {dag.py:3047} INFO - Sync 1 DAGs
[2024-03-18T10:29:46.791+0200] {logging_mixin.py:188} INFO - [2024-03-18T10:29:46.791+0200] {dag.py:3834} INFO - Setting next_dagrun for example_task_group_decorator to 2024-03-17 00:00:00+00:00, run_after=2024-03-18 00:00:00+00:00
[2024-03-18T10:29:46.823+0200] {processor.py:183} INFO - Processing /usr/local/lib/python3.8/site-packages/airflow/example_dags/example_task_group_decorator.py took 0.263 seconds
[2024-03-18T10:30:31.543+0200] {processor.py:161} INFO - Started process (PID=14004) to work on /usr/local/lib/python3.8/site-packages/airflow/example_dags/example_task_group_decorator.py
[2024-03-18T10:30:31.544+0200] {processor.py:830} INFO - Processing file /usr/local/lib/python3.8/site-packages/airflow/example_dags/example_task_group_decorator.py for tasks to queue
[2024-03-18T10:30:31.544+0200] {logging_mixin.py:188} INFO - [2024-03-18T10:30:31.544+0200] {dagbag.py:540} INFO - Filling up the DagBag from /usr/local/lib/python3.8/site-packages/airflow/example_dags/example_task_group_decorator.py
[2024-03-18T10:30:31.593+0200] {processor.py:840} INFO - DAG(s) 'example_task_group_decorator' retrieved from /usr/local/lib/python3.8/site-packages/airflow/example_dags/example_task_group_decorator.py
[2024-03-18T10:30:31.767+0200] {logging_mixin.py:188} INFO - [2024-03-18T10:30:31.767+0200] {dag.py:3047} INFO - Sync 1 DAGs
[2024-03-18T10:30:31.787+0200] {logging_mixin.py:188} INFO - [2024-03-18T10:30:31.787+0200] {dag.py:3834} INFO - Setting next_dagrun for example_task_group_decorator to 2024-03-17 00:00:00+00:00, run_after=2024-03-18 00:00:00+00:00
[2024-03-18T10:30:31.818+0200] {processor.py:183} INFO - Processing /usr/local/lib/python3.8/site-packages/airflow/example_dags/example_task_group_decorator.py took 0.277 seconds
[2024-03-18T10:31:11.506+0200] {processor.py:161} INFO - Started process (PID=14164) to work on /usr/local/lib/python3.8/site-packages/airflow/example_dags/example_task_group_decorator.py
[2024-03-18T10:31:11.507+0200] {processor.py:830} INFO - Processing file /usr/local/lib/python3.8/site-packages/airflow/example_dags/example_task_group_decorator.py for tasks to queue
[2024-03-18T10:31:11.507+0200] {logging_mixin.py:188} INFO - [2024-03-18T10:31:11.507+0200] {dagbag.py:540} INFO - Filling up the DagBag from /usr/local/lib/python3.8/site-packages/airflow/example_dags/example_task_group_decorator.py
[2024-03-18T10:31:11.549+0200] {processor.py:840} INFO - DAG(s) 'example_task_group_decorator' retrieved from /usr/local/lib/python3.8/site-packages/airflow/example_dags/example_task_group_decorator.py
[2024-03-18T10:31:11.709+0200] {logging_mixin.py:188} INFO - [2024-03-18T10:31:11.709+0200] {dag.py:3047} INFO - Sync 1 DAGs
[2024-03-18T10:31:11.733+0200] {logging_mixin.py:188} INFO - [2024-03-18T10:31:11.733+0200] {dag.py:3834} INFO - Setting next_dagrun for example_task_group_decorator to 2024-03-17 00:00:00+00:00, run_after=2024-03-18 00:00:00+00:00
[2024-03-18T10:31:11.769+0200] {processor.py:183} INFO - Processing /usr/local/lib/python3.8/site-packages/airflow/example_dags/example_task_group_decorator.py took 0.264 seconds
[2024-03-18T10:31:52.898+0200] {processor.py:161} INFO - Started process (PID=14337) to work on /usr/local/lib/python3.8/site-packages/airflow/example_dags/example_task_group_decorator.py
[2024-03-18T10:31:52.899+0200] {processor.py:830} INFO - Processing file /usr/local/lib/python3.8/site-packages/airflow/example_dags/example_task_group_decorator.py for tasks to queue
[2024-03-18T10:31:52.899+0200] {logging_mixin.py:188} INFO - [2024-03-18T10:31:52.899+0200] {dagbag.py:540} INFO - Filling up the DagBag from /usr/local/lib/python3.8/site-packages/airflow/example_dags/example_task_group_decorator.py
[2024-03-18T10:31:52.941+0200] {processor.py:840} INFO - DAG(s) 'example_task_group_decorator' retrieved from /usr/local/lib/python3.8/site-packages/airflow/example_dags/example_task_group_decorator.py
[2024-03-18T10:31:53.108+0200] {logging_mixin.py:188} INFO - [2024-03-18T10:31:53.107+0200] {dag.py:3047} INFO - Sync 1 DAGs
[2024-03-18T10:31:53.128+0200] {logging_mixin.py:188} INFO - [2024-03-18T10:31:53.127+0200] {dag.py:3834} INFO - Setting next_dagrun for example_task_group_decorator to 2024-03-17 00:00:00+00:00, run_after=2024-03-18 00:00:00+00:00
[2024-03-18T10:31:53.160+0200] {processor.py:183} INFO - Processing /usr/local/lib/python3.8/site-packages/airflow/example_dags/example_task_group_decorator.py took 0.263 seconds
