[2024-03-18T09:42:32.811+0200] {processor.py:161} INFO - Started process (PID=1694) to work on /usr/local/lib/python3.8/site-packages/airflow/example_dags/example_kubernetes_executor.py
[2024-03-18T09:42:32.812+0200] {processor.py:830} INFO - Processing file /usr/local/lib/python3.8/site-packages/airflow/example_dags/example_kubernetes_executor.py for tasks to queue
[2024-03-18T09:42:32.812+0200] {logging_mixin.py:188} INFO - [2024-03-18T09:42:32.812+0200] {dagbag.py:540} INFO - Filling up the DagBag from /usr/local/lib/python3.8/site-packages/airflow/example_dags/example_kubernetes_executor.py
[2024-03-18T09:42:32.848+0200] {logging_mixin.py:188} INFO - [2024-03-18T09:42:32.848+0200] {example_kubernetes_executor.py:38} WARNING - The example_kubernetes_executor example DAG requires the kubernetes provider. Please install it with: pip install apache-airflow[cncf.kubernetes]
[2024-03-18T09:42:32.848+0200] {processor.py:842} WARNING - No viable dags retrieved from /usr/local/lib/python3.8/site-packages/airflow/example_dags/example_kubernetes_executor.py
[2024-03-18T09:42:33.014+0200] {processor.py:183} INFO - Processing /usr/local/lib/python3.8/site-packages/airflow/example_dags/example_kubernetes_executor.py took 0.205 seconds
[2024-03-18T09:43:20.528+0200] {processor.py:161} INFO - Started process (PID=1896) to work on /usr/local/lib/python3.8/site-packages/airflow/example_dags/example_kubernetes_executor.py
[2024-03-18T09:43:20.530+0200] {processor.py:830} INFO - Processing file /usr/local/lib/python3.8/site-packages/airflow/example_dags/example_kubernetes_executor.py for tasks to queue
[2024-03-18T09:43:20.531+0200] {logging_mixin.py:188} INFO - [2024-03-18T09:43:20.530+0200] {dagbag.py:540} INFO - Filling up the DagBag from /usr/local/lib/python3.8/site-packages/airflow/example_dags/example_kubernetes_executor.py
[2024-03-18T09:43:20.562+0200] {logging_mixin.py:188} INFO - [2024-03-18T09:43:20.561+0200] {example_kubernetes_executor.py:38} WARNING - The example_kubernetes_executor example DAG requires the kubernetes provider. Please install it with: pip install apache-airflow[cncf.kubernetes]
[2024-03-18T09:43:20.562+0200] {processor.py:842} WARNING - No viable dags retrieved from /usr/local/lib/python3.8/site-packages/airflow/example_dags/example_kubernetes_executor.py
[2024-03-18T09:43:20.738+0200] {processor.py:183} INFO - Processing /usr/local/lib/python3.8/site-packages/airflow/example_dags/example_kubernetes_executor.py took 0.212 seconds
[2024-03-18T09:44:09.371+0200] {processor.py:161} INFO - Started process (PID=2109) to work on /usr/local/lib/python3.8/site-packages/airflow/example_dags/example_kubernetes_executor.py
[2024-03-18T09:44:09.372+0200] {processor.py:830} INFO - Processing file /usr/local/lib/python3.8/site-packages/airflow/example_dags/example_kubernetes_executor.py for tasks to queue
[2024-03-18T09:44:09.372+0200] {logging_mixin.py:188} INFO - [2024-03-18T09:44:09.372+0200] {dagbag.py:540} INFO - Filling up the DagBag from /usr/local/lib/python3.8/site-packages/airflow/example_dags/example_kubernetes_executor.py
[2024-03-18T09:44:09.402+0200] {logging_mixin.py:188} INFO - [2024-03-18T09:44:09.402+0200] {example_kubernetes_executor.py:38} WARNING - The example_kubernetes_executor example DAG requires the kubernetes provider. Please install it with: pip install apache-airflow[cncf.kubernetes]
[2024-03-18T09:44:09.402+0200] {processor.py:842} WARNING - No viable dags retrieved from /usr/local/lib/python3.8/site-packages/airflow/example_dags/example_kubernetes_executor.py
[2024-03-18T09:44:09.530+0200] {processor.py:183} INFO - Processing /usr/local/lib/python3.8/site-packages/airflow/example_dags/example_kubernetes_executor.py took 0.161 seconds
[2024-03-18T09:44:57.673+0200] {processor.py:161} INFO - Started process (PID=2305) to work on /usr/local/lib/python3.8/site-packages/airflow/example_dags/example_kubernetes_executor.py
[2024-03-18T09:44:57.675+0200] {processor.py:830} INFO - Processing file /usr/local/lib/python3.8/site-packages/airflow/example_dags/example_kubernetes_executor.py for tasks to queue
[2024-03-18T09:44:57.676+0200] {logging_mixin.py:188} INFO - [2024-03-18T09:44:57.675+0200] {dagbag.py:540} INFO - Filling up the DagBag from /usr/local/lib/python3.8/site-packages/airflow/example_dags/example_kubernetes_executor.py
[2024-03-18T09:44:57.710+0200] {logging_mixin.py:188} INFO - [2024-03-18T09:44:57.710+0200] {example_kubernetes_executor.py:38} WARNING - The example_kubernetes_executor example DAG requires the kubernetes provider. Please install it with: pip install apache-airflow[cncf.kubernetes]
[2024-03-18T09:44:57.710+0200] {processor.py:842} WARNING - No viable dags retrieved from /usr/local/lib/python3.8/site-packages/airflow/example_dags/example_kubernetes_executor.py
[2024-03-18T09:44:57.860+0200] {processor.py:183} INFO - Processing /usr/local/lib/python3.8/site-packages/airflow/example_dags/example_kubernetes_executor.py took 0.188 seconds
[2024-03-18T09:45:49.236+0200] {processor.py:161} INFO - Started process (PID=2595) to work on /usr/local/lib/python3.8/site-packages/airflow/example_dags/example_kubernetes_executor.py
[2024-03-18T09:45:49.237+0200] {processor.py:830} INFO - Processing file /usr/local/lib/python3.8/site-packages/airflow/example_dags/example_kubernetes_executor.py for tasks to queue
[2024-03-18T09:45:49.238+0200] {logging_mixin.py:188} INFO - [2024-03-18T09:45:49.238+0200] {dagbag.py:540} INFO - Filling up the DagBag from /usr/local/lib/python3.8/site-packages/airflow/example_dags/example_kubernetes_executor.py
[2024-03-18T09:45:49.271+0200] {logging_mixin.py:188} INFO - [2024-03-18T09:45:49.270+0200] {example_kubernetes_executor.py:38} WARNING - The example_kubernetes_executor example DAG requires the kubernetes provider. Please install it with: pip install apache-airflow[cncf.kubernetes]
[2024-03-18T09:45:49.271+0200] {processor.py:842} WARNING - No viable dags retrieved from /usr/local/lib/python3.8/site-packages/airflow/example_dags/example_kubernetes_executor.py
[2024-03-18T09:45:49.436+0200] {processor.py:183} INFO - Processing /usr/local/lib/python3.8/site-packages/airflow/example_dags/example_kubernetes_executor.py took 0.201 seconds
[2024-03-18T09:46:42.878+0200] {processor.py:161} INFO - Started process (PID=2894) to work on /usr/local/lib/python3.8/site-packages/airflow/example_dags/example_kubernetes_executor.py
[2024-03-18T09:46:42.879+0200] {processor.py:830} INFO - Processing file /usr/local/lib/python3.8/site-packages/airflow/example_dags/example_kubernetes_executor.py for tasks to queue
[2024-03-18T09:46:42.879+0200] {logging_mixin.py:188} INFO - [2024-03-18T09:46:42.879+0200] {dagbag.py:540} INFO - Filling up the DagBag from /usr/local/lib/python3.8/site-packages/airflow/example_dags/example_kubernetes_executor.py
[2024-03-18T09:46:42.911+0200] {logging_mixin.py:188} INFO - [2024-03-18T09:46:42.911+0200] {example_kubernetes_executor.py:38} WARNING - The example_kubernetes_executor example DAG requires the kubernetes provider. Please install it with: pip install apache-airflow[cncf.kubernetes]
[2024-03-18T09:46:42.911+0200] {processor.py:842} WARNING - No viable dags retrieved from /usr/local/lib/python3.8/site-packages/airflow/example_dags/example_kubernetes_executor.py
[2024-03-18T09:46:43.242+0200] {processor.py:183} INFO - Processing /usr/local/lib/python3.8/site-packages/airflow/example_dags/example_kubernetes_executor.py took 0.366 seconds
[2024-03-18T09:47:24.087+0200] {processor.py:161} INFO - Started process (PID=3051) to work on /usr/local/lib/python3.8/site-packages/airflow/example_dags/example_kubernetes_executor.py
[2024-03-18T09:47:24.088+0200] {processor.py:830} INFO - Processing file /usr/local/lib/python3.8/site-packages/airflow/example_dags/example_kubernetes_executor.py for tasks to queue
[2024-03-18T09:47:24.089+0200] {logging_mixin.py:188} INFO - [2024-03-18T09:47:24.089+0200] {dagbag.py:540} INFO - Filling up the DagBag from /usr/local/lib/python3.8/site-packages/airflow/example_dags/example_kubernetes_executor.py
[2024-03-18T09:47:24.120+0200] {logging_mixin.py:188} INFO - [2024-03-18T09:47:24.120+0200] {example_kubernetes_executor.py:38} WARNING - The example_kubernetes_executor example DAG requires the kubernetes provider. Please install it with: pip install apache-airflow[cncf.kubernetes]
[2024-03-18T09:47:24.120+0200] {processor.py:842} WARNING - No viable dags retrieved from /usr/local/lib/python3.8/site-packages/airflow/example_dags/example_kubernetes_executor.py
[2024-03-18T09:47:24.284+0200] {processor.py:183} INFO - Processing /usr/local/lib/python3.8/site-packages/airflow/example_dags/example_kubernetes_executor.py took 0.198 seconds
[2024-03-18T09:48:12.367+0200] {processor.py:161} INFO - Started process (PID=3231) to work on /usr/local/lib/python3.8/site-packages/airflow/example_dags/example_kubernetes_executor.py
[2024-03-18T09:48:12.368+0200] {processor.py:830} INFO - Processing file /usr/local/lib/python3.8/site-packages/airflow/example_dags/example_kubernetes_executor.py for tasks to queue
[2024-03-18T09:48:12.368+0200] {logging_mixin.py:188} INFO - [2024-03-18T09:48:12.368+0200] {dagbag.py:540} INFO - Filling up the DagBag from /usr/local/lib/python3.8/site-packages/airflow/example_dags/example_kubernetes_executor.py
[2024-03-18T09:48:12.403+0200] {logging_mixin.py:188} INFO - [2024-03-18T09:48:12.403+0200] {example_kubernetes_executor.py:38} WARNING - The example_kubernetes_executor example DAG requires the kubernetes provider. Please install it with: pip install apache-airflow[cncf.kubernetes]
[2024-03-18T09:48:12.403+0200] {processor.py:842} WARNING - No viable dags retrieved from /usr/local/lib/python3.8/site-packages/airflow/example_dags/example_kubernetes_executor.py
[2024-03-18T09:48:12.563+0200] {processor.py:183} INFO - Processing /usr/local/lib/python3.8/site-packages/airflow/example_dags/example_kubernetes_executor.py took 0.198 seconds
[2024-03-18T09:48:57.472+0200] {processor.py:161} INFO - Started process (PID=3399) to work on /usr/local/lib/python3.8/site-packages/airflow/example_dags/example_kubernetes_executor.py
[2024-03-18T09:48:57.473+0200] {processor.py:830} INFO - Processing file /usr/local/lib/python3.8/site-packages/airflow/example_dags/example_kubernetes_executor.py for tasks to queue
[2024-03-18T09:48:57.474+0200] {logging_mixin.py:188} INFO - [2024-03-18T09:48:57.474+0200] {dagbag.py:540} INFO - Filling up the DagBag from /usr/local/lib/python3.8/site-packages/airflow/example_dags/example_kubernetes_executor.py
[2024-03-18T09:48:57.503+0200] {logging_mixin.py:188} INFO - [2024-03-18T09:48:57.503+0200] {example_kubernetes_executor.py:38} WARNING - The example_kubernetes_executor example DAG requires the kubernetes provider. Please install it with: pip install apache-airflow[cncf.kubernetes]
[2024-03-18T09:48:57.504+0200] {processor.py:842} WARNING - No viable dags retrieved from /usr/local/lib/python3.8/site-packages/airflow/example_dags/example_kubernetes_executor.py
[2024-03-18T09:48:57.661+0200] {processor.py:183} INFO - Processing /usr/local/lib/python3.8/site-packages/airflow/example_dags/example_kubernetes_executor.py took 0.190 seconds
[2024-03-18T09:49:43.866+0200] {processor.py:161} INFO - Started process (PID=3588) to work on /usr/local/lib/python3.8/site-packages/airflow/example_dags/example_kubernetes_executor.py
[2024-03-18T09:49:43.868+0200] {processor.py:830} INFO - Processing file /usr/local/lib/python3.8/site-packages/airflow/example_dags/example_kubernetes_executor.py for tasks to queue
[2024-03-18T09:49:43.868+0200] {logging_mixin.py:188} INFO - [2024-03-18T09:49:43.868+0200] {dagbag.py:540} INFO - Filling up the DagBag from /usr/local/lib/python3.8/site-packages/airflow/example_dags/example_kubernetes_executor.py
[2024-03-18T09:49:43.904+0200] {logging_mixin.py:188} INFO - [2024-03-18T09:49:43.904+0200] {example_kubernetes_executor.py:38} WARNING - The example_kubernetes_executor example DAG requires the kubernetes provider. Please install it with: pip install apache-airflow[cncf.kubernetes]
[2024-03-18T09:49:43.904+0200] {processor.py:842} WARNING - No viable dags retrieved from /usr/local/lib/python3.8/site-packages/airflow/example_dags/example_kubernetes_executor.py
[2024-03-18T09:49:44.058+0200] {processor.py:183} INFO - Processing /usr/local/lib/python3.8/site-packages/airflow/example_dags/example_kubernetes_executor.py took 0.193 seconds
[2024-03-18T09:50:27.984+0200] {processor.py:161} INFO - Started process (PID=3761) to work on /usr/local/lib/python3.8/site-packages/airflow/example_dags/example_kubernetes_executor.py
[2024-03-18T09:50:27.985+0200] {processor.py:830} INFO - Processing file /usr/local/lib/python3.8/site-packages/airflow/example_dags/example_kubernetes_executor.py for tasks to queue
[2024-03-18T09:50:27.985+0200] {logging_mixin.py:188} INFO - [2024-03-18T09:50:27.985+0200] {dagbag.py:540} INFO - Filling up the DagBag from /usr/local/lib/python3.8/site-packages/airflow/example_dags/example_kubernetes_executor.py
[2024-03-18T09:50:28.010+0200] {logging_mixin.py:188} INFO - [2024-03-18T09:50:28.010+0200] {example_kubernetes_executor.py:38} WARNING - The example_kubernetes_executor example DAG requires the kubernetes provider. Please install it with: pip install apache-airflow[cncf.kubernetes]
[2024-03-18T09:50:28.010+0200] {processor.py:842} WARNING - No viable dags retrieved from /usr/local/lib/python3.8/site-packages/airflow/example_dags/example_kubernetes_executor.py
[2024-03-18T09:50:28.141+0200] {processor.py:183} INFO - Processing /usr/local/lib/python3.8/site-packages/airflow/example_dags/example_kubernetes_executor.py took 0.158 seconds
[2024-03-18T09:51:10.011+0200] {processor.py:161} INFO - Started process (PID=3936) to work on /usr/local/lib/python3.8/site-packages/airflow/example_dags/example_kubernetes_executor.py
[2024-03-18T09:51:10.012+0200] {processor.py:830} INFO - Processing file /usr/local/lib/python3.8/site-packages/airflow/example_dags/example_kubernetes_executor.py for tasks to queue
[2024-03-18T09:51:10.012+0200] {logging_mixin.py:188} INFO - [2024-03-18T09:51:10.012+0200] {dagbag.py:540} INFO - Filling up the DagBag from /usr/local/lib/python3.8/site-packages/airflow/example_dags/example_kubernetes_executor.py
[2024-03-18T09:51:10.044+0200] {logging_mixin.py:188} INFO - [2024-03-18T09:51:10.044+0200] {example_kubernetes_executor.py:38} WARNING - The example_kubernetes_executor example DAG requires the kubernetes provider. Please install it with: pip install apache-airflow[cncf.kubernetes]
[2024-03-18T09:51:10.044+0200] {processor.py:842} WARNING - No viable dags retrieved from /usr/local/lib/python3.8/site-packages/airflow/example_dags/example_kubernetes_executor.py
[2024-03-18T09:51:10.230+0200] {processor.py:183} INFO - Processing /usr/local/lib/python3.8/site-packages/airflow/example_dags/example_kubernetes_executor.py took 0.221 seconds
[2024-03-18T09:51:54.889+0200] {processor.py:161} INFO - Started process (PID=4116) to work on /usr/local/lib/python3.8/site-packages/airflow/example_dags/example_kubernetes_executor.py
[2024-03-18T09:51:54.891+0200] {processor.py:830} INFO - Processing file /usr/local/lib/python3.8/site-packages/airflow/example_dags/example_kubernetes_executor.py for tasks to queue
[2024-03-18T09:51:54.892+0200] {logging_mixin.py:188} INFO - [2024-03-18T09:51:54.891+0200] {dagbag.py:540} INFO - Filling up the DagBag from /usr/local/lib/python3.8/site-packages/airflow/example_dags/example_kubernetes_executor.py
[2024-03-18T09:51:54.918+0200] {logging_mixin.py:188} INFO - [2024-03-18T09:51:54.917+0200] {example_kubernetes_executor.py:38} WARNING - The example_kubernetes_executor example DAG requires the kubernetes provider. Please install it with: pip install apache-airflow[cncf.kubernetes]
[2024-03-18T09:51:54.918+0200] {processor.py:842} WARNING - No viable dags retrieved from /usr/local/lib/python3.8/site-packages/airflow/example_dags/example_kubernetes_executor.py
[2024-03-18T09:51:55.053+0200] {processor.py:183} INFO - Processing /usr/local/lib/python3.8/site-packages/airflow/example_dags/example_kubernetes_executor.py took 0.165 seconds
[2024-03-18T09:52:48.851+0200] {processor.py:161} INFO - Started process (PID=4314) to work on /usr/local/lib/python3.8/site-packages/airflow/example_dags/example_kubernetes_executor.py
[2024-03-18T09:52:48.853+0200] {processor.py:830} INFO - Processing file /usr/local/lib/python3.8/site-packages/airflow/example_dags/example_kubernetes_executor.py for tasks to queue
[2024-03-18T09:52:48.854+0200] {logging_mixin.py:188} INFO - [2024-03-18T09:52:48.853+0200] {dagbag.py:540} INFO - Filling up the DagBag from /usr/local/lib/python3.8/site-packages/airflow/example_dags/example_kubernetes_executor.py
[2024-03-18T09:52:48.886+0200] {logging_mixin.py:188} INFO - [2024-03-18T09:52:48.886+0200] {example_kubernetes_executor.py:38} WARNING - The example_kubernetes_executor example DAG requires the kubernetes provider. Please install it with: pip install apache-airflow[cncf.kubernetes]
[2024-03-18T09:52:48.887+0200] {processor.py:842} WARNING - No viable dags retrieved from /usr/local/lib/python3.8/site-packages/airflow/example_dags/example_kubernetes_executor.py
[2024-03-18T09:52:49.029+0200] {processor.py:183} INFO - Processing /usr/local/lib/python3.8/site-packages/airflow/example_dags/example_kubernetes_executor.py took 0.180 seconds
[2024-03-18T09:53:34.956+0200] {processor.py:161} INFO - Started process (PID=4497) to work on /usr/local/lib/python3.8/site-packages/airflow/example_dags/example_kubernetes_executor.py
[2024-03-18T09:53:34.957+0200] {processor.py:830} INFO - Processing file /usr/local/lib/python3.8/site-packages/airflow/example_dags/example_kubernetes_executor.py for tasks to queue
[2024-03-18T09:53:34.958+0200] {logging_mixin.py:188} INFO - [2024-03-18T09:53:34.958+0200] {dagbag.py:540} INFO - Filling up the DagBag from /usr/local/lib/python3.8/site-packages/airflow/example_dags/example_kubernetes_executor.py
[2024-03-18T09:53:34.989+0200] {logging_mixin.py:188} INFO - [2024-03-18T09:53:34.989+0200] {example_kubernetes_executor.py:38} WARNING - The example_kubernetes_executor example DAG requires the kubernetes provider. Please install it with: pip install apache-airflow[cncf.kubernetes]
[2024-03-18T09:53:34.990+0200] {processor.py:842} WARNING - No viable dags retrieved from /usr/local/lib/python3.8/site-packages/airflow/example_dags/example_kubernetes_executor.py
[2024-03-18T09:53:35.148+0200] {processor.py:183} INFO - Processing /usr/local/lib/python3.8/site-packages/airflow/example_dags/example_kubernetes_executor.py took 0.193 seconds
[2024-03-18T09:54:19.083+0200] {processor.py:161} INFO - Started process (PID=4667) to work on /usr/local/lib/python3.8/site-packages/airflow/example_dags/example_kubernetes_executor.py
[2024-03-18T09:54:19.084+0200] {processor.py:830} INFO - Processing file /usr/local/lib/python3.8/site-packages/airflow/example_dags/example_kubernetes_executor.py for tasks to queue
[2024-03-18T09:54:19.084+0200] {logging_mixin.py:188} INFO - [2024-03-18T09:54:19.084+0200] {dagbag.py:540} INFO - Filling up the DagBag from /usr/local/lib/python3.8/site-packages/airflow/example_dags/example_kubernetes_executor.py
[2024-03-18T09:54:19.114+0200] {logging_mixin.py:188} INFO - [2024-03-18T09:54:19.114+0200] {example_kubernetes_executor.py:38} WARNING - The example_kubernetes_executor example DAG requires the kubernetes provider. Please install it with: pip install apache-airflow[cncf.kubernetes]
[2024-03-18T09:54:19.114+0200] {processor.py:842} WARNING - No viable dags retrieved from /usr/local/lib/python3.8/site-packages/airflow/example_dags/example_kubernetes_executor.py
[2024-03-18T09:54:19.259+0200] {processor.py:183} INFO - Processing /usr/local/lib/python3.8/site-packages/airflow/example_dags/example_kubernetes_executor.py took 0.178 seconds
[2024-03-18T09:55:13.776+0200] {processor.py:161} INFO - Started process (PID=4879) to work on /usr/local/lib/python3.8/site-packages/airflow/example_dags/example_kubernetes_executor.py
[2024-03-18T09:55:13.777+0200] {processor.py:830} INFO - Processing file /usr/local/lib/python3.8/site-packages/airflow/example_dags/example_kubernetes_executor.py for tasks to queue
[2024-03-18T09:55:13.777+0200] {logging_mixin.py:188} INFO - [2024-03-18T09:55:13.777+0200] {dagbag.py:540} INFO - Filling up the DagBag from /usr/local/lib/python3.8/site-packages/airflow/example_dags/example_kubernetes_executor.py
[2024-03-18T09:55:13.807+0200] {logging_mixin.py:188} INFO - [2024-03-18T09:55:13.806+0200] {example_kubernetes_executor.py:38} WARNING - The example_kubernetes_executor example DAG requires the kubernetes provider. Please install it with: pip install apache-airflow[cncf.kubernetes]
[2024-03-18T09:55:13.817+0200] {processor.py:842} WARNING - No viable dags retrieved from /usr/local/lib/python3.8/site-packages/airflow/example_dags/example_kubernetes_executor.py
[2024-03-18T09:55:13.978+0200] {processor.py:183} INFO - Processing /usr/local/lib/python3.8/site-packages/airflow/example_dags/example_kubernetes_executor.py took 0.204 seconds
[2024-03-18T09:56:02.403+0200] {processor.py:161} INFO - Started process (PID=5074) to work on /usr/local/lib/python3.8/site-packages/airflow/example_dags/example_kubernetes_executor.py
[2024-03-18T09:56:02.405+0200] {processor.py:830} INFO - Processing file /usr/local/lib/python3.8/site-packages/airflow/example_dags/example_kubernetes_executor.py for tasks to queue
[2024-03-18T09:56:02.406+0200] {logging_mixin.py:188} INFO - [2024-03-18T09:56:02.405+0200] {dagbag.py:540} INFO - Filling up the DagBag from /usr/local/lib/python3.8/site-packages/airflow/example_dags/example_kubernetes_executor.py
[2024-03-18T09:56:02.437+0200] {logging_mixin.py:188} INFO - [2024-03-18T09:56:02.437+0200] {example_kubernetes_executor.py:38} WARNING - The example_kubernetes_executor example DAG requires the kubernetes provider. Please install it with: pip install apache-airflow[cncf.kubernetes]
[2024-03-18T09:56:02.437+0200] {processor.py:842} WARNING - No viable dags retrieved from /usr/local/lib/python3.8/site-packages/airflow/example_dags/example_kubernetes_executor.py
[2024-03-18T09:56:02.583+0200] {processor.py:183} INFO - Processing /usr/local/lib/python3.8/site-packages/airflow/example_dags/example_kubernetes_executor.py took 0.182 seconds
[2024-03-18T09:56:59.363+0200] {processor.py:161} INFO - Started process (PID=5472) to work on /usr/local/lib/python3.8/site-packages/airflow/example_dags/example_kubernetes_executor.py
[2024-03-18T09:56:59.365+0200] {processor.py:830} INFO - Processing file /usr/local/lib/python3.8/site-packages/airflow/example_dags/example_kubernetes_executor.py for tasks to queue
[2024-03-18T09:56:59.365+0200] {logging_mixin.py:188} INFO - [2024-03-18T09:56:59.365+0200] {dagbag.py:540} INFO - Filling up the DagBag from /usr/local/lib/python3.8/site-packages/airflow/example_dags/example_kubernetes_executor.py
[2024-03-18T09:56:59.396+0200] {logging_mixin.py:188} INFO - [2024-03-18T09:56:59.396+0200] {example_kubernetes_executor.py:38} WARNING - The example_kubernetes_executor example DAG requires the kubernetes provider. Please install it with: pip install apache-airflow[cncf.kubernetes]
[2024-03-18T09:56:59.397+0200] {processor.py:842} WARNING - No viable dags retrieved from /usr/local/lib/python3.8/site-packages/airflow/example_dags/example_kubernetes_executor.py
[2024-03-18T09:56:59.537+0200] {processor.py:183} INFO - Processing /usr/local/lib/python3.8/site-packages/airflow/example_dags/example_kubernetes_executor.py took 0.176 seconds
[2024-03-18T09:57:53.274+0200] {processor.py:161} INFO - Started process (PID=5789) to work on /usr/local/lib/python3.8/site-packages/airflow/example_dags/example_kubernetes_executor.py
[2024-03-18T09:57:53.275+0200] {processor.py:830} INFO - Processing file /usr/local/lib/python3.8/site-packages/airflow/example_dags/example_kubernetes_executor.py for tasks to queue
[2024-03-18T09:57:53.275+0200] {logging_mixin.py:188} INFO - [2024-03-18T09:57:53.275+0200] {dagbag.py:540} INFO - Filling up the DagBag from /usr/local/lib/python3.8/site-packages/airflow/example_dags/example_kubernetes_executor.py
[2024-03-18T09:57:53.306+0200] {logging_mixin.py:188} INFO - [2024-03-18T09:57:53.306+0200] {example_kubernetes_executor.py:38} WARNING - The example_kubernetes_executor example DAG requires the kubernetes provider. Please install it with: pip install apache-airflow[cncf.kubernetes]
[2024-03-18T09:57:53.307+0200] {processor.py:842} WARNING - No viable dags retrieved from /usr/local/lib/python3.8/site-packages/airflow/example_dags/example_kubernetes_executor.py
[2024-03-18T09:57:53.467+0200] {processor.py:183} INFO - Processing /usr/local/lib/python3.8/site-packages/airflow/example_dags/example_kubernetes_executor.py took 0.194 seconds
[2024-03-18T09:58:42.814+0200] {processor.py:161} INFO - Started process (PID=5972) to work on /usr/local/lib/python3.8/site-packages/airflow/example_dags/example_kubernetes_executor.py
[2024-03-18T09:58:42.815+0200] {processor.py:830} INFO - Processing file /usr/local/lib/python3.8/site-packages/airflow/example_dags/example_kubernetes_executor.py for tasks to queue
[2024-03-18T09:58:42.816+0200] {logging_mixin.py:188} INFO - [2024-03-18T09:58:42.815+0200] {dagbag.py:540} INFO - Filling up the DagBag from /usr/local/lib/python3.8/site-packages/airflow/example_dags/example_kubernetes_executor.py
[2024-03-18T09:58:42.848+0200] {logging_mixin.py:188} INFO - [2024-03-18T09:58:42.848+0200] {example_kubernetes_executor.py:38} WARNING - The example_kubernetes_executor example DAG requires the kubernetes provider. Please install it with: pip install apache-airflow[cncf.kubernetes]
[2024-03-18T09:58:42.848+0200] {processor.py:842} WARNING - No viable dags retrieved from /usr/local/lib/python3.8/site-packages/airflow/example_dags/example_kubernetes_executor.py
[2024-03-18T09:58:42.992+0200] {processor.py:183} INFO - Processing /usr/local/lib/python3.8/site-packages/airflow/example_dags/example_kubernetes_executor.py took 0.180 seconds
[2024-03-18T09:59:27.151+0200] {processor.py:161} INFO - Started process (PID=6143) to work on /usr/local/lib/python3.8/site-packages/airflow/example_dags/example_kubernetes_executor.py
[2024-03-18T09:59:27.152+0200] {processor.py:830} INFO - Processing file /usr/local/lib/python3.8/site-packages/airflow/example_dags/example_kubernetes_executor.py for tasks to queue
[2024-03-18T09:59:27.153+0200] {logging_mixin.py:188} INFO - [2024-03-18T09:59:27.153+0200] {dagbag.py:540} INFO - Filling up the DagBag from /usr/local/lib/python3.8/site-packages/airflow/example_dags/example_kubernetes_executor.py
[2024-03-18T09:59:27.184+0200] {logging_mixin.py:188} INFO - [2024-03-18T09:59:27.184+0200] {example_kubernetes_executor.py:38} WARNING - The example_kubernetes_executor example DAG requires the kubernetes provider. Please install it with: pip install apache-airflow[cncf.kubernetes]
[2024-03-18T09:59:27.184+0200] {processor.py:842} WARNING - No viable dags retrieved from /usr/local/lib/python3.8/site-packages/airflow/example_dags/example_kubernetes_executor.py
[2024-03-18T09:59:27.334+0200] {processor.py:183} INFO - Processing /usr/local/lib/python3.8/site-packages/airflow/example_dags/example_kubernetes_executor.py took 0.184 seconds
[2024-03-18T10:00:14.919+0200] {processor.py:161} INFO - Started process (PID=6316) to work on /usr/local/lib/python3.8/site-packages/airflow/example_dags/example_kubernetes_executor.py
[2024-03-18T10:00:14.920+0200] {processor.py:830} INFO - Processing file /usr/local/lib/python3.8/site-packages/airflow/example_dags/example_kubernetes_executor.py for tasks to queue
[2024-03-18T10:00:14.921+0200] {logging_mixin.py:188} INFO - [2024-03-18T10:00:14.921+0200] {dagbag.py:540} INFO - Filling up the DagBag from /usr/local/lib/python3.8/site-packages/airflow/example_dags/example_kubernetes_executor.py
[2024-03-18T10:00:14.951+0200] {logging_mixin.py:188} INFO - [2024-03-18T10:00:14.951+0200] {example_kubernetes_executor.py:38} WARNING - The example_kubernetes_executor example DAG requires the kubernetes provider. Please install it with: pip install apache-airflow[cncf.kubernetes]
[2024-03-18T10:00:14.951+0200] {processor.py:842} WARNING - No viable dags retrieved from /usr/local/lib/python3.8/site-packages/airflow/example_dags/example_kubernetes_executor.py
[2024-03-18T10:00:15.104+0200] {processor.py:183} INFO - Processing /usr/local/lib/python3.8/site-packages/airflow/example_dags/example_kubernetes_executor.py took 0.186 seconds
[2024-03-18T10:01:04.251+0200] {processor.py:161} INFO - Started process (PID=6587) to work on /usr/local/lib/python3.8/site-packages/airflow/example_dags/example_kubernetes_executor.py
[2024-03-18T10:01:04.253+0200] {processor.py:830} INFO - Processing file /usr/local/lib/python3.8/site-packages/airflow/example_dags/example_kubernetes_executor.py for tasks to queue
[2024-03-18T10:01:04.254+0200] {logging_mixin.py:188} INFO - [2024-03-18T10:01:04.253+0200] {dagbag.py:540} INFO - Filling up the DagBag from /usr/local/lib/python3.8/site-packages/airflow/example_dags/example_kubernetes_executor.py
[2024-03-18T10:01:04.297+0200] {logging_mixin.py:188} INFO - [2024-03-18T10:01:04.297+0200] {example_kubernetes_executor.py:38} WARNING - The example_kubernetes_executor example DAG requires the kubernetes provider. Please install it with: pip install apache-airflow[cncf.kubernetes]
[2024-03-18T10:01:04.297+0200] {processor.py:842} WARNING - No viable dags retrieved from /usr/local/lib/python3.8/site-packages/airflow/example_dags/example_kubernetes_executor.py
[2024-03-18T10:01:04.533+0200] {processor.py:183} INFO - Processing /usr/local/lib/python3.8/site-packages/airflow/example_dags/example_kubernetes_executor.py took 0.284 seconds
[2024-03-18T10:01:56.259+0200] {processor.py:161} INFO - Started process (PID=6918) to work on /usr/local/lib/python3.8/site-packages/airflow/example_dags/example_kubernetes_executor.py
[2024-03-18T10:01:56.260+0200] {processor.py:830} INFO - Processing file /usr/local/lib/python3.8/site-packages/airflow/example_dags/example_kubernetes_executor.py for tasks to queue
[2024-03-18T10:01:56.261+0200] {logging_mixin.py:188} INFO - [2024-03-18T10:01:56.261+0200] {dagbag.py:540} INFO - Filling up the DagBag from /usr/local/lib/python3.8/site-packages/airflow/example_dags/example_kubernetes_executor.py
[2024-03-18T10:01:56.288+0200] {logging_mixin.py:188} INFO - [2024-03-18T10:01:56.288+0200] {example_kubernetes_executor.py:38} WARNING - The example_kubernetes_executor example DAG requires the kubernetes provider. Please install it with: pip install apache-airflow[cncf.kubernetes]
[2024-03-18T10:01:56.288+0200] {processor.py:842} WARNING - No viable dags retrieved from /usr/local/lib/python3.8/site-packages/airflow/example_dags/example_kubernetes_executor.py
[2024-03-18T10:01:56.413+0200] {processor.py:183} INFO - Processing /usr/local/lib/python3.8/site-packages/airflow/example_dags/example_kubernetes_executor.py took 0.155 seconds
[2024-03-18T10:02:46.108+0200] {processor.py:161} INFO - Started process (PID=7106) to work on /usr/local/lib/python3.8/site-packages/airflow/example_dags/example_kubernetes_executor.py
[2024-03-18T10:02:46.109+0200] {processor.py:830} INFO - Processing file /usr/local/lib/python3.8/site-packages/airflow/example_dags/example_kubernetes_executor.py for tasks to queue
[2024-03-18T10:02:46.110+0200] {logging_mixin.py:188} INFO - [2024-03-18T10:02:46.110+0200] {dagbag.py:540} INFO - Filling up the DagBag from /usr/local/lib/python3.8/site-packages/airflow/example_dags/example_kubernetes_executor.py
[2024-03-18T10:02:46.139+0200] {logging_mixin.py:188} INFO - [2024-03-18T10:02:46.139+0200] {example_kubernetes_executor.py:38} WARNING - The example_kubernetes_executor example DAG requires the kubernetes provider. Please install it with: pip install apache-airflow[cncf.kubernetes]
[2024-03-18T10:02:46.139+0200] {processor.py:842} WARNING - No viable dags retrieved from /usr/local/lib/python3.8/site-packages/airflow/example_dags/example_kubernetes_executor.py
[2024-03-18T10:02:46.280+0200] {processor.py:183} INFO - Processing /usr/local/lib/python3.8/site-packages/airflow/example_dags/example_kubernetes_executor.py took 0.174 seconds
[2024-03-18T10:03:37.390+0200] {processor.py:161} INFO - Started process (PID=7338) to work on /usr/local/lib/python3.8/site-packages/airflow/example_dags/example_kubernetes_executor.py
[2024-03-18T10:03:37.391+0200] {processor.py:830} INFO - Processing file /usr/local/lib/python3.8/site-packages/airflow/example_dags/example_kubernetes_executor.py for tasks to queue
[2024-03-18T10:03:37.392+0200] {logging_mixin.py:188} INFO - [2024-03-18T10:03:37.392+0200] {dagbag.py:540} INFO - Filling up the DagBag from /usr/local/lib/python3.8/site-packages/airflow/example_dags/example_kubernetes_executor.py
[2024-03-18T10:03:37.424+0200] {logging_mixin.py:188} INFO - [2024-03-18T10:03:37.424+0200] {example_kubernetes_executor.py:38} WARNING - The example_kubernetes_executor example DAG requires the kubernetes provider. Please install it with: pip install apache-airflow[cncf.kubernetes]
[2024-03-18T10:03:37.424+0200] {processor.py:842} WARNING - No viable dags retrieved from /usr/local/lib/python3.8/site-packages/airflow/example_dags/example_kubernetes_executor.py
[2024-03-18T10:03:37.552+0200] {processor.py:183} INFO - Processing /usr/local/lib/python3.8/site-packages/airflow/example_dags/example_kubernetes_executor.py took 0.165 seconds
[2024-03-18T10:04:25.823+0200] {processor.py:161} INFO - Started process (PID=7549) to work on /usr/local/lib/python3.8/site-packages/airflow/example_dags/example_kubernetes_executor.py
[2024-03-18T10:04:25.823+0200] {processor.py:830} INFO - Processing file /usr/local/lib/python3.8/site-packages/airflow/example_dags/example_kubernetes_executor.py for tasks to queue
[2024-03-18T10:04:25.824+0200] {logging_mixin.py:188} INFO - [2024-03-18T10:04:25.824+0200] {dagbag.py:540} INFO - Filling up the DagBag from /usr/local/lib/python3.8/site-packages/airflow/example_dags/example_kubernetes_executor.py
[2024-03-18T10:04:25.856+0200] {logging_mixin.py:188} INFO - [2024-03-18T10:04:25.855+0200] {example_kubernetes_executor.py:38} WARNING - The example_kubernetes_executor example DAG requires the kubernetes provider. Please install it with: pip install apache-airflow[cncf.kubernetes]
[2024-03-18T10:04:25.856+0200] {processor.py:842} WARNING - No viable dags retrieved from /usr/local/lib/python3.8/site-packages/airflow/example_dags/example_kubernetes_executor.py
[2024-03-18T10:04:26.008+0200] {processor.py:183} INFO - Processing /usr/local/lib/python3.8/site-packages/airflow/example_dags/example_kubernetes_executor.py took 0.187 seconds
[2024-03-18T10:05:09.521+0200] {processor.py:161} INFO - Started process (PID=7707) to work on /usr/local/lib/python3.8/site-packages/airflow/example_dags/example_kubernetes_executor.py
[2024-03-18T10:05:09.522+0200] {processor.py:830} INFO - Processing file /usr/local/lib/python3.8/site-packages/airflow/example_dags/example_kubernetes_executor.py for tasks to queue
[2024-03-18T10:05:09.522+0200] {logging_mixin.py:188} INFO - [2024-03-18T10:05:09.522+0200] {dagbag.py:540} INFO - Filling up the DagBag from /usr/local/lib/python3.8/site-packages/airflow/example_dags/example_kubernetes_executor.py
[2024-03-18T10:05:09.554+0200] {logging_mixin.py:188} INFO - [2024-03-18T10:05:09.554+0200] {example_kubernetes_executor.py:38} WARNING - The example_kubernetes_executor example DAG requires the kubernetes provider. Please install it with: pip install apache-airflow[cncf.kubernetes]
[2024-03-18T10:05:09.554+0200] {processor.py:842} WARNING - No viable dags retrieved from /usr/local/lib/python3.8/site-packages/airflow/example_dags/example_kubernetes_executor.py
[2024-03-18T10:05:09.700+0200] {processor.py:183} INFO - Processing /usr/local/lib/python3.8/site-packages/airflow/example_dags/example_kubernetes_executor.py took 0.181 seconds
[2024-03-18T10:06:00.120+0200] {processor.py:161} INFO - Started process (PID=7907) to work on /usr/local/lib/python3.8/site-packages/airflow/example_dags/example_kubernetes_executor.py
[2024-03-18T10:06:00.121+0200] {processor.py:830} INFO - Processing file /usr/local/lib/python3.8/site-packages/airflow/example_dags/example_kubernetes_executor.py for tasks to queue
[2024-03-18T10:06:00.122+0200] {logging_mixin.py:188} INFO - [2024-03-18T10:06:00.121+0200] {dagbag.py:540} INFO - Filling up the DagBag from /usr/local/lib/python3.8/site-packages/airflow/example_dags/example_kubernetes_executor.py
[2024-03-18T10:06:00.153+0200] {logging_mixin.py:188} INFO - [2024-03-18T10:06:00.153+0200] {example_kubernetes_executor.py:38} WARNING - The example_kubernetes_executor example DAG requires the kubernetes provider. Please install it with: pip install apache-airflow[cncf.kubernetes]
[2024-03-18T10:06:00.153+0200] {processor.py:842} WARNING - No viable dags retrieved from /usr/local/lib/python3.8/site-packages/airflow/example_dags/example_kubernetes_executor.py
[2024-03-18T10:06:00.294+0200] {processor.py:183} INFO - Processing /usr/local/lib/python3.8/site-packages/airflow/example_dags/example_kubernetes_executor.py took 0.176 seconds
[2024-03-18T10:06:48.857+0200] {processor.py:161} INFO - Started process (PID=8090) to work on /usr/local/lib/python3.8/site-packages/airflow/example_dags/example_kubernetes_executor.py
[2024-03-18T10:06:48.861+0200] {processor.py:830} INFO - Processing file /usr/local/lib/python3.8/site-packages/airflow/example_dags/example_kubernetes_executor.py for tasks to queue
[2024-03-18T10:06:48.862+0200] {logging_mixin.py:188} INFO - [2024-03-18T10:06:48.861+0200] {dagbag.py:540} INFO - Filling up the DagBag from /usr/local/lib/python3.8/site-packages/airflow/example_dags/example_kubernetes_executor.py
[2024-03-18T10:06:48.894+0200] {logging_mixin.py:188} INFO - [2024-03-18T10:06:48.894+0200] {example_kubernetes_executor.py:38} WARNING - The example_kubernetes_executor example DAG requires the kubernetes provider. Please install it with: pip install apache-airflow[cncf.kubernetes]
[2024-03-18T10:06:48.894+0200] {processor.py:842} WARNING - No viable dags retrieved from /usr/local/lib/python3.8/site-packages/airflow/example_dags/example_kubernetes_executor.py
[2024-03-18T10:06:49.076+0200] {processor.py:183} INFO - Processing /usr/local/lib/python3.8/site-packages/airflow/example_dags/example_kubernetes_executor.py took 0.220 seconds
[2024-03-18T10:07:33.003+0200] {processor.py:161} INFO - Started process (PID=8285) to work on /usr/local/lib/python3.8/site-packages/airflow/example_dags/example_kubernetes_executor.py
[2024-03-18T10:07:33.004+0200] {processor.py:830} INFO - Processing file /usr/local/lib/python3.8/site-packages/airflow/example_dags/example_kubernetes_executor.py for tasks to queue
[2024-03-18T10:07:33.005+0200] {logging_mixin.py:188} INFO - [2024-03-18T10:07:33.005+0200] {dagbag.py:540} INFO - Filling up the DagBag from /usr/local/lib/python3.8/site-packages/airflow/example_dags/example_kubernetes_executor.py
[2024-03-18T10:07:33.035+0200] {logging_mixin.py:188} INFO - [2024-03-18T10:07:33.034+0200] {example_kubernetes_executor.py:38} WARNING - The example_kubernetes_executor example DAG requires the kubernetes provider. Please install it with: pip install apache-airflow[cncf.kubernetes]
[2024-03-18T10:07:33.035+0200] {processor.py:842} WARNING - No viable dags retrieved from /usr/local/lib/python3.8/site-packages/airflow/example_dags/example_kubernetes_executor.py
[2024-03-18T10:07:33.175+0200] {processor.py:183} INFO - Processing /usr/local/lib/python3.8/site-packages/airflow/example_dags/example_kubernetes_executor.py took 0.174 seconds
[2024-03-18T10:08:29.555+0200] {processor.py:161} INFO - Started process (PID=8607) to work on /usr/local/lib/python3.8/site-packages/airflow/example_dags/example_kubernetes_executor.py
[2024-03-18T10:08:29.556+0200] {processor.py:830} INFO - Processing file /usr/local/lib/python3.8/site-packages/airflow/example_dags/example_kubernetes_executor.py for tasks to queue
[2024-03-18T10:08:29.557+0200] {logging_mixin.py:188} INFO - [2024-03-18T10:08:29.557+0200] {dagbag.py:540} INFO - Filling up the DagBag from /usr/local/lib/python3.8/site-packages/airflow/example_dags/example_kubernetes_executor.py
[2024-03-18T10:08:29.588+0200] {logging_mixin.py:188} INFO - [2024-03-18T10:08:29.588+0200] {example_kubernetes_executor.py:38} WARNING - The example_kubernetes_executor example DAG requires the kubernetes provider. Please install it with: pip install apache-airflow[cncf.kubernetes]
[2024-03-18T10:08:29.588+0200] {processor.py:842} WARNING - No viable dags retrieved from /usr/local/lib/python3.8/site-packages/airflow/example_dags/example_kubernetes_executor.py
[2024-03-18T10:08:29.773+0200] {processor.py:183} INFO - Processing /usr/local/lib/python3.8/site-packages/airflow/example_dags/example_kubernetes_executor.py took 0.220 seconds
[2024-03-18T10:09:15.527+0200] {processor.py:161} INFO - Started process (PID=8811) to work on /usr/local/lib/python3.8/site-packages/airflow/example_dags/example_kubernetes_executor.py
[2024-03-18T10:09:15.527+0200] {processor.py:830} INFO - Processing file /usr/local/lib/python3.8/site-packages/airflow/example_dags/example_kubernetes_executor.py for tasks to queue
[2024-03-18T10:09:15.528+0200] {logging_mixin.py:188} INFO - [2024-03-18T10:09:15.528+0200] {dagbag.py:540} INFO - Filling up the DagBag from /usr/local/lib/python3.8/site-packages/airflow/example_dags/example_kubernetes_executor.py
[2024-03-18T10:09:15.553+0200] {logging_mixin.py:188} INFO - [2024-03-18T10:09:15.553+0200] {example_kubernetes_executor.py:38} WARNING - The example_kubernetes_executor example DAG requires the kubernetes provider. Please install it with: pip install apache-airflow[cncf.kubernetes]
[2024-03-18T10:09:15.554+0200] {processor.py:842} WARNING - No viable dags retrieved from /usr/local/lib/python3.8/site-packages/airflow/example_dags/example_kubernetes_executor.py
[2024-03-18T10:09:15.699+0200] {processor.py:183} INFO - Processing /usr/local/lib/python3.8/site-packages/airflow/example_dags/example_kubernetes_executor.py took 0.174 seconds
[2024-03-18T10:10:03.849+0200] {processor.py:161} INFO - Started process (PID=9007) to work on /usr/local/lib/python3.8/site-packages/airflow/example_dags/example_kubernetes_executor.py
[2024-03-18T10:10:03.850+0200] {processor.py:830} INFO - Processing file /usr/local/lib/python3.8/site-packages/airflow/example_dags/example_kubernetes_executor.py for tasks to queue
[2024-03-18T10:10:03.851+0200] {logging_mixin.py:188} INFO - [2024-03-18T10:10:03.850+0200] {dagbag.py:540} INFO - Filling up the DagBag from /usr/local/lib/python3.8/site-packages/airflow/example_dags/example_kubernetes_executor.py
[2024-03-18T10:10:03.885+0200] {logging_mixin.py:188} INFO - [2024-03-18T10:10:03.884+0200] {example_kubernetes_executor.py:38} WARNING - The example_kubernetes_executor example DAG requires the kubernetes provider. Please install it with: pip install apache-airflow[cncf.kubernetes]
[2024-03-18T10:10:03.885+0200] {processor.py:842} WARNING - No viable dags retrieved from /usr/local/lib/python3.8/site-packages/airflow/example_dags/example_kubernetes_executor.py
[2024-03-18T10:10:04.045+0200] {processor.py:183} INFO - Processing /usr/local/lib/python3.8/site-packages/airflow/example_dags/example_kubernetes_executor.py took 0.198 seconds
[2024-03-18T10:10:53.963+0200] {processor.py:161} INFO - Started process (PID=9193) to work on /usr/local/lib/python3.8/site-packages/airflow/example_dags/example_kubernetes_executor.py
[2024-03-18T10:10:53.964+0200] {processor.py:830} INFO - Processing file /usr/local/lib/python3.8/site-packages/airflow/example_dags/example_kubernetes_executor.py for tasks to queue
[2024-03-18T10:10:53.964+0200] {logging_mixin.py:188} INFO - [2024-03-18T10:10:53.964+0200] {dagbag.py:540} INFO - Filling up the DagBag from /usr/local/lib/python3.8/site-packages/airflow/example_dags/example_kubernetes_executor.py
[2024-03-18T10:10:54.003+0200] {logging_mixin.py:188} INFO - [2024-03-18T10:10:54.003+0200] {example_kubernetes_executor.py:38} WARNING - The example_kubernetes_executor example DAG requires the kubernetes provider. Please install it with: pip install apache-airflow[cncf.kubernetes]
[2024-03-18T10:10:54.003+0200] {processor.py:842} WARNING - No viable dags retrieved from /usr/local/lib/python3.8/site-packages/airflow/example_dags/example_kubernetes_executor.py
[2024-03-18T10:10:54.182+0200] {processor.py:183} INFO - Processing /usr/local/lib/python3.8/site-packages/airflow/example_dags/example_kubernetes_executor.py took 0.221 seconds
[2024-03-18T10:11:45.021+0200] {processor.py:161} INFO - Started process (PID=9382) to work on /usr/local/lib/python3.8/site-packages/airflow/example_dags/example_kubernetes_executor.py
[2024-03-18T10:11:45.022+0200] {processor.py:830} INFO - Processing file /usr/local/lib/python3.8/site-packages/airflow/example_dags/example_kubernetes_executor.py for tasks to queue
[2024-03-18T10:11:45.023+0200] {logging_mixin.py:188} INFO - [2024-03-18T10:11:45.023+0200] {dagbag.py:540} INFO - Filling up the DagBag from /usr/local/lib/python3.8/site-packages/airflow/example_dags/example_kubernetes_executor.py
[2024-03-18T10:11:45.057+0200] {logging_mixin.py:188} INFO - [2024-03-18T10:11:45.057+0200] {example_kubernetes_executor.py:38} WARNING - The example_kubernetes_executor example DAG requires the kubernetes provider. Please install it with: pip install apache-airflow[cncf.kubernetes]
[2024-03-18T10:11:45.058+0200] {processor.py:842} WARNING - No viable dags retrieved from /usr/local/lib/python3.8/site-packages/airflow/example_dags/example_kubernetes_executor.py
[2024-03-18T10:11:45.236+0200] {processor.py:183} INFO - Processing /usr/local/lib/python3.8/site-packages/airflow/example_dags/example_kubernetes_executor.py took 0.216 seconds
[2024-03-18T10:12:29.239+0200] {processor.py:161} INFO - Started process (PID=9552) to work on /usr/local/lib/python3.8/site-packages/airflow/example_dags/example_kubernetes_executor.py
[2024-03-18T10:12:29.240+0200] {processor.py:830} INFO - Processing file /usr/local/lib/python3.8/site-packages/airflow/example_dags/example_kubernetes_executor.py for tasks to queue
[2024-03-18T10:12:29.241+0200] {logging_mixin.py:188} INFO - [2024-03-18T10:12:29.241+0200] {dagbag.py:540} INFO - Filling up the DagBag from /usr/local/lib/python3.8/site-packages/airflow/example_dags/example_kubernetes_executor.py
[2024-03-18T10:12:29.270+0200] {logging_mixin.py:188} INFO - [2024-03-18T10:12:29.269+0200] {example_kubernetes_executor.py:38} WARNING - The example_kubernetes_executor example DAG requires the kubernetes provider. Please install it with: pip install apache-airflow[cncf.kubernetes]
[2024-03-18T10:12:29.270+0200] {processor.py:842} WARNING - No viable dags retrieved from /usr/local/lib/python3.8/site-packages/airflow/example_dags/example_kubernetes_executor.py
[2024-03-18T10:12:29.393+0200] {processor.py:183} INFO - Processing /usr/local/lib/python3.8/site-packages/airflow/example_dags/example_kubernetes_executor.py took 0.156 seconds
[2024-03-18T10:13:17.936+0200] {processor.py:161} INFO - Started process (PID=9863) to work on /usr/local/lib/python3.8/site-packages/airflow/example_dags/example_kubernetes_executor.py
[2024-03-18T10:13:17.937+0200] {processor.py:830} INFO - Processing file /usr/local/lib/python3.8/site-packages/airflow/example_dags/example_kubernetes_executor.py for tasks to queue
[2024-03-18T10:13:17.938+0200] {logging_mixin.py:188} INFO - [2024-03-18T10:13:17.937+0200] {dagbag.py:540} INFO - Filling up the DagBag from /usr/local/lib/python3.8/site-packages/airflow/example_dags/example_kubernetes_executor.py
[2024-03-18T10:13:17.969+0200] {logging_mixin.py:188} INFO - [2024-03-18T10:13:17.969+0200] {example_kubernetes_executor.py:38} WARNING - The example_kubernetes_executor example DAG requires the kubernetes provider. Please install it with: pip install apache-airflow[cncf.kubernetes]
[2024-03-18T10:13:17.970+0200] {processor.py:842} WARNING - No viable dags retrieved from /usr/local/lib/python3.8/site-packages/airflow/example_dags/example_kubernetes_executor.py
[2024-03-18T10:13:18.142+0200] {processor.py:183} INFO - Processing /usr/local/lib/python3.8/site-packages/airflow/example_dags/example_kubernetes_executor.py took 0.207 seconds
[2024-03-18T10:14:04.616+0200] {processor.py:161} INFO - Started process (PID=10037) to work on /usr/local/lib/python3.8/site-packages/airflow/example_dags/example_kubernetes_executor.py
[2024-03-18T10:14:04.617+0200] {processor.py:830} INFO - Processing file /usr/local/lib/python3.8/site-packages/airflow/example_dags/example_kubernetes_executor.py for tasks to queue
[2024-03-18T10:14:04.617+0200] {logging_mixin.py:188} INFO - [2024-03-18T10:14:04.617+0200] {dagbag.py:540} INFO - Filling up the DagBag from /usr/local/lib/python3.8/site-packages/airflow/example_dags/example_kubernetes_executor.py
[2024-03-18T10:14:04.646+0200] {logging_mixin.py:188} INFO - [2024-03-18T10:14:04.646+0200] {example_kubernetes_executor.py:38} WARNING - The example_kubernetes_executor example DAG requires the kubernetes provider. Please install it with: pip install apache-airflow[cncf.kubernetes]
[2024-03-18T10:14:04.646+0200] {processor.py:842} WARNING - No viable dags retrieved from /usr/local/lib/python3.8/site-packages/airflow/example_dags/example_kubernetes_executor.py
[2024-03-18T10:14:04.785+0200] {processor.py:183} INFO - Processing /usr/local/lib/python3.8/site-packages/airflow/example_dags/example_kubernetes_executor.py took 0.171 seconds
[2024-03-18T10:14:46.169+0200] {processor.py:161} INFO - Started process (PID=10186) to work on /usr/local/lib/python3.8/site-packages/airflow/example_dags/example_kubernetes_executor.py
[2024-03-18T10:14:46.170+0200] {processor.py:830} INFO - Processing file /usr/local/lib/python3.8/site-packages/airflow/example_dags/example_kubernetes_executor.py for tasks to queue
[2024-03-18T10:14:46.171+0200] {logging_mixin.py:188} INFO - [2024-03-18T10:14:46.171+0200] {dagbag.py:540} INFO - Filling up the DagBag from /usr/local/lib/python3.8/site-packages/airflow/example_dags/example_kubernetes_executor.py
[2024-03-18T10:14:46.199+0200] {logging_mixin.py:188} INFO - [2024-03-18T10:14:46.199+0200] {example_kubernetes_executor.py:38} WARNING - The example_kubernetes_executor example DAG requires the kubernetes provider. Please install it with: pip install apache-airflow[cncf.kubernetes]
[2024-03-18T10:14:46.199+0200] {processor.py:842} WARNING - No viable dags retrieved from /usr/local/lib/python3.8/site-packages/airflow/example_dags/example_kubernetes_executor.py
[2024-03-18T10:14:46.334+0200] {processor.py:183} INFO - Processing /usr/local/lib/python3.8/site-packages/airflow/example_dags/example_kubernetes_executor.py took 0.166 seconds
[2024-03-18T10:15:37.396+0200] {processor.py:161} INFO - Started process (PID=10386) to work on /usr/local/lib/python3.8/site-packages/airflow/example_dags/example_kubernetes_executor.py
[2024-03-18T10:15:37.397+0200] {processor.py:830} INFO - Processing file /usr/local/lib/python3.8/site-packages/airflow/example_dags/example_kubernetes_executor.py for tasks to queue
[2024-03-18T10:15:37.397+0200] {logging_mixin.py:188} INFO - [2024-03-18T10:15:37.397+0200] {dagbag.py:540} INFO - Filling up the DagBag from /usr/local/lib/python3.8/site-packages/airflow/example_dags/example_kubernetes_executor.py
[2024-03-18T10:15:37.422+0200] {logging_mixin.py:188} INFO - [2024-03-18T10:15:37.421+0200] {example_kubernetes_executor.py:38} WARNING - The example_kubernetes_executor example DAG requires the kubernetes provider. Please install it with: pip install apache-airflow[cncf.kubernetes]
[2024-03-18T10:15:37.422+0200] {processor.py:842} WARNING - No viable dags retrieved from /usr/local/lib/python3.8/site-packages/airflow/example_dags/example_kubernetes_executor.py
[2024-03-18T10:15:37.545+0200] {processor.py:183} INFO - Processing /usr/local/lib/python3.8/site-packages/airflow/example_dags/example_kubernetes_executor.py took 0.151 seconds
[2024-03-18T10:16:18.828+0200] {processor.py:161} INFO - Started process (PID=10559) to work on /usr/local/lib/python3.8/site-packages/airflow/example_dags/example_kubernetes_executor.py
[2024-03-18T10:16:18.828+0200] {processor.py:830} INFO - Processing file /usr/local/lib/python3.8/site-packages/airflow/example_dags/example_kubernetes_executor.py for tasks to queue
[2024-03-18T10:16:18.829+0200] {logging_mixin.py:188} INFO - [2024-03-18T10:16:18.829+0200] {dagbag.py:540} INFO - Filling up the DagBag from /usr/local/lib/python3.8/site-packages/airflow/example_dags/example_kubernetes_executor.py
[2024-03-18T10:16:18.857+0200] {logging_mixin.py:188} INFO - [2024-03-18T10:16:18.857+0200] {example_kubernetes_executor.py:38} WARNING - The example_kubernetes_executor example DAG requires the kubernetes provider. Please install it with: pip install apache-airflow[cncf.kubernetes]
[2024-03-18T10:16:18.857+0200] {processor.py:842} WARNING - No viable dags retrieved from /usr/local/lib/python3.8/site-packages/airflow/example_dags/example_kubernetes_executor.py
[2024-03-18T10:16:18.988+0200] {processor.py:183} INFO - Processing /usr/local/lib/python3.8/site-packages/airflow/example_dags/example_kubernetes_executor.py took 0.162 seconds
[2024-03-18T10:16:58.686+0200] {processor.py:161} INFO - Started process (PID=10711) to work on /usr/local/lib/python3.8/site-packages/airflow/example_dags/example_kubernetes_executor.py
[2024-03-18T10:16:58.687+0200] {processor.py:830} INFO - Processing file /usr/local/lib/python3.8/site-packages/airflow/example_dags/example_kubernetes_executor.py for tasks to queue
[2024-03-18T10:16:58.688+0200] {logging_mixin.py:188} INFO - [2024-03-18T10:16:58.688+0200] {dagbag.py:540} INFO - Filling up the DagBag from /usr/local/lib/python3.8/site-packages/airflow/example_dags/example_kubernetes_executor.py
[2024-03-18T10:16:58.713+0200] {logging_mixin.py:188} INFO - [2024-03-18T10:16:58.713+0200] {example_kubernetes_executor.py:38} WARNING - The example_kubernetes_executor example DAG requires the kubernetes provider. Please install it with: pip install apache-airflow[cncf.kubernetes]
[2024-03-18T10:16:58.713+0200] {processor.py:842} WARNING - No viable dags retrieved from /usr/local/lib/python3.8/site-packages/airflow/example_dags/example_kubernetes_executor.py
[2024-03-18T10:16:58.846+0200] {processor.py:183} INFO - Processing /usr/local/lib/python3.8/site-packages/airflow/example_dags/example_kubernetes_executor.py took 0.161 seconds
[2024-03-18T10:17:48.881+0200] {processor.py:161} INFO - Started process (PID=10898) to work on /usr/local/lib/python3.8/site-packages/airflow/example_dags/example_kubernetes_executor.py
[2024-03-18T10:17:48.882+0200] {processor.py:830} INFO - Processing file /usr/local/lib/python3.8/site-packages/airflow/example_dags/example_kubernetes_executor.py for tasks to queue
[2024-03-18T10:17:48.883+0200] {logging_mixin.py:188} INFO - [2024-03-18T10:17:48.882+0200] {dagbag.py:540} INFO - Filling up the DagBag from /usr/local/lib/python3.8/site-packages/airflow/example_dags/example_kubernetes_executor.py
[2024-03-18T10:17:48.911+0200] {logging_mixin.py:188} INFO - [2024-03-18T10:17:48.911+0200] {example_kubernetes_executor.py:38} WARNING - The example_kubernetes_executor example DAG requires the kubernetes provider. Please install it with: pip install apache-airflow[cncf.kubernetes]
[2024-03-18T10:17:48.911+0200] {processor.py:842} WARNING - No viable dags retrieved from /usr/local/lib/python3.8/site-packages/airflow/example_dags/example_kubernetes_executor.py
[2024-03-18T10:17:49.035+0200] {processor.py:183} INFO - Processing /usr/local/lib/python3.8/site-packages/airflow/example_dags/example_kubernetes_executor.py took 0.155 seconds
[2024-03-18T10:18:43.424+0200] {processor.py:161} INFO - Started process (PID=11112) to work on /usr/local/lib/python3.8/site-packages/airflow/example_dags/example_kubernetes_executor.py
[2024-03-18T10:18:43.426+0200] {processor.py:830} INFO - Processing file /usr/local/lib/python3.8/site-packages/airflow/example_dags/example_kubernetes_executor.py for tasks to queue
[2024-03-18T10:18:43.426+0200] {logging_mixin.py:188} INFO - [2024-03-18T10:18:43.426+0200] {dagbag.py:540} INFO - Filling up the DagBag from /usr/local/lib/python3.8/site-packages/airflow/example_dags/example_kubernetes_executor.py
[2024-03-18T10:18:43.457+0200] {logging_mixin.py:188} INFO - [2024-03-18T10:18:43.457+0200] {example_kubernetes_executor.py:38} WARNING - The example_kubernetes_executor example DAG requires the kubernetes provider. Please install it with: pip install apache-airflow[cncf.kubernetes]
[2024-03-18T10:18:43.458+0200] {processor.py:842} WARNING - No viable dags retrieved from /usr/local/lib/python3.8/site-packages/airflow/example_dags/example_kubernetes_executor.py
[2024-03-18T10:18:43.611+0200] {processor.py:183} INFO - Processing /usr/local/lib/python3.8/site-packages/airflow/example_dags/example_kubernetes_executor.py took 0.188 seconds
[2024-03-18T10:19:27.958+0200] {processor.py:161} INFO - Started process (PID=11293) to work on /usr/local/lib/python3.8/site-packages/airflow/example_dags/example_kubernetes_executor.py
[2024-03-18T10:19:27.960+0200] {processor.py:830} INFO - Processing file /usr/local/lib/python3.8/site-packages/airflow/example_dags/example_kubernetes_executor.py for tasks to queue
[2024-03-18T10:19:27.960+0200] {logging_mixin.py:188} INFO - [2024-03-18T10:19:27.960+0200] {dagbag.py:540} INFO - Filling up the DagBag from /usr/local/lib/python3.8/site-packages/airflow/example_dags/example_kubernetes_executor.py
[2024-03-18T10:19:27.988+0200] {logging_mixin.py:188} INFO - [2024-03-18T10:19:27.988+0200] {example_kubernetes_executor.py:38} WARNING - The example_kubernetes_executor example DAG requires the kubernetes provider. Please install it with: pip install apache-airflow[cncf.kubernetes]
[2024-03-18T10:19:27.988+0200] {processor.py:842} WARNING - No viable dags retrieved from /usr/local/lib/python3.8/site-packages/airflow/example_dags/example_kubernetes_executor.py
[2024-03-18T10:19:28.140+0200] {processor.py:183} INFO - Processing /usr/local/lib/python3.8/site-packages/airflow/example_dags/example_kubernetes_executor.py took 0.183 seconds
[2024-03-18T10:20:20.811+0200] {processor.py:161} INFO - Started process (PID=11499) to work on /usr/local/lib/python3.8/site-packages/airflow/example_dags/example_kubernetes_executor.py
[2024-03-18T10:20:20.813+0200] {processor.py:830} INFO - Processing file /usr/local/lib/python3.8/site-packages/airflow/example_dags/example_kubernetes_executor.py for tasks to queue
[2024-03-18T10:20:20.813+0200] {logging_mixin.py:188} INFO - [2024-03-18T10:20:20.813+0200] {dagbag.py:540} INFO - Filling up the DagBag from /usr/local/lib/python3.8/site-packages/airflow/example_dags/example_kubernetes_executor.py
[2024-03-18T10:20:20.844+0200] {logging_mixin.py:188} INFO - [2024-03-18T10:20:20.844+0200] {example_kubernetes_executor.py:38} WARNING - The example_kubernetes_executor example DAG requires the kubernetes provider. Please install it with: pip install apache-airflow[cncf.kubernetes]
[2024-03-18T10:20:20.844+0200] {processor.py:842} WARNING - No viable dags retrieved from /usr/local/lib/python3.8/site-packages/airflow/example_dags/example_kubernetes_executor.py
[2024-03-18T10:20:21.008+0200] {processor.py:183} INFO - Processing /usr/local/lib/python3.8/site-packages/airflow/example_dags/example_kubernetes_executor.py took 0.198 seconds
[2024-03-18T10:21:14.293+0200] {processor.py:161} INFO - Started process (PID=11740) to work on /usr/local/lib/python3.8/site-packages/airflow/example_dags/example_kubernetes_executor.py
[2024-03-18T10:21:14.294+0200] {processor.py:830} INFO - Processing file /usr/local/lib/python3.8/site-packages/airflow/example_dags/example_kubernetes_executor.py for tasks to queue
[2024-03-18T10:21:14.295+0200] {logging_mixin.py:188} INFO - [2024-03-18T10:21:14.295+0200] {dagbag.py:540} INFO - Filling up the DagBag from /usr/local/lib/python3.8/site-packages/airflow/example_dags/example_kubernetes_executor.py
[2024-03-18T10:21:14.327+0200] {logging_mixin.py:188} INFO - [2024-03-18T10:21:14.327+0200] {example_kubernetes_executor.py:38} WARNING - The example_kubernetes_executor example DAG requires the kubernetes provider. Please install it with: pip install apache-airflow[cncf.kubernetes]
[2024-03-18T10:21:14.327+0200] {processor.py:842} WARNING - No viable dags retrieved from /usr/local/lib/python3.8/site-packages/airflow/example_dags/example_kubernetes_executor.py
[2024-03-18T10:21:14.476+0200] {processor.py:183} INFO - Processing /usr/local/lib/python3.8/site-packages/airflow/example_dags/example_kubernetes_executor.py took 0.184 seconds
[2024-03-18T10:23:36.262+0200] {processor.py:161} INFO - Started process (PID=11943) to work on /usr/local/lib/python3.8/site-packages/airflow/example_dags/example_kubernetes_executor.py
[2024-03-18T10:23:36.264+0200] {processor.py:830} INFO - Processing file /usr/local/lib/python3.8/site-packages/airflow/example_dags/example_kubernetes_executor.py for tasks to queue
[2024-03-18T10:23:36.265+0200] {logging_mixin.py:188} INFO - [2024-03-18T10:23:36.265+0200] {dagbag.py:540} INFO - Filling up the DagBag from /usr/local/lib/python3.8/site-packages/airflow/example_dags/example_kubernetes_executor.py
[2024-03-18T10:23:36.316+0200] {logging_mixin.py:188} INFO - [2024-03-18T10:23:36.315+0200] {example_kubernetes_executor.py:38} WARNING - The example_kubernetes_executor example DAG requires the kubernetes provider. Please install it with: pip install apache-airflow[cncf.kubernetes]
[2024-03-18T10:23:36.316+0200] {processor.py:842} WARNING - No viable dags retrieved from /usr/local/lib/python3.8/site-packages/airflow/example_dags/example_kubernetes_executor.py
[2024-03-18T10:23:36.488+0200] {processor.py:183} INFO - Processing /usr/local/lib/python3.8/site-packages/airflow/example_dags/example_kubernetes_executor.py took 0.228 seconds
[2024-03-18T10:24:28.068+0200] {processor.py:161} INFO - Started process (PID=12154) to work on /usr/local/lib/python3.8/site-packages/airflow/example_dags/example_kubernetes_executor.py
[2024-03-18T10:24:28.069+0200] {processor.py:830} INFO - Processing file /usr/local/lib/python3.8/site-packages/airflow/example_dags/example_kubernetes_executor.py for tasks to queue
[2024-03-18T10:24:28.070+0200] {logging_mixin.py:188} INFO - [2024-03-18T10:24:28.070+0200] {dagbag.py:540} INFO - Filling up the DagBag from /usr/local/lib/python3.8/site-packages/airflow/example_dags/example_kubernetes_executor.py
[2024-03-18T10:24:28.108+0200] {logging_mixin.py:188} INFO - [2024-03-18T10:24:28.107+0200] {example_kubernetes_executor.py:38} WARNING - The example_kubernetes_executor example DAG requires the kubernetes provider. Please install it with: pip install apache-airflow[cncf.kubernetes]
[2024-03-18T10:24:28.108+0200] {processor.py:842} WARNING - No viable dags retrieved from /usr/local/lib/python3.8/site-packages/airflow/example_dags/example_kubernetes_executor.py
[2024-03-18T10:24:28.298+0200] {processor.py:183} INFO - Processing /usr/local/lib/python3.8/site-packages/airflow/example_dags/example_kubernetes_executor.py took 0.232 seconds
[2024-03-18T10:25:22.623+0200] {processor.py:161} INFO - Started process (PID=12374) to work on /usr/local/lib/python3.8/site-packages/airflow/example_dags/example_kubernetes_executor.py
[2024-03-18T10:25:22.624+0200] {processor.py:830} INFO - Processing file /usr/local/lib/python3.8/site-packages/airflow/example_dags/example_kubernetes_executor.py for tasks to queue
[2024-03-18T10:25:22.625+0200] {logging_mixin.py:188} INFO - [2024-03-18T10:25:22.624+0200] {dagbag.py:540} INFO - Filling up the DagBag from /usr/local/lib/python3.8/site-packages/airflow/example_dags/example_kubernetes_executor.py
[2024-03-18T10:25:22.660+0200] {logging_mixin.py:188} INFO - [2024-03-18T10:25:22.660+0200] {example_kubernetes_executor.py:38} WARNING - The example_kubernetes_executor example DAG requires the kubernetes provider. Please install it with: pip install apache-airflow[cncf.kubernetes]
[2024-03-18T10:25:22.660+0200] {processor.py:842} WARNING - No viable dags retrieved from /usr/local/lib/python3.8/site-packages/airflow/example_dags/example_kubernetes_executor.py
[2024-03-18T10:25:22.837+0200] {processor.py:183} INFO - Processing /usr/local/lib/python3.8/site-packages/airflow/example_dags/example_kubernetes_executor.py took 0.217 seconds
[2024-03-18T10:27:01.636+0200] {processor.py:161} INFO - Started process (PID=13119) to work on /usr/local/lib/python3.8/site-packages/airflow/example_dags/example_kubernetes_executor.py
[2024-03-18T10:27:01.638+0200] {processor.py:830} INFO - Processing file /usr/local/lib/python3.8/site-packages/airflow/example_dags/example_kubernetes_executor.py for tasks to queue
[2024-03-18T10:27:01.638+0200] {logging_mixin.py:188} INFO - [2024-03-18T10:27:01.638+0200] {dagbag.py:540} INFO - Filling up the DagBag from /usr/local/lib/python3.8/site-packages/airflow/example_dags/example_kubernetes_executor.py
[2024-03-18T10:27:01.670+0200] {logging_mixin.py:188} INFO - [2024-03-18T10:27:01.669+0200] {example_kubernetes_executor.py:38} WARNING - The example_kubernetes_executor example DAG requires the kubernetes provider. Please install it with: pip install apache-airflow[cncf.kubernetes]
[2024-03-18T10:27:01.670+0200] {processor.py:842} WARNING - No viable dags retrieved from /usr/local/lib/python3.8/site-packages/airflow/example_dags/example_kubernetes_executor.py
[2024-03-18T10:27:01.835+0200] {processor.py:183} INFO - Processing /usr/local/lib/python3.8/site-packages/airflow/example_dags/example_kubernetes_executor.py took 0.201 seconds
[2024-03-18T10:27:52.458+0200] {processor.py:161} INFO - Started process (PID=13408) to work on /usr/local/lib/python3.8/site-packages/airflow/example_dags/example_kubernetes_executor.py
[2024-03-18T10:27:52.459+0200] {processor.py:830} INFO - Processing file /usr/local/lib/python3.8/site-packages/airflow/example_dags/example_kubernetes_executor.py for tasks to queue
[2024-03-18T10:27:52.459+0200] {logging_mixin.py:188} INFO - [2024-03-18T10:27:52.459+0200] {dagbag.py:540} INFO - Filling up the DagBag from /usr/local/lib/python3.8/site-packages/airflow/example_dags/example_kubernetes_executor.py
[2024-03-18T10:27:52.490+0200] {logging_mixin.py:188} INFO - [2024-03-18T10:27:52.490+0200] {example_kubernetes_executor.py:38} WARNING - The example_kubernetes_executor example DAG requires the kubernetes provider. Please install it with: pip install apache-airflow[cncf.kubernetes]
[2024-03-18T10:27:52.490+0200] {processor.py:842} WARNING - No viable dags retrieved from /usr/local/lib/python3.8/site-packages/airflow/example_dags/example_kubernetes_executor.py
[2024-03-18T10:27:52.639+0200] {processor.py:183} INFO - Processing /usr/local/lib/python3.8/site-packages/airflow/example_dags/example_kubernetes_executor.py took 0.183 seconds
[2024-03-18T10:28:38.498+0200] {processor.py:161} INFO - Started process (PID=13581) to work on /usr/local/lib/python3.8/site-packages/airflow/example_dags/example_kubernetes_executor.py
[2024-03-18T10:28:38.499+0200] {processor.py:830} INFO - Processing file /usr/local/lib/python3.8/site-packages/airflow/example_dags/example_kubernetes_executor.py for tasks to queue
[2024-03-18T10:28:38.500+0200] {logging_mixin.py:188} INFO - [2024-03-18T10:28:38.500+0200] {dagbag.py:540} INFO - Filling up the DagBag from /usr/local/lib/python3.8/site-packages/airflow/example_dags/example_kubernetes_executor.py
[2024-03-18T10:28:38.530+0200] {logging_mixin.py:188} INFO - [2024-03-18T10:28:38.530+0200] {example_kubernetes_executor.py:38} WARNING - The example_kubernetes_executor example DAG requires the kubernetes provider. Please install it with: pip install apache-airflow[cncf.kubernetes]
[2024-03-18T10:28:38.530+0200] {processor.py:842} WARNING - No viable dags retrieved from /usr/local/lib/python3.8/site-packages/airflow/example_dags/example_kubernetes_executor.py
[2024-03-18T10:28:38.676+0200] {processor.py:183} INFO - Processing /usr/local/lib/python3.8/site-packages/airflow/example_dags/example_kubernetes_executor.py took 0.179 seconds
[2024-03-18T10:29:30.699+0200] {processor.py:161} INFO - Started process (PID=13775) to work on /usr/local/lib/python3.8/site-packages/airflow/example_dags/example_kubernetes_executor.py
[2024-03-18T10:29:30.700+0200] {processor.py:830} INFO - Processing file /usr/local/lib/python3.8/site-packages/airflow/example_dags/example_kubernetes_executor.py for tasks to queue
[2024-03-18T10:29:30.700+0200] {logging_mixin.py:188} INFO - [2024-03-18T10:29:30.700+0200] {dagbag.py:540} INFO - Filling up the DagBag from /usr/local/lib/python3.8/site-packages/airflow/example_dags/example_kubernetes_executor.py
[2024-03-18T10:29:30.731+0200] {logging_mixin.py:188} INFO - [2024-03-18T10:29:30.731+0200] {example_kubernetes_executor.py:38} WARNING - The example_kubernetes_executor example DAG requires the kubernetes provider. Please install it with: pip install apache-airflow[cncf.kubernetes]
[2024-03-18T10:29:30.731+0200] {processor.py:842} WARNING - No viable dags retrieved from /usr/local/lib/python3.8/site-packages/airflow/example_dags/example_kubernetes_executor.py
[2024-03-18T10:29:30.892+0200] {processor.py:183} INFO - Processing /usr/local/lib/python3.8/site-packages/airflow/example_dags/example_kubernetes_executor.py took 0.195 seconds
[2024-03-18T10:30:15.718+0200] {processor.py:161} INFO - Started process (PID=13943) to work on /usr/local/lib/python3.8/site-packages/airflow/example_dags/example_kubernetes_executor.py
[2024-03-18T10:30:15.719+0200] {processor.py:830} INFO - Processing file /usr/local/lib/python3.8/site-packages/airflow/example_dags/example_kubernetes_executor.py for tasks to queue
[2024-03-18T10:30:15.720+0200] {logging_mixin.py:188} INFO - [2024-03-18T10:30:15.720+0200] {dagbag.py:540} INFO - Filling up the DagBag from /usr/local/lib/python3.8/site-packages/airflow/example_dags/example_kubernetes_executor.py
[2024-03-18T10:30:15.748+0200] {logging_mixin.py:188} INFO - [2024-03-18T10:30:15.747+0200] {example_kubernetes_executor.py:38} WARNING - The example_kubernetes_executor example DAG requires the kubernetes provider. Please install it with: pip install apache-airflow[cncf.kubernetes]
[2024-03-18T10:30:15.748+0200] {processor.py:842} WARNING - No viable dags retrieved from /usr/local/lib/python3.8/site-packages/airflow/example_dags/example_kubernetes_executor.py
[2024-03-18T10:30:15.877+0200] {processor.py:183} INFO - Processing /usr/local/lib/python3.8/site-packages/airflow/example_dags/example_kubernetes_executor.py took 0.161 seconds
[2024-03-18T10:31:09.675+0200] {processor.py:161} INFO - Started process (PID=14157) to work on /usr/local/lib/python3.8/site-packages/airflow/example_dags/example_kubernetes_executor.py
[2024-03-18T10:31:09.676+0200] {processor.py:830} INFO - Processing file /usr/local/lib/python3.8/site-packages/airflow/example_dags/example_kubernetes_executor.py for tasks to queue
[2024-03-18T10:31:09.677+0200] {logging_mixin.py:188} INFO - [2024-03-18T10:31:09.676+0200] {dagbag.py:540} INFO - Filling up the DagBag from /usr/local/lib/python3.8/site-packages/airflow/example_dags/example_kubernetes_executor.py
[2024-03-18T10:31:09.709+0200] {logging_mixin.py:188} INFO - [2024-03-18T10:31:09.709+0200] {example_kubernetes_executor.py:38} WARNING - The example_kubernetes_executor example DAG requires the kubernetes provider. Please install it with: pip install apache-airflow[cncf.kubernetes]
[2024-03-18T10:31:09.709+0200] {processor.py:842} WARNING - No viable dags retrieved from /usr/local/lib/python3.8/site-packages/airflow/example_dags/example_kubernetes_executor.py
[2024-03-18T10:31:09.858+0200] {processor.py:183} INFO - Processing /usr/local/lib/python3.8/site-packages/airflow/example_dags/example_kubernetes_executor.py took 0.185 seconds
[2024-03-18T10:32:01.925+0200] {processor.py:161} INFO - Started process (PID=14371) to work on /usr/local/lib/python3.8/site-packages/airflow/example_dags/example_kubernetes_executor.py
[2024-03-18T10:32:01.926+0200] {processor.py:830} INFO - Processing file /usr/local/lib/python3.8/site-packages/airflow/example_dags/example_kubernetes_executor.py for tasks to queue
[2024-03-18T10:32:01.927+0200] {logging_mixin.py:188} INFO - [2024-03-18T10:32:01.927+0200] {dagbag.py:540} INFO - Filling up the DagBag from /usr/local/lib/python3.8/site-packages/airflow/example_dags/example_kubernetes_executor.py
[2024-03-18T10:32:01.958+0200] {logging_mixin.py:188} INFO - [2024-03-18T10:32:01.957+0200] {example_kubernetes_executor.py:38} WARNING - The example_kubernetes_executor example DAG requires the kubernetes provider. Please install it with: pip install apache-airflow[cncf.kubernetes]
[2024-03-18T10:32:01.958+0200] {processor.py:842} WARNING - No viable dags retrieved from /usr/local/lib/python3.8/site-packages/airflow/example_dags/example_kubernetes_executor.py
[2024-03-18T10:32:02.108+0200] {processor.py:183} INFO - Processing /usr/local/lib/python3.8/site-packages/airflow/example_dags/example_kubernetes_executor.py took 0.184 seconds
