[2024-03-18T09:42:20.884+0200] {processor.py:161} INFO - Started process (PID=1638) to work on /usr/local/lib/python3.8/site-packages/airflow/example_dags/example_setup_teardown.py
[2024-03-18T09:42:20.885+0200] {processor.py:830} INFO - Processing file /usr/local/lib/python3.8/site-packages/airflow/example_dags/example_setup_teardown.py for tasks to queue
[2024-03-18T09:42:20.886+0200] {logging_mixin.py:188} INFO - [2024-03-18T09:42:20.886+0200] {dagbag.py:540} INFO - Filling up the DagBag from /usr/local/lib/python3.8/site-packages/airflow/example_dags/example_setup_teardown.py
[2024-03-18T09:42:20.901+0200] {processor.py:840} INFO - DAG(s) 'example_setup_teardown' retrieved from /usr/local/lib/python3.8/site-packages/airflow/example_dags/example_setup_teardown.py
[2024-03-18T09:42:21.369+0200] {logging_mixin.py:188} INFO - [2024-03-18T09:42:21.368+0200] {dag.py:3047} INFO - Sync 1 DAGs
[2024-03-18T09:42:21.394+0200] {logging_mixin.py:188} INFO - [2024-03-18T09:42:21.393+0200] {dag.py:3834} INFO - Setting next_dagrun for example_setup_teardown to 2024-03-17 00:00:00+00:00, run_after=2024-03-18 00:00:00+00:00
[2024-03-18T09:42:21.414+0200] {processor.py:183} INFO - Processing /usr/local/lib/python3.8/site-packages/airflow/example_dags/example_setup_teardown.py took 0.532 seconds
[2024-03-18T09:43:10.316+0200] {processor.py:161} INFO - Started process (PID=1827) to work on /usr/local/lib/python3.8/site-packages/airflow/example_dags/example_setup_teardown.py
[2024-03-18T09:43:10.317+0200] {processor.py:830} INFO - Processing file /usr/local/lib/python3.8/site-packages/airflow/example_dags/example_setup_teardown.py for tasks to queue
[2024-03-18T09:43:10.318+0200] {logging_mixin.py:188} INFO - [2024-03-18T09:43:10.318+0200] {dagbag.py:540} INFO - Filling up the DagBag from /usr/local/lib/python3.8/site-packages/airflow/example_dags/example_setup_teardown.py
[2024-03-18T09:43:10.326+0200] {processor.py:840} INFO - DAG(s) 'example_setup_teardown' retrieved from /usr/local/lib/python3.8/site-packages/airflow/example_dags/example_setup_teardown.py
[2024-03-18T09:43:10.489+0200] {logging_mixin.py:188} INFO - [2024-03-18T09:43:10.488+0200] {dag.py:3047} INFO - Sync 1 DAGs
[2024-03-18T09:43:10.508+0200] {logging_mixin.py:188} INFO - [2024-03-18T09:43:10.508+0200] {dag.py:3834} INFO - Setting next_dagrun for example_setup_teardown to 2024-03-17 00:00:00+00:00, run_after=2024-03-18 00:00:00+00:00
[2024-03-18T09:43:10.539+0200] {processor.py:183} INFO - Processing /usr/local/lib/python3.8/site-packages/airflow/example_dags/example_setup_teardown.py took 0.224 seconds
[2024-03-18T09:43:54.245+0200] {processor.py:161} INFO - Started process (PID=2029) to work on /usr/local/lib/python3.8/site-packages/airflow/example_dags/example_setup_teardown.py
[2024-03-18T09:43:54.247+0200] {processor.py:830} INFO - Processing file /usr/local/lib/python3.8/site-packages/airflow/example_dags/example_setup_teardown.py for tasks to queue
[2024-03-18T09:43:54.248+0200] {logging_mixin.py:188} INFO - [2024-03-18T09:43:54.248+0200] {dagbag.py:540} INFO - Filling up the DagBag from /usr/local/lib/python3.8/site-packages/airflow/example_dags/example_setup_teardown.py
[2024-03-18T09:43:54.256+0200] {processor.py:840} INFO - DAG(s) 'example_setup_teardown' retrieved from /usr/local/lib/python3.8/site-packages/airflow/example_dags/example_setup_teardown.py
[2024-03-18T09:43:54.435+0200] {logging_mixin.py:188} INFO - [2024-03-18T09:43:54.434+0200] {dag.py:3047} INFO - Sync 1 DAGs
[2024-03-18T09:43:54.458+0200] {logging_mixin.py:188} INFO - [2024-03-18T09:43:54.458+0200] {dag.py:3834} INFO - Setting next_dagrun for example_setup_teardown to 2024-03-17 00:00:00+00:00, run_after=2024-03-18 00:00:00+00:00
[2024-03-18T09:43:54.491+0200] {processor.py:183} INFO - Processing /usr/local/lib/python3.8/site-packages/airflow/example_dags/example_setup_teardown.py took 0.247 seconds
[2024-03-18T09:44:39.914+0200] {processor.py:161} INFO - Started process (PID=2227) to work on /usr/local/lib/python3.8/site-packages/airflow/example_dags/example_setup_teardown.py
[2024-03-18T09:44:39.915+0200] {processor.py:830} INFO - Processing file /usr/local/lib/python3.8/site-packages/airflow/example_dags/example_setup_teardown.py for tasks to queue
[2024-03-18T09:44:39.916+0200] {logging_mixin.py:188} INFO - [2024-03-18T09:44:39.915+0200] {dagbag.py:540} INFO - Filling up the DagBag from /usr/local/lib/python3.8/site-packages/airflow/example_dags/example_setup_teardown.py
[2024-03-18T09:44:39.925+0200] {processor.py:840} INFO - DAG(s) 'example_setup_teardown' retrieved from /usr/local/lib/python3.8/site-packages/airflow/example_dags/example_setup_teardown.py
[2024-03-18T09:44:40.086+0200] {logging_mixin.py:188} INFO - [2024-03-18T09:44:40.086+0200] {dag.py:3047} INFO - Sync 1 DAGs
[2024-03-18T09:44:40.109+0200] {logging_mixin.py:188} INFO - [2024-03-18T09:44:40.109+0200] {dag.py:3834} INFO - Setting next_dagrun for example_setup_teardown to 2024-03-17 00:00:00+00:00, run_after=2024-03-18 00:00:00+00:00
[2024-03-18T09:44:40.129+0200] {processor.py:183} INFO - Processing /usr/local/lib/python3.8/site-packages/airflow/example_dags/example_setup_teardown.py took 0.216 seconds
[2024-03-18T09:45:30.347+0200] {processor.py:161} INFO - Started process (PID=2518) to work on /usr/local/lib/python3.8/site-packages/airflow/example_dags/example_setup_teardown.py
[2024-03-18T09:45:30.348+0200] {processor.py:830} INFO - Processing file /usr/local/lib/python3.8/site-packages/airflow/example_dags/example_setup_teardown.py for tasks to queue
[2024-03-18T09:45:30.348+0200] {logging_mixin.py:188} INFO - [2024-03-18T09:45:30.348+0200] {dagbag.py:540} INFO - Filling up the DagBag from /usr/local/lib/python3.8/site-packages/airflow/example_dags/example_setup_teardown.py
[2024-03-18T09:45:30.356+0200] {processor.py:840} INFO - DAG(s) 'example_setup_teardown' retrieved from /usr/local/lib/python3.8/site-packages/airflow/example_dags/example_setup_teardown.py
[2024-03-18T09:45:30.514+0200] {logging_mixin.py:188} INFO - [2024-03-18T09:45:30.513+0200] {dag.py:3047} INFO - Sync 1 DAGs
[2024-03-18T09:45:30.543+0200] {logging_mixin.py:188} INFO - [2024-03-18T09:45:30.543+0200] {dag.py:3834} INFO - Setting next_dagrun for example_setup_teardown to 2024-03-17 00:00:00+00:00, run_after=2024-03-18 00:00:00+00:00
[2024-03-18T09:45:30.559+0200] {processor.py:183} INFO - Processing /usr/local/lib/python3.8/site-packages/airflow/example_dags/example_setup_teardown.py took 0.214 seconds
[2024-03-18T09:46:17.791+0200] {processor.py:161} INFO - Started process (PID=2696) to work on /usr/local/lib/python3.8/site-packages/airflow/example_dags/example_setup_teardown.py
[2024-03-18T09:46:17.793+0200] {processor.py:830} INFO - Processing file /usr/local/lib/python3.8/site-packages/airflow/example_dags/example_setup_teardown.py for tasks to queue
[2024-03-18T09:46:17.795+0200] {logging_mixin.py:188} INFO - [2024-03-18T09:46:17.794+0200] {dagbag.py:540} INFO - Filling up the DagBag from /usr/local/lib/python3.8/site-packages/airflow/example_dags/example_setup_teardown.py
[2024-03-18T09:46:17.808+0200] {processor.py:840} INFO - DAG(s) 'example_setup_teardown' retrieved from /usr/local/lib/python3.8/site-packages/airflow/example_dags/example_setup_teardown.py
[2024-03-18T09:46:18.057+0200] {logging_mixin.py:188} INFO - [2024-03-18T09:46:18.057+0200] {dag.py:3047} INFO - Sync 1 DAGs
[2024-03-18T09:46:18.098+0200] {logging_mixin.py:188} INFO - [2024-03-18T09:46:18.098+0200] {dag.py:3834} INFO - Setting next_dagrun for example_setup_teardown to 2024-03-17 00:00:00+00:00, run_after=2024-03-18 00:00:00+00:00
[2024-03-18T09:46:18.139+0200] {processor.py:183} INFO - Processing /usr/local/lib/python3.8/site-packages/airflow/example_dags/example_setup_teardown.py took 0.350 seconds
[2024-03-18T09:47:05.707+0200] {processor.py:161} INFO - Started process (PID=2975) to work on /usr/local/lib/python3.8/site-packages/airflow/example_dags/example_setup_teardown.py
[2024-03-18T09:47:05.708+0200] {processor.py:830} INFO - Processing file /usr/local/lib/python3.8/site-packages/airflow/example_dags/example_setup_teardown.py for tasks to queue
[2024-03-18T09:47:05.708+0200] {logging_mixin.py:188} INFO - [2024-03-18T09:47:05.708+0200] {dagbag.py:540} INFO - Filling up the DagBag from /usr/local/lib/python3.8/site-packages/airflow/example_dags/example_setup_teardown.py
[2024-03-18T09:47:05.715+0200] {processor.py:840} INFO - DAG(s) 'example_setup_teardown' retrieved from /usr/local/lib/python3.8/site-packages/airflow/example_dags/example_setup_teardown.py
[2024-03-18T09:47:05.858+0200] {logging_mixin.py:188} INFO - [2024-03-18T09:47:05.857+0200] {dag.py:3047} INFO - Sync 1 DAGs
[2024-03-18T09:47:05.888+0200] {logging_mixin.py:188} INFO - [2024-03-18T09:47:05.888+0200] {dag.py:3834} INFO - Setting next_dagrun for example_setup_teardown to 2024-03-17 00:00:00+00:00, run_after=2024-03-18 00:00:00+00:00
[2024-03-18T09:47:05.901+0200] {processor.py:183} INFO - Processing /usr/local/lib/python3.8/site-packages/airflow/example_dags/example_setup_teardown.py took 0.196 seconds
[2024-03-18T09:47:50.035+0200] {processor.py:161} INFO - Started process (PID=3154) to work on /usr/local/lib/python3.8/site-packages/airflow/example_dags/example_setup_teardown.py
[2024-03-18T09:47:50.035+0200] {processor.py:830} INFO - Processing file /usr/local/lib/python3.8/site-packages/airflow/example_dags/example_setup_teardown.py for tasks to queue
[2024-03-18T09:47:50.036+0200] {logging_mixin.py:188} INFO - [2024-03-18T09:47:50.036+0200] {dagbag.py:540} INFO - Filling up the DagBag from /usr/local/lib/python3.8/site-packages/airflow/example_dags/example_setup_teardown.py
[2024-03-18T09:47:50.043+0200] {processor.py:840} INFO - DAG(s) 'example_setup_teardown' retrieved from /usr/local/lib/python3.8/site-packages/airflow/example_dags/example_setup_teardown.py
[2024-03-18T09:47:50.183+0200] {logging_mixin.py:188} INFO - [2024-03-18T09:47:50.183+0200] {dag.py:3047} INFO - Sync 1 DAGs
[2024-03-18T09:47:50.200+0200] {logging_mixin.py:188} INFO - [2024-03-18T09:47:50.200+0200] {dag.py:3834} INFO - Setting next_dagrun for example_setup_teardown to 2024-03-17 00:00:00+00:00, run_after=2024-03-18 00:00:00+00:00
[2024-03-18T09:47:50.213+0200] {processor.py:183} INFO - Processing /usr/local/lib/python3.8/site-packages/airflow/example_dags/example_setup_teardown.py took 0.180 seconds
[2024-03-18T09:48:39.916+0200] {processor.py:161} INFO - Started process (PID=3337) to work on /usr/local/lib/python3.8/site-packages/airflow/example_dags/example_setup_teardown.py
[2024-03-18T09:48:39.917+0200] {processor.py:830} INFO - Processing file /usr/local/lib/python3.8/site-packages/airflow/example_dags/example_setup_teardown.py for tasks to queue
[2024-03-18T09:48:39.918+0200] {logging_mixin.py:188} INFO - [2024-03-18T09:48:39.917+0200] {dagbag.py:540} INFO - Filling up the DagBag from /usr/local/lib/python3.8/site-packages/airflow/example_dags/example_setup_teardown.py
[2024-03-18T09:48:39.927+0200] {processor.py:840} INFO - DAG(s) 'example_setup_teardown' retrieved from /usr/local/lib/python3.8/site-packages/airflow/example_dags/example_setup_teardown.py
[2024-03-18T09:48:40.093+0200] {logging_mixin.py:188} INFO - [2024-03-18T09:48:40.092+0200] {dag.py:3047} INFO - Sync 1 DAGs
[2024-03-18T09:48:40.114+0200] {logging_mixin.py:188} INFO - [2024-03-18T09:48:40.114+0200] {dag.py:3834} INFO - Setting next_dagrun for example_setup_teardown to 2024-03-17 00:00:00+00:00, run_after=2024-03-18 00:00:00+00:00
[2024-03-18T09:48:40.146+0200] {processor.py:183} INFO - Processing /usr/local/lib/python3.8/site-packages/airflow/example_dags/example_setup_teardown.py took 0.232 seconds
[2024-03-18T09:49:29.578+0200] {processor.py:161} INFO - Started process (PID=3525) to work on /usr/local/lib/python3.8/site-packages/airflow/example_dags/example_setup_teardown.py
[2024-03-18T09:49:29.579+0200] {processor.py:830} INFO - Processing file /usr/local/lib/python3.8/site-packages/airflow/example_dags/example_setup_teardown.py for tasks to queue
[2024-03-18T09:49:29.580+0200] {logging_mixin.py:188} INFO - [2024-03-18T09:49:29.579+0200] {dagbag.py:540} INFO - Filling up the DagBag from /usr/local/lib/python3.8/site-packages/airflow/example_dags/example_setup_teardown.py
[2024-03-18T09:49:29.588+0200] {processor.py:840} INFO - DAG(s) 'example_setup_teardown' retrieved from /usr/local/lib/python3.8/site-packages/airflow/example_dags/example_setup_teardown.py
[2024-03-18T09:49:29.791+0200] {logging_mixin.py:188} INFO - [2024-03-18T09:49:29.790+0200] {dag.py:3047} INFO - Sync 1 DAGs
[2024-03-18T09:49:29.832+0200] {logging_mixin.py:188} INFO - [2024-03-18T09:49:29.832+0200] {dag.py:3834} INFO - Setting next_dagrun for example_setup_teardown to 2024-03-17 00:00:00+00:00, run_after=2024-03-18 00:00:00+00:00
[2024-03-18T09:49:29.849+0200] {processor.py:183} INFO - Processing /usr/local/lib/python3.8/site-packages/airflow/example_dags/example_setup_teardown.py took 0.273 seconds
[2024-03-18T09:50:10.273+0200] {processor.py:161} INFO - Started process (PID=3690) to work on /usr/local/lib/python3.8/site-packages/airflow/example_dags/example_setup_teardown.py
[2024-03-18T09:50:10.273+0200] {processor.py:830} INFO - Processing file /usr/local/lib/python3.8/site-packages/airflow/example_dags/example_setup_teardown.py for tasks to queue
[2024-03-18T09:50:10.274+0200] {logging_mixin.py:188} INFO - [2024-03-18T09:50:10.274+0200] {dagbag.py:540} INFO - Filling up the DagBag from /usr/local/lib/python3.8/site-packages/airflow/example_dags/example_setup_teardown.py
[2024-03-18T09:50:10.280+0200] {processor.py:840} INFO - DAG(s) 'example_setup_teardown' retrieved from /usr/local/lib/python3.8/site-packages/airflow/example_dags/example_setup_teardown.py
[2024-03-18T09:50:10.431+0200] {logging_mixin.py:188} INFO - [2024-03-18T09:50:10.431+0200] {dag.py:3047} INFO - Sync 1 DAGs
[2024-03-18T09:50:10.452+0200] {logging_mixin.py:188} INFO - [2024-03-18T09:50:10.452+0200] {dag.py:3834} INFO - Setting next_dagrun for example_setup_teardown to 2024-03-17 00:00:00+00:00, run_after=2024-03-18 00:00:00+00:00
[2024-03-18T09:50:10.483+0200] {processor.py:183} INFO - Processing /usr/local/lib/python3.8/site-packages/airflow/example_dags/example_setup_teardown.py took 0.212 seconds
[2024-03-18T09:50:54.306+0200] {processor.py:161} INFO - Started process (PID=3872) to work on /usr/local/lib/python3.8/site-packages/airflow/example_dags/example_setup_teardown.py
[2024-03-18T09:50:54.306+0200] {processor.py:830} INFO - Processing file /usr/local/lib/python3.8/site-packages/airflow/example_dags/example_setup_teardown.py for tasks to queue
[2024-03-18T09:50:54.307+0200] {logging_mixin.py:188} INFO - [2024-03-18T09:50:54.307+0200] {dagbag.py:540} INFO - Filling up the DagBag from /usr/local/lib/python3.8/site-packages/airflow/example_dags/example_setup_teardown.py
[2024-03-18T09:50:54.313+0200] {processor.py:840} INFO - DAG(s) 'example_setup_teardown' retrieved from /usr/local/lib/python3.8/site-packages/airflow/example_dags/example_setup_teardown.py
[2024-03-18T09:50:54.457+0200] {logging_mixin.py:188} INFO - [2024-03-18T09:50:54.456+0200] {dag.py:3047} INFO - Sync 1 DAGs
[2024-03-18T09:50:54.492+0200] {logging_mixin.py:188} INFO - [2024-03-18T09:50:54.492+0200] {dag.py:3834} INFO - Setting next_dagrun for example_setup_teardown to 2024-03-17 00:00:00+00:00, run_after=2024-03-18 00:00:00+00:00
[2024-03-18T09:50:54.506+0200] {processor.py:183} INFO - Processing /usr/local/lib/python3.8/site-packages/airflow/example_dags/example_setup_teardown.py took 0.202 seconds
[2024-03-18T09:51:40.629+0200] {processor.py:161} INFO - Started process (PID=4053) to work on /usr/local/lib/python3.8/site-packages/airflow/example_dags/example_setup_teardown.py
[2024-03-18T09:51:40.629+0200] {processor.py:830} INFO - Processing file /usr/local/lib/python3.8/site-packages/airflow/example_dags/example_setup_teardown.py for tasks to queue
[2024-03-18T09:51:40.630+0200] {logging_mixin.py:188} INFO - [2024-03-18T09:51:40.630+0200] {dagbag.py:540} INFO - Filling up the DagBag from /usr/local/lib/python3.8/site-packages/airflow/example_dags/example_setup_teardown.py
[2024-03-18T09:51:40.638+0200] {processor.py:840} INFO - DAG(s) 'example_setup_teardown' retrieved from /usr/local/lib/python3.8/site-packages/airflow/example_dags/example_setup_teardown.py
[2024-03-18T09:51:40.840+0200] {logging_mixin.py:188} INFO - [2024-03-18T09:51:40.840+0200] {dag.py:3047} INFO - Sync 1 DAGs
[2024-03-18T09:51:40.896+0200] {logging_mixin.py:188} INFO - [2024-03-18T09:51:40.895+0200] {dag.py:3834} INFO - Setting next_dagrun for example_setup_teardown to 2024-03-17 00:00:00+00:00, run_after=2024-03-18 00:00:00+00:00
[2024-03-18T09:51:40.961+0200] {processor.py:183} INFO - Processing /usr/local/lib/python3.8/site-packages/airflow/example_dags/example_setup_teardown.py took 0.334 seconds
[2024-03-18T09:52:30.034+0200] {processor.py:161} INFO - Started process (PID=4242) to work on /usr/local/lib/python3.8/site-packages/airflow/example_dags/example_setup_teardown.py
[2024-03-18T09:52:30.035+0200] {processor.py:830} INFO - Processing file /usr/local/lib/python3.8/site-packages/airflow/example_dags/example_setup_teardown.py for tasks to queue
[2024-03-18T09:52:30.035+0200] {logging_mixin.py:188} INFO - [2024-03-18T09:52:30.035+0200] {dagbag.py:540} INFO - Filling up the DagBag from /usr/local/lib/python3.8/site-packages/airflow/example_dags/example_setup_teardown.py
[2024-03-18T09:52:30.042+0200] {processor.py:840} INFO - DAG(s) 'example_setup_teardown' retrieved from /usr/local/lib/python3.8/site-packages/airflow/example_dags/example_setup_teardown.py
[2024-03-18T09:52:30.198+0200] {logging_mixin.py:188} INFO - [2024-03-18T09:52:30.197+0200] {dag.py:3047} INFO - Sync 1 DAGs
[2024-03-18T09:52:30.232+0200] {logging_mixin.py:188} INFO - [2024-03-18T09:52:30.232+0200] {dag.py:3834} INFO - Setting next_dagrun for example_setup_teardown to 2024-03-17 00:00:00+00:00, run_after=2024-03-18 00:00:00+00:00
[2024-03-18T09:52:30.247+0200] {processor.py:183} INFO - Processing /usr/local/lib/python3.8/site-packages/airflow/example_dags/example_setup_teardown.py took 0.214 seconds
[2024-03-18T09:53:09.465+0200] {processor.py:161} INFO - Started process (PID=4395) to work on /usr/local/lib/python3.8/site-packages/airflow/example_dags/example_setup_teardown.py
[2024-03-18T09:53:09.466+0200] {processor.py:830} INFO - Processing file /usr/local/lib/python3.8/site-packages/airflow/example_dags/example_setup_teardown.py for tasks to queue
[2024-03-18T09:53:09.467+0200] {logging_mixin.py:188} INFO - [2024-03-18T09:53:09.467+0200] {dagbag.py:540} INFO - Filling up the DagBag from /usr/local/lib/python3.8/site-packages/airflow/example_dags/example_setup_teardown.py
[2024-03-18T09:53:09.477+0200] {processor.py:840} INFO - DAG(s) 'example_setup_teardown' retrieved from /usr/local/lib/python3.8/site-packages/airflow/example_dags/example_setup_teardown.py
[2024-03-18T09:53:09.656+0200] {logging_mixin.py:188} INFO - [2024-03-18T09:53:09.656+0200] {dag.py:3047} INFO - Sync 1 DAGs
[2024-03-18T09:53:09.688+0200] {logging_mixin.py:188} INFO - [2024-03-18T09:53:09.688+0200] {dag.py:3834} INFO - Setting next_dagrun for example_setup_teardown to 2024-03-17 00:00:00+00:00, run_after=2024-03-18 00:00:00+00:00
[2024-03-18T09:53:09.704+0200] {processor.py:183} INFO - Processing /usr/local/lib/python3.8/site-packages/airflow/example_dags/example_setup_teardown.py took 0.240 seconds
[2024-03-18T09:53:52.119+0200] {processor.py:161} INFO - Started process (PID=4569) to work on /usr/local/lib/python3.8/site-packages/airflow/example_dags/example_setup_teardown.py
[2024-03-18T09:53:52.120+0200] {processor.py:830} INFO - Processing file /usr/local/lib/python3.8/site-packages/airflow/example_dags/example_setup_teardown.py for tasks to queue
[2024-03-18T09:53:52.120+0200] {logging_mixin.py:188} INFO - [2024-03-18T09:53:52.120+0200] {dagbag.py:540} INFO - Filling up the DagBag from /usr/local/lib/python3.8/site-packages/airflow/example_dags/example_setup_teardown.py
[2024-03-18T09:53:52.128+0200] {processor.py:840} INFO - DAG(s) 'example_setup_teardown' retrieved from /usr/local/lib/python3.8/site-packages/airflow/example_dags/example_setup_teardown.py
[2024-03-18T09:53:52.277+0200] {logging_mixin.py:188} INFO - [2024-03-18T09:53:52.276+0200] {dag.py:3047} INFO - Sync 1 DAGs
[2024-03-18T09:53:52.298+0200] {logging_mixin.py:188} INFO - [2024-03-18T09:53:52.298+0200] {dag.py:3834} INFO - Setting next_dagrun for example_setup_teardown to 2024-03-17 00:00:00+00:00, run_after=2024-03-18 00:00:00+00:00
[2024-03-18T09:53:52.330+0200] {processor.py:183} INFO - Processing /usr/local/lib/python3.8/site-packages/airflow/example_dags/example_setup_teardown.py took 0.213 seconds
[2024-03-18T09:54:38.719+0200] {processor.py:161} INFO - Started process (PID=4739) to work on /usr/local/lib/python3.8/site-packages/airflow/example_dags/example_setup_teardown.py
[2024-03-18T09:54:38.720+0200] {processor.py:830} INFO - Processing file /usr/local/lib/python3.8/site-packages/airflow/example_dags/example_setup_teardown.py for tasks to queue
[2024-03-18T09:54:38.721+0200] {logging_mixin.py:188} INFO - [2024-03-18T09:54:38.721+0200] {dagbag.py:540} INFO - Filling up the DagBag from /usr/local/lib/python3.8/site-packages/airflow/example_dags/example_setup_teardown.py
[2024-03-18T09:54:38.730+0200] {processor.py:840} INFO - DAG(s) 'example_setup_teardown' retrieved from /usr/local/lib/python3.8/site-packages/airflow/example_dags/example_setup_teardown.py
[2024-03-18T09:54:38.888+0200] {logging_mixin.py:188} INFO - [2024-03-18T09:54:38.888+0200] {dag.py:3047} INFO - Sync 1 DAGs
[2024-03-18T09:54:38.933+0200] {logging_mixin.py:188} INFO - [2024-03-18T09:54:38.933+0200] {dag.py:3834} INFO - Setting next_dagrun for example_setup_teardown to 2024-03-17 00:00:00+00:00, run_after=2024-03-18 00:00:00+00:00
[2024-03-18T09:54:38.989+0200] {processor.py:183} INFO - Processing /usr/local/lib/python3.8/site-packages/airflow/example_dags/example_setup_teardown.py took 0.272 seconds
[2024-03-18T09:55:22.857+0200] {processor.py:161} INFO - Started process (PID=4918) to work on /usr/local/lib/python3.8/site-packages/airflow/example_dags/example_setup_teardown.py
[2024-03-18T09:55:22.858+0200] {processor.py:830} INFO - Processing file /usr/local/lib/python3.8/site-packages/airflow/example_dags/example_setup_teardown.py for tasks to queue
[2024-03-18T09:55:22.859+0200] {logging_mixin.py:188} INFO - [2024-03-18T09:55:22.859+0200] {dagbag.py:540} INFO - Filling up the DagBag from /usr/local/lib/python3.8/site-packages/airflow/example_dags/example_setup_teardown.py
[2024-03-18T09:55:22.867+0200] {processor.py:840} INFO - DAG(s) 'example_setup_teardown' retrieved from /usr/local/lib/python3.8/site-packages/airflow/example_dags/example_setup_teardown.py
[2024-03-18T09:55:23.028+0200] {logging_mixin.py:188} INFO - [2024-03-18T09:55:23.028+0200] {dag.py:3047} INFO - Sync 1 DAGs
[2024-03-18T09:55:23.049+0200] {logging_mixin.py:188} INFO - [2024-03-18T09:55:23.049+0200] {dag.py:3834} INFO - Setting next_dagrun for example_setup_teardown to 2024-03-17 00:00:00+00:00, run_after=2024-03-18 00:00:00+00:00
[2024-03-18T09:55:23.083+0200] {processor.py:183} INFO - Processing /usr/local/lib/python3.8/site-packages/airflow/example_dags/example_setup_teardown.py took 0.227 seconds
[2024-03-18T09:56:10.888+0200] {processor.py:161} INFO - Started process (PID=5159) to work on /usr/local/lib/python3.8/site-packages/airflow/example_dags/example_setup_teardown.py
[2024-03-18T09:56:10.890+0200] {processor.py:830} INFO - Processing file /usr/local/lib/python3.8/site-packages/airflow/example_dags/example_setup_teardown.py for tasks to queue
[2024-03-18T09:56:10.891+0200] {logging_mixin.py:188} INFO - [2024-03-18T09:56:10.890+0200] {dagbag.py:540} INFO - Filling up the DagBag from /usr/local/lib/python3.8/site-packages/airflow/example_dags/example_setup_teardown.py
[2024-03-18T09:56:10.899+0200] {processor.py:840} INFO - DAG(s) 'example_setup_teardown' retrieved from /usr/local/lib/python3.8/site-packages/airflow/example_dags/example_setup_teardown.py
[2024-03-18T09:56:11.077+0200] {logging_mixin.py:188} INFO - [2024-03-18T09:56:11.077+0200] {dag.py:3047} INFO - Sync 1 DAGs
[2024-03-18T09:56:11.101+0200] {logging_mixin.py:188} INFO - [2024-03-18T09:56:11.100+0200] {dag.py:3834} INFO - Setting next_dagrun for example_setup_teardown to 2024-03-17 00:00:00+00:00, run_after=2024-03-18 00:00:00+00:00
[2024-03-18T09:56:11.134+0200] {processor.py:183} INFO - Processing /usr/local/lib/python3.8/site-packages/airflow/example_dags/example_setup_teardown.py took 0.247 seconds
[2024-03-18T09:57:10.560+0200] {processor.py:161} INFO - Started process (PID=5518) to work on /usr/local/lib/python3.8/site-packages/airflow/example_dags/example_setup_teardown.py
[2024-03-18T09:57:10.562+0200] {processor.py:830} INFO - Processing file /usr/local/lib/python3.8/site-packages/airflow/example_dags/example_setup_teardown.py for tasks to queue
[2024-03-18T09:57:10.563+0200] {logging_mixin.py:188} INFO - [2024-03-18T09:57:10.563+0200] {dagbag.py:540} INFO - Filling up the DagBag from /usr/local/lib/python3.8/site-packages/airflow/example_dags/example_setup_teardown.py
[2024-03-18T09:57:10.575+0200] {processor.py:840} INFO - DAG(s) 'example_setup_teardown' retrieved from /usr/local/lib/python3.8/site-packages/airflow/example_dags/example_setup_teardown.py
[2024-03-18T09:57:10.864+0200] {logging_mixin.py:188} INFO - [2024-03-18T09:57:10.864+0200] {dag.py:3047} INFO - Sync 1 DAGs
[2024-03-18T09:57:10.917+0200] {logging_mixin.py:188} INFO - [2024-03-18T09:57:10.917+0200] {dag.py:3834} INFO - Setting next_dagrun for example_setup_teardown to 2024-03-17 00:00:00+00:00, run_after=2024-03-18 00:00:00+00:00
[2024-03-18T09:57:10.964+0200] {processor.py:183} INFO - Processing /usr/local/lib/python3.8/site-packages/airflow/example_dags/example_setup_teardown.py took 0.406 seconds
[2024-03-18T09:57:56.836+0200] {processor.py:161} INFO - Started process (PID=5810) to work on /usr/local/lib/python3.8/site-packages/airflow/example_dags/example_setup_teardown.py
[2024-03-18T09:57:56.837+0200] {processor.py:830} INFO - Processing file /usr/local/lib/python3.8/site-packages/airflow/example_dags/example_setup_teardown.py for tasks to queue
[2024-03-18T09:57:56.837+0200] {logging_mixin.py:188} INFO - [2024-03-18T09:57:56.837+0200] {dagbag.py:540} INFO - Filling up the DagBag from /usr/local/lib/python3.8/site-packages/airflow/example_dags/example_setup_teardown.py
[2024-03-18T09:57:56.846+0200] {processor.py:840} INFO - DAG(s) 'example_setup_teardown' retrieved from /usr/local/lib/python3.8/site-packages/airflow/example_dags/example_setup_teardown.py
[2024-03-18T09:57:57.006+0200] {logging_mixin.py:188} INFO - [2024-03-18T09:57:57.005+0200] {dag.py:3047} INFO - Sync 1 DAGs
[2024-03-18T09:57:57.040+0200] {logging_mixin.py:188} INFO - [2024-03-18T09:57:57.040+0200] {dag.py:3834} INFO - Setting next_dagrun for example_setup_teardown to 2024-03-17 00:00:00+00:00, run_after=2024-03-18 00:00:00+00:00
[2024-03-18T09:57:57.054+0200] {processor.py:183} INFO - Processing /usr/local/lib/python3.8/site-packages/airflow/example_dags/example_setup_teardown.py took 0.220 seconds
[2024-03-18T09:58:35.285+0200] {processor.py:161} INFO - Started process (PID=5946) to work on /usr/local/lib/python3.8/site-packages/airflow/example_dags/example_setup_teardown.py
[2024-03-18T09:58:35.286+0200] {processor.py:830} INFO - Processing file /usr/local/lib/python3.8/site-packages/airflow/example_dags/example_setup_teardown.py for tasks to queue
[2024-03-18T09:58:35.287+0200] {logging_mixin.py:188} INFO - [2024-03-18T09:58:35.286+0200] {dagbag.py:540} INFO - Filling up the DagBag from /usr/local/lib/python3.8/site-packages/airflow/example_dags/example_setup_teardown.py
[2024-03-18T09:58:35.294+0200] {processor.py:840} INFO - DAG(s) 'example_setup_teardown' retrieved from /usr/local/lib/python3.8/site-packages/airflow/example_dags/example_setup_teardown.py
[2024-03-18T09:58:35.442+0200] {logging_mixin.py:188} INFO - [2024-03-18T09:58:35.442+0200] {dag.py:3047} INFO - Sync 1 DAGs
[2024-03-18T09:58:35.464+0200] {logging_mixin.py:188} INFO - [2024-03-18T09:58:35.464+0200] {dag.py:3834} INFO - Setting next_dagrun for example_setup_teardown to 2024-03-17 00:00:00+00:00, run_after=2024-03-18 00:00:00+00:00
[2024-03-18T09:58:35.496+0200] {processor.py:183} INFO - Processing /usr/local/lib/python3.8/site-packages/airflow/example_dags/example_setup_teardown.py took 0.212 seconds
[2024-03-18T09:59:18.503+0200] {processor.py:161} INFO - Started process (PID=6109) to work on /usr/local/lib/python3.8/site-packages/airflow/example_dags/example_setup_teardown.py
[2024-03-18T09:59:18.504+0200] {processor.py:830} INFO - Processing file /usr/local/lib/python3.8/site-packages/airflow/example_dags/example_setup_teardown.py for tasks to queue
[2024-03-18T09:59:18.505+0200] {logging_mixin.py:188} INFO - [2024-03-18T09:59:18.504+0200] {dagbag.py:540} INFO - Filling up the DagBag from /usr/local/lib/python3.8/site-packages/airflow/example_dags/example_setup_teardown.py
[2024-03-18T09:59:18.513+0200] {processor.py:840} INFO - DAG(s) 'example_setup_teardown' retrieved from /usr/local/lib/python3.8/site-packages/airflow/example_dags/example_setup_teardown.py
[2024-03-18T09:59:18.655+0200] {logging_mixin.py:188} INFO - [2024-03-18T09:59:18.655+0200] {dag.py:3047} INFO - Sync 1 DAGs
[2024-03-18T09:59:18.688+0200] {logging_mixin.py:188} INFO - [2024-03-18T09:59:18.688+0200] {dag.py:3834} INFO - Setting next_dagrun for example_setup_teardown to 2024-03-17 00:00:00+00:00, run_after=2024-03-18 00:00:00+00:00
[2024-03-18T09:59:18.703+0200] {processor.py:183} INFO - Processing /usr/local/lib/python3.8/site-packages/airflow/example_dags/example_setup_teardown.py took 0.201 seconds
[2024-03-18T10:00:04.179+0200] {processor.py:161} INFO - Started process (PID=6279) to work on /usr/local/lib/python3.8/site-packages/airflow/example_dags/example_setup_teardown.py
[2024-03-18T10:00:04.180+0200] {processor.py:830} INFO - Processing file /usr/local/lib/python3.8/site-packages/airflow/example_dags/example_setup_teardown.py for tasks to queue
[2024-03-18T10:00:04.181+0200] {logging_mixin.py:188} INFO - [2024-03-18T10:00:04.181+0200] {dagbag.py:540} INFO - Filling up the DagBag from /usr/local/lib/python3.8/site-packages/airflow/example_dags/example_setup_teardown.py
[2024-03-18T10:00:04.188+0200] {processor.py:840} INFO - DAG(s) 'example_setup_teardown' retrieved from /usr/local/lib/python3.8/site-packages/airflow/example_dags/example_setup_teardown.py
[2024-03-18T10:00:04.334+0200] {logging_mixin.py:188} INFO - [2024-03-18T10:00:04.333+0200] {dag.py:3047} INFO - Sync 1 DAGs
[2024-03-18T10:00:04.352+0200] {logging_mixin.py:188} INFO - [2024-03-18T10:00:04.352+0200] {dag.py:3834} INFO - Setting next_dagrun for example_setup_teardown to 2024-03-17 00:00:00+00:00, run_after=2024-03-18 00:00:00+00:00
[2024-03-18T10:00:04.366+0200] {processor.py:183} INFO - Processing /usr/local/lib/python3.8/site-packages/airflow/example_dags/example_setup_teardown.py took 0.188 seconds
[2024-03-18T10:00:52.256+0200] {processor.py:161} INFO - Started process (PID=6470) to work on /usr/local/lib/python3.8/site-packages/airflow/example_dags/example_setup_teardown.py
[2024-03-18T10:00:52.258+0200] {processor.py:830} INFO - Processing file /usr/local/lib/python3.8/site-packages/airflow/example_dags/example_setup_teardown.py for tasks to queue
[2024-03-18T10:00:52.259+0200] {logging_mixin.py:188} INFO - [2024-03-18T10:00:52.259+0200] {dagbag.py:540} INFO - Filling up the DagBag from /usr/local/lib/python3.8/site-packages/airflow/example_dags/example_setup_teardown.py
[2024-03-18T10:00:52.269+0200] {processor.py:840} INFO - DAG(s) 'example_setup_teardown' retrieved from /usr/local/lib/python3.8/site-packages/airflow/example_dags/example_setup_teardown.py
[2024-03-18T10:00:52.483+0200] {logging_mixin.py:188} INFO - [2024-03-18T10:00:52.483+0200] {dag.py:3047} INFO - Sync 1 DAGs
[2024-03-18T10:00:52.504+0200] {logging_mixin.py:188} INFO - [2024-03-18T10:00:52.503+0200] {dag.py:3834} INFO - Setting next_dagrun for example_setup_teardown to 2024-03-17 00:00:00+00:00, run_after=2024-03-18 00:00:00+00:00
[2024-03-18T10:00:52.536+0200] {processor.py:183} INFO - Processing /usr/local/lib/python3.8/site-packages/airflow/example_dags/example_setup_teardown.py took 0.283 seconds
[2024-03-18T10:01:38.666+0200] {processor.py:161} INFO - Started process (PID=6857) to work on /usr/local/lib/python3.8/site-packages/airflow/example_dags/example_setup_teardown.py
[2024-03-18T10:01:38.667+0200] {processor.py:830} INFO - Processing file /usr/local/lib/python3.8/site-packages/airflow/example_dags/example_setup_teardown.py for tasks to queue
[2024-03-18T10:01:38.668+0200] {logging_mixin.py:188} INFO - [2024-03-18T10:01:38.667+0200] {dagbag.py:540} INFO - Filling up the DagBag from /usr/local/lib/python3.8/site-packages/airflow/example_dags/example_setup_teardown.py
[2024-03-18T10:01:38.677+0200] {processor.py:840} INFO - DAG(s) 'example_setup_teardown' retrieved from /usr/local/lib/python3.8/site-packages/airflow/example_dags/example_setup_teardown.py
[2024-03-18T10:01:38.846+0200] {logging_mixin.py:188} INFO - [2024-03-18T10:01:38.846+0200] {dag.py:3047} INFO - Sync 1 DAGs
[2024-03-18T10:01:38.886+0200] {logging_mixin.py:188} INFO - [2024-03-18T10:01:38.886+0200] {dag.py:3834} INFO - Setting next_dagrun for example_setup_teardown to 2024-03-17 00:00:00+00:00, run_after=2024-03-18 00:00:00+00:00
[2024-03-18T10:01:38.904+0200] {processor.py:183} INFO - Processing /usr/local/lib/python3.8/site-packages/airflow/example_dags/example_setup_teardown.py took 0.240 seconds
[2024-03-18T10:02:23.360+0200] {processor.py:161} INFO - Started process (PID=7023) to work on /usr/local/lib/python3.8/site-packages/airflow/example_dags/example_setup_teardown.py
[2024-03-18T10:02:23.361+0200] {processor.py:830} INFO - Processing file /usr/local/lib/python3.8/site-packages/airflow/example_dags/example_setup_teardown.py for tasks to queue
[2024-03-18T10:02:23.361+0200] {logging_mixin.py:188} INFO - [2024-03-18T10:02:23.361+0200] {dagbag.py:540} INFO - Filling up the DagBag from /usr/local/lib/python3.8/site-packages/airflow/example_dags/example_setup_teardown.py
[2024-03-18T10:02:23.370+0200] {processor.py:840} INFO - DAG(s) 'example_setup_teardown' retrieved from /usr/local/lib/python3.8/site-packages/airflow/example_dags/example_setup_teardown.py
[2024-03-18T10:02:23.531+0200] {logging_mixin.py:188} INFO - [2024-03-18T10:02:23.531+0200] {dag.py:3047} INFO - Sync 1 DAGs
[2024-03-18T10:02:23.550+0200] {logging_mixin.py:188} INFO - [2024-03-18T10:02:23.550+0200] {dag.py:3834} INFO - Setting next_dagrun for example_setup_teardown to 2024-03-17 00:00:00+00:00, run_after=2024-03-18 00:00:00+00:00
[2024-03-18T10:02:23.581+0200] {processor.py:183} INFO - Processing /usr/local/lib/python3.8/site-packages/airflow/example_dags/example_setup_teardown.py took 0.223 seconds
[2024-03-18T10:03:17.554+0200] {processor.py:161} INFO - Started process (PID=7258) to work on /usr/local/lib/python3.8/site-packages/airflow/example_dags/example_setup_teardown.py
[2024-03-18T10:03:17.555+0200] {processor.py:830} INFO - Processing file /usr/local/lib/python3.8/site-packages/airflow/example_dags/example_setup_teardown.py for tasks to queue
[2024-03-18T10:03:17.556+0200] {logging_mixin.py:188} INFO - [2024-03-18T10:03:17.556+0200] {dagbag.py:540} INFO - Filling up the DagBag from /usr/local/lib/python3.8/site-packages/airflow/example_dags/example_setup_teardown.py
[2024-03-18T10:03:17.564+0200] {processor.py:840} INFO - DAG(s) 'example_setup_teardown' retrieved from /usr/local/lib/python3.8/site-packages/airflow/example_dags/example_setup_teardown.py
[2024-03-18T10:03:17.711+0200] {logging_mixin.py:188} INFO - [2024-03-18T10:03:17.711+0200] {dag.py:3047} INFO - Sync 1 DAGs
[2024-03-18T10:03:17.741+0200] {logging_mixin.py:188} INFO - [2024-03-18T10:03:17.741+0200] {dag.py:3834} INFO - Setting next_dagrun for example_setup_teardown to 2024-03-17 00:00:00+00:00, run_after=2024-03-18 00:00:00+00:00
[2024-03-18T10:03:17.758+0200] {processor.py:183} INFO - Processing /usr/local/lib/python3.8/site-packages/airflow/example_dags/example_setup_teardown.py took 0.206 seconds
[2024-03-18T10:04:02.692+0200] {processor.py:161} INFO - Started process (PID=7438) to work on /usr/local/lib/python3.8/site-packages/airflow/example_dags/example_setup_teardown.py
[2024-03-18T10:04:02.693+0200] {processor.py:830} INFO - Processing file /usr/local/lib/python3.8/site-packages/airflow/example_dags/example_setup_teardown.py for tasks to queue
[2024-03-18T10:04:02.694+0200] {logging_mixin.py:188} INFO - [2024-03-18T10:04:02.693+0200] {dagbag.py:540} INFO - Filling up the DagBag from /usr/local/lib/python3.8/site-packages/airflow/example_dags/example_setup_teardown.py
[2024-03-18T10:04:02.702+0200] {processor.py:840} INFO - DAG(s) 'example_setup_teardown' retrieved from /usr/local/lib/python3.8/site-packages/airflow/example_dags/example_setup_teardown.py
[2024-03-18T10:04:02.896+0200] {logging_mixin.py:188} INFO - [2024-03-18T10:04:02.896+0200] {dag.py:3047} INFO - Sync 1 DAGs
[2024-03-18T10:04:02.934+0200] {logging_mixin.py:188} INFO - [2024-03-18T10:04:02.934+0200] {dag.py:3834} INFO - Setting next_dagrun for example_setup_teardown to 2024-03-17 00:00:00+00:00, run_after=2024-03-18 00:00:00+00:00
[2024-03-18T10:04:02.951+0200] {processor.py:183} INFO - Processing /usr/local/lib/python3.8/site-packages/airflow/example_dags/example_setup_teardown.py took 0.261 seconds
[2024-03-18T10:04:43.225+0200] {processor.py:161} INFO - Started process (PID=7614) to work on /usr/local/lib/python3.8/site-packages/airflow/example_dags/example_setup_teardown.py
[2024-03-18T10:04:43.226+0200] {processor.py:830} INFO - Processing file /usr/local/lib/python3.8/site-packages/airflow/example_dags/example_setup_teardown.py for tasks to queue
[2024-03-18T10:04:43.227+0200] {logging_mixin.py:188} INFO - [2024-03-18T10:04:43.227+0200] {dagbag.py:540} INFO - Filling up the DagBag from /usr/local/lib/python3.8/site-packages/airflow/example_dags/example_setup_teardown.py
[2024-03-18T10:04:43.237+0200] {processor.py:840} INFO - DAG(s) 'example_setup_teardown' retrieved from /usr/local/lib/python3.8/site-packages/airflow/example_dags/example_setup_teardown.py
[2024-03-18T10:04:43.438+0200] {logging_mixin.py:188} INFO - [2024-03-18T10:04:43.438+0200] {dag.py:3047} INFO - Sync 1 DAGs
[2024-03-18T10:04:43.460+0200] {logging_mixin.py:188} INFO - [2024-03-18T10:04:43.460+0200] {dag.py:3834} INFO - Setting next_dagrun for example_setup_teardown to 2024-03-17 00:00:00+00:00, run_after=2024-03-18 00:00:00+00:00
[2024-03-18T10:04:43.491+0200] {processor.py:183} INFO - Processing /usr/local/lib/python3.8/site-packages/airflow/example_dags/example_setup_teardown.py took 0.268 seconds
[2024-03-18T10:05:34.826+0200] {processor.py:161} INFO - Started process (PID=7810) to work on /usr/local/lib/python3.8/site-packages/airflow/example_dags/example_setup_teardown.py
[2024-03-18T10:05:34.827+0200] {processor.py:830} INFO - Processing file /usr/local/lib/python3.8/site-packages/airflow/example_dags/example_setup_teardown.py for tasks to queue
[2024-03-18T10:05:34.828+0200] {logging_mixin.py:188} INFO - [2024-03-18T10:05:34.828+0200] {dagbag.py:540} INFO - Filling up the DagBag from /usr/local/lib/python3.8/site-packages/airflow/example_dags/example_setup_teardown.py
[2024-03-18T10:05:34.836+0200] {processor.py:840} INFO - DAG(s) 'example_setup_teardown' retrieved from /usr/local/lib/python3.8/site-packages/airflow/example_dags/example_setup_teardown.py
[2024-03-18T10:05:35.030+0200] {logging_mixin.py:188} INFO - [2024-03-18T10:05:35.030+0200] {dag.py:3047} INFO - Sync 1 DAGs
[2024-03-18T10:05:35.055+0200] {logging_mixin.py:188} INFO - [2024-03-18T10:05:35.054+0200] {dag.py:3834} INFO - Setting next_dagrun for example_setup_teardown to 2024-03-17 00:00:00+00:00, run_after=2024-03-18 00:00:00+00:00
[2024-03-18T10:05:35.090+0200] {processor.py:183} INFO - Processing /usr/local/lib/python3.8/site-packages/airflow/example_dags/example_setup_teardown.py took 0.265 seconds
[2024-03-18T10:06:25.046+0200] {processor.py:161} INFO - Started process (PID=8006) to work on /usr/local/lib/python3.8/site-packages/airflow/example_dags/example_setup_teardown.py
[2024-03-18T10:06:25.047+0200] {processor.py:830} INFO - Processing file /usr/local/lib/python3.8/site-packages/airflow/example_dags/example_setup_teardown.py for tasks to queue
[2024-03-18T10:06:25.048+0200] {logging_mixin.py:188} INFO - [2024-03-18T10:06:25.047+0200] {dagbag.py:540} INFO - Filling up the DagBag from /usr/local/lib/python3.8/site-packages/airflow/example_dags/example_setup_teardown.py
[2024-03-18T10:06:25.056+0200] {processor.py:840} INFO - DAG(s) 'example_setup_teardown' retrieved from /usr/local/lib/python3.8/site-packages/airflow/example_dags/example_setup_teardown.py
[2024-03-18T10:06:25.203+0200] {logging_mixin.py:188} INFO - [2024-03-18T10:06:25.203+0200] {dag.py:3047} INFO - Sync 1 DAGs
[2024-03-18T10:06:25.238+0200] {logging_mixin.py:188} INFO - [2024-03-18T10:06:25.238+0200] {dag.py:3834} INFO - Setting next_dagrun for example_setup_teardown to 2024-03-17 00:00:00+00:00, run_after=2024-03-18 00:00:00+00:00
[2024-03-18T10:06:25.254+0200] {processor.py:183} INFO - Processing /usr/local/lib/python3.8/site-packages/airflow/example_dags/example_setup_teardown.py took 0.210 seconds
[2024-03-18T10:07:15.389+0200] {processor.py:161} INFO - Started process (PID=8187) to work on /usr/local/lib/python3.8/site-packages/airflow/example_dags/example_setup_teardown.py
[2024-03-18T10:07:15.390+0200] {processor.py:830} INFO - Processing file /usr/local/lib/python3.8/site-packages/airflow/example_dags/example_setup_teardown.py for tasks to queue
[2024-03-18T10:07:15.391+0200] {logging_mixin.py:188} INFO - [2024-03-18T10:07:15.391+0200] {dagbag.py:540} INFO - Filling up the DagBag from /usr/local/lib/python3.8/site-packages/airflow/example_dags/example_setup_teardown.py
[2024-03-18T10:07:15.400+0200] {processor.py:840} INFO - DAG(s) 'example_setup_teardown' retrieved from /usr/local/lib/python3.8/site-packages/airflow/example_dags/example_setup_teardown.py
[2024-03-18T10:07:15.575+0200] {logging_mixin.py:188} INFO - [2024-03-18T10:07:15.575+0200] {dag.py:3047} INFO - Sync 1 DAGs
[2024-03-18T10:07:15.597+0200] {logging_mixin.py:188} INFO - [2024-03-18T10:07:15.597+0200] {dag.py:3834} INFO - Setting next_dagrun for example_setup_teardown to 2024-03-17 00:00:00+00:00, run_after=2024-03-18 00:00:00+00:00
[2024-03-18T10:07:15.630+0200] {processor.py:183} INFO - Processing /usr/local/lib/python3.8/site-packages/airflow/example_dags/example_setup_teardown.py took 0.243 seconds
[2024-03-18T10:07:59.204+0200] {processor.py:161} INFO - Started process (PID=8460) to work on /usr/local/lib/python3.8/site-packages/airflow/example_dags/example_setup_teardown.py
[2024-03-18T10:07:59.205+0200] {processor.py:830} INFO - Processing file /usr/local/lib/python3.8/site-packages/airflow/example_dags/example_setup_teardown.py for tasks to queue
[2024-03-18T10:07:59.206+0200] {logging_mixin.py:188} INFO - [2024-03-18T10:07:59.206+0200] {dagbag.py:540} INFO - Filling up the DagBag from /usr/local/lib/python3.8/site-packages/airflow/example_dags/example_setup_teardown.py
[2024-03-18T10:07:59.215+0200] {processor.py:840} INFO - DAG(s) 'example_setup_teardown' retrieved from /usr/local/lib/python3.8/site-packages/airflow/example_dags/example_setup_teardown.py
[2024-03-18T10:07:59.388+0200] {logging_mixin.py:188} INFO - [2024-03-18T10:07:59.387+0200] {dag.py:3047} INFO - Sync 1 DAGs
[2024-03-18T10:07:59.425+0200] {logging_mixin.py:188} INFO - [2024-03-18T10:07:59.425+0200] {dag.py:3834} INFO - Setting next_dagrun for example_setup_teardown to 2024-03-17 00:00:00+00:00, run_after=2024-03-18 00:00:00+00:00
[2024-03-18T10:07:59.444+0200] {processor.py:183} INFO - Processing /usr/local/lib/python3.8/site-packages/airflow/example_dags/example_setup_teardown.py took 0.243 seconds
[2024-03-18T10:08:46.901+0200] {processor.py:161} INFO - Started process (PID=8689) to work on /usr/local/lib/python3.8/site-packages/airflow/example_dags/example_setup_teardown.py
[2024-03-18T10:08:46.902+0200] {processor.py:830} INFO - Processing file /usr/local/lib/python3.8/site-packages/airflow/example_dags/example_setup_teardown.py for tasks to queue
[2024-03-18T10:08:46.902+0200] {logging_mixin.py:188} INFO - [2024-03-18T10:08:46.902+0200] {dagbag.py:540} INFO - Filling up the DagBag from /usr/local/lib/python3.8/site-packages/airflow/example_dags/example_setup_teardown.py
[2024-03-18T10:08:46.909+0200] {processor.py:840} INFO - DAG(s) 'example_setup_teardown' retrieved from /usr/local/lib/python3.8/site-packages/airflow/example_dags/example_setup_teardown.py
[2024-03-18T10:08:47.073+0200] {logging_mixin.py:188} INFO - [2024-03-18T10:08:47.073+0200] {dag.py:3047} INFO - Sync 1 DAGs
[2024-03-18T10:08:47.093+0200] {logging_mixin.py:188} INFO - [2024-03-18T10:08:47.093+0200] {dag.py:3834} INFO - Setting next_dagrun for example_setup_teardown to 2024-03-17 00:00:00+00:00, run_after=2024-03-18 00:00:00+00:00
[2024-03-18T10:08:47.124+0200] {processor.py:183} INFO - Processing /usr/local/lib/python3.8/site-packages/airflow/example_dags/example_setup_teardown.py took 0.225 seconds
[2024-03-18T10:09:29.576+0200] {processor.py:161} INFO - Started process (PID=8863) to work on /usr/local/lib/python3.8/site-packages/airflow/example_dags/example_setup_teardown.py
[2024-03-18T10:09:29.577+0200] {processor.py:830} INFO - Processing file /usr/local/lib/python3.8/site-packages/airflow/example_dags/example_setup_teardown.py for tasks to queue
[2024-03-18T10:09:29.578+0200] {logging_mixin.py:188} INFO - [2024-03-18T10:09:29.578+0200] {dagbag.py:540} INFO - Filling up the DagBag from /usr/local/lib/python3.8/site-packages/airflow/example_dags/example_setup_teardown.py
[2024-03-18T10:09:29.587+0200] {processor.py:840} INFO - DAG(s) 'example_setup_teardown' retrieved from /usr/local/lib/python3.8/site-packages/airflow/example_dags/example_setup_teardown.py
[2024-03-18T10:09:29.772+0200] {logging_mixin.py:188} INFO - [2024-03-18T10:09:29.772+0200] {dag.py:3047} INFO - Sync 1 DAGs
[2024-03-18T10:09:29.792+0200] {logging_mixin.py:188} INFO - [2024-03-18T10:09:29.792+0200] {dag.py:3834} INFO - Setting next_dagrun for example_setup_teardown to 2024-03-17 00:00:00+00:00, run_after=2024-03-18 00:00:00+00:00
[2024-03-18T10:09:29.824+0200] {processor.py:183} INFO - Processing /usr/local/lib/python3.8/site-packages/airflow/example_dags/example_setup_teardown.py took 0.250 seconds
[2024-03-18T10:10:17.737+0200] {processor.py:161} INFO - Started process (PID=9056) to work on /usr/local/lib/python3.8/site-packages/airflow/example_dags/example_setup_teardown.py
[2024-03-18T10:10:17.738+0200] {processor.py:830} INFO - Processing file /usr/local/lib/python3.8/site-packages/airflow/example_dags/example_setup_teardown.py for tasks to queue
[2024-03-18T10:10:17.739+0200] {logging_mixin.py:188} INFO - [2024-03-18T10:10:17.739+0200] {dagbag.py:540} INFO - Filling up the DagBag from /usr/local/lib/python3.8/site-packages/airflow/example_dags/example_setup_teardown.py
[2024-03-18T10:10:17.749+0200] {processor.py:840} INFO - DAG(s) 'example_setup_teardown' retrieved from /usr/local/lib/python3.8/site-packages/airflow/example_dags/example_setup_teardown.py
[2024-03-18T10:10:17.939+0200] {logging_mixin.py:188} INFO - [2024-03-18T10:10:17.938+0200] {dag.py:3047} INFO - Sync 1 DAGs
[2024-03-18T10:10:17.962+0200] {logging_mixin.py:188} INFO - [2024-03-18T10:10:17.961+0200] {dag.py:3834} INFO - Setting next_dagrun for example_setup_teardown to 2024-03-17 00:00:00+00:00, run_after=2024-03-18 00:00:00+00:00
[2024-03-18T10:10:17.995+0200] {processor.py:183} INFO - Processing /usr/local/lib/python3.8/site-packages/airflow/example_dags/example_setup_teardown.py took 0.260 seconds
[2024-03-18T10:11:05.892+0200] {processor.py:161} INFO - Started process (PID=9238) to work on /usr/local/lib/python3.8/site-packages/airflow/example_dags/example_setup_teardown.py
[2024-03-18T10:11:05.893+0200] {processor.py:830} INFO - Processing file /usr/local/lib/python3.8/site-packages/airflow/example_dags/example_setup_teardown.py for tasks to queue
[2024-03-18T10:11:05.894+0200] {logging_mixin.py:188} INFO - [2024-03-18T10:11:05.894+0200] {dagbag.py:540} INFO - Filling up the DagBag from /usr/local/lib/python3.8/site-packages/airflow/example_dags/example_setup_teardown.py
[2024-03-18T10:11:05.904+0200] {processor.py:840} INFO - DAG(s) 'example_setup_teardown' retrieved from /usr/local/lib/python3.8/site-packages/airflow/example_dags/example_setup_teardown.py
[2024-03-18T10:11:06.091+0200] {logging_mixin.py:188} INFO - [2024-03-18T10:11:06.090+0200] {dag.py:3047} INFO - Sync 1 DAGs
[2024-03-18T10:11:06.112+0200] {logging_mixin.py:188} INFO - [2024-03-18T10:11:06.112+0200] {dag.py:3834} INFO - Setting next_dagrun for example_setup_teardown to 2024-03-17 00:00:00+00:00, run_after=2024-03-18 00:00:00+00:00
[2024-03-18T10:11:06.141+0200] {processor.py:183} INFO - Processing /usr/local/lib/python3.8/site-packages/airflow/example_dags/example_setup_teardown.py took 0.251 seconds
[2024-03-18T10:11:57.679+0200] {processor.py:161} INFO - Started process (PID=9434) to work on /usr/local/lib/python3.8/site-packages/airflow/example_dags/example_setup_teardown.py
[2024-03-18T10:11:57.680+0200] {processor.py:830} INFO - Processing file /usr/local/lib/python3.8/site-packages/airflow/example_dags/example_setup_teardown.py for tasks to queue
[2024-03-18T10:11:57.681+0200] {logging_mixin.py:188} INFO - [2024-03-18T10:11:57.680+0200] {dagbag.py:540} INFO - Filling up the DagBag from /usr/local/lib/python3.8/site-packages/airflow/example_dags/example_setup_teardown.py
[2024-03-18T10:11:57.692+0200] {processor.py:840} INFO - DAG(s) 'example_setup_teardown' retrieved from /usr/local/lib/python3.8/site-packages/airflow/example_dags/example_setup_teardown.py
[2024-03-18T10:11:57.903+0200] {logging_mixin.py:188} INFO - [2024-03-18T10:11:57.903+0200] {dag.py:3047} INFO - Sync 1 DAGs
[2024-03-18T10:11:57.940+0200] {logging_mixin.py:188} INFO - [2024-03-18T10:11:57.940+0200] {dag.py:3834} INFO - Setting next_dagrun for example_setup_teardown to 2024-03-17 00:00:00+00:00, run_after=2024-03-18 00:00:00+00:00
[2024-03-18T10:11:57.955+0200] {processor.py:183} INFO - Processing /usr/local/lib/python3.8/site-packages/airflow/example_dags/example_setup_teardown.py took 0.278 seconds
[2024-03-18T10:12:41.211+0200] {processor.py:161} INFO - Started process (PID=9604) to work on /usr/local/lib/python3.8/site-packages/airflow/example_dags/example_setup_teardown.py
[2024-03-18T10:12:41.212+0200] {processor.py:830} INFO - Processing file /usr/local/lib/python3.8/site-packages/airflow/example_dags/example_setup_teardown.py for tasks to queue
[2024-03-18T10:12:41.213+0200] {logging_mixin.py:188} INFO - [2024-03-18T10:12:41.213+0200] {dagbag.py:540} INFO - Filling up the DagBag from /usr/local/lib/python3.8/site-packages/airflow/example_dags/example_setup_teardown.py
[2024-03-18T10:12:41.221+0200] {processor.py:840} INFO - DAG(s) 'example_setup_teardown' retrieved from /usr/local/lib/python3.8/site-packages/airflow/example_dags/example_setup_teardown.py
[2024-03-18T10:12:41.386+0200] {logging_mixin.py:188} INFO - [2024-03-18T10:12:41.386+0200] {dag.py:3047} INFO - Sync 1 DAGs
[2024-03-18T10:12:41.409+0200] {logging_mixin.py:188} INFO - [2024-03-18T10:12:41.409+0200] {dag.py:3834} INFO - Setting next_dagrun for example_setup_teardown to 2024-03-17 00:00:00+00:00, run_after=2024-03-18 00:00:00+00:00
[2024-03-18T10:12:41.438+0200] {processor.py:183} INFO - Processing /usr/local/lib/python3.8/site-packages/airflow/example_dags/example_setup_teardown.py took 0.228 seconds
[2024-03-18T10:13:37.637+0200] {processor.py:161} INFO - Started process (PID=9930) to work on /usr/local/lib/python3.8/site-packages/airflow/example_dags/example_setup_teardown.py
[2024-03-18T10:13:37.638+0200] {processor.py:830} INFO - Processing file /usr/local/lib/python3.8/site-packages/airflow/example_dags/example_setup_teardown.py for tasks to queue
[2024-03-18T10:13:37.639+0200] {logging_mixin.py:188} INFO - [2024-03-18T10:13:37.638+0200] {dagbag.py:540} INFO - Filling up the DagBag from /usr/local/lib/python3.8/site-packages/airflow/example_dags/example_setup_teardown.py
[2024-03-18T10:13:37.646+0200] {processor.py:840} INFO - DAG(s) 'example_setup_teardown' retrieved from /usr/local/lib/python3.8/site-packages/airflow/example_dags/example_setup_teardown.py
[2024-03-18T10:13:37.795+0200] {logging_mixin.py:188} INFO - [2024-03-18T10:13:37.795+0200] {dag.py:3047} INFO - Sync 1 DAGs
[2024-03-18T10:13:37.827+0200] {logging_mixin.py:188} INFO - [2024-03-18T10:13:37.827+0200] {dag.py:3834} INFO - Setting next_dagrun for example_setup_teardown to 2024-03-17 00:00:00+00:00, run_after=2024-03-18 00:00:00+00:00
[2024-03-18T10:13:37.841+0200] {processor.py:183} INFO - Processing /usr/local/lib/python3.8/site-packages/airflow/example_dags/example_setup_teardown.py took 0.206 seconds
[2024-03-18T10:14:22.340+0200] {processor.py:161} INFO - Started process (PID=10101) to work on /usr/local/lib/python3.8/site-packages/airflow/example_dags/example_setup_teardown.py
[2024-03-18T10:14:22.341+0200] {processor.py:830} INFO - Processing file /usr/local/lib/python3.8/site-packages/airflow/example_dags/example_setup_teardown.py for tasks to queue
[2024-03-18T10:14:22.342+0200] {logging_mixin.py:188} INFO - [2024-03-18T10:14:22.342+0200] {dagbag.py:540} INFO - Filling up the DagBag from /usr/local/lib/python3.8/site-packages/airflow/example_dags/example_setup_teardown.py
[2024-03-18T10:14:22.351+0200] {processor.py:840} INFO - DAG(s) 'example_setup_teardown' retrieved from /usr/local/lib/python3.8/site-packages/airflow/example_dags/example_setup_teardown.py
[2024-03-18T10:14:22.521+0200] {logging_mixin.py:188} INFO - [2024-03-18T10:14:22.521+0200] {dag.py:3047} INFO - Sync 1 DAGs
[2024-03-18T10:14:22.543+0200] {logging_mixin.py:188} INFO - [2024-03-18T10:14:22.542+0200] {dag.py:3834} INFO - Setting next_dagrun for example_setup_teardown to 2024-03-17 00:00:00+00:00, run_after=2024-03-18 00:00:00+00:00
[2024-03-18T10:14:22.575+0200] {processor.py:183} INFO - Processing /usr/local/lib/python3.8/site-packages/airflow/example_dags/example_setup_teardown.py took 0.236 seconds
[2024-03-18T10:15:13.192+0200] {processor.py:161} INFO - Started process (PID=10291) to work on /usr/local/lib/python3.8/site-packages/airflow/example_dags/example_setup_teardown.py
[2024-03-18T10:15:13.194+0200] {processor.py:830} INFO - Processing file /usr/local/lib/python3.8/site-packages/airflow/example_dags/example_setup_teardown.py for tasks to queue
[2024-03-18T10:15:13.195+0200] {logging_mixin.py:188} INFO - [2024-03-18T10:15:13.194+0200] {dagbag.py:540} INFO - Filling up the DagBag from /usr/local/lib/python3.8/site-packages/airflow/example_dags/example_setup_teardown.py
[2024-03-18T10:15:13.203+0200] {processor.py:840} INFO - DAG(s) 'example_setup_teardown' retrieved from /usr/local/lib/python3.8/site-packages/airflow/example_dags/example_setup_teardown.py
[2024-03-18T10:15:13.346+0200] {logging_mixin.py:188} INFO - [2024-03-18T10:15:13.345+0200] {dag.py:3047} INFO - Sync 1 DAGs
[2024-03-18T10:15:13.381+0200] {logging_mixin.py:188} INFO - [2024-03-18T10:15:13.381+0200] {dag.py:3834} INFO - Setting next_dagrun for example_setup_teardown to 2024-03-17 00:00:00+00:00, run_after=2024-03-18 00:00:00+00:00
[2024-03-18T10:15:13.396+0200] {processor.py:183} INFO - Processing /usr/local/lib/python3.8/site-packages/airflow/example_dags/example_setup_teardown.py took 0.205 seconds
[2024-03-18T10:16:00.042+0200] {processor.py:161} INFO - Started process (PID=10486) to work on /usr/local/lib/python3.8/site-packages/airflow/example_dags/example_setup_teardown.py
[2024-03-18T10:16:00.043+0200] {processor.py:830} INFO - Processing file /usr/local/lib/python3.8/site-packages/airflow/example_dags/example_setup_teardown.py for tasks to queue
[2024-03-18T10:16:00.043+0200] {logging_mixin.py:188} INFO - [2024-03-18T10:16:00.043+0200] {dagbag.py:540} INFO - Filling up the DagBag from /usr/local/lib/python3.8/site-packages/airflow/example_dags/example_setup_teardown.py
[2024-03-18T10:16:00.051+0200] {processor.py:840} INFO - DAG(s) 'example_setup_teardown' retrieved from /usr/local/lib/python3.8/site-packages/airflow/example_dags/example_setup_teardown.py
[2024-03-18T10:16:00.190+0200] {logging_mixin.py:188} INFO - [2024-03-18T10:16:00.190+0200] {dag.py:3047} INFO - Sync 1 DAGs
[2024-03-18T10:16:00.228+0200] {logging_mixin.py:188} INFO - [2024-03-18T10:16:00.228+0200] {dag.py:3834} INFO - Setting next_dagrun for example_setup_teardown to 2024-03-17 00:00:00+00:00, run_after=2024-03-18 00:00:00+00:00
[2024-03-18T10:16:00.243+0200] {processor.py:183} INFO - Processing /usr/local/lib/python3.8/site-packages/airflow/example_dags/example_setup_teardown.py took 0.203 seconds
[2024-03-18T10:16:39.930+0200] {processor.py:161} INFO - Started process (PID=10644) to work on /usr/local/lib/python3.8/site-packages/airflow/example_dags/example_setup_teardown.py
[2024-03-18T10:16:39.930+0200] {processor.py:830} INFO - Processing file /usr/local/lib/python3.8/site-packages/airflow/example_dags/example_setup_teardown.py for tasks to queue
[2024-03-18T10:16:39.931+0200] {logging_mixin.py:188} INFO - [2024-03-18T10:16:39.931+0200] {dagbag.py:540} INFO - Filling up the DagBag from /usr/local/lib/python3.8/site-packages/airflow/example_dags/example_setup_teardown.py
[2024-03-18T10:16:39.940+0200] {processor.py:840} INFO - DAG(s) 'example_setup_teardown' retrieved from /usr/local/lib/python3.8/site-packages/airflow/example_dags/example_setup_teardown.py
[2024-03-18T10:16:40.092+0200] {logging_mixin.py:188} INFO - [2024-03-18T10:16:40.092+0200] {dag.py:3047} INFO - Sync 1 DAGs
[2024-03-18T10:16:40.128+0200] {logging_mixin.py:188} INFO - [2024-03-18T10:16:40.127+0200] {dag.py:3834} INFO - Setting next_dagrun for example_setup_teardown to 2024-03-17 00:00:00+00:00, run_after=2024-03-18 00:00:00+00:00
[2024-03-18T10:16:40.143+0200] {processor.py:183} INFO - Processing /usr/local/lib/python3.8/site-packages/airflow/example_dags/example_setup_teardown.py took 0.215 seconds
[2024-03-18T10:17:22.812+0200] {processor.py:161} INFO - Started process (PID=10803) to work on /usr/local/lib/python3.8/site-packages/airflow/example_dags/example_setup_teardown.py
[2024-03-18T10:17:22.813+0200] {processor.py:830} INFO - Processing file /usr/local/lib/python3.8/site-packages/airflow/example_dags/example_setup_teardown.py for tasks to queue
[2024-03-18T10:17:22.814+0200] {logging_mixin.py:188} INFO - [2024-03-18T10:17:22.814+0200] {dagbag.py:540} INFO - Filling up the DagBag from /usr/local/lib/python3.8/site-packages/airflow/example_dags/example_setup_teardown.py
[2024-03-18T10:17:22.823+0200] {processor.py:840} INFO - DAG(s) 'example_setup_teardown' retrieved from /usr/local/lib/python3.8/site-packages/airflow/example_dags/example_setup_teardown.py
[2024-03-18T10:17:23.015+0200] {logging_mixin.py:188} INFO - [2024-03-18T10:17:23.014+0200] {dag.py:3047} INFO - Sync 1 DAGs
[2024-03-18T10:17:23.038+0200] {logging_mixin.py:188} INFO - [2024-03-18T10:17:23.037+0200] {dag.py:3834} INFO - Setting next_dagrun for example_setup_teardown to 2024-03-17 00:00:00+00:00, run_after=2024-03-18 00:00:00+00:00
[2024-03-18T10:17:23.071+0200] {processor.py:183} INFO - Processing /usr/local/lib/python3.8/site-packages/airflow/example_dags/example_setup_teardown.py took 0.260 seconds
[2024-03-18T10:18:12.432+0200] {processor.py:161} INFO - Started process (PID=10995) to work on /usr/local/lib/python3.8/site-packages/airflow/example_dags/example_setup_teardown.py
[2024-03-18T10:18:12.433+0200] {processor.py:830} INFO - Processing file /usr/local/lib/python3.8/site-packages/airflow/example_dags/example_setup_teardown.py for tasks to queue
[2024-03-18T10:18:12.434+0200] {logging_mixin.py:188} INFO - [2024-03-18T10:18:12.433+0200] {dagbag.py:540} INFO - Filling up the DagBag from /usr/local/lib/python3.8/site-packages/airflow/example_dags/example_setup_teardown.py
[2024-03-18T10:18:12.444+0200] {processor.py:840} INFO - DAG(s) 'example_setup_teardown' retrieved from /usr/local/lib/python3.8/site-packages/airflow/example_dags/example_setup_teardown.py
[2024-03-18T10:18:12.612+0200] {logging_mixin.py:188} INFO - [2024-03-18T10:18:12.612+0200] {dag.py:3047} INFO - Sync 1 DAGs
[2024-03-18T10:18:12.634+0200] {logging_mixin.py:188} INFO - [2024-03-18T10:18:12.634+0200] {dag.py:3834} INFO - Setting next_dagrun for example_setup_teardown to 2024-03-17 00:00:00+00:00, run_after=2024-03-18 00:00:00+00:00
[2024-03-18T10:18:12.667+0200] {processor.py:183} INFO - Processing /usr/local/lib/python3.8/site-packages/airflow/example_dags/example_setup_teardown.py took 0.238 seconds
[2024-03-18T10:18:54.922+0200] {processor.py:161} INFO - Started process (PID=11153) to work on /usr/local/lib/python3.8/site-packages/airflow/example_dags/example_setup_teardown.py
[2024-03-18T10:18:54.924+0200] {processor.py:830} INFO - Processing file /usr/local/lib/python3.8/site-packages/airflow/example_dags/example_setup_teardown.py for tasks to queue
[2024-03-18T10:18:54.925+0200] {logging_mixin.py:188} INFO - [2024-03-18T10:18:54.924+0200] {dagbag.py:540} INFO - Filling up the DagBag from /usr/local/lib/python3.8/site-packages/airflow/example_dags/example_setup_teardown.py
[2024-03-18T10:18:54.933+0200] {processor.py:840} INFO - DAG(s) 'example_setup_teardown' retrieved from /usr/local/lib/python3.8/site-packages/airflow/example_dags/example_setup_teardown.py
[2024-03-18T10:18:55.089+0200] {logging_mixin.py:188} INFO - [2024-03-18T10:18:55.089+0200] {dag.py:3047} INFO - Sync 1 DAGs
[2024-03-18T10:18:55.138+0200] {logging_mixin.py:188} INFO - [2024-03-18T10:18:55.137+0200] {dag.py:3834} INFO - Setting next_dagrun for example_setup_teardown to 2024-03-17 00:00:00+00:00, run_after=2024-03-18 00:00:00+00:00
[2024-03-18T10:18:55.172+0200] {processor.py:183} INFO - Processing /usr/local/lib/python3.8/site-packages/airflow/example_dags/example_setup_teardown.py took 0.252 seconds
[2024-03-18T10:19:34.698+0200] {processor.py:161} INFO - Started process (PID=11317) to work on /usr/local/lib/python3.8/site-packages/airflow/example_dags/example_setup_teardown.py
[2024-03-18T10:19:34.700+0200] {processor.py:830} INFO - Processing file /usr/local/lib/python3.8/site-packages/airflow/example_dags/example_setup_teardown.py for tasks to queue
[2024-03-18T10:19:34.701+0200] {logging_mixin.py:188} INFO - [2024-03-18T10:19:34.700+0200] {dagbag.py:540} INFO - Filling up the DagBag from /usr/local/lib/python3.8/site-packages/airflow/example_dags/example_setup_teardown.py
[2024-03-18T10:19:34.710+0200] {processor.py:840} INFO - DAG(s) 'example_setup_teardown' retrieved from /usr/local/lib/python3.8/site-packages/airflow/example_dags/example_setup_teardown.py
[2024-03-18T10:19:34.868+0200] {logging_mixin.py:188} INFO - [2024-03-18T10:19:34.868+0200] {dag.py:3047} INFO - Sync 1 DAGs
[2024-03-18T10:19:34.891+0200] {logging_mixin.py:188} INFO - [2024-03-18T10:19:34.891+0200] {dag.py:3834} INFO - Setting next_dagrun for example_setup_teardown to 2024-03-17 00:00:00+00:00, run_after=2024-03-18 00:00:00+00:00
[2024-03-18T10:19:34.922+0200] {processor.py:183} INFO - Processing /usr/local/lib/python3.8/site-packages/airflow/example_dags/example_setup_teardown.py took 0.226 seconds
[2024-03-18T10:20:17.130+0200] {processor.py:161} INFO - Started process (PID=11486) to work on /usr/local/lib/python3.8/site-packages/airflow/example_dags/example_setup_teardown.py
[2024-03-18T10:20:17.132+0200] {processor.py:830} INFO - Processing file /usr/local/lib/python3.8/site-packages/airflow/example_dags/example_setup_teardown.py for tasks to queue
[2024-03-18T10:20:17.133+0200] {logging_mixin.py:188} INFO - [2024-03-18T10:20:17.133+0200] {dagbag.py:540} INFO - Filling up the DagBag from /usr/local/lib/python3.8/site-packages/airflow/example_dags/example_setup_teardown.py
[2024-03-18T10:20:17.142+0200] {processor.py:840} INFO - DAG(s) 'example_setup_teardown' retrieved from /usr/local/lib/python3.8/site-packages/airflow/example_dags/example_setup_teardown.py
[2024-03-18T10:20:17.308+0200] {logging_mixin.py:188} INFO - [2024-03-18T10:20:17.307+0200] {dag.py:3047} INFO - Sync 1 DAGs
[2024-03-18T10:20:17.331+0200] {logging_mixin.py:188} INFO - [2024-03-18T10:20:17.330+0200] {dag.py:3834} INFO - Setting next_dagrun for example_setup_teardown to 2024-03-17 00:00:00+00:00, run_after=2024-03-18 00:00:00+00:00
[2024-03-18T10:20:17.367+0200] {processor.py:183} INFO - Processing /usr/local/lib/python3.8/site-packages/airflow/example_dags/example_setup_teardown.py took 0.238 seconds
[2024-03-18T10:20:58.846+0200] {processor.py:161} INFO - Started process (PID=11684) to work on /usr/local/lib/python3.8/site-packages/airflow/example_dags/example_setup_teardown.py
[2024-03-18T10:20:58.848+0200] {processor.py:830} INFO - Processing file /usr/local/lib/python3.8/site-packages/airflow/example_dags/example_setup_teardown.py for tasks to queue
[2024-03-18T10:20:58.848+0200] {logging_mixin.py:188} INFO - [2024-03-18T10:20:58.848+0200] {dagbag.py:540} INFO - Filling up the DagBag from /usr/local/lib/python3.8/site-packages/airflow/example_dags/example_setup_teardown.py
[2024-03-18T10:20:58.857+0200] {processor.py:840} INFO - DAG(s) 'example_setup_teardown' retrieved from /usr/local/lib/python3.8/site-packages/airflow/example_dags/example_setup_teardown.py
[2024-03-18T10:20:59.006+0200] {logging_mixin.py:188} INFO - [2024-03-18T10:20:59.006+0200] {dag.py:3047} INFO - Sync 1 DAGs
[2024-03-18T10:20:59.032+0200] {logging_mixin.py:188} INFO - [2024-03-18T10:20:59.031+0200] {dag.py:3834} INFO - Setting next_dagrun for example_setup_teardown to 2024-03-17 00:00:00+00:00, run_after=2024-03-18 00:00:00+00:00
[2024-03-18T10:20:59.064+0200] {processor.py:183} INFO - Processing /usr/local/lib/python3.8/site-packages/airflow/example_dags/example_setup_teardown.py took 0.220 seconds
[2024-03-18T10:23:26.535+0200] {processor.py:161} INFO - Started process (PID=11907) to work on /usr/local/lib/python3.8/site-packages/airflow/example_dags/example_setup_teardown.py
[2024-03-18T10:23:26.537+0200] {processor.py:830} INFO - Processing file /usr/local/lib/python3.8/site-packages/airflow/example_dags/example_setup_teardown.py for tasks to queue
[2024-03-18T10:23:26.537+0200] {logging_mixin.py:188} INFO - [2024-03-18T10:23:26.537+0200] {dagbag.py:540} INFO - Filling up the DagBag from /usr/local/lib/python3.8/site-packages/airflow/example_dags/example_setup_teardown.py
[2024-03-18T10:23:26.546+0200] {processor.py:840} INFO - DAG(s) 'example_setup_teardown' retrieved from /usr/local/lib/python3.8/site-packages/airflow/example_dags/example_setup_teardown.py
[2024-03-18T10:23:26.720+0200] {logging_mixin.py:188} INFO - [2024-03-18T10:23:26.720+0200] {dag.py:3047} INFO - Sync 1 DAGs
[2024-03-18T10:23:26.742+0200] {logging_mixin.py:188} INFO - [2024-03-18T10:23:26.742+0200] {dag.py:3834} INFO - Setting next_dagrun for example_setup_teardown to 2024-03-17 00:00:00+00:00, run_after=2024-03-18 00:00:00+00:00
[2024-03-18T10:23:26.759+0200] {processor.py:183} INFO - Processing /usr/local/lib/python3.8/site-packages/airflow/example_dags/example_setup_teardown.py took 0.226 seconds
[2024-03-18T10:24:15.605+0200] {processor.py:161} INFO - Started process (PID=12103) to work on /usr/local/lib/python3.8/site-packages/airflow/example_dags/example_setup_teardown.py
[2024-03-18T10:24:15.606+0200] {processor.py:830} INFO - Processing file /usr/local/lib/python3.8/site-packages/airflow/example_dags/example_setup_teardown.py for tasks to queue
[2024-03-18T10:24:15.607+0200] {logging_mixin.py:188} INFO - [2024-03-18T10:24:15.607+0200] {dagbag.py:540} INFO - Filling up the DagBag from /usr/local/lib/python3.8/site-packages/airflow/example_dags/example_setup_teardown.py
[2024-03-18T10:24:15.616+0200] {processor.py:840} INFO - DAG(s) 'example_setup_teardown' retrieved from /usr/local/lib/python3.8/site-packages/airflow/example_dags/example_setup_teardown.py
[2024-03-18T10:24:15.790+0200] {logging_mixin.py:188} INFO - [2024-03-18T10:24:15.790+0200] {dag.py:3047} INFO - Sync 1 DAGs
[2024-03-18T10:24:15.813+0200] {logging_mixin.py:188} INFO - [2024-03-18T10:24:15.812+0200] {dag.py:3834} INFO - Setting next_dagrun for example_setup_teardown to 2024-03-17 00:00:00+00:00, run_after=2024-03-18 00:00:00+00:00
[2024-03-18T10:24:15.830+0200] {processor.py:183} INFO - Processing /usr/local/lib/python3.8/site-packages/airflow/example_dags/example_setup_teardown.py took 0.227 seconds
[2024-03-18T10:25:09.612+0200] {processor.py:161} INFO - Started process (PID=12315) to work on /usr/local/lib/python3.8/site-packages/airflow/example_dags/example_setup_teardown.py
[2024-03-18T10:25:09.613+0200] {processor.py:830} INFO - Processing file /usr/local/lib/python3.8/site-packages/airflow/example_dags/example_setup_teardown.py for tasks to queue
[2024-03-18T10:25:09.613+0200] {logging_mixin.py:188} INFO - [2024-03-18T10:25:09.613+0200] {dagbag.py:540} INFO - Filling up the DagBag from /usr/local/lib/python3.8/site-packages/airflow/example_dags/example_setup_teardown.py
[2024-03-18T10:25:09.621+0200] {processor.py:840} INFO - DAG(s) 'example_setup_teardown' retrieved from /usr/local/lib/python3.8/site-packages/airflow/example_dags/example_setup_teardown.py
[2024-03-18T10:25:09.767+0200] {logging_mixin.py:188} INFO - [2024-03-18T10:25:09.767+0200] {dag.py:3047} INFO - Sync 1 DAGs
[2024-03-18T10:25:09.789+0200] {logging_mixin.py:188} INFO - [2024-03-18T10:25:09.789+0200] {dag.py:3834} INFO - Setting next_dagrun for example_setup_teardown to 2024-03-17 00:00:00+00:00, run_after=2024-03-18 00:00:00+00:00
[2024-03-18T10:25:09.823+0200] {processor.py:183} INFO - Processing /usr/local/lib/python3.8/site-packages/airflow/example_dags/example_setup_teardown.py took 0.213 seconds
[2024-03-18T10:26:03.573+0200] {processor.py:161} INFO - Started process (PID=12744) to work on /usr/local/lib/python3.8/site-packages/airflow/example_dags/example_setup_teardown.py
[2024-03-18T10:26:03.574+0200] {processor.py:830} INFO - Processing file /usr/local/lib/python3.8/site-packages/airflow/example_dags/example_setup_teardown.py for tasks to queue
[2024-03-18T10:26:03.574+0200] {logging_mixin.py:188} INFO - [2024-03-18T10:26:03.574+0200] {dagbag.py:540} INFO - Filling up the DagBag from /usr/local/lib/python3.8/site-packages/airflow/example_dags/example_setup_teardown.py
[2024-03-18T10:26:03.581+0200] {processor.py:840} INFO - DAG(s) 'example_setup_teardown' retrieved from /usr/local/lib/python3.8/site-packages/airflow/example_dags/example_setup_teardown.py
[2024-03-18T10:26:03.864+0200] {logging_mixin.py:188} INFO - [2024-03-18T10:26:03.863+0200] {dag.py:3047} INFO - Sync 1 DAGs
[2024-03-18T10:26:03.915+0200] {logging_mixin.py:188} INFO - [2024-03-18T10:26:03.915+0200] {dag.py:3834} INFO - Setting next_dagrun for example_setup_teardown to 2024-03-17 00:00:00+00:00, run_after=2024-03-18 00:00:00+00:00
[2024-03-18T10:26:03.944+0200] {processor.py:183} INFO - Processing /usr/local/lib/python3.8/site-packages/airflow/example_dags/example_setup_teardown.py took 0.373 seconds
[2024-03-18T10:26:50.082+0200] {processor.py:161} INFO - Started process (PID=13082) to work on /usr/local/lib/python3.8/site-packages/airflow/example_dags/example_setup_teardown.py
[2024-03-18T10:26:50.083+0200] {processor.py:830} INFO - Processing file /usr/local/lib/python3.8/site-packages/airflow/example_dags/example_setup_teardown.py for tasks to queue
[2024-03-18T10:26:50.084+0200] {logging_mixin.py:188} INFO - [2024-03-18T10:26:50.084+0200] {dagbag.py:540} INFO - Filling up the DagBag from /usr/local/lib/python3.8/site-packages/airflow/example_dags/example_setup_teardown.py
[2024-03-18T10:26:50.094+0200] {processor.py:840} INFO - DAG(s) 'example_setup_teardown' retrieved from /usr/local/lib/python3.8/site-packages/airflow/example_dags/example_setup_teardown.py
[2024-03-18T10:26:50.125+0200] {logging_mixin.py:188} INFO - [2024-03-18T10:26:50.125+0200] {dag.py:3047} INFO - Sync 1 DAGs
[2024-03-18T10:26:50.333+0200] {logging_mixin.py:188} INFO - [2024-03-18T10:26:50.332+0200] {dag.py:3834} INFO - Setting next_dagrun for example_setup_teardown to 2024-03-17 00:00:00+00:00, run_after=2024-03-18 00:00:00+00:00
[2024-03-18T10:26:50.375+0200] {processor.py:183} INFO - Processing /usr/local/lib/python3.8/site-packages/airflow/example_dags/example_setup_teardown.py took 0.295 seconds
[2024-03-18T10:27:41.100+0200] {processor.py:161} INFO - Started process (PID=13370) to work on /usr/local/lib/python3.8/site-packages/airflow/example_dags/example_setup_teardown.py
[2024-03-18T10:27:41.101+0200] {processor.py:830} INFO - Processing file /usr/local/lib/python3.8/site-packages/airflow/example_dags/example_setup_teardown.py for tasks to queue
[2024-03-18T10:27:41.102+0200] {logging_mixin.py:188} INFO - [2024-03-18T10:27:41.102+0200] {dagbag.py:540} INFO - Filling up the DagBag from /usr/local/lib/python3.8/site-packages/airflow/example_dags/example_setup_teardown.py
[2024-03-18T10:27:41.110+0200] {processor.py:840} INFO - DAG(s) 'example_setup_teardown' retrieved from /usr/local/lib/python3.8/site-packages/airflow/example_dags/example_setup_teardown.py
[2024-03-18T10:27:41.371+0200] {logging_mixin.py:188} INFO - [2024-03-18T10:27:41.371+0200] {dag.py:3047} INFO - Sync 1 DAGs
[2024-03-18T10:27:41.392+0200] {logging_mixin.py:188} INFO - [2024-03-18T10:27:41.392+0200] {dag.py:3834} INFO - Setting next_dagrun for example_setup_teardown to 2024-03-17 00:00:00+00:00, run_after=2024-03-18 00:00:00+00:00
[2024-03-18T10:27:41.425+0200] {processor.py:183} INFO - Processing /usr/local/lib/python3.8/site-packages/airflow/example_dags/example_setup_teardown.py took 0.326 seconds
[2024-03-18T10:28:27.480+0200] {processor.py:161} INFO - Started process (PID=13537) to work on /usr/local/lib/python3.8/site-packages/airflow/example_dags/example_setup_teardown.py
[2024-03-18T10:28:27.481+0200] {processor.py:830} INFO - Processing file /usr/local/lib/python3.8/site-packages/airflow/example_dags/example_setup_teardown.py for tasks to queue
[2024-03-18T10:28:27.482+0200] {logging_mixin.py:188} INFO - [2024-03-18T10:28:27.482+0200] {dagbag.py:540} INFO - Filling up the DagBag from /usr/local/lib/python3.8/site-packages/airflow/example_dags/example_setup_teardown.py
[2024-03-18T10:28:27.497+0200] {processor.py:840} INFO - DAG(s) 'example_setup_teardown' retrieved from /usr/local/lib/python3.8/site-packages/airflow/example_dags/example_setup_teardown.py
[2024-03-18T10:28:27.712+0200] {logging_mixin.py:188} INFO - [2024-03-18T10:28:27.711+0200] {dag.py:3047} INFO - Sync 1 DAGs
[2024-03-18T10:28:27.735+0200] {logging_mixin.py:188} INFO - [2024-03-18T10:28:27.735+0200] {dag.py:3834} INFO - Setting next_dagrun for example_setup_teardown to 2024-03-17 00:00:00+00:00, run_after=2024-03-18 00:00:00+00:00
[2024-03-18T10:28:27.770+0200] {processor.py:183} INFO - Processing /usr/local/lib/python3.8/site-packages/airflow/example_dags/example_setup_teardown.py took 0.293 seconds
[2024-03-18T10:29:14.041+0200] {processor.py:161} INFO - Started process (PID=13715) to work on /usr/local/lib/python3.8/site-packages/airflow/example_dags/example_setup_teardown.py
[2024-03-18T10:29:14.042+0200] {processor.py:830} INFO - Processing file /usr/local/lib/python3.8/site-packages/airflow/example_dags/example_setup_teardown.py for tasks to queue
[2024-03-18T10:29:14.043+0200] {logging_mixin.py:188} INFO - [2024-03-18T10:29:14.043+0200] {dagbag.py:540} INFO - Filling up the DagBag from /usr/local/lib/python3.8/site-packages/airflow/example_dags/example_setup_teardown.py
[2024-03-18T10:29:14.051+0200] {processor.py:840} INFO - DAG(s) 'example_setup_teardown' retrieved from /usr/local/lib/python3.8/site-packages/airflow/example_dags/example_setup_teardown.py
[2024-03-18T10:29:14.212+0200] {logging_mixin.py:188} INFO - [2024-03-18T10:29:14.212+0200] {dag.py:3047} INFO - Sync 1 DAGs
[2024-03-18T10:29:14.234+0200] {logging_mixin.py:188} INFO - [2024-03-18T10:29:14.234+0200] {dag.py:3834} INFO - Setting next_dagrun for example_setup_teardown to 2024-03-17 00:00:00+00:00, run_after=2024-03-18 00:00:00+00:00
[2024-03-18T10:29:14.267+0200] {processor.py:183} INFO - Processing /usr/local/lib/python3.8/site-packages/airflow/example_dags/example_setup_teardown.py took 0.227 seconds
[2024-03-18T10:29:56.391+0200] {processor.py:161} INFO - Started process (PID=13872) to work on /usr/local/lib/python3.8/site-packages/airflow/example_dags/example_setup_teardown.py
[2024-03-18T10:29:56.392+0200] {processor.py:830} INFO - Processing file /usr/local/lib/python3.8/site-packages/airflow/example_dags/example_setup_teardown.py for tasks to queue
[2024-03-18T10:29:56.393+0200] {logging_mixin.py:188} INFO - [2024-03-18T10:29:56.392+0200] {dagbag.py:540} INFO - Filling up the DagBag from /usr/local/lib/python3.8/site-packages/airflow/example_dags/example_setup_teardown.py
[2024-03-18T10:29:56.401+0200] {processor.py:840} INFO - DAG(s) 'example_setup_teardown' retrieved from /usr/local/lib/python3.8/site-packages/airflow/example_dags/example_setup_teardown.py
[2024-03-18T10:29:56.561+0200] {logging_mixin.py:188} INFO - [2024-03-18T10:29:56.561+0200] {dag.py:3047} INFO - Sync 1 DAGs
[2024-03-18T10:29:56.582+0200] {logging_mixin.py:188} INFO - [2024-03-18T10:29:56.582+0200] {dag.py:3834} INFO - Setting next_dagrun for example_setup_teardown to 2024-03-17 00:00:00+00:00, run_after=2024-03-18 00:00:00+00:00
[2024-03-18T10:29:56.615+0200] {processor.py:183} INFO - Processing /usr/local/lib/python3.8/site-packages/airflow/example_dags/example_setup_teardown.py took 0.226 seconds
[2024-03-18T10:30:39.078+0200] {processor.py:161} INFO - Started process (PID=14041) to work on /usr/local/lib/python3.8/site-packages/airflow/example_dags/example_setup_teardown.py
[2024-03-18T10:30:39.079+0200] {processor.py:830} INFO - Processing file /usr/local/lib/python3.8/site-packages/airflow/example_dags/example_setup_teardown.py for tasks to queue
[2024-03-18T10:30:39.080+0200] {logging_mixin.py:188} INFO - [2024-03-18T10:30:39.080+0200] {dagbag.py:540} INFO - Filling up the DagBag from /usr/local/lib/python3.8/site-packages/airflow/example_dags/example_setup_teardown.py
[2024-03-18T10:30:39.089+0200] {processor.py:840} INFO - DAG(s) 'example_setup_teardown' retrieved from /usr/local/lib/python3.8/site-packages/airflow/example_dags/example_setup_teardown.py
[2024-03-18T10:30:39.237+0200] {logging_mixin.py:188} INFO - [2024-03-18T10:30:39.236+0200] {dag.py:3047} INFO - Sync 1 DAGs
[2024-03-18T10:30:39.270+0200] {logging_mixin.py:188} INFO - [2024-03-18T10:30:39.270+0200] {dag.py:3834} INFO - Setting next_dagrun for example_setup_teardown to 2024-03-17 00:00:00+00:00, run_after=2024-03-18 00:00:00+00:00
[2024-03-18T10:30:39.285+0200] {processor.py:183} INFO - Processing /usr/local/lib/python3.8/site-packages/airflow/example_dags/example_setup_teardown.py took 0.208 seconds
[2024-03-18T10:31:29.823+0200] {processor.py:161} INFO - Started process (PID=14239) to work on /usr/local/lib/python3.8/site-packages/airflow/example_dags/example_setup_teardown.py
[2024-03-18T10:31:29.824+0200] {processor.py:830} INFO - Processing file /usr/local/lib/python3.8/site-packages/airflow/example_dags/example_setup_teardown.py for tasks to queue
[2024-03-18T10:31:29.824+0200] {logging_mixin.py:188} INFO - [2024-03-18T10:31:29.824+0200] {dagbag.py:540} INFO - Filling up the DagBag from /usr/local/lib/python3.8/site-packages/airflow/example_dags/example_setup_teardown.py
[2024-03-18T10:31:29.833+0200] {processor.py:840} INFO - DAG(s) 'example_setup_teardown' retrieved from /usr/local/lib/python3.8/site-packages/airflow/example_dags/example_setup_teardown.py
[2024-03-18T10:31:30.008+0200] {logging_mixin.py:188} INFO - [2024-03-18T10:31:30.008+0200] {dag.py:3047} INFO - Sync 1 DAGs
[2024-03-18T10:31:30.028+0200] {logging_mixin.py:188} INFO - [2024-03-18T10:31:30.028+0200] {dag.py:3834} INFO - Setting next_dagrun for example_setup_teardown to 2024-03-17 00:00:00+00:00, run_after=2024-03-18 00:00:00+00:00
[2024-03-18T10:31:30.059+0200] {processor.py:183} INFO - Processing /usr/local/lib/python3.8/site-packages/airflow/example_dags/example_setup_teardown.py took 0.239 seconds
[2024-03-18T10:32:11.006+0200] {processor.py:161} INFO - Started process (PID=14405) to work on /usr/local/lib/python3.8/site-packages/airflow/example_dags/example_setup_teardown.py
[2024-03-18T10:32:11.007+0200] {processor.py:830} INFO - Processing file /usr/local/lib/python3.8/site-packages/airflow/example_dags/example_setup_teardown.py for tasks to queue
[2024-03-18T10:32:11.007+0200] {logging_mixin.py:188} INFO - [2024-03-18T10:32:11.007+0200] {dagbag.py:540} INFO - Filling up the DagBag from /usr/local/lib/python3.8/site-packages/airflow/example_dags/example_setup_teardown.py
[2024-03-18T10:32:11.016+0200] {processor.py:840} INFO - DAG(s) 'example_setup_teardown' retrieved from /usr/local/lib/python3.8/site-packages/airflow/example_dags/example_setup_teardown.py
[2024-03-18T10:32:11.185+0200] {logging_mixin.py:188} INFO - [2024-03-18T10:32:11.185+0200] {dag.py:3047} INFO - Sync 1 DAGs
[2024-03-18T10:32:11.221+0200] {logging_mixin.py:188} INFO - [2024-03-18T10:32:11.220+0200] {dag.py:3834} INFO - Setting next_dagrun for example_setup_teardown to 2024-03-17 00:00:00+00:00, run_after=2024-03-18 00:00:00+00:00
[2024-03-18T10:32:11.237+0200] {processor.py:183} INFO - Processing /usr/local/lib/python3.8/site-packages/airflow/example_dags/example_setup_teardown.py took 0.233 seconds
