[2024-03-18T09:42:34.540+0200] {processor.py:161} INFO - Started process (PID=1700) to work on /usr/local/lib/python3.8/site-packages/airflow/example_dags/example_dynamic_task_mapping_with_no_taskflow_operators.py
[2024-03-18T09:42:34.541+0200] {processor.py:830} INFO - Processing file /usr/local/lib/python3.8/site-packages/airflow/example_dags/example_dynamic_task_mapping_with_no_taskflow_operators.py for tasks to queue
[2024-03-18T09:42:34.542+0200] {logging_mixin.py:188} INFO - [2024-03-18T09:42:34.542+0200] {dagbag.py:540} INFO - Filling up the DagBag from /usr/local/lib/python3.8/site-packages/airflow/example_dags/example_dynamic_task_mapping_with_no_taskflow_operators.py
[2024-03-18T09:42:34.550+0200] {processor.py:840} INFO - DAG(s) 'example_dynamic_task_mapping_with_no_taskflow_operators' retrieved from /usr/local/lib/python3.8/site-packages/airflow/example_dags/example_dynamic_task_mapping_with_no_taskflow_operators.py
[2024-03-18T09:42:34.820+0200] {logging_mixin.py:188} INFO - [2024-03-18T09:42:34.819+0200] {dag.py:3047} INFO - Sync 1 DAGs
[2024-03-18T09:42:34.843+0200] {logging_mixin.py:188} INFO - [2024-03-18T09:42:34.843+0200] {dag.py:3834} INFO - Setting next_dagrun for example_dynamic_task_mapping_with_no_taskflow_operators to 2024-03-17 00:00:00+00:00, run_after=2024-03-18 00:00:00+00:00
[2024-03-18T09:42:34.861+0200] {processor.py:183} INFO - Processing /usr/local/lib/python3.8/site-packages/airflow/example_dags/example_dynamic_task_mapping_with_no_taskflow_operators.py took 0.323 seconds
[2024-03-18T09:43:26.558+0200] {processor.py:161} INFO - Started process (PID=1921) to work on /usr/local/lib/python3.8/site-packages/airflow/example_dags/example_dynamic_task_mapping_with_no_taskflow_operators.py
[2024-03-18T09:43:26.559+0200] {processor.py:830} INFO - Processing file /usr/local/lib/python3.8/site-packages/airflow/example_dags/example_dynamic_task_mapping_with_no_taskflow_operators.py for tasks to queue
[2024-03-18T09:43:26.559+0200] {logging_mixin.py:188} INFO - [2024-03-18T09:43:26.559+0200] {dagbag.py:540} INFO - Filling up the DagBag from /usr/local/lib/python3.8/site-packages/airflow/example_dags/example_dynamic_task_mapping_with_no_taskflow_operators.py
[2024-03-18T09:43:26.566+0200] {processor.py:840} INFO - DAG(s) 'example_dynamic_task_mapping_with_no_taskflow_operators' retrieved from /usr/local/lib/python3.8/site-packages/airflow/example_dags/example_dynamic_task_mapping_with_no_taskflow_operators.py
[2024-03-18T09:43:26.709+0200] {logging_mixin.py:188} INFO - [2024-03-18T09:43:26.709+0200] {dag.py:3047} INFO - Sync 1 DAGs
[2024-03-18T09:43:26.742+0200] {logging_mixin.py:188} INFO - [2024-03-18T09:43:26.742+0200] {dag.py:3834} INFO - Setting next_dagrun for example_dynamic_task_mapping_with_no_taskflow_operators to 2024-03-17 00:00:00+00:00, run_after=2024-03-18 00:00:00+00:00
[2024-03-18T09:43:26.756+0200] {processor.py:183} INFO - Processing /usr/local/lib/python3.8/site-packages/airflow/example_dags/example_dynamic_task_mapping_with_no_taskflow_operators.py took 0.200 seconds
[2024-03-18T09:44:10.944+0200] {processor.py:161} INFO - Started process (PID=2115) to work on /usr/local/lib/python3.8/site-packages/airflow/example_dags/example_dynamic_task_mapping_with_no_taskflow_operators.py
[2024-03-18T09:44:10.945+0200] {processor.py:830} INFO - Processing file /usr/local/lib/python3.8/site-packages/airflow/example_dags/example_dynamic_task_mapping_with_no_taskflow_operators.py for tasks to queue
[2024-03-18T09:44:10.946+0200] {logging_mixin.py:188} INFO - [2024-03-18T09:44:10.946+0200] {dagbag.py:540} INFO - Filling up the DagBag from /usr/local/lib/python3.8/site-packages/airflow/example_dags/example_dynamic_task_mapping_with_no_taskflow_operators.py
[2024-03-18T09:44:10.953+0200] {processor.py:840} INFO - DAG(s) 'example_dynamic_task_mapping_with_no_taskflow_operators' retrieved from /usr/local/lib/python3.8/site-packages/airflow/example_dags/example_dynamic_task_mapping_with_no_taskflow_operators.py
[2024-03-18T09:44:11.092+0200] {logging_mixin.py:188} INFO - [2024-03-18T09:44:11.092+0200] {dag.py:3047} INFO - Sync 1 DAGs
[2024-03-18T09:44:11.112+0200] {logging_mixin.py:188} INFO - [2024-03-18T09:44:11.112+0200] {dag.py:3834} INFO - Setting next_dagrun for example_dynamic_task_mapping_with_no_taskflow_operators to 2024-03-17 00:00:00+00:00, run_after=2024-03-18 00:00:00+00:00
[2024-03-18T09:44:11.126+0200] {processor.py:183} INFO - Processing /usr/local/lib/python3.8/site-packages/airflow/example_dags/example_dynamic_task_mapping_with_no_taskflow_operators.py took 0.183 seconds
[2024-03-18T09:45:07.304+0200] {processor.py:161} INFO - Started process (PID=2417) to work on /usr/local/lib/python3.8/site-packages/airflow/example_dags/example_dynamic_task_mapping_with_no_taskflow_operators.py
[2024-03-18T09:45:07.305+0200] {processor.py:830} INFO - Processing file /usr/local/lib/python3.8/site-packages/airflow/example_dags/example_dynamic_task_mapping_with_no_taskflow_operators.py for tasks to queue
[2024-03-18T09:45:07.305+0200] {logging_mixin.py:188} INFO - [2024-03-18T09:45:07.305+0200] {dagbag.py:540} INFO - Filling up the DagBag from /usr/local/lib/python3.8/site-packages/airflow/example_dags/example_dynamic_task_mapping_with_no_taskflow_operators.py
[2024-03-18T09:45:07.313+0200] {processor.py:840} INFO - DAG(s) 'example_dynamic_task_mapping_with_no_taskflow_operators' retrieved from /usr/local/lib/python3.8/site-packages/airflow/example_dags/example_dynamic_task_mapping_with_no_taskflow_operators.py
[2024-03-18T09:45:07.482+0200] {logging_mixin.py:188} INFO - [2024-03-18T09:45:07.482+0200] {dag.py:3047} INFO - Sync 1 DAGs
[2024-03-18T09:45:07.504+0200] {logging_mixin.py:188} INFO - [2024-03-18T09:45:07.504+0200] {dag.py:3834} INFO - Setting next_dagrun for example_dynamic_task_mapping_with_no_taskflow_operators to 2024-03-17 00:00:00+00:00, run_after=2024-03-18 00:00:00+00:00
[2024-03-18T09:45:07.520+0200] {processor.py:183} INFO - Processing /usr/local/lib/python3.8/site-packages/airflow/example_dags/example_dynamic_task_mapping_with_no_taskflow_operators.py took 0.217 seconds
[2024-03-18T09:45:54.639+0200] {processor.py:161} INFO - Started process (PID=2613) to work on /usr/local/lib/python3.8/site-packages/airflow/example_dags/example_dynamic_task_mapping_with_no_taskflow_operators.py
[2024-03-18T09:45:54.640+0200] {processor.py:830} INFO - Processing file /usr/local/lib/python3.8/site-packages/airflow/example_dags/example_dynamic_task_mapping_with_no_taskflow_operators.py for tasks to queue
[2024-03-18T09:45:54.640+0200] {logging_mixin.py:188} INFO - [2024-03-18T09:45:54.640+0200] {dagbag.py:540} INFO - Filling up the DagBag from /usr/local/lib/python3.8/site-packages/airflow/example_dags/example_dynamic_task_mapping_with_no_taskflow_operators.py
[2024-03-18T09:45:54.647+0200] {processor.py:840} INFO - DAG(s) 'example_dynamic_task_mapping_with_no_taskflow_operators' retrieved from /usr/local/lib/python3.8/site-packages/airflow/example_dags/example_dynamic_task_mapping_with_no_taskflow_operators.py
[2024-03-18T09:45:54.816+0200] {logging_mixin.py:188} INFO - [2024-03-18T09:45:54.816+0200] {dag.py:3047} INFO - Sync 1 DAGs
[2024-03-18T09:45:54.849+0200] {logging_mixin.py:188} INFO - [2024-03-18T09:45:54.849+0200] {dag.py:3834} INFO - Setting next_dagrun for example_dynamic_task_mapping_with_no_taskflow_operators to 2024-03-17 00:00:00+00:00, run_after=2024-03-18 00:00:00+00:00
[2024-03-18T09:45:54.865+0200] {processor.py:183} INFO - Processing /usr/local/lib/python3.8/site-packages/airflow/example_dags/example_dynamic_task_mapping_with_no_taskflow_operators.py took 0.228 seconds
[2024-03-18T09:46:45.029+0200] {processor.py:161} INFO - Started process (PID=2900) to work on /usr/local/lib/python3.8/site-packages/airflow/example_dags/example_dynamic_task_mapping_with_no_taskflow_operators.py
[2024-03-18T09:46:45.030+0200] {processor.py:830} INFO - Processing file /usr/local/lib/python3.8/site-packages/airflow/example_dags/example_dynamic_task_mapping_with_no_taskflow_operators.py for tasks to queue
[2024-03-18T09:46:45.031+0200] {logging_mixin.py:188} INFO - [2024-03-18T09:46:45.031+0200] {dagbag.py:540} INFO - Filling up the DagBag from /usr/local/lib/python3.8/site-packages/airflow/example_dags/example_dynamic_task_mapping_with_no_taskflow_operators.py
[2024-03-18T09:46:45.036+0200] {processor.py:840} INFO - DAG(s) 'example_dynamic_task_mapping_with_no_taskflow_operators' retrieved from /usr/local/lib/python3.8/site-packages/airflow/example_dags/example_dynamic_task_mapping_with_no_taskflow_operators.py
[2024-03-18T09:46:45.185+0200] {logging_mixin.py:188} INFO - [2024-03-18T09:46:45.184+0200] {dag.py:3047} INFO - Sync 1 DAGs
[2024-03-18T09:46:45.205+0200] {logging_mixin.py:188} INFO - [2024-03-18T09:46:45.205+0200] {dag.py:3834} INFO - Setting next_dagrun for example_dynamic_task_mapping_with_no_taskflow_operators to 2024-03-17 00:00:00+00:00, run_after=2024-03-18 00:00:00+00:00
[2024-03-18T09:46:45.235+0200] {processor.py:183} INFO - Processing /usr/local/lib/python3.8/site-packages/airflow/example_dags/example_dynamic_task_mapping_with_no_taskflow_operators.py took 0.207 seconds
[2024-03-18T09:47:25.856+0200] {processor.py:161} INFO - Started process (PID=3058) to work on /usr/local/lib/python3.8/site-packages/airflow/example_dags/example_dynamic_task_mapping_with_no_taskflow_operators.py
[2024-03-18T09:47:25.857+0200] {processor.py:830} INFO - Processing file /usr/local/lib/python3.8/site-packages/airflow/example_dags/example_dynamic_task_mapping_with_no_taskflow_operators.py for tasks to queue
[2024-03-18T09:47:25.857+0200] {logging_mixin.py:188} INFO - [2024-03-18T09:47:25.857+0200] {dagbag.py:540} INFO - Filling up the DagBag from /usr/local/lib/python3.8/site-packages/airflow/example_dags/example_dynamic_task_mapping_with_no_taskflow_operators.py
[2024-03-18T09:47:25.865+0200] {processor.py:840} INFO - DAG(s) 'example_dynamic_task_mapping_with_no_taskflow_operators' retrieved from /usr/local/lib/python3.8/site-packages/airflow/example_dags/example_dynamic_task_mapping_with_no_taskflow_operators.py
[2024-03-18T09:47:26.013+0200] {logging_mixin.py:188} INFO - [2024-03-18T09:47:26.013+0200] {dag.py:3047} INFO - Sync 1 DAGs
[2024-03-18T09:47:26.046+0200] {logging_mixin.py:188} INFO - [2024-03-18T09:47:26.046+0200] {dag.py:3834} INFO - Setting next_dagrun for example_dynamic_task_mapping_with_no_taskflow_operators to 2024-03-17 00:00:00+00:00, run_after=2024-03-18 00:00:00+00:00
[2024-03-18T09:47:26.061+0200] {processor.py:183} INFO - Processing /usr/local/lib/python3.8/site-packages/airflow/example_dags/example_dynamic_task_mapping_with_no_taskflow_operators.py took 0.207 seconds
[2024-03-18T09:48:14.063+0200] {processor.py:161} INFO - Started process (PID=3238) to work on /usr/local/lib/python3.8/site-packages/airflow/example_dags/example_dynamic_task_mapping_with_no_taskflow_operators.py
[2024-03-18T09:48:14.064+0200] {processor.py:830} INFO - Processing file /usr/local/lib/python3.8/site-packages/airflow/example_dags/example_dynamic_task_mapping_with_no_taskflow_operators.py for tasks to queue
[2024-03-18T09:48:14.065+0200] {logging_mixin.py:188} INFO - [2024-03-18T09:48:14.065+0200] {dagbag.py:540} INFO - Filling up the DagBag from /usr/local/lib/python3.8/site-packages/airflow/example_dags/example_dynamic_task_mapping_with_no_taskflow_operators.py
[2024-03-18T09:48:14.071+0200] {processor.py:840} INFO - DAG(s) 'example_dynamic_task_mapping_with_no_taskflow_operators' retrieved from /usr/local/lib/python3.8/site-packages/airflow/example_dags/example_dynamic_task_mapping_with_no_taskflow_operators.py
[2024-03-18T09:48:14.215+0200] {logging_mixin.py:188} INFO - [2024-03-18T09:48:14.215+0200] {dag.py:3047} INFO - Sync 1 DAGs
[2024-03-18T09:48:14.246+0200] {logging_mixin.py:188} INFO - [2024-03-18T09:48:14.246+0200] {dag.py:3834} INFO - Setting next_dagrun for example_dynamic_task_mapping_with_no_taskflow_operators to 2024-03-17 00:00:00+00:00, run_after=2024-03-18 00:00:00+00:00
[2024-03-18T09:48:14.262+0200] {processor.py:183} INFO - Processing /usr/local/lib/python3.8/site-packages/airflow/example_dags/example_dynamic_task_mapping_with_no_taskflow_operators.py took 0.200 seconds
[2024-03-18T09:49:05.954+0200] {processor.py:161} INFO - Started process (PID=3430) to work on /usr/local/lib/python3.8/site-packages/airflow/example_dags/example_dynamic_task_mapping_with_no_taskflow_operators.py
[2024-03-18T09:49:05.955+0200] {processor.py:830} INFO - Processing file /usr/local/lib/python3.8/site-packages/airflow/example_dags/example_dynamic_task_mapping_with_no_taskflow_operators.py for tasks to queue
[2024-03-18T09:49:05.956+0200] {logging_mixin.py:188} INFO - [2024-03-18T09:49:05.956+0200] {dagbag.py:540} INFO - Filling up the DagBag from /usr/local/lib/python3.8/site-packages/airflow/example_dags/example_dynamic_task_mapping_with_no_taskflow_operators.py
[2024-03-18T09:49:05.961+0200] {processor.py:840} INFO - DAG(s) 'example_dynamic_task_mapping_with_no_taskflow_operators' retrieved from /usr/local/lib/python3.8/site-packages/airflow/example_dags/example_dynamic_task_mapping_with_no_taskflow_operators.py
[2024-03-18T09:49:06.112+0200] {logging_mixin.py:188} INFO - [2024-03-18T09:49:06.111+0200] {dag.py:3047} INFO - Sync 1 DAGs
[2024-03-18T09:49:06.144+0200] {logging_mixin.py:188} INFO - [2024-03-18T09:49:06.143+0200] {dag.py:3834} INFO - Setting next_dagrun for example_dynamic_task_mapping_with_no_taskflow_operators to 2024-03-17 00:00:00+00:00, run_after=2024-03-18 00:00:00+00:00
[2024-03-18T09:49:06.158+0200] {processor.py:183} INFO - Processing /usr/local/lib/python3.8/site-packages/airflow/example_dags/example_dynamic_task_mapping_with_no_taskflow_operators.py took 0.205 seconds
[2024-03-18T09:49:49.708+0200] {processor.py:161} INFO - Started process (PID=3611) to work on /usr/local/lib/python3.8/site-packages/airflow/example_dags/example_dynamic_task_mapping_with_no_taskflow_operators.py
[2024-03-18T09:49:49.709+0200] {processor.py:830} INFO - Processing file /usr/local/lib/python3.8/site-packages/airflow/example_dags/example_dynamic_task_mapping_with_no_taskflow_operators.py for tasks to queue
[2024-03-18T09:49:49.710+0200] {logging_mixin.py:188} INFO - [2024-03-18T09:49:49.709+0200] {dagbag.py:540} INFO - Filling up the DagBag from /usr/local/lib/python3.8/site-packages/airflow/example_dags/example_dynamic_task_mapping_with_no_taskflow_operators.py
[2024-03-18T09:49:49.715+0200] {processor.py:840} INFO - DAG(s) 'example_dynamic_task_mapping_with_no_taskflow_operators' retrieved from /usr/local/lib/python3.8/site-packages/airflow/example_dags/example_dynamic_task_mapping_with_no_taskflow_operators.py
[2024-03-18T09:49:49.856+0200] {logging_mixin.py:188} INFO - [2024-03-18T09:49:49.856+0200] {dag.py:3047} INFO - Sync 1 DAGs
[2024-03-18T09:49:49.895+0200] {logging_mixin.py:188} INFO - [2024-03-18T09:49:49.895+0200] {dag.py:3834} INFO - Setting next_dagrun for example_dynamic_task_mapping_with_no_taskflow_operators to 2024-03-17 00:00:00+00:00, run_after=2024-03-18 00:00:00+00:00
[2024-03-18T09:49:49.910+0200] {processor.py:183} INFO - Processing /usr/local/lib/python3.8/site-packages/airflow/example_dags/example_dynamic_task_mapping_with_no_taskflow_operators.py took 0.203 seconds
[2024-03-18T09:50:29.506+0200] {processor.py:161} INFO - Started process (PID=3767) to work on /usr/local/lib/python3.8/site-packages/airflow/example_dags/example_dynamic_task_mapping_with_no_taskflow_operators.py
[2024-03-18T09:50:29.507+0200] {processor.py:830} INFO - Processing file /usr/local/lib/python3.8/site-packages/airflow/example_dags/example_dynamic_task_mapping_with_no_taskflow_operators.py for tasks to queue
[2024-03-18T09:50:29.508+0200] {logging_mixin.py:188} INFO - [2024-03-18T09:50:29.507+0200] {dagbag.py:540} INFO - Filling up the DagBag from /usr/local/lib/python3.8/site-packages/airflow/example_dags/example_dynamic_task_mapping_with_no_taskflow_operators.py
[2024-03-18T09:50:29.515+0200] {processor.py:840} INFO - DAG(s) 'example_dynamic_task_mapping_with_no_taskflow_operators' retrieved from /usr/local/lib/python3.8/site-packages/airflow/example_dags/example_dynamic_task_mapping_with_no_taskflow_operators.py
[2024-03-18T09:50:29.655+0200] {logging_mixin.py:188} INFO - [2024-03-18T09:50:29.655+0200] {dag.py:3047} INFO - Sync 1 DAGs
[2024-03-18T09:50:29.691+0200] {logging_mixin.py:188} INFO - [2024-03-18T09:50:29.691+0200] {dag.py:3834} INFO - Setting next_dagrun for example_dynamic_task_mapping_with_no_taskflow_operators to 2024-03-17 00:00:00+00:00, run_after=2024-03-18 00:00:00+00:00
[2024-03-18T09:50:29.705+0200] {processor.py:183} INFO - Processing /usr/local/lib/python3.8/site-packages/airflow/example_dags/example_dynamic_task_mapping_with_no_taskflow_operators.py took 0.201 seconds
[2024-03-18T09:51:11.541+0200] {processor.py:161} INFO - Started process (PID=3942) to work on /usr/local/lib/python3.8/site-packages/airflow/example_dags/example_dynamic_task_mapping_with_no_taskflow_operators.py
[2024-03-18T09:51:11.542+0200] {processor.py:830} INFO - Processing file /usr/local/lib/python3.8/site-packages/airflow/example_dags/example_dynamic_task_mapping_with_no_taskflow_operators.py for tasks to queue
[2024-03-18T09:51:11.543+0200] {logging_mixin.py:188} INFO - [2024-03-18T09:51:11.543+0200] {dagbag.py:540} INFO - Filling up the DagBag from /usr/local/lib/python3.8/site-packages/airflow/example_dags/example_dynamic_task_mapping_with_no_taskflow_operators.py
[2024-03-18T09:51:11.548+0200] {processor.py:840} INFO - DAG(s) 'example_dynamic_task_mapping_with_no_taskflow_operators' retrieved from /usr/local/lib/python3.8/site-packages/airflow/example_dags/example_dynamic_task_mapping_with_no_taskflow_operators.py
[2024-03-18T09:51:11.730+0200] {logging_mixin.py:188} INFO - [2024-03-18T09:51:11.730+0200] {dag.py:3047} INFO - Sync 1 DAGs
[2024-03-18T09:51:11.755+0200] {logging_mixin.py:188} INFO - [2024-03-18T09:51:11.755+0200] {dag.py:3834} INFO - Setting next_dagrun for example_dynamic_task_mapping_with_no_taskflow_operators to 2024-03-17 00:00:00+00:00, run_after=2024-03-18 00:00:00+00:00
[2024-03-18T09:51:11.791+0200] {processor.py:183} INFO - Processing /usr/local/lib/python3.8/site-packages/airflow/example_dags/example_dynamic_task_mapping_with_no_taskflow_operators.py took 0.251 seconds
[2024-03-18T09:51:56.594+0200] {processor.py:161} INFO - Started process (PID=4122) to work on /usr/local/lib/python3.8/site-packages/airflow/example_dags/example_dynamic_task_mapping_with_no_taskflow_operators.py
[2024-03-18T09:51:56.595+0200] {processor.py:830} INFO - Processing file /usr/local/lib/python3.8/site-packages/airflow/example_dags/example_dynamic_task_mapping_with_no_taskflow_operators.py for tasks to queue
[2024-03-18T09:51:56.596+0200] {logging_mixin.py:188} INFO - [2024-03-18T09:51:56.596+0200] {dagbag.py:540} INFO - Filling up the DagBag from /usr/local/lib/python3.8/site-packages/airflow/example_dags/example_dynamic_task_mapping_with_no_taskflow_operators.py
[2024-03-18T09:51:56.604+0200] {processor.py:840} INFO - DAG(s) 'example_dynamic_task_mapping_with_no_taskflow_operators' retrieved from /usr/local/lib/python3.8/site-packages/airflow/example_dags/example_dynamic_task_mapping_with_no_taskflow_operators.py
[2024-03-18T09:51:56.757+0200] {logging_mixin.py:188} INFO - [2024-03-18T09:51:56.756+0200] {dag.py:3047} INFO - Sync 1 DAGs
[2024-03-18T09:51:56.790+0200] {logging_mixin.py:188} INFO - [2024-03-18T09:51:56.790+0200] {dag.py:3834} INFO - Setting next_dagrun for example_dynamic_task_mapping_with_no_taskflow_operators to 2024-03-17 00:00:00+00:00, run_after=2024-03-18 00:00:00+00:00
[2024-03-18T09:51:56.804+0200] {processor.py:183} INFO - Processing /usr/local/lib/python3.8/site-packages/airflow/example_dags/example_dynamic_task_mapping_with_no_taskflow_operators.py took 0.212 seconds
[2024-03-18T09:52:50.531+0200] {processor.py:161} INFO - Started process (PID=4321) to work on /usr/local/lib/python3.8/site-packages/airflow/example_dags/example_dynamic_task_mapping_with_no_taskflow_operators.py
[2024-03-18T09:52:50.532+0200] {processor.py:830} INFO - Processing file /usr/local/lib/python3.8/site-packages/airflow/example_dags/example_dynamic_task_mapping_with_no_taskflow_operators.py for tasks to queue
[2024-03-18T09:52:50.532+0200] {logging_mixin.py:188} INFO - [2024-03-18T09:52:50.532+0200] {dagbag.py:540} INFO - Filling up the DagBag from /usr/local/lib/python3.8/site-packages/airflow/example_dags/example_dynamic_task_mapping_with_no_taskflow_operators.py
[2024-03-18T09:52:50.538+0200] {processor.py:840} INFO - DAG(s) 'example_dynamic_task_mapping_with_no_taskflow_operators' retrieved from /usr/local/lib/python3.8/site-packages/airflow/example_dags/example_dynamic_task_mapping_with_no_taskflow_operators.py
[2024-03-18T09:52:50.678+0200] {logging_mixin.py:188} INFO - [2024-03-18T09:52:50.678+0200] {dag.py:3047} INFO - Sync 1 DAGs
[2024-03-18T09:52:50.701+0200] {logging_mixin.py:188} INFO - [2024-03-18T09:52:50.701+0200] {dag.py:3834} INFO - Setting next_dagrun for example_dynamic_task_mapping_with_no_taskflow_operators to 2024-03-17 00:00:00+00:00, run_after=2024-03-18 00:00:00+00:00
[2024-03-18T09:52:50.734+0200] {processor.py:183} INFO - Processing /usr/local/lib/python3.8/site-packages/airflow/example_dags/example_dynamic_task_mapping_with_no_taskflow_operators.py took 0.204 seconds
[2024-03-18T09:53:36.702+0200] {processor.py:161} INFO - Started process (PID=4503) to work on /usr/local/lib/python3.8/site-packages/airflow/example_dags/example_dynamic_task_mapping_with_no_taskflow_operators.py
[2024-03-18T09:53:36.703+0200] {processor.py:830} INFO - Processing file /usr/local/lib/python3.8/site-packages/airflow/example_dags/example_dynamic_task_mapping_with_no_taskflow_operators.py for tasks to queue
[2024-03-18T09:53:36.704+0200] {logging_mixin.py:188} INFO - [2024-03-18T09:53:36.703+0200] {dagbag.py:540} INFO - Filling up the DagBag from /usr/local/lib/python3.8/site-packages/airflow/example_dags/example_dynamic_task_mapping_with_no_taskflow_operators.py
[2024-03-18T09:53:36.712+0200] {processor.py:840} INFO - DAG(s) 'example_dynamic_task_mapping_with_no_taskflow_operators' retrieved from /usr/local/lib/python3.8/site-packages/airflow/example_dags/example_dynamic_task_mapping_with_no_taskflow_operators.py
[2024-03-18T09:53:36.888+0200] {logging_mixin.py:188} INFO - [2024-03-18T09:53:36.887+0200] {dag.py:3047} INFO - Sync 1 DAGs
[2024-03-18T09:53:36.910+0200] {logging_mixin.py:188} INFO - [2024-03-18T09:53:36.909+0200] {dag.py:3834} INFO - Setting next_dagrun for example_dynamic_task_mapping_with_no_taskflow_operators to 2024-03-17 00:00:00+00:00, run_after=2024-03-18 00:00:00+00:00
[2024-03-18T09:53:36.940+0200] {processor.py:183} INFO - Processing /usr/local/lib/python3.8/site-packages/airflow/example_dags/example_dynamic_task_mapping_with_no_taskflow_operators.py took 0.240 seconds
[2024-03-18T09:54:20.775+0200] {processor.py:161} INFO - Started process (PID=4673) to work on /usr/local/lib/python3.8/site-packages/airflow/example_dags/example_dynamic_task_mapping_with_no_taskflow_operators.py
[2024-03-18T09:54:20.776+0200] {processor.py:830} INFO - Processing file /usr/local/lib/python3.8/site-packages/airflow/example_dags/example_dynamic_task_mapping_with_no_taskflow_operators.py for tasks to queue
[2024-03-18T09:54:20.777+0200] {logging_mixin.py:188} INFO - [2024-03-18T09:54:20.777+0200] {dagbag.py:540} INFO - Filling up the DagBag from /usr/local/lib/python3.8/site-packages/airflow/example_dags/example_dynamic_task_mapping_with_no_taskflow_operators.py
[2024-03-18T09:54:20.785+0200] {processor.py:840} INFO - DAG(s) 'example_dynamic_task_mapping_with_no_taskflow_operators' retrieved from /usr/local/lib/python3.8/site-packages/airflow/example_dags/example_dynamic_task_mapping_with_no_taskflow_operators.py
[2024-03-18T09:54:20.954+0200] {logging_mixin.py:188} INFO - [2024-03-18T09:54:20.953+0200] {dag.py:3047} INFO - Sync 1 DAGs
[2024-03-18T09:54:20.990+0200] {logging_mixin.py:188} INFO - [2024-03-18T09:54:20.990+0200] {dag.py:3834} INFO - Setting next_dagrun for example_dynamic_task_mapping_with_no_taskflow_operators to 2024-03-17 00:00:00+00:00, run_after=2024-03-18 00:00:00+00:00
[2024-03-18T09:54:21.006+0200] {processor.py:183} INFO - Processing /usr/local/lib/python3.8/site-packages/airflow/example_dags/example_dynamic_task_mapping_with_no_taskflow_operators.py took 0.233 seconds
[2024-03-18T09:55:15.657+0200] {processor.py:161} INFO - Started process (PID=4885) to work on /usr/local/lib/python3.8/site-packages/airflow/example_dags/example_dynamic_task_mapping_with_no_taskflow_operators.py
[2024-03-18T09:55:15.658+0200] {processor.py:830} INFO - Processing file /usr/local/lib/python3.8/site-packages/airflow/example_dags/example_dynamic_task_mapping_with_no_taskflow_operators.py for tasks to queue
[2024-03-18T09:55:15.658+0200] {logging_mixin.py:188} INFO - [2024-03-18T09:55:15.658+0200] {dagbag.py:540} INFO - Filling up the DagBag from /usr/local/lib/python3.8/site-packages/airflow/example_dags/example_dynamic_task_mapping_with_no_taskflow_operators.py
[2024-03-18T09:55:15.665+0200] {processor.py:840} INFO - DAG(s) 'example_dynamic_task_mapping_with_no_taskflow_operators' retrieved from /usr/local/lib/python3.8/site-packages/airflow/example_dags/example_dynamic_task_mapping_with_no_taskflow_operators.py
[2024-03-18T09:55:15.828+0200] {logging_mixin.py:188} INFO - [2024-03-18T09:55:15.828+0200] {dag.py:3047} INFO - Sync 1 DAGs
[2024-03-18T09:55:15.850+0200] {logging_mixin.py:188} INFO - [2024-03-18T09:55:15.849+0200] {dag.py:3834} INFO - Setting next_dagrun for example_dynamic_task_mapping_with_no_taskflow_operators to 2024-03-17 00:00:00+00:00, run_after=2024-03-18 00:00:00+00:00
[2024-03-18T09:55:15.882+0200] {processor.py:183} INFO - Processing /usr/local/lib/python3.8/site-packages/airflow/example_dags/example_dynamic_task_mapping_with_no_taskflow_operators.py took 0.227 seconds
[2024-03-18T09:56:04.166+0200] {processor.py:161} INFO - Started process (PID=5096) to work on /usr/local/lib/python3.8/site-packages/airflow/example_dags/example_dynamic_task_mapping_with_no_taskflow_operators.py
[2024-03-18T09:56:04.168+0200] {processor.py:830} INFO - Processing file /usr/local/lib/python3.8/site-packages/airflow/example_dags/example_dynamic_task_mapping_with_no_taskflow_operators.py for tasks to queue
[2024-03-18T09:56:04.168+0200] {logging_mixin.py:188} INFO - [2024-03-18T09:56:04.168+0200] {dagbag.py:540} INFO - Filling up the DagBag from /usr/local/lib/python3.8/site-packages/airflow/example_dags/example_dynamic_task_mapping_with_no_taskflow_operators.py
[2024-03-18T09:56:04.176+0200] {processor.py:840} INFO - DAG(s) 'example_dynamic_task_mapping_with_no_taskflow_operators' retrieved from /usr/local/lib/python3.8/site-packages/airflow/example_dags/example_dynamic_task_mapping_with_no_taskflow_operators.py
[2024-03-18T09:56:04.377+0200] {logging_mixin.py:188} INFO - [2024-03-18T09:56:04.377+0200] {dag.py:3047} INFO - Sync 1 DAGs
[2024-03-18T09:56:04.399+0200] {logging_mixin.py:188} INFO - [2024-03-18T09:56:04.399+0200] {dag.py:3834} INFO - Setting next_dagrun for example_dynamic_task_mapping_with_no_taskflow_operators to 2024-03-17 00:00:00+00:00, run_after=2024-03-18 00:00:00+00:00
[2024-03-18T09:56:04.434+0200] {processor.py:183} INFO - Processing /usr/local/lib/python3.8/site-packages/airflow/example_dags/example_dynamic_task_mapping_with_no_taskflow_operators.py took 0.269 seconds
[2024-03-18T09:57:01.177+0200] {processor.py:161} INFO - Started process (PID=5478) to work on /usr/local/lib/python3.8/site-packages/airflow/example_dags/example_dynamic_task_mapping_with_no_taskflow_operators.py
[2024-03-18T09:57:01.178+0200] {processor.py:830} INFO - Processing file /usr/local/lib/python3.8/site-packages/airflow/example_dags/example_dynamic_task_mapping_with_no_taskflow_operators.py for tasks to queue
[2024-03-18T09:57:01.179+0200] {logging_mixin.py:188} INFO - [2024-03-18T09:57:01.179+0200] {dagbag.py:540} INFO - Filling up the DagBag from /usr/local/lib/python3.8/site-packages/airflow/example_dags/example_dynamic_task_mapping_with_no_taskflow_operators.py
[2024-03-18T09:57:01.187+0200] {processor.py:840} INFO - DAG(s) 'example_dynamic_task_mapping_with_no_taskflow_operators' retrieved from /usr/local/lib/python3.8/site-packages/airflow/example_dags/example_dynamic_task_mapping_with_no_taskflow_operators.py
[2024-03-18T09:57:01.343+0200] {logging_mixin.py:188} INFO - [2024-03-18T09:57:01.343+0200] {dag.py:3047} INFO - Sync 1 DAGs
[2024-03-18T09:57:01.363+0200] {logging_mixin.py:188} INFO - [2024-03-18T09:57:01.363+0200] {dag.py:3834} INFO - Setting next_dagrun for example_dynamic_task_mapping_with_no_taskflow_operators to 2024-03-17 00:00:00+00:00, run_after=2024-03-18 00:00:00+00:00
[2024-03-18T09:57:01.398+0200] {processor.py:183} INFO - Processing /usr/local/lib/python3.8/site-packages/airflow/example_dags/example_dynamic_task_mapping_with_no_taskflow_operators.py took 0.223 seconds
[2024-03-18T09:57:54.878+0200] {processor.py:161} INFO - Started process (PID=5794) to work on /usr/local/lib/python3.8/site-packages/airflow/example_dags/example_dynamic_task_mapping_with_no_taskflow_operators.py
[2024-03-18T09:57:54.879+0200] {processor.py:830} INFO - Processing file /usr/local/lib/python3.8/site-packages/airflow/example_dags/example_dynamic_task_mapping_with_no_taskflow_operators.py for tasks to queue
[2024-03-18T09:57:54.880+0200] {logging_mixin.py:188} INFO - [2024-03-18T09:57:54.880+0200] {dagbag.py:540} INFO - Filling up the DagBag from /usr/local/lib/python3.8/site-packages/airflow/example_dags/example_dynamic_task_mapping_with_no_taskflow_operators.py
[2024-03-18T09:57:54.886+0200] {processor.py:840} INFO - DAG(s) 'example_dynamic_task_mapping_with_no_taskflow_operators' retrieved from /usr/local/lib/python3.8/site-packages/airflow/example_dags/example_dynamic_task_mapping_with_no_taskflow_operators.py
[2024-03-18T09:57:55.036+0200] {logging_mixin.py:188} INFO - [2024-03-18T09:57:55.036+0200] {dag.py:3047} INFO - Sync 1 DAGs
[2024-03-18T09:57:55.055+0200] {logging_mixin.py:188} INFO - [2024-03-18T09:57:55.055+0200] {dag.py:3834} INFO - Setting next_dagrun for example_dynamic_task_mapping_with_no_taskflow_operators to 2024-03-17 00:00:00+00:00, run_after=2024-03-18 00:00:00+00:00
[2024-03-18T09:57:55.069+0200] {processor.py:183} INFO - Processing /usr/local/lib/python3.8/site-packages/airflow/example_dags/example_dynamic_task_mapping_with_no_taskflow_operators.py took 0.192 seconds
[2024-03-18T09:58:44.590+0200] {processor.py:161} INFO - Started process (PID=5978) to work on /usr/local/lib/python3.8/site-packages/airflow/example_dags/example_dynamic_task_mapping_with_no_taskflow_operators.py
[2024-03-18T09:58:44.591+0200] {processor.py:830} INFO - Processing file /usr/local/lib/python3.8/site-packages/airflow/example_dags/example_dynamic_task_mapping_with_no_taskflow_operators.py for tasks to queue
[2024-03-18T09:58:44.592+0200] {logging_mixin.py:188} INFO - [2024-03-18T09:58:44.592+0200] {dagbag.py:540} INFO - Filling up the DagBag from /usr/local/lib/python3.8/site-packages/airflow/example_dags/example_dynamic_task_mapping_with_no_taskflow_operators.py
[2024-03-18T09:58:44.599+0200] {processor.py:840} INFO - DAG(s) 'example_dynamic_task_mapping_with_no_taskflow_operators' retrieved from /usr/local/lib/python3.8/site-packages/airflow/example_dags/example_dynamic_task_mapping_with_no_taskflow_operators.py
[2024-03-18T09:58:44.785+0200] {logging_mixin.py:188} INFO - [2024-03-18T09:58:44.785+0200] {dag.py:3047} INFO - Sync 1 DAGs
[2024-03-18T09:58:44.808+0200] {logging_mixin.py:188} INFO - [2024-03-18T09:58:44.807+0200] {dag.py:3834} INFO - Setting next_dagrun for example_dynamic_task_mapping_with_no_taskflow_operators to 2024-03-17 00:00:00+00:00, run_after=2024-03-18 00:00:00+00:00
[2024-03-18T09:58:44.842+0200] {processor.py:183} INFO - Processing /usr/local/lib/python3.8/site-packages/airflow/example_dags/example_dynamic_task_mapping_with_no_taskflow_operators.py took 0.253 seconds
[2024-03-18T09:59:38.785+0200] {processor.py:161} INFO - Started process (PID=6186) to work on /usr/local/lib/python3.8/site-packages/airflow/example_dags/example_dynamic_task_mapping_with_no_taskflow_operators.py
[2024-03-18T09:59:38.786+0200] {processor.py:830} INFO - Processing file /usr/local/lib/python3.8/site-packages/airflow/example_dags/example_dynamic_task_mapping_with_no_taskflow_operators.py for tasks to queue
[2024-03-18T09:59:38.786+0200] {logging_mixin.py:188} INFO - [2024-03-18T09:59:38.786+0200] {dagbag.py:540} INFO - Filling up the DagBag from /usr/local/lib/python3.8/site-packages/airflow/example_dags/example_dynamic_task_mapping_with_no_taskflow_operators.py
[2024-03-18T09:59:38.792+0200] {processor.py:840} INFO - DAG(s) 'example_dynamic_task_mapping_with_no_taskflow_operators' retrieved from /usr/local/lib/python3.8/site-packages/airflow/example_dags/example_dynamic_task_mapping_with_no_taskflow_operators.py
[2024-03-18T09:59:38.934+0200] {logging_mixin.py:188} INFO - [2024-03-18T09:59:38.934+0200] {dag.py:3047} INFO - Sync 1 DAGs
[2024-03-18T09:59:38.954+0200] {logging_mixin.py:188} INFO - [2024-03-18T09:59:38.953+0200] {dag.py:3834} INFO - Setting next_dagrun for example_dynamic_task_mapping_with_no_taskflow_operators to 2024-03-17 00:00:00+00:00, run_after=2024-03-18 00:00:00+00:00
[2024-03-18T09:59:38.984+0200] {processor.py:183} INFO - Processing /usr/local/lib/python3.8/site-packages/airflow/example_dags/example_dynamic_task_mapping_with_no_taskflow_operators.py took 0.201 seconds
[2024-03-18T10:00:25.855+0200] {processor.py:161} INFO - Started process (PID=6361) to work on /usr/local/lib/python3.8/site-packages/airflow/example_dags/example_dynamic_task_mapping_with_no_taskflow_operators.py
[2024-03-18T10:00:25.856+0200] {processor.py:830} INFO - Processing file /usr/local/lib/python3.8/site-packages/airflow/example_dags/example_dynamic_task_mapping_with_no_taskflow_operators.py for tasks to queue
[2024-03-18T10:00:25.857+0200] {logging_mixin.py:188} INFO - [2024-03-18T10:00:25.857+0200] {dagbag.py:540} INFO - Filling up the DagBag from /usr/local/lib/python3.8/site-packages/airflow/example_dags/example_dynamic_task_mapping_with_no_taskflow_operators.py
[2024-03-18T10:00:25.865+0200] {processor.py:840} INFO - DAG(s) 'example_dynamic_task_mapping_with_no_taskflow_operators' retrieved from /usr/local/lib/python3.8/site-packages/airflow/example_dags/example_dynamic_task_mapping_with_no_taskflow_operators.py
[2024-03-18T10:00:26.045+0200] {logging_mixin.py:188} INFO - [2024-03-18T10:00:26.045+0200] {dag.py:3047} INFO - Sync 1 DAGs
[2024-03-18T10:00:26.087+0200] {logging_mixin.py:188} INFO - [2024-03-18T10:00:26.086+0200] {dag.py:3834} INFO - Setting next_dagrun for example_dynamic_task_mapping_with_no_taskflow_operators to 2024-03-17 00:00:00+00:00, run_after=2024-03-18 00:00:00+00:00
[2024-03-18T10:00:26.103+0200] {processor.py:183} INFO - Processing /usr/local/lib/python3.8/site-packages/airflow/example_dags/example_dynamic_task_mapping_with_no_taskflow_operators.py took 0.250 seconds
[2024-03-18T10:01:16.423+0200] {processor.py:161} INFO - Started process (PID=6711) to work on /usr/local/lib/python3.8/site-packages/airflow/example_dags/example_dynamic_task_mapping_with_no_taskflow_operators.py
[2024-03-18T10:01:16.426+0200] {processor.py:830} INFO - Processing file /usr/local/lib/python3.8/site-packages/airflow/example_dags/example_dynamic_task_mapping_with_no_taskflow_operators.py for tasks to queue
[2024-03-18T10:01:16.426+0200] {logging_mixin.py:188} INFO - [2024-03-18T10:01:16.426+0200] {dagbag.py:540} INFO - Filling up the DagBag from /usr/local/lib/python3.8/site-packages/airflow/example_dags/example_dynamic_task_mapping_with_no_taskflow_operators.py
[2024-03-18T10:01:16.438+0200] {processor.py:840} INFO - DAG(s) 'example_dynamic_task_mapping_with_no_taskflow_operators' retrieved from /usr/local/lib/python3.8/site-packages/airflow/example_dags/example_dynamic_task_mapping_with_no_taskflow_operators.py
[2024-03-18T10:01:16.633+0200] {logging_mixin.py:188} INFO - [2024-03-18T10:01:16.632+0200] {dag.py:3047} INFO - Sync 1 DAGs
[2024-03-18T10:01:16.656+0200] {logging_mixin.py:188} INFO - [2024-03-18T10:01:16.656+0200] {dag.py:3834} INFO - Setting next_dagrun for example_dynamic_task_mapping_with_no_taskflow_operators to 2024-03-17 00:00:00+00:00, run_after=2024-03-18 00:00:00+00:00
[2024-03-18T10:01:16.691+0200] {processor.py:183} INFO - Processing /usr/local/lib/python3.8/site-packages/airflow/example_dags/example_dynamic_task_mapping_with_no_taskflow_operators.py took 0.272 seconds
[2024-03-18T10:02:05.023+0200] {processor.py:161} INFO - Started process (PID=6951) to work on /usr/local/lib/python3.8/site-packages/airflow/example_dags/example_dynamic_task_mapping_with_no_taskflow_operators.py
[2024-03-18T10:02:05.024+0200] {processor.py:830} INFO - Processing file /usr/local/lib/python3.8/site-packages/airflow/example_dags/example_dynamic_task_mapping_with_no_taskflow_operators.py for tasks to queue
[2024-03-18T10:02:05.025+0200] {logging_mixin.py:188} INFO - [2024-03-18T10:02:05.024+0200] {dagbag.py:540} INFO - Filling up the DagBag from /usr/local/lib/python3.8/site-packages/airflow/example_dags/example_dynamic_task_mapping_with_no_taskflow_operators.py
[2024-03-18T10:02:05.033+0200] {processor.py:840} INFO - DAG(s) 'example_dynamic_task_mapping_with_no_taskflow_operators' retrieved from /usr/local/lib/python3.8/site-packages/airflow/example_dags/example_dynamic_task_mapping_with_no_taskflow_operators.py
[2024-03-18T10:02:05.187+0200] {logging_mixin.py:188} INFO - [2024-03-18T10:02:05.187+0200] {dag.py:3047} INFO - Sync 1 DAGs
[2024-03-18T10:02:05.208+0200] {logging_mixin.py:188} INFO - [2024-03-18T10:02:05.208+0200] {dag.py:3834} INFO - Setting next_dagrun for example_dynamic_task_mapping_with_no_taskflow_operators to 2024-03-17 00:00:00+00:00, run_after=2024-03-18 00:00:00+00:00
[2024-03-18T10:02:05.240+0200] {processor.py:183} INFO - Processing /usr/local/lib/python3.8/site-packages/airflow/example_dags/example_dynamic_task_mapping_with_no_taskflow_operators.py took 0.219 seconds
[2024-03-18T10:02:56.099+0200] {processor.py:161} INFO - Started process (PID=7148) to work on /usr/local/lib/python3.8/site-packages/airflow/example_dags/example_dynamic_task_mapping_with_no_taskflow_operators.py
[2024-03-18T10:02:56.107+0200] {processor.py:830} INFO - Processing file /usr/local/lib/python3.8/site-packages/airflow/example_dags/example_dynamic_task_mapping_with_no_taskflow_operators.py for tasks to queue
[2024-03-18T10:02:56.109+0200] {logging_mixin.py:188} INFO - [2024-03-18T10:02:56.108+0200] {dagbag.py:540} INFO - Filling up the DagBag from /usr/local/lib/python3.8/site-packages/airflow/example_dags/example_dynamic_task_mapping_with_no_taskflow_operators.py
[2024-03-18T10:02:56.119+0200] {processor.py:840} INFO - DAG(s) 'example_dynamic_task_mapping_with_no_taskflow_operators' retrieved from /usr/local/lib/python3.8/site-packages/airflow/example_dags/example_dynamic_task_mapping_with_no_taskflow_operators.py
[2024-03-18T10:02:56.402+0200] {logging_mixin.py:188} INFO - [2024-03-18T10:02:56.401+0200] {dag.py:3047} INFO - Sync 1 DAGs
[2024-03-18T10:02:56.464+0200] {logging_mixin.py:188} INFO - [2024-03-18T10:02:56.463+0200] {dag.py:3834} INFO - Setting next_dagrun for example_dynamic_task_mapping_with_no_taskflow_operators to 2024-03-17 00:00:00+00:00, run_after=2024-03-18 00:00:00+00:00
[2024-03-18T10:02:56.535+0200] {processor.py:183} INFO - Processing /usr/local/lib/python3.8/site-packages/airflow/example_dags/example_dynamic_task_mapping_with_no_taskflow_operators.py took 0.437 seconds
[2024-03-18T10:03:46.644+0200] {processor.py:161} INFO - Started process (PID=7376) to work on /usr/local/lib/python3.8/site-packages/airflow/example_dags/example_dynamic_task_mapping_with_no_taskflow_operators.py
[2024-03-18T10:03:46.645+0200] {processor.py:830} INFO - Processing file /usr/local/lib/python3.8/site-packages/airflow/example_dags/example_dynamic_task_mapping_with_no_taskflow_operators.py for tasks to queue
[2024-03-18T10:03:46.646+0200] {logging_mixin.py:188} INFO - [2024-03-18T10:03:46.646+0200] {dagbag.py:540} INFO - Filling up the DagBag from /usr/local/lib/python3.8/site-packages/airflow/example_dags/example_dynamic_task_mapping_with_no_taskflow_operators.py
[2024-03-18T10:03:46.655+0200] {processor.py:840} INFO - DAG(s) 'example_dynamic_task_mapping_with_no_taskflow_operators' retrieved from /usr/local/lib/python3.8/site-packages/airflow/example_dags/example_dynamic_task_mapping_with_no_taskflow_operators.py
[2024-03-18T10:03:46.848+0200] {logging_mixin.py:188} INFO - [2024-03-18T10:03:46.848+0200] {dag.py:3047} INFO - Sync 1 DAGs
[2024-03-18T10:03:46.885+0200] {logging_mixin.py:188} INFO - [2024-03-18T10:03:46.884+0200] {dag.py:3834} INFO - Setting next_dagrun for example_dynamic_task_mapping_with_no_taskflow_operators to 2024-03-17 00:00:00+00:00, run_after=2024-03-18 00:00:00+00:00
[2024-03-18T10:03:46.902+0200] {processor.py:183} INFO - Processing /usr/local/lib/python3.8/site-packages/airflow/example_dags/example_dynamic_task_mapping_with_no_taskflow_operators.py took 0.260 seconds
[2024-03-18T10:04:27.472+0200] {processor.py:161} INFO - Started process (PID=7556) to work on /usr/local/lib/python3.8/site-packages/airflow/example_dags/example_dynamic_task_mapping_with_no_taskflow_operators.py
[2024-03-18T10:04:27.473+0200] {processor.py:830} INFO - Processing file /usr/local/lib/python3.8/site-packages/airflow/example_dags/example_dynamic_task_mapping_with_no_taskflow_operators.py for tasks to queue
[2024-03-18T10:04:27.474+0200] {logging_mixin.py:188} INFO - [2024-03-18T10:04:27.473+0200] {dagbag.py:540} INFO - Filling up the DagBag from /usr/local/lib/python3.8/site-packages/airflow/example_dags/example_dynamic_task_mapping_with_no_taskflow_operators.py
[2024-03-18T10:04:27.481+0200] {processor.py:840} INFO - DAG(s) 'example_dynamic_task_mapping_with_no_taskflow_operators' retrieved from /usr/local/lib/python3.8/site-packages/airflow/example_dags/example_dynamic_task_mapping_with_no_taskflow_operators.py
[2024-03-18T10:04:27.641+0200] {logging_mixin.py:188} INFO - [2024-03-18T10:04:27.640+0200] {dag.py:3047} INFO - Sync 1 DAGs
[2024-03-18T10:04:27.691+0200] {logging_mixin.py:188} INFO - [2024-03-18T10:04:27.691+0200] {dag.py:3834} INFO - Setting next_dagrun for example_dynamic_task_mapping_with_no_taskflow_operators to 2024-03-17 00:00:00+00:00, run_after=2024-03-18 00:00:00+00:00
[2024-03-18T10:04:27.709+0200] {processor.py:183} INFO - Processing /usr/local/lib/python3.8/site-packages/airflow/example_dags/example_dynamic_task_mapping_with_no_taskflow_operators.py took 0.238 seconds
[2024-03-18T10:05:16.707+0200] {processor.py:161} INFO - Started process (PID=7732) to work on /usr/local/lib/python3.8/site-packages/airflow/example_dags/example_dynamic_task_mapping_with_no_taskflow_operators.py
[2024-03-18T10:05:16.708+0200] {processor.py:830} INFO - Processing file /usr/local/lib/python3.8/site-packages/airflow/example_dags/example_dynamic_task_mapping_with_no_taskflow_operators.py for tasks to queue
[2024-03-18T10:05:16.708+0200] {logging_mixin.py:188} INFO - [2024-03-18T10:05:16.708+0200] {dagbag.py:540} INFO - Filling up the DagBag from /usr/local/lib/python3.8/site-packages/airflow/example_dags/example_dynamic_task_mapping_with_no_taskflow_operators.py
[2024-03-18T10:05:16.716+0200] {processor.py:840} INFO - DAG(s) 'example_dynamic_task_mapping_with_no_taskflow_operators' retrieved from /usr/local/lib/python3.8/site-packages/airflow/example_dags/example_dynamic_task_mapping_with_no_taskflow_operators.py
[2024-03-18T10:05:16.878+0200] {logging_mixin.py:188} INFO - [2024-03-18T10:05:16.877+0200] {dag.py:3047} INFO - Sync 1 DAGs
[2024-03-18T10:05:16.899+0200] {logging_mixin.py:188} INFO - [2024-03-18T10:05:16.899+0200] {dag.py:3834} INFO - Setting next_dagrun for example_dynamic_task_mapping_with_no_taskflow_operators to 2024-03-17 00:00:00+00:00, run_after=2024-03-18 00:00:00+00:00
[2024-03-18T10:05:16.932+0200] {processor.py:183} INFO - Processing /usr/local/lib/python3.8/site-packages/airflow/example_dags/example_dynamic_task_mapping_with_no_taskflow_operators.py took 0.227 seconds
[2024-03-18T10:06:01.672+0200] {processor.py:161} INFO - Started process (PID=7914) to work on /usr/local/lib/python3.8/site-packages/airflow/example_dags/example_dynamic_task_mapping_with_no_taskflow_operators.py
[2024-03-18T10:06:01.673+0200] {processor.py:830} INFO - Processing file /usr/local/lib/python3.8/site-packages/airflow/example_dags/example_dynamic_task_mapping_with_no_taskflow_operators.py for tasks to queue
[2024-03-18T10:06:01.673+0200] {logging_mixin.py:188} INFO - [2024-03-18T10:06:01.673+0200] {dagbag.py:540} INFO - Filling up the DagBag from /usr/local/lib/python3.8/site-packages/airflow/example_dags/example_dynamic_task_mapping_with_no_taskflow_operators.py
[2024-03-18T10:06:01.680+0200] {processor.py:840} INFO - DAG(s) 'example_dynamic_task_mapping_with_no_taskflow_operators' retrieved from /usr/local/lib/python3.8/site-packages/airflow/example_dags/example_dynamic_task_mapping_with_no_taskflow_operators.py
[2024-03-18T10:06:01.842+0200] {logging_mixin.py:188} INFO - [2024-03-18T10:06:01.842+0200] {dag.py:3047} INFO - Sync 1 DAGs
[2024-03-18T10:06:01.882+0200] {logging_mixin.py:188} INFO - [2024-03-18T10:06:01.881+0200] {dag.py:3834} INFO - Setting next_dagrun for example_dynamic_task_mapping_with_no_taskflow_operators to 2024-03-17 00:00:00+00:00, run_after=2024-03-18 00:00:00+00:00
[2024-03-18T10:06:01.901+0200] {processor.py:183} INFO - Processing /usr/local/lib/python3.8/site-packages/airflow/example_dags/example_dynamic_task_mapping_with_no_taskflow_operators.py took 0.230 seconds
[2024-03-18T10:06:50.637+0200] {processor.py:161} INFO - Started process (PID=8097) to work on /usr/local/lib/python3.8/site-packages/airflow/example_dags/example_dynamic_task_mapping_with_no_taskflow_operators.py
[2024-03-18T10:06:50.639+0200] {processor.py:830} INFO - Processing file /usr/local/lib/python3.8/site-packages/airflow/example_dags/example_dynamic_task_mapping_with_no_taskflow_operators.py for tasks to queue
[2024-03-18T10:06:50.639+0200] {logging_mixin.py:188} INFO - [2024-03-18T10:06:50.639+0200] {dagbag.py:540} INFO - Filling up the DagBag from /usr/local/lib/python3.8/site-packages/airflow/example_dags/example_dynamic_task_mapping_with_no_taskflow_operators.py
[2024-03-18T10:06:50.647+0200] {processor.py:840} INFO - DAG(s) 'example_dynamic_task_mapping_with_no_taskflow_operators' retrieved from /usr/local/lib/python3.8/site-packages/airflow/example_dags/example_dynamic_task_mapping_with_no_taskflow_operators.py
[2024-03-18T10:06:50.826+0200] {logging_mixin.py:188} INFO - [2024-03-18T10:06:50.825+0200] {dag.py:3047} INFO - Sync 1 DAGs
[2024-03-18T10:06:50.848+0200] {logging_mixin.py:188} INFO - [2024-03-18T10:06:50.847+0200] {dag.py:3834} INFO - Setting next_dagrun for example_dynamic_task_mapping_with_no_taskflow_operators to 2024-03-17 00:00:00+00:00, run_after=2024-03-18 00:00:00+00:00
[2024-03-18T10:06:50.879+0200] {processor.py:183} INFO - Processing /usr/local/lib/python3.8/site-packages/airflow/example_dags/example_dynamic_task_mapping_with_no_taskflow_operators.py took 0.244 seconds
[2024-03-18T10:07:42.878+0200] {processor.py:161} INFO - Started process (PID=8328) to work on /usr/local/lib/python3.8/site-packages/airflow/example_dags/example_dynamic_task_mapping_with_no_taskflow_operators.py
[2024-03-18T10:07:42.880+0200] {processor.py:830} INFO - Processing file /usr/local/lib/python3.8/site-packages/airflow/example_dags/example_dynamic_task_mapping_with_no_taskflow_operators.py for tasks to queue
[2024-03-18T10:07:42.882+0200] {logging_mixin.py:188} INFO - [2024-03-18T10:07:42.881+0200] {dagbag.py:540} INFO - Filling up the DagBag from /usr/local/lib/python3.8/site-packages/airflow/example_dags/example_dynamic_task_mapping_with_no_taskflow_operators.py
[2024-03-18T10:07:42.890+0200] {processor.py:840} INFO - DAG(s) 'example_dynamic_task_mapping_with_no_taskflow_operators' retrieved from /usr/local/lib/python3.8/site-packages/airflow/example_dags/example_dynamic_task_mapping_with_no_taskflow_operators.py
[2024-03-18T10:07:43.130+0200] {logging_mixin.py:188} INFO - [2024-03-18T10:07:43.129+0200] {dag.py:3047} INFO - Sync 1 DAGs
[2024-03-18T10:07:43.175+0200] {logging_mixin.py:188} INFO - [2024-03-18T10:07:43.175+0200] {dag.py:3834} INFO - Setting next_dagrun for example_dynamic_task_mapping_with_no_taskflow_operators to 2024-03-17 00:00:00+00:00, run_after=2024-03-18 00:00:00+00:00
[2024-03-18T10:07:43.200+0200] {processor.py:183} INFO - Processing /usr/local/lib/python3.8/site-packages/airflow/example_dags/example_dynamic_task_mapping_with_no_taskflow_operators.py took 0.323 seconds
[2024-03-18T10:08:31.782+0200] {processor.py:161} INFO - Started process (PID=8620) to work on /usr/local/lib/python3.8/site-packages/airflow/example_dags/example_dynamic_task_mapping_with_no_taskflow_operators.py
[2024-03-18T10:08:31.783+0200] {processor.py:830} INFO - Processing file /usr/local/lib/python3.8/site-packages/airflow/example_dags/example_dynamic_task_mapping_with_no_taskflow_operators.py for tasks to queue
[2024-03-18T10:08:31.783+0200] {logging_mixin.py:188} INFO - [2024-03-18T10:08:31.783+0200] {dagbag.py:540} INFO - Filling up the DagBag from /usr/local/lib/python3.8/site-packages/airflow/example_dags/example_dynamic_task_mapping_with_no_taskflow_operators.py
[2024-03-18T10:08:31.790+0200] {processor.py:840} INFO - DAG(s) 'example_dynamic_task_mapping_with_no_taskflow_operators' retrieved from /usr/local/lib/python3.8/site-packages/airflow/example_dags/example_dynamic_task_mapping_with_no_taskflow_operators.py
[2024-03-18T10:08:31.974+0200] {logging_mixin.py:188} INFO - [2024-03-18T10:08:31.973+0200] {dag.py:3047} INFO - Sync 1 DAGs
[2024-03-18T10:08:31.994+0200] {logging_mixin.py:188} INFO - [2024-03-18T10:08:31.994+0200] {dag.py:3834} INFO - Setting next_dagrun for example_dynamic_task_mapping_with_no_taskflow_operators to 2024-03-17 00:00:00+00:00, run_after=2024-03-18 00:00:00+00:00
[2024-03-18T10:08:32.026+0200] {processor.py:183} INFO - Processing /usr/local/lib/python3.8/site-packages/airflow/example_dags/example_dynamic_task_mapping_with_no_taskflow_operators.py took 0.246 seconds
[2024-03-18T10:09:17.130+0200] {processor.py:161} INFO - Started process (PID=8817) to work on /usr/local/lib/python3.8/site-packages/airflow/example_dags/example_dynamic_task_mapping_with_no_taskflow_operators.py
[2024-03-18T10:09:17.131+0200] {processor.py:830} INFO - Processing file /usr/local/lib/python3.8/site-packages/airflow/example_dags/example_dynamic_task_mapping_with_no_taskflow_operators.py for tasks to queue
[2024-03-18T10:09:17.131+0200] {logging_mixin.py:188} INFO - [2024-03-18T10:09:17.131+0200] {dagbag.py:540} INFO - Filling up the DagBag from /usr/local/lib/python3.8/site-packages/airflow/example_dags/example_dynamic_task_mapping_with_no_taskflow_operators.py
[2024-03-18T10:09:17.138+0200] {processor.py:840} INFO - DAG(s) 'example_dynamic_task_mapping_with_no_taskflow_operators' retrieved from /usr/local/lib/python3.8/site-packages/airflow/example_dags/example_dynamic_task_mapping_with_no_taskflow_operators.py
[2024-03-18T10:09:17.304+0200] {logging_mixin.py:188} INFO - [2024-03-18T10:09:17.304+0200] {dag.py:3047} INFO - Sync 1 DAGs
[2024-03-18T10:09:17.335+0200] {logging_mixin.py:188} INFO - [2024-03-18T10:09:17.335+0200] {dag.py:3834} INFO - Setting next_dagrun for example_dynamic_task_mapping_with_no_taskflow_operators to 2024-03-17 00:00:00+00:00, run_after=2024-03-18 00:00:00+00:00
[2024-03-18T10:09:17.350+0200] {processor.py:183} INFO - Processing /usr/local/lib/python3.8/site-packages/airflow/example_dags/example_dynamic_task_mapping_with_no_taskflow_operators.py took 0.222 seconds
[2024-03-18T10:10:05.640+0200] {processor.py:161} INFO - Started process (PID=9013) to work on /usr/local/lib/python3.8/site-packages/airflow/example_dags/example_dynamic_task_mapping_with_no_taskflow_operators.py
[2024-03-18T10:10:05.641+0200] {processor.py:830} INFO - Processing file /usr/local/lib/python3.8/site-packages/airflow/example_dags/example_dynamic_task_mapping_with_no_taskflow_operators.py for tasks to queue
[2024-03-18T10:10:05.642+0200] {logging_mixin.py:188} INFO - [2024-03-18T10:10:05.641+0200] {dagbag.py:540} INFO - Filling up the DagBag from /usr/local/lib/python3.8/site-packages/airflow/example_dags/example_dynamic_task_mapping_with_no_taskflow_operators.py
[2024-03-18T10:10:05.649+0200] {processor.py:840} INFO - DAG(s) 'example_dynamic_task_mapping_with_no_taskflow_operators' retrieved from /usr/local/lib/python3.8/site-packages/airflow/example_dags/example_dynamic_task_mapping_with_no_taskflow_operators.py
[2024-03-18T10:10:05.816+0200] {logging_mixin.py:188} INFO - [2024-03-18T10:10:05.816+0200] {dag.py:3047} INFO - Sync 1 DAGs
[2024-03-18T10:10:05.856+0200] {logging_mixin.py:188} INFO - [2024-03-18T10:10:05.856+0200] {dag.py:3834} INFO - Setting next_dagrun for example_dynamic_task_mapping_with_no_taskflow_operators to 2024-03-17 00:00:00+00:00, run_after=2024-03-18 00:00:00+00:00
[2024-03-18T10:10:05.875+0200] {processor.py:183} INFO - Processing /usr/local/lib/python3.8/site-packages/airflow/example_dags/example_dynamic_task_mapping_with_no_taskflow_operators.py took 0.237 seconds
[2024-03-18T10:10:55.990+0200] {processor.py:161} INFO - Started process (PID=9199) to work on /usr/local/lib/python3.8/site-packages/airflow/example_dags/example_dynamic_task_mapping_with_no_taskflow_operators.py
[2024-03-18T10:10:55.991+0200] {processor.py:830} INFO - Processing file /usr/local/lib/python3.8/site-packages/airflow/example_dags/example_dynamic_task_mapping_with_no_taskflow_operators.py for tasks to queue
[2024-03-18T10:10:55.992+0200] {logging_mixin.py:188} INFO - [2024-03-18T10:10:55.991+0200] {dagbag.py:540} INFO - Filling up the DagBag from /usr/local/lib/python3.8/site-packages/airflow/example_dags/example_dynamic_task_mapping_with_no_taskflow_operators.py
[2024-03-18T10:10:56.000+0200] {processor.py:840} INFO - DAG(s) 'example_dynamic_task_mapping_with_no_taskflow_operators' retrieved from /usr/local/lib/python3.8/site-packages/airflow/example_dags/example_dynamic_task_mapping_with_no_taskflow_operators.py
[2024-03-18T10:10:56.197+0200] {logging_mixin.py:188} INFO - [2024-03-18T10:10:56.197+0200] {dag.py:3047} INFO - Sync 1 DAGs
[2024-03-18T10:10:56.235+0200] {logging_mixin.py:188} INFO - [2024-03-18T10:10:56.235+0200] {dag.py:3834} INFO - Setting next_dagrun for example_dynamic_task_mapping_with_no_taskflow_operators to 2024-03-17 00:00:00+00:00, run_after=2024-03-18 00:00:00+00:00
[2024-03-18T10:10:56.251+0200] {processor.py:183} INFO - Processing /usr/local/lib/python3.8/site-packages/airflow/example_dags/example_dynamic_task_mapping_with_no_taskflow_operators.py took 0.263 seconds
[2024-03-18T10:11:46.641+0200] {processor.py:161} INFO - Started process (PID=9387) to work on /usr/local/lib/python3.8/site-packages/airflow/example_dags/example_dynamic_task_mapping_with_no_taskflow_operators.py
[2024-03-18T10:11:46.642+0200] {processor.py:830} INFO - Processing file /usr/local/lib/python3.8/site-packages/airflow/example_dags/example_dynamic_task_mapping_with_no_taskflow_operators.py for tasks to queue
[2024-03-18T10:11:46.643+0200] {logging_mixin.py:188} INFO - [2024-03-18T10:11:46.643+0200] {dagbag.py:540} INFO - Filling up the DagBag from /usr/local/lib/python3.8/site-packages/airflow/example_dags/example_dynamic_task_mapping_with_no_taskflow_operators.py
[2024-03-18T10:11:46.651+0200] {processor.py:840} INFO - DAG(s) 'example_dynamic_task_mapping_with_no_taskflow_operators' retrieved from /usr/local/lib/python3.8/site-packages/airflow/example_dags/example_dynamic_task_mapping_with_no_taskflow_operators.py
[2024-03-18T10:11:46.833+0200] {logging_mixin.py:188} INFO - [2024-03-18T10:11:46.833+0200] {dag.py:3047} INFO - Sync 1 DAGs
[2024-03-18T10:11:46.858+0200] {logging_mixin.py:188} INFO - [2024-03-18T10:11:46.858+0200] {dag.py:3834} INFO - Setting next_dagrun for example_dynamic_task_mapping_with_no_taskflow_operators to 2024-03-17 00:00:00+00:00, run_after=2024-03-18 00:00:00+00:00
[2024-03-18T10:11:46.892+0200] {processor.py:183} INFO - Processing /usr/local/lib/python3.8/site-packages/airflow/example_dags/example_dynamic_task_mapping_with_no_taskflow_operators.py took 0.253 seconds
[2024-03-18T10:12:30.917+0200] {processor.py:161} INFO - Started process (PID=9562) to work on /usr/local/lib/python3.8/site-packages/airflow/example_dags/example_dynamic_task_mapping_with_no_taskflow_operators.py
[2024-03-18T10:12:30.918+0200] {processor.py:830} INFO - Processing file /usr/local/lib/python3.8/site-packages/airflow/example_dags/example_dynamic_task_mapping_with_no_taskflow_operators.py for tasks to queue
[2024-03-18T10:12:30.919+0200] {logging_mixin.py:188} INFO - [2024-03-18T10:12:30.919+0200] {dagbag.py:540} INFO - Filling up the DagBag from /usr/local/lib/python3.8/site-packages/airflow/example_dags/example_dynamic_task_mapping_with_no_taskflow_operators.py
[2024-03-18T10:12:30.925+0200] {processor.py:840} INFO - DAG(s) 'example_dynamic_task_mapping_with_no_taskflow_operators' retrieved from /usr/local/lib/python3.8/site-packages/airflow/example_dags/example_dynamic_task_mapping_with_no_taskflow_operators.py
[2024-03-18T10:12:31.076+0200] {logging_mixin.py:188} INFO - [2024-03-18T10:12:31.075+0200] {dag.py:3047} INFO - Sync 1 DAGs
[2024-03-18T10:12:31.096+0200] {logging_mixin.py:188} INFO - [2024-03-18T10:12:31.095+0200] {dag.py:3834} INFO - Setting next_dagrun for example_dynamic_task_mapping_with_no_taskflow_operators to 2024-03-17 00:00:00+00:00, run_after=2024-03-18 00:00:00+00:00
[2024-03-18T10:12:31.127+0200] {processor.py:183} INFO - Processing /usr/local/lib/python3.8/site-packages/airflow/example_dags/example_dynamic_task_mapping_with_no_taskflow_operators.py took 0.211 seconds
[2024-03-18T10:13:19.716+0200] {processor.py:161} INFO - Started process (PID=9869) to work on /usr/local/lib/python3.8/site-packages/airflow/example_dags/example_dynamic_task_mapping_with_no_taskflow_operators.py
[2024-03-18T10:13:19.717+0200] {processor.py:830} INFO - Processing file /usr/local/lib/python3.8/site-packages/airflow/example_dags/example_dynamic_task_mapping_with_no_taskflow_operators.py for tasks to queue
[2024-03-18T10:13:19.717+0200] {logging_mixin.py:188} INFO - [2024-03-18T10:13:19.717+0200] {dagbag.py:540} INFO - Filling up the DagBag from /usr/local/lib/python3.8/site-packages/airflow/example_dags/example_dynamic_task_mapping_with_no_taskflow_operators.py
[2024-03-18T10:13:19.724+0200] {processor.py:840} INFO - DAG(s) 'example_dynamic_task_mapping_with_no_taskflow_operators' retrieved from /usr/local/lib/python3.8/site-packages/airflow/example_dags/example_dynamic_task_mapping_with_no_taskflow_operators.py
[2024-03-18T10:13:19.874+0200] {logging_mixin.py:188} INFO - [2024-03-18T10:13:19.874+0200] {dag.py:3047} INFO - Sync 1 DAGs
[2024-03-18T10:13:19.896+0200] {logging_mixin.py:188} INFO - [2024-03-18T10:13:19.896+0200] {dag.py:3834} INFO - Setting next_dagrun for example_dynamic_task_mapping_with_no_taskflow_operators to 2024-03-17 00:00:00+00:00, run_after=2024-03-18 00:00:00+00:00
[2024-03-18T10:13:19.928+0200] {processor.py:183} INFO - Processing /usr/local/lib/python3.8/site-packages/airflow/example_dags/example_dynamic_task_mapping_with_no_taskflow_operators.py took 0.214 seconds
[2024-03-18T10:14:06.433+0200] {processor.py:161} INFO - Started process (PID=10043) to work on /usr/local/lib/python3.8/site-packages/airflow/example_dags/example_dynamic_task_mapping_with_no_taskflow_operators.py
[2024-03-18T10:14:06.434+0200] {processor.py:830} INFO - Processing file /usr/local/lib/python3.8/site-packages/airflow/example_dags/example_dynamic_task_mapping_with_no_taskflow_operators.py for tasks to queue
[2024-03-18T10:14:06.434+0200] {logging_mixin.py:188} INFO - [2024-03-18T10:14:06.434+0200] {dagbag.py:540} INFO - Filling up the DagBag from /usr/local/lib/python3.8/site-packages/airflow/example_dags/example_dynamic_task_mapping_with_no_taskflow_operators.py
[2024-03-18T10:14:06.440+0200] {processor.py:840} INFO - DAG(s) 'example_dynamic_task_mapping_with_no_taskflow_operators' retrieved from /usr/local/lib/python3.8/site-packages/airflow/example_dags/example_dynamic_task_mapping_with_no_taskflow_operators.py
[2024-03-18T10:14:06.594+0200] {logging_mixin.py:188} INFO - [2024-03-18T10:14:06.594+0200] {dag.py:3047} INFO - Sync 1 DAGs
[2024-03-18T10:14:06.627+0200] {logging_mixin.py:188} INFO - [2024-03-18T10:14:06.626+0200] {dag.py:3834} INFO - Setting next_dagrun for example_dynamic_task_mapping_with_no_taskflow_operators to 2024-03-17 00:00:00+00:00, run_after=2024-03-18 00:00:00+00:00
[2024-03-18T10:14:06.641+0200] {processor.py:183} INFO - Processing /usr/local/lib/python3.8/site-packages/airflow/example_dags/example_dynamic_task_mapping_with_no_taskflow_operators.py took 0.210 seconds
[2024-03-18T10:14:47.821+0200] {processor.py:161} INFO - Started process (PID=10191) to work on /usr/local/lib/python3.8/site-packages/airflow/example_dags/example_dynamic_task_mapping_with_no_taskflow_operators.py
[2024-03-18T10:14:47.822+0200] {processor.py:830} INFO - Processing file /usr/local/lib/python3.8/site-packages/airflow/example_dags/example_dynamic_task_mapping_with_no_taskflow_operators.py for tasks to queue
[2024-03-18T10:14:47.823+0200] {logging_mixin.py:188} INFO - [2024-03-18T10:14:47.822+0200] {dagbag.py:540} INFO - Filling up the DagBag from /usr/local/lib/python3.8/site-packages/airflow/example_dags/example_dynamic_task_mapping_with_no_taskflow_operators.py
[2024-03-18T10:14:47.829+0200] {processor.py:840} INFO - DAG(s) 'example_dynamic_task_mapping_with_no_taskflow_operators' retrieved from /usr/local/lib/python3.8/site-packages/airflow/example_dags/example_dynamic_task_mapping_with_no_taskflow_operators.py
[2024-03-18T10:14:47.993+0200] {logging_mixin.py:188} INFO - [2024-03-18T10:14:47.993+0200] {dag.py:3047} INFO - Sync 1 DAGs
[2024-03-18T10:14:48.024+0200] {logging_mixin.py:188} INFO - [2024-03-18T10:14:48.024+0200] {dag.py:3834} INFO - Setting next_dagrun for example_dynamic_task_mapping_with_no_taskflow_operators to 2024-03-17 00:00:00+00:00, run_after=2024-03-18 00:00:00+00:00
[2024-03-18T10:14:48.039+0200] {processor.py:183} INFO - Processing /usr/local/lib/python3.8/site-packages/airflow/example_dags/example_dynamic_task_mapping_with_no_taskflow_operators.py took 0.219 seconds
[2024-03-18T10:15:38.934+0200] {processor.py:161} INFO - Started process (PID=10392) to work on /usr/local/lib/python3.8/site-packages/airflow/example_dags/example_dynamic_task_mapping_with_no_taskflow_operators.py
[2024-03-18T10:15:38.935+0200] {processor.py:830} INFO - Processing file /usr/local/lib/python3.8/site-packages/airflow/example_dags/example_dynamic_task_mapping_with_no_taskflow_operators.py for tasks to queue
[2024-03-18T10:15:38.936+0200] {logging_mixin.py:188} INFO - [2024-03-18T10:15:38.936+0200] {dagbag.py:540} INFO - Filling up the DagBag from /usr/local/lib/python3.8/site-packages/airflow/example_dags/example_dynamic_task_mapping_with_no_taskflow_operators.py
[2024-03-18T10:15:38.943+0200] {processor.py:840} INFO - DAG(s) 'example_dynamic_task_mapping_with_no_taskflow_operators' retrieved from /usr/local/lib/python3.8/site-packages/airflow/example_dags/example_dynamic_task_mapping_with_no_taskflow_operators.py
[2024-03-18T10:15:39.090+0200] {logging_mixin.py:188} INFO - [2024-03-18T10:15:39.090+0200] {dag.py:3047} INFO - Sync 1 DAGs
[2024-03-18T10:15:39.122+0200] {logging_mixin.py:188} INFO - [2024-03-18T10:15:39.122+0200] {dag.py:3834} INFO - Setting next_dagrun for example_dynamic_task_mapping_with_no_taskflow_operators to 2024-03-17 00:00:00+00:00, run_after=2024-03-18 00:00:00+00:00
[2024-03-18T10:15:39.137+0200] {processor.py:183} INFO - Processing /usr/local/lib/python3.8/site-packages/airflow/example_dags/example_dynamic_task_mapping_with_no_taskflow_operators.py took 0.205 seconds
[2024-03-18T10:16:20.387+0200] {processor.py:161} INFO - Started process (PID=10565) to work on /usr/local/lib/python3.8/site-packages/airflow/example_dags/example_dynamic_task_mapping_with_no_taskflow_operators.py
[2024-03-18T10:16:20.389+0200] {processor.py:830} INFO - Processing file /usr/local/lib/python3.8/site-packages/airflow/example_dags/example_dynamic_task_mapping_with_no_taskflow_operators.py for tasks to queue
[2024-03-18T10:16:20.389+0200] {logging_mixin.py:188} INFO - [2024-03-18T10:16:20.389+0200] {dagbag.py:540} INFO - Filling up the DagBag from /usr/local/lib/python3.8/site-packages/airflow/example_dags/example_dynamic_task_mapping_with_no_taskflow_operators.py
[2024-03-18T10:16:20.396+0200] {processor.py:840} INFO - DAG(s) 'example_dynamic_task_mapping_with_no_taskflow_operators' retrieved from /usr/local/lib/python3.8/site-packages/airflow/example_dags/example_dynamic_task_mapping_with_no_taskflow_operators.py
[2024-03-18T10:16:20.539+0200] {logging_mixin.py:188} INFO - [2024-03-18T10:16:20.538+0200] {dag.py:3047} INFO - Sync 1 DAGs
[2024-03-18T10:16:20.578+0200] {logging_mixin.py:188} INFO - [2024-03-18T10:16:20.577+0200] {dag.py:3834} INFO - Setting next_dagrun for example_dynamic_task_mapping_with_no_taskflow_operators to 2024-03-17 00:00:00+00:00, run_after=2024-03-18 00:00:00+00:00
[2024-03-18T10:16:20.594+0200] {processor.py:183} INFO - Processing /usr/local/lib/python3.8/site-packages/airflow/example_dags/example_dynamic_task_mapping_with_no_taskflow_operators.py took 0.208 seconds
[2024-03-18T10:17:10.451+0200] {processor.py:161} INFO - Started process (PID=10761) to work on /usr/local/lib/python3.8/site-packages/airflow/example_dags/example_dynamic_task_mapping_with_no_taskflow_operators.py
[2024-03-18T10:17:10.452+0200] {processor.py:830} INFO - Processing file /usr/local/lib/python3.8/site-packages/airflow/example_dags/example_dynamic_task_mapping_with_no_taskflow_operators.py for tasks to queue
[2024-03-18T10:17:10.453+0200] {logging_mixin.py:188} INFO - [2024-03-18T10:17:10.452+0200] {dagbag.py:540} INFO - Filling up the DagBag from /usr/local/lib/python3.8/site-packages/airflow/example_dags/example_dynamic_task_mapping_with_no_taskflow_operators.py
[2024-03-18T10:17:10.461+0200] {processor.py:840} INFO - DAG(s) 'example_dynamic_task_mapping_with_no_taskflow_operators' retrieved from /usr/local/lib/python3.8/site-packages/airflow/example_dags/example_dynamic_task_mapping_with_no_taskflow_operators.py
[2024-03-18T10:17:10.622+0200] {logging_mixin.py:188} INFO - [2024-03-18T10:17:10.622+0200] {dag.py:3047} INFO - Sync 1 DAGs
[2024-03-18T10:17:10.645+0200] {logging_mixin.py:188} INFO - [2024-03-18T10:17:10.645+0200] {dag.py:3834} INFO - Setting next_dagrun for example_dynamic_task_mapping_with_no_taskflow_operators to 2024-03-17 00:00:00+00:00, run_after=2024-03-18 00:00:00+00:00
[2024-03-18T10:17:10.679+0200] {processor.py:183} INFO - Processing /usr/local/lib/python3.8/site-packages/airflow/example_dags/example_dynamic_task_mapping_with_no_taskflow_operators.py took 0.229 seconds
[2024-03-18T10:18:02.021+0200] {processor.py:161} INFO - Started process (PID=10950) to work on /usr/local/lib/python3.8/site-packages/airflow/example_dags/example_dynamic_task_mapping_with_no_taskflow_operators.py
[2024-03-18T10:18:02.022+0200] {processor.py:830} INFO - Processing file /usr/local/lib/python3.8/site-packages/airflow/example_dags/example_dynamic_task_mapping_with_no_taskflow_operators.py for tasks to queue
[2024-03-18T10:18:02.022+0200] {logging_mixin.py:188} INFO - [2024-03-18T10:18:02.022+0200] {dagbag.py:540} INFO - Filling up the DagBag from /usr/local/lib/python3.8/site-packages/airflow/example_dags/example_dynamic_task_mapping_with_no_taskflow_operators.py
[2024-03-18T10:18:02.029+0200] {processor.py:840} INFO - DAG(s) 'example_dynamic_task_mapping_with_no_taskflow_operators' retrieved from /usr/local/lib/python3.8/site-packages/airflow/example_dags/example_dynamic_task_mapping_with_no_taskflow_operators.py
[2024-03-18T10:18:02.213+0200] {logging_mixin.py:188} INFO - [2024-03-18T10:18:02.213+0200] {dag.py:3047} INFO - Sync 1 DAGs
[2024-03-18T10:18:02.236+0200] {logging_mixin.py:188} INFO - [2024-03-18T10:18:02.235+0200] {dag.py:3834} INFO - Setting next_dagrun for example_dynamic_task_mapping_with_no_taskflow_operators to 2024-03-17 00:00:00+00:00, run_after=2024-03-18 00:00:00+00:00
[2024-03-18T10:18:02.272+0200] {processor.py:183} INFO - Processing /usr/local/lib/python3.8/site-packages/airflow/example_dags/example_dynamic_task_mapping_with_no_taskflow_operators.py took 0.253 seconds
[2024-03-18T10:18:45.064+0200] {processor.py:161} INFO - Started process (PID=11118) to work on /usr/local/lib/python3.8/site-packages/airflow/example_dags/example_dynamic_task_mapping_with_no_taskflow_operators.py
[2024-03-18T10:18:45.066+0200] {processor.py:830} INFO - Processing file /usr/local/lib/python3.8/site-packages/airflow/example_dags/example_dynamic_task_mapping_with_no_taskflow_operators.py for tasks to queue
[2024-03-18T10:18:45.067+0200] {logging_mixin.py:188} INFO - [2024-03-18T10:18:45.067+0200] {dagbag.py:540} INFO - Filling up the DagBag from /usr/local/lib/python3.8/site-packages/airflow/example_dags/example_dynamic_task_mapping_with_no_taskflow_operators.py
[2024-03-18T10:18:45.074+0200] {processor.py:840} INFO - DAG(s) 'example_dynamic_task_mapping_with_no_taskflow_operators' retrieved from /usr/local/lib/python3.8/site-packages/airflow/example_dags/example_dynamic_task_mapping_with_no_taskflow_operators.py
[2024-03-18T10:18:45.261+0200] {logging_mixin.py:188} INFO - [2024-03-18T10:18:45.261+0200] {dag.py:3047} INFO - Sync 1 DAGs
[2024-03-18T10:18:45.284+0200] {logging_mixin.py:188} INFO - [2024-03-18T10:18:45.284+0200] {dag.py:3834} INFO - Setting next_dagrun for example_dynamic_task_mapping_with_no_taskflow_operators to 2024-03-17 00:00:00+00:00, run_after=2024-03-18 00:00:00+00:00
[2024-03-18T10:18:45.319+0200] {processor.py:183} INFO - Processing /usr/local/lib/python3.8/site-packages/airflow/example_dags/example_dynamic_task_mapping_with_no_taskflow_operators.py took 0.257 seconds
[2024-03-18T10:19:37.586+0200] {processor.py:161} INFO - Started process (PID=11326) to work on /usr/local/lib/python3.8/site-packages/airflow/example_dags/example_dynamic_task_mapping_with_no_taskflow_operators.py
[2024-03-18T10:19:37.588+0200] {processor.py:830} INFO - Processing file /usr/local/lib/python3.8/site-packages/airflow/example_dags/example_dynamic_task_mapping_with_no_taskflow_operators.py for tasks to queue
[2024-03-18T10:19:37.588+0200] {logging_mixin.py:188} INFO - [2024-03-18T10:19:37.588+0200] {dagbag.py:540} INFO - Filling up the DagBag from /usr/local/lib/python3.8/site-packages/airflow/example_dags/example_dynamic_task_mapping_with_no_taskflow_operators.py
[2024-03-18T10:19:37.595+0200] {processor.py:840} INFO - DAG(s) 'example_dynamic_task_mapping_with_no_taskflow_operators' retrieved from /usr/local/lib/python3.8/site-packages/airflow/example_dags/example_dynamic_task_mapping_with_no_taskflow_operators.py
[2024-03-18T10:19:37.759+0200] {logging_mixin.py:188} INFO - [2024-03-18T10:19:37.759+0200] {dag.py:3047} INFO - Sync 1 DAGs
[2024-03-18T10:19:37.782+0200] {logging_mixin.py:188} INFO - [2024-03-18T10:19:37.781+0200] {dag.py:3834} INFO - Setting next_dagrun for example_dynamic_task_mapping_with_no_taskflow_operators to 2024-03-17 00:00:00+00:00, run_after=2024-03-18 00:00:00+00:00
[2024-03-18T10:19:37.814+0200] {processor.py:183} INFO - Processing /usr/local/lib/python3.8/site-packages/airflow/example_dags/example_dynamic_task_mapping_with_no_taskflow_operators.py took 0.230 seconds
[2024-03-18T10:20:29.245+0200] {processor.py:161} INFO - Started process (PID=11533) to work on /usr/local/lib/python3.8/site-packages/airflow/example_dags/example_dynamic_task_mapping_with_no_taskflow_operators.py
[2024-03-18T10:20:29.246+0200] {processor.py:830} INFO - Processing file /usr/local/lib/python3.8/site-packages/airflow/example_dags/example_dynamic_task_mapping_with_no_taskflow_operators.py for tasks to queue
[2024-03-18T10:20:29.247+0200] {logging_mixin.py:188} INFO - [2024-03-18T10:20:29.247+0200] {dagbag.py:540} INFO - Filling up the DagBag from /usr/local/lib/python3.8/site-packages/airflow/example_dags/example_dynamic_task_mapping_with_no_taskflow_operators.py
[2024-03-18T10:20:29.255+0200] {processor.py:840} INFO - DAG(s) 'example_dynamic_task_mapping_with_no_taskflow_operators' retrieved from /usr/local/lib/python3.8/site-packages/airflow/example_dags/example_dynamic_task_mapping_with_no_taskflow_operators.py
[2024-03-18T10:20:29.432+0200] {logging_mixin.py:188} INFO - [2024-03-18T10:20:29.431+0200] {dag.py:3047} INFO - Sync 1 DAGs
[2024-03-18T10:20:29.473+0200] {logging_mixin.py:188} INFO - [2024-03-18T10:20:29.472+0200] {dag.py:3834} INFO - Setting next_dagrun for example_dynamic_task_mapping_with_no_taskflow_operators to 2024-03-17 00:00:00+00:00, run_after=2024-03-18 00:00:00+00:00
[2024-03-18T10:20:29.508+0200] {processor.py:183} INFO - Processing /usr/local/lib/python3.8/site-packages/airflow/example_dags/example_dynamic_task_mapping_with_no_taskflow_operators.py took 0.265 seconds
[2024-03-18T10:21:15.920+0200] {processor.py:161} INFO - Started process (PID=11754) to work on /usr/local/lib/python3.8/site-packages/airflow/example_dags/example_dynamic_task_mapping_with_no_taskflow_operators.py
[2024-03-18T10:21:15.921+0200] {processor.py:830} INFO - Processing file /usr/local/lib/python3.8/site-packages/airflow/example_dags/example_dynamic_task_mapping_with_no_taskflow_operators.py for tasks to queue
[2024-03-18T10:21:15.922+0200] {logging_mixin.py:188} INFO - [2024-03-18T10:21:15.922+0200] {dagbag.py:540} INFO - Filling up the DagBag from /usr/local/lib/python3.8/site-packages/airflow/example_dags/example_dynamic_task_mapping_with_no_taskflow_operators.py
[2024-03-18T10:21:15.929+0200] {processor.py:840} INFO - DAG(s) 'example_dynamic_task_mapping_with_no_taskflow_operators' retrieved from /usr/local/lib/python3.8/site-packages/airflow/example_dags/example_dynamic_task_mapping_with_no_taskflow_operators.py
[2024-03-18T10:21:16.083+0200] {logging_mixin.py:188} INFO - [2024-03-18T10:21:16.082+0200] {dag.py:3047} INFO - Sync 1 DAGs
[2024-03-18T10:21:16.116+0200] {logging_mixin.py:188} INFO - [2024-03-18T10:21:16.116+0200] {dag.py:3834} INFO - Setting next_dagrun for example_dynamic_task_mapping_with_no_taskflow_operators to 2024-03-17 00:00:00+00:00, run_after=2024-03-18 00:00:00+00:00
[2024-03-18T10:21:16.130+0200] {processor.py:183} INFO - Processing /usr/local/lib/python3.8/site-packages/airflow/example_dags/example_dynamic_task_mapping_with_no_taskflow_operators.py took 0.212 seconds
[2024-03-18T10:23:38.293+0200] {processor.py:161} INFO - Started process (PID=11951) to work on /usr/local/lib/python3.8/site-packages/airflow/example_dags/example_dynamic_task_mapping_with_no_taskflow_operators.py
[2024-03-18T10:23:38.294+0200] {processor.py:830} INFO - Processing file /usr/local/lib/python3.8/site-packages/airflow/example_dags/example_dynamic_task_mapping_with_no_taskflow_operators.py for tasks to queue
[2024-03-18T10:23:38.295+0200] {logging_mixin.py:188} INFO - [2024-03-18T10:23:38.295+0200] {dagbag.py:540} INFO - Filling up the DagBag from /usr/local/lib/python3.8/site-packages/airflow/example_dags/example_dynamic_task_mapping_with_no_taskflow_operators.py
[2024-03-18T10:23:38.302+0200] {processor.py:840} INFO - DAG(s) 'example_dynamic_task_mapping_with_no_taskflow_operators' retrieved from /usr/local/lib/python3.8/site-packages/airflow/example_dags/example_dynamic_task_mapping_with_no_taskflow_operators.py
[2024-03-18T10:23:38.446+0200] {logging_mixin.py:188} INFO - [2024-03-18T10:23:38.445+0200] {dag.py:3047} INFO - Sync 1 DAGs
[2024-03-18T10:23:38.467+0200] {logging_mixin.py:188} INFO - [2024-03-18T10:23:38.467+0200] {dag.py:3834} INFO - Setting next_dagrun for example_dynamic_task_mapping_with_no_taskflow_operators to 2024-03-17 00:00:00+00:00, run_after=2024-03-18 00:00:00+00:00
[2024-03-18T10:23:38.482+0200] {processor.py:183} INFO - Processing /usr/local/lib/python3.8/site-packages/airflow/example_dags/example_dynamic_task_mapping_with_no_taskflow_operators.py took 0.191 seconds
[2024-03-18T10:24:29.958+0200] {processor.py:161} INFO - Started process (PID=12160) to work on /usr/local/lib/python3.8/site-packages/airflow/example_dags/example_dynamic_task_mapping_with_no_taskflow_operators.py
[2024-03-18T10:24:29.959+0200] {processor.py:830} INFO - Processing file /usr/local/lib/python3.8/site-packages/airflow/example_dags/example_dynamic_task_mapping_with_no_taskflow_operators.py for tasks to queue
[2024-03-18T10:24:29.960+0200] {logging_mixin.py:188} INFO - [2024-03-18T10:24:29.960+0200] {dagbag.py:540} INFO - Filling up the DagBag from /usr/local/lib/python3.8/site-packages/airflow/example_dags/example_dynamic_task_mapping_with_no_taskflow_operators.py
[2024-03-18T10:24:29.968+0200] {processor.py:840} INFO - DAG(s) 'example_dynamic_task_mapping_with_no_taskflow_operators' retrieved from /usr/local/lib/python3.8/site-packages/airflow/example_dags/example_dynamic_task_mapping_with_no_taskflow_operators.py
[2024-03-18T10:24:30.298+0200] {logging_mixin.py:188} INFO - [2024-03-18T10:24:30.298+0200] {dag.py:3047} INFO - Sync 1 DAGs
[2024-03-18T10:24:30.354+0200] {logging_mixin.py:188} INFO - [2024-03-18T10:24:30.354+0200] {dag.py:3834} INFO - Setting next_dagrun for example_dynamic_task_mapping_with_no_taskflow_operators to 2024-03-17 00:00:00+00:00, run_after=2024-03-18 00:00:00+00:00
[2024-03-18T10:24:30.456+0200] {processor.py:183} INFO - Processing /usr/local/lib/python3.8/site-packages/airflow/example_dags/example_dynamic_task_mapping_with_no_taskflow_operators.py took 0.501 seconds
[2024-03-18T10:25:24.687+0200] {processor.py:161} INFO - Started process (PID=12380) to work on /usr/local/lib/python3.8/site-packages/airflow/example_dags/example_dynamic_task_mapping_with_no_taskflow_operators.py
[2024-03-18T10:25:24.688+0200] {processor.py:830} INFO - Processing file /usr/local/lib/python3.8/site-packages/airflow/example_dags/example_dynamic_task_mapping_with_no_taskflow_operators.py for tasks to queue
[2024-03-18T10:25:24.689+0200] {logging_mixin.py:188} INFO - [2024-03-18T10:25:24.689+0200] {dagbag.py:540} INFO - Filling up the DagBag from /usr/local/lib/python3.8/site-packages/airflow/example_dags/example_dynamic_task_mapping_with_no_taskflow_operators.py
[2024-03-18T10:25:24.699+0200] {processor.py:840} INFO - DAG(s) 'example_dynamic_task_mapping_with_no_taskflow_operators' retrieved from /usr/local/lib/python3.8/site-packages/airflow/example_dags/example_dynamic_task_mapping_with_no_taskflow_operators.py
[2024-03-18T10:25:24.896+0200] {logging_mixin.py:188} INFO - [2024-03-18T10:25:24.895+0200] {dag.py:3047} INFO - Sync 1 DAGs
[2024-03-18T10:25:24.927+0200] {logging_mixin.py:188} INFO - [2024-03-18T10:25:24.927+0200] {dag.py:3834} INFO - Setting next_dagrun for example_dynamic_task_mapping_with_no_taskflow_operators to 2024-03-17 00:00:00+00:00, run_after=2024-03-18 00:00:00+00:00
[2024-03-18T10:25:24.945+0200] {processor.py:183} INFO - Processing /usr/local/lib/python3.8/site-packages/airflow/example_dags/example_dynamic_task_mapping_with_no_taskflow_operators.py took 0.260 seconds
[2024-03-18T10:27:03.779+0200] {processor.py:161} INFO - Started process (PID=13126) to work on /usr/local/lib/python3.8/site-packages/airflow/example_dags/example_dynamic_task_mapping_with_no_taskflow_operators.py
[2024-03-18T10:27:03.780+0200] {processor.py:830} INFO - Processing file /usr/local/lib/python3.8/site-packages/airflow/example_dags/example_dynamic_task_mapping_with_no_taskflow_operators.py for tasks to queue
[2024-03-18T10:27:03.781+0200] {logging_mixin.py:188} INFO - [2024-03-18T10:27:03.781+0200] {dagbag.py:540} INFO - Filling up the DagBag from /usr/local/lib/python3.8/site-packages/airflow/example_dags/example_dynamic_task_mapping_with_no_taskflow_operators.py
[2024-03-18T10:27:03.791+0200] {processor.py:840} INFO - DAG(s) 'example_dynamic_task_mapping_with_no_taskflow_operators' retrieved from /usr/local/lib/python3.8/site-packages/airflow/example_dags/example_dynamic_task_mapping_with_no_taskflow_operators.py
[2024-03-18T10:27:04.116+0200] {logging_mixin.py:188} INFO - [2024-03-18T10:27:04.116+0200] {dag.py:3047} INFO - Sync 1 DAGs
[2024-03-18T10:27:04.142+0200] {logging_mixin.py:188} INFO - [2024-03-18T10:27:04.142+0200] {dag.py:3834} INFO - Setting next_dagrun for example_dynamic_task_mapping_with_no_taskflow_operators to 2024-03-17 00:00:00+00:00, run_after=2024-03-18 00:00:00+00:00
[2024-03-18T10:27:04.178+0200] {processor.py:183} INFO - Processing /usr/local/lib/python3.8/site-packages/airflow/example_dags/example_dynamic_task_mapping_with_no_taskflow_operators.py took 0.401 seconds
[2024-03-18T10:27:54.260+0200] {processor.py:161} INFO - Started process (PID=13414) to work on /usr/local/lib/python3.8/site-packages/airflow/example_dags/example_dynamic_task_mapping_with_no_taskflow_operators.py
[2024-03-18T10:27:54.261+0200] {processor.py:830} INFO - Processing file /usr/local/lib/python3.8/site-packages/airflow/example_dags/example_dynamic_task_mapping_with_no_taskflow_operators.py for tasks to queue
[2024-03-18T10:27:54.261+0200] {logging_mixin.py:188} INFO - [2024-03-18T10:27:54.261+0200] {dagbag.py:540} INFO - Filling up the DagBag from /usr/local/lib/python3.8/site-packages/airflow/example_dags/example_dynamic_task_mapping_with_no_taskflow_operators.py
[2024-03-18T10:27:54.268+0200] {processor.py:840} INFO - DAG(s) 'example_dynamic_task_mapping_with_no_taskflow_operators' retrieved from /usr/local/lib/python3.8/site-packages/airflow/example_dags/example_dynamic_task_mapping_with_no_taskflow_operators.py
[2024-03-18T10:27:54.421+0200] {logging_mixin.py:188} INFO - [2024-03-18T10:27:54.420+0200] {dag.py:3047} INFO - Sync 1 DAGs
[2024-03-18T10:27:54.443+0200] {logging_mixin.py:188} INFO - [2024-03-18T10:27:54.443+0200] {dag.py:3834} INFO - Setting next_dagrun for example_dynamic_task_mapping_with_no_taskflow_operators to 2024-03-17 00:00:00+00:00, run_after=2024-03-18 00:00:00+00:00
[2024-03-18T10:27:54.474+0200] {processor.py:183} INFO - Processing /usr/local/lib/python3.8/site-packages/airflow/example_dags/example_dynamic_task_mapping_with_no_taskflow_operators.py took 0.216 seconds
[2024-03-18T10:28:46.093+0200] {processor.py:161} INFO - Started process (PID=13609) to work on /usr/local/lib/python3.8/site-packages/airflow/example_dags/example_dynamic_task_mapping_with_no_taskflow_operators.py
[2024-03-18T10:28:46.094+0200] {processor.py:830} INFO - Processing file /usr/local/lib/python3.8/site-packages/airflow/example_dags/example_dynamic_task_mapping_with_no_taskflow_operators.py for tasks to queue
[2024-03-18T10:28:46.095+0200] {logging_mixin.py:188} INFO - [2024-03-18T10:28:46.095+0200] {dagbag.py:540} INFO - Filling up the DagBag from /usr/local/lib/python3.8/site-packages/airflow/example_dags/example_dynamic_task_mapping_with_no_taskflow_operators.py
[2024-03-18T10:28:46.101+0200] {processor.py:840} INFO - DAG(s) 'example_dynamic_task_mapping_with_no_taskflow_operators' retrieved from /usr/local/lib/python3.8/site-packages/airflow/example_dags/example_dynamic_task_mapping_with_no_taskflow_operators.py
[2024-03-18T10:28:46.237+0200] {logging_mixin.py:188} INFO - [2024-03-18T10:28:46.237+0200] {dag.py:3047} INFO - Sync 1 DAGs
[2024-03-18T10:28:46.272+0200] {logging_mixin.py:188} INFO - [2024-03-18T10:28:46.271+0200] {dag.py:3834} INFO - Setting next_dagrun for example_dynamic_task_mapping_with_no_taskflow_operators to 2024-03-17 00:00:00+00:00, run_after=2024-03-18 00:00:00+00:00
[2024-03-18T10:28:46.285+0200] {processor.py:183} INFO - Processing /usr/local/lib/python3.8/site-packages/airflow/example_dags/example_dynamic_task_mapping_with_no_taskflow_operators.py took 0.194 seconds
[2024-03-18T10:29:32.440+0200] {processor.py:161} INFO - Started process (PID=13780) to work on /usr/local/lib/python3.8/site-packages/airflow/example_dags/example_dynamic_task_mapping_with_no_taskflow_operators.py
[2024-03-18T10:29:32.441+0200] {processor.py:830} INFO - Processing file /usr/local/lib/python3.8/site-packages/airflow/example_dags/example_dynamic_task_mapping_with_no_taskflow_operators.py for tasks to queue
[2024-03-18T10:29:32.442+0200] {logging_mixin.py:188} INFO - [2024-03-18T10:29:32.442+0200] {dagbag.py:540} INFO - Filling up the DagBag from /usr/local/lib/python3.8/site-packages/airflow/example_dags/example_dynamic_task_mapping_with_no_taskflow_operators.py
[2024-03-18T10:29:32.449+0200] {processor.py:840} INFO - DAG(s) 'example_dynamic_task_mapping_with_no_taskflow_operators' retrieved from /usr/local/lib/python3.8/site-packages/airflow/example_dags/example_dynamic_task_mapping_with_no_taskflow_operators.py
[2024-03-18T10:29:32.610+0200] {logging_mixin.py:188} INFO - [2024-03-18T10:29:32.610+0200] {dag.py:3047} INFO - Sync 1 DAGs
[2024-03-18T10:29:32.631+0200] {logging_mixin.py:188} INFO - [2024-03-18T10:29:32.631+0200] {dag.py:3834} INFO - Setting next_dagrun for example_dynamic_task_mapping_with_no_taskflow_operators to 2024-03-17 00:00:00+00:00, run_after=2024-03-18 00:00:00+00:00
[2024-03-18T10:29:32.664+0200] {processor.py:183} INFO - Processing /usr/local/lib/python3.8/site-packages/airflow/example_dags/example_dynamic_task_mapping_with_no_taskflow_operators.py took 0.225 seconds
[2024-03-18T10:30:26.131+0200] {processor.py:161} INFO - Started process (PID=13985) to work on /usr/local/lib/python3.8/site-packages/airflow/example_dags/example_dynamic_task_mapping_with_no_taskflow_operators.py
[2024-03-18T10:30:26.132+0200] {processor.py:830} INFO - Processing file /usr/local/lib/python3.8/site-packages/airflow/example_dags/example_dynamic_task_mapping_with_no_taskflow_operators.py for tasks to queue
[2024-03-18T10:30:26.133+0200] {logging_mixin.py:188} INFO - [2024-03-18T10:30:26.133+0200] {dagbag.py:540} INFO - Filling up the DagBag from /usr/local/lib/python3.8/site-packages/airflow/example_dags/example_dynamic_task_mapping_with_no_taskflow_operators.py
[2024-03-18T10:30:26.141+0200] {processor.py:840} INFO - DAG(s) 'example_dynamic_task_mapping_with_no_taskflow_operators' retrieved from /usr/local/lib/python3.8/site-packages/airflow/example_dags/example_dynamic_task_mapping_with_no_taskflow_operators.py
[2024-03-18T10:30:26.309+0200] {logging_mixin.py:188} INFO - [2024-03-18T10:30:26.309+0200] {dag.py:3047} INFO - Sync 1 DAGs
[2024-03-18T10:30:26.333+0200] {logging_mixin.py:188} INFO - [2024-03-18T10:30:26.332+0200] {dag.py:3834} INFO - Setting next_dagrun for example_dynamic_task_mapping_with_no_taskflow_operators to 2024-03-17 00:00:00+00:00, run_after=2024-03-18 00:00:00+00:00
[2024-03-18T10:30:26.366+0200] {processor.py:183} INFO - Processing /usr/local/lib/python3.8/site-packages/airflow/example_dags/example_dynamic_task_mapping_with_no_taskflow_operators.py took 0.237 seconds
[2024-03-18T10:31:19.054+0200] {processor.py:161} INFO - Started process (PID=14198) to work on /usr/local/lib/python3.8/site-packages/airflow/example_dags/example_dynamic_task_mapping_with_no_taskflow_operators.py
[2024-03-18T10:31:19.055+0200] {processor.py:830} INFO - Processing file /usr/local/lib/python3.8/site-packages/airflow/example_dags/example_dynamic_task_mapping_with_no_taskflow_operators.py for tasks to queue
[2024-03-18T10:31:19.055+0200] {logging_mixin.py:188} INFO - [2024-03-18T10:31:19.055+0200] {dagbag.py:540} INFO - Filling up the DagBag from /usr/local/lib/python3.8/site-packages/airflow/example_dags/example_dynamic_task_mapping_with_no_taskflow_operators.py
[2024-03-18T10:31:19.063+0200] {processor.py:840} INFO - DAG(s) 'example_dynamic_task_mapping_with_no_taskflow_operators' retrieved from /usr/local/lib/python3.8/site-packages/airflow/example_dags/example_dynamic_task_mapping_with_no_taskflow_operators.py
[2024-03-18T10:31:19.224+0200] {logging_mixin.py:188} INFO - [2024-03-18T10:31:19.224+0200] {dag.py:3047} INFO - Sync 1 DAGs
[2024-03-18T10:31:19.264+0200] {logging_mixin.py:188} INFO - [2024-03-18T10:31:19.264+0200] {dag.py:3834} INFO - Setting next_dagrun for example_dynamic_task_mapping_with_no_taskflow_operators to 2024-03-17 00:00:00+00:00, run_after=2024-03-18 00:00:00+00:00
[2024-03-18T10:31:19.282+0200] {processor.py:183} INFO - Processing /usr/local/lib/python3.8/site-packages/airflow/example_dags/example_dynamic_task_mapping_with_no_taskflow_operators.py took 0.230 seconds
[2024-03-18T10:32:03.564+0200] {processor.py:161} INFO - Started process (PID=14378) to work on /usr/local/lib/python3.8/site-packages/airflow/example_dags/example_dynamic_task_mapping_with_no_taskflow_operators.py
[2024-03-18T10:32:03.565+0200] {processor.py:830} INFO - Processing file /usr/local/lib/python3.8/site-packages/airflow/example_dags/example_dynamic_task_mapping_with_no_taskflow_operators.py for tasks to queue
[2024-03-18T10:32:03.565+0200] {logging_mixin.py:188} INFO - [2024-03-18T10:32:03.565+0200] {dagbag.py:540} INFO - Filling up the DagBag from /usr/local/lib/python3.8/site-packages/airflow/example_dags/example_dynamic_task_mapping_with_no_taskflow_operators.py
[2024-03-18T10:32:03.572+0200] {processor.py:840} INFO - DAG(s) 'example_dynamic_task_mapping_with_no_taskflow_operators' retrieved from /usr/local/lib/python3.8/site-packages/airflow/example_dags/example_dynamic_task_mapping_with_no_taskflow_operators.py
[2024-03-18T10:32:03.724+0200] {logging_mixin.py:188} INFO - [2024-03-18T10:32:03.724+0200] {dag.py:3047} INFO - Sync 1 DAGs
[2024-03-18T10:32:03.762+0200] {logging_mixin.py:188} INFO - [2024-03-18T10:32:03.762+0200] {dag.py:3834} INFO - Setting next_dagrun for example_dynamic_task_mapping_with_no_taskflow_operators to 2024-03-17 00:00:00+00:00, run_after=2024-03-18 00:00:00+00:00
[2024-03-18T10:32:03.777+0200] {processor.py:183} INFO - Processing /usr/local/lib/python3.8/site-packages/airflow/example_dags/example_dynamic_task_mapping_with_no_taskflow_operators.py took 0.215 seconds
