[2024-03-18T09:42:46.152+0200] {processor.py:161} INFO - Started process (PID=1739) to work on /usr/local/lib/python3.8/site-packages/airflow/example_dags/example_bash_operator.py
[2024-03-18T09:42:46.153+0200] {processor.py:830} INFO - Processing file /usr/local/lib/python3.8/site-packages/airflow/example_dags/example_bash_operator.py for tasks to queue
[2024-03-18T09:42:46.153+0200] {logging_mixin.py:188} INFO - [2024-03-18T09:42:46.153+0200] {dagbag.py:540} INFO - Filling up the DagBag from /usr/local/lib/python3.8/site-packages/airflow/example_dags/example_bash_operator.py
[2024-03-18T09:42:46.167+0200] {processor.py:840} INFO - DAG(s) 'example_bash_operator' retrieved from /usr/local/lib/python3.8/site-packages/airflow/example_dags/example_bash_operator.py
[2024-03-18T09:42:46.404+0200] {logging_mixin.py:188} INFO - [2024-03-18T09:42:46.404+0200] {dag.py:3047} INFO - Sync 1 DAGs
[2024-03-18T09:42:46.423+0200] {logging_mixin.py:188} INFO - [2024-03-18T09:42:46.423+0200] {dag.py:3834} INFO - Setting next_dagrun for example_bash_operator to 2024-03-17 00:00:00+00:00, run_after=2024-03-18 00:00:00+00:00
[2024-03-18T09:42:46.441+0200] {processor.py:183} INFO - Processing /usr/local/lib/python3.8/site-packages/airflow/example_dags/example_bash_operator.py took 0.290 seconds
[2024-03-18T09:43:35.211+0200] {processor.py:161} INFO - Started process (PID=1953) to work on /usr/local/lib/python3.8/site-packages/airflow/example_dags/example_bash_operator.py
[2024-03-18T09:43:35.212+0200] {processor.py:830} INFO - Processing file /usr/local/lib/python3.8/site-packages/airflow/example_dags/example_bash_operator.py for tasks to queue
[2024-03-18T09:43:35.212+0200] {logging_mixin.py:188} INFO - [2024-03-18T09:43:35.212+0200] {dagbag.py:540} INFO - Filling up the DagBag from /usr/local/lib/python3.8/site-packages/airflow/example_dags/example_bash_operator.py
[2024-03-18T09:43:35.224+0200] {processor.py:840} INFO - DAG(s) 'example_bash_operator' retrieved from /usr/local/lib/python3.8/site-packages/airflow/example_dags/example_bash_operator.py
[2024-03-18T09:43:35.388+0200] {logging_mixin.py:188} INFO - [2024-03-18T09:43:35.388+0200] {dag.py:3047} INFO - Sync 1 DAGs
[2024-03-18T09:43:35.412+0200] {logging_mixin.py:188} INFO - [2024-03-18T09:43:35.412+0200] {dag.py:3834} INFO - Setting next_dagrun for example_bash_operator to 2024-03-17 00:00:00+00:00, run_after=2024-03-18 00:00:00+00:00
[2024-03-18T09:43:35.445+0200] {processor.py:183} INFO - Processing /usr/local/lib/python3.8/site-packages/airflow/example_dags/example_bash_operator.py took 0.236 seconds
[2024-03-18T09:44:27.827+0200] {processor.py:161} INFO - Started process (PID=2185) to work on /usr/local/lib/python3.8/site-packages/airflow/example_dags/example_bash_operator.py
[2024-03-18T09:44:27.828+0200] {processor.py:830} INFO - Processing file /usr/local/lib/python3.8/site-packages/airflow/example_dags/example_bash_operator.py for tasks to queue
[2024-03-18T09:44:27.829+0200] {logging_mixin.py:188} INFO - [2024-03-18T09:44:27.828+0200] {dagbag.py:540} INFO - Filling up the DagBag from /usr/local/lib/python3.8/site-packages/airflow/example_dags/example_bash_operator.py
[2024-03-18T09:44:27.842+0200] {processor.py:840} INFO - DAG(s) 'example_bash_operator' retrieved from /usr/local/lib/python3.8/site-packages/airflow/example_dags/example_bash_operator.py
[2024-03-18T09:44:28.069+0200] {logging_mixin.py:188} INFO - [2024-03-18T09:44:28.069+0200] {dag.py:3047} INFO - Sync 1 DAGs
[2024-03-18T09:44:28.105+0200] {logging_mixin.py:188} INFO - [2024-03-18T09:44:28.105+0200] {dag.py:3834} INFO - Setting next_dagrun for example_bash_operator to 2024-03-17 00:00:00+00:00, run_after=2024-03-18 00:00:00+00:00
[2024-03-18T09:44:28.129+0200] {processor.py:183} INFO - Processing /usr/local/lib/python3.8/site-packages/airflow/example_dags/example_bash_operator.py took 0.303 seconds
[2024-03-18T09:45:33.359+0200] {processor.py:161} INFO - Started process (PID=2530) to work on /usr/local/lib/python3.8/site-packages/airflow/example_dags/example_bash_operator.py
[2024-03-18T09:45:33.360+0200] {processor.py:830} INFO - Processing file /usr/local/lib/python3.8/site-packages/airflow/example_dags/example_bash_operator.py for tasks to queue
[2024-03-18T09:45:33.361+0200] {logging_mixin.py:188} INFO - [2024-03-18T09:45:33.360+0200] {dagbag.py:540} INFO - Filling up the DagBag from /usr/local/lib/python3.8/site-packages/airflow/example_dags/example_bash_operator.py
[2024-03-18T09:45:33.371+0200] {processor.py:840} INFO - DAG(s) 'example_bash_operator' retrieved from /usr/local/lib/python3.8/site-packages/airflow/example_dags/example_bash_operator.py
[2024-03-18T09:45:33.529+0200] {logging_mixin.py:188} INFO - [2024-03-18T09:45:33.529+0200] {dag.py:3047} INFO - Sync 1 DAGs
[2024-03-18T09:45:33.550+0200] {logging_mixin.py:188} INFO - [2024-03-18T09:45:33.550+0200] {dag.py:3834} INFO - Setting next_dagrun for example_bash_operator to 2024-03-17 00:00:00+00:00, run_after=2024-03-18 00:00:00+00:00
[2024-03-18T09:45:33.566+0200] {processor.py:183} INFO - Processing /usr/local/lib/python3.8/site-packages/airflow/example_dags/example_bash_operator.py took 0.208 seconds
[2024-03-18T09:46:36.984+0200] {processor.py:161} INFO - Started process (PID=2870) to work on /usr/local/lib/python3.8/site-packages/airflow/example_dags/example_bash_operator.py
[2024-03-18T09:46:36.985+0200] {processor.py:830} INFO - Processing file /usr/local/lib/python3.8/site-packages/airflow/example_dags/example_bash_operator.py for tasks to queue
[2024-03-18T09:46:36.985+0200] {logging_mixin.py:188} INFO - [2024-03-18T09:46:36.985+0200] {dagbag.py:540} INFO - Filling up the DagBag from /usr/local/lib/python3.8/site-packages/airflow/example_dags/example_bash_operator.py
[2024-03-18T09:46:36.996+0200] {processor.py:840} INFO - DAG(s) 'example_bash_operator' retrieved from /usr/local/lib/python3.8/site-packages/airflow/example_dags/example_bash_operator.py
[2024-03-18T09:46:37.163+0200] {logging_mixin.py:188} INFO - [2024-03-18T09:46:37.163+0200] {dag.py:3047} INFO - Sync 1 DAGs
[2024-03-18T09:46:37.200+0200] {logging_mixin.py:188} INFO - [2024-03-18T09:46:37.200+0200] {dag.py:3834} INFO - Setting next_dagrun for example_bash_operator to 2024-03-17 00:00:00+00:00, run_after=2024-03-18 00:00:00+00:00
[2024-03-18T09:46:37.235+0200] {processor.py:183} INFO - Processing /usr/local/lib/python3.8/site-packages/airflow/example_dags/example_bash_operator.py took 0.253 seconds
[2024-03-18T09:47:28.333+0200] {processor.py:161} INFO - Started process (PID=3067) to work on /usr/local/lib/python3.8/site-packages/airflow/example_dags/example_bash_operator.py
[2024-03-18T09:47:28.334+0200] {processor.py:830} INFO - Processing file /usr/local/lib/python3.8/site-packages/airflow/example_dags/example_bash_operator.py for tasks to queue
[2024-03-18T09:47:28.334+0200] {logging_mixin.py:188} INFO - [2024-03-18T09:47:28.334+0200] {dagbag.py:540} INFO - Filling up the DagBag from /usr/local/lib/python3.8/site-packages/airflow/example_dags/example_bash_operator.py
[2024-03-18T09:47:28.345+0200] {processor.py:840} INFO - DAG(s) 'example_bash_operator' retrieved from /usr/local/lib/python3.8/site-packages/airflow/example_dags/example_bash_operator.py
[2024-03-18T09:47:28.515+0200] {logging_mixin.py:188} INFO - [2024-03-18T09:47:28.515+0200] {dag.py:3047} INFO - Sync 1 DAGs
[2024-03-18T09:47:28.551+0200] {logging_mixin.py:188} INFO - [2024-03-18T09:47:28.550+0200] {dag.py:3834} INFO - Setting next_dagrun for example_bash_operator to 2024-03-17 00:00:00+00:00, run_after=2024-03-18 00:00:00+00:00
[2024-03-18T09:47:28.586+0200] {processor.py:183} INFO - Processing /usr/local/lib/python3.8/site-packages/airflow/example_dags/example_bash_operator.py took 0.255 seconds
[2024-03-18T09:48:16.900+0200] {processor.py:161} INFO - Started process (PID=3247) to work on /usr/local/lib/python3.8/site-packages/airflow/example_dags/example_bash_operator.py
[2024-03-18T09:48:16.901+0200] {processor.py:830} INFO - Processing file /usr/local/lib/python3.8/site-packages/airflow/example_dags/example_bash_operator.py for tasks to queue
[2024-03-18T09:48:16.902+0200] {logging_mixin.py:188} INFO - [2024-03-18T09:48:16.902+0200] {dagbag.py:540} INFO - Filling up the DagBag from /usr/local/lib/python3.8/site-packages/airflow/example_dags/example_bash_operator.py
[2024-03-18T09:48:16.916+0200] {processor.py:840} INFO - DAG(s) 'example_bash_operator' retrieved from /usr/local/lib/python3.8/site-packages/airflow/example_dags/example_bash_operator.py
[2024-03-18T09:48:17.090+0200] {logging_mixin.py:188} INFO - [2024-03-18T09:48:17.090+0200] {dag.py:3047} INFO - Sync 1 DAGs
[2024-03-18T09:48:17.115+0200] {logging_mixin.py:188} INFO - [2024-03-18T09:48:17.115+0200] {dag.py:3834} INFO - Setting next_dagrun for example_bash_operator to 2024-03-17 00:00:00+00:00, run_after=2024-03-18 00:00:00+00:00
[2024-03-18T09:48:17.147+0200] {processor.py:183} INFO - Processing /usr/local/lib/python3.8/site-packages/airflow/example_dags/example_bash_operator.py took 0.248 seconds
[2024-03-18T09:49:10.998+0200] {processor.py:161} INFO - Started process (PID=3448) to work on /usr/local/lib/python3.8/site-packages/airflow/example_dags/example_bash_operator.py
[2024-03-18T09:49:10.999+0200] {processor.py:830} INFO - Processing file /usr/local/lib/python3.8/site-packages/airflow/example_dags/example_bash_operator.py for tasks to queue
[2024-03-18T09:49:10.999+0200] {logging_mixin.py:188} INFO - [2024-03-18T09:49:10.999+0200] {dagbag.py:540} INFO - Filling up the DagBag from /usr/local/lib/python3.8/site-packages/airflow/example_dags/example_bash_operator.py
[2024-03-18T09:49:11.011+0200] {processor.py:840} INFO - DAG(s) 'example_bash_operator' retrieved from /usr/local/lib/python3.8/site-packages/airflow/example_dags/example_bash_operator.py
[2024-03-18T09:49:11.182+0200] {logging_mixin.py:188} INFO - [2024-03-18T09:49:11.182+0200] {dag.py:3047} INFO - Sync 1 DAGs
[2024-03-18T09:49:11.202+0200] {logging_mixin.py:188} INFO - [2024-03-18T09:49:11.202+0200] {dag.py:3834} INFO - Setting next_dagrun for example_bash_operator to 2024-03-17 00:00:00+00:00, run_after=2024-03-18 00:00:00+00:00
[2024-03-18T09:49:11.233+0200] {processor.py:183} INFO - Processing /usr/local/lib/python3.8/site-packages/airflow/example_dags/example_bash_operator.py took 0.237 seconds
[2024-03-18T09:49:54.483+0200] {processor.py:161} INFO - Started process (PID=3628) to work on /usr/local/lib/python3.8/site-packages/airflow/example_dags/example_bash_operator.py
[2024-03-18T09:49:54.484+0200] {processor.py:830} INFO - Processing file /usr/local/lib/python3.8/site-packages/airflow/example_dags/example_bash_operator.py for tasks to queue
[2024-03-18T09:49:54.485+0200] {logging_mixin.py:188} INFO - [2024-03-18T09:49:54.484+0200] {dagbag.py:540} INFO - Filling up the DagBag from /usr/local/lib/python3.8/site-packages/airflow/example_dags/example_bash_operator.py
[2024-03-18T09:49:54.496+0200] {processor.py:840} INFO - DAG(s) 'example_bash_operator' retrieved from /usr/local/lib/python3.8/site-packages/airflow/example_dags/example_bash_operator.py
[2024-03-18T09:49:54.660+0200] {logging_mixin.py:188} INFO - [2024-03-18T09:49:54.659+0200] {dag.py:3047} INFO - Sync 1 DAGs
[2024-03-18T09:49:54.693+0200] {logging_mixin.py:188} INFO - [2024-03-18T09:49:54.693+0200] {dag.py:3834} INFO - Setting next_dagrun for example_bash_operator to 2024-03-17 00:00:00+00:00, run_after=2024-03-18 00:00:00+00:00
[2024-03-18T09:49:54.707+0200] {processor.py:183} INFO - Processing /usr/local/lib/python3.8/site-packages/airflow/example_dags/example_bash_operator.py took 0.225 seconds
[2024-03-18T09:50:38.945+0200] {processor.py:161} INFO - Started process (PID=3811) to work on /usr/local/lib/python3.8/site-packages/airflow/example_dags/example_bash_operator.py
[2024-03-18T09:50:38.946+0200] {processor.py:830} INFO - Processing file /usr/local/lib/python3.8/site-packages/airflow/example_dags/example_bash_operator.py for tasks to queue
[2024-03-18T09:50:38.946+0200] {logging_mixin.py:188} INFO - [2024-03-18T09:50:38.946+0200] {dagbag.py:540} INFO - Filling up the DagBag from /usr/local/lib/python3.8/site-packages/airflow/example_dags/example_bash_operator.py
[2024-03-18T09:50:38.961+0200] {processor.py:840} INFO - DAG(s) 'example_bash_operator' retrieved from /usr/local/lib/python3.8/site-packages/airflow/example_dags/example_bash_operator.py
[2024-03-18T09:50:39.134+0200] {logging_mixin.py:188} INFO - [2024-03-18T09:50:39.134+0200] {dag.py:3047} INFO - Sync 1 DAGs
[2024-03-18T09:50:39.159+0200] {logging_mixin.py:188} INFO - [2024-03-18T09:50:39.158+0200] {dag.py:3834} INFO - Setting next_dagrun for example_bash_operator to 2024-03-17 00:00:00+00:00, run_after=2024-03-18 00:00:00+00:00
[2024-03-18T09:50:39.194+0200] {processor.py:183} INFO - Processing /usr/local/lib/python3.8/site-packages/airflow/example_dags/example_bash_operator.py took 0.251 seconds
[2024-03-18T09:51:21.002+0200] {processor.py:161} INFO - Started process (PID=3978) to work on /usr/local/lib/python3.8/site-packages/airflow/example_dags/example_bash_operator.py
[2024-03-18T09:51:21.003+0200] {processor.py:830} INFO - Processing file /usr/local/lib/python3.8/site-packages/airflow/example_dags/example_bash_operator.py for tasks to queue
[2024-03-18T09:51:21.004+0200] {logging_mixin.py:188} INFO - [2024-03-18T09:51:21.003+0200] {dagbag.py:540} INFO - Filling up the DagBag from /usr/local/lib/python3.8/site-packages/airflow/example_dags/example_bash_operator.py
[2024-03-18T09:51:21.014+0200] {processor.py:840} INFO - DAG(s) 'example_bash_operator' retrieved from /usr/local/lib/python3.8/site-packages/airflow/example_dags/example_bash_operator.py
[2024-03-18T09:51:21.180+0200] {logging_mixin.py:188} INFO - [2024-03-18T09:51:21.179+0200] {dag.py:3047} INFO - Sync 1 DAGs
[2024-03-18T09:51:21.204+0200] {logging_mixin.py:188} INFO - [2024-03-18T09:51:21.204+0200] {dag.py:3834} INFO - Setting next_dagrun for example_bash_operator to 2024-03-17 00:00:00+00:00, run_after=2024-03-18 00:00:00+00:00
[2024-03-18T09:51:21.238+0200] {processor.py:183} INFO - Processing /usr/local/lib/python3.8/site-packages/airflow/example_dags/example_bash_operator.py took 0.238 seconds
[2024-03-18T09:52:10.946+0200] {processor.py:161} INFO - Started process (PID=4173) to work on /usr/local/lib/python3.8/site-packages/airflow/example_dags/example_bash_operator.py
[2024-03-18T09:52:10.948+0200] {processor.py:830} INFO - Processing file /usr/local/lib/python3.8/site-packages/airflow/example_dags/example_bash_operator.py for tasks to queue
[2024-03-18T09:52:10.948+0200] {logging_mixin.py:188} INFO - [2024-03-18T09:52:10.948+0200] {dagbag.py:540} INFO - Filling up the DagBag from /usr/local/lib/python3.8/site-packages/airflow/example_dags/example_bash_operator.py
[2024-03-18T09:52:10.962+0200] {processor.py:840} INFO - DAG(s) 'example_bash_operator' retrieved from /usr/local/lib/python3.8/site-packages/airflow/example_dags/example_bash_operator.py
[2024-03-18T09:52:11.136+0200] {logging_mixin.py:188} INFO - [2024-03-18T09:52:11.135+0200] {dag.py:3047} INFO - Sync 1 DAGs
[2024-03-18T09:52:11.158+0200] {logging_mixin.py:188} INFO - [2024-03-18T09:52:11.158+0200] {dag.py:3834} INFO - Setting next_dagrun for example_bash_operator to 2024-03-17 00:00:00+00:00, run_after=2024-03-18 00:00:00+00:00
[2024-03-18T09:52:11.190+0200] {processor.py:183} INFO - Processing /usr/local/lib/python3.8/site-packages/airflow/example_dags/example_bash_operator.py took 0.246 seconds
[2024-03-18T09:53:04.614+0200] {processor.py:161} INFO - Started process (PID=4377) to work on /usr/local/lib/python3.8/site-packages/airflow/example_dags/example_bash_operator.py
[2024-03-18T09:53:04.615+0200] {processor.py:830} INFO - Processing file /usr/local/lib/python3.8/site-packages/airflow/example_dags/example_bash_operator.py for tasks to queue
[2024-03-18T09:53:04.616+0200] {logging_mixin.py:188} INFO - [2024-03-18T09:53:04.616+0200] {dagbag.py:540} INFO - Filling up the DagBag from /usr/local/lib/python3.8/site-packages/airflow/example_dags/example_bash_operator.py
[2024-03-18T09:53:04.630+0200] {processor.py:840} INFO - DAG(s) 'example_bash_operator' retrieved from /usr/local/lib/python3.8/site-packages/airflow/example_dags/example_bash_operator.py
[2024-03-18T09:53:04.828+0200] {logging_mixin.py:188} INFO - [2024-03-18T09:53:04.827+0200] {dag.py:3047} INFO - Sync 1 DAGs
[2024-03-18T09:53:04.847+0200] {logging_mixin.py:188} INFO - [2024-03-18T09:53:04.847+0200] {dag.py:3834} INFO - Setting next_dagrun for example_bash_operator to 2024-03-17 00:00:00+00:00, run_after=2024-03-18 00:00:00+00:00
[2024-03-18T09:53:04.877+0200] {processor.py:183} INFO - Processing /usr/local/lib/python3.8/site-packages/airflow/example_dags/example_bash_operator.py took 0.265 seconds
[2024-03-18T09:53:48.864+0200] {processor.py:161} INFO - Started process (PID=4556) to work on /usr/local/lib/python3.8/site-packages/airflow/example_dags/example_bash_operator.py
[2024-03-18T09:53:48.865+0200] {processor.py:830} INFO - Processing file /usr/local/lib/python3.8/site-packages/airflow/example_dags/example_bash_operator.py for tasks to queue
[2024-03-18T09:53:48.866+0200] {logging_mixin.py:188} INFO - [2024-03-18T09:53:48.866+0200] {dagbag.py:540} INFO - Filling up the DagBag from /usr/local/lib/python3.8/site-packages/airflow/example_dags/example_bash_operator.py
[2024-03-18T09:53:48.879+0200] {processor.py:840} INFO - DAG(s) 'example_bash_operator' retrieved from /usr/local/lib/python3.8/site-packages/airflow/example_dags/example_bash_operator.py
[2024-03-18T09:53:49.032+0200] {logging_mixin.py:188} INFO - [2024-03-18T09:53:49.032+0200] {dag.py:3047} INFO - Sync 1 DAGs
[2024-03-18T09:53:49.052+0200] {logging_mixin.py:188} INFO - [2024-03-18T09:53:49.052+0200] {dag.py:3834} INFO - Setting next_dagrun for example_bash_operator to 2024-03-17 00:00:00+00:00, run_after=2024-03-18 00:00:00+00:00
[2024-03-18T09:53:49.082+0200] {processor.py:183} INFO - Processing /usr/local/lib/python3.8/site-packages/airflow/example_dags/example_bash_operator.py took 0.219 seconds
[2024-03-18T09:54:34.575+0200] {processor.py:161} INFO - Started process (PID=4723) to work on /usr/local/lib/python3.8/site-packages/airflow/example_dags/example_bash_operator.py
[2024-03-18T09:54:34.576+0200] {processor.py:830} INFO - Processing file /usr/local/lib/python3.8/site-packages/airflow/example_dags/example_bash_operator.py for tasks to queue
[2024-03-18T09:54:34.576+0200] {logging_mixin.py:188} INFO - [2024-03-18T09:54:34.576+0200] {dagbag.py:540} INFO - Filling up the DagBag from /usr/local/lib/python3.8/site-packages/airflow/example_dags/example_bash_operator.py
[2024-03-18T09:54:34.589+0200] {processor.py:840} INFO - DAG(s) 'example_bash_operator' retrieved from /usr/local/lib/python3.8/site-packages/airflow/example_dags/example_bash_operator.py
[2024-03-18T09:54:34.752+0200] {logging_mixin.py:188} INFO - [2024-03-18T09:54:34.752+0200] {dag.py:3047} INFO - Sync 1 DAGs
[2024-03-18T09:54:34.789+0200] {logging_mixin.py:188} INFO - [2024-03-18T09:54:34.789+0200] {dag.py:3834} INFO - Setting next_dagrun for example_bash_operator to 2024-03-17 00:00:00+00:00, run_after=2024-03-18 00:00:00+00:00
[2024-03-18T09:54:34.804+0200] {processor.py:183} INFO - Processing /usr/local/lib/python3.8/site-packages/airflow/example_dags/example_bash_operator.py took 0.230 seconds
[2024-03-18T09:55:32.959+0200] {processor.py:161} INFO - Started process (PID=4961) to work on /usr/local/lib/python3.8/site-packages/airflow/example_dags/example_bash_operator.py
[2024-03-18T09:55:32.961+0200] {processor.py:830} INFO - Processing file /usr/local/lib/python3.8/site-packages/airflow/example_dags/example_bash_operator.py for tasks to queue
[2024-03-18T09:55:32.961+0200] {logging_mixin.py:188} INFO - [2024-03-18T09:55:32.961+0200] {dagbag.py:540} INFO - Filling up the DagBag from /usr/local/lib/python3.8/site-packages/airflow/example_dags/example_bash_operator.py
[2024-03-18T09:55:32.972+0200] {processor.py:840} INFO - DAG(s) 'example_bash_operator' retrieved from /usr/local/lib/python3.8/site-packages/airflow/example_dags/example_bash_operator.py
[2024-03-18T09:55:33.128+0200] {logging_mixin.py:188} INFO - [2024-03-18T09:55:33.127+0200] {dag.py:3047} INFO - Sync 1 DAGs
[2024-03-18T09:55:33.148+0200] {logging_mixin.py:188} INFO - [2024-03-18T09:55:33.147+0200] {dag.py:3834} INFO - Setting next_dagrun for example_bash_operator to 2024-03-17 00:00:00+00:00, run_after=2024-03-18 00:00:00+00:00
[2024-03-18T09:55:33.179+0200] {processor.py:183} INFO - Processing /usr/local/lib/python3.8/site-packages/airflow/example_dags/example_bash_operator.py took 0.221 seconds
[2024-03-18T09:56:23.102+0200] {processor.py:161} INFO - Started process (PID=5238) to work on /usr/local/lib/python3.8/site-packages/airflow/example_dags/example_bash_operator.py
[2024-03-18T09:56:23.103+0200] {processor.py:830} INFO - Processing file /usr/local/lib/python3.8/site-packages/airflow/example_dags/example_bash_operator.py for tasks to queue
[2024-03-18T09:56:23.104+0200] {logging_mixin.py:188} INFO - [2024-03-18T09:56:23.104+0200] {dagbag.py:540} INFO - Filling up the DagBag from /usr/local/lib/python3.8/site-packages/airflow/example_dags/example_bash_operator.py
[2024-03-18T09:56:23.117+0200] {processor.py:840} INFO - DAG(s) 'example_bash_operator' retrieved from /usr/local/lib/python3.8/site-packages/airflow/example_dags/example_bash_operator.py
[2024-03-18T09:56:23.308+0200] {logging_mixin.py:188} INFO - [2024-03-18T09:56:23.307+0200] {dag.py:3047} INFO - Sync 1 DAGs
[2024-03-18T09:56:23.362+0200] {logging_mixin.py:188} INFO - [2024-03-18T09:56:23.362+0200] {dag.py:3834} INFO - Setting next_dagrun for example_bash_operator to 2024-03-17 00:00:00+00:00, run_after=2024-03-18 00:00:00+00:00
[2024-03-18T09:56:23.406+0200] {processor.py:183} INFO - Processing /usr/local/lib/python3.8/site-packages/airflow/example_dags/example_bash_operator.py took 0.306 seconds
[2024-03-18T09:57:22.820+0200] {processor.py:161} INFO - Started process (PID=5620) to work on /usr/local/lib/python3.8/site-packages/airflow/example_dags/example_bash_operator.py
[2024-03-18T09:57:22.822+0200] {processor.py:830} INFO - Processing file /usr/local/lib/python3.8/site-packages/airflow/example_dags/example_bash_operator.py for tasks to queue
[2024-03-18T09:57:22.822+0200] {logging_mixin.py:188} INFO - [2024-03-18T09:57:22.822+0200] {dagbag.py:540} INFO - Filling up the DagBag from /usr/local/lib/python3.8/site-packages/airflow/example_dags/example_bash_operator.py
[2024-03-18T09:57:22.835+0200] {processor.py:840} INFO - DAG(s) 'example_bash_operator' retrieved from /usr/local/lib/python3.8/site-packages/airflow/example_dags/example_bash_operator.py
[2024-03-18T09:57:22.991+0200] {logging_mixin.py:188} INFO - [2024-03-18T09:57:22.990+0200] {dag.py:3047} INFO - Sync 1 DAGs
[2024-03-18T09:57:23.011+0200] {logging_mixin.py:188} INFO - [2024-03-18T09:57:23.011+0200] {dag.py:3834} INFO - Setting next_dagrun for example_bash_operator to 2024-03-17 00:00:00+00:00, run_after=2024-03-18 00:00:00+00:00
[2024-03-18T09:57:23.043+0200] {processor.py:183} INFO - Processing /usr/local/lib/python3.8/site-packages/airflow/example_dags/example_bash_operator.py took 0.224 seconds
[2024-03-18T09:58:07.300+0200] {processor.py:161} INFO - Started process (PID=5848) to work on /usr/local/lib/python3.8/site-packages/airflow/example_dags/example_bash_operator.py
[2024-03-18T09:58:07.301+0200] {processor.py:830} INFO - Processing file /usr/local/lib/python3.8/site-packages/airflow/example_dags/example_bash_operator.py for tasks to queue
[2024-03-18T09:58:07.302+0200] {logging_mixin.py:188} INFO - [2024-03-18T09:58:07.302+0200] {dagbag.py:540} INFO - Filling up the DagBag from /usr/local/lib/python3.8/site-packages/airflow/example_dags/example_bash_operator.py
[2024-03-18T09:58:07.314+0200] {processor.py:840} INFO - DAG(s) 'example_bash_operator' retrieved from /usr/local/lib/python3.8/site-packages/airflow/example_dags/example_bash_operator.py
[2024-03-18T09:58:07.491+0200] {logging_mixin.py:188} INFO - [2024-03-18T09:58:07.490+0200] {dag.py:3047} INFO - Sync 1 DAGs
[2024-03-18T09:58:07.513+0200] {logging_mixin.py:188} INFO - [2024-03-18T09:58:07.513+0200] {dag.py:3834} INFO - Setting next_dagrun for example_bash_operator to 2024-03-17 00:00:00+00:00, run_after=2024-03-18 00:00:00+00:00
[2024-03-18T09:58:07.544+0200] {processor.py:183} INFO - Processing /usr/local/lib/python3.8/site-packages/airflow/example_dags/example_bash_operator.py took 0.245 seconds
[2024-03-18T09:58:59.686+0200] {processor.py:161} INFO - Started process (PID=6041) to work on /usr/local/lib/python3.8/site-packages/airflow/example_dags/example_bash_operator.py
[2024-03-18T09:58:59.687+0200] {processor.py:830} INFO - Processing file /usr/local/lib/python3.8/site-packages/airflow/example_dags/example_bash_operator.py for tasks to queue
[2024-03-18T09:58:59.687+0200] {logging_mixin.py:188} INFO - [2024-03-18T09:58:59.687+0200] {dagbag.py:540} INFO - Filling up the DagBag from /usr/local/lib/python3.8/site-packages/airflow/example_dags/example_bash_operator.py
[2024-03-18T09:58:59.698+0200] {processor.py:840} INFO - DAG(s) 'example_bash_operator' retrieved from /usr/local/lib/python3.8/site-packages/airflow/example_dags/example_bash_operator.py
[2024-03-18T09:58:59.865+0200] {logging_mixin.py:188} INFO - [2024-03-18T09:58:59.865+0200] {dag.py:3047} INFO - Sync 1 DAGs
[2024-03-18T09:58:59.898+0200] {logging_mixin.py:188} INFO - [2024-03-18T09:58:59.897+0200] {dag.py:3834} INFO - Setting next_dagrun for example_bash_operator to 2024-03-17 00:00:00+00:00, run_after=2024-03-18 00:00:00+00:00
[2024-03-18T09:58:59.912+0200] {processor.py:183} INFO - Processing /usr/local/lib/python3.8/site-packages/airflow/example_dags/example_bash_operator.py took 0.228 seconds
[2024-03-18T10:00:00.653+0200] {processor.py:161} INFO - Started process (PID=6259) to work on /usr/local/lib/python3.8/site-packages/airflow/example_dags/example_bash_operator.py
[2024-03-18T10:00:00.654+0200] {processor.py:830} INFO - Processing file /usr/local/lib/python3.8/site-packages/airflow/example_dags/example_bash_operator.py for tasks to queue
[2024-03-18T10:00:00.655+0200] {logging_mixin.py:188} INFO - [2024-03-18T10:00:00.655+0200] {dagbag.py:540} INFO - Filling up the DagBag from /usr/local/lib/python3.8/site-packages/airflow/example_dags/example_bash_operator.py
[2024-03-18T10:00:00.669+0200] {processor.py:840} INFO - DAG(s) 'example_bash_operator' retrieved from /usr/local/lib/python3.8/site-packages/airflow/example_dags/example_bash_operator.py
[2024-03-18T10:00:00.844+0200] {logging_mixin.py:188} INFO - [2024-03-18T10:00:00.844+0200] {dag.py:3047} INFO - Sync 1 DAGs
[2024-03-18T10:00:00.868+0200] {logging_mixin.py:188} INFO - [2024-03-18T10:00:00.868+0200] {dag.py:3834} INFO - Setting next_dagrun for example_bash_operator to 2024-03-17 00:00:00+00:00, run_after=2024-03-18 00:00:00+00:00
[2024-03-18T10:00:00.897+0200] {processor.py:183} INFO - Processing /usr/local/lib/python3.8/site-packages/airflow/example_dags/example_bash_operator.py took 0.246 seconds
[2024-03-18T10:00:48.236+0200] {processor.py:161} INFO - Started process (PID=6439) to work on /usr/local/lib/python3.8/site-packages/airflow/example_dags/example_bash_operator.py
[2024-03-18T10:00:48.237+0200] {processor.py:830} INFO - Processing file /usr/local/lib/python3.8/site-packages/airflow/example_dags/example_bash_operator.py for tasks to queue
[2024-03-18T10:00:48.238+0200] {logging_mixin.py:188} INFO - [2024-03-18T10:00:48.238+0200] {dagbag.py:540} INFO - Filling up the DagBag from /usr/local/lib/python3.8/site-packages/airflow/example_dags/example_bash_operator.py
[2024-03-18T10:00:48.255+0200] {processor.py:840} INFO - DAG(s) 'example_bash_operator' retrieved from /usr/local/lib/python3.8/site-packages/airflow/example_dags/example_bash_operator.py
[2024-03-18T10:00:48.483+0200] {logging_mixin.py:188} INFO - [2024-03-18T10:00:48.483+0200] {dag.py:3047} INFO - Sync 1 DAGs
[2024-03-18T10:00:48.514+0200] {logging_mixin.py:188} INFO - [2024-03-18T10:00:48.513+0200] {dag.py:3834} INFO - Setting next_dagrun for example_bash_operator to 2024-03-17 00:00:00+00:00, run_after=2024-03-18 00:00:00+00:00
[2024-03-18T10:00:48.550+0200] {processor.py:183} INFO - Processing /usr/local/lib/python3.8/site-packages/airflow/example_dags/example_bash_operator.py took 0.316 seconds
[2024-03-18T10:01:42.921+0200] {processor.py:161} INFO - Started process (PID=6868) to work on /usr/local/lib/python3.8/site-packages/airflow/example_dags/example_bash_operator.py
[2024-03-18T10:01:42.922+0200] {processor.py:830} INFO - Processing file /usr/local/lib/python3.8/site-packages/airflow/example_dags/example_bash_operator.py for tasks to queue
[2024-03-18T10:01:42.922+0200] {logging_mixin.py:188} INFO - [2024-03-18T10:01:42.922+0200] {dagbag.py:540} INFO - Filling up the DagBag from /usr/local/lib/python3.8/site-packages/airflow/example_dags/example_bash_operator.py
[2024-03-18T10:01:42.935+0200] {processor.py:840} INFO - DAG(s) 'example_bash_operator' retrieved from /usr/local/lib/python3.8/site-packages/airflow/example_dags/example_bash_operator.py
[2024-03-18T10:01:43.109+0200] {logging_mixin.py:188} INFO - [2024-03-18T10:01:43.108+0200] {dag.py:3047} INFO - Sync 1 DAGs
[2024-03-18T10:01:43.146+0200] {logging_mixin.py:188} INFO - [2024-03-18T10:01:43.146+0200] {dag.py:3834} INFO - Setting next_dagrun for example_bash_operator to 2024-03-17 00:00:00+00:00, run_after=2024-03-18 00:00:00+00:00
[2024-03-18T10:01:43.164+0200] {processor.py:183} INFO - Processing /usr/local/lib/python3.8/site-packages/airflow/example_dags/example_bash_operator.py took 0.244 seconds
[2024-03-18T10:02:35.319+0200] {processor.py:161} INFO - Started process (PID=7066) to work on /usr/local/lib/python3.8/site-packages/airflow/example_dags/example_bash_operator.py
[2024-03-18T10:02:35.320+0200] {processor.py:830} INFO - Processing file /usr/local/lib/python3.8/site-packages/airflow/example_dags/example_bash_operator.py for tasks to queue
[2024-03-18T10:02:35.320+0200] {logging_mixin.py:188} INFO - [2024-03-18T10:02:35.320+0200] {dagbag.py:540} INFO - Filling up the DagBag from /usr/local/lib/python3.8/site-packages/airflow/example_dags/example_bash_operator.py
[2024-03-18T10:02:35.330+0200] {processor.py:840} INFO - DAG(s) 'example_bash_operator' retrieved from /usr/local/lib/python3.8/site-packages/airflow/example_dags/example_bash_operator.py
[2024-03-18T10:02:35.482+0200] {logging_mixin.py:188} INFO - [2024-03-18T10:02:35.482+0200] {dag.py:3047} INFO - Sync 1 DAGs
[2024-03-18T10:02:35.503+0200] {logging_mixin.py:188} INFO - [2024-03-18T10:02:35.503+0200] {dag.py:3834} INFO - Setting next_dagrun for example_bash_operator to 2024-03-17 00:00:00+00:00, run_after=2024-03-18 00:00:00+00:00
[2024-03-18T10:02:35.533+0200] {processor.py:183} INFO - Processing /usr/local/lib/python3.8/site-packages/airflow/example_dags/example_bash_operator.py took 0.216 seconds
[2024-03-18T10:03:40.986+0200] {processor.py:161} INFO - Started process (PID=7352) to work on /usr/local/lib/python3.8/site-packages/airflow/example_dags/example_bash_operator.py
[2024-03-18T10:03:40.987+0200] {processor.py:830} INFO - Processing file /usr/local/lib/python3.8/site-packages/airflow/example_dags/example_bash_operator.py for tasks to queue
[2024-03-18T10:03:40.988+0200] {logging_mixin.py:188} INFO - [2024-03-18T10:03:40.987+0200] {dagbag.py:540} INFO - Filling up the DagBag from /usr/local/lib/python3.8/site-packages/airflow/example_dags/example_bash_operator.py
[2024-03-18T10:03:41.002+0200] {processor.py:840} INFO - DAG(s) 'example_bash_operator' retrieved from /usr/local/lib/python3.8/site-packages/airflow/example_dags/example_bash_operator.py
[2024-03-18T10:03:41.196+0200] {logging_mixin.py:188} INFO - [2024-03-18T10:03:41.196+0200] {dag.py:3047} INFO - Sync 1 DAGs
[2024-03-18T10:03:41.235+0200] {logging_mixin.py:188} INFO - [2024-03-18T10:03:41.235+0200] {dag.py:3834} INFO - Setting next_dagrun for example_bash_operator to 2024-03-17 00:00:00+00:00, run_after=2024-03-18 00:00:00+00:00
[2024-03-18T10:03:41.253+0200] {processor.py:183} INFO - Processing /usr/local/lib/python3.8/site-packages/airflow/example_dags/example_bash_operator.py took 0.268 seconds
[2024-03-18T10:04:34.334+0200] {processor.py:161} INFO - Started process (PID=7581) to work on /usr/local/lib/python3.8/site-packages/airflow/example_dags/example_bash_operator.py
[2024-03-18T10:04:34.334+0200] {processor.py:830} INFO - Processing file /usr/local/lib/python3.8/site-packages/airflow/example_dags/example_bash_operator.py for tasks to queue
[2024-03-18T10:04:34.335+0200] {logging_mixin.py:188} INFO - [2024-03-18T10:04:34.335+0200] {dagbag.py:540} INFO - Filling up the DagBag from /usr/local/lib/python3.8/site-packages/airflow/example_dags/example_bash_operator.py
[2024-03-18T10:04:34.347+0200] {processor.py:840} INFO - DAG(s) 'example_bash_operator' retrieved from /usr/local/lib/python3.8/site-packages/airflow/example_dags/example_bash_operator.py
[2024-03-18T10:04:34.528+0200] {logging_mixin.py:188} INFO - [2024-03-18T10:04:34.528+0200] {dag.py:3047} INFO - Sync 1 DAGs
[2024-03-18T10:04:34.550+0200] {logging_mixin.py:188} INFO - [2024-03-18T10:04:34.550+0200] {dag.py:3834} INFO - Setting next_dagrun for example_bash_operator to 2024-03-17 00:00:00+00:00, run_after=2024-03-18 00:00:00+00:00
[2024-03-18T10:04:34.583+0200] {processor.py:183} INFO - Processing /usr/local/lib/python3.8/site-packages/airflow/example_dags/example_bash_operator.py took 0.251 seconds
[2024-03-18T10:05:23.815+0200] {processor.py:161} INFO - Started process (PID=7771) to work on /usr/local/lib/python3.8/site-packages/airflow/example_dags/example_bash_operator.py
[2024-03-18T10:05:23.816+0200] {processor.py:830} INFO - Processing file /usr/local/lib/python3.8/site-packages/airflow/example_dags/example_bash_operator.py for tasks to queue
[2024-03-18T10:05:23.816+0200] {logging_mixin.py:188} INFO - [2024-03-18T10:05:23.816+0200] {dagbag.py:540} INFO - Filling up the DagBag from /usr/local/lib/python3.8/site-packages/airflow/example_dags/example_bash_operator.py
[2024-03-18T10:05:23.831+0200] {processor.py:840} INFO - DAG(s) 'example_bash_operator' retrieved from /usr/local/lib/python3.8/site-packages/airflow/example_dags/example_bash_operator.py
[2024-03-18T10:05:24.028+0200] {logging_mixin.py:188} INFO - [2024-03-18T10:05:24.027+0200] {dag.py:3047} INFO - Sync 1 DAGs
[2024-03-18T10:05:24.054+0200] {logging_mixin.py:188} INFO - [2024-03-18T10:05:24.054+0200] {dag.py:3834} INFO - Setting next_dagrun for example_bash_operator to 2024-03-17 00:00:00+00:00, run_after=2024-03-18 00:00:00+00:00
[2024-03-18T10:05:24.088+0200] {processor.py:183} INFO - Processing /usr/local/lib/python3.8/site-packages/airflow/example_dags/example_bash_operator.py took 0.275 seconds
[2024-03-18T10:06:16.775+0200] {processor.py:161} INFO - Started process (PID=7969) to work on /usr/local/lib/python3.8/site-packages/airflow/example_dags/example_bash_operator.py
[2024-03-18T10:06:16.776+0200] {processor.py:830} INFO - Processing file /usr/local/lib/python3.8/site-packages/airflow/example_dags/example_bash_operator.py for tasks to queue
[2024-03-18T10:06:16.777+0200] {logging_mixin.py:188} INFO - [2024-03-18T10:06:16.777+0200] {dagbag.py:540} INFO - Filling up the DagBag from /usr/local/lib/python3.8/site-packages/airflow/example_dags/example_bash_operator.py
[2024-03-18T10:06:16.790+0200] {processor.py:840} INFO - DAG(s) 'example_bash_operator' retrieved from /usr/local/lib/python3.8/site-packages/airflow/example_dags/example_bash_operator.py
[2024-03-18T10:06:16.977+0200] {logging_mixin.py:188} INFO - [2024-03-18T10:06:16.976+0200] {dag.py:3047} INFO - Sync 1 DAGs
[2024-03-18T10:06:16.998+0200] {logging_mixin.py:188} INFO - [2024-03-18T10:06:16.998+0200] {dag.py:3834} INFO - Setting next_dagrun for example_bash_operator to 2024-03-17 00:00:00+00:00, run_after=2024-03-18 00:00:00+00:00
[2024-03-18T10:06:17.042+0200] {processor.py:183} INFO - Processing /usr/local/lib/python3.8/site-packages/airflow/example_dags/example_bash_operator.py took 0.268 seconds
[2024-03-18T10:07:08.287+0200] {processor.py:161} INFO - Started process (PID=8160) to work on /usr/local/lib/python3.8/site-packages/airflow/example_dags/example_bash_operator.py
[2024-03-18T10:07:08.289+0200] {processor.py:830} INFO - Processing file /usr/local/lib/python3.8/site-packages/airflow/example_dags/example_bash_operator.py for tasks to queue
[2024-03-18T10:07:08.289+0200] {logging_mixin.py:188} INFO - [2024-03-18T10:07:08.289+0200] {dagbag.py:540} INFO - Filling up the DagBag from /usr/local/lib/python3.8/site-packages/airflow/example_dags/example_bash_operator.py
[2024-03-18T10:07:08.302+0200] {processor.py:840} INFO - DAG(s) 'example_bash_operator' retrieved from /usr/local/lib/python3.8/site-packages/airflow/example_dags/example_bash_operator.py
[2024-03-18T10:07:08.475+0200] {logging_mixin.py:188} INFO - [2024-03-18T10:07:08.475+0200] {dag.py:3047} INFO - Sync 1 DAGs
[2024-03-18T10:07:08.501+0200] {logging_mixin.py:188} INFO - [2024-03-18T10:07:08.501+0200] {dag.py:3834} INFO - Setting next_dagrun for example_bash_operator to 2024-03-17 00:00:00+00:00, run_after=2024-03-18 00:00:00+00:00
[2024-03-18T10:07:08.533+0200] {processor.py:183} INFO - Processing /usr/local/lib/python3.8/site-packages/airflow/example_dags/example_bash_operator.py took 0.248 seconds
[2024-03-18T10:08:03.130+0200] {processor.py:161} INFO - Started process (PID=8494) to work on /usr/local/lib/python3.8/site-packages/airflow/example_dags/example_bash_operator.py
[2024-03-18T10:08:03.131+0200] {processor.py:830} INFO - Processing file /usr/local/lib/python3.8/site-packages/airflow/example_dags/example_bash_operator.py for tasks to queue
[2024-03-18T10:08:03.132+0200] {logging_mixin.py:188} INFO - [2024-03-18T10:08:03.132+0200] {dagbag.py:540} INFO - Filling up the DagBag from /usr/local/lib/python3.8/site-packages/airflow/example_dags/example_bash_operator.py
[2024-03-18T10:08:03.142+0200] {processor.py:840} INFO - DAG(s) 'example_bash_operator' retrieved from /usr/local/lib/python3.8/site-packages/airflow/example_dags/example_bash_operator.py
[2024-03-18T10:08:03.324+0200] {logging_mixin.py:188} INFO - [2024-03-18T10:08:03.324+0200] {dag.py:3047} INFO - Sync 1 DAGs
[2024-03-18T10:08:03.344+0200] {logging_mixin.py:188} INFO - [2024-03-18T10:08:03.344+0200] {dag.py:3834} INFO - Setting next_dagrun for example_bash_operator to 2024-03-17 00:00:00+00:00, run_after=2024-03-18 00:00:00+00:00
[2024-03-18T10:08:03.377+0200] {processor.py:183} INFO - Processing /usr/local/lib/python3.8/site-packages/airflow/example_dags/example_bash_operator.py took 0.248 seconds
[2024-03-18T10:08:50.557+0200] {processor.py:161} INFO - Started process (PID=8706) to work on /usr/local/lib/python3.8/site-packages/airflow/example_dags/example_bash_operator.py
[2024-03-18T10:08:50.558+0200] {processor.py:830} INFO - Processing file /usr/local/lib/python3.8/site-packages/airflow/example_dags/example_bash_operator.py for tasks to queue
[2024-03-18T10:08:50.559+0200] {logging_mixin.py:188} INFO - [2024-03-18T10:08:50.559+0200] {dagbag.py:540} INFO - Filling up the DagBag from /usr/local/lib/python3.8/site-packages/airflow/example_dags/example_bash_operator.py
[2024-03-18T10:08:50.569+0200] {processor.py:840} INFO - DAG(s) 'example_bash_operator' retrieved from /usr/local/lib/python3.8/site-packages/airflow/example_dags/example_bash_operator.py
[2024-03-18T10:08:50.723+0200] {logging_mixin.py:188} INFO - [2024-03-18T10:08:50.723+0200] {dag.py:3047} INFO - Sync 1 DAGs
[2024-03-18T10:08:50.747+0200] {logging_mixin.py:188} INFO - [2024-03-18T10:08:50.747+0200] {dag.py:3834} INFO - Setting next_dagrun for example_bash_operator to 2024-03-17 00:00:00+00:00, run_after=2024-03-18 00:00:00+00:00
[2024-03-18T10:08:50.791+0200] {processor.py:183} INFO - Processing /usr/local/lib/python3.8/site-packages/airflow/example_dags/example_bash_operator.py took 0.235 seconds
[2024-03-18T10:09:44.559+0200] {processor.py:161} INFO - Started process (PID=8925) to work on /usr/local/lib/python3.8/site-packages/airflow/example_dags/example_bash_operator.py
[2024-03-18T10:09:44.560+0200] {processor.py:830} INFO - Processing file /usr/local/lib/python3.8/site-packages/airflow/example_dags/example_bash_operator.py for tasks to queue
[2024-03-18T10:09:44.561+0200] {logging_mixin.py:188} INFO - [2024-03-18T10:09:44.561+0200] {dagbag.py:540} INFO - Filling up the DagBag from /usr/local/lib/python3.8/site-packages/airflow/example_dags/example_bash_operator.py
[2024-03-18T10:09:44.573+0200] {processor.py:840} INFO - DAG(s) 'example_bash_operator' retrieved from /usr/local/lib/python3.8/site-packages/airflow/example_dags/example_bash_operator.py
[2024-03-18T10:09:44.732+0200] {logging_mixin.py:188} INFO - [2024-03-18T10:09:44.732+0200] {dag.py:3047} INFO - Sync 1 DAGs
[2024-03-18T10:09:44.752+0200] {logging_mixin.py:188} INFO - [2024-03-18T10:09:44.752+0200] {dag.py:3834} INFO - Setting next_dagrun for example_bash_operator to 2024-03-17 00:00:00+00:00, run_after=2024-03-18 00:00:00+00:00
[2024-03-18T10:09:44.785+0200] {processor.py:183} INFO - Processing /usr/local/lib/python3.8/site-packages/airflow/example_dags/example_bash_operator.py took 0.227 seconds
[2024-03-18T10:10:33.069+0200] {processor.py:161} INFO - Started process (PID=9109) to work on /usr/local/lib/python3.8/site-packages/airflow/example_dags/example_bash_operator.py
[2024-03-18T10:10:33.070+0200] {processor.py:830} INFO - Processing file /usr/local/lib/python3.8/site-packages/airflow/example_dags/example_bash_operator.py for tasks to queue
[2024-03-18T10:10:33.070+0200] {logging_mixin.py:188} INFO - [2024-03-18T10:10:33.070+0200] {dagbag.py:540} INFO - Filling up the DagBag from /usr/local/lib/python3.8/site-packages/airflow/example_dags/example_bash_operator.py
[2024-03-18T10:10:33.082+0200] {processor.py:840} INFO - DAG(s) 'example_bash_operator' retrieved from /usr/local/lib/python3.8/site-packages/airflow/example_dags/example_bash_operator.py
[2024-03-18T10:10:33.235+0200] {logging_mixin.py:188} INFO - [2024-03-18T10:10:33.234+0200] {dag.py:3047} INFO - Sync 1 DAGs
[2024-03-18T10:10:33.256+0200] {logging_mixin.py:188} INFO - [2024-03-18T10:10:33.256+0200] {dag.py:3834} INFO - Setting next_dagrun for example_bash_operator to 2024-03-17 00:00:00+00:00, run_after=2024-03-18 00:00:00+00:00
[2024-03-18T10:10:33.287+0200] {processor.py:183} INFO - Processing /usr/local/lib/python3.8/site-packages/airflow/example_dags/example_bash_operator.py took 0.220 seconds
[2024-03-18T10:11:23.457+0200] {processor.py:161} INFO - Started process (PID=9297) to work on /usr/local/lib/python3.8/site-packages/airflow/example_dags/example_bash_operator.py
[2024-03-18T10:11:23.458+0200] {processor.py:830} INFO - Processing file /usr/local/lib/python3.8/site-packages/airflow/example_dags/example_bash_operator.py for tasks to queue
[2024-03-18T10:11:23.459+0200] {logging_mixin.py:188} INFO - [2024-03-18T10:11:23.458+0200] {dagbag.py:540} INFO - Filling up the DagBag from /usr/local/lib/python3.8/site-packages/airflow/example_dags/example_bash_operator.py
[2024-03-18T10:11:23.472+0200] {processor.py:840} INFO - DAG(s) 'example_bash_operator' retrieved from /usr/local/lib/python3.8/site-packages/airflow/example_dags/example_bash_operator.py
[2024-03-18T10:11:23.652+0200] {logging_mixin.py:188} INFO - [2024-03-18T10:11:23.651+0200] {dag.py:3047} INFO - Sync 1 DAGs
[2024-03-18T10:11:23.690+0200] {logging_mixin.py:188} INFO - [2024-03-18T10:11:23.690+0200] {dag.py:3834} INFO - Setting next_dagrun for example_bash_operator to 2024-03-17 00:00:00+00:00, run_after=2024-03-18 00:00:00+00:00
[2024-03-18T10:11:23.704+0200] {processor.py:183} INFO - Processing /usr/local/lib/python3.8/site-packages/airflow/example_dags/example_bash_operator.py took 0.250 seconds
[2024-03-18T10:12:18.644+0200] {processor.py:161} INFO - Started process (PID=9510) to work on /usr/local/lib/python3.8/site-packages/airflow/example_dags/example_bash_operator.py
[2024-03-18T10:12:18.645+0200] {processor.py:830} INFO - Processing file /usr/local/lib/python3.8/site-packages/airflow/example_dags/example_bash_operator.py for tasks to queue
[2024-03-18T10:12:18.646+0200] {logging_mixin.py:188} INFO - [2024-03-18T10:12:18.645+0200] {dagbag.py:540} INFO - Filling up the DagBag from /usr/local/lib/python3.8/site-packages/airflow/example_dags/example_bash_operator.py
[2024-03-18T10:12:18.659+0200] {processor.py:840} INFO - DAG(s) 'example_bash_operator' retrieved from /usr/local/lib/python3.8/site-packages/airflow/example_dags/example_bash_operator.py
[2024-03-18T10:12:18.826+0200] {logging_mixin.py:188} INFO - [2024-03-18T10:12:18.826+0200] {dag.py:3047} INFO - Sync 1 DAGs
[2024-03-18T10:12:18.851+0200] {logging_mixin.py:188} INFO - [2024-03-18T10:12:18.850+0200] {dag.py:3834} INFO - Setting next_dagrun for example_bash_operator to 2024-03-17 00:00:00+00:00, run_after=2024-03-18 00:00:00+00:00
[2024-03-18T10:12:18.885+0200] {processor.py:183} INFO - Processing /usr/local/lib/python3.8/site-packages/airflow/example_dags/example_bash_operator.py took 0.243 seconds
[2024-03-18T10:13:24.718+0200] {processor.py:161} INFO - Started process (PID=9884) to work on /usr/local/lib/python3.8/site-packages/airflow/example_dags/example_bash_operator.py
[2024-03-18T10:13:24.720+0200] {processor.py:830} INFO - Processing file /usr/local/lib/python3.8/site-packages/airflow/example_dags/example_bash_operator.py for tasks to queue
[2024-03-18T10:13:24.721+0200] {logging_mixin.py:188} INFO - [2024-03-18T10:13:24.721+0200] {dagbag.py:540} INFO - Filling up the DagBag from /usr/local/lib/python3.8/site-packages/airflow/example_dags/example_bash_operator.py
[2024-03-18T10:13:24.734+0200] {processor.py:840} INFO - DAG(s) 'example_bash_operator' retrieved from /usr/local/lib/python3.8/site-packages/airflow/example_dags/example_bash_operator.py
[2024-03-18T10:13:24.924+0200] {logging_mixin.py:188} INFO - [2024-03-18T10:13:24.923+0200] {dag.py:3047} INFO - Sync 1 DAGs
[2024-03-18T10:13:24.946+0200] {logging_mixin.py:188} INFO - [2024-03-18T10:13:24.945+0200] {dag.py:3834} INFO - Setting next_dagrun for example_bash_operator to 2024-03-17 00:00:00+00:00, run_after=2024-03-18 00:00:00+00:00
[2024-03-18T10:13:24.980+0200] {processor.py:183} INFO - Processing /usr/local/lib/python3.8/site-packages/airflow/example_dags/example_bash_operator.py took 0.263 seconds
[2024-03-18T10:14:10.647+0200] {processor.py:161} INFO - Started process (PID=10058) to work on /usr/local/lib/python3.8/site-packages/airflow/example_dags/example_bash_operator.py
[2024-03-18T10:14:10.648+0200] {processor.py:830} INFO - Processing file /usr/local/lib/python3.8/site-packages/airflow/example_dags/example_bash_operator.py for tasks to queue
[2024-03-18T10:14:10.649+0200] {logging_mixin.py:188} INFO - [2024-03-18T10:14:10.649+0200] {dagbag.py:540} INFO - Filling up the DagBag from /usr/local/lib/python3.8/site-packages/airflow/example_dags/example_bash_operator.py
[2024-03-18T10:14:10.662+0200] {processor.py:840} INFO - DAG(s) 'example_bash_operator' retrieved from /usr/local/lib/python3.8/site-packages/airflow/example_dags/example_bash_operator.py
[2024-03-18T10:14:10.823+0200] {logging_mixin.py:188} INFO - [2024-03-18T10:14:10.823+0200] {dag.py:3047} INFO - Sync 1 DAGs
[2024-03-18T10:14:10.844+0200] {logging_mixin.py:188} INFO - [2024-03-18T10:14:10.844+0200] {dag.py:3834} INFO - Setting next_dagrun for example_bash_operator to 2024-03-17 00:00:00+00:00, run_after=2024-03-18 00:00:00+00:00
[2024-03-18T10:14:10.876+0200] {processor.py:183} INFO - Processing /usr/local/lib/python3.8/site-packages/airflow/example_dags/example_bash_operator.py took 0.230 seconds
[2024-03-18T10:15:02.230+0200] {processor.py:161} INFO - Started process (PID=10254) to work on /usr/local/lib/python3.8/site-packages/airflow/example_dags/example_bash_operator.py
[2024-03-18T10:15:02.232+0200] {processor.py:830} INFO - Processing file /usr/local/lib/python3.8/site-packages/airflow/example_dags/example_bash_operator.py for tasks to queue
[2024-03-18T10:15:02.233+0200] {logging_mixin.py:188} INFO - [2024-03-18T10:15:02.233+0200] {dagbag.py:540} INFO - Filling up the DagBag from /usr/local/lib/python3.8/site-packages/airflow/example_dags/example_bash_operator.py
[2024-03-18T10:15:02.256+0200] {processor.py:840} INFO - DAG(s) 'example_bash_operator' retrieved from /usr/local/lib/python3.8/site-packages/airflow/example_dags/example_bash_operator.py
[2024-03-18T10:15:02.501+0200] {logging_mixin.py:188} INFO - [2024-03-18T10:15:02.501+0200] {dag.py:3047} INFO - Sync 1 DAGs
[2024-03-18T10:15:02.534+0200] {logging_mixin.py:188} INFO - [2024-03-18T10:15:02.533+0200] {dag.py:3834} INFO - Setting next_dagrun for example_bash_operator to 2024-03-17 00:00:00+00:00, run_after=2024-03-18 00:00:00+00:00
[2024-03-18T10:15:02.570+0200] {processor.py:183} INFO - Processing /usr/local/lib/python3.8/site-packages/airflow/example_dags/example_bash_operator.py took 0.342 seconds
[2024-03-18T10:15:52.951+0200] {processor.py:161} INFO - Started process (PID=10446) to work on /usr/local/lib/python3.8/site-packages/airflow/example_dags/example_bash_operator.py
[2024-03-18T10:15:52.952+0200] {processor.py:830} INFO - Processing file /usr/local/lib/python3.8/site-packages/airflow/example_dags/example_bash_operator.py for tasks to queue
[2024-03-18T10:15:52.953+0200] {logging_mixin.py:188} INFO - [2024-03-18T10:15:52.953+0200] {dagbag.py:540} INFO - Filling up the DagBag from /usr/local/lib/python3.8/site-packages/airflow/example_dags/example_bash_operator.py
[2024-03-18T10:15:52.965+0200] {processor.py:840} INFO - DAG(s) 'example_bash_operator' retrieved from /usr/local/lib/python3.8/site-packages/airflow/example_dags/example_bash_operator.py
[2024-03-18T10:15:53.118+0200] {logging_mixin.py:188} INFO - [2024-03-18T10:15:53.118+0200] {dag.py:3047} INFO - Sync 1 DAGs
[2024-03-18T10:15:53.137+0200] {logging_mixin.py:188} INFO - [2024-03-18T10:15:53.137+0200] {dag.py:3834} INFO - Setting next_dagrun for example_bash_operator to 2024-03-17 00:00:00+00:00, run_after=2024-03-18 00:00:00+00:00
[2024-03-18T10:15:53.169+0200] {processor.py:183} INFO - Processing /usr/local/lib/python3.8/site-packages/airflow/example_dags/example_bash_operator.py took 0.219 seconds
[2024-03-18T10:16:41.609+0200] {processor.py:161} INFO - Started process (PID=10650) to work on /usr/local/lib/python3.8/site-packages/airflow/example_dags/example_bash_operator.py
[2024-03-18T10:16:41.609+0200] {processor.py:830} INFO - Processing file /usr/local/lib/python3.8/site-packages/airflow/example_dags/example_bash_operator.py for tasks to queue
[2024-03-18T10:16:41.610+0200] {logging_mixin.py:188} INFO - [2024-03-18T10:16:41.610+0200] {dagbag.py:540} INFO - Filling up the DagBag from /usr/local/lib/python3.8/site-packages/airflow/example_dags/example_bash_operator.py
[2024-03-18T10:16:41.623+0200] {processor.py:840} INFO - DAG(s) 'example_bash_operator' retrieved from /usr/local/lib/python3.8/site-packages/airflow/example_dags/example_bash_operator.py
[2024-03-18T10:16:41.782+0200] {logging_mixin.py:188} INFO - [2024-03-18T10:16:41.782+0200] {dag.py:3047} INFO - Sync 1 DAGs
[2024-03-18T10:16:41.821+0200] {logging_mixin.py:188} INFO - [2024-03-18T10:16:41.821+0200] {dag.py:3834} INFO - Setting next_dagrun for example_bash_operator to 2024-03-17 00:00:00+00:00, run_after=2024-03-18 00:00:00+00:00
[2024-03-18T10:16:41.839+0200] {processor.py:183} INFO - Processing /usr/local/lib/python3.8/site-packages/airflow/example_dags/example_bash_operator.py took 0.231 seconds
[2024-03-18T10:17:26.369+0200] {processor.py:161} INFO - Started process (PID=10815) to work on /usr/local/lib/python3.8/site-packages/airflow/example_dags/example_bash_operator.py
[2024-03-18T10:17:26.370+0200] {processor.py:830} INFO - Processing file /usr/local/lib/python3.8/site-packages/airflow/example_dags/example_bash_operator.py for tasks to queue
[2024-03-18T10:17:26.371+0200] {logging_mixin.py:188} INFO - [2024-03-18T10:17:26.371+0200] {dagbag.py:540} INFO - Filling up the DagBag from /usr/local/lib/python3.8/site-packages/airflow/example_dags/example_bash_operator.py
[2024-03-18T10:17:26.383+0200] {processor.py:840} INFO - DAG(s) 'example_bash_operator' retrieved from /usr/local/lib/python3.8/site-packages/airflow/example_dags/example_bash_operator.py
[2024-03-18T10:17:26.564+0200] {logging_mixin.py:188} INFO - [2024-03-18T10:17:26.564+0200] {dag.py:3047} INFO - Sync 1 DAGs
[2024-03-18T10:17:26.585+0200] {logging_mixin.py:188} INFO - [2024-03-18T10:17:26.584+0200] {dag.py:3834} INFO - Setting next_dagrun for example_bash_operator to 2024-03-17 00:00:00+00:00, run_after=2024-03-18 00:00:00+00:00
[2024-03-18T10:17:26.615+0200] {processor.py:183} INFO - Processing /usr/local/lib/python3.8/site-packages/airflow/example_dags/example_bash_operator.py took 0.248 seconds
[2024-03-18T10:18:18.822+0200] {processor.py:161} INFO - Started process (PID=11017) to work on /usr/local/lib/python3.8/site-packages/airflow/example_dags/example_bash_operator.py
[2024-03-18T10:18:18.823+0200] {processor.py:830} INFO - Processing file /usr/local/lib/python3.8/site-packages/airflow/example_dags/example_bash_operator.py for tasks to queue
[2024-03-18T10:18:18.824+0200] {logging_mixin.py:188} INFO - [2024-03-18T10:18:18.824+0200] {dagbag.py:540} INFO - Filling up the DagBag from /usr/local/lib/python3.8/site-packages/airflow/example_dags/example_bash_operator.py
[2024-03-18T10:18:18.838+0200] {processor.py:840} INFO - DAG(s) 'example_bash_operator' retrieved from /usr/local/lib/python3.8/site-packages/airflow/example_dags/example_bash_operator.py
[2024-03-18T10:18:19.021+0200] {logging_mixin.py:188} INFO - [2024-03-18T10:18:19.020+0200] {dag.py:3047} INFO - Sync 1 DAGs
[2024-03-18T10:18:19.044+0200] {logging_mixin.py:188} INFO - [2024-03-18T10:18:19.044+0200] {dag.py:3834} INFO - Setting next_dagrun for example_bash_operator to 2024-03-17 00:00:00+00:00, run_after=2024-03-18 00:00:00+00:00
[2024-03-18T10:18:19.075+0200] {processor.py:183} INFO - Processing /usr/local/lib/python3.8/site-packages/airflow/example_dags/example_bash_operator.py took 0.255 seconds
[2024-03-18T10:19:15.895+0200] {processor.py:161} INFO - Started process (PID=11240) to work on /usr/local/lib/python3.8/site-packages/airflow/example_dags/example_bash_operator.py
[2024-03-18T10:19:15.896+0200] {processor.py:830} INFO - Processing file /usr/local/lib/python3.8/site-packages/airflow/example_dags/example_bash_operator.py for tasks to queue
[2024-03-18T10:19:15.897+0200] {logging_mixin.py:188} INFO - [2024-03-18T10:19:15.897+0200] {dagbag.py:540} INFO - Filling up the DagBag from /usr/local/lib/python3.8/site-packages/airflow/example_dags/example_bash_operator.py
[2024-03-18T10:19:15.911+0200] {processor.py:840} INFO - DAG(s) 'example_bash_operator' retrieved from /usr/local/lib/python3.8/site-packages/airflow/example_dags/example_bash_operator.py
[2024-03-18T10:19:16.075+0200] {logging_mixin.py:188} INFO - [2024-03-18T10:19:16.075+0200] {dag.py:3047} INFO - Sync 1 DAGs
[2024-03-18T10:19:16.112+0200] {logging_mixin.py:188} INFO - [2024-03-18T10:19:16.111+0200] {dag.py:3834} INFO - Setting next_dagrun for example_bash_operator to 2024-03-17 00:00:00+00:00, run_after=2024-03-18 00:00:00+00:00
[2024-03-18T10:19:16.127+0200] {processor.py:183} INFO - Processing /usr/local/lib/python3.8/site-packages/airflow/example_dags/example_bash_operator.py took 0.234 seconds
[2024-03-18T10:20:06.933+0200] {processor.py:161} INFO - Started process (PID=11442) to work on /usr/local/lib/python3.8/site-packages/airflow/example_dags/example_bash_operator.py
[2024-03-18T10:20:06.935+0200] {processor.py:830} INFO - Processing file /usr/local/lib/python3.8/site-packages/airflow/example_dags/example_bash_operator.py for tasks to queue
[2024-03-18T10:20:06.936+0200] {logging_mixin.py:188} INFO - [2024-03-18T10:20:06.936+0200] {dagbag.py:540} INFO - Filling up the DagBag from /usr/local/lib/python3.8/site-packages/airflow/example_dags/example_bash_operator.py
[2024-03-18T10:20:06.950+0200] {processor.py:840} INFO - DAG(s) 'example_bash_operator' retrieved from /usr/local/lib/python3.8/site-packages/airflow/example_dags/example_bash_operator.py
[2024-03-18T10:20:07.122+0200] {logging_mixin.py:188} INFO - [2024-03-18T10:20:07.122+0200] {dag.py:3047} INFO - Sync 1 DAGs
[2024-03-18T10:20:07.164+0200] {logging_mixin.py:188} INFO - [2024-03-18T10:20:07.164+0200] {dag.py:3834} INFO - Setting next_dagrun for example_bash_operator to 2024-03-17 00:00:00+00:00, run_after=2024-03-18 00:00:00+00:00
[2024-03-18T10:20:07.180+0200] {processor.py:183} INFO - Processing /usr/local/lib/python3.8/site-packages/airflow/example_dags/example_bash_operator.py took 0.249 seconds
[2024-03-18T10:21:03.977+0200] {processor.py:161} INFO - Started process (PID=11703) to work on /usr/local/lib/python3.8/site-packages/airflow/example_dags/example_bash_operator.py
[2024-03-18T10:21:03.979+0200] {processor.py:830} INFO - Processing file /usr/local/lib/python3.8/site-packages/airflow/example_dags/example_bash_operator.py for tasks to queue
[2024-03-18T10:21:03.980+0200] {logging_mixin.py:188} INFO - [2024-03-18T10:21:03.980+0200] {dagbag.py:540} INFO - Filling up the DagBag from /usr/local/lib/python3.8/site-packages/airflow/example_dags/example_bash_operator.py
[2024-03-18T10:21:03.991+0200] {processor.py:840} INFO - DAG(s) 'example_bash_operator' retrieved from /usr/local/lib/python3.8/site-packages/airflow/example_dags/example_bash_operator.py
[2024-03-18T10:21:04.156+0200] {logging_mixin.py:188} INFO - [2024-03-18T10:21:04.156+0200] {dag.py:3047} INFO - Sync 1 DAGs
[2024-03-18T10:21:04.181+0200] {logging_mixin.py:188} INFO - [2024-03-18T10:21:04.181+0200] {dag.py:3834} INFO - Setting next_dagrun for example_bash_operator to 2024-03-17 00:00:00+00:00, run_after=2024-03-18 00:00:00+00:00
[2024-03-18T10:21:04.214+0200] {processor.py:183} INFO - Processing /usr/local/lib/python3.8/site-packages/airflow/example_dags/example_bash_operator.py took 0.238 seconds
[2024-03-18T10:23:44.676+0200] {processor.py:161} INFO - Started process (PID=11974) to work on /usr/local/lib/python3.8/site-packages/airflow/example_dags/example_bash_operator.py
[2024-03-18T10:23:44.677+0200] {processor.py:830} INFO - Processing file /usr/local/lib/python3.8/site-packages/airflow/example_dags/example_bash_operator.py for tasks to queue
[2024-03-18T10:23:44.678+0200] {logging_mixin.py:188} INFO - [2024-03-18T10:23:44.678+0200] {dagbag.py:540} INFO - Filling up the DagBag from /usr/local/lib/python3.8/site-packages/airflow/example_dags/example_bash_operator.py
[2024-03-18T10:23:44.690+0200] {processor.py:840} INFO - DAG(s) 'example_bash_operator' retrieved from /usr/local/lib/python3.8/site-packages/airflow/example_dags/example_bash_operator.py
[2024-03-18T10:23:44.854+0200] {logging_mixin.py:188} INFO - [2024-03-18T10:23:44.854+0200] {dag.py:3047} INFO - Sync 1 DAGs
[2024-03-18T10:23:44.875+0200] {logging_mixin.py:188} INFO - [2024-03-18T10:23:44.875+0200] {dag.py:3834} INFO - Setting next_dagrun for example_bash_operator to 2024-03-17 00:00:00+00:00, run_after=2024-03-18 00:00:00+00:00
[2024-03-18T10:23:44.891+0200] {processor.py:183} INFO - Processing /usr/local/lib/python3.8/site-packages/airflow/example_dags/example_bash_operator.py took 0.217 seconds
[2024-03-18T10:24:37.803+0200] {processor.py:161} INFO - Started process (PID=12201) to work on /usr/local/lib/python3.8/site-packages/airflow/example_dags/example_bash_operator.py
[2024-03-18T10:24:37.804+0200] {processor.py:830} INFO - Processing file /usr/local/lib/python3.8/site-packages/airflow/example_dags/example_bash_operator.py for tasks to queue
[2024-03-18T10:24:37.805+0200] {logging_mixin.py:188} INFO - [2024-03-18T10:24:37.805+0200] {dagbag.py:540} INFO - Filling up the DagBag from /usr/local/lib/python3.8/site-packages/airflow/example_dags/example_bash_operator.py
[2024-03-18T10:24:37.821+0200] {processor.py:840} INFO - DAG(s) 'example_bash_operator' retrieved from /usr/local/lib/python3.8/site-packages/airflow/example_dags/example_bash_operator.py
[2024-03-18T10:24:38.029+0200] {logging_mixin.py:188} INFO - [2024-03-18T10:24:38.029+0200] {dag.py:3047} INFO - Sync 1 DAGs
[2024-03-18T10:24:38.064+0200] {logging_mixin.py:188} INFO - [2024-03-18T10:24:38.064+0200] {dag.py:3834} INFO - Setting next_dagrun for example_bash_operator to 2024-03-17 00:00:00+00:00, run_after=2024-03-18 00:00:00+00:00
[2024-03-18T10:24:38.103+0200] {processor.py:183} INFO - Processing /usr/local/lib/python3.8/site-packages/airflow/example_dags/example_bash_operator.py took 0.301 seconds
[2024-03-18T10:25:31.778+0200] {processor.py:161} INFO - Started process (PID=12426) to work on /usr/local/lib/python3.8/site-packages/airflow/example_dags/example_bash_operator.py
[2024-03-18T10:25:31.779+0200] {processor.py:830} INFO - Processing file /usr/local/lib/python3.8/site-packages/airflow/example_dags/example_bash_operator.py for tasks to queue
[2024-03-18T10:25:31.780+0200] {logging_mixin.py:188} INFO - [2024-03-18T10:25:31.779+0200] {dagbag.py:540} INFO - Filling up the DagBag from /usr/local/lib/python3.8/site-packages/airflow/example_dags/example_bash_operator.py
[2024-03-18T10:25:31.794+0200] {processor.py:840} INFO - DAG(s) 'example_bash_operator' retrieved from /usr/local/lib/python3.8/site-packages/airflow/example_dags/example_bash_operator.py
[2024-03-18T10:25:31.974+0200] {logging_mixin.py:188} INFO - [2024-03-18T10:25:31.974+0200] {dag.py:3047} INFO - Sync 1 DAGs
[2024-03-18T10:25:31.998+0200] {logging_mixin.py:188} INFO - [2024-03-18T10:25:31.998+0200] {dag.py:3834} INFO - Setting next_dagrun for example_bash_operator to 2024-03-17 00:00:00+00:00, run_after=2024-03-18 00:00:00+00:00
[2024-03-18T10:25:32.027+0200] {processor.py:183} INFO - Processing /usr/local/lib/python3.8/site-packages/airflow/example_dags/example_bash_operator.py took 0.251 seconds
[2024-03-18T10:27:16.470+0200] {processor.py:161} INFO - Started process (PID=13206) to work on /usr/local/lib/python3.8/site-packages/airflow/example_dags/example_bash_operator.py
[2024-03-18T10:27:16.471+0200] {processor.py:830} INFO - Processing file /usr/local/lib/python3.8/site-packages/airflow/example_dags/example_bash_operator.py for tasks to queue
[2024-03-18T10:27:16.471+0200] {logging_mixin.py:188} INFO - [2024-03-18T10:27:16.471+0200] {dagbag.py:540} INFO - Filling up the DagBag from /usr/local/lib/python3.8/site-packages/airflow/example_dags/example_bash_operator.py
[2024-03-18T10:27:16.486+0200] {processor.py:840} INFO - DAG(s) 'example_bash_operator' retrieved from /usr/local/lib/python3.8/site-packages/airflow/example_dags/example_bash_operator.py
[2024-03-18T10:27:16.762+0200] {logging_mixin.py:188} INFO - [2024-03-18T10:27:16.762+0200] {dag.py:3047} INFO - Sync 1 DAGs
[2024-03-18T10:27:16.787+0200] {logging_mixin.py:188} INFO - [2024-03-18T10:27:16.787+0200] {dag.py:3834} INFO - Setting next_dagrun for example_bash_operator to 2024-03-17 00:00:00+00:00, run_after=2024-03-18 00:00:00+00:00
[2024-03-18T10:27:16.821+0200] {processor.py:183} INFO - Processing /usr/local/lib/python3.8/site-packages/airflow/example_dags/example_bash_operator.py took 0.354 seconds
[2024-03-18T10:28:10.787+0200] {processor.py:161} INFO - Started process (PID=13471) to work on /usr/local/lib/python3.8/site-packages/airflow/example_dags/example_bash_operator.py
[2024-03-18T10:28:10.788+0200] {processor.py:830} INFO - Processing file /usr/local/lib/python3.8/site-packages/airflow/example_dags/example_bash_operator.py for tasks to queue
[2024-03-18T10:28:10.788+0200] {logging_mixin.py:188} INFO - [2024-03-18T10:28:10.788+0200] {dagbag.py:540} INFO - Filling up the DagBag from /usr/local/lib/python3.8/site-packages/airflow/example_dags/example_bash_operator.py
[2024-03-18T10:28:10.800+0200] {processor.py:840} INFO - DAG(s) 'example_bash_operator' retrieved from /usr/local/lib/python3.8/site-packages/airflow/example_dags/example_bash_operator.py
[2024-03-18T10:28:10.966+0200] {logging_mixin.py:188} INFO - [2024-03-18T10:28:10.966+0200] {dag.py:3047} INFO - Sync 1 DAGs
[2024-03-18T10:28:10.988+0200] {logging_mixin.py:188} INFO - [2024-03-18T10:28:10.988+0200] {dag.py:3834} INFO - Setting next_dagrun for example_bash_operator to 2024-03-17 00:00:00+00:00, run_after=2024-03-18 00:00:00+00:00
[2024-03-18T10:28:11.020+0200] {processor.py:183} INFO - Processing /usr/local/lib/python3.8/site-packages/airflow/example_dags/example_bash_operator.py took 0.235 seconds
[2024-03-18T10:29:08.252+0200] {processor.py:161} INFO - Started process (PID=13696) to work on /usr/local/lib/python3.8/site-packages/airflow/example_dags/example_bash_operator.py
[2024-03-18T10:29:08.253+0200] {processor.py:830} INFO - Processing file /usr/local/lib/python3.8/site-packages/airflow/example_dags/example_bash_operator.py for tasks to queue
[2024-03-18T10:29:08.254+0200] {logging_mixin.py:188} INFO - [2024-03-18T10:29:08.254+0200] {dagbag.py:540} INFO - Filling up the DagBag from /usr/local/lib/python3.8/site-packages/airflow/example_dags/example_bash_operator.py
[2024-03-18T10:29:08.267+0200] {processor.py:840} INFO - DAG(s) 'example_bash_operator' retrieved from /usr/local/lib/python3.8/site-packages/airflow/example_dags/example_bash_operator.py
[2024-03-18T10:29:08.461+0200] {logging_mixin.py:188} INFO - [2024-03-18T10:29:08.461+0200] {dag.py:3047} INFO - Sync 1 DAGs
[2024-03-18T10:29:08.484+0200] {logging_mixin.py:188} INFO - [2024-03-18T10:29:08.484+0200] {dag.py:3834} INFO - Setting next_dagrun for example_bash_operator to 2024-03-17 00:00:00+00:00, run_after=2024-03-18 00:00:00+00:00
[2024-03-18T10:29:08.520+0200] {processor.py:183} INFO - Processing /usr/local/lib/python3.8/site-packages/airflow/example_dags/example_bash_operator.py took 0.271 seconds
[2024-03-18T10:30:03.819+0200] {processor.py:161} INFO - Started process (PID=13899) to work on /usr/local/lib/python3.8/site-packages/airflow/example_dags/example_bash_operator.py
[2024-03-18T10:30:03.820+0200] {processor.py:830} INFO - Processing file /usr/local/lib/python3.8/site-packages/airflow/example_dags/example_bash_operator.py for tasks to queue
[2024-03-18T10:30:03.821+0200] {logging_mixin.py:188} INFO - [2024-03-18T10:30:03.821+0200] {dagbag.py:540} INFO - Filling up the DagBag from /usr/local/lib/python3.8/site-packages/airflow/example_dags/example_bash_operator.py
[2024-03-18T10:30:03.834+0200] {processor.py:840} INFO - DAG(s) 'example_bash_operator' retrieved from /usr/local/lib/python3.8/site-packages/airflow/example_dags/example_bash_operator.py
[2024-03-18T10:30:04.011+0200] {logging_mixin.py:188} INFO - [2024-03-18T10:30:04.011+0200] {dag.py:3047} INFO - Sync 1 DAGs
[2024-03-18T10:30:04.038+0200] {logging_mixin.py:188} INFO - [2024-03-18T10:30:04.038+0200] {dag.py:3834} INFO - Setting next_dagrun for example_bash_operator to 2024-03-17 00:00:00+00:00, run_after=2024-03-18 00:00:00+00:00
[2024-03-18T10:30:04.073+0200] {processor.py:183} INFO - Processing /usr/local/lib/python3.8/site-packages/airflow/example_dags/example_bash_operator.py took 0.256 seconds
[2024-03-18T10:30:57.241+0200] {processor.py:161} INFO - Started process (PID=14109) to work on /usr/local/lib/python3.8/site-packages/airflow/example_dags/example_bash_operator.py
[2024-03-18T10:30:57.242+0200] {processor.py:830} INFO - Processing file /usr/local/lib/python3.8/site-packages/airflow/example_dags/example_bash_operator.py for tasks to queue
[2024-03-18T10:30:57.243+0200] {logging_mixin.py:188} INFO - [2024-03-18T10:30:57.243+0200] {dagbag.py:540} INFO - Filling up the DagBag from /usr/local/lib/python3.8/site-packages/airflow/example_dags/example_bash_operator.py
[2024-03-18T10:30:57.256+0200] {processor.py:840} INFO - DAG(s) 'example_bash_operator' retrieved from /usr/local/lib/python3.8/site-packages/airflow/example_dags/example_bash_operator.py
[2024-03-18T10:30:57.423+0200] {logging_mixin.py:188} INFO - [2024-03-18T10:30:57.423+0200] {dag.py:3047} INFO - Sync 1 DAGs
[2024-03-18T10:30:57.465+0200] {logging_mixin.py:188} INFO - [2024-03-18T10:30:57.464+0200] {dag.py:3834} INFO - Setting next_dagrun for example_bash_operator to 2024-03-17 00:00:00+00:00, run_after=2024-03-18 00:00:00+00:00
[2024-03-18T10:30:57.481+0200] {processor.py:183} INFO - Processing /usr/local/lib/python3.8/site-packages/airflow/example_dags/example_bash_operator.py took 0.241 seconds
[2024-03-18T10:31:50.891+0200] {processor.py:161} INFO - Started process (PID=14330) to work on /usr/local/lib/python3.8/site-packages/airflow/example_dags/example_bash_operator.py
[2024-03-18T10:31:50.892+0200] {processor.py:830} INFO - Processing file /usr/local/lib/python3.8/site-packages/airflow/example_dags/example_bash_operator.py for tasks to queue
[2024-03-18T10:31:50.892+0200] {logging_mixin.py:188} INFO - [2024-03-18T10:31:50.892+0200] {dagbag.py:540} INFO - Filling up the DagBag from /usr/local/lib/python3.8/site-packages/airflow/example_dags/example_bash_operator.py
[2024-03-18T10:31:50.905+0200] {processor.py:840} INFO - DAG(s) 'example_bash_operator' retrieved from /usr/local/lib/python3.8/site-packages/airflow/example_dags/example_bash_operator.py
[2024-03-18T10:31:51.089+0200] {logging_mixin.py:188} INFO - [2024-03-18T10:31:51.089+0200] {dag.py:3047} INFO - Sync 1 DAGs
[2024-03-18T10:31:51.122+0200] {logging_mixin.py:188} INFO - [2024-03-18T10:31:51.121+0200] {dag.py:3834} INFO - Setting next_dagrun for example_bash_operator to 2024-03-17 00:00:00+00:00, run_after=2024-03-18 00:00:00+00:00
[2024-03-18T10:31:51.138+0200] {processor.py:183} INFO - Processing /usr/local/lib/python3.8/site-packages/airflow/example_dags/example_bash_operator.py took 0.249 seconds
