[2024-03-18T09:42:24.805+0200] {processor.py:161} INFO - Started process (PID=1658) to work on /usr/local/lib/python3.8/site-packages/airflow/example_dags/example_python_operator.py
[2024-03-18T09:42:24.806+0200] {processor.py:830} INFO - Processing file /usr/local/lib/python3.8/site-packages/airflow/example_dags/example_python_operator.py for tasks to queue
[2024-03-18T09:42:24.806+0200] {logging_mixin.py:188} INFO - [2024-03-18T09:42:24.806+0200] {dagbag.py:540} INFO - Filling up the DagBag from /usr/local/lib/python3.8/site-packages/airflow/example_dags/example_python_operator.py
[2024-03-18T09:42:24.825+0200] {logging_mixin.py:188} INFO - [2024-03-18T09:42:24.824+0200] {example_python_operator.py:88} WARNING - The virtalenv_python example task requires virtualenv, please install it.
[2024-03-18T09:42:24.828+0200] {processor.py:840} INFO - DAG(s) 'example_python_operator' retrieved from /usr/local/lib/python3.8/site-packages/airflow/example_dags/example_python_operator.py
[2024-03-18T09:42:25.093+0200] {logging_mixin.py:188} INFO - [2024-03-18T09:42:25.093+0200] {dag.py:3047} INFO - Sync 1 DAGs
[2024-03-18T09:42:25.101+0200] {logging_mixin.py:188} INFO - [2024-03-18T09:42:25.101+0200] {dag.py:3834} INFO - Setting next_dagrun for example_python_operator to None, run_after=None
[2024-03-18T09:42:25.114+0200] {processor.py:183} INFO - Processing /usr/local/lib/python3.8/site-packages/airflow/example_dags/example_python_operator.py took 0.311 seconds
[2024-03-18T09:43:13.634+0200] {processor.py:161} INFO - Started process (PID=1839) to work on /usr/local/lib/python3.8/site-packages/airflow/example_dags/example_python_operator.py
[2024-03-18T09:43:13.635+0200] {processor.py:830} INFO - Processing file /usr/local/lib/python3.8/site-packages/airflow/example_dags/example_python_operator.py for tasks to queue
[2024-03-18T09:43:13.636+0200] {logging_mixin.py:188} INFO - [2024-03-18T09:43:13.636+0200] {dagbag.py:540} INFO - Filling up the DagBag from /usr/local/lib/python3.8/site-packages/airflow/example_dags/example_python_operator.py
[2024-03-18T09:43:13.657+0200] {logging_mixin.py:188} INFO - [2024-03-18T09:43:13.657+0200] {example_python_operator.py:88} WARNING - The virtalenv_python example task requires virtualenv, please install it.
[2024-03-18T09:43:13.661+0200] {processor.py:840} INFO - DAG(s) 'example_python_operator' retrieved from /usr/local/lib/python3.8/site-packages/airflow/example_dags/example_python_operator.py
[2024-03-18T09:43:13.839+0200] {logging_mixin.py:188} INFO - [2024-03-18T09:43:13.839+0200] {dag.py:3047} INFO - Sync 1 DAGs
[2024-03-18T09:43:13.852+0200] {logging_mixin.py:188} INFO - [2024-03-18T09:43:13.852+0200] {dag.py:3834} INFO - Setting next_dagrun for example_python_operator to None, run_after=None
[2024-03-18T09:43:13.871+0200] {processor.py:183} INFO - Processing /usr/local/lib/python3.8/site-packages/airflow/example_dags/example_python_operator.py took 0.239 seconds
[2024-03-18T09:43:57.314+0200] {processor.py:161} INFO - Started process (PID=2038) to work on /usr/local/lib/python3.8/site-packages/airflow/example_dags/example_python_operator.py
[2024-03-18T09:43:57.315+0200] {processor.py:830} INFO - Processing file /usr/local/lib/python3.8/site-packages/airflow/example_dags/example_python_operator.py for tasks to queue
[2024-03-18T09:43:57.316+0200] {logging_mixin.py:188} INFO - [2024-03-18T09:43:57.316+0200] {dagbag.py:540} INFO - Filling up the DagBag from /usr/local/lib/python3.8/site-packages/airflow/example_dags/example_python_operator.py
[2024-03-18T09:43:57.339+0200] {logging_mixin.py:188} INFO - [2024-03-18T09:43:57.339+0200] {example_python_operator.py:88} WARNING - The virtalenv_python example task requires virtualenv, please install it.
[2024-03-18T09:43:57.343+0200] {processor.py:840} INFO - DAG(s) 'example_python_operator' retrieved from /usr/local/lib/python3.8/site-packages/airflow/example_dags/example_python_operator.py
[2024-03-18T09:43:57.513+0200] {logging_mixin.py:188} INFO - [2024-03-18T09:43:57.513+0200] {dag.py:3047} INFO - Sync 1 DAGs
[2024-03-18T09:43:57.528+0200] {logging_mixin.py:188} INFO - [2024-03-18T09:43:57.528+0200] {dag.py:3834} INFO - Setting next_dagrun for example_python_operator to None, run_after=None
[2024-03-18T09:43:57.545+0200] {processor.py:183} INFO - Processing /usr/local/lib/python3.8/site-packages/airflow/example_dags/example_python_operator.py took 0.233 seconds
[2024-03-18T09:44:47.421+0200] {processor.py:161} INFO - Started process (PID=2253) to work on /usr/local/lib/python3.8/site-packages/airflow/example_dags/example_python_operator.py
[2024-03-18T09:44:47.422+0200] {processor.py:830} INFO - Processing file /usr/local/lib/python3.8/site-packages/airflow/example_dags/example_python_operator.py for tasks to queue
[2024-03-18T09:44:47.423+0200] {logging_mixin.py:188} INFO - [2024-03-18T09:44:47.423+0200] {dagbag.py:540} INFO - Filling up the DagBag from /usr/local/lib/python3.8/site-packages/airflow/example_dags/example_python_operator.py
[2024-03-18T09:44:47.452+0200] {logging_mixin.py:188} INFO - [2024-03-18T09:44:47.452+0200] {example_python_operator.py:88} WARNING - The virtalenv_python example task requires virtualenv, please install it.
[2024-03-18T09:44:47.457+0200] {processor.py:840} INFO - DAG(s) 'example_python_operator' retrieved from /usr/local/lib/python3.8/site-packages/airflow/example_dags/example_python_operator.py
[2024-03-18T09:44:47.653+0200] {logging_mixin.py:188} INFO - [2024-03-18T09:44:47.652+0200] {dag.py:3047} INFO - Sync 1 DAGs
[2024-03-18T09:44:47.666+0200] {logging_mixin.py:188} INFO - [2024-03-18T09:44:47.666+0200] {dag.py:3834} INFO - Setting next_dagrun for example_python_operator to None, run_after=None
[2024-03-18T09:44:47.689+0200] {processor.py:183} INFO - Processing /usr/local/lib/python3.8/site-packages/airflow/example_dags/example_python_operator.py took 0.270 seconds
[2024-03-18T09:45:41.382+0200] {processor.py:161} INFO - Started process (PID=2560) to work on /usr/local/lib/python3.8/site-packages/airflow/example_dags/example_python_operator.py
[2024-03-18T09:45:41.383+0200] {processor.py:830} INFO - Processing file /usr/local/lib/python3.8/site-packages/airflow/example_dags/example_python_operator.py for tasks to queue
[2024-03-18T09:45:41.384+0200] {logging_mixin.py:188} INFO - [2024-03-18T09:45:41.383+0200] {dagbag.py:540} INFO - Filling up the DagBag from /usr/local/lib/python3.8/site-packages/airflow/example_dags/example_python_operator.py
[2024-03-18T09:45:41.406+0200] {logging_mixin.py:188} INFO - [2024-03-18T09:45:41.405+0200] {example_python_operator.py:88} WARNING - The virtalenv_python example task requires virtualenv, please install it.
[2024-03-18T09:45:41.410+0200] {processor.py:840} INFO - DAG(s) 'example_python_operator' retrieved from /usr/local/lib/python3.8/site-packages/airflow/example_dags/example_python_operator.py
[2024-03-18T09:45:41.583+0200] {logging_mixin.py:188} INFO - [2024-03-18T09:45:41.582+0200] {dag.py:3047} INFO - Sync 1 DAGs
[2024-03-18T09:45:41.594+0200] {logging_mixin.py:188} INFO - [2024-03-18T09:45:41.594+0200] {dag.py:3834} INFO - Setting next_dagrun for example_python_operator to None, run_after=None
[2024-03-18T09:45:41.612+0200] {processor.py:183} INFO - Processing /usr/local/lib/python3.8/site-packages/airflow/example_dags/example_python_operator.py took 0.231 seconds
[2024-03-18T09:46:28.229+0200] {processor.py:161} INFO - Started process (PID=2800) to work on /usr/local/lib/python3.8/site-packages/airflow/example_dags/example_python_operator.py
[2024-03-18T09:46:28.230+0200] {processor.py:830} INFO - Processing file /usr/local/lib/python3.8/site-packages/airflow/example_dags/example_python_operator.py for tasks to queue
[2024-03-18T09:46:28.231+0200] {logging_mixin.py:188} INFO - [2024-03-18T09:46:28.231+0200] {dagbag.py:540} INFO - Filling up the DagBag from /usr/local/lib/python3.8/site-packages/airflow/example_dags/example_python_operator.py
[2024-03-18T09:46:28.253+0200] {logging_mixin.py:188} INFO - [2024-03-18T09:46:28.253+0200] {example_python_operator.py:88} WARNING - The virtalenv_python example task requires virtualenv, please install it.
[2024-03-18T09:46:28.257+0200] {processor.py:840} INFO - DAG(s) 'example_python_operator' retrieved from /usr/local/lib/python3.8/site-packages/airflow/example_dags/example_python_operator.py
[2024-03-18T09:46:28.436+0200] {logging_mixin.py:188} INFO - [2024-03-18T09:46:28.436+0200] {dag.py:3047} INFO - Sync 1 DAGs
[2024-03-18T09:46:28.448+0200] {logging_mixin.py:188} INFO - [2024-03-18T09:46:28.448+0200] {dag.py:3834} INFO - Setting next_dagrun for example_python_operator to None, run_after=None
[2024-03-18T09:46:28.485+0200] {processor.py:183} INFO - Processing /usr/local/lib/python3.8/site-packages/airflow/example_dags/example_python_operator.py took 0.257 seconds
[2024-03-18T09:47:12.543+0200] {processor.py:161} INFO - Started process (PID=3002) to work on /usr/local/lib/python3.8/site-packages/airflow/example_dags/example_python_operator.py
[2024-03-18T09:47:12.543+0200] {processor.py:830} INFO - Processing file /usr/local/lib/python3.8/site-packages/airflow/example_dags/example_python_operator.py for tasks to queue
[2024-03-18T09:47:12.544+0200] {logging_mixin.py:188} INFO - [2024-03-18T09:47:12.544+0200] {dagbag.py:540} INFO - Filling up the DagBag from /usr/local/lib/python3.8/site-packages/airflow/example_dags/example_python_operator.py
[2024-03-18T09:47:12.561+0200] {logging_mixin.py:188} INFO - [2024-03-18T09:47:12.561+0200] {example_python_operator.py:88} WARNING - The virtalenv_python example task requires virtualenv, please install it.
[2024-03-18T09:47:12.564+0200] {processor.py:840} INFO - DAG(s) 'example_python_operator' retrieved from /usr/local/lib/python3.8/site-packages/airflow/example_dags/example_python_operator.py
[2024-03-18T09:47:12.706+0200] {logging_mixin.py:188} INFO - [2024-03-18T09:47:12.706+0200] {dag.py:3047} INFO - Sync 1 DAGs
[2024-03-18T09:47:12.716+0200] {logging_mixin.py:188} INFO - [2024-03-18T09:47:12.716+0200] {dag.py:3834} INFO - Setting next_dagrun for example_python_operator to None, run_after=None
[2024-03-18T09:47:12.746+0200] {processor.py:183} INFO - Processing /usr/local/lib/python3.8/site-packages/airflow/example_dags/example_python_operator.py took 0.205 seconds
[2024-03-18T09:47:57.265+0200] {processor.py:161} INFO - Started process (PID=3181) to work on /usr/local/lib/python3.8/site-packages/airflow/example_dags/example_python_operator.py
[2024-03-18T09:47:57.266+0200] {processor.py:830} INFO - Processing file /usr/local/lib/python3.8/site-packages/airflow/example_dags/example_python_operator.py for tasks to queue
[2024-03-18T09:47:57.267+0200] {logging_mixin.py:188} INFO - [2024-03-18T09:47:57.267+0200] {dagbag.py:540} INFO - Filling up the DagBag from /usr/local/lib/python3.8/site-packages/airflow/example_dags/example_python_operator.py
[2024-03-18T09:47:57.289+0200] {logging_mixin.py:188} INFO - [2024-03-18T09:47:57.288+0200] {example_python_operator.py:88} WARNING - The virtalenv_python example task requires virtualenv, please install it.
[2024-03-18T09:47:57.293+0200] {processor.py:840} INFO - DAG(s) 'example_python_operator' retrieved from /usr/local/lib/python3.8/site-packages/airflow/example_dags/example_python_operator.py
[2024-03-18T09:47:57.484+0200] {logging_mixin.py:188} INFO - [2024-03-18T09:47:57.483+0200] {dag.py:3047} INFO - Sync 1 DAGs
[2024-03-18T09:47:57.495+0200] {logging_mixin.py:188} INFO - [2024-03-18T09:47:57.495+0200] {dag.py:3834} INFO - Setting next_dagrun for example_python_operator to None, run_after=None
[2024-03-18T09:47:57.512+0200] {processor.py:183} INFO - Processing /usr/local/lib/python3.8/site-packages/airflow/example_dags/example_python_operator.py took 0.249 seconds
[2024-03-18T09:48:42.980+0200] {processor.py:161} INFO - Started process (PID=3346) to work on /usr/local/lib/python3.8/site-packages/airflow/example_dags/example_python_operator.py
[2024-03-18T09:48:42.981+0200] {processor.py:830} INFO - Processing file /usr/local/lib/python3.8/site-packages/airflow/example_dags/example_python_operator.py for tasks to queue
[2024-03-18T09:48:42.982+0200] {logging_mixin.py:188} INFO - [2024-03-18T09:48:42.982+0200] {dagbag.py:540} INFO - Filling up the DagBag from /usr/local/lib/python3.8/site-packages/airflow/example_dags/example_python_operator.py
[2024-03-18T09:48:43.005+0200] {logging_mixin.py:188} INFO - [2024-03-18T09:48:43.004+0200] {example_python_operator.py:88} WARNING - The virtalenv_python example task requires virtualenv, please install it.
[2024-03-18T09:48:43.009+0200] {processor.py:840} INFO - DAG(s) 'example_python_operator' retrieved from /usr/local/lib/python3.8/site-packages/airflow/example_dags/example_python_operator.py
[2024-03-18T09:48:43.183+0200] {logging_mixin.py:188} INFO - [2024-03-18T09:48:43.182+0200] {dag.py:3047} INFO - Sync 1 DAGs
[2024-03-18T09:48:43.194+0200] {logging_mixin.py:188} INFO - [2024-03-18T09:48:43.194+0200] {dag.py:3834} INFO - Setting next_dagrun for example_python_operator to None, run_after=None
[2024-03-18T09:48:43.211+0200] {processor.py:183} INFO - Processing /usr/local/lib/python3.8/site-packages/airflow/example_dags/example_python_operator.py took 0.232 seconds
[2024-03-18T09:49:32.697+0200] {processor.py:161} INFO - Started process (PID=3535) to work on /usr/local/lib/python3.8/site-packages/airflow/example_dags/example_python_operator.py
[2024-03-18T09:49:32.698+0200] {processor.py:830} INFO - Processing file /usr/local/lib/python3.8/site-packages/airflow/example_dags/example_python_operator.py for tasks to queue
[2024-03-18T09:49:32.698+0200] {logging_mixin.py:188} INFO - [2024-03-18T09:49:32.698+0200] {dagbag.py:540} INFO - Filling up the DagBag from /usr/local/lib/python3.8/site-packages/airflow/example_dags/example_python_operator.py
[2024-03-18T09:49:32.720+0200] {logging_mixin.py:188} INFO - [2024-03-18T09:49:32.720+0200] {example_python_operator.py:88} WARNING - The virtalenv_python example task requires virtualenv, please install it.
[2024-03-18T09:49:32.724+0200] {processor.py:840} INFO - DAG(s) 'example_python_operator' retrieved from /usr/local/lib/python3.8/site-packages/airflow/example_dags/example_python_operator.py
[2024-03-18T09:49:32.882+0200] {logging_mixin.py:188} INFO - [2024-03-18T09:49:32.882+0200] {dag.py:3047} INFO - Sync 1 DAGs
[2024-03-18T09:49:32.892+0200] {logging_mixin.py:188} INFO - [2024-03-18T09:49:32.892+0200] {dag.py:3834} INFO - Setting next_dagrun for example_python_operator to None, run_after=None
[2024-03-18T09:49:32.910+0200] {processor.py:183} INFO - Processing /usr/local/lib/python3.8/site-packages/airflow/example_dags/example_python_operator.py took 0.214 seconds
[2024-03-18T09:50:12.477+0200] {processor.py:161} INFO - Started process (PID=3699) to work on /usr/local/lib/python3.8/site-packages/airflow/example_dags/example_python_operator.py
[2024-03-18T09:50:12.477+0200] {processor.py:830} INFO - Processing file /usr/local/lib/python3.8/site-packages/airflow/example_dags/example_python_operator.py for tasks to queue
[2024-03-18T09:50:12.478+0200] {logging_mixin.py:188} INFO - [2024-03-18T09:50:12.478+0200] {dagbag.py:540} INFO - Filling up the DagBag from /usr/local/lib/python3.8/site-packages/airflow/example_dags/example_python_operator.py
[2024-03-18T09:50:12.495+0200] {logging_mixin.py:188} INFO - [2024-03-18T09:50:12.495+0200] {example_python_operator.py:88} WARNING - The virtalenv_python example task requires virtualenv, please install it.
[2024-03-18T09:50:12.498+0200] {processor.py:840} INFO - DAG(s) 'example_python_operator' retrieved from /usr/local/lib/python3.8/site-packages/airflow/example_dags/example_python_operator.py
[2024-03-18T09:50:12.654+0200] {logging_mixin.py:188} INFO - [2024-03-18T09:50:12.653+0200] {dag.py:3047} INFO - Sync 1 DAGs
[2024-03-18T09:50:12.664+0200] {logging_mixin.py:188} INFO - [2024-03-18T09:50:12.664+0200] {dag.py:3834} INFO - Setting next_dagrun for example_python_operator to None, run_after=None
[2024-03-18T09:50:12.693+0200] {processor.py:183} INFO - Processing /usr/local/lib/python3.8/site-packages/airflow/example_dags/example_python_operator.py took 0.217 seconds
[2024-03-18T09:50:56.012+0200] {processor.py:161} INFO - Started process (PID=3880) to work on /usr/local/lib/python3.8/site-packages/airflow/example_dags/example_python_operator.py
[2024-03-18T09:50:56.013+0200] {processor.py:830} INFO - Processing file /usr/local/lib/python3.8/site-packages/airflow/example_dags/example_python_operator.py for tasks to queue
[2024-03-18T09:50:56.014+0200] {logging_mixin.py:188} INFO - [2024-03-18T09:50:56.014+0200] {dagbag.py:540} INFO - Filling up the DagBag from /usr/local/lib/python3.8/site-packages/airflow/example_dags/example_python_operator.py
[2024-03-18T09:50:56.034+0200] {logging_mixin.py:188} INFO - [2024-03-18T09:50:56.033+0200] {example_python_operator.py:88} WARNING - The virtalenv_python example task requires virtualenv, please install it.
[2024-03-18T09:50:56.037+0200] {processor.py:840} INFO - DAG(s) 'example_python_operator' retrieved from /usr/local/lib/python3.8/site-packages/airflow/example_dags/example_python_operator.py
[2024-03-18T09:50:56.210+0200] {logging_mixin.py:188} INFO - [2024-03-18T09:50:56.210+0200] {dag.py:3047} INFO - Sync 1 DAGs
[2024-03-18T09:50:56.233+0200] {logging_mixin.py:188} INFO - [2024-03-18T09:50:56.233+0200] {dag.py:3834} INFO - Setting next_dagrun for example_python_operator to None, run_after=None
[2024-03-18T09:50:56.252+0200] {processor.py:183} INFO - Processing /usr/local/lib/python3.8/site-packages/airflow/example_dags/example_python_operator.py took 0.241 seconds
[2024-03-18T09:51:43.135+0200] {processor.py:161} INFO - Started process (PID=4070) to work on /usr/local/lib/python3.8/site-packages/airflow/example_dags/example_python_operator.py
[2024-03-18T09:51:43.136+0200] {processor.py:830} INFO - Processing file /usr/local/lib/python3.8/site-packages/airflow/example_dags/example_python_operator.py for tasks to queue
[2024-03-18T09:51:43.137+0200] {logging_mixin.py:188} INFO - [2024-03-18T09:51:43.137+0200] {dagbag.py:540} INFO - Filling up the DagBag from /usr/local/lib/python3.8/site-packages/airflow/example_dags/example_python_operator.py
[2024-03-18T09:51:43.158+0200] {logging_mixin.py:188} INFO - [2024-03-18T09:51:43.158+0200] {example_python_operator.py:88} WARNING - The virtalenv_python example task requires virtualenv, please install it.
[2024-03-18T09:51:43.162+0200] {processor.py:840} INFO - DAG(s) 'example_python_operator' retrieved from /usr/local/lib/python3.8/site-packages/airflow/example_dags/example_python_operator.py
[2024-03-18T09:51:43.480+0200] {logging_mixin.py:188} INFO - [2024-03-18T09:51:43.479+0200] {dag.py:3047} INFO - Sync 1 DAGs
[2024-03-18T09:51:43.504+0200] {logging_mixin.py:188} INFO - [2024-03-18T09:51:43.503+0200] {dag.py:3834} INFO - Setting next_dagrun for example_python_operator to None, run_after=None
[2024-03-18T09:51:43.538+0200] {processor.py:183} INFO - Processing /usr/local/lib/python3.8/site-packages/airflow/example_dags/example_python_operator.py took 0.404 seconds
[2024-03-18T09:52:32.850+0200] {processor.py:161} INFO - Started process (PID=4251) to work on /usr/local/lib/python3.8/site-packages/airflow/example_dags/example_python_operator.py
[2024-03-18T09:52:32.852+0200] {processor.py:830} INFO - Processing file /usr/local/lib/python3.8/site-packages/airflow/example_dags/example_python_operator.py for tasks to queue
[2024-03-18T09:52:32.852+0200] {logging_mixin.py:188} INFO - [2024-03-18T09:52:32.852+0200] {dagbag.py:540} INFO - Filling up the DagBag from /usr/local/lib/python3.8/site-packages/airflow/example_dags/example_python_operator.py
[2024-03-18T09:52:32.875+0200] {logging_mixin.py:188} INFO - [2024-03-18T09:52:32.874+0200] {example_python_operator.py:88} WARNING - The virtalenv_python example task requires virtualenv, please install it.
[2024-03-18T09:52:32.878+0200] {processor.py:840} INFO - DAG(s) 'example_python_operator' retrieved from /usr/local/lib/python3.8/site-packages/airflow/example_dags/example_python_operator.py
[2024-03-18T09:52:33.056+0200] {logging_mixin.py:188} INFO - [2024-03-18T09:52:33.056+0200] {dag.py:3047} INFO - Sync 1 DAGs
[2024-03-18T09:52:33.081+0200] {logging_mixin.py:188} INFO - [2024-03-18T09:52:33.081+0200] {dag.py:3834} INFO - Setting next_dagrun for example_python_operator to None, run_after=None
[2024-03-18T09:52:33.101+0200] {processor.py:183} INFO - Processing /usr/local/lib/python3.8/site-packages/airflow/example_dags/example_python_operator.py took 0.252 seconds
[2024-03-18T09:53:12.642+0200] {processor.py:161} INFO - Started process (PID=4405) to work on /usr/local/lib/python3.8/site-packages/airflow/example_dags/example_python_operator.py
[2024-03-18T09:53:12.643+0200] {processor.py:830} INFO - Processing file /usr/local/lib/python3.8/site-packages/airflow/example_dags/example_python_operator.py for tasks to queue
[2024-03-18T09:53:12.643+0200] {logging_mixin.py:188} INFO - [2024-03-18T09:53:12.643+0200] {dagbag.py:540} INFO - Filling up the DagBag from /usr/local/lib/python3.8/site-packages/airflow/example_dags/example_python_operator.py
[2024-03-18T09:53:12.662+0200] {logging_mixin.py:188} INFO - [2024-03-18T09:53:12.661+0200] {example_python_operator.py:88} WARNING - The virtalenv_python example task requires virtualenv, please install it.
[2024-03-18T09:53:12.665+0200] {processor.py:840} INFO - DAG(s) 'example_python_operator' retrieved from /usr/local/lib/python3.8/site-packages/airflow/example_dags/example_python_operator.py
[2024-03-18T09:53:12.811+0200] {logging_mixin.py:188} INFO - [2024-03-18T09:53:12.810+0200] {dag.py:3047} INFO - Sync 1 DAGs
[2024-03-18T09:53:12.830+0200] {logging_mixin.py:188} INFO - [2024-03-18T09:53:12.830+0200] {dag.py:3834} INFO - Setting next_dagrun for example_python_operator to None, run_after=None
[2024-03-18T09:53:12.847+0200] {processor.py:183} INFO - Processing /usr/local/lib/python3.8/site-packages/airflow/example_dags/example_python_operator.py took 0.206 seconds
[2024-03-18T09:53:54.207+0200] {processor.py:161} INFO - Started process (PID=4578) to work on /usr/local/lib/python3.8/site-packages/airflow/example_dags/example_python_operator.py
[2024-03-18T09:53:54.208+0200] {processor.py:830} INFO - Processing file /usr/local/lib/python3.8/site-packages/airflow/example_dags/example_python_operator.py for tasks to queue
[2024-03-18T09:53:54.208+0200] {logging_mixin.py:188} INFO - [2024-03-18T09:53:54.208+0200] {dagbag.py:540} INFO - Filling up the DagBag from /usr/local/lib/python3.8/site-packages/airflow/example_dags/example_python_operator.py
[2024-03-18T09:53:54.232+0200] {logging_mixin.py:188} INFO - [2024-03-18T09:53:54.232+0200] {example_python_operator.py:88} WARNING - The virtalenv_python example task requires virtualenv, please install it.
[2024-03-18T09:53:54.236+0200] {processor.py:840} INFO - DAG(s) 'example_python_operator' retrieved from /usr/local/lib/python3.8/site-packages/airflow/example_dags/example_python_operator.py
[2024-03-18T09:53:54.427+0200] {logging_mixin.py:188} INFO - [2024-03-18T09:53:54.426+0200] {dag.py:3047} INFO - Sync 1 DAGs
[2024-03-18T09:53:54.437+0200] {logging_mixin.py:188} INFO - [2024-03-18T09:53:54.437+0200] {dag.py:3834} INFO - Setting next_dagrun for example_python_operator to None, run_after=None
[2024-03-18T09:53:54.454+0200] {processor.py:183} INFO - Processing /usr/local/lib/python3.8/site-packages/airflow/example_dags/example_python_operator.py took 0.250 seconds
[2024-03-18T09:54:41.845+0200] {processor.py:161} INFO - Started process (PID=4749) to work on /usr/local/lib/python3.8/site-packages/airflow/example_dags/example_python_operator.py
[2024-03-18T09:54:41.846+0200] {processor.py:830} INFO - Processing file /usr/local/lib/python3.8/site-packages/airflow/example_dags/example_python_operator.py for tasks to queue
[2024-03-18T09:54:41.847+0200] {logging_mixin.py:188} INFO - [2024-03-18T09:54:41.846+0200] {dagbag.py:540} INFO - Filling up the DagBag from /usr/local/lib/python3.8/site-packages/airflow/example_dags/example_python_operator.py
[2024-03-18T09:54:41.869+0200] {logging_mixin.py:188} INFO - [2024-03-18T09:54:41.868+0200] {example_python_operator.py:88} WARNING - The virtalenv_python example task requires virtualenv, please install it.
[2024-03-18T09:54:41.872+0200] {processor.py:840} INFO - DAG(s) 'example_python_operator' retrieved from /usr/local/lib/python3.8/site-packages/airflow/example_dags/example_python_operator.py
[2024-03-18T09:54:42.028+0200] {logging_mixin.py:188} INFO - [2024-03-18T09:54:42.028+0200] {dag.py:3047} INFO - Sync 1 DAGs
[2024-03-18T09:54:42.039+0200] {logging_mixin.py:188} INFO - [2024-03-18T09:54:42.039+0200] {dag.py:3834} INFO - Setting next_dagrun for example_python_operator to None, run_after=None
[2024-03-18T09:54:42.055+0200] {processor.py:183} INFO - Processing /usr/local/lib/python3.8/site-packages/airflow/example_dags/example_python_operator.py took 0.212 seconds
[2024-03-18T09:55:25.532+0200] {processor.py:161} INFO - Started process (PID=4927) to work on /usr/local/lib/python3.8/site-packages/airflow/example_dags/example_python_operator.py
[2024-03-18T09:55:25.533+0200] {processor.py:830} INFO - Processing file /usr/local/lib/python3.8/site-packages/airflow/example_dags/example_python_operator.py for tasks to queue
[2024-03-18T09:55:25.533+0200] {logging_mixin.py:188} INFO - [2024-03-18T09:55:25.533+0200] {dagbag.py:540} INFO - Filling up the DagBag from /usr/local/lib/python3.8/site-packages/airflow/example_dags/example_python_operator.py
[2024-03-18T09:55:25.556+0200] {logging_mixin.py:188} INFO - [2024-03-18T09:55:25.555+0200] {example_python_operator.py:88} WARNING - The virtalenv_python example task requires virtualenv, please install it.
[2024-03-18T09:55:25.559+0200] {processor.py:840} INFO - DAG(s) 'example_python_operator' retrieved from /usr/local/lib/python3.8/site-packages/airflow/example_dags/example_python_operator.py
[2024-03-18T09:55:25.730+0200] {logging_mixin.py:188} INFO - [2024-03-18T09:55:25.730+0200] {dag.py:3047} INFO - Sync 1 DAGs
[2024-03-18T09:55:25.741+0200] {logging_mixin.py:188} INFO - [2024-03-18T09:55:25.741+0200] {dag.py:3834} INFO - Setting next_dagrun for example_python_operator to None, run_after=None
[2024-03-18T09:55:25.758+0200] {processor.py:183} INFO - Processing /usr/local/lib/python3.8/site-packages/airflow/example_dags/example_python_operator.py took 0.228 seconds
[2024-03-18T09:56:13.552+0200] {processor.py:161} INFO - Started process (PID=5187) to work on /usr/local/lib/python3.8/site-packages/airflow/example_dags/example_python_operator.py
[2024-03-18T09:56:13.555+0200] {processor.py:830} INFO - Processing file /usr/local/lib/python3.8/site-packages/airflow/example_dags/example_python_operator.py for tasks to queue
[2024-03-18T09:56:13.556+0200] {logging_mixin.py:188} INFO - [2024-03-18T09:56:13.556+0200] {dagbag.py:540} INFO - Filling up the DagBag from /usr/local/lib/python3.8/site-packages/airflow/example_dags/example_python_operator.py
[2024-03-18T09:56:13.586+0200] {logging_mixin.py:188} INFO - [2024-03-18T09:56:13.585+0200] {example_python_operator.py:88} WARNING - The virtalenv_python example task requires virtualenv, please install it.
[2024-03-18T09:56:13.593+0200] {processor.py:840} INFO - DAG(s) 'example_python_operator' retrieved from /usr/local/lib/python3.8/site-packages/airflow/example_dags/example_python_operator.py
[2024-03-18T09:56:14.160+0200] {logging_mixin.py:188} INFO - [2024-03-18T09:56:14.159+0200] {dag.py:3047} INFO - Sync 1 DAGs
[2024-03-18T09:56:14.173+0200] {logging_mixin.py:188} INFO - [2024-03-18T09:56:14.172+0200] {dag.py:3834} INFO - Setting next_dagrun for example_python_operator to None, run_after=None
[2024-03-18T09:56:14.207+0200] {processor.py:183} INFO - Processing /usr/local/lib/python3.8/site-packages/airflow/example_dags/example_python_operator.py took 0.657 seconds
[2024-03-18T09:57:14.772+0200] {processor.py:161} INFO - Started process (PID=5550) to work on /usr/local/lib/python3.8/site-packages/airflow/example_dags/example_python_operator.py
[2024-03-18T09:57:14.773+0200] {processor.py:830} INFO - Processing file /usr/local/lib/python3.8/site-packages/airflow/example_dags/example_python_operator.py for tasks to queue
[2024-03-18T09:57:14.774+0200] {logging_mixin.py:188} INFO - [2024-03-18T09:57:14.774+0200] {dagbag.py:540} INFO - Filling up the DagBag from /usr/local/lib/python3.8/site-packages/airflow/example_dags/example_python_operator.py
[2024-03-18T09:57:14.795+0200] {logging_mixin.py:188} INFO - [2024-03-18T09:57:14.795+0200] {example_python_operator.py:88} WARNING - The virtalenv_python example task requires virtualenv, please install it.
[2024-03-18T09:57:14.799+0200] {processor.py:840} INFO - DAG(s) 'example_python_operator' retrieved from /usr/local/lib/python3.8/site-packages/airflow/example_dags/example_python_operator.py
[2024-03-18T09:57:14.987+0200] {logging_mixin.py:188} INFO - [2024-03-18T09:57:14.987+0200] {dag.py:3047} INFO - Sync 1 DAGs
[2024-03-18T09:57:14.998+0200] {logging_mixin.py:188} INFO - [2024-03-18T09:57:14.998+0200] {dag.py:3834} INFO - Setting next_dagrun for example_python_operator to None, run_after=None
[2024-03-18T09:57:15.017+0200] {processor.py:183} INFO - Processing /usr/local/lib/python3.8/site-packages/airflow/example_dags/example_python_operator.py took 0.246 seconds
[2024-03-18T09:57:59.886+0200] {processor.py:161} INFO - Started process (PID=5819) to work on /usr/local/lib/python3.8/site-packages/airflow/example_dags/example_python_operator.py
[2024-03-18T09:57:59.887+0200] {processor.py:830} INFO - Processing file /usr/local/lib/python3.8/site-packages/airflow/example_dags/example_python_operator.py for tasks to queue
[2024-03-18T09:57:59.887+0200] {logging_mixin.py:188} INFO - [2024-03-18T09:57:59.887+0200] {dagbag.py:540} INFO - Filling up the DagBag from /usr/local/lib/python3.8/site-packages/airflow/example_dags/example_python_operator.py
[2024-03-18T09:57:59.909+0200] {logging_mixin.py:188} INFO - [2024-03-18T09:57:59.908+0200] {example_python_operator.py:88} WARNING - The virtalenv_python example task requires virtualenv, please install it.
[2024-03-18T09:57:59.912+0200] {processor.py:840} INFO - DAG(s) 'example_python_operator' retrieved from /usr/local/lib/python3.8/site-packages/airflow/example_dags/example_python_operator.py
[2024-03-18T09:58:00.086+0200] {logging_mixin.py:188} INFO - [2024-03-18T09:58:00.086+0200] {dag.py:3047} INFO - Sync 1 DAGs
[2024-03-18T09:58:00.097+0200] {logging_mixin.py:188} INFO - [2024-03-18T09:58:00.097+0200] {dag.py:3834} INFO - Setting next_dagrun for example_python_operator to None, run_after=None
[2024-03-18T09:58:00.113+0200] {processor.py:183} INFO - Processing /usr/local/lib/python3.8/site-packages/airflow/example_dags/example_python_operator.py took 0.229 seconds
[2024-03-18T09:58:38.197+0200] {processor.py:161} INFO - Started process (PID=5955) to work on /usr/local/lib/python3.8/site-packages/airflow/example_dags/example_python_operator.py
[2024-03-18T09:58:38.198+0200] {processor.py:830} INFO - Processing file /usr/local/lib/python3.8/site-packages/airflow/example_dags/example_python_operator.py for tasks to queue
[2024-03-18T09:58:38.198+0200] {logging_mixin.py:188} INFO - [2024-03-18T09:58:38.198+0200] {dagbag.py:540} INFO - Filling up the DagBag from /usr/local/lib/python3.8/site-packages/airflow/example_dags/example_python_operator.py
[2024-03-18T09:58:38.221+0200] {logging_mixin.py:188} INFO - [2024-03-18T09:58:38.220+0200] {example_python_operator.py:88} WARNING - The virtalenv_python example task requires virtualenv, please install it.
[2024-03-18T09:58:38.224+0200] {processor.py:840} INFO - DAG(s) 'example_python_operator' retrieved from /usr/local/lib/python3.8/site-packages/airflow/example_dags/example_python_operator.py
[2024-03-18T09:58:38.385+0200] {logging_mixin.py:188} INFO - [2024-03-18T09:58:38.385+0200] {dag.py:3047} INFO - Sync 1 DAGs
[2024-03-18T09:58:38.396+0200] {logging_mixin.py:188} INFO - [2024-03-18T09:58:38.396+0200] {dag.py:3834} INFO - Setting next_dagrun for example_python_operator to None, run_after=None
[2024-03-18T09:58:38.414+0200] {processor.py:183} INFO - Processing /usr/local/lib/python3.8/site-packages/airflow/example_dags/example_python_operator.py took 0.219 seconds
[2024-03-18T09:59:21.035+0200] {processor.py:161} INFO - Started process (PID=6118) to work on /usr/local/lib/python3.8/site-packages/airflow/example_dags/example_python_operator.py
[2024-03-18T09:59:21.036+0200] {processor.py:830} INFO - Processing file /usr/local/lib/python3.8/site-packages/airflow/example_dags/example_python_operator.py for tasks to queue
[2024-03-18T09:59:21.036+0200] {logging_mixin.py:188} INFO - [2024-03-18T09:59:21.036+0200] {dagbag.py:540} INFO - Filling up the DagBag from /usr/local/lib/python3.8/site-packages/airflow/example_dags/example_python_operator.py
[2024-03-18T09:59:21.057+0200] {logging_mixin.py:188} INFO - [2024-03-18T09:59:21.056+0200] {example_python_operator.py:88} WARNING - The virtalenv_python example task requires virtualenv, please install it.
[2024-03-18T09:59:21.060+0200] {processor.py:840} INFO - DAG(s) 'example_python_operator' retrieved from /usr/local/lib/python3.8/site-packages/airflow/example_dags/example_python_operator.py
[2024-03-18T09:59:21.212+0200] {logging_mixin.py:188} INFO - [2024-03-18T09:59:21.212+0200] {dag.py:3047} INFO - Sync 1 DAGs
[2024-03-18T09:59:21.237+0200] {logging_mixin.py:188} INFO - [2024-03-18T09:59:21.237+0200] {dag.py:3834} INFO - Setting next_dagrun for example_python_operator to None, run_after=None
[2024-03-18T09:59:21.252+0200] {processor.py:183} INFO - Processing /usr/local/lib/python3.8/site-packages/airflow/example_dags/example_python_operator.py took 0.219 seconds
[2024-03-18T10:00:06.433+0200] {processor.py:161} INFO - Started process (PID=6287) to work on /usr/local/lib/python3.8/site-packages/airflow/example_dags/example_python_operator.py
[2024-03-18T10:00:06.434+0200] {processor.py:830} INFO - Processing file /usr/local/lib/python3.8/site-packages/airflow/example_dags/example_python_operator.py for tasks to queue
[2024-03-18T10:00:06.435+0200] {logging_mixin.py:188} INFO - [2024-03-18T10:00:06.434+0200] {dagbag.py:540} INFO - Filling up the DagBag from /usr/local/lib/python3.8/site-packages/airflow/example_dags/example_python_operator.py
[2024-03-18T10:00:06.459+0200] {logging_mixin.py:188} INFO - [2024-03-18T10:00:06.458+0200] {example_python_operator.py:88} WARNING - The virtalenv_python example task requires virtualenv, please install it.
[2024-03-18T10:00:06.463+0200] {processor.py:840} INFO - DAG(s) 'example_python_operator' retrieved from /usr/local/lib/python3.8/site-packages/airflow/example_dags/example_python_operator.py
[2024-03-18T10:00:06.634+0200] {logging_mixin.py:188} INFO - [2024-03-18T10:00:06.633+0200] {dag.py:3047} INFO - Sync 1 DAGs
[2024-03-18T10:00:06.644+0200] {logging_mixin.py:188} INFO - [2024-03-18T10:00:06.643+0200] {dag.py:3834} INFO - Setting next_dagrun for example_python_operator to None, run_after=None
[2024-03-18T10:00:06.659+0200] {processor.py:183} INFO - Processing /usr/local/lib/python3.8/site-packages/airflow/example_dags/example_python_operator.py took 0.228 seconds
[2024-03-18T10:00:54.340+0200] {processor.py:161} INFO - Started process (PID=6496) to work on /usr/local/lib/python3.8/site-packages/airflow/example_dags/example_python_operator.py
[2024-03-18T10:00:54.341+0200] {processor.py:830} INFO - Processing file /usr/local/lib/python3.8/site-packages/airflow/example_dags/example_python_operator.py for tasks to queue
[2024-03-18T10:00:54.342+0200] {logging_mixin.py:188} INFO - [2024-03-18T10:00:54.342+0200] {dagbag.py:540} INFO - Filling up the DagBag from /usr/local/lib/python3.8/site-packages/airflow/example_dags/example_python_operator.py
[2024-03-18T10:00:54.367+0200] {logging_mixin.py:188} INFO - [2024-03-18T10:00:54.366+0200] {example_python_operator.py:88} WARNING - The virtalenv_python example task requires virtualenv, please install it.
[2024-03-18T10:00:54.370+0200] {processor.py:840} INFO - DAG(s) 'example_python_operator' retrieved from /usr/local/lib/python3.8/site-packages/airflow/example_dags/example_python_operator.py
[2024-03-18T10:00:54.556+0200] {logging_mixin.py:188} INFO - [2024-03-18T10:00:54.556+0200] {dag.py:3047} INFO - Sync 1 DAGs
[2024-03-18T10:00:54.586+0200] {logging_mixin.py:188} INFO - [2024-03-18T10:00:54.586+0200] {dag.py:3834} INFO - Setting next_dagrun for example_python_operator to None, run_after=None
[2024-03-18T10:00:54.608+0200] {processor.py:183} INFO - Processing /usr/local/lib/python3.8/site-packages/airflow/example_dags/example_python_operator.py took 0.270 seconds
[2024-03-18T10:01:48.216+0200] {processor.py:161} INFO - Started process (PID=6889) to work on /usr/local/lib/python3.8/site-packages/airflow/example_dags/example_python_operator.py
[2024-03-18T10:01:48.217+0200] {processor.py:830} INFO - Processing file /usr/local/lib/python3.8/site-packages/airflow/example_dags/example_python_operator.py for tasks to queue
[2024-03-18T10:01:48.218+0200] {logging_mixin.py:188} INFO - [2024-03-18T10:01:48.218+0200] {dagbag.py:540} INFO - Filling up the DagBag from /usr/local/lib/python3.8/site-packages/airflow/example_dags/example_python_operator.py
[2024-03-18T10:01:48.242+0200] {logging_mixin.py:188} INFO - [2024-03-18T10:01:48.241+0200] {example_python_operator.py:88} WARNING - The virtalenv_python example task requires virtualenv, please install it.
[2024-03-18T10:01:48.246+0200] {processor.py:840} INFO - DAG(s) 'example_python_operator' retrieved from /usr/local/lib/python3.8/site-packages/airflow/example_dags/example_python_operator.py
[2024-03-18T10:01:48.408+0200] {logging_mixin.py:188} INFO - [2024-03-18T10:01:48.408+0200] {dag.py:3047} INFO - Sync 1 DAGs
[2024-03-18T10:01:48.435+0200] {logging_mixin.py:188} INFO - [2024-03-18T10:01:48.434+0200] {dag.py:3834} INFO - Setting next_dagrun for example_python_operator to None, run_after=None
[2024-03-18T10:01:48.451+0200] {processor.py:183} INFO - Processing /usr/local/lib/python3.8/site-packages/airflow/example_dags/example_python_operator.py took 0.236 seconds
[2024-03-18T10:02:29.935+0200] {processor.py:161} INFO - Started process (PID=7048) to work on /usr/local/lib/python3.8/site-packages/airflow/example_dags/example_python_operator.py
[2024-03-18T10:02:29.936+0200] {processor.py:830} INFO - Processing file /usr/local/lib/python3.8/site-packages/airflow/example_dags/example_python_operator.py for tasks to queue
[2024-03-18T10:02:29.936+0200] {logging_mixin.py:188} INFO - [2024-03-18T10:02:29.936+0200] {dagbag.py:540} INFO - Filling up the DagBag from /usr/local/lib/python3.8/site-packages/airflow/example_dags/example_python_operator.py
[2024-03-18T10:02:29.958+0200] {logging_mixin.py:188} INFO - [2024-03-18T10:02:29.957+0200] {example_python_operator.py:88} WARNING - The virtalenv_python example task requires virtualenv, please install it.
[2024-03-18T10:02:29.961+0200] {processor.py:840} INFO - DAG(s) 'example_python_operator' retrieved from /usr/local/lib/python3.8/site-packages/airflow/example_dags/example_python_operator.py
[2024-03-18T10:02:30.131+0200] {logging_mixin.py:188} INFO - [2024-03-18T10:02:30.131+0200] {dag.py:3047} INFO - Sync 1 DAGs
[2024-03-18T10:02:30.143+0200] {logging_mixin.py:188} INFO - [2024-03-18T10:02:30.143+0200] {dag.py:3834} INFO - Setting next_dagrun for example_python_operator to None, run_after=None
[2024-03-18T10:02:30.161+0200] {processor.py:183} INFO - Processing /usr/local/lib/python3.8/site-packages/airflow/example_dags/example_python_operator.py took 0.228 seconds
[2024-03-18T10:03:19.317+0200] {processor.py:161} INFO - Started process (PID=7266) to work on /usr/local/lib/python3.8/site-packages/airflow/example_dags/example_python_operator.py
[2024-03-18T10:03:19.319+0200] {processor.py:830} INFO - Processing file /usr/local/lib/python3.8/site-packages/airflow/example_dags/example_python_operator.py for tasks to queue
[2024-03-18T10:03:19.320+0200] {logging_mixin.py:188} INFO - [2024-03-18T10:03:19.319+0200] {dagbag.py:540} INFO - Filling up the DagBag from /usr/local/lib/python3.8/site-packages/airflow/example_dags/example_python_operator.py
[2024-03-18T10:03:19.339+0200] {logging_mixin.py:188} INFO - [2024-03-18T10:03:19.338+0200] {example_python_operator.py:88} WARNING - The virtalenv_python example task requires virtualenv, please install it.
[2024-03-18T10:03:19.342+0200] {processor.py:840} INFO - DAG(s) 'example_python_operator' retrieved from /usr/local/lib/python3.8/site-packages/airflow/example_dags/example_python_operator.py
[2024-03-18T10:03:19.530+0200] {logging_mixin.py:188} INFO - [2024-03-18T10:03:19.530+0200] {dag.py:3047} INFO - Sync 1 DAGs
[2024-03-18T10:03:19.555+0200] {logging_mixin.py:188} INFO - [2024-03-18T10:03:19.554+0200] {dag.py:3834} INFO - Setting next_dagrun for example_python_operator to None, run_after=None
[2024-03-18T10:03:19.593+0200] {processor.py:183} INFO - Processing /usr/local/lib/python3.8/site-packages/airflow/example_dags/example_python_operator.py took 0.277 seconds
[2024-03-18T10:04:05.848+0200] {processor.py:161} INFO - Started process (PID=7448) to work on /usr/local/lib/python3.8/site-packages/airflow/example_dags/example_python_operator.py
[2024-03-18T10:04:05.849+0200] {processor.py:830} INFO - Processing file /usr/local/lib/python3.8/site-packages/airflow/example_dags/example_python_operator.py for tasks to queue
[2024-03-18T10:04:05.850+0200] {logging_mixin.py:188} INFO - [2024-03-18T10:04:05.850+0200] {dagbag.py:540} INFO - Filling up the DagBag from /usr/local/lib/python3.8/site-packages/airflow/example_dags/example_python_operator.py
[2024-03-18T10:04:05.872+0200] {logging_mixin.py:188} INFO - [2024-03-18T10:04:05.872+0200] {example_python_operator.py:88} WARNING - The virtalenv_python example task requires virtualenv, please install it.
[2024-03-18T10:04:05.876+0200] {processor.py:840} INFO - DAG(s) 'example_python_operator' retrieved from /usr/local/lib/python3.8/site-packages/airflow/example_dags/example_python_operator.py
[2024-03-18T10:04:06.042+0200] {logging_mixin.py:188} INFO - [2024-03-18T10:04:06.042+0200] {dag.py:3047} INFO - Sync 1 DAGs
[2024-03-18T10:04:06.063+0200] {logging_mixin.py:188} INFO - [2024-03-18T10:04:06.062+0200] {dag.py:3834} INFO - Setting next_dagrun for example_python_operator to None, run_after=None
[2024-03-18T10:04:06.096+0200] {processor.py:183} INFO - Processing /usr/local/lib/python3.8/site-packages/airflow/example_dags/example_python_operator.py took 0.249 seconds
[2024-03-18T10:04:56.411+0200] {processor.py:161} INFO - Started process (PID=7660) to work on /usr/local/lib/python3.8/site-packages/airflow/example_dags/example_python_operator.py
[2024-03-18T10:04:56.412+0200] {processor.py:830} INFO - Processing file /usr/local/lib/python3.8/site-packages/airflow/example_dags/example_python_operator.py for tasks to queue
[2024-03-18T10:04:56.413+0200] {logging_mixin.py:188} INFO - [2024-03-18T10:04:56.412+0200] {dagbag.py:540} INFO - Filling up the DagBag from /usr/local/lib/python3.8/site-packages/airflow/example_dags/example_python_operator.py
[2024-03-18T10:04:56.434+0200] {logging_mixin.py:188} INFO - [2024-03-18T10:04:56.434+0200] {example_python_operator.py:88} WARNING - The virtalenv_python example task requires virtualenv, please install it.
[2024-03-18T10:04:56.438+0200] {processor.py:840} INFO - DAG(s) 'example_python_operator' retrieved from /usr/local/lib/python3.8/site-packages/airflow/example_dags/example_python_operator.py
[2024-03-18T10:04:56.599+0200] {logging_mixin.py:188} INFO - [2024-03-18T10:04:56.599+0200] {dag.py:3047} INFO - Sync 1 DAGs
[2024-03-18T10:04:56.609+0200] {logging_mixin.py:188} INFO - [2024-03-18T10:04:56.609+0200] {dag.py:3834} INFO - Setting next_dagrun for example_python_operator to None, run_after=None
[2024-03-18T10:04:56.641+0200] {processor.py:183} INFO - Processing /usr/local/lib/python3.8/site-packages/airflow/example_dags/example_python_operator.py took 0.231 seconds
[2024-03-18T10:05:47.051+0200] {processor.py:161} INFO - Started process (PID=7859) to work on /usr/local/lib/python3.8/site-packages/airflow/example_dags/example_python_operator.py
[2024-03-18T10:05:47.052+0200] {processor.py:830} INFO - Processing file /usr/local/lib/python3.8/site-packages/airflow/example_dags/example_python_operator.py for tasks to queue
[2024-03-18T10:05:47.053+0200] {logging_mixin.py:188} INFO - [2024-03-18T10:05:47.053+0200] {dagbag.py:540} INFO - Filling up the DagBag from /usr/local/lib/python3.8/site-packages/airflow/example_dags/example_python_operator.py
[2024-03-18T10:05:47.076+0200] {logging_mixin.py:188} INFO - [2024-03-18T10:05:47.076+0200] {example_python_operator.py:88} WARNING - The virtalenv_python example task requires virtualenv, please install it.
[2024-03-18T10:05:47.080+0200] {processor.py:840} INFO - DAG(s) 'example_python_operator' retrieved from /usr/local/lib/python3.8/site-packages/airflow/example_dags/example_python_operator.py
[2024-03-18T10:05:47.246+0200] {logging_mixin.py:188} INFO - [2024-03-18T10:05:47.245+0200] {dag.py:3047} INFO - Sync 1 DAGs
[2024-03-18T10:05:47.258+0200] {logging_mixin.py:188} INFO - [2024-03-18T10:05:47.258+0200] {dag.py:3834} INFO - Setting next_dagrun for example_python_operator to None, run_after=None
[2024-03-18T10:05:47.294+0200] {processor.py:183} INFO - Processing /usr/local/lib/python3.8/site-packages/airflow/example_dags/example_python_operator.py took 0.244 seconds
[2024-03-18T10:06:35.427+0200] {processor.py:161} INFO - Started process (PID=8043) to work on /usr/local/lib/python3.8/site-packages/airflow/example_dags/example_python_operator.py
[2024-03-18T10:06:35.429+0200] {processor.py:830} INFO - Processing file /usr/local/lib/python3.8/site-packages/airflow/example_dags/example_python_operator.py for tasks to queue
[2024-03-18T10:06:35.429+0200] {logging_mixin.py:188} INFO - [2024-03-18T10:06:35.429+0200] {dagbag.py:540} INFO - Filling up the DagBag from /usr/local/lib/python3.8/site-packages/airflow/example_dags/example_python_operator.py
[2024-03-18T10:06:35.450+0200] {logging_mixin.py:188} INFO - [2024-03-18T10:06:35.450+0200] {example_python_operator.py:88} WARNING - The virtalenv_python example task requires virtualenv, please install it.
[2024-03-18T10:06:35.454+0200] {processor.py:840} INFO - DAG(s) 'example_python_operator' retrieved from /usr/local/lib/python3.8/site-packages/airflow/example_dags/example_python_operator.py
[2024-03-18T10:06:35.626+0200] {logging_mixin.py:188} INFO - [2024-03-18T10:06:35.626+0200] {dag.py:3047} INFO - Sync 1 DAGs
[2024-03-18T10:06:35.637+0200] {logging_mixin.py:188} INFO - [2024-03-18T10:06:35.636+0200] {dag.py:3834} INFO - Setting next_dagrun for example_python_operator to None, run_after=None
[2024-03-18T10:06:35.654+0200] {processor.py:183} INFO - Processing /usr/local/lib/python3.8/site-packages/airflow/example_dags/example_python_operator.py took 0.228 seconds
[2024-03-18T10:07:18.267+0200] {processor.py:161} INFO - Started process (PID=8197) to work on /usr/local/lib/python3.8/site-packages/airflow/example_dags/example_python_operator.py
[2024-03-18T10:07:18.268+0200] {processor.py:830} INFO - Processing file /usr/local/lib/python3.8/site-packages/airflow/example_dags/example_python_operator.py for tasks to queue
[2024-03-18T10:07:18.268+0200] {logging_mixin.py:188} INFO - [2024-03-18T10:07:18.268+0200] {dagbag.py:540} INFO - Filling up the DagBag from /usr/local/lib/python3.8/site-packages/airflow/example_dags/example_python_operator.py
[2024-03-18T10:07:18.288+0200] {logging_mixin.py:188} INFO - [2024-03-18T10:07:18.288+0200] {example_python_operator.py:88} WARNING - The virtalenv_python example task requires virtualenv, please install it.
[2024-03-18T10:07:18.291+0200] {processor.py:840} INFO - DAG(s) 'example_python_operator' retrieved from /usr/local/lib/python3.8/site-packages/airflow/example_dags/example_python_operator.py
[2024-03-18T10:07:18.475+0200] {logging_mixin.py:188} INFO - [2024-03-18T10:07:18.475+0200] {dag.py:3047} INFO - Sync 1 DAGs
[2024-03-18T10:07:18.485+0200] {logging_mixin.py:188} INFO - [2024-03-18T10:07:18.485+0200] {dag.py:3834} INFO - Setting next_dagrun for example_python_operator to None, run_after=None
[2024-03-18T10:07:18.500+0200] {processor.py:183} INFO - Processing /usr/local/lib/python3.8/site-packages/airflow/example_dags/example_python_operator.py took 0.234 seconds
[2024-03-18T10:08:10.546+0200] {processor.py:161} INFO - Started process (PID=8537) to work on /usr/local/lib/python3.8/site-packages/airflow/example_dags/example_python_operator.py
[2024-03-18T10:08:10.548+0200] {processor.py:830} INFO - Processing file /usr/local/lib/python3.8/site-packages/airflow/example_dags/example_python_operator.py for tasks to queue
[2024-03-18T10:08:10.549+0200] {logging_mixin.py:188} INFO - [2024-03-18T10:08:10.549+0200] {dagbag.py:540} INFO - Filling up the DagBag from /usr/local/lib/python3.8/site-packages/airflow/example_dags/example_python_operator.py
[2024-03-18T10:08:10.572+0200] {logging_mixin.py:188} INFO - [2024-03-18T10:08:10.572+0200] {example_python_operator.py:88} WARNING - The virtalenv_python example task requires virtualenv, please install it.
[2024-03-18T10:08:10.576+0200] {processor.py:840} INFO - DAG(s) 'example_python_operator' retrieved from /usr/local/lib/python3.8/site-packages/airflow/example_dags/example_python_operator.py
[2024-03-18T10:08:10.734+0200] {logging_mixin.py:188} INFO - [2024-03-18T10:08:10.734+0200] {dag.py:3047} INFO - Sync 1 DAGs
[2024-03-18T10:08:10.745+0200] {logging_mixin.py:188} INFO - [2024-03-18T10:08:10.745+0200] {dag.py:3834} INFO - Setting next_dagrun for example_python_operator to None, run_after=None
[2024-03-18T10:08:10.778+0200] {processor.py:183} INFO - Processing /usr/local/lib/python3.8/site-packages/airflow/example_dags/example_python_operator.py took 0.233 seconds
[2024-03-18T10:08:57.784+0200] {processor.py:161} INFO - Started process (PID=8742) to work on /usr/local/lib/python3.8/site-packages/airflow/example_dags/example_python_operator.py
[2024-03-18T10:08:57.785+0200] {processor.py:830} INFO - Processing file /usr/local/lib/python3.8/site-packages/airflow/example_dags/example_python_operator.py for tasks to queue
[2024-03-18T10:08:57.785+0200] {logging_mixin.py:188} INFO - [2024-03-18T10:08:57.785+0200] {dagbag.py:540} INFO - Filling up the DagBag from /usr/local/lib/python3.8/site-packages/airflow/example_dags/example_python_operator.py
[2024-03-18T10:08:57.807+0200] {logging_mixin.py:188} INFO - [2024-03-18T10:08:57.806+0200] {example_python_operator.py:88} WARNING - The virtalenv_python example task requires virtualenv, please install it.
[2024-03-18T10:08:57.810+0200] {processor.py:840} INFO - DAG(s) 'example_python_operator' retrieved from /usr/local/lib/python3.8/site-packages/airflow/example_dags/example_python_operator.py
[2024-03-18T10:08:57.973+0200] {logging_mixin.py:188} INFO - [2024-03-18T10:08:57.973+0200] {dag.py:3047} INFO - Sync 1 DAGs
[2024-03-18T10:08:57.983+0200] {logging_mixin.py:188} INFO - [2024-03-18T10:08:57.983+0200] {dag.py:3834} INFO - Setting next_dagrun for example_python_operator to None, run_after=None
[2024-03-18T10:08:57.999+0200] {processor.py:183} INFO - Processing /usr/local/lib/python3.8/site-packages/airflow/example_dags/example_python_operator.py took 0.216 seconds
[2024-03-18T10:09:39.414+0200] {processor.py:161} INFO - Started process (PID=8906) to work on /usr/local/lib/python3.8/site-packages/airflow/example_dags/example_python_operator.py
[2024-03-18T10:09:39.415+0200] {processor.py:830} INFO - Processing file /usr/local/lib/python3.8/site-packages/airflow/example_dags/example_python_operator.py for tasks to queue
[2024-03-18T10:09:39.415+0200] {logging_mixin.py:188} INFO - [2024-03-18T10:09:39.415+0200] {dagbag.py:540} INFO - Filling up the DagBag from /usr/local/lib/python3.8/site-packages/airflow/example_dags/example_python_operator.py
[2024-03-18T10:09:39.436+0200] {logging_mixin.py:188} INFO - [2024-03-18T10:09:39.436+0200] {example_python_operator.py:88} WARNING - The virtalenv_python example task requires virtualenv, please install it.
[2024-03-18T10:09:39.440+0200] {processor.py:840} INFO - DAG(s) 'example_python_operator' retrieved from /usr/local/lib/python3.8/site-packages/airflow/example_dags/example_python_operator.py
[2024-03-18T10:09:39.622+0200] {logging_mixin.py:188} INFO - [2024-03-18T10:09:39.622+0200] {dag.py:3047} INFO - Sync 1 DAGs
[2024-03-18T10:09:39.633+0200] {logging_mixin.py:188} INFO - [2024-03-18T10:09:39.633+0200] {dag.py:3834} INFO - Setting next_dagrun for example_python_operator to None, run_after=None
[2024-03-18T10:09:39.651+0200] {processor.py:183} INFO - Processing /usr/local/lib/python3.8/site-packages/airflow/example_dags/example_python_operator.py took 0.239 seconds
[2024-03-18T10:10:27.786+0200] {processor.py:161} INFO - Started process (PID=9091) to work on /usr/local/lib/python3.8/site-packages/airflow/example_dags/example_python_operator.py
[2024-03-18T10:10:27.787+0200] {processor.py:830} INFO - Processing file /usr/local/lib/python3.8/site-packages/airflow/example_dags/example_python_operator.py for tasks to queue
[2024-03-18T10:10:27.788+0200] {logging_mixin.py:188} INFO - [2024-03-18T10:10:27.788+0200] {dagbag.py:540} INFO - Filling up the DagBag from /usr/local/lib/python3.8/site-packages/airflow/example_dags/example_python_operator.py
[2024-03-18T10:10:27.809+0200] {logging_mixin.py:188} INFO - [2024-03-18T10:10:27.809+0200] {example_python_operator.py:88} WARNING - The virtalenv_python example task requires virtualenv, please install it.
[2024-03-18T10:10:27.813+0200] {processor.py:840} INFO - DAG(s) 'example_python_operator' retrieved from /usr/local/lib/python3.8/site-packages/airflow/example_dags/example_python_operator.py
[2024-03-18T10:10:27.984+0200] {logging_mixin.py:188} INFO - [2024-03-18T10:10:27.983+0200] {dag.py:3047} INFO - Sync 1 DAGs
[2024-03-18T10:10:28.002+0200] {logging_mixin.py:188} INFO - [2024-03-18T10:10:28.001+0200] {dag.py:3834} INFO - Setting next_dagrun for example_python_operator to None, run_after=None
[2024-03-18T10:10:28.035+0200] {processor.py:183} INFO - Processing /usr/local/lib/python3.8/site-packages/airflow/example_dags/example_python_operator.py took 0.251 seconds
[2024-03-18T10:11:17.917+0200] {processor.py:161} INFO - Started process (PID=9279) to work on /usr/local/lib/python3.8/site-packages/airflow/example_dags/example_python_operator.py
[2024-03-18T10:11:17.918+0200] {processor.py:830} INFO - Processing file /usr/local/lib/python3.8/site-packages/airflow/example_dags/example_python_operator.py for tasks to queue
[2024-03-18T10:11:17.919+0200] {logging_mixin.py:188} INFO - [2024-03-18T10:11:17.919+0200] {dagbag.py:540} INFO - Filling up the DagBag from /usr/local/lib/python3.8/site-packages/airflow/example_dags/example_python_operator.py
[2024-03-18T10:11:17.942+0200] {logging_mixin.py:188} INFO - [2024-03-18T10:11:17.941+0200] {example_python_operator.py:88} WARNING - The virtalenv_python example task requires virtualenv, please install it.
[2024-03-18T10:11:17.945+0200] {processor.py:840} INFO - DAG(s) 'example_python_operator' retrieved from /usr/local/lib/python3.8/site-packages/airflow/example_dags/example_python_operator.py
[2024-03-18T10:11:18.129+0200] {logging_mixin.py:188} INFO - [2024-03-18T10:11:18.128+0200] {dag.py:3047} INFO - Sync 1 DAGs
[2024-03-18T10:11:18.139+0200] {logging_mixin.py:188} INFO - [2024-03-18T10:11:18.139+0200] {dag.py:3834} INFO - Setting next_dagrun for example_python_operator to None, run_after=None
[2024-03-18T10:11:18.156+0200] {processor.py:183} INFO - Processing /usr/local/lib/python3.8/site-packages/airflow/example_dags/example_python_operator.py took 0.241 seconds
[2024-03-18T10:12:00.888+0200] {processor.py:161} INFO - Started process (PID=9444) to work on /usr/local/lib/python3.8/site-packages/airflow/example_dags/example_python_operator.py
[2024-03-18T10:12:00.889+0200] {processor.py:830} INFO - Processing file /usr/local/lib/python3.8/site-packages/airflow/example_dags/example_python_operator.py for tasks to queue
[2024-03-18T10:12:00.889+0200] {logging_mixin.py:188} INFO - [2024-03-18T10:12:00.889+0200] {dagbag.py:540} INFO - Filling up the DagBag from /usr/local/lib/python3.8/site-packages/airflow/example_dags/example_python_operator.py
[2024-03-18T10:12:00.909+0200] {logging_mixin.py:188} INFO - [2024-03-18T10:12:00.909+0200] {example_python_operator.py:88} WARNING - The virtalenv_python example task requires virtualenv, please install it.
[2024-03-18T10:12:00.912+0200] {processor.py:840} INFO - DAG(s) 'example_python_operator' retrieved from /usr/local/lib/python3.8/site-packages/airflow/example_dags/example_python_operator.py
[2024-03-18T10:12:01.077+0200] {logging_mixin.py:188} INFO - [2024-03-18T10:12:01.077+0200] {dag.py:3047} INFO - Sync 1 DAGs
[2024-03-18T10:12:01.088+0200] {logging_mixin.py:188} INFO - [2024-03-18T10:12:01.087+0200] {dag.py:3834} INFO - Setting next_dagrun for example_python_operator to None, run_after=None
[2024-03-18T10:12:01.107+0200] {processor.py:183} INFO - Processing /usr/local/lib/python3.8/site-packages/airflow/example_dags/example_python_operator.py took 0.221 seconds
[2024-03-18T10:12:43.955+0200] {processor.py:161} INFO - Started process (PID=9614) to work on /usr/local/lib/python3.8/site-packages/airflow/example_dags/example_python_operator.py
[2024-03-18T10:12:43.956+0200] {processor.py:830} INFO - Processing file /usr/local/lib/python3.8/site-packages/airflow/example_dags/example_python_operator.py for tasks to queue
[2024-03-18T10:12:43.957+0200] {logging_mixin.py:188} INFO - [2024-03-18T10:12:43.956+0200] {dagbag.py:540} INFO - Filling up the DagBag from /usr/local/lib/python3.8/site-packages/airflow/example_dags/example_python_operator.py
[2024-03-18T10:12:43.977+0200] {logging_mixin.py:188} INFO - [2024-03-18T10:12:43.977+0200] {example_python_operator.py:88} WARNING - The virtalenv_python example task requires virtualenv, please install it.
[2024-03-18T10:12:43.980+0200] {processor.py:840} INFO - DAG(s) 'example_python_operator' retrieved from /usr/local/lib/python3.8/site-packages/airflow/example_dags/example_python_operator.py
[2024-03-18T10:12:44.142+0200] {logging_mixin.py:188} INFO - [2024-03-18T10:12:44.142+0200] {dag.py:3047} INFO - Sync 1 DAGs
[2024-03-18T10:12:44.155+0200] {logging_mixin.py:188} INFO - [2024-03-18T10:12:44.155+0200] {dag.py:3834} INFO - Setting next_dagrun for example_python_operator to None, run_after=None
[2024-03-18T10:12:44.188+0200] {processor.py:183} INFO - Processing /usr/local/lib/python3.8/site-packages/airflow/example_dags/example_python_operator.py took 0.235 seconds
[2024-03-18T10:13:40.155+0200] {processor.py:161} INFO - Started process (PID=9940) to work on /usr/local/lib/python3.8/site-packages/airflow/example_dags/example_python_operator.py
[2024-03-18T10:13:40.156+0200] {processor.py:830} INFO - Processing file /usr/local/lib/python3.8/site-packages/airflow/example_dags/example_python_operator.py for tasks to queue
[2024-03-18T10:13:40.157+0200] {logging_mixin.py:188} INFO - [2024-03-18T10:13:40.157+0200] {dagbag.py:540} INFO - Filling up the DagBag from /usr/local/lib/python3.8/site-packages/airflow/example_dags/example_python_operator.py
[2024-03-18T10:13:40.177+0200] {logging_mixin.py:188} INFO - [2024-03-18T10:13:40.177+0200] {example_python_operator.py:88} WARNING - The virtalenv_python example task requires virtualenv, please install it.
[2024-03-18T10:13:40.181+0200] {processor.py:840} INFO - DAG(s) 'example_python_operator' retrieved from /usr/local/lib/python3.8/site-packages/airflow/example_dags/example_python_operator.py
[2024-03-18T10:13:40.328+0200] {logging_mixin.py:188} INFO - [2024-03-18T10:13:40.328+0200] {dag.py:3047} INFO - Sync 1 DAGs
[2024-03-18T10:13:40.338+0200] {logging_mixin.py:188} INFO - [2024-03-18T10:13:40.338+0200] {dag.py:3834} INFO - Setting next_dagrun for example_python_operator to None, run_after=None
[2024-03-18T10:13:40.354+0200] {processor.py:183} INFO - Processing /usr/local/lib/python3.8/site-packages/airflow/example_dags/example_python_operator.py took 0.201 seconds
[2024-03-18T10:14:31.959+0200] {processor.py:161} INFO - Started process (PID=10135) to work on /usr/local/lib/python3.8/site-packages/airflow/example_dags/example_python_operator.py
[2024-03-18T10:14:31.960+0200] {processor.py:830} INFO - Processing file /usr/local/lib/python3.8/site-packages/airflow/example_dags/example_python_operator.py for tasks to queue
[2024-03-18T10:14:31.961+0200] {logging_mixin.py:188} INFO - [2024-03-18T10:14:31.961+0200] {dagbag.py:540} INFO - Filling up the DagBag from /usr/local/lib/python3.8/site-packages/airflow/example_dags/example_python_operator.py
[2024-03-18T10:14:31.981+0200] {logging_mixin.py:188} INFO - [2024-03-18T10:14:31.981+0200] {example_python_operator.py:88} WARNING - The virtalenv_python example task requires virtualenv, please install it.
[2024-03-18T10:14:31.984+0200] {processor.py:840} INFO - DAG(s) 'example_python_operator' retrieved from /usr/local/lib/python3.8/site-packages/airflow/example_dags/example_python_operator.py
[2024-03-18T10:14:32.153+0200] {logging_mixin.py:188} INFO - [2024-03-18T10:14:32.153+0200] {dag.py:3047} INFO - Sync 1 DAGs
[2024-03-18T10:14:32.174+0200] {logging_mixin.py:188} INFO - [2024-03-18T10:14:32.173+0200] {dag.py:3834} INFO - Setting next_dagrun for example_python_operator to None, run_after=None
[2024-03-18T10:14:32.190+0200] {processor.py:183} INFO - Processing /usr/local/lib/python3.8/site-packages/airflow/example_dags/example_python_operator.py took 0.232 seconds
[2024-03-18T10:15:20.262+0200] {processor.py:161} INFO - Started process (PID=10324) to work on /usr/local/lib/python3.8/site-packages/airflow/example_dags/example_python_operator.py
[2024-03-18T10:15:20.262+0200] {processor.py:830} INFO - Processing file /usr/local/lib/python3.8/site-packages/airflow/example_dags/example_python_operator.py for tasks to queue
[2024-03-18T10:15:20.263+0200] {logging_mixin.py:188} INFO - [2024-03-18T10:15:20.263+0200] {dagbag.py:540} INFO - Filling up the DagBag from /usr/local/lib/python3.8/site-packages/airflow/example_dags/example_python_operator.py
[2024-03-18T10:15:20.280+0200] {logging_mixin.py:188} INFO - [2024-03-18T10:15:20.280+0200] {example_python_operator.py:88} WARNING - The virtalenv_python example task requires virtualenv, please install it.
[2024-03-18T10:15:20.283+0200] {processor.py:840} INFO - DAG(s) 'example_python_operator' retrieved from /usr/local/lib/python3.8/site-packages/airflow/example_dags/example_python_operator.py
[2024-03-18T10:15:20.441+0200] {logging_mixin.py:188} INFO - [2024-03-18T10:15:20.440+0200] {dag.py:3047} INFO - Sync 1 DAGs
[2024-03-18T10:15:20.451+0200] {logging_mixin.py:188} INFO - [2024-03-18T10:15:20.451+0200] {dag.py:3834} INFO - Setting next_dagrun for example_python_operator to None, run_after=None
[2024-03-18T10:15:20.481+0200] {processor.py:183} INFO - Processing /usr/local/lib/python3.8/site-packages/airflow/example_dags/example_python_operator.py took 0.220 seconds
[2024-03-18T10:16:02.687+0200] {processor.py:161} INFO - Started process (PID=10496) to work on /usr/local/lib/python3.8/site-packages/airflow/example_dags/example_python_operator.py
[2024-03-18T10:16:02.688+0200] {processor.py:830} INFO - Processing file /usr/local/lib/python3.8/site-packages/airflow/example_dags/example_python_operator.py for tasks to queue
[2024-03-18T10:16:02.688+0200] {logging_mixin.py:188} INFO - [2024-03-18T10:16:02.688+0200] {dagbag.py:540} INFO - Filling up the DagBag from /usr/local/lib/python3.8/site-packages/airflow/example_dags/example_python_operator.py
[2024-03-18T10:16:02.708+0200] {logging_mixin.py:188} INFO - [2024-03-18T10:16:02.708+0200] {example_python_operator.py:88} WARNING - The virtalenv_python example task requires virtualenv, please install it.
[2024-03-18T10:16:02.711+0200] {processor.py:840} INFO - DAG(s) 'example_python_operator' retrieved from /usr/local/lib/python3.8/site-packages/airflow/example_dags/example_python_operator.py
[2024-03-18T10:16:02.868+0200] {logging_mixin.py:188} INFO - [2024-03-18T10:16:02.867+0200] {dag.py:3047} INFO - Sync 1 DAGs
[2024-03-18T10:16:02.878+0200] {logging_mixin.py:188} INFO - [2024-03-18T10:16:02.878+0200] {dag.py:3834} INFO - Setting next_dagrun for example_python_operator to None, run_after=None
[2024-03-18T10:16:02.894+0200] {processor.py:183} INFO - Processing /usr/local/lib/python3.8/site-packages/airflow/example_dags/example_python_operator.py took 0.208 seconds
[2024-03-18T10:16:46.720+0200] {processor.py:161} INFO - Started process (PID=10670) to work on /usr/local/lib/python3.8/site-packages/airflow/example_dags/example_python_operator.py
[2024-03-18T10:16:46.721+0200] {processor.py:830} INFO - Processing file /usr/local/lib/python3.8/site-packages/airflow/example_dags/example_python_operator.py for tasks to queue
[2024-03-18T10:16:46.721+0200] {logging_mixin.py:188} INFO - [2024-03-18T10:16:46.721+0200] {dagbag.py:540} INFO - Filling up the DagBag from /usr/local/lib/python3.8/site-packages/airflow/example_dags/example_python_operator.py
[2024-03-18T10:16:46.745+0200] {logging_mixin.py:188} INFO - [2024-03-18T10:16:46.745+0200] {example_python_operator.py:88} WARNING - The virtalenv_python example task requires virtualenv, please install it.
[2024-03-18T10:16:46.749+0200] {processor.py:840} INFO - DAG(s) 'example_python_operator' retrieved from /usr/local/lib/python3.8/site-packages/airflow/example_dags/example_python_operator.py
[2024-03-18T10:16:46.930+0200] {logging_mixin.py:188} INFO - [2024-03-18T10:16:46.930+0200] {dag.py:3047} INFO - Sync 1 DAGs
[2024-03-18T10:16:46.943+0200] {logging_mixin.py:188} INFO - [2024-03-18T10:16:46.943+0200] {dag.py:3834} INFO - Setting next_dagrun for example_python_operator to None, run_after=None
[2024-03-18T10:16:46.976+0200] {processor.py:183} INFO - Processing /usr/local/lib/python3.8/site-packages/airflow/example_dags/example_python_operator.py took 0.258 seconds
[2024-03-18T10:17:33.829+0200] {processor.py:161} INFO - Started process (PID=10844) to work on /usr/local/lib/python3.8/site-packages/airflow/example_dags/example_python_operator.py
[2024-03-18T10:17:33.830+0200] {processor.py:830} INFO - Processing file /usr/local/lib/python3.8/site-packages/airflow/example_dags/example_python_operator.py for tasks to queue
[2024-03-18T10:17:33.831+0200] {logging_mixin.py:188} INFO - [2024-03-18T10:17:33.831+0200] {dagbag.py:540} INFO - Filling up the DagBag from /usr/local/lib/python3.8/site-packages/airflow/example_dags/example_python_operator.py
[2024-03-18T10:17:33.852+0200] {logging_mixin.py:188} INFO - [2024-03-18T10:17:33.852+0200] {example_python_operator.py:88} WARNING - The virtalenv_python example task requires virtualenv, please install it.
[2024-03-18T10:17:33.855+0200] {processor.py:840} INFO - DAG(s) 'example_python_operator' retrieved from /usr/local/lib/python3.8/site-packages/airflow/example_dags/example_python_operator.py
[2024-03-18T10:17:34.014+0200] {logging_mixin.py:188} INFO - [2024-03-18T10:17:34.014+0200] {dag.py:3047} INFO - Sync 1 DAGs
[2024-03-18T10:17:34.025+0200] {logging_mixin.py:188} INFO - [2024-03-18T10:17:34.025+0200] {dag.py:3834} INFO - Setting next_dagrun for example_python_operator to None, run_after=None
[2024-03-18T10:17:34.042+0200] {processor.py:183} INFO - Processing /usr/local/lib/python3.8/site-packages/airflow/example_dags/example_python_operator.py took 0.214 seconds
[2024-03-18T10:18:15.185+0200] {processor.py:161} INFO - Started process (PID=11005) to work on /usr/local/lib/python3.8/site-packages/airflow/example_dags/example_python_operator.py
[2024-03-18T10:18:15.186+0200] {processor.py:830} INFO - Processing file /usr/local/lib/python3.8/site-packages/airflow/example_dags/example_python_operator.py for tasks to queue
[2024-03-18T10:18:15.187+0200] {logging_mixin.py:188} INFO - [2024-03-18T10:18:15.187+0200] {dagbag.py:540} INFO - Filling up the DagBag from /usr/local/lib/python3.8/site-packages/airflow/example_dags/example_python_operator.py
[2024-03-18T10:18:15.206+0200] {logging_mixin.py:188} INFO - [2024-03-18T10:18:15.206+0200] {example_python_operator.py:88} WARNING - The virtalenv_python example task requires virtualenv, please install it.
[2024-03-18T10:18:15.209+0200] {processor.py:840} INFO - DAG(s) 'example_python_operator' retrieved from /usr/local/lib/python3.8/site-packages/airflow/example_dags/example_python_operator.py
[2024-03-18T10:18:15.363+0200] {logging_mixin.py:188} INFO - [2024-03-18T10:18:15.362+0200] {dag.py:3047} INFO - Sync 1 DAGs
[2024-03-18T10:18:15.374+0200] {logging_mixin.py:188} INFO - [2024-03-18T10:18:15.374+0200] {dag.py:3834} INFO - Setting next_dagrun for example_python_operator to None, run_after=None
[2024-03-18T10:18:15.391+0200] {processor.py:183} INFO - Processing /usr/local/lib/python3.8/site-packages/airflow/example_dags/example_python_operator.py took 0.208 seconds
[2024-03-18T10:18:57.324+0200] {processor.py:161} INFO - Started process (PID=11162) to work on /usr/local/lib/python3.8/site-packages/airflow/example_dags/example_python_operator.py
[2024-03-18T10:18:57.325+0200] {processor.py:830} INFO - Processing file /usr/local/lib/python3.8/site-packages/airflow/example_dags/example_python_operator.py for tasks to queue
[2024-03-18T10:18:57.326+0200] {logging_mixin.py:188} INFO - [2024-03-18T10:18:57.326+0200] {dagbag.py:540} INFO - Filling up the DagBag from /usr/local/lib/python3.8/site-packages/airflow/example_dags/example_python_operator.py
[2024-03-18T10:18:57.351+0200] {logging_mixin.py:188} INFO - [2024-03-18T10:18:57.351+0200] {example_python_operator.py:88} WARNING - The virtalenv_python example task requires virtualenv, please install it.
[2024-03-18T10:18:57.355+0200] {processor.py:840} INFO - DAG(s) 'example_python_operator' retrieved from /usr/local/lib/python3.8/site-packages/airflow/example_dags/example_python_operator.py
[2024-03-18T10:18:57.513+0200] {logging_mixin.py:188} INFO - [2024-03-18T10:18:57.512+0200] {dag.py:3047} INFO - Sync 1 DAGs
[2024-03-18T10:18:57.524+0200] {logging_mixin.py:188} INFO - [2024-03-18T10:18:57.524+0200] {dag.py:3834} INFO - Setting next_dagrun for example_python_operator to None, run_after=None
[2024-03-18T10:18:57.541+0200] {processor.py:183} INFO - Processing /usr/local/lib/python3.8/site-packages/airflow/example_dags/example_python_operator.py took 0.219 seconds
[2024-03-18T10:19:46.821+0200] {processor.py:161} INFO - Started process (PID=11362) to work on /usr/local/lib/python3.8/site-packages/airflow/example_dags/example_python_operator.py
[2024-03-18T10:19:46.822+0200] {processor.py:830} INFO - Processing file /usr/local/lib/python3.8/site-packages/airflow/example_dags/example_python_operator.py for tasks to queue
[2024-03-18T10:19:46.823+0200] {logging_mixin.py:188} INFO - [2024-03-18T10:19:46.822+0200] {dagbag.py:540} INFO - Filling up the DagBag from /usr/local/lib/python3.8/site-packages/airflow/example_dags/example_python_operator.py
[2024-03-18T10:19:46.855+0200] {logging_mixin.py:188} INFO - [2024-03-18T10:19:46.855+0200] {example_python_operator.py:88} WARNING - The virtalenv_python example task requires virtualenv, please install it.
[2024-03-18T10:19:46.859+0200] {processor.py:840} INFO - DAG(s) 'example_python_operator' retrieved from /usr/local/lib/python3.8/site-packages/airflow/example_dags/example_python_operator.py
[2024-03-18T10:19:47.019+0200] {logging_mixin.py:188} INFO - [2024-03-18T10:19:47.019+0200] {dag.py:3047} INFO - Sync 1 DAGs
[2024-03-18T10:19:47.029+0200] {logging_mixin.py:188} INFO - [2024-03-18T10:19:47.029+0200] {dag.py:3834} INFO - Setting next_dagrun for example_python_operator to None, run_after=None
[2024-03-18T10:19:47.063+0200] {processor.py:183} INFO - Processing /usr/local/lib/python3.8/site-packages/airflow/example_dags/example_python_operator.py took 0.244 seconds
[2024-03-18T10:20:27.600+0200] {processor.py:161} INFO - Started process (PID=11526) to work on /usr/local/lib/python3.8/site-packages/airflow/example_dags/example_python_operator.py
[2024-03-18T10:20:27.602+0200] {processor.py:830} INFO - Processing file /usr/local/lib/python3.8/site-packages/airflow/example_dags/example_python_operator.py for tasks to queue
[2024-03-18T10:20:27.602+0200] {logging_mixin.py:188} INFO - [2024-03-18T10:20:27.602+0200] {dagbag.py:540} INFO - Filling up the DagBag from /usr/local/lib/python3.8/site-packages/airflow/example_dags/example_python_operator.py
[2024-03-18T10:20:27.626+0200] {logging_mixin.py:188} INFO - [2024-03-18T10:20:27.626+0200] {example_python_operator.py:88} WARNING - The virtalenv_python example task requires virtualenv, please install it.
[2024-03-18T10:20:27.630+0200] {processor.py:840} INFO - DAG(s) 'example_python_operator' retrieved from /usr/local/lib/python3.8/site-packages/airflow/example_dags/example_python_operator.py
[2024-03-18T10:20:27.825+0200] {logging_mixin.py:188} INFO - [2024-03-18T10:20:27.824+0200] {dag.py:3047} INFO - Sync 1 DAGs
[2024-03-18T10:20:27.838+0200] {logging_mixin.py:188} INFO - [2024-03-18T10:20:27.837+0200] {dag.py:3834} INFO - Setting next_dagrun for example_python_operator to None, run_after=None
[2024-03-18T10:20:27.874+0200] {processor.py:183} INFO - Processing /usr/local/lib/python3.8/site-packages/airflow/example_dags/example_python_operator.py took 0.276 seconds
[2024-03-18T10:21:11.017+0200] {processor.py:161} INFO - Started process (PID=11730) to work on /usr/local/lib/python3.8/site-packages/airflow/example_dags/example_python_operator.py
[2024-03-18T10:21:11.019+0200] {processor.py:830} INFO - Processing file /usr/local/lib/python3.8/site-packages/airflow/example_dags/example_python_operator.py for tasks to queue
[2024-03-18T10:21:11.019+0200] {logging_mixin.py:188} INFO - [2024-03-18T10:21:11.019+0200] {dagbag.py:540} INFO - Filling up the DagBag from /usr/local/lib/python3.8/site-packages/airflow/example_dags/example_python_operator.py
[2024-03-18T10:21:11.042+0200] {logging_mixin.py:188} INFO - [2024-03-18T10:21:11.042+0200] {example_python_operator.py:88} WARNING - The virtalenv_python example task requires virtualenv, please install it.
[2024-03-18T10:21:11.046+0200] {processor.py:840} INFO - DAG(s) 'example_python_operator' retrieved from /usr/local/lib/python3.8/site-packages/airflow/example_dags/example_python_operator.py
[2024-03-18T10:21:11.225+0200] {logging_mixin.py:188} INFO - [2024-03-18T10:21:11.224+0200] {dag.py:3047} INFO - Sync 1 DAGs
[2024-03-18T10:21:11.238+0200] {logging_mixin.py:188} INFO - [2024-03-18T10:21:11.237+0200] {dag.py:3834} INFO - Setting next_dagrun for example_python_operator to None, run_after=None
[2024-03-18T10:21:11.273+0200] {processor.py:183} INFO - Processing /usr/local/lib/python3.8/site-packages/airflow/example_dags/example_python_operator.py took 0.257 seconds
[2024-03-18T10:23:29.571+0200] {processor.py:161} INFO - Started process (PID=11919) to work on /usr/local/lib/python3.8/site-packages/airflow/example_dags/example_python_operator.py
[2024-03-18T10:23:29.579+0200] {processor.py:830} INFO - Processing file /usr/local/lib/python3.8/site-packages/airflow/example_dags/example_python_operator.py for tasks to queue
[2024-03-18T10:23:29.581+0200] {logging_mixin.py:188} INFO - [2024-03-18T10:23:29.580+0200] {dagbag.py:540} INFO - Filling up the DagBag from /usr/local/lib/python3.8/site-packages/airflow/example_dags/example_python_operator.py
[2024-03-18T10:23:29.614+0200] {logging_mixin.py:188} INFO - [2024-03-18T10:23:29.613+0200] {example_python_operator.py:88} WARNING - The virtalenv_python example task requires virtualenv, please install it.
[2024-03-18T10:23:29.620+0200] {processor.py:840} INFO - DAG(s) 'example_python_operator' retrieved from /usr/local/lib/python3.8/site-packages/airflow/example_dags/example_python_operator.py
[2024-03-18T10:23:29.794+0200] {logging_mixin.py:188} INFO - [2024-03-18T10:23:29.793+0200] {dag.py:3047} INFO - Sync 1 DAGs
[2024-03-18T10:23:29.804+0200] {logging_mixin.py:188} INFO - [2024-03-18T10:23:29.804+0200] {dag.py:3834} INFO - Setting next_dagrun for example_python_operator to None, run_after=None
[2024-03-18T10:23:29.819+0200] {processor.py:183} INFO - Processing /usr/local/lib/python3.8/site-packages/airflow/example_dags/example_python_operator.py took 0.255 seconds
[2024-03-18T10:24:19.025+0200] {processor.py:161} INFO - Started process (PID=12114) to work on /usr/local/lib/python3.8/site-packages/airflow/example_dags/example_python_operator.py
[2024-03-18T10:24:19.026+0200] {processor.py:830} INFO - Processing file /usr/local/lib/python3.8/site-packages/airflow/example_dags/example_python_operator.py for tasks to queue
[2024-03-18T10:24:19.026+0200] {logging_mixin.py:188} INFO - [2024-03-18T10:24:19.026+0200] {dagbag.py:540} INFO - Filling up the DagBag from /usr/local/lib/python3.8/site-packages/airflow/example_dags/example_python_operator.py
[2024-03-18T10:24:19.048+0200] {logging_mixin.py:188} INFO - [2024-03-18T10:24:19.048+0200] {example_python_operator.py:88} WARNING - The virtalenv_python example task requires virtualenv, please install it.
[2024-03-18T10:24:19.052+0200] {processor.py:840} INFO - DAG(s) 'example_python_operator' retrieved from /usr/local/lib/python3.8/site-packages/airflow/example_dags/example_python_operator.py
[2024-03-18T10:24:19.211+0200] {logging_mixin.py:188} INFO - [2024-03-18T10:24:19.210+0200] {dag.py:3047} INFO - Sync 1 DAGs
[2024-03-18T10:24:19.223+0200] {logging_mixin.py:188} INFO - [2024-03-18T10:24:19.223+0200] {dag.py:3834} INFO - Setting next_dagrun for example_python_operator to None, run_after=None
[2024-03-18T10:24:19.254+0200] {processor.py:183} INFO - Processing /usr/local/lib/python3.8/site-packages/airflow/example_dags/example_python_operator.py took 0.231 seconds
[2024-03-18T10:25:12.025+0200] {processor.py:161} INFO - Started process (PID=12324) to work on /usr/local/lib/python3.8/site-packages/airflow/example_dags/example_python_operator.py
[2024-03-18T10:25:12.026+0200] {processor.py:830} INFO - Processing file /usr/local/lib/python3.8/site-packages/airflow/example_dags/example_python_operator.py for tasks to queue
[2024-03-18T10:25:12.026+0200] {logging_mixin.py:188} INFO - [2024-03-18T10:25:12.026+0200] {dagbag.py:540} INFO - Filling up the DagBag from /usr/local/lib/python3.8/site-packages/airflow/example_dags/example_python_operator.py
[2024-03-18T10:25:12.047+0200] {logging_mixin.py:188} INFO - [2024-03-18T10:25:12.046+0200] {example_python_operator.py:88} WARNING - The virtalenv_python example task requires virtualenv, please install it.
[2024-03-18T10:25:12.050+0200] {processor.py:840} INFO - DAG(s) 'example_python_operator' retrieved from /usr/local/lib/python3.8/site-packages/airflow/example_dags/example_python_operator.py
[2024-03-18T10:25:12.214+0200] {logging_mixin.py:188} INFO - [2024-03-18T10:25:12.214+0200] {dag.py:3047} INFO - Sync 1 DAGs
[2024-03-18T10:25:12.225+0200] {logging_mixin.py:188} INFO - [2024-03-18T10:25:12.225+0200] {dag.py:3834} INFO - Setting next_dagrun for example_python_operator to None, run_after=None
[2024-03-18T10:25:12.241+0200] {processor.py:183} INFO - Processing /usr/local/lib/python3.8/site-packages/airflow/example_dags/example_python_operator.py took 0.218 seconds
[2024-03-18T10:26:53.498+0200] {processor.py:161} INFO - Started process (PID=13093) to work on /usr/local/lib/python3.8/site-packages/airflow/example_dags/example_python_operator.py
[2024-03-18T10:26:53.499+0200] {processor.py:830} INFO - Processing file /usr/local/lib/python3.8/site-packages/airflow/example_dags/example_python_operator.py for tasks to queue
[2024-03-18T10:26:53.500+0200] {logging_mixin.py:188} INFO - [2024-03-18T10:26:53.500+0200] {dagbag.py:540} INFO - Filling up the DagBag from /usr/local/lib/python3.8/site-packages/airflow/example_dags/example_python_operator.py
[2024-03-18T10:26:53.521+0200] {logging_mixin.py:188} INFO - [2024-03-18T10:26:53.521+0200] {example_python_operator.py:88} WARNING - The virtalenv_python example task requires virtualenv, please install it.
[2024-03-18T10:26:53.525+0200] {processor.py:840} INFO - DAG(s) 'example_python_operator' retrieved from /usr/local/lib/python3.8/site-packages/airflow/example_dags/example_python_operator.py
[2024-03-18T10:26:53.822+0200] {logging_mixin.py:188} INFO - [2024-03-18T10:26:53.822+0200] {dag.py:3047} INFO - Sync 1 DAGs
[2024-03-18T10:26:53.833+0200] {logging_mixin.py:188} INFO - [2024-03-18T10:26:53.833+0200] {dag.py:3834} INFO - Setting next_dagrun for example_python_operator to None, run_after=None
[2024-03-18T10:26:53.870+0200] {processor.py:183} INFO - Processing /usr/local/lib/python3.8/site-packages/airflow/example_dags/example_python_operator.py took 0.373 seconds
[2024-03-18T10:27:43.786+0200] {processor.py:161} INFO - Started process (PID=13380) to work on /usr/local/lib/python3.8/site-packages/airflow/example_dags/example_python_operator.py
[2024-03-18T10:27:43.787+0200] {processor.py:830} INFO - Processing file /usr/local/lib/python3.8/site-packages/airflow/example_dags/example_python_operator.py for tasks to queue
[2024-03-18T10:27:43.788+0200] {logging_mixin.py:188} INFO - [2024-03-18T10:27:43.788+0200] {dagbag.py:540} INFO - Filling up the DagBag from /usr/local/lib/python3.8/site-packages/airflow/example_dags/example_python_operator.py
[2024-03-18T10:27:43.810+0200] {logging_mixin.py:188} INFO - [2024-03-18T10:27:43.810+0200] {example_python_operator.py:88} WARNING - The virtalenv_python example task requires virtualenv, please install it.
[2024-03-18T10:27:43.814+0200] {processor.py:840} INFO - DAG(s) 'example_python_operator' retrieved from /usr/local/lib/python3.8/site-packages/airflow/example_dags/example_python_operator.py
[2024-03-18T10:27:43.980+0200] {logging_mixin.py:188} INFO - [2024-03-18T10:27:43.979+0200] {dag.py:3047} INFO - Sync 1 DAGs
[2024-03-18T10:27:43.991+0200] {logging_mixin.py:188} INFO - [2024-03-18T10:27:43.990+0200] {dag.py:3834} INFO - Setting next_dagrun for example_python_operator to None, run_after=None
[2024-03-18T10:27:44.023+0200] {processor.py:183} INFO - Processing /usr/local/lib/python3.8/site-packages/airflow/example_dags/example_python_operator.py took 0.240 seconds
[2024-03-18T10:28:30.688+0200] {processor.py:161} INFO - Started process (PID=13547) to work on /usr/local/lib/python3.8/site-packages/airflow/example_dags/example_python_operator.py
[2024-03-18T10:28:30.689+0200] {processor.py:830} INFO - Processing file /usr/local/lib/python3.8/site-packages/airflow/example_dags/example_python_operator.py for tasks to queue
[2024-03-18T10:28:30.690+0200] {logging_mixin.py:188} INFO - [2024-03-18T10:28:30.689+0200] {dagbag.py:540} INFO - Filling up the DagBag from /usr/local/lib/python3.8/site-packages/airflow/example_dags/example_python_operator.py
[2024-03-18T10:28:30.708+0200] {logging_mixin.py:188} INFO - [2024-03-18T10:28:30.708+0200] {example_python_operator.py:88} WARNING - The virtalenv_python example task requires virtualenv, please install it.
[2024-03-18T10:28:30.712+0200] {processor.py:840} INFO - DAG(s) 'example_python_operator' retrieved from /usr/local/lib/python3.8/site-packages/airflow/example_dags/example_python_operator.py
[2024-03-18T10:28:30.865+0200] {logging_mixin.py:188} INFO - [2024-03-18T10:28:30.865+0200] {dag.py:3047} INFO - Sync 1 DAGs
[2024-03-18T10:28:30.876+0200] {logging_mixin.py:188} INFO - [2024-03-18T10:28:30.876+0200] {dag.py:3834} INFO - Setting next_dagrun for example_python_operator to None, run_after=None
[2024-03-18T10:28:30.892+0200] {processor.py:183} INFO - Processing /usr/local/lib/python3.8/site-packages/airflow/example_dags/example_python_operator.py took 0.205 seconds
[2024-03-18T10:29:17.027+0200] {processor.py:161} INFO - Started process (PID=13725) to work on /usr/local/lib/python3.8/site-packages/airflow/example_dags/example_python_operator.py
[2024-03-18T10:29:17.028+0200] {processor.py:830} INFO - Processing file /usr/local/lib/python3.8/site-packages/airflow/example_dags/example_python_operator.py for tasks to queue
[2024-03-18T10:29:17.029+0200] {logging_mixin.py:188} INFO - [2024-03-18T10:29:17.028+0200] {dagbag.py:540} INFO - Filling up the DagBag from /usr/local/lib/python3.8/site-packages/airflow/example_dags/example_python_operator.py
[2024-03-18T10:29:17.059+0200] {logging_mixin.py:188} INFO - [2024-03-18T10:29:17.059+0200] {example_python_operator.py:88} WARNING - The virtalenv_python example task requires virtualenv, please install it.
[2024-03-18T10:29:17.064+0200] {processor.py:840} INFO - DAG(s) 'example_python_operator' retrieved from /usr/local/lib/python3.8/site-packages/airflow/example_dags/example_python_operator.py
[2024-03-18T10:29:17.221+0200] {logging_mixin.py:188} INFO - [2024-03-18T10:29:17.221+0200] {dag.py:3047} INFO - Sync 1 DAGs
[2024-03-18T10:29:17.232+0200] {logging_mixin.py:188} INFO - [2024-03-18T10:29:17.232+0200] {dag.py:3834} INFO - Setting next_dagrun for example_python_operator to None, run_after=None
[2024-03-18T10:29:17.264+0200] {processor.py:183} INFO - Processing /usr/local/lib/python3.8/site-packages/airflow/example_dags/example_python_operator.py took 0.239 seconds
[2024-03-18T10:29:59.214+0200] {processor.py:161} INFO - Started process (PID=13881) to work on /usr/local/lib/python3.8/site-packages/airflow/example_dags/example_python_operator.py
[2024-03-18T10:29:59.215+0200] {processor.py:830} INFO - Processing file /usr/local/lib/python3.8/site-packages/airflow/example_dags/example_python_operator.py for tasks to queue
[2024-03-18T10:29:59.215+0200] {logging_mixin.py:188} INFO - [2024-03-18T10:29:59.215+0200] {dagbag.py:540} INFO - Filling up the DagBag from /usr/local/lib/python3.8/site-packages/airflow/example_dags/example_python_operator.py
[2024-03-18T10:29:59.236+0200] {logging_mixin.py:188} INFO - [2024-03-18T10:29:59.236+0200] {example_python_operator.py:88} WARNING - The virtalenv_python example task requires virtualenv, please install it.
[2024-03-18T10:29:59.240+0200] {processor.py:840} INFO - DAG(s) 'example_python_operator' retrieved from /usr/local/lib/python3.8/site-packages/airflow/example_dags/example_python_operator.py
[2024-03-18T10:29:59.410+0200] {logging_mixin.py:188} INFO - [2024-03-18T10:29:59.410+0200] {dag.py:3047} INFO - Sync 1 DAGs
[2024-03-18T10:29:59.422+0200] {logging_mixin.py:188} INFO - [2024-03-18T10:29:59.422+0200] {dag.py:3834} INFO - Setting next_dagrun for example_python_operator to None, run_after=None
[2024-03-18T10:29:59.442+0200] {processor.py:183} INFO - Processing /usr/local/lib/python3.8/site-packages/airflow/example_dags/example_python_operator.py took 0.230 seconds
[2024-03-18T10:30:42.012+0200] {processor.py:161} INFO - Started process (PID=14052) to work on /usr/local/lib/python3.8/site-packages/airflow/example_dags/example_python_operator.py
[2024-03-18T10:30:42.013+0200] {processor.py:830} INFO - Processing file /usr/local/lib/python3.8/site-packages/airflow/example_dags/example_python_operator.py for tasks to queue
[2024-03-18T10:30:42.014+0200] {logging_mixin.py:188} INFO - [2024-03-18T10:30:42.014+0200] {dagbag.py:540} INFO - Filling up the DagBag from /usr/local/lib/python3.8/site-packages/airflow/example_dags/example_python_operator.py
[2024-03-18T10:30:42.036+0200] {logging_mixin.py:188} INFO - [2024-03-18T10:30:42.036+0200] {example_python_operator.py:88} WARNING - The virtalenv_python example task requires virtualenv, please install it.
[2024-03-18T10:30:42.040+0200] {processor.py:840} INFO - DAG(s) 'example_python_operator' retrieved from /usr/local/lib/python3.8/site-packages/airflow/example_dags/example_python_operator.py
[2024-03-18T10:30:42.209+0200] {logging_mixin.py:188} INFO - [2024-03-18T10:30:42.209+0200] {dag.py:3047} INFO - Sync 1 DAGs
[2024-03-18T10:30:42.221+0200] {logging_mixin.py:188} INFO - [2024-03-18T10:30:42.221+0200] {dag.py:3834} INFO - Setting next_dagrun for example_python_operator to None, run_after=None
[2024-03-18T10:30:42.240+0200] {processor.py:183} INFO - Processing /usr/local/lib/python3.8/site-packages/airflow/example_dags/example_python_operator.py took 0.229 seconds
[2024-03-18T10:31:32.619+0200] {processor.py:161} INFO - Started process (PID=14250) to work on /usr/local/lib/python3.8/site-packages/airflow/example_dags/example_python_operator.py
[2024-03-18T10:31:32.620+0200] {processor.py:830} INFO - Processing file /usr/local/lib/python3.8/site-packages/airflow/example_dags/example_python_operator.py for tasks to queue
[2024-03-18T10:31:32.620+0200] {logging_mixin.py:188} INFO - [2024-03-18T10:31:32.620+0200] {dagbag.py:540} INFO - Filling up the DagBag from /usr/local/lib/python3.8/site-packages/airflow/example_dags/example_python_operator.py
[2024-03-18T10:31:32.641+0200] {logging_mixin.py:188} INFO - [2024-03-18T10:31:32.641+0200] {example_python_operator.py:88} WARNING - The virtalenv_python example task requires virtualenv, please install it.
[2024-03-18T10:31:32.645+0200] {processor.py:840} INFO - DAG(s) 'example_python_operator' retrieved from /usr/local/lib/python3.8/site-packages/airflow/example_dags/example_python_operator.py
[2024-03-18T10:31:32.808+0200] {logging_mixin.py:188} INFO - [2024-03-18T10:31:32.808+0200] {dag.py:3047} INFO - Sync 1 DAGs
[2024-03-18T10:31:32.820+0200] {logging_mixin.py:188} INFO - [2024-03-18T10:31:32.819+0200] {dag.py:3834} INFO - Setting next_dagrun for example_python_operator to None, run_after=None
[2024-03-18T10:31:32.837+0200] {processor.py:183} INFO - Processing /usr/local/lib/python3.8/site-packages/airflow/example_dags/example_python_operator.py took 0.220 seconds
[2024-03-18T10:32:13.365+0200] {processor.py:161} INFO - Started process (PID=14414) to work on /usr/local/lib/python3.8/site-packages/airflow/example_dags/example_python_operator.py
[2024-03-18T10:32:13.366+0200] {processor.py:830} INFO - Processing file /usr/local/lib/python3.8/site-packages/airflow/example_dags/example_python_operator.py for tasks to queue
[2024-03-18T10:32:13.367+0200] {logging_mixin.py:188} INFO - [2024-03-18T10:32:13.367+0200] {dagbag.py:540} INFO - Filling up the DagBag from /usr/local/lib/python3.8/site-packages/airflow/example_dags/example_python_operator.py
[2024-03-18T10:32:13.387+0200] {logging_mixin.py:188} INFO - [2024-03-18T10:32:13.387+0200] {example_python_operator.py:88} WARNING - The virtalenv_python example task requires virtualenv, please install it.
[2024-03-18T10:32:13.391+0200] {processor.py:840} INFO - DAG(s) 'example_python_operator' retrieved from /usr/local/lib/python3.8/site-packages/airflow/example_dags/example_python_operator.py
[2024-03-18T10:32:13.558+0200] {logging_mixin.py:188} INFO - [2024-03-18T10:32:13.557+0200] {dag.py:3047} INFO - Sync 1 DAGs
[2024-03-18T10:32:13.568+0200] {logging_mixin.py:188} INFO - [2024-03-18T10:32:13.568+0200] {dag.py:3834} INFO - Setting next_dagrun for example_python_operator to None, run_after=None
[2024-03-18T10:32:13.585+0200] {processor.py:183} INFO - Processing /usr/local/lib/python3.8/site-packages/airflow/example_dags/example_python_operator.py took 0.221 seconds
