[2024-03-18T09:42:28.851+0200] {processor.py:161} INFO - Started process (PID=1677) to work on /usr/local/lib/python3.8/site-packages/airflow/example_dags/example_params_trigger_ui.py
[2024-03-18T09:42:28.852+0200] {processor.py:830} INFO - Processing file /usr/local/lib/python3.8/site-packages/airflow/example_dags/example_params_trigger_ui.py for tasks to queue
[2024-03-18T09:42:28.852+0200] {logging_mixin.py:188} INFO - [2024-03-18T09:42:28.852+0200] {dagbag.py:540} INFO - Filling up the DagBag from /usr/local/lib/python3.8/site-packages/airflow/example_dags/example_params_trigger_ui.py
[2024-03-18T09:42:28.884+0200] {processor.py:840} INFO - DAG(s) 'example_params_trigger_ui' retrieved from /usr/local/lib/python3.8/site-packages/airflow/example_dags/example_params_trigger_ui.py
[2024-03-18T09:42:29.149+0200] {logging_mixin.py:188} INFO - [2024-03-18T09:42:29.149+0200] {dag.py:3047} INFO - Sync 1 DAGs
[2024-03-18T09:42:29.159+0200] {logging_mixin.py:188} INFO - [2024-03-18T09:42:29.158+0200] {dag.py:3834} INFO - Setting next_dagrun for example_params_trigger_ui to None, run_after=None
[2024-03-18T09:42:29.179+0200] {processor.py:183} INFO - Processing /usr/local/lib/python3.8/site-packages/airflow/example_dags/example_params_trigger_ui.py took 0.330 seconds
[2024-03-18T09:43:17.047+0200] {processor.py:161} INFO - Started process (PID=1858) to work on /usr/local/lib/python3.8/site-packages/airflow/example_dags/example_params_trigger_ui.py
[2024-03-18T09:43:17.048+0200] {processor.py:830} INFO - Processing file /usr/local/lib/python3.8/site-packages/airflow/example_dags/example_params_trigger_ui.py for tasks to queue
[2024-03-18T09:43:17.049+0200] {logging_mixin.py:188} INFO - [2024-03-18T09:43:17.049+0200] {dagbag.py:540} INFO - Filling up the DagBag from /usr/local/lib/python3.8/site-packages/airflow/example_dags/example_params_trigger_ui.py
[2024-03-18T09:43:17.090+0200] {processor.py:840} INFO - DAG(s) 'example_params_trigger_ui' retrieved from /usr/local/lib/python3.8/site-packages/airflow/example_dags/example_params_trigger_ui.py
[2024-03-18T09:43:17.292+0200] {logging_mixin.py:188} INFO - [2024-03-18T09:43:17.291+0200] {dag.py:3047} INFO - Sync 1 DAGs
[2024-03-18T09:43:17.304+0200] {logging_mixin.py:188} INFO - [2024-03-18T09:43:17.304+0200] {dag.py:3834} INFO - Setting next_dagrun for example_params_trigger_ui to None, run_after=None
[2024-03-18T09:43:17.321+0200] {processor.py:183} INFO - Processing /usr/local/lib/python3.8/site-packages/airflow/example_dags/example_params_trigger_ui.py took 0.276 seconds
[2024-03-18T09:44:05.236+0200] {processor.py:161} INFO - Started process (PID=2069) to work on /usr/local/lib/python3.8/site-packages/airflow/example_dags/example_params_trigger_ui.py
[2024-03-18T09:44:05.237+0200] {processor.py:830} INFO - Processing file /usr/local/lib/python3.8/site-packages/airflow/example_dags/example_params_trigger_ui.py for tasks to queue
[2024-03-18T09:44:05.237+0200] {logging_mixin.py:188} INFO - [2024-03-18T09:44:05.237+0200] {dagbag.py:540} INFO - Filling up the DagBag from /usr/local/lib/python3.8/site-packages/airflow/example_dags/example_params_trigger_ui.py
[2024-03-18T09:44:05.276+0200] {processor.py:840} INFO - DAG(s) 'example_params_trigger_ui' retrieved from /usr/local/lib/python3.8/site-packages/airflow/example_dags/example_params_trigger_ui.py
[2024-03-18T09:44:05.454+0200] {logging_mixin.py:188} INFO - [2024-03-18T09:44:05.453+0200] {dag.py:3047} INFO - Sync 1 DAGs
[2024-03-18T09:44:05.465+0200] {logging_mixin.py:188} INFO - [2024-03-18T09:44:05.464+0200] {dag.py:3834} INFO - Setting next_dagrun for example_params_trigger_ui to None, run_after=None
[2024-03-18T09:44:05.479+0200] {processor.py:183} INFO - Processing /usr/local/lib/python3.8/site-packages/airflow/example_dags/example_params_trigger_ui.py took 0.244 seconds
[2024-03-18T09:44:51.975+0200] {processor.py:161} INFO - Started process (PID=2267) to work on /usr/local/lib/python3.8/site-packages/airflow/example_dags/example_params_trigger_ui.py
[2024-03-18T09:44:51.977+0200] {processor.py:830} INFO - Processing file /usr/local/lib/python3.8/site-packages/airflow/example_dags/example_params_trigger_ui.py for tasks to queue
[2024-03-18T09:44:51.978+0200] {logging_mixin.py:188} INFO - [2024-03-18T09:44:51.977+0200] {dagbag.py:540} INFO - Filling up the DagBag from /usr/local/lib/python3.8/site-packages/airflow/example_dags/example_params_trigger_ui.py
[2024-03-18T09:44:52.046+0200] {processor.py:840} INFO - DAG(s) 'example_params_trigger_ui' retrieved from /usr/local/lib/python3.8/site-packages/airflow/example_dags/example_params_trigger_ui.py
[2024-03-18T09:44:52.290+0200] {logging_mixin.py:188} INFO - [2024-03-18T09:44:52.290+0200] {dag.py:3047} INFO - Sync 1 DAGs
[2024-03-18T09:44:52.307+0200] {logging_mixin.py:188} INFO - [2024-03-18T09:44:52.306+0200] {dag.py:3834} INFO - Setting next_dagrun for example_params_trigger_ui to None, run_after=None
[2024-03-18T09:44:52.337+0200] {processor.py:183} INFO - Processing /usr/local/lib/python3.8/site-packages/airflow/example_dags/example_params_trigger_ui.py took 0.364 seconds
[2024-03-18T09:45:44.745+0200] {processor.py:161} INFO - Started process (PID=2579) to work on /usr/local/lib/python3.8/site-packages/airflow/example_dags/example_params_trigger_ui.py
[2024-03-18T09:45:44.746+0200] {processor.py:830} INFO - Processing file /usr/local/lib/python3.8/site-packages/airflow/example_dags/example_params_trigger_ui.py for tasks to queue
[2024-03-18T09:45:44.747+0200] {logging_mixin.py:188} INFO - [2024-03-18T09:45:44.747+0200] {dagbag.py:540} INFO - Filling up the DagBag from /usr/local/lib/python3.8/site-packages/airflow/example_dags/example_params_trigger_ui.py
[2024-03-18T09:45:44.778+0200] {processor.py:840} INFO - DAG(s) 'example_params_trigger_ui' retrieved from /usr/local/lib/python3.8/site-packages/airflow/example_dags/example_params_trigger_ui.py
[2024-03-18T09:45:44.943+0200] {logging_mixin.py:188} INFO - [2024-03-18T09:45:44.943+0200] {dag.py:3047} INFO - Sync 1 DAGs
[2024-03-18T09:45:44.952+0200] {logging_mixin.py:188} INFO - [2024-03-18T09:45:44.952+0200] {dag.py:3834} INFO - Setting next_dagrun for example_params_trigger_ui to None, run_after=None
[2024-03-18T09:45:44.967+0200] {processor.py:183} INFO - Processing /usr/local/lib/python3.8/site-packages/airflow/example_dags/example_params_trigger_ui.py took 0.223 seconds
[2024-03-18T09:46:32.129+0200] {processor.py:161} INFO - Started process (PID=2832) to work on /usr/local/lib/python3.8/site-packages/airflow/example_dags/example_params_trigger_ui.py
[2024-03-18T09:46:32.130+0200] {processor.py:830} INFO - Processing file /usr/local/lib/python3.8/site-packages/airflow/example_dags/example_params_trigger_ui.py for tasks to queue
[2024-03-18T09:46:32.130+0200] {logging_mixin.py:188} INFO - [2024-03-18T09:46:32.130+0200] {dagbag.py:540} INFO - Filling up the DagBag from /usr/local/lib/python3.8/site-packages/airflow/example_dags/example_params_trigger_ui.py
[2024-03-18T09:46:32.175+0200] {processor.py:840} INFO - DAG(s) 'example_params_trigger_ui' retrieved from /usr/local/lib/python3.8/site-packages/airflow/example_dags/example_params_trigger_ui.py
[2024-03-18T09:46:32.395+0200] {logging_mixin.py:188} INFO - [2024-03-18T09:46:32.395+0200] {dag.py:3047} INFO - Sync 1 DAGs
[2024-03-18T09:46:32.411+0200] {logging_mixin.py:188} INFO - [2024-03-18T09:46:32.411+0200] {dag.py:3834} INFO - Setting next_dagrun for example_params_trigger_ui to None, run_after=None
[2024-03-18T09:46:32.444+0200] {processor.py:183} INFO - Processing /usr/local/lib/python3.8/site-packages/airflow/example_dags/example_params_trigger_ui.py took 0.317 seconds
[2024-03-18T09:47:15.609+0200] {processor.py:161} INFO - Started process (PID=3015) to work on /usr/local/lib/python3.8/site-packages/airflow/example_dags/example_params_trigger_ui.py
[2024-03-18T09:47:15.610+0200] {processor.py:830} INFO - Processing file /usr/local/lib/python3.8/site-packages/airflow/example_dags/example_params_trigger_ui.py for tasks to queue
[2024-03-18T09:47:15.610+0200] {logging_mixin.py:188} INFO - [2024-03-18T09:47:15.610+0200] {dagbag.py:540} INFO - Filling up the DagBag from /usr/local/lib/python3.8/site-packages/airflow/example_dags/example_params_trigger_ui.py
[2024-03-18T09:47:15.642+0200] {processor.py:840} INFO - DAG(s) 'example_params_trigger_ui' retrieved from /usr/local/lib/python3.8/site-packages/airflow/example_dags/example_params_trigger_ui.py
[2024-03-18T09:47:15.802+0200] {logging_mixin.py:188} INFO - [2024-03-18T09:47:15.802+0200] {dag.py:3047} INFO - Sync 1 DAGs
[2024-03-18T09:47:15.812+0200] {logging_mixin.py:188} INFO - [2024-03-18T09:47:15.812+0200] {dag.py:3834} INFO - Setting next_dagrun for example_params_trigger_ui to None, run_after=None
[2024-03-18T09:47:15.841+0200] {processor.py:183} INFO - Processing /usr/local/lib/python3.8/site-packages/airflow/example_dags/example_params_trigger_ui.py took 0.234 seconds
[2024-03-18T09:48:00.960+0200] {processor.py:161} INFO - Started process (PID=3193) to work on /usr/local/lib/python3.8/site-packages/airflow/example_dags/example_params_trigger_ui.py
[2024-03-18T09:48:00.961+0200] {processor.py:830} INFO - Processing file /usr/local/lib/python3.8/site-packages/airflow/example_dags/example_params_trigger_ui.py for tasks to queue
[2024-03-18T09:48:00.962+0200] {logging_mixin.py:188} INFO - [2024-03-18T09:48:00.962+0200] {dagbag.py:540} INFO - Filling up the DagBag from /usr/local/lib/python3.8/site-packages/airflow/example_dags/example_params_trigger_ui.py
[2024-03-18T09:48:01.000+0200] {processor.py:840} INFO - DAG(s) 'example_params_trigger_ui' retrieved from /usr/local/lib/python3.8/site-packages/airflow/example_dags/example_params_trigger_ui.py
[2024-03-18T09:48:01.203+0200] {logging_mixin.py:188} INFO - [2024-03-18T09:48:01.203+0200] {dag.py:3047} INFO - Sync 1 DAGs
[2024-03-18T09:48:01.212+0200] {logging_mixin.py:188} INFO - [2024-03-18T09:48:01.212+0200] {dag.py:3834} INFO - Setting next_dagrun for example_params_trigger_ui to None, run_after=None
[2024-03-18T09:48:01.243+0200] {processor.py:183} INFO - Processing /usr/local/lib/python3.8/site-packages/airflow/example_dags/example_params_trigger_ui.py took 0.284 seconds
[2024-03-18T09:48:52.473+0200] {processor.py:161} INFO - Started process (PID=3382) to work on /usr/local/lib/python3.8/site-packages/airflow/example_dags/example_params_trigger_ui.py
[2024-03-18T09:48:52.474+0200] {processor.py:830} INFO - Processing file /usr/local/lib/python3.8/site-packages/airflow/example_dags/example_params_trigger_ui.py for tasks to queue
[2024-03-18T09:48:52.474+0200] {logging_mixin.py:188} INFO - [2024-03-18T09:48:52.474+0200] {dagbag.py:540} INFO - Filling up the DagBag from /usr/local/lib/python3.8/site-packages/airflow/example_dags/example_params_trigger_ui.py
[2024-03-18T09:48:52.513+0200] {processor.py:840} INFO - DAG(s) 'example_params_trigger_ui' retrieved from /usr/local/lib/python3.8/site-packages/airflow/example_dags/example_params_trigger_ui.py
[2024-03-18T09:48:52.734+0200] {logging_mixin.py:188} INFO - [2024-03-18T09:48:52.733+0200] {dag.py:3047} INFO - Sync 1 DAGs
[2024-03-18T09:48:52.745+0200] {logging_mixin.py:188} INFO - [2024-03-18T09:48:52.745+0200] {dag.py:3834} INFO - Setting next_dagrun for example_params_trigger_ui to None, run_after=None
[2024-03-18T09:48:52.760+0200] {processor.py:183} INFO - Processing /usr/local/lib/python3.8/site-packages/airflow/example_dags/example_params_trigger_ui.py took 0.289 seconds
[2024-03-18T09:49:40.434+0200] {processor.py:161} INFO - Started process (PID=3573) to work on /usr/local/lib/python3.8/site-packages/airflow/example_dags/example_params_trigger_ui.py
[2024-03-18T09:49:40.435+0200] {processor.py:830} INFO - Processing file /usr/local/lib/python3.8/site-packages/airflow/example_dags/example_params_trigger_ui.py for tasks to queue
[2024-03-18T09:49:40.435+0200] {logging_mixin.py:188} INFO - [2024-03-18T09:49:40.435+0200] {dagbag.py:540} INFO - Filling up the DagBag from /usr/local/lib/python3.8/site-packages/airflow/example_dags/example_params_trigger_ui.py
[2024-03-18T09:49:40.466+0200] {processor.py:840} INFO - DAG(s) 'example_params_trigger_ui' retrieved from /usr/local/lib/python3.8/site-packages/airflow/example_dags/example_params_trigger_ui.py
[2024-03-18T09:49:40.641+0200] {logging_mixin.py:188} INFO - [2024-03-18T09:49:40.640+0200] {dag.py:3047} INFO - Sync 1 DAGs
[2024-03-18T09:49:40.652+0200] {logging_mixin.py:188} INFO - [2024-03-18T09:49:40.651+0200] {dag.py:3834} INFO - Setting next_dagrun for example_params_trigger_ui to None, run_after=None
[2024-03-18T09:49:40.686+0200] {processor.py:183} INFO - Processing /usr/local/lib/python3.8/site-packages/airflow/example_dags/example_params_trigger_ui.py took 0.254 seconds
[2024-03-18T09:50:20.261+0200] {processor.py:161} INFO - Started process (PID=3730) to work on /usr/local/lib/python3.8/site-packages/airflow/example_dags/example_params_trigger_ui.py
[2024-03-18T09:50:20.262+0200] {processor.py:830} INFO - Processing file /usr/local/lib/python3.8/site-packages/airflow/example_dags/example_params_trigger_ui.py for tasks to queue
[2024-03-18T09:50:20.263+0200] {logging_mixin.py:188} INFO - [2024-03-18T09:50:20.263+0200] {dagbag.py:540} INFO - Filling up the DagBag from /usr/local/lib/python3.8/site-packages/airflow/example_dags/example_params_trigger_ui.py
[2024-03-18T09:50:20.293+0200] {processor.py:840} INFO - DAG(s) 'example_params_trigger_ui' retrieved from /usr/local/lib/python3.8/site-packages/airflow/example_dags/example_params_trigger_ui.py
[2024-03-18T09:50:20.481+0200] {logging_mixin.py:188} INFO - [2024-03-18T09:50:20.480+0200] {dag.py:3047} INFO - Sync 1 DAGs
[2024-03-18T09:50:20.490+0200] {logging_mixin.py:188} INFO - [2024-03-18T09:50:20.490+0200] {dag.py:3834} INFO - Setting next_dagrun for example_params_trigger_ui to None, run_after=None
[2024-03-18T09:50:20.504+0200] {processor.py:183} INFO - Processing /usr/local/lib/python3.8/site-packages/airflow/example_dags/example_params_trigger_ui.py took 0.244 seconds
[2024-03-18T09:51:03.713+0200] {processor.py:161} INFO - Started process (PID=3911) to work on /usr/local/lib/python3.8/site-packages/airflow/example_dags/example_params_trigger_ui.py
[2024-03-18T09:51:03.714+0200] {processor.py:830} INFO - Processing file /usr/local/lib/python3.8/site-packages/airflow/example_dags/example_params_trigger_ui.py for tasks to queue
[2024-03-18T09:51:03.714+0200] {logging_mixin.py:188} INFO - [2024-03-18T09:51:03.714+0200] {dagbag.py:540} INFO - Filling up the DagBag from /usr/local/lib/python3.8/site-packages/airflow/example_dags/example_params_trigger_ui.py
[2024-03-18T09:51:03.747+0200] {processor.py:840} INFO - DAG(s) 'example_params_trigger_ui' retrieved from /usr/local/lib/python3.8/site-packages/airflow/example_dags/example_params_trigger_ui.py
[2024-03-18T09:51:03.980+0200] {logging_mixin.py:188} INFO - [2024-03-18T09:51:03.980+0200] {dag.py:3047} INFO - Sync 1 DAGs
[2024-03-18T09:51:03.992+0200] {logging_mixin.py:188} INFO - [2024-03-18T09:51:03.991+0200] {dag.py:3834} INFO - Setting next_dagrun for example_params_trigger_ui to None, run_after=None
[2024-03-18T09:51:04.007+0200] {processor.py:183} INFO - Processing /usr/local/lib/python3.8/site-packages/airflow/example_dags/example_params_trigger_ui.py took 0.296 seconds
[2024-03-18T09:51:50.518+0200] {processor.py:161} INFO - Started process (PID=4101) to work on /usr/local/lib/python3.8/site-packages/airflow/example_dags/example_params_trigger_ui.py
[2024-03-18T09:51:50.520+0200] {processor.py:830} INFO - Processing file /usr/local/lib/python3.8/site-packages/airflow/example_dags/example_params_trigger_ui.py for tasks to queue
[2024-03-18T09:51:50.520+0200] {logging_mixin.py:188} INFO - [2024-03-18T09:51:50.520+0200] {dagbag.py:540} INFO - Filling up the DagBag from /usr/local/lib/python3.8/site-packages/airflow/example_dags/example_params_trigger_ui.py
[2024-03-18T09:51:50.552+0200] {processor.py:840} INFO - DAG(s) 'example_params_trigger_ui' retrieved from /usr/local/lib/python3.8/site-packages/airflow/example_dags/example_params_trigger_ui.py
[2024-03-18T09:51:50.750+0200] {logging_mixin.py:188} INFO - [2024-03-18T09:51:50.750+0200] {dag.py:3047} INFO - Sync 1 DAGs
[2024-03-18T09:51:50.761+0200] {logging_mixin.py:188} INFO - [2024-03-18T09:51:50.761+0200] {dag.py:3834} INFO - Setting next_dagrun for example_params_trigger_ui to None, run_after=None
[2024-03-18T09:51:50.792+0200] {processor.py:183} INFO - Processing /usr/local/lib/python3.8/site-packages/airflow/example_dags/example_params_trigger_ui.py took 0.275 seconds
[2024-03-18T09:52:36.385+0200] {processor.py:161} INFO - Started process (PID=4263) to work on /usr/local/lib/python3.8/site-packages/airflow/example_dags/example_params_trigger_ui.py
[2024-03-18T09:52:36.386+0200] {processor.py:830} INFO - Processing file /usr/local/lib/python3.8/site-packages/airflow/example_dags/example_params_trigger_ui.py for tasks to queue
[2024-03-18T09:52:36.386+0200] {logging_mixin.py:188} INFO - [2024-03-18T09:52:36.386+0200] {dagbag.py:540} INFO - Filling up the DagBag from /usr/local/lib/python3.8/site-packages/airflow/example_dags/example_params_trigger_ui.py
[2024-03-18T09:52:36.417+0200] {processor.py:840} INFO - DAG(s) 'example_params_trigger_ui' retrieved from /usr/local/lib/python3.8/site-packages/airflow/example_dags/example_params_trigger_ui.py
[2024-03-18T09:52:36.628+0200] {logging_mixin.py:188} INFO - [2024-03-18T09:52:36.628+0200] {dag.py:3047} INFO - Sync 1 DAGs
[2024-03-18T09:52:36.642+0200] {logging_mixin.py:188} INFO - [2024-03-18T09:52:36.642+0200] {dag.py:3834} INFO - Setting next_dagrun for example_params_trigger_ui to None, run_after=None
[2024-03-18T09:52:36.658+0200] {processor.py:183} INFO - Processing /usr/local/lib/python3.8/site-packages/airflow/example_dags/example_params_trigger_ui.py took 0.275 seconds
[2024-03-18T09:53:25.528+0200] {processor.py:161} INFO - Started process (PID=4456) to work on /usr/local/lib/python3.8/site-packages/airflow/example_dags/example_params_trigger_ui.py
[2024-03-18T09:53:25.529+0200] {processor.py:830} INFO - Processing file /usr/local/lib/python3.8/site-packages/airflow/example_dags/example_params_trigger_ui.py for tasks to queue
[2024-03-18T09:53:25.530+0200] {logging_mixin.py:188} INFO - [2024-03-18T09:53:25.529+0200] {dagbag.py:540} INFO - Filling up the DagBag from /usr/local/lib/python3.8/site-packages/airflow/example_dags/example_params_trigger_ui.py
[2024-03-18T09:53:25.570+0200] {processor.py:840} INFO - DAG(s) 'example_params_trigger_ui' retrieved from /usr/local/lib/python3.8/site-packages/airflow/example_dags/example_params_trigger_ui.py
[2024-03-18T09:53:25.778+0200] {logging_mixin.py:188} INFO - [2024-03-18T09:53:25.777+0200] {dag.py:3047} INFO - Sync 1 DAGs
[2024-03-18T09:53:25.791+0200] {logging_mixin.py:188} INFO - [2024-03-18T09:53:25.791+0200] {dag.py:3834} INFO - Setting next_dagrun for example_params_trigger_ui to None, run_after=None
[2024-03-18T09:53:25.810+0200] {processor.py:183} INFO - Processing /usr/local/lib/python3.8/site-packages/airflow/example_dags/example_params_trigger_ui.py took 0.283 seconds
[2024-03-18T09:54:08.886+0200] {processor.py:161} INFO - Started process (PID=4630) to work on /usr/local/lib/python3.8/site-packages/airflow/example_dags/example_params_trigger_ui.py
[2024-03-18T09:54:08.887+0200] {processor.py:830} INFO - Processing file /usr/local/lib/python3.8/site-packages/airflow/example_dags/example_params_trigger_ui.py for tasks to queue
[2024-03-18T09:54:08.888+0200] {logging_mixin.py:188} INFO - [2024-03-18T09:54:08.888+0200] {dagbag.py:540} INFO - Filling up the DagBag from /usr/local/lib/python3.8/site-packages/airflow/example_dags/example_params_trigger_ui.py
[2024-03-18T09:54:08.925+0200] {processor.py:840} INFO - DAG(s) 'example_params_trigger_ui' retrieved from /usr/local/lib/python3.8/site-packages/airflow/example_dags/example_params_trigger_ui.py
[2024-03-18T09:54:09.094+0200] {logging_mixin.py:188} INFO - [2024-03-18T09:54:09.094+0200] {dag.py:3047} INFO - Sync 1 DAGs
[2024-03-18T09:54:09.104+0200] {logging_mixin.py:188} INFO - [2024-03-18T09:54:09.103+0200] {dag.py:3834} INFO - Setting next_dagrun for example_params_trigger_ui to None, run_after=None
[2024-03-18T09:54:09.133+0200] {processor.py:183} INFO - Processing /usr/local/lib/python3.8/site-packages/airflow/example_dags/example_params_trigger_ui.py took 0.248 seconds
[2024-03-18T09:55:00.313+0200] {processor.py:161} INFO - Started process (PID=4828) to work on /usr/local/lib/python3.8/site-packages/airflow/example_dags/example_params_trigger_ui.py
[2024-03-18T09:55:00.314+0200] {processor.py:830} INFO - Processing file /usr/local/lib/python3.8/site-packages/airflow/example_dags/example_params_trigger_ui.py for tasks to queue
[2024-03-18T09:55:00.314+0200] {logging_mixin.py:188} INFO - [2024-03-18T09:55:00.314+0200] {dagbag.py:540} INFO - Filling up the DagBag from /usr/local/lib/python3.8/site-packages/airflow/example_dags/example_params_trigger_ui.py
[2024-03-18T09:55:00.347+0200] {processor.py:840} INFO - DAG(s) 'example_params_trigger_ui' retrieved from /usr/local/lib/python3.8/site-packages/airflow/example_dags/example_params_trigger_ui.py
[2024-03-18T09:55:00.533+0200] {logging_mixin.py:188} INFO - [2024-03-18T09:55:00.533+0200] {dag.py:3047} INFO - Sync 1 DAGs
[2024-03-18T09:55:00.542+0200] {logging_mixin.py:188} INFO - [2024-03-18T09:55:00.542+0200] {dag.py:3834} INFO - Setting next_dagrun for example_params_trigger_ui to None, run_after=None
[2024-03-18T09:55:00.556+0200] {processor.py:183} INFO - Processing /usr/local/lib/python3.8/site-packages/airflow/example_dags/example_params_trigger_ui.py took 0.244 seconds
[2024-03-18T09:55:45.526+0200] {processor.py:161} INFO - Started process (PID=5007) to work on /usr/local/lib/python3.8/site-packages/airflow/example_dags/example_params_trigger_ui.py
[2024-03-18T09:55:45.527+0200] {processor.py:830} INFO - Processing file /usr/local/lib/python3.8/site-packages/airflow/example_dags/example_params_trigger_ui.py for tasks to queue
[2024-03-18T09:55:45.528+0200] {logging_mixin.py:188} INFO - [2024-03-18T09:55:45.528+0200] {dagbag.py:540} INFO - Filling up the DagBag from /usr/local/lib/python3.8/site-packages/airflow/example_dags/example_params_trigger_ui.py
[2024-03-18T09:55:45.568+0200] {processor.py:840} INFO - DAG(s) 'example_params_trigger_ui' retrieved from /usr/local/lib/python3.8/site-packages/airflow/example_dags/example_params_trigger_ui.py
[2024-03-18T09:55:45.749+0200] {logging_mixin.py:188} INFO - [2024-03-18T09:55:45.749+0200] {dag.py:3047} INFO - Sync 1 DAGs
[2024-03-18T09:55:45.759+0200] {logging_mixin.py:188} INFO - [2024-03-18T09:55:45.759+0200] {dag.py:3834} INFO - Setting next_dagrun for example_params_trigger_ui to None, run_after=None
[2024-03-18T09:55:45.789+0200] {processor.py:183} INFO - Processing /usr/local/lib/python3.8/site-packages/airflow/example_dags/example_params_trigger_ui.py took 0.264 seconds
[2024-03-18T09:56:39.173+0200] {processor.py:161} INFO - Started process (PID=5300) to work on /usr/local/lib/python3.8/site-packages/airflow/example_dags/example_params_trigger_ui.py
[2024-03-18T09:56:39.175+0200] {processor.py:830} INFO - Processing file /usr/local/lib/python3.8/site-packages/airflow/example_dags/example_params_trigger_ui.py for tasks to queue
[2024-03-18T09:56:39.175+0200] {logging_mixin.py:188} INFO - [2024-03-18T09:56:39.175+0200] {dagbag.py:540} INFO - Filling up the DagBag from /usr/local/lib/python3.8/site-packages/airflow/example_dags/example_params_trigger_ui.py
[2024-03-18T09:56:39.213+0200] {processor.py:840} INFO - DAG(s) 'example_params_trigger_ui' retrieved from /usr/local/lib/python3.8/site-packages/airflow/example_dags/example_params_trigger_ui.py
[2024-03-18T09:56:39.407+0200] {logging_mixin.py:188} INFO - [2024-03-18T09:56:39.406+0200] {dag.py:3047} INFO - Sync 1 DAGs
[2024-03-18T09:56:39.417+0200] {logging_mixin.py:188} INFO - [2024-03-18T09:56:39.416+0200] {dag.py:3834} INFO - Setting next_dagrun for example_params_trigger_ui to None, run_after=None
[2024-03-18T09:56:39.448+0200] {processor.py:183} INFO - Processing /usr/local/lib/python3.8/site-packages/airflow/example_dags/example_params_trigger_ui.py took 0.277 seconds
[2024-03-18T09:57:37.138+0200] {processor.py:161} INFO - Started process (PID=5730) to work on /usr/local/lib/python3.8/site-packages/airflow/example_dags/example_params_trigger_ui.py
[2024-03-18T09:57:37.139+0200] {processor.py:830} INFO - Processing file /usr/local/lib/python3.8/site-packages/airflow/example_dags/example_params_trigger_ui.py for tasks to queue
[2024-03-18T09:57:37.140+0200] {logging_mixin.py:188} INFO - [2024-03-18T09:57:37.140+0200] {dagbag.py:540} INFO - Filling up the DagBag from /usr/local/lib/python3.8/site-packages/airflow/example_dags/example_params_trigger_ui.py
[2024-03-18T09:57:37.177+0200] {processor.py:840} INFO - DAG(s) 'example_params_trigger_ui' retrieved from /usr/local/lib/python3.8/site-packages/airflow/example_dags/example_params_trigger_ui.py
[2024-03-18T09:57:37.350+0200] {logging_mixin.py:188} INFO - [2024-03-18T09:57:37.350+0200] {dag.py:3047} INFO - Sync 1 DAGs
[2024-03-18T09:57:37.360+0200] {logging_mixin.py:188} INFO - [2024-03-18T09:57:37.360+0200] {dag.py:3834} INFO - Setting next_dagrun for example_params_trigger_ui to None, run_after=None
[2024-03-18T09:57:37.391+0200] {processor.py:183} INFO - Processing /usr/local/lib/python3.8/site-packages/airflow/example_dags/example_params_trigger_ui.py took 0.254 seconds
[2024-03-18T09:58:30.115+0200] {processor.py:161} INFO - Started process (PID=5928) to work on /usr/local/lib/python3.8/site-packages/airflow/example_dags/example_params_trigger_ui.py
[2024-03-18T09:58:30.115+0200] {processor.py:830} INFO - Processing file /usr/local/lib/python3.8/site-packages/airflow/example_dags/example_params_trigger_ui.py for tasks to queue
[2024-03-18T09:58:30.116+0200] {logging_mixin.py:188} INFO - [2024-03-18T09:58:30.116+0200] {dagbag.py:540} INFO - Filling up the DagBag from /usr/local/lib/python3.8/site-packages/airflow/example_dags/example_params_trigger_ui.py
[2024-03-18T09:58:30.151+0200] {processor.py:840} INFO - DAG(s) 'example_params_trigger_ui' retrieved from /usr/local/lib/python3.8/site-packages/airflow/example_dags/example_params_trigger_ui.py
[2024-03-18T09:58:30.351+0200] {logging_mixin.py:188} INFO - [2024-03-18T09:58:30.351+0200] {dag.py:3047} INFO - Sync 1 DAGs
[2024-03-18T09:58:30.364+0200] {logging_mixin.py:188} INFO - [2024-03-18T09:58:30.364+0200] {dag.py:3834} INFO - Setting next_dagrun for example_params_trigger_ui to None, run_after=None
[2024-03-18T09:58:30.396+0200] {processor.py:183} INFO - Processing /usr/local/lib/python3.8/site-packages/airflow/example_dags/example_params_trigger_ui.py took 0.284 seconds
[2024-03-18T09:59:22.761+0200] {processor.py:161} INFO - Started process (PID=6124) to work on /usr/local/lib/python3.8/site-packages/airflow/example_dags/example_params_trigger_ui.py
[2024-03-18T09:59:22.762+0200] {processor.py:830} INFO - Processing file /usr/local/lib/python3.8/site-packages/airflow/example_dags/example_params_trigger_ui.py for tasks to queue
[2024-03-18T09:59:22.762+0200] {logging_mixin.py:188} INFO - [2024-03-18T09:59:22.762+0200] {dagbag.py:540} INFO - Filling up the DagBag from /usr/local/lib/python3.8/site-packages/airflow/example_dags/example_params_trigger_ui.py
[2024-03-18T09:59:22.796+0200] {processor.py:840} INFO - DAG(s) 'example_params_trigger_ui' retrieved from /usr/local/lib/python3.8/site-packages/airflow/example_dags/example_params_trigger_ui.py
[2024-03-18T09:59:22.986+0200] {logging_mixin.py:188} INFO - [2024-03-18T09:59:22.985+0200] {dag.py:3047} INFO - Sync 1 DAGs
[2024-03-18T09:59:22.997+0200] {logging_mixin.py:188} INFO - [2024-03-18T09:59:22.997+0200] {dag.py:3834} INFO - Setting next_dagrun for example_params_trigger_ui to None, run_after=None
[2024-03-18T09:59:23.012+0200] {processor.py:183} INFO - Processing /usr/local/lib/python3.8/site-packages/airflow/example_dags/example_params_trigger_ui.py took 0.253 seconds
[2024-03-18T10:00:09.952+0200] {processor.py:161} INFO - Started process (PID=6299) to work on /usr/local/lib/python3.8/site-packages/airflow/example_dags/example_params_trigger_ui.py
[2024-03-18T10:00:09.953+0200] {processor.py:830} INFO - Processing file /usr/local/lib/python3.8/site-packages/airflow/example_dags/example_params_trigger_ui.py for tasks to queue
[2024-03-18T10:00:09.954+0200] {logging_mixin.py:188} INFO - [2024-03-18T10:00:09.954+0200] {dagbag.py:540} INFO - Filling up the DagBag from /usr/local/lib/python3.8/site-packages/airflow/example_dags/example_params_trigger_ui.py
[2024-03-18T10:00:10.001+0200] {processor.py:840} INFO - DAG(s) 'example_params_trigger_ui' retrieved from /usr/local/lib/python3.8/site-packages/airflow/example_dags/example_params_trigger_ui.py
[2024-03-18T10:00:10.215+0200] {logging_mixin.py:188} INFO - [2024-03-18T10:00:10.214+0200] {dag.py:3047} INFO - Sync 1 DAGs
[2024-03-18T10:00:10.236+0200] {logging_mixin.py:188} INFO - [2024-03-18T10:00:10.236+0200] {dag.py:3834} INFO - Setting next_dagrun for example_params_trigger_ui to None, run_after=None
[2024-03-18T10:00:10.251+0200] {processor.py:183} INFO - Processing /usr/local/lib/python3.8/site-packages/airflow/example_dags/example_params_trigger_ui.py took 0.301 seconds
[2024-03-18T10:00:58.694+0200] {processor.py:161} INFO - Started process (PID=6528) to work on /usr/local/lib/python3.8/site-packages/airflow/example_dags/example_params_trigger_ui.py
[2024-03-18T10:00:58.696+0200] {processor.py:830} INFO - Processing file /usr/local/lib/python3.8/site-packages/airflow/example_dags/example_params_trigger_ui.py for tasks to queue
[2024-03-18T10:00:58.697+0200] {logging_mixin.py:188} INFO - [2024-03-18T10:00:58.697+0200] {dagbag.py:540} INFO - Filling up the DagBag from /usr/local/lib/python3.8/site-packages/airflow/example_dags/example_params_trigger_ui.py
[2024-03-18T10:00:58.737+0200] {processor.py:840} INFO - DAG(s) 'example_params_trigger_ui' retrieved from /usr/local/lib/python3.8/site-packages/airflow/example_dags/example_params_trigger_ui.py
[2024-03-18T10:00:58.939+0200] {logging_mixin.py:188} INFO - [2024-03-18T10:00:58.938+0200] {dag.py:3047} INFO - Sync 1 DAGs
[2024-03-18T10:00:58.952+0200] {logging_mixin.py:188} INFO - [2024-03-18T10:00:58.952+0200] {dag.py:3834} INFO - Setting next_dagrun for example_params_trigger_ui to None, run_after=None
[2024-03-18T10:00:58.988+0200] {processor.py:183} INFO - Processing /usr/local/lib/python3.8/site-packages/airflow/example_dags/example_params_trigger_ui.py took 0.295 seconds
[2024-03-18T10:01:51.607+0200] {processor.py:161} INFO - Started process (PID=6902) to work on /usr/local/lib/python3.8/site-packages/airflow/example_dags/example_params_trigger_ui.py
[2024-03-18T10:01:51.608+0200] {processor.py:830} INFO - Processing file /usr/local/lib/python3.8/site-packages/airflow/example_dags/example_params_trigger_ui.py for tasks to queue
[2024-03-18T10:01:51.609+0200] {logging_mixin.py:188} INFO - [2024-03-18T10:01:51.608+0200] {dagbag.py:540} INFO - Filling up the DagBag from /usr/local/lib/python3.8/site-packages/airflow/example_dags/example_params_trigger_ui.py
[2024-03-18T10:01:51.651+0200] {processor.py:840} INFO - DAG(s) 'example_params_trigger_ui' retrieved from /usr/local/lib/python3.8/site-packages/airflow/example_dags/example_params_trigger_ui.py
[2024-03-18T10:01:51.851+0200] {logging_mixin.py:188} INFO - [2024-03-18T10:01:51.851+0200] {dag.py:3047} INFO - Sync 1 DAGs
[2024-03-18T10:01:51.863+0200] {logging_mixin.py:188} INFO - [2024-03-18T10:01:51.863+0200] {dag.py:3834} INFO - Setting next_dagrun for example_params_trigger_ui to None, run_after=None
[2024-03-18T10:01:51.893+0200] {processor.py:183} INFO - Processing /usr/local/lib/python3.8/site-packages/airflow/example_dags/example_params_trigger_ui.py took 0.288 seconds
[2024-03-18T10:02:33.606+0200] {processor.py:161} INFO - Started process (PID=7060) to work on /usr/local/lib/python3.8/site-packages/airflow/example_dags/example_params_trigger_ui.py
[2024-03-18T10:02:33.607+0200] {processor.py:830} INFO - Processing file /usr/local/lib/python3.8/site-packages/airflow/example_dags/example_params_trigger_ui.py for tasks to queue
[2024-03-18T10:02:33.608+0200] {logging_mixin.py:188} INFO - [2024-03-18T10:02:33.608+0200] {dagbag.py:540} INFO - Filling up the DagBag from /usr/local/lib/python3.8/site-packages/airflow/example_dags/example_params_trigger_ui.py
[2024-03-18T10:02:33.645+0200] {processor.py:840} INFO - DAG(s) 'example_params_trigger_ui' retrieved from /usr/local/lib/python3.8/site-packages/airflow/example_dags/example_params_trigger_ui.py
[2024-03-18T10:02:33.851+0200] {logging_mixin.py:188} INFO - [2024-03-18T10:02:33.851+0200] {dag.py:3047} INFO - Sync 1 DAGs
[2024-03-18T10:02:33.864+0200] {logging_mixin.py:188} INFO - [2024-03-18T10:02:33.864+0200] {dag.py:3834} INFO - Setting next_dagrun for example_params_trigger_ui to None, run_after=None
[2024-03-18T10:02:33.894+0200] {processor.py:183} INFO - Processing /usr/local/lib/python3.8/site-packages/airflow/example_dags/example_params_trigger_ui.py took 0.290 seconds
[2024-03-18T10:03:22.976+0200] {processor.py:161} INFO - Started process (PID=7278) to work on /usr/local/lib/python3.8/site-packages/airflow/example_dags/example_params_trigger_ui.py
[2024-03-18T10:03:22.977+0200] {processor.py:830} INFO - Processing file /usr/local/lib/python3.8/site-packages/airflow/example_dags/example_params_trigger_ui.py for tasks to queue
[2024-03-18T10:03:22.978+0200] {logging_mixin.py:188} INFO - [2024-03-18T10:03:22.978+0200] {dagbag.py:540} INFO - Filling up the DagBag from /usr/local/lib/python3.8/site-packages/airflow/example_dags/example_params_trigger_ui.py
[2024-03-18T10:03:23.014+0200] {processor.py:840} INFO - DAG(s) 'example_params_trigger_ui' retrieved from /usr/local/lib/python3.8/site-packages/airflow/example_dags/example_params_trigger_ui.py
[2024-03-18T10:03:23.230+0200] {logging_mixin.py:188} INFO - [2024-03-18T10:03:23.230+0200] {dag.py:3047} INFO - Sync 1 DAGs
[2024-03-18T10:03:23.243+0200] {logging_mixin.py:188} INFO - [2024-03-18T10:03:23.243+0200] {dag.py:3834} INFO - Setting next_dagrun for example_params_trigger_ui to None, run_after=None
[2024-03-18T10:03:23.280+0200] {processor.py:183} INFO - Processing /usr/local/lib/python3.8/site-packages/airflow/example_dags/example_params_trigger_ui.py took 0.306 seconds
[2024-03-18T10:04:17.887+0200] {processor.py:161} INFO - Started process (PID=7521) to work on /usr/local/lib/python3.8/site-packages/airflow/example_dags/example_params_trigger_ui.py
[2024-03-18T10:04:17.888+0200] {processor.py:830} INFO - Processing file /usr/local/lib/python3.8/site-packages/airflow/example_dags/example_params_trigger_ui.py for tasks to queue
[2024-03-18T10:04:17.888+0200] {logging_mixin.py:188} INFO - [2024-03-18T10:04:17.888+0200] {dagbag.py:540} INFO - Filling up the DagBag from /usr/local/lib/python3.8/site-packages/airflow/example_dags/example_params_trigger_ui.py
[2024-03-18T10:04:17.922+0200] {processor.py:840} INFO - DAG(s) 'example_params_trigger_ui' retrieved from /usr/local/lib/python3.8/site-packages/airflow/example_dags/example_params_trigger_ui.py
[2024-03-18T10:04:18.129+0200] {logging_mixin.py:188} INFO - [2024-03-18T10:04:18.128+0200] {dag.py:3047} INFO - Sync 1 DAGs
[2024-03-18T10:04:18.142+0200] {logging_mixin.py:188} INFO - [2024-03-18T10:04:18.141+0200] {dag.py:3834} INFO - Setting next_dagrun for example_params_trigger_ui to None, run_after=None
[2024-03-18T10:04:18.161+0200] {processor.py:183} INFO - Processing /usr/local/lib/python3.8/site-packages/airflow/example_dags/example_params_trigger_ui.py took 0.275 seconds
[2024-03-18T10:05:05.511+0200] {processor.py:161} INFO - Started process (PID=7692) to work on /usr/local/lib/python3.8/site-packages/airflow/example_dags/example_params_trigger_ui.py
[2024-03-18T10:05:05.512+0200] {processor.py:830} INFO - Processing file /usr/local/lib/python3.8/site-packages/airflow/example_dags/example_params_trigger_ui.py for tasks to queue
[2024-03-18T10:05:05.512+0200] {logging_mixin.py:188} INFO - [2024-03-18T10:05:05.512+0200] {dagbag.py:540} INFO - Filling up the DagBag from /usr/local/lib/python3.8/site-packages/airflow/example_dags/example_params_trigger_ui.py
[2024-03-18T10:05:05.554+0200] {processor.py:840} INFO - DAG(s) 'example_params_trigger_ui' retrieved from /usr/local/lib/python3.8/site-packages/airflow/example_dags/example_params_trigger_ui.py
[2024-03-18T10:05:05.778+0200] {logging_mixin.py:188} INFO - [2024-03-18T10:05:05.777+0200] {dag.py:3047} INFO - Sync 1 DAGs
[2024-03-18T10:05:05.790+0200] {logging_mixin.py:188} INFO - [2024-03-18T10:05:05.790+0200] {dag.py:3834} INFO - Setting next_dagrun for example_params_trigger_ui to None, run_after=None
[2024-03-18T10:05:05.807+0200] {processor.py:183} INFO - Processing /usr/local/lib/python3.8/site-packages/airflow/example_dags/example_params_trigger_ui.py took 0.298 seconds
[2024-03-18T10:05:50.342+0200] {processor.py:161} INFO - Started process (PID=7872) to work on /usr/local/lib/python3.8/site-packages/airflow/example_dags/example_params_trigger_ui.py
[2024-03-18T10:05:50.343+0200] {processor.py:830} INFO - Processing file /usr/local/lib/python3.8/site-packages/airflow/example_dags/example_params_trigger_ui.py for tasks to queue
[2024-03-18T10:05:50.344+0200] {logging_mixin.py:188} INFO - [2024-03-18T10:05:50.343+0200] {dagbag.py:540} INFO - Filling up the DagBag from /usr/local/lib/python3.8/site-packages/airflow/example_dags/example_params_trigger_ui.py
[2024-03-18T10:05:50.386+0200] {processor.py:840} INFO - DAG(s) 'example_params_trigger_ui' retrieved from /usr/local/lib/python3.8/site-packages/airflow/example_dags/example_params_trigger_ui.py
[2024-03-18T10:05:50.604+0200] {logging_mixin.py:188} INFO - [2024-03-18T10:05:50.604+0200] {dag.py:3047} INFO - Sync 1 DAGs
[2024-03-18T10:05:50.630+0200] {logging_mixin.py:188} INFO - [2024-03-18T10:05:50.630+0200] {dag.py:3834} INFO - Setting next_dagrun for example_params_trigger_ui to None, run_after=None
[2024-03-18T10:05:50.650+0200] {processor.py:183} INFO - Processing /usr/local/lib/python3.8/site-packages/airflow/example_dags/example_params_trigger_ui.py took 0.309 seconds
[2024-03-18T10:06:38.894+0200] {processor.py:161} INFO - Started process (PID=8055) to work on /usr/local/lib/python3.8/site-packages/airflow/example_dags/example_params_trigger_ui.py
[2024-03-18T10:06:38.896+0200] {processor.py:830} INFO - Processing file /usr/local/lib/python3.8/site-packages/airflow/example_dags/example_params_trigger_ui.py for tasks to queue
[2024-03-18T10:06:38.896+0200] {logging_mixin.py:188} INFO - [2024-03-18T10:06:38.896+0200] {dagbag.py:540} INFO - Filling up the DagBag from /usr/local/lib/python3.8/site-packages/airflow/example_dags/example_params_trigger_ui.py
[2024-03-18T10:06:38.933+0200] {processor.py:840} INFO - DAG(s) 'example_params_trigger_ui' retrieved from /usr/local/lib/python3.8/site-packages/airflow/example_dags/example_params_trigger_ui.py
[2024-03-18T10:06:39.126+0200] {logging_mixin.py:188} INFO - [2024-03-18T10:06:39.125+0200] {dag.py:3047} INFO - Sync 1 DAGs
[2024-03-18T10:06:39.136+0200] {logging_mixin.py:188} INFO - [2024-03-18T10:06:39.136+0200] {dag.py:3834} INFO - Setting next_dagrun for example_params_trigger_ui to None, run_after=None
[2024-03-18T10:06:39.153+0200] {processor.py:183} INFO - Processing /usr/local/lib/python3.8/site-packages/airflow/example_dags/example_params_trigger_ui.py took 0.261 seconds
[2024-03-18T10:07:28.634+0200] {processor.py:161} INFO - Started process (PID=8268) to work on /usr/local/lib/python3.8/site-packages/airflow/example_dags/example_params_trigger_ui.py
[2024-03-18T10:07:28.635+0200] {processor.py:830} INFO - Processing file /usr/local/lib/python3.8/site-packages/airflow/example_dags/example_params_trigger_ui.py for tasks to queue
[2024-03-18T10:07:28.635+0200] {logging_mixin.py:188} INFO - [2024-03-18T10:07:28.635+0200] {dagbag.py:540} INFO - Filling up the DagBag from /usr/local/lib/python3.8/site-packages/airflow/example_dags/example_params_trigger_ui.py
[2024-03-18T10:07:28.673+0200] {processor.py:840} INFO - DAG(s) 'example_params_trigger_ui' retrieved from /usr/local/lib/python3.8/site-packages/airflow/example_dags/example_params_trigger_ui.py
[2024-03-18T10:07:28.885+0200] {logging_mixin.py:188} INFO - [2024-03-18T10:07:28.885+0200] {dag.py:3047} INFO - Sync 1 DAGs
[2024-03-18T10:07:28.895+0200] {logging_mixin.py:188} INFO - [2024-03-18T10:07:28.895+0200] {dag.py:3834} INFO - Setting next_dagrun for example_params_trigger_ui to None, run_after=None
[2024-03-18T10:07:28.924+0200] {processor.py:183} INFO - Processing /usr/local/lib/python3.8/site-packages/airflow/example_dags/example_params_trigger_ui.py took 0.292 seconds
[2024-03-18T10:08:14.515+0200] {processor.py:161} INFO - Started process (PID=8551) to work on /usr/local/lib/python3.8/site-packages/airflow/example_dags/example_params_trigger_ui.py
[2024-03-18T10:08:14.521+0200] {processor.py:830} INFO - Processing file /usr/local/lib/python3.8/site-packages/airflow/example_dags/example_params_trigger_ui.py for tasks to queue
[2024-03-18T10:08:14.522+0200] {logging_mixin.py:188} INFO - [2024-03-18T10:08:14.522+0200] {dagbag.py:540} INFO - Filling up the DagBag from /usr/local/lib/python3.8/site-packages/airflow/example_dags/example_params_trigger_ui.py
[2024-03-18T10:08:14.592+0200] {processor.py:840} INFO - DAG(s) 'example_params_trigger_ui' retrieved from /usr/local/lib/python3.8/site-packages/airflow/example_dags/example_params_trigger_ui.py
[2024-03-18T10:08:14.804+0200] {logging_mixin.py:188} INFO - [2024-03-18T10:08:14.804+0200] {dag.py:3047} INFO - Sync 1 DAGs
[2024-03-18T10:08:14.828+0200] {logging_mixin.py:188} INFO - [2024-03-18T10:08:14.827+0200] {dag.py:3834} INFO - Setting next_dagrun for example_params_trigger_ui to None, run_after=None
[2024-03-18T10:08:14.848+0200] {processor.py:183} INFO - Processing /usr/local/lib/python3.8/site-packages/airflow/example_dags/example_params_trigger_ui.py took 0.335 seconds
[2024-03-18T10:09:01.465+0200] {processor.py:161} INFO - Started process (PID=8755) to work on /usr/local/lib/python3.8/site-packages/airflow/example_dags/example_params_trigger_ui.py
[2024-03-18T10:09:01.466+0200] {processor.py:830} INFO - Processing file /usr/local/lib/python3.8/site-packages/airflow/example_dags/example_params_trigger_ui.py for tasks to queue
[2024-03-18T10:09:01.466+0200] {logging_mixin.py:188} INFO - [2024-03-18T10:09:01.466+0200] {dagbag.py:540} INFO - Filling up the DagBag from /usr/local/lib/python3.8/site-packages/airflow/example_dags/example_params_trigger_ui.py
[2024-03-18T10:09:01.506+0200] {processor.py:840} INFO - DAG(s) 'example_params_trigger_ui' retrieved from /usr/local/lib/python3.8/site-packages/airflow/example_dags/example_params_trigger_ui.py
[2024-03-18T10:09:01.723+0200] {logging_mixin.py:188} INFO - [2024-03-18T10:09:01.723+0200] {dag.py:3047} INFO - Sync 1 DAGs
[2024-03-18T10:09:01.734+0200] {logging_mixin.py:188} INFO - [2024-03-18T10:09:01.734+0200] {dag.py:3834} INFO - Setting next_dagrun for example_params_trigger_ui to None, run_after=None
[2024-03-18T10:09:01.750+0200] {processor.py:183} INFO - Processing /usr/local/lib/python3.8/site-packages/airflow/example_dags/example_params_trigger_ui.py took 0.287 seconds
[2024-03-18T10:09:51.411+0200] {processor.py:161} INFO - Started process (PID=8960) to work on /usr/local/lib/python3.8/site-packages/airflow/example_dags/example_params_trigger_ui.py
[2024-03-18T10:09:51.412+0200] {processor.py:830} INFO - Processing file /usr/local/lib/python3.8/site-packages/airflow/example_dags/example_params_trigger_ui.py for tasks to queue
[2024-03-18T10:09:51.413+0200] {logging_mixin.py:188} INFO - [2024-03-18T10:09:51.413+0200] {dagbag.py:540} INFO - Filling up the DagBag from /usr/local/lib/python3.8/site-packages/airflow/example_dags/example_params_trigger_ui.py
[2024-03-18T10:09:51.452+0200] {processor.py:840} INFO - DAG(s) 'example_params_trigger_ui' retrieved from /usr/local/lib/python3.8/site-packages/airflow/example_dags/example_params_trigger_ui.py
[2024-03-18T10:09:51.666+0200] {logging_mixin.py:188} INFO - [2024-03-18T10:09:51.665+0200] {dag.py:3047} INFO - Sync 1 DAGs
[2024-03-18T10:09:51.677+0200] {logging_mixin.py:188} INFO - [2024-03-18T10:09:51.677+0200] {dag.py:3834} INFO - Setting next_dagrun for example_params_trigger_ui to None, run_after=None
[2024-03-18T10:09:51.693+0200] {processor.py:183} INFO - Processing /usr/local/lib/python3.8/site-packages/airflow/example_dags/example_params_trigger_ui.py took 0.283 seconds
[2024-03-18T10:10:41.657+0200] {processor.py:161} INFO - Started process (PID=9147) to work on /usr/local/lib/python3.8/site-packages/airflow/example_dags/example_params_trigger_ui.py
[2024-03-18T10:10:41.659+0200] {processor.py:830} INFO - Processing file /usr/local/lib/python3.8/site-packages/airflow/example_dags/example_params_trigger_ui.py for tasks to queue
[2024-03-18T10:10:41.660+0200] {logging_mixin.py:188} INFO - [2024-03-18T10:10:41.660+0200] {dagbag.py:540} INFO - Filling up the DagBag from /usr/local/lib/python3.8/site-packages/airflow/example_dags/example_params_trigger_ui.py
[2024-03-18T10:10:41.705+0200] {processor.py:840} INFO - DAG(s) 'example_params_trigger_ui' retrieved from /usr/local/lib/python3.8/site-packages/airflow/example_dags/example_params_trigger_ui.py
[2024-03-18T10:10:41.895+0200] {logging_mixin.py:188} INFO - [2024-03-18T10:10:41.895+0200] {dag.py:3047} INFO - Sync 1 DAGs
[2024-03-18T10:10:41.907+0200] {logging_mixin.py:188} INFO - [2024-03-18T10:10:41.907+0200] {dag.py:3834} INFO - Setting next_dagrun for example_params_trigger_ui to None, run_after=None
[2024-03-18T10:10:41.939+0200] {processor.py:183} INFO - Processing /usr/local/lib/python3.8/site-packages/airflow/example_dags/example_params_trigger_ui.py took 0.285 seconds
[2024-03-18T10:11:32.408+0200] {processor.py:161} INFO - Started process (PID=9329) to work on /usr/local/lib/python3.8/site-packages/airflow/example_dags/example_params_trigger_ui.py
[2024-03-18T10:11:32.409+0200] {processor.py:830} INFO - Processing file /usr/local/lib/python3.8/site-packages/airflow/example_dags/example_params_trigger_ui.py for tasks to queue
[2024-03-18T10:11:32.409+0200] {logging_mixin.py:188} INFO - [2024-03-18T10:11:32.409+0200] {dagbag.py:540} INFO - Filling up the DagBag from /usr/local/lib/python3.8/site-packages/airflow/example_dags/example_params_trigger_ui.py
[2024-03-18T10:11:32.447+0200] {processor.py:840} INFO - DAG(s) 'example_params_trigger_ui' retrieved from /usr/local/lib/python3.8/site-packages/airflow/example_dags/example_params_trigger_ui.py
[2024-03-18T10:11:32.657+0200] {logging_mixin.py:188} INFO - [2024-03-18T10:11:32.656+0200] {dag.py:3047} INFO - Sync 1 DAGs
[2024-03-18T10:11:32.681+0200] {logging_mixin.py:188} INFO - [2024-03-18T10:11:32.680+0200] {dag.py:3834} INFO - Setting next_dagrun for example_params_trigger_ui to None, run_after=None
[2024-03-18T10:11:32.696+0200] {processor.py:183} INFO - Processing /usr/local/lib/python3.8/site-packages/airflow/example_dags/example_params_trigger_ui.py took 0.290 seconds
[2024-03-18T10:12:15.154+0200] {processor.py:161} INFO - Started process (PID=9498) to work on /usr/local/lib/python3.8/site-packages/airflow/example_dags/example_params_trigger_ui.py
[2024-03-18T10:12:15.155+0200] {processor.py:830} INFO - Processing file /usr/local/lib/python3.8/site-packages/airflow/example_dags/example_params_trigger_ui.py for tasks to queue
[2024-03-18T10:12:15.156+0200] {logging_mixin.py:188} INFO - [2024-03-18T10:12:15.156+0200] {dagbag.py:540} INFO - Filling up the DagBag from /usr/local/lib/python3.8/site-packages/airflow/example_dags/example_params_trigger_ui.py
[2024-03-18T10:12:15.198+0200] {processor.py:840} INFO - DAG(s) 'example_params_trigger_ui' retrieved from /usr/local/lib/python3.8/site-packages/airflow/example_dags/example_params_trigger_ui.py
[2024-03-18T10:12:15.404+0200] {logging_mixin.py:188} INFO - [2024-03-18T10:12:15.404+0200] {dag.py:3047} INFO - Sync 1 DAGs
[2024-03-18T10:12:15.429+0200] {logging_mixin.py:188} INFO - [2024-03-18T10:12:15.429+0200] {dag.py:3834} INFO - Setting next_dagrun for example_params_trigger_ui to None, run_after=None
[2024-03-18T10:12:15.447+0200] {processor.py:183} INFO - Processing /usr/local/lib/python3.8/site-packages/airflow/example_dags/example_params_trigger_ui.py took 0.295 seconds
[2024-03-18T10:13:00.973+0200] {processor.py:161} INFO - Started process (PID=9709) to work on /usr/local/lib/python3.8/site-packages/airflow/example_dags/example_params_trigger_ui.py
[2024-03-18T10:13:00.974+0200] {processor.py:830} INFO - Processing file /usr/local/lib/python3.8/site-packages/airflow/example_dags/example_params_trigger_ui.py for tasks to queue
[2024-03-18T10:13:00.974+0200] {logging_mixin.py:188} INFO - [2024-03-18T10:13:00.974+0200] {dagbag.py:540} INFO - Filling up the DagBag from /usr/local/lib/python3.8/site-packages/airflow/example_dags/example_params_trigger_ui.py
[2024-03-18T10:13:01.016+0200] {processor.py:840} INFO - DAG(s) 'example_params_trigger_ui' retrieved from /usr/local/lib/python3.8/site-packages/airflow/example_dags/example_params_trigger_ui.py
[2024-03-18T10:13:01.233+0200] {logging_mixin.py:188} INFO - [2024-03-18T10:13:01.232+0200] {dag.py:3047} INFO - Sync 1 DAGs
[2024-03-18T10:13:01.244+0200] {logging_mixin.py:188} INFO - [2024-03-18T10:13:01.244+0200] {dag.py:3834} INFO - Setting next_dagrun for example_params_trigger_ui to None, run_after=None
[2024-03-18T10:13:01.278+0200] {processor.py:183} INFO - Processing /usr/local/lib/python3.8/site-packages/airflow/example_dags/example_params_trigger_ui.py took 0.307 seconds
[2024-03-18T10:13:53.128+0200] {processor.py:161} INFO - Started process (PID=9994) to work on /usr/local/lib/python3.8/site-packages/airflow/example_dags/example_params_trigger_ui.py
[2024-03-18T10:13:53.129+0200] {processor.py:830} INFO - Processing file /usr/local/lib/python3.8/site-packages/airflow/example_dags/example_params_trigger_ui.py for tasks to queue
[2024-03-18T10:13:53.129+0200] {logging_mixin.py:188} INFO - [2024-03-18T10:13:53.129+0200] {dagbag.py:540} INFO - Filling up the DagBag from /usr/local/lib/python3.8/site-packages/airflow/example_dags/example_params_trigger_ui.py
[2024-03-18T10:13:53.168+0200] {processor.py:840} INFO - DAG(s) 'example_params_trigger_ui' retrieved from /usr/local/lib/python3.8/site-packages/airflow/example_dags/example_params_trigger_ui.py
[2024-03-18T10:13:53.345+0200] {logging_mixin.py:188} INFO - [2024-03-18T10:13:53.345+0200] {dag.py:3047} INFO - Sync 1 DAGs
[2024-03-18T10:13:53.354+0200] {logging_mixin.py:188} INFO - [2024-03-18T10:13:53.354+0200] {dag.py:3834} INFO - Setting next_dagrun for example_params_trigger_ui to None, run_after=None
[2024-03-18T10:13:53.384+0200] {processor.py:183} INFO - Processing /usr/local/lib/python3.8/site-packages/airflow/example_dags/example_params_trigger_ui.py took 0.258 seconds
[2024-03-18T10:14:35.530+0200] {processor.py:161} INFO - Started process (PID=10147) to work on /usr/local/lib/python3.8/site-packages/airflow/example_dags/example_params_trigger_ui.py
[2024-03-18T10:14:35.530+0200] {processor.py:830} INFO - Processing file /usr/local/lib/python3.8/site-packages/airflow/example_dags/example_params_trigger_ui.py for tasks to queue
[2024-03-18T10:14:35.531+0200] {logging_mixin.py:188} INFO - [2024-03-18T10:14:35.531+0200] {dagbag.py:540} INFO - Filling up the DagBag from /usr/local/lib/python3.8/site-packages/airflow/example_dags/example_params_trigger_ui.py
[2024-03-18T10:14:35.569+0200] {processor.py:840} INFO - DAG(s) 'example_params_trigger_ui' retrieved from /usr/local/lib/python3.8/site-packages/airflow/example_dags/example_params_trigger_ui.py
[2024-03-18T10:14:35.771+0200] {logging_mixin.py:188} INFO - [2024-03-18T10:14:35.771+0200] {dag.py:3047} INFO - Sync 1 DAGs
[2024-03-18T10:14:35.782+0200] {logging_mixin.py:188} INFO - [2024-03-18T10:14:35.782+0200] {dag.py:3834} INFO - Setting next_dagrun for example_params_trigger_ui to None, run_after=None
[2024-03-18T10:14:35.800+0200] {processor.py:183} INFO - Processing /usr/local/lib/python3.8/site-packages/airflow/example_dags/example_params_trigger_ui.py took 0.272 seconds
[2024-03-18T10:15:23.596+0200] {processor.py:161} INFO - Started process (PID=10336) to work on /usr/local/lib/python3.8/site-packages/airflow/example_dags/example_params_trigger_ui.py
[2024-03-18T10:15:23.597+0200] {processor.py:830} INFO - Processing file /usr/local/lib/python3.8/site-packages/airflow/example_dags/example_params_trigger_ui.py for tasks to queue
[2024-03-18T10:15:23.597+0200] {logging_mixin.py:188} INFO - [2024-03-18T10:15:23.597+0200] {dagbag.py:540} INFO - Filling up the DagBag from /usr/local/lib/python3.8/site-packages/airflow/example_dags/example_params_trigger_ui.py
[2024-03-18T10:15:23.627+0200] {processor.py:840} INFO - DAG(s) 'example_params_trigger_ui' retrieved from /usr/local/lib/python3.8/site-packages/airflow/example_dags/example_params_trigger_ui.py
[2024-03-18T10:15:23.795+0200] {logging_mixin.py:188} INFO - [2024-03-18T10:15:23.795+0200] {dag.py:3047} INFO - Sync 1 DAGs
[2024-03-18T10:15:23.821+0200] {logging_mixin.py:188} INFO - [2024-03-18T10:15:23.820+0200] {dag.py:3834} INFO - Setting next_dagrun for example_params_trigger_ui to None, run_after=None
[2024-03-18T10:15:23.834+0200] {processor.py:183} INFO - Processing /usr/local/lib/python3.8/site-packages/airflow/example_dags/example_params_trigger_ui.py took 0.240 seconds
[2024-03-18T10:16:09.197+0200] {processor.py:161} INFO - Started process (PID=10522) to work on /usr/local/lib/python3.8/site-packages/airflow/example_dags/example_params_trigger_ui.py
[2024-03-18T10:16:09.198+0200] {processor.py:830} INFO - Processing file /usr/local/lib/python3.8/site-packages/airflow/example_dags/example_params_trigger_ui.py for tasks to queue
[2024-03-18T10:16:09.199+0200] {logging_mixin.py:188} INFO - [2024-03-18T10:16:09.198+0200] {dagbag.py:540} INFO - Filling up the DagBag from /usr/local/lib/python3.8/site-packages/airflow/example_dags/example_params_trigger_ui.py
[2024-03-18T10:16:09.229+0200] {processor.py:840} INFO - DAG(s) 'example_params_trigger_ui' retrieved from /usr/local/lib/python3.8/site-packages/airflow/example_dags/example_params_trigger_ui.py
[2024-03-18T10:16:09.425+0200] {logging_mixin.py:188} INFO - [2024-03-18T10:16:09.425+0200] {dag.py:3047} INFO - Sync 1 DAGs
[2024-03-18T10:16:09.435+0200] {logging_mixin.py:188} INFO - [2024-03-18T10:16:09.435+0200] {dag.py:3834} INFO - Setting next_dagrun for example_params_trigger_ui to None, run_after=None
[2024-03-18T10:16:09.449+0200] {processor.py:183} INFO - Processing /usr/local/lib/python3.8/site-packages/airflow/example_dags/example_params_trigger_ui.py took 0.254 seconds
[2024-03-18T10:16:50.116+0200] {processor.py:161} INFO - Started process (PID=10682) to work on /usr/local/lib/python3.8/site-packages/airflow/example_dags/example_params_trigger_ui.py
[2024-03-18T10:16:50.117+0200] {processor.py:830} INFO - Processing file /usr/local/lib/python3.8/site-packages/airflow/example_dags/example_params_trigger_ui.py for tasks to queue
[2024-03-18T10:16:50.117+0200] {logging_mixin.py:188} INFO - [2024-03-18T10:16:50.117+0200] {dagbag.py:540} INFO - Filling up the DagBag from /usr/local/lib/python3.8/site-packages/airflow/example_dags/example_params_trigger_ui.py
[2024-03-18T10:16:50.157+0200] {processor.py:840} INFO - DAG(s) 'example_params_trigger_ui' retrieved from /usr/local/lib/python3.8/site-packages/airflow/example_dags/example_params_trigger_ui.py
[2024-03-18T10:16:50.388+0200] {logging_mixin.py:188} INFO - [2024-03-18T10:16:50.388+0200] {dag.py:3047} INFO - Sync 1 DAGs
[2024-03-18T10:16:50.418+0200] {logging_mixin.py:188} INFO - [2024-03-18T10:16:50.418+0200] {dag.py:3834} INFO - Setting next_dagrun for example_params_trigger_ui to None, run_after=None
[2024-03-18T10:16:50.435+0200] {processor.py:183} INFO - Processing /usr/local/lib/python3.8/site-packages/airflow/example_dags/example_params_trigger_ui.py took 0.321 seconds
[2024-03-18T10:17:37.397+0200] {processor.py:161} INFO - Started process (PID=10857) to work on /usr/local/lib/python3.8/site-packages/airflow/example_dags/example_params_trigger_ui.py
[2024-03-18T10:17:37.398+0200] {processor.py:830} INFO - Processing file /usr/local/lib/python3.8/site-packages/airflow/example_dags/example_params_trigger_ui.py for tasks to queue
[2024-03-18T10:17:37.399+0200] {logging_mixin.py:188} INFO - [2024-03-18T10:17:37.399+0200] {dagbag.py:540} INFO - Filling up the DagBag from /usr/local/lib/python3.8/site-packages/airflow/example_dags/example_params_trigger_ui.py
[2024-03-18T10:17:37.433+0200] {processor.py:840} INFO - DAG(s) 'example_params_trigger_ui' retrieved from /usr/local/lib/python3.8/site-packages/airflow/example_dags/example_params_trigger_ui.py
[2024-03-18T10:17:37.623+0200] {logging_mixin.py:188} INFO - [2024-03-18T10:17:37.623+0200] {dag.py:3047} INFO - Sync 1 DAGs
[2024-03-18T10:17:37.634+0200] {logging_mixin.py:188} INFO - [2024-03-18T10:17:37.633+0200] {dag.py:3834} INFO - Setting next_dagrun for example_params_trigger_ui to None, run_after=None
[2024-03-18T10:17:37.666+0200] {processor.py:183} INFO - Processing /usr/local/lib/python3.8/site-packages/airflow/example_dags/example_params_trigger_ui.py took 0.270 seconds
[2024-03-18T10:18:31.143+0200] {processor.py:161} INFO - Started process (PID=11067) to work on /usr/local/lib/python3.8/site-packages/airflow/example_dags/example_params_trigger_ui.py
[2024-03-18T10:18:31.145+0200] {processor.py:830} INFO - Processing file /usr/local/lib/python3.8/site-packages/airflow/example_dags/example_params_trigger_ui.py for tasks to queue
[2024-03-18T10:18:31.146+0200] {logging_mixin.py:188} INFO - [2024-03-18T10:18:31.146+0200] {dagbag.py:540} INFO - Filling up the DagBag from /usr/local/lib/python3.8/site-packages/airflow/example_dags/example_params_trigger_ui.py
[2024-03-18T10:18:31.184+0200] {processor.py:840} INFO - DAG(s) 'example_params_trigger_ui' retrieved from /usr/local/lib/python3.8/site-packages/airflow/example_dags/example_params_trigger_ui.py
[2024-03-18T10:18:31.413+0200] {logging_mixin.py:188} INFO - [2024-03-18T10:18:31.412+0200] {dag.py:3047} INFO - Sync 1 DAGs
[2024-03-18T10:18:31.426+0200] {logging_mixin.py:188} INFO - [2024-03-18T10:18:31.426+0200] {dag.py:3834} INFO - Setting next_dagrun for example_params_trigger_ui to None, run_after=None
[2024-03-18T10:18:31.444+0200] {processor.py:183} INFO - Processing /usr/local/lib/python3.8/site-packages/airflow/example_dags/example_params_trigger_ui.py took 0.303 seconds
[2024-03-18T10:19:13.236+0200] {processor.py:161} INFO - Started process (PID=11230) to work on /usr/local/lib/python3.8/site-packages/airflow/example_dags/example_params_trigger_ui.py
[2024-03-18T10:19:13.237+0200] {processor.py:830} INFO - Processing file /usr/local/lib/python3.8/site-packages/airflow/example_dags/example_params_trigger_ui.py for tasks to queue
[2024-03-18T10:19:13.238+0200] {logging_mixin.py:188} INFO - [2024-03-18T10:19:13.237+0200] {dagbag.py:540} INFO - Filling up the DagBag from /usr/local/lib/python3.8/site-packages/airflow/example_dags/example_params_trigger_ui.py
[2024-03-18T10:19:13.272+0200] {processor.py:840} INFO - DAG(s) 'example_params_trigger_ui' retrieved from /usr/local/lib/python3.8/site-packages/airflow/example_dags/example_params_trigger_ui.py
[2024-03-18T10:19:13.460+0200] {logging_mixin.py:188} INFO - [2024-03-18T10:19:13.460+0200] {dag.py:3047} INFO - Sync 1 DAGs
[2024-03-18T10:19:13.469+0200] {logging_mixin.py:188} INFO - [2024-03-18T10:19:13.469+0200] {dag.py:3834} INFO - Setting next_dagrun for example_params_trigger_ui to None, run_after=None
[2024-03-18T10:19:13.483+0200] {processor.py:183} INFO - Processing /usr/local/lib/python3.8/site-packages/airflow/example_dags/example_params_trigger_ui.py took 0.249 seconds
[2024-03-18T10:20:03.552+0200] {processor.py:161} INFO - Started process (PID=11422) to work on /usr/local/lib/python3.8/site-packages/airflow/example_dags/example_params_trigger_ui.py
[2024-03-18T10:20:03.554+0200] {processor.py:830} INFO - Processing file /usr/local/lib/python3.8/site-packages/airflow/example_dags/example_params_trigger_ui.py for tasks to queue
[2024-03-18T10:20:03.555+0200] {logging_mixin.py:188} INFO - [2024-03-18T10:20:03.554+0200] {dagbag.py:540} INFO - Filling up the DagBag from /usr/local/lib/python3.8/site-packages/airflow/example_dags/example_params_trigger_ui.py
[2024-03-18T10:20:03.596+0200] {processor.py:840} INFO - DAG(s) 'example_params_trigger_ui' retrieved from /usr/local/lib/python3.8/site-packages/airflow/example_dags/example_params_trigger_ui.py
[2024-03-18T10:20:03.827+0200] {logging_mixin.py:188} INFO - [2024-03-18T10:20:03.827+0200] {dag.py:3047} INFO - Sync 1 DAGs
[2024-03-18T10:20:03.841+0200] {logging_mixin.py:188} INFO - [2024-03-18T10:20:03.841+0200] {dag.py:3834} INFO - Setting next_dagrun for example_params_trigger_ui to None, run_after=None
[2024-03-18T10:20:03.874+0200] {processor.py:183} INFO - Processing /usr/local/lib/python3.8/site-packages/airflow/example_dags/example_params_trigger_ui.py took 0.324 seconds
[2024-03-18T10:21:00.537+0200] {processor.py:161} INFO - Started process (PID=11690) to work on /usr/local/lib/python3.8/site-packages/airflow/example_dags/example_params_trigger_ui.py
[2024-03-18T10:21:00.538+0200] {processor.py:830} INFO - Processing file /usr/local/lib/python3.8/site-packages/airflow/example_dags/example_params_trigger_ui.py for tasks to queue
[2024-03-18T10:21:00.539+0200] {logging_mixin.py:188} INFO - [2024-03-18T10:21:00.539+0200] {dagbag.py:540} INFO - Filling up the DagBag from /usr/local/lib/python3.8/site-packages/airflow/example_dags/example_params_trigger_ui.py
[2024-03-18T10:21:00.572+0200] {processor.py:840} INFO - DAG(s) 'example_params_trigger_ui' retrieved from /usr/local/lib/python3.8/site-packages/airflow/example_dags/example_params_trigger_ui.py
[2024-03-18T10:21:00.784+0200] {logging_mixin.py:188} INFO - [2024-03-18T10:21:00.784+0200] {dag.py:3047} INFO - Sync 1 DAGs
[2024-03-18T10:21:00.809+0200] {logging_mixin.py:188} INFO - [2024-03-18T10:21:00.808+0200] {dag.py:3834} INFO - Setting next_dagrun for example_params_trigger_ui to None, run_after=None
[2024-03-18T10:21:00.836+0200] {processor.py:183} INFO - Processing /usr/local/lib/python3.8/site-packages/airflow/example_dags/example_params_trigger_ui.py took 0.301 seconds
[2024-03-18T10:23:31.360+0200] {processor.py:161} INFO - Started process (PID=11925) to work on /usr/local/lib/python3.8/site-packages/airflow/example_dags/example_params_trigger_ui.py
[2024-03-18T10:23:31.362+0200] {processor.py:830} INFO - Processing file /usr/local/lib/python3.8/site-packages/airflow/example_dags/example_params_trigger_ui.py for tasks to queue
[2024-03-18T10:23:31.363+0200] {logging_mixin.py:188} INFO - [2024-03-18T10:23:31.363+0200] {dagbag.py:540} INFO - Filling up the DagBag from /usr/local/lib/python3.8/site-packages/airflow/example_dags/example_params_trigger_ui.py
[2024-03-18T10:23:31.406+0200] {processor.py:840} INFO - DAG(s) 'example_params_trigger_ui' retrieved from /usr/local/lib/python3.8/site-packages/airflow/example_dags/example_params_trigger_ui.py
[2024-03-18T10:23:31.599+0200] {logging_mixin.py:188} INFO - [2024-03-18T10:23:31.599+0200] {dag.py:3047} INFO - Sync 1 DAGs
[2024-03-18T10:23:31.610+0200] {logging_mixin.py:188} INFO - [2024-03-18T10:23:31.610+0200] {dag.py:3834} INFO - Setting next_dagrun for example_params_trigger_ui to None, run_after=None
[2024-03-18T10:23:31.626+0200] {processor.py:183} INFO - Processing /usr/local/lib/python3.8/site-packages/airflow/example_dags/example_params_trigger_ui.py took 0.267 seconds
[2024-03-18T10:24:24.163+0200] {processor.py:161} INFO - Started process (PID=12139) to work on /usr/local/lib/python3.8/site-packages/airflow/example_dags/example_params_trigger_ui.py
[2024-03-18T10:24:24.164+0200] {processor.py:830} INFO - Processing file /usr/local/lib/python3.8/site-packages/airflow/example_dags/example_params_trigger_ui.py for tasks to queue
[2024-03-18T10:24:24.165+0200] {logging_mixin.py:188} INFO - [2024-03-18T10:24:24.164+0200] {dagbag.py:540} INFO - Filling up the DagBag from /usr/local/lib/python3.8/site-packages/airflow/example_dags/example_params_trigger_ui.py
[2024-03-18T10:24:24.203+0200] {processor.py:840} INFO - DAG(s) 'example_params_trigger_ui' retrieved from /usr/local/lib/python3.8/site-packages/airflow/example_dags/example_params_trigger_ui.py
[2024-03-18T10:24:24.408+0200] {logging_mixin.py:188} INFO - [2024-03-18T10:24:24.407+0200] {dag.py:3047} INFO - Sync 1 DAGs
[2024-03-18T10:24:24.421+0200] {logging_mixin.py:188} INFO - [2024-03-18T10:24:24.421+0200] {dag.py:3834} INFO - Setting next_dagrun for example_params_trigger_ui to None, run_after=None
[2024-03-18T10:24:24.453+0200] {processor.py:183} INFO - Processing /usr/local/lib/python3.8/site-packages/airflow/example_dags/example_params_trigger_ui.py took 0.292 seconds
[2024-03-18T10:25:17.147+0200] {processor.py:161} INFO - Started process (PID=12343) to work on /usr/local/lib/python3.8/site-packages/airflow/example_dags/example_params_trigger_ui.py
[2024-03-18T10:25:17.148+0200] {processor.py:830} INFO - Processing file /usr/local/lib/python3.8/site-packages/airflow/example_dags/example_params_trigger_ui.py for tasks to queue
[2024-03-18T10:25:17.149+0200] {logging_mixin.py:188} INFO - [2024-03-18T10:25:17.149+0200] {dagbag.py:540} INFO - Filling up the DagBag from /usr/local/lib/python3.8/site-packages/airflow/example_dags/example_params_trigger_ui.py
[2024-03-18T10:25:17.186+0200] {processor.py:840} INFO - DAG(s) 'example_params_trigger_ui' retrieved from /usr/local/lib/python3.8/site-packages/airflow/example_dags/example_params_trigger_ui.py
[2024-03-18T10:25:17.379+0200] {logging_mixin.py:188} INFO - [2024-03-18T10:25:17.379+0200] {dag.py:3047} INFO - Sync 1 DAGs
[2024-03-18T10:25:17.389+0200] {logging_mixin.py:188} INFO - [2024-03-18T10:25:17.389+0200] {dag.py:3834} INFO - Setting next_dagrun for example_params_trigger_ui to None, run_after=None
[2024-03-18T10:25:17.422+0200] {processor.py:183} INFO - Processing /usr/local/lib/python3.8/site-packages/airflow/example_dags/example_params_trigger_ui.py took 0.276 seconds
[2024-03-18T10:26:57.506+0200] {processor.py:161} INFO - Started process (PID=13105) to work on /usr/local/lib/python3.8/site-packages/airflow/example_dags/example_params_trigger_ui.py
[2024-03-18T10:26:57.507+0200] {processor.py:830} INFO - Processing file /usr/local/lib/python3.8/site-packages/airflow/example_dags/example_params_trigger_ui.py for tasks to queue
[2024-03-18T10:26:57.508+0200] {logging_mixin.py:188} INFO - [2024-03-18T10:26:57.508+0200] {dagbag.py:540} INFO - Filling up the DagBag from /usr/local/lib/python3.8/site-packages/airflow/example_dags/example_params_trigger_ui.py
[2024-03-18T10:26:57.546+0200] {processor.py:840} INFO - DAG(s) 'example_params_trigger_ui' retrieved from /usr/local/lib/python3.8/site-packages/airflow/example_dags/example_params_trigger_ui.py
[2024-03-18T10:26:57.922+0200] {logging_mixin.py:188} INFO - [2024-03-18T10:26:57.922+0200] {dag.py:3047} INFO - Sync 1 DAGs
[2024-03-18T10:26:57.939+0200] {logging_mixin.py:188} INFO - [2024-03-18T10:26:57.938+0200] {dag.py:3834} INFO - Setting next_dagrun for example_params_trigger_ui to None, run_after=None
[2024-03-18T10:26:57.976+0200] {processor.py:183} INFO - Processing /usr/local/lib/python3.8/site-packages/airflow/example_dags/example_params_trigger_ui.py took 0.472 seconds
[2024-03-18T10:27:47.372+0200] {processor.py:161} INFO - Started process (PID=13392) to work on /usr/local/lib/python3.8/site-packages/airflow/example_dags/example_params_trigger_ui.py
[2024-03-18T10:27:47.373+0200] {processor.py:830} INFO - Processing file /usr/local/lib/python3.8/site-packages/airflow/example_dags/example_params_trigger_ui.py for tasks to queue
[2024-03-18T10:27:47.373+0200] {logging_mixin.py:188} INFO - [2024-03-18T10:27:47.373+0200] {dagbag.py:540} INFO - Filling up the DagBag from /usr/local/lib/python3.8/site-packages/airflow/example_dags/example_params_trigger_ui.py
[2024-03-18T10:27:47.410+0200] {processor.py:840} INFO - DAG(s) 'example_params_trigger_ui' retrieved from /usr/local/lib/python3.8/site-packages/airflow/example_dags/example_params_trigger_ui.py
[2024-03-18T10:27:47.612+0200] {logging_mixin.py:188} INFO - [2024-03-18T10:27:47.611+0200] {dag.py:3047} INFO - Sync 1 DAGs
[2024-03-18T10:27:47.623+0200] {logging_mixin.py:188} INFO - [2024-03-18T10:27:47.623+0200] {dag.py:3834} INFO - Setting next_dagrun for example_params_trigger_ui to None, run_after=None
[2024-03-18T10:27:47.639+0200] {processor.py:183} INFO - Processing /usr/local/lib/python3.8/site-packages/airflow/example_dags/example_params_trigger_ui.py took 0.269 seconds
[2024-03-18T10:28:34.300+0200] {processor.py:161} INFO - Started process (PID=13566) to work on /usr/local/lib/python3.8/site-packages/airflow/example_dags/example_params_trigger_ui.py
[2024-03-18T10:28:34.301+0200] {processor.py:830} INFO - Processing file /usr/local/lib/python3.8/site-packages/airflow/example_dags/example_params_trigger_ui.py for tasks to queue
[2024-03-18T10:28:34.302+0200] {logging_mixin.py:188} INFO - [2024-03-18T10:28:34.301+0200] {dagbag.py:540} INFO - Filling up the DagBag from /usr/local/lib/python3.8/site-packages/airflow/example_dags/example_params_trigger_ui.py
[2024-03-18T10:28:34.339+0200] {processor.py:840} INFO - DAG(s) 'example_params_trigger_ui' retrieved from /usr/local/lib/python3.8/site-packages/airflow/example_dags/example_params_trigger_ui.py
[2024-03-18T10:28:34.543+0200] {logging_mixin.py:188} INFO - [2024-03-18T10:28:34.543+0200] {dag.py:3047} INFO - Sync 1 DAGs
[2024-03-18T10:28:34.564+0200] {logging_mixin.py:188} INFO - [2024-03-18T10:28:34.563+0200] {dag.py:3834} INFO - Setting next_dagrun for example_params_trigger_ui to None, run_after=None
[2024-03-18T10:28:34.579+0200] {processor.py:183} INFO - Processing /usr/local/lib/python3.8/site-packages/airflow/example_dags/example_params_trigger_ui.py took 0.280 seconds
[2024-03-18T10:29:20.529+0200] {processor.py:161} INFO - Started process (PID=13737) to work on /usr/local/lib/python3.8/site-packages/airflow/example_dags/example_params_trigger_ui.py
[2024-03-18T10:29:20.530+0200] {processor.py:830} INFO - Processing file /usr/local/lib/python3.8/site-packages/airflow/example_dags/example_params_trigger_ui.py for tasks to queue
[2024-03-18T10:29:20.531+0200] {logging_mixin.py:188} INFO - [2024-03-18T10:29:20.531+0200] {dagbag.py:540} INFO - Filling up the DagBag from /usr/local/lib/python3.8/site-packages/airflow/example_dags/example_params_trigger_ui.py
[2024-03-18T10:29:20.571+0200] {processor.py:840} INFO - DAG(s) 'example_params_trigger_ui' retrieved from /usr/local/lib/python3.8/site-packages/airflow/example_dags/example_params_trigger_ui.py
[2024-03-18T10:29:20.810+0200] {logging_mixin.py:188} INFO - [2024-03-18T10:29:20.810+0200] {dag.py:3047} INFO - Sync 1 DAGs
[2024-03-18T10:29:20.820+0200] {logging_mixin.py:188} INFO - [2024-03-18T10:29:20.820+0200] {dag.py:3834} INFO - Setting next_dagrun for example_params_trigger_ui to None, run_after=None
[2024-03-18T10:29:20.833+0200] {processor.py:183} INFO - Processing /usr/local/lib/python3.8/site-packages/airflow/example_dags/example_params_trigger_ui.py took 0.306 seconds
[2024-03-18T10:30:11.568+0200] {processor.py:161} INFO - Started process (PID=13927) to work on /usr/local/lib/python3.8/site-packages/airflow/example_dags/example_params_trigger_ui.py
[2024-03-18T10:30:11.569+0200] {processor.py:830} INFO - Processing file /usr/local/lib/python3.8/site-packages/airflow/example_dags/example_params_trigger_ui.py for tasks to queue
[2024-03-18T10:30:11.570+0200] {logging_mixin.py:188} INFO - [2024-03-18T10:30:11.570+0200] {dagbag.py:540} INFO - Filling up the DagBag from /usr/local/lib/python3.8/site-packages/airflow/example_dags/example_params_trigger_ui.py
[2024-03-18T10:30:11.604+0200] {processor.py:840} INFO - DAG(s) 'example_params_trigger_ui' retrieved from /usr/local/lib/python3.8/site-packages/airflow/example_dags/example_params_trigger_ui.py
[2024-03-18T10:30:11.809+0200] {logging_mixin.py:188} INFO - [2024-03-18T10:30:11.809+0200] {dag.py:3047} INFO - Sync 1 DAGs
[2024-03-18T10:30:11.822+0200] {logging_mixin.py:188} INFO - [2024-03-18T10:30:11.821+0200] {dag.py:3834} INFO - Setting next_dagrun for example_params_trigger_ui to None, run_after=None
[2024-03-18T10:30:11.838+0200] {processor.py:183} INFO - Processing /usr/local/lib/python3.8/site-packages/airflow/example_dags/example_params_trigger_ui.py took 0.272 seconds
[2024-03-18T10:30:53.802+0200] {processor.py:161} INFO - Started process (PID=14097) to work on /usr/local/lib/python3.8/site-packages/airflow/example_dags/example_params_trigger_ui.py
[2024-03-18T10:30:53.802+0200] {processor.py:830} INFO - Processing file /usr/local/lib/python3.8/site-packages/airflow/example_dags/example_params_trigger_ui.py for tasks to queue
[2024-03-18T10:30:53.803+0200] {logging_mixin.py:188} INFO - [2024-03-18T10:30:53.803+0200] {dagbag.py:540} INFO - Filling up the DagBag from /usr/local/lib/python3.8/site-packages/airflow/example_dags/example_params_trigger_ui.py
[2024-03-18T10:30:53.838+0200] {processor.py:840} INFO - DAG(s) 'example_params_trigger_ui' retrieved from /usr/local/lib/python3.8/site-packages/airflow/example_dags/example_params_trigger_ui.py
[2024-03-18T10:30:54.037+0200] {logging_mixin.py:188} INFO - [2024-03-18T10:30:54.037+0200] {dag.py:3047} INFO - Sync 1 DAGs
[2024-03-18T10:30:54.061+0200] {logging_mixin.py:188} INFO - [2024-03-18T10:30:54.061+0200] {dag.py:3834} INFO - Setting next_dagrun for example_params_trigger_ui to None, run_after=None
[2024-03-18T10:30:54.077+0200] {processor.py:183} INFO - Processing /usr/local/lib/python3.8/site-packages/airflow/example_dags/example_params_trigger_ui.py took 0.277 seconds
[2024-03-18T10:31:46.944+0200] {processor.py:161} INFO - Started process (PID=14312) to work on /usr/local/lib/python3.8/site-packages/airflow/example_dags/example_params_trigger_ui.py
[2024-03-18T10:31:46.945+0200] {processor.py:830} INFO - Processing file /usr/local/lib/python3.8/site-packages/airflow/example_dags/example_params_trigger_ui.py for tasks to queue
[2024-03-18T10:31:46.946+0200] {logging_mixin.py:188} INFO - [2024-03-18T10:31:46.946+0200] {dagbag.py:540} INFO - Filling up the DagBag from /usr/local/lib/python3.8/site-packages/airflow/example_dags/example_params_trigger_ui.py
[2024-03-18T10:31:46.985+0200] {processor.py:840} INFO - DAG(s) 'example_params_trigger_ui' retrieved from /usr/local/lib/python3.8/site-packages/airflow/example_dags/example_params_trigger_ui.py
[2024-03-18T10:31:47.188+0200] {logging_mixin.py:188} INFO - [2024-03-18T10:31:47.187+0200] {dag.py:3047} INFO - Sync 1 DAGs
[2024-03-18T10:31:47.211+0200] {logging_mixin.py:188} INFO - [2024-03-18T10:31:47.211+0200] {dag.py:3834} INFO - Setting next_dagrun for example_params_trigger_ui to None, run_after=None
[2024-03-18T10:31:47.228+0200] {processor.py:183} INFO - Processing /usr/local/lib/python3.8/site-packages/airflow/example_dags/example_params_trigger_ui.py took 0.285 seconds
[2024-03-18T10:32:28.638+0200] {processor.py:161} INFO - Started process (PID=14507) to work on /usr/local/lib/python3.8/site-packages/airflow/example_dags/example_params_trigger_ui.py
[2024-03-18T10:32:28.638+0200] {processor.py:830} INFO - Processing file /usr/local/lib/python3.8/site-packages/airflow/example_dags/example_params_trigger_ui.py for tasks to queue
[2024-03-18T10:32:28.639+0200] {logging_mixin.py:188} INFO - [2024-03-18T10:32:28.639+0200] {dagbag.py:540} INFO - Filling up the DagBag from /usr/local/lib/python3.8/site-packages/airflow/example_dags/example_params_trigger_ui.py
[2024-03-18T10:32:28.675+0200] {processor.py:840} INFO - DAG(s) 'example_params_trigger_ui' retrieved from /usr/local/lib/python3.8/site-packages/airflow/example_dags/example_params_trigger_ui.py
[2024-03-18T10:32:28.872+0200] {logging_mixin.py:188} INFO - [2024-03-18T10:32:28.872+0200] {dag.py:3047} INFO - Sync 1 DAGs
[2024-03-18T10:32:28.882+0200] {logging_mixin.py:188} INFO - [2024-03-18T10:32:28.882+0200] {dag.py:3834} INFO - Setting next_dagrun for example_params_trigger_ui to None, run_after=None
[2024-03-18T10:32:28.915+0200] {processor.py:183} INFO - Processing /usr/local/lib/python3.8/site-packages/airflow/example_dags/example_params_trigger_ui.py took 0.280 seconds
