[2024-03-18T09:42:06.397+0200] {processor.py:161} INFO - Started process (PID=1554) to work on /usr/local/lib/python3.8/site-packages/airflow/example_dags/tutorial_dag.py
[2024-03-18T09:42:06.398+0200] {processor.py:830} INFO - Processing file /usr/local/lib/python3.8/site-packages/airflow/example_dags/tutorial_dag.py for tasks to queue
[2024-03-18T09:42:06.399+0200] {logging_mixin.py:188} INFO - [2024-03-18T09:42:06.399+0200] {dagbag.py:540} INFO - Filling up the DagBag from /usr/local/lib/python3.8/site-packages/airflow/example_dags/tutorial_dag.py
[2024-03-18T09:42:06.424+0200] {processor.py:840} INFO - DAG(s) 'tutorial_dag' retrieved from /usr/local/lib/python3.8/site-packages/airflow/example_dags/tutorial_dag.py
[2024-03-18T09:42:06.465+0200] {logging_mixin.py:188} INFO - [2024-03-18T09:42:06.463+0200] {dag.py:3047} INFO - Sync 1 DAGs
[2024-03-18T09:42:06.629+0200] {logging_mixin.py:188} INFO - [2024-03-18T09:42:06.629+0200] {dag.py:3834} INFO - Setting next_dagrun for tutorial_dag to None, run_after=None
[2024-03-18T09:42:06.647+0200] {processor.py:183} INFO - Processing /usr/local/lib/python3.8/site-packages/airflow/example_dags/tutorial_dag.py took 0.251 seconds
[2024-03-18T09:42:54.591+0200] {processor.py:161} INFO - Started process (PID=1773) to work on /usr/local/lib/python3.8/site-packages/airflow/example_dags/tutorial_dag.py
[2024-03-18T09:42:54.594+0200] {processor.py:830} INFO - Processing file /usr/local/lib/python3.8/site-packages/airflow/example_dags/tutorial_dag.py for tasks to queue
[2024-03-18T09:42:54.595+0200] {logging_mixin.py:188} INFO - [2024-03-18T09:42:54.594+0200] {dagbag.py:540} INFO - Filling up the DagBag from /usr/local/lib/python3.8/site-packages/airflow/example_dags/tutorial_dag.py
[2024-03-18T09:42:54.639+0200] {processor.py:840} INFO - DAG(s) 'tutorial_dag' retrieved from /usr/local/lib/python3.8/site-packages/airflow/example_dags/tutorial_dag.py
[2024-03-18T09:42:54.998+0200] {logging_mixin.py:188} INFO - [2024-03-18T09:42:54.998+0200] {dag.py:3047} INFO - Sync 1 DAGs
[2024-03-18T09:42:55.007+0200] {logging_mixin.py:188} INFO - [2024-03-18T09:42:55.007+0200] {dag.py:3834} INFO - Setting next_dagrun for tutorial_dag to None, run_after=None
[2024-03-18T09:42:55.042+0200] {processor.py:183} INFO - Processing /usr/local/lib/python3.8/site-packages/airflow/example_dags/tutorial_dag.py took 0.453 seconds
[2024-03-18T09:43:40.325+0200] {processor.py:161} INFO - Started process (PID=1972) to work on /usr/local/lib/python3.8/site-packages/airflow/example_dags/tutorial_dag.py
[2024-03-18T09:43:40.327+0200] {processor.py:830} INFO - Processing file /usr/local/lib/python3.8/site-packages/airflow/example_dags/tutorial_dag.py for tasks to queue
[2024-03-18T09:43:40.328+0200] {logging_mixin.py:188} INFO - [2024-03-18T09:43:40.327+0200] {dagbag.py:540} INFO - Filling up the DagBag from /usr/local/lib/python3.8/site-packages/airflow/example_dags/tutorial_dag.py
[2024-03-18T09:43:40.349+0200] {processor.py:840} INFO - DAG(s) 'tutorial_dag' retrieved from /usr/local/lib/python3.8/site-packages/airflow/example_dags/tutorial_dag.py
[2024-03-18T09:43:40.493+0200] {logging_mixin.py:188} INFO - [2024-03-18T09:43:40.493+0200] {dag.py:3047} INFO - Sync 1 DAGs
[2024-03-18T09:43:40.504+0200] {logging_mixin.py:188} INFO - [2024-03-18T09:43:40.504+0200] {dag.py:3834} INFO - Setting next_dagrun for tutorial_dag to None, run_after=None
[2024-03-18T09:43:40.520+0200] {processor.py:183} INFO - Processing /usr/local/lib/python3.8/site-packages/airflow/example_dags/tutorial_dag.py took 0.196 seconds
[2024-03-18T09:44:18.398+0200] {processor.py:161} INFO - Started process (PID=2144) to work on /usr/local/lib/python3.8/site-packages/airflow/example_dags/tutorial_dag.py
[2024-03-18T09:44:18.399+0200] {processor.py:830} INFO - Processing file /usr/local/lib/python3.8/site-packages/airflow/example_dags/tutorial_dag.py for tasks to queue
[2024-03-18T09:44:18.400+0200] {logging_mixin.py:188} INFO - [2024-03-18T09:44:18.399+0200] {dagbag.py:540} INFO - Filling up the DagBag from /usr/local/lib/python3.8/site-packages/airflow/example_dags/tutorial_dag.py
[2024-03-18T09:44:18.424+0200] {processor.py:840} INFO - DAG(s) 'tutorial_dag' retrieved from /usr/local/lib/python3.8/site-packages/airflow/example_dags/tutorial_dag.py
[2024-03-18T09:44:18.569+0200] {logging_mixin.py:188} INFO - [2024-03-18T09:44:18.568+0200] {dag.py:3047} INFO - Sync 1 DAGs
[2024-03-18T09:44:18.579+0200] {logging_mixin.py:188} INFO - [2024-03-18T09:44:18.579+0200] {dag.py:3834} INFO - Setting next_dagrun for tutorial_dag to None, run_after=None
[2024-03-18T09:44:18.595+0200] {processor.py:183} INFO - Processing /usr/local/lib/python3.8/site-packages/airflow/example_dags/tutorial_dag.py took 0.198 seconds
[2024-03-18T09:45:03.544+0200] {processor.py:161} INFO - Started process (PID=2368) to work on /usr/local/lib/python3.8/site-packages/airflow/example_dags/tutorial_dag.py
[2024-03-18T09:45:03.545+0200] {processor.py:830} INFO - Processing file /usr/local/lib/python3.8/site-packages/airflow/example_dags/tutorial_dag.py for tasks to queue
[2024-03-18T09:45:03.546+0200] {logging_mixin.py:188} INFO - [2024-03-18T09:45:03.545+0200] {dagbag.py:540} INFO - Filling up the DagBag from /usr/local/lib/python3.8/site-packages/airflow/example_dags/tutorial_dag.py
[2024-03-18T09:45:03.570+0200] {processor.py:840} INFO - DAG(s) 'tutorial_dag' retrieved from /usr/local/lib/python3.8/site-packages/airflow/example_dags/tutorial_dag.py
[2024-03-18T09:45:03.738+0200] {logging_mixin.py:188} INFO - [2024-03-18T09:45:03.737+0200] {dag.py:3047} INFO - Sync 1 DAGs
[2024-03-18T09:45:03.748+0200] {logging_mixin.py:188} INFO - [2024-03-18T09:45:03.748+0200] {dag.py:3834} INFO - Setting next_dagrun for tutorial_dag to None, run_after=None
[2024-03-18T09:45:03.767+0200] {processor.py:183} INFO - Processing /usr/local/lib/python3.8/site-packages/airflow/example_dags/tutorial_dag.py took 0.225 seconds
[2024-03-18T09:45:51.030+0200] {processor.py:161} INFO - Started process (PID=2601) to work on /usr/local/lib/python3.8/site-packages/airflow/example_dags/tutorial_dag.py
[2024-03-18T09:45:51.031+0200] {processor.py:830} INFO - Processing file /usr/local/lib/python3.8/site-packages/airflow/example_dags/tutorial_dag.py for tasks to queue
[2024-03-18T09:45:51.031+0200] {logging_mixin.py:188} INFO - [2024-03-18T09:45:51.031+0200] {dagbag.py:540} INFO - Filling up the DagBag from /usr/local/lib/python3.8/site-packages/airflow/example_dags/tutorial_dag.py
[2024-03-18T09:45:51.050+0200] {processor.py:840} INFO - DAG(s) 'tutorial_dag' retrieved from /usr/local/lib/python3.8/site-packages/airflow/example_dags/tutorial_dag.py
[2024-03-18T09:45:51.236+0200] {logging_mixin.py:188} INFO - [2024-03-18T09:45:51.235+0200] {dag.py:3047} INFO - Sync 1 DAGs
[2024-03-18T09:45:51.248+0200] {logging_mixin.py:188} INFO - [2024-03-18T09:45:51.247+0200] {dag.py:3834} INFO - Setting next_dagrun for tutorial_dag to None, run_after=None
[2024-03-18T09:45:51.267+0200] {processor.py:183} INFO - Processing /usr/local/lib/python3.8/site-packages/airflow/example_dags/tutorial_dag.py took 0.238 seconds
[2024-03-18T09:46:39.249+0200] {processor.py:161} INFO - Started process (PID=2882) to work on /usr/local/lib/python3.8/site-packages/airflow/example_dags/tutorial_dag.py
[2024-03-18T09:46:39.250+0200] {processor.py:830} INFO - Processing file /usr/local/lib/python3.8/site-packages/airflow/example_dags/tutorial_dag.py for tasks to queue
[2024-03-18T09:46:39.251+0200] {logging_mixin.py:188} INFO - [2024-03-18T09:46:39.250+0200] {dagbag.py:540} INFO - Filling up the DagBag from /usr/local/lib/python3.8/site-packages/airflow/example_dags/tutorial_dag.py
[2024-03-18T09:46:39.273+0200] {processor.py:840} INFO - DAG(s) 'tutorial_dag' retrieved from /usr/local/lib/python3.8/site-packages/airflow/example_dags/tutorial_dag.py
[2024-03-18T09:46:39.435+0200] {logging_mixin.py:188} INFO - [2024-03-18T09:46:39.434+0200] {dag.py:3047} INFO - Sync 1 DAGs
[2024-03-18T09:46:39.445+0200] {logging_mixin.py:188} INFO - [2024-03-18T09:46:39.445+0200] {dag.py:3834} INFO - Setting next_dagrun for tutorial_dag to None, run_after=None
[2024-03-18T09:46:39.463+0200] {processor.py:183} INFO - Processing /usr/local/lib/python3.8/site-packages/airflow/example_dags/tutorial_dag.py took 0.216 seconds
[2024-03-18T09:47:20.426+0200] {processor.py:161} INFO - Started process (PID=3033) to work on /usr/local/lib/python3.8/site-packages/airflow/example_dags/tutorial_dag.py
[2024-03-18T09:47:20.426+0200] {processor.py:830} INFO - Processing file /usr/local/lib/python3.8/site-packages/airflow/example_dags/tutorial_dag.py for tasks to queue
[2024-03-18T09:47:20.427+0200] {logging_mixin.py:188} INFO - [2024-03-18T09:47:20.427+0200] {dagbag.py:540} INFO - Filling up the DagBag from /usr/local/lib/python3.8/site-packages/airflow/example_dags/tutorial_dag.py
[2024-03-18T09:47:20.451+0200] {processor.py:840} INFO - DAG(s) 'tutorial_dag' retrieved from /usr/local/lib/python3.8/site-packages/airflow/example_dags/tutorial_dag.py
[2024-03-18T09:47:20.634+0200] {logging_mixin.py:188} INFO - [2024-03-18T09:47:20.634+0200] {dag.py:3047} INFO - Sync 1 DAGs
[2024-03-18T09:47:20.647+0200] {logging_mixin.py:188} INFO - [2024-03-18T09:47:20.647+0200] {dag.py:3834} INFO - Setting next_dagrun for tutorial_dag to None, run_after=None
[2024-03-18T09:47:20.684+0200] {processor.py:183} INFO - Processing /usr/local/lib/python3.8/site-packages/airflow/example_dags/tutorial_dag.py took 0.260 seconds
[2024-03-18T09:48:06.513+0200] {processor.py:161} INFO - Started process (PID=3212) to work on /usr/local/lib/python3.8/site-packages/airflow/example_dags/tutorial_dag.py
[2024-03-18T09:48:06.514+0200] {processor.py:830} INFO - Processing file /usr/local/lib/python3.8/site-packages/airflow/example_dags/tutorial_dag.py for tasks to queue
[2024-03-18T09:48:06.515+0200] {logging_mixin.py:188} INFO - [2024-03-18T09:48:06.515+0200] {dagbag.py:540} INFO - Filling up the DagBag from /usr/local/lib/python3.8/site-packages/airflow/example_dags/tutorial_dag.py
[2024-03-18T09:48:06.536+0200] {processor.py:840} INFO - DAG(s) 'tutorial_dag' retrieved from /usr/local/lib/python3.8/site-packages/airflow/example_dags/tutorial_dag.py
[2024-03-18T09:48:06.698+0200] {logging_mixin.py:188} INFO - [2024-03-18T09:48:06.697+0200] {dag.py:3047} INFO - Sync 1 DAGs
[2024-03-18T09:48:06.710+0200] {logging_mixin.py:188} INFO - [2024-03-18T09:48:06.709+0200] {dag.py:3834} INFO - Setting next_dagrun for tutorial_dag to None, run_after=None
[2024-03-18T09:48:06.743+0200] {processor.py:183} INFO - Processing /usr/local/lib/python3.8/site-packages/airflow/example_dags/tutorial_dag.py took 0.232 seconds
[2024-03-18T09:48:47.034+0200] {processor.py:161} INFO - Started process (PID=3362) to work on /usr/local/lib/python3.8/site-packages/airflow/example_dags/tutorial_dag.py
[2024-03-18T09:48:47.034+0200] {processor.py:830} INFO - Processing file /usr/local/lib/python3.8/site-packages/airflow/example_dags/tutorial_dag.py for tasks to queue
[2024-03-18T09:48:47.035+0200] {logging_mixin.py:188} INFO - [2024-03-18T09:48:47.035+0200] {dagbag.py:540} INFO - Filling up the DagBag from /usr/local/lib/python3.8/site-packages/airflow/example_dags/tutorial_dag.py
[2024-03-18T09:48:47.055+0200] {processor.py:840} INFO - DAG(s) 'tutorial_dag' retrieved from /usr/local/lib/python3.8/site-packages/airflow/example_dags/tutorial_dag.py
[2024-03-18T09:48:47.234+0200] {logging_mixin.py:188} INFO - [2024-03-18T09:48:47.234+0200] {dag.py:3047} INFO - Sync 1 DAGs
[2024-03-18T09:48:47.246+0200] {logging_mixin.py:188} INFO - [2024-03-18T09:48:47.246+0200] {dag.py:3834} INFO - Setting next_dagrun for tutorial_dag to None, run_after=None
[2024-03-18T09:48:47.265+0200] {processor.py:183} INFO - Processing /usr/local/lib/python3.8/site-packages/airflow/example_dags/tutorial_dag.py took 0.232 seconds
[2024-03-18T09:49:25.932+0200] {processor.py:161} INFO - Started process (PID=3511) to work on /usr/local/lib/python3.8/site-packages/airflow/example_dags/tutorial_dag.py
[2024-03-18T09:49:25.933+0200] {processor.py:830} INFO - Processing file /usr/local/lib/python3.8/site-packages/airflow/example_dags/tutorial_dag.py for tasks to queue
[2024-03-18T09:49:25.933+0200] {logging_mixin.py:188} INFO - [2024-03-18T09:49:25.933+0200] {dagbag.py:540} INFO - Filling up the DagBag from /usr/local/lib/python3.8/site-packages/airflow/example_dags/tutorial_dag.py
[2024-03-18T09:49:25.957+0200] {processor.py:840} INFO - DAG(s) 'tutorial_dag' retrieved from /usr/local/lib/python3.8/site-packages/airflow/example_dags/tutorial_dag.py
[2024-03-18T09:49:26.113+0200] {logging_mixin.py:188} INFO - [2024-03-18T09:49:26.112+0200] {dag.py:3047} INFO - Sync 1 DAGs
[2024-03-18T09:49:26.135+0200] {logging_mixin.py:188} INFO - [2024-03-18T09:49:26.134+0200] {dag.py:3834} INFO - Setting next_dagrun for tutorial_dag to None, run_after=None
[2024-03-18T09:49:26.152+0200] {processor.py:183} INFO - Processing /usr/local/lib/python3.8/site-packages/airflow/example_dags/tutorial_dag.py took 0.222 seconds
[2024-03-18T09:50:06.093+0200] {processor.py:161} INFO - Started process (PID=3675) to work on /usr/local/lib/python3.8/site-packages/airflow/example_dags/tutorial_dag.py
[2024-03-18T09:50:06.094+0200] {processor.py:830} INFO - Processing file /usr/local/lib/python3.8/site-packages/airflow/example_dags/tutorial_dag.py for tasks to queue
[2024-03-18T09:50:06.094+0200] {logging_mixin.py:188} INFO - [2024-03-18T09:50:06.094+0200] {dagbag.py:540} INFO - Filling up the DagBag from /usr/local/lib/python3.8/site-packages/airflow/example_dags/tutorial_dag.py
[2024-03-18T09:50:06.113+0200] {processor.py:840} INFO - DAG(s) 'tutorial_dag' retrieved from /usr/local/lib/python3.8/site-packages/airflow/example_dags/tutorial_dag.py
[2024-03-18T09:50:06.254+0200] {logging_mixin.py:188} INFO - [2024-03-18T09:50:06.253+0200] {dag.py:3047} INFO - Sync 1 DAGs
[2024-03-18T09:50:06.264+0200] {logging_mixin.py:188} INFO - [2024-03-18T09:50:06.264+0200] {dag.py:3834} INFO - Setting next_dagrun for tutorial_dag to None, run_after=None
[2024-03-18T09:50:06.294+0200] {processor.py:183} INFO - Processing /usr/local/lib/python3.8/site-packages/airflow/example_dags/tutorial_dag.py took 0.202 seconds
[2024-03-18T09:50:41.978+0200] {processor.py:161} INFO - Started process (PID=3823) to work on /usr/local/lib/python3.8/site-packages/airflow/example_dags/tutorial_dag.py
[2024-03-18T09:50:41.978+0200] {processor.py:830} INFO - Processing file /usr/local/lib/python3.8/site-packages/airflow/example_dags/tutorial_dag.py for tasks to queue
[2024-03-18T09:50:41.979+0200] {logging_mixin.py:188} INFO - [2024-03-18T09:50:41.979+0200] {dagbag.py:540} INFO - Filling up the DagBag from /usr/local/lib/python3.8/site-packages/airflow/example_dags/tutorial_dag.py
[2024-03-18T09:50:41.997+0200] {processor.py:840} INFO - DAG(s) 'tutorial_dag' retrieved from /usr/local/lib/python3.8/site-packages/airflow/example_dags/tutorial_dag.py
[2024-03-18T09:50:42.160+0200] {logging_mixin.py:188} INFO - [2024-03-18T09:50:42.159+0200] {dag.py:3047} INFO - Sync 1 DAGs
[2024-03-18T09:50:42.182+0200] {logging_mixin.py:188} INFO - [2024-03-18T09:50:42.182+0200] {dag.py:3834} INFO - Setting next_dagrun for tutorial_dag to None, run_after=None
[2024-03-18T09:50:42.196+0200] {processor.py:183} INFO - Processing /usr/local/lib/python3.8/site-packages/airflow/example_dags/tutorial_dag.py took 0.220 seconds
[2024-03-18T09:51:23.193+0200] {processor.py:161} INFO - Started process (PID=3987) to work on /usr/local/lib/python3.8/site-packages/airflow/example_dags/tutorial_dag.py
[2024-03-18T09:51:23.194+0200] {processor.py:830} INFO - Processing file /usr/local/lib/python3.8/site-packages/airflow/example_dags/tutorial_dag.py for tasks to queue
[2024-03-18T09:51:23.195+0200] {logging_mixin.py:188} INFO - [2024-03-18T09:51:23.195+0200] {dagbag.py:540} INFO - Filling up the DagBag from /usr/local/lib/python3.8/site-packages/airflow/example_dags/tutorial_dag.py
[2024-03-18T09:51:23.219+0200] {processor.py:840} INFO - DAG(s) 'tutorial_dag' retrieved from /usr/local/lib/python3.8/site-packages/airflow/example_dags/tutorial_dag.py
[2024-03-18T09:51:23.380+0200] {logging_mixin.py:188} INFO - [2024-03-18T09:51:23.379+0200] {dag.py:3047} INFO - Sync 1 DAGs
[2024-03-18T09:51:23.392+0200] {logging_mixin.py:188} INFO - [2024-03-18T09:51:23.392+0200] {dag.py:3834} INFO - Setting next_dagrun for tutorial_dag to None, run_after=None
[2024-03-18T09:51:23.410+0200] {processor.py:183} INFO - Processing /usr/local/lib/python3.8/site-packages/airflow/example_dags/tutorial_dag.py took 0.218 seconds
[2024-03-18T09:52:00.848+0200] {processor.py:161} INFO - Started process (PID=4138) to work on /usr/local/lib/python3.8/site-packages/airflow/example_dags/tutorial_dag.py
[2024-03-18T09:52:00.849+0200] {processor.py:830} INFO - Processing file /usr/local/lib/python3.8/site-packages/airflow/example_dags/tutorial_dag.py for tasks to queue
[2024-03-18T09:52:00.850+0200] {logging_mixin.py:188} INFO - [2024-03-18T09:52:00.850+0200] {dagbag.py:540} INFO - Filling up the DagBag from /usr/local/lib/python3.8/site-packages/airflow/example_dags/tutorial_dag.py
[2024-03-18T09:52:00.872+0200] {processor.py:840} INFO - DAG(s) 'tutorial_dag' retrieved from /usr/local/lib/python3.8/site-packages/airflow/example_dags/tutorial_dag.py
[2024-03-18T09:52:01.009+0200] {logging_mixin.py:188} INFO - [2024-03-18T09:52:01.009+0200] {dag.py:3047} INFO - Sync 1 DAGs
[2024-03-18T09:52:01.031+0200] {logging_mixin.py:188} INFO - [2024-03-18T09:52:01.031+0200] {dag.py:3834} INFO - Setting next_dagrun for tutorial_dag to None, run_after=None
[2024-03-18T09:52:01.047+0200] {processor.py:183} INFO - Processing /usr/local/lib/python3.8/site-packages/airflow/example_dags/tutorial_dag.py took 0.201 seconds
[2024-03-18T09:52:42.402+0200] {processor.py:161} INFO - Started process (PID=4285) to work on /usr/local/lib/python3.8/site-packages/airflow/example_dags/tutorial_dag.py
[2024-03-18T09:52:42.403+0200] {processor.py:830} INFO - Processing file /usr/local/lib/python3.8/site-packages/airflow/example_dags/tutorial_dag.py for tasks to queue
[2024-03-18T09:52:42.404+0200] {logging_mixin.py:188} INFO - [2024-03-18T09:52:42.404+0200] {dagbag.py:540} INFO - Filling up the DagBag from /usr/local/lib/python3.8/site-packages/airflow/example_dags/tutorial_dag.py
[2024-03-18T09:52:42.429+0200] {processor.py:840} INFO - DAG(s) 'tutorial_dag' retrieved from /usr/local/lib/python3.8/site-packages/airflow/example_dags/tutorial_dag.py
[2024-03-18T09:52:42.629+0200] {logging_mixin.py:188} INFO - [2024-03-18T09:52:42.628+0200] {dag.py:3047} INFO - Sync 1 DAGs
[2024-03-18T09:52:42.643+0200] {logging_mixin.py:188} INFO - [2024-03-18T09:52:42.642+0200] {dag.py:3834} INFO - Setting next_dagrun for tutorial_dag to None, run_after=None
[2024-03-18T09:52:42.690+0200] {processor.py:183} INFO - Processing /usr/local/lib/python3.8/site-packages/airflow/example_dags/tutorial_dag.py took 0.291 seconds
[2024-03-18T09:53:20.662+0200] {processor.py:161} INFO - Started process (PID=4436) to work on /usr/local/lib/python3.8/site-packages/airflow/example_dags/tutorial_dag.py
[2024-03-18T09:53:20.662+0200] {processor.py:830} INFO - Processing file /usr/local/lib/python3.8/site-packages/airflow/example_dags/tutorial_dag.py for tasks to queue
[2024-03-18T09:53:20.663+0200] {logging_mixin.py:188} INFO - [2024-03-18T09:53:20.663+0200] {dagbag.py:540} INFO - Filling up the DagBag from /usr/local/lib/python3.8/site-packages/airflow/example_dags/tutorial_dag.py
[2024-03-18T09:53:20.682+0200] {processor.py:840} INFO - DAG(s) 'tutorial_dag' retrieved from /usr/local/lib/python3.8/site-packages/airflow/example_dags/tutorial_dag.py
[2024-03-18T09:53:20.828+0200] {logging_mixin.py:188} INFO - [2024-03-18T09:53:20.827+0200] {dag.py:3047} INFO - Sync 1 DAGs
[2024-03-18T09:53:20.838+0200] {logging_mixin.py:188} INFO - [2024-03-18T09:53:20.838+0200] {dag.py:3834} INFO - Setting next_dagrun for tutorial_dag to None, run_after=None
[2024-03-18T09:53:20.854+0200] {processor.py:183} INFO - Processing /usr/local/lib/python3.8/site-packages/airflow/example_dags/tutorial_dag.py took 0.194 seconds
[2024-03-18T09:54:02.468+0200] {processor.py:161} INFO - Started process (PID=4609) to work on /usr/local/lib/python3.8/site-packages/airflow/example_dags/tutorial_dag.py
[2024-03-18T09:54:02.469+0200] {processor.py:830} INFO - Processing file /usr/local/lib/python3.8/site-packages/airflow/example_dags/tutorial_dag.py for tasks to queue
[2024-03-18T09:54:02.469+0200] {logging_mixin.py:188} INFO - [2024-03-18T09:54:02.469+0200] {dagbag.py:540} INFO - Filling up the DagBag from /usr/local/lib/python3.8/site-packages/airflow/example_dags/tutorial_dag.py
[2024-03-18T09:54:02.492+0200] {processor.py:840} INFO - DAG(s) 'tutorial_dag' retrieved from /usr/local/lib/python3.8/site-packages/airflow/example_dags/tutorial_dag.py
[2024-03-18T09:54:02.650+0200] {logging_mixin.py:188} INFO - [2024-03-18T09:54:02.650+0200] {dag.py:3047} INFO - Sync 1 DAGs
[2024-03-18T09:54:02.678+0200] {logging_mixin.py:188} INFO - [2024-03-18T09:54:02.677+0200] {dag.py:3834} INFO - Setting next_dagrun for tutorial_dag to None, run_after=None
[2024-03-18T09:54:02.693+0200] {processor.py:183} INFO - Processing /usr/local/lib/python3.8/site-packages/airflow/example_dags/tutorial_dag.py took 0.227 seconds
[2024-03-18T09:54:37.898+0200] {processor.py:161} INFO - Started process (PID=4735) to work on /usr/local/lib/python3.8/site-packages/airflow/example_dags/tutorial_dag.py
[2024-03-18T09:54:37.898+0200] {processor.py:830} INFO - Processing file /usr/local/lib/python3.8/site-packages/airflow/example_dags/tutorial_dag.py for tasks to queue
[2024-03-18T09:54:37.899+0200] {logging_mixin.py:188} INFO - [2024-03-18T09:54:37.899+0200] {dagbag.py:540} INFO - Filling up the DagBag from /usr/local/lib/python3.8/site-packages/airflow/example_dags/tutorial_dag.py
[2024-03-18T09:54:37.919+0200] {processor.py:840} INFO - DAG(s) 'tutorial_dag' retrieved from /usr/local/lib/python3.8/site-packages/airflow/example_dags/tutorial_dag.py
[2024-03-18T09:54:38.078+0200] {logging_mixin.py:188} INFO - [2024-03-18T09:54:38.078+0200] {dag.py:3047} INFO - Sync 1 DAGs
[2024-03-18T09:54:38.090+0200] {logging_mixin.py:188} INFO - [2024-03-18T09:54:38.090+0200] {dag.py:3834} INFO - Setting next_dagrun for tutorial_dag to None, run_after=None
[2024-03-18T09:54:38.109+0200] {processor.py:183} INFO - Processing /usr/local/lib/python3.8/site-packages/airflow/example_dags/tutorial_dag.py took 0.213 seconds
[2024-03-18T09:55:21.064+0200] {processor.py:161} INFO - Started process (PID=4912) to work on /usr/local/lib/python3.8/site-packages/airflow/example_dags/tutorial_dag.py
[2024-03-18T09:55:21.065+0200] {processor.py:830} INFO - Processing file /usr/local/lib/python3.8/site-packages/airflow/example_dags/tutorial_dag.py for tasks to queue
[2024-03-18T09:55:21.065+0200] {logging_mixin.py:188} INFO - [2024-03-18T09:55:21.065+0200] {dagbag.py:540} INFO - Filling up the DagBag from /usr/local/lib/python3.8/site-packages/airflow/example_dags/tutorial_dag.py
[2024-03-18T09:55:21.086+0200] {processor.py:840} INFO - DAG(s) 'tutorial_dag' retrieved from /usr/local/lib/python3.8/site-packages/airflow/example_dags/tutorial_dag.py
[2024-03-18T09:55:21.247+0200] {logging_mixin.py:188} INFO - [2024-03-18T09:55:21.247+0200] {dag.py:3047} INFO - Sync 1 DAGs
[2024-03-18T09:55:21.260+0200] {logging_mixin.py:188} INFO - [2024-03-18T09:55:21.260+0200] {dag.py:3834} INFO - Setting next_dagrun for tutorial_dag to None, run_after=None
[2024-03-18T09:55:21.294+0200] {processor.py:183} INFO - Processing /usr/local/lib/python3.8/site-packages/airflow/example_dags/tutorial_dag.py took 0.232 seconds
[2024-03-18T09:56:08.885+0200] {processor.py:161} INFO - Started process (PID=5150) to work on /usr/local/lib/python3.8/site-packages/airflow/example_dags/tutorial_dag.py
[2024-03-18T09:56:08.886+0200] {processor.py:830} INFO - Processing file /usr/local/lib/python3.8/site-packages/airflow/example_dags/tutorial_dag.py for tasks to queue
[2024-03-18T09:56:08.887+0200] {logging_mixin.py:188} INFO - [2024-03-18T09:56:08.887+0200] {dagbag.py:540} INFO - Filling up the DagBag from /usr/local/lib/python3.8/site-packages/airflow/example_dags/tutorial_dag.py
[2024-03-18T09:56:08.910+0200] {processor.py:840} INFO - DAG(s) 'tutorial_dag' retrieved from /usr/local/lib/python3.8/site-packages/airflow/example_dags/tutorial_dag.py
[2024-03-18T09:56:09.077+0200] {logging_mixin.py:188} INFO - [2024-03-18T09:56:09.077+0200] {dag.py:3047} INFO - Sync 1 DAGs
[2024-03-18T09:56:09.088+0200] {logging_mixin.py:188} INFO - [2024-03-18T09:56:09.088+0200] {dag.py:3834} INFO - Setting next_dagrun for tutorial_dag to None, run_after=None
[2024-03-18T09:56:09.106+0200] {processor.py:183} INFO - Processing /usr/local/lib/python3.8/site-packages/airflow/example_dags/tutorial_dag.py took 0.222 seconds
[2024-03-18T09:56:47.129+0200] {processor.py:161} INFO - Started process (PID=5386) to work on /usr/local/lib/python3.8/site-packages/airflow/example_dags/tutorial_dag.py
[2024-03-18T09:56:47.130+0200] {processor.py:830} INFO - Processing file /usr/local/lib/python3.8/site-packages/airflow/example_dags/tutorial_dag.py for tasks to queue
[2024-03-18T09:56:47.131+0200] {logging_mixin.py:188} INFO - [2024-03-18T09:56:47.131+0200] {dagbag.py:540} INFO - Filling up the DagBag from /usr/local/lib/python3.8/site-packages/airflow/example_dags/tutorial_dag.py
[2024-03-18T09:56:47.160+0200] {processor.py:840} INFO - DAG(s) 'tutorial_dag' retrieved from /usr/local/lib/python3.8/site-packages/airflow/example_dags/tutorial_dag.py
[2024-03-18T09:56:47.406+0200] {logging_mixin.py:188} INFO - [2024-03-18T09:56:47.406+0200] {dag.py:3047} INFO - Sync 1 DAGs
[2024-03-18T09:56:47.442+0200] {logging_mixin.py:188} INFO - [2024-03-18T09:56:47.442+0200] {dag.py:3834} INFO - Setting next_dagrun for tutorial_dag to None, run_after=None
[2024-03-18T09:56:47.466+0200] {processor.py:183} INFO - Processing /usr/local/lib/python3.8/site-packages/airflow/example_dags/tutorial_dag.py took 0.339 seconds
[2024-03-18T09:57:27.922+0200] {processor.py:161} INFO - Started process (PID=5674) to work on /usr/local/lib/python3.8/site-packages/airflow/example_dags/tutorial_dag.py
[2024-03-18T09:57:27.923+0200] {processor.py:830} INFO - Processing file /usr/local/lib/python3.8/site-packages/airflow/example_dags/tutorial_dag.py for tasks to queue
[2024-03-18T09:57:27.924+0200] {logging_mixin.py:188} INFO - [2024-03-18T09:57:27.924+0200] {dagbag.py:540} INFO - Filling up the DagBag from /usr/local/lib/python3.8/site-packages/airflow/example_dags/tutorial_dag.py
[2024-03-18T09:57:27.947+0200] {processor.py:840} INFO - DAG(s) 'tutorial_dag' retrieved from /usr/local/lib/python3.8/site-packages/airflow/example_dags/tutorial_dag.py
[2024-03-18T09:57:28.113+0200] {logging_mixin.py:188} INFO - [2024-03-18T09:57:28.113+0200] {dag.py:3047} INFO - Sync 1 DAGs
[2024-03-18T09:57:28.139+0200] {logging_mixin.py:188} INFO - [2024-03-18T09:57:28.139+0200] {dag.py:3834} INFO - Setting next_dagrun for tutorial_dag to None, run_after=None
[2024-03-18T09:57:28.156+0200] {processor.py:183} INFO - Processing /usr/local/lib/python3.8/site-packages/airflow/example_dags/tutorial_dag.py took 0.235 seconds
[2024-03-18T09:58:11.573+0200] {processor.py:161} INFO - Started process (PID=5863) to work on /usr/local/lib/python3.8/site-packages/airflow/example_dags/tutorial_dag.py
[2024-03-18T09:58:11.574+0200] {processor.py:830} INFO - Processing file /usr/local/lib/python3.8/site-packages/airflow/example_dags/tutorial_dag.py for tasks to queue
[2024-03-18T09:58:11.574+0200] {logging_mixin.py:188} INFO - [2024-03-18T09:58:11.574+0200] {dagbag.py:540} INFO - Filling up the DagBag from /usr/local/lib/python3.8/site-packages/airflow/example_dags/tutorial_dag.py
[2024-03-18T09:58:11.598+0200] {processor.py:840} INFO - DAG(s) 'tutorial_dag' retrieved from /usr/local/lib/python3.8/site-packages/airflow/example_dags/tutorial_dag.py
[2024-03-18T09:58:11.760+0200] {logging_mixin.py:188} INFO - [2024-03-18T09:58:11.760+0200] {dag.py:3047} INFO - Sync 1 DAGs
[2024-03-18T09:58:11.788+0200] {logging_mixin.py:188} INFO - [2024-03-18T09:58:11.788+0200] {dag.py:3834} INFO - Setting next_dagrun for tutorial_dag to None, run_after=None
[2024-03-18T09:58:11.805+0200] {processor.py:183} INFO - Processing /usr/local/lib/python3.8/site-packages/airflow/example_dags/tutorial_dag.py took 0.234 seconds
[2024-03-18T09:58:50.470+0200] {processor.py:161} INFO - Started process (PID=5998) to work on /usr/local/lib/python3.8/site-packages/airflow/example_dags/tutorial_dag.py
[2024-03-18T09:58:50.471+0200] {processor.py:830} INFO - Processing file /usr/local/lib/python3.8/site-packages/airflow/example_dags/tutorial_dag.py for tasks to queue
[2024-03-18T09:58:50.472+0200] {logging_mixin.py:188} INFO - [2024-03-18T09:58:50.471+0200] {dagbag.py:540} INFO - Filling up the DagBag from /usr/local/lib/python3.8/site-packages/airflow/example_dags/tutorial_dag.py
[2024-03-18T09:58:50.500+0200] {processor.py:840} INFO - DAG(s) 'tutorial_dag' retrieved from /usr/local/lib/python3.8/site-packages/airflow/example_dags/tutorial_dag.py
[2024-03-18T09:58:50.693+0200] {logging_mixin.py:188} INFO - [2024-03-18T09:58:50.693+0200] {dag.py:3047} INFO - Sync 1 DAGs
[2024-03-18T09:58:50.705+0200] {logging_mixin.py:188} INFO - [2024-03-18T09:58:50.704+0200] {dag.py:3834} INFO - Setting next_dagrun for tutorial_dag to None, run_after=None
[2024-03-18T09:58:50.739+0200] {processor.py:183} INFO - Processing /usr/local/lib/python3.8/site-packages/airflow/example_dags/tutorial_dag.py took 0.270 seconds
[2024-03-18T09:59:35.095+0200] {processor.py:161} INFO - Started process (PID=6173) to work on /usr/local/lib/python3.8/site-packages/airflow/example_dags/tutorial_dag.py
[2024-03-18T09:59:35.097+0200] {processor.py:830} INFO - Processing file /usr/local/lib/python3.8/site-packages/airflow/example_dags/tutorial_dag.py for tasks to queue
[2024-03-18T09:59:35.099+0200] {logging_mixin.py:188} INFO - [2024-03-18T09:59:35.098+0200] {dagbag.py:540} INFO - Filling up the DagBag from /usr/local/lib/python3.8/site-packages/airflow/example_dags/tutorial_dag.py
[2024-03-18T09:59:35.130+0200] {processor.py:840} INFO - DAG(s) 'tutorial_dag' retrieved from /usr/local/lib/python3.8/site-packages/airflow/example_dags/tutorial_dag.py
[2024-03-18T09:59:35.309+0200] {logging_mixin.py:188} INFO - [2024-03-18T09:59:35.308+0200] {dag.py:3047} INFO - Sync 1 DAGs
[2024-03-18T09:59:35.338+0200] {logging_mixin.py:188} INFO - [2024-03-18T09:59:35.338+0200] {dag.py:3834} INFO - Setting next_dagrun for tutorial_dag to None, run_after=None
[2024-03-18T09:59:35.366+0200] {processor.py:183} INFO - Processing /usr/local/lib/python3.8/site-packages/airflow/example_dags/tutorial_dag.py took 0.273 seconds
[2024-03-18T10:00:22.339+0200] {processor.py:161} INFO - Started process (PID=6344) to work on /usr/local/lib/python3.8/site-packages/airflow/example_dags/tutorial_dag.py
[2024-03-18T10:00:22.340+0200] {processor.py:830} INFO - Processing file /usr/local/lib/python3.8/site-packages/airflow/example_dags/tutorial_dag.py for tasks to queue
[2024-03-18T10:00:22.341+0200] {logging_mixin.py:188} INFO - [2024-03-18T10:00:22.340+0200] {dagbag.py:540} INFO - Filling up the DagBag from /usr/local/lib/python3.8/site-packages/airflow/example_dags/tutorial_dag.py
[2024-03-18T10:00:22.371+0200] {processor.py:840} INFO - DAG(s) 'tutorial_dag' retrieved from /usr/local/lib/python3.8/site-packages/airflow/example_dags/tutorial_dag.py
[2024-03-18T10:00:22.583+0200] {logging_mixin.py:188} INFO - [2024-03-18T10:00:22.583+0200] {dag.py:3047} INFO - Sync 1 DAGs
[2024-03-18T10:00:22.595+0200] {logging_mixin.py:188} INFO - [2024-03-18T10:00:22.595+0200] {dag.py:3834} INFO - Setting next_dagrun for tutorial_dag to None, run_after=None
[2024-03-18T10:00:22.614+0200] {processor.py:183} INFO - Processing /usr/local/lib/python3.8/site-packages/airflow/example_dags/tutorial_dag.py took 0.277 seconds
[2024-03-18T10:01:12.567+0200] {processor.py:161} INFO - Started process (PID=6677) to work on /usr/local/lib/python3.8/site-packages/airflow/example_dags/tutorial_dag.py
[2024-03-18T10:01:12.568+0200] {processor.py:830} INFO - Processing file /usr/local/lib/python3.8/site-packages/airflow/example_dags/tutorial_dag.py for tasks to queue
[2024-03-18T10:01:12.569+0200] {logging_mixin.py:188} INFO - [2024-03-18T10:01:12.569+0200] {dagbag.py:540} INFO - Filling up the DagBag from /usr/local/lib/python3.8/site-packages/airflow/example_dags/tutorial_dag.py
[2024-03-18T10:01:12.597+0200] {processor.py:840} INFO - DAG(s) 'tutorial_dag' retrieved from /usr/local/lib/python3.8/site-packages/airflow/example_dags/tutorial_dag.py
[2024-03-18T10:01:12.798+0200] {logging_mixin.py:188} INFO - [2024-03-18T10:01:12.797+0200] {dag.py:3047} INFO - Sync 1 DAGs
[2024-03-18T10:01:12.813+0200] {logging_mixin.py:188} INFO - [2024-03-18T10:01:12.812+0200] {dag.py:3834} INFO - Setting next_dagrun for tutorial_dag to None, run_after=None
[2024-03-18T10:01:12.850+0200] {processor.py:183} INFO - Processing /usr/local/lib/python3.8/site-packages/airflow/example_dags/tutorial_dag.py took 0.285 seconds
[2024-03-18T10:02:01.537+0200] {processor.py:161} INFO - Started process (PID=6938) to work on /usr/local/lib/python3.8/site-packages/airflow/example_dags/tutorial_dag.py
[2024-03-18T10:02:01.538+0200] {processor.py:830} INFO - Processing file /usr/local/lib/python3.8/site-packages/airflow/example_dags/tutorial_dag.py for tasks to queue
[2024-03-18T10:02:01.539+0200] {logging_mixin.py:188} INFO - [2024-03-18T10:02:01.539+0200] {dagbag.py:540} INFO - Filling up the DagBag from /usr/local/lib/python3.8/site-packages/airflow/example_dags/tutorial_dag.py
[2024-03-18T10:02:01.573+0200] {processor.py:840} INFO - DAG(s) 'tutorial_dag' retrieved from /usr/local/lib/python3.8/site-packages/airflow/example_dags/tutorial_dag.py
[2024-03-18T10:02:01.740+0200] {logging_mixin.py:188} INFO - [2024-03-18T10:02:01.740+0200] {dag.py:3047} INFO - Sync 1 DAGs
[2024-03-18T10:02:01.750+0200] {logging_mixin.py:188} INFO - [2024-03-18T10:02:01.750+0200] {dag.py:3834} INFO - Setting next_dagrun for tutorial_dag to None, run_after=None
[2024-03-18T10:02:01.781+0200] {processor.py:183} INFO - Processing /usr/local/lib/python3.8/site-packages/airflow/example_dags/tutorial_dag.py took 0.246 seconds
[2024-03-18T10:02:39.455+0200] {processor.py:161} INFO - Started process (PID=7083) to work on /usr/local/lib/python3.8/site-packages/airflow/example_dags/tutorial_dag.py
[2024-03-18T10:02:39.456+0200] {processor.py:830} INFO - Processing file /usr/local/lib/python3.8/site-packages/airflow/example_dags/tutorial_dag.py for tasks to queue
[2024-03-18T10:02:39.457+0200] {logging_mixin.py:188} INFO - [2024-03-18T10:02:39.456+0200] {dagbag.py:540} INFO - Filling up the DagBag from /usr/local/lib/python3.8/site-packages/airflow/example_dags/tutorial_dag.py
[2024-03-18T10:02:39.479+0200] {processor.py:840} INFO - DAG(s) 'tutorial_dag' retrieved from /usr/local/lib/python3.8/site-packages/airflow/example_dags/tutorial_dag.py
[2024-03-18T10:02:39.631+0200] {logging_mixin.py:188} INFO - [2024-03-18T10:02:39.630+0200] {dag.py:3047} INFO - Sync 1 DAGs
[2024-03-18T10:02:39.641+0200] {logging_mixin.py:188} INFO - [2024-03-18T10:02:39.641+0200] {dag.py:3834} INFO - Setting next_dagrun for tutorial_dag to None, run_after=None
[2024-03-18T10:02:39.656+0200] {processor.py:183} INFO - Processing /usr/local/lib/python3.8/site-packages/airflow/example_dags/tutorial_dag.py took 0.203 seconds
[2024-03-18T10:03:28.418+0200] {processor.py:161} INFO - Started process (PID=7300) to work on /usr/local/lib/python3.8/site-packages/airflow/example_dags/tutorial_dag.py
[2024-03-18T10:03:28.419+0200] {processor.py:830} INFO - Processing file /usr/local/lib/python3.8/site-packages/airflow/example_dags/tutorial_dag.py for tasks to queue
[2024-03-18T10:03:28.420+0200] {logging_mixin.py:188} INFO - [2024-03-18T10:03:28.420+0200] {dagbag.py:540} INFO - Filling up the DagBag from /usr/local/lib/python3.8/site-packages/airflow/example_dags/tutorial_dag.py
[2024-03-18T10:03:28.442+0200] {processor.py:840} INFO - DAG(s) 'tutorial_dag' retrieved from /usr/local/lib/python3.8/site-packages/airflow/example_dags/tutorial_dag.py
[2024-03-18T10:03:28.630+0200] {logging_mixin.py:188} INFO - [2024-03-18T10:03:28.629+0200] {dag.py:3047} INFO - Sync 1 DAGs
[2024-03-18T10:03:28.643+0200] {logging_mixin.py:188} INFO - [2024-03-18T10:03:28.643+0200] {dag.py:3834} INFO - Setting next_dagrun for tutorial_dag to None, run_after=None
[2024-03-18T10:03:28.680+0200] {processor.py:183} INFO - Processing /usr/local/lib/python3.8/site-packages/airflow/example_dags/tutorial_dag.py took 0.263 seconds
[2024-03-18T10:04:12.786+0200] {processor.py:161} INFO - Started process (PID=7495) to work on /usr/local/lib/python3.8/site-packages/airflow/example_dags/tutorial_dag.py
[2024-03-18T10:04:12.787+0200] {processor.py:830} INFO - Processing file /usr/local/lib/python3.8/site-packages/airflow/example_dags/tutorial_dag.py for tasks to queue
[2024-03-18T10:04:12.787+0200] {logging_mixin.py:188} INFO - [2024-03-18T10:04:12.787+0200] {dagbag.py:540} INFO - Filling up the DagBag from /usr/local/lib/python3.8/site-packages/airflow/example_dags/tutorial_dag.py
[2024-03-18T10:04:12.811+0200] {processor.py:840} INFO - DAG(s) 'tutorial_dag' retrieved from /usr/local/lib/python3.8/site-packages/airflow/example_dags/tutorial_dag.py
[2024-03-18T10:04:13.004+0200] {logging_mixin.py:188} INFO - [2024-03-18T10:04:13.004+0200] {dag.py:3047} INFO - Sync 1 DAGs
[2024-03-18T10:04:13.052+0200] {logging_mixin.py:188} INFO - [2024-03-18T10:04:13.052+0200] {dag.py:3834} INFO - Setting next_dagrun for tutorial_dag to None, run_after=None
[2024-03-18T10:04:13.087+0200] {processor.py:183} INFO - Processing /usr/local/lib/python3.8/site-packages/airflow/example_dags/tutorial_dag.py took 0.303 seconds
[2024-03-18T10:04:51.752+0200] {processor.py:161} INFO - Started process (PID=7645) to work on /usr/local/lib/python3.8/site-packages/airflow/example_dags/tutorial_dag.py
[2024-03-18T10:04:51.753+0200] {processor.py:830} INFO - Processing file /usr/local/lib/python3.8/site-packages/airflow/example_dags/tutorial_dag.py for tasks to queue
[2024-03-18T10:04:51.754+0200] {logging_mixin.py:188} INFO - [2024-03-18T10:04:51.753+0200] {dagbag.py:540} INFO - Filling up the DagBag from /usr/local/lib/python3.8/site-packages/airflow/example_dags/tutorial_dag.py
[2024-03-18T10:04:51.780+0200] {processor.py:840} INFO - DAG(s) 'tutorial_dag' retrieved from /usr/local/lib/python3.8/site-packages/airflow/example_dags/tutorial_dag.py
[2024-03-18T10:04:51.932+0200] {logging_mixin.py:188} INFO - [2024-03-18T10:04:51.931+0200] {dag.py:3047} INFO - Sync 1 DAGs
[2024-03-18T10:04:51.942+0200] {logging_mixin.py:188} INFO - [2024-03-18T10:04:51.942+0200] {dag.py:3834} INFO - Setting next_dagrun for tutorial_dag to None, run_after=None
[2024-03-18T10:04:51.958+0200] {processor.py:183} INFO - Processing /usr/local/lib/python3.8/site-packages/airflow/example_dags/tutorial_dag.py took 0.208 seconds
[2024-03-18T10:05:30.914+0200] {processor.py:161} INFO - Started process (PID=7795) to work on /usr/local/lib/python3.8/site-packages/airflow/example_dags/tutorial_dag.py
[2024-03-18T10:05:30.915+0200] {processor.py:830} INFO - Processing file /usr/local/lib/python3.8/site-packages/airflow/example_dags/tutorial_dag.py for tasks to queue
[2024-03-18T10:05:30.915+0200] {logging_mixin.py:188} INFO - [2024-03-18T10:05:30.915+0200] {dagbag.py:540} INFO - Filling up the DagBag from /usr/local/lib/python3.8/site-packages/airflow/example_dags/tutorial_dag.py
[2024-03-18T10:05:30.940+0200] {processor.py:840} INFO - DAG(s) 'tutorial_dag' retrieved from /usr/local/lib/python3.8/site-packages/airflow/example_dags/tutorial_dag.py
[2024-03-18T10:05:31.138+0200] {logging_mixin.py:188} INFO - [2024-03-18T10:05:31.138+0200] {dag.py:3047} INFO - Sync 1 DAGs
[2024-03-18T10:05:31.152+0200] {logging_mixin.py:188} INFO - [2024-03-18T10:05:31.151+0200] {dag.py:3834} INFO - Setting next_dagrun for tutorial_dag to None, run_after=None
[2024-03-18T10:05:31.189+0200] {processor.py:183} INFO - Processing /usr/local/lib/python3.8/site-packages/airflow/example_dags/tutorial_dag.py took 0.277 seconds
[2024-03-18T10:06:10.361+0200] {processor.py:161} INFO - Started process (PID=7946) to work on /usr/local/lib/python3.8/site-packages/airflow/example_dags/tutorial_dag.py
[2024-03-18T10:06:10.362+0200] {processor.py:830} INFO - Processing file /usr/local/lib/python3.8/site-packages/airflow/example_dags/tutorial_dag.py for tasks to queue
[2024-03-18T10:06:10.362+0200] {logging_mixin.py:188} INFO - [2024-03-18T10:06:10.362+0200] {dagbag.py:540} INFO - Filling up the DagBag from /usr/local/lib/python3.8/site-packages/airflow/example_dags/tutorial_dag.py
[2024-03-18T10:06:10.385+0200] {processor.py:840} INFO - DAG(s) 'tutorial_dag' retrieved from /usr/local/lib/python3.8/site-packages/airflow/example_dags/tutorial_dag.py
[2024-03-18T10:06:10.531+0200] {logging_mixin.py:188} INFO - [2024-03-18T10:06:10.531+0200] {dag.py:3047} INFO - Sync 1 DAGs
[2024-03-18T10:06:10.542+0200] {logging_mixin.py:188} INFO - [2024-03-18T10:06:10.542+0200] {dag.py:3834} INFO - Setting next_dagrun for tutorial_dag to None, run_after=None
[2024-03-18T10:06:10.576+0200] {processor.py:183} INFO - Processing /usr/local/lib/python3.8/site-packages/airflow/example_dags/tutorial_dag.py took 0.217 seconds
[2024-03-18T10:06:56.945+0200] {processor.py:161} INFO - Started process (PID=8119) to work on /usr/local/lib/python3.8/site-packages/airflow/example_dags/tutorial_dag.py
[2024-03-18T10:06:56.946+0200] {processor.py:830} INFO - Processing file /usr/local/lib/python3.8/site-packages/airflow/example_dags/tutorial_dag.py for tasks to queue
[2024-03-18T10:06:56.947+0200] {logging_mixin.py:188} INFO - [2024-03-18T10:06:56.947+0200] {dagbag.py:540} INFO - Filling up the DagBag from /usr/local/lib/python3.8/site-packages/airflow/example_dags/tutorial_dag.py
[2024-03-18T10:06:56.966+0200] {processor.py:840} INFO - DAG(s) 'tutorial_dag' retrieved from /usr/local/lib/python3.8/site-packages/airflow/example_dags/tutorial_dag.py
[2024-03-18T10:06:57.101+0200] {logging_mixin.py:188} INFO - [2024-03-18T10:06:57.100+0200] {dag.py:3047} INFO - Sync 1 DAGs
[2024-03-18T10:06:57.127+0200] {logging_mixin.py:188} INFO - [2024-03-18T10:06:57.127+0200] {dag.py:3834} INFO - Setting next_dagrun for tutorial_dag to None, run_after=None
[2024-03-18T10:06:57.143+0200] {processor.py:183} INFO - Processing /usr/local/lib/python3.8/site-packages/airflow/example_dags/tutorial_dag.py took 0.199 seconds
[2024-03-18T10:07:36.146+0200] {processor.py:161} INFO - Started process (PID=8299) to work on /usr/local/lib/python3.8/site-packages/airflow/example_dags/tutorial_dag.py
[2024-03-18T10:07:36.148+0200] {processor.py:830} INFO - Processing file /usr/local/lib/python3.8/site-packages/airflow/example_dags/tutorial_dag.py for tasks to queue
[2024-03-18T10:07:36.149+0200] {logging_mixin.py:188} INFO - [2024-03-18T10:07:36.149+0200] {dagbag.py:540} INFO - Filling up the DagBag from /usr/local/lib/python3.8/site-packages/airflow/example_dags/tutorial_dag.py
[2024-03-18T10:07:36.172+0200] {processor.py:840} INFO - DAG(s) 'tutorial_dag' retrieved from /usr/local/lib/python3.8/site-packages/airflow/example_dags/tutorial_dag.py
[2024-03-18T10:07:36.325+0200] {logging_mixin.py:188} INFO - [2024-03-18T10:07:36.324+0200] {dag.py:3047} INFO - Sync 1 DAGs
[2024-03-18T10:07:36.336+0200] {logging_mixin.py:188} INFO - [2024-03-18T10:07:36.336+0200] {dag.py:3834} INFO - Setting next_dagrun for tutorial_dag to None, run_after=None
[2024-03-18T10:07:36.353+0200] {processor.py:183} INFO - Processing /usr/local/lib/python3.8/site-packages/airflow/example_dags/tutorial_dag.py took 0.209 seconds
[2024-03-18T10:08:22.575+0200] {processor.py:161} INFO - Started process (PID=8581) to work on /usr/local/lib/python3.8/site-packages/airflow/example_dags/tutorial_dag.py
[2024-03-18T10:08:22.575+0200] {processor.py:830} INFO - Processing file /usr/local/lib/python3.8/site-packages/airflow/example_dags/tutorial_dag.py for tasks to queue
[2024-03-18T10:08:22.576+0200] {logging_mixin.py:188} INFO - [2024-03-18T10:08:22.576+0200] {dagbag.py:540} INFO - Filling up the DagBag from /usr/local/lib/python3.8/site-packages/airflow/example_dags/tutorial_dag.py
[2024-03-18T10:08:22.597+0200] {processor.py:840} INFO - DAG(s) 'tutorial_dag' retrieved from /usr/local/lib/python3.8/site-packages/airflow/example_dags/tutorial_dag.py
[2024-03-18T10:08:22.746+0200] {logging_mixin.py:188} INFO - [2024-03-18T10:08:22.746+0200] {dag.py:3047} INFO - Sync 1 DAGs
[2024-03-18T10:08:22.756+0200] {logging_mixin.py:188} INFO - [2024-03-18T10:08:22.756+0200] {dag.py:3834} INFO - Setting next_dagrun for tutorial_dag to None, run_after=None
[2024-03-18T10:08:22.786+0200] {processor.py:183} INFO - Processing /usr/local/lib/python3.8/site-packages/airflow/example_dags/tutorial_dag.py took 0.213 seconds
[2024-03-18T10:09:08.640+0200] {processor.py:161} INFO - Started process (PID=8781) to work on /usr/local/lib/python3.8/site-packages/airflow/example_dags/tutorial_dag.py
[2024-03-18T10:09:08.641+0200] {processor.py:830} INFO - Processing file /usr/local/lib/python3.8/site-packages/airflow/example_dags/tutorial_dag.py for tasks to queue
[2024-03-18T10:09:08.642+0200] {logging_mixin.py:188} INFO - [2024-03-18T10:09:08.642+0200] {dagbag.py:540} INFO - Filling up the DagBag from /usr/local/lib/python3.8/site-packages/airflow/example_dags/tutorial_dag.py
[2024-03-18T10:09:08.667+0200] {processor.py:840} INFO - DAG(s) 'tutorial_dag' retrieved from /usr/local/lib/python3.8/site-packages/airflow/example_dags/tutorial_dag.py
[2024-03-18T10:09:08.824+0200] {logging_mixin.py:188} INFO - [2024-03-18T10:09:08.824+0200] {dag.py:3047} INFO - Sync 1 DAGs
[2024-03-18T10:09:08.839+0200] {logging_mixin.py:188} INFO - [2024-03-18T10:09:08.838+0200] {dag.py:3834} INFO - Setting next_dagrun for tutorial_dag to None, run_after=None
[2024-03-18T10:09:08.879+0200] {processor.py:183} INFO - Processing /usr/local/lib/python3.8/site-packages/airflow/example_dags/tutorial_dag.py took 0.241 seconds
[2024-03-18T10:09:46.267+0200] {processor.py:161} INFO - Started process (PID=8932) to work on /usr/local/lib/python3.8/site-packages/airflow/example_dags/tutorial_dag.py
[2024-03-18T10:09:46.268+0200] {processor.py:830} INFO - Processing file /usr/local/lib/python3.8/site-packages/airflow/example_dags/tutorial_dag.py for tasks to queue
[2024-03-18T10:09:46.268+0200] {logging_mixin.py:188} INFO - [2024-03-18T10:09:46.268+0200] {dagbag.py:540} INFO - Filling up the DagBag from /usr/local/lib/python3.8/site-packages/airflow/example_dags/tutorial_dag.py
[2024-03-18T10:09:46.291+0200] {processor.py:840} INFO - DAG(s) 'tutorial_dag' retrieved from /usr/local/lib/python3.8/site-packages/airflow/example_dags/tutorial_dag.py
[2024-03-18T10:09:46.473+0200] {logging_mixin.py:188} INFO - [2024-03-18T10:09:46.472+0200] {dag.py:3047} INFO - Sync 1 DAGs
[2024-03-18T10:09:46.485+0200] {logging_mixin.py:188} INFO - [2024-03-18T10:09:46.485+0200] {dag.py:3834} INFO - Setting next_dagrun for tutorial_dag to None, run_after=None
[2024-03-18T10:09:46.523+0200] {processor.py:183} INFO - Processing /usr/local/lib/python3.8/site-packages/airflow/example_dags/tutorial_dag.py took 0.258 seconds
[2024-03-18T10:10:22.854+0200] {processor.py:161} INFO - Started process (PID=9073) to work on /usr/local/lib/python3.8/site-packages/airflow/example_dags/tutorial_dag.py
[2024-03-18T10:10:22.855+0200] {processor.py:830} INFO - Processing file /usr/local/lib/python3.8/site-packages/airflow/example_dags/tutorial_dag.py for tasks to queue
[2024-03-18T10:10:22.855+0200] {logging_mixin.py:188} INFO - [2024-03-18T10:10:22.855+0200] {dagbag.py:540} INFO - Filling up the DagBag from /usr/local/lib/python3.8/site-packages/airflow/example_dags/tutorial_dag.py
[2024-03-18T10:10:22.878+0200] {processor.py:840} INFO - DAG(s) 'tutorial_dag' retrieved from /usr/local/lib/python3.8/site-packages/airflow/example_dags/tutorial_dag.py
[2024-03-18T10:10:23.059+0200] {logging_mixin.py:188} INFO - [2024-03-18T10:10:23.059+0200] {dag.py:3047} INFO - Sync 1 DAGs
[2024-03-18T10:10:23.087+0200] {logging_mixin.py:188} INFO - [2024-03-18T10:10:23.087+0200] {dag.py:3834} INFO - Setting next_dagrun for tutorial_dag to None, run_after=None
[2024-03-18T10:10:23.107+0200] {processor.py:183} INFO - Processing /usr/local/lib/python3.8/site-packages/airflow/example_dags/tutorial_dag.py took 0.255 seconds
[2024-03-18T10:11:00.960+0200] {processor.py:161} INFO - Started process (PID=9219) to work on /usr/local/lib/python3.8/site-packages/airflow/example_dags/tutorial_dag.py
[2024-03-18T10:11:00.961+0200] {processor.py:830} INFO - Processing file /usr/local/lib/python3.8/site-packages/airflow/example_dags/tutorial_dag.py for tasks to queue
[2024-03-18T10:11:00.962+0200] {logging_mixin.py:188} INFO - [2024-03-18T10:11:00.962+0200] {dagbag.py:540} INFO - Filling up the DagBag from /usr/local/lib/python3.8/site-packages/airflow/example_dags/tutorial_dag.py
[2024-03-18T10:11:00.989+0200] {processor.py:840} INFO - DAG(s) 'tutorial_dag' retrieved from /usr/local/lib/python3.8/site-packages/airflow/example_dags/tutorial_dag.py
[2024-03-18T10:11:01.180+0200] {logging_mixin.py:188} INFO - [2024-03-18T10:11:01.179+0200] {dag.py:3047} INFO - Sync 1 DAGs
[2024-03-18T10:11:01.190+0200] {logging_mixin.py:188} INFO - [2024-03-18T10:11:01.190+0200] {dag.py:3834} INFO - Setting next_dagrun for tutorial_dag to None, run_after=None
[2024-03-18T10:11:01.205+0200] {processor.py:183} INFO - Processing /usr/local/lib/python3.8/site-packages/airflow/example_dags/tutorial_dag.py took 0.247 seconds
[2024-03-18T10:11:39.410+0200] {processor.py:161} INFO - Started process (PID=9354) to work on /usr/local/lib/python3.8/site-packages/airflow/example_dags/tutorial_dag.py
[2024-03-18T10:11:39.411+0200] {processor.py:830} INFO - Processing file /usr/local/lib/python3.8/site-packages/airflow/example_dags/tutorial_dag.py for tasks to queue
[2024-03-18T10:11:39.412+0200] {logging_mixin.py:188} INFO - [2024-03-18T10:11:39.412+0200] {dagbag.py:540} INFO - Filling up the DagBag from /usr/local/lib/python3.8/site-packages/airflow/example_dags/tutorial_dag.py
[2024-03-18T10:11:39.435+0200] {processor.py:840} INFO - DAG(s) 'tutorial_dag' retrieved from /usr/local/lib/python3.8/site-packages/airflow/example_dags/tutorial_dag.py
[2024-03-18T10:11:39.592+0200] {logging_mixin.py:188} INFO - [2024-03-18T10:11:39.592+0200] {dag.py:3047} INFO - Sync 1 DAGs
[2024-03-18T10:11:39.604+0200] {logging_mixin.py:188} INFO - [2024-03-18T10:11:39.604+0200] {dag.py:3834} INFO - Setting next_dagrun for tutorial_dag to None, run_after=None
[2024-03-18T10:11:39.636+0200] {processor.py:183} INFO - Processing /usr/local/lib/python3.8/site-packages/airflow/example_dags/tutorial_dag.py took 0.228 seconds
[2024-03-18T10:12:20.243+0200] {processor.py:161} INFO - Started process (PID=9517) to work on /usr/local/lib/python3.8/site-packages/airflow/example_dags/tutorial_dag.py
[2024-03-18T10:12:20.244+0200] {processor.py:830} INFO - Processing file /usr/local/lib/python3.8/site-packages/airflow/example_dags/tutorial_dag.py for tasks to queue
[2024-03-18T10:12:20.245+0200] {logging_mixin.py:188} INFO - [2024-03-18T10:12:20.244+0200] {dagbag.py:540} INFO - Filling up the DagBag from /usr/local/lib/python3.8/site-packages/airflow/example_dags/tutorial_dag.py
[2024-03-18T10:12:20.270+0200] {processor.py:840} INFO - DAG(s) 'tutorial_dag' retrieved from /usr/local/lib/python3.8/site-packages/airflow/example_dags/tutorial_dag.py
[2024-03-18T10:12:20.442+0200] {logging_mixin.py:188} INFO - [2024-03-18T10:12:20.442+0200] {dag.py:3047} INFO - Sync 1 DAGs
[2024-03-18T10:12:20.453+0200] {logging_mixin.py:188} INFO - [2024-03-18T10:12:20.453+0200] {dag.py:3834} INFO - Setting next_dagrun for tutorial_dag to None, run_after=None
[2024-03-18T10:12:20.485+0200] {processor.py:183} INFO - Processing /usr/local/lib/python3.8/site-packages/airflow/example_dags/tutorial_dag.py took 0.244 seconds
[2024-03-18T10:13:07.668+0200] {processor.py:161} INFO - Started process (PID=9774) to work on /usr/local/lib/python3.8/site-packages/airflow/example_dags/tutorial_dag.py
[2024-03-18T10:13:07.670+0200] {processor.py:830} INFO - Processing file /usr/local/lib/python3.8/site-packages/airflow/example_dags/tutorial_dag.py for tasks to queue
[2024-03-18T10:13:07.670+0200] {logging_mixin.py:188} INFO - [2024-03-18T10:13:07.670+0200] {dagbag.py:540} INFO - Filling up the DagBag from /usr/local/lib/python3.8/site-packages/airflow/example_dags/tutorial_dag.py
[2024-03-18T10:13:07.697+0200] {processor.py:840} INFO - DAG(s) 'tutorial_dag' retrieved from /usr/local/lib/python3.8/site-packages/airflow/example_dags/tutorial_dag.py
[2024-03-18T10:13:07.891+0200] {logging_mixin.py:188} INFO - [2024-03-18T10:13:07.890+0200] {dag.py:3047} INFO - Sync 1 DAGs
[2024-03-18T10:13:07.905+0200] {logging_mixin.py:188} INFO - [2024-03-18T10:13:07.905+0200] {dag.py:3834} INFO - Setting next_dagrun for tutorial_dag to None, run_after=None
[2024-03-18T10:13:07.943+0200] {processor.py:183} INFO - Processing /usr/local/lib/python3.8/site-packages/airflow/example_dags/tutorial_dag.py took 0.276 seconds
[2024-03-18T10:13:45.140+0200] {processor.py:161} INFO - Started process (PID=9959) to work on /usr/local/lib/python3.8/site-packages/airflow/example_dags/tutorial_dag.py
[2024-03-18T10:13:45.141+0200] {processor.py:830} INFO - Processing file /usr/local/lib/python3.8/site-packages/airflow/example_dags/tutorial_dag.py for tasks to queue
[2024-03-18T10:13:45.141+0200] {logging_mixin.py:188} INFO - [2024-03-18T10:13:45.141+0200] {dagbag.py:540} INFO - Filling up the DagBag from /usr/local/lib/python3.8/site-packages/airflow/example_dags/tutorial_dag.py
[2024-03-18T10:13:45.164+0200] {processor.py:840} INFO - DAG(s) 'tutorial_dag' retrieved from /usr/local/lib/python3.8/site-packages/airflow/example_dags/tutorial_dag.py
[2024-03-18T10:13:45.323+0200] {logging_mixin.py:188} INFO - [2024-03-18T10:13:45.323+0200] {dag.py:3047} INFO - Sync 1 DAGs
[2024-03-18T10:13:45.334+0200] {logging_mixin.py:188} INFO - [2024-03-18T10:13:45.333+0200] {dag.py:3834} INFO - Setting next_dagrun for tutorial_dag to None, run_after=None
[2024-03-18T10:13:45.350+0200] {processor.py:183} INFO - Processing /usr/local/lib/python3.8/site-packages/airflow/example_dags/tutorial_dag.py took 0.212 seconds
[2024-03-18T10:14:26.685+0200] {processor.py:161} INFO - Started process (PID=10116) to work on /usr/local/lib/python3.8/site-packages/airflow/example_dags/tutorial_dag.py
[2024-03-18T10:14:26.686+0200] {processor.py:830} INFO - Processing file /usr/local/lib/python3.8/site-packages/airflow/example_dags/tutorial_dag.py for tasks to queue
[2024-03-18T10:14:26.686+0200] {logging_mixin.py:188} INFO - [2024-03-18T10:14:26.686+0200] {dagbag.py:540} INFO - Filling up the DagBag from /usr/local/lib/python3.8/site-packages/airflow/example_dags/tutorial_dag.py
[2024-03-18T10:14:26.715+0200] {processor.py:840} INFO - DAG(s) 'tutorial_dag' retrieved from /usr/local/lib/python3.8/site-packages/airflow/example_dags/tutorial_dag.py
[2024-03-18T10:14:26.883+0200] {logging_mixin.py:188} INFO - [2024-03-18T10:14:26.883+0200] {dag.py:3047} INFO - Sync 1 DAGs
[2024-03-18T10:14:26.893+0200] {logging_mixin.py:188} INFO - [2024-03-18T10:14:26.893+0200] {dag.py:3834} INFO - Setting next_dagrun for tutorial_dag to None, run_after=None
[2024-03-18T10:14:26.925+0200] {processor.py:183} INFO - Processing /usr/local/lib/python3.8/site-packages/airflow/example_dags/tutorial_dag.py took 0.242 seconds
[2024-03-18T10:15:05.044+0200] {processor.py:161} INFO - Started process (PID=10263) to work on /usr/local/lib/python3.8/site-packages/airflow/example_dags/tutorial_dag.py
[2024-03-18T10:15:05.045+0200] {processor.py:830} INFO - Processing file /usr/local/lib/python3.8/site-packages/airflow/example_dags/tutorial_dag.py for tasks to queue
[2024-03-18T10:15:05.046+0200] {logging_mixin.py:188} INFO - [2024-03-18T10:15:05.045+0200] {dagbag.py:540} INFO - Filling up the DagBag from /usr/local/lib/python3.8/site-packages/airflow/example_dags/tutorial_dag.py
[2024-03-18T10:15:05.068+0200] {processor.py:840} INFO - DAG(s) 'tutorial_dag' retrieved from /usr/local/lib/python3.8/site-packages/airflow/example_dags/tutorial_dag.py
[2024-03-18T10:15:05.220+0200] {logging_mixin.py:188} INFO - [2024-03-18T10:15:05.219+0200] {dag.py:3047} INFO - Sync 1 DAGs
[2024-03-18T10:15:05.230+0200] {logging_mixin.py:188} INFO - [2024-03-18T10:15:05.230+0200] {dag.py:3834} INFO - Setting next_dagrun for tutorial_dag to None, run_after=None
[2024-03-18T10:15:05.247+0200] {processor.py:183} INFO - Processing /usr/local/lib/python3.8/site-packages/airflow/example_dags/tutorial_dag.py took 0.205 seconds
[2024-03-18T10:15:43.611+0200] {processor.py:161} INFO - Started process (PID=10412) to work on /usr/local/lib/python3.8/site-packages/airflow/example_dags/tutorial_dag.py
[2024-03-18T10:15:43.612+0200] {processor.py:830} INFO - Processing file /usr/local/lib/python3.8/site-packages/airflow/example_dags/tutorial_dag.py for tasks to queue
[2024-03-18T10:15:43.613+0200] {logging_mixin.py:188} INFO - [2024-03-18T10:15:43.613+0200] {dagbag.py:540} INFO - Filling up the DagBag from /usr/local/lib/python3.8/site-packages/airflow/example_dags/tutorial_dag.py
[2024-03-18T10:15:43.639+0200] {processor.py:840} INFO - DAG(s) 'tutorial_dag' retrieved from /usr/local/lib/python3.8/site-packages/airflow/example_dags/tutorial_dag.py
[2024-03-18T10:15:43.796+0200] {logging_mixin.py:188} INFO - [2024-03-18T10:15:43.796+0200] {dag.py:3047} INFO - Sync 1 DAGs
[2024-03-18T10:15:43.821+0200] {logging_mixin.py:188} INFO - [2024-03-18T10:15:43.821+0200] {dag.py:3834} INFO - Setting next_dagrun for tutorial_dag to None, run_after=None
[2024-03-18T10:15:43.836+0200] {processor.py:183} INFO - Processing /usr/local/lib/python3.8/site-packages/airflow/example_dags/tutorial_dag.py took 0.227 seconds
[2024-03-18T10:16:25.070+0200] {processor.py:161} INFO - Started process (PID=10582) to work on /usr/local/lib/python3.8/site-packages/airflow/example_dags/tutorial_dag.py
[2024-03-18T10:16:25.071+0200] {processor.py:830} INFO - Processing file /usr/local/lib/python3.8/site-packages/airflow/example_dags/tutorial_dag.py for tasks to queue
[2024-03-18T10:16:25.072+0200] {logging_mixin.py:188} INFO - [2024-03-18T10:16:25.071+0200] {dagbag.py:540} INFO - Filling up the DagBag from /usr/local/lib/python3.8/site-packages/airflow/example_dags/tutorial_dag.py
[2024-03-18T10:16:25.095+0200] {processor.py:840} INFO - DAG(s) 'tutorial_dag' retrieved from /usr/local/lib/python3.8/site-packages/airflow/example_dags/tutorial_dag.py
[2024-03-18T10:16:25.240+0200] {logging_mixin.py:188} INFO - [2024-03-18T10:16:25.239+0200] {dag.py:3047} INFO - Sync 1 DAGs
[2024-03-18T10:16:25.250+0200] {logging_mixin.py:188} INFO - [2024-03-18T10:16:25.250+0200] {dag.py:3834} INFO - Setting next_dagrun for tutorial_dag to None, run_after=None
[2024-03-18T10:16:25.279+0200] {processor.py:183} INFO - Processing /usr/local/lib/python3.8/site-packages/airflow/example_dags/tutorial_dag.py took 0.211 seconds
[2024-03-18T10:17:03.773+0200] {processor.py:161} INFO - Started process (PID=10738) to work on /usr/local/lib/python3.8/site-packages/airflow/example_dags/tutorial_dag.py
[2024-03-18T10:17:03.774+0200] {processor.py:830} INFO - Processing file /usr/local/lib/python3.8/site-packages/airflow/example_dags/tutorial_dag.py for tasks to queue
[2024-03-18T10:17:03.775+0200] {logging_mixin.py:188} INFO - [2024-03-18T10:17:03.775+0200] {dagbag.py:540} INFO - Filling up the DagBag from /usr/local/lib/python3.8/site-packages/airflow/example_dags/tutorial_dag.py
[2024-03-18T10:17:03.798+0200] {processor.py:840} INFO - DAG(s) 'tutorial_dag' retrieved from /usr/local/lib/python3.8/site-packages/airflow/example_dags/tutorial_dag.py
[2024-03-18T10:17:03.977+0200] {logging_mixin.py:188} INFO - [2024-03-18T10:17:03.976+0200] {dag.py:3047} INFO - Sync 1 DAGs
[2024-03-18T10:17:03.989+0200] {logging_mixin.py:188} INFO - [2024-03-18T10:17:03.989+0200] {dag.py:3834} INFO - Setting next_dagrun for tutorial_dag to None, run_after=None
[2024-03-18T10:17:04.024+0200] {processor.py:183} INFO - Processing /usr/local/lib/python3.8/site-packages/airflow/example_dags/tutorial_dag.py took 0.252 seconds
[2024-03-18T10:17:40.950+0200] {processor.py:161} INFO - Started process (PID=10870) to work on /usr/local/lib/python3.8/site-packages/airflow/example_dags/tutorial_dag.py
[2024-03-18T10:17:40.951+0200] {processor.py:830} INFO - Processing file /usr/local/lib/python3.8/site-packages/airflow/example_dags/tutorial_dag.py for tasks to queue
[2024-03-18T10:17:40.952+0200] {logging_mixin.py:188} INFO - [2024-03-18T10:17:40.952+0200] {dagbag.py:540} INFO - Filling up the DagBag from /usr/local/lib/python3.8/site-packages/airflow/example_dags/tutorial_dag.py
[2024-03-18T10:17:40.974+0200] {processor.py:840} INFO - DAG(s) 'tutorial_dag' retrieved from /usr/local/lib/python3.8/site-packages/airflow/example_dags/tutorial_dag.py
[2024-03-18T10:17:41.146+0200] {logging_mixin.py:188} INFO - [2024-03-18T10:17:41.146+0200] {dag.py:3047} INFO - Sync 1 DAGs
[2024-03-18T10:17:41.166+0200] {logging_mixin.py:188} INFO - [2024-03-18T10:17:41.166+0200] {dag.py:3834} INFO - Setting next_dagrun for tutorial_dag to None, run_after=None
[2024-03-18T10:17:41.183+0200] {processor.py:183} INFO - Processing /usr/local/lib/python3.8/site-packages/airflow/example_dags/tutorial_dag.py took 0.235 seconds
[2024-03-18T10:18:21.417+0200] {processor.py:161} INFO - Started process (PID=11026) to work on /usr/local/lib/python3.8/site-packages/airflow/example_dags/tutorial_dag.py
[2024-03-18T10:18:21.418+0200] {processor.py:830} INFO - Processing file /usr/local/lib/python3.8/site-packages/airflow/example_dags/tutorial_dag.py for tasks to queue
[2024-03-18T10:18:21.419+0200] {logging_mixin.py:188} INFO - [2024-03-18T10:18:21.419+0200] {dagbag.py:540} INFO - Filling up the DagBag from /usr/local/lib/python3.8/site-packages/airflow/example_dags/tutorial_dag.py
[2024-03-18T10:18:21.444+0200] {processor.py:840} INFO - DAG(s) 'tutorial_dag' retrieved from /usr/local/lib/python3.8/site-packages/airflow/example_dags/tutorial_dag.py
[2024-03-18T10:18:21.612+0200] {logging_mixin.py:188} INFO - [2024-03-18T10:18:21.612+0200] {dag.py:3047} INFO - Sync 1 DAGs
[2024-03-18T10:18:21.622+0200] {logging_mixin.py:188} INFO - [2024-03-18T10:18:21.622+0200] {dag.py:3834} INFO - Setting next_dagrun for tutorial_dag to None, run_after=None
[2024-03-18T10:18:21.636+0200] {processor.py:183} INFO - Processing /usr/local/lib/python3.8/site-packages/airflow/example_dags/tutorial_dag.py took 0.221 seconds
[2024-03-18T10:19:05.519+0200] {processor.py:161} INFO - Started process (PID=11192) to work on /usr/local/lib/python3.8/site-packages/airflow/example_dags/tutorial_dag.py
[2024-03-18T10:19:05.520+0200] {processor.py:830} INFO - Processing file /usr/local/lib/python3.8/site-packages/airflow/example_dags/tutorial_dag.py for tasks to queue
[2024-03-18T10:19:05.521+0200] {logging_mixin.py:188} INFO - [2024-03-18T10:19:05.521+0200] {dagbag.py:540} INFO - Filling up the DagBag from /usr/local/lib/python3.8/site-packages/airflow/example_dags/tutorial_dag.py
[2024-03-18T10:19:05.544+0200] {processor.py:840} INFO - DAG(s) 'tutorial_dag' retrieved from /usr/local/lib/python3.8/site-packages/airflow/example_dags/tutorial_dag.py
[2024-03-18T10:19:05.693+0200] {logging_mixin.py:188} INFO - [2024-03-18T10:19:05.692+0200] {dag.py:3047} INFO - Sync 1 DAGs
[2024-03-18T10:19:05.713+0200] {logging_mixin.py:188} INFO - [2024-03-18T10:19:05.713+0200] {dag.py:3834} INFO - Setting next_dagrun for tutorial_dag to None, run_after=None
[2024-03-18T10:19:05.733+0200] {processor.py:183} INFO - Processing /usr/local/lib/python3.8/site-packages/airflow/example_dags/tutorial_dag.py took 0.216 seconds
[2024-03-18T10:19:42.618+0200] {processor.py:161} INFO - Started process (PID=11346) to work on /usr/local/lib/python3.8/site-packages/airflow/example_dags/tutorial_dag.py
[2024-03-18T10:19:42.620+0200] {processor.py:830} INFO - Processing file /usr/local/lib/python3.8/site-packages/airflow/example_dags/tutorial_dag.py for tasks to queue
[2024-03-18T10:19:42.620+0200] {logging_mixin.py:188} INFO - [2024-03-18T10:19:42.620+0200] {dagbag.py:540} INFO - Filling up the DagBag from /usr/local/lib/python3.8/site-packages/airflow/example_dags/tutorial_dag.py
[2024-03-18T10:19:42.643+0200] {processor.py:840} INFO - DAG(s) 'tutorial_dag' retrieved from /usr/local/lib/python3.8/site-packages/airflow/example_dags/tutorial_dag.py
[2024-03-18T10:19:42.809+0200] {logging_mixin.py:188} INFO - [2024-03-18T10:19:42.809+0200] {dag.py:3047} INFO - Sync 1 DAGs
[2024-03-18T10:19:42.819+0200] {logging_mixin.py:188} INFO - [2024-03-18T10:19:42.819+0200] {dag.py:3834} INFO - Setting next_dagrun for tutorial_dag to None, run_after=None
[2024-03-18T10:19:42.834+0200] {processor.py:183} INFO - Processing /usr/local/lib/python3.8/site-packages/airflow/example_dags/tutorial_dag.py took 0.218 seconds
[2024-03-18T10:20:22.519+0200] {processor.py:161} INFO - Started process (PID=11506) to work on /usr/local/lib/python3.8/site-packages/airflow/example_dags/tutorial_dag.py
[2024-03-18T10:20:22.520+0200] {processor.py:830} INFO - Processing file /usr/local/lib/python3.8/site-packages/airflow/example_dags/tutorial_dag.py for tasks to queue
[2024-03-18T10:20:22.521+0200] {logging_mixin.py:188} INFO - [2024-03-18T10:20:22.521+0200] {dagbag.py:540} INFO - Filling up the DagBag from /usr/local/lib/python3.8/site-packages/airflow/example_dags/tutorial_dag.py
[2024-03-18T10:20:22.543+0200] {processor.py:840} INFO - DAG(s) 'tutorial_dag' retrieved from /usr/local/lib/python3.8/site-packages/airflow/example_dags/tutorial_dag.py
[2024-03-18T10:20:22.719+0200] {logging_mixin.py:188} INFO - [2024-03-18T10:20:22.718+0200] {dag.py:3047} INFO - Sync 1 DAGs
[2024-03-18T10:20:22.732+0200] {logging_mixin.py:188} INFO - [2024-03-18T10:20:22.732+0200] {dag.py:3834} INFO - Setting next_dagrun for tutorial_dag to None, run_after=None
[2024-03-18T10:20:22.768+0200] {processor.py:183} INFO - Processing /usr/local/lib/python3.8/site-packages/airflow/example_dags/tutorial_dag.py took 0.251 seconds
[2024-03-18T10:21:05.727+0200] {processor.py:161} INFO - Started process (PID=11711) to work on /usr/local/lib/python3.8/site-packages/airflow/example_dags/tutorial_dag.py
[2024-03-18T10:21:05.728+0200] {processor.py:830} INFO - Processing file /usr/local/lib/python3.8/site-packages/airflow/example_dags/tutorial_dag.py for tasks to queue
[2024-03-18T10:21:05.729+0200] {logging_mixin.py:188} INFO - [2024-03-18T10:21:05.729+0200] {dagbag.py:540} INFO - Filling up the DagBag from /usr/local/lib/python3.8/site-packages/airflow/example_dags/tutorial_dag.py
[2024-03-18T10:21:05.750+0200] {processor.py:840} INFO - DAG(s) 'tutorial_dag' retrieved from /usr/local/lib/python3.8/site-packages/airflow/example_dags/tutorial_dag.py
[2024-03-18T10:21:05.926+0200] {logging_mixin.py:188} INFO - [2024-03-18T10:21:05.925+0200] {dag.py:3047} INFO - Sync 1 DAGs
[2024-03-18T10:21:05.938+0200] {logging_mixin.py:188} INFO - [2024-03-18T10:21:05.938+0200] {dag.py:3834} INFO - Setting next_dagrun for tutorial_dag to None, run_after=None
[2024-03-18T10:21:05.969+0200] {processor.py:183} INFO - Processing /usr/local/lib/python3.8/site-packages/airflow/example_dags/tutorial_dag.py took 0.244 seconds
[2024-03-18T10:23:15.614+0200] {processor.py:161} INFO - Started process (PID=11864) to work on /usr/local/lib/python3.8/site-packages/airflow/example_dags/tutorial_dag.py
[2024-03-18T10:23:15.616+0200] {processor.py:830} INFO - Processing file /usr/local/lib/python3.8/site-packages/airflow/example_dags/tutorial_dag.py for tasks to queue
[2024-03-18T10:23:15.617+0200] {logging_mixin.py:188} INFO - [2024-03-18T10:23:15.616+0200] {dagbag.py:540} INFO - Filling up the DagBag from /usr/local/lib/python3.8/site-packages/airflow/example_dags/tutorial_dag.py
[2024-03-18T10:23:15.638+0200] {processor.py:840} INFO - DAG(s) 'tutorial_dag' retrieved from /usr/local/lib/python3.8/site-packages/airflow/example_dags/tutorial_dag.py
[2024-03-18T10:23:15.786+0200] {logging_mixin.py:188} INFO - [2024-03-18T10:23:15.786+0200] {dag.py:3047} INFO - Sync 1 DAGs
[2024-03-18T10:23:15.796+0200] {logging_mixin.py:188} INFO - [2024-03-18T10:23:15.796+0200] {dag.py:3834} INFO - Setting next_dagrun for tutorial_dag to None, run_after=None
[2024-03-18T10:23:15.813+0200] {processor.py:183} INFO - Processing /usr/local/lib/python3.8/site-packages/airflow/example_dags/tutorial_dag.py took 0.201 seconds
[2024-03-18T10:24:04.717+0200] {processor.py:161} INFO - Started process (PID=12060) to work on /usr/local/lib/python3.8/site-packages/airflow/example_dags/tutorial_dag.py
[2024-03-18T10:24:04.719+0200] {processor.py:830} INFO - Processing file /usr/local/lib/python3.8/site-packages/airflow/example_dags/tutorial_dag.py for tasks to queue
[2024-03-18T10:24:04.720+0200] {logging_mixin.py:188} INFO - [2024-03-18T10:24:04.719+0200] {dagbag.py:540} INFO - Filling up the DagBag from /usr/local/lib/python3.8/site-packages/airflow/example_dags/tutorial_dag.py
[2024-03-18T10:24:04.755+0200] {processor.py:840} INFO - DAG(s) 'tutorial_dag' retrieved from /usr/local/lib/python3.8/site-packages/airflow/example_dags/tutorial_dag.py
[2024-03-18T10:24:04.944+0200] {logging_mixin.py:188} INFO - [2024-03-18T10:24:04.943+0200] {dag.py:3047} INFO - Sync 1 DAGs
[2024-03-18T10:24:04.956+0200] {logging_mixin.py:188} INFO - [2024-03-18T10:24:04.956+0200] {dag.py:3834} INFO - Setting next_dagrun for tutorial_dag to None, run_after=None
[2024-03-18T10:24:04.975+0200] {processor.py:183} INFO - Processing /usr/local/lib/python3.8/site-packages/airflow/example_dags/tutorial_dag.py took 0.260 seconds
[2024-03-18T10:24:43.858+0200] {processor.py:161} INFO - Started process (PID=12229) to work on /usr/local/lib/python3.8/site-packages/airflow/example_dags/tutorial_dag.py
[2024-03-18T10:24:43.859+0200] {processor.py:830} INFO - Processing file /usr/local/lib/python3.8/site-packages/airflow/example_dags/tutorial_dag.py for tasks to queue
[2024-03-18T10:24:43.859+0200] {logging_mixin.py:188} INFO - [2024-03-18T10:24:43.859+0200] {dagbag.py:540} INFO - Filling up the DagBag from /usr/local/lib/python3.8/site-packages/airflow/example_dags/tutorial_dag.py
[2024-03-18T10:24:43.884+0200] {processor.py:840} INFO - DAG(s) 'tutorial_dag' retrieved from /usr/local/lib/python3.8/site-packages/airflow/example_dags/tutorial_dag.py
[2024-03-18T10:24:44.058+0200] {logging_mixin.py:188} INFO - [2024-03-18T10:24:44.058+0200] {dag.py:3047} INFO - Sync 1 DAGs
[2024-03-18T10:24:44.071+0200] {logging_mixin.py:188} INFO - [2024-03-18T10:24:44.070+0200] {dag.py:3834} INFO - Setting next_dagrun for tutorial_dag to None, run_after=None
[2024-03-18T10:24:44.108+0200] {processor.py:183} INFO - Processing /usr/local/lib/python3.8/site-packages/airflow/example_dags/tutorial_dag.py took 0.252 seconds
[2024-03-18T10:25:38.887+0200] {processor.py:161} INFO - Started process (PID=12472) to work on /usr/local/lib/python3.8/site-packages/airflow/example_dags/tutorial_dag.py
[2024-03-18T10:25:38.889+0200] {processor.py:830} INFO - Processing file /usr/local/lib/python3.8/site-packages/airflow/example_dags/tutorial_dag.py for tasks to queue
[2024-03-18T10:25:38.889+0200] {logging_mixin.py:188} INFO - [2024-03-18T10:25:38.889+0200] {dagbag.py:540} INFO - Filling up the DagBag from /usr/local/lib/python3.8/site-packages/airflow/example_dags/tutorial_dag.py
[2024-03-18T10:25:38.915+0200] {processor.py:840} INFO - DAG(s) 'tutorial_dag' retrieved from /usr/local/lib/python3.8/site-packages/airflow/example_dags/tutorial_dag.py
[2024-03-18T10:25:39.081+0200] {logging_mixin.py:188} INFO - [2024-03-18T10:25:39.081+0200] {dag.py:3047} INFO - Sync 1 DAGs
[2024-03-18T10:25:39.095+0200] {logging_mixin.py:188} INFO - [2024-03-18T10:25:39.095+0200] {dag.py:3834} INFO - Setting next_dagrun for tutorial_dag to None, run_after=None
[2024-03-18T10:25:39.131+0200] {processor.py:183} INFO - Processing /usr/local/lib/python3.8/site-packages/airflow/example_dags/tutorial_dag.py took 0.246 seconds
[2024-03-18T10:26:37.157+0200] {processor.py:161} INFO - Started process (PID=12975) to work on /usr/local/lib/python3.8/site-packages/airflow/example_dags/tutorial_dag.py
[2024-03-18T10:26:37.158+0200] {processor.py:830} INFO - Processing file /usr/local/lib/python3.8/site-packages/airflow/example_dags/tutorial_dag.py for tasks to queue
[2024-03-18T10:26:37.158+0200] {logging_mixin.py:188} INFO - [2024-03-18T10:26:37.158+0200] {dagbag.py:540} INFO - Filling up the DagBag from /usr/local/lib/python3.8/site-packages/airflow/example_dags/tutorial_dag.py
[2024-03-18T10:26:37.188+0200] {processor.py:840} INFO - DAG(s) 'tutorial_dag' retrieved from /usr/local/lib/python3.8/site-packages/airflow/example_dags/tutorial_dag.py
[2024-03-18T10:26:37.223+0200] {logging_mixin.py:188} INFO - [2024-03-18T10:26:37.222+0200] {dag.py:3047} INFO - Sync 1 DAGs
[2024-03-18T10:26:37.366+0200] {logging_mixin.py:188} INFO - [2024-03-18T10:26:37.365+0200] {dag.py:3834} INFO - Setting next_dagrun for tutorial_dag to None, run_after=None
[2024-03-18T10:26:37.381+0200] {processor.py:183} INFO - Processing /usr/local/lib/python3.8/site-packages/airflow/example_dags/tutorial_dag.py took 0.227 seconds
[2024-03-18T10:27:26.051+0200] {processor.py:161} INFO - Started process (PID=13306) to work on /usr/local/lib/python3.8/site-packages/airflow/example_dags/tutorial_dag.py
[2024-03-18T10:27:26.052+0200] {processor.py:830} INFO - Processing file /usr/local/lib/python3.8/site-packages/airflow/example_dags/tutorial_dag.py for tasks to queue
[2024-03-18T10:27:26.053+0200] {logging_mixin.py:188} INFO - [2024-03-18T10:27:26.053+0200] {dagbag.py:540} INFO - Filling up the DagBag from /usr/local/lib/python3.8/site-packages/airflow/example_dags/tutorial_dag.py
[2024-03-18T10:27:26.079+0200] {processor.py:840} INFO - DAG(s) 'tutorial_dag' retrieved from /usr/local/lib/python3.8/site-packages/airflow/example_dags/tutorial_dag.py
[2024-03-18T10:27:26.368+0200] {logging_mixin.py:188} INFO - [2024-03-18T10:27:26.367+0200] {dag.py:3047} INFO - Sync 1 DAGs
[2024-03-18T10:27:26.378+0200] {logging_mixin.py:188} INFO - [2024-03-18T10:27:26.378+0200] {dag.py:3834} INFO - Setting next_dagrun for tutorial_dag to None, run_after=None
[2024-03-18T10:27:26.394+0200] {processor.py:183} INFO - Processing /usr/local/lib/python3.8/site-packages/airflow/example_dags/tutorial_dag.py took 0.346 seconds
[2024-03-18T10:28:14.496+0200] {processor.py:161} INFO - Started process (PID=13483) to work on /usr/local/lib/python3.8/site-packages/airflow/example_dags/tutorial_dag.py
[2024-03-18T10:28:14.497+0200] {processor.py:830} INFO - Processing file /usr/local/lib/python3.8/site-packages/airflow/example_dags/tutorial_dag.py for tasks to queue
[2024-03-18T10:28:14.498+0200] {logging_mixin.py:188} INFO - [2024-03-18T10:28:14.498+0200] {dagbag.py:540} INFO - Filling up the DagBag from /usr/local/lib/python3.8/site-packages/airflow/example_dags/tutorial_dag.py
[2024-03-18T10:28:14.521+0200] {processor.py:840} INFO - DAG(s) 'tutorial_dag' retrieved from /usr/local/lib/python3.8/site-packages/airflow/example_dags/tutorial_dag.py
[2024-03-18T10:28:14.691+0200] {logging_mixin.py:188} INFO - [2024-03-18T10:28:14.691+0200] {dag.py:3047} INFO - Sync 1 DAGs
[2024-03-18T10:28:14.714+0200] {logging_mixin.py:188} INFO - [2024-03-18T10:28:14.714+0200] {dag.py:3834} INFO - Setting next_dagrun for tutorial_dag to None, run_after=None
[2024-03-18T10:28:14.730+0200] {processor.py:183} INFO - Processing /usr/local/lib/python3.8/site-packages/airflow/example_dags/tutorial_dag.py took 0.235 seconds
[2024-03-18T10:28:57.491+0200] {processor.py:161} INFO - Started process (PID=13647) to work on /usr/local/lib/python3.8/site-packages/airflow/example_dags/tutorial_dag.py
[2024-03-18T10:28:57.492+0200] {processor.py:830} INFO - Processing file /usr/local/lib/python3.8/site-packages/airflow/example_dags/tutorial_dag.py for tasks to queue
[2024-03-18T10:28:57.492+0200] {logging_mixin.py:188} INFO - [2024-03-18T10:28:57.492+0200] {dagbag.py:540} INFO - Filling up the DagBag from /usr/local/lib/python3.8/site-packages/airflow/example_dags/tutorial_dag.py
[2024-03-18T10:28:57.518+0200] {processor.py:840} INFO - DAG(s) 'tutorial_dag' retrieved from /usr/local/lib/python3.8/site-packages/airflow/example_dags/tutorial_dag.py
[2024-03-18T10:28:57.721+0200] {logging_mixin.py:188} INFO - [2024-03-18T10:28:57.721+0200] {dag.py:3047} INFO - Sync 1 DAGs
[2024-03-18T10:28:57.734+0200] {logging_mixin.py:188} INFO - [2024-03-18T10:28:57.733+0200] {dag.py:3834} INFO - Setting next_dagrun for tutorial_dag to None, run_after=None
[2024-03-18T10:28:57.768+0200] {processor.py:183} INFO - Processing /usr/local/lib/python3.8/site-packages/airflow/example_dags/tutorial_dag.py took 0.280 seconds
[2024-03-18T10:29:40.194+0200] {processor.py:161} INFO - Started process (PID=13815) to work on /usr/local/lib/python3.8/site-packages/airflow/example_dags/tutorial_dag.py
[2024-03-18T10:29:40.195+0200] {processor.py:830} INFO - Processing file /usr/local/lib/python3.8/site-packages/airflow/example_dags/tutorial_dag.py for tasks to queue
[2024-03-18T10:29:40.196+0200] {logging_mixin.py:188} INFO - [2024-03-18T10:29:40.195+0200] {dagbag.py:540} INFO - Filling up the DagBag from /usr/local/lib/python3.8/site-packages/airflow/example_dags/tutorial_dag.py
[2024-03-18T10:29:40.218+0200] {processor.py:840} INFO - DAG(s) 'tutorial_dag' retrieved from /usr/local/lib/python3.8/site-packages/airflow/example_dags/tutorial_dag.py
[2024-03-18T10:29:40.370+0200] {logging_mixin.py:188} INFO - [2024-03-18T10:29:40.369+0200] {dag.py:3047} INFO - Sync 1 DAGs
[2024-03-18T10:29:40.381+0200] {logging_mixin.py:188} INFO - [2024-03-18T10:29:40.380+0200] {dag.py:3834} INFO - Setting next_dagrun for tutorial_dag to None, run_after=None
[2024-03-18T10:29:40.415+0200] {processor.py:183} INFO - Processing /usr/local/lib/python3.8/site-packages/airflow/example_dags/tutorial_dag.py took 0.223 seconds
[2024-03-18T10:30:20.098+0200] {processor.py:161} INFO - Started process (PID=13964) to work on /usr/local/lib/python3.8/site-packages/airflow/example_dags/tutorial_dag.py
[2024-03-18T10:30:20.099+0200] {processor.py:830} INFO - Processing file /usr/local/lib/python3.8/site-packages/airflow/example_dags/tutorial_dag.py for tasks to queue
[2024-03-18T10:30:20.100+0200] {logging_mixin.py:188} INFO - [2024-03-18T10:30:20.100+0200] {dagbag.py:540} INFO - Filling up the DagBag from /usr/local/lib/python3.8/site-packages/airflow/example_dags/tutorial_dag.py
[2024-03-18T10:30:20.124+0200] {processor.py:840} INFO - DAG(s) 'tutorial_dag' retrieved from /usr/local/lib/python3.8/site-packages/airflow/example_dags/tutorial_dag.py
[2024-03-18T10:30:20.288+0200] {logging_mixin.py:188} INFO - [2024-03-18T10:30:20.288+0200] {dag.py:3047} INFO - Sync 1 DAGs
[2024-03-18T10:30:20.312+0200] {logging_mixin.py:188} INFO - [2024-03-18T10:30:20.312+0200] {dag.py:3834} INFO - Setting next_dagrun for tutorial_dag to None, run_after=None
[2024-03-18T10:30:20.328+0200] {processor.py:183} INFO - Processing /usr/local/lib/python3.8/site-packages/airflow/example_dags/tutorial_dag.py took 0.232 seconds
[2024-03-18T10:31:00.749+0200] {processor.py:161} INFO - Started process (PID=14121) to work on /usr/local/lib/python3.8/site-packages/airflow/example_dags/tutorial_dag.py
[2024-03-18T10:31:00.750+0200] {processor.py:830} INFO - Processing file /usr/local/lib/python3.8/site-packages/airflow/example_dags/tutorial_dag.py for tasks to queue
[2024-03-18T10:31:00.751+0200] {logging_mixin.py:188} INFO - [2024-03-18T10:31:00.750+0200] {dagbag.py:540} INFO - Filling up the DagBag from /usr/local/lib/python3.8/site-packages/airflow/example_dags/tutorial_dag.py
[2024-03-18T10:31:00.773+0200] {processor.py:840} INFO - DAG(s) 'tutorial_dag' retrieved from /usr/local/lib/python3.8/site-packages/airflow/example_dags/tutorial_dag.py
[2024-03-18T10:31:00.940+0200] {logging_mixin.py:188} INFO - [2024-03-18T10:31:00.940+0200] {dag.py:3047} INFO - Sync 1 DAGs
[2024-03-18T10:31:00.961+0200] {logging_mixin.py:188} INFO - [2024-03-18T10:31:00.961+0200] {dag.py:3834} INFO - Setting next_dagrun for tutorial_dag to None, run_after=None
[2024-03-18T10:31:00.979+0200] {processor.py:183} INFO - Processing /usr/local/lib/python3.8/site-packages/airflow/example_dags/tutorial_dag.py took 0.231 seconds
[2024-03-18T10:31:39.681+0200] {processor.py:161} INFO - Started process (PID=14286) to work on /usr/local/lib/python3.8/site-packages/airflow/example_dags/tutorial_dag.py
[2024-03-18T10:31:39.682+0200] {processor.py:830} INFO - Processing file /usr/local/lib/python3.8/site-packages/airflow/example_dags/tutorial_dag.py for tasks to queue
[2024-03-18T10:31:39.682+0200] {logging_mixin.py:188} INFO - [2024-03-18T10:31:39.682+0200] {dagbag.py:540} INFO - Filling up the DagBag from /usr/local/lib/python3.8/site-packages/airflow/example_dags/tutorial_dag.py
[2024-03-18T10:31:39.702+0200] {processor.py:840} INFO - DAG(s) 'tutorial_dag' retrieved from /usr/local/lib/python3.8/site-packages/airflow/example_dags/tutorial_dag.py
[2024-03-18T10:31:39.858+0200] {logging_mixin.py:188} INFO - [2024-03-18T10:31:39.858+0200] {dag.py:3047} INFO - Sync 1 DAGs
[2024-03-18T10:31:39.870+0200] {logging_mixin.py:188} INFO - [2024-03-18T10:31:39.869+0200] {dag.py:3834} INFO - Setting next_dagrun for tutorial_dag to None, run_after=None
[2024-03-18T10:31:39.888+0200] {processor.py:183} INFO - Processing /usr/local/lib/python3.8/site-packages/airflow/example_dags/tutorial_dag.py took 0.209 seconds
[2024-03-18T10:32:21.957+0200] {processor.py:161} INFO - Started process (PID=14462) to work on /usr/local/lib/python3.8/site-packages/airflow/example_dags/tutorial_dag.py
[2024-03-18T10:32:21.958+0200] {processor.py:830} INFO - Processing file /usr/local/lib/python3.8/site-packages/airflow/example_dags/tutorial_dag.py for tasks to queue
[2024-03-18T10:32:21.958+0200] {logging_mixin.py:188} INFO - [2024-03-18T10:32:21.958+0200] {dagbag.py:540} INFO - Filling up the DagBag from /usr/local/lib/python3.8/site-packages/airflow/example_dags/tutorial_dag.py
[2024-03-18T10:32:21.981+0200] {processor.py:840} INFO - DAG(s) 'tutorial_dag' retrieved from /usr/local/lib/python3.8/site-packages/airflow/example_dags/tutorial_dag.py
[2024-03-18T10:32:22.128+0200] {logging_mixin.py:188} INFO - [2024-03-18T10:32:22.128+0200] {dag.py:3047} INFO - Sync 1 DAGs
[2024-03-18T10:32:22.139+0200] {logging_mixin.py:188} INFO - [2024-03-18T10:32:22.139+0200] {dag.py:3834} INFO - Setting next_dagrun for tutorial_dag to None, run_after=None
[2024-03-18T10:32:22.172+0200] {processor.py:183} INFO - Processing /usr/local/lib/python3.8/site-packages/airflow/example_dags/tutorial_dag.py took 0.217 seconds
