[2024-03-27T14:49:48.539+0200] {taskinstance.py:1979} INFO - Dependencies all met for dep_context=non-requeueable deps ti=<TaskInstance: trigger_dag.process_result.sensor_triggered_dag manual__2024-03-27T12:49:32.688807+00:00 [queued]>
[2024-03-27T14:49:48.571+0200] {taskinstance.py:1979} INFO - Dependencies all met for dep_context=requeueable deps ti=<TaskInstance: trigger_dag.process_result.sensor_triggered_dag manual__2024-03-27T12:49:32.688807+00:00 [queued]>
[2024-03-27T14:49:48.571+0200] {taskinstance.py:2193} INFO - Starting attempt 1 of 1
[2024-03-27T14:49:48.593+0200] {taskinstance.py:2214} INFO - Executing <Task(ExternalTaskSensor): process_result.sensor_triggered_dag> on 2024-03-27 12:49:32.688807+00:00
[2024-03-27T14:49:48.599+0200] {standard_task_runner.py:60} INFO - Started process 23557 to run task
[2024-03-27T14:49:48.609+0200] {standard_task_runner.py:87} INFO - Running: ['airflow', 'tasks', 'run', 'trigger_dag', 'process_result.sensor_triggered_dag', 'manual__2024-03-27T12:49:32.688807+00:00', '--job-id', '641', '--raw', '--subdir', 'DAGS_FOLDER/trigger_dag.py', '--cfg-path', '/var/folders/t6/vwjsg0jx26jcjdwn_gxhbjzc0000gp/T/tmprxkjteyu']
[2024-03-27T14:49:48.613+0200] {standard_task_runner.py:88} INFO - Job 641: Subtask process_result.sensor_triggered_dag
[2024-03-27T14:49:48.832+0200] {task_command.py:423} INFO - Running <TaskInstance: trigger_dag.process_result.sensor_triggered_dag manual__2024-03-27T12:49:32.688807+00:00 [running]> on host C9843
[2024-03-27T14:49:49.123+0200] {taskinstance.py:2510} INFO - Exporting env vars: AIRFLOW_CTX_DAG_OWNER='airflow' AIRFLOW_CTX_DAG_ID='trigger_dag' AIRFLOW_CTX_TASK_ID='process_result.sensor_triggered_dag' AIRFLOW_CTX_EXECUTION_DATE='2024-03-27T12:49:32.688807+00:00' AIRFLOW_CTX_TRY_NUMBER='1' AIRFLOW_CTX_DAG_RUN_ID='manual__2024-03-27T12:49:32.688807+00:00'
[2024-03-27T14:49:49.127+0200] {external_task.py:260} INFO - Poking for DAG 'dag_id_3' on 2024-03-27T12:44:32.688807+00:00 ... 
[2024-03-27T14:50:49.176+0200] {external_task.py:260} INFO - Poking for DAG 'dag_id_3' on 2024-03-27T12:44:32.688807+00:00 ... 
[2024-03-27T14:51:49.193+0200] {external_task.py:260} INFO - Poking for DAG 'dag_id_3' on 2024-03-27T12:44:32.688807+00:00 ... 
[2024-03-27T14:52:05.688+0200] {local_task_job_runner.py:280} WARNING - Recorded pid 24790 does not match the current pid 23557
[2024-03-27T14:52:05.713+0200] {process_utils.py:131} INFO - Sending 15 to group 23557. PIDs of all processes in the group: [23557]
[2024-03-27T14:52:05.714+0200] {process_utils.py:86} INFO - Sending the signal 15 to group 23557
[2024-03-27T14:52:05.715+0200] {taskinstance.py:2480} ERROR - Received SIGTERM. Terminating subprocesses.
[2024-03-27T14:52:05.740+0200] {taskinstance.py:2728} ERROR - Task failed with exception
Traceback (most recent call last):
  File "/usr/local/lib/python3.8/site-packages/airflow/models/taskinstance.py", line 444, in _execute_task
    result = _execute_callable(context=context, **execute_callable_kwargs)
  File "/usr/local/lib/python3.8/site-packages/airflow/models/taskinstance.py", line 414, in _execute_callable
    return execute_callable(context=context, **execute_callable_kwargs)
  File "/usr/local/lib/python3.8/site-packages/airflow/sensors/external_task.py", line 334, in execute
    super().execute(context)
  File "/usr/local/lib/python3.8/site-packages/airflow/sensors/base.py", line 293, in execute
    time.sleep(self._get_next_poke_interval(started_at, run_duration, try_number))
  File "/usr/local/lib/python3.8/site-packages/airflow/models/taskinstance.py", line 2482, in signal_handler
    raise AirflowException("Task received SIGTERM signal")
airflow.exceptions.AirflowException: Task received SIGTERM signal
[2024-03-27T14:52:05.765+0200] {taskinstance.py:1149} INFO - Marking task as FAILED. dag_id=trigger_dag, task_id=process_result.sensor_triggered_dag, execution_date=20240327T124932, start_date=20240327T125202, end_date=20240327T125205
[2024-03-27T14:52:05.791+0200] {standard_task_runner.py:107} ERROR - Failed to execute job 641 for task process_result.sensor_triggered_dag (Task received SIGTERM signal; 23557)
[2024-03-27T14:52:05.812+0200] {process_utils.py:79} INFO - Process psutil.Process(pid=23557, status='terminated', exitcode=1, started='14:49:48') (23557) terminated with exit code 1
