[2024-03-27T14:52:43.444+0200] {taskinstance.py:1979} INFO - Dependencies all met for dep_context=non-requeueable deps ti=<TaskInstance: trigger_dag.process_result.sensor_triggered_dag manual__2024-03-27T12:52:28.589351+00:00 [queued]>
[2024-03-27T14:52:43.472+0200] {taskinstance.py:1979} INFO - Dependencies all met for dep_context=requeueable deps ti=<TaskInstance: trigger_dag.process_result.sensor_triggered_dag manual__2024-03-27T12:52:28.589351+00:00 [queued]>
[2024-03-27T14:52:43.472+0200] {taskinstance.py:2193} INFO - Starting attempt 1 of 1
[2024-03-27T14:52:43.494+0200] {taskinstance.py:2214} INFO - Executing <Task(ExternalTaskSensor): process_result.sensor_triggered_dag> on 2024-03-27 12:52:28.589351+00:00
[2024-03-27T14:52:43.499+0200] {standard_task_runner.py:60} INFO - Started process 25168 to run task
[2024-03-27T14:52:43.508+0200] {standard_task_runner.py:87} INFO - Running: ['airflow', 'tasks', 'run', 'trigger_dag', 'process_result.sensor_triggered_dag', 'manual__2024-03-27T12:52:28.589351+00:00', '--job-id', '645', '--raw', '--subdir', 'DAGS_FOLDER/trigger_dag.py', '--cfg-path', '/var/folders/t6/vwjsg0jx26jcjdwn_gxhbjzc0000gp/T/tmpvgjm5pr0']
[2024-03-27T14:52:43.512+0200] {standard_task_runner.py:88} INFO - Job 645: Subtask process_result.sensor_triggered_dag
[2024-03-27T14:52:43.735+0200] {task_command.py:423} INFO - Running <TaskInstance: trigger_dag.process_result.sensor_triggered_dag manual__2024-03-27T12:52:28.589351+00:00 [running]> on host C9843
[2024-03-27T14:52:44.014+0200] {taskinstance.py:2510} INFO - Exporting env vars: AIRFLOW_CTX_DAG_OWNER='airflow' AIRFLOW_CTX_DAG_ID='trigger_dag' AIRFLOW_CTX_TASK_ID='process_result.sensor_triggered_dag' AIRFLOW_CTX_EXECUTION_DATE='2024-03-27T12:52:28.589351+00:00' AIRFLOW_CTX_TRY_NUMBER='1' AIRFLOW_CTX_DAG_RUN_ID='manual__2024-03-27T12:52:28.589351+00:00'
[2024-03-27T14:52:44.018+0200] {external_task.py:260} INFO - Poking for DAG 'dag_id_3' on 2024-03-27T12:47:28.589351+00:00 ... 
[2024-03-27T14:53:44.034+0200] {external_task.py:260} INFO - Poking for DAG 'dag_id_3' on 2024-03-27T12:47:28.589351+00:00 ... 
[2024-03-27T14:54:44.072+0200] {external_task.py:260} INFO - Poking for DAG 'dag_id_3' on 2024-03-27T12:47:28.589351+00:00 ... 
[2024-03-27T14:55:44.083+0200] {external_task.py:260} INFO - Poking for DAG 'dag_id_3' on 2024-03-27T12:47:28.589351+00:00 ... 
[2024-03-27T14:56:44.116+0200] {external_task.py:260} INFO - Poking for DAG 'dag_id_3' on 2024-03-27T12:47:28.589351+00:00 ... 
[2024-03-27T14:57:02.882+0200] {local_task_job_runner.py:302} WARNING - State of this instance has been externally set to queued. Terminating instance.
[2024-03-27T14:57:02.908+0200] {process_utils.py:131} INFO - Sending 15 to group 25168. PIDs of all processes in the group: [25168]
[2024-03-27T14:57:02.909+0200] {process_utils.py:86} INFO - Sending the signal 15 to group 25168
[2024-03-27T14:57:02.910+0200] {taskinstance.py:2480} ERROR - Received SIGTERM. Terminating subprocesses.
[2024-03-27T14:57:02.942+0200] {taskinstance.py:2728} ERROR - Task failed with exception
Traceback (most recent call last):
  File "/usr/local/lib/python3.8/site-packages/airflow/models/taskinstance.py", line 444, in _execute_task
    result = _execute_callable(context=context, **execute_callable_kwargs)
  File "/usr/local/lib/python3.8/site-packages/airflow/models/taskinstance.py", line 414, in _execute_callable
    return execute_callable(context=context, **execute_callable_kwargs)
  File "/usr/local/lib/python3.8/site-packages/airflow/sensors/external_task.py", line 334, in execute
    super().execute(context)
  File "/usr/local/lib/python3.8/site-packages/airflow/sensors/base.py", line 293, in execute
    time.sleep(self._get_next_poke_interval(started_at, run_duration, try_number))
  File "/usr/local/lib/python3.8/site-packages/airflow/models/taskinstance.py", line 2482, in signal_handler
    raise AirflowException("Task received SIGTERM signal")
airflow.exceptions.AirflowException: Task received SIGTERM signal
[2024-03-27T14:57:02.966+0200] {taskinstance.py:1149} INFO - Marking task as FAILED. dag_id=trigger_dag, task_id=process_result.sensor_triggered_dag, execution_date=20240327T125228, start_date=20240327T125243, end_date=20240327T125702
[2024-03-27T14:57:03.020+0200] {standard_task_runner.py:107} ERROR - Failed to execute job 645 for task process_result.sensor_triggered_dag (Task received SIGTERM signal; 25168)
[2024-03-27T14:57:03.051+0200] {process_utils.py:79} INFO - Process psutil.Process(pid=25168, status='terminated', exitcode=1, started='14:52:43') (25168) terminated with exit code 1
