[2024-03-20T13:17:01.224+0200] {taskinstance.py:1979} INFO - Dependencies all met for dep_context=non-requeueable deps ti=<TaskInstance: trigger_dag.trigger_dag manual__2024-03-20T11:16:57.841743+00:00 [queued]>
[2024-03-20T13:17:01.238+0200] {taskinstance.py:1979} INFO - Dependencies all met for dep_context=requeueable deps ti=<TaskInstance: trigger_dag.trigger_dag manual__2024-03-20T11:16:57.841743+00:00 [queued]>
[2024-03-20T13:17:01.239+0200] {taskinstance.py:2193} INFO - Starting attempt 1 of 1
[2024-03-20T13:17:01.277+0200] {taskinstance.py:2214} INFO - Executing <Task(TriggerDagRunOperator): trigger_dag> on 2024-03-20 11:16:57.841743+00:00
[2024-03-20T13:17:01.283+0200] {standard_task_runner.py:60} INFO - Started process 19426 to run task
[2024-03-20T13:17:01.293+0200] {standard_task_runner.py:87} INFO - Running: ['airflow', 'tasks', 'run', 'trigger_dag', 'trigger_dag', 'manual__2024-03-20T11:16:57.841743+00:00', '--job-id', '503', '--raw', '--subdir', 'DAGS_FOLDER/trigger_dag.py', '--cfg-path', '/var/folders/t6/vwjsg0jx26jcjdwn_gxhbjzc0000gp/T/tmp8uamgbbj']
[2024-03-20T13:17:01.296+0200] {standard_task_runner.py:88} INFO - Job 503: Subtask trigger_dag
[2024-03-20T13:17:01.443+0200] {task_command.py:423} INFO - Running <TaskInstance: trigger_dag.trigger_dag manual__2024-03-20T11:16:57.841743+00:00 [running]> on host C9843
[2024-03-20T13:17:01.722+0200] {taskinstance.py:2510} INFO - Exporting env vars: AIRFLOW_CTX_DAG_OWNER='airflow' AIRFLOW_CTX_DAG_ID='trigger_dag' AIRFLOW_CTX_TASK_ID='trigger_dag' AIRFLOW_CTX_EXECUTION_DATE='2024-03-20T11:16:57.841743+00:00' AIRFLOW_CTX_TRY_NUMBER='1' AIRFLOW_CTX_DAG_RUN_ID='manual__2024-03-20T11:16:57.841743+00:00'
[2024-03-20T13:17:01.765+0200] {taskinstance.py:2728} ERROR - Task failed with exception
Traceback (most recent call last):
  File "/usr/local/lib/python3.8/site-packages/airflow/models/taskinstance.py", line 444, in _execute_task
    result = _execute_callable(context=context, **execute_callable_kwargs)
  File "/usr/local/lib/python3.8/site-packages/airflow/models/taskinstance.py", line 414, in _execute_callable
    return execute_callable(context=context, **execute_callable_kwargs)
  File "/usr/local/lib/python3.8/site-packages/airflow/operators/trigger_dagrun.py", line 165, in execute
    dag_run = trigger_dag(
  File "/usr/local/lib/python3.8/site-packages/airflow/api/common/trigger_dag.py", line 122, in trigger_dag
    raise DagNotFound(f"Dag id {dag_id} not found in DagModel")
airflow.exceptions.DagNotFound: Dag id your_table_update_dag_id not found in DagModel
[2024-03-20T13:17:01.771+0200] {taskinstance.py:1149} INFO - Marking task as FAILED. dag_id=trigger_dag, task_id=trigger_dag, execution_date=20240320T111657, start_date=20240320T111701, end_date=20240320T111701
[2024-03-20T13:17:01.784+0200] {standard_task_runner.py:107} ERROR - Failed to execute job 503 for task trigger_dag (Dag id your_table_update_dag_id not found in DagModel; 19426)
[2024-03-20T13:17:01.818+0200] {local_task_job_runner.py:234} INFO - Task exited with return code 1
[2024-03-20T13:17:01.841+0200] {taskinstance.py:3309} INFO - 0 downstream tasks scheduled from follow-on schedule check
