[2024-03-28T10:32:16.849+0200] {taskinstance.py:1979} INFO - Dependencies all met for dep_context=non-requeueable deps ti=<TaskInstance: trigger_dag.process_result.sensor_triggered_dag manual__2024-03-28T08:31:05.314667+00:00 [queued]>
[2024-03-28T10:32:16.857+0200] {taskinstance.py:1979} INFO - Dependencies all met for dep_context=requeueable deps ti=<TaskInstance: trigger_dag.process_result.sensor_triggered_dag manual__2024-03-28T08:31:05.314667+00:00 [queued]>
[2024-03-28T10:32:16.857+0200] {taskinstance.py:2193} INFO - Starting attempt 1 of 1
[2024-03-28T10:32:16.871+0200] {taskinstance.py:2214} INFO - Executing <Task(ExternalTaskSensor): process_result.sensor_triggered_dag> on 2024-03-28 08:31:05.314667+00:00
[2024-03-28T10:32:16.875+0200] {standard_task_runner.py:60} INFO - Started process 14633 to run task
[2024-03-28T10:32:16.881+0200] {standard_task_runner.py:87} INFO - Running: ['airflow', 'tasks', 'run', 'trigger_dag', 'process_result.sensor_triggered_dag', 'manual__2024-03-28T08:31:05.314667+00:00', '--job-id', '1018', '--raw', '--subdir', 'DAGS_FOLDER/trigger_dag.py', '--cfg-path', '/var/folders/t6/vwjsg0jx26jcjdwn_gxhbjzc0000gp/T/tmpl_4csq8_']
[2024-03-28T10:32:16.884+0200] {standard_task_runner.py:88} INFO - Job 1018: Subtask process_result.sensor_triggered_dag
[2024-03-28T10:32:16.968+0200] {task_command.py:423} INFO - Running <TaskInstance: trigger_dag.process_result.sensor_triggered_dag manual__2024-03-28T08:31:05.314667+00:00 [running]> on host C9843
[2024-03-28T10:32:17.121+0200] {taskinstance.py:2510} INFO - Exporting env vars: AIRFLOW_CTX_DAG_OWNER='airflow' AIRFLOW_CTX_DAG_ID='trigger_dag' AIRFLOW_CTX_TASK_ID='process_result.sensor_triggered_dag' AIRFLOW_CTX_EXECUTION_DATE='2024-03-28T08:31:05.314667+00:00' AIRFLOW_CTX_TRY_NUMBER='1' AIRFLOW_CTX_DAG_RUN_ID='manual__2024-03-28T08:31:05.314667+00:00'
[2024-03-28T10:32:17.124+0200] {external_task.py:260} INFO - Poking for DAG 'dag_id_3' on 2024-03-28T08:26:05.314667+00:00 ... 
[2024-03-28T10:33:17.155+0200] {external_task.py:260} INFO - Poking for DAG 'dag_id_3' on 2024-03-28T08:26:05.314667+00:00 ... 
[2024-03-28T10:34:17.164+0200] {external_task.py:260} INFO - Poking for DAG 'dag_id_3' on 2024-03-28T08:26:05.314667+00:00 ... 
[2024-03-28T10:35:17.192+0200] {external_task.py:260} INFO - Poking for DAG 'dag_id_3' on 2024-03-28T08:26:05.314667+00:00 ... 
[2024-03-28T10:36:17.202+0200] {external_task.py:260} INFO - Poking for DAG 'dag_id_3' on 2024-03-28T08:26:05.314667+00:00 ... 
[2024-03-28T10:37:17.214+0200] {external_task.py:260} INFO - Poking for DAG 'dag_id_3' on 2024-03-28T08:26:05.314667+00:00 ... 
[2024-03-28T10:37:20.059+0200] {local_task_job_runner.py:302} WARNING - State of this instance has been externally set to queued. Terminating instance.
[2024-03-28T10:37:20.075+0200] {process_utils.py:131} INFO - Sending 15 to group 14633. PIDs of all processes in the group: [14633]
[2024-03-28T10:37:20.075+0200] {process_utils.py:86} INFO - Sending the signal 15 to group 14633
[2024-03-28T10:37:20.076+0200] {taskinstance.py:2480} ERROR - Received SIGTERM. Terminating subprocesses.
[2024-03-28T10:37:20.097+0200] {taskinstance.py:2728} ERROR - Task failed with exception
Traceback (most recent call last):
  File "/usr/local/lib/python3.8/site-packages/airflow/models/taskinstance.py", line 444, in _execute_task
    result = _execute_callable(context=context, **execute_callable_kwargs)
  File "/usr/local/lib/python3.8/site-packages/airflow/models/taskinstance.py", line 414, in _execute_callable
    return execute_callable(context=context, **execute_callable_kwargs)
  File "/usr/local/lib/python3.8/site-packages/airflow/sensors/external_task.py", line 334, in execute
    super().execute(context)
  File "/usr/local/lib/python3.8/site-packages/airflow/sensors/base.py", line 293, in execute
    time.sleep(self._get_next_poke_interval(started_at, run_duration, try_number))
  File "/usr/local/lib/python3.8/site-packages/airflow/models/taskinstance.py", line 2482, in signal_handler
    raise AirflowException("Task received SIGTERM signal")
airflow.exceptions.AirflowException: Task received SIGTERM signal
[2024-03-28T10:37:20.104+0200] {taskinstance.py:1149} INFO - Marking task as FAILED. dag_id=trigger_dag, task_id=process_result.sensor_triggered_dag, execution_date=20240328T083105, start_date=20240328T083216, end_date=20240328T083720
[2024-03-28T10:37:20.138+0200] {standard_task_runner.py:107} ERROR - Failed to execute job 1018 for task process_result.sensor_triggered_dag (Task received SIGTERM signal; 14633)
[2024-03-28T10:37:20.176+0200] {process_utils.py:79} INFO - Process psutil.Process(pid=14633, status='terminated', exitcode=1, started='10:32:16') (14633) terminated with exit code 1
