[2024-03-27T15:53:28.642+0200] {taskinstance.py:1979} INFO - Dependencies all met for dep_context=non-requeueable deps ti=<TaskInstance: dag_id_3.check_table_existence manual__2024-03-27T13:47:42.409767+00:00 [queued]>
[2024-03-27T15:53:28.683+0200] {taskinstance.py:1979} INFO - Dependencies all met for dep_context=requeueable deps ti=<TaskInstance: dag_id_3.check_table_existence manual__2024-03-27T13:47:42.409767+00:00 [queued]>
[2024-03-27T15:53:28.684+0200] {taskinstance.py:2193} INFO - Starting attempt 1 of 1
[2024-03-27T15:53:28.726+0200] {taskinstance.py:2214} INFO - Executing <Task(BranchPythonOperator): check_table_existence> on 2024-03-27 13:47:42.409767+00:00
[2024-03-27T15:53:28.738+0200] {standard_task_runner.py:60} INFO - Started process 61281 to run task
[2024-03-27T15:53:28.746+0200] {standard_task_runner.py:87} INFO - Running: ['airflow', 'tasks', 'run', 'dag_id_3', 'check_table_existence', 'manual__2024-03-27T13:47:42.409767+00:00', '--job-id', '815', '--raw', '--subdir', 'DAGS_FOLDER/jobs_dag.py', '--cfg-path', '/var/folders/t6/vwjsg0jx26jcjdwn_gxhbjzc0000gp/T/tmpwplvoasq']
[2024-03-27T15:53:28.750+0200] {standard_task_runner.py:88} INFO - Job 815: Subtask check_table_existence
[2024-03-27T15:53:28.938+0200] {task_command.py:423} INFO - Running <TaskInstance: dag_id_3.check_table_existence manual__2024-03-27T13:47:42.409767+00:00 [running]> on host C9843
[2024-03-27T15:53:29.279+0200] {taskinstance.py:2510} INFO - Exporting env vars: AIRFLOW_CTX_DAG_OWNER='airflow' AIRFLOW_CTX_DAG_ID='dag_id_3' AIRFLOW_CTX_TASK_ID='check_table_existence' AIRFLOW_CTX_EXECUTION_DATE='2024-03-27T13:47:42.409767+00:00' AIRFLOW_CTX_TRY_NUMBER='1' AIRFLOW_CTX_DAG_RUN_ID='manual__2024-03-27T13:47:42.409767+00:00'
[2024-03-27T15:53:29.283+0200] {logging_mixin.py:188} INFO - asdddd
[2024-03-27T15:53:29.301+0200] {base.py:83} INFO - Using connection ID 'Postgres_db' for task execution.
[2024-03-27T15:53:29.302+0200] {logging_mixin.py:188} INFO - postgresql://airflow_user:***@localhost:5432/airflow_db
[2024-03-27T15:53:29.341+0200] {base.py:83} INFO - Using connection ID 'Postgres_db' for task execution.
[2024-03-27T15:53:29.375+0200] {sql.py:457} INFO - Running statement: SELECT EXISTS (SELECT 1 FROM information_schema.tables WHERE table_name = 'table_name_3'), parameters: None
[2024-03-27T15:53:29.384+0200] {sql.py:466} INFO - Rows affected: 1
[2024-03-27T15:53:29.397+0200] {logging_mixin.py:188} WARNING - /usr/local/lib/python3.8/site-packages/airflow/providers/common/sql/hooks/sql.py:407 AirflowProviderDeprecationWarning: Call to deprecated method _make_common_data_structure. (The `_make_serializable` method is deprecated and support will be removed in a future version of the common.sql provider. Please update the DbApiHook's provider to a version based on common.sql >= 1.9.1.)
[2024-03-27T15:53:29.399+0200] {python.py:202} INFO - Done. Returned value was: create_table_task
[2024-03-27T15:53:29.400+0200] {branch.py:35} INFO - Branch into create_table_task
[2024-03-27T15:53:29.401+0200] {skipmixin.py:178} INFO - Following branch create_table_task
[2024-03-27T15:53:29.479+0200] {skipmixin.py:244} INFO - Skipping tasks [('dummy_task', -1)]
[2024-03-27T15:53:29.647+0200] {taskinstance.py:1149} INFO - Marking task as SUCCESS. dag_id=dag_id_3, task_id=check_table_existence, execution_date=20240327T134742, start_date=20240327T135328, end_date=20240327T135329
[2024-03-27T15:53:29.725+0200] {local_task_job_runner.py:234} INFO - Task exited with return code 0
[2024-03-27T15:53:29.761+0200] {logging_mixin.py:188} WARNING - /usr/local/lib/python3.8/site-packages/airflow/models/baseoperator.py:1201 AirflowProviderDeprecationWarning: Call to deprecated class PostgresOperator. (Please use `airflow.providers.common.sql.operators.sql.SQLExecuteQueryOperator`.Also, you can provide `hook_params={'schema': <database>}`.)
[2024-03-27T15:53:29.805+0200] {taskinstance.py:3309} INFO - 1 downstream tasks scheduled from follow-on schedule check
