[2024-03-18T09:42:00.754+0200] {processor.py:161} INFO - Started process (PID=1525) to work on /usr/local/lib/python3.8/site-packages/airflow/example_dags/plugins/listener_plugin.py
[2024-03-18T09:42:00.755+0200] {processor.py:830} INFO - Processing file /usr/local/lib/python3.8/site-packages/airflow/example_dags/plugins/listener_plugin.py for tasks to queue
[2024-03-18T09:42:00.755+0200] {logging_mixin.py:188} INFO - [2024-03-18T09:42:00.755+0200] {dagbag.py:540} INFO - Filling up the DagBag from /usr/local/lib/python3.8/site-packages/airflow/example_dags/plugins/listener_plugin.py
[2024-03-18T09:42:00.758+0200] {processor.py:842} WARNING - No viable dags retrieved from /usr/local/lib/python3.8/site-packages/airflow/example_dags/plugins/listener_plugin.py
[2024-03-18T09:42:00.875+0200] {processor.py:183} INFO - Processing /usr/local/lib/python3.8/site-packages/airflow/example_dags/plugins/listener_plugin.py took 0.123 seconds
[2024-03-18T09:42:50.907+0200] {processor.py:161} INFO - Started process (PID=1757) to work on /usr/local/lib/python3.8/site-packages/airflow/example_dags/plugins/listener_plugin.py
[2024-03-18T09:42:50.908+0200] {processor.py:830} INFO - Processing file /usr/local/lib/python3.8/site-packages/airflow/example_dags/plugins/listener_plugin.py for tasks to queue
[2024-03-18T09:42:50.908+0200] {logging_mixin.py:188} INFO - [2024-03-18T09:42:50.908+0200] {dagbag.py:540} INFO - Filling up the DagBag from /usr/local/lib/python3.8/site-packages/airflow/example_dags/plugins/listener_plugin.py
[2024-03-18T09:42:50.911+0200] {processor.py:842} WARNING - No viable dags retrieved from /usr/local/lib/python3.8/site-packages/airflow/example_dags/plugins/listener_plugin.py
[2024-03-18T09:42:51.004+0200] {processor.py:183} INFO - Processing /usr/local/lib/python3.8/site-packages/airflow/example_dags/plugins/listener_plugin.py took 0.098 seconds
[2024-03-18T09:43:36.347+0200] {processor.py:161} INFO - Started process (PID=1956) to work on /usr/local/lib/python3.8/site-packages/airflow/example_dags/plugins/listener_plugin.py
[2024-03-18T09:43:36.349+0200] {processor.py:830} INFO - Processing file /usr/local/lib/python3.8/site-packages/airflow/example_dags/plugins/listener_plugin.py for tasks to queue
[2024-03-18T09:43:36.349+0200] {logging_mixin.py:188} INFO - [2024-03-18T09:43:36.349+0200] {dagbag.py:540} INFO - Filling up the DagBag from /usr/local/lib/python3.8/site-packages/airflow/example_dags/plugins/listener_plugin.py
[2024-03-18T09:43:36.352+0200] {processor.py:842} WARNING - No viable dags retrieved from /usr/local/lib/python3.8/site-packages/airflow/example_dags/plugins/listener_plugin.py
[2024-03-18T09:43:36.450+0200] {processor.py:183} INFO - Processing /usr/local/lib/python3.8/site-packages/airflow/example_dags/plugins/listener_plugin.py took 0.104 seconds
[2024-03-18T09:44:14.211+0200] {processor.py:161} INFO - Started process (PID=2128) to work on /usr/local/lib/python3.8/site-packages/airflow/example_dags/plugins/listener_plugin.py
[2024-03-18T09:44:14.212+0200] {processor.py:830} INFO - Processing file /usr/local/lib/python3.8/site-packages/airflow/example_dags/plugins/listener_plugin.py for tasks to queue
[2024-03-18T09:44:14.213+0200] {logging_mixin.py:188} INFO - [2024-03-18T09:44:14.213+0200] {dagbag.py:540} INFO - Filling up the DagBag from /usr/local/lib/python3.8/site-packages/airflow/example_dags/plugins/listener_plugin.py
[2024-03-18T09:44:14.214+0200] {processor.py:842} WARNING - No viable dags retrieved from /usr/local/lib/python3.8/site-packages/airflow/example_dags/plugins/listener_plugin.py
[2024-03-18T09:44:14.297+0200] {processor.py:183} INFO - Processing /usr/local/lib/python3.8/site-packages/airflow/example_dags/plugins/listener_plugin.py took 0.088 seconds
[2024-03-18T09:44:58.264+0200] {processor.py:161} INFO - Started process (PID=2325) to work on /usr/local/lib/python3.8/site-packages/airflow/example_dags/plugins/listener_plugin.py
[2024-03-18T09:44:58.265+0200] {processor.py:830} INFO - Processing file /usr/local/lib/python3.8/site-packages/airflow/example_dags/plugins/listener_plugin.py for tasks to queue
[2024-03-18T09:44:58.267+0200] {logging_mixin.py:188} INFO - [2024-03-18T09:44:58.266+0200] {dagbag.py:540} INFO - Filling up the DagBag from /usr/local/lib/python3.8/site-packages/airflow/example_dags/plugins/listener_plugin.py
[2024-03-18T09:44:58.269+0200] {processor.py:842} WARNING - No viable dags retrieved from /usr/local/lib/python3.8/site-packages/airflow/example_dags/plugins/listener_plugin.py
[2024-03-18T09:44:58.369+0200] {processor.py:183} INFO - Processing /usr/local/lib/python3.8/site-packages/airflow/example_dags/plugins/listener_plugin.py took 0.107 seconds
[2024-03-18T09:45:35.533+0200] {processor.py:161} INFO - Started process (PID=2539) to work on /usr/local/lib/python3.8/site-packages/airflow/example_dags/plugins/listener_plugin.py
[2024-03-18T09:45:35.534+0200] {processor.py:830} INFO - Processing file /usr/local/lib/python3.8/site-packages/airflow/example_dags/plugins/listener_plugin.py for tasks to queue
[2024-03-18T09:45:35.534+0200] {logging_mixin.py:188} INFO - [2024-03-18T09:45:35.534+0200] {dagbag.py:540} INFO - Filling up the DagBag from /usr/local/lib/python3.8/site-packages/airflow/example_dags/plugins/listener_plugin.py
[2024-03-18T09:45:35.536+0200] {processor.py:842} WARNING - No viable dags retrieved from /usr/local/lib/python3.8/site-packages/airflow/example_dags/plugins/listener_plugin.py
[2024-03-18T09:45:35.633+0200] {processor.py:183} INFO - Processing /usr/local/lib/python3.8/site-packages/airflow/example_dags/plugins/listener_plugin.py took 0.101 seconds
[2024-03-18T09:46:22.875+0200] {processor.py:161} INFO - Started process (PID=2733) to work on /usr/local/lib/python3.8/site-packages/airflow/example_dags/plugins/listener_plugin.py
[2024-03-18T09:46:22.876+0200] {processor.py:830} INFO - Processing file /usr/local/lib/python3.8/site-packages/airflow/example_dags/plugins/listener_plugin.py for tasks to queue
[2024-03-18T09:46:22.877+0200] {logging_mixin.py:188} INFO - [2024-03-18T09:46:22.877+0200] {dagbag.py:540} INFO - Filling up the DagBag from /usr/local/lib/python3.8/site-packages/airflow/example_dags/plugins/listener_plugin.py
[2024-03-18T09:46:22.879+0200] {processor.py:842} WARNING - No viable dags retrieved from /usr/local/lib/python3.8/site-packages/airflow/example_dags/plugins/listener_plugin.py
[2024-03-18T09:46:22.996+0200] {processor.py:183} INFO - Processing /usr/local/lib/python3.8/site-packages/airflow/example_dags/plugins/listener_plugin.py took 0.122 seconds
[2024-03-18T09:47:08.130+0200] {processor.py:161} INFO - Started process (PID=2984) to work on /usr/local/lib/python3.8/site-packages/airflow/example_dags/plugins/listener_plugin.py
[2024-03-18T09:47:08.130+0200] {processor.py:830} INFO - Processing file /usr/local/lib/python3.8/site-packages/airflow/example_dags/plugins/listener_plugin.py for tasks to queue
[2024-03-18T09:47:08.131+0200] {logging_mixin.py:188} INFO - [2024-03-18T09:47:08.131+0200] {dagbag.py:540} INFO - Filling up the DagBag from /usr/local/lib/python3.8/site-packages/airflow/example_dags/plugins/listener_plugin.py
[2024-03-18T09:47:08.133+0200] {processor.py:842} WARNING - No viable dags retrieved from /usr/local/lib/python3.8/site-packages/airflow/example_dags/plugins/listener_plugin.py
[2024-03-18T09:47:08.234+0200] {processor.py:183} INFO - Processing /usr/local/lib/python3.8/site-packages/airflow/example_dags/plugins/listener_plugin.py took 0.106 seconds
[2024-03-18T09:47:40.661+0200] {processor.py:161} INFO - Started process (PID=3119) to work on /usr/local/lib/python3.8/site-packages/airflow/example_dags/plugins/listener_plugin.py
[2024-03-18T09:47:40.662+0200] {processor.py:830} INFO - Processing file /usr/local/lib/python3.8/site-packages/airflow/example_dags/plugins/listener_plugin.py for tasks to queue
[2024-03-18T09:47:40.663+0200] {logging_mixin.py:188} INFO - [2024-03-18T09:47:40.663+0200] {dagbag.py:540} INFO - Filling up the DagBag from /usr/local/lib/python3.8/site-packages/airflow/example_dags/plugins/listener_plugin.py
[2024-03-18T09:47:40.664+0200] {processor.py:842} WARNING - No viable dags retrieved from /usr/local/lib/python3.8/site-packages/airflow/example_dags/plugins/listener_plugin.py
[2024-03-18T09:47:40.783+0200] {processor.py:183} INFO - Processing /usr/local/lib/python3.8/site-packages/airflow/example_dags/plugins/listener_plugin.py took 0.123 seconds
[2024-03-18T09:48:18.669+0200] {processor.py:161} INFO - Started process (PID=3253) to work on /usr/local/lib/python3.8/site-packages/airflow/example_dags/plugins/listener_plugin.py
[2024-03-18T09:48:18.670+0200] {processor.py:830} INFO - Processing file /usr/local/lib/python3.8/site-packages/airflow/example_dags/plugins/listener_plugin.py for tasks to queue
[2024-03-18T09:48:18.671+0200] {logging_mixin.py:188} INFO - [2024-03-18T09:48:18.671+0200] {dagbag.py:540} INFO - Filling up the DagBag from /usr/local/lib/python3.8/site-packages/airflow/example_dags/plugins/listener_plugin.py
[2024-03-18T09:48:18.673+0200] {processor.py:842} WARNING - No viable dags retrieved from /usr/local/lib/python3.8/site-packages/airflow/example_dags/plugins/listener_plugin.py
[2024-03-18T09:48:18.786+0200] {processor.py:183} INFO - Processing /usr/local/lib/python3.8/site-packages/airflow/example_dags/plugins/listener_plugin.py took 0.118 seconds
[2024-03-18T09:48:59.308+0200] {processor.py:161} INFO - Started process (PID=3407) to work on /usr/local/lib/python3.8/site-packages/airflow/example_dags/plugins/listener_plugin.py
[2024-03-18T09:48:59.309+0200] {processor.py:830} INFO - Processing file /usr/local/lib/python3.8/site-packages/airflow/example_dags/plugins/listener_plugin.py for tasks to queue
[2024-03-18T09:48:59.310+0200] {logging_mixin.py:188} INFO - [2024-03-18T09:48:59.309+0200] {dagbag.py:540} INFO - Filling up the DagBag from /usr/local/lib/python3.8/site-packages/airflow/example_dags/plugins/listener_plugin.py
[2024-03-18T09:48:59.312+0200] {processor.py:842} WARNING - No viable dags retrieved from /usr/local/lib/python3.8/site-packages/airflow/example_dags/plugins/listener_plugin.py
[2024-03-18T09:48:59.452+0200] {processor.py:183} INFO - Processing /usr/local/lib/python3.8/site-packages/airflow/example_dags/plugins/listener_plugin.py took 0.146 seconds
[2024-03-18T09:49:35.869+0200] {processor.py:161} INFO - Started process (PID=3554) to work on /usr/local/lib/python3.8/site-packages/airflow/example_dags/plugins/listener_plugin.py
[2024-03-18T09:49:35.869+0200] {processor.py:830} INFO - Processing file /usr/local/lib/python3.8/site-packages/airflow/example_dags/plugins/listener_plugin.py for tasks to queue
[2024-03-18T09:49:35.870+0200] {logging_mixin.py:188} INFO - [2024-03-18T09:49:35.870+0200] {dagbag.py:540} INFO - Filling up the DagBag from /usr/local/lib/python3.8/site-packages/airflow/example_dags/plugins/listener_plugin.py
[2024-03-18T09:49:35.872+0200] {processor.py:842} WARNING - No viable dags retrieved from /usr/local/lib/python3.8/site-packages/airflow/example_dags/plugins/listener_plugin.py
[2024-03-18T09:49:35.981+0200] {processor.py:183} INFO - Processing /usr/local/lib/python3.8/site-packages/airflow/example_dags/plugins/listener_plugin.py took 0.114 seconds
[2024-03-18T09:50:14.038+0200] {processor.py:161} INFO - Started process (PID=3706) to work on /usr/local/lib/python3.8/site-packages/airflow/example_dags/plugins/listener_plugin.py
[2024-03-18T09:50:14.038+0200] {processor.py:830} INFO - Processing file /usr/local/lib/python3.8/site-packages/airflow/example_dags/plugins/listener_plugin.py for tasks to queue
[2024-03-18T09:50:14.039+0200] {logging_mixin.py:188} INFO - [2024-03-18T09:50:14.039+0200] {dagbag.py:540} INFO - Filling up the DagBag from /usr/local/lib/python3.8/site-packages/airflow/example_dags/plugins/listener_plugin.py
[2024-03-18T09:50:14.041+0200] {processor.py:842} WARNING - No viable dags retrieved from /usr/local/lib/python3.8/site-packages/airflow/example_dags/plugins/listener_plugin.py
[2024-03-18T09:50:14.131+0200] {processor.py:183} INFO - Processing /usr/local/lib/python3.8/site-packages/airflow/example_dags/plugins/listener_plugin.py took 0.094 seconds
[2024-03-18T09:50:49.721+0200] {processor.py:161} INFO - Started process (PID=3854) to work on /usr/local/lib/python3.8/site-packages/airflow/example_dags/plugins/listener_plugin.py
[2024-03-18T09:50:49.722+0200] {processor.py:830} INFO - Processing file /usr/local/lib/python3.8/site-packages/airflow/example_dags/plugins/listener_plugin.py for tasks to queue
[2024-03-18T09:50:49.722+0200] {logging_mixin.py:188} INFO - [2024-03-18T09:50:49.722+0200] {dagbag.py:540} INFO - Filling up the DagBag from /usr/local/lib/python3.8/site-packages/airflow/example_dags/plugins/listener_plugin.py
[2024-03-18T09:50:49.724+0200] {processor.py:842} WARNING - No viable dags retrieved from /usr/local/lib/python3.8/site-packages/airflow/example_dags/plugins/listener_plugin.py
[2024-03-18T09:50:49.830+0200] {processor.py:183} INFO - Processing /usr/local/lib/python3.8/site-packages/airflow/example_dags/plugins/listener_plugin.py took 0.110 seconds
[2024-03-18T09:51:22.719+0200] {processor.py:161} INFO - Started process (PID=3984) to work on /usr/local/lib/python3.8/site-packages/airflow/example_dags/plugins/listener_plugin.py
[2024-03-18T09:51:22.720+0200] {processor.py:830} INFO - Processing file /usr/local/lib/python3.8/site-packages/airflow/example_dags/plugins/listener_plugin.py for tasks to queue
[2024-03-18T09:51:22.721+0200] {logging_mixin.py:188} INFO - [2024-03-18T09:51:22.720+0200] {dagbag.py:540} INFO - Filling up the DagBag from /usr/local/lib/python3.8/site-packages/airflow/example_dags/plugins/listener_plugin.py
[2024-03-18T09:51:22.723+0200] {processor.py:842} WARNING - No viable dags retrieved from /usr/local/lib/python3.8/site-packages/airflow/example_dags/plugins/listener_plugin.py
[2024-03-18T09:51:22.829+0200] {processor.py:183} INFO - Processing /usr/local/lib/python3.8/site-packages/airflow/example_dags/plugins/listener_plugin.py took 0.112 seconds
[2024-03-18T09:51:59.967+0200] {processor.py:161} INFO - Started process (PID=4135) to work on /usr/local/lib/python3.8/site-packages/airflow/example_dags/plugins/listener_plugin.py
[2024-03-18T09:51:59.969+0200] {processor.py:830} INFO - Processing file /usr/local/lib/python3.8/site-packages/airflow/example_dags/plugins/listener_plugin.py for tasks to queue
[2024-03-18T09:51:59.969+0200] {logging_mixin.py:188} INFO - [2024-03-18T09:51:59.969+0200] {dagbag.py:540} INFO - Filling up the DagBag from /usr/local/lib/python3.8/site-packages/airflow/example_dags/plugins/listener_plugin.py
[2024-03-18T09:51:59.971+0200] {processor.py:842} WARNING - No viable dags retrieved from /usr/local/lib/python3.8/site-packages/airflow/example_dags/plugins/listener_plugin.py
[2024-03-18T09:52:00.079+0200] {processor.py:183} INFO - Processing /usr/local/lib/python3.8/site-packages/airflow/example_dags/plugins/listener_plugin.py took 0.113 seconds
[2024-03-18T09:52:41.678+0200] {processor.py:161} INFO - Started process (PID=4282) to work on /usr/local/lib/python3.8/site-packages/airflow/example_dags/plugins/listener_plugin.py
[2024-03-18T09:52:41.679+0200] {processor.py:830} INFO - Processing file /usr/local/lib/python3.8/site-packages/airflow/example_dags/plugins/listener_plugin.py for tasks to queue
[2024-03-18T09:52:41.680+0200] {logging_mixin.py:188} INFO - [2024-03-18T09:52:41.679+0200] {dagbag.py:540} INFO - Filling up the DagBag from /usr/local/lib/python3.8/site-packages/airflow/example_dags/plugins/listener_plugin.py
[2024-03-18T09:52:41.681+0200] {processor.py:842} WARNING - No viable dags retrieved from /usr/local/lib/python3.8/site-packages/airflow/example_dags/plugins/listener_plugin.py
[2024-03-18T09:52:41.780+0200] {processor.py:183} INFO - Processing /usr/local/lib/python3.8/site-packages/airflow/example_dags/plugins/listener_plugin.py took 0.103 seconds
[2024-03-18T09:53:19.339+0200] {processor.py:161} INFO - Started process (PID=4431) to work on /usr/local/lib/python3.8/site-packages/airflow/example_dags/plugins/listener_plugin.py
[2024-03-18T09:53:19.340+0200] {processor.py:830} INFO - Processing file /usr/local/lib/python3.8/site-packages/airflow/example_dags/plugins/listener_plugin.py for tasks to queue
[2024-03-18T09:53:19.341+0200] {logging_mixin.py:188} INFO - [2024-03-18T09:53:19.341+0200] {dagbag.py:540} INFO - Filling up the DagBag from /usr/local/lib/python3.8/site-packages/airflow/example_dags/plugins/listener_plugin.py
[2024-03-18T09:53:19.343+0200] {processor.py:842} WARNING - No viable dags retrieved from /usr/local/lib/python3.8/site-packages/airflow/example_dags/plugins/listener_plugin.py
[2024-03-18T09:53:19.478+0200] {processor.py:183} INFO - Processing /usr/local/lib/python3.8/site-packages/airflow/example_dags/plugins/listener_plugin.py took 0.140 seconds
[2024-03-18T09:54:02.086+0200] {processor.py:161} INFO - Started process (PID=4606) to work on /usr/local/lib/python3.8/site-packages/airflow/example_dags/plugins/listener_plugin.py
[2024-03-18T09:54:02.087+0200] {processor.py:830} INFO - Processing file /usr/local/lib/python3.8/site-packages/airflow/example_dags/plugins/listener_plugin.py for tasks to queue
[2024-03-18T09:54:02.088+0200] {logging_mixin.py:188} INFO - [2024-03-18T09:54:02.087+0200] {dagbag.py:540} INFO - Filling up the DagBag from /usr/local/lib/python3.8/site-packages/airflow/example_dags/plugins/listener_plugin.py
[2024-03-18T09:54:02.090+0200] {processor.py:842} WARNING - No viable dags retrieved from /usr/local/lib/python3.8/site-packages/airflow/example_dags/plugins/listener_plugin.py
[2024-03-18T09:54:02.183+0200] {processor.py:183} INFO - Processing /usr/local/lib/python3.8/site-packages/airflow/example_dags/plugins/listener_plugin.py took 0.099 seconds
[2024-03-18T09:54:36.989+0200] {processor.py:161} INFO - Started process (PID=4732) to work on /usr/local/lib/python3.8/site-packages/airflow/example_dags/plugins/listener_plugin.py
[2024-03-18T09:54:36.990+0200] {processor.py:830} INFO - Processing file /usr/local/lib/python3.8/site-packages/airflow/example_dags/plugins/listener_plugin.py for tasks to queue
[2024-03-18T09:54:36.991+0200] {logging_mixin.py:188} INFO - [2024-03-18T09:54:36.991+0200] {dagbag.py:540} INFO - Filling up the DagBag from /usr/local/lib/python3.8/site-packages/airflow/example_dags/plugins/listener_plugin.py
[2024-03-18T09:54:36.993+0200] {processor.py:842} WARNING - No viable dags retrieved from /usr/local/lib/python3.8/site-packages/airflow/example_dags/plugins/listener_plugin.py
[2024-03-18T09:54:37.128+0200] {processor.py:183} INFO - Processing /usr/local/lib/python3.8/site-packages/airflow/example_dags/plugins/listener_plugin.py took 0.140 seconds
[2024-03-18T09:55:20.132+0200] {processor.py:161} INFO - Started process (PID=4908) to work on /usr/local/lib/python3.8/site-packages/airflow/example_dags/plugins/listener_plugin.py
[2024-03-18T09:55:20.133+0200] {processor.py:830} INFO - Processing file /usr/local/lib/python3.8/site-packages/airflow/example_dags/plugins/listener_plugin.py for tasks to queue
[2024-03-18T09:55:20.133+0200] {logging_mixin.py:188} INFO - [2024-03-18T09:55:20.133+0200] {dagbag.py:540} INFO - Filling up the DagBag from /usr/local/lib/python3.8/site-packages/airflow/example_dags/plugins/listener_plugin.py
[2024-03-18T09:55:20.136+0200] {processor.py:842} WARNING - No viable dags retrieved from /usr/local/lib/python3.8/site-packages/airflow/example_dags/plugins/listener_plugin.py
[2024-03-18T09:55:20.236+0200] {processor.py:183} INFO - Processing /usr/local/lib/python3.8/site-packages/airflow/example_dags/plugins/listener_plugin.py took 0.106 seconds
[2024-03-18T09:56:07.716+0200] {processor.py:161} INFO - Started process (PID=5130) to work on /usr/local/lib/python3.8/site-packages/airflow/example_dags/plugins/listener_plugin.py
[2024-03-18T09:56:07.717+0200] {processor.py:830} INFO - Processing file /usr/local/lib/python3.8/site-packages/airflow/example_dags/plugins/listener_plugin.py for tasks to queue
[2024-03-18T09:56:07.718+0200] {logging_mixin.py:188} INFO - [2024-03-18T09:56:07.718+0200] {dagbag.py:540} INFO - Filling up the DagBag from /usr/local/lib/python3.8/site-packages/airflow/example_dags/plugins/listener_plugin.py
[2024-03-18T09:56:07.720+0200] {processor.py:842} WARNING - No viable dags retrieved from /usr/local/lib/python3.8/site-packages/airflow/example_dags/plugins/listener_plugin.py
[2024-03-18T09:56:07.809+0200] {processor.py:183} INFO - Processing /usr/local/lib/python3.8/site-packages/airflow/example_dags/plugins/listener_plugin.py took 0.094 seconds
[2024-03-18T09:56:45.161+0200] {processor.py:161} INFO - Started process (PID=5361) to work on /usr/local/lib/python3.8/site-packages/airflow/example_dags/plugins/listener_plugin.py
[2024-03-18T09:56:45.163+0200] {processor.py:830} INFO - Processing file /usr/local/lib/python3.8/site-packages/airflow/example_dags/plugins/listener_plugin.py for tasks to queue
[2024-03-18T09:56:45.164+0200] {logging_mixin.py:188} INFO - [2024-03-18T09:56:45.164+0200] {dagbag.py:540} INFO - Filling up the DagBag from /usr/local/lib/python3.8/site-packages/airflow/example_dags/plugins/listener_plugin.py
[2024-03-18T09:56:45.167+0200] {processor.py:842} WARNING - No viable dags retrieved from /usr/local/lib/python3.8/site-packages/airflow/example_dags/plugins/listener_plugin.py
[2024-03-18T09:56:45.294+0200] {processor.py:183} INFO - Processing /usr/local/lib/python3.8/site-packages/airflow/example_dags/plugins/listener_plugin.py took 0.135 seconds
[2024-03-18T09:57:26.179+0200] {processor.py:161} INFO - Started process (PID=5666) to work on /usr/local/lib/python3.8/site-packages/airflow/example_dags/plugins/listener_plugin.py
[2024-03-18T09:57:26.181+0200] {processor.py:830} INFO - Processing file /usr/local/lib/python3.8/site-packages/airflow/example_dags/plugins/listener_plugin.py for tasks to queue
[2024-03-18T09:57:26.181+0200] {logging_mixin.py:188} INFO - [2024-03-18T09:57:26.181+0200] {dagbag.py:540} INFO - Filling up the DagBag from /usr/local/lib/python3.8/site-packages/airflow/example_dags/plugins/listener_plugin.py
[2024-03-18T09:57:26.183+0200] {processor.py:842} WARNING - No viable dags retrieved from /usr/local/lib/python3.8/site-packages/airflow/example_dags/plugins/listener_plugin.py
[2024-03-18T09:57:26.287+0200] {processor.py:183} INFO - Processing /usr/local/lib/python3.8/site-packages/airflow/example_dags/plugins/listener_plugin.py took 0.110 seconds
[2024-03-18T09:58:09.993+0200] {processor.py:161} INFO - Started process (PID=5857) to work on /usr/local/lib/python3.8/site-packages/airflow/example_dags/plugins/listener_plugin.py
[2024-03-18T09:58:09.994+0200] {processor.py:830} INFO - Processing file /usr/local/lib/python3.8/site-packages/airflow/example_dags/plugins/listener_plugin.py for tasks to queue
[2024-03-18T09:58:09.995+0200] {logging_mixin.py:188} INFO - [2024-03-18T09:58:09.995+0200] {dagbag.py:540} INFO - Filling up the DagBag from /usr/local/lib/python3.8/site-packages/airflow/example_dags/plugins/listener_plugin.py
[2024-03-18T09:58:09.997+0200] {processor.py:842} WARNING - No viable dags retrieved from /usr/local/lib/python3.8/site-packages/airflow/example_dags/plugins/listener_plugin.py
[2024-03-18T09:58:10.086+0200] {processor.py:183} INFO - Processing /usr/local/lib/python3.8/site-packages/airflow/example_dags/plugins/listener_plugin.py took 0.094 seconds
[2024-03-18T09:58:48.499+0200] {processor.py:161} INFO - Started process (PID=5991) to work on /usr/local/lib/python3.8/site-packages/airflow/example_dags/plugins/listener_plugin.py
[2024-03-18T09:58:48.500+0200] {processor.py:830} INFO - Processing file /usr/local/lib/python3.8/site-packages/airflow/example_dags/plugins/listener_plugin.py for tasks to queue
[2024-03-18T09:58:48.501+0200] {logging_mixin.py:188} INFO - [2024-03-18T09:58:48.501+0200] {dagbag.py:540} INFO - Filling up the DagBag from /usr/local/lib/python3.8/site-packages/airflow/example_dags/plugins/listener_plugin.py
[2024-03-18T09:58:48.503+0200] {processor.py:842} WARNING - No viable dags retrieved from /usr/local/lib/python3.8/site-packages/airflow/example_dags/plugins/listener_plugin.py
[2024-03-18T09:58:48.635+0200] {processor.py:183} INFO - Processing /usr/local/lib/python3.8/site-packages/airflow/example_dags/plugins/listener_plugin.py took 0.138 seconds
[2024-03-18T09:59:33.023+0200] {processor.py:161} INFO - Started process (PID=6161) to work on /usr/local/lib/python3.8/site-packages/airflow/example_dags/plugins/listener_plugin.py
[2024-03-18T09:59:33.024+0200] {processor.py:830} INFO - Processing file /usr/local/lib/python3.8/site-packages/airflow/example_dags/plugins/listener_plugin.py for tasks to queue
[2024-03-18T09:59:33.025+0200] {logging_mixin.py:188} INFO - [2024-03-18T09:59:33.025+0200] {dagbag.py:540} INFO - Filling up the DagBag from /usr/local/lib/python3.8/site-packages/airflow/example_dags/plugins/listener_plugin.py
[2024-03-18T09:59:33.027+0200] {processor.py:842} WARNING - No viable dags retrieved from /usr/local/lib/python3.8/site-packages/airflow/example_dags/plugins/listener_plugin.py
[2024-03-18T09:59:33.184+0200] {processor.py:183} INFO - Processing /usr/local/lib/python3.8/site-packages/airflow/example_dags/plugins/listener_plugin.py took 0.163 seconds
[2024-03-18T10:00:20.708+0200] {processor.py:161} INFO - Started process (PID=6336) to work on /usr/local/lib/python3.8/site-packages/airflow/example_dags/plugins/listener_plugin.py
[2024-03-18T10:00:20.709+0200] {processor.py:830} INFO - Processing file /usr/local/lib/python3.8/site-packages/airflow/example_dags/plugins/listener_plugin.py for tasks to queue
[2024-03-18T10:00:20.710+0200] {logging_mixin.py:188} INFO - [2024-03-18T10:00:20.710+0200] {dagbag.py:540} INFO - Filling up the DagBag from /usr/local/lib/python3.8/site-packages/airflow/example_dags/plugins/listener_plugin.py
[2024-03-18T10:00:20.713+0200] {processor.py:842} WARNING - No viable dags retrieved from /usr/local/lib/python3.8/site-packages/airflow/example_dags/plugins/listener_plugin.py
[2024-03-18T10:00:20.834+0200] {processor.py:183} INFO - Processing /usr/local/lib/python3.8/site-packages/airflow/example_dags/plugins/listener_plugin.py took 0.129 seconds
[2024-03-18T10:01:10.698+0200] {processor.py:161} INFO - Started process (PID=6653) to work on /usr/local/lib/python3.8/site-packages/airflow/example_dags/plugins/listener_plugin.py
[2024-03-18T10:01:10.699+0200] {processor.py:830} INFO - Processing file /usr/local/lib/python3.8/site-packages/airflow/example_dags/plugins/listener_plugin.py for tasks to queue
[2024-03-18T10:01:10.700+0200] {logging_mixin.py:188} INFO - [2024-03-18T10:01:10.700+0200] {dagbag.py:540} INFO - Filling up the DagBag from /usr/local/lib/python3.8/site-packages/airflow/example_dags/plugins/listener_plugin.py
[2024-03-18T10:01:10.702+0200] {processor.py:842} WARNING - No viable dags retrieved from /usr/local/lib/python3.8/site-packages/airflow/example_dags/plugins/listener_plugin.py
[2024-03-18T10:01:10.834+0200] {processor.py:183} INFO - Processing /usr/local/lib/python3.8/site-packages/airflow/example_dags/plugins/listener_plugin.py took 0.139 seconds
[2024-03-18T10:01:46.712+0200] {processor.py:161} INFO - Started process (PID=6883) to work on /usr/local/lib/python3.8/site-packages/airflow/example_dags/plugins/listener_plugin.py
[2024-03-18T10:01:46.713+0200] {processor.py:830} INFO - Processing file /usr/local/lib/python3.8/site-packages/airflow/example_dags/plugins/listener_plugin.py for tasks to queue
[2024-03-18T10:01:46.714+0200] {logging_mixin.py:188} INFO - [2024-03-18T10:01:46.714+0200] {dagbag.py:540} INFO - Filling up the DagBag from /usr/local/lib/python3.8/site-packages/airflow/example_dags/plugins/listener_plugin.py
[2024-03-18T10:01:46.716+0200] {processor.py:842} WARNING - No viable dags retrieved from /usr/local/lib/python3.8/site-packages/airflow/example_dags/plugins/listener_plugin.py
[2024-03-18T10:01:46.832+0200] {processor.py:183} INFO - Processing /usr/local/lib/python3.8/site-packages/airflow/example_dags/plugins/listener_plugin.py took 0.121 seconds
[2024-03-18T10:02:27.216+0200] {processor.py:161} INFO - Started process (PID=7039) to work on /usr/local/lib/python3.8/site-packages/airflow/example_dags/plugins/listener_plugin.py
[2024-03-18T10:02:27.217+0200] {processor.py:830} INFO - Processing file /usr/local/lib/python3.8/site-packages/airflow/example_dags/plugins/listener_plugin.py for tasks to queue
[2024-03-18T10:02:27.217+0200] {logging_mixin.py:188} INFO - [2024-03-18T10:02:27.217+0200] {dagbag.py:540} INFO - Filling up the DagBag from /usr/local/lib/python3.8/site-packages/airflow/example_dags/plugins/listener_plugin.py
[2024-03-18T10:02:27.219+0200] {processor.py:842} WARNING - No viable dags retrieved from /usr/local/lib/python3.8/site-packages/airflow/example_dags/plugins/listener_plugin.py
[2024-03-18T10:02:27.312+0200] {processor.py:183} INFO - Processing /usr/local/lib/python3.8/site-packages/airflow/example_dags/plugins/listener_plugin.py took 0.097 seconds
[2024-03-18T10:03:09.659+0200] {processor.py:161} INFO - Started process (PID=7222) to work on /usr/local/lib/python3.8/site-packages/airflow/example_dags/plugins/listener_plugin.py
[2024-03-18T10:03:09.661+0200] {processor.py:830} INFO - Processing file /usr/local/lib/python3.8/site-packages/airflow/example_dags/plugins/listener_plugin.py for tasks to queue
[2024-03-18T10:03:09.662+0200] {logging_mixin.py:188} INFO - [2024-03-18T10:03:09.661+0200] {dagbag.py:540} INFO - Filling up the DagBag from /usr/local/lib/python3.8/site-packages/airflow/example_dags/plugins/listener_plugin.py
[2024-03-18T10:03:09.666+0200] {processor.py:842} WARNING - No viable dags retrieved from /usr/local/lib/python3.8/site-packages/airflow/example_dags/plugins/listener_plugin.py
[2024-03-18T10:03:09.780+0200] {processor.py:183} INFO - Processing /usr/local/lib/python3.8/site-packages/airflow/example_dags/plugins/listener_plugin.py took 0.123 seconds
[2024-03-18T10:03:55.287+0200] {processor.py:161} INFO - Started process (PID=7405) to work on /usr/local/lib/python3.8/site-packages/airflow/example_dags/plugins/listener_plugin.py
[2024-03-18T10:03:55.288+0200] {processor.py:830} INFO - Processing file /usr/local/lib/python3.8/site-packages/airflow/example_dags/plugins/listener_plugin.py for tasks to queue
[2024-03-18T10:03:55.289+0200] {logging_mixin.py:188} INFO - [2024-03-18T10:03:55.288+0200] {dagbag.py:540} INFO - Filling up the DagBag from /usr/local/lib/python3.8/site-packages/airflow/example_dags/plugins/listener_plugin.py
[2024-03-18T10:03:55.291+0200] {processor.py:842} WARNING - No viable dags retrieved from /usr/local/lib/python3.8/site-packages/airflow/example_dags/plugins/listener_plugin.py
[2024-03-18T10:03:55.397+0200] {processor.py:183} INFO - Processing /usr/local/lib/python3.8/site-packages/airflow/example_dags/plugins/listener_plugin.py took 0.112 seconds
[2024-03-18T10:04:36.100+0200] {processor.py:161} INFO - Started process (PID=7587) to work on /usr/local/lib/python3.8/site-packages/airflow/example_dags/plugins/listener_plugin.py
[2024-03-18T10:04:36.101+0200] {processor.py:830} INFO - Processing file /usr/local/lib/python3.8/site-packages/airflow/example_dags/plugins/listener_plugin.py for tasks to queue
[2024-03-18T10:04:36.102+0200] {logging_mixin.py:188} INFO - [2024-03-18T10:04:36.101+0200] {dagbag.py:540} INFO - Filling up the DagBag from /usr/local/lib/python3.8/site-packages/airflow/example_dags/plugins/listener_plugin.py
[2024-03-18T10:04:36.104+0200] {processor.py:842} WARNING - No viable dags retrieved from /usr/local/lib/python3.8/site-packages/airflow/example_dags/plugins/listener_plugin.py
[2024-03-18T10:04:36.208+0200] {processor.py:183} INFO - Processing /usr/local/lib/python3.8/site-packages/airflow/example_dags/plugins/listener_plugin.py took 0.110 seconds
[2024-03-18T10:05:12.638+0200] {processor.py:161} INFO - Started process (PID=7716) to work on /usr/local/lib/python3.8/site-packages/airflow/example_dags/plugins/listener_plugin.py
[2024-03-18T10:05:12.639+0200] {processor.py:830} INFO - Processing file /usr/local/lib/python3.8/site-packages/airflow/example_dags/plugins/listener_plugin.py for tasks to queue
[2024-03-18T10:05:12.640+0200] {logging_mixin.py:188} INFO - [2024-03-18T10:05:12.640+0200] {dagbag.py:540} INFO - Filling up the DagBag from /usr/local/lib/python3.8/site-packages/airflow/example_dags/plugins/listener_plugin.py
[2024-03-18T10:05:12.642+0200] {processor.py:842} WARNING - No viable dags retrieved from /usr/local/lib/python3.8/site-packages/airflow/example_dags/plugins/listener_plugin.py
[2024-03-18T10:05:12.777+0200] {processor.py:183} INFO - Processing /usr/local/lib/python3.8/site-packages/airflow/example_dags/plugins/listener_plugin.py took 0.141 seconds
[2024-03-18T10:05:53.638+0200] {processor.py:161} INFO - Started process (PID=7883) to work on /usr/local/lib/python3.8/site-packages/airflow/example_dags/plugins/listener_plugin.py
[2024-03-18T10:05:53.639+0200] {processor.py:830} INFO - Processing file /usr/local/lib/python3.8/site-packages/airflow/example_dags/plugins/listener_plugin.py for tasks to queue
[2024-03-18T10:05:53.639+0200] {logging_mixin.py:188} INFO - [2024-03-18T10:05:53.639+0200] {dagbag.py:540} INFO - Filling up the DagBag from /usr/local/lib/python3.8/site-packages/airflow/example_dags/plugins/listener_plugin.py
[2024-03-18T10:05:53.641+0200] {processor.py:842} WARNING - No viable dags retrieved from /usr/local/lib/python3.8/site-packages/airflow/example_dags/plugins/listener_plugin.py
[2024-03-18T10:05:53.751+0200] {processor.py:183} INFO - Processing /usr/local/lib/python3.8/site-packages/airflow/example_dags/plugins/listener_plugin.py took 0.116 seconds
[2024-03-18T10:06:30.303+0200] {processor.py:161} INFO - Started process (PID=8025) to work on /usr/local/lib/python3.8/site-packages/airflow/example_dags/plugins/listener_plugin.py
[2024-03-18T10:06:30.305+0200] {processor.py:830} INFO - Processing file /usr/local/lib/python3.8/site-packages/airflow/example_dags/plugins/listener_plugin.py for tasks to queue
[2024-03-18T10:06:30.306+0200] {logging_mixin.py:188} INFO - [2024-03-18T10:06:30.306+0200] {dagbag.py:540} INFO - Filling up the DagBag from /usr/local/lib/python3.8/site-packages/airflow/example_dags/plugins/listener_plugin.py
[2024-03-18T10:06:30.308+0200] {processor.py:842} WARNING - No viable dags retrieved from /usr/local/lib/python3.8/site-packages/airflow/example_dags/plugins/listener_plugin.py
[2024-03-18T10:06:30.426+0200] {processor.py:183} INFO - Processing /usr/local/lib/python3.8/site-packages/airflow/example_dags/plugins/listener_plugin.py took 0.124 seconds
[2024-03-18T10:07:10.216+0200] {processor.py:161} INFO - Started process (PID=8166) to work on /usr/local/lib/python3.8/site-packages/airflow/example_dags/plugins/listener_plugin.py
[2024-03-18T10:07:10.217+0200] {processor.py:830} INFO - Processing file /usr/local/lib/python3.8/site-packages/airflow/example_dags/plugins/listener_plugin.py for tasks to queue
[2024-03-18T10:07:10.218+0200] {logging_mixin.py:188} INFO - [2024-03-18T10:07:10.218+0200] {dagbag.py:540} INFO - Filling up the DagBag from /usr/local/lib/python3.8/site-packages/airflow/example_dags/plugins/listener_plugin.py
[2024-03-18T10:07:10.220+0200] {processor.py:842} WARNING - No viable dags retrieved from /usr/local/lib/python3.8/site-packages/airflow/example_dags/plugins/listener_plugin.py
[2024-03-18T10:07:10.325+0200] {processor.py:183} INFO - Processing /usr/local/lib/python3.8/site-packages/airflow/example_dags/plugins/listener_plugin.py took 0.110 seconds
[2024-03-18T10:07:49.475+0200] {processor.py:161} INFO - Started process (PID=8369) to work on /usr/local/lib/python3.8/site-packages/airflow/example_dags/plugins/listener_plugin.py
[2024-03-18T10:07:49.476+0200] {processor.py:830} INFO - Processing file /usr/local/lib/python3.8/site-packages/airflow/example_dags/plugins/listener_plugin.py for tasks to queue
[2024-03-18T10:07:49.477+0200] {logging_mixin.py:188} INFO - [2024-03-18T10:07:49.477+0200] {dagbag.py:540} INFO - Filling up the DagBag from /usr/local/lib/python3.8/site-packages/airflow/example_dags/plugins/listener_plugin.py
[2024-03-18T10:07:49.481+0200] {processor.py:842} WARNING - No viable dags retrieved from /usr/local/lib/python3.8/site-packages/airflow/example_dags/plugins/listener_plugin.py
[2024-03-18T10:07:49.624+0200] {processor.py:183} INFO - Processing /usr/local/lib/python3.8/site-packages/airflow/example_dags/plugins/listener_plugin.py took 0.151 seconds
[2024-03-18T10:08:38.320+0200] {processor.py:161} INFO - Started process (PID=8657) to work on /usr/local/lib/python3.8/site-packages/airflow/example_dags/plugins/listener_plugin.py
[2024-03-18T10:08:38.321+0200] {processor.py:830} INFO - Processing file /usr/local/lib/python3.8/site-packages/airflow/example_dags/plugins/listener_plugin.py for tasks to queue
[2024-03-18T10:08:38.321+0200] {logging_mixin.py:188} INFO - [2024-03-18T10:08:38.321+0200] {dagbag.py:540} INFO - Filling up the DagBag from /usr/local/lib/python3.8/site-packages/airflow/example_dags/plugins/listener_plugin.py
[2024-03-18T10:08:38.324+0200] {processor.py:842} WARNING - No viable dags retrieved from /usr/local/lib/python3.8/site-packages/airflow/example_dags/plugins/listener_plugin.py
[2024-03-18T10:08:38.423+0200] {processor.py:183} INFO - Processing /usr/local/lib/python3.8/site-packages/airflow/example_dags/plugins/listener_plugin.py took 0.105 seconds
[2024-03-18T10:09:22.340+0200] {processor.py:161} INFO - Started process (PID=8836) to work on /usr/local/lib/python3.8/site-packages/airflow/example_dags/plugins/listener_plugin.py
[2024-03-18T10:09:22.341+0200] {processor.py:830} INFO - Processing file /usr/local/lib/python3.8/site-packages/airflow/example_dags/plugins/listener_plugin.py for tasks to queue
[2024-03-18T10:09:22.341+0200] {logging_mixin.py:188} INFO - [2024-03-18T10:09:22.341+0200] {dagbag.py:540} INFO - Filling up the DagBag from /usr/local/lib/python3.8/site-packages/airflow/example_dags/plugins/listener_plugin.py
[2024-03-18T10:09:22.343+0200] {processor.py:842} WARNING - No viable dags retrieved from /usr/local/lib/python3.8/site-packages/airflow/example_dags/plugins/listener_plugin.py
[2024-03-18T10:09:22.449+0200] {processor.py:183} INFO - Processing /usr/local/lib/python3.8/site-packages/airflow/example_dags/plugins/listener_plugin.py took 0.111 seconds
[2024-03-18T10:09:58.562+0200] {processor.py:161} INFO - Started process (PID=8987) to work on /usr/local/lib/python3.8/site-packages/airflow/example_dags/plugins/listener_plugin.py
[2024-03-18T10:09:58.563+0200] {processor.py:830} INFO - Processing file /usr/local/lib/python3.8/site-packages/airflow/example_dags/plugins/listener_plugin.py for tasks to queue
[2024-03-18T10:09:58.564+0200] {logging_mixin.py:188} INFO - [2024-03-18T10:09:58.564+0200] {dagbag.py:540} INFO - Filling up the DagBag from /usr/local/lib/python3.8/site-packages/airflow/example_dags/plugins/listener_plugin.py
[2024-03-18T10:09:58.566+0200] {processor.py:842} WARNING - No viable dags retrieved from /usr/local/lib/python3.8/site-packages/airflow/example_dags/plugins/listener_plugin.py
[2024-03-18T10:09:58.676+0200] {processor.py:183} INFO - Processing /usr/local/lib/python3.8/site-packages/airflow/example_dags/plugins/listener_plugin.py took 0.115 seconds
[2024-03-18T10:10:35.159+0200] {processor.py:161} INFO - Started process (PID=9117) to work on /usr/local/lib/python3.8/site-packages/airflow/example_dags/plugins/listener_plugin.py
[2024-03-18T10:10:35.160+0200] {processor.py:830} INFO - Processing file /usr/local/lib/python3.8/site-packages/airflow/example_dags/plugins/listener_plugin.py for tasks to queue
[2024-03-18T10:10:35.161+0200] {logging_mixin.py:188} INFO - [2024-03-18T10:10:35.161+0200] {dagbag.py:540} INFO - Filling up the DagBag from /usr/local/lib/python3.8/site-packages/airflow/example_dags/plugins/listener_plugin.py
[2024-03-18T10:10:35.163+0200] {processor.py:842} WARNING - No viable dags retrieved from /usr/local/lib/python3.8/site-packages/airflow/example_dags/plugins/listener_plugin.py
[2024-03-18T10:10:35.282+0200] {processor.py:183} INFO - Processing /usr/local/lib/python3.8/site-packages/airflow/example_dags/plugins/listener_plugin.py took 0.125 seconds
[2024-03-18T10:11:12.964+0200] {processor.py:161} INFO - Started process (PID=9262) to work on /usr/local/lib/python3.8/site-packages/airflow/example_dags/plugins/listener_plugin.py
[2024-03-18T10:11:12.966+0200] {processor.py:830} INFO - Processing file /usr/local/lib/python3.8/site-packages/airflow/example_dags/plugins/listener_plugin.py for tasks to queue
[2024-03-18T10:11:12.966+0200] {logging_mixin.py:188} INFO - [2024-03-18T10:11:12.966+0200] {dagbag.py:540} INFO - Filling up the DagBag from /usr/local/lib/python3.8/site-packages/airflow/example_dags/plugins/listener_plugin.py
[2024-03-18T10:11:12.969+0200] {processor.py:842} WARNING - No viable dags retrieved from /usr/local/lib/python3.8/site-packages/airflow/example_dags/plugins/listener_plugin.py
[2024-03-18T10:11:13.091+0200] {processor.py:183} INFO - Processing /usr/local/lib/python3.8/site-packages/airflow/example_dags/plugins/listener_plugin.py took 0.128 seconds
[2024-03-18T10:11:52.225+0200] {processor.py:161} INFO - Started process (PID=9413) to work on /usr/local/lib/python3.8/site-packages/airflow/example_dags/plugins/listener_plugin.py
[2024-03-18T10:11:52.226+0200] {processor.py:830} INFO - Processing file /usr/local/lib/python3.8/site-packages/airflow/example_dags/plugins/listener_plugin.py for tasks to queue
[2024-03-18T10:11:52.227+0200] {logging_mixin.py:188} INFO - [2024-03-18T10:11:52.226+0200] {dagbag.py:540} INFO - Filling up the DagBag from /usr/local/lib/python3.8/site-packages/airflow/example_dags/plugins/listener_plugin.py
[2024-03-18T10:11:52.229+0200] {processor.py:842} WARNING - No viable dags retrieved from /usr/local/lib/python3.8/site-packages/airflow/example_dags/plugins/listener_plugin.py
[2024-03-18T10:11:52.327+0200] {processor.py:183} INFO - Processing /usr/local/lib/python3.8/site-packages/airflow/example_dags/plugins/listener_plugin.py took 0.104 seconds
[2024-03-18T10:12:35.711+0200] {processor.py:161} INFO - Started process (PID=9582) to work on /usr/local/lib/python3.8/site-packages/airflow/example_dags/plugins/listener_plugin.py
[2024-03-18T10:12:35.712+0200] {processor.py:830} INFO - Processing file /usr/local/lib/python3.8/site-packages/airflow/example_dags/plugins/listener_plugin.py for tasks to queue
[2024-03-18T10:12:35.713+0200] {logging_mixin.py:188} INFO - [2024-03-18T10:12:35.713+0200] {dagbag.py:540} INFO - Filling up the DagBag from /usr/local/lib/python3.8/site-packages/airflow/example_dags/plugins/listener_plugin.py
[2024-03-18T10:12:35.715+0200] {processor.py:842} WARNING - No viable dags retrieved from /usr/local/lib/python3.8/site-packages/airflow/example_dags/plugins/listener_plugin.py
[2024-03-18T10:12:35.827+0200] {processor.py:183} INFO - Processing /usr/local/lib/python3.8/site-packages/airflow/example_dags/plugins/listener_plugin.py took 0.117 seconds
[2024-03-18T10:13:28.183+0200] {processor.py:161} INFO - Started process (PID=9897) to work on /usr/local/lib/python3.8/site-packages/airflow/example_dags/plugins/listener_plugin.py
[2024-03-18T10:13:28.184+0200] {processor.py:830} INFO - Processing file /usr/local/lib/python3.8/site-packages/airflow/example_dags/plugins/listener_plugin.py for tasks to queue
[2024-03-18T10:13:28.185+0200] {logging_mixin.py:188} INFO - [2024-03-18T10:13:28.185+0200] {dagbag.py:540} INFO - Filling up the DagBag from /usr/local/lib/python3.8/site-packages/airflow/example_dags/plugins/listener_plugin.py
[2024-03-18T10:13:28.187+0200] {processor.py:842} WARNING - No viable dags retrieved from /usr/local/lib/python3.8/site-packages/airflow/example_dags/plugins/listener_plugin.py
[2024-03-18T10:13:28.278+0200] {processor.py:183} INFO - Processing /usr/local/lib/python3.8/site-packages/airflow/example_dags/plugins/listener_plugin.py took 0.097 seconds
[2024-03-18T10:14:13.101+0200] {processor.py:161} INFO - Started process (PID=10067) to work on /usr/local/lib/python3.8/site-packages/airflow/example_dags/plugins/listener_plugin.py
[2024-03-18T10:14:13.102+0200] {processor.py:830} INFO - Processing file /usr/local/lib/python3.8/site-packages/airflow/example_dags/plugins/listener_plugin.py for tasks to queue
[2024-03-18T10:14:13.103+0200] {logging_mixin.py:188} INFO - [2024-03-18T10:14:13.103+0200] {dagbag.py:540} INFO - Filling up the DagBag from /usr/local/lib/python3.8/site-packages/airflow/example_dags/plugins/listener_plugin.py
[2024-03-18T10:14:13.105+0200] {processor.py:842} WARNING - No viable dags retrieved from /usr/local/lib/python3.8/site-packages/airflow/example_dags/plugins/listener_plugin.py
[2024-03-18T10:14:13.222+0200] {processor.py:183} INFO - Processing /usr/local/lib/python3.8/site-packages/airflow/example_dags/plugins/listener_plugin.py took 0.123 seconds
[2024-03-18T10:14:52.865+0200] {processor.py:161} INFO - Started process (PID=10210) to work on /usr/local/lib/python3.8/site-packages/airflow/example_dags/plugins/listener_plugin.py
[2024-03-18T10:14:52.866+0200] {processor.py:830} INFO - Processing file /usr/local/lib/python3.8/site-packages/airflow/example_dags/plugins/listener_plugin.py for tasks to queue
[2024-03-18T10:14:52.867+0200] {logging_mixin.py:188} INFO - [2024-03-18T10:14:52.867+0200] {dagbag.py:540} INFO - Filling up the DagBag from /usr/local/lib/python3.8/site-packages/airflow/example_dags/plugins/listener_plugin.py
[2024-03-18T10:14:52.869+0200] {processor.py:842} WARNING - No viable dags retrieved from /usr/local/lib/python3.8/site-packages/airflow/example_dags/plugins/listener_plugin.py
[2024-03-18T10:14:52.970+0200] {processor.py:183} INFO - Processing /usr/local/lib/python3.8/site-packages/airflow/example_dags/plugins/listener_plugin.py took 0.106 seconds
[2024-03-18T10:15:30.539+0200] {processor.py:161} INFO - Started process (PID=10361) to work on /usr/local/lib/python3.8/site-packages/airflow/example_dags/plugins/listener_plugin.py
[2024-03-18T10:15:30.540+0200] {processor.py:830} INFO - Processing file /usr/local/lib/python3.8/site-packages/airflow/example_dags/plugins/listener_plugin.py for tasks to queue
[2024-03-18T10:15:30.541+0200] {logging_mixin.py:188} INFO - [2024-03-18T10:15:30.541+0200] {dagbag.py:540} INFO - Filling up the DagBag from /usr/local/lib/python3.8/site-packages/airflow/example_dags/plugins/listener_plugin.py
[2024-03-18T10:15:30.543+0200] {processor.py:842} WARNING - No viable dags retrieved from /usr/local/lib/python3.8/site-packages/airflow/example_dags/plugins/listener_plugin.py
[2024-03-18T10:15:30.719+0200] {processor.py:183} INFO - Processing /usr/local/lib/python3.8/site-packages/airflow/example_dags/plugins/listener_plugin.py took 0.182 seconds
[2024-03-18T10:16:06.125+0200] {processor.py:161} INFO - Started process (PID=10509) to work on /usr/local/lib/python3.8/site-packages/airflow/example_dags/plugins/listener_plugin.py
[2024-03-18T10:16:06.126+0200] {processor.py:830} INFO - Processing file /usr/local/lib/python3.8/site-packages/airflow/example_dags/plugins/listener_plugin.py for tasks to queue
[2024-03-18T10:16:06.126+0200] {logging_mixin.py:188} INFO - [2024-03-18T10:16:06.126+0200] {dagbag.py:540} INFO - Filling up the DagBag from /usr/local/lib/python3.8/site-packages/airflow/example_dags/plugins/listener_plugin.py
[2024-03-18T10:16:06.128+0200] {processor.py:842} WARNING - No viable dags retrieved from /usr/local/lib/python3.8/site-packages/airflow/example_dags/plugins/listener_plugin.py
[2024-03-18T10:16:06.217+0200] {processor.py:183} INFO - Processing /usr/local/lib/python3.8/site-packages/airflow/example_dags/plugins/listener_plugin.py took 0.094 seconds
[2024-03-18T10:16:43.443+0200] {processor.py:161} INFO - Started process (PID=10657) to work on /usr/local/lib/python3.8/site-packages/airflow/example_dags/plugins/listener_plugin.py
[2024-03-18T10:16:43.444+0200] {processor.py:830} INFO - Processing file /usr/local/lib/python3.8/site-packages/airflow/example_dags/plugins/listener_plugin.py for tasks to queue
[2024-03-18T10:16:43.445+0200] {logging_mixin.py:188} INFO - [2024-03-18T10:16:43.445+0200] {dagbag.py:540} INFO - Filling up the DagBag from /usr/local/lib/python3.8/site-packages/airflow/example_dags/plugins/listener_plugin.py
[2024-03-18T10:16:43.447+0200] {processor.py:842} WARNING - No viable dags retrieved from /usr/local/lib/python3.8/site-packages/airflow/example_dags/plugins/listener_plugin.py
[2024-03-18T10:16:43.580+0200] {processor.py:183} INFO - Processing /usr/local/lib/python3.8/site-packages/airflow/example_dags/plugins/listener_plugin.py took 0.139 seconds
[2024-03-18T10:17:28.054+0200] {processor.py:161} INFO - Started process (PID=10823) to work on /usr/local/lib/python3.8/site-packages/airflow/example_dags/plugins/listener_plugin.py
[2024-03-18T10:17:28.054+0200] {processor.py:830} INFO - Processing file /usr/local/lib/python3.8/site-packages/airflow/example_dags/plugins/listener_plugin.py for tasks to queue
[2024-03-18T10:17:28.055+0200] {logging_mixin.py:188} INFO - [2024-03-18T10:17:28.055+0200] {dagbag.py:540} INFO - Filling up the DagBag from /usr/local/lib/python3.8/site-packages/airflow/example_dags/plugins/listener_plugin.py
[2024-03-18T10:17:28.057+0200] {processor.py:842} WARNING - No viable dags retrieved from /usr/local/lib/python3.8/site-packages/airflow/example_dags/plugins/listener_plugin.py
[2024-03-18T10:17:28.144+0200] {processor.py:183} INFO - Processing /usr/local/lib/python3.8/site-packages/airflow/example_dags/plugins/listener_plugin.py took 0.092 seconds
[2024-03-18T10:18:07.315+0200] {processor.py:161} INFO - Started process (PID=10976) to work on /usr/local/lib/python3.8/site-packages/airflow/example_dags/plugins/listener_plugin.py
[2024-03-18T10:18:07.316+0200] {processor.py:830} INFO - Processing file /usr/local/lib/python3.8/site-packages/airflow/example_dags/plugins/listener_plugin.py for tasks to queue
[2024-03-18T10:18:07.316+0200] {logging_mixin.py:188} INFO - [2024-03-18T10:18:07.316+0200] {dagbag.py:540} INFO - Filling up the DagBag from /usr/local/lib/python3.8/site-packages/airflow/example_dags/plugins/listener_plugin.py
[2024-03-18T10:18:07.318+0200] {processor.py:842} WARNING - No viable dags retrieved from /usr/local/lib/python3.8/site-packages/airflow/example_dags/plugins/listener_plugin.py
[2024-03-18T10:18:07.414+0200] {processor.py:183} INFO - Processing /usr/local/lib/python3.8/site-packages/airflow/example_dags/plugins/listener_plugin.py took 0.101 seconds
[2024-03-18T10:18:50.109+0200] {processor.py:161} INFO - Started process (PID=11134) to work on /usr/local/lib/python3.8/site-packages/airflow/example_dags/plugins/listener_plugin.py
[2024-03-18T10:18:50.111+0200] {processor.py:830} INFO - Processing file /usr/local/lib/python3.8/site-packages/airflow/example_dags/plugins/listener_plugin.py for tasks to queue
[2024-03-18T10:18:50.112+0200] {logging_mixin.py:188} INFO - [2024-03-18T10:18:50.111+0200] {dagbag.py:540} INFO - Filling up the DagBag from /usr/local/lib/python3.8/site-packages/airflow/example_dags/plugins/listener_plugin.py
[2024-03-18T10:18:50.114+0200] {processor.py:842} WARNING - No viable dags retrieved from /usr/local/lib/python3.8/site-packages/airflow/example_dags/plugins/listener_plugin.py
[2024-03-18T10:18:50.211+0200] {processor.py:183} INFO - Processing /usr/local/lib/python3.8/site-packages/airflow/example_dags/plugins/listener_plugin.py took 0.103 seconds
[2024-03-18T10:19:29.610+0200] {processor.py:161} INFO - Started process (PID=11299) to work on /usr/local/lib/python3.8/site-packages/airflow/example_dags/plugins/listener_plugin.py
[2024-03-18T10:19:29.612+0200] {processor.py:830} INFO - Processing file /usr/local/lib/python3.8/site-packages/airflow/example_dags/plugins/listener_plugin.py for tasks to queue
[2024-03-18T10:19:29.612+0200] {logging_mixin.py:188} INFO - [2024-03-18T10:19:29.612+0200] {dagbag.py:540} INFO - Filling up the DagBag from /usr/local/lib/python3.8/site-packages/airflow/example_dags/plugins/listener_plugin.py
[2024-03-18T10:19:29.614+0200] {processor.py:842} WARNING - No viable dags retrieved from /usr/local/lib/python3.8/site-packages/airflow/example_dags/plugins/listener_plugin.py
[2024-03-18T10:19:29.709+0200] {processor.py:183} INFO - Processing /usr/local/lib/python3.8/site-packages/airflow/example_dags/plugins/listener_plugin.py took 0.101 seconds
[2024-03-18T10:20:08.573+0200] {processor.py:161} INFO - Started process (PID=11448) to work on /usr/local/lib/python3.8/site-packages/airflow/example_dags/plugins/listener_plugin.py
[2024-03-18T10:20:08.574+0200] {processor.py:830} INFO - Processing file /usr/local/lib/python3.8/site-packages/airflow/example_dags/plugins/listener_plugin.py for tasks to queue
[2024-03-18T10:20:08.575+0200] {logging_mixin.py:188} INFO - [2024-03-18T10:20:08.575+0200] {dagbag.py:540} INFO - Filling up the DagBag from /usr/local/lib/python3.8/site-packages/airflow/example_dags/plugins/listener_plugin.py
[2024-03-18T10:20:08.577+0200] {processor.py:842} WARNING - No viable dags retrieved from /usr/local/lib/python3.8/site-packages/airflow/example_dags/plugins/listener_plugin.py
[2024-03-18T10:20:08.708+0200] {processor.py:183} INFO - Processing /usr/local/lib/python3.8/site-packages/airflow/example_dags/plugins/listener_plugin.py took 0.136 seconds
[2024-03-18T10:20:50.340+0200] {processor.py:161} INFO - Started process (PID=11644) to work on /usr/local/lib/python3.8/site-packages/airflow/example_dags/plugins/listener_plugin.py
[2024-03-18T10:20:50.341+0200] {processor.py:830} INFO - Processing file /usr/local/lib/python3.8/site-packages/airflow/example_dags/plugins/listener_plugin.py for tasks to queue
[2024-03-18T10:20:50.342+0200] {logging_mixin.py:188} INFO - [2024-03-18T10:20:50.342+0200] {dagbag.py:540} INFO - Filling up the DagBag from /usr/local/lib/python3.8/site-packages/airflow/example_dags/plugins/listener_plugin.py
[2024-03-18T10:20:50.346+0200] {processor.py:842} WARNING - No viable dags retrieved from /usr/local/lib/python3.8/site-packages/airflow/example_dags/plugins/listener_plugin.py
[2024-03-18T10:20:50.439+0200] {processor.py:183} INFO - Processing /usr/local/lib/python3.8/site-packages/airflow/example_dags/plugins/listener_plugin.py took 0.100 seconds
[2024-03-18T10:23:11.456+0200] {processor.py:161} INFO - Started process (PID=11848) to work on /usr/local/lib/python3.8/site-packages/airflow/example_dags/plugins/listener_plugin.py
[2024-03-18T10:23:11.458+0200] {processor.py:830} INFO - Processing file /usr/local/lib/python3.8/site-packages/airflow/example_dags/plugins/listener_plugin.py for tasks to queue
[2024-03-18T10:23:11.459+0200] {logging_mixin.py:188} INFO - [2024-03-18T10:23:11.459+0200] {dagbag.py:540} INFO - Filling up the DagBag from /usr/local/lib/python3.8/site-packages/airflow/example_dags/plugins/listener_plugin.py
[2024-03-18T10:23:11.461+0200] {processor.py:842} WARNING - No viable dags retrieved from /usr/local/lib/python3.8/site-packages/airflow/example_dags/plugins/listener_plugin.py
[2024-03-18T10:23:11.553+0200] {processor.py:183} INFO - Processing /usr/local/lib/python3.8/site-packages/airflow/example_dags/plugins/listener_plugin.py took 0.098 seconds
[2024-03-18T10:23:50.366+0200] {processor.py:161} INFO - Started process (PID=12007) to work on /usr/local/lib/python3.8/site-packages/airflow/example_dags/plugins/listener_plugin.py
[2024-03-18T10:23:50.368+0200] {processor.py:830} INFO - Processing file /usr/local/lib/python3.8/site-packages/airflow/example_dags/plugins/listener_plugin.py for tasks to queue
[2024-03-18T10:23:50.369+0200] {logging_mixin.py:188} INFO - [2024-03-18T10:23:50.368+0200] {dagbag.py:540} INFO - Filling up the DagBag from /usr/local/lib/python3.8/site-packages/airflow/example_dags/plugins/listener_plugin.py
[2024-03-18T10:23:50.373+0200] {processor.py:842} WARNING - No viable dags retrieved from /usr/local/lib/python3.8/site-packages/airflow/example_dags/plugins/listener_plugin.py
[2024-03-18T10:23:50.504+0200] {processor.py:183} INFO - Processing /usr/local/lib/python3.8/site-packages/airflow/example_dags/plugins/listener_plugin.py took 0.140 seconds
[2024-03-18T10:24:40.187+0200] {processor.py:161} INFO - Started process (PID=12209) to work on /usr/local/lib/python3.8/site-packages/airflow/example_dags/plugins/listener_plugin.py
[2024-03-18T10:24:40.188+0200] {processor.py:830} INFO - Processing file /usr/local/lib/python3.8/site-packages/airflow/example_dags/plugins/listener_plugin.py for tasks to queue
[2024-03-18T10:24:40.189+0200] {logging_mixin.py:188} INFO - [2024-03-18T10:24:40.189+0200] {dagbag.py:540} INFO - Filling up the DagBag from /usr/local/lib/python3.8/site-packages/airflow/example_dags/plugins/listener_plugin.py
[2024-03-18T10:24:40.191+0200] {processor.py:842} WARNING - No viable dags retrieved from /usr/local/lib/python3.8/site-packages/airflow/example_dags/plugins/listener_plugin.py
[2024-03-18T10:24:40.299+0200] {processor.py:183} INFO - Processing /usr/local/lib/python3.8/site-packages/airflow/example_dags/plugins/listener_plugin.py took 0.113 seconds
[2024-03-18T10:25:14.847+0200] {processor.py:161} INFO - Started process (PID=12333) to work on /usr/local/lib/python3.8/site-packages/airflow/example_dags/plugins/listener_plugin.py
[2024-03-18T10:25:14.848+0200] {processor.py:830} INFO - Processing file /usr/local/lib/python3.8/site-packages/airflow/example_dags/plugins/listener_plugin.py for tasks to queue
[2024-03-18T10:25:14.849+0200] {logging_mixin.py:188} INFO - [2024-03-18T10:25:14.848+0200] {dagbag.py:540} INFO - Filling up the DagBag from /usr/local/lib/python3.8/site-packages/airflow/example_dags/plugins/listener_plugin.py
[2024-03-18T10:25:14.851+0200] {processor.py:842} WARNING - No viable dags retrieved from /usr/local/lib/python3.8/site-packages/airflow/example_dags/plugins/listener_plugin.py
[2024-03-18T10:25:14.964+0200] {processor.py:183} INFO - Processing /usr/local/lib/python3.8/site-packages/airflow/example_dags/plugins/listener_plugin.py took 0.118 seconds
[2024-03-18T10:25:51.721+0200] {processor.py:161} INFO - Started process (PID=12600) to work on /usr/local/lib/python3.8/site-packages/airflow/example_dags/plugins/listener_plugin.py
[2024-03-18T10:25:51.723+0200] {processor.py:830} INFO - Processing file /usr/local/lib/python3.8/site-packages/airflow/example_dags/plugins/listener_plugin.py for tasks to queue
[2024-03-18T10:25:51.724+0200] {logging_mixin.py:188} INFO - [2024-03-18T10:25:51.723+0200] {dagbag.py:540} INFO - Filling up the DagBag from /usr/local/lib/python3.8/site-packages/airflow/example_dags/plugins/listener_plugin.py
[2024-03-18T10:25:51.727+0200] {processor.py:842} WARNING - No viable dags retrieved from /usr/local/lib/python3.8/site-packages/airflow/example_dags/plugins/listener_plugin.py
[2024-03-18T10:25:51.865+0200] {processor.py:183} INFO - Processing /usr/local/lib/python3.8/site-packages/airflow/example_dags/plugins/listener_plugin.py took 0.146 seconds
[2024-03-18T10:26:32.277+0200] {processor.py:161} INFO - Started process (PID=12897) to work on /usr/local/lib/python3.8/site-packages/airflow/example_dags/plugins/listener_plugin.py
[2024-03-18T10:26:32.278+0200] {processor.py:830} INFO - Processing file /usr/local/lib/python3.8/site-packages/airflow/example_dags/plugins/listener_plugin.py for tasks to queue
[2024-03-18T10:26:32.279+0200] {logging_mixin.py:188} INFO - [2024-03-18T10:26:32.279+0200] {dagbag.py:540} INFO - Filling up the DagBag from /usr/local/lib/python3.8/site-packages/airflow/example_dags/plugins/listener_plugin.py
[2024-03-18T10:26:32.281+0200] {processor.py:842} WARNING - No viable dags retrieved from /usr/local/lib/python3.8/site-packages/airflow/example_dags/plugins/listener_plugin.py
[2024-03-18T10:26:32.414+0200] {processor.py:183} INFO - Processing /usr/local/lib/python3.8/site-packages/airflow/example_dags/plugins/listener_plugin.py took 0.139 seconds
[2024-03-18T10:27:21.744+0200] {processor.py:161} INFO - Started process (PID=13263) to work on /usr/local/lib/python3.8/site-packages/airflow/example_dags/plugins/listener_plugin.py
[2024-03-18T10:27:21.745+0200] {processor.py:830} INFO - Processing file /usr/local/lib/python3.8/site-packages/airflow/example_dags/plugins/listener_plugin.py for tasks to queue
[2024-03-18T10:27:21.745+0200] {logging_mixin.py:188} INFO - [2024-03-18T10:27:21.745+0200] {dagbag.py:540} INFO - Filling up the DagBag from /usr/local/lib/python3.8/site-packages/airflow/example_dags/plugins/listener_plugin.py
[2024-03-18T10:27:21.747+0200] {processor.py:842} WARNING - No viable dags retrieved from /usr/local/lib/python3.8/site-packages/airflow/example_dags/plugins/listener_plugin.py
[2024-03-18T10:27:21.863+0200] {processor.py:183} INFO - Processing /usr/local/lib/python3.8/site-packages/airflow/example_dags/plugins/listener_plugin.py took 0.122 seconds
[2024-03-18T10:27:59.815+0200] {processor.py:161} INFO - Started process (PID=13432) to work on /usr/local/lib/python3.8/site-packages/airflow/example_dags/plugins/listener_plugin.py
[2024-03-18T10:27:59.816+0200] {processor.py:830} INFO - Processing file /usr/local/lib/python3.8/site-packages/airflow/example_dags/plugins/listener_plugin.py for tasks to queue
[2024-03-18T10:27:59.817+0200] {logging_mixin.py:188} INFO - [2024-03-18T10:27:59.817+0200] {dagbag.py:540} INFO - Filling up the DagBag from /usr/local/lib/python3.8/site-packages/airflow/example_dags/plugins/listener_plugin.py
[2024-03-18T10:27:59.819+0200] {processor.py:842} WARNING - No viable dags retrieved from /usr/local/lib/python3.8/site-packages/airflow/example_dags/plugins/listener_plugin.py
[2024-03-18T10:27:59.933+0200] {processor.py:183} INFO - Processing /usr/local/lib/python3.8/site-packages/airflow/example_dags/plugins/listener_plugin.py took 0.120 seconds
[2024-03-18T10:28:44.507+0200] {processor.py:161} INFO - Started process (PID=13603) to work on /usr/local/lib/python3.8/site-packages/airflow/example_dags/plugins/listener_plugin.py
[2024-03-18T10:28:44.508+0200] {processor.py:830} INFO - Processing file /usr/local/lib/python3.8/site-packages/airflow/example_dags/plugins/listener_plugin.py for tasks to queue
[2024-03-18T10:28:44.509+0200] {logging_mixin.py:188} INFO - [2024-03-18T10:28:44.509+0200] {dagbag.py:540} INFO - Filling up the DagBag from /usr/local/lib/python3.8/site-packages/airflow/example_dags/plugins/listener_plugin.py
[2024-03-18T10:28:44.511+0200] {processor.py:842} WARNING - No viable dags retrieved from /usr/local/lib/python3.8/site-packages/airflow/example_dags/plugins/listener_plugin.py
[2024-03-18T10:28:44.610+0200] {processor.py:183} INFO - Processing /usr/local/lib/python3.8/site-packages/airflow/example_dags/plugins/listener_plugin.py took 0.105 seconds
[2024-03-18T10:29:27.671+0200] {processor.py:161} INFO - Started process (PID=13765) to work on /usr/local/lib/python3.8/site-packages/airflow/example_dags/plugins/listener_plugin.py
[2024-03-18T10:29:27.672+0200] {processor.py:830} INFO - Processing file /usr/local/lib/python3.8/site-packages/airflow/example_dags/plugins/listener_plugin.py for tasks to queue
[2024-03-18T10:29:27.673+0200] {logging_mixin.py:188} INFO - [2024-03-18T10:29:27.672+0200] {dagbag.py:540} INFO - Filling up the DagBag from /usr/local/lib/python3.8/site-packages/airflow/example_dags/plugins/listener_plugin.py
[2024-03-18T10:29:27.675+0200] {processor.py:842} WARNING - No viable dags retrieved from /usr/local/lib/python3.8/site-packages/airflow/example_dags/plugins/listener_plugin.py
[2024-03-18T10:29:27.792+0200] {processor.py:183} INFO - Processing /usr/local/lib/python3.8/site-packages/airflow/example_dags/plugins/listener_plugin.py took 0.123 seconds
[2024-03-18T10:30:08.843+0200] {processor.py:161} INFO - Started process (PID=13918) to work on /usr/local/lib/python3.8/site-packages/airflow/example_dags/plugins/listener_plugin.py
[2024-03-18T10:30:08.843+0200] {processor.py:830} INFO - Processing file /usr/local/lib/python3.8/site-packages/airflow/example_dags/plugins/listener_plugin.py for tasks to queue
[2024-03-18T10:30:08.844+0200] {logging_mixin.py:188} INFO - [2024-03-18T10:30:08.844+0200] {dagbag.py:540} INFO - Filling up the DagBag from /usr/local/lib/python3.8/site-packages/airflow/example_dags/plugins/listener_plugin.py
[2024-03-18T10:30:08.846+0200] {processor.py:842} WARNING - No viable dags retrieved from /usr/local/lib/python3.8/site-packages/airflow/example_dags/plugins/listener_plugin.py
[2024-03-18T10:30:08.959+0200] {processor.py:183} INFO - Processing /usr/local/lib/python3.8/site-packages/airflow/example_dags/plugins/listener_plugin.py took 0.119 seconds
[2024-03-18T10:30:49.074+0200] {processor.py:161} INFO - Started process (PID=14079) to work on /usr/local/lib/python3.8/site-packages/airflow/example_dags/plugins/listener_plugin.py
[2024-03-18T10:30:49.075+0200] {processor.py:830} INFO - Processing file /usr/local/lib/python3.8/site-packages/airflow/example_dags/plugins/listener_plugin.py for tasks to queue
[2024-03-18T10:30:49.076+0200] {logging_mixin.py:188} INFO - [2024-03-18T10:30:49.076+0200] {dagbag.py:540} INFO - Filling up the DagBag from /usr/local/lib/python3.8/site-packages/airflow/example_dags/plugins/listener_plugin.py
[2024-03-18T10:30:49.078+0200] {processor.py:842} WARNING - No viable dags retrieved from /usr/local/lib/python3.8/site-packages/airflow/example_dags/plugins/listener_plugin.py
[2024-03-18T10:30:49.220+0200] {processor.py:183} INFO - Processing /usr/local/lib/python3.8/site-packages/airflow/example_dags/plugins/listener_plugin.py took 0.147 seconds
[2024-03-18T10:31:28.266+0200] {processor.py:161} INFO - Started process (PID=14233) to work on /usr/local/lib/python3.8/site-packages/airflow/example_dags/plugins/listener_plugin.py
[2024-03-18T10:31:28.267+0200] {processor.py:830} INFO - Processing file /usr/local/lib/python3.8/site-packages/airflow/example_dags/plugins/listener_plugin.py for tasks to queue
[2024-03-18T10:31:28.267+0200] {logging_mixin.py:188} INFO - [2024-03-18T10:31:28.267+0200] {dagbag.py:540} INFO - Filling up the DagBag from /usr/local/lib/python3.8/site-packages/airflow/example_dags/plugins/listener_plugin.py
[2024-03-18T10:31:28.269+0200] {processor.py:842} WARNING - No viable dags retrieved from /usr/local/lib/python3.8/site-packages/airflow/example_dags/plugins/listener_plugin.py
[2024-03-18T10:31:28.369+0200] {processor.py:183} INFO - Processing /usr/local/lib/python3.8/site-packages/airflow/example_dags/plugins/listener_plugin.py took 0.106 seconds
[2024-03-18T10:32:09.504+0200] {processor.py:161} INFO - Started process (PID=14399) to work on /usr/local/lib/python3.8/site-packages/airflow/example_dags/plugins/listener_plugin.py
[2024-03-18T10:32:09.505+0200] {processor.py:830} INFO - Processing file /usr/local/lib/python3.8/site-packages/airflow/example_dags/plugins/listener_plugin.py for tasks to queue
[2024-03-18T10:32:09.506+0200] {logging_mixin.py:188} INFO - [2024-03-18T10:32:09.506+0200] {dagbag.py:540} INFO - Filling up the DagBag from /usr/local/lib/python3.8/site-packages/airflow/example_dags/plugins/listener_plugin.py
[2024-03-18T10:32:09.508+0200] {processor.py:842} WARNING - No viable dags retrieved from /usr/local/lib/python3.8/site-packages/airflow/example_dags/plugins/listener_plugin.py
[2024-03-18T10:32:09.607+0200] {processor.py:183} INFO - Processing /usr/local/lib/python3.8/site-packages/airflow/example_dags/plugins/listener_plugin.py took 0.105 seconds
