[2024-03-18T09:42:00.638+0200] {processor.py:161} INFO - Started process (PID=1524) to work on /usr/local/lib/python3.8/site-packages/airflow/example_dags/plugins/workday.py
[2024-03-18T09:42:00.640+0200] {processor.py:830} INFO - Processing file /usr/local/lib/python3.8/site-packages/airflow/example_dags/plugins/workday.py for tasks to queue
[2024-03-18T09:42:00.641+0200] {logging_mixin.py:188} INFO - [2024-03-18T09:42:00.641+0200] {dagbag.py:540} INFO - Filling up the DagBag from /usr/local/lib/python3.8/site-packages/airflow/example_dags/plugins/workday.py
[2024-03-18T09:42:00.643+0200] {logging_mixin.py:188} INFO - [2024-03-18T09:42:00.642+0200] {workday.py:40} WARNING - Could not import pandas. Holidays will not be considered.
[2024-03-18T09:42:00.643+0200] {processor.py:842} WARNING - No viable dags retrieved from /usr/local/lib/python3.8/site-packages/airflow/example_dags/plugins/workday.py
[2024-03-18T09:42:00.763+0200] {processor.py:183} INFO - Processing /usr/local/lib/python3.8/site-packages/airflow/example_dags/plugins/workday.py took 0.127 seconds
[2024-03-18T09:42:49.714+0200] {processor.py:161} INFO - Started process (PID=1754) to work on /usr/local/lib/python3.8/site-packages/airflow/example_dags/plugins/workday.py
[2024-03-18T09:42:49.715+0200] {processor.py:830} INFO - Processing file /usr/local/lib/python3.8/site-packages/airflow/example_dags/plugins/workday.py for tasks to queue
[2024-03-18T09:42:49.716+0200] {logging_mixin.py:188} INFO - [2024-03-18T09:42:49.715+0200] {dagbag.py:540} INFO - Filling up the DagBag from /usr/local/lib/python3.8/site-packages/airflow/example_dags/plugins/workday.py
[2024-03-18T09:42:49.717+0200] {logging_mixin.py:188} INFO - [2024-03-18T09:42:49.717+0200] {workday.py:40} WARNING - Could not import pandas. Holidays will not be considered.
[2024-03-18T09:42:49.718+0200] {processor.py:842} WARNING - No viable dags retrieved from /usr/local/lib/python3.8/site-packages/airflow/example_dags/plugins/workday.py
[2024-03-18T09:42:49.825+0200] {processor.py:183} INFO - Processing /usr/local/lib/python3.8/site-packages/airflow/example_dags/plugins/workday.py took 0.113 seconds
[2024-03-18T09:43:25.059+0200] {processor.py:161} INFO - Started process (PID=1915) to work on /usr/local/lib/python3.8/site-packages/airflow/example_dags/plugins/workday.py
[2024-03-18T09:43:25.060+0200] {processor.py:830} INFO - Processing file /usr/local/lib/python3.8/site-packages/airflow/example_dags/plugins/workday.py for tasks to queue
[2024-03-18T09:43:25.061+0200] {logging_mixin.py:188} INFO - [2024-03-18T09:43:25.061+0200] {dagbag.py:540} INFO - Filling up the DagBag from /usr/local/lib/python3.8/site-packages/airflow/example_dags/plugins/workday.py
[2024-03-18T09:43:25.062+0200] {logging_mixin.py:188} INFO - [2024-03-18T09:43:25.062+0200] {workday.py:40} WARNING - Could not import pandas. Holidays will not be considered.
[2024-03-18T09:43:25.062+0200] {processor.py:842} WARNING - No viable dags retrieved from /usr/local/lib/python3.8/site-packages/airflow/example_dags/plugins/workday.py
[2024-03-18T09:43:25.166+0200] {processor.py:183} INFO - Processing /usr/local/lib/python3.8/site-packages/airflow/example_dags/plugins/workday.py took 0.108 seconds
[2024-03-18T09:44:04.467+0200] {processor.py:161} INFO - Started process (PID=2066) to work on /usr/local/lib/python3.8/site-packages/airflow/example_dags/plugins/workday.py
[2024-03-18T09:44:04.468+0200] {processor.py:830} INFO - Processing file /usr/local/lib/python3.8/site-packages/airflow/example_dags/plugins/workday.py for tasks to queue
[2024-03-18T09:44:04.468+0200] {logging_mixin.py:188} INFO - [2024-03-18T09:44:04.468+0200] {dagbag.py:540} INFO - Filling up the DagBag from /usr/local/lib/python3.8/site-packages/airflow/example_dags/plugins/workday.py
[2024-03-18T09:44:04.470+0200] {logging_mixin.py:188} INFO - [2024-03-18T09:44:04.470+0200] {workday.py:40} WARNING - Could not import pandas. Holidays will not be considered.
[2024-03-18T09:44:04.470+0200] {processor.py:842} WARNING - No viable dags retrieved from /usr/local/lib/python3.8/site-packages/airflow/example_dags/plugins/workday.py
[2024-03-18T09:44:04.556+0200] {processor.py:183} INFO - Processing /usr/local/lib/python3.8/site-packages/airflow/example_dags/plugins/workday.py took 0.090 seconds
[2024-03-18T09:44:45.403+0200] {processor.py:161} INFO - Started process (PID=2247) to work on /usr/local/lib/python3.8/site-packages/airflow/example_dags/plugins/workday.py
[2024-03-18T09:44:45.405+0200] {processor.py:830} INFO - Processing file /usr/local/lib/python3.8/site-packages/airflow/example_dags/plugins/workday.py for tasks to queue
[2024-03-18T09:44:45.406+0200] {logging_mixin.py:188} INFO - [2024-03-18T09:44:45.405+0200] {dagbag.py:540} INFO - Filling up the DagBag from /usr/local/lib/python3.8/site-packages/airflow/example_dags/plugins/workday.py
[2024-03-18T09:44:45.407+0200] {logging_mixin.py:188} INFO - [2024-03-18T09:44:45.407+0200] {workday.py:40} WARNING - Could not import pandas. Holidays will not be considered.
[2024-03-18T09:44:45.408+0200] {processor.py:842} WARNING - No viable dags retrieved from /usr/local/lib/python3.8/site-packages/airflow/example_dags/plugins/workday.py
[2024-03-18T09:44:45.500+0200] {processor.py:183} INFO - Processing /usr/local/lib/python3.8/site-packages/airflow/example_dags/plugins/workday.py took 0.098 seconds
[2024-03-18T09:45:35.017+0200] {processor.py:161} INFO - Started process (PID=2536) to work on /usr/local/lib/python3.8/site-packages/airflow/example_dags/plugins/workday.py
[2024-03-18T09:45:35.017+0200] {processor.py:830} INFO - Processing file /usr/local/lib/python3.8/site-packages/airflow/example_dags/plugins/workday.py for tasks to queue
[2024-03-18T09:45:35.018+0200] {logging_mixin.py:188} INFO - [2024-03-18T09:45:35.018+0200] {dagbag.py:540} INFO - Filling up the DagBag from /usr/local/lib/python3.8/site-packages/airflow/example_dags/plugins/workday.py
[2024-03-18T09:45:35.020+0200] {logging_mixin.py:188} INFO - [2024-03-18T09:45:35.019+0200] {workday.py:40} WARNING - Could not import pandas. Holidays will not be considered.
[2024-03-18T09:45:35.020+0200] {processor.py:842} WARNING - No viable dags retrieved from /usr/local/lib/python3.8/site-packages/airflow/example_dags/plugins/workday.py
[2024-03-18T09:45:35.133+0200] {processor.py:183} INFO - Processing /usr/local/lib/python3.8/site-packages/airflow/example_dags/plugins/workday.py took 0.118 seconds
[2024-03-18T09:46:22.228+0200] {processor.py:161} INFO - Started process (PID=2730) to work on /usr/local/lib/python3.8/site-packages/airflow/example_dags/plugins/workday.py
[2024-03-18T09:46:22.229+0200] {processor.py:830} INFO - Processing file /usr/local/lib/python3.8/site-packages/airflow/example_dags/plugins/workday.py for tasks to queue
[2024-03-18T09:46:22.229+0200] {logging_mixin.py:188} INFO - [2024-03-18T09:46:22.229+0200] {dagbag.py:540} INFO - Filling up the DagBag from /usr/local/lib/python3.8/site-packages/airflow/example_dags/plugins/workday.py
[2024-03-18T09:46:22.231+0200] {logging_mixin.py:188} INFO - [2024-03-18T09:46:22.231+0200] {workday.py:40} WARNING - Could not import pandas. Holidays will not be considered.
[2024-03-18T09:46:22.231+0200] {processor.py:842} WARNING - No viable dags retrieved from /usr/local/lib/python3.8/site-packages/airflow/example_dags/plugins/workday.py
[2024-03-18T09:46:22.350+0200] {processor.py:183} INFO - Processing /usr/local/lib/python3.8/site-packages/airflow/example_dags/plugins/workday.py took 0.124 seconds
[2024-03-18T09:47:07.234+0200] {processor.py:161} INFO - Started process (PID=2981) to work on /usr/local/lib/python3.8/site-packages/airflow/example_dags/plugins/workday.py
[2024-03-18T09:47:07.234+0200] {processor.py:830} INFO - Processing file /usr/local/lib/python3.8/site-packages/airflow/example_dags/plugins/workday.py for tasks to queue
[2024-03-18T09:47:07.235+0200] {logging_mixin.py:188} INFO - [2024-03-18T09:47:07.235+0200] {dagbag.py:540} INFO - Filling up the DagBag from /usr/local/lib/python3.8/site-packages/airflow/example_dags/plugins/workday.py
[2024-03-18T09:47:07.236+0200] {logging_mixin.py:188} INFO - [2024-03-18T09:47:07.236+0200] {workday.py:40} WARNING - Could not import pandas. Holidays will not be considered.
[2024-03-18T09:47:07.236+0200] {processor.py:842} WARNING - No viable dags retrieved from /usr/local/lib/python3.8/site-packages/airflow/example_dags/plugins/workday.py
[2024-03-18T09:47:07.334+0200] {processor.py:183} INFO - Processing /usr/local/lib/python3.8/site-packages/airflow/example_dags/plugins/workday.py took 0.102 seconds
[2024-03-18T09:47:40.064+0200] {processor.py:161} INFO - Started process (PID=3116) to work on /usr/local/lib/python3.8/site-packages/airflow/example_dags/plugins/workday.py
[2024-03-18T09:47:40.065+0200] {processor.py:830} INFO - Processing file /usr/local/lib/python3.8/site-packages/airflow/example_dags/plugins/workday.py for tasks to queue
[2024-03-18T09:47:40.066+0200] {logging_mixin.py:188} INFO - [2024-03-18T09:47:40.066+0200] {dagbag.py:540} INFO - Filling up the DagBag from /usr/local/lib/python3.8/site-packages/airflow/example_dags/plugins/workday.py
[2024-03-18T09:47:40.067+0200] {logging_mixin.py:188} INFO - [2024-03-18T09:47:40.067+0200] {workday.py:40} WARNING - Could not import pandas. Holidays will not be considered.
[2024-03-18T09:47:40.067+0200] {processor.py:842} WARNING - No viable dags retrieved from /usr/local/lib/python3.8/site-packages/airflow/example_dags/plugins/workday.py
[2024-03-18T09:47:40.161+0200] {processor.py:183} INFO - Processing /usr/local/lib/python3.8/site-packages/airflow/example_dags/plugins/workday.py took 0.098 seconds
[2024-03-18T09:48:17.621+0200] {processor.py:161} INFO - Started process (PID=3250) to work on /usr/local/lib/python3.8/site-packages/airflow/example_dags/plugins/workday.py
[2024-03-18T09:48:17.621+0200] {processor.py:830} INFO - Processing file /usr/local/lib/python3.8/site-packages/airflow/example_dags/plugins/workday.py for tasks to queue
[2024-03-18T09:48:17.622+0200] {logging_mixin.py:188} INFO - [2024-03-18T09:48:17.622+0200] {dagbag.py:540} INFO - Filling up the DagBag from /usr/local/lib/python3.8/site-packages/airflow/example_dags/plugins/workday.py
[2024-03-18T09:48:17.623+0200] {logging_mixin.py:188} INFO - [2024-03-18T09:48:17.623+0200] {workday.py:40} WARNING - Could not import pandas. Holidays will not be considered.
[2024-03-18T09:48:17.623+0200] {processor.py:842} WARNING - No viable dags retrieved from /usr/local/lib/python3.8/site-packages/airflow/example_dags/plugins/workday.py
[2024-03-18T09:48:17.733+0200] {processor.py:183} INFO - Processing /usr/local/lib/python3.8/site-packages/airflow/example_dags/plugins/workday.py took 0.114 seconds
[2024-03-18T09:48:59.132+0200] {processor.py:161} INFO - Started process (PID=3405) to work on /usr/local/lib/python3.8/site-packages/airflow/example_dags/plugins/workday.py
[2024-03-18T09:48:59.133+0200] {processor.py:830} INFO - Processing file /usr/local/lib/python3.8/site-packages/airflow/example_dags/plugins/workday.py for tasks to queue
[2024-03-18T09:48:59.134+0200] {logging_mixin.py:188} INFO - [2024-03-18T09:48:59.134+0200] {dagbag.py:540} INFO - Filling up the DagBag from /usr/local/lib/python3.8/site-packages/airflow/example_dags/plugins/workday.py
[2024-03-18T09:48:59.135+0200] {logging_mixin.py:188} INFO - [2024-03-18T09:48:59.135+0200] {workday.py:40} WARNING - Could not import pandas. Holidays will not be considered.
[2024-03-18T09:48:59.135+0200] {processor.py:842} WARNING - No viable dags retrieved from /usr/local/lib/python3.8/site-packages/airflow/example_dags/plugins/workday.py
[2024-03-18T09:48:59.233+0200] {processor.py:183} INFO - Processing /usr/local/lib/python3.8/site-packages/airflow/example_dags/plugins/workday.py took 0.103 seconds
[2024-03-18T09:49:34.477+0200] {processor.py:161} INFO - Started process (PID=3550) to work on /usr/local/lib/python3.8/site-packages/airflow/example_dags/plugins/workday.py
[2024-03-18T09:49:34.477+0200] {processor.py:830} INFO - Processing file /usr/local/lib/python3.8/site-packages/airflow/example_dags/plugins/workday.py for tasks to queue
[2024-03-18T09:49:34.478+0200] {logging_mixin.py:188} INFO - [2024-03-18T09:49:34.478+0200] {dagbag.py:540} INFO - Filling up the DagBag from /usr/local/lib/python3.8/site-packages/airflow/example_dags/plugins/workday.py
[2024-03-18T09:49:34.479+0200] {logging_mixin.py:188} INFO - [2024-03-18T09:49:34.479+0200] {workday.py:40} WARNING - Could not import pandas. Holidays will not be considered.
[2024-03-18T09:49:34.480+0200] {processor.py:842} WARNING - No viable dags retrieved from /usr/local/lib/python3.8/site-packages/airflow/example_dags/plugins/workday.py
[2024-03-18T09:49:34.585+0200] {processor.py:183} INFO - Processing /usr/local/lib/python3.8/site-packages/airflow/example_dags/plugins/workday.py took 0.109 seconds
[2024-03-18T09:50:13.533+0200] {processor.py:161} INFO - Started process (PID=3703) to work on /usr/local/lib/python3.8/site-packages/airflow/example_dags/plugins/workday.py
[2024-03-18T09:50:13.534+0200] {processor.py:830} INFO - Processing file /usr/local/lib/python3.8/site-packages/airflow/example_dags/plugins/workday.py for tasks to queue
[2024-03-18T09:50:13.534+0200] {logging_mixin.py:188} INFO - [2024-03-18T09:50:13.534+0200] {dagbag.py:540} INFO - Filling up the DagBag from /usr/local/lib/python3.8/site-packages/airflow/example_dags/plugins/workday.py
[2024-03-18T09:50:13.536+0200] {logging_mixin.py:188} INFO - [2024-03-18T09:50:13.535+0200] {workday.py:40} WARNING - Could not import pandas. Holidays will not be considered.
[2024-03-18T09:50:13.536+0200] {processor.py:842} WARNING - No viable dags retrieved from /usr/local/lib/python3.8/site-packages/airflow/example_dags/plugins/workday.py
[2024-03-18T09:50:13.631+0200] {processor.py:183} INFO - Processing /usr/local/lib/python3.8/site-packages/airflow/example_dags/plugins/workday.py took 0.099 seconds
[2024-03-18T09:50:48.277+0200] {processor.py:161} INFO - Started process (PID=3848) to work on /usr/local/lib/python3.8/site-packages/airflow/example_dags/plugins/workday.py
[2024-03-18T09:50:48.278+0200] {processor.py:830} INFO - Processing file /usr/local/lib/python3.8/site-packages/airflow/example_dags/plugins/workday.py for tasks to queue
[2024-03-18T09:50:48.278+0200] {logging_mixin.py:188} INFO - [2024-03-18T09:50:48.278+0200] {dagbag.py:540} INFO - Filling up the DagBag from /usr/local/lib/python3.8/site-packages/airflow/example_dags/plugins/workday.py
[2024-03-18T09:50:48.279+0200] {logging_mixin.py:188} INFO - [2024-03-18T09:50:48.279+0200] {workday.py:40} WARNING - Could not import pandas. Holidays will not be considered.
[2024-03-18T09:50:48.280+0200] {processor.py:842} WARNING - No viable dags retrieved from /usr/local/lib/python3.8/site-packages/airflow/example_dags/plugins/workday.py
[2024-03-18T09:50:48.381+0200] {processor.py:183} INFO - Processing /usr/local/lib/python3.8/site-packages/airflow/example_dags/plugins/workday.py took 0.105 seconds
[2024-03-18T09:51:21.647+0200] {processor.py:161} INFO - Started process (PID=3981) to work on /usr/local/lib/python3.8/site-packages/airflow/example_dags/plugins/workday.py
[2024-03-18T09:51:21.647+0200] {processor.py:830} INFO - Processing file /usr/local/lib/python3.8/site-packages/airflow/example_dags/plugins/workday.py for tasks to queue
[2024-03-18T09:51:21.648+0200] {logging_mixin.py:188} INFO - [2024-03-18T09:51:21.648+0200] {dagbag.py:540} INFO - Filling up the DagBag from /usr/local/lib/python3.8/site-packages/airflow/example_dags/plugins/workday.py
[2024-03-18T09:51:21.649+0200] {logging_mixin.py:188} INFO - [2024-03-18T09:51:21.649+0200] {workday.py:40} WARNING - Could not import pandas. Holidays will not be considered.
[2024-03-18T09:51:21.650+0200] {processor.py:842} WARNING - No viable dags retrieved from /usr/local/lib/python3.8/site-packages/airflow/example_dags/plugins/workday.py
[2024-03-18T09:51:21.762+0200] {processor.py:183} INFO - Processing /usr/local/lib/python3.8/site-packages/airflow/example_dags/plugins/workday.py took 0.117 seconds
[2024-03-18T09:51:59.253+0200] {processor.py:161} INFO - Started process (PID=4132) to work on /usr/local/lib/python3.8/site-packages/airflow/example_dags/plugins/workday.py
[2024-03-18T09:51:59.254+0200] {processor.py:830} INFO - Processing file /usr/local/lib/python3.8/site-packages/airflow/example_dags/plugins/workday.py for tasks to queue
[2024-03-18T09:51:59.255+0200] {logging_mixin.py:188} INFO - [2024-03-18T09:51:59.255+0200] {dagbag.py:540} INFO - Filling up the DagBag from /usr/local/lib/python3.8/site-packages/airflow/example_dags/plugins/workday.py
[2024-03-18T09:51:59.256+0200] {logging_mixin.py:188} INFO - [2024-03-18T09:51:59.256+0200] {workday.py:40} WARNING - Could not import pandas. Holidays will not be considered.
[2024-03-18T09:51:59.257+0200] {processor.py:842} WARNING - No viable dags retrieved from /usr/local/lib/python3.8/site-packages/airflow/example_dags/plugins/workday.py
[2024-03-18T09:51:59.361+0200] {processor.py:183} INFO - Processing /usr/local/lib/python3.8/site-packages/airflow/example_dags/plugins/workday.py took 0.111 seconds
[2024-03-18T09:52:40.715+0200] {processor.py:161} INFO - Started process (PID=4279) to work on /usr/local/lib/python3.8/site-packages/airflow/example_dags/plugins/workday.py
[2024-03-18T09:52:40.716+0200] {processor.py:830} INFO - Processing file /usr/local/lib/python3.8/site-packages/airflow/example_dags/plugins/workday.py for tasks to queue
[2024-03-18T09:52:40.717+0200] {logging_mixin.py:188} INFO - [2024-03-18T09:52:40.717+0200] {dagbag.py:540} INFO - Filling up the DagBag from /usr/local/lib/python3.8/site-packages/airflow/example_dags/plugins/workday.py
[2024-03-18T09:52:40.718+0200] {logging_mixin.py:188} INFO - [2024-03-18T09:52:40.718+0200] {workday.py:40} WARNING - Could not import pandas. Holidays will not be considered.
[2024-03-18T09:52:40.719+0200] {processor.py:842} WARNING - No viable dags retrieved from /usr/local/lib/python3.8/site-packages/airflow/example_dags/plugins/workday.py
[2024-03-18T09:52:40.828+0200] {processor.py:183} INFO - Processing /usr/local/lib/python3.8/site-packages/airflow/example_dags/plugins/workday.py took 0.115 seconds
[2024-03-18T09:53:19.215+0200] {processor.py:161} INFO - Started process (PID=4430) to work on /usr/local/lib/python3.8/site-packages/airflow/example_dags/plugins/workday.py
[2024-03-18T09:53:19.216+0200] {processor.py:830} INFO - Processing file /usr/local/lib/python3.8/site-packages/airflow/example_dags/plugins/workday.py for tasks to queue
[2024-03-18T09:53:19.216+0200] {logging_mixin.py:188} INFO - [2024-03-18T09:53:19.216+0200] {dagbag.py:540} INFO - Filling up the DagBag from /usr/local/lib/python3.8/site-packages/airflow/example_dags/plugins/workday.py
[2024-03-18T09:53:19.217+0200] {logging_mixin.py:188} INFO - [2024-03-18T09:53:19.217+0200] {workday.py:40} WARNING - Could not import pandas. Holidays will not be considered.
[2024-03-18T09:53:19.217+0200] {processor.py:842} WARNING - No viable dags retrieved from /usr/local/lib/python3.8/site-packages/airflow/example_dags/plugins/workday.py
[2024-03-18T09:53:19.308+0200] {processor.py:183} INFO - Processing /usr/local/lib/python3.8/site-packages/airflow/example_dags/plugins/workday.py took 0.095 seconds
[2024-03-18T09:54:00.872+0200] {processor.py:161} INFO - Started process (PID=4602) to work on /usr/local/lib/python3.8/site-packages/airflow/example_dags/plugins/workday.py
[2024-03-18T09:54:00.873+0200] {processor.py:830} INFO - Processing file /usr/local/lib/python3.8/site-packages/airflow/example_dags/plugins/workday.py for tasks to queue
[2024-03-18T09:54:00.873+0200] {logging_mixin.py:188} INFO - [2024-03-18T09:54:00.873+0200] {dagbag.py:540} INFO - Filling up the DagBag from /usr/local/lib/python3.8/site-packages/airflow/example_dags/plugins/workday.py
[2024-03-18T09:54:00.875+0200] {logging_mixin.py:188} INFO - [2024-03-18T09:54:00.874+0200] {workday.py:40} WARNING - Could not import pandas. Holidays will not be considered.
[2024-03-18T09:54:00.875+0200] {processor.py:842} WARNING - No viable dags retrieved from /usr/local/lib/python3.8/site-packages/airflow/example_dags/plugins/workday.py
[2024-03-18T09:54:00.976+0200] {processor.py:183} INFO - Processing /usr/local/lib/python3.8/site-packages/airflow/example_dags/plugins/workday.py took 0.106 seconds
[2024-03-18T09:54:36.315+0200] {processor.py:161} INFO - Started process (PID=4729) to work on /usr/local/lib/python3.8/site-packages/airflow/example_dags/plugins/workday.py
[2024-03-18T09:54:36.316+0200] {processor.py:830} INFO - Processing file /usr/local/lib/python3.8/site-packages/airflow/example_dags/plugins/workday.py for tasks to queue
[2024-03-18T09:54:36.316+0200] {logging_mixin.py:188} INFO - [2024-03-18T09:54:36.316+0200] {dagbag.py:540} INFO - Filling up the DagBag from /usr/local/lib/python3.8/site-packages/airflow/example_dags/plugins/workday.py
[2024-03-18T09:54:36.317+0200] {logging_mixin.py:188} INFO - [2024-03-18T09:54:36.317+0200] {workday.py:40} WARNING - Could not import pandas. Holidays will not be considered.
[2024-03-18T09:54:36.317+0200] {processor.py:842} WARNING - No viable dags retrieved from /usr/local/lib/python3.8/site-packages/airflow/example_dags/plugins/workday.py
[2024-03-18T09:54:36.407+0200] {processor.py:183} INFO - Processing /usr/local/lib/python3.8/site-packages/airflow/example_dags/plugins/workday.py took 0.093 seconds
[2024-03-18T09:55:19.441+0200] {processor.py:161} INFO - Started process (PID=4905) to work on /usr/local/lib/python3.8/site-packages/airflow/example_dags/plugins/workday.py
[2024-03-18T09:55:19.442+0200] {processor.py:830} INFO - Processing file /usr/local/lib/python3.8/site-packages/airflow/example_dags/plugins/workday.py for tasks to queue
[2024-03-18T09:55:19.443+0200] {logging_mixin.py:188} INFO - [2024-03-18T09:55:19.443+0200] {dagbag.py:540} INFO - Filling up the DagBag from /usr/local/lib/python3.8/site-packages/airflow/example_dags/plugins/workday.py
[2024-03-18T09:55:19.444+0200] {logging_mixin.py:188} INFO - [2024-03-18T09:55:19.444+0200] {workday.py:40} WARNING - Could not import pandas. Holidays will not be considered.
[2024-03-18T09:55:19.445+0200] {processor.py:842} WARNING - No viable dags retrieved from /usr/local/lib/python3.8/site-packages/airflow/example_dags/plugins/workday.py
[2024-03-18T09:55:19.550+0200] {processor.py:183} INFO - Processing /usr/local/lib/python3.8/site-packages/airflow/example_dags/plugins/workday.py took 0.110 seconds
[2024-03-18T09:56:07.247+0200] {processor.py:161} INFO - Started process (PID=5126) to work on /usr/local/lib/python3.8/site-packages/airflow/example_dags/plugins/workday.py
[2024-03-18T09:56:07.249+0200] {processor.py:830} INFO - Processing file /usr/local/lib/python3.8/site-packages/airflow/example_dags/plugins/workday.py for tasks to queue
[2024-03-18T09:56:07.250+0200] {logging_mixin.py:188} INFO - [2024-03-18T09:56:07.250+0200] {dagbag.py:540} INFO - Filling up the DagBag from /usr/local/lib/python3.8/site-packages/airflow/example_dags/plugins/workday.py
[2024-03-18T09:56:07.251+0200] {logging_mixin.py:188} INFO - [2024-03-18T09:56:07.251+0200] {workday.py:40} WARNING - Could not import pandas. Holidays will not be considered.
[2024-03-18T09:56:07.252+0200] {processor.py:842} WARNING - No viable dags retrieved from /usr/local/lib/python3.8/site-packages/airflow/example_dags/plugins/workday.py
[2024-03-18T09:56:07.390+0200] {processor.py:183} INFO - Processing /usr/local/lib/python3.8/site-packages/airflow/example_dags/plugins/workday.py took 0.145 seconds
[2024-03-18T09:56:44.917+0200] {processor.py:161} INFO - Started process (PID=5359) to work on /usr/local/lib/python3.8/site-packages/airflow/example_dags/plugins/workday.py
[2024-03-18T09:56:44.919+0200] {processor.py:830} INFO - Processing file /usr/local/lib/python3.8/site-packages/airflow/example_dags/plugins/workday.py for tasks to queue
[2024-03-18T09:56:44.919+0200] {logging_mixin.py:188} INFO - [2024-03-18T09:56:44.919+0200] {dagbag.py:540} INFO - Filling up the DagBag from /usr/local/lib/python3.8/site-packages/airflow/example_dags/plugins/workday.py
[2024-03-18T09:56:44.921+0200] {logging_mixin.py:188} INFO - [2024-03-18T09:56:44.921+0200] {workday.py:40} WARNING - Could not import pandas. Holidays will not be considered.
[2024-03-18T09:56:44.921+0200] {processor.py:842} WARNING - No viable dags retrieved from /usr/local/lib/python3.8/site-packages/airflow/example_dags/plugins/workday.py
[2024-03-18T09:56:45.038+0200] {processor.py:183} INFO - Processing /usr/local/lib/python3.8/site-packages/airflow/example_dags/plugins/workday.py took 0.122 seconds
[2024-03-18T09:57:24.559+0200] {processor.py:161} INFO - Started process (PID=5642) to work on /usr/local/lib/python3.8/site-packages/airflow/example_dags/plugins/workday.py
[2024-03-18T09:57:24.561+0200] {processor.py:830} INFO - Processing file /usr/local/lib/python3.8/site-packages/airflow/example_dags/plugins/workday.py for tasks to queue
[2024-03-18T09:57:24.563+0200] {logging_mixin.py:188} INFO - [2024-03-18T09:57:24.562+0200] {dagbag.py:540} INFO - Filling up the DagBag from /usr/local/lib/python3.8/site-packages/airflow/example_dags/plugins/workday.py
[2024-03-18T09:57:24.564+0200] {logging_mixin.py:188} INFO - [2024-03-18T09:57:24.564+0200] {workday.py:40} WARNING - Could not import pandas. Holidays will not be considered.
[2024-03-18T09:57:24.565+0200] {processor.py:842} WARNING - No viable dags retrieved from /usr/local/lib/python3.8/site-packages/airflow/example_dags/plugins/workday.py
[2024-03-18T09:57:24.689+0200] {processor.py:183} INFO - Processing /usr/local/lib/python3.8/site-packages/airflow/example_dags/plugins/workday.py took 0.132 seconds
[2024-03-18T09:58:09.061+0200] {processor.py:161} INFO - Started process (PID=5854) to work on /usr/local/lib/python3.8/site-packages/airflow/example_dags/plugins/workday.py
[2024-03-18T09:58:09.062+0200] {processor.py:830} INFO - Processing file /usr/local/lib/python3.8/site-packages/airflow/example_dags/plugins/workday.py for tasks to queue
[2024-03-18T09:58:09.063+0200] {logging_mixin.py:188} INFO - [2024-03-18T09:58:09.062+0200] {dagbag.py:540} INFO - Filling up the DagBag from /usr/local/lib/python3.8/site-packages/airflow/example_dags/plugins/workday.py
[2024-03-18T09:58:09.064+0200] {logging_mixin.py:188} INFO - [2024-03-18T09:58:09.064+0200] {workday.py:40} WARNING - Could not import pandas. Holidays will not be considered.
[2024-03-18T09:58:09.064+0200] {processor.py:842} WARNING - No viable dags retrieved from /usr/local/lib/python3.8/site-packages/airflow/example_dags/plugins/workday.py
[2024-03-18T09:58:09.186+0200] {processor.py:183} INFO - Processing /usr/local/lib/python3.8/site-packages/airflow/example_dags/plugins/workday.py took 0.127 seconds
[2024-03-18T09:58:47.338+0200] {processor.py:161} INFO - Started process (PID=5987) to work on /usr/local/lib/python3.8/site-packages/airflow/example_dags/plugins/workday.py
[2024-03-18T09:58:47.339+0200] {processor.py:830} INFO - Processing file /usr/local/lib/python3.8/site-packages/airflow/example_dags/plugins/workday.py for tasks to queue
[2024-03-18T09:58:47.340+0200] {logging_mixin.py:188} INFO - [2024-03-18T09:58:47.340+0200] {dagbag.py:540} INFO - Filling up the DagBag from /usr/local/lib/python3.8/site-packages/airflow/example_dags/plugins/workday.py
[2024-03-18T09:58:47.342+0200] {logging_mixin.py:188} INFO - [2024-03-18T09:58:47.341+0200] {workday.py:40} WARNING - Could not import pandas. Holidays will not be considered.
[2024-03-18T09:58:47.342+0200] {processor.py:842} WARNING - No viable dags retrieved from /usr/local/lib/python3.8/site-packages/airflow/example_dags/plugins/workday.py
[2024-03-18T09:58:47.438+0200] {processor.py:183} INFO - Processing /usr/local/lib/python3.8/site-packages/airflow/example_dags/plugins/workday.py took 0.102 seconds
[2024-03-18T09:59:32.114+0200] {processor.py:161} INFO - Started process (PID=6158) to work on /usr/local/lib/python3.8/site-packages/airflow/example_dags/plugins/workday.py
[2024-03-18T09:59:32.115+0200] {processor.py:830} INFO - Processing file /usr/local/lib/python3.8/site-packages/airflow/example_dags/plugins/workday.py for tasks to queue
[2024-03-18T09:59:32.115+0200] {logging_mixin.py:188} INFO - [2024-03-18T09:59:32.115+0200] {dagbag.py:540} INFO - Filling up the DagBag from /usr/local/lib/python3.8/site-packages/airflow/example_dags/plugins/workday.py
[2024-03-18T09:59:32.117+0200] {logging_mixin.py:188} INFO - [2024-03-18T09:59:32.116+0200] {workday.py:40} WARNING - Could not import pandas. Holidays will not be considered.
[2024-03-18T09:59:32.117+0200] {processor.py:842} WARNING - No viable dags retrieved from /usr/local/lib/python3.8/site-packages/airflow/example_dags/plugins/workday.py
[2024-03-18T09:59:32.234+0200] {processor.py:183} INFO - Processing /usr/local/lib/python3.8/site-packages/airflow/example_dags/plugins/workday.py took 0.122 seconds
[2024-03-18T10:00:20.346+0200] {processor.py:161} INFO - Started process (PID=6333) to work on /usr/local/lib/python3.8/site-packages/airflow/example_dags/plugins/workday.py
[2024-03-18T10:00:20.347+0200] {processor.py:830} INFO - Processing file /usr/local/lib/python3.8/site-packages/airflow/example_dags/plugins/workday.py for tasks to queue
[2024-03-18T10:00:20.349+0200] {logging_mixin.py:188} INFO - [2024-03-18T10:00:20.348+0200] {dagbag.py:540} INFO - Filling up the DagBag from /usr/local/lib/python3.8/site-packages/airflow/example_dags/plugins/workday.py
[2024-03-18T10:00:20.351+0200] {logging_mixin.py:188} INFO - [2024-03-18T10:00:20.350+0200] {workday.py:40} WARNING - Could not import pandas. Holidays will not be considered.
[2024-03-18T10:00:20.351+0200] {processor.py:842} WARNING - No viable dags retrieved from /usr/local/lib/python3.8/site-packages/airflow/example_dags/plugins/workday.py
[2024-03-18T10:00:20.485+0200] {processor.py:183} INFO - Processing /usr/local/lib/python3.8/site-packages/airflow/example_dags/plugins/workday.py took 0.141 seconds
[2024-03-18T10:01:10.409+0200] {processor.py:161} INFO - Started process (PID=6651) to work on /usr/local/lib/python3.8/site-packages/airflow/example_dags/plugins/workday.py
[2024-03-18T10:01:10.410+0200] {processor.py:830} INFO - Processing file /usr/local/lib/python3.8/site-packages/airflow/example_dags/plugins/workday.py for tasks to queue
[2024-03-18T10:01:10.411+0200] {logging_mixin.py:188} INFO - [2024-03-18T10:01:10.411+0200] {dagbag.py:540} INFO - Filling up the DagBag from /usr/local/lib/python3.8/site-packages/airflow/example_dags/plugins/workday.py
[2024-03-18T10:01:10.414+0200] {logging_mixin.py:188} INFO - [2024-03-18T10:01:10.414+0200] {workday.py:40} WARNING - Could not import pandas. Holidays will not be considered.
[2024-03-18T10:01:10.414+0200] {processor.py:842} WARNING - No viable dags retrieved from /usr/local/lib/python3.8/site-packages/airflow/example_dags/plugins/workday.py
[2024-03-18T10:01:10.532+0200] {processor.py:183} INFO - Processing /usr/local/lib/python3.8/site-packages/airflow/example_dags/plugins/workday.py took 0.125 seconds
[2024-03-18T10:01:46.334+0200] {processor.py:161} INFO - Started process (PID=6880) to work on /usr/local/lib/python3.8/site-packages/airflow/example_dags/plugins/workday.py
[2024-03-18T10:01:46.334+0200] {processor.py:830} INFO - Processing file /usr/local/lib/python3.8/site-packages/airflow/example_dags/plugins/workday.py for tasks to queue
[2024-03-18T10:01:46.335+0200] {logging_mixin.py:188} INFO - [2024-03-18T10:01:46.335+0200] {dagbag.py:540} INFO - Filling up the DagBag from /usr/local/lib/python3.8/site-packages/airflow/example_dags/plugins/workday.py
[2024-03-18T10:01:46.336+0200] {logging_mixin.py:188} INFO - [2024-03-18T10:01:46.336+0200] {workday.py:40} WARNING - Could not import pandas. Holidays will not be considered.
[2024-03-18T10:01:46.337+0200] {processor.py:842} WARNING - No viable dags retrieved from /usr/local/lib/python3.8/site-packages/airflow/example_dags/plugins/workday.py
[2024-03-18T10:01:46.431+0200] {processor.py:183} INFO - Processing /usr/local/lib/python3.8/site-packages/airflow/example_dags/plugins/workday.py took 0.099 seconds
[2024-03-18T10:02:26.635+0200] {processor.py:161} INFO - Started process (PID=7036) to work on /usr/local/lib/python3.8/site-packages/airflow/example_dags/plugins/workday.py
[2024-03-18T10:02:26.636+0200] {processor.py:830} INFO - Processing file /usr/local/lib/python3.8/site-packages/airflow/example_dags/plugins/workday.py for tasks to queue
[2024-03-18T10:02:26.636+0200] {logging_mixin.py:188} INFO - [2024-03-18T10:02:26.636+0200] {dagbag.py:540} INFO - Filling up the DagBag from /usr/local/lib/python3.8/site-packages/airflow/example_dags/plugins/workday.py
[2024-03-18T10:02:26.637+0200] {logging_mixin.py:188} INFO - [2024-03-18T10:02:26.637+0200] {workday.py:40} WARNING - Could not import pandas. Holidays will not be considered.
[2024-03-18T10:02:26.637+0200] {processor.py:842} WARNING - No viable dags retrieved from /usr/local/lib/python3.8/site-packages/airflow/example_dags/plugins/workday.py
[2024-03-18T10:02:26.731+0200] {processor.py:183} INFO - Processing /usr/local/lib/python3.8/site-packages/airflow/example_dags/plugins/workday.py took 0.097 seconds
[2024-03-18T10:03:09.407+0200] {processor.py:161} INFO - Started process (PID=7220) to work on /usr/local/lib/python3.8/site-packages/airflow/example_dags/plugins/workday.py
[2024-03-18T10:03:09.408+0200] {processor.py:830} INFO - Processing file /usr/local/lib/python3.8/site-packages/airflow/example_dags/plugins/workday.py for tasks to queue
[2024-03-18T10:03:09.409+0200] {logging_mixin.py:188} INFO - [2024-03-18T10:03:09.409+0200] {dagbag.py:540} INFO - Filling up the DagBag from /usr/local/lib/python3.8/site-packages/airflow/example_dags/plugins/workday.py
[2024-03-18T10:03:09.411+0200] {logging_mixin.py:188} INFO - [2024-03-18T10:03:09.410+0200] {workday.py:40} WARNING - Could not import pandas. Holidays will not be considered.
[2024-03-18T10:03:09.411+0200] {processor.py:842} WARNING - No viable dags retrieved from /usr/local/lib/python3.8/site-packages/airflow/example_dags/plugins/workday.py
[2024-03-18T10:03:09.540+0200] {processor.py:183} INFO - Processing /usr/local/lib/python3.8/site-packages/airflow/example_dags/plugins/workday.py took 0.135 seconds
[2024-03-18T10:03:53.641+0200] {processor.py:161} INFO - Started process (PID=7400) to work on /usr/local/lib/python3.8/site-packages/airflow/example_dags/plugins/workday.py
[2024-03-18T10:03:53.641+0200] {processor.py:830} INFO - Processing file /usr/local/lib/python3.8/site-packages/airflow/example_dags/plugins/workday.py for tasks to queue
[2024-03-18T10:03:53.642+0200] {logging_mixin.py:188} INFO - [2024-03-18T10:03:53.642+0200] {dagbag.py:540} INFO - Filling up the DagBag from /usr/local/lib/python3.8/site-packages/airflow/example_dags/plugins/workday.py
[2024-03-18T10:03:53.644+0200] {logging_mixin.py:188} INFO - [2024-03-18T10:03:53.643+0200] {workday.py:40} WARNING - Could not import pandas. Holidays will not be considered.
[2024-03-18T10:03:53.644+0200] {processor.py:842} WARNING - No viable dags retrieved from /usr/local/lib/python3.8/site-packages/airflow/example_dags/plugins/workday.py
[2024-03-18T10:03:53.755+0200] {processor.py:183} INFO - Processing /usr/local/lib/python3.8/site-packages/airflow/example_dags/plugins/workday.py took 0.116 seconds
[2024-03-18T10:04:34.663+0200] {processor.py:161} INFO - Started process (PID=7583) to work on /usr/local/lib/python3.8/site-packages/airflow/example_dags/plugins/workday.py
[2024-03-18T10:04:34.664+0200] {processor.py:830} INFO - Processing file /usr/local/lib/python3.8/site-packages/airflow/example_dags/plugins/workday.py for tasks to queue
[2024-03-18T10:04:34.665+0200] {logging_mixin.py:188} INFO - [2024-03-18T10:04:34.665+0200] {dagbag.py:540} INFO - Filling up the DagBag from /usr/local/lib/python3.8/site-packages/airflow/example_dags/plugins/workday.py
[2024-03-18T10:04:34.667+0200] {logging_mixin.py:188} INFO - [2024-03-18T10:04:34.667+0200] {workday.py:40} WARNING - Could not import pandas. Holidays will not be considered.
[2024-03-18T10:04:34.668+0200] {processor.py:842} WARNING - No viable dags retrieved from /usr/local/lib/python3.8/site-packages/airflow/example_dags/plugins/workday.py
[2024-03-18T10:04:34.803+0200] {processor.py:183} INFO - Processing /usr/local/lib/python3.8/site-packages/airflow/example_dags/plugins/workday.py took 0.142 seconds
[2024-03-18T10:05:11.300+0200] {processor.py:161} INFO - Started process (PID=7713) to work on /usr/local/lib/python3.8/site-packages/airflow/example_dags/plugins/workday.py
[2024-03-18T10:05:11.301+0200] {processor.py:830} INFO - Processing file /usr/local/lib/python3.8/site-packages/airflow/example_dags/plugins/workday.py for tasks to queue
[2024-03-18T10:05:11.302+0200] {logging_mixin.py:188} INFO - [2024-03-18T10:05:11.302+0200] {dagbag.py:540} INFO - Filling up the DagBag from /usr/local/lib/python3.8/site-packages/airflow/example_dags/plugins/workday.py
[2024-03-18T10:05:11.305+0200] {logging_mixin.py:188} INFO - [2024-03-18T10:05:11.304+0200] {workday.py:40} WARNING - Could not import pandas. Holidays will not be considered.
[2024-03-18T10:05:11.305+0200] {processor.py:842} WARNING - No viable dags retrieved from /usr/local/lib/python3.8/site-packages/airflow/example_dags/plugins/workday.py
[2024-03-18T10:05:11.427+0200] {processor.py:183} INFO - Processing /usr/local/lib/python3.8/site-packages/airflow/example_dags/plugins/workday.py took 0.129 seconds
[2024-03-18T10:05:52.042+0200] {processor.py:161} INFO - Started process (PID=7878) to work on /usr/local/lib/python3.8/site-packages/airflow/example_dags/plugins/workday.py
[2024-03-18T10:05:52.043+0200] {processor.py:830} INFO - Processing file /usr/local/lib/python3.8/site-packages/airflow/example_dags/plugins/workday.py for tasks to queue
[2024-03-18T10:05:52.043+0200] {logging_mixin.py:188} INFO - [2024-03-18T10:05:52.043+0200] {dagbag.py:540} INFO - Filling up the DagBag from /usr/local/lib/python3.8/site-packages/airflow/example_dags/plugins/workday.py
[2024-03-18T10:05:52.045+0200] {logging_mixin.py:188} INFO - [2024-03-18T10:05:52.045+0200] {workday.py:40} WARNING - Could not import pandas. Holidays will not be considered.
[2024-03-18T10:05:52.045+0200] {processor.py:842} WARNING - No viable dags retrieved from /usr/local/lib/python3.8/site-packages/airflow/example_dags/plugins/workday.py
[2024-03-18T10:05:52.177+0200] {processor.py:183} INFO - Processing /usr/local/lib/python3.8/site-packages/airflow/example_dags/plugins/workday.py took 0.137 seconds
[2024-03-18T10:06:29.152+0200] {processor.py:161} INFO - Started process (PID=8022) to work on /usr/local/lib/python3.8/site-packages/airflow/example_dags/plugins/workday.py
[2024-03-18T10:06:29.153+0200] {processor.py:830} INFO - Processing file /usr/local/lib/python3.8/site-packages/airflow/example_dags/plugins/workday.py for tasks to queue
[2024-03-18T10:06:29.154+0200] {logging_mixin.py:188} INFO - [2024-03-18T10:06:29.154+0200] {dagbag.py:540} INFO - Filling up the DagBag from /usr/local/lib/python3.8/site-packages/airflow/example_dags/plugins/workday.py
[2024-03-18T10:06:29.155+0200] {logging_mixin.py:188} INFO - [2024-03-18T10:06:29.155+0200] {workday.py:40} WARNING - Could not import pandas. Holidays will not be considered.
[2024-03-18T10:06:29.156+0200] {processor.py:842} WARNING - No viable dags retrieved from /usr/local/lib/python3.8/site-packages/airflow/example_dags/plugins/workday.py
[2024-03-18T10:06:29.276+0200] {processor.py:183} INFO - Processing /usr/local/lib/python3.8/site-packages/airflow/example_dags/plugins/workday.py took 0.126 seconds
[2024-03-18T10:07:09.528+0200] {processor.py:161} INFO - Started process (PID=8163) to work on /usr/local/lib/python3.8/site-packages/airflow/example_dags/plugins/workday.py
[2024-03-18T10:07:09.528+0200] {processor.py:830} INFO - Processing file /usr/local/lib/python3.8/site-packages/airflow/example_dags/plugins/workday.py for tasks to queue
[2024-03-18T10:07:09.529+0200] {logging_mixin.py:188} INFO - [2024-03-18T10:07:09.529+0200] {dagbag.py:540} INFO - Filling up the DagBag from /usr/local/lib/python3.8/site-packages/airflow/example_dags/plugins/workday.py
[2024-03-18T10:07:09.530+0200] {logging_mixin.py:188} INFO - [2024-03-18T10:07:09.530+0200] {workday.py:40} WARNING - Could not import pandas. Holidays will not be considered.
[2024-03-18T10:07:09.530+0200] {processor.py:842} WARNING - No viable dags retrieved from /usr/local/lib/python3.8/site-packages/airflow/example_dags/plugins/workday.py
[2024-03-18T10:07:09.625+0200] {processor.py:183} INFO - Processing /usr/local/lib/python3.8/site-packages/airflow/example_dags/plugins/workday.py took 0.099 seconds
[2024-03-18T10:07:49.226+0200] {processor.py:161} INFO - Started process (PID=8367) to work on /usr/local/lib/python3.8/site-packages/airflow/example_dags/plugins/workday.py
[2024-03-18T10:07:49.227+0200] {processor.py:830} INFO - Processing file /usr/local/lib/python3.8/site-packages/airflow/example_dags/plugins/workday.py for tasks to queue
[2024-03-18T10:07:49.228+0200] {logging_mixin.py:188} INFO - [2024-03-18T10:07:49.228+0200] {dagbag.py:540} INFO - Filling up the DagBag from /usr/local/lib/python3.8/site-packages/airflow/example_dags/plugins/workday.py
[2024-03-18T10:07:49.230+0200] {logging_mixin.py:188} INFO - [2024-03-18T10:07:49.229+0200] {workday.py:40} WARNING - Could not import pandas. Holidays will not be considered.
[2024-03-18T10:07:49.230+0200] {processor.py:842} WARNING - No viable dags retrieved from /usr/local/lib/python3.8/site-packages/airflow/example_dags/plugins/workday.py
[2024-03-18T10:07:49.338+0200] {processor.py:183} INFO - Processing /usr/local/lib/python3.8/site-packages/airflow/example_dags/plugins/workday.py took 0.113 seconds
[2024-03-18T10:08:37.593+0200] {processor.py:161} INFO - Started process (PID=8654) to work on /usr/local/lib/python3.8/site-packages/airflow/example_dags/plugins/workday.py
[2024-03-18T10:08:37.594+0200] {processor.py:830} INFO - Processing file /usr/local/lib/python3.8/site-packages/airflow/example_dags/plugins/workday.py for tasks to queue
[2024-03-18T10:08:37.595+0200] {logging_mixin.py:188} INFO - [2024-03-18T10:08:37.594+0200] {dagbag.py:540} INFO - Filling up the DagBag from /usr/local/lib/python3.8/site-packages/airflow/example_dags/plugins/workday.py
[2024-03-18T10:08:37.597+0200] {logging_mixin.py:188} INFO - [2024-03-18T10:08:37.596+0200] {workday.py:40} WARNING - Could not import pandas. Holidays will not be considered.
[2024-03-18T10:08:37.597+0200] {processor.py:842} WARNING - No viable dags retrieved from /usr/local/lib/python3.8/site-packages/airflow/example_dags/plugins/workday.py
[2024-03-18T10:08:37.723+0200] {processor.py:183} INFO - Processing /usr/local/lib/python3.8/site-packages/airflow/example_dags/plugins/workday.py took 0.132 seconds
[2024-03-18T10:09:21.080+0200] {processor.py:161} INFO - Started process (PID=8832) to work on /usr/local/lib/python3.8/site-packages/airflow/example_dags/plugins/workday.py
[2024-03-18T10:09:21.081+0200] {processor.py:830} INFO - Processing file /usr/local/lib/python3.8/site-packages/airflow/example_dags/plugins/workday.py for tasks to queue
[2024-03-18T10:09:21.082+0200] {logging_mixin.py:188} INFO - [2024-03-18T10:09:21.082+0200] {dagbag.py:540} INFO - Filling up the DagBag from /usr/local/lib/python3.8/site-packages/airflow/example_dags/plugins/workday.py
[2024-03-18T10:09:21.084+0200] {logging_mixin.py:188} INFO - [2024-03-18T10:09:21.083+0200] {workday.py:40} WARNING - Could not import pandas. Holidays will not be considered.
[2024-03-18T10:09:21.084+0200] {processor.py:842} WARNING - No viable dags retrieved from /usr/local/lib/python3.8/site-packages/airflow/example_dags/plugins/workday.py
[2024-03-18T10:09:21.222+0200] {processor.py:183} INFO - Processing /usr/local/lib/python3.8/site-packages/airflow/example_dags/plugins/workday.py took 0.144 seconds
[2024-03-18T10:09:58.218+0200] {processor.py:161} INFO - Started process (PID=8985) to work on /usr/local/lib/python3.8/site-packages/airflow/example_dags/plugins/workday.py
[2024-03-18T10:09:58.219+0200] {processor.py:830} INFO - Processing file /usr/local/lib/python3.8/site-packages/airflow/example_dags/plugins/workday.py for tasks to queue
[2024-03-18T10:09:58.220+0200] {logging_mixin.py:188} INFO - [2024-03-18T10:09:58.220+0200] {dagbag.py:540} INFO - Filling up the DagBag from /usr/local/lib/python3.8/site-packages/airflow/example_dags/plugins/workday.py
[2024-03-18T10:09:58.221+0200] {logging_mixin.py:188} INFO - [2024-03-18T10:09:58.221+0200] {workday.py:40} WARNING - Could not import pandas. Holidays will not be considered.
[2024-03-18T10:09:58.222+0200] {processor.py:842} WARNING - No viable dags retrieved from /usr/local/lib/python3.8/site-packages/airflow/example_dags/plugins/workday.py
[2024-03-18T10:09:58.324+0200] {processor.py:183} INFO - Processing /usr/local/lib/python3.8/site-packages/airflow/example_dags/plugins/workday.py took 0.108 seconds
[2024-03-18T10:10:34.780+0200] {processor.py:161} INFO - Started process (PID=9115) to work on /usr/local/lib/python3.8/site-packages/airflow/example_dags/plugins/workday.py
[2024-03-18T10:10:34.781+0200] {processor.py:830} INFO - Processing file /usr/local/lib/python3.8/site-packages/airflow/example_dags/plugins/workday.py for tasks to queue
[2024-03-18T10:10:34.782+0200] {logging_mixin.py:188} INFO - [2024-03-18T10:10:34.781+0200] {dagbag.py:540} INFO - Filling up the DagBag from /usr/local/lib/python3.8/site-packages/airflow/example_dags/plugins/workday.py
[2024-03-18T10:10:34.783+0200] {logging_mixin.py:188} INFO - [2024-03-18T10:10:34.783+0200] {workday.py:40} WARNING - Could not import pandas. Holidays will not be considered.
[2024-03-18T10:10:34.783+0200] {processor.py:842} WARNING - No viable dags retrieved from /usr/local/lib/python3.8/site-packages/airflow/example_dags/plugins/workday.py
[2024-03-18T10:10:34.882+0200] {processor.py:183} INFO - Processing /usr/local/lib/python3.8/site-packages/airflow/example_dags/plugins/workday.py took 0.104 seconds
[2024-03-18T10:11:12.778+0200] {processor.py:161} INFO - Started process (PID=9260) to work on /usr/local/lib/python3.8/site-packages/airflow/example_dags/plugins/workday.py
[2024-03-18T10:11:12.779+0200] {processor.py:830} INFO - Processing file /usr/local/lib/python3.8/site-packages/airflow/example_dags/plugins/workday.py for tasks to queue
[2024-03-18T10:11:12.779+0200] {logging_mixin.py:188} INFO - [2024-03-18T10:11:12.779+0200] {dagbag.py:540} INFO - Filling up the DagBag from /usr/local/lib/python3.8/site-packages/airflow/example_dags/plugins/workday.py
[2024-03-18T10:11:12.781+0200] {logging_mixin.py:188} INFO - [2024-03-18T10:11:12.781+0200] {workday.py:40} WARNING - Could not import pandas. Holidays will not be considered.
[2024-03-18T10:11:12.781+0200] {processor.py:842} WARNING - No viable dags retrieved from /usr/local/lib/python3.8/site-packages/airflow/example_dags/plugins/workday.py
[2024-03-18T10:11:12.887+0200] {processor.py:183} INFO - Processing /usr/local/lib/python3.8/site-packages/airflow/example_dags/plugins/workday.py took 0.111 seconds
[2024-03-18T10:11:51.848+0200] {processor.py:161} INFO - Started process (PID=9411) to work on /usr/local/lib/python3.8/site-packages/airflow/example_dags/plugins/workday.py
[2024-03-18T10:11:51.849+0200] {processor.py:830} INFO - Processing file /usr/local/lib/python3.8/site-packages/airflow/example_dags/plugins/workday.py for tasks to queue
[2024-03-18T10:11:51.850+0200] {logging_mixin.py:188} INFO - [2024-03-18T10:11:51.850+0200] {dagbag.py:540} INFO - Filling up the DagBag from /usr/local/lib/python3.8/site-packages/airflow/example_dags/plugins/workday.py
[2024-03-18T10:11:51.851+0200] {logging_mixin.py:188} INFO - [2024-03-18T10:11:51.851+0200] {workday.py:40} WARNING - Could not import pandas. Holidays will not be considered.
[2024-03-18T10:11:51.851+0200] {processor.py:842} WARNING - No viable dags retrieved from /usr/local/lib/python3.8/site-packages/airflow/example_dags/plugins/workday.py
[2024-03-18T10:11:51.953+0200] {processor.py:183} INFO - Processing /usr/local/lib/python3.8/site-packages/airflow/example_dags/plugins/workday.py took 0.107 seconds
[2024-03-18T10:12:34.404+0200] {processor.py:161} INFO - Started process (PID=9579) to work on /usr/local/lib/python3.8/site-packages/airflow/example_dags/plugins/workday.py
[2024-03-18T10:12:34.405+0200] {processor.py:830} INFO - Processing file /usr/local/lib/python3.8/site-packages/airflow/example_dags/plugins/workday.py for tasks to queue
[2024-03-18T10:12:34.406+0200] {logging_mixin.py:188} INFO - [2024-03-18T10:12:34.405+0200] {dagbag.py:540} INFO - Filling up the DagBag from /usr/local/lib/python3.8/site-packages/airflow/example_dags/plugins/workday.py
[2024-03-18T10:12:34.407+0200] {logging_mixin.py:188} INFO - [2024-03-18T10:12:34.407+0200] {workday.py:40} WARNING - Could not import pandas. Holidays will not be considered.
[2024-03-18T10:12:34.407+0200] {processor.py:842} WARNING - No viable dags retrieved from /usr/local/lib/python3.8/site-packages/airflow/example_dags/plugins/workday.py
[2024-03-18T10:12:34.525+0200] {processor.py:183} INFO - Processing /usr/local/lib/python3.8/site-packages/airflow/example_dags/plugins/workday.py took 0.123 seconds
[2024-03-18T10:13:27.435+0200] {processor.py:161} INFO - Started process (PID=9894) to work on /usr/local/lib/python3.8/site-packages/airflow/example_dags/plugins/workday.py
[2024-03-18T10:13:27.436+0200] {processor.py:830} INFO - Processing file /usr/local/lib/python3.8/site-packages/airflow/example_dags/plugins/workday.py for tasks to queue
[2024-03-18T10:13:27.437+0200] {logging_mixin.py:188} INFO - [2024-03-18T10:13:27.437+0200] {dagbag.py:540} INFO - Filling up the DagBag from /usr/local/lib/python3.8/site-packages/airflow/example_dags/plugins/workday.py
[2024-03-18T10:13:27.438+0200] {logging_mixin.py:188} INFO - [2024-03-18T10:13:27.438+0200] {workday.py:40} WARNING - Could not import pandas. Holidays will not be considered.
[2024-03-18T10:13:27.439+0200] {processor.py:842} WARNING - No viable dags retrieved from /usr/local/lib/python3.8/site-packages/airflow/example_dags/plugins/workday.py
[2024-03-18T10:13:27.552+0200] {processor.py:183} INFO - Processing /usr/local/lib/python3.8/site-packages/airflow/example_dags/plugins/workday.py took 0.119 seconds
[2024-03-18T10:14:12.338+0200] {processor.py:161} INFO - Started process (PID=10064) to work on /usr/local/lib/python3.8/site-packages/airflow/example_dags/plugins/workday.py
[2024-03-18T10:14:12.339+0200] {processor.py:830} INFO - Processing file /usr/local/lib/python3.8/site-packages/airflow/example_dags/plugins/workday.py for tasks to queue
[2024-03-18T10:14:12.339+0200] {logging_mixin.py:188} INFO - [2024-03-18T10:14:12.339+0200] {dagbag.py:540} INFO - Filling up the DagBag from /usr/local/lib/python3.8/site-packages/airflow/example_dags/plugins/workday.py
[2024-03-18T10:14:12.341+0200] {logging_mixin.py:188} INFO - [2024-03-18T10:14:12.340+0200] {workday.py:40} WARNING - Could not import pandas. Holidays will not be considered.
[2024-03-18T10:14:12.341+0200] {processor.py:842} WARNING - No viable dags retrieved from /usr/local/lib/python3.8/site-packages/airflow/example_dags/plugins/workday.py
[2024-03-18T10:14:12.472+0200] {processor.py:183} INFO - Processing /usr/local/lib/python3.8/site-packages/airflow/example_dags/plugins/workday.py took 0.136 seconds
[2024-03-18T10:14:51.958+0200] {processor.py:161} INFO - Started process (PID=10207) to work on /usr/local/lib/python3.8/site-packages/airflow/example_dags/plugins/workday.py
[2024-03-18T10:14:51.959+0200] {processor.py:830} INFO - Processing file /usr/local/lib/python3.8/site-packages/airflow/example_dags/plugins/workday.py for tasks to queue
[2024-03-18T10:14:51.960+0200] {logging_mixin.py:188} INFO - [2024-03-18T10:14:51.959+0200] {dagbag.py:540} INFO - Filling up the DagBag from /usr/local/lib/python3.8/site-packages/airflow/example_dags/plugins/workday.py
[2024-03-18T10:14:51.961+0200] {logging_mixin.py:188} INFO - [2024-03-18T10:14:51.961+0200] {workday.py:40} WARNING - Could not import pandas. Holidays will not be considered.
[2024-03-18T10:14:51.961+0200] {processor.py:842} WARNING - No viable dags retrieved from /usr/local/lib/python3.8/site-packages/airflow/example_dags/plugins/workday.py
[2024-03-18T10:14:52.070+0200] {processor.py:183} INFO - Processing /usr/local/lib/python3.8/site-packages/airflow/example_dags/plugins/workday.py took 0.113 seconds
[2024-03-18T10:15:29.861+0200] {processor.py:161} INFO - Started process (PID=10358) to work on /usr/local/lib/python3.8/site-packages/airflow/example_dags/plugins/workday.py
[2024-03-18T10:15:29.863+0200] {processor.py:830} INFO - Processing file /usr/local/lib/python3.8/site-packages/airflow/example_dags/plugins/workday.py for tasks to queue
[2024-03-18T10:15:29.864+0200] {logging_mixin.py:188} INFO - [2024-03-18T10:15:29.863+0200] {dagbag.py:540} INFO - Filling up the DagBag from /usr/local/lib/python3.8/site-packages/airflow/example_dags/plugins/workday.py
[2024-03-18T10:15:29.865+0200] {logging_mixin.py:188} INFO - [2024-03-18T10:15:29.865+0200] {workday.py:40} WARNING - Could not import pandas. Holidays will not be considered.
[2024-03-18T10:15:29.865+0200] {processor.py:842} WARNING - No viable dags retrieved from /usr/local/lib/python3.8/site-packages/airflow/example_dags/plugins/workday.py
[2024-03-18T10:15:29.976+0200] {processor.py:183} INFO - Processing /usr/local/lib/python3.8/site-packages/airflow/example_dags/plugins/workday.py took 0.117 seconds
[2024-03-18T10:16:04.826+0200] {processor.py:161} INFO - Started process (PID=10505) to work on /usr/local/lib/python3.8/site-packages/airflow/example_dags/plugins/workday.py
[2024-03-18T10:16:04.827+0200] {processor.py:830} INFO - Processing file /usr/local/lib/python3.8/site-packages/airflow/example_dags/plugins/workday.py for tasks to queue
[2024-03-18T10:16:04.828+0200] {logging_mixin.py:188} INFO - [2024-03-18T10:16:04.828+0200] {dagbag.py:540} INFO - Filling up the DagBag from /usr/local/lib/python3.8/site-packages/airflow/example_dags/plugins/workday.py
[2024-03-18T10:16:04.830+0200] {logging_mixin.py:188} INFO - [2024-03-18T10:16:04.829+0200] {workday.py:40} WARNING - Could not import pandas. Holidays will not be considered.
[2024-03-18T10:16:04.830+0200] {processor.py:842} WARNING - No viable dags retrieved from /usr/local/lib/python3.8/site-packages/airflow/example_dags/plugins/workday.py
[2024-03-18T10:16:04.969+0200] {processor.py:183} INFO - Processing /usr/local/lib/python3.8/site-packages/airflow/example_dags/plugins/workday.py took 0.145 seconds
[2024-03-18T10:16:43.314+0200] {processor.py:161} INFO - Started process (PID=10656) to work on /usr/local/lib/python3.8/site-packages/airflow/example_dags/plugins/workday.py
[2024-03-18T10:16:43.315+0200] {processor.py:830} INFO - Processing file /usr/local/lib/python3.8/site-packages/airflow/example_dags/plugins/workday.py for tasks to queue
[2024-03-18T10:16:43.315+0200] {logging_mixin.py:188} INFO - [2024-03-18T10:16:43.315+0200] {dagbag.py:540} INFO - Filling up the DagBag from /usr/local/lib/python3.8/site-packages/airflow/example_dags/plugins/workday.py
[2024-03-18T10:16:43.317+0200] {logging_mixin.py:188} INFO - [2024-03-18T10:16:43.317+0200] {workday.py:40} WARNING - Could not import pandas. Holidays will not be considered.
[2024-03-18T10:16:43.317+0200] {processor.py:842} WARNING - No viable dags retrieved from /usr/local/lib/python3.8/site-packages/airflow/example_dags/plugins/workday.py
[2024-03-18T10:16:43.422+0200] {processor.py:183} INFO - Processing /usr/local/lib/python3.8/site-packages/airflow/example_dags/plugins/workday.py took 0.109 seconds
[2024-03-18T10:17:27.204+0200] {processor.py:161} INFO - Started process (PID=10820) to work on /usr/local/lib/python3.8/site-packages/airflow/example_dags/plugins/workday.py
[2024-03-18T10:17:27.205+0200] {processor.py:830} INFO - Processing file /usr/local/lib/python3.8/site-packages/airflow/example_dags/plugins/workday.py for tasks to queue
[2024-03-18T10:17:27.205+0200] {logging_mixin.py:188} INFO - [2024-03-18T10:17:27.205+0200] {dagbag.py:540} INFO - Filling up the DagBag from /usr/local/lib/python3.8/site-packages/airflow/example_dags/plugins/workday.py
[2024-03-18T10:17:27.207+0200] {logging_mixin.py:188} INFO - [2024-03-18T10:17:27.206+0200] {workday.py:40} WARNING - Could not import pandas. Holidays will not be considered.
[2024-03-18T10:17:27.207+0200] {processor.py:842} WARNING - No viable dags retrieved from /usr/local/lib/python3.8/site-packages/airflow/example_dags/plugins/workday.py
[2024-03-18T10:17:27.297+0200] {processor.py:183} INFO - Processing /usr/local/lib/python3.8/site-packages/airflow/example_dags/plugins/workday.py took 0.095 seconds
[2024-03-18T10:18:06.509+0200] {processor.py:161} INFO - Started process (PID=10973) to work on /usr/local/lib/python3.8/site-packages/airflow/example_dags/plugins/workday.py
[2024-03-18T10:18:06.510+0200] {processor.py:830} INFO - Processing file /usr/local/lib/python3.8/site-packages/airflow/example_dags/plugins/workday.py for tasks to queue
[2024-03-18T10:18:06.510+0200] {logging_mixin.py:188} INFO - [2024-03-18T10:18:06.510+0200] {dagbag.py:540} INFO - Filling up the DagBag from /usr/local/lib/python3.8/site-packages/airflow/example_dags/plugins/workday.py
[2024-03-18T10:18:06.511+0200] {logging_mixin.py:188} INFO - [2024-03-18T10:18:06.511+0200] {workday.py:40} WARNING - Could not import pandas. Holidays will not be considered.
[2024-03-18T10:18:06.512+0200] {processor.py:842} WARNING - No viable dags retrieved from /usr/local/lib/python3.8/site-packages/airflow/example_dags/plugins/workday.py
[2024-03-18T10:18:06.618+0200] {processor.py:183} INFO - Processing /usr/local/lib/python3.8/site-packages/airflow/example_dags/plugins/workday.py took 0.111 seconds
[2024-03-18T10:18:48.931+0200] {processor.py:161} INFO - Started process (PID=11131) to work on /usr/local/lib/python3.8/site-packages/airflow/example_dags/plugins/workday.py
[2024-03-18T10:18:48.933+0200] {processor.py:830} INFO - Processing file /usr/local/lib/python3.8/site-packages/airflow/example_dags/plugins/workday.py for tasks to queue
[2024-03-18T10:18:48.933+0200] {logging_mixin.py:188} INFO - [2024-03-18T10:18:48.933+0200] {dagbag.py:540} INFO - Filling up the DagBag from /usr/local/lib/python3.8/site-packages/airflow/example_dags/plugins/workday.py
[2024-03-18T10:18:48.935+0200] {logging_mixin.py:188} INFO - [2024-03-18T10:18:48.934+0200] {workday.py:40} WARNING - Could not import pandas. Holidays will not be considered.
[2024-03-18T10:18:48.935+0200] {processor.py:842} WARNING - No viable dags retrieved from /usr/local/lib/python3.8/site-packages/airflow/example_dags/plugins/workday.py
[2024-03-18T10:18:49.041+0200] {processor.py:183} INFO - Processing /usr/local/lib/python3.8/site-packages/airflow/example_dags/plugins/workday.py took 0.112 seconds
[2024-03-18T10:19:29.061+0200] {processor.py:161} INFO - Started process (PID=11296) to work on /usr/local/lib/python3.8/site-packages/airflow/example_dags/plugins/workday.py
[2024-03-18T10:19:29.063+0200] {processor.py:830} INFO - Processing file /usr/local/lib/python3.8/site-packages/airflow/example_dags/plugins/workday.py for tasks to queue
[2024-03-18T10:19:29.063+0200] {logging_mixin.py:188} INFO - [2024-03-18T10:19:29.063+0200] {dagbag.py:540} INFO - Filling up the DagBag from /usr/local/lib/python3.8/site-packages/airflow/example_dags/plugins/workday.py
[2024-03-18T10:19:29.065+0200] {logging_mixin.py:188} INFO - [2024-03-18T10:19:29.065+0200] {workday.py:40} WARNING - Could not import pandas. Holidays will not be considered.
[2024-03-18T10:19:29.065+0200] {processor.py:842} WARNING - No viable dags retrieved from /usr/local/lib/python3.8/site-packages/airflow/example_dags/plugins/workday.py
[2024-03-18T10:19:29.175+0200] {processor.py:183} INFO - Processing /usr/local/lib/python3.8/site-packages/airflow/example_dags/plugins/workday.py took 0.116 seconds
[2024-03-18T10:20:07.161+0200] {processor.py:161} INFO - Started process (PID=11444) to work on /usr/local/lib/python3.8/site-packages/airflow/example_dags/plugins/workday.py
[2024-03-18T10:20:07.163+0200] {processor.py:830} INFO - Processing file /usr/local/lib/python3.8/site-packages/airflow/example_dags/plugins/workday.py for tasks to queue
[2024-03-18T10:20:07.163+0200] {logging_mixin.py:188} INFO - [2024-03-18T10:20:07.163+0200] {dagbag.py:540} INFO - Filling up the DagBag from /usr/local/lib/python3.8/site-packages/airflow/example_dags/plugins/workday.py
[2024-03-18T10:20:07.165+0200] {logging_mixin.py:188} INFO - [2024-03-18T10:20:07.165+0200] {workday.py:40} WARNING - Could not import pandas. Holidays will not be considered.
[2024-03-18T10:20:07.165+0200] {processor.py:842} WARNING - No viable dags retrieved from /usr/local/lib/python3.8/site-packages/airflow/example_dags/plugins/workday.py
[2024-03-18T10:20:07.281+0200] {processor.py:183} INFO - Processing /usr/local/lib/python3.8/site-packages/airflow/example_dags/plugins/workday.py took 0.121 seconds
[2024-03-18T10:20:48.892+0200] {processor.py:161} INFO - Started process (PID=11639) to work on /usr/local/lib/python3.8/site-packages/airflow/example_dags/plugins/workday.py
[2024-03-18T10:20:48.894+0200] {processor.py:830} INFO - Processing file /usr/local/lib/python3.8/site-packages/airflow/example_dags/plugins/workday.py for tasks to queue
[2024-03-18T10:20:48.895+0200] {logging_mixin.py:188} INFO - [2024-03-18T10:20:48.895+0200] {dagbag.py:540} INFO - Filling up the DagBag from /usr/local/lib/python3.8/site-packages/airflow/example_dags/plugins/workday.py
[2024-03-18T10:20:48.897+0200] {logging_mixin.py:188} INFO - [2024-03-18T10:20:48.897+0200] {workday.py:40} WARNING - Could not import pandas. Holidays will not be considered.
[2024-03-18T10:20:48.897+0200] {processor.py:842} WARNING - No viable dags retrieved from /usr/local/lib/python3.8/site-packages/airflow/example_dags/plugins/workday.py
[2024-03-18T10:20:49.014+0200] {processor.py:183} INFO - Processing /usr/local/lib/python3.8/site-packages/airflow/example_dags/plugins/workday.py took 0.124 seconds
[2024-03-18T10:23:10.740+0200] {processor.py:161} INFO - Started process (PID=11845) to work on /usr/local/lib/python3.8/site-packages/airflow/example_dags/plugins/workday.py
[2024-03-18T10:23:10.742+0200] {processor.py:830} INFO - Processing file /usr/local/lib/python3.8/site-packages/airflow/example_dags/plugins/workday.py for tasks to queue
[2024-03-18T10:23:10.743+0200] {logging_mixin.py:188} INFO - [2024-03-18T10:23:10.743+0200] {dagbag.py:540} INFO - Filling up the DagBag from /usr/local/lib/python3.8/site-packages/airflow/example_dags/plugins/workday.py
[2024-03-18T10:23:10.744+0200] {logging_mixin.py:188} INFO - [2024-03-18T10:23:10.744+0200] {workday.py:40} WARNING - Could not import pandas. Holidays will not be considered.
[2024-03-18T10:23:10.744+0200] {processor.py:842} WARNING - No viable dags retrieved from /usr/local/lib/python3.8/site-packages/airflow/example_dags/plugins/workday.py
[2024-03-18T10:23:10.836+0200] {processor.py:183} INFO - Processing /usr/local/lib/python3.8/site-packages/airflow/example_dags/plugins/workday.py took 0.097 seconds
[2024-03-18T10:23:49.790+0200] {processor.py:161} INFO - Started process (PID=12001) to work on /usr/local/lib/python3.8/site-packages/airflow/example_dags/plugins/workday.py
[2024-03-18T10:23:49.791+0200] {processor.py:830} INFO - Processing file /usr/local/lib/python3.8/site-packages/airflow/example_dags/plugins/workday.py for tasks to queue
[2024-03-18T10:23:49.792+0200] {logging_mixin.py:188} INFO - [2024-03-18T10:23:49.792+0200] {dagbag.py:540} INFO - Filling up the DagBag from /usr/local/lib/python3.8/site-packages/airflow/example_dags/plugins/workday.py
[2024-03-18T10:23:49.794+0200] {logging_mixin.py:188} INFO - [2024-03-18T10:23:49.794+0200] {workday.py:40} WARNING - Could not import pandas. Holidays will not be considered.
[2024-03-18T10:23:49.795+0200] {processor.py:842} WARNING - No viable dags retrieved from /usr/local/lib/python3.8/site-packages/airflow/example_dags/plugins/workday.py
[2024-03-18T10:23:49.919+0200] {processor.py:183} INFO - Processing /usr/local/lib/python3.8/site-packages/airflow/example_dags/plugins/workday.py took 0.131 seconds
[2024-03-18T10:24:38.129+0200] {processor.py:161} INFO - Started process (PID=12203) to work on /usr/local/lib/python3.8/site-packages/airflow/example_dags/plugins/workday.py
[2024-03-18T10:24:38.131+0200] {processor.py:830} INFO - Processing file /usr/local/lib/python3.8/site-packages/airflow/example_dags/plugins/workday.py for tasks to queue
[2024-03-18T10:24:38.132+0200] {logging_mixin.py:188} INFO - [2024-03-18T10:24:38.131+0200] {dagbag.py:540} INFO - Filling up the DagBag from /usr/local/lib/python3.8/site-packages/airflow/example_dags/plugins/workday.py
[2024-03-18T10:24:38.134+0200] {logging_mixin.py:188} INFO - [2024-03-18T10:24:38.133+0200] {workday.py:40} WARNING - Could not import pandas. Holidays will not be considered.
[2024-03-18T10:24:38.134+0200] {processor.py:842} WARNING - No viable dags retrieved from /usr/local/lib/python3.8/site-packages/airflow/example_dags/plugins/workday.py
[2024-03-18T10:24:38.273+0200] {processor.py:183} INFO - Processing /usr/local/lib/python3.8/site-packages/airflow/example_dags/plugins/workday.py took 0.146 seconds
[2024-03-18T10:25:13.729+0200] {processor.py:161} INFO - Started process (PID=12330) to work on /usr/local/lib/python3.8/site-packages/airflow/example_dags/plugins/workday.py
[2024-03-18T10:25:13.730+0200] {processor.py:830} INFO - Processing file /usr/local/lib/python3.8/site-packages/airflow/example_dags/plugins/workday.py for tasks to queue
[2024-03-18T10:25:13.731+0200] {logging_mixin.py:188} INFO - [2024-03-18T10:25:13.730+0200] {dagbag.py:540} INFO - Filling up the DagBag from /usr/local/lib/python3.8/site-packages/airflow/example_dags/plugins/workday.py
[2024-03-18T10:25:13.732+0200] {logging_mixin.py:188} INFO - [2024-03-18T10:25:13.732+0200] {workday.py:40} WARNING - Could not import pandas. Holidays will not be considered.
[2024-03-18T10:25:13.732+0200] {processor.py:842} WARNING - No viable dags retrieved from /usr/local/lib/python3.8/site-packages/airflow/example_dags/plugins/workday.py
[2024-03-18T10:25:13.839+0200] {processor.py:183} INFO - Processing /usr/local/lib/python3.8/site-packages/airflow/example_dags/plugins/workday.py took 0.112 seconds
[2024-03-18T10:25:51.006+0200] {processor.py:161} INFO - Started process (PID=12594) to work on /usr/local/lib/python3.8/site-packages/airflow/example_dags/plugins/workday.py
[2024-03-18T10:25:51.007+0200] {processor.py:830} INFO - Processing file /usr/local/lib/python3.8/site-packages/airflow/example_dags/plugins/workday.py for tasks to queue
[2024-03-18T10:25:51.007+0200] {logging_mixin.py:188} INFO - [2024-03-18T10:25:51.007+0200] {dagbag.py:540} INFO - Filling up the DagBag from /usr/local/lib/python3.8/site-packages/airflow/example_dags/plugins/workday.py
[2024-03-18T10:25:51.008+0200] {logging_mixin.py:188} INFO - [2024-03-18T10:25:51.008+0200] {workday.py:40} WARNING - Could not import pandas. Holidays will not be considered.
[2024-03-18T10:25:51.009+0200] {processor.py:842} WARNING - No viable dags retrieved from /usr/local/lib/python3.8/site-packages/airflow/example_dags/plugins/workday.py
[2024-03-18T10:25:51.113+0200] {processor.py:183} INFO - Processing /usr/local/lib/python3.8/site-packages/airflow/example_dags/plugins/workday.py took 0.109 seconds
[2024-03-18T10:26:32.165+0200] {processor.py:161} INFO - Started process (PID=12894) to work on /usr/local/lib/python3.8/site-packages/airflow/example_dags/plugins/workday.py
[2024-03-18T10:26:32.166+0200] {processor.py:830} INFO - Processing file /usr/local/lib/python3.8/site-packages/airflow/example_dags/plugins/workday.py for tasks to queue
[2024-03-18T10:26:32.166+0200] {logging_mixin.py:188} INFO - [2024-03-18T10:26:32.166+0200] {dagbag.py:540} INFO - Filling up the DagBag from /usr/local/lib/python3.8/site-packages/airflow/example_dags/plugins/workday.py
[2024-03-18T10:26:32.168+0200] {logging_mixin.py:188} INFO - [2024-03-18T10:26:32.167+0200] {workday.py:40} WARNING - Could not import pandas. Holidays will not be considered.
[2024-03-18T10:26:32.168+0200] {processor.py:842} WARNING - No viable dags retrieved from /usr/local/lib/python3.8/site-packages/airflow/example_dags/plugins/workday.py
[2024-03-18T10:26:32.263+0200] {processor.py:183} INFO - Processing /usr/local/lib/python3.8/site-packages/airflow/example_dags/plugins/workday.py took 0.099 seconds
[2024-03-18T10:27:20.493+0200] {processor.py:161} INFO - Started process (PID=13258) to work on /usr/local/lib/python3.8/site-packages/airflow/example_dags/plugins/workday.py
[2024-03-18T10:27:20.494+0200] {processor.py:830} INFO - Processing file /usr/local/lib/python3.8/site-packages/airflow/example_dags/plugins/workday.py for tasks to queue
[2024-03-18T10:27:20.495+0200] {logging_mixin.py:188} INFO - [2024-03-18T10:27:20.495+0200] {dagbag.py:540} INFO - Filling up the DagBag from /usr/local/lib/python3.8/site-packages/airflow/example_dags/plugins/workday.py
[2024-03-18T10:27:20.496+0200] {logging_mixin.py:188} INFO - [2024-03-18T10:27:20.496+0200] {workday.py:40} WARNING - Could not import pandas. Holidays will not be considered.
[2024-03-18T10:27:20.497+0200] {processor.py:842} WARNING - No viable dags retrieved from /usr/local/lib/python3.8/site-packages/airflow/example_dags/plugins/workday.py
[2024-03-18T10:27:20.594+0200] {processor.py:183} INFO - Processing /usr/local/lib/python3.8/site-packages/airflow/example_dags/plugins/workday.py took 0.103 seconds
[2024-03-18T10:27:58.649+0200] {processor.py:161} INFO - Started process (PID=13429) to work on /usr/local/lib/python3.8/site-packages/airflow/example_dags/plugins/workday.py
[2024-03-18T10:27:58.650+0200] {processor.py:830} INFO - Processing file /usr/local/lib/python3.8/site-packages/airflow/example_dags/plugins/workday.py for tasks to queue
[2024-03-18T10:27:58.651+0200] {logging_mixin.py:188} INFO - [2024-03-18T10:27:58.651+0200] {dagbag.py:540} INFO - Filling up the DagBag from /usr/local/lib/python3.8/site-packages/airflow/example_dags/plugins/workday.py
[2024-03-18T10:27:58.652+0200] {logging_mixin.py:188} INFO - [2024-03-18T10:27:58.652+0200] {workday.py:40} WARNING - Could not import pandas. Holidays will not be considered.
[2024-03-18T10:27:58.652+0200] {processor.py:842} WARNING - No viable dags retrieved from /usr/local/lib/python3.8/site-packages/airflow/example_dags/plugins/workday.py
[2024-03-18T10:27:58.762+0200] {processor.py:183} INFO - Processing /usr/local/lib/python3.8/site-packages/airflow/example_dags/plugins/workday.py took 0.114 seconds
[2024-03-18T10:28:43.645+0200] {processor.py:161} INFO - Started process (PID=13600) to work on /usr/local/lib/python3.8/site-packages/airflow/example_dags/plugins/workday.py
[2024-03-18T10:28:43.646+0200] {processor.py:830} INFO - Processing file /usr/local/lib/python3.8/site-packages/airflow/example_dags/plugins/workday.py for tasks to queue
[2024-03-18T10:28:43.646+0200] {logging_mixin.py:188} INFO - [2024-03-18T10:28:43.646+0200] {dagbag.py:540} INFO - Filling up the DagBag from /usr/local/lib/python3.8/site-packages/airflow/example_dags/plugins/workday.py
[2024-03-18T10:28:43.648+0200] {logging_mixin.py:188} INFO - [2024-03-18T10:28:43.648+0200] {workday.py:40} WARNING - Could not import pandas. Holidays will not be considered.
[2024-03-18T10:28:43.648+0200] {processor.py:842} WARNING - No viable dags retrieved from /usr/local/lib/python3.8/site-packages/airflow/example_dags/plugins/workday.py
[2024-03-18T10:28:43.743+0200] {processor.py:183} INFO - Processing /usr/local/lib/python3.8/site-packages/airflow/example_dags/plugins/workday.py took 0.100 seconds
[2024-03-18T10:29:27.418+0200] {processor.py:161} INFO - Started process (PID=13762) to work on /usr/local/lib/python3.8/site-packages/airflow/example_dags/plugins/workday.py
[2024-03-18T10:29:27.419+0200] {processor.py:830} INFO - Processing file /usr/local/lib/python3.8/site-packages/airflow/example_dags/plugins/workday.py for tasks to queue
[2024-03-18T10:29:27.420+0200] {logging_mixin.py:188} INFO - [2024-03-18T10:29:27.420+0200] {dagbag.py:540} INFO - Filling up the DagBag from /usr/local/lib/python3.8/site-packages/airflow/example_dags/plugins/workday.py
[2024-03-18T10:29:27.421+0200] {logging_mixin.py:188} INFO - [2024-03-18T10:29:27.421+0200] {workday.py:40} WARNING - Could not import pandas. Holidays will not be considered.
[2024-03-18T10:29:27.422+0200] {processor.py:842} WARNING - No viable dags retrieved from /usr/local/lib/python3.8/site-packages/airflow/example_dags/plugins/workday.py
[2024-03-18T10:29:27.517+0200] {processor.py:183} INFO - Processing /usr/local/lib/python3.8/site-packages/airflow/example_dags/plugins/workday.py took 0.100 seconds
[2024-03-18T10:30:08.412+0200] {processor.py:161} INFO - Started process (PID=13915) to work on /usr/local/lib/python3.8/site-packages/airflow/example_dags/plugins/workday.py
[2024-03-18T10:30:08.413+0200] {processor.py:830} INFO - Processing file /usr/local/lib/python3.8/site-packages/airflow/example_dags/plugins/workday.py for tasks to queue
[2024-03-18T10:30:08.413+0200] {logging_mixin.py:188} INFO - [2024-03-18T10:30:08.413+0200] {dagbag.py:540} INFO - Filling up the DagBag from /usr/local/lib/python3.8/site-packages/airflow/example_dags/plugins/workday.py
[2024-03-18T10:30:08.415+0200] {logging_mixin.py:188} INFO - [2024-03-18T10:30:08.414+0200] {workday.py:40} WARNING - Could not import pandas. Holidays will not be considered.
[2024-03-18T10:30:08.415+0200] {processor.py:842} WARNING - No viable dags retrieved from /usr/local/lib/python3.8/site-packages/airflow/example_dags/plugins/workday.py
[2024-03-18T10:30:08.509+0200] {processor.py:183} INFO - Processing /usr/local/lib/python3.8/site-packages/airflow/example_dags/plugins/workday.py took 0.099 seconds
[2024-03-18T10:30:48.926+0200] {processor.py:161} INFO - Started process (PID=14078) to work on /usr/local/lib/python3.8/site-packages/airflow/example_dags/plugins/workday.py
[2024-03-18T10:30:48.927+0200] {processor.py:830} INFO - Processing file /usr/local/lib/python3.8/site-packages/airflow/example_dags/plugins/workday.py for tasks to queue
[2024-03-18T10:30:48.927+0200] {logging_mixin.py:188} INFO - [2024-03-18T10:30:48.927+0200] {dagbag.py:540} INFO - Filling up the DagBag from /usr/local/lib/python3.8/site-packages/airflow/example_dags/plugins/workday.py
[2024-03-18T10:30:48.928+0200] {logging_mixin.py:188} INFO - [2024-03-18T10:30:48.928+0200] {workday.py:40} WARNING - Could not import pandas. Holidays will not be considered.
[2024-03-18T10:30:48.929+0200] {processor.py:842} WARNING - No viable dags retrieved from /usr/local/lib/python3.8/site-packages/airflow/example_dags/plugins/workday.py
[2024-03-18T10:30:49.038+0200] {processor.py:183} INFO - Processing /usr/local/lib/python3.8/site-packages/airflow/example_dags/plugins/workday.py took 0.114 seconds
[2024-03-18T10:31:27.682+0200] {processor.py:161} INFO - Started process (PID=14229) to work on /usr/local/lib/python3.8/site-packages/airflow/example_dags/plugins/workday.py
[2024-03-18T10:31:27.683+0200] {processor.py:830} INFO - Processing file /usr/local/lib/python3.8/site-packages/airflow/example_dags/plugins/workday.py for tasks to queue
[2024-03-18T10:31:27.683+0200] {logging_mixin.py:188} INFO - [2024-03-18T10:31:27.683+0200] {dagbag.py:540} INFO - Filling up the DagBag from /usr/local/lib/python3.8/site-packages/airflow/example_dags/plugins/workday.py
[2024-03-18T10:31:27.685+0200] {logging_mixin.py:188} INFO - [2024-03-18T10:31:27.684+0200] {workday.py:40} WARNING - Could not import pandas. Holidays will not be considered.
[2024-03-18T10:31:27.685+0200] {processor.py:842} WARNING - No viable dags retrieved from /usr/local/lib/python3.8/site-packages/airflow/example_dags/plugins/workday.py
[2024-03-18T10:31:27.808+0200] {processor.py:183} INFO - Processing /usr/local/lib/python3.8/site-packages/airflow/example_dags/plugins/workday.py took 0.129 seconds
[2024-03-18T10:32:08.605+0200] {processor.py:161} INFO - Started process (PID=14396) to work on /usr/local/lib/python3.8/site-packages/airflow/example_dags/plugins/workday.py
[2024-03-18T10:32:08.605+0200] {processor.py:830} INFO - Processing file /usr/local/lib/python3.8/site-packages/airflow/example_dags/plugins/workday.py for tasks to queue
[2024-03-18T10:32:08.606+0200] {logging_mixin.py:188} INFO - [2024-03-18T10:32:08.606+0200] {dagbag.py:540} INFO - Filling up the DagBag from /usr/local/lib/python3.8/site-packages/airflow/example_dags/plugins/workday.py
[2024-03-18T10:32:08.607+0200] {logging_mixin.py:188} INFO - [2024-03-18T10:32:08.607+0200] {workday.py:40} WARNING - Could not import pandas. Holidays will not be considered.
[2024-03-18T10:32:08.607+0200] {processor.py:842} WARNING - No viable dags retrieved from /usr/local/lib/python3.8/site-packages/airflow/example_dags/plugins/workday.py
[2024-03-18T10:32:08.707+0200] {processor.py:183} INFO - Processing /usr/local/lib/python3.8/site-packages/airflow/example_dags/plugins/workday.py took 0.104 seconds
