[2024-03-05T15:45:38.917+0200] {processor.py:161} INFO - Started process (PID=4710) to work on /usr/local/lib/python3.8/site-packages/airflow/example_dags/plugins/listener_plugin.py
[2024-03-05T15:45:38.918+0200] {processor.py:830} INFO - Processing file /usr/local/lib/python3.8/site-packages/airflow/example_dags/plugins/listener_plugin.py for tasks to queue
[2024-03-05T15:45:38.919+0200] {logging_mixin.py:188} INFO - [2024-03-05T15:45:38.919+0200] {dagbag.py:540} INFO - Filling up the DagBag from /usr/local/lib/python3.8/site-packages/airflow/example_dags/plugins/listener_plugin.py
[2024-03-05T15:45:38.921+0200] {processor.py:842} WARNING - No viable dags retrieved from /usr/local/lib/python3.8/site-packages/airflow/example_dags/plugins/listener_plugin.py
[2024-03-05T15:45:39.002+0200] {processor.py:183} INFO - Processing /usr/local/lib/python3.8/site-packages/airflow/example_dags/plugins/listener_plugin.py took 0.086 seconds
[2024-03-05T15:47:41.988+0200] {processor.py:161} INFO - Started process (PID=4893) to work on /usr/local/lib/python3.8/site-packages/airflow/example_dags/plugins/listener_plugin.py
[2024-03-05T15:47:41.989+0200] {processor.py:830} INFO - Processing file /usr/local/lib/python3.8/site-packages/airflow/example_dags/plugins/listener_plugin.py for tasks to queue
[2024-03-05T15:47:41.990+0200] {logging_mixin.py:188} INFO - [2024-03-05T15:47:41.990+0200] {dagbag.py:540} INFO - Filling up the DagBag from /usr/local/lib/python3.8/site-packages/airflow/example_dags/plugins/listener_plugin.py
[2024-03-05T15:47:41.994+0200] {processor.py:842} WARNING - No viable dags retrieved from /usr/local/lib/python3.8/site-packages/airflow/example_dags/plugins/listener_plugin.py
[2024-03-05T15:47:42.084+0200] {processor.py:183} INFO - Processing /usr/local/lib/python3.8/site-packages/airflow/example_dags/plugins/listener_plugin.py took 0.098 seconds
[2024-03-05T15:49:09.873+0200] {processor.py:161} INFO - Started process (PID=5044) to work on /usr/local/lib/python3.8/site-packages/airflow/example_dags/plugins/listener_plugin.py
[2024-03-05T15:49:09.875+0200] {processor.py:830} INFO - Processing file /usr/local/lib/python3.8/site-packages/airflow/example_dags/plugins/listener_plugin.py for tasks to queue
[2024-03-05T15:49:09.875+0200] {logging_mixin.py:188} INFO - [2024-03-05T15:49:09.875+0200] {dagbag.py:540} INFO - Filling up the DagBag from /usr/local/lib/python3.8/site-packages/airflow/example_dags/plugins/listener_plugin.py
[2024-03-05T15:49:09.879+0200] {processor.py:842} WARNING - No viable dags retrieved from /usr/local/lib/python3.8/site-packages/airflow/example_dags/plugins/listener_plugin.py
[2024-03-05T15:49:09.957+0200] {processor.py:183} INFO - Processing /usr/local/lib/python3.8/site-packages/airflow/example_dags/plugins/listener_plugin.py took 0.085 seconds
[2024-03-05T15:50:44.227+0200] {processor.py:161} INFO - Started process (PID=5155) to work on /usr/local/lib/python3.8/site-packages/airflow/example_dags/plugins/listener_plugin.py
[2024-03-05T15:50:44.229+0200] {processor.py:830} INFO - Processing file /usr/local/lib/python3.8/site-packages/airflow/example_dags/plugins/listener_plugin.py for tasks to queue
[2024-03-05T15:50:44.230+0200] {logging_mixin.py:188} INFO - [2024-03-05T15:50:44.230+0200] {dagbag.py:540} INFO - Filling up the DagBag from /usr/local/lib/python3.8/site-packages/airflow/example_dags/plugins/listener_plugin.py
[2024-03-05T15:50:44.232+0200] {processor.py:842} WARNING - No viable dags retrieved from /usr/local/lib/python3.8/site-packages/airflow/example_dags/plugins/listener_plugin.py
[2024-03-05T15:50:44.310+0200] {processor.py:183} INFO - Processing /usr/local/lib/python3.8/site-packages/airflow/example_dags/plugins/listener_plugin.py took 0.084 seconds
[2024-03-05T15:52:58.611+0200] {processor.py:161} INFO - Started process (PID=5298) to work on /usr/local/lib/python3.8/site-packages/airflow/example_dags/plugins/listener_plugin.py
[2024-03-05T15:52:58.612+0200] {processor.py:830} INFO - Processing file /usr/local/lib/python3.8/site-packages/airflow/example_dags/plugins/listener_plugin.py for tasks to queue
[2024-03-05T15:52:58.613+0200] {logging_mixin.py:188} INFO - [2024-03-05T15:52:58.613+0200] {dagbag.py:540} INFO - Filling up the DagBag from /usr/local/lib/python3.8/site-packages/airflow/example_dags/plugins/listener_plugin.py
[2024-03-05T15:52:58.615+0200] {processor.py:842} WARNING - No viable dags retrieved from /usr/local/lib/python3.8/site-packages/airflow/example_dags/plugins/listener_plugin.py
[2024-03-05T15:52:58.695+0200] {processor.py:183} INFO - Processing /usr/local/lib/python3.8/site-packages/airflow/example_dags/plugins/listener_plugin.py took 0.086 seconds
[2024-03-05T15:54:57.916+0200] {processor.py:161} INFO - Started process (PID=5458) to work on /usr/local/lib/python3.8/site-packages/airflow/example_dags/plugins/listener_plugin.py
[2024-03-05T15:54:57.917+0200] {processor.py:830} INFO - Processing file /usr/local/lib/python3.8/site-packages/airflow/example_dags/plugins/listener_plugin.py for tasks to queue
[2024-03-05T15:54:57.918+0200] {logging_mixin.py:188} INFO - [2024-03-05T15:54:57.917+0200] {dagbag.py:540} INFO - Filling up the DagBag from /usr/local/lib/python3.8/site-packages/airflow/example_dags/plugins/listener_plugin.py
[2024-03-05T15:54:57.920+0200] {processor.py:842} WARNING - No viable dags retrieved from /usr/local/lib/python3.8/site-packages/airflow/example_dags/plugins/listener_plugin.py
[2024-03-05T15:54:57.999+0200] {processor.py:183} INFO - Processing /usr/local/lib/python3.8/site-packages/airflow/example_dags/plugins/listener_plugin.py took 0.085 seconds
[2024-03-05T15:56:28.676+0200] {processor.py:161} INFO - Started process (PID=5548) to work on /usr/local/lib/python3.8/site-packages/airflow/example_dags/plugins/listener_plugin.py
[2024-03-05T15:56:28.678+0200] {processor.py:830} INFO - Processing file /usr/local/lib/python3.8/site-packages/airflow/example_dags/plugins/listener_plugin.py for tasks to queue
[2024-03-05T15:56:28.679+0200] {logging_mixin.py:188} INFO - [2024-03-05T15:56:28.679+0200] {dagbag.py:540} INFO - Filling up the DagBag from /usr/local/lib/python3.8/site-packages/airflow/example_dags/plugins/listener_plugin.py
[2024-03-05T15:56:28.681+0200] {processor.py:842} WARNING - No viable dags retrieved from /usr/local/lib/python3.8/site-packages/airflow/example_dags/plugins/listener_plugin.py
[2024-03-05T15:56:28.760+0200] {processor.py:183} INFO - Processing /usr/local/lib/python3.8/site-packages/airflow/example_dags/plugins/listener_plugin.py took 0.085 seconds
[2024-03-05T15:57:54.498+0200] {processor.py:161} INFO - Started process (PID=5660) to work on /usr/local/lib/python3.8/site-packages/airflow/example_dags/plugins/listener_plugin.py
[2024-03-05T15:57:54.499+0200] {processor.py:830} INFO - Processing file /usr/local/lib/python3.8/site-packages/airflow/example_dags/plugins/listener_plugin.py for tasks to queue
[2024-03-05T15:57:54.499+0200] {logging_mixin.py:188} INFO - [2024-03-05T15:57:54.499+0200] {dagbag.py:540} INFO - Filling up the DagBag from /usr/local/lib/python3.8/site-packages/airflow/example_dags/plugins/listener_plugin.py
[2024-03-05T15:57:54.501+0200] {processor.py:842} WARNING - No viable dags retrieved from /usr/local/lib/python3.8/site-packages/airflow/example_dags/plugins/listener_plugin.py
[2024-03-05T15:57:54.574+0200] {processor.py:183} INFO - Processing /usr/local/lib/python3.8/site-packages/airflow/example_dags/plugins/listener_plugin.py took 0.078 seconds
[2024-03-05T15:59:14.391+0200] {processor.py:161} INFO - Started process (PID=5751) to work on /usr/local/lib/python3.8/site-packages/airflow/example_dags/plugins/listener_plugin.py
[2024-03-05T15:59:14.392+0200] {processor.py:830} INFO - Processing file /usr/local/lib/python3.8/site-packages/airflow/example_dags/plugins/listener_plugin.py for tasks to queue
[2024-03-05T15:59:14.392+0200] {logging_mixin.py:188} INFO - [2024-03-05T15:59:14.392+0200] {dagbag.py:540} INFO - Filling up the DagBag from /usr/local/lib/python3.8/site-packages/airflow/example_dags/plugins/listener_plugin.py
[2024-03-05T15:59:14.394+0200] {processor.py:842} WARNING - No viable dags retrieved from /usr/local/lib/python3.8/site-packages/airflow/example_dags/plugins/listener_plugin.py
[2024-03-05T15:59:14.464+0200] {processor.py:183} INFO - Processing /usr/local/lib/python3.8/site-packages/airflow/example_dags/plugins/listener_plugin.py took 0.075 seconds
[2024-03-05T16:02:54.708+0200] {processor.py:161} INFO - Started process (PID=5881) to work on /usr/local/lib/python3.8/site-packages/airflow/example_dags/plugins/listener_plugin.py
[2024-03-05T16:02:54.710+0200] {processor.py:830} INFO - Processing file /usr/local/lib/python3.8/site-packages/airflow/example_dags/plugins/listener_plugin.py for tasks to queue
[2024-03-05T16:02:54.711+0200] {logging_mixin.py:188} INFO - [2024-03-05T16:02:54.710+0200] {dagbag.py:540} INFO - Filling up the DagBag from /usr/local/lib/python3.8/site-packages/airflow/example_dags/plugins/listener_plugin.py
[2024-03-05T16:02:54.712+0200] {processor.py:842} WARNING - No viable dags retrieved from /usr/local/lib/python3.8/site-packages/airflow/example_dags/plugins/listener_plugin.py
[2024-03-05T16:02:54.792+0200] {processor.py:183} INFO - Processing /usr/local/lib/python3.8/site-packages/airflow/example_dags/plugins/listener_plugin.py took 0.085 seconds
[2024-03-05T16:04:50.722+0200] {processor.py:161} INFO - Started process (PID=6031) to work on /usr/local/lib/python3.8/site-packages/airflow/example_dags/plugins/listener_plugin.py
[2024-03-05T16:04:50.724+0200] {processor.py:830} INFO - Processing file /usr/local/lib/python3.8/site-packages/airflow/example_dags/plugins/listener_plugin.py for tasks to queue
[2024-03-05T16:04:50.725+0200] {logging_mixin.py:188} INFO - [2024-03-05T16:04:50.725+0200] {dagbag.py:540} INFO - Filling up the DagBag from /usr/local/lib/python3.8/site-packages/airflow/example_dags/plugins/listener_plugin.py
[2024-03-05T16:04:50.727+0200] {processor.py:842} WARNING - No viable dags retrieved from /usr/local/lib/python3.8/site-packages/airflow/example_dags/plugins/listener_plugin.py
[2024-03-05T16:04:50.801+0200] {processor.py:183} INFO - Processing /usr/local/lib/python3.8/site-packages/airflow/example_dags/plugins/listener_plugin.py took 0.080 seconds
[2024-03-05T16:06:09.892+0200] {processor.py:161} INFO - Started process (PID=6117) to work on /usr/local/lib/python3.8/site-packages/airflow/example_dags/plugins/listener_plugin.py
[2024-03-05T16:06:09.892+0200] {processor.py:830} INFO - Processing file /usr/local/lib/python3.8/site-packages/airflow/example_dags/plugins/listener_plugin.py for tasks to queue
[2024-03-05T16:06:09.893+0200] {logging_mixin.py:188} INFO - [2024-03-05T16:06:09.893+0200] {dagbag.py:540} INFO - Filling up the DagBag from /usr/local/lib/python3.8/site-packages/airflow/example_dags/plugins/listener_plugin.py
[2024-03-05T16:06:09.895+0200] {processor.py:842} WARNING - No viable dags retrieved from /usr/local/lib/python3.8/site-packages/airflow/example_dags/plugins/listener_plugin.py
[2024-03-05T16:06:09.969+0200] {processor.py:183} INFO - Processing /usr/local/lib/python3.8/site-packages/airflow/example_dags/plugins/listener_plugin.py took 0.079 seconds
[2024-03-05T16:20:24.815+0200] {processor.py:161} INFO - Started process (PID=6264) to work on /usr/local/lib/python3.8/site-packages/airflow/example_dags/plugins/listener_plugin.py
[2024-03-05T16:20:24.817+0200] {processor.py:830} INFO - Processing file /usr/local/lib/python3.8/site-packages/airflow/example_dags/plugins/listener_plugin.py for tasks to queue
[2024-03-05T16:20:24.818+0200] {logging_mixin.py:188} INFO - [2024-03-05T16:20:24.817+0200] {dagbag.py:540} INFO - Filling up the DagBag from /usr/local/lib/python3.8/site-packages/airflow/example_dags/plugins/listener_plugin.py
[2024-03-05T16:20:24.822+0200] {processor.py:842} WARNING - No viable dags retrieved from /usr/local/lib/python3.8/site-packages/airflow/example_dags/plugins/listener_plugin.py
[2024-03-05T16:20:24.920+0200] {processor.py:183} INFO - Processing /usr/local/lib/python3.8/site-packages/airflow/example_dags/plugins/listener_plugin.py took 0.107 seconds
[2024-03-05T16:22:06.946+0200] {processor.py:161} INFO - Started process (PID=6393) to work on /usr/local/lib/python3.8/site-packages/airflow/example_dags/plugins/listener_plugin.py
[2024-03-05T16:22:06.948+0200] {processor.py:830} INFO - Processing file /usr/local/lib/python3.8/site-packages/airflow/example_dags/plugins/listener_plugin.py for tasks to queue
[2024-03-05T16:22:06.949+0200] {logging_mixin.py:188} INFO - [2024-03-05T16:22:06.948+0200] {dagbag.py:540} INFO - Filling up the DagBag from /usr/local/lib/python3.8/site-packages/airflow/example_dags/plugins/listener_plugin.py
[2024-03-05T16:22:06.952+0200] {processor.py:842} WARNING - No viable dags retrieved from /usr/local/lib/python3.8/site-packages/airflow/example_dags/plugins/listener_plugin.py
[2024-03-05T16:22:07.036+0200] {processor.py:183} INFO - Processing /usr/local/lib/python3.8/site-packages/airflow/example_dags/plugins/listener_plugin.py took 0.092 seconds
