[2024-03-29T10:20:52.071+0200] {taskinstance.py:1979} INFO - Dependencies all met for dep_context=non-requeueable deps ti=<TaskInstance: dag_id_3.check_table_existence manual__2024-03-29T08:20:16.754909+00:00 [queued]>
[2024-03-29T10:20:52.100+0200] {taskinstance.py:1979} INFO - Dependencies all met for dep_context=requeueable deps ti=<TaskInstance: dag_id_3.check_table_existence manual__2024-03-29T08:20:16.754909+00:00 [queued]>
[2024-03-29T10:20:52.101+0200] {taskinstance.py:2193} INFO - Starting attempt 1 of 1
[2024-03-29T10:20:52.115+0200] {taskinstance.py:2214} INFO - Executing <Task(BranchPythonOperator): check_table_existence> on 2024-03-29 08:20:16.754909+00:00
[2024-03-29T10:20:52.120+0200] {standard_task_runner.py:60} INFO - Started process 5510 to run task
[2024-03-29T10:20:52.129+0200] {standard_task_runner.py:87} INFO - Running: ['airflow', 'tasks', 'run', 'dag_id_3', 'check_table_existence', 'manual__2024-03-29T08:20:16.754909+00:00', '--job-id', '1138', '--raw', '--subdir', 'DAGS_FOLDER/jobs_dag.py', '--cfg-path', '/var/folders/t6/vwjsg0jx26jcjdwn_gxhbjzc0000gp/T/tmpm07dbp5a']
[2024-03-29T10:20:52.133+0200] {standard_task_runner.py:88} INFO - Job 1138: Subtask check_table_existence
[2024-03-29T10:20:52.264+0200] {task_command.py:423} INFO - Running <TaskInstance: dag_id_3.check_table_existence manual__2024-03-29T08:20:16.754909+00:00 [running]> on host C9843
[2024-03-29T10:20:52.431+0200] {taskinstance.py:2510} INFO - Exporting env vars: AIRFLOW_CTX_DAG_OWNER='airflow' AIRFLOW_CTX_DAG_ID='dag_id_3' AIRFLOW_CTX_TASK_ID='check_table_existence' AIRFLOW_CTX_EXECUTION_DATE='2024-03-29T08:20:16.754909+00:00' AIRFLOW_CTX_TRY_NUMBER='1' AIRFLOW_CTX_DAG_RUN_ID='manual__2024-03-29T08:20:16.754909+00:00'
[2024-03-29T10:20:52.434+0200] {logging_mixin.py:188} INFO - asdddd
[2024-03-29T10:20:52.460+0200] {base.py:83} INFO - Using connection ID 'Postgres_db' for task execution.
[2024-03-29T10:20:52.461+0200] {logging_mixin.py:188} INFO - postgresql://airflow_user:***@localhost:5432/airflow_db
[2024-03-29T10:20:52.471+0200] {base.py:83} INFO - Using connection ID 'Postgres_db' for task execution.
[2024-03-29T10:20:52.479+0200] {sql.py:457} INFO - Running statement: SELECT EXISTS (SELECT 1 FROM information_schema.tables WHERE table_name = 'table_name_3'), parameters: None
[2024-03-29T10:20:52.501+0200] {sql.py:466} INFO - Rows affected: 1
[2024-03-29T10:20:52.511+0200] {logging_mixin.py:188} WARNING - /usr/local/lib/python3.8/site-packages/airflow/providers/common/sql/hooks/sql.py:407 AirflowProviderDeprecationWarning: Call to deprecated method _make_common_data_structure. (The `_make_serializable` method is deprecated and support will be removed in a future version of the common.sql provider. Please update the DbApiHook's provider to a version based on common.sql >= 1.9.1.)
[2024-03-29T10:20:52.512+0200] {python.py:202} INFO - Done. Returned value was: create_table_task
[2024-03-29T10:20:52.513+0200] {branch.py:35} INFO - Branch into create_table_task
[2024-03-29T10:20:52.514+0200] {skipmixin.py:178} INFO - Following branch create_table_task
[2024-03-29T10:20:52.562+0200] {skipmixin.py:244} INFO - Skipping tasks [('dummy_task', -1)]
[2024-03-29T10:20:52.662+0200] {taskinstance.py:1149} INFO - Marking task as SUCCESS. dag_id=dag_id_3, task_id=check_table_existence, execution_date=20240329T082016, start_date=20240329T082052, end_date=20240329T082052
[2024-03-29T10:20:52.693+0200] {local_task_job_runner.py:234} INFO - Task exited with return code 0
[2024-03-29T10:20:52.719+0200] {logging_mixin.py:188} WARNING - /usr/local/lib/python3.8/site-packages/airflow/models/baseoperator.py:1201 AirflowProviderDeprecationWarning: Call to deprecated class PostgresOperator. (Please use `airflow.providers.common.sql.operators.sql.SQLExecuteQueryOperator`.Also, you can provide `hook_params={'schema': <database>}`.)
[2024-03-29T10:20:52.761+0200] {taskinstance.py:3309} INFO - 1 downstream tasks scheduled from follow-on schedule check
