[2024-03-12T10:10:42.592+0200] {processor.py:161} INFO - Started process (PID=3321) to work on /usr/local/lib/python3.8/site-packages/airflow/example_dags/subdags/subdag.py
[2024-03-12T10:10:42.593+0200] {processor.py:830} INFO - Processing file /usr/local/lib/python3.8/site-packages/airflow/example_dags/subdags/subdag.py for tasks to queue
[2024-03-12T10:10:42.594+0200] {logging_mixin.py:188} INFO - [2024-03-12T10:10:42.594+0200] {dagbag.py:540} INFO - Filling up the DagBag from /usr/local/lib/python3.8/site-packages/airflow/example_dags/subdags/subdag.py
[2024-03-12T10:10:42.595+0200] {processor.py:842} WARNING - No viable dags retrieved from /usr/local/lib/python3.8/site-packages/airflow/example_dags/subdags/subdag.py
[2024-03-12T10:10:42.667+0200] {processor.py:183} INFO - Processing /usr/local/lib/python3.8/site-packages/airflow/example_dags/subdags/subdag.py took 0.076 seconds
[2024-03-12T10:13:16.471+0200] {processor.py:161} INFO - Started process (PID=3506) to work on /usr/local/lib/python3.8/site-packages/airflow/example_dags/subdags/subdag.py
[2024-03-12T10:13:16.473+0200] {processor.py:830} INFO - Processing file /usr/local/lib/python3.8/site-packages/airflow/example_dags/subdags/subdag.py for tasks to queue
[2024-03-12T10:13:16.474+0200] {logging_mixin.py:188} INFO - [2024-03-12T10:13:16.473+0200] {dagbag.py:540} INFO - Filling up the DagBag from /usr/local/lib/python3.8/site-packages/airflow/example_dags/subdags/subdag.py
[2024-03-12T10:13:16.476+0200] {processor.py:842} WARNING - No viable dags retrieved from /usr/local/lib/python3.8/site-packages/airflow/example_dags/subdags/subdag.py
[2024-03-12T10:13:16.553+0200] {processor.py:183} INFO - Processing /usr/local/lib/python3.8/site-packages/airflow/example_dags/subdags/subdag.py took 0.083 seconds
[2024-03-12T10:15:04.940+0200] {processor.py:161} INFO - Started process (PID=3638) to work on /usr/local/lib/python3.8/site-packages/airflow/example_dags/subdags/subdag.py
[2024-03-12T10:15:04.941+0200] {processor.py:830} INFO - Processing file /usr/local/lib/python3.8/site-packages/airflow/example_dags/subdags/subdag.py for tasks to queue
[2024-03-12T10:15:04.941+0200] {logging_mixin.py:188} INFO - [2024-03-12T10:15:04.941+0200] {dagbag.py:540} INFO - Filling up the DagBag from /usr/local/lib/python3.8/site-packages/airflow/example_dags/subdags/subdag.py
[2024-03-12T10:15:04.943+0200] {processor.py:842} WARNING - No viable dags retrieved from /usr/local/lib/python3.8/site-packages/airflow/example_dags/subdags/subdag.py
[2024-03-12T10:15:05.014+0200] {processor.py:183} INFO - Processing /usr/local/lib/python3.8/site-packages/airflow/example_dags/subdags/subdag.py took 0.075 seconds
[2024-03-12T10:16:49.067+0200] {processor.py:161} INFO - Started process (PID=3740) to work on /usr/local/lib/python3.8/site-packages/airflow/example_dags/subdags/subdag.py
[2024-03-12T10:16:49.069+0200] {processor.py:830} INFO - Processing file /usr/local/lib/python3.8/site-packages/airflow/example_dags/subdags/subdag.py for tasks to queue
[2024-03-12T10:16:49.069+0200] {logging_mixin.py:188} INFO - [2024-03-12T10:16:49.069+0200] {dagbag.py:540} INFO - Filling up the DagBag from /usr/local/lib/python3.8/site-packages/airflow/example_dags/subdags/subdag.py
[2024-03-12T10:16:49.071+0200] {processor.py:842} WARNING - No viable dags retrieved from /usr/local/lib/python3.8/site-packages/airflow/example_dags/subdags/subdag.py
[2024-03-12T10:16:49.144+0200] {processor.py:183} INFO - Processing /usr/local/lib/python3.8/site-packages/airflow/example_dags/subdags/subdag.py took 0.079 seconds
[2024-03-12T10:28:13.378+0200] {processor.py:161} INFO - Started process (PID=4130) to work on /usr/local/lib/python3.8/site-packages/airflow/example_dags/subdags/subdag.py
[2024-03-12T10:28:13.380+0200] {processor.py:830} INFO - Processing file /usr/local/lib/python3.8/site-packages/airflow/example_dags/subdags/subdag.py for tasks to queue
[2024-03-12T10:28:13.381+0200] {logging_mixin.py:188} INFO - [2024-03-12T10:28:13.381+0200] {dagbag.py:540} INFO - Filling up the DagBag from /usr/local/lib/python3.8/site-packages/airflow/example_dags/subdags/subdag.py
[2024-03-12T10:28:13.383+0200] {processor.py:842} WARNING - No viable dags retrieved from /usr/local/lib/python3.8/site-packages/airflow/example_dags/subdags/subdag.py
[2024-03-12T10:28:13.467+0200] {processor.py:183} INFO - Processing /usr/local/lib/python3.8/site-packages/airflow/example_dags/subdags/subdag.py took 0.090 seconds
[2024-03-12T10:30:38.601+0200] {processor.py:161} INFO - Started process (PID=4298) to work on /usr/local/lib/python3.8/site-packages/airflow/example_dags/subdags/subdag.py
[2024-03-12T10:30:38.602+0200] {processor.py:830} INFO - Processing file /usr/local/lib/python3.8/site-packages/airflow/example_dags/subdags/subdag.py for tasks to queue
[2024-03-12T10:30:38.603+0200] {logging_mixin.py:188} INFO - [2024-03-12T10:30:38.603+0200] {dagbag.py:540} INFO - Filling up the DagBag from /usr/local/lib/python3.8/site-packages/airflow/example_dags/subdags/subdag.py
[2024-03-12T10:30:38.605+0200] {processor.py:842} WARNING - No viable dags retrieved from /usr/local/lib/python3.8/site-packages/airflow/example_dags/subdags/subdag.py
[2024-03-12T10:30:38.682+0200] {processor.py:183} INFO - Processing /usr/local/lib/python3.8/site-packages/airflow/example_dags/subdags/subdag.py took 0.082 seconds
[2024-03-12T10:32:26.286+0200] {processor.py:161} INFO - Started process (PID=4428) to work on /usr/local/lib/python3.8/site-packages/airflow/example_dags/subdags/subdag.py
[2024-03-12T10:32:26.287+0200] {processor.py:830} INFO - Processing file /usr/local/lib/python3.8/site-packages/airflow/example_dags/subdags/subdag.py for tasks to queue
[2024-03-12T10:32:26.287+0200] {logging_mixin.py:188} INFO - [2024-03-12T10:32:26.287+0200] {dagbag.py:540} INFO - Filling up the DagBag from /usr/local/lib/python3.8/site-packages/airflow/example_dags/subdags/subdag.py
[2024-03-12T10:32:26.289+0200] {processor.py:842} WARNING - No viable dags retrieved from /usr/local/lib/python3.8/site-packages/airflow/example_dags/subdags/subdag.py
[2024-03-12T10:32:26.361+0200] {processor.py:183} INFO - Processing /usr/local/lib/python3.8/site-packages/airflow/example_dags/subdags/subdag.py took 0.076 seconds
[2024-03-12T10:34:19.344+0200] {processor.py:161} INFO - Started process (PID=4591) to work on /usr/local/lib/python3.8/site-packages/airflow/example_dags/subdags/subdag.py
[2024-03-12T10:34:19.346+0200] {processor.py:830} INFO - Processing file /usr/local/lib/python3.8/site-packages/airflow/example_dags/subdags/subdag.py for tasks to queue
[2024-03-12T10:34:19.347+0200] {logging_mixin.py:188} INFO - [2024-03-12T10:34:19.347+0200] {dagbag.py:540} INFO - Filling up the DagBag from /usr/local/lib/python3.8/site-packages/airflow/example_dags/subdags/subdag.py
[2024-03-12T10:34:19.349+0200] {processor.py:842} WARNING - No viable dags retrieved from /usr/local/lib/python3.8/site-packages/airflow/example_dags/subdags/subdag.py
[2024-03-12T10:34:19.438+0200] {processor.py:183} INFO - Processing /usr/local/lib/python3.8/site-packages/airflow/example_dags/subdags/subdag.py took 0.095 seconds
[2024-03-12T10:36:14.152+0200] {processor.py:161} INFO - Started process (PID=4719) to work on /usr/local/lib/python3.8/site-packages/airflow/example_dags/subdags/subdag.py
[2024-03-12T10:36:14.153+0200] {processor.py:830} INFO - Processing file /usr/local/lib/python3.8/site-packages/airflow/example_dags/subdags/subdag.py for tasks to queue
[2024-03-12T10:36:14.154+0200] {logging_mixin.py:188} INFO - [2024-03-12T10:36:14.154+0200] {dagbag.py:540} INFO - Filling up the DagBag from /usr/local/lib/python3.8/site-packages/airflow/example_dags/subdags/subdag.py
[2024-03-12T10:36:14.156+0200] {processor.py:842} WARNING - No viable dags retrieved from /usr/local/lib/python3.8/site-packages/airflow/example_dags/subdags/subdag.py
[2024-03-12T10:36:14.232+0200] {processor.py:183} INFO - Processing /usr/local/lib/python3.8/site-packages/airflow/example_dags/subdags/subdag.py took 0.081 seconds
[2024-03-12T10:38:07.247+0200] {processor.py:161} INFO - Started process (PID=4863) to work on /usr/local/lib/python3.8/site-packages/airflow/example_dags/subdags/subdag.py
[2024-03-12T10:38:07.248+0200] {processor.py:830} INFO - Processing file /usr/local/lib/python3.8/site-packages/airflow/example_dags/subdags/subdag.py for tasks to queue
[2024-03-12T10:38:07.249+0200] {logging_mixin.py:188} INFO - [2024-03-12T10:38:07.248+0200] {dagbag.py:540} INFO - Filling up the DagBag from /usr/local/lib/python3.8/site-packages/airflow/example_dags/subdags/subdag.py
[2024-03-12T10:38:07.251+0200] {processor.py:842} WARNING - No viable dags retrieved from /usr/local/lib/python3.8/site-packages/airflow/example_dags/subdags/subdag.py
[2024-03-12T10:38:07.327+0200] {processor.py:183} INFO - Processing /usr/local/lib/python3.8/site-packages/airflow/example_dags/subdags/subdag.py took 0.082 seconds
[2024-03-12T10:39:58.487+0200] {processor.py:161} INFO - Started process (PID=5002) to work on /usr/local/lib/python3.8/site-packages/airflow/example_dags/subdags/subdag.py
[2024-03-12T10:39:58.488+0200] {processor.py:830} INFO - Processing file /usr/local/lib/python3.8/site-packages/airflow/example_dags/subdags/subdag.py for tasks to queue
[2024-03-12T10:39:58.488+0200] {logging_mixin.py:188} INFO - [2024-03-12T10:39:58.488+0200] {dagbag.py:540} INFO - Filling up the DagBag from /usr/local/lib/python3.8/site-packages/airflow/example_dags/subdags/subdag.py
[2024-03-12T10:39:58.490+0200] {processor.py:842} WARNING - No viable dags retrieved from /usr/local/lib/python3.8/site-packages/airflow/example_dags/subdags/subdag.py
[2024-03-12T10:39:58.567+0200] {processor.py:183} INFO - Processing /usr/local/lib/python3.8/site-packages/airflow/example_dags/subdags/subdag.py took 0.081 seconds
[2024-03-12T10:41:42.309+0200] {processor.py:161} INFO - Started process (PID=5108) to work on /usr/local/lib/python3.8/site-packages/airflow/example_dags/subdags/subdag.py
[2024-03-12T10:41:42.310+0200] {processor.py:830} INFO - Processing file /usr/local/lib/python3.8/site-packages/airflow/example_dags/subdags/subdag.py for tasks to queue
[2024-03-12T10:41:42.310+0200] {logging_mixin.py:188} INFO - [2024-03-12T10:41:42.310+0200] {dagbag.py:540} INFO - Filling up the DagBag from /usr/local/lib/python3.8/site-packages/airflow/example_dags/subdags/subdag.py
[2024-03-12T10:41:42.312+0200] {processor.py:842} WARNING - No viable dags retrieved from /usr/local/lib/python3.8/site-packages/airflow/example_dags/subdags/subdag.py
[2024-03-12T10:41:42.399+0200] {processor.py:183} INFO - Processing /usr/local/lib/python3.8/site-packages/airflow/example_dags/subdags/subdag.py took 0.093 seconds
[2024-03-12T10:43:28.251+0200] {processor.py:161} INFO - Started process (PID=5245) to work on /usr/local/lib/python3.8/site-packages/airflow/example_dags/subdags/subdag.py
[2024-03-12T10:43:28.251+0200] {processor.py:830} INFO - Processing file /usr/local/lib/python3.8/site-packages/airflow/example_dags/subdags/subdag.py for tasks to queue
[2024-03-12T10:43:28.252+0200] {logging_mixin.py:188} INFO - [2024-03-12T10:43:28.252+0200] {dagbag.py:540} INFO - Filling up the DagBag from /usr/local/lib/python3.8/site-packages/airflow/example_dags/subdags/subdag.py
[2024-03-12T10:43:28.254+0200] {processor.py:842} WARNING - No viable dags retrieved from /usr/local/lib/python3.8/site-packages/airflow/example_dags/subdags/subdag.py
[2024-03-12T10:43:28.341+0200] {processor.py:183} INFO - Processing /usr/local/lib/python3.8/site-packages/airflow/example_dags/subdags/subdag.py took 0.092 seconds
[2024-03-12T10:45:21.919+0200] {processor.py:161} INFO - Started process (PID=5368) to work on /usr/local/lib/python3.8/site-packages/airflow/example_dags/subdags/subdag.py
[2024-03-12T10:45:21.920+0200] {processor.py:830} INFO - Processing file /usr/local/lib/python3.8/site-packages/airflow/example_dags/subdags/subdag.py for tasks to queue
[2024-03-12T10:45:21.921+0200] {logging_mixin.py:188} INFO - [2024-03-12T10:45:21.921+0200] {dagbag.py:540} INFO - Filling up the DagBag from /usr/local/lib/python3.8/site-packages/airflow/example_dags/subdags/subdag.py
[2024-03-12T10:45:21.923+0200] {processor.py:842} WARNING - No viable dags retrieved from /usr/local/lib/python3.8/site-packages/airflow/example_dags/subdags/subdag.py
[2024-03-12T10:45:21.999+0200] {processor.py:183} INFO - Processing /usr/local/lib/python3.8/site-packages/airflow/example_dags/subdags/subdag.py took 0.081 seconds
[2024-03-12T10:47:13.663+0200] {processor.py:161} INFO - Started process (PID=5514) to work on /usr/local/lib/python3.8/site-packages/airflow/example_dags/subdags/subdag.py
[2024-03-12T10:47:13.664+0200] {processor.py:830} INFO - Processing file /usr/local/lib/python3.8/site-packages/airflow/example_dags/subdags/subdag.py for tasks to queue
[2024-03-12T10:47:13.665+0200] {logging_mixin.py:188} INFO - [2024-03-12T10:47:13.664+0200] {dagbag.py:540} INFO - Filling up the DagBag from /usr/local/lib/python3.8/site-packages/airflow/example_dags/subdags/subdag.py
[2024-03-12T10:47:13.667+0200] {processor.py:842} WARNING - No viable dags retrieved from /usr/local/lib/python3.8/site-packages/airflow/example_dags/subdags/subdag.py
[2024-03-12T10:47:13.746+0200] {processor.py:183} INFO - Processing /usr/local/lib/python3.8/site-packages/airflow/example_dags/subdags/subdag.py took 0.084 seconds
[2024-03-12T10:49:00.699+0200] {processor.py:161} INFO - Started process (PID=5633) to work on /usr/local/lib/python3.8/site-packages/airflow/example_dags/subdags/subdag.py
[2024-03-12T10:49:00.700+0200] {processor.py:830} INFO - Processing file /usr/local/lib/python3.8/site-packages/airflow/example_dags/subdags/subdag.py for tasks to queue
[2024-03-12T10:49:00.701+0200] {logging_mixin.py:188} INFO - [2024-03-12T10:49:00.701+0200] {dagbag.py:540} INFO - Filling up the DagBag from /usr/local/lib/python3.8/site-packages/airflow/example_dags/subdags/subdag.py
[2024-03-12T10:49:00.703+0200] {processor.py:842} WARNING - No viable dags retrieved from /usr/local/lib/python3.8/site-packages/airflow/example_dags/subdags/subdag.py
[2024-03-12T10:49:00.774+0200] {processor.py:183} INFO - Processing /usr/local/lib/python3.8/site-packages/airflow/example_dags/subdags/subdag.py took 0.076 seconds
[2024-03-12T10:50:55.780+0200] {processor.py:161} INFO - Started process (PID=5756) to work on /usr/local/lib/python3.8/site-packages/airflow/example_dags/subdags/subdag.py
[2024-03-12T10:50:55.780+0200] {processor.py:830} INFO - Processing file /usr/local/lib/python3.8/site-packages/airflow/example_dags/subdags/subdag.py for tasks to queue
[2024-03-12T10:50:55.781+0200] {logging_mixin.py:188} INFO - [2024-03-12T10:50:55.781+0200] {dagbag.py:540} INFO - Filling up the DagBag from /usr/local/lib/python3.8/site-packages/airflow/example_dags/subdags/subdag.py
[2024-03-12T10:50:55.783+0200] {processor.py:842} WARNING - No viable dags retrieved from /usr/local/lib/python3.8/site-packages/airflow/example_dags/subdags/subdag.py
[2024-03-12T10:50:55.855+0200] {processor.py:183} INFO - Processing /usr/local/lib/python3.8/site-packages/airflow/example_dags/subdags/subdag.py took 0.077 seconds
[2024-03-12T10:52:47.741+0200] {processor.py:161} INFO - Started process (PID=5881) to work on /usr/local/lib/python3.8/site-packages/airflow/example_dags/subdags/subdag.py
[2024-03-12T10:52:47.742+0200] {processor.py:830} INFO - Processing file /usr/local/lib/python3.8/site-packages/airflow/example_dags/subdags/subdag.py for tasks to queue
[2024-03-12T10:52:47.742+0200] {logging_mixin.py:188} INFO - [2024-03-12T10:52:47.742+0200] {dagbag.py:540} INFO - Filling up the DagBag from /usr/local/lib/python3.8/site-packages/airflow/example_dags/subdags/subdag.py
[2024-03-12T10:52:47.744+0200] {processor.py:842} WARNING - No viable dags retrieved from /usr/local/lib/python3.8/site-packages/airflow/example_dags/subdags/subdag.py
[2024-03-12T10:52:47.824+0200] {processor.py:183} INFO - Processing /usr/local/lib/python3.8/site-packages/airflow/example_dags/subdags/subdag.py took 0.084 seconds
[2024-03-12T10:54:32.404+0200] {processor.py:161} INFO - Started process (PID=6002) to work on /usr/local/lib/python3.8/site-packages/airflow/example_dags/subdags/subdag.py
[2024-03-12T10:54:32.405+0200] {processor.py:830} INFO - Processing file /usr/local/lib/python3.8/site-packages/airflow/example_dags/subdags/subdag.py for tasks to queue
[2024-03-12T10:54:32.406+0200] {logging_mixin.py:188} INFO - [2024-03-12T10:54:32.406+0200] {dagbag.py:540} INFO - Filling up the DagBag from /usr/local/lib/python3.8/site-packages/airflow/example_dags/subdags/subdag.py
[2024-03-12T10:54:32.408+0200] {processor.py:842} WARNING - No viable dags retrieved from /usr/local/lib/python3.8/site-packages/airflow/example_dags/subdags/subdag.py
[2024-03-12T10:54:32.499+0200] {processor.py:183} INFO - Processing /usr/local/lib/python3.8/site-packages/airflow/example_dags/subdags/subdag.py took 0.096 seconds
[2024-03-12T10:56:20.145+0200] {processor.py:161} INFO - Started process (PID=6118) to work on /usr/local/lib/python3.8/site-packages/airflow/example_dags/subdags/subdag.py
[2024-03-12T10:56:20.146+0200] {processor.py:830} INFO - Processing file /usr/local/lib/python3.8/site-packages/airflow/example_dags/subdags/subdag.py for tasks to queue
[2024-03-12T10:56:20.147+0200] {logging_mixin.py:188} INFO - [2024-03-12T10:56:20.147+0200] {dagbag.py:540} INFO - Filling up the DagBag from /usr/local/lib/python3.8/site-packages/airflow/example_dags/subdags/subdag.py
[2024-03-12T10:56:20.149+0200] {processor.py:842} WARNING - No viable dags retrieved from /usr/local/lib/python3.8/site-packages/airflow/example_dags/subdags/subdag.py
[2024-03-12T10:56:20.224+0200] {processor.py:183} INFO - Processing /usr/local/lib/python3.8/site-packages/airflow/example_dags/subdags/subdag.py took 0.080 seconds
[2024-03-12T10:58:15.397+0200] {processor.py:161} INFO - Started process (PID=6276) to work on /usr/local/lib/python3.8/site-packages/airflow/example_dags/subdags/subdag.py
[2024-03-12T10:58:15.398+0200] {processor.py:830} INFO - Processing file /usr/local/lib/python3.8/site-packages/airflow/example_dags/subdags/subdag.py for tasks to queue
[2024-03-12T10:58:15.399+0200] {logging_mixin.py:188} INFO - [2024-03-12T10:58:15.399+0200] {dagbag.py:540} INFO - Filling up the DagBag from /usr/local/lib/python3.8/site-packages/airflow/example_dags/subdags/subdag.py
[2024-03-12T10:58:15.401+0200] {processor.py:842} WARNING - No viable dags retrieved from /usr/local/lib/python3.8/site-packages/airflow/example_dags/subdags/subdag.py
[2024-03-12T10:58:15.491+0200] {processor.py:183} INFO - Processing /usr/local/lib/python3.8/site-packages/airflow/example_dags/subdags/subdag.py took 0.095 seconds
[2024-03-12T11:00:05.638+0200] {processor.py:161} INFO - Started process (PID=6403) to work on /usr/local/lib/python3.8/site-packages/airflow/example_dags/subdags/subdag.py
[2024-03-12T11:00:05.639+0200] {processor.py:830} INFO - Processing file /usr/local/lib/python3.8/site-packages/airflow/example_dags/subdags/subdag.py for tasks to queue
[2024-03-12T11:00:05.639+0200] {logging_mixin.py:188} INFO - [2024-03-12T11:00:05.639+0200] {dagbag.py:540} INFO - Filling up the DagBag from /usr/local/lib/python3.8/site-packages/airflow/example_dags/subdags/subdag.py
[2024-03-12T11:00:05.642+0200] {processor.py:842} WARNING - No viable dags retrieved from /usr/local/lib/python3.8/site-packages/airflow/example_dags/subdags/subdag.py
[2024-03-12T11:00:05.736+0200] {processor.py:183} INFO - Processing /usr/local/lib/python3.8/site-packages/airflow/example_dags/subdags/subdag.py took 0.100 seconds
[2024-03-12T11:01:55.027+0200] {processor.py:161} INFO - Started process (PID=6524) to work on /usr/local/lib/python3.8/site-packages/airflow/example_dags/subdags/subdag.py
[2024-03-12T11:01:55.028+0200] {processor.py:830} INFO - Processing file /usr/local/lib/python3.8/site-packages/airflow/example_dags/subdags/subdag.py for tasks to queue
[2024-03-12T11:01:55.028+0200] {logging_mixin.py:188} INFO - [2024-03-12T11:01:55.028+0200] {dagbag.py:540} INFO - Filling up the DagBag from /usr/local/lib/python3.8/site-packages/airflow/example_dags/subdags/subdag.py
[2024-03-12T11:01:55.030+0200] {processor.py:842} WARNING - No viable dags retrieved from /usr/local/lib/python3.8/site-packages/airflow/example_dags/subdags/subdag.py
[2024-03-12T11:01:55.124+0200] {processor.py:183} INFO - Processing /usr/local/lib/python3.8/site-packages/airflow/example_dags/subdags/subdag.py took 0.098 seconds
[2024-03-12T11:03:41.964+0200] {processor.py:161} INFO - Started process (PID=6645) to work on /usr/local/lib/python3.8/site-packages/airflow/example_dags/subdags/subdag.py
[2024-03-12T11:03:41.965+0200] {processor.py:830} INFO - Processing file /usr/local/lib/python3.8/site-packages/airflow/example_dags/subdags/subdag.py for tasks to queue
[2024-03-12T11:03:41.966+0200] {logging_mixin.py:188} INFO - [2024-03-12T11:03:41.966+0200] {dagbag.py:540} INFO - Filling up the DagBag from /usr/local/lib/python3.8/site-packages/airflow/example_dags/subdags/subdag.py
[2024-03-12T11:03:41.968+0200] {processor.py:842} WARNING - No viable dags retrieved from /usr/local/lib/python3.8/site-packages/airflow/example_dags/subdags/subdag.py
[2024-03-12T11:03:42.048+0200] {processor.py:183} INFO - Processing /usr/local/lib/python3.8/site-packages/airflow/example_dags/subdags/subdag.py took 0.085 seconds
[2024-03-12T11:05:35.063+0200] {processor.py:161} INFO - Started process (PID=6795) to work on /usr/local/lib/python3.8/site-packages/airflow/example_dags/subdags/subdag.py
[2024-03-12T11:05:35.065+0200] {processor.py:830} INFO - Processing file /usr/local/lib/python3.8/site-packages/airflow/example_dags/subdags/subdag.py for tasks to queue
[2024-03-12T11:05:35.065+0200] {logging_mixin.py:188} INFO - [2024-03-12T11:05:35.065+0200] {dagbag.py:540} INFO - Filling up the DagBag from /usr/local/lib/python3.8/site-packages/airflow/example_dags/subdags/subdag.py
[2024-03-12T11:05:35.067+0200] {processor.py:842} WARNING - No viable dags retrieved from /usr/local/lib/python3.8/site-packages/airflow/example_dags/subdags/subdag.py
[2024-03-12T11:05:35.149+0200] {processor.py:183} INFO - Processing /usr/local/lib/python3.8/site-packages/airflow/example_dags/subdags/subdag.py took 0.087 seconds
[2024-03-12T11:07:36.046+0200] {processor.py:161} INFO - Started process (PID=6955) to work on /usr/local/lib/python3.8/site-packages/airflow/example_dags/subdags/subdag.py
[2024-03-12T11:07:36.048+0200] {processor.py:830} INFO - Processing file /usr/local/lib/python3.8/site-packages/airflow/example_dags/subdags/subdag.py for tasks to queue
[2024-03-12T11:07:36.049+0200] {logging_mixin.py:188} INFO - [2024-03-12T11:07:36.049+0200] {dagbag.py:540} INFO - Filling up the DagBag from /usr/local/lib/python3.8/site-packages/airflow/example_dags/subdags/subdag.py
[2024-03-12T11:07:36.055+0200] {processor.py:842} WARNING - No viable dags retrieved from /usr/local/lib/python3.8/site-packages/airflow/example_dags/subdags/subdag.py
[2024-03-12T11:07:36.143+0200] {processor.py:183} INFO - Processing /usr/local/lib/python3.8/site-packages/airflow/example_dags/subdags/subdag.py took 0.098 seconds
[2024-03-12T11:09:41.587+0200] {processor.py:161} INFO - Started process (PID=7096) to work on /usr/local/lib/python3.8/site-packages/airflow/example_dags/subdags/subdag.py
[2024-03-12T11:09:41.588+0200] {processor.py:830} INFO - Processing file /usr/local/lib/python3.8/site-packages/airflow/example_dags/subdags/subdag.py for tasks to queue
[2024-03-12T11:09:41.589+0200] {logging_mixin.py:188} INFO - [2024-03-12T11:09:41.589+0200] {dagbag.py:540} INFO - Filling up the DagBag from /usr/local/lib/python3.8/site-packages/airflow/example_dags/subdags/subdag.py
[2024-03-12T11:09:41.591+0200] {processor.py:842} WARNING - No viable dags retrieved from /usr/local/lib/python3.8/site-packages/airflow/example_dags/subdags/subdag.py
[2024-03-12T11:09:41.668+0200] {processor.py:183} INFO - Processing /usr/local/lib/python3.8/site-packages/airflow/example_dags/subdags/subdag.py took 0.083 seconds
[2024-03-12T11:11:33.046+0200] {processor.py:161} INFO - Started process (PID=7218) to work on /usr/local/lib/python3.8/site-packages/airflow/example_dags/subdags/subdag.py
[2024-03-12T11:11:33.046+0200] {processor.py:830} INFO - Processing file /usr/local/lib/python3.8/site-packages/airflow/example_dags/subdags/subdag.py for tasks to queue
[2024-03-12T11:11:33.047+0200] {logging_mixin.py:188} INFO - [2024-03-12T11:11:33.047+0200] {dagbag.py:540} INFO - Filling up the DagBag from /usr/local/lib/python3.8/site-packages/airflow/example_dags/subdags/subdag.py
[2024-03-12T11:11:33.049+0200] {processor.py:842} WARNING - No viable dags retrieved from /usr/local/lib/python3.8/site-packages/airflow/example_dags/subdags/subdag.py
[2024-03-12T11:11:33.121+0200] {processor.py:183} INFO - Processing /usr/local/lib/python3.8/site-packages/airflow/example_dags/subdags/subdag.py took 0.077 seconds
[2024-03-12T11:13:23.158+0200] {processor.py:161} INFO - Started process (PID=7334) to work on /usr/local/lib/python3.8/site-packages/airflow/example_dags/subdags/subdag.py
[2024-03-12T11:13:23.159+0200] {processor.py:830} INFO - Processing file /usr/local/lib/python3.8/site-packages/airflow/example_dags/subdags/subdag.py for tasks to queue
[2024-03-12T11:13:23.159+0200] {logging_mixin.py:188} INFO - [2024-03-12T11:13:23.159+0200] {dagbag.py:540} INFO - Filling up the DagBag from /usr/local/lib/python3.8/site-packages/airflow/example_dags/subdags/subdag.py
[2024-03-12T11:13:23.161+0200] {processor.py:842} WARNING - No viable dags retrieved from /usr/local/lib/python3.8/site-packages/airflow/example_dags/subdags/subdag.py
[2024-03-12T11:13:23.238+0200] {processor.py:183} INFO - Processing /usr/local/lib/python3.8/site-packages/airflow/example_dags/subdags/subdag.py took 0.082 seconds
[2024-03-12T11:15:22.539+0200] {processor.py:161} INFO - Started process (PID=7473) to work on /usr/local/lib/python3.8/site-packages/airflow/example_dags/subdags/subdag.py
[2024-03-12T11:15:22.540+0200] {processor.py:830} INFO - Processing file /usr/local/lib/python3.8/site-packages/airflow/example_dags/subdags/subdag.py for tasks to queue
[2024-03-12T11:15:22.540+0200] {logging_mixin.py:188} INFO - [2024-03-12T11:15:22.540+0200] {dagbag.py:540} INFO - Filling up the DagBag from /usr/local/lib/python3.8/site-packages/airflow/example_dags/subdags/subdag.py
[2024-03-12T11:15:22.543+0200] {processor.py:842} WARNING - No viable dags retrieved from /usr/local/lib/python3.8/site-packages/airflow/example_dags/subdags/subdag.py
[2024-03-12T11:15:22.636+0200] {processor.py:183} INFO - Processing /usr/local/lib/python3.8/site-packages/airflow/example_dags/subdags/subdag.py took 0.099 seconds
[2024-03-12T11:17:17.973+0200] {processor.py:161} INFO - Started process (PID=7614) to work on /usr/local/lib/python3.8/site-packages/airflow/example_dags/subdags/subdag.py
[2024-03-12T11:17:17.975+0200] {processor.py:830} INFO - Processing file /usr/local/lib/python3.8/site-packages/airflow/example_dags/subdags/subdag.py for tasks to queue
[2024-03-12T11:17:17.976+0200] {logging_mixin.py:188} INFO - [2024-03-12T11:17:17.975+0200] {dagbag.py:540} INFO - Filling up the DagBag from /usr/local/lib/python3.8/site-packages/airflow/example_dags/subdags/subdag.py
[2024-03-12T11:17:17.979+0200] {processor.py:842} WARNING - No viable dags retrieved from /usr/local/lib/python3.8/site-packages/airflow/example_dags/subdags/subdag.py
[2024-03-12T11:17:18.057+0200] {processor.py:183} INFO - Processing /usr/local/lib/python3.8/site-packages/airflow/example_dags/subdags/subdag.py took 0.086 seconds
[2024-03-12T11:17:51.059+0200] {processor.py:161} INFO - Started process (PID=7728) to work on /usr/local/lib/python3.8/site-packages/airflow/example_dags/subdags/subdag.py
[2024-03-12T11:17:51.060+0200] {processor.py:830} INFO - Processing file /usr/local/lib/python3.8/site-packages/airflow/example_dags/subdags/subdag.py for tasks to queue
[2024-03-12T11:17:51.061+0200] {logging_mixin.py:188} INFO - [2024-03-12T11:17:51.060+0200] {dagbag.py:540} INFO - Filling up the DagBag from /usr/local/lib/python3.8/site-packages/airflow/example_dags/subdags/subdag.py
[2024-03-12T11:17:51.062+0200] {processor.py:842} WARNING - No viable dags retrieved from /usr/local/lib/python3.8/site-packages/airflow/example_dags/subdags/subdag.py
[2024-03-12T11:17:51.134+0200] {processor.py:183} INFO - Processing /usr/local/lib/python3.8/site-packages/airflow/example_dags/subdags/subdag.py took 0.076 seconds
[2024-03-12T11:20:06.095+0200] {processor.py:161} INFO - Started process (PID=7871) to work on /usr/local/lib/python3.8/site-packages/airflow/example_dags/subdags/subdag.py
[2024-03-12T11:20:06.096+0200] {processor.py:830} INFO - Processing file /usr/local/lib/python3.8/site-packages/airflow/example_dags/subdags/subdag.py for tasks to queue
[2024-03-12T11:20:06.097+0200] {logging_mixin.py:188} INFO - [2024-03-12T11:20:06.097+0200] {dagbag.py:540} INFO - Filling up the DagBag from /usr/local/lib/python3.8/site-packages/airflow/example_dags/subdags/subdag.py
[2024-03-12T11:20:06.099+0200] {processor.py:842} WARNING - No viable dags retrieved from /usr/local/lib/python3.8/site-packages/airflow/example_dags/subdags/subdag.py
[2024-03-12T11:20:06.190+0200] {processor.py:183} INFO - Processing /usr/local/lib/python3.8/site-packages/airflow/example_dags/subdags/subdag.py took 0.097 seconds
[2024-03-12T11:21:52.355+0200] {processor.py:161} INFO - Started process (PID=8006) to work on /usr/local/lib/python3.8/site-packages/airflow/example_dags/subdags/subdag.py
[2024-03-12T11:21:52.356+0200] {processor.py:830} INFO - Processing file /usr/local/lib/python3.8/site-packages/airflow/example_dags/subdags/subdag.py for tasks to queue
[2024-03-12T11:21:52.357+0200] {logging_mixin.py:188} INFO - [2024-03-12T11:21:52.356+0200] {dagbag.py:540} INFO - Filling up the DagBag from /usr/local/lib/python3.8/site-packages/airflow/example_dags/subdags/subdag.py
[2024-03-12T11:21:52.359+0200] {processor.py:842} WARNING - No viable dags retrieved from /usr/local/lib/python3.8/site-packages/airflow/example_dags/subdags/subdag.py
[2024-03-12T11:21:52.445+0200] {processor.py:183} INFO - Processing /usr/local/lib/python3.8/site-packages/airflow/example_dags/subdags/subdag.py took 0.092 seconds
[2024-03-12T11:23:49.640+0200] {processor.py:161} INFO - Started process (PID=8127) to work on /usr/local/lib/python3.8/site-packages/airflow/example_dags/subdags/subdag.py
[2024-03-12T11:23:49.642+0200] {processor.py:830} INFO - Processing file /usr/local/lib/python3.8/site-packages/airflow/example_dags/subdags/subdag.py for tasks to queue
[2024-03-12T11:23:49.642+0200] {logging_mixin.py:188} INFO - [2024-03-12T11:23:49.642+0200] {dagbag.py:540} INFO - Filling up the DagBag from /usr/local/lib/python3.8/site-packages/airflow/example_dags/subdags/subdag.py
[2024-03-12T11:23:49.645+0200] {processor.py:842} WARNING - No viable dags retrieved from /usr/local/lib/python3.8/site-packages/airflow/example_dags/subdags/subdag.py
[2024-03-12T11:23:49.736+0200] {processor.py:183} INFO - Processing /usr/local/lib/python3.8/site-packages/airflow/example_dags/subdags/subdag.py took 0.097 seconds
[2024-03-12T11:25:44.502+0200] {processor.py:161} INFO - Started process (PID=8263) to work on /usr/local/lib/python3.8/site-packages/airflow/example_dags/subdags/subdag.py
[2024-03-12T11:25:44.503+0200] {processor.py:830} INFO - Processing file /usr/local/lib/python3.8/site-packages/airflow/example_dags/subdags/subdag.py for tasks to queue
[2024-03-12T11:25:44.504+0200] {logging_mixin.py:188} INFO - [2024-03-12T11:25:44.504+0200] {dagbag.py:540} INFO - Filling up the DagBag from /usr/local/lib/python3.8/site-packages/airflow/example_dags/subdags/subdag.py
[2024-03-12T11:25:44.506+0200] {processor.py:842} WARNING - No viable dags retrieved from /usr/local/lib/python3.8/site-packages/airflow/example_dags/subdags/subdag.py
[2024-03-12T11:25:44.589+0200] {processor.py:183} INFO - Processing /usr/local/lib/python3.8/site-packages/airflow/example_dags/subdags/subdag.py took 0.088 seconds
[2024-03-12T11:27:42.965+0200] {processor.py:161} INFO - Started process (PID=8623) to work on /usr/local/lib/python3.8/site-packages/airflow/example_dags/subdags/subdag.py
[2024-03-12T11:27:42.966+0200] {processor.py:830} INFO - Processing file /usr/local/lib/python3.8/site-packages/airflow/example_dags/subdags/subdag.py for tasks to queue
[2024-03-12T11:27:42.967+0200] {logging_mixin.py:188} INFO - [2024-03-12T11:27:42.967+0200] {dagbag.py:540} INFO - Filling up the DagBag from /usr/local/lib/python3.8/site-packages/airflow/example_dags/subdags/subdag.py
[2024-03-12T11:27:42.968+0200] {processor.py:842} WARNING - No viable dags retrieved from /usr/local/lib/python3.8/site-packages/airflow/example_dags/subdags/subdag.py
[2024-03-12T11:27:43.045+0200] {processor.py:183} INFO - Processing /usr/local/lib/python3.8/site-packages/airflow/example_dags/subdags/subdag.py took 0.082 seconds
[2024-03-12T11:29:42.177+0200] {processor.py:161} INFO - Started process (PID=8768) to work on /usr/local/lib/python3.8/site-packages/airflow/example_dags/subdags/subdag.py
[2024-03-12T11:29:42.178+0200] {processor.py:830} INFO - Processing file /usr/local/lib/python3.8/site-packages/airflow/example_dags/subdags/subdag.py for tasks to queue
[2024-03-12T11:29:42.179+0200] {logging_mixin.py:188} INFO - [2024-03-12T11:29:42.179+0200] {dagbag.py:540} INFO - Filling up the DagBag from /usr/local/lib/python3.8/site-packages/airflow/example_dags/subdags/subdag.py
[2024-03-12T11:29:42.181+0200] {processor.py:842} WARNING - No viable dags retrieved from /usr/local/lib/python3.8/site-packages/airflow/example_dags/subdags/subdag.py
[2024-03-12T11:29:42.269+0200] {processor.py:183} INFO - Processing /usr/local/lib/python3.8/site-packages/airflow/example_dags/subdags/subdag.py took 0.093 seconds
[2024-03-12T11:31:33.568+0200] {processor.py:161} INFO - Started process (PID=8909) to work on /usr/local/lib/python3.8/site-packages/airflow/example_dags/subdags/subdag.py
[2024-03-12T11:31:33.570+0200] {processor.py:830} INFO - Processing file /usr/local/lib/python3.8/site-packages/airflow/example_dags/subdags/subdag.py for tasks to queue
[2024-03-12T11:31:33.570+0200] {logging_mixin.py:188} INFO - [2024-03-12T11:31:33.570+0200] {dagbag.py:540} INFO - Filling up the DagBag from /usr/local/lib/python3.8/site-packages/airflow/example_dags/subdags/subdag.py
[2024-03-12T11:31:33.573+0200] {processor.py:842} WARNING - No viable dags retrieved from /usr/local/lib/python3.8/site-packages/airflow/example_dags/subdags/subdag.py
[2024-03-12T11:31:33.657+0200] {processor.py:183} INFO - Processing /usr/local/lib/python3.8/site-packages/airflow/example_dags/subdags/subdag.py took 0.090 seconds
[2024-03-12T11:33:28.135+0200] {processor.py:161} INFO - Started process (PID=9038) to work on /usr/local/lib/python3.8/site-packages/airflow/example_dags/subdags/subdag.py
[2024-03-12T11:33:28.136+0200] {processor.py:830} INFO - Processing file /usr/local/lib/python3.8/site-packages/airflow/example_dags/subdags/subdag.py for tasks to queue
[2024-03-12T11:33:28.137+0200] {logging_mixin.py:188} INFO - [2024-03-12T11:33:28.137+0200] {dagbag.py:540} INFO - Filling up the DagBag from /usr/local/lib/python3.8/site-packages/airflow/example_dags/subdags/subdag.py
[2024-03-12T11:33:28.139+0200] {processor.py:842} WARNING - No viable dags retrieved from /usr/local/lib/python3.8/site-packages/airflow/example_dags/subdags/subdag.py
[2024-03-12T11:33:28.217+0200] {processor.py:183} INFO - Processing /usr/local/lib/python3.8/site-packages/airflow/example_dags/subdags/subdag.py took 0.083 seconds
[2024-03-12T11:35:25.189+0200] {processor.py:161} INFO - Started process (PID=9183) to work on /usr/local/lib/python3.8/site-packages/airflow/example_dags/subdags/subdag.py
[2024-03-12T11:35:25.190+0200] {processor.py:830} INFO - Processing file /usr/local/lib/python3.8/site-packages/airflow/example_dags/subdags/subdag.py for tasks to queue
[2024-03-12T11:35:25.191+0200] {logging_mixin.py:188} INFO - [2024-03-12T11:35:25.191+0200] {dagbag.py:540} INFO - Filling up the DagBag from /usr/local/lib/python3.8/site-packages/airflow/example_dags/subdags/subdag.py
[2024-03-12T11:35:25.193+0200] {processor.py:842} WARNING - No viable dags retrieved from /usr/local/lib/python3.8/site-packages/airflow/example_dags/subdags/subdag.py
[2024-03-12T11:35:25.272+0200] {processor.py:183} INFO - Processing /usr/local/lib/python3.8/site-packages/airflow/example_dags/subdags/subdag.py took 0.084 seconds
[2024-03-12T11:37:22.974+0200] {processor.py:161} INFO - Started process (PID=9339) to work on /usr/local/lib/python3.8/site-packages/airflow/example_dags/subdags/subdag.py
[2024-03-12T11:37:22.976+0200] {processor.py:830} INFO - Processing file /usr/local/lib/python3.8/site-packages/airflow/example_dags/subdags/subdag.py for tasks to queue
[2024-03-12T11:37:22.976+0200] {logging_mixin.py:188} INFO - [2024-03-12T11:37:22.976+0200] {dagbag.py:540} INFO - Filling up the DagBag from /usr/local/lib/python3.8/site-packages/airflow/example_dags/subdags/subdag.py
[2024-03-12T11:37:22.979+0200] {processor.py:842} WARNING - No viable dags retrieved from /usr/local/lib/python3.8/site-packages/airflow/example_dags/subdags/subdag.py
[2024-03-12T11:37:23.097+0200] {processor.py:183} INFO - Processing /usr/local/lib/python3.8/site-packages/airflow/example_dags/subdags/subdag.py took 0.125 seconds
[2024-03-12T11:39:08.240+0200] {processor.py:161} INFO - Started process (PID=9465) to work on /usr/local/lib/python3.8/site-packages/airflow/example_dags/subdags/subdag.py
[2024-03-12T11:39:08.241+0200] {processor.py:830} INFO - Processing file /usr/local/lib/python3.8/site-packages/airflow/example_dags/subdags/subdag.py for tasks to queue
[2024-03-12T11:39:08.242+0200] {logging_mixin.py:188} INFO - [2024-03-12T11:39:08.242+0200] {dagbag.py:540} INFO - Filling up the DagBag from /usr/local/lib/python3.8/site-packages/airflow/example_dags/subdags/subdag.py
[2024-03-12T11:39:08.243+0200] {processor.py:842} WARNING - No viable dags retrieved from /usr/local/lib/python3.8/site-packages/airflow/example_dags/subdags/subdag.py
[2024-03-12T11:39:08.314+0200] {processor.py:183} INFO - Processing /usr/local/lib/python3.8/site-packages/airflow/example_dags/subdags/subdag.py took 0.075 seconds
[2024-03-12T11:40:43.102+0200] {processor.py:161} INFO - Started process (PID=9566) to work on /usr/local/lib/python3.8/site-packages/airflow/example_dags/subdags/subdag.py
[2024-03-12T11:40:43.103+0200] {processor.py:830} INFO - Processing file /usr/local/lib/python3.8/site-packages/airflow/example_dags/subdags/subdag.py for tasks to queue
[2024-03-12T11:40:43.103+0200] {logging_mixin.py:188} INFO - [2024-03-12T11:40:43.103+0200] {dagbag.py:540} INFO - Filling up the DagBag from /usr/local/lib/python3.8/site-packages/airflow/example_dags/subdags/subdag.py
[2024-03-12T11:40:43.105+0200] {processor.py:842} WARNING - No viable dags retrieved from /usr/local/lib/python3.8/site-packages/airflow/example_dags/subdags/subdag.py
[2024-03-12T11:40:43.175+0200] {processor.py:183} INFO - Processing /usr/local/lib/python3.8/site-packages/airflow/example_dags/subdags/subdag.py took 0.075 seconds
[2024-03-12T11:42:16.209+0200] {processor.py:161} INFO - Started process (PID=9672) to work on /usr/local/lib/python3.8/site-packages/airflow/example_dags/subdags/subdag.py
[2024-03-12T11:42:16.210+0200] {processor.py:830} INFO - Processing file /usr/local/lib/python3.8/site-packages/airflow/example_dags/subdags/subdag.py for tasks to queue
[2024-03-12T11:42:16.210+0200] {logging_mixin.py:188} INFO - [2024-03-12T11:42:16.210+0200] {dagbag.py:540} INFO - Filling up the DagBag from /usr/local/lib/python3.8/site-packages/airflow/example_dags/subdags/subdag.py
[2024-03-12T11:42:16.212+0200] {processor.py:842} WARNING - No viable dags retrieved from /usr/local/lib/python3.8/site-packages/airflow/example_dags/subdags/subdag.py
[2024-03-12T11:42:16.281+0200] {processor.py:183} INFO - Processing /usr/local/lib/python3.8/site-packages/airflow/example_dags/subdags/subdag.py took 0.074 seconds
[2024-03-12T11:43:50.021+0200] {processor.py:161} INFO - Started process (PID=9792) to work on /usr/local/lib/python3.8/site-packages/airflow/example_dags/subdags/subdag.py
[2024-03-12T11:43:50.022+0200] {processor.py:830} INFO - Processing file /usr/local/lib/python3.8/site-packages/airflow/example_dags/subdags/subdag.py for tasks to queue
[2024-03-12T11:43:50.023+0200] {logging_mixin.py:188} INFO - [2024-03-12T11:43:50.023+0200] {dagbag.py:540} INFO - Filling up the DagBag from /usr/local/lib/python3.8/site-packages/airflow/example_dags/subdags/subdag.py
[2024-03-12T11:43:50.025+0200] {processor.py:842} WARNING - No viable dags retrieved from /usr/local/lib/python3.8/site-packages/airflow/example_dags/subdags/subdag.py
[2024-03-12T11:43:50.098+0200] {processor.py:183} INFO - Processing /usr/local/lib/python3.8/site-packages/airflow/example_dags/subdags/subdag.py took 0.078 seconds
[2024-03-12T11:45:23.561+0200] {processor.py:161} INFO - Started process (PID=9892) to work on /usr/local/lib/python3.8/site-packages/airflow/example_dags/subdags/subdag.py
[2024-03-12T11:45:23.562+0200] {processor.py:830} INFO - Processing file /usr/local/lib/python3.8/site-packages/airflow/example_dags/subdags/subdag.py for tasks to queue
[2024-03-12T11:45:23.562+0200] {logging_mixin.py:188} INFO - [2024-03-12T11:45:23.562+0200] {dagbag.py:540} INFO - Filling up the DagBag from /usr/local/lib/python3.8/site-packages/airflow/example_dags/subdags/subdag.py
[2024-03-12T11:45:23.564+0200] {processor.py:842} WARNING - No viable dags retrieved from /usr/local/lib/python3.8/site-packages/airflow/example_dags/subdags/subdag.py
[2024-03-12T11:45:23.636+0200] {processor.py:183} INFO - Processing /usr/local/lib/python3.8/site-packages/airflow/example_dags/subdags/subdag.py took 0.076 seconds
[2024-03-12T11:47:04.798+0200] {processor.py:161} INFO - Started process (PID=10018) to work on /usr/local/lib/python3.8/site-packages/airflow/example_dags/subdags/subdag.py
[2024-03-12T11:47:04.800+0200] {processor.py:830} INFO - Processing file /usr/local/lib/python3.8/site-packages/airflow/example_dags/subdags/subdag.py for tasks to queue
[2024-03-12T11:47:04.800+0200] {logging_mixin.py:188} INFO - [2024-03-12T11:47:04.800+0200] {dagbag.py:540} INFO - Filling up the DagBag from /usr/local/lib/python3.8/site-packages/airflow/example_dags/subdags/subdag.py
[2024-03-12T11:47:04.802+0200] {processor.py:842} WARNING - No viable dags retrieved from /usr/local/lib/python3.8/site-packages/airflow/example_dags/subdags/subdag.py
[2024-03-12T11:47:04.880+0200] {processor.py:183} INFO - Processing /usr/local/lib/python3.8/site-packages/airflow/example_dags/subdags/subdag.py took 0.084 seconds
[2024-03-12T12:19:37.658+0200] {processor.py:161} INFO - Started process (PID=10194) to work on /usr/local/lib/python3.8/site-packages/airflow/example_dags/subdags/subdag.py
[2024-03-12T12:19:37.663+0200] {processor.py:830} INFO - Processing file /usr/local/lib/python3.8/site-packages/airflow/example_dags/subdags/subdag.py for tasks to queue
[2024-03-12T12:19:37.665+0200] {logging_mixin.py:188} INFO - [2024-03-12T12:19:37.664+0200] {dagbag.py:540} INFO - Filling up the DagBag from /usr/local/lib/python3.8/site-packages/airflow/example_dags/subdags/subdag.py
[2024-03-12T12:19:37.674+0200] {processor.py:842} WARNING - No viable dags retrieved from /usr/local/lib/python3.8/site-packages/airflow/example_dags/subdags/subdag.py
[2024-03-12T12:19:38.025+0200] {processor.py:183} INFO - Processing /usr/local/lib/python3.8/site-packages/airflow/example_dags/subdags/subdag.py took 0.371 seconds
[2024-03-12T12:23:35.508+0200] {processor.py:161} INFO - Started process (PID=10350) to work on /usr/local/lib/python3.8/site-packages/airflow/example_dags/subdags/subdag.py
[2024-03-12T12:23:35.509+0200] {processor.py:830} INFO - Processing file /usr/local/lib/python3.8/site-packages/airflow/example_dags/subdags/subdag.py for tasks to queue
[2024-03-12T12:23:35.509+0200] {logging_mixin.py:188} INFO - [2024-03-12T12:23:35.509+0200] {dagbag.py:540} INFO - Filling up the DagBag from /usr/local/lib/python3.8/site-packages/airflow/example_dags/subdags/subdag.py
[2024-03-12T12:23:35.511+0200] {processor.py:842} WARNING - No viable dags retrieved from /usr/local/lib/python3.8/site-packages/airflow/example_dags/subdags/subdag.py
[2024-03-12T12:23:35.581+0200] {processor.py:183} INFO - Processing /usr/local/lib/python3.8/site-packages/airflow/example_dags/subdags/subdag.py took 0.074 seconds
[2024-03-12T12:25:10.112+0200] {processor.py:161} INFO - Started process (PID=10458) to work on /usr/local/lib/python3.8/site-packages/airflow/example_dags/subdags/subdag.py
[2024-03-12T12:25:10.113+0200] {processor.py:830} INFO - Processing file /usr/local/lib/python3.8/site-packages/airflow/example_dags/subdags/subdag.py for tasks to queue
[2024-03-12T12:25:10.113+0200] {logging_mixin.py:188} INFO - [2024-03-12T12:25:10.113+0200] {dagbag.py:540} INFO - Filling up the DagBag from /usr/local/lib/python3.8/site-packages/airflow/example_dags/subdags/subdag.py
[2024-03-12T12:25:10.115+0200] {processor.py:842} WARNING - No viable dags retrieved from /usr/local/lib/python3.8/site-packages/airflow/example_dags/subdags/subdag.py
[2024-03-12T12:25:10.185+0200] {processor.py:183} INFO - Processing /usr/local/lib/python3.8/site-packages/airflow/example_dags/subdags/subdag.py took 0.074 seconds
[2024-03-12T12:26:47.196+0200] {processor.py:161} INFO - Started process (PID=10564) to work on /usr/local/lib/python3.8/site-packages/airflow/example_dags/subdags/subdag.py
[2024-03-12T12:26:47.197+0200] {processor.py:830} INFO - Processing file /usr/local/lib/python3.8/site-packages/airflow/example_dags/subdags/subdag.py for tasks to queue
[2024-03-12T12:26:47.198+0200] {logging_mixin.py:188} INFO - [2024-03-12T12:26:47.198+0200] {dagbag.py:540} INFO - Filling up the DagBag from /usr/local/lib/python3.8/site-packages/airflow/example_dags/subdags/subdag.py
[2024-03-12T12:26:47.200+0200] {processor.py:842} WARNING - No viable dags retrieved from /usr/local/lib/python3.8/site-packages/airflow/example_dags/subdags/subdag.py
[2024-03-12T12:26:47.280+0200] {processor.py:183} INFO - Processing /usr/local/lib/python3.8/site-packages/airflow/example_dags/subdags/subdag.py took 0.085 seconds
