[2024-03-27T15:54:06.787+0200] {taskinstance.py:1979} INFO - Dependencies all met for dep_context=non-requeueable deps ti=<TaskInstance: dag_id_3.show_tables manual__2024-03-27T13:06:18.522971+00:00 [queued]>
[2024-03-27T15:54:06.804+0200] {taskinstance.py:1979} INFO - Dependencies all met for dep_context=requeueable deps ti=<TaskInstance: dag_id_3.show_tables manual__2024-03-27T13:06:18.522971+00:00 [queued]>
[2024-03-27T15:54:06.805+0200] {taskinstance.py:2193} INFO - Starting attempt 1 of 1
[2024-03-27T15:54:06.840+0200] {taskinstance.py:2214} INFO - Executing <Task(PostgresOperator): show_tables> on 2024-03-27 13:06:18.522971+00:00
[2024-03-27T15:54:06.847+0200] {standard_task_runner.py:60} INFO - Started process 62099 to run task
[2024-03-27T15:54:06.856+0200] {standard_task_runner.py:87} INFO - Running: ['airflow', 'tasks', 'run', 'dag_id_3', 'show_tables', 'manual__2024-03-27T13:06:18.522971+00:00', '--job-id', '840', '--raw', '--subdir', 'DAGS_FOLDER/jobs_dag.py', '--cfg-path', '/var/folders/t6/vwjsg0jx26jcjdwn_gxhbjzc0000gp/T/tmp498f_j_g']
[2024-03-27T15:54:06.860+0200] {standard_task_runner.py:88} INFO - Job 840: Subtask show_tables
[2024-03-27T15:54:07.055+0200] {task_command.py:423} INFO - Running <TaskInstance: dag_id_3.show_tables manual__2024-03-27T13:06:18.522971+00:00 [running]> on host C9843
[2024-03-27T15:54:07.330+0200] {taskinstance.py:2510} INFO - Exporting env vars: AIRFLOW_CTX_DAG_OWNER='airflow' AIRFLOW_CTX_DAG_ID='dag_id_3' AIRFLOW_CTX_TASK_ID='show_tables' AIRFLOW_CTX_EXECUTION_DATE='2024-03-27T13:06:18.522971+00:00' AIRFLOW_CTX_TRY_NUMBER='1' AIRFLOW_CTX_DAG_RUN_ID='manual__2024-03-27T13:06:18.522971+00:00'
[2024-03-27T15:54:07.333+0200] {sql.py:276} INFO - Executing: 
           select table_schema, table_name FROM information_schema.tables
           WHERE table_schema NOT IN ('information_schema', 'pg_catalog')
           ORDER BY table_schema, table_name
            
[2024-03-27T15:54:07.374+0200] {base.py:83} INFO - Using connection ID 'Postgres_db' for task execution.
[2024-03-27T15:54:07.436+0200] {base.py:83} INFO - Using connection ID 'Postgres_db' for task execution.
[2024-03-27T15:54:07.478+0200] {sql.py:457} INFO - Running statement: 
           select table_schema, table_name FROM information_schema.tables
           WHERE table_schema NOT IN ('information_schema', 'pg_catalog')
           ORDER BY table_schema, table_name
            , parameters: [74338047, 'abatcoveanu', datetime.datetime(2024, 3, 27, 15, 54, 5, 165698)]
[2024-03-27T15:54:07.543+0200] {sql.py:466} INFO - Rows affected: 43
[2024-03-27T15:54:07.557+0200] {logging_mixin.py:188} WARNING - /usr/local/lib/python3.8/site-packages/airflow/providers/common/sql/hooks/sql.py:407 AirflowProviderDeprecationWarning: Call to deprecated method _make_common_data_structure. (The `_make_serializable` method is deprecated and support will be removed in a future version of the common.sql provider. Please update the DbApiHook's provider to a version based on common.sql >= 1.9.1.)
[2024-03-27T15:54:07.742+0200] {taskinstance.py:1149} INFO - Marking task as SUCCESS. dag_id=dag_id_3, task_id=show_tables, execution_date=20240327T130618, start_date=20240327T135406, end_date=20240327T135407
[2024-03-27T15:54:07.787+0200] {local_task_job_runner.py:234} INFO - Task exited with return code 0
[2024-03-27T15:54:07.841+0200] {taskinstance.py:3309} INFO - 0 downstream tasks scheduled from follow-on schedule check
