[2024-03-07T02:24:19.724+0200] {processor.py:161} INFO - Started process (PID=25584) to work on /usr/local/lib/python3.8/site-packages/airflow/example_dags/subdags/subdag.py
[2024-03-07T02:24:19.725+0200] {processor.py:830} INFO - Processing file /usr/local/lib/python3.8/site-packages/airflow/example_dags/subdags/subdag.py for tasks to queue
[2024-03-07T02:24:19.725+0200] {logging_mixin.py:188} INFO - [2024-03-07T02:24:19.725+0200] {dagbag.py:540} INFO - Filling up the DagBag from /usr/local/lib/python3.8/site-packages/airflow/example_dags/subdags/subdag.py
[2024-03-07T02:24:19.727+0200] {processor.py:842} WARNING - No viable dags retrieved from /usr/local/lib/python3.8/site-packages/airflow/example_dags/subdags/subdag.py
[2024-03-07T02:24:19.798+0200] {processor.py:183} INFO - Processing /usr/local/lib/python3.8/site-packages/airflow/example_dags/subdags/subdag.py took 0.076 seconds
[2024-03-07T02:25:57.697+0200] {processor.py:161} INFO - Started process (PID=25733) to work on /usr/local/lib/python3.8/site-packages/airflow/example_dags/subdags/subdag.py
[2024-03-07T02:25:57.698+0200] {processor.py:830} INFO - Processing file /usr/local/lib/python3.8/site-packages/airflow/example_dags/subdags/subdag.py for tasks to queue
[2024-03-07T02:25:57.698+0200] {logging_mixin.py:188} INFO - [2024-03-07T02:25:57.698+0200] {dagbag.py:540} INFO - Filling up the DagBag from /usr/local/lib/python3.8/site-packages/airflow/example_dags/subdags/subdag.py
[2024-03-07T02:25:57.700+0200] {processor.py:842} WARNING - No viable dags retrieved from /usr/local/lib/python3.8/site-packages/airflow/example_dags/subdags/subdag.py
[2024-03-07T02:25:57.788+0200] {processor.py:183} INFO - Processing /usr/local/lib/python3.8/site-packages/airflow/example_dags/subdags/subdag.py took 0.094 seconds
[2024-03-07T02:27:47.943+0200] {processor.py:161} INFO - Started process (PID=25831) to work on /usr/local/lib/python3.8/site-packages/airflow/example_dags/subdags/subdag.py
[2024-03-07T02:27:47.944+0200] {processor.py:830} INFO - Processing file /usr/local/lib/python3.8/site-packages/airflow/example_dags/subdags/subdag.py for tasks to queue
[2024-03-07T02:27:47.945+0200] {logging_mixin.py:188} INFO - [2024-03-07T02:27:47.945+0200] {dagbag.py:540} INFO - Filling up the DagBag from /usr/local/lib/python3.8/site-packages/airflow/example_dags/subdags/subdag.py
[2024-03-07T02:27:47.947+0200] {processor.py:842} WARNING - No viable dags retrieved from /usr/local/lib/python3.8/site-packages/airflow/example_dags/subdags/subdag.py
[2024-03-07T02:27:48.026+0200] {processor.py:183} INFO - Processing /usr/local/lib/python3.8/site-packages/airflow/example_dags/subdags/subdag.py took 0.084 seconds
[2024-03-07T02:29:25.920+0200] {processor.py:161} INFO - Started process (PID=25944) to work on /usr/local/lib/python3.8/site-packages/airflow/example_dags/subdags/subdag.py
[2024-03-07T02:29:25.921+0200] {processor.py:830} INFO - Processing file /usr/local/lib/python3.8/site-packages/airflow/example_dags/subdags/subdag.py for tasks to queue
[2024-03-07T02:29:25.922+0200] {logging_mixin.py:188} INFO - [2024-03-07T02:29:25.921+0200] {dagbag.py:540} INFO - Filling up the DagBag from /usr/local/lib/python3.8/site-packages/airflow/example_dags/subdags/subdag.py
[2024-03-07T02:29:25.924+0200] {processor.py:842} WARNING - No viable dags retrieved from /usr/local/lib/python3.8/site-packages/airflow/example_dags/subdags/subdag.py
[2024-03-07T02:29:26.004+0200] {processor.py:183} INFO - Processing /usr/local/lib/python3.8/site-packages/airflow/example_dags/subdags/subdag.py took 0.086 seconds
[2024-03-07T02:31:11.007+0200] {processor.py:161} INFO - Started process (PID=26046) to work on /usr/local/lib/python3.8/site-packages/airflow/example_dags/subdags/subdag.py
[2024-03-07T02:31:11.008+0200] {processor.py:830} INFO - Processing file /usr/local/lib/python3.8/site-packages/airflow/example_dags/subdags/subdag.py for tasks to queue
[2024-03-07T02:31:11.009+0200] {logging_mixin.py:188} INFO - [2024-03-07T02:31:11.008+0200] {dagbag.py:540} INFO - Filling up the DagBag from /usr/local/lib/python3.8/site-packages/airflow/example_dags/subdags/subdag.py
[2024-03-07T02:31:11.011+0200] {processor.py:842} WARNING - No viable dags retrieved from /usr/local/lib/python3.8/site-packages/airflow/example_dags/subdags/subdag.py
[2024-03-07T02:31:11.092+0200] {processor.py:183} INFO - Processing /usr/local/lib/python3.8/site-packages/airflow/example_dags/subdags/subdag.py took 0.087 seconds
[2024-03-07T02:32:57.637+0200] {processor.py:161} INFO - Started process (PID=26157) to work on /usr/local/lib/python3.8/site-packages/airflow/example_dags/subdags/subdag.py
[2024-03-07T02:32:57.638+0200] {processor.py:830} INFO - Processing file /usr/local/lib/python3.8/site-packages/airflow/example_dags/subdags/subdag.py for tasks to queue
[2024-03-07T02:32:57.638+0200] {logging_mixin.py:188} INFO - [2024-03-07T02:32:57.638+0200] {dagbag.py:540} INFO - Filling up the DagBag from /usr/local/lib/python3.8/site-packages/airflow/example_dags/subdags/subdag.py
[2024-03-07T02:32:57.640+0200] {processor.py:842} WARNING - No viable dags retrieved from /usr/local/lib/python3.8/site-packages/airflow/example_dags/subdags/subdag.py
[2024-03-07T02:32:57.720+0200] {processor.py:183} INFO - Processing /usr/local/lib/python3.8/site-packages/airflow/example_dags/subdags/subdag.py took 0.085 seconds
[2024-03-07T02:34:40.105+0200] {processor.py:161} INFO - Started process (PID=27940) to work on /usr/local/lib/python3.8/site-packages/airflow/example_dags/subdags/subdag.py
[2024-03-07T02:34:40.106+0200] {processor.py:830} INFO - Processing file /usr/local/lib/python3.8/site-packages/airflow/example_dags/subdags/subdag.py for tasks to queue
[2024-03-07T02:34:40.106+0200] {logging_mixin.py:188} INFO - [2024-03-07T02:34:40.106+0200] {dagbag.py:540} INFO - Filling up the DagBag from /usr/local/lib/python3.8/site-packages/airflow/example_dags/subdags/subdag.py
[2024-03-07T02:34:40.108+0200] {processor.py:842} WARNING - No viable dags retrieved from /usr/local/lib/python3.8/site-packages/airflow/example_dags/subdags/subdag.py
[2024-03-07T02:34:40.189+0200] {processor.py:183} INFO - Processing /usr/local/lib/python3.8/site-packages/airflow/example_dags/subdags/subdag.py took 0.086 seconds
[2024-03-07T02:36:26.058+0200] {processor.py:161} INFO - Started process (PID=28044) to work on /usr/local/lib/python3.8/site-packages/airflow/example_dags/subdags/subdag.py
[2024-03-07T02:36:26.059+0200] {processor.py:830} INFO - Processing file /usr/local/lib/python3.8/site-packages/airflow/example_dags/subdags/subdag.py for tasks to queue
[2024-03-07T02:36:26.060+0200] {logging_mixin.py:188} INFO - [2024-03-07T02:36:26.060+0200] {dagbag.py:540} INFO - Filling up the DagBag from /usr/local/lib/python3.8/site-packages/airflow/example_dags/subdags/subdag.py
[2024-03-07T02:36:26.062+0200] {processor.py:842} WARNING - No viable dags retrieved from /usr/local/lib/python3.8/site-packages/airflow/example_dags/subdags/subdag.py
[2024-03-07T02:36:26.144+0200] {processor.py:183} INFO - Processing /usr/local/lib/python3.8/site-packages/airflow/example_dags/subdags/subdag.py took 0.087 seconds
[2024-03-07T02:38:15.167+0200] {processor.py:161} INFO - Started process (PID=28146) to work on /usr/local/lib/python3.8/site-packages/airflow/example_dags/subdags/subdag.py
[2024-03-07T02:38:15.168+0200] {processor.py:830} INFO - Processing file /usr/local/lib/python3.8/site-packages/airflow/example_dags/subdags/subdag.py for tasks to queue
[2024-03-07T02:38:15.169+0200] {logging_mixin.py:188} INFO - [2024-03-07T02:38:15.169+0200] {dagbag.py:540} INFO - Filling up the DagBag from /usr/local/lib/python3.8/site-packages/airflow/example_dags/subdags/subdag.py
[2024-03-07T02:38:15.171+0200] {processor.py:842} WARNING - No viable dags retrieved from /usr/local/lib/python3.8/site-packages/airflow/example_dags/subdags/subdag.py
[2024-03-07T02:38:15.253+0200] {processor.py:183} INFO - Processing /usr/local/lib/python3.8/site-packages/airflow/example_dags/subdags/subdag.py took 0.088 seconds
[2024-03-07T02:40:01.582+0200] {processor.py:161} INFO - Started process (PID=28289) to work on /usr/local/lib/python3.8/site-packages/airflow/example_dags/subdags/subdag.py
[2024-03-07T02:40:01.587+0200] {processor.py:830} INFO - Processing file /usr/local/lib/python3.8/site-packages/airflow/example_dags/subdags/subdag.py for tasks to queue
[2024-03-07T02:40:01.588+0200] {logging_mixin.py:188} INFO - [2024-03-07T02:40:01.588+0200] {dagbag.py:540} INFO - Filling up the DagBag from /usr/local/lib/python3.8/site-packages/airflow/example_dags/subdags/subdag.py
[2024-03-07T02:40:01.590+0200] {processor.py:842} WARNING - No viable dags retrieved from /usr/local/lib/python3.8/site-packages/airflow/example_dags/subdags/subdag.py
[2024-03-07T02:40:01.674+0200] {processor.py:183} INFO - Processing /usr/local/lib/python3.8/site-packages/airflow/example_dags/subdags/subdag.py took 0.093 seconds
[2024-03-07T02:41:53.378+0200] {processor.py:161} INFO - Started process (PID=28394) to work on /usr/local/lib/python3.8/site-packages/airflow/example_dags/subdags/subdag.py
[2024-03-07T02:41:53.380+0200] {processor.py:830} INFO - Processing file /usr/local/lib/python3.8/site-packages/airflow/example_dags/subdags/subdag.py for tasks to queue
[2024-03-07T02:41:53.380+0200] {logging_mixin.py:188} INFO - [2024-03-07T02:41:53.380+0200] {dagbag.py:540} INFO - Filling up the DagBag from /usr/local/lib/python3.8/site-packages/airflow/example_dags/subdags/subdag.py
[2024-03-07T02:41:53.383+0200] {processor.py:842} WARNING - No viable dags retrieved from /usr/local/lib/python3.8/site-packages/airflow/example_dags/subdags/subdag.py
[2024-03-07T02:41:53.488+0200] {processor.py:183} INFO - Processing /usr/local/lib/python3.8/site-packages/airflow/example_dags/subdags/subdag.py took 0.112 seconds
[2024-03-07T02:43:37.053+0200] {processor.py:161} INFO - Started process (PID=28496) to work on /usr/local/lib/python3.8/site-packages/airflow/example_dags/subdags/subdag.py
[2024-03-07T02:43:37.054+0200] {processor.py:830} INFO - Processing file /usr/local/lib/python3.8/site-packages/airflow/example_dags/subdags/subdag.py for tasks to queue
[2024-03-07T02:43:37.054+0200] {logging_mixin.py:188} INFO - [2024-03-07T02:43:37.054+0200] {dagbag.py:540} INFO - Filling up the DagBag from /usr/local/lib/python3.8/site-packages/airflow/example_dags/subdags/subdag.py
[2024-03-07T02:43:37.056+0200] {processor.py:842} WARNING - No viable dags retrieved from /usr/local/lib/python3.8/site-packages/airflow/example_dags/subdags/subdag.py
[2024-03-07T02:43:37.139+0200] {processor.py:183} INFO - Processing /usr/local/lib/python3.8/site-packages/airflow/example_dags/subdags/subdag.py took 0.088 seconds
[2024-03-07T02:45:22.609+0200] {processor.py:161} INFO - Started process (PID=28596) to work on /usr/local/lib/python3.8/site-packages/airflow/example_dags/subdags/subdag.py
[2024-03-07T02:45:22.610+0200] {processor.py:830} INFO - Processing file /usr/local/lib/python3.8/site-packages/airflow/example_dags/subdags/subdag.py for tasks to queue
[2024-03-07T02:45:22.611+0200] {logging_mixin.py:188} INFO - [2024-03-07T02:45:22.611+0200] {dagbag.py:540} INFO - Filling up the DagBag from /usr/local/lib/python3.8/site-packages/airflow/example_dags/subdags/subdag.py
[2024-03-07T02:45:22.613+0200] {processor.py:842} WARNING - No viable dags retrieved from /usr/local/lib/python3.8/site-packages/airflow/example_dags/subdags/subdag.py
[2024-03-07T02:45:22.697+0200] {processor.py:183} INFO - Processing /usr/local/lib/python3.8/site-packages/airflow/example_dags/subdags/subdag.py took 0.089 seconds
[2024-03-07T02:47:13.276+0200] {processor.py:161} INFO - Started process (PID=28700) to work on /usr/local/lib/python3.8/site-packages/airflow/example_dags/subdags/subdag.py
[2024-03-07T02:47:13.277+0200] {processor.py:830} INFO - Processing file /usr/local/lib/python3.8/site-packages/airflow/example_dags/subdags/subdag.py for tasks to queue
[2024-03-07T02:47:13.278+0200] {logging_mixin.py:188} INFO - [2024-03-07T02:47:13.277+0200] {dagbag.py:540} INFO - Filling up the DagBag from /usr/local/lib/python3.8/site-packages/airflow/example_dags/subdags/subdag.py
[2024-03-07T02:47:13.280+0200] {processor.py:842} WARNING - No viable dags retrieved from /usr/local/lib/python3.8/site-packages/airflow/example_dags/subdags/subdag.py
[2024-03-07T02:47:13.361+0200] {processor.py:183} INFO - Processing /usr/local/lib/python3.8/site-packages/airflow/example_dags/subdags/subdag.py took 0.087 seconds
[2024-03-07T02:49:05.118+0200] {processor.py:161} INFO - Started process (PID=28798) to work on /usr/local/lib/python3.8/site-packages/airflow/example_dags/subdags/subdag.py
[2024-03-07T02:49:05.119+0200] {processor.py:830} INFO - Processing file /usr/local/lib/python3.8/site-packages/airflow/example_dags/subdags/subdag.py for tasks to queue
[2024-03-07T02:49:05.120+0200] {logging_mixin.py:188} INFO - [2024-03-07T02:49:05.120+0200] {dagbag.py:540} INFO - Filling up the DagBag from /usr/local/lib/python3.8/site-packages/airflow/example_dags/subdags/subdag.py
[2024-03-07T02:49:05.122+0200] {processor.py:842} WARNING - No viable dags retrieved from /usr/local/lib/python3.8/site-packages/airflow/example_dags/subdags/subdag.py
[2024-03-07T02:49:05.203+0200] {processor.py:183} INFO - Processing /usr/local/lib/python3.8/site-packages/airflow/example_dags/subdags/subdag.py took 0.086 seconds
[2024-03-07T02:50:52.693+0200] {processor.py:161} INFO - Started process (PID=28907) to work on /usr/local/lib/python3.8/site-packages/airflow/example_dags/subdags/subdag.py
[2024-03-07T02:50:52.694+0200] {processor.py:830} INFO - Processing file /usr/local/lib/python3.8/site-packages/airflow/example_dags/subdags/subdag.py for tasks to queue
[2024-03-07T02:50:52.695+0200] {logging_mixin.py:188} INFO - [2024-03-07T02:50:52.694+0200] {dagbag.py:540} INFO - Filling up the DagBag from /usr/local/lib/python3.8/site-packages/airflow/example_dags/subdags/subdag.py
[2024-03-07T02:50:52.697+0200] {processor.py:842} WARNING - No viable dags retrieved from /usr/local/lib/python3.8/site-packages/airflow/example_dags/subdags/subdag.py
[2024-03-07T02:50:52.778+0200] {processor.py:183} INFO - Processing /usr/local/lib/python3.8/site-packages/airflow/example_dags/subdags/subdag.py took 0.087 seconds
[2024-03-07T02:52:35.988+0200] {processor.py:161} INFO - Started process (PID=29007) to work on /usr/local/lib/python3.8/site-packages/airflow/example_dags/subdags/subdag.py
[2024-03-07T02:52:35.989+0200] {processor.py:830} INFO - Processing file /usr/local/lib/python3.8/site-packages/airflow/example_dags/subdags/subdag.py for tasks to queue
[2024-03-07T02:52:35.990+0200] {logging_mixin.py:188} INFO - [2024-03-07T02:52:35.990+0200] {dagbag.py:540} INFO - Filling up the DagBag from /usr/local/lib/python3.8/site-packages/airflow/example_dags/subdags/subdag.py
[2024-03-07T02:52:35.992+0200] {processor.py:842} WARNING - No viable dags retrieved from /usr/local/lib/python3.8/site-packages/airflow/example_dags/subdags/subdag.py
[2024-03-07T02:52:36.076+0200] {processor.py:183} INFO - Processing /usr/local/lib/python3.8/site-packages/airflow/example_dags/subdags/subdag.py took 0.089 seconds
[2024-03-07T02:54:25.224+0200] {processor.py:161} INFO - Started process (PID=29112) to work on /usr/local/lib/python3.8/site-packages/airflow/example_dags/subdags/subdag.py
[2024-03-07T02:54:25.225+0200] {processor.py:830} INFO - Processing file /usr/local/lib/python3.8/site-packages/airflow/example_dags/subdags/subdag.py for tasks to queue
[2024-03-07T02:54:25.225+0200] {logging_mixin.py:188} INFO - [2024-03-07T02:54:25.225+0200] {dagbag.py:540} INFO - Filling up the DagBag from /usr/local/lib/python3.8/site-packages/airflow/example_dags/subdags/subdag.py
[2024-03-07T02:54:25.227+0200] {processor.py:842} WARNING - No viable dags retrieved from /usr/local/lib/python3.8/site-packages/airflow/example_dags/subdags/subdag.py
[2024-03-07T02:54:25.308+0200] {processor.py:183} INFO - Processing /usr/local/lib/python3.8/site-packages/airflow/example_dags/subdags/subdag.py took 0.086 seconds
[2024-03-07T02:56:09.762+0200] {processor.py:161} INFO - Started process (PID=29208) to work on /usr/local/lib/python3.8/site-packages/airflow/example_dags/subdags/subdag.py
[2024-03-07T02:56:09.762+0200] {processor.py:830} INFO - Processing file /usr/local/lib/python3.8/site-packages/airflow/example_dags/subdags/subdag.py for tasks to queue
[2024-03-07T02:56:09.763+0200] {logging_mixin.py:188} INFO - [2024-03-07T02:56:09.763+0200] {dagbag.py:540} INFO - Filling up the DagBag from /usr/local/lib/python3.8/site-packages/airflow/example_dags/subdags/subdag.py
[2024-03-07T02:56:09.765+0200] {processor.py:842} WARNING - No viable dags retrieved from /usr/local/lib/python3.8/site-packages/airflow/example_dags/subdags/subdag.py
[2024-03-07T02:56:09.848+0200] {processor.py:183} INFO - Processing /usr/local/lib/python3.8/site-packages/airflow/example_dags/subdags/subdag.py took 0.089 seconds
[2024-03-07T02:57:57.846+0200] {processor.py:161} INFO - Started process (PID=29309) to work on /usr/local/lib/python3.8/site-packages/airflow/example_dags/subdags/subdag.py
[2024-03-07T02:57:57.847+0200] {processor.py:830} INFO - Processing file /usr/local/lib/python3.8/site-packages/airflow/example_dags/subdags/subdag.py for tasks to queue
[2024-03-07T02:57:57.848+0200] {logging_mixin.py:188} INFO - [2024-03-07T02:57:57.848+0200] {dagbag.py:540} INFO - Filling up the DagBag from /usr/local/lib/python3.8/site-packages/airflow/example_dags/subdags/subdag.py
[2024-03-07T02:57:57.850+0200] {processor.py:842} WARNING - No viable dags retrieved from /usr/local/lib/python3.8/site-packages/airflow/example_dags/subdags/subdag.py
[2024-03-07T02:57:57.932+0200] {processor.py:183} INFO - Processing /usr/local/lib/python3.8/site-packages/airflow/example_dags/subdags/subdag.py took 0.088 seconds
[2024-03-07T02:59:40.139+0200] {processor.py:161} INFO - Started process (PID=29403) to work on /usr/local/lib/python3.8/site-packages/airflow/example_dags/subdags/subdag.py
[2024-03-07T02:59:40.140+0200] {processor.py:830} INFO - Processing file /usr/local/lib/python3.8/site-packages/airflow/example_dags/subdags/subdag.py for tasks to queue
[2024-03-07T02:59:40.141+0200] {logging_mixin.py:188} INFO - [2024-03-07T02:59:40.141+0200] {dagbag.py:540} INFO - Filling up the DagBag from /usr/local/lib/python3.8/site-packages/airflow/example_dags/subdags/subdag.py
[2024-03-07T02:59:40.143+0200] {processor.py:842} WARNING - No viable dags retrieved from /usr/local/lib/python3.8/site-packages/airflow/example_dags/subdags/subdag.py
[2024-03-07T02:59:40.225+0200] {processor.py:183} INFO - Processing /usr/local/lib/python3.8/site-packages/airflow/example_dags/subdags/subdag.py took 0.087 seconds
[2024-03-07T03:01:25.128+0200] {processor.py:161} INFO - Started process (PID=29511) to work on /usr/local/lib/python3.8/site-packages/airflow/example_dags/subdags/subdag.py
[2024-03-07T03:01:25.129+0200] {processor.py:830} INFO - Processing file /usr/local/lib/python3.8/site-packages/airflow/example_dags/subdags/subdag.py for tasks to queue
[2024-03-07T03:01:25.130+0200] {logging_mixin.py:188} INFO - [2024-03-07T03:01:25.130+0200] {dagbag.py:540} INFO - Filling up the DagBag from /usr/local/lib/python3.8/site-packages/airflow/example_dags/subdags/subdag.py
[2024-03-07T03:01:25.132+0200] {processor.py:842} WARNING - No viable dags retrieved from /usr/local/lib/python3.8/site-packages/airflow/example_dags/subdags/subdag.py
[2024-03-07T03:01:25.216+0200] {processor.py:183} INFO - Processing /usr/local/lib/python3.8/site-packages/airflow/example_dags/subdags/subdag.py took 0.089 seconds
[2024-03-07T03:03:11.876+0200] {processor.py:161} INFO - Started process (PID=29616) to work on /usr/local/lib/python3.8/site-packages/airflow/example_dags/subdags/subdag.py
[2024-03-07T03:03:11.877+0200] {processor.py:830} INFO - Processing file /usr/local/lib/python3.8/site-packages/airflow/example_dags/subdags/subdag.py for tasks to queue
[2024-03-07T03:03:11.877+0200] {logging_mixin.py:188} INFO - [2024-03-07T03:03:11.877+0200] {dagbag.py:540} INFO - Filling up the DagBag from /usr/local/lib/python3.8/site-packages/airflow/example_dags/subdags/subdag.py
[2024-03-07T03:03:11.880+0200] {processor.py:842} WARNING - No viable dags retrieved from /usr/local/lib/python3.8/site-packages/airflow/example_dags/subdags/subdag.py
[2024-03-07T03:03:11.964+0200] {processor.py:183} INFO - Processing /usr/local/lib/python3.8/site-packages/airflow/example_dags/subdags/subdag.py took 0.089 seconds
[2024-03-07T03:04:57.460+0200] {processor.py:161} INFO - Started process (PID=29712) to work on /usr/local/lib/python3.8/site-packages/airflow/example_dags/subdags/subdag.py
[2024-03-07T03:04:57.461+0200] {processor.py:830} INFO - Processing file /usr/local/lib/python3.8/site-packages/airflow/example_dags/subdags/subdag.py for tasks to queue
[2024-03-07T03:04:57.461+0200] {logging_mixin.py:188} INFO - [2024-03-07T03:04:57.461+0200] {dagbag.py:540} INFO - Filling up the DagBag from /usr/local/lib/python3.8/site-packages/airflow/example_dags/subdags/subdag.py
[2024-03-07T03:04:57.464+0200] {processor.py:842} WARNING - No viable dags retrieved from /usr/local/lib/python3.8/site-packages/airflow/example_dags/subdags/subdag.py
[2024-03-07T03:04:57.547+0200] {processor.py:183} INFO - Processing /usr/local/lib/python3.8/site-packages/airflow/example_dags/subdags/subdag.py took 0.089 seconds
[2024-03-07T03:06:45.866+0200] {processor.py:161} INFO - Started process (PID=29813) to work on /usr/local/lib/python3.8/site-packages/airflow/example_dags/subdags/subdag.py
[2024-03-07T03:06:45.867+0200] {processor.py:830} INFO - Processing file /usr/local/lib/python3.8/site-packages/airflow/example_dags/subdags/subdag.py for tasks to queue
[2024-03-07T03:06:45.868+0200] {logging_mixin.py:188} INFO - [2024-03-07T03:06:45.868+0200] {dagbag.py:540} INFO - Filling up the DagBag from /usr/local/lib/python3.8/site-packages/airflow/example_dags/subdags/subdag.py
[2024-03-07T03:06:45.870+0200] {processor.py:842} WARNING - No viable dags retrieved from /usr/local/lib/python3.8/site-packages/airflow/example_dags/subdags/subdag.py
[2024-03-07T03:06:45.953+0200] {processor.py:183} INFO - Processing /usr/local/lib/python3.8/site-packages/airflow/example_dags/subdags/subdag.py took 0.088 seconds
[2024-03-07T03:08:29.806+0200] {processor.py:161} INFO - Started process (PID=29910) to work on /usr/local/lib/python3.8/site-packages/airflow/example_dags/subdags/subdag.py
[2024-03-07T03:08:29.807+0200] {processor.py:830} INFO - Processing file /usr/local/lib/python3.8/site-packages/airflow/example_dags/subdags/subdag.py for tasks to queue
[2024-03-07T03:08:29.808+0200] {logging_mixin.py:188} INFO - [2024-03-07T03:08:29.808+0200] {dagbag.py:540} INFO - Filling up the DagBag from /usr/local/lib/python3.8/site-packages/airflow/example_dags/subdags/subdag.py
[2024-03-07T03:08:29.810+0200] {processor.py:842} WARNING - No viable dags retrieved from /usr/local/lib/python3.8/site-packages/airflow/example_dags/subdags/subdag.py
[2024-03-07T03:08:29.907+0200] {processor.py:183} INFO - Processing /usr/local/lib/python3.8/site-packages/airflow/example_dags/subdags/subdag.py took 0.102 seconds
[2024-03-07T03:10:24.306+0200] {processor.py:161} INFO - Started process (PID=30028) to work on /usr/local/lib/python3.8/site-packages/airflow/example_dags/subdags/subdag.py
[2024-03-07T03:10:24.307+0200] {processor.py:830} INFO - Processing file /usr/local/lib/python3.8/site-packages/airflow/example_dags/subdags/subdag.py for tasks to queue
[2024-03-07T03:10:24.308+0200] {logging_mixin.py:188} INFO - [2024-03-07T03:10:24.308+0200] {dagbag.py:540} INFO - Filling up the DagBag from /usr/local/lib/python3.8/site-packages/airflow/example_dags/subdags/subdag.py
[2024-03-07T03:10:24.310+0200] {processor.py:842} WARNING - No viable dags retrieved from /usr/local/lib/python3.8/site-packages/airflow/example_dags/subdags/subdag.py
[2024-03-07T03:10:24.397+0200] {processor.py:183} INFO - Processing /usr/local/lib/python3.8/site-packages/airflow/example_dags/subdags/subdag.py took 0.092 seconds
[2024-03-07T03:12:15.270+0200] {processor.py:161} INFO - Started process (PID=30141) to work on /usr/local/lib/python3.8/site-packages/airflow/example_dags/subdags/subdag.py
[2024-03-07T03:12:15.271+0200] {processor.py:830} INFO - Processing file /usr/local/lib/python3.8/site-packages/airflow/example_dags/subdags/subdag.py for tasks to queue
[2024-03-07T03:12:15.272+0200] {logging_mixin.py:188} INFO - [2024-03-07T03:12:15.271+0200] {dagbag.py:540} INFO - Filling up the DagBag from /usr/local/lib/python3.8/site-packages/airflow/example_dags/subdags/subdag.py
[2024-03-07T03:12:15.274+0200] {processor.py:842} WARNING - No viable dags retrieved from /usr/local/lib/python3.8/site-packages/airflow/example_dags/subdags/subdag.py
[2024-03-07T03:12:15.356+0200] {processor.py:183} INFO - Processing /usr/local/lib/python3.8/site-packages/airflow/example_dags/subdags/subdag.py took 0.088 seconds
[2024-03-07T03:14:00.077+0200] {processor.py:161} INFO - Started process (PID=30244) to work on /usr/local/lib/python3.8/site-packages/airflow/example_dags/subdags/subdag.py
[2024-03-07T03:14:00.078+0200] {processor.py:830} INFO - Processing file /usr/local/lib/python3.8/site-packages/airflow/example_dags/subdags/subdag.py for tasks to queue
[2024-03-07T03:14:00.079+0200] {logging_mixin.py:188} INFO - [2024-03-07T03:14:00.078+0200] {dagbag.py:540} INFO - Filling up the DagBag from /usr/local/lib/python3.8/site-packages/airflow/example_dags/subdags/subdag.py
[2024-03-07T03:14:00.081+0200] {processor.py:842} WARNING - No viable dags retrieved from /usr/local/lib/python3.8/site-packages/airflow/example_dags/subdags/subdag.py
[2024-03-07T03:14:00.166+0200] {processor.py:183} INFO - Processing /usr/local/lib/python3.8/site-packages/airflow/example_dags/subdags/subdag.py took 0.091 seconds
[2024-03-07T03:15:47.707+0200] {processor.py:161} INFO - Started process (PID=30338) to work on /usr/local/lib/python3.8/site-packages/airflow/example_dags/subdags/subdag.py
[2024-03-07T03:15:47.708+0200] {processor.py:830} INFO - Processing file /usr/local/lib/python3.8/site-packages/airflow/example_dags/subdags/subdag.py for tasks to queue
[2024-03-07T03:15:47.708+0200] {logging_mixin.py:188} INFO - [2024-03-07T03:15:47.708+0200] {dagbag.py:540} INFO - Filling up the DagBag from /usr/local/lib/python3.8/site-packages/airflow/example_dags/subdags/subdag.py
[2024-03-07T03:15:47.710+0200] {processor.py:842} WARNING - No viable dags retrieved from /usr/local/lib/python3.8/site-packages/airflow/example_dags/subdags/subdag.py
[2024-03-07T03:15:47.801+0200] {processor.py:183} INFO - Processing /usr/local/lib/python3.8/site-packages/airflow/example_dags/subdags/subdag.py took 0.096 seconds
[2024-03-07T03:17:36.024+0200] {processor.py:161} INFO - Started process (PID=30444) to work on /usr/local/lib/python3.8/site-packages/airflow/example_dags/subdags/subdag.py
[2024-03-07T03:17:36.025+0200] {processor.py:830} INFO - Processing file /usr/local/lib/python3.8/site-packages/airflow/example_dags/subdags/subdag.py for tasks to queue
[2024-03-07T03:17:36.025+0200] {logging_mixin.py:188} INFO - [2024-03-07T03:17:36.025+0200] {dagbag.py:540} INFO - Filling up the DagBag from /usr/local/lib/python3.8/site-packages/airflow/example_dags/subdags/subdag.py
[2024-03-07T03:17:36.027+0200] {processor.py:842} WARNING - No viable dags retrieved from /usr/local/lib/python3.8/site-packages/airflow/example_dags/subdags/subdag.py
[2024-03-07T03:17:36.100+0200] {processor.py:183} INFO - Processing /usr/local/lib/python3.8/site-packages/airflow/example_dags/subdags/subdag.py took 0.078 seconds
[2024-03-07T07:19:44.529+0200] {processor.py:161} INFO - Started process (PID=30829) to work on /usr/local/lib/python3.8/site-packages/airflow/example_dags/subdags/subdag.py
[2024-03-07T07:19:44.530+0200] {processor.py:830} INFO - Processing file /usr/local/lib/python3.8/site-packages/airflow/example_dags/subdags/subdag.py for tasks to queue
[2024-03-07T07:19:44.531+0200] {logging_mixin.py:188} INFO - [2024-03-07T07:19:44.531+0200] {dagbag.py:540} INFO - Filling up the DagBag from /usr/local/lib/python3.8/site-packages/airflow/example_dags/subdags/subdag.py
[2024-03-07T07:19:44.533+0200] {processor.py:842} WARNING - No viable dags retrieved from /usr/local/lib/python3.8/site-packages/airflow/example_dags/subdags/subdag.py
[2024-03-07T07:19:44.605+0200] {processor.py:183} INFO - Processing /usr/local/lib/python3.8/site-packages/airflow/example_dags/subdags/subdag.py took 0.078 seconds
[2024-03-07T08:20:57.674+0200] {processor.py:161} INFO - Started process (PID=30990) to work on /usr/local/lib/python3.8/site-packages/airflow/example_dags/subdags/subdag.py
[2024-03-07T08:20:57.676+0200] {processor.py:830} INFO - Processing file /usr/local/lib/python3.8/site-packages/airflow/example_dags/subdags/subdag.py for tasks to queue
[2024-03-07T08:20:57.677+0200] {logging_mixin.py:188} INFO - [2024-03-07T08:20:57.677+0200] {dagbag.py:540} INFO - Filling up the DagBag from /usr/local/lib/python3.8/site-packages/airflow/example_dags/subdags/subdag.py
[2024-03-07T08:20:57.679+0200] {processor.py:842} WARNING - No viable dags retrieved from /usr/local/lib/python3.8/site-packages/airflow/example_dags/subdags/subdag.py
[2024-03-07T08:20:57.760+0200] {processor.py:183} INFO - Processing /usr/local/lib/python3.8/site-packages/airflow/example_dags/subdags/subdag.py took 0.087 seconds
[2024-03-07T09:30:34.570+0200] {processor.py:161} INFO - Started process (PID=31178) to work on /usr/local/lib/python3.8/site-packages/airflow/example_dags/subdags/subdag.py
[2024-03-07T09:30:34.571+0200] {processor.py:830} INFO - Processing file /usr/local/lib/python3.8/site-packages/airflow/example_dags/subdags/subdag.py for tasks to queue
[2024-03-07T09:30:34.572+0200] {logging_mixin.py:188} INFO - [2024-03-07T09:30:34.572+0200] {dagbag.py:540} INFO - Filling up the DagBag from /usr/local/lib/python3.8/site-packages/airflow/example_dags/subdags/subdag.py
[2024-03-07T09:30:34.574+0200] {processor.py:842} WARNING - No viable dags retrieved from /usr/local/lib/python3.8/site-packages/airflow/example_dags/subdags/subdag.py
[2024-03-07T09:30:34.650+0200] {processor.py:183} INFO - Processing /usr/local/lib/python3.8/site-packages/airflow/example_dags/subdags/subdag.py took 0.082 seconds
[2024-03-07T09:32:32.088+0200] {processor.py:161} INFO - Started process (PID=31322) to work on /usr/local/lib/python3.8/site-packages/airflow/example_dags/subdags/subdag.py
[2024-03-07T09:32:32.089+0200] {processor.py:830} INFO - Processing file /usr/local/lib/python3.8/site-packages/airflow/example_dags/subdags/subdag.py for tasks to queue
[2024-03-07T09:32:32.090+0200] {logging_mixin.py:188} INFO - [2024-03-07T09:32:32.090+0200] {dagbag.py:540} INFO - Filling up the DagBag from /usr/local/lib/python3.8/site-packages/airflow/example_dags/subdags/subdag.py
[2024-03-07T09:32:32.092+0200] {processor.py:842} WARNING - No viable dags retrieved from /usr/local/lib/python3.8/site-packages/airflow/example_dags/subdags/subdag.py
[2024-03-07T09:32:32.182+0200] {processor.py:183} INFO - Processing /usr/local/lib/python3.8/site-packages/airflow/example_dags/subdags/subdag.py took 0.096 seconds
[2024-03-07T09:34:07.077+0200] {processor.py:161} INFO - Started process (PID=31456) to work on /usr/local/lib/python3.8/site-packages/airflow/example_dags/subdags/subdag.py
[2024-03-07T09:34:07.078+0200] {processor.py:830} INFO - Processing file /usr/local/lib/python3.8/site-packages/airflow/example_dags/subdags/subdag.py for tasks to queue
[2024-03-07T09:34:07.079+0200] {logging_mixin.py:188} INFO - [2024-03-07T09:34:07.078+0200] {dagbag.py:540} INFO - Filling up the DagBag from /usr/local/lib/python3.8/site-packages/airflow/example_dags/subdags/subdag.py
[2024-03-07T09:34:07.080+0200] {processor.py:842} WARNING - No viable dags retrieved from /usr/local/lib/python3.8/site-packages/airflow/example_dags/subdags/subdag.py
[2024-03-07T09:34:07.167+0200] {processor.py:183} INFO - Processing /usr/local/lib/python3.8/site-packages/airflow/example_dags/subdags/subdag.py took 0.092 seconds
[2024-03-07T09:35:41.673+0200] {processor.py:161} INFO - Started process (PID=31586) to work on /usr/local/lib/python3.8/site-packages/airflow/example_dags/subdags/subdag.py
[2024-03-07T09:35:41.674+0200] {processor.py:830} INFO - Processing file /usr/local/lib/python3.8/site-packages/airflow/example_dags/subdags/subdag.py for tasks to queue
[2024-03-07T09:35:41.675+0200] {logging_mixin.py:188} INFO - [2024-03-07T09:35:41.675+0200] {dagbag.py:540} INFO - Filling up the DagBag from /usr/local/lib/python3.8/site-packages/airflow/example_dags/subdags/subdag.py
[2024-03-07T09:35:41.677+0200] {processor.py:842} WARNING - No viable dags retrieved from /usr/local/lib/python3.8/site-packages/airflow/example_dags/subdags/subdag.py
[2024-03-07T09:35:41.751+0200] {processor.py:183} INFO - Processing /usr/local/lib/python3.8/site-packages/airflow/example_dags/subdags/subdag.py took 0.079 seconds
[2024-03-07T09:37:21.699+0200] {processor.py:161} INFO - Started process (PID=31678) to work on /usr/local/lib/python3.8/site-packages/airflow/example_dags/subdags/subdag.py
[2024-03-07T09:37:21.700+0200] {processor.py:830} INFO - Processing file /usr/local/lib/python3.8/site-packages/airflow/example_dags/subdags/subdag.py for tasks to queue
[2024-03-07T09:37:21.701+0200] {logging_mixin.py:188} INFO - [2024-03-07T09:37:21.701+0200] {dagbag.py:540} INFO - Filling up the DagBag from /usr/local/lib/python3.8/site-packages/airflow/example_dags/subdags/subdag.py
[2024-03-07T09:37:21.703+0200] {processor.py:842} WARNING - No viable dags retrieved from /usr/local/lib/python3.8/site-packages/airflow/example_dags/subdags/subdag.py
[2024-03-07T09:37:21.777+0200] {processor.py:183} INFO - Processing /usr/local/lib/python3.8/site-packages/airflow/example_dags/subdags/subdag.py took 0.079 seconds
[2024-03-07T09:38:57.475+0200] {processor.py:161} INFO - Started process (PID=31816) to work on /usr/local/lib/python3.8/site-packages/airflow/example_dags/subdags/subdag.py
[2024-03-07T09:38:57.476+0200] {processor.py:830} INFO - Processing file /usr/local/lib/python3.8/site-packages/airflow/example_dags/subdags/subdag.py for tasks to queue
[2024-03-07T09:38:57.477+0200] {logging_mixin.py:188} INFO - [2024-03-07T09:38:57.477+0200] {dagbag.py:540} INFO - Filling up the DagBag from /usr/local/lib/python3.8/site-packages/airflow/example_dags/subdags/subdag.py
[2024-03-07T09:38:57.479+0200] {processor.py:842} WARNING - No viable dags retrieved from /usr/local/lib/python3.8/site-packages/airflow/example_dags/subdags/subdag.py
[2024-03-07T09:38:57.570+0200] {processor.py:183} INFO - Processing /usr/local/lib/python3.8/site-packages/airflow/example_dags/subdags/subdag.py took 0.097 seconds
[2024-03-07T09:40:39.079+0200] {processor.py:161} INFO - Started process (PID=31922) to work on /usr/local/lib/python3.8/site-packages/airflow/example_dags/subdags/subdag.py
[2024-03-07T09:40:39.080+0200] {processor.py:830} INFO - Processing file /usr/local/lib/python3.8/site-packages/airflow/example_dags/subdags/subdag.py for tasks to queue
[2024-03-07T09:40:39.081+0200] {logging_mixin.py:188} INFO - [2024-03-07T09:40:39.080+0200] {dagbag.py:540} INFO - Filling up the DagBag from /usr/local/lib/python3.8/site-packages/airflow/example_dags/subdags/subdag.py
[2024-03-07T09:40:39.082+0200] {processor.py:842} WARNING - No viable dags retrieved from /usr/local/lib/python3.8/site-packages/airflow/example_dags/subdags/subdag.py
[2024-03-07T09:40:39.155+0200] {processor.py:183} INFO - Processing /usr/local/lib/python3.8/site-packages/airflow/example_dags/subdags/subdag.py took 0.077 seconds
[2024-03-07T09:42:13.839+0200] {processor.py:161} INFO - Started process (PID=32032) to work on /usr/local/lib/python3.8/site-packages/airflow/example_dags/subdags/subdag.py
[2024-03-07T09:42:13.841+0200] {processor.py:830} INFO - Processing file /usr/local/lib/python3.8/site-packages/airflow/example_dags/subdags/subdag.py for tasks to queue
[2024-03-07T09:42:13.842+0200] {logging_mixin.py:188} INFO - [2024-03-07T09:42:13.841+0200] {dagbag.py:540} INFO - Filling up the DagBag from /usr/local/lib/python3.8/site-packages/airflow/example_dags/subdags/subdag.py
[2024-03-07T09:42:13.844+0200] {processor.py:842} WARNING - No viable dags retrieved from /usr/local/lib/python3.8/site-packages/airflow/example_dags/subdags/subdag.py
[2024-03-07T09:42:13.935+0200] {processor.py:183} INFO - Processing /usr/local/lib/python3.8/site-packages/airflow/example_dags/subdags/subdag.py took 0.097 seconds
[2024-03-07T09:43:51.033+0200] {processor.py:161} INFO - Started process (PID=32144) to work on /usr/local/lib/python3.8/site-packages/airflow/example_dags/subdags/subdag.py
[2024-03-07T09:43:51.034+0200] {processor.py:830} INFO - Processing file /usr/local/lib/python3.8/site-packages/airflow/example_dags/subdags/subdag.py for tasks to queue
[2024-03-07T09:43:51.035+0200] {logging_mixin.py:188} INFO - [2024-03-07T09:43:51.035+0200] {dagbag.py:540} INFO - Filling up the DagBag from /usr/local/lib/python3.8/site-packages/airflow/example_dags/subdags/subdag.py
[2024-03-07T09:43:51.037+0200] {processor.py:842} WARNING - No viable dags retrieved from /usr/local/lib/python3.8/site-packages/airflow/example_dags/subdags/subdag.py
[2024-03-07T09:43:51.129+0200] {processor.py:183} INFO - Processing /usr/local/lib/python3.8/site-packages/airflow/example_dags/subdags/subdag.py took 0.097 seconds
[2024-03-07T09:45:22.566+0200] {processor.py:161} INFO - Started process (PID=32246) to work on /usr/local/lib/python3.8/site-packages/airflow/example_dags/subdags/subdag.py
[2024-03-07T09:45:22.567+0200] {processor.py:830} INFO - Processing file /usr/local/lib/python3.8/site-packages/airflow/example_dags/subdags/subdag.py for tasks to queue
[2024-03-07T09:45:22.568+0200] {logging_mixin.py:188} INFO - [2024-03-07T09:45:22.568+0200] {dagbag.py:540} INFO - Filling up the DagBag from /usr/local/lib/python3.8/site-packages/airflow/example_dags/subdags/subdag.py
[2024-03-07T09:45:22.569+0200] {processor.py:842} WARNING - No viable dags retrieved from /usr/local/lib/python3.8/site-packages/airflow/example_dags/subdags/subdag.py
[2024-03-07T09:45:22.640+0200] {processor.py:183} INFO - Processing /usr/local/lib/python3.8/site-packages/airflow/example_dags/subdags/subdag.py took 0.075 seconds
[2024-03-07T09:46:56.251+0200] {processor.py:161} INFO - Started process (PID=32344) to work on /usr/local/lib/python3.8/site-packages/airflow/example_dags/subdags/subdag.py
[2024-03-07T09:46:56.252+0200] {processor.py:830} INFO - Processing file /usr/local/lib/python3.8/site-packages/airflow/example_dags/subdags/subdag.py for tasks to queue
[2024-03-07T09:46:56.252+0200] {logging_mixin.py:188} INFO - [2024-03-07T09:46:56.252+0200] {dagbag.py:540} INFO - Filling up the DagBag from /usr/local/lib/python3.8/site-packages/airflow/example_dags/subdags/subdag.py
[2024-03-07T09:46:56.254+0200] {processor.py:842} WARNING - No viable dags retrieved from /usr/local/lib/python3.8/site-packages/airflow/example_dags/subdags/subdag.py
[2024-03-07T09:46:56.353+0200] {processor.py:183} INFO - Processing /usr/local/lib/python3.8/site-packages/airflow/example_dags/subdags/subdag.py took 0.104 seconds
[2024-03-07T09:48:34.013+0200] {processor.py:161} INFO - Started process (PID=32444) to work on /usr/local/lib/python3.8/site-packages/airflow/example_dags/subdags/subdag.py
[2024-03-07T09:48:34.014+0200] {processor.py:830} INFO - Processing file /usr/local/lib/python3.8/site-packages/airflow/example_dags/subdags/subdag.py for tasks to queue
[2024-03-07T09:48:34.014+0200] {logging_mixin.py:188} INFO - [2024-03-07T09:48:34.014+0200] {dagbag.py:540} INFO - Filling up the DagBag from /usr/local/lib/python3.8/site-packages/airflow/example_dags/subdags/subdag.py
[2024-03-07T09:48:34.016+0200] {processor.py:842} WARNING - No viable dags retrieved from /usr/local/lib/python3.8/site-packages/airflow/example_dags/subdags/subdag.py
[2024-03-07T09:48:34.090+0200] {processor.py:183} INFO - Processing /usr/local/lib/python3.8/site-packages/airflow/example_dags/subdags/subdag.py took 0.078 seconds
[2024-03-07T09:50:12.171+0200] {processor.py:161} INFO - Started process (PID=32552) to work on /usr/local/lib/python3.8/site-packages/airflow/example_dags/subdags/subdag.py
[2024-03-07T09:50:12.172+0200] {processor.py:830} INFO - Processing file /usr/local/lib/python3.8/site-packages/airflow/example_dags/subdags/subdag.py for tasks to queue
[2024-03-07T09:50:12.172+0200] {logging_mixin.py:188} INFO - [2024-03-07T09:50:12.172+0200] {dagbag.py:540} INFO - Filling up the DagBag from /usr/local/lib/python3.8/site-packages/airflow/example_dags/subdags/subdag.py
[2024-03-07T09:50:12.175+0200] {processor.py:842} WARNING - No viable dags retrieved from /usr/local/lib/python3.8/site-packages/airflow/example_dags/subdags/subdag.py
[2024-03-07T09:50:12.246+0200] {processor.py:183} INFO - Processing /usr/local/lib/python3.8/site-packages/airflow/example_dags/subdags/subdag.py took 0.076 seconds
[2024-03-07T09:51:50.643+0200] {processor.py:161} INFO - Started process (PID=32653) to work on /usr/local/lib/python3.8/site-packages/airflow/example_dags/subdags/subdag.py
[2024-03-07T09:51:50.644+0200] {processor.py:830} INFO - Processing file /usr/local/lib/python3.8/site-packages/airflow/example_dags/subdags/subdag.py for tasks to queue
[2024-03-07T09:51:50.645+0200] {logging_mixin.py:188} INFO - [2024-03-07T09:51:50.645+0200] {dagbag.py:540} INFO - Filling up the DagBag from /usr/local/lib/python3.8/site-packages/airflow/example_dags/subdags/subdag.py
[2024-03-07T09:51:50.647+0200] {processor.py:842} WARNING - No viable dags retrieved from /usr/local/lib/python3.8/site-packages/airflow/example_dags/subdags/subdag.py
[2024-03-07T09:51:50.725+0200] {processor.py:183} INFO - Processing /usr/local/lib/python3.8/site-packages/airflow/example_dags/subdags/subdag.py took 0.083 seconds
[2024-03-07T09:53:20.548+0200] {processor.py:161} INFO - Started process (PID=32751) to work on /usr/local/lib/python3.8/site-packages/airflow/example_dags/subdags/subdag.py
[2024-03-07T09:53:20.549+0200] {processor.py:830} INFO - Processing file /usr/local/lib/python3.8/site-packages/airflow/example_dags/subdags/subdag.py for tasks to queue
[2024-03-07T09:53:20.549+0200] {logging_mixin.py:188} INFO - [2024-03-07T09:53:20.549+0200] {dagbag.py:540} INFO - Filling up the DagBag from /usr/local/lib/python3.8/site-packages/airflow/example_dags/subdags/subdag.py
[2024-03-07T09:53:20.551+0200] {processor.py:842} WARNING - No viable dags retrieved from /usr/local/lib/python3.8/site-packages/airflow/example_dags/subdags/subdag.py
[2024-03-07T09:53:20.627+0200] {processor.py:183} INFO - Processing /usr/local/lib/python3.8/site-packages/airflow/example_dags/subdags/subdag.py took 0.080 seconds
[2024-03-07T09:54:58.556+0200] {processor.py:161} INFO - Started process (PID=32877) to work on /usr/local/lib/python3.8/site-packages/airflow/example_dags/subdags/subdag.py
[2024-03-07T09:54:58.557+0200] {processor.py:830} INFO - Processing file /usr/local/lib/python3.8/site-packages/airflow/example_dags/subdags/subdag.py for tasks to queue
[2024-03-07T09:54:58.557+0200] {logging_mixin.py:188} INFO - [2024-03-07T09:54:58.557+0200] {dagbag.py:540} INFO - Filling up the DagBag from /usr/local/lib/python3.8/site-packages/airflow/example_dags/subdags/subdag.py
[2024-03-07T09:54:58.559+0200] {processor.py:842} WARNING - No viable dags retrieved from /usr/local/lib/python3.8/site-packages/airflow/example_dags/subdags/subdag.py
[2024-03-07T09:54:58.632+0200] {processor.py:183} INFO - Processing /usr/local/lib/python3.8/site-packages/airflow/example_dags/subdags/subdag.py took 0.078 seconds
[2024-03-07T09:56:38.531+0200] {processor.py:161} INFO - Started process (PID=32978) to work on /usr/local/lib/python3.8/site-packages/airflow/example_dags/subdags/subdag.py
[2024-03-07T09:56:38.532+0200] {processor.py:830} INFO - Processing file /usr/local/lib/python3.8/site-packages/airflow/example_dags/subdags/subdag.py for tasks to queue
[2024-03-07T09:56:38.532+0200] {logging_mixin.py:188} INFO - [2024-03-07T09:56:38.532+0200] {dagbag.py:540} INFO - Filling up the DagBag from /usr/local/lib/python3.8/site-packages/airflow/example_dags/subdags/subdag.py
[2024-03-07T09:56:38.534+0200] {processor.py:842} WARNING - No viable dags retrieved from /usr/local/lib/python3.8/site-packages/airflow/example_dags/subdags/subdag.py
[2024-03-07T09:56:38.616+0200] {processor.py:183} INFO - Processing /usr/local/lib/python3.8/site-packages/airflow/example_dags/subdags/subdag.py took 0.087 seconds
[2024-03-07T09:58:14.093+0200] {processor.py:161} INFO - Started process (PID=33087) to work on /usr/local/lib/python3.8/site-packages/airflow/example_dags/subdags/subdag.py
[2024-03-07T09:58:14.094+0200] {processor.py:830} INFO - Processing file /usr/local/lib/python3.8/site-packages/airflow/example_dags/subdags/subdag.py for tasks to queue
[2024-03-07T09:58:14.094+0200] {logging_mixin.py:188} INFO - [2024-03-07T09:58:14.094+0200] {dagbag.py:540} INFO - Filling up the DagBag from /usr/local/lib/python3.8/site-packages/airflow/example_dags/subdags/subdag.py
[2024-03-07T09:58:14.096+0200] {processor.py:842} WARNING - No viable dags retrieved from /usr/local/lib/python3.8/site-packages/airflow/example_dags/subdags/subdag.py
[2024-03-07T09:58:14.168+0200] {processor.py:183} INFO - Processing /usr/local/lib/python3.8/site-packages/airflow/example_dags/subdags/subdag.py took 0.076 seconds
[2024-03-07T09:59:45.960+0200] {processor.py:161} INFO - Started process (PID=33188) to work on /usr/local/lib/python3.8/site-packages/airflow/example_dags/subdags/subdag.py
[2024-03-07T09:59:45.961+0200] {processor.py:830} INFO - Processing file /usr/local/lib/python3.8/site-packages/airflow/example_dags/subdags/subdag.py for tasks to queue
[2024-03-07T09:59:45.961+0200] {logging_mixin.py:188} INFO - [2024-03-07T09:59:45.961+0200] {dagbag.py:540} INFO - Filling up the DagBag from /usr/local/lib/python3.8/site-packages/airflow/example_dags/subdags/subdag.py
[2024-03-07T09:59:45.963+0200] {processor.py:842} WARNING - No viable dags retrieved from /usr/local/lib/python3.8/site-packages/airflow/example_dags/subdags/subdag.py
[2024-03-07T09:59:46.035+0200] {processor.py:183} INFO - Processing /usr/local/lib/python3.8/site-packages/airflow/example_dags/subdags/subdag.py took 0.077 seconds
[2024-03-07T10:01:15.094+0200] {processor.py:161} INFO - Started process (PID=33311) to work on /usr/local/lib/python3.8/site-packages/airflow/example_dags/subdags/subdag.py
[2024-03-07T10:01:15.095+0200] {processor.py:830} INFO - Processing file /usr/local/lib/python3.8/site-packages/airflow/example_dags/subdags/subdag.py for tasks to queue
[2024-03-07T10:01:15.095+0200] {logging_mixin.py:188} INFO - [2024-03-07T10:01:15.095+0200] {dagbag.py:540} INFO - Filling up the DagBag from /usr/local/lib/python3.8/site-packages/airflow/example_dags/subdags/subdag.py
[2024-03-07T10:01:15.097+0200] {processor.py:842} WARNING - No viable dags retrieved from /usr/local/lib/python3.8/site-packages/airflow/example_dags/subdags/subdag.py
[2024-03-07T10:01:15.168+0200] {processor.py:183} INFO - Processing /usr/local/lib/python3.8/site-packages/airflow/example_dags/subdags/subdag.py took 0.076 seconds
[2024-03-07T10:02:51.234+0200] {processor.py:161} INFO - Started process (PID=33406) to work on /usr/local/lib/python3.8/site-packages/airflow/example_dags/subdags/subdag.py
[2024-03-07T10:02:51.236+0200] {processor.py:830} INFO - Processing file /usr/local/lib/python3.8/site-packages/airflow/example_dags/subdags/subdag.py for tasks to queue
[2024-03-07T10:02:51.236+0200] {logging_mixin.py:188} INFO - [2024-03-07T10:02:51.236+0200] {dagbag.py:540} INFO - Filling up the DagBag from /usr/local/lib/python3.8/site-packages/airflow/example_dags/subdags/subdag.py
[2024-03-07T10:02:51.239+0200] {processor.py:842} WARNING - No viable dags retrieved from /usr/local/lib/python3.8/site-packages/airflow/example_dags/subdags/subdag.py
[2024-03-07T10:02:51.333+0200] {processor.py:183} INFO - Processing /usr/local/lib/python3.8/site-packages/airflow/example_dags/subdags/subdag.py took 0.100 seconds
[2024-03-07T10:04:29.219+0200] {processor.py:161} INFO - Started process (PID=33514) to work on /usr/local/lib/python3.8/site-packages/airflow/example_dags/subdags/subdag.py
[2024-03-07T10:04:29.220+0200] {processor.py:830} INFO - Processing file /usr/local/lib/python3.8/site-packages/airflow/example_dags/subdags/subdag.py for tasks to queue
[2024-03-07T10:04:29.220+0200] {logging_mixin.py:188} INFO - [2024-03-07T10:04:29.220+0200] {dagbag.py:540} INFO - Filling up the DagBag from /usr/local/lib/python3.8/site-packages/airflow/example_dags/subdags/subdag.py
[2024-03-07T10:04:29.223+0200] {processor.py:842} WARNING - No viable dags retrieved from /usr/local/lib/python3.8/site-packages/airflow/example_dags/subdags/subdag.py
[2024-03-07T10:04:29.309+0200] {processor.py:183} INFO - Processing /usr/local/lib/python3.8/site-packages/airflow/example_dags/subdags/subdag.py took 0.092 seconds
[2024-03-07T10:06:06.826+0200] {processor.py:161} INFO - Started process (PID=33636) to work on /usr/local/lib/python3.8/site-packages/airflow/example_dags/subdags/subdag.py
[2024-03-07T10:06:06.827+0200] {processor.py:830} INFO - Processing file /usr/local/lib/python3.8/site-packages/airflow/example_dags/subdags/subdag.py for tasks to queue
[2024-03-07T10:06:06.828+0200] {logging_mixin.py:188} INFO - [2024-03-07T10:06:06.828+0200] {dagbag.py:540} INFO - Filling up the DagBag from /usr/local/lib/python3.8/site-packages/airflow/example_dags/subdags/subdag.py
[2024-03-07T10:06:06.830+0200] {processor.py:842} WARNING - No viable dags retrieved from /usr/local/lib/python3.8/site-packages/airflow/example_dags/subdags/subdag.py
[2024-03-07T10:06:06.911+0200] {processor.py:183} INFO - Processing /usr/local/lib/python3.8/site-packages/airflow/example_dags/subdags/subdag.py took 0.087 seconds
[2024-03-07T10:07:50.962+0200] {processor.py:161} INFO - Started process (PID=33744) to work on /usr/local/lib/python3.8/site-packages/airflow/example_dags/subdags/subdag.py
[2024-03-07T10:07:50.962+0200] {processor.py:830} INFO - Processing file /usr/local/lib/python3.8/site-packages/airflow/example_dags/subdags/subdag.py for tasks to queue
[2024-03-07T10:07:50.963+0200] {logging_mixin.py:188} INFO - [2024-03-07T10:07:50.963+0200] {dagbag.py:540} INFO - Filling up the DagBag from /usr/local/lib/python3.8/site-packages/airflow/example_dags/subdags/subdag.py
[2024-03-07T10:07:50.965+0200] {processor.py:842} WARNING - No viable dags retrieved from /usr/local/lib/python3.8/site-packages/airflow/example_dags/subdags/subdag.py
[2024-03-07T10:07:51.038+0200] {processor.py:183} INFO - Processing /usr/local/lib/python3.8/site-packages/airflow/example_dags/subdags/subdag.py took 0.078 seconds
[2024-03-07T10:09:35.283+0200] {processor.py:161} INFO - Started process (PID=33877) to work on /usr/local/lib/python3.8/site-packages/airflow/example_dags/subdags/subdag.py
[2024-03-07T10:09:35.284+0200] {processor.py:830} INFO - Processing file /usr/local/lib/python3.8/site-packages/airflow/example_dags/subdags/subdag.py for tasks to queue
[2024-03-07T10:09:35.285+0200] {logging_mixin.py:188} INFO - [2024-03-07T10:09:35.285+0200] {dagbag.py:540} INFO - Filling up the DagBag from /usr/local/lib/python3.8/site-packages/airflow/example_dags/subdags/subdag.py
[2024-03-07T10:09:35.287+0200] {processor.py:842} WARNING - No viable dags retrieved from /usr/local/lib/python3.8/site-packages/airflow/example_dags/subdags/subdag.py
[2024-03-07T10:09:35.368+0200] {processor.py:183} INFO - Processing /usr/local/lib/python3.8/site-packages/airflow/example_dags/subdags/subdag.py took 0.087 seconds
[2024-03-07T10:11:16.831+0200] {processor.py:161} INFO - Started process (PID=33993) to work on /usr/local/lib/python3.8/site-packages/airflow/example_dags/subdags/subdag.py
[2024-03-07T10:11:16.832+0200] {processor.py:830} INFO - Processing file /usr/local/lib/python3.8/site-packages/airflow/example_dags/subdags/subdag.py for tasks to queue
[2024-03-07T10:11:16.832+0200] {logging_mixin.py:188} INFO - [2024-03-07T10:11:16.832+0200] {dagbag.py:540} INFO - Filling up the DagBag from /usr/local/lib/python3.8/site-packages/airflow/example_dags/subdags/subdag.py
[2024-03-07T10:11:16.835+0200] {processor.py:842} WARNING - No viable dags retrieved from /usr/local/lib/python3.8/site-packages/airflow/example_dags/subdags/subdag.py
[2024-03-07T10:11:16.913+0200] {processor.py:183} INFO - Processing /usr/local/lib/python3.8/site-packages/airflow/example_dags/subdags/subdag.py took 0.084 seconds
[2024-03-07T10:12:57.540+0200] {processor.py:161} INFO - Started process (PID=34099) to work on /usr/local/lib/python3.8/site-packages/airflow/example_dags/subdags/subdag.py
[2024-03-07T10:12:57.541+0200] {processor.py:830} INFO - Processing file /usr/local/lib/python3.8/site-packages/airflow/example_dags/subdags/subdag.py for tasks to queue
[2024-03-07T10:12:57.541+0200] {logging_mixin.py:188} INFO - [2024-03-07T10:12:57.541+0200] {dagbag.py:540} INFO - Filling up the DagBag from /usr/local/lib/python3.8/site-packages/airflow/example_dags/subdags/subdag.py
[2024-03-07T10:12:57.543+0200] {processor.py:842} WARNING - No viable dags retrieved from /usr/local/lib/python3.8/site-packages/airflow/example_dags/subdags/subdag.py
[2024-03-07T10:12:57.636+0200] {processor.py:183} INFO - Processing /usr/local/lib/python3.8/site-packages/airflow/example_dags/subdags/subdag.py took 0.098 seconds
[2024-03-07T10:14:39.336+0200] {processor.py:161} INFO - Started process (PID=34203) to work on /usr/local/lib/python3.8/site-packages/airflow/example_dags/subdags/subdag.py
[2024-03-07T10:14:39.337+0200] {processor.py:830} INFO - Processing file /usr/local/lib/python3.8/site-packages/airflow/example_dags/subdags/subdag.py for tasks to queue
[2024-03-07T10:14:39.338+0200] {logging_mixin.py:188} INFO - [2024-03-07T10:14:39.338+0200] {dagbag.py:540} INFO - Filling up the DagBag from /usr/local/lib/python3.8/site-packages/airflow/example_dags/subdags/subdag.py
[2024-03-07T10:14:39.339+0200] {processor.py:842} WARNING - No viable dags retrieved from /usr/local/lib/python3.8/site-packages/airflow/example_dags/subdags/subdag.py
[2024-03-07T10:14:39.412+0200] {processor.py:183} INFO - Processing /usr/local/lib/python3.8/site-packages/airflow/example_dags/subdags/subdag.py took 0.077 seconds
[2024-03-07T10:16:11.117+0200] {processor.py:161} INFO - Started process (PID=34297) to work on /usr/local/lib/python3.8/site-packages/airflow/example_dags/subdags/subdag.py
[2024-03-07T10:16:11.117+0200] {processor.py:830} INFO - Processing file /usr/local/lib/python3.8/site-packages/airflow/example_dags/subdags/subdag.py for tasks to queue
[2024-03-07T10:16:11.118+0200] {logging_mixin.py:188} INFO - [2024-03-07T10:16:11.118+0200] {dagbag.py:540} INFO - Filling up the DagBag from /usr/local/lib/python3.8/site-packages/airflow/example_dags/subdags/subdag.py
[2024-03-07T10:16:11.120+0200] {processor.py:842} WARNING - No viable dags retrieved from /usr/local/lib/python3.8/site-packages/airflow/example_dags/subdags/subdag.py
[2024-03-07T10:16:11.197+0200] {processor.py:183} INFO - Processing /usr/local/lib/python3.8/site-packages/airflow/example_dags/subdags/subdag.py took 0.081 seconds
[2024-03-07T10:17:44.436+0200] {processor.py:161} INFO - Started process (PID=34408) to work on /usr/local/lib/python3.8/site-packages/airflow/example_dags/subdags/subdag.py
[2024-03-07T10:17:44.437+0200] {processor.py:830} INFO - Processing file /usr/local/lib/python3.8/site-packages/airflow/example_dags/subdags/subdag.py for tasks to queue
[2024-03-07T10:17:44.438+0200] {logging_mixin.py:188} INFO - [2024-03-07T10:17:44.438+0200] {dagbag.py:540} INFO - Filling up the DagBag from /usr/local/lib/python3.8/site-packages/airflow/example_dags/subdags/subdag.py
[2024-03-07T10:17:44.440+0200] {processor.py:842} WARNING - No viable dags retrieved from /usr/local/lib/python3.8/site-packages/airflow/example_dags/subdags/subdag.py
[2024-03-07T10:17:44.530+0200] {processor.py:183} INFO - Processing /usr/local/lib/python3.8/site-packages/airflow/example_dags/subdags/subdag.py took 0.096 seconds
[2024-03-07T10:19:25.824+0200] {processor.py:161} INFO - Started process (PID=34501) to work on /usr/local/lib/python3.8/site-packages/airflow/example_dags/subdags/subdag.py
[2024-03-07T10:19:25.825+0200] {processor.py:830} INFO - Processing file /usr/local/lib/python3.8/site-packages/airflow/example_dags/subdags/subdag.py for tasks to queue
[2024-03-07T10:19:25.825+0200] {logging_mixin.py:188} INFO - [2024-03-07T10:19:25.825+0200] {dagbag.py:540} INFO - Filling up the DagBag from /usr/local/lib/python3.8/site-packages/airflow/example_dags/subdags/subdag.py
[2024-03-07T10:19:25.828+0200] {processor.py:842} WARNING - No viable dags retrieved from /usr/local/lib/python3.8/site-packages/airflow/example_dags/subdags/subdag.py
[2024-03-07T10:19:25.918+0200] {processor.py:183} INFO - Processing /usr/local/lib/python3.8/site-packages/airflow/example_dags/subdags/subdag.py took 0.096 seconds
[2024-03-07T10:21:06.767+0200] {processor.py:161} INFO - Started process (PID=34603) to work on /usr/local/lib/python3.8/site-packages/airflow/example_dags/subdags/subdag.py
[2024-03-07T10:21:06.768+0200] {processor.py:830} INFO - Processing file /usr/local/lib/python3.8/site-packages/airflow/example_dags/subdags/subdag.py for tasks to queue
[2024-03-07T10:21:06.768+0200] {logging_mixin.py:188} INFO - [2024-03-07T10:21:06.768+0200] {dagbag.py:540} INFO - Filling up the DagBag from /usr/local/lib/python3.8/site-packages/airflow/example_dags/subdags/subdag.py
[2024-03-07T10:21:06.770+0200] {processor.py:842} WARNING - No viable dags retrieved from /usr/local/lib/python3.8/site-packages/airflow/example_dags/subdags/subdag.py
[2024-03-07T10:21:06.854+0200] {processor.py:183} INFO - Processing /usr/local/lib/python3.8/site-packages/airflow/example_dags/subdags/subdag.py took 0.089 seconds
[2024-03-07T10:22:53.509+0200] {processor.py:161} INFO - Started process (PID=34706) to work on /usr/local/lib/python3.8/site-packages/airflow/example_dags/subdags/subdag.py
[2024-03-07T10:22:53.510+0200] {processor.py:830} INFO - Processing file /usr/local/lib/python3.8/site-packages/airflow/example_dags/subdags/subdag.py for tasks to queue
[2024-03-07T10:22:53.511+0200] {logging_mixin.py:188} INFO - [2024-03-07T10:22:53.510+0200] {dagbag.py:540} INFO - Filling up the DagBag from /usr/local/lib/python3.8/site-packages/airflow/example_dags/subdags/subdag.py
[2024-03-07T10:22:53.513+0200] {processor.py:842} WARNING - No viable dags retrieved from /usr/local/lib/python3.8/site-packages/airflow/example_dags/subdags/subdag.py
[2024-03-07T10:22:53.592+0200] {processor.py:183} INFO - Processing /usr/local/lib/python3.8/site-packages/airflow/example_dags/subdags/subdag.py took 0.084 seconds
[2024-03-07T10:24:34.886+0200] {processor.py:161} INFO - Started process (PID=34809) to work on /usr/local/lib/python3.8/site-packages/airflow/example_dags/subdags/subdag.py
[2024-03-07T10:24:34.887+0200] {processor.py:830} INFO - Processing file /usr/local/lib/python3.8/site-packages/airflow/example_dags/subdags/subdag.py for tasks to queue
[2024-03-07T10:24:34.887+0200] {logging_mixin.py:188} INFO - [2024-03-07T10:24:34.887+0200] {dagbag.py:540} INFO - Filling up the DagBag from /usr/local/lib/python3.8/site-packages/airflow/example_dags/subdags/subdag.py
[2024-03-07T10:24:34.889+0200] {processor.py:842} WARNING - No viable dags retrieved from /usr/local/lib/python3.8/site-packages/airflow/example_dags/subdags/subdag.py
[2024-03-07T10:24:34.965+0200] {processor.py:183} INFO - Processing /usr/local/lib/python3.8/site-packages/airflow/example_dags/subdags/subdag.py took 0.081 seconds
[2024-03-07T10:26:18.390+0200] {processor.py:161} INFO - Started process (PID=34929) to work on /usr/local/lib/python3.8/site-packages/airflow/example_dags/subdags/subdag.py
[2024-03-07T10:26:18.391+0200] {processor.py:830} INFO - Processing file /usr/local/lib/python3.8/site-packages/airflow/example_dags/subdags/subdag.py for tasks to queue
[2024-03-07T10:26:18.392+0200] {logging_mixin.py:188} INFO - [2024-03-07T10:26:18.392+0200] {dagbag.py:540} INFO - Filling up the DagBag from /usr/local/lib/python3.8/site-packages/airflow/example_dags/subdags/subdag.py
[2024-03-07T10:26:18.394+0200] {processor.py:842} WARNING - No viable dags retrieved from /usr/local/lib/python3.8/site-packages/airflow/example_dags/subdags/subdag.py
[2024-03-07T10:26:18.468+0200] {processor.py:183} INFO - Processing /usr/local/lib/python3.8/site-packages/airflow/example_dags/subdags/subdag.py took 0.079 seconds
[2024-03-07T10:27:55.674+0200] {processor.py:161} INFO - Started process (PID=35040) to work on /usr/local/lib/python3.8/site-packages/airflow/example_dags/subdags/subdag.py
[2024-03-07T10:27:55.675+0200] {processor.py:830} INFO - Processing file /usr/local/lib/python3.8/site-packages/airflow/example_dags/subdags/subdag.py for tasks to queue
[2024-03-07T10:27:55.676+0200] {logging_mixin.py:188} INFO - [2024-03-07T10:27:55.676+0200] {dagbag.py:540} INFO - Filling up the DagBag from /usr/local/lib/python3.8/site-packages/airflow/example_dags/subdags/subdag.py
[2024-03-07T10:27:55.678+0200] {processor.py:842} WARNING - No viable dags retrieved from /usr/local/lib/python3.8/site-packages/airflow/example_dags/subdags/subdag.py
[2024-03-07T10:27:55.752+0200] {processor.py:183} INFO - Processing /usr/local/lib/python3.8/site-packages/airflow/example_dags/subdags/subdag.py took 0.079 seconds
[2024-03-07T10:29:34.555+0200] {processor.py:161} INFO - Started process (PID=35128) to work on /usr/local/lib/python3.8/site-packages/airflow/example_dags/subdags/subdag.py
[2024-03-07T10:29:34.556+0200] {processor.py:830} INFO - Processing file /usr/local/lib/python3.8/site-packages/airflow/example_dags/subdags/subdag.py for tasks to queue
[2024-03-07T10:29:34.557+0200] {logging_mixin.py:188} INFO - [2024-03-07T10:29:34.557+0200] {dagbag.py:540} INFO - Filling up the DagBag from /usr/local/lib/python3.8/site-packages/airflow/example_dags/subdags/subdag.py
[2024-03-07T10:29:34.559+0200] {processor.py:842} WARNING - No viable dags retrieved from /usr/local/lib/python3.8/site-packages/airflow/example_dags/subdags/subdag.py
[2024-03-07T10:29:34.641+0200] {processor.py:183} INFO - Processing /usr/local/lib/python3.8/site-packages/airflow/example_dags/subdags/subdag.py took 0.087 seconds
[2024-03-07T10:31:15.438+0200] {processor.py:161} INFO - Started process (PID=35242) to work on /usr/local/lib/python3.8/site-packages/airflow/example_dags/subdags/subdag.py
[2024-03-07T10:31:15.439+0200] {processor.py:830} INFO - Processing file /usr/local/lib/python3.8/site-packages/airflow/example_dags/subdags/subdag.py for tasks to queue
[2024-03-07T10:31:15.440+0200] {logging_mixin.py:188} INFO - [2024-03-07T10:31:15.440+0200] {dagbag.py:540} INFO - Filling up the DagBag from /usr/local/lib/python3.8/site-packages/airflow/example_dags/subdags/subdag.py
[2024-03-07T10:31:15.442+0200] {processor.py:842} WARNING - No viable dags retrieved from /usr/local/lib/python3.8/site-packages/airflow/example_dags/subdags/subdag.py
[2024-03-07T10:31:15.516+0200] {processor.py:183} INFO - Processing /usr/local/lib/python3.8/site-packages/airflow/example_dags/subdags/subdag.py took 0.079 seconds
[2024-03-07T10:32:52.950+0200] {processor.py:161} INFO - Started process (PID=35343) to work on /usr/local/lib/python3.8/site-packages/airflow/example_dags/subdags/subdag.py
[2024-03-07T10:32:52.951+0200] {processor.py:830} INFO - Processing file /usr/local/lib/python3.8/site-packages/airflow/example_dags/subdags/subdag.py for tasks to queue
[2024-03-07T10:32:52.951+0200] {logging_mixin.py:188} INFO - [2024-03-07T10:32:52.951+0200] {dagbag.py:540} INFO - Filling up the DagBag from /usr/local/lib/python3.8/site-packages/airflow/example_dags/subdags/subdag.py
[2024-03-07T10:32:52.953+0200] {processor.py:842} WARNING - No viable dags retrieved from /usr/local/lib/python3.8/site-packages/airflow/example_dags/subdags/subdag.py
[2024-03-07T10:32:53.030+0200] {processor.py:183} INFO - Processing /usr/local/lib/python3.8/site-packages/airflow/example_dags/subdags/subdag.py took 0.082 seconds
[2024-03-07T10:34:27.586+0200] {processor.py:161} INFO - Started process (PID=35450) to work on /usr/local/lib/python3.8/site-packages/airflow/example_dags/subdags/subdag.py
[2024-03-07T10:34:27.587+0200] {processor.py:830} INFO - Processing file /usr/local/lib/python3.8/site-packages/airflow/example_dags/subdags/subdag.py for tasks to queue
[2024-03-07T10:34:27.588+0200] {logging_mixin.py:188} INFO - [2024-03-07T10:34:27.588+0200] {dagbag.py:540} INFO - Filling up the DagBag from /usr/local/lib/python3.8/site-packages/airflow/example_dags/subdags/subdag.py
[2024-03-07T10:34:27.590+0200] {processor.py:842} WARNING - No viable dags retrieved from /usr/local/lib/python3.8/site-packages/airflow/example_dags/subdags/subdag.py
[2024-03-07T10:34:27.664+0200] {processor.py:183} INFO - Processing /usr/local/lib/python3.8/site-packages/airflow/example_dags/subdags/subdag.py took 0.079 seconds
[2024-03-07T10:35:53.043+0200] {processor.py:161} INFO - Started process (PID=35560) to work on /usr/local/lib/python3.8/site-packages/airflow/example_dags/subdags/subdag.py
[2024-03-07T10:35:53.044+0200] {processor.py:830} INFO - Processing file /usr/local/lib/python3.8/site-packages/airflow/example_dags/subdags/subdag.py for tasks to queue
[2024-03-07T10:35:53.044+0200] {logging_mixin.py:188} INFO - [2024-03-07T10:35:53.044+0200] {dagbag.py:540} INFO - Filling up the DagBag from /usr/local/lib/python3.8/site-packages/airflow/example_dags/subdags/subdag.py
[2024-03-07T10:35:53.046+0200] {processor.py:842} WARNING - No viable dags retrieved from /usr/local/lib/python3.8/site-packages/airflow/example_dags/subdags/subdag.py
[2024-03-07T10:35:53.117+0200] {processor.py:183} INFO - Processing /usr/local/lib/python3.8/site-packages/airflow/example_dags/subdags/subdag.py took 0.076 seconds
[2024-03-07T10:37:17.700+0200] {processor.py:161} INFO - Started process (PID=35645) to work on /usr/local/lib/python3.8/site-packages/airflow/example_dags/subdags/subdag.py
[2024-03-07T10:37:17.701+0200] {processor.py:830} INFO - Processing file /usr/local/lib/python3.8/site-packages/airflow/example_dags/subdags/subdag.py for tasks to queue
[2024-03-07T10:37:17.702+0200] {logging_mixin.py:188} INFO - [2024-03-07T10:37:17.701+0200] {dagbag.py:540} INFO - Filling up the DagBag from /usr/local/lib/python3.8/site-packages/airflow/example_dags/subdags/subdag.py
[2024-03-07T10:37:17.704+0200] {processor.py:842} WARNING - No viable dags retrieved from /usr/local/lib/python3.8/site-packages/airflow/example_dags/subdags/subdag.py
[2024-03-07T10:37:17.775+0200] {processor.py:183} INFO - Processing /usr/local/lib/python3.8/site-packages/airflow/example_dags/subdags/subdag.py took 0.076 seconds
[2024-03-07T10:38:41.926+0200] {processor.py:161} INFO - Started process (PID=35767) to work on /usr/local/lib/python3.8/site-packages/airflow/example_dags/subdags/subdag.py
[2024-03-07T10:38:41.927+0200] {processor.py:830} INFO - Processing file /usr/local/lib/python3.8/site-packages/airflow/example_dags/subdags/subdag.py for tasks to queue
[2024-03-07T10:38:41.928+0200] {logging_mixin.py:188} INFO - [2024-03-07T10:38:41.928+0200] {dagbag.py:540} INFO - Filling up the DagBag from /usr/local/lib/python3.8/site-packages/airflow/example_dags/subdags/subdag.py
[2024-03-07T10:38:41.930+0200] {processor.py:842} WARNING - No viable dags retrieved from /usr/local/lib/python3.8/site-packages/airflow/example_dags/subdags/subdag.py
[2024-03-07T10:38:42.003+0200] {processor.py:183} INFO - Processing /usr/local/lib/python3.8/site-packages/airflow/example_dags/subdags/subdag.py took 0.078 seconds
[2024-03-07T10:40:17.786+0200] {processor.py:161} INFO - Started process (PID=35905) to work on /usr/local/lib/python3.8/site-packages/airflow/example_dags/subdags/subdag.py
[2024-03-07T10:40:17.787+0200] {processor.py:830} INFO - Processing file /usr/local/lib/python3.8/site-packages/airflow/example_dags/subdags/subdag.py for tasks to queue
[2024-03-07T10:40:17.788+0200] {logging_mixin.py:188} INFO - [2024-03-07T10:40:17.787+0200] {dagbag.py:540} INFO - Filling up the DagBag from /usr/local/lib/python3.8/site-packages/airflow/example_dags/subdags/subdag.py
[2024-03-07T10:40:17.790+0200] {processor.py:842} WARNING - No viable dags retrieved from /usr/local/lib/python3.8/site-packages/airflow/example_dags/subdags/subdag.py
[2024-03-07T10:40:17.882+0200] {processor.py:183} INFO - Processing /usr/local/lib/python3.8/site-packages/airflow/example_dags/subdags/subdag.py took 0.098 seconds
[2024-03-07T10:42:02.701+0200] {processor.py:161} INFO - Started process (PID=36044) to work on /usr/local/lib/python3.8/site-packages/airflow/example_dags/subdags/subdag.py
[2024-03-07T10:42:02.702+0200] {processor.py:830} INFO - Processing file /usr/local/lib/python3.8/site-packages/airflow/example_dags/subdags/subdag.py for tasks to queue
[2024-03-07T10:42:02.703+0200] {logging_mixin.py:188} INFO - [2024-03-07T10:42:02.703+0200] {dagbag.py:540} INFO - Filling up the DagBag from /usr/local/lib/python3.8/site-packages/airflow/example_dags/subdags/subdag.py
[2024-03-07T10:42:02.705+0200] {processor.py:842} WARNING - No viable dags retrieved from /usr/local/lib/python3.8/site-packages/airflow/example_dags/subdags/subdag.py
[2024-03-07T10:42:02.797+0200] {processor.py:183} INFO - Processing /usr/local/lib/python3.8/site-packages/airflow/example_dags/subdags/subdag.py took 0.097 seconds
[2024-03-07T10:43:40.004+0200] {processor.py:161} INFO - Started process (PID=36136) to work on /usr/local/lib/python3.8/site-packages/airflow/example_dags/subdags/subdag.py
[2024-03-07T10:43:40.005+0200] {processor.py:830} INFO - Processing file /usr/local/lib/python3.8/site-packages/airflow/example_dags/subdags/subdag.py for tasks to queue
[2024-03-07T10:43:40.006+0200] {logging_mixin.py:188} INFO - [2024-03-07T10:43:40.006+0200] {dagbag.py:540} INFO - Filling up the DagBag from /usr/local/lib/python3.8/site-packages/airflow/example_dags/subdags/subdag.py
[2024-03-07T10:43:40.008+0200] {processor.py:842} WARNING - No viable dags retrieved from /usr/local/lib/python3.8/site-packages/airflow/example_dags/subdags/subdag.py
[2024-03-07T10:43:40.081+0200] {processor.py:183} INFO - Processing /usr/local/lib/python3.8/site-packages/airflow/example_dags/subdags/subdag.py took 0.078 seconds
[2024-03-07T10:45:13.521+0200] {processor.py:161} INFO - Started process (PID=36241) to work on /usr/local/lib/python3.8/site-packages/airflow/example_dags/subdags/subdag.py
[2024-03-07T10:45:13.522+0200] {processor.py:830} INFO - Processing file /usr/local/lib/python3.8/site-packages/airflow/example_dags/subdags/subdag.py for tasks to queue
[2024-03-07T10:45:13.523+0200] {logging_mixin.py:188} INFO - [2024-03-07T10:45:13.523+0200] {dagbag.py:540} INFO - Filling up the DagBag from /usr/local/lib/python3.8/site-packages/airflow/example_dags/subdags/subdag.py
[2024-03-07T10:45:13.525+0200] {processor.py:842} WARNING - No viable dags retrieved from /usr/local/lib/python3.8/site-packages/airflow/example_dags/subdags/subdag.py
[2024-03-07T10:45:13.603+0200] {processor.py:183} INFO - Processing /usr/local/lib/python3.8/site-packages/airflow/example_dags/subdags/subdag.py took 0.083 seconds
[2024-03-07T10:46:37.225+0200] {processor.py:161} INFO - Started process (PID=36330) to work on /usr/local/lib/python3.8/site-packages/airflow/example_dags/subdags/subdag.py
[2024-03-07T10:46:37.226+0200] {processor.py:830} INFO - Processing file /usr/local/lib/python3.8/site-packages/airflow/example_dags/subdags/subdag.py for tasks to queue
[2024-03-07T10:46:37.227+0200] {logging_mixin.py:188} INFO - [2024-03-07T10:46:37.226+0200] {dagbag.py:540} INFO - Filling up the DagBag from /usr/local/lib/python3.8/site-packages/airflow/example_dags/subdags/subdag.py
[2024-03-07T10:46:37.229+0200] {processor.py:842} WARNING - No viable dags retrieved from /usr/local/lib/python3.8/site-packages/airflow/example_dags/subdags/subdag.py
[2024-03-07T10:46:37.303+0200] {processor.py:183} INFO - Processing /usr/local/lib/python3.8/site-packages/airflow/example_dags/subdags/subdag.py took 0.080 seconds
[2024-03-07T10:48:01.684+0200] {processor.py:161} INFO - Started process (PID=36429) to work on /usr/local/lib/python3.8/site-packages/airflow/example_dags/subdags/subdag.py
[2024-03-07T10:48:01.685+0200] {processor.py:830} INFO - Processing file /usr/local/lib/python3.8/site-packages/airflow/example_dags/subdags/subdag.py for tasks to queue
[2024-03-07T10:48:01.685+0200] {logging_mixin.py:188} INFO - [2024-03-07T10:48:01.685+0200] {dagbag.py:540} INFO - Filling up the DagBag from /usr/local/lib/python3.8/site-packages/airflow/example_dags/subdags/subdag.py
[2024-03-07T10:48:01.687+0200] {processor.py:842} WARNING - No viable dags retrieved from /usr/local/lib/python3.8/site-packages/airflow/example_dags/subdags/subdag.py
[2024-03-07T10:48:01.760+0200] {processor.py:183} INFO - Processing /usr/local/lib/python3.8/site-packages/airflow/example_dags/subdags/subdag.py took 0.078 seconds
[2024-03-07T10:49:31.427+0200] {processor.py:161} INFO - Started process (PID=36524) to work on /usr/local/lib/python3.8/site-packages/airflow/example_dags/subdags/subdag.py
[2024-03-07T10:49:31.429+0200] {processor.py:830} INFO - Processing file /usr/local/lib/python3.8/site-packages/airflow/example_dags/subdags/subdag.py for tasks to queue
[2024-03-07T10:49:31.429+0200] {logging_mixin.py:188} INFO - [2024-03-07T10:49:31.429+0200] {dagbag.py:540} INFO - Filling up the DagBag from /usr/local/lib/python3.8/site-packages/airflow/example_dags/subdags/subdag.py
[2024-03-07T10:49:31.431+0200] {processor.py:842} WARNING - No viable dags retrieved from /usr/local/lib/python3.8/site-packages/airflow/example_dags/subdags/subdag.py
[2024-03-07T10:49:31.501+0200] {processor.py:183} INFO - Processing /usr/local/lib/python3.8/site-packages/airflow/example_dags/subdags/subdag.py took 0.075 seconds
[2024-03-07T10:51:08.728+0200] {processor.py:161} INFO - Started process (PID=36627) to work on /usr/local/lib/python3.8/site-packages/airflow/example_dags/subdags/subdag.py
[2024-03-07T10:51:08.729+0200] {processor.py:830} INFO - Processing file /usr/local/lib/python3.8/site-packages/airflow/example_dags/subdags/subdag.py for tasks to queue
[2024-03-07T10:51:08.729+0200] {logging_mixin.py:188} INFO - [2024-03-07T10:51:08.729+0200] {dagbag.py:540} INFO - Filling up the DagBag from /usr/local/lib/python3.8/site-packages/airflow/example_dags/subdags/subdag.py
[2024-03-07T10:51:08.731+0200] {processor.py:842} WARNING - No viable dags retrieved from /usr/local/lib/python3.8/site-packages/airflow/example_dags/subdags/subdag.py
[2024-03-07T10:51:08.806+0200] {processor.py:183} INFO - Processing /usr/local/lib/python3.8/site-packages/airflow/example_dags/subdags/subdag.py took 0.080 seconds
[2024-03-07T10:52:41.957+0200] {processor.py:161} INFO - Started process (PID=36734) to work on /usr/local/lib/python3.8/site-packages/airflow/example_dags/subdags/subdag.py
[2024-03-07T10:52:41.958+0200] {processor.py:830} INFO - Processing file /usr/local/lib/python3.8/site-packages/airflow/example_dags/subdags/subdag.py for tasks to queue
[2024-03-07T10:52:41.959+0200] {logging_mixin.py:188} INFO - [2024-03-07T10:52:41.959+0200] {dagbag.py:540} INFO - Filling up the DagBag from /usr/local/lib/python3.8/site-packages/airflow/example_dags/subdags/subdag.py
[2024-03-07T10:52:41.961+0200] {processor.py:842} WARNING - No viable dags retrieved from /usr/local/lib/python3.8/site-packages/airflow/example_dags/subdags/subdag.py
[2024-03-07T10:52:42.033+0200] {processor.py:183} INFO - Processing /usr/local/lib/python3.8/site-packages/airflow/example_dags/subdags/subdag.py took 0.077 seconds
[2024-03-07T10:54:15.221+0200] {processor.py:161} INFO - Started process (PID=36828) to work on /usr/local/lib/python3.8/site-packages/airflow/example_dags/subdags/subdag.py
[2024-03-07T10:54:15.222+0200] {processor.py:830} INFO - Processing file /usr/local/lib/python3.8/site-packages/airflow/example_dags/subdags/subdag.py for tasks to queue
[2024-03-07T10:54:15.223+0200] {logging_mixin.py:188} INFO - [2024-03-07T10:54:15.223+0200] {dagbag.py:540} INFO - Filling up the DagBag from /usr/local/lib/python3.8/site-packages/airflow/example_dags/subdags/subdag.py
[2024-03-07T10:54:15.225+0200] {processor.py:842} WARNING - No viable dags retrieved from /usr/local/lib/python3.8/site-packages/airflow/example_dags/subdags/subdag.py
[2024-03-07T10:54:15.312+0200] {processor.py:183} INFO - Processing /usr/local/lib/python3.8/site-packages/airflow/example_dags/subdags/subdag.py took 0.092 seconds
[2024-03-07T10:55:52.030+0200] {processor.py:161} INFO - Started process (PID=36932) to work on /usr/local/lib/python3.8/site-packages/airflow/example_dags/subdags/subdag.py
[2024-03-07T10:55:52.031+0200] {processor.py:830} INFO - Processing file /usr/local/lib/python3.8/site-packages/airflow/example_dags/subdags/subdag.py for tasks to queue
[2024-03-07T10:55:52.031+0200] {logging_mixin.py:188} INFO - [2024-03-07T10:55:52.031+0200] {dagbag.py:540} INFO - Filling up the DagBag from /usr/local/lib/python3.8/site-packages/airflow/example_dags/subdags/subdag.py
[2024-03-07T10:55:52.033+0200] {processor.py:842} WARNING - No viable dags retrieved from /usr/local/lib/python3.8/site-packages/airflow/example_dags/subdags/subdag.py
[2024-03-07T10:55:52.106+0200] {processor.py:183} INFO - Processing /usr/local/lib/python3.8/site-packages/airflow/example_dags/subdags/subdag.py took 0.078 seconds
[2024-03-07T11:27:00.854+0200] {processor.py:161} INFO - Started process (PID=37180) to work on /usr/local/lib/python3.8/site-packages/airflow/example_dags/subdags/subdag.py
[2024-03-07T11:27:00.855+0200] {processor.py:830} INFO - Processing file /usr/local/lib/python3.8/site-packages/airflow/example_dags/subdags/subdag.py for tasks to queue
[2024-03-07T11:27:00.856+0200] {logging_mixin.py:188} INFO - [2024-03-07T11:27:00.856+0200] {dagbag.py:540} INFO - Filling up the DagBag from /usr/local/lib/python3.8/site-packages/airflow/example_dags/subdags/subdag.py
[2024-03-07T11:27:00.858+0200] {processor.py:842} WARNING - No viable dags retrieved from /usr/local/lib/python3.8/site-packages/airflow/example_dags/subdags/subdag.py
[2024-03-07T11:27:00.940+0200] {processor.py:183} INFO - Processing /usr/local/lib/python3.8/site-packages/airflow/example_dags/subdags/subdag.py took 0.087 seconds
[2024-03-07T11:31:34.022+0200] {processor.py:161} INFO - Started process (PID=37371) to work on /usr/local/lib/python3.8/site-packages/airflow/example_dags/subdags/subdag.py
[2024-03-07T11:31:34.024+0200] {processor.py:830} INFO - Processing file /usr/local/lib/python3.8/site-packages/airflow/example_dags/subdags/subdag.py for tasks to queue
[2024-03-07T11:31:34.024+0200] {logging_mixin.py:188} INFO - [2024-03-07T11:31:34.024+0200] {dagbag.py:540} INFO - Filling up the DagBag from /usr/local/lib/python3.8/site-packages/airflow/example_dags/subdags/subdag.py
[2024-03-07T11:31:34.027+0200] {processor.py:842} WARNING - No viable dags retrieved from /usr/local/lib/python3.8/site-packages/airflow/example_dags/subdags/subdag.py
[2024-03-07T11:31:34.128+0200] {processor.py:183} INFO - Processing /usr/local/lib/python3.8/site-packages/airflow/example_dags/subdags/subdag.py took 0.108 seconds
[2024-03-07T11:33:20.548+0200] {processor.py:161} INFO - Started process (PID=37494) to work on /usr/local/lib/python3.8/site-packages/airflow/example_dags/subdags/subdag.py
[2024-03-07T11:33:20.549+0200] {processor.py:830} INFO - Processing file /usr/local/lib/python3.8/site-packages/airflow/example_dags/subdags/subdag.py for tasks to queue
[2024-03-07T11:33:20.550+0200] {logging_mixin.py:188} INFO - [2024-03-07T11:33:20.550+0200] {dagbag.py:540} INFO - Filling up the DagBag from /usr/local/lib/python3.8/site-packages/airflow/example_dags/subdags/subdag.py
[2024-03-07T11:33:20.552+0200] {processor.py:842} WARNING - No viable dags retrieved from /usr/local/lib/python3.8/site-packages/airflow/example_dags/subdags/subdag.py
[2024-03-07T11:33:20.626+0200] {processor.py:183} INFO - Processing /usr/local/lib/python3.8/site-packages/airflow/example_dags/subdags/subdag.py took 0.079 seconds
[2024-03-07T11:34:57.505+0200] {processor.py:161} INFO - Started process (PID=37600) to work on /usr/local/lib/python3.8/site-packages/airflow/example_dags/subdags/subdag.py
[2024-03-07T11:34:57.506+0200] {processor.py:830} INFO - Processing file /usr/local/lib/python3.8/site-packages/airflow/example_dags/subdags/subdag.py for tasks to queue
[2024-03-07T11:34:57.506+0200] {logging_mixin.py:188} INFO - [2024-03-07T11:34:57.506+0200] {dagbag.py:540} INFO - Filling up the DagBag from /usr/local/lib/python3.8/site-packages/airflow/example_dags/subdags/subdag.py
[2024-03-07T11:34:57.508+0200] {processor.py:842} WARNING - No viable dags retrieved from /usr/local/lib/python3.8/site-packages/airflow/example_dags/subdags/subdag.py
[2024-03-07T11:34:57.581+0200] {processor.py:183} INFO - Processing /usr/local/lib/python3.8/site-packages/airflow/example_dags/subdags/subdag.py took 0.078 seconds
