[2024-03-26T14:36:32.327+0200] {taskinstance.py:1979} INFO - Dependencies all met for dep_context=non-requeueable deps ti=<TaskInstance: trigger_dag.wait_run_file manual__2024-03-26T12:36:26.393585+00:00 [queued]>
[2024-03-26T14:36:32.342+0200] {taskinstance.py:1979} INFO - Dependencies all met for dep_context=requeueable deps ti=<TaskInstance: trigger_dag.wait_run_file manual__2024-03-26T12:36:26.393585+00:00 [queued]>
[2024-03-26T14:36:32.343+0200] {taskinstance.py:2193} INFO - Starting attempt 1 of 1
[2024-03-26T14:36:32.381+0200] {taskinstance.py:2214} INFO - Executing <Task(FileSensor): wait_run_file> on 2024-03-26 12:36:26.393585+00:00
[2024-03-26T14:36:32.389+0200] {standard_task_runner.py:60} INFO - Started process 10848 to run task
[2024-03-26T14:36:32.401+0200] {standard_task_runner.py:87} INFO - Running: ['airflow', 'tasks', 'run', 'trigger_dag', 'wait_run_file', 'manual__2024-03-26T12:36:26.393585+00:00', '--job-id', '568', '--raw', '--subdir', 'DAGS_FOLDER/trigger_dag.py', '--cfg-path', '/var/folders/t6/vwjsg0jx26jcjdwn_gxhbjzc0000gp/T/tmp6d_i_jug']
[2024-03-26T14:36:32.406+0200] {standard_task_runner.py:88} INFO - Job 568: Subtask wait_run_file
[2024-03-26T14:36:32.583+0200] {task_command.py:423} INFO - Running <TaskInstance: trigger_dag.wait_run_file manual__2024-03-26T12:36:26.393585+00:00 [running]> on host C9843
[2024-03-26T14:36:32.893+0200] {taskinstance.py:2510} INFO - Exporting env vars: AIRFLOW_CTX_DAG_OWNER='airflow' AIRFLOW_CTX_DAG_ID='trigger_dag' AIRFLOW_CTX_TASK_ID='wait_run_file' AIRFLOW_CTX_EXECUTION_DATE='2024-03-26T12:36:26.393585+00:00' AIRFLOW_CTX_TRY_NUMBER='1' AIRFLOW_CTX_DAG_RUN_ID='manual__2024-03-26T12:36:26.393585+00:00'
[2024-03-26T14:36:32.934+0200] {base.py:83} INFO - Using connection ID 'fs_default' for task execution.
[2024-03-26T14:36:32.936+0200] {filesystem.py:66} INFO - Poking for file /Users/abatcoveanu/airflow/dags/subdag.py/jobs_dag.py
[2024-03-26T14:37:32.978+0200] {base.py:83} INFO - Using connection ID 'fs_default' for task execution.
[2024-03-26T14:37:32.980+0200] {filesystem.py:66} INFO - Poking for file /Users/abatcoveanu/airflow/dags/subdag.py/jobs_dag.py
[2024-03-26T14:38:32.995+0200] {base.py:83} INFO - Using connection ID 'fs_default' for task execution.
[2024-03-26T14:38:32.995+0200] {filesystem.py:66} INFO - Poking for file /Users/abatcoveanu/airflow/dags/subdag.py/jobs_dag.py
[2024-03-26T14:38:32.996+0200] {taskinstance.py:2728} ERROR - Task failed with exception
Traceback (most recent call last):
  File "/usr/local/lib/python3.8/site-packages/airflow/models/taskinstance.py", line 444, in _execute_task
    result = _execute_callable(context=context, **execute_callable_kwargs)
  File "/usr/local/lib/python3.8/site-packages/airflow/models/taskinstance.py", line 414, in _execute_callable
    return execute_callable(context=context, **execute_callable_kwargs)
  File "/usr/local/lib/python3.8/site-packages/airflow/sensors/base.py", line 282, in execute
    raise AirflowSensorTimeout(message)
airflow.exceptions.AirflowSensorTimeout: Sensor has timed out; run duration of 120.099260419 seconds exceeds the specified timeout of 100.0.
[2024-03-26T14:38:33.025+0200] {taskinstance.py:1149} INFO - Immediate failure requested. Marking task as FAILED. dag_id=trigger_dag, task_id=wait_run_file, execution_date=20240326T123626, start_date=20240326T123632, end_date=20240326T123833
[2024-03-26T14:38:33.045+0200] {standard_task_runner.py:107} ERROR - Failed to execute job 568 for task wait_run_file (Sensor has timed out; run duration of 120.099260419 seconds exceeds the specified timeout of 100.0.; 10848)
[2024-03-26T14:38:33.061+0200] {local_task_job_runner.py:234} INFO - Task exited with return code 1
[2024-03-26T14:38:33.130+0200] {taskinstance.py:3309} INFO - 0 downstream tasks scheduled from follow-on schedule check
