[2024-03-28T10:55:17.589+0200] {taskinstance.py:1979} INFO - Dependencies all met for dep_context=non-requeueable deps ti=<TaskInstance: trigger_dag.trigger_dag_task manual__2024-03-28T08:54:10.449432+00:00 [queued]>
[2024-03-28T10:55:17.602+0200] {taskinstance.py:1979} INFO - Dependencies all met for dep_context=requeueable deps ti=<TaskInstance: trigger_dag.trigger_dag_task manual__2024-03-28T08:54:10.449432+00:00 [queued]>
[2024-03-28T10:55:17.602+0200] {taskinstance.py:2193} INFO - Starting attempt 1 of 1
[2024-03-28T10:55:17.619+0200] {taskinstance.py:2214} INFO - Executing <Task(TriggerDagRunOperator): trigger_dag_task> on 2024-03-28 08:54:10.449432+00:00
[2024-03-28T10:55:17.624+0200] {standard_task_runner.py:60} INFO - Started process 1578 to run task
[2024-03-28T10:55:17.632+0200] {standard_task_runner.py:87} INFO - Running: ['airflow', 'tasks', 'run', 'trigger_dag', 'trigger_dag_task', 'manual__2024-03-28T08:54:10.449432+00:00', '--job-id', '1025', '--raw', '--subdir', 'DAGS_FOLDER/trigger_dag.py', '--cfg-path', '/var/folders/t6/vwjsg0jx26jcjdwn_gxhbjzc0000gp/T/tmpffcunlfs']
[2024-03-28T10:55:17.634+0200] {standard_task_runner.py:88} INFO - Job 1025: Subtask trigger_dag_task
[2024-03-28T10:55:17.748+0200] {task_command.py:423} INFO - Running <TaskInstance: trigger_dag.trigger_dag_task manual__2024-03-28T08:54:10.449432+00:00 [running]> on host C9843
[2024-03-28T10:55:17.898+0200] {taskinstance.py:2510} INFO - Exporting env vars: AIRFLOW_CTX_DAG_OWNER='airflow' AIRFLOW_CTX_DAG_ID='trigger_dag' AIRFLOW_CTX_TASK_ID='trigger_dag_task' AIRFLOW_CTX_EXECUTION_DATE='2024-03-28T08:54:10.449432+00:00' AIRFLOW_CTX_TRY_NUMBER='1' AIRFLOW_CTX_DAG_RUN_ID='manual__2024-03-28T08:54:10.449432+00:00'
[2024-03-28T10:55:18.049+0200] {trigger_dagrun.py:210} INFO - Waiting for dag_id_3 on 2024-03-28 08:55:17.900765+00:00 to become allowed state ['success'] ...
[2024-03-28T10:56:03.203+0200] {local_task_job_runner.py:280} WARNING - Recorded pid 1860 does not match the current pid 1578
[2024-03-28T10:56:03.220+0200] {process_utils.py:131} INFO - Sending 15 to group 1578. PIDs of all processes in the group: [1578]
[2024-03-28T10:56:03.221+0200] {process_utils.py:86} INFO - Sending the signal 15 to group 1578
[2024-03-28T10:56:03.222+0200] {taskinstance.py:2480} ERROR - Received SIGTERM. Terminating subprocesses.
[2024-03-28T10:56:03.249+0200] {taskinstance.py:2728} ERROR - Task failed with exception
Traceback (most recent call last):
  File "/usr/local/lib/python3.8/site-packages/airflow/models/taskinstance.py", line 444, in _execute_task
    result = _execute_callable(context=context, **execute_callable_kwargs)
  File "/usr/local/lib/python3.8/site-packages/airflow/models/taskinstance.py", line 414, in _execute_callable
    return execute_callable(context=context, **execute_callable_kwargs)
  File "/usr/local/lib/python3.8/site-packages/airflow/operators/trigger_dagrun.py", line 216, in execute
    time.sleep(self.poke_interval)
  File "/usr/local/lib/python3.8/site-packages/airflow/models/taskinstance.py", line 2482, in signal_handler
    raise AirflowException("Task received SIGTERM signal")
airflow.exceptions.AirflowException: Task received SIGTERM signal
[2024-03-28T10:56:03.255+0200] {taskinstance.py:1149} INFO - Marking task as FAILED. dag_id=trigger_dag, task_id=trigger_dag_task, execution_date=20240328T085410, start_date=20240328T085602, end_date=20240328T085603
[2024-03-28T10:56:03.415+0200] {standard_task_runner.py:107} ERROR - Failed to execute job 1025 for task trigger_dag_task (Task received SIGTERM signal; 1578)
[2024-03-28T10:56:03.450+0200] {process_utils.py:79} INFO - Process psutil.Process(pid=1578, status='terminated', exitcode=1, started='10:55:17') (1578) terminated with exit code 1
