[2024-03-25T11:30:22.894+0200] {taskinstance.py:1979} INFO - Dependencies all met for dep_context=non-requeueable deps ti=<TaskInstance: dag_id_3.show_databases manual__2024-03-25T09:29:24.995180+00:00 [queued]>
[2024-03-25T11:30:22.901+0200] {taskinstance.py:1979} INFO - Dependencies all met for dep_context=requeueable deps ti=<TaskInstance: dag_id_3.show_databases manual__2024-03-25T09:29:24.995180+00:00 [queued]>
[2024-03-25T11:30:22.901+0200] {taskinstance.py:2193} INFO - Starting attempt 1 of 1
[2024-03-25T11:30:22.911+0200] {taskinstance.py:2214} INFO - Executing <Task(PostgresOperator): show_databases> on 2024-03-25 09:29:24.995180+00:00
[2024-03-25T11:30:22.915+0200] {standard_task_runner.py:60} INFO - Started process 20078 to run task
[2024-03-25T11:30:22.920+0200] {standard_task_runner.py:87} INFO - Running: ['airflow', 'tasks', 'run', 'dag_id_3', 'show_databases', 'manual__2024-03-25T09:29:24.995180+00:00', '--job-id', '519', '--raw', '--subdir', 'DAGS_FOLDER/jobs_dag.py', '--cfg-path', '/var/folders/t6/vwjsg0jx26jcjdwn_gxhbjzc0000gp/T/tmpadycgykv']
[2024-03-25T11:30:22.922+0200] {standard_task_runner.py:88} INFO - Job 519: Subtask show_databases
[2024-03-25T11:30:23.007+0200] {task_command.py:423} INFO - Running <TaskInstance: dag_id_3.show_databases manual__2024-03-25T09:29:24.995180+00:00 [running]> on host C9843
[2024-03-25T11:30:23.155+0200] {taskinstance.py:2510} INFO - Exporting env vars: AIRFLOW_CTX_DAG_OWNER='airflow' AIRFLOW_CTX_DAG_ID='dag_id_3' AIRFLOW_CTX_TASK_ID='show_databases' AIRFLOW_CTX_EXECUTION_DATE='2024-03-25T09:29:24.995180+00:00' AIRFLOW_CTX_TRY_NUMBER='1' AIRFLOW_CTX_DAG_RUN_ID='manual__2024-03-25T09:29:24.995180+00:00'
[2024-03-25T11:30:23.157+0200] {sql.py:276} INFO - Executing: 
                SELECT datname
                FROM pg_database
                WHERE datistemplate = false
                ORDER BY datname;
            
[2024-03-25T11:30:23.168+0200] {base.py:83} INFO - Using connection ID 'Postgres_db' for task execution.
[2024-03-25T11:30:23.201+0200] {base.py:83} INFO - Using connection ID 'Postgres_db' for task execution.
[2024-03-25T11:30:23.206+0200] {sql.py:457} INFO - Running statement: 
                SELECT datname
                FROM pg_database
                WHERE datistemplate = false
                ORDER BY datname;
            , parameters: [119195435, 'None', datetime.datetime(2024, 3, 25, 11, 30, 22, 267848)]
[2024-03-25T11:30:23.208+0200] {sql.py:466} INFO - Rows affected: 3
[2024-03-25T11:30:23.215+0200] {logging_mixin.py:188} WARNING - /usr/local/lib/python3.8/site-packages/airflow/providers/common/sql/hooks/sql.py:407 AirflowProviderDeprecationWarning: Call to deprecated method _make_common_data_structure. (The `_make_serializable` method is deprecated and support will be removed in a future version of the common.sql provider. Please update the DbApiHook's provider to a version based on common.sql >= 1.9.1.)
[2024-03-25T11:30:23.259+0200] {taskinstance.py:1149} INFO - Marking task as SUCCESS. dag_id=dag_id_3, task_id=show_databases, execution_date=20240325T092924, start_date=20240325T093022, end_date=20240325T093023
[2024-03-25T11:30:23.311+0200] {local_task_job_runner.py:234} INFO - Task exited with return code 0
[2024-03-25T11:30:23.350+0200] {taskinstance.py:3309} INFO - 0 downstream tasks scheduled from follow-on schedule check
