[2024-03-13T11:09:15.471+0200] {processor.py:161} INFO - Started process (PID=1848) to work on /usr/local/lib/python3.8/site-packages/airflow/example_dags/plugins/event_listener.py
[2024-03-13T11:09:15.472+0200] {processor.py:830} INFO - Processing file /usr/local/lib/python3.8/site-packages/airflow/example_dags/plugins/event_listener.py for tasks to queue
[2024-03-13T11:09:15.472+0200] {logging_mixin.py:188} INFO - [2024-03-13T11:09:15.472+0200] {dagbag.py:540} INFO - Filling up the DagBag from /usr/local/lib/python3.8/site-packages/airflow/example_dags/plugins/event_listener.py
[2024-03-13T11:09:15.473+0200] {processor.py:842} WARNING - No viable dags retrieved from /usr/local/lib/python3.8/site-packages/airflow/example_dags/plugins/event_listener.py
[2024-03-13T11:09:15.588+0200] {processor.py:183} INFO - Processing /usr/local/lib/python3.8/site-packages/airflow/example_dags/plugins/event_listener.py took 0.119 seconds
[2024-03-13T11:10:05.544+0200] {processor.py:161} INFO - Started process (PID=2045) to work on /usr/local/lib/python3.8/site-packages/airflow/example_dags/plugins/event_listener.py
[2024-03-13T11:10:05.545+0200] {processor.py:830} INFO - Processing file /usr/local/lib/python3.8/site-packages/airflow/example_dags/plugins/event_listener.py for tasks to queue
[2024-03-13T11:10:05.545+0200] {logging_mixin.py:188} INFO - [2024-03-13T11:10:05.545+0200] {dagbag.py:540} INFO - Filling up the DagBag from /usr/local/lib/python3.8/site-packages/airflow/example_dags/plugins/event_listener.py
[2024-03-13T11:10:05.546+0200] {processor.py:842} WARNING - No viable dags retrieved from /usr/local/lib/python3.8/site-packages/airflow/example_dags/plugins/event_listener.py
[2024-03-13T11:10:05.636+0200] {processor.py:183} INFO - Processing /usr/local/lib/python3.8/site-packages/airflow/example_dags/plugins/event_listener.py took 0.094 seconds
[2024-03-13T11:10:55.292+0200] {processor.py:161} INFO - Started process (PID=2214) to work on /usr/local/lib/python3.8/site-packages/airflow/example_dags/plugins/event_listener.py
[2024-03-13T11:10:55.293+0200] {processor.py:830} INFO - Processing file /usr/local/lib/python3.8/site-packages/airflow/example_dags/plugins/event_listener.py for tasks to queue
[2024-03-13T11:10:55.294+0200] {logging_mixin.py:188} INFO - [2024-03-13T11:10:55.293+0200] {dagbag.py:540} INFO - Filling up the DagBag from /usr/local/lib/python3.8/site-packages/airflow/example_dags/plugins/event_listener.py
[2024-03-13T11:10:55.295+0200] {processor.py:842} WARNING - No viable dags retrieved from /usr/local/lib/python3.8/site-packages/airflow/example_dags/plugins/event_listener.py
[2024-03-13T11:10:55.405+0200] {processor.py:183} INFO - Processing /usr/local/lib/python3.8/site-packages/airflow/example_dags/plugins/event_listener.py took 0.115 seconds
[2024-03-13T11:11:32.561+0200] {processor.py:161} INFO - Started process (PID=2368) to work on /usr/local/lib/python3.8/site-packages/airflow/example_dags/plugins/event_listener.py
[2024-03-13T11:11:32.561+0200] {processor.py:830} INFO - Processing file /usr/local/lib/python3.8/site-packages/airflow/example_dags/plugins/event_listener.py for tasks to queue
[2024-03-13T11:11:32.562+0200] {logging_mixin.py:188} INFO - [2024-03-13T11:11:32.562+0200] {dagbag.py:540} INFO - Filling up the DagBag from /usr/local/lib/python3.8/site-packages/airflow/example_dags/plugins/event_listener.py
[2024-03-13T11:11:32.563+0200] {processor.py:842} WARNING - No viable dags retrieved from /usr/local/lib/python3.8/site-packages/airflow/example_dags/plugins/event_listener.py
[2024-03-13T11:11:32.648+0200] {processor.py:183} INFO - Processing /usr/local/lib/python3.8/site-packages/airflow/example_dags/plugins/event_listener.py took 0.089 seconds
[2024-03-13T11:12:22.865+0200] {processor.py:161} INFO - Started process (PID=2559) to work on /usr/local/lib/python3.8/site-packages/airflow/example_dags/plugins/event_listener.py
[2024-03-13T11:12:22.866+0200] {processor.py:830} INFO - Processing file /usr/local/lib/python3.8/site-packages/airflow/example_dags/plugins/event_listener.py for tasks to queue
[2024-03-13T11:12:22.867+0200] {logging_mixin.py:188} INFO - [2024-03-13T11:12:22.867+0200] {dagbag.py:540} INFO - Filling up the DagBag from /usr/local/lib/python3.8/site-packages/airflow/example_dags/plugins/event_listener.py
[2024-03-13T11:12:22.868+0200] {processor.py:842} WARNING - No viable dags retrieved from /usr/local/lib/python3.8/site-packages/airflow/example_dags/plugins/event_listener.py
[2024-03-13T11:12:22.994+0200] {processor.py:183} INFO - Processing /usr/local/lib/python3.8/site-packages/airflow/example_dags/plugins/event_listener.py took 0.131 seconds
[2024-03-13T11:12:58.007+0200] {processor.py:161} INFO - Started process (PID=2685) to work on /usr/local/lib/python3.8/site-packages/airflow/example_dags/plugins/event_listener.py
[2024-03-13T11:12:58.008+0200] {processor.py:830} INFO - Processing file /usr/local/lib/python3.8/site-packages/airflow/example_dags/plugins/event_listener.py for tasks to queue
[2024-03-13T11:12:58.008+0200] {logging_mixin.py:188} INFO - [2024-03-13T11:12:58.008+0200] {dagbag.py:540} INFO - Filling up the DagBag from /usr/local/lib/python3.8/site-packages/airflow/example_dags/plugins/event_listener.py
[2024-03-13T11:12:58.009+0200] {processor.py:842} WARNING - No viable dags retrieved from /usr/local/lib/python3.8/site-packages/airflow/example_dags/plugins/event_listener.py
[2024-03-13T11:12:58.105+0200] {processor.py:183} INFO - Processing /usr/local/lib/python3.8/site-packages/airflow/example_dags/plugins/event_listener.py took 0.099 seconds
[2024-03-13T11:16:58.385+0200] {processor.py:161} INFO - Started process (PID=3023) to work on /usr/local/lib/python3.8/site-packages/airflow/example_dags/plugins/event_listener.py
[2024-03-13T11:16:58.386+0200] {processor.py:830} INFO - Processing file /usr/local/lib/python3.8/site-packages/airflow/example_dags/plugins/event_listener.py for tasks to queue
[2024-03-13T11:16:58.386+0200] {logging_mixin.py:188} INFO - [2024-03-13T11:16:58.386+0200] {dagbag.py:540} INFO - Filling up the DagBag from /usr/local/lib/python3.8/site-packages/airflow/example_dags/plugins/event_listener.py
[2024-03-13T11:16:58.387+0200] {processor.py:842} WARNING - No viable dags retrieved from /usr/local/lib/python3.8/site-packages/airflow/example_dags/plugins/event_listener.py
[2024-03-13T11:16:58.473+0200] {processor.py:183} INFO - Processing /usr/local/lib/python3.8/site-packages/airflow/example_dags/plugins/event_listener.py took 0.090 seconds
[2024-03-13T11:18:02.437+0200] {processor.py:161} INFO - Started process (PID=3275) to work on /usr/local/lib/python3.8/site-packages/airflow/example_dags/plugins/event_listener.py
[2024-03-13T11:18:02.438+0200] {processor.py:830} INFO - Processing file /usr/local/lib/python3.8/site-packages/airflow/example_dags/plugins/event_listener.py for tasks to queue
[2024-03-13T11:18:02.439+0200] {logging_mixin.py:188} INFO - [2024-03-13T11:18:02.439+0200] {dagbag.py:540} INFO - Filling up the DagBag from /usr/local/lib/python3.8/site-packages/airflow/example_dags/plugins/event_listener.py
[2024-03-13T11:18:02.440+0200] {processor.py:842} WARNING - No viable dags retrieved from /usr/local/lib/python3.8/site-packages/airflow/example_dags/plugins/event_listener.py
[2024-03-13T11:18:02.531+0200] {processor.py:183} INFO - Processing /usr/local/lib/python3.8/site-packages/airflow/example_dags/plugins/event_listener.py took 0.096 seconds
[2024-03-13T11:18:51.612+0200] {processor.py:161} INFO - Started process (PID=3483) to work on /usr/local/lib/python3.8/site-packages/airflow/example_dags/plugins/event_listener.py
[2024-03-13T11:18:51.612+0200] {processor.py:830} INFO - Processing file /usr/local/lib/python3.8/site-packages/airflow/example_dags/plugins/event_listener.py for tasks to queue
[2024-03-13T11:18:51.613+0200] {logging_mixin.py:188} INFO - [2024-03-13T11:18:51.613+0200] {dagbag.py:540} INFO - Filling up the DagBag from /usr/local/lib/python3.8/site-packages/airflow/example_dags/plugins/event_listener.py
[2024-03-13T11:18:51.614+0200] {processor.py:842} WARNING - No viable dags retrieved from /usr/local/lib/python3.8/site-packages/airflow/example_dags/plugins/event_listener.py
[2024-03-13T11:18:51.705+0200] {processor.py:183} INFO - Processing /usr/local/lib/python3.8/site-packages/airflow/example_dags/plugins/event_listener.py took 0.095 seconds
[2024-03-13T11:19:41.255+0200] {processor.py:161} INFO - Started process (PID=3662) to work on /usr/local/lib/python3.8/site-packages/airflow/example_dags/plugins/event_listener.py
[2024-03-13T11:19:41.256+0200] {processor.py:830} INFO - Processing file /usr/local/lib/python3.8/site-packages/airflow/example_dags/plugins/event_listener.py for tasks to queue
[2024-03-13T11:19:41.257+0200] {logging_mixin.py:188} INFO - [2024-03-13T11:19:41.257+0200] {dagbag.py:540} INFO - Filling up the DagBag from /usr/local/lib/python3.8/site-packages/airflow/example_dags/plugins/event_listener.py
[2024-03-13T11:19:41.258+0200] {processor.py:842} WARNING - No viable dags retrieved from /usr/local/lib/python3.8/site-packages/airflow/example_dags/plugins/event_listener.py
[2024-03-13T11:19:41.378+0200] {processor.py:183} INFO - Processing /usr/local/lib/python3.8/site-packages/airflow/example_dags/plugins/event_listener.py took 0.125 seconds
[2024-03-13T11:20:20.356+0200] {processor.py:161} INFO - Started process (PID=3822) to work on /usr/local/lib/python3.8/site-packages/airflow/example_dags/plugins/event_listener.py
[2024-03-13T11:20:20.357+0200] {processor.py:830} INFO - Processing file /usr/local/lib/python3.8/site-packages/airflow/example_dags/plugins/event_listener.py for tasks to queue
[2024-03-13T11:20:20.359+0200] {logging_mixin.py:188} INFO - [2024-03-13T11:20:20.358+0200] {dagbag.py:540} INFO - Filling up the DagBag from /usr/local/lib/python3.8/site-packages/airflow/example_dags/plugins/event_listener.py
[2024-03-13T11:20:20.360+0200] {processor.py:842} WARNING - No viable dags retrieved from /usr/local/lib/python3.8/site-packages/airflow/example_dags/plugins/event_listener.py
[2024-03-13T11:20:20.481+0200] {processor.py:183} INFO - Processing /usr/local/lib/python3.8/site-packages/airflow/example_dags/plugins/event_listener.py took 0.127 seconds
[2024-03-13T11:20:59.367+0200] {processor.py:161} INFO - Started process (PID=3986) to work on /usr/local/lib/python3.8/site-packages/airflow/example_dags/plugins/event_listener.py
[2024-03-13T11:20:59.368+0200] {processor.py:830} INFO - Processing file /usr/local/lib/python3.8/site-packages/airflow/example_dags/plugins/event_listener.py for tasks to queue
[2024-03-13T11:20:59.369+0200] {logging_mixin.py:188} INFO - [2024-03-13T11:20:59.368+0200] {dagbag.py:540} INFO - Filling up the DagBag from /usr/local/lib/python3.8/site-packages/airflow/example_dags/plugins/event_listener.py
[2024-03-13T11:20:59.370+0200] {processor.py:842} WARNING - No viable dags retrieved from /usr/local/lib/python3.8/site-packages/airflow/example_dags/plugins/event_listener.py
[2024-03-13T11:20:59.487+0200] {processor.py:183} INFO - Processing /usr/local/lib/python3.8/site-packages/airflow/example_dags/plugins/event_listener.py took 0.121 seconds
[2024-03-13T11:21:49.555+0200] {processor.py:161} INFO - Started process (PID=4184) to work on /usr/local/lib/python3.8/site-packages/airflow/example_dags/plugins/event_listener.py
[2024-03-13T11:21:49.556+0200] {processor.py:830} INFO - Processing file /usr/local/lib/python3.8/site-packages/airflow/example_dags/plugins/event_listener.py for tasks to queue
[2024-03-13T11:21:49.556+0200] {logging_mixin.py:188} INFO - [2024-03-13T11:21:49.556+0200] {dagbag.py:540} INFO - Filling up the DagBag from /usr/local/lib/python3.8/site-packages/airflow/example_dags/plugins/event_listener.py
[2024-03-13T11:21:49.557+0200] {processor.py:842} WARNING - No viable dags retrieved from /usr/local/lib/python3.8/site-packages/airflow/example_dags/plugins/event_listener.py
[2024-03-13T11:21:49.659+0200] {processor.py:183} INFO - Processing /usr/local/lib/python3.8/site-packages/airflow/example_dags/plugins/event_listener.py took 0.105 seconds
[2024-03-13T11:22:36.909+0200] {processor.py:161} INFO - Started process (PID=4364) to work on /usr/local/lib/python3.8/site-packages/airflow/example_dags/plugins/event_listener.py
[2024-03-13T11:22:36.910+0200] {processor.py:830} INFO - Processing file /usr/local/lib/python3.8/site-packages/airflow/example_dags/plugins/event_listener.py for tasks to queue
[2024-03-13T11:22:36.911+0200] {logging_mixin.py:188} INFO - [2024-03-13T11:22:36.910+0200] {dagbag.py:540} INFO - Filling up the DagBag from /usr/local/lib/python3.8/site-packages/airflow/example_dags/plugins/event_listener.py
[2024-03-13T11:22:36.912+0200] {processor.py:842} WARNING - No viable dags retrieved from /usr/local/lib/python3.8/site-packages/airflow/example_dags/plugins/event_listener.py
[2024-03-13T11:22:37.038+0200] {processor.py:183} INFO - Processing /usr/local/lib/python3.8/site-packages/airflow/example_dags/plugins/event_listener.py took 0.130 seconds
[2024-03-13T11:23:15.432+0200] {processor.py:161} INFO - Started process (PID=4498) to work on /usr/local/lib/python3.8/site-packages/airflow/example_dags/plugins/event_listener.py
[2024-03-13T11:23:15.432+0200] {processor.py:830} INFO - Processing file /usr/local/lib/python3.8/site-packages/airflow/example_dags/plugins/event_listener.py for tasks to queue
[2024-03-13T11:23:15.433+0200] {logging_mixin.py:188} INFO - [2024-03-13T11:23:15.433+0200] {dagbag.py:540} INFO - Filling up the DagBag from /usr/local/lib/python3.8/site-packages/airflow/example_dags/plugins/event_listener.py
[2024-03-13T11:23:15.434+0200] {processor.py:842} WARNING - No viable dags retrieved from /usr/local/lib/python3.8/site-packages/airflow/example_dags/plugins/event_listener.py
[2024-03-13T11:23:15.517+0200] {processor.py:183} INFO - Processing /usr/local/lib/python3.8/site-packages/airflow/example_dags/plugins/event_listener.py took 0.087 seconds
[2024-03-13T11:23:53.256+0200] {processor.py:161} INFO - Started process (PID=4636) to work on /usr/local/lib/python3.8/site-packages/airflow/example_dags/plugins/event_listener.py
[2024-03-13T11:23:53.257+0200] {processor.py:830} INFO - Processing file /usr/local/lib/python3.8/site-packages/airflow/example_dags/plugins/event_listener.py for tasks to queue
[2024-03-13T11:23:53.258+0200] {logging_mixin.py:188} INFO - [2024-03-13T11:23:53.258+0200] {dagbag.py:540} INFO - Filling up the DagBag from /usr/local/lib/python3.8/site-packages/airflow/example_dags/plugins/event_listener.py
[2024-03-13T11:23:53.259+0200] {processor.py:842} WARNING - No viable dags retrieved from /usr/local/lib/python3.8/site-packages/airflow/example_dags/plugins/event_listener.py
[2024-03-13T11:23:53.388+0200] {processor.py:183} INFO - Processing /usr/local/lib/python3.8/site-packages/airflow/example_dags/plugins/event_listener.py took 0.133 seconds
[2024-03-13T11:24:32.141+0200] {processor.py:161} INFO - Started process (PID=4779) to work on /usr/local/lib/python3.8/site-packages/airflow/example_dags/plugins/event_listener.py
[2024-03-13T11:24:32.142+0200] {processor.py:830} INFO - Processing file /usr/local/lib/python3.8/site-packages/airflow/example_dags/plugins/event_listener.py for tasks to queue
[2024-03-13T11:24:32.143+0200] {logging_mixin.py:188} INFO - [2024-03-13T11:24:32.143+0200] {dagbag.py:540} INFO - Filling up the DagBag from /usr/local/lib/python3.8/site-packages/airflow/example_dags/plugins/event_listener.py
[2024-03-13T11:24:32.144+0200] {processor.py:842} WARNING - No viable dags retrieved from /usr/local/lib/python3.8/site-packages/airflow/example_dags/plugins/event_listener.py
[2024-03-13T11:24:32.250+0200] {processor.py:183} INFO - Processing /usr/local/lib/python3.8/site-packages/airflow/example_dags/plugins/event_listener.py took 0.111 seconds
[2024-03-13T11:25:11.576+0200] {processor.py:161} INFO - Started process (PID=4918) to work on /usr/local/lib/python3.8/site-packages/airflow/example_dags/plugins/event_listener.py
[2024-03-13T11:25:11.577+0200] {processor.py:830} INFO - Processing file /usr/local/lib/python3.8/site-packages/airflow/example_dags/plugins/event_listener.py for tasks to queue
[2024-03-13T11:25:11.578+0200] {logging_mixin.py:188} INFO - [2024-03-13T11:25:11.578+0200] {dagbag.py:540} INFO - Filling up the DagBag from /usr/local/lib/python3.8/site-packages/airflow/example_dags/plugins/event_listener.py
[2024-03-13T11:25:11.579+0200] {processor.py:842} WARNING - No viable dags retrieved from /usr/local/lib/python3.8/site-packages/airflow/example_dags/plugins/event_listener.py
[2024-03-13T11:25:11.692+0200] {processor.py:183} INFO - Processing /usr/local/lib/python3.8/site-packages/airflow/example_dags/plugins/event_listener.py took 0.117 seconds
[2024-03-13T11:25:58.696+0200] {processor.py:161} INFO - Started process (PID=5095) to work on /usr/local/lib/python3.8/site-packages/airflow/example_dags/plugins/event_listener.py
[2024-03-13T11:25:58.697+0200] {processor.py:830} INFO - Processing file /usr/local/lib/python3.8/site-packages/airflow/example_dags/plugins/event_listener.py for tasks to queue
[2024-03-13T11:25:58.697+0200] {logging_mixin.py:188} INFO - [2024-03-13T11:25:58.697+0200] {dagbag.py:540} INFO - Filling up the DagBag from /usr/local/lib/python3.8/site-packages/airflow/example_dags/plugins/event_listener.py
[2024-03-13T11:25:58.698+0200] {processor.py:842} WARNING - No viable dags retrieved from /usr/local/lib/python3.8/site-packages/airflow/example_dags/plugins/event_listener.py
[2024-03-13T11:25:58.787+0200] {processor.py:183} INFO - Processing /usr/local/lib/python3.8/site-packages/airflow/example_dags/plugins/event_listener.py took 0.092 seconds
[2024-03-13T11:26:40.569+0200] {processor.py:161} INFO - Started process (PID=5259) to work on /usr/local/lib/python3.8/site-packages/airflow/example_dags/plugins/event_listener.py
[2024-03-13T11:26:40.569+0200] {processor.py:830} INFO - Processing file /usr/local/lib/python3.8/site-packages/airflow/example_dags/plugins/event_listener.py for tasks to queue
[2024-03-13T11:26:40.570+0200] {logging_mixin.py:188} INFO - [2024-03-13T11:26:40.570+0200] {dagbag.py:540} INFO - Filling up the DagBag from /usr/local/lib/python3.8/site-packages/airflow/example_dags/plugins/event_listener.py
[2024-03-13T11:26:40.571+0200] {processor.py:842} WARNING - No viable dags retrieved from /usr/local/lib/python3.8/site-packages/airflow/example_dags/plugins/event_listener.py
[2024-03-13T11:26:40.660+0200] {processor.py:183} INFO - Processing /usr/local/lib/python3.8/site-packages/airflow/example_dags/plugins/event_listener.py took 0.093 seconds
[2024-03-13T11:27:19.823+0200] {processor.py:161} INFO - Started process (PID=5416) to work on /usr/local/lib/python3.8/site-packages/airflow/example_dags/plugins/event_listener.py
[2024-03-13T11:27:19.824+0200] {processor.py:830} INFO - Processing file /usr/local/lib/python3.8/site-packages/airflow/example_dags/plugins/event_listener.py for tasks to queue
[2024-03-13T11:27:19.824+0200] {logging_mixin.py:188} INFO - [2024-03-13T11:27:19.824+0200] {dagbag.py:540} INFO - Filling up the DagBag from /usr/local/lib/python3.8/site-packages/airflow/example_dags/plugins/event_listener.py
[2024-03-13T11:27:19.825+0200] {processor.py:842} WARNING - No viable dags retrieved from /usr/local/lib/python3.8/site-packages/airflow/example_dags/plugins/event_listener.py
[2024-03-13T11:27:19.911+0200] {processor.py:183} INFO - Processing /usr/local/lib/python3.8/site-packages/airflow/example_dags/plugins/event_listener.py took 0.090 seconds
[2024-03-13T11:28:02.594+0200] {processor.py:161} INFO - Started process (PID=5580) to work on /usr/local/lib/python3.8/site-packages/airflow/example_dags/plugins/event_listener.py
[2024-03-13T11:28:02.595+0200] {processor.py:830} INFO - Processing file /usr/local/lib/python3.8/site-packages/airflow/example_dags/plugins/event_listener.py for tasks to queue
[2024-03-13T11:28:02.595+0200] {logging_mixin.py:188} INFO - [2024-03-13T11:28:02.595+0200] {dagbag.py:540} INFO - Filling up the DagBag from /usr/local/lib/python3.8/site-packages/airflow/example_dags/plugins/event_listener.py
[2024-03-13T11:28:02.596+0200] {processor.py:842} WARNING - No viable dags retrieved from /usr/local/lib/python3.8/site-packages/airflow/example_dags/plugins/event_listener.py
[2024-03-13T11:28:02.687+0200] {processor.py:183} INFO - Processing /usr/local/lib/python3.8/site-packages/airflow/example_dags/plugins/event_listener.py took 0.095 seconds
[2024-03-13T11:28:45.495+0200] {processor.py:161} INFO - Started process (PID=5747) to work on /usr/local/lib/python3.8/site-packages/airflow/example_dags/plugins/event_listener.py
[2024-03-13T11:28:45.495+0200] {processor.py:830} INFO - Processing file /usr/local/lib/python3.8/site-packages/airflow/example_dags/plugins/event_listener.py for tasks to queue
[2024-03-13T11:28:45.496+0200] {logging_mixin.py:188} INFO - [2024-03-13T11:28:45.496+0200] {dagbag.py:540} INFO - Filling up the DagBag from /usr/local/lib/python3.8/site-packages/airflow/example_dags/plugins/event_listener.py
[2024-03-13T11:28:45.497+0200] {processor.py:842} WARNING - No viable dags retrieved from /usr/local/lib/python3.8/site-packages/airflow/example_dags/plugins/event_listener.py
[2024-03-13T11:28:45.587+0200] {processor.py:183} INFO - Processing /usr/local/lib/python3.8/site-packages/airflow/example_dags/plugins/event_listener.py took 0.094 seconds
[2024-03-13T11:29:25.692+0200] {processor.py:161} INFO - Started process (PID=5908) to work on /usr/local/lib/python3.8/site-packages/airflow/example_dags/plugins/event_listener.py
[2024-03-13T11:29:25.693+0200] {processor.py:830} INFO - Processing file /usr/local/lib/python3.8/site-packages/airflow/example_dags/plugins/event_listener.py for tasks to queue
[2024-03-13T11:29:25.694+0200] {logging_mixin.py:188} INFO - [2024-03-13T11:29:25.694+0200] {dagbag.py:540} INFO - Filling up the DagBag from /usr/local/lib/python3.8/site-packages/airflow/example_dags/plugins/event_listener.py
[2024-03-13T11:29:25.695+0200] {processor.py:842} WARNING - No viable dags retrieved from /usr/local/lib/python3.8/site-packages/airflow/example_dags/plugins/event_listener.py
[2024-03-13T11:29:25.795+0200] {processor.py:183} INFO - Processing /usr/local/lib/python3.8/site-packages/airflow/example_dags/plugins/event_listener.py took 0.104 seconds
[2024-03-13T11:30:07.277+0200] {processor.py:161} INFO - Started process (PID=6071) to work on /usr/local/lib/python3.8/site-packages/airflow/example_dags/plugins/event_listener.py
[2024-03-13T11:30:07.278+0200] {processor.py:830} INFO - Processing file /usr/local/lib/python3.8/site-packages/airflow/example_dags/plugins/event_listener.py for tasks to queue
[2024-03-13T11:30:07.278+0200] {logging_mixin.py:188} INFO - [2024-03-13T11:30:07.278+0200] {dagbag.py:540} INFO - Filling up the DagBag from /usr/local/lib/python3.8/site-packages/airflow/example_dags/plugins/event_listener.py
[2024-03-13T11:30:07.279+0200] {processor.py:842} WARNING - No viable dags retrieved from /usr/local/lib/python3.8/site-packages/airflow/example_dags/plugins/event_listener.py
[2024-03-13T11:30:07.370+0200] {processor.py:183} INFO - Processing /usr/local/lib/python3.8/site-packages/airflow/example_dags/plugins/event_listener.py took 0.094 seconds
[2024-03-13T11:30:49.424+0200] {processor.py:161} INFO - Started process (PID=6234) to work on /usr/local/lib/python3.8/site-packages/airflow/example_dags/plugins/event_listener.py
[2024-03-13T11:30:49.425+0200] {processor.py:830} INFO - Processing file /usr/local/lib/python3.8/site-packages/airflow/example_dags/plugins/event_listener.py for tasks to queue
[2024-03-13T11:30:49.425+0200] {logging_mixin.py:188} INFO - [2024-03-13T11:30:49.425+0200] {dagbag.py:540} INFO - Filling up the DagBag from /usr/local/lib/python3.8/site-packages/airflow/example_dags/plugins/event_listener.py
[2024-03-13T11:30:49.426+0200] {processor.py:842} WARNING - No viable dags retrieved from /usr/local/lib/python3.8/site-packages/airflow/example_dags/plugins/event_listener.py
[2024-03-13T11:30:49.519+0200] {processor.py:183} INFO - Processing /usr/local/lib/python3.8/site-packages/airflow/example_dags/plugins/event_listener.py took 0.097 seconds
[2024-03-13T11:31:30.141+0200] {processor.py:161} INFO - Started process (PID=6399) to work on /usr/local/lib/python3.8/site-packages/airflow/example_dags/plugins/event_listener.py
[2024-03-13T11:31:30.142+0200] {processor.py:830} INFO - Processing file /usr/local/lib/python3.8/site-packages/airflow/example_dags/plugins/event_listener.py for tasks to queue
[2024-03-13T11:31:30.143+0200] {logging_mixin.py:188} INFO - [2024-03-13T11:31:30.142+0200] {dagbag.py:540} INFO - Filling up the DagBag from /usr/local/lib/python3.8/site-packages/airflow/example_dags/plugins/event_listener.py
[2024-03-13T11:31:30.144+0200] {processor.py:842} WARNING - No viable dags retrieved from /usr/local/lib/python3.8/site-packages/airflow/example_dags/plugins/event_listener.py
[2024-03-13T11:31:30.244+0200] {processor.py:183} INFO - Processing /usr/local/lib/python3.8/site-packages/airflow/example_dags/plugins/event_listener.py took 0.105 seconds
[2024-03-13T11:32:12.706+0200] {processor.py:161} INFO - Started process (PID=6570) to work on /usr/local/lib/python3.8/site-packages/airflow/example_dags/plugins/event_listener.py
[2024-03-13T11:32:12.707+0200] {processor.py:830} INFO - Processing file /usr/local/lib/python3.8/site-packages/airflow/example_dags/plugins/event_listener.py for tasks to queue
[2024-03-13T11:32:12.707+0200] {logging_mixin.py:188} INFO - [2024-03-13T11:32:12.707+0200] {dagbag.py:540} INFO - Filling up the DagBag from /usr/local/lib/python3.8/site-packages/airflow/example_dags/plugins/event_listener.py
[2024-03-13T11:32:12.708+0200] {processor.py:842} WARNING - No viable dags retrieved from /usr/local/lib/python3.8/site-packages/airflow/example_dags/plugins/event_listener.py
[2024-03-13T11:32:12.792+0200] {processor.py:183} INFO - Processing /usr/local/lib/python3.8/site-packages/airflow/example_dags/plugins/event_listener.py took 0.088 seconds
[2024-03-13T11:32:55.861+0200] {processor.py:161} INFO - Started process (PID=6734) to work on /usr/local/lib/python3.8/site-packages/airflow/example_dags/plugins/event_listener.py
[2024-03-13T11:32:55.862+0200] {processor.py:830} INFO - Processing file /usr/local/lib/python3.8/site-packages/airflow/example_dags/plugins/event_listener.py for tasks to queue
[2024-03-13T11:32:55.862+0200] {logging_mixin.py:188} INFO - [2024-03-13T11:32:55.862+0200] {dagbag.py:540} INFO - Filling up the DagBag from /usr/local/lib/python3.8/site-packages/airflow/example_dags/plugins/event_listener.py
[2024-03-13T11:32:55.863+0200] {processor.py:842} WARNING - No viable dags retrieved from /usr/local/lib/python3.8/site-packages/airflow/example_dags/plugins/event_listener.py
[2024-03-13T11:32:55.951+0200] {processor.py:183} INFO - Processing /usr/local/lib/python3.8/site-packages/airflow/example_dags/plugins/event_listener.py took 0.092 seconds
[2024-03-13T11:33:38.362+0200] {processor.py:161} INFO - Started process (PID=6923) to work on /usr/local/lib/python3.8/site-packages/airflow/example_dags/plugins/event_listener.py
[2024-03-13T11:33:38.363+0200] {processor.py:830} INFO - Processing file /usr/local/lib/python3.8/site-packages/airflow/example_dags/plugins/event_listener.py for tasks to queue
[2024-03-13T11:33:38.363+0200] {logging_mixin.py:188} INFO - [2024-03-13T11:33:38.363+0200] {dagbag.py:540} INFO - Filling up the DagBag from /usr/local/lib/python3.8/site-packages/airflow/example_dags/plugins/event_listener.py
[2024-03-13T11:33:38.364+0200] {processor.py:842} WARNING - No viable dags retrieved from /usr/local/lib/python3.8/site-packages/airflow/example_dags/plugins/event_listener.py
[2024-03-13T11:33:38.446+0200] {processor.py:183} INFO - Processing /usr/local/lib/python3.8/site-packages/airflow/example_dags/plugins/event_listener.py took 0.085 seconds
[2024-03-13T11:34:20.804+0200] {processor.py:161} INFO - Started process (PID=7088) to work on /usr/local/lib/python3.8/site-packages/airflow/example_dags/plugins/event_listener.py
[2024-03-13T11:34:20.805+0200] {processor.py:830} INFO - Processing file /usr/local/lib/python3.8/site-packages/airflow/example_dags/plugins/event_listener.py for tasks to queue
[2024-03-13T11:34:20.806+0200] {logging_mixin.py:188} INFO - [2024-03-13T11:34:20.805+0200] {dagbag.py:540} INFO - Filling up the DagBag from /usr/local/lib/python3.8/site-packages/airflow/example_dags/plugins/event_listener.py
[2024-03-13T11:34:20.807+0200] {processor.py:842} WARNING - No viable dags retrieved from /usr/local/lib/python3.8/site-packages/airflow/example_dags/plugins/event_listener.py
[2024-03-13T11:34:20.898+0200] {processor.py:183} INFO - Processing /usr/local/lib/python3.8/site-packages/airflow/example_dags/plugins/event_listener.py took 0.095 seconds
[2024-03-13T11:35:01.785+0200] {processor.py:161} INFO - Started process (PID=7248) to work on /usr/local/lib/python3.8/site-packages/airflow/example_dags/plugins/event_listener.py
[2024-03-13T11:35:01.785+0200] {processor.py:830} INFO - Processing file /usr/local/lib/python3.8/site-packages/airflow/example_dags/plugins/event_listener.py for tasks to queue
[2024-03-13T11:35:01.786+0200] {logging_mixin.py:188} INFO - [2024-03-13T11:35:01.786+0200] {dagbag.py:540} INFO - Filling up the DagBag from /usr/local/lib/python3.8/site-packages/airflow/example_dags/plugins/event_listener.py
[2024-03-13T11:35:01.787+0200] {processor.py:842} WARNING - No viable dags retrieved from /usr/local/lib/python3.8/site-packages/airflow/example_dags/plugins/event_listener.py
[2024-03-13T11:35:01.887+0200] {processor.py:183} INFO - Processing /usr/local/lib/python3.8/site-packages/airflow/example_dags/plugins/event_listener.py took 0.104 seconds
