[2024-03-13T11:09:07.362+0200] {processor.py:161} INFO - Started process (PID=1826) to work on /Users/abatcoveanu/airflow/dags/dag_folder/my_new_dag_3/my_third_dag.py
[2024-03-13T11:09:07.363+0200] {processor.py:830} INFO - Processing file /Users/abatcoveanu/airflow/dags/dag_folder/my_new_dag_3/my_third_dag.py for tasks to queue
[2024-03-13T11:09:07.363+0200] {logging_mixin.py:188} INFO - [2024-03-13T11:09:07.363+0200] {dagbag.py:540} INFO - Filling up the DagBag from /Users/abatcoveanu/airflow/dags/dag_folder/my_new_dag_3/my_third_dag.py
[2024-03-13T11:09:07.371+0200] {processor.py:840} INFO - DAG(s) 'dag_id_2' retrieved from /Users/abatcoveanu/airflow/dags/dag_folder/my_new_dag_3/my_third_dag.py
[2024-03-13T11:09:07.652+0200] {logging_mixin.py:188} INFO - [2024-03-13T11:09:07.651+0200] {override.py:1769} INFO - Created Permission View: can delete on DAG:dag_id_2
[2024-03-13T11:09:07.659+0200] {logging_mixin.py:188} INFO - [2024-03-13T11:09:07.659+0200] {override.py:1769} INFO - Created Permission View: can read on DAG:dag_id_2
[2024-03-13T11:09:07.664+0200] {logging_mixin.py:188} INFO - [2024-03-13T11:09:07.663+0200] {override.py:1769} INFO - Created Permission View: can edit on DAG:dag_id_2
[2024-03-13T11:09:07.664+0200] {logging_mixin.py:188} INFO - [2024-03-13T11:09:07.664+0200] {dag.py:3047} INFO - Sync 1 DAGs
[2024-03-13T11:09:07.673+0200] {logging_mixin.py:188} INFO - [2024-03-13T11:09:07.673+0200] {dag.py:3069} INFO - Creating ORM DAG for dag_id_2
[2024-03-13T11:09:07.674+0200] {logging_mixin.py:188} INFO - [2024-03-13T11:09:07.674+0200] {dag.py:3834} INFO - Setting next_dagrun for dag_id_2 to None, run_after=None
[2024-03-13T11:09:07.684+0200] {processor.py:183} INFO - Processing /Users/abatcoveanu/airflow/dags/dag_folder/my_new_dag_3/my_third_dag.py took 0.324 seconds
[2024-03-13T11:09:58.308+0200] {processor.py:161} INFO - Started process (PID=2012) to work on /Users/abatcoveanu/airflow/dags/dag_folder/my_new_dag_3/my_third_dag.py
[2024-03-13T11:09:58.309+0200] {processor.py:830} INFO - Processing file /Users/abatcoveanu/airflow/dags/dag_folder/my_new_dag_3/my_third_dag.py for tasks to queue
[2024-03-13T11:09:58.310+0200] {logging_mixin.py:188} INFO - [2024-03-13T11:09:58.310+0200] {dagbag.py:540} INFO - Filling up the DagBag from /Users/abatcoveanu/airflow/dags/dag_folder/my_new_dag_3/my_third_dag.py
[2024-03-13T11:09:58.315+0200] {processor.py:840} INFO - DAG(s) 'dag_id_2' retrieved from /Users/abatcoveanu/airflow/dags/dag_folder/my_new_dag_3/my_third_dag.py
[2024-03-13T11:09:58.339+0200] {logging_mixin.py:188} INFO - [2024-03-13T11:09:58.339+0200] {dag.py:3047} INFO - Sync 1 DAGs
[2024-03-13T11:09:58.452+0200] {logging_mixin.py:188} INFO - [2024-03-13T11:09:58.452+0200] {dag.py:3834} INFO - Setting next_dagrun for dag_id_2 to None, run_after=None
[2024-03-13T11:09:58.468+0200] {processor.py:183} INFO - Processing /Users/abatcoveanu/airflow/dags/dag_folder/my_new_dag_3/my_third_dag.py took 0.161 seconds
[2024-03-13T11:10:35.180+0200] {processor.py:161} INFO - Started process (PID=2146) to work on /Users/abatcoveanu/airflow/dags/dag_folder/my_new_dag_3/my_third_dag.py
[2024-03-13T11:10:35.180+0200] {processor.py:830} INFO - Processing file /Users/abatcoveanu/airflow/dags/dag_folder/my_new_dag_3/my_third_dag.py for tasks to queue
[2024-03-13T11:10:35.181+0200] {logging_mixin.py:188} INFO - [2024-03-13T11:10:35.181+0200] {dagbag.py:540} INFO - Filling up the DagBag from /Users/abatcoveanu/airflow/dags/dag_folder/my_new_dag_3/my_third_dag.py
[2024-03-13T11:10:35.187+0200] {processor.py:840} INFO - DAG(s) 'dag_id_2' retrieved from /Users/abatcoveanu/airflow/dags/dag_folder/my_new_dag_3/my_third_dag.py
[2024-03-13T11:10:35.212+0200] {logging_mixin.py:188} INFO - [2024-03-13T11:10:35.211+0200] {dag.py:3047} INFO - Sync 1 DAGs
[2024-03-13T11:10:35.351+0200] {logging_mixin.py:188} INFO - [2024-03-13T11:10:35.351+0200] {dag.py:3834} INFO - Setting next_dagrun for dag_id_2 to None, run_after=None
[2024-03-13T11:10:35.369+0200] {processor.py:183} INFO - Processing /Users/abatcoveanu/airflow/dags/dag_folder/my_new_dag_3/my_third_dag.py took 0.191 seconds
[2024-03-13T11:11:12.766+0200] {processor.py:161} INFO - Started process (PID=2290) to work on /Users/abatcoveanu/airflow/dags/dag_folder/my_new_dag_3/my_third_dag.py
[2024-03-13T11:11:12.767+0200] {processor.py:830} INFO - Processing file /Users/abatcoveanu/airflow/dags/dag_folder/my_new_dag_3/my_third_dag.py for tasks to queue
[2024-03-13T11:11:12.767+0200] {logging_mixin.py:188} INFO - [2024-03-13T11:11:12.767+0200] {dagbag.py:540} INFO - Filling up the DagBag from /Users/abatcoveanu/airflow/dags/dag_folder/my_new_dag_3/my_third_dag.py
[2024-03-13T11:11:12.773+0200] {processor.py:840} INFO - DAG(s) 'dag_id_2' retrieved from /Users/abatcoveanu/airflow/dags/dag_folder/my_new_dag_3/my_third_dag.py
[2024-03-13T11:11:12.990+0200] {logging_mixin.py:188} INFO - [2024-03-13T11:11:12.990+0200] {dag.py:3047} INFO - Sync 1 DAGs
[2024-03-13T11:11:13.003+0200] {logging_mixin.py:188} INFO - [2024-03-13T11:11:13.002+0200] {dag.py:3834} INFO - Setting next_dagrun for dag_id_2 to None, run_after=None
[2024-03-13T11:11:13.017+0200] {processor.py:183} INFO - Processing /Users/abatcoveanu/airflow/dags/dag_folder/my_new_dag_3/my_third_dag.py took 0.253 seconds
[2024-03-13T11:11:48.503+0200] {processor.py:161} INFO - Started process (PID=2429) to work on /Users/abatcoveanu/airflow/dags/dag_folder/my_new_dag_3/my_third_dag.py
[2024-03-13T11:11:48.504+0200] {processor.py:830} INFO - Processing file /Users/abatcoveanu/airflow/dags/dag_folder/my_new_dag_3/my_third_dag.py for tasks to queue
[2024-03-13T11:11:48.504+0200] {logging_mixin.py:188} INFO - [2024-03-13T11:11:48.504+0200] {dagbag.py:540} INFO - Filling up the DagBag from /Users/abatcoveanu/airflow/dags/dag_folder/my_new_dag_3/my_third_dag.py
[2024-03-13T11:11:48.511+0200] {processor.py:840} INFO - DAG(s) 'dag_id_2' retrieved from /Users/abatcoveanu/airflow/dags/dag_folder/my_new_dag_3/my_third_dag.py
[2024-03-13T11:11:48.536+0200] {logging_mixin.py:188} INFO - [2024-03-13T11:11:48.536+0200] {dag.py:3047} INFO - Sync 1 DAGs
[2024-03-13T11:11:48.654+0200] {logging_mixin.py:188} INFO - [2024-03-13T11:11:48.654+0200] {dag.py:3834} INFO - Setting next_dagrun for dag_id_2 to None, run_after=None
[2024-03-13T11:11:48.670+0200] {processor.py:183} INFO - Processing /Users/abatcoveanu/airflow/dags/dag_folder/my_new_dag_3/my_third_dag.py took 0.169 seconds
[2024-03-13T11:12:38.289+0200] {processor.py:161} INFO - Started process (PID=2613) to work on /Users/abatcoveanu/airflow/dags/dag_folder/my_new_dag_3/my_third_dag.py
[2024-03-13T11:12:38.290+0200] {processor.py:830} INFO - Processing file /Users/abatcoveanu/airflow/dags/dag_folder/my_new_dag_3/my_third_dag.py for tasks to queue
[2024-03-13T11:12:38.290+0200] {logging_mixin.py:188} INFO - [2024-03-13T11:12:38.290+0200] {dagbag.py:540} INFO - Filling up the DagBag from /Users/abatcoveanu/airflow/dags/dag_folder/my_new_dag_3/my_third_dag.py
[2024-03-13T11:12:38.296+0200] {processor.py:840} INFO - DAG(s) 'dag_id_2' retrieved from /Users/abatcoveanu/airflow/dags/dag_folder/my_new_dag_3/my_third_dag.py
[2024-03-13T11:12:38.324+0200] {logging_mixin.py:188} INFO - [2024-03-13T11:12:38.324+0200] {dag.py:3047} INFO - Sync 1 DAGs
[2024-03-13T11:12:38.480+0200] {logging_mixin.py:188} INFO - [2024-03-13T11:12:38.480+0200] {dag.py:3834} INFO - Setting next_dagrun for dag_id_2 to None, run_after=None
[2024-03-13T11:12:38.498+0200] {processor.py:183} INFO - Processing /Users/abatcoveanu/airflow/dags/dag_folder/my_new_dag_3/my_third_dag.py took 0.210 seconds
[2024-03-13T11:16:51.341+0200] {processor.py:161} INFO - Started process (PID=3001) to work on /Users/abatcoveanu/airflow/dags/dag_folder/my_new_dag_3/my_third_dag.py
[2024-03-13T11:16:51.342+0200] {processor.py:830} INFO - Processing file /Users/abatcoveanu/airflow/dags/dag_folder/my_new_dag_3/my_third_dag.py for tasks to queue
[2024-03-13T11:16:51.342+0200] {logging_mixin.py:188} INFO - [2024-03-13T11:16:51.342+0200] {dagbag.py:540} INFO - Filling up the DagBag from /Users/abatcoveanu/airflow/dags/dag_folder/my_new_dag_3/my_third_dag.py
[2024-03-13T11:16:51.348+0200] {processor.py:840} INFO - DAG(s) 'dag_id_2' retrieved from /Users/abatcoveanu/airflow/dags/dag_folder/my_new_dag_3/my_third_dag.py
[2024-03-13T11:16:51.586+0200] {logging_mixin.py:188} INFO - [2024-03-13T11:16:51.586+0200] {dag.py:3047} INFO - Sync 1 DAGs
[2024-03-13T11:16:51.598+0200] {logging_mixin.py:188} INFO - [2024-03-13T11:16:51.598+0200] {dag.py:3834} INFO - Setting next_dagrun for dag_id_2 to None, run_after=None
[2024-03-13T11:16:51.616+0200] {processor.py:183} INFO - Processing /Users/abatcoveanu/airflow/dags/dag_folder/my_new_dag_3/my_third_dag.py took 0.277 seconds
[2024-03-13T11:17:55.589+0200] {processor.py:161} INFO - Started process (PID=3254) to work on /Users/abatcoveanu/airflow/dags/dag_folder/my_new_dag_3/my_third_dag.py
[2024-03-13T11:17:55.590+0200] {processor.py:830} INFO - Processing file /Users/abatcoveanu/airflow/dags/dag_folder/my_new_dag_3/my_third_dag.py for tasks to queue
[2024-03-13T11:17:55.591+0200] {logging_mixin.py:188} INFO - [2024-03-13T11:17:55.591+0200] {dagbag.py:540} INFO - Filling up the DagBag from /Users/abatcoveanu/airflow/dags/dag_folder/my_new_dag_3/my_third_dag.py
[2024-03-13T11:17:55.596+0200] {processor.py:840} INFO - DAG(s) 'dag_id_2' retrieved from /Users/abatcoveanu/airflow/dags/dag_folder/my_new_dag_3/my_third_dag.py
[2024-03-13T11:17:55.732+0200] {logging_mixin.py:188} INFO - [2024-03-13T11:17:55.732+0200] {dag.py:3047} INFO - Sync 1 DAGs
[2024-03-13T11:17:55.744+0200] {logging_mixin.py:188} INFO - [2024-03-13T11:17:55.744+0200] {dag.py:3834} INFO - Setting next_dagrun for dag_id_2 to None, run_after=None
[2024-03-13T11:17:55.760+0200] {processor.py:183} INFO - Processing /Users/abatcoveanu/airflow/dags/dag_folder/my_new_dag_3/my_third_dag.py took 0.173 seconds
[2024-03-13T11:18:44.706+0200] {processor.py:161} INFO - Started process (PID=3462) to work on /Users/abatcoveanu/airflow/dags/dag_folder/my_new_dag_3/my_third_dag.py
[2024-03-13T11:18:44.707+0200] {processor.py:830} INFO - Processing file /Users/abatcoveanu/airflow/dags/dag_folder/my_new_dag_3/my_third_dag.py for tasks to queue
[2024-03-13T11:18:44.707+0200] {logging_mixin.py:188} INFO - [2024-03-13T11:18:44.707+0200] {dagbag.py:540} INFO - Filling up the DagBag from /Users/abatcoveanu/airflow/dags/dag_folder/my_new_dag_3/my_third_dag.py
[2024-03-13T11:18:44.713+0200] {processor.py:840} INFO - DAG(s) 'dag_id_2' retrieved from /Users/abatcoveanu/airflow/dags/dag_folder/my_new_dag_3/my_third_dag.py
[2024-03-13T11:18:44.734+0200] {logging_mixin.py:188} INFO - [2024-03-13T11:18:44.734+0200] {dag.py:3047} INFO - Sync 1 DAGs
[2024-03-13T11:18:44.845+0200] {logging_mixin.py:188} INFO - [2024-03-13T11:18:44.844+0200] {dag.py:3834} INFO - Setting next_dagrun for dag_id_2 to None, run_after=None
[2024-03-13T11:18:44.860+0200] {processor.py:183} INFO - Processing /Users/abatcoveanu/airflow/dags/dag_folder/my_new_dag_3/my_third_dag.py took 0.155 seconds
[2024-03-13T11:19:20.093+0200] {processor.py:161} INFO - Started process (PID=3585) to work on /Users/abatcoveanu/airflow/dags/dag_folder/my_new_dag_3/my_third_dag.py
[2024-03-13T11:19:20.094+0200] {processor.py:830} INFO - Processing file /Users/abatcoveanu/airflow/dags/dag_folder/my_new_dag_3/my_third_dag.py for tasks to queue
[2024-03-13T11:19:20.095+0200] {logging_mixin.py:188} INFO - [2024-03-13T11:19:20.095+0200] {dagbag.py:540} INFO - Filling up the DagBag from /Users/abatcoveanu/airflow/dags/dag_folder/my_new_dag_3/my_third_dag.py
[2024-03-13T11:19:20.100+0200] {processor.py:840} INFO - DAG(s) 'dag_id_2' retrieved from /Users/abatcoveanu/airflow/dags/dag_folder/my_new_dag_3/my_third_dag.py
[2024-03-13T11:19:20.122+0200] {logging_mixin.py:188} INFO - [2024-03-13T11:19:20.121+0200] {dag.py:3047} INFO - Sync 1 DAGs
[2024-03-13T11:19:20.242+0200] {logging_mixin.py:188} INFO - [2024-03-13T11:19:20.241+0200] {dag.py:3834} INFO - Setting next_dagrun for dag_id_2 to None, run_after=None
[2024-03-13T11:19:20.257+0200] {processor.py:183} INFO - Processing /Users/abatcoveanu/airflow/dags/dag_folder/my_new_dag_3/my_third_dag.py took 0.165 seconds
[2024-03-13T11:19:57.248+0200] {processor.py:161} INFO - Started process (PID=3736) to work on /Users/abatcoveanu/airflow/dags/dag_folder/my_new_dag_3/my_third_dag.py
[2024-03-13T11:19:57.249+0200] {processor.py:830} INFO - Processing file /Users/abatcoveanu/airflow/dags/dag_folder/my_new_dag_3/my_third_dag.py for tasks to queue
[2024-03-13T11:19:57.249+0200] {logging_mixin.py:188} INFO - [2024-03-13T11:19:57.249+0200] {dagbag.py:540} INFO - Filling up the DagBag from /Users/abatcoveanu/airflow/dags/dag_folder/my_new_dag_3/my_third_dag.py
[2024-03-13T11:19:57.255+0200] {processor.py:840} INFO - DAG(s) 'dag_id_2' retrieved from /Users/abatcoveanu/airflow/dags/dag_folder/my_new_dag_3/my_third_dag.py
[2024-03-13T11:19:57.555+0200] {logging_mixin.py:188} INFO - [2024-03-13T11:19:57.555+0200] {dag.py:3047} INFO - Sync 1 DAGs
[2024-03-13T11:19:57.569+0200] {logging_mixin.py:188} INFO - [2024-03-13T11:19:57.569+0200] {dag.py:3834} INFO - Setting next_dagrun for dag_id_2 to None, run_after=None
[2024-03-13T11:19:57.588+0200] {processor.py:183} INFO - Processing /Users/abatcoveanu/airflow/dags/dag_folder/my_new_dag_3/my_third_dag.py took 0.341 seconds
[2024-03-13T11:20:36.589+0200] {processor.py:161} INFO - Started process (PID=3901) to work on /Users/abatcoveanu/airflow/dags/dag_folder/my_new_dag_3/my_third_dag.py
[2024-03-13T11:20:36.590+0200] {processor.py:830} INFO - Processing file /Users/abatcoveanu/airflow/dags/dag_folder/my_new_dag_3/my_third_dag.py for tasks to queue
[2024-03-13T11:20:36.591+0200] {logging_mixin.py:188} INFO - [2024-03-13T11:20:36.590+0200] {dagbag.py:540} INFO - Filling up the DagBag from /Users/abatcoveanu/airflow/dags/dag_folder/my_new_dag_3/my_third_dag.py
[2024-03-13T11:20:36.597+0200] {processor.py:840} INFO - DAG(s) 'dag_id_2' retrieved from /Users/abatcoveanu/airflow/dags/dag_folder/my_new_dag_3/my_third_dag.py
[2024-03-13T11:20:36.644+0200] {logging_mixin.py:188} INFO - [2024-03-13T11:20:36.643+0200] {dag.py:3047} INFO - Sync 1 DAGs
[2024-03-13T11:20:36.797+0200] {logging_mixin.py:188} INFO - [2024-03-13T11:20:36.796+0200] {dag.py:3834} INFO - Setting next_dagrun for dag_id_2 to None, run_after=None
[2024-03-13T11:20:36.817+0200] {processor.py:183} INFO - Processing /Users/abatcoveanu/airflow/dags/dag_folder/my_new_dag_3/my_third_dag.py took 0.230 seconds
[2024-03-13T11:21:13.169+0200] {processor.py:161} INFO - Started process (PID=4037) to work on /Users/abatcoveanu/airflow/dags/dag_folder/my_new_dag_3/my_third_dag.py
[2024-03-13T11:21:13.170+0200] {processor.py:830} INFO - Processing file /Users/abatcoveanu/airflow/dags/dag_folder/my_new_dag_3/my_third_dag.py for tasks to queue
[2024-03-13T11:21:13.171+0200] {logging_mixin.py:188} INFO - [2024-03-13T11:21:13.170+0200] {dagbag.py:540} INFO - Filling up the DagBag from /Users/abatcoveanu/airflow/dags/dag_folder/my_new_dag_3/my_third_dag.py
[2024-03-13T11:21:13.177+0200] {processor.py:840} INFO - DAG(s) 'dag_id_2' retrieved from /Users/abatcoveanu/airflow/dags/dag_folder/my_new_dag_3/my_third_dag.py
[2024-03-13T11:21:13.443+0200] {logging_mixin.py:188} INFO - [2024-03-13T11:21:13.442+0200] {dag.py:3047} INFO - Sync 1 DAGs
[2024-03-13T11:21:13.456+0200] {logging_mixin.py:188} INFO - [2024-03-13T11:21:13.456+0200] {dag.py:3834} INFO - Setting next_dagrun for dag_id_2 to None, run_after=None
[2024-03-13T11:21:13.491+0200] {processor.py:183} INFO - Processing /Users/abatcoveanu/airflow/dags/dag_folder/my_new_dag_3/my_third_dag.py took 0.324 seconds
[2024-03-13T11:22:00.762+0200] {processor.py:161} INFO - Started process (PID=4229) to work on /Users/abatcoveanu/airflow/dags/dag_folder/my_new_dag_3/my_third_dag.py
[2024-03-13T11:22:00.762+0200] {processor.py:830} INFO - Processing file /Users/abatcoveanu/airflow/dags/dag_folder/my_new_dag_3/my_third_dag.py for tasks to queue
[2024-03-13T11:22:00.763+0200] {logging_mixin.py:188} INFO - [2024-03-13T11:22:00.763+0200] {dagbag.py:540} INFO - Filling up the DagBag from /Users/abatcoveanu/airflow/dags/dag_folder/my_new_dag_3/my_third_dag.py
[2024-03-13T11:22:00.769+0200] {processor.py:840} INFO - DAG(s) 'dag_id_2' retrieved from /Users/abatcoveanu/airflow/dags/dag_folder/my_new_dag_3/my_third_dag.py
[2024-03-13T11:22:01.048+0200] {logging_mixin.py:188} INFO - [2024-03-13T11:22:01.047+0200] {dag.py:3047} INFO - Sync 1 DAGs
[2024-03-13T11:22:01.058+0200] {logging_mixin.py:188} INFO - [2024-03-13T11:22:01.058+0200] {dag.py:3834} INFO - Setting next_dagrun for dag_id_2 to None, run_after=None
[2024-03-13T11:22:01.089+0200] {processor.py:183} INFO - Processing /Users/abatcoveanu/airflow/dags/dag_folder/my_new_dag_3/my_third_dag.py took 0.329 seconds
[2024-03-13T11:22:51.002+0200] {processor.py:161} INFO - Started process (PID=4414) to work on /Users/abatcoveanu/airflow/dags/dag_folder/my_new_dag_3/my_third_dag.py
[2024-03-13T11:22:51.002+0200] {processor.py:830} INFO - Processing file /Users/abatcoveanu/airflow/dags/dag_folder/my_new_dag_3/my_third_dag.py for tasks to queue
[2024-03-13T11:22:51.003+0200] {logging_mixin.py:188} INFO - [2024-03-13T11:22:51.003+0200] {dagbag.py:540} INFO - Filling up the DagBag from /Users/abatcoveanu/airflow/dags/dag_folder/my_new_dag_3/my_third_dag.py
[2024-03-13T11:22:51.010+0200] {processor.py:840} INFO - DAG(s) 'dag_id_2' retrieved from /Users/abatcoveanu/airflow/dags/dag_folder/my_new_dag_3/my_third_dag.py
[2024-03-13T11:22:51.047+0200] {logging_mixin.py:188} INFO - [2024-03-13T11:22:51.047+0200] {dag.py:3047} INFO - Sync 1 DAGs
[2024-03-13T11:22:51.210+0200] {logging_mixin.py:188} INFO - [2024-03-13T11:22:51.210+0200] {dag.py:3834} INFO - Setting next_dagrun for dag_id_2 to None, run_after=None
[2024-03-13T11:22:51.247+0200] {processor.py:183} INFO - Processing /Users/abatcoveanu/airflow/dags/dag_folder/my_new_dag_3/my_third_dag.py took 0.247 seconds
[2024-03-13T11:23:30.227+0200] {processor.py:161} INFO - Started process (PID=4552) to work on /Users/abatcoveanu/airflow/dags/dag_folder/my_new_dag_3/my_third_dag.py
[2024-03-13T11:23:30.228+0200] {processor.py:830} INFO - Processing file /Users/abatcoveanu/airflow/dags/dag_folder/my_new_dag_3/my_third_dag.py for tasks to queue
[2024-03-13T11:23:30.228+0200] {logging_mixin.py:188} INFO - [2024-03-13T11:23:30.228+0200] {dagbag.py:540} INFO - Filling up the DagBag from /Users/abatcoveanu/airflow/dags/dag_folder/my_new_dag_3/my_third_dag.py
[2024-03-13T11:23:30.235+0200] {processor.py:840} INFO - DAG(s) 'dag_id_2' retrieved from /Users/abatcoveanu/airflow/dags/dag_folder/my_new_dag_3/my_third_dag.py
[2024-03-13T11:23:30.498+0200] {logging_mixin.py:188} INFO - [2024-03-13T11:23:30.497+0200] {dag.py:3047} INFO - Sync 1 DAGs
[2024-03-13T11:23:30.508+0200] {logging_mixin.py:188} INFO - [2024-03-13T11:23:30.508+0200] {dag.py:3834} INFO - Setting next_dagrun for dag_id_2 to None, run_after=None
[2024-03-13T11:23:30.542+0200] {processor.py:183} INFO - Processing /Users/abatcoveanu/airflow/dags/dag_folder/my_new_dag_3/my_third_dag.py took 0.317 seconds
[2024-03-13T11:24:07.333+0200] {processor.py:161} INFO - Started process (PID=4684) to work on /Users/abatcoveanu/airflow/dags/dag_folder/my_new_dag_3/my_third_dag.py
[2024-03-13T11:24:07.343+0200] {processor.py:830} INFO - Processing file /Users/abatcoveanu/airflow/dags/dag_folder/my_new_dag_3/my_third_dag.py for tasks to queue
[2024-03-13T11:24:07.345+0200] {logging_mixin.py:188} INFO - [2024-03-13T11:24:07.345+0200] {dagbag.py:540} INFO - Filling up the DagBag from /Users/abatcoveanu/airflow/dags/dag_folder/my_new_dag_3/my_third_dag.py
[2024-03-13T11:24:07.358+0200] {processor.py:840} INFO - DAG(s) 'dag_id_2' retrieved from /Users/abatcoveanu/airflow/dags/dag_folder/my_new_dag_3/my_third_dag.py
[2024-03-13T11:24:07.396+0200] {logging_mixin.py:188} INFO - [2024-03-13T11:24:07.396+0200] {dag.py:3047} INFO - Sync 1 DAGs
[2024-03-13T11:24:07.541+0200] {logging_mixin.py:188} INFO - [2024-03-13T11:24:07.541+0200] {dag.py:3834} INFO - Setting next_dagrun for dag_id_2 to None, run_after=None
[2024-03-13T11:24:07.562+0200] {processor.py:183} INFO - Processing /Users/abatcoveanu/airflow/dags/dag_folder/my_new_dag_3/my_third_dag.py took 0.233 seconds
[2024-03-13T11:24:48.490+0200] {processor.py:161} INFO - Started process (PID=4837) to work on /Users/abatcoveanu/airflow/dags/dag_folder/my_new_dag_3/my_third_dag.py
[2024-03-13T11:24:48.491+0200] {processor.py:830} INFO - Processing file /Users/abatcoveanu/airflow/dags/dag_folder/my_new_dag_3/my_third_dag.py for tasks to queue
[2024-03-13T11:24:48.491+0200] {logging_mixin.py:188} INFO - [2024-03-13T11:24:48.491+0200] {dagbag.py:540} INFO - Filling up the DagBag from /Users/abatcoveanu/airflow/dags/dag_folder/my_new_dag_3/my_third_dag.py
[2024-03-13T11:24:48.497+0200] {processor.py:840} INFO - DAG(s) 'dag_id_2' retrieved from /Users/abatcoveanu/airflow/dags/dag_folder/my_new_dag_3/my_third_dag.py
[2024-03-13T11:24:48.519+0200] {logging_mixin.py:188} INFO - [2024-03-13T11:24:48.518+0200] {dag.py:3047} INFO - Sync 1 DAGs
[2024-03-13T11:24:48.641+0200] {logging_mixin.py:188} INFO - [2024-03-13T11:24:48.641+0200] {dag.py:3834} INFO - Setting next_dagrun for dag_id_2 to None, run_after=None
[2024-03-13T11:24:48.657+0200] {processor.py:183} INFO - Processing /Users/abatcoveanu/airflow/dags/dag_folder/my_new_dag_3/my_third_dag.py took 0.168 seconds
[2024-03-13T11:25:25.606+0200] {processor.py:161} INFO - Started process (PID=4966) to work on /Users/abatcoveanu/airflow/dags/dag_folder/my_new_dag_3/my_third_dag.py
[2024-03-13T11:25:25.607+0200] {processor.py:830} INFO - Processing file /Users/abatcoveanu/airflow/dags/dag_folder/my_new_dag_3/my_third_dag.py for tasks to queue
[2024-03-13T11:25:25.608+0200] {logging_mixin.py:188} INFO - [2024-03-13T11:25:25.608+0200] {dagbag.py:540} INFO - Filling up the DagBag from /Users/abatcoveanu/airflow/dags/dag_folder/my_new_dag_3/my_third_dag.py
[2024-03-13T11:25:25.615+0200] {processor.py:840} INFO - DAG(s) 'dag_id_2' retrieved from /Users/abatcoveanu/airflow/dags/dag_folder/my_new_dag_3/my_third_dag.py
[2024-03-13T11:25:25.857+0200] {logging_mixin.py:188} INFO - [2024-03-13T11:25:25.857+0200] {dag.py:3047} INFO - Sync 1 DAGs
[2024-03-13T11:25:25.868+0200] {logging_mixin.py:188} INFO - [2024-03-13T11:25:25.868+0200] {dag.py:3834} INFO - Setting next_dagrun for dag_id_2 to None, run_after=None
[2024-03-13T11:25:25.898+0200] {processor.py:183} INFO - Processing /Users/abatcoveanu/airflow/dags/dag_folder/my_new_dag_3/my_third_dag.py took 0.293 seconds
[2024-03-13T11:26:11.610+0200] {processor.py:161} INFO - Started process (PID=5143) to work on /Users/abatcoveanu/airflow/dags/dag_folder/my_new_dag_3/my_third_dag.py
[2024-03-13T11:26:11.611+0200] {processor.py:830} INFO - Processing file /Users/abatcoveanu/airflow/dags/dag_folder/my_new_dag_3/my_third_dag.py for tasks to queue
[2024-03-13T11:26:11.611+0200] {logging_mixin.py:188} INFO - [2024-03-13T11:26:11.611+0200] {dagbag.py:540} INFO - Filling up the DagBag from /Users/abatcoveanu/airflow/dags/dag_folder/my_new_dag_3/my_third_dag.py
[2024-03-13T11:26:11.617+0200] {processor.py:840} INFO - DAG(s) 'dag_id_2' retrieved from /Users/abatcoveanu/airflow/dags/dag_folder/my_new_dag_3/my_third_dag.py
[2024-03-13T11:26:11.645+0200] {logging_mixin.py:188} INFO - [2024-03-13T11:26:11.645+0200] {dag.py:3047} INFO - Sync 1 DAGs
[2024-03-13T11:26:11.771+0200] {logging_mixin.py:188} INFO - [2024-03-13T11:26:11.771+0200] {dag.py:3834} INFO - Setting next_dagrun for dag_id_2 to None, run_after=None
[2024-03-13T11:26:11.799+0200] {processor.py:183} INFO - Processing /Users/abatcoveanu/airflow/dags/dag_folder/my_new_dag_3/my_third_dag.py took 0.191 seconds
[2024-03-13T11:26:51.537+0200] {processor.py:161} INFO - Started process (PID=5308) to work on /Users/abatcoveanu/airflow/dags/dag_folder/my_new_dag_3/my_third_dag.py
[2024-03-13T11:26:51.538+0200] {processor.py:830} INFO - Processing file /Users/abatcoveanu/airflow/dags/dag_folder/my_new_dag_3/my_third_dag.py for tasks to queue
[2024-03-13T11:26:51.538+0200] {logging_mixin.py:188} INFO - [2024-03-13T11:26:51.538+0200] {dagbag.py:540} INFO - Filling up the DagBag from /Users/abatcoveanu/airflow/dags/dag_folder/my_new_dag_3/my_third_dag.py
[2024-03-13T11:26:51.544+0200] {processor.py:840} INFO - DAG(s) 'dag_id_2' retrieved from /Users/abatcoveanu/airflow/dags/dag_folder/my_new_dag_3/my_third_dag.py
[2024-03-13T11:26:51.801+0200] {logging_mixin.py:188} INFO - [2024-03-13T11:26:51.800+0200] {dag.py:3047} INFO - Sync 1 DAGs
[2024-03-13T11:26:51.814+0200] {logging_mixin.py:188} INFO - [2024-03-13T11:26:51.814+0200] {dag.py:3834} INFO - Setting next_dagrun for dag_id_2 to None, run_after=None
[2024-03-13T11:26:51.849+0200] {processor.py:183} INFO - Processing /Users/abatcoveanu/airflow/dags/dag_folder/my_new_dag_3/my_third_dag.py took 0.314 seconds
[2024-03-13T11:27:32.228+0200] {processor.py:161} INFO - Started process (PID=5460) to work on /Users/abatcoveanu/airflow/dags/dag_folder/my_new_dag_3/my_third_dag.py
[2024-03-13T11:27:32.229+0200] {processor.py:830} INFO - Processing file /Users/abatcoveanu/airflow/dags/dag_folder/my_new_dag_3/my_third_dag.py for tasks to queue
[2024-03-13T11:27:32.229+0200] {logging_mixin.py:188} INFO - [2024-03-13T11:27:32.229+0200] {dagbag.py:540} INFO - Filling up the DagBag from /Users/abatcoveanu/airflow/dags/dag_folder/my_new_dag_3/my_third_dag.py
[2024-03-13T11:27:32.234+0200] {processor.py:840} INFO - DAG(s) 'dag_id_2' retrieved from /Users/abatcoveanu/airflow/dags/dag_folder/my_new_dag_3/my_third_dag.py
[2024-03-13T11:27:32.255+0200] {logging_mixin.py:188} INFO - [2024-03-13T11:27:32.255+0200] {dag.py:3047} INFO - Sync 1 DAGs
[2024-03-13T11:27:32.367+0200] {logging_mixin.py:188} INFO - [2024-03-13T11:27:32.367+0200] {dag.py:3834} INFO - Setting next_dagrun for dag_id_2 to None, run_after=None
[2024-03-13T11:27:32.397+0200] {processor.py:183} INFO - Processing /Users/abatcoveanu/airflow/dags/dag_folder/my_new_dag_3/my_third_dag.py took 0.170 seconds
[2024-03-13T11:28:15.836+0200] {processor.py:161} INFO - Started process (PID=5629) to work on /Users/abatcoveanu/airflow/dags/dag_folder/my_new_dag_3/my_third_dag.py
[2024-03-13T11:28:15.837+0200] {processor.py:830} INFO - Processing file /Users/abatcoveanu/airflow/dags/dag_folder/my_new_dag_3/my_third_dag.py for tasks to queue
[2024-03-13T11:28:15.837+0200] {logging_mixin.py:188} INFO - [2024-03-13T11:28:15.837+0200] {dagbag.py:540} INFO - Filling up the DagBag from /Users/abatcoveanu/airflow/dags/dag_folder/my_new_dag_3/my_third_dag.py
[2024-03-13T11:28:15.843+0200] {processor.py:840} INFO - DAG(s) 'dag_id_2' retrieved from /Users/abatcoveanu/airflow/dags/dag_folder/my_new_dag_3/my_third_dag.py
[2024-03-13T11:28:16.063+0200] {logging_mixin.py:188} INFO - [2024-03-13T11:28:16.063+0200] {dag.py:3047} INFO - Sync 1 DAGs
[2024-03-13T11:28:16.089+0200] {logging_mixin.py:188} INFO - [2024-03-13T11:28:16.088+0200] {dag.py:3834} INFO - Setting next_dagrun for dag_id_2 to None, run_after=None
[2024-03-13T11:28:16.103+0200] {processor.py:183} INFO - Processing /Users/abatcoveanu/airflow/dags/dag_folder/my_new_dag_3/my_third_dag.py took 0.268 seconds
[2024-03-13T11:28:57.865+0200] {processor.py:161} INFO - Started process (PID=5801) to work on /Users/abatcoveanu/airflow/dags/dag_folder/my_new_dag_3/my_third_dag.py
[2024-03-13T11:28:57.866+0200] {processor.py:830} INFO - Processing file /Users/abatcoveanu/airflow/dags/dag_folder/my_new_dag_3/my_third_dag.py for tasks to queue
[2024-03-13T11:28:57.866+0200] {logging_mixin.py:188} INFO - [2024-03-13T11:28:57.866+0200] {dagbag.py:540} INFO - Filling up the DagBag from /Users/abatcoveanu/airflow/dags/dag_folder/my_new_dag_3/my_third_dag.py
[2024-03-13T11:28:57.872+0200] {processor.py:840} INFO - DAG(s) 'dag_id_2' retrieved from /Users/abatcoveanu/airflow/dags/dag_folder/my_new_dag_3/my_third_dag.py
[2024-03-13T11:28:57.895+0200] {logging_mixin.py:188} INFO - [2024-03-13T11:28:57.895+0200] {dag.py:3047} INFO - Sync 1 DAGs
[2024-03-13T11:28:58.007+0200] {logging_mixin.py:188} INFO - [2024-03-13T11:28:58.006+0200] {dag.py:3834} INFO - Setting next_dagrun for dag_id_2 to None, run_after=None
[2024-03-13T11:28:58.039+0200] {processor.py:183} INFO - Processing /Users/abatcoveanu/airflow/dags/dag_folder/my_new_dag_3/my_third_dag.py took 0.175 seconds
[2024-03-13T11:29:38.211+0200] {processor.py:161} INFO - Started process (PID=5953) to work on /Users/abatcoveanu/airflow/dags/dag_folder/my_new_dag_3/my_third_dag.py
[2024-03-13T11:29:38.212+0200] {processor.py:830} INFO - Processing file /Users/abatcoveanu/airflow/dags/dag_folder/my_new_dag_3/my_third_dag.py for tasks to queue
[2024-03-13T11:29:38.213+0200] {logging_mixin.py:188} INFO - [2024-03-13T11:29:38.212+0200] {dagbag.py:540} INFO - Filling up the DagBag from /Users/abatcoveanu/airflow/dags/dag_folder/my_new_dag_3/my_third_dag.py
[2024-03-13T11:29:38.218+0200] {processor.py:840} INFO - DAG(s) 'dag_id_2' retrieved from /Users/abatcoveanu/airflow/dags/dag_folder/my_new_dag_3/my_third_dag.py
[2024-03-13T11:29:38.240+0200] {logging_mixin.py:188} INFO - [2024-03-13T11:29:38.239+0200] {dag.py:3047} INFO - Sync 1 DAGs
[2024-03-13T11:29:38.375+0200] {logging_mixin.py:188} INFO - [2024-03-13T11:29:38.375+0200] {dag.py:3834} INFO - Setting next_dagrun for dag_id_2 to None, run_after=None
[2024-03-13T11:29:38.390+0200] {processor.py:183} INFO - Processing /Users/abatcoveanu/airflow/dags/dag_folder/my_new_dag_3/my_third_dag.py took 0.180 seconds
[2024-03-13T11:30:19.691+0200] {processor.py:161} INFO - Started process (PID=6116) to work on /Users/abatcoveanu/airflow/dags/dag_folder/my_new_dag_3/my_third_dag.py
[2024-03-13T11:30:19.692+0200] {processor.py:830} INFO - Processing file /Users/abatcoveanu/airflow/dags/dag_folder/my_new_dag_3/my_third_dag.py for tasks to queue
[2024-03-13T11:30:19.693+0200] {logging_mixin.py:188} INFO - [2024-03-13T11:30:19.693+0200] {dagbag.py:540} INFO - Filling up the DagBag from /Users/abatcoveanu/airflow/dags/dag_folder/my_new_dag_3/my_third_dag.py
[2024-03-13T11:30:19.698+0200] {processor.py:840} INFO - DAG(s) 'dag_id_2' retrieved from /Users/abatcoveanu/airflow/dags/dag_folder/my_new_dag_3/my_third_dag.py
[2024-03-13T11:30:19.929+0200] {logging_mixin.py:188} INFO - [2024-03-13T11:30:19.928+0200] {dag.py:3047} INFO - Sync 1 DAGs
[2024-03-13T11:30:19.937+0200] {logging_mixin.py:188} INFO - [2024-03-13T11:30:19.937+0200] {dag.py:3834} INFO - Setting next_dagrun for dag_id_2 to None, run_after=None
[2024-03-13T11:30:19.952+0200] {processor.py:183} INFO - Processing /Users/abatcoveanu/airflow/dags/dag_folder/my_new_dag_3/my_third_dag.py took 0.262 seconds
[2024-03-13T11:31:01.659+0200] {processor.py:161} INFO - Started process (PID=6285) to work on /Users/abatcoveanu/airflow/dags/dag_folder/my_new_dag_3/my_third_dag.py
[2024-03-13T11:31:01.660+0200] {processor.py:830} INFO - Processing file /Users/abatcoveanu/airflow/dags/dag_folder/my_new_dag_3/my_third_dag.py for tasks to queue
[2024-03-13T11:31:01.661+0200] {logging_mixin.py:188} INFO - [2024-03-13T11:31:01.661+0200] {dagbag.py:540} INFO - Filling up the DagBag from /Users/abatcoveanu/airflow/dags/dag_folder/my_new_dag_3/my_third_dag.py
[2024-03-13T11:31:01.666+0200] {processor.py:840} INFO - DAG(s) 'dag_id_2' retrieved from /Users/abatcoveanu/airflow/dags/dag_folder/my_new_dag_3/my_third_dag.py
[2024-03-13T11:31:01.687+0200] {logging_mixin.py:188} INFO - [2024-03-13T11:31:01.687+0200] {dag.py:3047} INFO - Sync 1 DAGs
[2024-03-13T11:31:01.799+0200] {logging_mixin.py:188} INFO - [2024-03-13T11:31:01.799+0200] {dag.py:3834} INFO - Setting next_dagrun for dag_id_2 to None, run_after=None
[2024-03-13T11:31:01.832+0200] {processor.py:183} INFO - Processing /Users/abatcoveanu/airflow/dags/dag_folder/my_new_dag_3/my_third_dag.py took 0.174 seconds
[2024-03-13T11:31:42.998+0200] {processor.py:161} INFO - Started process (PID=6448) to work on /Users/abatcoveanu/airflow/dags/dag_folder/my_new_dag_3/my_third_dag.py
[2024-03-13T11:31:42.999+0200] {processor.py:830} INFO - Processing file /Users/abatcoveanu/airflow/dags/dag_folder/my_new_dag_3/my_third_dag.py for tasks to queue
[2024-03-13T11:31:42.999+0200] {logging_mixin.py:188} INFO - [2024-03-13T11:31:42.999+0200] {dagbag.py:540} INFO - Filling up the DagBag from /Users/abatcoveanu/airflow/dags/dag_folder/my_new_dag_3/my_third_dag.py
[2024-03-13T11:31:43.005+0200] {processor.py:840} INFO - DAG(s) 'dag_id_2' retrieved from /Users/abatcoveanu/airflow/dags/dag_folder/my_new_dag_3/my_third_dag.py
[2024-03-13T11:31:43.228+0200] {logging_mixin.py:188} INFO - [2024-03-13T11:31:43.228+0200] {dag.py:3047} INFO - Sync 1 DAGs
[2024-03-13T11:31:43.237+0200] {logging_mixin.py:188} INFO - [2024-03-13T11:31:43.237+0200] {dag.py:3834} INFO - Setting next_dagrun for dag_id_2 to None, run_after=None
[2024-03-13T11:31:43.251+0200] {processor.py:183} INFO - Processing /Users/abatcoveanu/airflow/dags/dag_folder/my_new_dag_3/my_third_dag.py took 0.254 seconds
[2024-03-13T11:32:25.317+0200] {processor.py:161} INFO - Started process (PID=6615) to work on /Users/abatcoveanu/airflow/dags/dag_folder/my_new_dag_3/my_third_dag.py
[2024-03-13T11:32:25.318+0200] {processor.py:830} INFO - Processing file /Users/abatcoveanu/airflow/dags/dag_folder/my_new_dag_3/my_third_dag.py for tasks to queue
[2024-03-13T11:32:25.319+0200] {logging_mixin.py:188} INFO - [2024-03-13T11:32:25.319+0200] {dagbag.py:540} INFO - Filling up the DagBag from /Users/abatcoveanu/airflow/dags/dag_folder/my_new_dag_3/my_third_dag.py
[2024-03-13T11:32:25.323+0200] {processor.py:840} INFO - DAG(s) 'dag_id_2' retrieved from /Users/abatcoveanu/airflow/dags/dag_folder/my_new_dag_3/my_third_dag.py
[2024-03-13T11:32:25.345+0200] {logging_mixin.py:188} INFO - [2024-03-13T11:32:25.345+0200] {dag.py:3047} INFO - Sync 1 DAGs
[2024-03-13T11:32:25.471+0200] {logging_mixin.py:188} INFO - [2024-03-13T11:32:25.471+0200] {dag.py:3834} INFO - Setting next_dagrun for dag_id_2 to None, run_after=None
[2024-03-13T11:32:25.487+0200] {processor.py:183} INFO - Processing /Users/abatcoveanu/airflow/dags/dag_folder/my_new_dag_3/my_third_dag.py took 0.171 seconds
[2024-03-13T11:33:08.564+0200] {processor.py:161} INFO - Started process (PID=6792) to work on /Users/abatcoveanu/airflow/dags/dag_folder/my_new_dag_3/my_third_dag.py
[2024-03-13T11:33:08.565+0200] {processor.py:830} INFO - Processing file /Users/abatcoveanu/airflow/dags/dag_folder/my_new_dag_3/my_third_dag.py for tasks to queue
[2024-03-13T11:33:08.566+0200] {logging_mixin.py:188} INFO - [2024-03-13T11:33:08.565+0200] {dagbag.py:540} INFO - Filling up the DagBag from /Users/abatcoveanu/airflow/dags/dag_folder/my_new_dag_3/my_third_dag.py
[2024-03-13T11:33:08.572+0200] {processor.py:840} INFO - DAG(s) 'dag_id_2' retrieved from /Users/abatcoveanu/airflow/dags/dag_folder/my_new_dag_3/my_third_dag.py
[2024-03-13T11:33:08.601+0200] {logging_mixin.py:188} INFO - [2024-03-13T11:33:08.601+0200] {dag.py:3047} INFO - Sync 1 DAGs
[2024-03-13T11:33:08.748+0200] {logging_mixin.py:188} INFO - [2024-03-13T11:33:08.748+0200] {dag.py:3834} INFO - Setting next_dagrun for dag_id_2 to None, run_after=None
[2024-03-13T11:33:08.780+0200] {processor.py:183} INFO - Processing /Users/abatcoveanu/airflow/dags/dag_folder/my_new_dag_3/my_third_dag.py took 0.217 seconds
[2024-03-13T11:33:51.171+0200] {processor.py:161} INFO - Started process (PID=6969) to work on /Users/abatcoveanu/airflow/dags/dag_folder/my_new_dag_3/my_third_dag.py
[2024-03-13T11:33:51.171+0200] {processor.py:830} INFO - Processing file /Users/abatcoveanu/airflow/dags/dag_folder/my_new_dag_3/my_third_dag.py for tasks to queue
[2024-03-13T11:33:51.172+0200] {logging_mixin.py:188} INFO - [2024-03-13T11:33:51.172+0200] {dagbag.py:540} INFO - Filling up the DagBag from /Users/abatcoveanu/airflow/dags/dag_folder/my_new_dag_3/my_third_dag.py
[2024-03-13T11:33:51.177+0200] {processor.py:840} INFO - DAG(s) 'dag_id_2' retrieved from /Users/abatcoveanu/airflow/dags/dag_folder/my_new_dag_3/my_third_dag.py
[2024-03-13T11:33:51.423+0200] {logging_mixin.py:188} INFO - [2024-03-13T11:33:51.422+0200] {dag.py:3047} INFO - Sync 1 DAGs
[2024-03-13T11:33:51.432+0200] {logging_mixin.py:188} INFO - [2024-03-13T11:33:51.431+0200] {dag.py:3834} INFO - Setting next_dagrun for dag_id_2 to None, run_after=None
[2024-03-13T11:33:51.444+0200] {processor.py:183} INFO - Processing /Users/abatcoveanu/airflow/dags/dag_folder/my_new_dag_3/my_third_dag.py took 0.275 seconds
[2024-03-13T11:34:33.327+0200] {processor.py:161} INFO - Started process (PID=7133) to work on /Users/abatcoveanu/airflow/dags/dag_folder/my_new_dag_3/my_third_dag.py
[2024-03-13T11:34:33.328+0200] {processor.py:830} INFO - Processing file /Users/abatcoveanu/airflow/dags/dag_folder/my_new_dag_3/my_third_dag.py for tasks to queue
[2024-03-13T11:34:33.328+0200] {logging_mixin.py:188} INFO - [2024-03-13T11:34:33.328+0200] {dagbag.py:540} INFO - Filling up the DagBag from /Users/abatcoveanu/airflow/dags/dag_folder/my_new_dag_3/my_third_dag.py
[2024-03-13T11:34:33.334+0200] {processor.py:840} INFO - DAG(s) 'dag_id_2' retrieved from /Users/abatcoveanu/airflow/dags/dag_folder/my_new_dag_3/my_third_dag.py
[2024-03-13T11:34:33.376+0200] {logging_mixin.py:188} INFO - [2024-03-13T11:34:33.376+0200] {dag.py:3047} INFO - Sync 1 DAGs
[2024-03-13T11:34:33.521+0200] {logging_mixin.py:188} INFO - [2024-03-13T11:34:33.521+0200] {dag.py:3834} INFO - Setting next_dagrun for dag_id_2 to None, run_after=None
[2024-03-13T11:34:33.539+0200] {processor.py:183} INFO - Processing /Users/abatcoveanu/airflow/dags/dag_folder/my_new_dag_3/my_third_dag.py took 0.214 seconds
[2024-03-13T11:35:14.844+0200] {processor.py:161} INFO - Started process (PID=7315) to work on /Users/abatcoveanu/airflow/dags/dag_folder/my_new_dag_3/my_third_dag.py
[2024-03-13T11:35:14.845+0200] {processor.py:830} INFO - Processing file /Users/abatcoveanu/airflow/dags/dag_folder/my_new_dag_3/my_third_dag.py for tasks to queue
[2024-03-13T11:35:14.846+0200] {logging_mixin.py:188} INFO - [2024-03-13T11:35:14.846+0200] {dagbag.py:540} INFO - Filling up the DagBag from /Users/abatcoveanu/airflow/dags/dag_folder/my_new_dag_3/my_third_dag.py
[2024-03-13T11:35:14.853+0200] {processor.py:840} INFO - DAG(s) 'dag_id_2' retrieved from /Users/abatcoveanu/airflow/dags/dag_folder/my_new_dag_3/my_third_dag.py
[2024-03-13T11:35:14.877+0200] {logging_mixin.py:188} INFO - [2024-03-13T11:35:14.876+0200] {dag.py:3047} INFO - Sync 1 DAGs
[2024-03-13T11:35:14.999+0200] {logging_mixin.py:188} INFO - [2024-03-13T11:35:14.999+0200] {dag.py:3834} INFO - Setting next_dagrun for dag_id_2 to None, run_after=None
[2024-03-13T11:35:15.032+0200] {processor.py:183} INFO - Processing /Users/abatcoveanu/airflow/dags/dag_folder/my_new_dag_3/my_third_dag.py took 0.189 seconds
