[2024-04-04T13:18:20.356+0300] {taskinstance.py:1979} INFO - Dependencies all met for dep_context=non-requeueable deps ti=<TaskInstance: trigger_dag.process_result.sensor_triggered_dag manual__2024-04-04T10:18:04.991205+00:00 [queued]>
[2024-04-04T13:18:20.384+0300] {taskinstance.py:1979} INFO - Dependencies all met for dep_context=requeueable deps ti=<TaskInstance: trigger_dag.process_result.sensor_triggered_dag manual__2024-04-04T10:18:04.991205+00:00 [queued]>
[2024-04-04T13:18:20.384+0300] {taskinstance.py:2193} INFO - Starting attempt 1 of 1
[2024-04-04T13:18:20.403+0300] {taskinstance.py:2214} INFO - Executing <Task(ExternalTaskSensor): process_result.sensor_triggered_dag> on 2024-04-04 10:18:04.991205+00:00
[2024-04-04T13:18:20.409+0300] {standard_task_runner.py:60} INFO - Started process 62884 to run task
[2024-04-04T13:18:20.418+0300] {standard_task_runner.py:87} INFO - Running: ['airflow', 'tasks', 'run', 'trigger_dag', 'process_result.sensor_triggered_dag', 'manual__2024-04-04T10:18:04.991205+00:00', '--job-id', '1864', '--raw', '--subdir', 'DAGS_FOLDER/trigger_dag.py', '--cfg-path', '/var/folders/t6/vwjsg0jx26jcjdwn_gxhbjzc0000gp/T/tmpy324e5dm']
[2024-04-04T13:18:20.422+0300] {standard_task_runner.py:88} INFO - Job 1864: Subtask process_result.sensor_triggered_dag
[2024-04-04T13:18:20.558+0300] {task_command.py:423} INFO - Running <TaskInstance: trigger_dag.process_result.sensor_triggered_dag manual__2024-04-04T10:18:04.991205+00:00 [running]> on host C9843
[2024-04-04T13:18:20.785+0300] {taskinstance.py:2510} INFO - Exporting env vars: AIRFLOW_CTX_DAG_OWNER='airflow' AIRFLOW_CTX_DAG_ID='trigger_dag' AIRFLOW_CTX_TASK_ID='process_result.sensor_triggered_dag' AIRFLOW_CTX_EXECUTION_DATE='2024-04-04T10:18:04.991205+00:00' AIRFLOW_CTX_TRY_NUMBER='1' AIRFLOW_CTX_DAG_RUN_ID='manual__2024-04-04T10:18:04.991205+00:00'
[2024-04-04T13:18:20.790+0300] {logging_mixin.py:188} INFO - Thursday
[2024-04-04T13:18:20.791+0300] {logging_mixin.py:188} INFO - 2024-04-01 10:18:04.991205+00:00
[2024-04-04T13:18:20.792+0300] {external_task.py:260} INFO - Poking for DAG 'dag_id_3' on 2024-04-01T10:18:04.991205+00:00 ... 
[2024-04-04T13:19:20.808+0300] {logging_mixin.py:188} INFO - Thursday
[2024-04-04T13:19:20.809+0300] {logging_mixin.py:188} INFO - 2024-04-01 10:18:04.991205+00:00
[2024-04-04T13:19:20.810+0300] {external_task.py:260} INFO - Poking for DAG 'dag_id_3' on 2024-04-01T10:18:04.991205+00:00 ... 
[2024-04-04T13:20:20.838+0300] {logging_mixin.py:188} INFO - Thursday
[2024-04-04T13:20:20.839+0300] {logging_mixin.py:188} INFO - 2024-04-01 10:18:04.991205+00:00
[2024-04-04T13:20:20.840+0300] {external_task.py:260} INFO - Poking for DAG 'dag_id_3' on 2024-04-01T10:18:04.991205+00:00 ... 
[2024-04-04T13:20:27.039+0300] {local_task_job_runner.py:280} WARNING - Recorded pid 63711 does not match the current pid 62884
[2024-04-04T13:20:27.056+0300] {process_utils.py:131} INFO - Sending 15 to group 62884. PIDs of all processes in the group: [62884]
[2024-04-04T13:20:27.056+0300] {process_utils.py:86} INFO - Sending the signal 15 to group 62884
[2024-04-04T13:20:27.057+0300] {taskinstance.py:2480} ERROR - Received SIGTERM. Terminating subprocesses.
[2024-04-04T13:20:27.089+0300] {taskinstance.py:2728} ERROR - Task failed with exception
Traceback (most recent call last):
  File "/usr/local/lib/python3.8/site-packages/airflow/models/taskinstance.py", line 444, in _execute_task
    result = _execute_callable(context=context, **execute_callable_kwargs)
  File "/usr/local/lib/python3.8/site-packages/airflow/models/taskinstance.py", line 414, in _execute_callable
    return execute_callable(context=context, **execute_callable_kwargs)
  File "/usr/local/lib/python3.8/site-packages/airflow/sensors/external_task.py", line 334, in execute
    super().execute(context)
  File "/usr/local/lib/python3.8/site-packages/airflow/sensors/base.py", line 293, in execute
    time.sleep(self._get_next_poke_interval(started_at, run_duration, try_number))
  File "/usr/local/lib/python3.8/site-packages/airflow/models/taskinstance.py", line 2482, in signal_handler
    raise AirflowException("Task received SIGTERM signal")
airflow.exceptions.AirflowException: Task received SIGTERM signal
[2024-04-04T13:20:27.096+0300] {taskinstance.py:1149} INFO - Marking task as FAILED. dag_id=trigger_dag, task_id=process_result.sensor_triggered_dag, execution_date=20240404T101804, start_date=20240404T102023, end_date=20240404T102027
[2024-04-04T13:20:27.115+0300] {standard_task_runner.py:107} ERROR - Failed to execute job 1864 for task process_result.sensor_triggered_dag (Task received SIGTERM signal; 62884)
[2024-04-04T13:20:27.151+0300] {process_utils.py:79} INFO - Process psutil.Process(pid=62884, status='terminated', exitcode=1, started='13:18:20') (62884) terminated with exit code 1
