[2024-03-26T15:32:01.174+0200] {taskinstance.py:1979} INFO - Dependencies all met for dep_context=non-requeueable deps ti=<TaskInstance: trigger_dag.process_result.sensor_triggered_dag manual__2024-03-26T13:27:36.219865+00:00 [queued]>
[2024-03-26T15:32:01.183+0200] {taskinstance.py:1979} INFO - Dependencies all met for dep_context=requeueable deps ti=<TaskInstance: trigger_dag.process_result.sensor_triggered_dag manual__2024-03-26T13:27:36.219865+00:00 [queued]>
[2024-03-26T15:32:01.183+0200] {taskinstance.py:2193} INFO - Starting attempt 1 of 1
[2024-03-26T15:32:01.210+0200] {taskinstance.py:2214} INFO - Executing <Task(ExternalTaskSensor): process_result.sensor_triggered_dag> on 2024-03-26 13:27:36.219865+00:00
[2024-03-26T15:32:01.214+0200] {standard_task_runner.py:60} INFO - Started process 21403 to run task
[2024-03-26T15:32:01.220+0200] {standard_task_runner.py:87} INFO - Running: ['airflow', 'tasks', 'run', 'trigger_dag', 'process_result.sensor_triggered_dag', 'manual__2024-03-26T13:27:36.219865+00:00', '--job-id', '586', '--raw', '--subdir', 'DAGS_FOLDER/trigger_dag.py', '--cfg-path', '/var/folders/t6/vwjsg0jx26jcjdwn_gxhbjzc0000gp/T/tmp_it79b30']
[2024-03-26T15:32:01.222+0200] {standard_task_runner.py:88} INFO - Job 586: Subtask process_result.sensor_triggered_dag
[2024-03-26T15:32:01.314+0200] {task_command.py:423} INFO - Running <TaskInstance: trigger_dag.process_result.sensor_triggered_dag manual__2024-03-26T13:27:36.219865+00:00 [running]> on host C9843
[2024-03-26T15:32:01.429+0200] {taskinstance.py:2510} INFO - Exporting env vars: AIRFLOW_CTX_DAG_OWNER='airflow' AIRFLOW_CTX_DAG_ID='trigger_dag' AIRFLOW_CTX_TASK_ID='process_result.sensor_triggered_dag' AIRFLOW_CTX_EXECUTION_DATE='2024-03-26T13:27:36.219865+00:00' AIRFLOW_CTX_TRY_NUMBER='1' AIRFLOW_CTX_DAG_RUN_ID='manual__2024-03-26T13:27:36.219865+00:00'
[2024-03-26T15:32:01.431+0200] {external_task.py:260} INFO - Poking for DAG 'dag_id_3' on 2024-03-26T13:22:36.219865+00:00 ... 
[2024-03-26T15:33:01.460+0200] {external_task.py:260} INFO - Poking for DAG 'dag_id_3' on 2024-03-26T13:22:36.219865+00:00 ... 
[2024-03-26T15:34:01.474+0200] {external_task.py:260} INFO - Poking for DAG 'dag_id_3' on 2024-03-26T13:22:36.219865+00:00 ... 
[2024-03-26T15:35:01.484+0200] {external_task.py:260} INFO - Poking for DAG 'dag_id_3' on 2024-03-26T13:22:36.219865+00:00 ... 
[2024-03-26T15:36:01.495+0200] {external_task.py:260} INFO - Poking for DAG 'dag_id_3' on 2024-03-26T13:22:36.219865+00:00 ... 
[2024-03-26T15:37:01.521+0200] {external_task.py:260} INFO - Poking for DAG 'dag_id_3' on 2024-03-26T13:22:36.219865+00:00 ... 
[2024-03-26T15:38:01.534+0200] {external_task.py:260} INFO - Poking for DAG 'dag_id_3' on 2024-03-26T13:22:36.219865+00:00 ... 
[2024-03-26T15:39:01.567+0200] {external_task.py:260} INFO - Poking for DAG 'dag_id_3' on 2024-03-26T13:22:36.219865+00:00 ... 
[2024-03-26T15:40:01.580+0200] {external_task.py:260} INFO - Poking for DAG 'dag_id_3' on 2024-03-26T13:22:36.219865+00:00 ... 
[2024-03-26T15:41:01.592+0200] {external_task.py:260} INFO - Poking for DAG 'dag_id_3' on 2024-03-26T13:22:36.219865+00:00 ... 
[2024-03-26T15:42:01.618+0200] {external_task.py:260} INFO - Poking for DAG 'dag_id_3' on 2024-03-26T13:22:36.219865+00:00 ... 
[2024-03-26T15:43:01.631+0200] {external_task.py:260} INFO - Poking for DAG 'dag_id_3' on 2024-03-26T13:22:36.219865+00:00 ... 
[2024-03-26T15:44:01.641+0200] {external_task.py:260} INFO - Poking for DAG 'dag_id_3' on 2024-03-26T13:22:36.219865+00:00 ... 
[2024-03-26T15:45:01.670+0200] {external_task.py:260} INFO - Poking for DAG 'dag_id_3' on 2024-03-26T13:22:36.219865+00:00 ... 
[2024-03-26T15:46:01.683+0200] {external_task.py:260} INFO - Poking for DAG 'dag_id_3' on 2024-03-26T13:22:36.219865+00:00 ... 
[2024-03-26T15:46:10.173+0200] {taskinstance.py:2480} ERROR - Received SIGTERM. Terminating subprocesses.
[2024-03-26T15:46:10.950+0200] {standard_task_runner.py:107} ERROR - Failed to execute job 586 for task process_result.sensor_triggered_dag ((psycopg2.OperationalError) connection to server at "localhost" (::1), port 5432 failed: Connection refused
	Is the server running on that host and accepting TCP/IP connections?
connection to server at "localhost" (127.0.0.1), port 5432 failed: Connection refused
	Is the server running on that host and accepting TCP/IP connections?

(Background on this error at: https://sqlalche.me/e/14/e3q8); 21403)
