[2024-03-15T12:53:23.626+0200] {taskinstance.py:1979} INFO - Dependencies all met for dep_context=non-requeueable deps ti=<TaskInstance: dag_id_3.check_table_existence manual__2024-03-15T10:53:05.035675+00:00 [queued]>
[2024-03-15T12:53:23.635+0200] {taskinstance.py:1979} INFO - Dependencies all met for dep_context=requeueable deps ti=<TaskInstance: dag_id_3.check_table_existence manual__2024-03-15T10:53:05.035675+00:00 [queued]>
[2024-03-15T12:53:23.635+0200] {taskinstance.py:2193} INFO - Starting attempt 1 of 1
[2024-03-15T12:53:23.664+0200] {taskinstance.py:2214} INFO - Executing <Task(BranchPythonOperator): check_table_existence> on 2024-03-15 10:53:05.035675+00:00
[2024-03-15T12:53:23.669+0200] {standard_task_runner.py:60} INFO - Started process 45146 to run task
[2024-03-15T12:53:23.676+0200] {standard_task_runner.py:87} INFO - Running: ['airflow', 'tasks', 'run', 'dag_id_3', 'check_table_existence', 'manual__2024-03-15T10:53:05.035675+00:00', '--job-id', '68', '--raw', '--subdir', 'DAGS_FOLDER/jobs_dag.py', '--cfg-path', '/var/folders/t6/vwjsg0jx26jcjdwn_gxhbjzc0000gp/T/tmpz6xudhu1']
[2024-03-15T12:53:23.679+0200] {standard_task_runner.py:88} INFO - Job 68: Subtask check_table_existence
[2024-03-15T12:53:23.785+0200] {task_command.py:423} INFO - Running <TaskInstance: dag_id_3.check_table_existence manual__2024-03-15T10:53:05.035675+00:00 [running]> on host C9843
[2024-03-15T12:53:23.924+0200] {taskinstance.py:2510} INFO - Exporting env vars: AIRFLOW_CTX_DAG_OWNER='airflow' AIRFLOW_CTX_DAG_ID='dag_id_3' AIRFLOW_CTX_TASK_ID='check_table_existence' AIRFLOW_CTX_EXECUTION_DATE='2024-03-15T10:53:05.035675+00:00' AIRFLOW_CTX_TRY_NUMBER='1' AIRFLOW_CTX_DAG_RUN_ID='manual__2024-03-15T10:53:05.035675+00:00'
[2024-03-15T12:53:23.926+0200] {taskinstance.py:2728} ERROR - Task failed with exception
Traceback (most recent call last):
  File "/usr/local/lib/python3.8/site-packages/airflow/models/taskinstance.py", line 444, in _execute_task
    result = _execute_callable(context=context, **execute_callable_kwargs)
  File "/usr/local/lib/python3.8/site-packages/airflow/models/taskinstance.py", line 414, in _execute_callable
    return execute_callable(context=context, **execute_callable_kwargs)
  File "/usr/local/lib/python3.8/site-packages/airflow/operators/python.py", line 234, in execute
    return self.do_branch(context, super().execute(context))
  File "/usr/local/lib/python3.8/site-packages/airflow/operators/python.py", line 200, in execute
    return_value = self.execute_callable()
  File "/usr/local/lib/python3.8/site-packages/airflow/operators/python.py", line 217, in execute_callable
    return self.python_callable(*self.op_args, **self.op_kwargs)
  File "/Users/abatcoveanu/airflow/dags/jobs_dag.py", line 29, in check_table_existence
    hook = PostgresHook()
NameError: name 'PostgresHook' is not defined
[2024-03-15T12:53:23.939+0200] {taskinstance.py:1149} INFO - Marking task as FAILED. dag_id=dag_id_3, task_id=check_table_existence, execution_date=20240315T105305, start_date=20240315T105323, end_date=20240315T105323
[2024-03-15T12:53:23.965+0200] {standard_task_runner.py:107} ERROR - Failed to execute job 68 for task check_table_existence (name 'PostgresHook' is not defined; 45146)
[2024-03-15T12:53:23.985+0200] {local_task_job_runner.py:234} INFO - Task exited with return code 1
[2024-03-15T12:53:24.021+0200] {logging_mixin.py:188} WARNING - /usr/local/lib/python3.8/site-packages/airflow/models/baseoperator.py:1201 AirflowProviderDeprecationWarning: Call to deprecated class PostgresOperator. (Please use `airflow.providers.common.sql.operators.sql.SQLExecuteQueryOperator`.Also, you can provide `hook_params={'schema': <database>}`.)
[2024-03-15T12:53:24.057+0200] {taskinstance.py:3309} INFO - 0 downstream tasks scheduled from follow-on schedule check
