[2024-03-13T11:09:55.001+0200] {processor.py:161} INFO - Started process (PID=2000) to work on /Users/abatcoveanu/airflow/dags/dag_folder/|}{"?;a.py
[2024-03-13T11:09:55.002+0200] {processor.py:830} INFO - Processing file /Users/abatcoveanu/airflow/dags/dag_folder/|}{"?;a.py for tasks to queue
[2024-03-13T11:09:55.003+0200] {logging_mixin.py:188} INFO - [2024-03-13T11:09:55.003+0200] {dagbag.py:540} INFO - Filling up the DagBag from /Users/abatcoveanu/airflow/dags/dag_folder/|}{"?;a.py
[2024-03-13T11:09:55.031+0200] {processor.py:840} INFO - DAG(s) 'dag_id_1', 'dag_id_2', 'dag_id_3' retrieved from /Users/abatcoveanu/airflow/dags/dag_folder/|}{"?;a.py
[2024-03-13T11:09:55.284+0200] {logging_mixin.py:188} INFO - [2024-03-13T11:09:55.284+0200] {dag.py:3047} INFO - Sync 3 DAGs
[2024-03-13T11:09:55.293+0200] {logging_mixin.py:188} INFO - [2024-03-13T11:09:55.292+0200] {dag.py:3834} INFO - Setting next_dagrun for dag_id_1 to None, run_after=None
[2024-03-13T11:09:55.295+0200] {logging_mixin.py:188} INFO - [2024-03-13T11:09:55.295+0200] {dag.py:3834} INFO - Setting next_dagrun for dag_id_2 to None, run_after=None
[2024-03-13T11:09:55.296+0200] {logging_mixin.py:188} INFO - [2024-03-13T11:09:55.296+0200] {dag.py:3834} INFO - Setting next_dagrun for dag_id_3 to None, run_after=None
[2024-03-13T11:09:55.310+0200] {processor.py:183} INFO - Processing /Users/abatcoveanu/airflow/dags/dag_folder/|}{"?;a.py took 0.311 seconds
[2024-03-13T11:10:50.578+0200] {processor.py:161} INFO - Started process (PID=2201) to work on /Users/abatcoveanu/airflow/dags/dag_folder/|}{"?;a.py
[2024-03-13T11:10:50.579+0200] {processor.py:830} INFO - Processing file /Users/abatcoveanu/airflow/dags/dag_folder/|}{"?;a.py for tasks to queue
[2024-03-13T11:10:50.579+0200] {logging_mixin.py:188} INFO - [2024-03-13T11:10:50.579+0200] {dagbag.py:540} INFO - Filling up the DagBag from /Users/abatcoveanu/airflow/dags/dag_folder/|}{"?;a.py
[2024-03-13T11:10:50.603+0200] {processor.py:840} INFO - DAG(s) 'dag_id_1', 'dag_id_3', 'dag_id_2' retrieved from /Users/abatcoveanu/airflow/dags/dag_folder/|}{"?;a.py
[2024-03-13T11:10:50.625+0200] {logging_mixin.py:188} INFO - [2024-03-13T11:10:50.625+0200] {dag.py:3047} INFO - Sync 3 DAGs
[2024-03-13T11:10:50.744+0200] {logging_mixin.py:188} INFO - [2024-03-13T11:10:50.744+0200] {dag.py:3834} INFO - Setting next_dagrun for dag_id_1 to None, run_after=None
[2024-03-13T11:10:50.747+0200] {logging_mixin.py:188} INFO - [2024-03-13T11:10:50.747+0200] {dag.py:3834} INFO - Setting next_dagrun for dag_id_2 to None, run_after=None
[2024-03-13T11:10:50.748+0200] {logging_mixin.py:188} INFO - [2024-03-13T11:10:50.748+0200] {dag.py:3834} INFO - Setting next_dagrun for dag_id_3 to None, run_after=None
[2024-03-13T11:10:50.762+0200] {processor.py:183} INFO - Processing /Users/abatcoveanu/airflow/dags/dag_folder/|}{"?;a.py took 0.186 seconds
[2024-03-13T11:11:44.874+0200] {processor.py:161} INFO - Started process (PID=2416) to work on /Users/abatcoveanu/airflow/dags/dag_folder/|}{"?;a.py
[2024-03-13T11:11:44.875+0200] {processor.py:830} INFO - Processing file /Users/abatcoveanu/airflow/dags/dag_folder/|}{"?;a.py for tasks to queue
[2024-03-13T11:11:44.876+0200] {logging_mixin.py:188} INFO - [2024-03-13T11:11:44.876+0200] {dagbag.py:540} INFO - Filling up the DagBag from /Users/abatcoveanu/airflow/dags/dag_folder/|}{"?;a.py
[2024-03-13T11:11:44.900+0200] {processor.py:840} INFO - DAG(s) 'dag_id_3', 'dag_id_1', 'dag_id_2' retrieved from /Users/abatcoveanu/airflow/dags/dag_folder/|}{"?;a.py
[2024-03-13T11:11:45.141+0200] {logging_mixin.py:188} INFO - [2024-03-13T11:11:45.141+0200] {dag.py:3047} INFO - Sync 3 DAGs
[2024-03-13T11:11:45.150+0200] {logging_mixin.py:188} INFO - [2024-03-13T11:11:45.149+0200] {dag.py:3834} INFO - Setting next_dagrun for dag_id_1 to None, run_after=None
[2024-03-13T11:11:45.152+0200] {logging_mixin.py:188} INFO - [2024-03-13T11:11:45.152+0200] {dag.py:3834} INFO - Setting next_dagrun for dag_id_2 to None, run_after=None
[2024-03-13T11:11:45.153+0200] {logging_mixin.py:188} INFO - [2024-03-13T11:11:45.153+0200] {dag.py:3834} INFO - Setting next_dagrun for dag_id_3 to None, run_after=None
[2024-03-13T11:11:45.165+0200] {processor.py:183} INFO - Processing /Users/abatcoveanu/airflow/dags/dag_folder/|}{"?;a.py took 0.293 seconds
[2024-03-13T11:12:36.289+0200] {processor.py:161} INFO - Started process (PID=2605) to work on /Users/abatcoveanu/airflow/dags/dag_folder/|}{"?;a.py
[2024-03-13T11:12:36.290+0200] {processor.py:830} INFO - Processing file /Users/abatcoveanu/airflow/dags/dag_folder/|}{"?;a.py for tasks to queue
[2024-03-13T11:12:36.291+0200] {logging_mixin.py:188} INFO - [2024-03-13T11:12:36.291+0200] {dagbag.py:540} INFO - Filling up the DagBag from /Users/abatcoveanu/airflow/dags/dag_folder/|}{"?;a.py
[2024-03-13T11:12:36.316+0200] {processor.py:840} INFO - DAG(s) 'dag_id_3', 'dag_id_2', 'dag_id_1' retrieved from /Users/abatcoveanu/airflow/dags/dag_folder/|}{"?;a.py
[2024-03-13T11:12:36.468+0200] {logging_mixin.py:188} INFO - [2024-03-13T11:12:36.468+0200] {dag.py:3047} INFO - Sync 3 DAGs
[2024-03-13T11:12:36.480+0200] {logging_mixin.py:188} INFO - [2024-03-13T11:12:36.479+0200] {dag.py:3834} INFO - Setting next_dagrun for dag_id_1 to None, run_after=None
[2024-03-13T11:12:36.483+0200] {logging_mixin.py:188} INFO - [2024-03-13T11:12:36.483+0200] {dag.py:3834} INFO - Setting next_dagrun for dag_id_2 to None, run_after=None
[2024-03-13T11:12:36.484+0200] {logging_mixin.py:188} INFO - [2024-03-13T11:12:36.484+0200] {dag.py:3834} INFO - Setting next_dagrun for dag_id_3 to None, run_after=None
[2024-03-13T11:12:36.498+0200] {processor.py:183} INFO - Processing /Users/abatcoveanu/airflow/dags/dag_folder/|}{"?;a.py took 0.210 seconds
[2024-03-13T11:18:41.370+0200] {processor.py:161} INFO - Started process (PID=3450) to work on /Users/abatcoveanu/airflow/dags/dag_folder/|}{"?;a.py
[2024-03-13T11:18:41.371+0200] {processor.py:830} INFO - Processing file /Users/abatcoveanu/airflow/dags/dag_folder/|}{"?;a.py for tasks to queue
[2024-03-13T11:18:41.371+0200] {logging_mixin.py:188} INFO - [2024-03-13T11:18:41.371+0200] {dagbag.py:540} INFO - Filling up the DagBag from /Users/abatcoveanu/airflow/dags/dag_folder/|}{"?;a.py
[2024-03-13T11:18:41.397+0200] {processor.py:840} INFO - DAG(s) 'dag_id_1', 'dag_id_3', 'dag_id_2' retrieved from /Users/abatcoveanu/airflow/dags/dag_folder/|}{"?;a.py
[2024-03-13T11:18:41.644+0200] {logging_mixin.py:188} INFO - [2024-03-13T11:18:41.644+0200] {dag.py:3047} INFO - Sync 3 DAGs
[2024-03-13T11:18:41.653+0200] {logging_mixin.py:188} INFO - [2024-03-13T11:18:41.652+0200] {dag.py:3834} INFO - Setting next_dagrun for dag_id_1 to None, run_after=None
[2024-03-13T11:18:41.655+0200] {logging_mixin.py:188} INFO - [2024-03-13T11:18:41.655+0200] {dag.py:3834} INFO - Setting next_dagrun for dag_id_2 to None, run_after=None
[2024-03-13T11:18:41.656+0200] {logging_mixin.py:188} INFO - [2024-03-13T11:18:41.655+0200] {dag.py:3834} INFO - Setting next_dagrun for dag_id_3 to None, run_after=None
[2024-03-13T11:18:41.670+0200] {processor.py:183} INFO - Processing /Users/abatcoveanu/airflow/dags/dag_folder/|}{"?;a.py took 0.302 seconds
[2024-03-13T11:19:33.748+0200] {processor.py:161} INFO - Started process (PID=3642) to work on /Users/abatcoveanu/airflow/dags/dag_folder/|}{"?;a.py
[2024-03-13T11:19:33.749+0200] {processor.py:830} INFO - Processing file /Users/abatcoveanu/airflow/dags/dag_folder/|}{"?;a.py for tasks to queue
[2024-03-13T11:19:33.750+0200] {logging_mixin.py:188} INFO - [2024-03-13T11:19:33.750+0200] {dagbag.py:540} INFO - Filling up the DagBag from /Users/abatcoveanu/airflow/dags/dag_folder/|}{"?;a.py
[2024-03-13T11:19:33.778+0200] {processor.py:840} INFO - DAG(s) 'dag_id_2', 'dag_id_1', 'dag_id_3' retrieved from /Users/abatcoveanu/airflow/dags/dag_folder/|}{"?;a.py
[2024-03-13T11:19:33.812+0200] {logging_mixin.py:188} INFO - [2024-03-13T11:19:33.812+0200] {dag.py:3047} INFO - Sync 3 DAGs
[2024-03-13T11:19:33.940+0200] {logging_mixin.py:188} INFO - [2024-03-13T11:19:33.940+0200] {dag.py:3834} INFO - Setting next_dagrun for dag_id_1 to None, run_after=None
[2024-03-13T11:19:33.943+0200] {logging_mixin.py:188} INFO - [2024-03-13T11:19:33.943+0200] {dag.py:3834} INFO - Setting next_dagrun for dag_id_2 to None, run_after=None
[2024-03-13T11:19:33.944+0200] {logging_mixin.py:188} INFO - [2024-03-13T11:19:33.944+0200] {dag.py:3834} INFO - Setting next_dagrun for dag_id_3 to None, run_after=None
[2024-03-13T11:19:33.957+0200] {processor.py:183} INFO - Processing /Users/abatcoveanu/airflow/dags/dag_folder/|}{"?;a.py took 0.211 seconds
[2024-03-13T11:20:33.132+0200] {processor.py:161} INFO - Started process (PID=3871) to work on /Users/abatcoveanu/airflow/dags/dag_folder/|}{"?;a.py
[2024-03-13T11:20:33.132+0200] {processor.py:830} INFO - Processing file /Users/abatcoveanu/airflow/dags/dag_folder/|}{"?;a.py for tasks to queue
[2024-03-13T11:20:33.133+0200] {logging_mixin.py:188} INFO - [2024-03-13T11:20:33.133+0200] {dagbag.py:540} INFO - Filling up the DagBag from /Users/abatcoveanu/airflow/dags/dag_folder/|}{"?;a.py
[2024-03-13T11:20:33.156+0200] {processor.py:840} INFO - DAG(s) 'dag_id_1', 'dag_id_3', 'dag_id_2' retrieved from /Users/abatcoveanu/airflow/dags/dag_folder/|}{"?;a.py
[2024-03-13T11:20:33.467+0200] {logging_mixin.py:188} INFO - [2024-03-13T11:20:33.467+0200] {dag.py:3047} INFO - Sync 3 DAGs
[2024-03-13T11:20:33.492+0200] {logging_mixin.py:188} INFO - [2024-03-13T11:20:33.491+0200] {dag.py:3834} INFO - Setting next_dagrun for dag_id_1 to None, run_after=None
[2024-03-13T11:20:33.496+0200] {logging_mixin.py:188} INFO - [2024-03-13T11:20:33.495+0200] {dag.py:3834} INFO - Setting next_dagrun for dag_id_2 to None, run_after=None
[2024-03-13T11:20:33.497+0200] {logging_mixin.py:188} INFO - [2024-03-13T11:20:33.497+0200] {dag.py:3834} INFO - Setting next_dagrun for dag_id_3 to None, run_after=None
[2024-03-13T11:20:33.519+0200] {processor.py:183} INFO - Processing /Users/abatcoveanu/airflow/dags/dag_folder/|}{"?;a.py took 0.389 seconds
[2024-03-13T11:21:27.266+0200] {processor.py:161} INFO - Started process (PID=4096) to work on /Users/abatcoveanu/airflow/dags/dag_folder/|}{"?;a.py
[2024-03-13T11:21:27.267+0200] {processor.py:830} INFO - Processing file /Users/abatcoveanu/airflow/dags/dag_folder/|}{"?;a.py for tasks to queue
[2024-03-13T11:21:27.267+0200] {logging_mixin.py:188} INFO - [2024-03-13T11:21:27.267+0200] {dagbag.py:540} INFO - Filling up the DagBag from /Users/abatcoveanu/airflow/dags/dag_folder/|}{"?;a.py
[2024-03-13T11:21:27.293+0200] {processor.py:840} INFO - DAG(s) 'dag_id_3', 'dag_id_2', 'dag_id_1' retrieved from /Users/abatcoveanu/airflow/dags/dag_folder/|}{"?;a.py
[2024-03-13T11:21:27.340+0200] {logging_mixin.py:188} INFO - [2024-03-13T11:21:27.340+0200] {dag.py:3047} INFO - Sync 3 DAGs
[2024-03-13T11:21:27.501+0200] {logging_mixin.py:188} INFO - [2024-03-13T11:21:27.501+0200] {dag.py:3834} INFO - Setting next_dagrun for dag_id_1 to None, run_after=None
[2024-03-13T11:21:27.505+0200] {logging_mixin.py:188} INFO - [2024-03-13T11:21:27.505+0200] {dag.py:3834} INFO - Setting next_dagrun for dag_id_2 to None, run_after=None
[2024-03-13T11:21:27.506+0200] {logging_mixin.py:188} INFO - [2024-03-13T11:21:27.506+0200] {dag.py:3834} INFO - Setting next_dagrun for dag_id_3 to None, run_after=None
[2024-03-13T11:21:27.540+0200] {processor.py:183} INFO - Processing /Users/abatcoveanu/airflow/dags/dag_folder/|}{"?;a.py took 0.276 seconds
[2024-03-13T11:22:14.061+0200] {processor.py:161} INFO - Started process (PID=4276) to work on /Users/abatcoveanu/airflow/dags/dag_folder/|}{"?;a.py
[2024-03-13T11:22:14.062+0200] {processor.py:830} INFO - Processing file /Users/abatcoveanu/airflow/dags/dag_folder/|}{"?;a.py for tasks to queue
[2024-03-13T11:22:14.063+0200] {logging_mixin.py:188} INFO - [2024-03-13T11:22:14.063+0200] {dagbag.py:540} INFO - Filling up the DagBag from /Users/abatcoveanu/airflow/dags/dag_folder/|}{"?;a.py
[2024-03-13T11:22:14.088+0200] {processor.py:840} INFO - DAG(s) 'dag_id_3', 'dag_id_2', 'dag_id_1' retrieved from /Users/abatcoveanu/airflow/dags/dag_folder/|}{"?;a.py
[2024-03-13T11:22:14.404+0200] {logging_mixin.py:188} INFO - [2024-03-13T11:22:14.404+0200] {dag.py:3047} INFO - Sync 3 DAGs
[2024-03-13T11:22:14.420+0200] {logging_mixin.py:188} INFO - [2024-03-13T11:22:14.419+0200] {dag.py:3834} INFO - Setting next_dagrun for dag_id_1 to None, run_after=None
[2024-03-13T11:22:14.438+0200] {logging_mixin.py:188} INFO - [2024-03-13T11:22:14.438+0200] {dag.py:3834} INFO - Setting next_dagrun for dag_id_2 to None, run_after=None
[2024-03-13T11:22:14.440+0200] {logging_mixin.py:188} INFO - [2024-03-13T11:22:14.440+0200] {dag.py:3834} INFO - Setting next_dagrun for dag_id_3 to None, run_after=None
[2024-03-13T11:22:14.459+0200] {processor.py:183} INFO - Processing /Users/abatcoveanu/airflow/dags/dag_folder/|}{"?;a.py took 0.400 seconds
[2024-03-13T11:23:09.299+0200] {processor.py:161} INFO - Started process (PID=4479) to work on /Users/abatcoveanu/airflow/dags/dag_folder/|}{"?;a.py
[2024-03-13T11:23:09.300+0200] {processor.py:830} INFO - Processing file /Users/abatcoveanu/airflow/dags/dag_folder/|}{"?;a.py for tasks to queue
[2024-03-13T11:23:09.301+0200] {logging_mixin.py:188} INFO - [2024-03-13T11:23:09.301+0200] {dagbag.py:540} INFO - Filling up the DagBag from /Users/abatcoveanu/airflow/dags/dag_folder/|}{"?;a.py
[2024-03-13T11:23:09.325+0200] {processor.py:840} INFO - DAG(s) 'dag_id_3', 'dag_id_2', 'dag_id_1' retrieved from /Users/abatcoveanu/airflow/dags/dag_folder/|}{"?;a.py
[2024-03-13T11:23:09.354+0200] {logging_mixin.py:188} INFO - [2024-03-13T11:23:09.354+0200] {dag.py:3047} INFO - Sync 3 DAGs
[2024-03-13T11:23:09.498+0200] {logging_mixin.py:188} INFO - [2024-03-13T11:23:09.498+0200] {dag.py:3834} INFO - Setting next_dagrun for dag_id_1 to None, run_after=None
[2024-03-13T11:23:09.502+0200] {logging_mixin.py:188} INFO - [2024-03-13T11:23:09.502+0200] {dag.py:3834} INFO - Setting next_dagrun for dag_id_2 to None, run_after=None
[2024-03-13T11:23:09.504+0200] {logging_mixin.py:188} INFO - [2024-03-13T11:23:09.503+0200] {dag.py:3834} INFO - Setting next_dagrun for dag_id_3 to None, run_after=None
[2024-03-13T11:23:09.520+0200] {processor.py:183} INFO - Processing /Users/abatcoveanu/airflow/dags/dag_folder/|}{"?;a.py took 0.222 seconds
[2024-03-13T11:24:05.428+0200] {processor.py:161} INFO - Started process (PID=4677) to work on /Users/abatcoveanu/airflow/dags/dag_folder/|}{"?;a.py
[2024-03-13T11:24:05.429+0200] {processor.py:830} INFO - Processing file /Users/abatcoveanu/airflow/dags/dag_folder/|}{"?;a.py for tasks to queue
[2024-03-13T11:24:05.429+0200] {logging_mixin.py:188} INFO - [2024-03-13T11:24:05.429+0200] {dagbag.py:540} INFO - Filling up the DagBag from /Users/abatcoveanu/airflow/dags/dag_folder/|}{"?;a.py
[2024-03-13T11:24:05.455+0200] {processor.py:840} INFO - DAG(s) 'dag_id_2', 'dag_id_1', 'dag_id_3' retrieved from /Users/abatcoveanu/airflow/dags/dag_folder/|}{"?;a.py
[2024-03-13T11:24:05.794+0200] {logging_mixin.py:188} INFO - [2024-03-13T11:24:05.794+0200] {dag.py:3047} INFO - Sync 3 DAGs
[2024-03-13T11:24:05.807+0200] {logging_mixin.py:188} INFO - [2024-03-13T11:24:05.806+0200] {dag.py:3834} INFO - Setting next_dagrun for dag_id_1 to None, run_after=None
[2024-03-13T11:24:05.810+0200] {logging_mixin.py:188} INFO - [2024-03-13T11:24:05.810+0200] {dag.py:3834} INFO - Setting next_dagrun for dag_id_2 to None, run_after=None
[2024-03-13T11:24:05.811+0200] {logging_mixin.py:188} INFO - [2024-03-13T11:24:05.811+0200] {dag.py:3834} INFO - Setting next_dagrun for dag_id_3 to None, run_after=None
[2024-03-13T11:24:05.847+0200] {processor.py:183} INFO - Processing /Users/abatcoveanu/airflow/dags/dag_folder/|}{"?;a.py took 0.421 seconds
[2024-03-13T11:25:05.531+0200] {processor.py:161} INFO - Started process (PID=4900) to work on /Users/abatcoveanu/airflow/dags/dag_folder/|}{"?;a.py
[2024-03-13T11:25:05.532+0200] {processor.py:830} INFO - Processing file /Users/abatcoveanu/airflow/dags/dag_folder/|}{"?;a.py for tasks to queue
[2024-03-13T11:25:05.532+0200] {logging_mixin.py:188} INFO - [2024-03-13T11:25:05.532+0200] {dagbag.py:540} INFO - Filling up the DagBag from /Users/abatcoveanu/airflow/dags/dag_folder/|}{"?;a.py
[2024-03-13T11:25:05.558+0200] {processor.py:840} INFO - DAG(s) 'dag_id_3', 'dag_id_2', 'dag_id_1' retrieved from /Users/abatcoveanu/airflow/dags/dag_folder/|}{"?;a.py
[2024-03-13T11:25:05.600+0200] {logging_mixin.py:188} INFO - [2024-03-13T11:25:05.600+0200] {dag.py:3047} INFO - Sync 3 DAGs
[2024-03-13T11:25:05.758+0200] {logging_mixin.py:188} INFO - [2024-03-13T11:25:05.758+0200] {dag.py:3834} INFO - Setting next_dagrun for dag_id_1 to None, run_after=None
[2024-03-13T11:25:05.762+0200] {logging_mixin.py:188} INFO - [2024-03-13T11:25:05.762+0200] {dag.py:3834} INFO - Setting next_dagrun for dag_id_2 to None, run_after=None
[2024-03-13T11:25:05.764+0200] {logging_mixin.py:188} INFO - [2024-03-13T11:25:05.764+0200] {dag.py:3834} INFO - Setting next_dagrun for dag_id_3 to None, run_after=None
[2024-03-13T11:25:05.797+0200] {processor.py:183} INFO - Processing /Users/abatcoveanu/airflow/dags/dag_folder/|}{"?;a.py took 0.267 seconds
[2024-03-13T11:25:55.726+0200] {processor.py:161} INFO - Started process (PID=5086) to work on /Users/abatcoveanu/airflow/dags/dag_folder/|}{"?;a.py
[2024-03-13T11:25:55.727+0200] {processor.py:830} INFO - Processing file /Users/abatcoveanu/airflow/dags/dag_folder/|}{"?;a.py for tasks to queue
[2024-03-13T11:25:55.728+0200] {logging_mixin.py:188} INFO - [2024-03-13T11:25:55.728+0200] {dagbag.py:540} INFO - Filling up the DagBag from /Users/abatcoveanu/airflow/dags/dag_folder/|}{"?;a.py
[2024-03-13T11:25:55.747+0200] {processor.py:840} INFO - DAG(s) 'dag_id_2', 'dag_id_1', 'dag_id_3' retrieved from /Users/abatcoveanu/airflow/dags/dag_folder/|}{"?;a.py
[2024-03-13T11:25:55.996+0200] {logging_mixin.py:188} INFO - [2024-03-13T11:25:55.995+0200] {dag.py:3047} INFO - Sync 3 DAGs
[2024-03-13T11:25:56.005+0200] {logging_mixin.py:188} INFO - [2024-03-13T11:25:56.004+0200] {dag.py:3834} INFO - Setting next_dagrun for dag_id_1 to None, run_after=None
[2024-03-13T11:25:56.007+0200] {logging_mixin.py:188} INFO - [2024-03-13T11:25:56.007+0200] {dag.py:3834} INFO - Setting next_dagrun for dag_id_2 to None, run_after=None
[2024-03-13T11:25:56.008+0200] {logging_mixin.py:188} INFO - [2024-03-13T11:25:56.008+0200] {dag.py:3834} INFO - Setting next_dagrun for dag_id_3 to None, run_after=None
[2024-03-13T11:25:56.040+0200] {processor.py:183} INFO - Processing /Users/abatcoveanu/airflow/dags/dag_folder/|}{"?;a.py took 0.315 seconds
[2024-03-13T11:26:49.843+0200] {processor.py:161} INFO - Started process (PID=5301) to work on /Users/abatcoveanu/airflow/dags/dag_folder/|}{"?;a.py
[2024-03-13T11:26:49.844+0200] {processor.py:830} INFO - Processing file /Users/abatcoveanu/airflow/dags/dag_folder/|}{"?;a.py for tasks to queue
[2024-03-13T11:26:49.845+0200] {logging_mixin.py:188} INFO - [2024-03-13T11:26:49.845+0200] {dagbag.py:540} INFO - Filling up the DagBag from /Users/abatcoveanu/airflow/dags/dag_folder/|}{"?;a.py
[2024-03-13T11:26:49.865+0200] {processor.py:840} INFO - DAG(s) 'dag_id_3', 'dag_id_1', 'dag_id_2' retrieved from /Users/abatcoveanu/airflow/dags/dag_folder/|}{"?;a.py
[2024-03-13T11:26:50.154+0200] {logging_mixin.py:188} INFO - [2024-03-13T11:26:50.153+0200] {dag.py:3047} INFO - Sync 3 DAGs
[2024-03-13T11:26:50.166+0200] {logging_mixin.py:188} INFO - [2024-03-13T11:26:50.166+0200] {dag.py:3834} INFO - Setting next_dagrun for dag_id_1 to None, run_after=None
[2024-03-13T11:26:50.169+0200] {logging_mixin.py:188} INFO - [2024-03-13T11:26:50.169+0200] {dag.py:3834} INFO - Setting next_dagrun for dag_id_2 to None, run_after=None
[2024-03-13T11:26:50.187+0200] {logging_mixin.py:188} INFO - [2024-03-13T11:26:50.187+0200] {dag.py:3834} INFO - Setting next_dagrun for dag_id_3 to None, run_after=None
[2024-03-13T11:26:50.203+0200] {processor.py:183} INFO - Processing /Users/abatcoveanu/airflow/dags/dag_folder/|}{"?;a.py took 0.361 seconds
[2024-03-13T11:27:44.785+0200] {processor.py:161} INFO - Started process (PID=5508) to work on /Users/abatcoveanu/airflow/dags/dag_folder/|}{"?;a.py
[2024-03-13T11:27:44.786+0200] {processor.py:830} INFO - Processing file /Users/abatcoveanu/airflow/dags/dag_folder/|}{"?;a.py for tasks to queue
[2024-03-13T11:27:44.786+0200] {logging_mixin.py:188} INFO - [2024-03-13T11:27:44.786+0200] {dagbag.py:540} INFO - Filling up the DagBag from /Users/abatcoveanu/airflow/dags/dag_folder/|}{"?;a.py
[2024-03-13T11:27:44.806+0200] {processor.py:840} INFO - DAG(s) 'dag_id_3', 'dag_id_2', 'dag_id_1' retrieved from /Users/abatcoveanu/airflow/dags/dag_folder/|}{"?;a.py
[2024-03-13T11:27:45.047+0200] {logging_mixin.py:188} INFO - [2024-03-13T11:27:45.047+0200] {dag.py:3047} INFO - Sync 3 DAGs
[2024-03-13T11:27:45.055+0200] {logging_mixin.py:188} INFO - [2024-03-13T11:27:45.055+0200] {dag.py:3834} INFO - Setting next_dagrun for dag_id_1 to None, run_after=None
[2024-03-13T11:27:45.057+0200] {logging_mixin.py:188} INFO - [2024-03-13T11:27:45.057+0200] {dag.py:3834} INFO - Setting next_dagrun for dag_id_2 to None, run_after=None
[2024-03-13T11:27:45.058+0200] {logging_mixin.py:188} INFO - [2024-03-13T11:27:45.058+0200] {dag.py:3834} INFO - Setting next_dagrun for dag_id_3 to None, run_after=None
[2024-03-13T11:27:45.088+0200] {processor.py:183} INFO - Processing /Users/abatcoveanu/airflow/dags/dag_folder/|}{"?;a.py took 0.304 seconds
[2024-03-13T11:28:42.628+0200] {processor.py:161} INFO - Started process (PID=5738) to work on /Users/abatcoveanu/airflow/dags/dag_folder/|}{"?;a.py
[2024-03-13T11:28:42.628+0200] {processor.py:830} INFO - Processing file /Users/abatcoveanu/airflow/dags/dag_folder/|}{"?;a.py for tasks to queue
[2024-03-13T11:28:42.629+0200] {logging_mixin.py:188} INFO - [2024-03-13T11:28:42.629+0200] {dagbag.py:540} INFO - Filling up the DagBag from /Users/abatcoveanu/airflow/dags/dag_folder/|}{"?;a.py
[2024-03-13T11:28:42.652+0200] {processor.py:840} INFO - DAG(s) 'dag_id_1', 'dag_id_2', 'dag_id_3' retrieved from /Users/abatcoveanu/airflow/dags/dag_folder/|}{"?;a.py
[2024-03-13T11:28:42.692+0200] {logging_mixin.py:188} INFO - [2024-03-13T11:28:42.691+0200] {dag.py:3047} INFO - Sync 3 DAGs
[2024-03-13T11:28:42.807+0200] {logging_mixin.py:188} INFO - [2024-03-13T11:28:42.807+0200] {dag.py:3834} INFO - Setting next_dagrun for dag_id_1 to None, run_after=None
[2024-03-13T11:28:42.810+0200] {logging_mixin.py:188} INFO - [2024-03-13T11:28:42.810+0200] {dag.py:3834} INFO - Setting next_dagrun for dag_id_2 to None, run_after=None
[2024-03-13T11:28:42.811+0200] {logging_mixin.py:188} INFO - [2024-03-13T11:28:42.811+0200] {dag.py:3834} INFO - Setting next_dagrun for dag_id_3 to None, run_after=None
[2024-03-13T11:28:42.841+0200] {processor.py:183} INFO - Processing /Users/abatcoveanu/airflow/dags/dag_folder/|}{"?;a.py took 0.214 seconds
[2024-03-13T11:29:36.488+0200] {processor.py:161} INFO - Started process (PID=5947) to work on /Users/abatcoveanu/airflow/dags/dag_folder/|}{"?;a.py
[2024-03-13T11:29:36.488+0200] {processor.py:830} INFO - Processing file /Users/abatcoveanu/airflow/dags/dag_folder/|}{"?;a.py for tasks to queue
[2024-03-13T11:29:36.489+0200] {logging_mixin.py:188} INFO - [2024-03-13T11:29:36.489+0200] {dagbag.py:540} INFO - Filling up the DagBag from /Users/abatcoveanu/airflow/dags/dag_folder/|}{"?;a.py
[2024-03-13T11:29:36.511+0200] {processor.py:840} INFO - DAG(s) 'dag_id_2', 'dag_id_1', 'dag_id_3' retrieved from /Users/abatcoveanu/airflow/dags/dag_folder/|}{"?;a.py
[2024-03-13T11:29:36.792+0200] {logging_mixin.py:188} INFO - [2024-03-13T11:29:36.792+0200] {dag.py:3047} INFO - Sync 3 DAGs
[2024-03-13T11:29:36.804+0200] {logging_mixin.py:188} INFO - [2024-03-13T11:29:36.804+0200] {dag.py:3834} INFO - Setting next_dagrun for dag_id_1 to None, run_after=None
[2024-03-13T11:29:36.824+0200] {logging_mixin.py:188} INFO - [2024-03-13T11:29:36.824+0200] {dag.py:3834} INFO - Setting next_dagrun for dag_id_2 to None, run_after=None
[2024-03-13T11:29:36.826+0200] {logging_mixin.py:188} INFO - [2024-03-13T11:29:36.826+0200] {dag.py:3834} INFO - Setting next_dagrun for dag_id_3 to None, run_after=None
[2024-03-13T11:29:36.842+0200] {processor.py:183} INFO - Processing /Users/abatcoveanu/airflow/dags/dag_folder/|}{"?;a.py took 0.356 seconds
[2024-03-13T11:30:32.367+0200] {processor.py:161} INFO - Started process (PID=6170) to work on /Users/abatcoveanu/airflow/dags/dag_folder/|}{"?;a.py
[2024-03-13T11:30:32.368+0200] {processor.py:830} INFO - Processing file /Users/abatcoveanu/airflow/dags/dag_folder/|}{"?;a.py for tasks to queue
[2024-03-13T11:30:32.369+0200] {logging_mixin.py:188} INFO - [2024-03-13T11:30:32.369+0200] {dagbag.py:540} INFO - Filling up the DagBag from /Users/abatcoveanu/airflow/dags/dag_folder/|}{"?;a.py
[2024-03-13T11:30:32.389+0200] {processor.py:840} INFO - DAG(s) 'dag_id_1', 'dag_id_2', 'dag_id_3' retrieved from /Users/abatcoveanu/airflow/dags/dag_folder/|}{"?;a.py
[2024-03-13T11:30:32.431+0200] {logging_mixin.py:188} INFO - [2024-03-13T11:30:32.430+0200] {dag.py:3047} INFO - Sync 3 DAGs
[2024-03-13T11:30:32.572+0200] {logging_mixin.py:188} INFO - [2024-03-13T11:30:32.572+0200] {dag.py:3834} INFO - Setting next_dagrun for dag_id_1 to None, run_after=None
[2024-03-13T11:30:32.575+0200] {logging_mixin.py:188} INFO - [2024-03-13T11:30:32.575+0200] {dag.py:3834} INFO - Setting next_dagrun for dag_id_2 to None, run_after=None
[2024-03-13T11:30:32.576+0200] {logging_mixin.py:188} INFO - [2024-03-13T11:30:32.576+0200] {dag.py:3834} INFO - Setting next_dagrun for dag_id_3 to None, run_after=None
[2024-03-13T11:30:32.588+0200] {processor.py:183} INFO - Processing /Users/abatcoveanu/airflow/dags/dag_folder/|}{"?;a.py took 0.222 seconds
[2024-03-13T11:31:27.157+0200] {processor.py:161} INFO - Started process (PID=6391) to work on /Users/abatcoveanu/airflow/dags/dag_folder/|}{"?;a.py
[2024-03-13T11:31:27.158+0200] {processor.py:830} INFO - Processing file /Users/abatcoveanu/airflow/dags/dag_folder/|}{"?;a.py for tasks to queue
[2024-03-13T11:31:27.158+0200] {logging_mixin.py:188} INFO - [2024-03-13T11:31:27.158+0200] {dagbag.py:540} INFO - Filling up the DagBag from /Users/abatcoveanu/airflow/dags/dag_folder/|}{"?;a.py
[2024-03-13T11:31:27.179+0200] {processor.py:840} INFO - DAG(s) 'dag_id_3', 'dag_id_2', 'dag_id_1' retrieved from /Users/abatcoveanu/airflow/dags/dag_folder/|}{"?;a.py
[2024-03-13T11:31:27.429+0200] {logging_mixin.py:188} INFO - [2024-03-13T11:31:27.428+0200] {dag.py:3047} INFO - Sync 3 DAGs
[2024-03-13T11:31:27.437+0200] {logging_mixin.py:188} INFO - [2024-03-13T11:31:27.437+0200] {dag.py:3834} INFO - Setting next_dagrun for dag_id_1 to None, run_after=None
[2024-03-13T11:31:27.439+0200] {logging_mixin.py:188} INFO - [2024-03-13T11:31:27.439+0200] {dag.py:3834} INFO - Setting next_dagrun for dag_id_2 to None, run_after=None
[2024-03-13T11:31:27.440+0200] {logging_mixin.py:188} INFO - [2024-03-13T11:31:27.440+0200] {dag.py:3834} INFO - Setting next_dagrun for dag_id_3 to None, run_after=None
[2024-03-13T11:31:27.469+0200] {processor.py:183} INFO - Processing /Users/abatcoveanu/airflow/dags/dag_folder/|}{"?;a.py took 0.314 seconds
[2024-03-13T11:32:23.616+0200] {processor.py:161} INFO - Started process (PID=6609) to work on /Users/abatcoveanu/airflow/dags/dag_folder/|}{"?;a.py
[2024-03-13T11:32:23.617+0200] {processor.py:830} INFO - Processing file /Users/abatcoveanu/airflow/dags/dag_folder/|}{"?;a.py for tasks to queue
[2024-03-13T11:32:23.617+0200] {logging_mixin.py:188} INFO - [2024-03-13T11:32:23.617+0200] {dagbag.py:540} INFO - Filling up the DagBag from /Users/abatcoveanu/airflow/dags/dag_folder/|}{"?;a.py
[2024-03-13T11:32:23.637+0200] {processor.py:840} INFO - DAG(s) 'dag_id_2', 'dag_id_1', 'dag_id_3' retrieved from /Users/abatcoveanu/airflow/dags/dag_folder/|}{"?;a.py
[2024-03-13T11:32:23.892+0200] {logging_mixin.py:188} INFO - [2024-03-13T11:32:23.891+0200] {dag.py:3047} INFO - Sync 3 DAGs
[2024-03-13T11:32:23.900+0200] {logging_mixin.py:188} INFO - [2024-03-13T11:32:23.900+0200] {dag.py:3834} INFO - Setting next_dagrun for dag_id_1 to None, run_after=None
[2024-03-13T11:32:23.919+0200] {logging_mixin.py:188} INFO - [2024-03-13T11:32:23.919+0200] {dag.py:3834} INFO - Setting next_dagrun for dag_id_2 to None, run_after=None
[2024-03-13T11:32:23.921+0200] {logging_mixin.py:188} INFO - [2024-03-13T11:32:23.921+0200] {dag.py:3834} INFO - Setting next_dagrun for dag_id_3 to None, run_after=None
[2024-03-13T11:32:23.935+0200] {processor.py:183} INFO - Processing /Users/abatcoveanu/airflow/dags/dag_folder/|}{"?;a.py took 0.321 seconds
[2024-03-13T11:33:20.990+0200] {processor.py:161} INFO - Started process (PID=6860) to work on /Users/abatcoveanu/airflow/dags/dag_folder/|}{"?;a.py
[2024-03-13T11:33:20.991+0200] {processor.py:830} INFO - Processing file /Users/abatcoveanu/airflow/dags/dag_folder/|}{"?;a.py for tasks to queue
[2024-03-13T11:33:20.992+0200] {logging_mixin.py:188} INFO - [2024-03-13T11:33:20.992+0200] {dagbag.py:540} INFO - Filling up the DagBag from /Users/abatcoveanu/airflow/dags/dag_folder/|}{"?;a.py
[2024-03-13T11:33:21.016+0200] {processor.py:840} INFO - DAG(s) 'dag_id_3', 'dag_id_1', 'dag_id_2' retrieved from /Users/abatcoveanu/airflow/dags/dag_folder/|}{"?;a.py
[2024-03-13T11:33:21.280+0200] {logging_mixin.py:188} INFO - [2024-03-13T11:33:21.280+0200] {dag.py:3047} INFO - Sync 3 DAGs
[2024-03-13T11:33:21.289+0200] {logging_mixin.py:188} INFO - [2024-03-13T11:33:21.288+0200] {dag.py:3834} INFO - Setting next_dagrun for dag_id_1 to None, run_after=None
[2024-03-13T11:33:21.291+0200] {logging_mixin.py:188} INFO - [2024-03-13T11:33:21.291+0200] {dag.py:3834} INFO - Setting next_dagrun for dag_id_2 to None, run_after=None
[2024-03-13T11:33:21.292+0200] {logging_mixin.py:188} INFO - [2024-03-13T11:33:21.292+0200] {dag.py:3834} INFO - Setting next_dagrun for dag_id_3 to None, run_after=None
[2024-03-13T11:33:21.322+0200] {processor.py:183} INFO - Processing /Users/abatcoveanu/airflow/dags/dag_folder/|}{"?;a.py took 0.333 seconds
[2024-03-13T11:34:17.945+0200] {processor.py:161} INFO - Started process (PID=7080) to work on /Users/abatcoveanu/airflow/dags/dag_folder/|}{"?;a.py
[2024-03-13T11:34:17.946+0200] {processor.py:830} INFO - Processing file /Users/abatcoveanu/airflow/dags/dag_folder/|}{"?;a.py for tasks to queue
[2024-03-13T11:34:17.946+0200] {logging_mixin.py:188} INFO - [2024-03-13T11:34:17.946+0200] {dagbag.py:540} INFO - Filling up the DagBag from /Users/abatcoveanu/airflow/dags/dag_folder/|}{"?;a.py
[2024-03-13T11:34:17.966+0200] {processor.py:840} INFO - DAG(s) 'dag_id_1', 'dag_id_2', 'dag_id_3' retrieved from /Users/abatcoveanu/airflow/dags/dag_folder/|}{"?;a.py
[2024-03-13T11:34:18.118+0200] {logging_mixin.py:188} INFO - [2024-03-13T11:34:18.118+0200] {dag.py:3047} INFO - Sync 3 DAGs
[2024-03-13T11:34:18.129+0200] {logging_mixin.py:188} INFO - [2024-03-13T11:34:18.129+0200] {dag.py:3834} INFO - Setting next_dagrun for dag_id_1 to None, run_after=None
[2024-03-13T11:34:18.132+0200] {logging_mixin.py:188} INFO - [2024-03-13T11:34:18.132+0200] {dag.py:3834} INFO - Setting next_dagrun for dag_id_2 to None, run_after=None
[2024-03-13T11:34:18.133+0200] {logging_mixin.py:188} INFO - [2024-03-13T11:34:18.133+0200] {dag.py:3834} INFO - Setting next_dagrun for dag_id_3 to None, run_after=None
[2024-03-13T11:34:18.147+0200] {processor.py:183} INFO - Processing /Users/abatcoveanu/airflow/dags/dag_folder/|}{"?;a.py took 0.203 seconds
[2024-03-13T11:35:13.030+0200] {processor.py:161} INFO - Started process (PID=7295) to work on /Users/abatcoveanu/airflow/dags/dag_folder/|}{"?;a.py
[2024-03-13T11:35:13.031+0200] {processor.py:830} INFO - Processing file /Users/abatcoveanu/airflow/dags/dag_folder/|}{"?;a.py for tasks to queue
[2024-03-13T11:35:13.032+0200] {logging_mixin.py:188} INFO - [2024-03-13T11:35:13.031+0200] {dagbag.py:540} INFO - Filling up the DagBag from /Users/abatcoveanu/airflow/dags/dag_folder/|}{"?;a.py
[2024-03-13T11:35:13.055+0200] {processor.py:840} INFO - DAG(s) 'dag_id_1', 'dag_id_3', 'dag_id_2' retrieved from /Users/abatcoveanu/airflow/dags/dag_folder/|}{"?;a.py
[2024-03-13T11:35:13.332+0200] {logging_mixin.py:188} INFO - [2024-03-13T11:35:13.332+0200] {dag.py:3047} INFO - Sync 3 DAGs
[2024-03-13T11:35:13.343+0200] {logging_mixin.py:188} INFO - [2024-03-13T11:35:13.343+0200] {dag.py:3834} INFO - Setting next_dagrun for dag_id_1 to None, run_after=None
[2024-03-13T11:35:13.345+0200] {logging_mixin.py:188} INFO - [2024-03-13T11:35:13.345+0200] {dag.py:3834} INFO - Setting next_dagrun for dag_id_2 to None, run_after=None
[2024-03-13T11:35:13.346+0200] {logging_mixin.py:188} INFO - [2024-03-13T11:35:13.346+0200] {dag.py:3834} INFO - Setting next_dagrun for dag_id_3 to None, run_after=None
[2024-03-13T11:35:13.377+0200] {processor.py:183} INFO - Processing /Users/abatcoveanu/airflow/dags/dag_folder/|}{"?;a.py took 0.349 seconds
