[2024-03-07T02:24:11.064+0200] {processor.py:161} INFO - Started process (PID=25578) to work on /usr/local/lib/python3.8/site-packages/airflow/example_dags/example_bash_operator.py
[2024-03-07T02:24:11.065+0200] {processor.py:830} INFO - Processing file /usr/local/lib/python3.8/site-packages/airflow/example_dags/example_bash_operator.py for tasks to queue
[2024-03-07T02:24:11.066+0200] {logging_mixin.py:188} INFO - [2024-03-07T02:24:11.066+0200] {dagbag.py:540} INFO - Filling up the DagBag from /usr/local/lib/python3.8/site-packages/airflow/example_dags/example_bash_operator.py
[2024-03-07T02:24:11.077+0200] {processor.py:840} INFO - DAG(s) 'example_bash_operator' retrieved from /usr/local/lib/python3.8/site-packages/airflow/example_dags/example_bash_operator.py
[2024-03-07T02:24:11.284+0200] {logging_mixin.py:188} INFO - [2024-03-07T02:24:11.283+0200] {dag.py:3047} INFO - Sync 1 DAGs
[2024-03-07T02:24:11.297+0200] {logging_mixin.py:188} INFO - [2024-03-07T02:24:11.297+0200] {dag.py:3834} INFO - Setting next_dagrun for example_bash_operator to 2024-03-06 00:00:00+00:00, run_after=2024-03-07 00:00:00+00:00
[2024-03-07T02:24:11.315+0200] {processor.py:183} INFO - Processing /usr/local/lib/python3.8/site-packages/airflow/example_dags/example_bash_operator.py took 0.252 seconds
[2024-03-07T02:27:38.465+0200] {processor.py:161} INFO - Started process (PID=25819) to work on /usr/local/lib/python3.8/site-packages/airflow/example_dags/example_bash_operator.py
[2024-03-07T02:27:38.466+0200] {processor.py:830} INFO - Processing file /usr/local/lib/python3.8/site-packages/airflow/example_dags/example_bash_operator.py for tasks to queue
[2024-03-07T02:27:38.467+0200] {logging_mixin.py:188} INFO - [2024-03-07T02:27:38.467+0200] {dagbag.py:540} INFO - Filling up the DagBag from /usr/local/lib/python3.8/site-packages/airflow/example_dags/example_bash_operator.py
[2024-03-07T02:27:38.481+0200] {processor.py:840} INFO - DAG(s) 'example_bash_operator' retrieved from /usr/local/lib/python3.8/site-packages/airflow/example_dags/example_bash_operator.py
[2024-03-07T02:27:38.709+0200] {logging_mixin.py:188} INFO - [2024-03-07T02:27:38.709+0200] {dag.py:3047} INFO - Sync 1 DAGs
[2024-03-07T02:27:38.726+0200] {logging_mixin.py:188} INFO - [2024-03-07T02:27:38.726+0200] {dag.py:3834} INFO - Setting next_dagrun for example_bash_operator to 2024-03-06 00:00:00+00:00, run_after=2024-03-07 00:00:00+00:00
[2024-03-07T02:27:38.744+0200] {processor.py:183} INFO - Processing /usr/local/lib/python3.8/site-packages/airflow/example_dags/example_bash_operator.py took 0.280 seconds
[2024-03-07T02:31:01.994+0200] {processor.py:161} INFO - Started process (PID=26040) to work on /usr/local/lib/python3.8/site-packages/airflow/example_dags/example_bash_operator.py
[2024-03-07T02:31:01.995+0200] {processor.py:830} INFO - Processing file /usr/local/lib/python3.8/site-packages/airflow/example_dags/example_bash_operator.py for tasks to queue
[2024-03-07T02:31:01.995+0200] {logging_mixin.py:188} INFO - [2024-03-07T02:31:01.995+0200] {dagbag.py:540} INFO - Filling up the DagBag from /usr/local/lib/python3.8/site-packages/airflow/example_dags/example_bash_operator.py
[2024-03-07T02:31:02.009+0200] {processor.py:840} INFO - DAG(s) 'example_bash_operator' retrieved from /usr/local/lib/python3.8/site-packages/airflow/example_dags/example_bash_operator.py
[2024-03-07T02:31:02.247+0200] {logging_mixin.py:188} INFO - [2024-03-07T02:31:02.247+0200] {dag.py:3047} INFO - Sync 1 DAGs
[2024-03-07T02:31:02.264+0200] {logging_mixin.py:188} INFO - [2024-03-07T02:31:02.264+0200] {dag.py:3834} INFO - Setting next_dagrun for example_bash_operator to 2024-03-06 00:00:00+00:00, run_after=2024-03-07 00:00:00+00:00
[2024-03-07T02:31:02.282+0200] {processor.py:183} INFO - Processing /usr/local/lib/python3.8/site-packages/airflow/example_dags/example_bash_operator.py took 0.289 seconds
[2024-03-07T02:34:30.902+0200] {processor.py:161} INFO - Started process (PID=27639) to work on /usr/local/lib/python3.8/site-packages/airflow/example_dags/example_bash_operator.py
[2024-03-07T02:34:30.903+0200] {processor.py:830} INFO - Processing file /usr/local/lib/python3.8/site-packages/airflow/example_dags/example_bash_operator.py for tasks to queue
[2024-03-07T02:34:30.904+0200] {logging_mixin.py:188} INFO - [2024-03-07T02:34:30.904+0200] {dagbag.py:540} INFO - Filling up the DagBag from /usr/local/lib/python3.8/site-packages/airflow/example_dags/example_bash_operator.py
[2024-03-07T02:34:30.919+0200] {processor.py:840} INFO - DAG(s) 'example_bash_operator' retrieved from /usr/local/lib/python3.8/site-packages/airflow/example_dags/example_bash_operator.py
[2024-03-07T02:34:31.132+0200] {logging_mixin.py:188} INFO - [2024-03-07T02:34:31.132+0200] {dag.py:3047} INFO - Sync 1 DAGs
[2024-03-07T02:34:31.147+0200] {logging_mixin.py:188} INFO - [2024-03-07T02:34:31.147+0200] {dag.py:3834} INFO - Setting next_dagrun for example_bash_operator to 2024-03-06 00:00:00+00:00, run_after=2024-03-07 00:00:00+00:00
[2024-03-07T02:34:31.166+0200] {processor.py:183} INFO - Processing /usr/local/lib/python3.8/site-packages/airflow/example_dags/example_bash_operator.py took 0.266 seconds
[2024-03-07T02:38:05.956+0200] {processor.py:161} INFO - Started process (PID=28140) to work on /usr/local/lib/python3.8/site-packages/airflow/example_dags/example_bash_operator.py
[2024-03-07T02:38:05.957+0200] {processor.py:830} INFO - Processing file /usr/local/lib/python3.8/site-packages/airflow/example_dags/example_bash_operator.py for tasks to queue
[2024-03-07T02:38:05.958+0200] {logging_mixin.py:188} INFO - [2024-03-07T02:38:05.957+0200] {dagbag.py:540} INFO - Filling up the DagBag from /usr/local/lib/python3.8/site-packages/airflow/example_dags/example_bash_operator.py
[2024-03-07T02:38:05.972+0200] {processor.py:840} INFO - DAG(s) 'example_bash_operator' retrieved from /usr/local/lib/python3.8/site-packages/airflow/example_dags/example_bash_operator.py
[2024-03-07T02:38:06.204+0200] {logging_mixin.py:188} INFO - [2024-03-07T02:38:06.204+0200] {dag.py:3047} INFO - Sync 1 DAGs
[2024-03-07T02:38:06.221+0200] {logging_mixin.py:188} INFO - [2024-03-07T02:38:06.221+0200] {dag.py:3834} INFO - Setting next_dagrun for example_bash_operator to 2024-03-06 00:00:00+00:00, run_after=2024-03-07 00:00:00+00:00
[2024-03-07T02:38:06.240+0200] {processor.py:183} INFO - Processing /usr/local/lib/python3.8/site-packages/airflow/example_dags/example_bash_operator.py took 0.285 seconds
[2024-03-07T02:41:42.923+0200] {processor.py:161} INFO - Started process (PID=28387) to work on /usr/local/lib/python3.8/site-packages/airflow/example_dags/example_bash_operator.py
[2024-03-07T02:41:42.924+0200] {processor.py:830} INFO - Processing file /usr/local/lib/python3.8/site-packages/airflow/example_dags/example_bash_operator.py for tasks to queue
[2024-03-07T02:41:42.925+0200] {logging_mixin.py:188} INFO - [2024-03-07T02:41:42.924+0200] {dagbag.py:540} INFO - Filling up the DagBag from /usr/local/lib/python3.8/site-packages/airflow/example_dags/example_bash_operator.py
[2024-03-07T02:41:42.942+0200] {processor.py:840} INFO - DAG(s) 'example_bash_operator' retrieved from /usr/local/lib/python3.8/site-packages/airflow/example_dags/example_bash_operator.py
[2024-03-07T02:41:43.241+0200] {logging_mixin.py:188} INFO - [2024-03-07T02:41:43.241+0200] {dag.py:3047} INFO - Sync 1 DAGs
[2024-03-07T02:41:43.265+0200] {logging_mixin.py:188} INFO - [2024-03-07T02:41:43.265+0200] {dag.py:3834} INFO - Setting next_dagrun for example_bash_operator to 2024-03-06 00:00:00+00:00, run_after=2024-03-07 00:00:00+00:00
[2024-03-07T02:41:43.288+0200] {processor.py:183} INFO - Processing /usr/local/lib/python3.8/site-packages/airflow/example_dags/example_bash_operator.py took 0.367 seconds
[2024-03-07T02:45:13.411+0200] {processor.py:161} INFO - Started process (PID=28590) to work on /usr/local/lib/python3.8/site-packages/airflow/example_dags/example_bash_operator.py
[2024-03-07T02:45:13.412+0200] {processor.py:830} INFO - Processing file /usr/local/lib/python3.8/site-packages/airflow/example_dags/example_bash_operator.py for tasks to queue
[2024-03-07T02:45:13.412+0200] {logging_mixin.py:188} INFO - [2024-03-07T02:45:13.412+0200] {dagbag.py:540} INFO - Filling up the DagBag from /usr/local/lib/python3.8/site-packages/airflow/example_dags/example_bash_operator.py
[2024-03-07T02:45:13.427+0200] {processor.py:840} INFO - DAG(s) 'example_bash_operator' retrieved from /usr/local/lib/python3.8/site-packages/airflow/example_dags/example_bash_operator.py
[2024-03-07T02:45:13.662+0200] {logging_mixin.py:188} INFO - [2024-03-07T02:45:13.661+0200] {dag.py:3047} INFO - Sync 1 DAGs
[2024-03-07T02:45:13.678+0200] {logging_mixin.py:188} INFO - [2024-03-07T02:45:13.678+0200] {dag.py:3834} INFO - Setting next_dagrun for example_bash_operator to 2024-03-06 00:00:00+00:00, run_after=2024-03-07 00:00:00+00:00
[2024-03-07T02:45:13.697+0200] {processor.py:183} INFO - Processing /usr/local/lib/python3.8/site-packages/airflow/example_dags/example_bash_operator.py took 0.287 seconds
[2024-03-07T02:48:56.518+0200] {processor.py:161} INFO - Started process (PID=28792) to work on /usr/local/lib/python3.8/site-packages/airflow/example_dags/example_bash_operator.py
[2024-03-07T02:48:56.519+0200] {processor.py:830} INFO - Processing file /usr/local/lib/python3.8/site-packages/airflow/example_dags/example_bash_operator.py for tasks to queue
[2024-03-07T02:48:56.520+0200] {logging_mixin.py:188} INFO - [2024-03-07T02:48:56.520+0200] {dagbag.py:540} INFO - Filling up the DagBag from /usr/local/lib/python3.8/site-packages/airflow/example_dags/example_bash_operator.py
[2024-03-07T02:48:56.533+0200] {processor.py:840} INFO - DAG(s) 'example_bash_operator' retrieved from /usr/local/lib/python3.8/site-packages/airflow/example_dags/example_bash_operator.py
[2024-03-07T02:48:56.768+0200] {logging_mixin.py:188} INFO - [2024-03-07T02:48:56.768+0200] {dag.py:3047} INFO - Sync 1 DAGs
[2024-03-07T02:48:56.785+0200] {logging_mixin.py:188} INFO - [2024-03-07T02:48:56.785+0200] {dag.py:3834} INFO - Setting next_dagrun for example_bash_operator to 2024-03-06 00:00:00+00:00, run_after=2024-03-07 00:00:00+00:00
[2024-03-07T02:48:56.804+0200] {processor.py:183} INFO - Processing /usr/local/lib/python3.8/site-packages/airflow/example_dags/example_bash_operator.py took 0.287 seconds
[2024-03-07T02:52:26.988+0200] {processor.py:161} INFO - Started process (PID=29001) to work on /usr/local/lib/python3.8/site-packages/airflow/example_dags/example_bash_operator.py
[2024-03-07T02:52:26.989+0200] {processor.py:830} INFO - Processing file /usr/local/lib/python3.8/site-packages/airflow/example_dags/example_bash_operator.py for tasks to queue
[2024-03-07T02:52:26.990+0200] {logging_mixin.py:188} INFO - [2024-03-07T02:52:26.990+0200] {dagbag.py:540} INFO - Filling up the DagBag from /usr/local/lib/python3.8/site-packages/airflow/example_dags/example_bash_operator.py
[2024-03-07T02:52:27.004+0200] {processor.py:840} INFO - DAG(s) 'example_bash_operator' retrieved from /usr/local/lib/python3.8/site-packages/airflow/example_dags/example_bash_operator.py
[2024-03-07T02:52:27.239+0200] {logging_mixin.py:188} INFO - [2024-03-07T02:52:27.239+0200] {dag.py:3047} INFO - Sync 1 DAGs
[2024-03-07T02:52:27.257+0200] {logging_mixin.py:188} INFO - [2024-03-07T02:52:27.256+0200] {dag.py:3834} INFO - Setting next_dagrun for example_bash_operator to 2024-03-06 00:00:00+00:00, run_after=2024-03-07 00:00:00+00:00
[2024-03-07T02:52:27.276+0200] {processor.py:183} INFO - Processing /usr/local/lib/python3.8/site-packages/airflow/example_dags/example_bash_operator.py took 0.289 seconds
[2024-03-07T02:56:00.763+0200] {processor.py:161} INFO - Started process (PID=29202) to work on /usr/local/lib/python3.8/site-packages/airflow/example_dags/example_bash_operator.py
[2024-03-07T02:56:00.764+0200] {processor.py:830} INFO - Processing file /usr/local/lib/python3.8/site-packages/airflow/example_dags/example_bash_operator.py for tasks to queue
[2024-03-07T02:56:00.765+0200] {logging_mixin.py:188} INFO - [2024-03-07T02:56:00.765+0200] {dagbag.py:540} INFO - Filling up the DagBag from /usr/local/lib/python3.8/site-packages/airflow/example_dags/example_bash_operator.py
[2024-03-07T02:56:00.779+0200] {processor.py:840} INFO - DAG(s) 'example_bash_operator' retrieved from /usr/local/lib/python3.8/site-packages/airflow/example_dags/example_bash_operator.py
[2024-03-07T02:56:01.014+0200] {logging_mixin.py:188} INFO - [2024-03-07T02:56:01.014+0200] {dag.py:3047} INFO - Sync 1 DAGs
[2024-03-07T02:56:01.031+0200] {logging_mixin.py:188} INFO - [2024-03-07T02:56:01.031+0200] {dag.py:3834} INFO - Setting next_dagrun for example_bash_operator to 2024-03-06 00:00:00+00:00, run_after=2024-03-07 00:00:00+00:00
[2024-03-07T02:56:01.048+0200] {processor.py:183} INFO - Processing /usr/local/lib/python3.8/site-packages/airflow/example_dags/example_bash_operator.py took 0.286 seconds
[2024-03-07T02:59:30.896+0200] {processor.py:161} INFO - Started process (PID=29396) to work on /usr/local/lib/python3.8/site-packages/airflow/example_dags/example_bash_operator.py
[2024-03-07T02:59:30.897+0200] {processor.py:830} INFO - Processing file /usr/local/lib/python3.8/site-packages/airflow/example_dags/example_bash_operator.py for tasks to queue
[2024-03-07T02:59:30.898+0200] {logging_mixin.py:188} INFO - [2024-03-07T02:59:30.898+0200] {dagbag.py:540} INFO - Filling up the DagBag from /usr/local/lib/python3.8/site-packages/airflow/example_dags/example_bash_operator.py
[2024-03-07T02:59:30.912+0200] {processor.py:840} INFO - DAG(s) 'example_bash_operator' retrieved from /usr/local/lib/python3.8/site-packages/airflow/example_dags/example_bash_operator.py
[2024-03-07T02:59:31.148+0200] {logging_mixin.py:188} INFO - [2024-03-07T02:59:31.147+0200] {dag.py:3047} INFO - Sync 1 DAGs
[2024-03-07T02:59:31.164+0200] {logging_mixin.py:188} INFO - [2024-03-07T02:59:31.164+0200] {dag.py:3834} INFO - Setting next_dagrun for example_bash_operator to 2024-03-06 00:00:00+00:00, run_after=2024-03-07 00:00:00+00:00
[2024-03-07T02:59:31.183+0200] {processor.py:183} INFO - Processing /usr/local/lib/python3.8/site-packages/airflow/example_dags/example_bash_operator.py took 0.289 seconds
[2024-03-07T03:03:02.252+0200] {processor.py:161} INFO - Started process (PID=29603) to work on /usr/local/lib/python3.8/site-packages/airflow/example_dags/example_bash_operator.py
[2024-03-07T03:03:02.253+0200] {processor.py:830} INFO - Processing file /usr/local/lib/python3.8/site-packages/airflow/example_dags/example_bash_operator.py for tasks to queue
[2024-03-07T03:03:02.253+0200] {logging_mixin.py:188} INFO - [2024-03-07T03:03:02.253+0200] {dagbag.py:540} INFO - Filling up the DagBag from /usr/local/lib/python3.8/site-packages/airflow/example_dags/example_bash_operator.py
[2024-03-07T03:03:02.268+0200] {processor.py:840} INFO - DAG(s) 'example_bash_operator' retrieved from /usr/local/lib/python3.8/site-packages/airflow/example_dags/example_bash_operator.py
[2024-03-07T03:03:02.512+0200] {logging_mixin.py:188} INFO - [2024-03-07T03:03:02.511+0200] {dag.py:3047} INFO - Sync 1 DAGs
[2024-03-07T03:03:02.528+0200] {logging_mixin.py:188} INFO - [2024-03-07T03:03:02.528+0200] {dag.py:3834} INFO - Setting next_dagrun for example_bash_operator to 2024-03-06 00:00:00+00:00, run_after=2024-03-07 00:00:00+00:00
[2024-03-07T03:03:02.547+0200] {processor.py:183} INFO - Processing /usr/local/lib/python3.8/site-packages/airflow/example_dags/example_bash_operator.py took 0.296 seconds
[2024-03-07T03:06:36.877+0200] {processor.py:161} INFO - Started process (PID=29801) to work on /usr/local/lib/python3.8/site-packages/airflow/example_dags/example_bash_operator.py
[2024-03-07T03:06:36.878+0200] {processor.py:830} INFO - Processing file /usr/local/lib/python3.8/site-packages/airflow/example_dags/example_bash_operator.py for tasks to queue
[2024-03-07T03:06:36.878+0200] {logging_mixin.py:188} INFO - [2024-03-07T03:06:36.878+0200] {dagbag.py:540} INFO - Filling up the DagBag from /usr/local/lib/python3.8/site-packages/airflow/example_dags/example_bash_operator.py
[2024-03-07T03:06:36.892+0200] {processor.py:840} INFO - DAG(s) 'example_bash_operator' retrieved from /usr/local/lib/python3.8/site-packages/airflow/example_dags/example_bash_operator.py
[2024-03-07T03:06:37.125+0200] {logging_mixin.py:188} INFO - [2024-03-07T03:06:37.125+0200] {dag.py:3047} INFO - Sync 1 DAGs
[2024-03-07T03:06:37.142+0200] {logging_mixin.py:188} INFO - [2024-03-07T03:06:37.141+0200] {dag.py:3834} INFO - Setting next_dagrun for example_bash_operator to 2024-03-06 00:00:00+00:00, run_after=2024-03-07 00:00:00+00:00
[2024-03-07T03:06:37.171+0200] {processor.py:183} INFO - Processing /usr/local/lib/python3.8/site-packages/airflow/example_dags/example_bash_operator.py took 0.296 seconds
[2024-03-07T03:10:15.271+0200] {processor.py:161} INFO - Started process (PID=30022) to work on /usr/local/lib/python3.8/site-packages/airflow/example_dags/example_bash_operator.py
[2024-03-07T03:10:15.273+0200] {processor.py:830} INFO - Processing file /usr/local/lib/python3.8/site-packages/airflow/example_dags/example_bash_operator.py for tasks to queue
[2024-03-07T03:10:15.274+0200] {logging_mixin.py:188} INFO - [2024-03-07T03:10:15.274+0200] {dagbag.py:540} INFO - Filling up the DagBag from /usr/local/lib/python3.8/site-packages/airflow/example_dags/example_bash_operator.py
[2024-03-07T03:10:15.289+0200] {processor.py:840} INFO - DAG(s) 'example_bash_operator' retrieved from /usr/local/lib/python3.8/site-packages/airflow/example_dags/example_bash_operator.py
[2024-03-07T03:10:15.566+0200] {logging_mixin.py:188} INFO - [2024-03-07T03:10:15.566+0200] {dag.py:3047} INFO - Sync 1 DAGs
[2024-03-07T03:10:15.586+0200] {logging_mixin.py:188} INFO - [2024-03-07T03:10:15.586+0200] {dag.py:3834} INFO - Setting next_dagrun for example_bash_operator to 2024-03-06 00:00:00+00:00, run_after=2024-03-07 00:00:00+00:00
[2024-03-07T03:10:15.608+0200] {processor.py:183} INFO - Processing /usr/local/lib/python3.8/site-packages/airflow/example_dags/example_bash_operator.py took 0.339 seconds
[2024-03-07T03:13:51.088+0200] {processor.py:161} INFO - Started process (PID=30236) to work on /usr/local/lib/python3.8/site-packages/airflow/example_dags/example_bash_operator.py
[2024-03-07T03:13:51.089+0200] {processor.py:830} INFO - Processing file /usr/local/lib/python3.8/site-packages/airflow/example_dags/example_bash_operator.py for tasks to queue
[2024-03-07T03:13:51.089+0200] {logging_mixin.py:188} INFO - [2024-03-07T03:13:51.089+0200] {dagbag.py:540} INFO - Filling up the DagBag from /usr/local/lib/python3.8/site-packages/airflow/example_dags/example_bash_operator.py
[2024-03-07T03:13:51.103+0200] {processor.py:840} INFO - DAG(s) 'example_bash_operator' retrieved from /usr/local/lib/python3.8/site-packages/airflow/example_dags/example_bash_operator.py
[2024-03-07T03:13:51.337+0200] {logging_mixin.py:188} INFO - [2024-03-07T03:13:51.337+0200] {dag.py:3047} INFO - Sync 1 DAGs
[2024-03-07T03:13:51.354+0200] {logging_mixin.py:188} INFO - [2024-03-07T03:13:51.354+0200] {dag.py:3834} INFO - Setting next_dagrun for example_bash_operator to 2024-03-06 00:00:00+00:00, run_after=2024-03-07 00:00:00+00:00
[2024-03-07T03:13:51.371+0200] {processor.py:183} INFO - Processing /usr/local/lib/python3.8/site-packages/airflow/example_dags/example_bash_operator.py took 0.285 seconds
[2024-03-07T03:17:26.062+0200] {processor.py:161} INFO - Started process (PID=30433) to work on /usr/local/lib/python3.8/site-packages/airflow/example_dags/example_bash_operator.py
[2024-03-07T03:17:26.063+0200] {processor.py:830} INFO - Processing file /usr/local/lib/python3.8/site-packages/airflow/example_dags/example_bash_operator.py for tasks to queue
[2024-03-07T03:17:26.064+0200] {logging_mixin.py:188} INFO - [2024-03-07T03:17:26.064+0200] {dagbag.py:540} INFO - Filling up the DagBag from /usr/local/lib/python3.8/site-packages/airflow/example_dags/example_bash_operator.py
[2024-03-07T03:17:26.078+0200] {processor.py:840} INFO - DAG(s) 'example_bash_operator' retrieved from /usr/local/lib/python3.8/site-packages/airflow/example_dags/example_bash_operator.py
[2024-03-07T03:17:26.314+0200] {logging_mixin.py:188} INFO - [2024-03-07T03:17:26.313+0200] {dag.py:3047} INFO - Sync 1 DAGs
[2024-03-07T03:17:26.330+0200] {logging_mixin.py:188} INFO - [2024-03-07T03:17:26.330+0200] {dag.py:3834} INFO - Setting next_dagrun for example_bash_operator to 2024-03-06 00:00:00+00:00, run_after=2024-03-07 00:00:00+00:00
[2024-03-07T03:17:26.348+0200] {processor.py:183} INFO - Processing /usr/local/lib/python3.8/site-packages/airflow/example_dags/example_bash_operator.py took 0.288 seconds
[2024-03-07T08:20:48.678+0200] {processor.py:161} INFO - Started process (PID=30984) to work on /usr/local/lib/python3.8/site-packages/airflow/example_dags/example_bash_operator.py
[2024-03-07T08:20:48.679+0200] {processor.py:830} INFO - Processing file /usr/local/lib/python3.8/site-packages/airflow/example_dags/example_bash_operator.py for tasks to queue
[2024-03-07T08:20:48.680+0200] {logging_mixin.py:188} INFO - [2024-03-07T08:20:48.680+0200] {dagbag.py:540} INFO - Filling up the DagBag from /usr/local/lib/python3.8/site-packages/airflow/example_dags/example_bash_operator.py
[2024-03-07T08:20:48.693+0200] {processor.py:840} INFO - DAG(s) 'example_bash_operator' retrieved from /usr/local/lib/python3.8/site-packages/airflow/example_dags/example_bash_operator.py
[2024-03-07T08:20:48.927+0200] {logging_mixin.py:188} INFO - [2024-03-07T08:20:48.927+0200] {dag.py:3047} INFO - Sync 1 DAGs
[2024-03-07T08:20:48.943+0200] {logging_mixin.py:188} INFO - [2024-03-07T08:20:48.942+0200] {dag.py:3834} INFO - Setting next_dagrun for example_bash_operator to 2024-03-06 00:00:00+00:00, run_after=2024-03-07 00:00:00+00:00
[2024-03-07T08:20:48.959+0200] {processor.py:183} INFO - Processing /usr/local/lib/python3.8/site-packages/airflow/example_dags/example_bash_operator.py took 0.283 seconds
[2024-03-07T09:32:23.322+0200] {processor.py:161} INFO - Started process (PID=31303) to work on /usr/local/lib/python3.8/site-packages/airflow/example_dags/example_bash_operator.py
[2024-03-07T09:32:23.323+0200] {processor.py:830} INFO - Processing file /usr/local/lib/python3.8/site-packages/airflow/example_dags/example_bash_operator.py for tasks to queue
[2024-03-07T09:32:23.324+0200] {logging_mixin.py:188} INFO - [2024-03-07T09:32:23.324+0200] {dagbag.py:540} INFO - Filling up the DagBag from /usr/local/lib/python3.8/site-packages/airflow/example_dags/example_bash_operator.py
[2024-03-07T09:32:23.338+0200] {processor.py:840} INFO - DAG(s) 'example_bash_operator' retrieved from /usr/local/lib/python3.8/site-packages/airflow/example_dags/example_bash_operator.py
[2024-03-07T09:32:23.573+0200] {logging_mixin.py:188} INFO - [2024-03-07T09:32:23.573+0200] {dag.py:3047} INFO - Sync 1 DAGs
[2024-03-07T09:32:23.592+0200] {logging_mixin.py:188} INFO - [2024-03-07T09:32:23.592+0200] {dag.py:3834} INFO - Setting next_dagrun for example_bash_operator to 2024-03-06 00:00:00+00:00, run_after=2024-03-07 00:00:00+00:00
[2024-03-07T09:32:23.614+0200] {processor.py:183} INFO - Processing /usr/local/lib/python3.8/site-packages/airflow/example_dags/example_bash_operator.py took 0.293 seconds
[2024-03-07T09:35:32.983+0200] {processor.py:161} INFO - Started process (PID=31573) to work on /usr/local/lib/python3.8/site-packages/airflow/example_dags/example_bash_operator.py
[2024-03-07T09:35:32.984+0200] {processor.py:830} INFO - Processing file /usr/local/lib/python3.8/site-packages/airflow/example_dags/example_bash_operator.py for tasks to queue
[2024-03-07T09:35:32.985+0200] {logging_mixin.py:188} INFO - [2024-03-07T09:35:32.984+0200] {dagbag.py:540} INFO - Filling up the DagBag from /usr/local/lib/python3.8/site-packages/airflow/example_dags/example_bash_operator.py
[2024-03-07T09:35:32.998+0200] {processor.py:840} INFO - DAG(s) 'example_bash_operator' retrieved from /usr/local/lib/python3.8/site-packages/airflow/example_dags/example_bash_operator.py
[2024-03-07T09:35:33.221+0200] {logging_mixin.py:188} INFO - [2024-03-07T09:35:33.220+0200] {dag.py:3047} INFO - Sync 1 DAGs
[2024-03-07T09:35:33.237+0200] {logging_mixin.py:188} INFO - [2024-03-07T09:35:33.237+0200] {dag.py:3834} INFO - Setting next_dagrun for example_bash_operator to 2024-03-06 00:00:00+00:00, run_after=2024-03-07 00:00:00+00:00
[2024-03-07T09:35:33.255+0200] {processor.py:183} INFO - Processing /usr/local/lib/python3.8/site-packages/airflow/example_dags/example_bash_operator.py took 0.274 seconds
[2024-03-07T09:38:48.859+0200] {processor.py:161} INFO - Started process (PID=31805) to work on /usr/local/lib/python3.8/site-packages/airflow/example_dags/example_bash_operator.py
[2024-03-07T09:38:48.860+0200] {processor.py:830} INFO - Processing file /usr/local/lib/python3.8/site-packages/airflow/example_dags/example_bash_operator.py for tasks to queue
[2024-03-07T09:38:48.860+0200] {logging_mixin.py:188} INFO - [2024-03-07T09:38:48.860+0200] {dagbag.py:540} INFO - Filling up the DagBag from /usr/local/lib/python3.8/site-packages/airflow/example_dags/example_bash_operator.py
[2024-03-07T09:38:48.875+0200] {processor.py:840} INFO - DAG(s) 'example_bash_operator' retrieved from /usr/local/lib/python3.8/site-packages/airflow/example_dags/example_bash_operator.py
[2024-03-07T09:38:49.130+0200] {logging_mixin.py:188} INFO - [2024-03-07T09:38:49.130+0200] {dag.py:3047} INFO - Sync 1 DAGs
[2024-03-07T09:38:49.147+0200] {logging_mixin.py:188} INFO - [2024-03-07T09:38:49.147+0200] {dag.py:3834} INFO - Setting next_dagrun for example_bash_operator to 2024-03-06 00:00:00+00:00, run_after=2024-03-07 00:00:00+00:00
[2024-03-07T09:38:49.164+0200] {processor.py:183} INFO - Processing /usr/local/lib/python3.8/site-packages/airflow/example_dags/example_bash_operator.py took 0.307 seconds
[2024-03-07T09:42:05.234+0200] {processor.py:161} INFO - Started process (PID=32026) to work on /usr/local/lib/python3.8/site-packages/airflow/example_dags/example_bash_operator.py
[2024-03-07T09:42:05.235+0200] {processor.py:830} INFO - Processing file /usr/local/lib/python3.8/site-packages/airflow/example_dags/example_bash_operator.py for tasks to queue
[2024-03-07T09:42:05.236+0200] {logging_mixin.py:188} INFO - [2024-03-07T09:42:05.235+0200] {dagbag.py:540} INFO - Filling up the DagBag from /usr/local/lib/python3.8/site-packages/airflow/example_dags/example_bash_operator.py
[2024-03-07T09:42:05.246+0200] {processor.py:840} INFO - DAG(s) 'example_bash_operator' retrieved from /usr/local/lib/python3.8/site-packages/airflow/example_dags/example_bash_operator.py
[2024-03-07T09:42:05.458+0200] {logging_mixin.py:188} INFO - [2024-03-07T09:42:05.458+0200] {dag.py:3047} INFO - Sync 1 DAGs
[2024-03-07T09:42:05.473+0200] {logging_mixin.py:188} INFO - [2024-03-07T09:42:05.472+0200] {dag.py:3834} INFO - Setting next_dagrun for example_bash_operator to 2024-03-06 00:00:00+00:00, run_after=2024-03-07 00:00:00+00:00
[2024-03-07T09:42:05.489+0200] {processor.py:183} INFO - Processing /usr/local/lib/python3.8/site-packages/airflow/example_dags/example_bash_operator.py took 0.256 seconds
[2024-03-07T09:45:13.966+0200] {processor.py:161} INFO - Started process (PID=32239) to work on /usr/local/lib/python3.8/site-packages/airflow/example_dags/example_bash_operator.py
[2024-03-07T09:45:13.967+0200] {processor.py:830} INFO - Processing file /usr/local/lib/python3.8/site-packages/airflow/example_dags/example_bash_operator.py for tasks to queue
[2024-03-07T09:45:13.968+0200] {logging_mixin.py:188} INFO - [2024-03-07T09:45:13.967+0200] {dagbag.py:540} INFO - Filling up the DagBag from /usr/local/lib/python3.8/site-packages/airflow/example_dags/example_bash_operator.py
[2024-03-07T09:45:13.979+0200] {processor.py:840} INFO - DAG(s) 'example_bash_operator' retrieved from /usr/local/lib/python3.8/site-packages/airflow/example_dags/example_bash_operator.py
[2024-03-07T09:45:14.207+0200] {logging_mixin.py:188} INFO - [2024-03-07T09:45:14.206+0200] {dag.py:3047} INFO - Sync 1 DAGs
[2024-03-07T09:45:14.224+0200] {logging_mixin.py:188} INFO - [2024-03-07T09:45:14.224+0200] {dag.py:3834} INFO - Setting next_dagrun for example_bash_operator to 2024-03-06 00:00:00+00:00, run_after=2024-03-07 00:00:00+00:00
[2024-03-07T09:45:14.242+0200] {processor.py:183} INFO - Processing /usr/local/lib/python3.8/site-packages/airflow/example_dags/example_bash_operator.py took 0.277 seconds
[2024-03-07T09:48:25.442+0200] {processor.py:161} INFO - Started process (PID=32438) to work on /usr/local/lib/python3.8/site-packages/airflow/example_dags/example_bash_operator.py
[2024-03-07T09:48:25.443+0200] {processor.py:830} INFO - Processing file /usr/local/lib/python3.8/site-packages/airflow/example_dags/example_bash_operator.py for tasks to queue
[2024-03-07T09:48:25.444+0200] {logging_mixin.py:188} INFO - [2024-03-07T09:48:25.444+0200] {dagbag.py:540} INFO - Filling up the DagBag from /usr/local/lib/python3.8/site-packages/airflow/example_dags/example_bash_operator.py
[2024-03-07T09:48:25.456+0200] {processor.py:840} INFO - DAG(s) 'example_bash_operator' retrieved from /usr/local/lib/python3.8/site-packages/airflow/example_dags/example_bash_operator.py
[2024-03-07T09:48:25.669+0200] {logging_mixin.py:188} INFO - [2024-03-07T09:48:25.669+0200] {dag.py:3047} INFO - Sync 1 DAGs
[2024-03-07T09:48:25.683+0200] {logging_mixin.py:188} INFO - [2024-03-07T09:48:25.683+0200] {dag.py:3834} INFO - Setting next_dagrun for example_bash_operator to 2024-03-06 00:00:00+00:00, run_after=2024-03-07 00:00:00+00:00
[2024-03-07T09:48:25.701+0200] {processor.py:183} INFO - Processing /usr/local/lib/python3.8/site-packages/airflow/example_dags/example_bash_operator.py took 0.260 seconds
[2024-03-07T09:51:41.824+0200] {processor.py:161} INFO - Started process (PID=32647) to work on /usr/local/lib/python3.8/site-packages/airflow/example_dags/example_bash_operator.py
[2024-03-07T09:51:41.826+0200] {processor.py:830} INFO - Processing file /usr/local/lib/python3.8/site-packages/airflow/example_dags/example_bash_operator.py for tasks to queue
[2024-03-07T09:51:41.827+0200] {logging_mixin.py:188} INFO - [2024-03-07T09:51:41.827+0200] {dagbag.py:540} INFO - Filling up the DagBag from /usr/local/lib/python3.8/site-packages/airflow/example_dags/example_bash_operator.py
[2024-03-07T09:51:41.848+0200] {processor.py:840} INFO - DAG(s) 'example_bash_operator' retrieved from /usr/local/lib/python3.8/site-packages/airflow/example_dags/example_bash_operator.py
[2024-03-07T09:51:42.087+0200] {logging_mixin.py:188} INFO - [2024-03-07T09:51:42.087+0200] {dag.py:3047} INFO - Sync 1 DAGs
[2024-03-07T09:51:42.102+0200] {logging_mixin.py:188} INFO - [2024-03-07T09:51:42.101+0200] {dag.py:3834} INFO - Setting next_dagrun for example_bash_operator to 2024-03-06 00:00:00+00:00, run_after=2024-03-07 00:00:00+00:00
[2024-03-07T09:51:42.117+0200] {processor.py:183} INFO - Processing /usr/local/lib/python3.8/site-packages/airflow/example_dags/example_bash_operator.py took 0.295 seconds
[2024-03-07T09:54:49.805+0200] {processor.py:161} INFO - Started process (PID=32864) to work on /usr/local/lib/python3.8/site-packages/airflow/example_dags/example_bash_operator.py
[2024-03-07T09:54:49.806+0200] {processor.py:830} INFO - Processing file /usr/local/lib/python3.8/site-packages/airflow/example_dags/example_bash_operator.py for tasks to queue
[2024-03-07T09:54:49.807+0200] {logging_mixin.py:188} INFO - [2024-03-07T09:54:49.806+0200] {dagbag.py:540} INFO - Filling up the DagBag from /usr/local/lib/python3.8/site-packages/airflow/example_dags/example_bash_operator.py
[2024-03-07T09:54:49.825+0200] {processor.py:840} INFO - DAG(s) 'example_bash_operator' retrieved from /usr/local/lib/python3.8/site-packages/airflow/example_dags/example_bash_operator.py
[2024-03-07T09:54:50.061+0200] {logging_mixin.py:188} INFO - [2024-03-07T09:54:50.060+0200] {dag.py:3047} INFO - Sync 1 DAGs
[2024-03-07T09:54:50.079+0200] {logging_mixin.py:188} INFO - [2024-03-07T09:54:50.079+0200] {dag.py:3834} INFO - Setting next_dagrun for example_bash_operator to 2024-03-06 00:00:00+00:00, run_after=2024-03-07 00:00:00+00:00
[2024-03-07T09:54:50.096+0200] {processor.py:183} INFO - Processing /usr/local/lib/python3.8/site-packages/airflow/example_dags/example_bash_operator.py took 0.292 seconds
[2024-03-07T09:58:05.842+0200] {processor.py:161} INFO - Started process (PID=33081) to work on /usr/local/lib/python3.8/site-packages/airflow/example_dags/example_bash_operator.py
[2024-03-07T09:58:05.843+0200] {processor.py:830} INFO - Processing file /usr/local/lib/python3.8/site-packages/airflow/example_dags/example_bash_operator.py for tasks to queue
[2024-03-07T09:58:05.844+0200] {logging_mixin.py:188} INFO - [2024-03-07T09:58:05.844+0200] {dagbag.py:540} INFO - Filling up the DagBag from /usr/local/lib/python3.8/site-packages/airflow/example_dags/example_bash_operator.py
[2024-03-07T09:58:05.856+0200] {processor.py:840} INFO - DAG(s) 'example_bash_operator' retrieved from /usr/local/lib/python3.8/site-packages/airflow/example_dags/example_bash_operator.py
[2024-03-07T09:58:06.063+0200] {logging_mixin.py:188} INFO - [2024-03-07T09:58:06.063+0200] {dag.py:3047} INFO - Sync 1 DAGs
[2024-03-07T09:58:06.076+0200] {logging_mixin.py:188} INFO - [2024-03-07T09:58:06.076+0200] {dag.py:3834} INFO - Setting next_dagrun for example_bash_operator to 2024-03-06 00:00:00+00:00, run_after=2024-03-07 00:00:00+00:00
[2024-03-07T09:58:06.093+0200] {processor.py:183} INFO - Processing /usr/local/lib/python3.8/site-packages/airflow/example_dags/example_bash_operator.py took 0.252 seconds
[2024-03-07T10:01:06.768+0200] {processor.py:161} INFO - Started process (PID=33304) to work on /usr/local/lib/python3.8/site-packages/airflow/example_dags/example_bash_operator.py
[2024-03-07T10:01:06.768+0200] {processor.py:830} INFO - Processing file /usr/local/lib/python3.8/site-packages/airflow/example_dags/example_bash_operator.py for tasks to queue
[2024-03-07T10:01:06.769+0200] {logging_mixin.py:188} INFO - [2024-03-07T10:01:06.769+0200] {dagbag.py:540} INFO - Filling up the DagBag from /usr/local/lib/python3.8/site-packages/airflow/example_dags/example_bash_operator.py
[2024-03-07T10:01:06.779+0200] {processor.py:840} INFO - DAG(s) 'example_bash_operator' retrieved from /usr/local/lib/python3.8/site-packages/airflow/example_dags/example_bash_operator.py
[2024-03-07T10:01:06.979+0200] {logging_mixin.py:188} INFO - [2024-03-07T10:01:06.979+0200] {dag.py:3047} INFO - Sync 1 DAGs
[2024-03-07T10:01:06.993+0200] {logging_mixin.py:188} INFO - [2024-03-07T10:01:06.992+0200] {dag.py:3834} INFO - Setting next_dagrun for example_bash_operator to 2024-03-06 00:00:00+00:00, run_after=2024-03-07 00:00:00+00:00
[2024-03-07T10:01:07.006+0200] {processor.py:183} INFO - Processing /usr/local/lib/python3.8/site-packages/airflow/example_dags/example_bash_operator.py took 0.240 seconds
[2024-03-07T10:04:20.879+0200] {processor.py:161} INFO - Started process (PID=33508) to work on /usr/local/lib/python3.8/site-packages/airflow/example_dags/example_bash_operator.py
[2024-03-07T10:04:20.881+0200] {processor.py:830} INFO - Processing file /usr/local/lib/python3.8/site-packages/airflow/example_dags/example_bash_operator.py for tasks to queue
[2024-03-07T10:04:20.882+0200] {logging_mixin.py:188} INFO - [2024-03-07T10:04:20.881+0200] {dagbag.py:540} INFO - Filling up the DagBag from /usr/local/lib/python3.8/site-packages/airflow/example_dags/example_bash_operator.py
[2024-03-07T10:04:20.896+0200] {processor.py:840} INFO - DAG(s) 'example_bash_operator' retrieved from /usr/local/lib/python3.8/site-packages/airflow/example_dags/example_bash_operator.py
[2024-03-07T10:04:21.136+0200] {logging_mixin.py:188} INFO - [2024-03-07T10:04:21.136+0200] {dag.py:3047} INFO - Sync 1 DAGs
[2024-03-07T10:04:21.153+0200] {logging_mixin.py:188} INFO - [2024-03-07T10:04:21.153+0200] {dag.py:3834} INFO - Setting next_dagrun for example_bash_operator to 2024-03-06 00:00:00+00:00, run_after=2024-03-07 00:00:00+00:00
[2024-03-07T10:04:21.170+0200] {processor.py:183} INFO - Processing /usr/local/lib/python3.8/site-packages/airflow/example_dags/example_bash_operator.py took 0.292 seconds
[2024-03-07T10:07:42.188+0200] {processor.py:161} INFO - Started process (PID=33738) to work on /usr/local/lib/python3.8/site-packages/airflow/example_dags/example_bash_operator.py
[2024-03-07T10:07:42.189+0200] {processor.py:830} INFO - Processing file /usr/local/lib/python3.8/site-packages/airflow/example_dags/example_bash_operator.py for tasks to queue
[2024-03-07T10:07:42.190+0200] {logging_mixin.py:188} INFO - [2024-03-07T10:07:42.189+0200] {dagbag.py:540} INFO - Filling up the DagBag from /usr/local/lib/python3.8/site-packages/airflow/example_dags/example_bash_operator.py
[2024-03-07T10:07:42.203+0200] {processor.py:840} INFO - DAG(s) 'example_bash_operator' retrieved from /usr/local/lib/python3.8/site-packages/airflow/example_dags/example_bash_operator.py
[2024-03-07T10:07:42.421+0200] {logging_mixin.py:188} INFO - [2024-03-07T10:07:42.421+0200] {dag.py:3047} INFO - Sync 1 DAGs
[2024-03-07T10:07:42.435+0200] {logging_mixin.py:188} INFO - [2024-03-07T10:07:42.435+0200] {dag.py:3834} INFO - Setting next_dagrun for example_bash_operator to 2024-03-06 00:00:00+00:00, run_after=2024-03-07 00:00:00+00:00
[2024-03-07T10:07:42.453+0200] {processor.py:183} INFO - Processing /usr/local/lib/python3.8/site-packages/airflow/example_dags/example_bash_operator.py took 0.267 seconds
[2024-03-07T10:11:07.647+0200] {processor.py:161} INFO - Started process (PID=33977) to work on /usr/local/lib/python3.8/site-packages/airflow/example_dags/example_bash_operator.py
[2024-03-07T10:11:07.648+0200] {processor.py:830} INFO - Processing file /usr/local/lib/python3.8/site-packages/airflow/example_dags/example_bash_operator.py for tasks to queue
[2024-03-07T10:11:07.648+0200] {logging_mixin.py:188} INFO - [2024-03-07T10:11:07.648+0200] {dagbag.py:540} INFO - Filling up the DagBag from /usr/local/lib/python3.8/site-packages/airflow/example_dags/example_bash_operator.py
[2024-03-07T10:11:07.662+0200] {processor.py:840} INFO - DAG(s) 'example_bash_operator' retrieved from /usr/local/lib/python3.8/site-packages/airflow/example_dags/example_bash_operator.py
[2024-03-07T10:11:07.893+0200] {logging_mixin.py:188} INFO - [2024-03-07T10:11:07.892+0200] {dag.py:3047} INFO - Sync 1 DAGs
[2024-03-07T10:11:07.910+0200] {logging_mixin.py:188} INFO - [2024-03-07T10:11:07.910+0200] {dag.py:3834} INFO - Setting next_dagrun for example_bash_operator to 2024-03-06 00:00:00+00:00, run_after=2024-03-07 00:00:00+00:00
[2024-03-07T10:11:07.927+0200] {processor.py:183} INFO - Processing /usr/local/lib/python3.8/site-packages/airflow/example_dags/example_bash_operator.py took 0.282 seconds
[2024-03-07T10:14:31.037+0200] {processor.py:161} INFO - Started process (PID=34197) to work on /usr/local/lib/python3.8/site-packages/airflow/example_dags/example_bash_operator.py
[2024-03-07T10:14:31.038+0200] {processor.py:830} INFO - Processing file /usr/local/lib/python3.8/site-packages/airflow/example_dags/example_bash_operator.py for tasks to queue
[2024-03-07T10:14:31.039+0200] {logging_mixin.py:188} INFO - [2024-03-07T10:14:31.039+0200] {dagbag.py:540} INFO - Filling up the DagBag from /usr/local/lib/python3.8/site-packages/airflow/example_dags/example_bash_operator.py
[2024-03-07T10:14:31.051+0200] {processor.py:840} INFO - DAG(s) 'example_bash_operator' retrieved from /usr/local/lib/python3.8/site-packages/airflow/example_dags/example_bash_operator.py
[2024-03-07T10:14:31.257+0200] {logging_mixin.py:188} INFO - [2024-03-07T10:14:31.257+0200] {dag.py:3047} INFO - Sync 1 DAGs
[2024-03-07T10:14:31.270+0200] {logging_mixin.py:188} INFO - [2024-03-07T10:14:31.270+0200] {dag.py:3834} INFO - Setting next_dagrun for example_bash_operator to 2024-03-06 00:00:00+00:00, run_after=2024-03-07 00:00:00+00:00
[2024-03-07T10:14:31.288+0200] {processor.py:183} INFO - Processing /usr/local/lib/python3.8/site-packages/airflow/example_dags/example_bash_operator.py took 0.252 seconds
[2024-03-07T10:17:35.552+0200] {processor.py:161} INFO - Started process (PID=34394) to work on /usr/local/lib/python3.8/site-packages/airflow/example_dags/example_bash_operator.py
[2024-03-07T10:17:35.553+0200] {processor.py:830} INFO - Processing file /usr/local/lib/python3.8/site-packages/airflow/example_dags/example_bash_operator.py for tasks to queue
[2024-03-07T10:17:35.554+0200] {logging_mixin.py:188} INFO - [2024-03-07T10:17:35.554+0200] {dagbag.py:540} INFO - Filling up the DagBag from /usr/local/lib/python3.8/site-packages/airflow/example_dags/example_bash_operator.py
[2024-03-07T10:17:35.569+0200] {processor.py:840} INFO - DAG(s) 'example_bash_operator' retrieved from /usr/local/lib/python3.8/site-packages/airflow/example_dags/example_bash_operator.py
[2024-03-07T10:17:35.801+0200] {logging_mixin.py:188} INFO - [2024-03-07T10:17:35.800+0200] {dag.py:3047} INFO - Sync 1 DAGs
[2024-03-07T10:17:35.815+0200] {logging_mixin.py:188} INFO - [2024-03-07T10:17:35.815+0200] {dag.py:3834} INFO - Setting next_dagrun for example_bash_operator to 2024-03-06 00:00:00+00:00, run_after=2024-03-07 00:00:00+00:00
[2024-03-07T10:17:35.833+0200] {processor.py:183} INFO - Processing /usr/local/lib/python3.8/site-packages/airflow/example_dags/example_bash_operator.py took 0.283 seconds
[2024-03-07T10:20:57.838+0200] {processor.py:161} INFO - Started process (PID=34596) to work on /usr/local/lib/python3.8/site-packages/airflow/example_dags/example_bash_operator.py
[2024-03-07T10:20:57.839+0200] {processor.py:830} INFO - Processing file /usr/local/lib/python3.8/site-packages/airflow/example_dags/example_bash_operator.py for tasks to queue
[2024-03-07T10:20:57.840+0200] {logging_mixin.py:188} INFO - [2024-03-07T10:20:57.840+0200] {dagbag.py:540} INFO - Filling up the DagBag from /usr/local/lib/python3.8/site-packages/airflow/example_dags/example_bash_operator.py
[2024-03-07T10:20:57.854+0200] {processor.py:840} INFO - DAG(s) 'example_bash_operator' retrieved from /usr/local/lib/python3.8/site-packages/airflow/example_dags/example_bash_operator.py
[2024-03-07T10:20:58.085+0200] {logging_mixin.py:188} INFO - [2024-03-07T10:20:58.085+0200] {dag.py:3047} INFO - Sync 1 DAGs
[2024-03-07T10:20:58.099+0200] {logging_mixin.py:188} INFO - [2024-03-07T10:20:58.099+0200] {dag.py:3834} INFO - Setting next_dagrun for example_bash_operator to 2024-03-06 00:00:00+00:00, run_after=2024-03-07 00:00:00+00:00
[2024-03-07T10:20:58.115+0200] {processor.py:183} INFO - Processing /usr/local/lib/python3.8/site-packages/airflow/example_dags/example_bash_operator.py took 0.278 seconds
[2024-03-07T10:24:25.645+0200] {processor.py:161} INFO - Started process (PID=34803) to work on /usr/local/lib/python3.8/site-packages/airflow/example_dags/example_bash_operator.py
[2024-03-07T10:24:25.646+0200] {processor.py:830} INFO - Processing file /usr/local/lib/python3.8/site-packages/airflow/example_dags/example_bash_operator.py for tasks to queue
[2024-03-07T10:24:25.647+0200] {logging_mixin.py:188} INFO - [2024-03-07T10:24:25.647+0200] {dagbag.py:540} INFO - Filling up the DagBag from /usr/local/lib/python3.8/site-packages/airflow/example_dags/example_bash_operator.py
[2024-03-07T10:24:25.661+0200] {processor.py:840} INFO - DAG(s) 'example_bash_operator' retrieved from /usr/local/lib/python3.8/site-packages/airflow/example_dags/example_bash_operator.py
[2024-03-07T10:24:25.926+0200] {logging_mixin.py:188} INFO - [2024-03-07T10:24:25.926+0200] {dag.py:3047} INFO - Sync 1 DAGs
[2024-03-07T10:24:25.944+0200] {logging_mixin.py:188} INFO - [2024-03-07T10:24:25.944+0200] {dag.py:3834} INFO - Setting next_dagrun for example_bash_operator to 2024-03-06 00:00:00+00:00, run_after=2024-03-07 00:00:00+00:00
[2024-03-07T10:24:25.964+0200] {processor.py:183} INFO - Processing /usr/local/lib/python3.8/site-packages/airflow/example_dags/example_bash_operator.py took 0.321 seconds
[2024-03-07T10:27:47.211+0200] {processor.py:161} INFO - Started process (PID=35027) to work on /usr/local/lib/python3.8/site-packages/airflow/example_dags/example_bash_operator.py
[2024-03-07T10:27:47.212+0200] {processor.py:830} INFO - Processing file /usr/local/lib/python3.8/site-packages/airflow/example_dags/example_bash_operator.py for tasks to queue
[2024-03-07T10:27:47.212+0200] {logging_mixin.py:188} INFO - [2024-03-07T10:27:47.212+0200] {dagbag.py:540} INFO - Filling up the DagBag from /usr/local/lib/python3.8/site-packages/airflow/example_dags/example_bash_operator.py
[2024-03-07T10:27:47.226+0200] {processor.py:840} INFO - DAG(s) 'example_bash_operator' retrieved from /usr/local/lib/python3.8/site-packages/airflow/example_dags/example_bash_operator.py
[2024-03-07T10:27:47.442+0200] {logging_mixin.py:188} INFO - [2024-03-07T10:27:47.442+0200] {dag.py:3047} INFO - Sync 1 DAGs
[2024-03-07T10:27:47.455+0200] {logging_mixin.py:188} INFO - [2024-03-07T10:27:47.455+0200] {dag.py:3834} INFO - Setting next_dagrun for example_bash_operator to 2024-03-06 00:00:00+00:00, run_after=2024-03-07 00:00:00+00:00
[2024-03-07T10:27:47.470+0200] {processor.py:183} INFO - Processing /usr/local/lib/python3.8/site-packages/airflow/example_dags/example_bash_operator.py took 0.261 seconds
[2024-03-07T10:31:06.472+0200] {processor.py:161} INFO - Started process (PID=35233) to work on /usr/local/lib/python3.8/site-packages/airflow/example_dags/example_bash_operator.py
[2024-03-07T10:31:06.473+0200] {processor.py:830} INFO - Processing file /usr/local/lib/python3.8/site-packages/airflow/example_dags/example_bash_operator.py for tasks to queue
[2024-03-07T10:31:06.474+0200] {logging_mixin.py:188} INFO - [2024-03-07T10:31:06.474+0200] {dagbag.py:540} INFO - Filling up the DagBag from /usr/local/lib/python3.8/site-packages/airflow/example_dags/example_bash_operator.py
[2024-03-07T10:31:06.488+0200] {processor.py:840} INFO - DAG(s) 'example_bash_operator' retrieved from /usr/local/lib/python3.8/site-packages/airflow/example_dags/example_bash_operator.py
[2024-03-07T10:31:06.721+0200] {logging_mixin.py:188} INFO - [2024-03-07T10:31:06.720+0200] {dag.py:3047} INFO - Sync 1 DAGs
[2024-03-07T10:31:06.736+0200] {logging_mixin.py:188} INFO - [2024-03-07T10:31:06.736+0200] {dag.py:3834} INFO - Setting next_dagrun for example_bash_operator to 2024-03-06 00:00:00+00:00, run_after=2024-03-07 00:00:00+00:00
[2024-03-07T10:31:06.751+0200] {processor.py:183} INFO - Processing /usr/local/lib/python3.8/site-packages/airflow/example_dags/example_bash_operator.py took 0.280 seconds
[2024-03-07T10:34:19.235+0200] {processor.py:161} INFO - Started process (PID=35444) to work on /usr/local/lib/python3.8/site-packages/airflow/example_dags/example_bash_operator.py
[2024-03-07T10:34:19.235+0200] {processor.py:830} INFO - Processing file /usr/local/lib/python3.8/site-packages/airflow/example_dags/example_bash_operator.py for tasks to queue
[2024-03-07T10:34:19.236+0200] {logging_mixin.py:188} INFO - [2024-03-07T10:34:19.236+0200] {dagbag.py:540} INFO - Filling up the DagBag from /usr/local/lib/python3.8/site-packages/airflow/example_dags/example_bash_operator.py
[2024-03-07T10:34:19.248+0200] {processor.py:840} INFO - DAG(s) 'example_bash_operator' retrieved from /usr/local/lib/python3.8/site-packages/airflow/example_dags/example_bash_operator.py
[2024-03-07T10:34:19.461+0200] {logging_mixin.py:188} INFO - [2024-03-07T10:34:19.461+0200] {dag.py:3047} INFO - Sync 1 DAGs
[2024-03-07T10:34:19.475+0200] {logging_mixin.py:188} INFO - [2024-03-07T10:34:19.475+0200] {dag.py:3834} INFO - Setting next_dagrun for example_bash_operator to 2024-03-06 00:00:00+00:00, run_after=2024-03-07 00:00:00+00:00
[2024-03-07T10:34:19.491+0200] {processor.py:183} INFO - Processing /usr/local/lib/python3.8/site-packages/airflow/example_dags/example_bash_operator.py took 0.257 seconds
[2024-03-07T10:37:10.509+0200] {processor.py:161} INFO - Started process (PID=35639) to work on /usr/local/lib/python3.8/site-packages/airflow/example_dags/example_bash_operator.py
[2024-03-07T10:37:10.510+0200] {processor.py:830} INFO - Processing file /usr/local/lib/python3.8/site-packages/airflow/example_dags/example_bash_operator.py for tasks to queue
[2024-03-07T10:37:10.511+0200] {logging_mixin.py:188} INFO - [2024-03-07T10:37:10.510+0200] {dagbag.py:540} INFO - Filling up the DagBag from /usr/local/lib/python3.8/site-packages/airflow/example_dags/example_bash_operator.py
[2024-03-07T10:37:10.522+0200] {processor.py:840} INFO - DAG(s) 'example_bash_operator' retrieved from /usr/local/lib/python3.8/site-packages/airflow/example_dags/example_bash_operator.py
[2024-03-07T10:37:10.727+0200] {logging_mixin.py:188} INFO - [2024-03-07T10:37:10.727+0200] {dag.py:3047} INFO - Sync 1 DAGs
[2024-03-07T10:37:10.740+0200] {logging_mixin.py:188} INFO - [2024-03-07T10:37:10.740+0200] {dag.py:3834} INFO - Setting next_dagrun for example_bash_operator to 2024-03-06 00:00:00+00:00, run_after=2024-03-07 00:00:00+00:00
[2024-03-07T10:37:10.759+0200] {processor.py:183} INFO - Processing /usr/local/lib/python3.8/site-packages/airflow/example_dags/example_bash_operator.py took 0.251 seconds
[2024-03-07T10:40:08.612+0200] {processor.py:161} INFO - Started process (PID=35890) to work on /usr/local/lib/python3.8/site-packages/airflow/example_dags/example_bash_operator.py
[2024-03-07T10:40:08.613+0200] {processor.py:830} INFO - Processing file /usr/local/lib/python3.8/site-packages/airflow/example_dags/example_bash_operator.py for tasks to queue
[2024-03-07T10:40:08.614+0200] {logging_mixin.py:188} INFO - [2024-03-07T10:40:08.614+0200] {dagbag.py:540} INFO - Filling up the DagBag from /usr/local/lib/python3.8/site-packages/airflow/example_dags/example_bash_operator.py
[2024-03-07T10:40:08.629+0200] {processor.py:840} INFO - DAG(s) 'example_bash_operator' retrieved from /usr/local/lib/python3.8/site-packages/airflow/example_dags/example_bash_operator.py
[2024-03-07T10:40:08.882+0200] {logging_mixin.py:188} INFO - [2024-03-07T10:40:08.882+0200] {dag.py:3047} INFO - Sync 1 DAGs
[2024-03-07T10:40:08.898+0200] {logging_mixin.py:188} INFO - [2024-03-07T10:40:08.898+0200] {dag.py:3834} INFO - Setting next_dagrun for example_bash_operator to 2024-03-06 00:00:00+00:00, run_after=2024-03-07 00:00:00+00:00
[2024-03-07T10:40:08.913+0200] {processor.py:183} INFO - Processing /usr/local/lib/python3.8/site-packages/airflow/example_dags/example_bash_operator.py took 0.303 seconds
[2024-03-07T10:43:31.502+0200] {processor.py:161} INFO - Started process (PID=36129) to work on /usr/local/lib/python3.8/site-packages/airflow/example_dags/example_bash_operator.py
[2024-03-07T10:43:31.503+0200] {processor.py:830} INFO - Processing file /usr/local/lib/python3.8/site-packages/airflow/example_dags/example_bash_operator.py for tasks to queue
[2024-03-07T10:43:31.503+0200] {logging_mixin.py:188} INFO - [2024-03-07T10:43:31.503+0200] {dagbag.py:540} INFO - Filling up the DagBag from /usr/local/lib/python3.8/site-packages/airflow/example_dags/example_bash_operator.py
[2024-03-07T10:43:31.514+0200] {processor.py:840} INFO - DAG(s) 'example_bash_operator' retrieved from /usr/local/lib/python3.8/site-packages/airflow/example_dags/example_bash_operator.py
[2024-03-07T10:43:31.733+0200] {logging_mixin.py:188} INFO - [2024-03-07T10:43:31.733+0200] {dag.py:3047} INFO - Sync 1 DAGs
[2024-03-07T10:43:31.747+0200] {logging_mixin.py:188} INFO - [2024-03-07T10:43:31.747+0200] {dag.py:3834} INFO - Setting next_dagrun for example_bash_operator to 2024-03-06 00:00:00+00:00, run_after=2024-03-07 00:00:00+00:00
[2024-03-07T10:43:31.765+0200] {processor.py:183} INFO - Processing /usr/local/lib/python3.8/site-packages/airflow/example_dags/example_bash_operator.py took 0.265 seconds
[2024-03-07T10:46:28.916+0200] {processor.py:161} INFO - Started process (PID=36324) to work on /usr/local/lib/python3.8/site-packages/airflow/example_dags/example_bash_operator.py
[2024-03-07T10:46:28.917+0200] {processor.py:830} INFO - Processing file /usr/local/lib/python3.8/site-packages/airflow/example_dags/example_bash_operator.py for tasks to queue
[2024-03-07T10:46:28.917+0200] {logging_mixin.py:188} INFO - [2024-03-07T10:46:28.917+0200] {dagbag.py:540} INFO - Filling up the DagBag from /usr/local/lib/python3.8/site-packages/airflow/example_dags/example_bash_operator.py
[2024-03-07T10:46:28.929+0200] {processor.py:840} INFO - DAG(s) 'example_bash_operator' retrieved from /usr/local/lib/python3.8/site-packages/airflow/example_dags/example_bash_operator.py
[2024-03-07T10:46:29.135+0200] {logging_mixin.py:188} INFO - [2024-03-07T10:46:29.135+0200] {dag.py:3047} INFO - Sync 1 DAGs
[2024-03-07T10:46:29.148+0200] {logging_mixin.py:188} INFO - [2024-03-07T10:46:29.148+0200] {dag.py:3834} INFO - Setting next_dagrun for example_bash_operator to 2024-03-06 00:00:00+00:00, run_after=2024-03-07 00:00:00+00:00
[2024-03-07T10:46:29.164+0200] {processor.py:183} INFO - Processing /usr/local/lib/python3.8/site-packages/airflow/example_dags/example_bash_operator.py took 0.249 seconds
[2024-03-07T10:49:22.926+0200] {processor.py:161} INFO - Started process (PID=36516) to work on /usr/local/lib/python3.8/site-packages/airflow/example_dags/example_bash_operator.py
[2024-03-07T10:49:22.927+0200] {processor.py:830} INFO - Processing file /usr/local/lib/python3.8/site-packages/airflow/example_dags/example_bash_operator.py for tasks to queue
[2024-03-07T10:49:22.928+0200] {logging_mixin.py:188} INFO - [2024-03-07T10:49:22.927+0200] {dagbag.py:540} INFO - Filling up the DagBag from /usr/local/lib/python3.8/site-packages/airflow/example_dags/example_bash_operator.py
[2024-03-07T10:49:22.940+0200] {processor.py:840} INFO - DAG(s) 'example_bash_operator' retrieved from /usr/local/lib/python3.8/site-packages/airflow/example_dags/example_bash_operator.py
[2024-03-07T10:49:23.149+0200] {logging_mixin.py:188} INFO - [2024-03-07T10:49:23.149+0200] {dag.py:3047} INFO - Sync 1 DAGs
[2024-03-07T10:49:23.168+0200] {logging_mixin.py:188} INFO - [2024-03-07T10:49:23.168+0200] {dag.py:3834} INFO - Setting next_dagrun for example_bash_operator to 2024-03-06 00:00:00+00:00, run_after=2024-03-07 00:00:00+00:00
[2024-03-07T10:49:23.184+0200] {processor.py:183} INFO - Processing /usr/local/lib/python3.8/site-packages/airflow/example_dags/example_bash_operator.py took 0.260 seconds
[2024-03-07T10:52:35.006+0200] {processor.py:161} INFO - Started process (PID=36728) to work on /usr/local/lib/python3.8/site-packages/airflow/example_dags/example_bash_operator.py
[2024-03-07T10:52:35.006+0200] {processor.py:830} INFO - Processing file /usr/local/lib/python3.8/site-packages/airflow/example_dags/example_bash_operator.py for tasks to queue
[2024-03-07T10:52:35.007+0200] {logging_mixin.py:188} INFO - [2024-03-07T10:52:35.007+0200] {dagbag.py:540} INFO - Filling up the DagBag from /usr/local/lib/python3.8/site-packages/airflow/example_dags/example_bash_operator.py
[2024-03-07T10:52:35.020+0200] {processor.py:840} INFO - DAG(s) 'example_bash_operator' retrieved from /usr/local/lib/python3.8/site-packages/airflow/example_dags/example_bash_operator.py
[2024-03-07T10:52:35.232+0200] {logging_mixin.py:188} INFO - [2024-03-07T10:52:35.232+0200] {dag.py:3047} INFO - Sync 1 DAGs
[2024-03-07T10:52:35.245+0200] {logging_mixin.py:188} INFO - [2024-03-07T10:52:35.245+0200] {dag.py:3834} INFO - Setting next_dagrun for example_bash_operator to 2024-03-06 00:00:00+00:00, run_after=2024-03-07 00:00:00+00:00
[2024-03-07T10:52:35.264+0200] {processor.py:183} INFO - Processing /usr/local/lib/python3.8/site-packages/airflow/example_dags/example_bash_operator.py took 0.260 seconds
[2024-03-07T10:55:43.635+0200] {processor.py:161} INFO - Started process (PID=36924) to work on /usr/local/lib/python3.8/site-packages/airflow/example_dags/example_bash_operator.py
[2024-03-07T10:55:43.636+0200] {processor.py:830} INFO - Processing file /usr/local/lib/python3.8/site-packages/airflow/example_dags/example_bash_operator.py for tasks to queue
[2024-03-07T10:55:43.637+0200] {logging_mixin.py:188} INFO - [2024-03-07T10:55:43.636+0200] {dagbag.py:540} INFO - Filling up the DagBag from /usr/local/lib/python3.8/site-packages/airflow/example_dags/example_bash_operator.py
[2024-03-07T10:55:43.649+0200] {processor.py:840} INFO - DAG(s) 'example_bash_operator' retrieved from /usr/local/lib/python3.8/site-packages/airflow/example_dags/example_bash_operator.py
[2024-03-07T10:55:43.857+0200] {logging_mixin.py:188} INFO - [2024-03-07T10:55:43.857+0200] {dag.py:3047} INFO - Sync 1 DAGs
[2024-03-07T10:55:43.871+0200] {logging_mixin.py:188} INFO - [2024-03-07T10:55:43.871+0200] {dag.py:3834} INFO - Setting next_dagrun for example_bash_operator to 2024-03-06 00:00:00+00:00, run_after=2024-03-07 00:00:00+00:00
[2024-03-07T10:55:43.884+0200] {processor.py:183} INFO - Processing /usr/local/lib/python3.8/site-packages/airflow/example_dags/example_bash_operator.py took 0.251 seconds
[2024-03-07T11:31:23.876+0200] {processor.py:161} INFO - Started process (PID=37363) to work on /usr/local/lib/python3.8/site-packages/airflow/example_dags/example_bash_operator.py
[2024-03-07T11:31:23.878+0200] {processor.py:830} INFO - Processing file /usr/local/lib/python3.8/site-packages/airflow/example_dags/example_bash_operator.py for tasks to queue
[2024-03-07T11:31:23.878+0200] {logging_mixin.py:188} INFO - [2024-03-07T11:31:23.878+0200] {dagbag.py:540} INFO - Filling up the DagBag from /usr/local/lib/python3.8/site-packages/airflow/example_dags/example_bash_operator.py
[2024-03-07T11:31:23.899+0200] {processor.py:840} INFO - DAG(s) 'example_bash_operator' retrieved from /usr/local/lib/python3.8/site-packages/airflow/example_dags/example_bash_operator.py
[2024-03-07T11:31:24.231+0200] {logging_mixin.py:188} INFO - [2024-03-07T11:31:24.230+0200] {dag.py:3047} INFO - Sync 1 DAGs
[2024-03-07T11:31:24.248+0200] {logging_mixin.py:188} INFO - [2024-03-07T11:31:24.247+0200] {dag.py:3834} INFO - Setting next_dagrun for example_bash_operator to 2024-03-06 00:00:00+00:00, run_after=2024-03-07 00:00:00+00:00
[2024-03-07T11:31:24.266+0200] {processor.py:183} INFO - Processing /usr/local/lib/python3.8/site-packages/airflow/example_dags/example_bash_operator.py took 0.392 seconds
[2024-03-07T11:34:49.114+0200] {processor.py:161} INFO - Started process (PID=37594) to work on /usr/local/lib/python3.8/site-packages/airflow/example_dags/example_bash_operator.py
[2024-03-07T11:34:49.115+0200] {processor.py:830} INFO - Processing file /usr/local/lib/python3.8/site-packages/airflow/example_dags/example_bash_operator.py for tasks to queue
[2024-03-07T11:34:49.115+0200] {logging_mixin.py:188} INFO - [2024-03-07T11:34:49.115+0200] {dagbag.py:540} INFO - Filling up the DagBag from /usr/local/lib/python3.8/site-packages/airflow/example_dags/example_bash_operator.py
[2024-03-07T11:34:49.127+0200] {processor.py:840} INFO - DAG(s) 'example_bash_operator' retrieved from /usr/local/lib/python3.8/site-packages/airflow/example_dags/example_bash_operator.py
[2024-03-07T11:34:49.334+0200] {logging_mixin.py:188} INFO - [2024-03-07T11:34:49.333+0200] {dag.py:3047} INFO - Sync 1 DAGs
[2024-03-07T11:34:49.346+0200] {logging_mixin.py:188} INFO - [2024-03-07T11:34:49.346+0200] {dag.py:3834} INFO - Setting next_dagrun for example_bash_operator to 2024-03-06 00:00:00+00:00, run_after=2024-03-07 00:00:00+00:00
[2024-03-07T11:34:49.365+0200] {processor.py:183} INFO - Processing /usr/local/lib/python3.8/site-packages/airflow/example_dags/example_bash_operator.py took 0.252 seconds
