[2024-03-07T02:25:29.544+0200] {processor.py:161} INFO - Started process (PID=25661) to work on /usr/local/lib/python3.8/site-packages/airflow/example_dags/example_params_trigger_ui.py
[2024-03-07T02:25:29.546+0200] {processor.py:830} INFO - Processing file /usr/local/lib/python3.8/site-packages/airflow/example_dags/example_params_trigger_ui.py for tasks to queue
[2024-03-07T02:25:29.546+0200] {logging_mixin.py:188} INFO - [2024-03-07T02:25:29.546+0200] {dagbag.py:540} INFO - Filling up the DagBag from /usr/local/lib/python3.8/site-packages/airflow/example_dags/example_params_trigger_ui.py
[2024-03-07T02:25:29.595+0200] {processor.py:840} INFO - DAG(s) 'example_params_trigger_ui' retrieved from /usr/local/lib/python3.8/site-packages/airflow/example_dags/example_params_trigger_ui.py
[2024-03-07T02:25:30.327+0200] {logging_mixin.py:188} INFO - [2024-03-07T02:25:30.326+0200] {dag.py:3047} INFO - Sync 1 DAGs
[2024-03-07T02:25:30.346+0200] {logging_mixin.py:188} INFO - [2024-03-07T02:25:30.345+0200] {dag.py:3834} INFO - Setting next_dagrun for example_params_trigger_ui to None, run_after=None
[2024-03-07T02:25:30.371+0200] {processor.py:183} INFO - Processing /usr/local/lib/python3.8/site-packages/airflow/example_dags/example_params_trigger_ui.py took 0.828 seconds
[2024-03-07T02:29:00.717+0200] {processor.py:161} INFO - Started process (PID=25917) to work on /usr/local/lib/python3.8/site-packages/airflow/example_dags/example_params_trigger_ui.py
[2024-03-07T02:29:00.718+0200] {processor.py:830} INFO - Processing file /usr/local/lib/python3.8/site-packages/airflow/example_dags/example_params_trigger_ui.py for tasks to queue
[2024-03-07T02:29:00.719+0200] {logging_mixin.py:188} INFO - [2024-03-07T02:29:00.719+0200] {dagbag.py:540} INFO - Filling up the DagBag from /usr/local/lib/python3.8/site-packages/airflow/example_dags/example_params_trigger_ui.py
[2024-03-07T02:29:00.757+0200] {processor.py:840} INFO - DAG(s) 'example_params_trigger_ui' retrieved from /usr/local/lib/python3.8/site-packages/airflow/example_dags/example_params_trigger_ui.py
[2024-03-07T02:29:01.016+0200] {logging_mixin.py:188} INFO - [2024-03-07T02:29:01.016+0200] {dag.py:3047} INFO - Sync 1 DAGs
[2024-03-07T02:29:01.025+0200] {logging_mixin.py:188} INFO - [2024-03-07T02:29:01.024+0200] {dag.py:3834} INFO - Setting next_dagrun for example_params_trigger_ui to None, run_after=None
[2024-03-07T02:29:01.045+0200] {processor.py:183} INFO - Processing /usr/local/lib/python3.8/site-packages/airflow/example_dags/example_params_trigger_ui.py took 0.330 seconds
[2024-03-07T02:32:29.536+0200] {processor.py:161} INFO - Started process (PID=26136) to work on /usr/local/lib/python3.8/site-packages/airflow/example_dags/example_params_trigger_ui.py
[2024-03-07T02:32:29.537+0200] {processor.py:830} INFO - Processing file /usr/local/lib/python3.8/site-packages/airflow/example_dags/example_params_trigger_ui.py for tasks to queue
[2024-03-07T02:32:29.538+0200] {logging_mixin.py:188} INFO - [2024-03-07T02:32:29.537+0200] {dagbag.py:540} INFO - Filling up the DagBag from /usr/local/lib/python3.8/site-packages/airflow/example_dags/example_params_trigger_ui.py
[2024-03-07T02:32:29.575+0200] {processor.py:840} INFO - DAG(s) 'example_params_trigger_ui' retrieved from /usr/local/lib/python3.8/site-packages/airflow/example_dags/example_params_trigger_ui.py
[2024-03-07T02:32:29.837+0200] {logging_mixin.py:188} INFO - [2024-03-07T02:32:29.836+0200] {dag.py:3047} INFO - Sync 1 DAGs
[2024-03-07T02:32:29.845+0200] {logging_mixin.py:188} INFO - [2024-03-07T02:32:29.845+0200] {dag.py:3834} INFO - Setting next_dagrun for example_params_trigger_ui to None, run_after=None
[2024-03-07T02:32:29.861+0200] {processor.py:183} INFO - Processing /usr/local/lib/python3.8/site-packages/airflow/example_dags/example_params_trigger_ui.py took 0.327 seconds
[2024-03-07T02:35:57.856+0200] {processor.py:161} INFO - Started process (PID=28018) to work on /usr/local/lib/python3.8/site-packages/airflow/example_dags/example_params_trigger_ui.py
[2024-03-07T02:35:57.857+0200] {processor.py:830} INFO - Processing file /usr/local/lib/python3.8/site-packages/airflow/example_dags/example_params_trigger_ui.py for tasks to queue
[2024-03-07T02:35:57.858+0200] {logging_mixin.py:188} INFO - [2024-03-07T02:35:57.858+0200] {dagbag.py:540} INFO - Filling up the DagBag from /usr/local/lib/python3.8/site-packages/airflow/example_dags/example_params_trigger_ui.py
[2024-03-07T02:35:57.896+0200] {processor.py:840} INFO - DAG(s) 'example_params_trigger_ui' retrieved from /usr/local/lib/python3.8/site-packages/airflow/example_dags/example_params_trigger_ui.py
[2024-03-07T02:35:58.162+0200] {logging_mixin.py:188} INFO - [2024-03-07T02:35:58.162+0200] {dag.py:3047} INFO - Sync 1 DAGs
[2024-03-07T02:35:58.171+0200] {logging_mixin.py:188} INFO - [2024-03-07T02:35:58.171+0200] {dag.py:3834} INFO - Setting next_dagrun for example_params_trigger_ui to None, run_after=None
[2024-03-07T02:35:58.189+0200] {processor.py:183} INFO - Processing /usr/local/lib/python3.8/site-packages/airflow/example_dags/example_params_trigger_ui.py took 0.334 seconds
[2024-03-07T02:39:33.395+0200] {processor.py:161} INFO - Started process (PID=28261) to work on /usr/local/lib/python3.8/site-packages/airflow/example_dags/example_params_trigger_ui.py
[2024-03-07T02:39:33.396+0200] {processor.py:830} INFO - Processing file /usr/local/lib/python3.8/site-packages/airflow/example_dags/example_params_trigger_ui.py for tasks to queue
[2024-03-07T02:39:33.397+0200] {logging_mixin.py:188} INFO - [2024-03-07T02:39:33.397+0200] {dagbag.py:540} INFO - Filling up the DagBag from /usr/local/lib/python3.8/site-packages/airflow/example_dags/example_params_trigger_ui.py
[2024-03-07T02:39:33.435+0200] {processor.py:840} INFO - DAG(s) 'example_params_trigger_ui' retrieved from /usr/local/lib/python3.8/site-packages/airflow/example_dags/example_params_trigger_ui.py
[2024-03-07T02:39:33.705+0200] {logging_mixin.py:188} INFO - [2024-03-07T02:39:33.704+0200] {dag.py:3047} INFO - Sync 1 DAGs
[2024-03-07T02:39:33.713+0200] {logging_mixin.py:188} INFO - [2024-03-07T02:39:33.713+0200] {dag.py:3834} INFO - Setting next_dagrun for example_params_trigger_ui to None, run_after=None
[2024-03-07T02:39:33.731+0200] {processor.py:183} INFO - Processing /usr/local/lib/python3.8/site-packages/airflow/example_dags/example_params_trigger_ui.py took 0.338 seconds
[2024-03-07T02:43:09.684+0200] {processor.py:161} INFO - Started process (PID=28473) to work on /usr/local/lib/python3.8/site-packages/airflow/example_dags/example_params_trigger_ui.py
[2024-03-07T02:43:09.685+0200] {processor.py:830} INFO - Processing file /usr/local/lib/python3.8/site-packages/airflow/example_dags/example_params_trigger_ui.py for tasks to queue
[2024-03-07T02:43:09.686+0200] {logging_mixin.py:188} INFO - [2024-03-07T02:43:09.686+0200] {dagbag.py:540} INFO - Filling up the DagBag from /usr/local/lib/python3.8/site-packages/airflow/example_dags/example_params_trigger_ui.py
[2024-03-07T02:43:09.724+0200] {processor.py:840} INFO - DAG(s) 'example_params_trigger_ui' retrieved from /usr/local/lib/python3.8/site-packages/airflow/example_dags/example_params_trigger_ui.py
[2024-03-07T02:43:09.984+0200] {logging_mixin.py:188} INFO - [2024-03-07T02:43:09.983+0200] {dag.py:3047} INFO - Sync 1 DAGs
[2024-03-07T02:43:09.992+0200] {logging_mixin.py:188} INFO - [2024-03-07T02:43:09.992+0200] {dag.py:3834} INFO - Setting next_dagrun for example_params_trigger_ui to None, run_after=None
[2024-03-07T02:43:10.009+0200] {processor.py:183} INFO - Processing /usr/local/lib/python3.8/site-packages/airflow/example_dags/example_params_trigger_ui.py took 0.326 seconds
[2024-03-07T02:46:36.537+0200] {processor.py:161} INFO - Started process (PID=28670) to work on /usr/local/lib/python3.8/site-packages/airflow/example_dags/example_params_trigger_ui.py
[2024-03-07T02:46:36.539+0200] {processor.py:830} INFO - Processing file /usr/local/lib/python3.8/site-packages/airflow/example_dags/example_params_trigger_ui.py for tasks to queue
[2024-03-07T02:46:36.539+0200] {logging_mixin.py:188} INFO - [2024-03-07T02:46:36.539+0200] {dagbag.py:540} INFO - Filling up the DagBag from /usr/local/lib/python3.8/site-packages/airflow/example_dags/example_params_trigger_ui.py
[2024-03-07T02:46:36.587+0200] {processor.py:840} INFO - DAG(s) 'example_params_trigger_ui' retrieved from /usr/local/lib/python3.8/site-packages/airflow/example_dags/example_params_trigger_ui.py
[2024-03-07T02:46:36.932+0200] {logging_mixin.py:188} INFO - [2024-03-07T02:46:36.931+0200] {dag.py:3047} INFO - Sync 1 DAGs
[2024-03-07T02:46:36.943+0200] {logging_mixin.py:188} INFO - [2024-03-07T02:46:36.943+0200] {dag.py:3834} INFO - Setting next_dagrun for example_params_trigger_ui to None, run_after=None
[2024-03-07T02:46:36.967+0200] {processor.py:183} INFO - Processing /usr/local/lib/python3.8/site-packages/airflow/example_dags/example_params_trigger_ui.py took 0.432 seconds
[2024-03-07T02:50:21.611+0200] {processor.py:161} INFO - Started process (PID=28869) to work on /usr/local/lib/python3.8/site-packages/airflow/example_dags/example_params_trigger_ui.py
[2024-03-07T02:50:21.612+0200] {processor.py:830} INFO - Processing file /usr/local/lib/python3.8/site-packages/airflow/example_dags/example_params_trigger_ui.py for tasks to queue
[2024-03-07T02:50:21.613+0200] {logging_mixin.py:188} INFO - [2024-03-07T02:50:21.612+0200] {dagbag.py:540} INFO - Filling up the DagBag from /usr/local/lib/python3.8/site-packages/airflow/example_dags/example_params_trigger_ui.py
[2024-03-07T02:50:21.651+0200] {processor.py:840} INFO - DAG(s) 'example_params_trigger_ui' retrieved from /usr/local/lib/python3.8/site-packages/airflow/example_dags/example_params_trigger_ui.py
[2024-03-07T02:50:21.912+0200] {logging_mixin.py:188} INFO - [2024-03-07T02:50:21.912+0200] {dag.py:3047} INFO - Sync 1 DAGs
[2024-03-07T02:50:21.921+0200] {logging_mixin.py:188} INFO - [2024-03-07T02:50:21.921+0200] {dag.py:3834} INFO - Setting next_dagrun for example_params_trigger_ui to None, run_after=None
[2024-03-07T02:50:21.938+0200] {processor.py:183} INFO - Processing /usr/local/lib/python3.8/site-packages/airflow/example_dags/example_params_trigger_ui.py took 0.329 seconds
[2024-03-07T02:53:54.092+0200] {processor.py:161} INFO - Started process (PID=29080) to work on /usr/local/lib/python3.8/site-packages/airflow/example_dags/example_params_trigger_ui.py
[2024-03-07T02:53:54.092+0200] {processor.py:830} INFO - Processing file /usr/local/lib/python3.8/site-packages/airflow/example_dags/example_params_trigger_ui.py for tasks to queue
[2024-03-07T02:53:54.093+0200] {logging_mixin.py:188} INFO - [2024-03-07T02:53:54.093+0200] {dagbag.py:540} INFO - Filling up the DagBag from /usr/local/lib/python3.8/site-packages/airflow/example_dags/example_params_trigger_ui.py
[2024-03-07T02:53:54.131+0200] {processor.py:840} INFO - DAG(s) 'example_params_trigger_ui' retrieved from /usr/local/lib/python3.8/site-packages/airflow/example_dags/example_params_trigger_ui.py
[2024-03-07T02:53:54.398+0200] {logging_mixin.py:188} INFO - [2024-03-07T02:53:54.398+0200] {dag.py:3047} INFO - Sync 1 DAGs
[2024-03-07T02:53:54.406+0200] {logging_mixin.py:188} INFO - [2024-03-07T02:53:54.406+0200] {dag.py:3834} INFO - Setting next_dagrun for example_params_trigger_ui to None, run_after=None
[2024-03-07T02:53:54.424+0200] {processor.py:183} INFO - Processing /usr/local/lib/python3.8/site-packages/airflow/example_dags/example_params_trigger_ui.py took 0.334 seconds
[2024-03-07T02:57:26.277+0200] {processor.py:161} INFO - Started process (PID=29278) to work on /usr/local/lib/python3.8/site-packages/airflow/example_dags/example_params_trigger_ui.py
[2024-03-07T02:57:26.278+0200] {processor.py:830} INFO - Processing file /usr/local/lib/python3.8/site-packages/airflow/example_dags/example_params_trigger_ui.py for tasks to queue
[2024-03-07T02:57:26.278+0200] {logging_mixin.py:188} INFO - [2024-03-07T02:57:26.278+0200] {dagbag.py:540} INFO - Filling up the DagBag from /usr/local/lib/python3.8/site-packages/airflow/example_dags/example_params_trigger_ui.py
[2024-03-07T02:57:26.317+0200] {processor.py:840} INFO - DAG(s) 'example_params_trigger_ui' retrieved from /usr/local/lib/python3.8/site-packages/airflow/example_dags/example_params_trigger_ui.py
[2024-03-07T02:57:26.578+0200] {logging_mixin.py:188} INFO - [2024-03-07T02:57:26.578+0200] {dag.py:3047} INFO - Sync 1 DAGs
[2024-03-07T02:57:26.587+0200] {logging_mixin.py:188} INFO - [2024-03-07T02:57:26.587+0200] {dag.py:3834} INFO - Setting next_dagrun for example_params_trigger_ui to None, run_after=None
[2024-03-07T02:57:26.604+0200] {processor.py:183} INFO - Processing /usr/local/lib/python3.8/site-packages/airflow/example_dags/example_params_trigger_ui.py took 0.329 seconds
[2024-03-07T03:00:57.237+0200] {processor.py:161} INFO - Started process (PID=29489) to work on /usr/local/lib/python3.8/site-packages/airflow/example_dags/example_params_trigger_ui.py
[2024-03-07T03:00:57.238+0200] {processor.py:830} INFO - Processing file /usr/local/lib/python3.8/site-packages/airflow/example_dags/example_params_trigger_ui.py for tasks to queue
[2024-03-07T03:00:57.239+0200] {logging_mixin.py:188} INFO - [2024-03-07T03:00:57.239+0200] {dagbag.py:540} INFO - Filling up the DagBag from /usr/local/lib/python3.8/site-packages/airflow/example_dags/example_params_trigger_ui.py
[2024-03-07T03:00:57.279+0200] {processor.py:840} INFO - DAG(s) 'example_params_trigger_ui' retrieved from /usr/local/lib/python3.8/site-packages/airflow/example_dags/example_params_trigger_ui.py
[2024-03-07T03:00:57.545+0200] {logging_mixin.py:188} INFO - [2024-03-07T03:00:57.544+0200] {dag.py:3047} INFO - Sync 1 DAGs
[2024-03-07T03:00:57.553+0200] {logging_mixin.py:188} INFO - [2024-03-07T03:00:57.553+0200] {dag.py:3834} INFO - Setting next_dagrun for example_params_trigger_ui to None, run_after=None
[2024-03-07T03:00:57.570+0200] {processor.py:183} INFO - Processing /usr/local/lib/python3.8/site-packages/airflow/example_dags/example_params_trigger_ui.py took 0.335 seconds
[2024-03-07T03:04:26.106+0200] {processor.py:161} INFO - Started process (PID=29682) to work on /usr/local/lib/python3.8/site-packages/airflow/example_dags/example_params_trigger_ui.py
[2024-03-07T03:04:26.107+0200] {processor.py:830} INFO - Processing file /usr/local/lib/python3.8/site-packages/airflow/example_dags/example_params_trigger_ui.py for tasks to queue
[2024-03-07T03:04:26.107+0200] {logging_mixin.py:188} INFO - [2024-03-07T03:04:26.107+0200] {dagbag.py:540} INFO - Filling up the DagBag from /usr/local/lib/python3.8/site-packages/airflow/example_dags/example_params_trigger_ui.py
[2024-03-07T03:04:26.146+0200] {processor.py:840} INFO - DAG(s) 'example_params_trigger_ui' retrieved from /usr/local/lib/python3.8/site-packages/airflow/example_dags/example_params_trigger_ui.py
[2024-03-07T03:04:26.406+0200] {logging_mixin.py:188} INFO - [2024-03-07T03:04:26.406+0200] {dag.py:3047} INFO - Sync 1 DAGs
[2024-03-07T03:04:26.415+0200] {logging_mixin.py:188} INFO - [2024-03-07T03:04:26.415+0200] {dag.py:3834} INFO - Setting next_dagrun for example_params_trigger_ui to None, run_after=None
[2024-03-07T03:04:26.435+0200] {processor.py:183} INFO - Processing /usr/local/lib/python3.8/site-packages/airflow/example_dags/example_params_trigger_ui.py took 0.331 seconds
[2024-03-07T03:07:58.428+0200] {processor.py:161} INFO - Started process (PID=29880) to work on /usr/local/lib/python3.8/site-packages/airflow/example_dags/example_params_trigger_ui.py
[2024-03-07T03:07:58.429+0200] {processor.py:830} INFO - Processing file /usr/local/lib/python3.8/site-packages/airflow/example_dags/example_params_trigger_ui.py for tasks to queue
[2024-03-07T03:07:58.430+0200] {logging_mixin.py:188} INFO - [2024-03-07T03:07:58.430+0200] {dagbag.py:540} INFO - Filling up the DagBag from /usr/local/lib/python3.8/site-packages/airflow/example_dags/example_params_trigger_ui.py
[2024-03-07T03:07:58.468+0200] {processor.py:840} INFO - DAG(s) 'example_params_trigger_ui' retrieved from /usr/local/lib/python3.8/site-packages/airflow/example_dags/example_params_trigger_ui.py
[2024-03-07T03:07:58.730+0200] {logging_mixin.py:188} INFO - [2024-03-07T03:07:58.730+0200] {dag.py:3047} INFO - Sync 1 DAGs
[2024-03-07T03:07:58.738+0200] {logging_mixin.py:188} INFO - [2024-03-07T03:07:58.738+0200] {dag.py:3834} INFO - Setting next_dagrun for example_params_trigger_ui to None, run_after=None
[2024-03-07T03:07:58.755+0200] {processor.py:183} INFO - Processing /usr/local/lib/python3.8/site-packages/airflow/example_dags/example_params_trigger_ui.py took 0.328 seconds
[2024-03-07T03:11:43.886+0200] {processor.py:161} INFO - Started process (PID=30117) to work on /usr/local/lib/python3.8/site-packages/airflow/example_dags/example_params_trigger_ui.py
[2024-03-07T03:11:43.887+0200] {processor.py:830} INFO - Processing file /usr/local/lib/python3.8/site-packages/airflow/example_dags/example_params_trigger_ui.py for tasks to queue
[2024-03-07T03:11:43.887+0200] {logging_mixin.py:188} INFO - [2024-03-07T03:11:43.887+0200] {dagbag.py:540} INFO - Filling up the DagBag from /usr/local/lib/python3.8/site-packages/airflow/example_dags/example_params_trigger_ui.py
[2024-03-07T03:11:43.926+0200] {processor.py:840} INFO - DAG(s) 'example_params_trigger_ui' retrieved from /usr/local/lib/python3.8/site-packages/airflow/example_dags/example_params_trigger_ui.py
[2024-03-07T03:11:44.190+0200] {logging_mixin.py:188} INFO - [2024-03-07T03:11:44.190+0200] {dag.py:3047} INFO - Sync 1 DAGs
[2024-03-07T03:11:44.199+0200] {logging_mixin.py:188} INFO - [2024-03-07T03:11:44.198+0200] {dag.py:3834} INFO - Setting next_dagrun for example_params_trigger_ui to None, run_after=None
[2024-03-07T03:11:44.216+0200] {processor.py:183} INFO - Processing /usr/local/lib/python3.8/site-packages/airflow/example_dags/example_params_trigger_ui.py took 0.332 seconds
[2024-03-07T03:15:16.891+0200] {processor.py:161} INFO - Started process (PID=30315) to work on /usr/local/lib/python3.8/site-packages/airflow/example_dags/example_params_trigger_ui.py
[2024-03-07T03:15:16.892+0200] {processor.py:830} INFO - Processing file /usr/local/lib/python3.8/site-packages/airflow/example_dags/example_params_trigger_ui.py for tasks to queue
[2024-03-07T03:15:16.892+0200] {logging_mixin.py:188} INFO - [2024-03-07T03:15:16.892+0200] {dagbag.py:540} INFO - Filling up the DagBag from /usr/local/lib/python3.8/site-packages/airflow/example_dags/example_params_trigger_ui.py
[2024-03-07T03:15:16.931+0200] {processor.py:840} INFO - DAG(s) 'example_params_trigger_ui' retrieved from /usr/local/lib/python3.8/site-packages/airflow/example_dags/example_params_trigger_ui.py
[2024-03-07T03:15:17.191+0200] {logging_mixin.py:188} INFO - [2024-03-07T03:15:17.191+0200] {dag.py:3047} INFO - Sync 1 DAGs
[2024-03-07T03:15:17.200+0200] {logging_mixin.py:188} INFO - [2024-03-07T03:15:17.200+0200] {dag.py:3834} INFO - Setting next_dagrun for example_params_trigger_ui to None, run_after=None
[2024-03-07T03:15:17.217+0200] {processor.py:183} INFO - Processing /usr/local/lib/python3.8/site-packages/airflow/example_dags/example_params_trigger_ui.py took 0.327 seconds
[2024-03-07T07:19:18.037+0200] {processor.py:161} INFO - Started process (PID=30802) to work on /usr/local/lib/python3.8/site-packages/airflow/example_dags/example_params_trigger_ui.py
[2024-03-07T07:19:18.040+0200] {processor.py:830} INFO - Processing file /usr/local/lib/python3.8/site-packages/airflow/example_dags/example_params_trigger_ui.py for tasks to queue
[2024-03-07T07:19:18.040+0200] {logging_mixin.py:188} INFO - [2024-03-07T07:19:18.040+0200] {dagbag.py:540} INFO - Filling up the DagBag from /usr/local/lib/python3.8/site-packages/airflow/example_dags/example_params_trigger_ui.py
[2024-03-07T07:19:18.074+0200] {processor.py:840} INFO - DAG(s) 'example_params_trigger_ui' retrieved from /usr/local/lib/python3.8/site-packages/airflow/example_dags/example_params_trigger_ui.py
[2024-03-07T07:19:18.295+0200] {logging_mixin.py:188} INFO - [2024-03-07T07:19:18.295+0200] {dag.py:3047} INFO - Sync 1 DAGs
[2024-03-07T07:19:18.301+0200] {logging_mixin.py:188} INFO - [2024-03-07T07:19:18.301+0200] {dag.py:3834} INFO - Setting next_dagrun for example_params_trigger_ui to None, run_after=None
[2024-03-07T07:19:18.317+0200] {processor.py:183} INFO - Processing /usr/local/lib/python3.8/site-packages/airflow/example_dags/example_params_trigger_ui.py took 0.281 seconds
[2024-03-07T09:21:52.491+0200] {processor.py:161} INFO - Started process (PID=31118) to work on /usr/local/lib/python3.8/site-packages/airflow/example_dags/example_params_trigger_ui.py
[2024-03-07T09:21:52.493+0200] {processor.py:830} INFO - Processing file /usr/local/lib/python3.8/site-packages/airflow/example_dags/example_params_trigger_ui.py for tasks to queue
[2024-03-07T09:21:52.494+0200] {logging_mixin.py:188} INFO - [2024-03-07T09:21:52.494+0200] {dagbag.py:540} INFO - Filling up the DagBag from /usr/local/lib/python3.8/site-packages/airflow/example_dags/example_params_trigger_ui.py
[2024-03-07T09:21:52.528+0200] {processor.py:840} INFO - DAG(s) 'example_params_trigger_ui' retrieved from /usr/local/lib/python3.8/site-packages/airflow/example_dags/example_params_trigger_ui.py
[2024-03-07T09:21:52.753+0200] {logging_mixin.py:188} INFO - [2024-03-07T09:21:52.753+0200] {dag.py:3047} INFO - Sync 1 DAGs
[2024-03-07T09:21:52.760+0200] {logging_mixin.py:188} INFO - [2024-03-07T09:21:52.759+0200] {dag.py:3834} INFO - Setting next_dagrun for example_params_trigger_ui to None, run_after=None
[2024-03-07T09:21:52.774+0200] {processor.py:183} INFO - Processing /usr/local/lib/python3.8/site-packages/airflow/example_dags/example_params_trigger_ui.py took 0.284 seconds
[2024-03-07T09:31:45.611+0200] {processor.py:161} INFO - Started process (PID=31260) to work on /usr/local/lib/python3.8/site-packages/airflow/example_dags/example_params_trigger_ui.py
[2024-03-07T09:31:45.614+0200] {processor.py:830} INFO - Processing file /usr/local/lib/python3.8/site-packages/airflow/example_dags/example_params_trigger_ui.py for tasks to queue
[2024-03-07T09:31:45.614+0200] {logging_mixin.py:188} INFO - [2024-03-07T09:31:45.614+0200] {dagbag.py:540} INFO - Filling up the DagBag from /usr/local/lib/python3.8/site-packages/airflow/example_dags/example_params_trigger_ui.py
[2024-03-07T09:31:45.653+0200] {processor.py:840} INFO - DAG(s) 'example_params_trigger_ui' retrieved from /usr/local/lib/python3.8/site-packages/airflow/example_dags/example_params_trigger_ui.py
[2024-03-07T09:31:45.969+0200] {logging_mixin.py:188} INFO - [2024-03-07T09:31:45.969+0200] {dag.py:3047} INFO - Sync 1 DAGs
[2024-03-07T09:31:45.981+0200] {logging_mixin.py:188} INFO - [2024-03-07T09:31:45.980+0200] {dag.py:3834} INFO - Setting next_dagrun for example_params_trigger_ui to None, run_after=None
[2024-03-07T09:31:46.017+0200] {processor.py:183} INFO - Processing /usr/local/lib/python3.8/site-packages/airflow/example_dags/example_params_trigger_ui.py took 0.408 seconds
[2024-03-07T09:33:44.278+0200] {processor.py:161} INFO - Started process (PID=31397) to work on /usr/local/lib/python3.8/site-packages/airflow/example_dags/example_params_trigger_ui.py
[2024-03-07T09:33:44.279+0200] {processor.py:830} INFO - Processing file /usr/local/lib/python3.8/site-packages/airflow/example_dags/example_params_trigger_ui.py for tasks to queue
[2024-03-07T09:33:44.279+0200] {logging_mixin.py:188} INFO - [2024-03-07T09:33:44.279+0200] {dagbag.py:540} INFO - Filling up the DagBag from /usr/local/lib/python3.8/site-packages/airflow/example_dags/example_params_trigger_ui.py
[2024-03-07T09:33:44.316+0200] {processor.py:840} INFO - DAG(s) 'example_params_trigger_ui' retrieved from /usr/local/lib/python3.8/site-packages/airflow/example_dags/example_params_trigger_ui.py
[2024-03-07T09:33:44.548+0200] {logging_mixin.py:188} INFO - [2024-03-07T09:33:44.548+0200] {dag.py:3047} INFO - Sync 1 DAGs
[2024-03-07T09:33:44.555+0200] {logging_mixin.py:188} INFO - [2024-03-07T09:33:44.555+0200] {dag.py:3834} INFO - Setting next_dagrun for example_params_trigger_ui to None, run_after=None
[2024-03-07T09:33:44.573+0200] {processor.py:183} INFO - Processing /usr/local/lib/python3.8/site-packages/airflow/example_dags/example_params_trigger_ui.py took 0.297 seconds
[2024-03-07T09:36:58.726+0200] {processor.py:161} INFO - Started process (PID=31659) to work on /usr/local/lib/python3.8/site-packages/airflow/example_dags/example_params_trigger_ui.py
[2024-03-07T09:36:58.728+0200] {processor.py:830} INFO - Processing file /usr/local/lib/python3.8/site-packages/airflow/example_dags/example_params_trigger_ui.py for tasks to queue
[2024-03-07T09:36:58.729+0200] {logging_mixin.py:188} INFO - [2024-03-07T09:36:58.729+0200] {dagbag.py:540} INFO - Filling up the DagBag from /usr/local/lib/python3.8/site-packages/airflow/example_dags/example_params_trigger_ui.py
[2024-03-07T09:36:58.770+0200] {processor.py:840} INFO - DAG(s) 'example_params_trigger_ui' retrieved from /usr/local/lib/python3.8/site-packages/airflow/example_dags/example_params_trigger_ui.py
[2024-03-07T09:36:59.016+0200] {logging_mixin.py:188} INFO - [2024-03-07T09:36:59.016+0200] {dag.py:3047} INFO - Sync 1 DAGs
[2024-03-07T09:36:59.023+0200] {logging_mixin.py:188} INFO - [2024-03-07T09:36:59.023+0200] {dag.py:3834} INFO - Setting next_dagrun for example_params_trigger_ui to None, run_after=None
[2024-03-07T09:36:59.038+0200] {processor.py:183} INFO - Processing /usr/local/lib/python3.8/site-packages/airflow/example_dags/example_params_trigger_ui.py took 0.314 seconds
[2024-03-07T09:40:14.327+0200] {processor.py:161} INFO - Started process (PID=31895) to work on /usr/local/lib/python3.8/site-packages/airflow/example_dags/example_params_trigger_ui.py
[2024-03-07T09:40:14.327+0200] {processor.py:830} INFO - Processing file /usr/local/lib/python3.8/site-packages/airflow/example_dags/example_params_trigger_ui.py for tasks to queue
[2024-03-07T09:40:14.328+0200] {logging_mixin.py:188} INFO - [2024-03-07T09:40:14.328+0200] {dagbag.py:540} INFO - Filling up the DagBag from /usr/local/lib/python3.8/site-packages/airflow/example_dags/example_params_trigger_ui.py
[2024-03-07T09:40:14.364+0200] {processor.py:840} INFO - DAG(s) 'example_params_trigger_ui' retrieved from /usr/local/lib/python3.8/site-packages/airflow/example_dags/example_params_trigger_ui.py
[2024-03-07T09:40:14.604+0200] {logging_mixin.py:188} INFO - [2024-03-07T09:40:14.604+0200] {dag.py:3047} INFO - Sync 1 DAGs
[2024-03-07T09:40:14.611+0200] {logging_mixin.py:188} INFO - [2024-03-07T09:40:14.611+0200] {dag.py:3834} INFO - Setting next_dagrun for example_params_trigger_ui to None, run_after=None
[2024-03-07T09:40:14.631+0200] {processor.py:183} INFO - Processing /usr/local/lib/python3.8/site-packages/airflow/example_dags/example_params_trigger_ui.py took 0.306 seconds
[2024-03-07T09:43:22.903+0200] {processor.py:161} INFO - Started process (PID=32113) to work on /usr/local/lib/python3.8/site-packages/airflow/example_dags/example_params_trigger_ui.py
[2024-03-07T09:43:22.904+0200] {processor.py:830} INFO - Processing file /usr/local/lib/python3.8/site-packages/airflow/example_dags/example_params_trigger_ui.py for tasks to queue
[2024-03-07T09:43:22.904+0200] {logging_mixin.py:188} INFO - [2024-03-07T09:43:22.904+0200] {dagbag.py:540} INFO - Filling up the DagBag from /usr/local/lib/python3.8/site-packages/airflow/example_dags/example_params_trigger_ui.py
[2024-03-07T09:43:22.938+0200] {processor.py:840} INFO - DAG(s) 'example_params_trigger_ui' retrieved from /usr/local/lib/python3.8/site-packages/airflow/example_dags/example_params_trigger_ui.py
[2024-03-07T09:43:23.179+0200] {logging_mixin.py:188} INFO - [2024-03-07T09:43:23.179+0200] {dag.py:3047} INFO - Sync 1 DAGs
[2024-03-07T09:43:23.186+0200] {logging_mixin.py:188} INFO - [2024-03-07T09:43:23.186+0200] {dag.py:3834} INFO - Setting next_dagrun for example_params_trigger_ui to None, run_after=None
[2024-03-07T09:43:23.201+0200] {processor.py:183} INFO - Processing /usr/local/lib/python3.8/site-packages/airflow/example_dags/example_params_trigger_ui.py took 0.300 seconds
[2024-03-07T09:46:28.854+0200] {processor.py:161} INFO - Started process (PID=32317) to work on /usr/local/lib/python3.8/site-packages/airflow/example_dags/example_params_trigger_ui.py
[2024-03-07T09:46:28.855+0200] {processor.py:830} INFO - Processing file /usr/local/lib/python3.8/site-packages/airflow/example_dags/example_params_trigger_ui.py for tasks to queue
[2024-03-07T09:46:28.856+0200] {logging_mixin.py:188} INFO - [2024-03-07T09:46:28.855+0200] {dagbag.py:540} INFO - Filling up the DagBag from /usr/local/lib/python3.8/site-packages/airflow/example_dags/example_params_trigger_ui.py
[2024-03-07T09:46:28.899+0200] {processor.py:840} INFO - DAG(s) 'example_params_trigger_ui' retrieved from /usr/local/lib/python3.8/site-packages/airflow/example_dags/example_params_trigger_ui.py
[2024-03-07T09:46:29.154+0200] {logging_mixin.py:188} INFO - [2024-03-07T09:46:29.154+0200] {dag.py:3047} INFO - Sync 1 DAGs
[2024-03-07T09:46:29.161+0200] {logging_mixin.py:188} INFO - [2024-03-07T09:46:29.161+0200] {dag.py:3834} INFO - Setting next_dagrun for example_params_trigger_ui to None, run_after=None
[2024-03-07T09:46:29.175+0200] {processor.py:183} INFO - Processing /usr/local/lib/python3.8/site-packages/airflow/example_dags/example_params_trigger_ui.py took 0.323 seconds
[2024-03-07T09:49:43.966+0200] {processor.py:161} INFO - Started process (PID=32523) to work on /usr/local/lib/python3.8/site-packages/airflow/example_dags/example_params_trigger_ui.py
[2024-03-07T09:49:43.967+0200] {processor.py:830} INFO - Processing file /usr/local/lib/python3.8/site-packages/airflow/example_dags/example_params_trigger_ui.py for tasks to queue
[2024-03-07T09:49:43.967+0200] {logging_mixin.py:188} INFO - [2024-03-07T09:49:43.967+0200] {dagbag.py:540} INFO - Filling up the DagBag from /usr/local/lib/python3.8/site-packages/airflow/example_dags/example_params_trigger_ui.py
[2024-03-07T09:49:44.005+0200] {processor.py:840} INFO - DAG(s) 'example_params_trigger_ui' retrieved from /usr/local/lib/python3.8/site-packages/airflow/example_dags/example_params_trigger_ui.py
[2024-03-07T09:49:44.251+0200] {logging_mixin.py:188} INFO - [2024-03-07T09:49:44.250+0200] {dag.py:3047} INFO - Sync 1 DAGs
[2024-03-07T09:49:44.258+0200] {logging_mixin.py:188} INFO - [2024-03-07T09:49:44.257+0200] {dag.py:3834} INFO - Setting next_dagrun for example_params_trigger_ui to None, run_after=None
[2024-03-07T09:49:44.272+0200] {processor.py:183} INFO - Processing /usr/local/lib/python3.8/site-packages/airflow/example_dags/example_params_trigger_ui.py took 0.308 seconds
[2024-03-07T09:52:54.533+0200] {processor.py:161} INFO - Started process (PID=32724) to work on /usr/local/lib/python3.8/site-packages/airflow/example_dags/example_params_trigger_ui.py
[2024-03-07T09:52:54.534+0200] {processor.py:830} INFO - Processing file /usr/local/lib/python3.8/site-packages/airflow/example_dags/example_params_trigger_ui.py for tasks to queue
[2024-03-07T09:52:54.535+0200] {logging_mixin.py:188} INFO - [2024-03-07T09:52:54.535+0200] {dagbag.py:540} INFO - Filling up the DagBag from /usr/local/lib/python3.8/site-packages/airflow/example_dags/example_params_trigger_ui.py
[2024-03-07T09:52:54.573+0200] {processor.py:840} INFO - DAG(s) 'example_params_trigger_ui' retrieved from /usr/local/lib/python3.8/site-packages/airflow/example_dags/example_params_trigger_ui.py
[2024-03-07T09:52:54.827+0200] {logging_mixin.py:188} INFO - [2024-03-07T09:52:54.827+0200] {dag.py:3047} INFO - Sync 1 DAGs
[2024-03-07T09:52:54.837+0200] {logging_mixin.py:188} INFO - [2024-03-07T09:52:54.836+0200] {dag.py:3834} INFO - Setting next_dagrun for example_params_trigger_ui to None, run_after=None
[2024-03-07T09:52:54.856+0200] {processor.py:183} INFO - Processing /usr/local/lib/python3.8/site-packages/airflow/example_dags/example_params_trigger_ui.py took 0.325 seconds
[2024-03-07T09:56:11.586+0200] {processor.py:161} INFO - Started process (PID=32943) to work on /usr/local/lib/python3.8/site-packages/airflow/example_dags/example_params_trigger_ui.py
[2024-03-07T09:56:11.587+0200] {processor.py:830} INFO - Processing file /usr/local/lib/python3.8/site-packages/airflow/example_dags/example_params_trigger_ui.py for tasks to queue
[2024-03-07T09:56:11.587+0200] {logging_mixin.py:188} INFO - [2024-03-07T09:56:11.587+0200] {dagbag.py:540} INFO - Filling up the DagBag from /usr/local/lib/python3.8/site-packages/airflow/example_dags/example_params_trigger_ui.py
[2024-03-07T09:56:11.625+0200] {processor.py:840} INFO - DAG(s) 'example_params_trigger_ui' retrieved from /usr/local/lib/python3.8/site-packages/airflow/example_dags/example_params_trigger_ui.py
[2024-03-07T09:56:11.856+0200] {logging_mixin.py:188} INFO - [2024-03-07T09:56:11.856+0200] {dag.py:3047} INFO - Sync 1 DAGs
[2024-03-07T09:56:11.863+0200] {logging_mixin.py:188} INFO - [2024-03-07T09:56:11.863+0200] {dag.py:3834} INFO - Setting next_dagrun for example_params_trigger_ui to None, run_after=None
[2024-03-07T09:56:11.878+0200] {processor.py:183} INFO - Processing /usr/local/lib/python3.8/site-packages/airflow/example_dags/example_params_trigger_ui.py took 0.293 seconds
[2024-03-07T09:59:22.168+0200] {processor.py:161} INFO - Started process (PID=33160) to work on /usr/local/lib/python3.8/site-packages/airflow/example_dags/example_params_trigger_ui.py
[2024-03-07T09:59:22.169+0200] {processor.py:830} INFO - Processing file /usr/local/lib/python3.8/site-packages/airflow/example_dags/example_params_trigger_ui.py for tasks to queue
[2024-03-07T09:59:22.170+0200] {logging_mixin.py:188} INFO - [2024-03-07T09:59:22.169+0200] {dagbag.py:540} INFO - Filling up the DagBag from /usr/local/lib/python3.8/site-packages/airflow/example_dags/example_params_trigger_ui.py
[2024-03-07T09:59:22.208+0200] {processor.py:840} INFO - DAG(s) 'example_params_trigger_ui' retrieved from /usr/local/lib/python3.8/site-packages/airflow/example_dags/example_params_trigger_ui.py
[2024-03-07T09:59:22.450+0200] {logging_mixin.py:188} INFO - [2024-03-07T09:59:22.449+0200] {dag.py:3047} INFO - Sync 1 DAGs
[2024-03-07T09:59:22.457+0200] {logging_mixin.py:188} INFO - [2024-03-07T09:59:22.457+0200] {dag.py:3834} INFO - Setting next_dagrun for example_params_trigger_ui to None, run_after=None
[2024-03-07T09:59:22.472+0200] {processor.py:183} INFO - Processing /usr/local/lib/python3.8/site-packages/airflow/example_dags/example_params_trigger_ui.py took 0.305 seconds
[2024-03-07T10:02:22.801+0200] {processor.py:161} INFO - Started process (PID=33373) to work on /usr/local/lib/python3.8/site-packages/airflow/example_dags/example_params_trigger_ui.py
[2024-03-07T10:02:22.802+0200] {processor.py:830} INFO - Processing file /usr/local/lib/python3.8/site-packages/airflow/example_dags/example_params_trigger_ui.py for tasks to queue
[2024-03-07T10:02:22.802+0200] {logging_mixin.py:188} INFO - [2024-03-07T10:02:22.802+0200] {dagbag.py:540} INFO - Filling up the DagBag from /usr/local/lib/python3.8/site-packages/airflow/example_dags/example_params_trigger_ui.py
[2024-03-07T10:02:22.836+0200] {processor.py:840} INFO - DAG(s) 'example_params_trigger_ui' retrieved from /usr/local/lib/python3.8/site-packages/airflow/example_dags/example_params_trigger_ui.py
[2024-03-07T10:02:23.057+0200] {logging_mixin.py:188} INFO - [2024-03-07T10:02:23.057+0200] {dag.py:3047} INFO - Sync 1 DAGs
[2024-03-07T10:02:23.064+0200] {logging_mixin.py:188} INFO - [2024-03-07T10:02:23.064+0200] {dag.py:3834} INFO - Setting next_dagrun for example_params_trigger_ui to None, run_after=None
[2024-03-07T10:02:23.078+0200] {processor.py:183} INFO - Processing /usr/local/lib/python3.8/site-packages/airflow/example_dags/example_params_trigger_ui.py took 0.278 seconds
[2024-03-07T10:05:38.482+0200] {processor.py:161} INFO - Started process (PID=33599) to work on /usr/local/lib/python3.8/site-packages/airflow/example_dags/example_params_trigger_ui.py
[2024-03-07T10:05:38.483+0200] {processor.py:830} INFO - Processing file /usr/local/lib/python3.8/site-packages/airflow/example_dags/example_params_trigger_ui.py for tasks to queue
[2024-03-07T10:05:38.484+0200] {logging_mixin.py:188} INFO - [2024-03-07T10:05:38.484+0200] {dagbag.py:540} INFO - Filling up the DagBag from /usr/local/lib/python3.8/site-packages/airflow/example_dags/example_params_trigger_ui.py
[2024-03-07T10:05:38.529+0200] {processor.py:840} INFO - DAG(s) 'example_params_trigger_ui' retrieved from /usr/local/lib/python3.8/site-packages/airflow/example_dags/example_params_trigger_ui.py
[2024-03-07T10:05:38.790+0200] {logging_mixin.py:188} INFO - [2024-03-07T10:05:38.789+0200] {dag.py:3047} INFO - Sync 1 DAGs
[2024-03-07T10:05:38.809+0200] {logging_mixin.py:188} INFO - [2024-03-07T10:05:38.808+0200] {dag.py:3834} INFO - Setting next_dagrun for example_params_trigger_ui to None, run_after=None
[2024-03-07T10:05:38.838+0200] {processor.py:183} INFO - Processing /usr/local/lib/python3.8/site-packages/airflow/example_dags/example_params_trigger_ui.py took 0.357 seconds
[2024-03-07T10:09:07.777+0200] {processor.py:161} INFO - Started process (PID=33850) to work on /usr/local/lib/python3.8/site-packages/airflow/example_dags/example_params_trigger_ui.py
[2024-03-07T10:09:07.778+0200] {processor.py:830} INFO - Processing file /usr/local/lib/python3.8/site-packages/airflow/example_dags/example_params_trigger_ui.py for tasks to queue
[2024-03-07T10:09:07.779+0200] {logging_mixin.py:188} INFO - [2024-03-07T10:09:07.779+0200] {dagbag.py:540} INFO - Filling up the DagBag from /usr/local/lib/python3.8/site-packages/airflow/example_dags/example_params_trigger_ui.py
[2024-03-07T10:09:07.815+0200] {processor.py:840} INFO - DAG(s) 'example_params_trigger_ui' retrieved from /usr/local/lib/python3.8/site-packages/airflow/example_dags/example_params_trigger_ui.py
[2024-03-07T10:09:08.042+0200] {logging_mixin.py:188} INFO - [2024-03-07T10:09:08.041+0200] {dag.py:3047} INFO - Sync 1 DAGs
[2024-03-07T10:09:08.048+0200] {logging_mixin.py:188} INFO - [2024-03-07T10:09:08.048+0200] {dag.py:3834} INFO - Setting next_dagrun for example_params_trigger_ui to None, run_after=None
[2024-03-07T10:09:08.063+0200] {processor.py:183} INFO - Processing /usr/local/lib/python3.8/site-packages/airflow/example_dags/example_params_trigger_ui.py took 0.288 seconds
[2024-03-07T10:12:29.309+0200] {processor.py:161} INFO - Started process (PID=34073) to work on /usr/local/lib/python3.8/site-packages/airflow/example_dags/example_params_trigger_ui.py
[2024-03-07T10:12:29.310+0200] {processor.py:830} INFO - Processing file /usr/local/lib/python3.8/site-packages/airflow/example_dags/example_params_trigger_ui.py for tasks to queue
[2024-03-07T10:12:29.310+0200] {logging_mixin.py:188} INFO - [2024-03-07T10:12:29.310+0200] {dagbag.py:540} INFO - Filling up the DagBag from /usr/local/lib/python3.8/site-packages/airflow/example_dags/example_params_trigger_ui.py
[2024-03-07T10:12:29.347+0200] {processor.py:840} INFO - DAG(s) 'example_params_trigger_ui' retrieved from /usr/local/lib/python3.8/site-packages/airflow/example_dags/example_params_trigger_ui.py
[2024-03-07T10:12:29.588+0200] {logging_mixin.py:188} INFO - [2024-03-07T10:12:29.587+0200] {dag.py:3047} INFO - Sync 1 DAGs
[2024-03-07T10:12:29.595+0200] {logging_mixin.py:188} INFO - [2024-03-07T10:12:29.595+0200] {dag.py:3834} INFO - Setting next_dagrun for example_params_trigger_ui to None, run_after=None
[2024-03-07T10:12:29.610+0200] {processor.py:183} INFO - Processing /usr/local/lib/python3.8/site-packages/airflow/example_dags/example_params_trigger_ui.py took 0.303 seconds
[2024-03-07T10:15:46.983+0200] {processor.py:161} INFO - Started process (PID=34276) to work on /usr/local/lib/python3.8/site-packages/airflow/example_dags/example_params_trigger_ui.py
[2024-03-07T10:15:46.984+0200] {processor.py:830} INFO - Processing file /usr/local/lib/python3.8/site-packages/airflow/example_dags/example_params_trigger_ui.py for tasks to queue
[2024-03-07T10:15:46.985+0200] {logging_mixin.py:188} INFO - [2024-03-07T10:15:46.985+0200] {dagbag.py:540} INFO - Filling up the DagBag from /usr/local/lib/python3.8/site-packages/airflow/example_dags/example_params_trigger_ui.py
[2024-03-07T10:15:47.017+0200] {processor.py:840} INFO - DAG(s) 'example_params_trigger_ui' retrieved from /usr/local/lib/python3.8/site-packages/airflow/example_dags/example_params_trigger_ui.py
[2024-03-07T10:15:47.240+0200] {logging_mixin.py:188} INFO - [2024-03-07T10:15:47.240+0200] {dag.py:3047} INFO - Sync 1 DAGs
[2024-03-07T10:15:47.246+0200] {logging_mixin.py:188} INFO - [2024-03-07T10:15:47.246+0200] {dag.py:3834} INFO - Setting next_dagrun for example_params_trigger_ui to None, run_after=None
[2024-03-07T10:15:47.260+0200] {processor.py:183} INFO - Processing /usr/local/lib/python3.8/site-packages/airflow/example_dags/example_params_trigger_ui.py took 0.278 seconds
[2024-03-07T10:18:58.699+0200] {processor.py:161} INFO - Started process (PID=34474) to work on /usr/local/lib/python3.8/site-packages/airflow/example_dags/example_params_trigger_ui.py
[2024-03-07T10:18:58.700+0200] {processor.py:830} INFO - Processing file /usr/local/lib/python3.8/site-packages/airflow/example_dags/example_params_trigger_ui.py for tasks to queue
[2024-03-07T10:18:58.700+0200] {logging_mixin.py:188} INFO - [2024-03-07T10:18:58.700+0200] {dagbag.py:540} INFO - Filling up the DagBag from /usr/local/lib/python3.8/site-packages/airflow/example_dags/example_params_trigger_ui.py
[2024-03-07T10:18:58.739+0200] {processor.py:840} INFO - DAG(s) 'example_params_trigger_ui' retrieved from /usr/local/lib/python3.8/site-packages/airflow/example_dags/example_params_trigger_ui.py
[2024-03-07T10:18:58.977+0200] {logging_mixin.py:188} INFO - [2024-03-07T10:18:58.976+0200] {dag.py:3047} INFO - Sync 1 DAGs
[2024-03-07T10:18:58.983+0200] {logging_mixin.py:188} INFO - [2024-03-07T10:18:58.983+0200] {dag.py:3834} INFO - Setting next_dagrun for example_params_trigger_ui to None, run_after=None
[2024-03-07T10:18:59.002+0200] {processor.py:183} INFO - Processing /usr/local/lib/python3.8/site-packages/airflow/example_dags/example_params_trigger_ui.py took 0.305 seconds
[2024-03-07T10:22:25.437+0200] {processor.py:161} INFO - Started process (PID=34676) to work on /usr/local/lib/python3.8/site-packages/airflow/example_dags/example_params_trigger_ui.py
[2024-03-07T10:22:25.438+0200] {processor.py:830} INFO - Processing file /usr/local/lib/python3.8/site-packages/airflow/example_dags/example_params_trigger_ui.py for tasks to queue
[2024-03-07T10:22:25.438+0200] {logging_mixin.py:188} INFO - [2024-03-07T10:22:25.438+0200] {dagbag.py:540} INFO - Filling up the DagBag from /usr/local/lib/python3.8/site-packages/airflow/example_dags/example_params_trigger_ui.py
[2024-03-07T10:22:25.479+0200] {processor.py:840} INFO - DAG(s) 'example_params_trigger_ui' retrieved from /usr/local/lib/python3.8/site-packages/airflow/example_dags/example_params_trigger_ui.py
[2024-03-07T10:22:25.758+0200] {logging_mixin.py:188} INFO - [2024-03-07T10:22:25.758+0200] {dag.py:3047} INFO - Sync 1 DAGs
[2024-03-07T10:22:25.768+0200] {logging_mixin.py:188} INFO - [2024-03-07T10:22:25.767+0200] {dag.py:3834} INFO - Setting next_dagrun for example_params_trigger_ui to None, run_after=None
[2024-03-07T10:22:25.786+0200] {processor.py:183} INFO - Processing /usr/local/lib/python3.8/site-packages/airflow/example_dags/example_params_trigger_ui.py took 0.350 seconds
[2024-03-07T10:25:51.270+0200] {processor.py:161} INFO - Started process (PID=34906) to work on /usr/local/lib/python3.8/site-packages/airflow/example_dags/example_params_trigger_ui.py
[2024-03-07T10:25:51.271+0200] {processor.py:830} INFO - Processing file /usr/local/lib/python3.8/site-packages/airflow/example_dags/example_params_trigger_ui.py for tasks to queue
[2024-03-07T10:25:51.272+0200] {logging_mixin.py:188} INFO - [2024-03-07T10:25:51.272+0200] {dagbag.py:540} INFO - Filling up the DagBag from /usr/local/lib/python3.8/site-packages/airflow/example_dags/example_params_trigger_ui.py
[2024-03-07T10:25:51.310+0200] {processor.py:840} INFO - DAG(s) 'example_params_trigger_ui' retrieved from /usr/local/lib/python3.8/site-packages/airflow/example_dags/example_params_trigger_ui.py
[2024-03-07T10:25:51.576+0200] {logging_mixin.py:188} INFO - [2024-03-07T10:25:51.576+0200] {dag.py:3047} INFO - Sync 1 DAGs
[2024-03-07T10:25:51.584+0200] {logging_mixin.py:188} INFO - [2024-03-07T10:25:51.583+0200] {dag.py:3834} INFO - Setting next_dagrun for example_params_trigger_ui to None, run_after=None
[2024-03-07T10:25:51.598+0200] {processor.py:183} INFO - Processing /usr/local/lib/python3.8/site-packages/airflow/example_dags/example_params_trigger_ui.py took 0.330 seconds
[2024-03-07T10:29:08.182+0200] {processor.py:161} INFO - Started process (PID=35108) to work on /usr/local/lib/python3.8/site-packages/airflow/example_dags/example_params_trigger_ui.py
[2024-03-07T10:29:08.183+0200] {processor.py:830} INFO - Processing file /usr/local/lib/python3.8/site-packages/airflow/example_dags/example_params_trigger_ui.py for tasks to queue
[2024-03-07T10:29:08.184+0200] {logging_mixin.py:188} INFO - [2024-03-07T10:29:08.184+0200] {dagbag.py:540} INFO - Filling up the DagBag from /usr/local/lib/python3.8/site-packages/airflow/example_dags/example_params_trigger_ui.py
[2024-03-07T10:29:08.224+0200] {processor.py:840} INFO - DAG(s) 'example_params_trigger_ui' retrieved from /usr/local/lib/python3.8/site-packages/airflow/example_dags/example_params_trigger_ui.py
[2024-03-07T10:29:08.479+0200] {logging_mixin.py:188} INFO - [2024-03-07T10:29:08.479+0200] {dag.py:3047} INFO - Sync 1 DAGs
[2024-03-07T10:29:08.488+0200] {logging_mixin.py:188} INFO - [2024-03-07T10:29:08.488+0200] {dag.py:3834} INFO - Setting next_dagrun for example_params_trigger_ui to None, run_after=None
[2024-03-07T10:29:08.507+0200] {processor.py:183} INFO - Processing /usr/local/lib/python3.8/site-packages/airflow/example_dags/example_params_trigger_ui.py took 0.326 seconds
[2024-03-07T10:32:25.142+0200] {processor.py:161} INFO - Started process (PID=35323) to work on /usr/local/lib/python3.8/site-packages/airflow/example_dags/example_params_trigger_ui.py
[2024-03-07T10:32:25.143+0200] {processor.py:830} INFO - Processing file /usr/local/lib/python3.8/site-packages/airflow/example_dags/example_params_trigger_ui.py for tasks to queue
[2024-03-07T10:32:25.143+0200] {logging_mixin.py:188} INFO - [2024-03-07T10:32:25.143+0200] {dagbag.py:540} INFO - Filling up the DagBag from /usr/local/lib/python3.8/site-packages/airflow/example_dags/example_params_trigger_ui.py
[2024-03-07T10:32:25.183+0200] {processor.py:840} INFO - DAG(s) 'example_params_trigger_ui' retrieved from /usr/local/lib/python3.8/site-packages/airflow/example_dags/example_params_trigger_ui.py
[2024-03-07T10:32:25.435+0200] {logging_mixin.py:188} INFO - [2024-03-07T10:32:25.435+0200] {dag.py:3047} INFO - Sync 1 DAGs
[2024-03-07T10:32:25.443+0200] {logging_mixin.py:188} INFO - [2024-03-07T10:32:25.443+0200] {dag.py:3834} INFO - Setting next_dagrun for example_params_trigger_ui to None, run_after=None
[2024-03-07T10:32:25.460+0200] {processor.py:183} INFO - Processing /usr/local/lib/python3.8/site-packages/airflow/example_dags/example_params_trigger_ui.py took 0.319 seconds
[2024-03-07T10:35:29.267+0200] {processor.py:161} INFO - Started process (PID=35533) to work on /usr/local/lib/python3.8/site-packages/airflow/example_dags/example_params_trigger_ui.py
[2024-03-07T10:35:29.268+0200] {processor.py:830} INFO - Processing file /usr/local/lib/python3.8/site-packages/airflow/example_dags/example_params_trigger_ui.py for tasks to queue
[2024-03-07T10:35:29.269+0200] {logging_mixin.py:188} INFO - [2024-03-07T10:35:29.268+0200] {dagbag.py:540} INFO - Filling up the DagBag from /usr/local/lib/python3.8/site-packages/airflow/example_dags/example_params_trigger_ui.py
[2024-03-07T10:35:29.301+0200] {processor.py:840} INFO - DAG(s) 'example_params_trigger_ui' retrieved from /usr/local/lib/python3.8/site-packages/airflow/example_dags/example_params_trigger_ui.py
[2024-03-07T10:35:29.527+0200] {logging_mixin.py:188} INFO - [2024-03-07T10:35:29.527+0200] {dag.py:3047} INFO - Sync 1 DAGs
[2024-03-07T10:35:29.533+0200] {logging_mixin.py:188} INFO - [2024-03-07T10:35:29.533+0200] {dag.py:3834} INFO - Setting next_dagrun for example_params_trigger_ui to None, run_after=None
[2024-03-07T10:35:29.551+0200] {processor.py:183} INFO - Processing /usr/local/lib/python3.8/site-packages/airflow/example_dags/example_params_trigger_ui.py took 0.286 seconds
[2024-03-07T10:38:17.511+0200] {processor.py:161} INFO - Started process (PID=35720) to work on /usr/local/lib/python3.8/site-packages/airflow/example_dags/example_params_trigger_ui.py
[2024-03-07T10:38:17.512+0200] {processor.py:830} INFO - Processing file /usr/local/lib/python3.8/site-packages/airflow/example_dags/example_params_trigger_ui.py for tasks to queue
[2024-03-07T10:38:17.513+0200] {logging_mixin.py:188} INFO - [2024-03-07T10:38:17.512+0200] {dagbag.py:540} INFO - Filling up the DagBag from /usr/local/lib/python3.8/site-packages/airflow/example_dags/example_params_trigger_ui.py
[2024-03-07T10:38:17.550+0200] {processor.py:840} INFO - DAG(s) 'example_params_trigger_ui' retrieved from /usr/local/lib/python3.8/site-packages/airflow/example_dags/example_params_trigger_ui.py
[2024-03-07T10:38:17.783+0200] {logging_mixin.py:188} INFO - [2024-03-07T10:38:17.782+0200] {dag.py:3047} INFO - Sync 1 DAGs
[2024-03-07T10:38:17.789+0200] {logging_mixin.py:188} INFO - [2024-03-07T10:38:17.789+0200] {dag.py:3834} INFO - Setting next_dagrun for example_params_trigger_ui to None, run_after=None
[2024-03-07T10:38:17.803+0200] {processor.py:183} INFO - Processing /usr/local/lib/python3.8/site-packages/airflow/example_dags/example_params_trigger_ui.py took 0.293 seconds
[2024-03-07T10:41:34.671+0200] {processor.py:161} INFO - Started process (PID=35984) to work on /usr/local/lib/python3.8/site-packages/airflow/example_dags/example_params_trigger_ui.py
[2024-03-07T10:41:34.673+0200] {processor.py:830} INFO - Processing file /usr/local/lib/python3.8/site-packages/airflow/example_dags/example_params_trigger_ui.py for tasks to queue
[2024-03-07T10:41:34.675+0200] {logging_mixin.py:188} INFO - [2024-03-07T10:41:34.674+0200] {dagbag.py:540} INFO - Filling up the DagBag from /usr/local/lib/python3.8/site-packages/airflow/example_dags/example_params_trigger_ui.py
[2024-03-07T10:41:34.710+0200] {processor.py:840} INFO - DAG(s) 'example_params_trigger_ui' retrieved from /usr/local/lib/python3.8/site-packages/airflow/example_dags/example_params_trigger_ui.py
[2024-03-07T10:41:34.939+0200] {logging_mixin.py:188} INFO - [2024-03-07T10:41:34.939+0200] {dag.py:3047} INFO - Sync 1 DAGs
[2024-03-07T10:41:34.945+0200] {logging_mixin.py:188} INFO - [2024-03-07T10:41:34.945+0200] {dag.py:3834} INFO - Setting next_dagrun for example_params_trigger_ui to None, run_after=None
[2024-03-07T10:41:34.960+0200] {processor.py:183} INFO - Processing /usr/local/lib/python3.8/site-packages/airflow/example_dags/example_params_trigger_ui.py took 0.290 seconds
[2024-03-07T10:44:50.140+0200] {processor.py:161} INFO - Started process (PID=36219) to work on /usr/local/lib/python3.8/site-packages/airflow/example_dags/example_params_trigger_ui.py
[2024-03-07T10:44:50.141+0200] {processor.py:830} INFO - Processing file /usr/local/lib/python3.8/site-packages/airflow/example_dags/example_params_trigger_ui.py for tasks to queue
[2024-03-07T10:44:50.141+0200] {logging_mixin.py:188} INFO - [2024-03-07T10:44:50.141+0200] {dagbag.py:540} INFO - Filling up the DagBag from /usr/local/lib/python3.8/site-packages/airflow/example_dags/example_params_trigger_ui.py
[2024-03-07T10:44:50.172+0200] {processor.py:840} INFO - DAG(s) 'example_params_trigger_ui' retrieved from /usr/local/lib/python3.8/site-packages/airflow/example_dags/example_params_trigger_ui.py
[2024-03-07T10:44:50.397+0200] {logging_mixin.py:188} INFO - [2024-03-07T10:44:50.396+0200] {dag.py:3047} INFO - Sync 1 DAGs
[2024-03-07T10:44:50.403+0200] {logging_mixin.py:188} INFO - [2024-03-07T10:44:50.403+0200] {dag.py:3834} INFO - Setting next_dagrun for example_params_trigger_ui to None, run_after=None
[2024-03-07T10:44:50.417+0200] {processor.py:183} INFO - Processing /usr/local/lib/python3.8/site-packages/airflow/example_dags/example_params_trigger_ui.py took 0.279 seconds
[2024-03-07T10:47:37.323+0200] {processor.py:161} INFO - Started process (PID=36393) to work on /usr/local/lib/python3.8/site-packages/airflow/example_dags/example_params_trigger_ui.py
[2024-03-07T10:47:37.324+0200] {processor.py:830} INFO - Processing file /usr/local/lib/python3.8/site-packages/airflow/example_dags/example_params_trigger_ui.py for tasks to queue
[2024-03-07T10:47:37.324+0200] {logging_mixin.py:188} INFO - [2024-03-07T10:47:37.324+0200] {dagbag.py:540} INFO - Filling up the DagBag from /usr/local/lib/python3.8/site-packages/airflow/example_dags/example_params_trigger_ui.py
[2024-03-07T10:47:37.359+0200] {processor.py:840} INFO - DAG(s) 'example_params_trigger_ui' retrieved from /usr/local/lib/python3.8/site-packages/airflow/example_dags/example_params_trigger_ui.py
[2024-03-07T10:47:37.594+0200] {logging_mixin.py:188} INFO - [2024-03-07T10:47:37.594+0200] {dag.py:3047} INFO - Sync 1 DAGs
[2024-03-07T10:47:37.610+0200] {logging_mixin.py:188} INFO - [2024-03-07T10:47:37.610+0200] {dag.py:3834} INFO - Setting next_dagrun for example_params_trigger_ui to None, run_after=None
[2024-03-07T10:47:37.628+0200] {processor.py:183} INFO - Processing /usr/local/lib/python3.8/site-packages/airflow/example_dags/example_params_trigger_ui.py took 0.307 seconds
[2024-03-07T10:50:41.518+0200] {processor.py:161} INFO - Started process (PID=36604) to work on /usr/local/lib/python3.8/site-packages/airflow/example_dags/example_params_trigger_ui.py
[2024-03-07T10:50:41.519+0200] {processor.py:830} INFO - Processing file /usr/local/lib/python3.8/site-packages/airflow/example_dags/example_params_trigger_ui.py for tasks to queue
[2024-03-07T10:50:41.520+0200] {logging_mixin.py:188} INFO - [2024-03-07T10:50:41.520+0200] {dagbag.py:540} INFO - Filling up the DagBag from /usr/local/lib/python3.8/site-packages/airflow/example_dags/example_params_trigger_ui.py
[2024-03-07T10:50:41.553+0200] {processor.py:840} INFO - DAG(s) 'example_params_trigger_ui' retrieved from /usr/local/lib/python3.8/site-packages/airflow/example_dags/example_params_trigger_ui.py
[2024-03-07T10:50:41.833+0200] {logging_mixin.py:188} INFO - [2024-03-07T10:50:41.833+0200] {dag.py:3047} INFO - Sync 1 DAGs
[2024-03-07T10:50:41.841+0200] {logging_mixin.py:188} INFO - [2024-03-07T10:50:41.840+0200] {dag.py:3834} INFO - Setting next_dagrun for example_params_trigger_ui to None, run_after=None
[2024-03-07T10:50:41.856+0200] {processor.py:183} INFO - Processing /usr/local/lib/python3.8/site-packages/airflow/example_dags/example_params_trigger_ui.py took 0.339 seconds
[2024-03-07T10:53:50.725+0200] {processor.py:161} INFO - Started process (PID=36806) to work on /usr/local/lib/python3.8/site-packages/airflow/example_dags/example_params_trigger_ui.py
[2024-03-07T10:53:50.726+0200] {processor.py:830} INFO - Processing file /usr/local/lib/python3.8/site-packages/airflow/example_dags/example_params_trigger_ui.py for tasks to queue
[2024-03-07T10:53:50.726+0200] {logging_mixin.py:188} INFO - [2024-03-07T10:53:50.726+0200] {dagbag.py:540} INFO - Filling up the DagBag from /usr/local/lib/python3.8/site-packages/airflow/example_dags/example_params_trigger_ui.py
[2024-03-07T10:53:50.762+0200] {processor.py:840} INFO - DAG(s) 'example_params_trigger_ui' retrieved from /usr/local/lib/python3.8/site-packages/airflow/example_dags/example_params_trigger_ui.py
[2024-03-07T10:53:50.992+0200] {logging_mixin.py:188} INFO - [2024-03-07T10:53:50.992+0200] {dag.py:3047} INFO - Sync 1 DAGs
[2024-03-07T10:53:50.999+0200] {logging_mixin.py:188} INFO - [2024-03-07T10:53:50.999+0200] {dag.py:3834} INFO - Setting next_dagrun for example_params_trigger_ui to None, run_after=None
[2024-03-07T10:53:51.014+0200] {processor.py:183} INFO - Processing /usr/local/lib/python3.8/site-packages/airflow/example_dags/example_params_trigger_ui.py took 0.291 seconds
[2024-03-07T10:56:59.475+0200] {processor.py:161} INFO - Started process (PID=37011) to work on /usr/local/lib/python3.8/site-packages/airflow/example_dags/example_params_trigger_ui.py
[2024-03-07T10:56:59.476+0200] {processor.py:830} INFO - Processing file /usr/local/lib/python3.8/site-packages/airflow/example_dags/example_params_trigger_ui.py for tasks to queue
[2024-03-07T10:56:59.477+0200] {logging_mixin.py:188} INFO - [2024-03-07T10:56:59.477+0200] {dagbag.py:540} INFO - Filling up the DagBag from /usr/local/lib/python3.8/site-packages/airflow/example_dags/example_params_trigger_ui.py
[2024-03-07T10:56:59.511+0200] {processor.py:840} INFO - DAG(s) 'example_params_trigger_ui' retrieved from /usr/local/lib/python3.8/site-packages/airflow/example_dags/example_params_trigger_ui.py
[2024-03-07T11:07:48.258+0200] {logging_mixin.py:188} INFO - [2024-03-07T11:07:48.257+0200] {dag.py:3047} INFO - Sync 1 DAGs
[2024-03-07T11:07:48.289+0200] {logging_mixin.py:188} INFO - [2024-03-07T11:07:48.288+0200] {dag.py:3834} INFO - Setting next_dagrun for example_params_trigger_ui to None, run_after=None
[2024-03-07T11:07:48.352+0200] {processor.py:183} INFO - Processing /usr/local/lib/python3.8/site-packages/airflow/example_dags/example_params_trigger_ui.py took 3.007 seconds
[2024-03-07T11:30:26.403+0200] {processor.py:161} INFO - Started process (PID=37299) to work on /usr/local/lib/python3.8/site-packages/airflow/example_dags/example_params_trigger_ui.py
[2024-03-07T11:30:26.406+0200] {processor.py:830} INFO - Processing file /usr/local/lib/python3.8/site-packages/airflow/example_dags/example_params_trigger_ui.py for tasks to queue
[2024-03-07T11:30:26.408+0200] {logging_mixin.py:188} INFO - [2024-03-07T11:30:26.407+0200] {dagbag.py:540} INFO - Filling up the DagBag from /usr/local/lib/python3.8/site-packages/airflow/example_dags/example_params_trigger_ui.py
[2024-03-07T11:30:26.532+0200] {processor.py:840} INFO - DAG(s) 'example_params_trigger_ui' retrieved from /usr/local/lib/python3.8/site-packages/airflow/example_dags/example_params_trigger_ui.py
[2024-03-07T11:30:27.339+0200] {logging_mixin.py:188} INFO - [2024-03-07T11:30:27.338+0200] {dag.py:3047} INFO - Sync 1 DAGs
[2024-03-07T11:30:27.367+0200] {logging_mixin.py:188} INFO - [2024-03-07T11:30:27.366+0200] {dag.py:3834} INFO - Setting next_dagrun for example_params_trigger_ui to None, run_after=None
[2024-03-07T11:30:27.420+0200] {processor.py:183} INFO - Processing /usr/local/lib/python3.8/site-packages/airflow/example_dags/example_params_trigger_ui.py took 1.022 seconds
[2024-03-07T11:32:52.580+0200] {processor.py:161} INFO - Started process (PID=37455) to work on /usr/local/lib/python3.8/site-packages/airflow/example_dags/example_params_trigger_ui.py
[2024-03-07T11:32:52.581+0200] {processor.py:830} INFO - Processing file /usr/local/lib/python3.8/site-packages/airflow/example_dags/example_params_trigger_ui.py for tasks to queue
[2024-03-07T11:32:52.582+0200] {logging_mixin.py:188} INFO - [2024-03-07T11:32:52.582+0200] {dagbag.py:540} INFO - Filling up the DagBag from /usr/local/lib/python3.8/site-packages/airflow/example_dags/example_params_trigger_ui.py
[2024-03-07T11:32:52.619+0200] {processor.py:840} INFO - DAG(s) 'example_params_trigger_ui' retrieved from /usr/local/lib/python3.8/site-packages/airflow/example_dags/example_params_trigger_ui.py
[2024-03-07T11:32:52.895+0200] {logging_mixin.py:188} INFO - [2024-03-07T11:32:52.894+0200] {dag.py:3047} INFO - Sync 1 DAGs
[2024-03-07T11:32:52.903+0200] {logging_mixin.py:188} INFO - [2024-03-07T11:32:52.903+0200] {dag.py:3834} INFO - Setting next_dagrun for example_params_trigger_ui to None, run_after=None
[2024-03-07T11:32:52.922+0200] {processor.py:183} INFO - Processing /usr/local/lib/python3.8/site-packages/airflow/example_dags/example_params_trigger_ui.py took 0.344 seconds
[2024-03-07T11:36:09.231+0200] {processor.py:161} INFO - Started process (PID=37674) to work on /usr/local/lib/python3.8/site-packages/airflow/example_dags/example_params_trigger_ui.py
[2024-03-07T11:36:09.231+0200] {processor.py:830} INFO - Processing file /usr/local/lib/python3.8/site-packages/airflow/example_dags/example_params_trigger_ui.py for tasks to queue
[2024-03-07T11:36:09.232+0200] {logging_mixin.py:188} INFO - [2024-03-07T11:36:09.232+0200] {dagbag.py:540} INFO - Filling up the DagBag from /usr/local/lib/python3.8/site-packages/airflow/example_dags/example_params_trigger_ui.py
[2024-03-07T11:36:09.266+0200] {processor.py:840} INFO - DAG(s) 'example_params_trigger_ui' retrieved from /usr/local/lib/python3.8/site-packages/airflow/example_dags/example_params_trigger_ui.py
[2024-03-07T11:36:09.506+0200] {logging_mixin.py:188} INFO - [2024-03-07T11:36:09.505+0200] {dag.py:3047} INFO - Sync 1 DAGs
[2024-03-07T11:36:09.513+0200] {logging_mixin.py:188} INFO - [2024-03-07T11:36:09.513+0200] {dag.py:3834} INFO - Setting next_dagrun for example_params_trigger_ui to None, run_after=None
[2024-03-07T11:36:09.528+0200] {processor.py:183} INFO - Processing /usr/local/lib/python3.8/site-packages/airflow/example_dags/example_params_trigger_ui.py took 0.299 seconds
