[2024-03-07T02:23:52.457+0200] {processor.py:161} INFO - Started process (PID=25555) to work on /usr/local/lib/python3.8/site-packages/airflow/example_dags/example_latest_only.py
[2024-03-07T02:23:52.458+0200] {processor.py:830} INFO - Processing file /usr/local/lib/python3.8/site-packages/airflow/example_dags/example_latest_only.py for tasks to queue
[2024-03-07T02:23:52.459+0200] {logging_mixin.py:188} INFO - [2024-03-07T02:23:52.458+0200] {dagbag.py:540} INFO - Filling up the DagBag from /usr/local/lib/python3.8/site-packages/airflow/example_dags/example_latest_only.py
[2024-03-07T02:23:52.466+0200] {processor.py:840} INFO - DAG(s) 'latest_only' retrieved from /usr/local/lib/python3.8/site-packages/airflow/example_dags/example_latest_only.py
[2024-03-07T02:23:52.652+0200] {logging_mixin.py:188} INFO - [2024-03-07T02:23:52.652+0200] {dag.py:3047} INFO - Sync 1 DAGs
[2024-03-07T02:23:52.664+0200] {logging_mixin.py:188} INFO - [2024-03-07T02:23:52.664+0200] {dag.py:3834} INFO - Setting next_dagrun for latest_only to 2024-03-06 20:00:00+00:00, run_after=2024-03-07 00:00:00+00:00
[2024-03-07T02:23:52.678+0200] {processor.py:183} INFO - Processing /usr/local/lib/python3.8/site-packages/airflow/example_dags/example_latest_only.py took 0.223 seconds
[2024-03-07T02:27:16.367+0200] {processor.py:161} INFO - Started process (PID=25801) to work on /usr/local/lib/python3.8/site-packages/airflow/example_dags/example_latest_only.py
[2024-03-07T02:27:16.368+0200] {processor.py:830} INFO - Processing file /usr/local/lib/python3.8/site-packages/airflow/example_dags/example_latest_only.py for tasks to queue
[2024-03-07T02:27:16.369+0200] {logging_mixin.py:188} INFO - [2024-03-07T02:27:16.369+0200] {dagbag.py:540} INFO - Filling up the DagBag from /usr/local/lib/python3.8/site-packages/airflow/example_dags/example_latest_only.py
[2024-03-07T02:27:16.376+0200] {processor.py:840} INFO - DAG(s) 'latest_only' retrieved from /usr/local/lib/python3.8/site-packages/airflow/example_dags/example_latest_only.py
[2024-03-07T02:27:16.601+0200] {logging_mixin.py:188} INFO - [2024-03-07T02:27:16.601+0200] {dag.py:3047} INFO - Sync 1 DAGs
[2024-03-07T02:27:16.616+0200] {logging_mixin.py:188} INFO - [2024-03-07T02:27:16.616+0200] {dag.py:3834} INFO - Setting next_dagrun for latest_only to 2024-03-06 20:00:00+00:00, run_after=2024-03-07 00:00:00+00:00
[2024-03-07T02:27:16.633+0200] {processor.py:183} INFO - Processing /usr/local/lib/python3.8/site-packages/airflow/example_dags/example_latest_only.py took 0.268 seconds
[2024-03-07T02:30:39.838+0200] {processor.py:161} INFO - Started process (PID=26015) to work on /usr/local/lib/python3.8/site-packages/airflow/example_dags/example_latest_only.py
[2024-03-07T02:30:39.839+0200] {processor.py:830} INFO - Processing file /usr/local/lib/python3.8/site-packages/airflow/example_dags/example_latest_only.py for tasks to queue
[2024-03-07T02:30:39.840+0200] {logging_mixin.py:188} INFO - [2024-03-07T02:30:39.840+0200] {dagbag.py:540} INFO - Filling up the DagBag from /usr/local/lib/python3.8/site-packages/airflow/example_dags/example_latest_only.py
[2024-03-07T02:30:39.847+0200] {processor.py:840} INFO - DAG(s) 'latest_only' retrieved from /usr/local/lib/python3.8/site-packages/airflow/example_dags/example_latest_only.py
[2024-03-07T02:30:40.070+0200] {logging_mixin.py:188} INFO - [2024-03-07T02:30:40.070+0200] {dag.py:3047} INFO - Sync 1 DAGs
[2024-03-07T02:30:40.085+0200] {logging_mixin.py:188} INFO - [2024-03-07T02:30:40.084+0200] {dag.py:3834} INFO - Setting next_dagrun for latest_only to 2024-03-06 20:00:00+00:00, run_after=2024-03-07 00:00:00+00:00
[2024-03-07T02:30:40.101+0200] {processor.py:183} INFO - Processing /usr/local/lib/python3.8/site-packages/airflow/example_dags/example_latest_only.py took 0.265 seconds
[2024-03-07T02:34:08.281+0200] {processor.py:161} INFO - Started process (PID=26247) to work on /usr/local/lib/python3.8/site-packages/airflow/example_dags/example_latest_only.py
[2024-03-07T02:34:08.283+0200] {processor.py:830} INFO - Processing file /usr/local/lib/python3.8/site-packages/airflow/example_dags/example_latest_only.py for tasks to queue
[2024-03-07T02:34:08.283+0200] {logging_mixin.py:188} INFO - [2024-03-07T02:34:08.283+0200] {dagbag.py:540} INFO - Filling up the DagBag from /usr/local/lib/python3.8/site-packages/airflow/example_dags/example_latest_only.py
[2024-03-07T02:34:08.291+0200] {processor.py:840} INFO - DAG(s) 'latest_only' retrieved from /usr/local/lib/python3.8/site-packages/airflow/example_dags/example_latest_only.py
[2024-03-07T02:34:08.520+0200] {logging_mixin.py:188} INFO - [2024-03-07T02:34:08.520+0200] {dag.py:3047} INFO - Sync 1 DAGs
[2024-03-07T02:34:08.536+0200] {logging_mixin.py:188} INFO - [2024-03-07T02:34:08.536+0200] {dag.py:3834} INFO - Setting next_dagrun for latest_only to 2024-03-06 20:00:00+00:00, run_after=2024-03-07 00:00:00+00:00
[2024-03-07T02:34:08.554+0200] {processor.py:183} INFO - Processing /usr/local/lib/python3.8/site-packages/airflow/example_dags/example_latest_only.py took 0.274 seconds
[2024-03-07T02:37:43.558+0200] {processor.py:161} INFO - Started process (PID=28117) to work on /usr/local/lib/python3.8/site-packages/airflow/example_dags/example_latest_only.py
[2024-03-07T02:37:43.559+0200] {processor.py:830} INFO - Processing file /usr/local/lib/python3.8/site-packages/airflow/example_dags/example_latest_only.py for tasks to queue
[2024-03-07T02:37:43.560+0200] {logging_mixin.py:188} INFO - [2024-03-07T02:37:43.560+0200] {dagbag.py:540} INFO - Filling up the DagBag from /usr/local/lib/python3.8/site-packages/airflow/example_dags/example_latest_only.py
[2024-03-07T02:37:43.568+0200] {processor.py:840} INFO - DAG(s) 'latest_only' retrieved from /usr/local/lib/python3.8/site-packages/airflow/example_dags/example_latest_only.py
[2024-03-07T02:37:43.793+0200] {logging_mixin.py:188} INFO - [2024-03-07T02:37:43.792+0200] {dag.py:3047} INFO - Sync 1 DAGs
[2024-03-07T02:37:43.808+0200] {logging_mixin.py:188} INFO - [2024-03-07T02:37:43.807+0200] {dag.py:3834} INFO - Setting next_dagrun for latest_only to 2024-03-06 20:00:00+00:00, run_after=2024-03-07 00:00:00+00:00
[2024-03-07T02:37:43.825+0200] {processor.py:183} INFO - Processing /usr/local/lib/python3.8/site-packages/airflow/example_dags/example_latest_only.py took 0.268 seconds
[2024-03-07T02:41:19.108+0200] {processor.py:161} INFO - Started process (PID=28370) to work on /usr/local/lib/python3.8/site-packages/airflow/example_dags/example_latest_only.py
[2024-03-07T02:41:19.110+0200] {processor.py:830} INFO - Processing file /usr/local/lib/python3.8/site-packages/airflow/example_dags/example_latest_only.py for tasks to queue
[2024-03-07T02:41:19.111+0200] {logging_mixin.py:188} INFO - [2024-03-07T02:41:19.110+0200] {dagbag.py:540} INFO - Filling up the DagBag from /usr/local/lib/python3.8/site-packages/airflow/example_dags/example_latest_only.py
[2024-03-07T02:41:19.119+0200] {processor.py:840} INFO - DAG(s) 'latest_only' retrieved from /usr/local/lib/python3.8/site-packages/airflow/example_dags/example_latest_only.py
[2024-03-07T02:41:19.390+0200] {logging_mixin.py:188} INFO - [2024-03-07T02:41:19.390+0200] {dag.py:3047} INFO - Sync 1 DAGs
[2024-03-07T02:41:19.409+0200] {logging_mixin.py:188} INFO - [2024-03-07T02:41:19.408+0200] {dag.py:3834} INFO - Setting next_dagrun for latest_only to 2024-03-06 20:00:00+00:00, run_after=2024-03-07 00:00:00+00:00
[2024-03-07T02:41:19.430+0200] {processor.py:183} INFO - Processing /usr/local/lib/python3.8/site-packages/airflow/example_dags/example_latest_only.py took 0.324 seconds
[2024-03-07T02:44:51.204+0200] {processor.py:161} INFO - Started process (PID=28567) to work on /usr/local/lib/python3.8/site-packages/airflow/example_dags/example_latest_only.py
[2024-03-07T02:44:51.205+0200] {processor.py:830} INFO - Processing file /usr/local/lib/python3.8/site-packages/airflow/example_dags/example_latest_only.py for tasks to queue
[2024-03-07T02:44:51.205+0200] {logging_mixin.py:188} INFO - [2024-03-07T02:44:51.205+0200] {dagbag.py:540} INFO - Filling up the DagBag from /usr/local/lib/python3.8/site-packages/airflow/example_dags/example_latest_only.py
[2024-03-07T02:44:51.213+0200] {processor.py:840} INFO - DAG(s) 'latest_only' retrieved from /usr/local/lib/python3.8/site-packages/airflow/example_dags/example_latest_only.py
[2024-03-07T02:44:51.447+0200] {logging_mixin.py:188} INFO - [2024-03-07T02:44:51.446+0200] {dag.py:3047} INFO - Sync 1 DAGs
[2024-03-07T02:44:51.462+0200] {logging_mixin.py:188} INFO - [2024-03-07T02:44:51.462+0200] {dag.py:3834} INFO - Setting next_dagrun for latest_only to 2024-03-06 20:00:00+00:00, run_after=2024-03-07 00:00:00+00:00
[2024-03-07T02:44:51.481+0200] {processor.py:183} INFO - Processing /usr/local/lib/python3.8/site-packages/airflow/example_dags/example_latest_only.py took 0.278 seconds
[2024-03-07T02:48:33.414+0200] {processor.py:161} INFO - Started process (PID=28774) to work on /usr/local/lib/python3.8/site-packages/airflow/example_dags/example_latest_only.py
[2024-03-07T02:48:33.415+0200] {processor.py:830} INFO - Processing file /usr/local/lib/python3.8/site-packages/airflow/example_dags/example_latest_only.py for tasks to queue
[2024-03-07T02:48:33.416+0200] {logging_mixin.py:188} INFO - [2024-03-07T02:48:33.416+0200] {dagbag.py:540} INFO - Filling up the DagBag from /usr/local/lib/python3.8/site-packages/airflow/example_dags/example_latest_only.py
[2024-03-07T02:48:33.424+0200] {processor.py:840} INFO - DAG(s) 'latest_only' retrieved from /usr/local/lib/python3.8/site-packages/airflow/example_dags/example_latest_only.py
[2024-03-07T02:48:33.658+0200] {logging_mixin.py:188} INFO - [2024-03-07T02:48:33.657+0200] {dag.py:3047} INFO - Sync 1 DAGs
[2024-03-07T02:48:33.673+0200] {logging_mixin.py:188} INFO - [2024-03-07T02:48:33.673+0200] {dag.py:3834} INFO - Setting next_dagrun for latest_only to 2024-03-06 20:00:00+00:00, run_after=2024-03-07 00:00:00+00:00
[2024-03-07T02:48:33.692+0200] {processor.py:183} INFO - Processing /usr/local/lib/python3.8/site-packages/airflow/example_dags/example_latest_only.py took 0.278 seconds
[2024-03-07T02:52:04.565+0200] {processor.py:161} INFO - Started process (PID=28972) to work on /usr/local/lib/python3.8/site-packages/airflow/example_dags/example_latest_only.py
[2024-03-07T02:52:04.565+0200] {processor.py:830} INFO - Processing file /usr/local/lib/python3.8/site-packages/airflow/example_dags/example_latest_only.py for tasks to queue
[2024-03-07T02:52:04.566+0200] {logging_mixin.py:188} INFO - [2024-03-07T02:52:04.566+0200] {dagbag.py:540} INFO - Filling up the DagBag from /usr/local/lib/python3.8/site-packages/airflow/example_dags/example_latest_only.py
[2024-03-07T02:52:04.574+0200] {processor.py:840} INFO - DAG(s) 'latest_only' retrieved from /usr/local/lib/python3.8/site-packages/airflow/example_dags/example_latest_only.py
[2024-03-07T02:52:04.801+0200] {logging_mixin.py:188} INFO - [2024-03-07T02:52:04.801+0200] {dag.py:3047} INFO - Sync 1 DAGs
[2024-03-07T02:52:04.816+0200] {logging_mixin.py:188} INFO - [2024-03-07T02:52:04.816+0200] {dag.py:3834} INFO - Setting next_dagrun for latest_only to 2024-03-06 20:00:00+00:00, run_after=2024-03-07 00:00:00+00:00
[2024-03-07T02:52:04.834+0200] {processor.py:183} INFO - Processing /usr/local/lib/python3.8/site-packages/airflow/example_dags/example_latest_only.py took 0.270 seconds
[2024-03-07T02:55:38.525+0200] {processor.py:161} INFO - Started process (PID=29185) to work on /usr/local/lib/python3.8/site-packages/airflow/example_dags/example_latest_only.py
[2024-03-07T02:55:38.526+0200] {processor.py:830} INFO - Processing file /usr/local/lib/python3.8/site-packages/airflow/example_dags/example_latest_only.py for tasks to queue
[2024-03-07T02:55:38.527+0200] {logging_mixin.py:188} INFO - [2024-03-07T02:55:38.526+0200] {dagbag.py:540} INFO - Filling up the DagBag from /usr/local/lib/python3.8/site-packages/airflow/example_dags/example_latest_only.py
[2024-03-07T02:55:38.534+0200] {processor.py:840} INFO - DAG(s) 'latest_only' retrieved from /usr/local/lib/python3.8/site-packages/airflow/example_dags/example_latest_only.py
[2024-03-07T02:55:38.761+0200] {logging_mixin.py:188} INFO - [2024-03-07T02:55:38.761+0200] {dag.py:3047} INFO - Sync 1 DAGs
[2024-03-07T02:55:38.776+0200] {logging_mixin.py:188} INFO - [2024-03-07T02:55:38.776+0200] {dag.py:3834} INFO - Setting next_dagrun for latest_only to 2024-03-06 20:00:00+00:00, run_after=2024-03-07 00:00:00+00:00
[2024-03-07T02:55:38.793+0200] {processor.py:183} INFO - Processing /usr/local/lib/python3.8/site-packages/airflow/example_dags/example_latest_only.py took 0.269 seconds
[2024-03-07T02:59:09.099+0200] {processor.py:161} INFO - Started process (PID=29379) to work on /usr/local/lib/python3.8/site-packages/airflow/example_dags/example_latest_only.py
[2024-03-07T02:59:09.100+0200] {processor.py:830} INFO - Processing file /usr/local/lib/python3.8/site-packages/airflow/example_dags/example_latest_only.py for tasks to queue
[2024-03-07T02:59:09.101+0200] {logging_mixin.py:188} INFO - [2024-03-07T02:59:09.100+0200] {dagbag.py:540} INFO - Filling up the DagBag from /usr/local/lib/python3.8/site-packages/airflow/example_dags/example_latest_only.py
[2024-03-07T02:59:09.108+0200] {processor.py:840} INFO - DAG(s) 'latest_only' retrieved from /usr/local/lib/python3.8/site-packages/airflow/example_dags/example_latest_only.py
[2024-03-07T02:59:09.349+0200] {logging_mixin.py:188} INFO - [2024-03-07T02:59:09.348+0200] {dag.py:3047} INFO - Sync 1 DAGs
[2024-03-07T02:59:09.364+0200] {logging_mixin.py:188} INFO - [2024-03-07T02:59:09.364+0200] {dag.py:3834} INFO - Setting next_dagrun for latest_only to 2024-03-06 20:00:00+00:00, run_after=2024-03-07 00:00:00+00:00
[2024-03-07T02:59:09.381+0200] {processor.py:183} INFO - Processing /usr/local/lib/python3.8/site-packages/airflow/example_dags/example_latest_only.py took 0.284 seconds
[2024-03-07T03:02:39.794+0200] {processor.py:161} INFO - Started process (PID=29585) to work on /usr/local/lib/python3.8/site-packages/airflow/example_dags/example_latest_only.py
[2024-03-07T03:02:39.795+0200] {processor.py:830} INFO - Processing file /usr/local/lib/python3.8/site-packages/airflow/example_dags/example_latest_only.py for tasks to queue
[2024-03-07T03:02:39.795+0200] {logging_mixin.py:188} INFO - [2024-03-07T03:02:39.795+0200] {dagbag.py:540} INFO - Filling up the DagBag from /usr/local/lib/python3.8/site-packages/airflow/example_dags/example_latest_only.py
[2024-03-07T03:02:39.803+0200] {processor.py:840} INFO - DAG(s) 'latest_only' retrieved from /usr/local/lib/python3.8/site-packages/airflow/example_dags/example_latest_only.py
[2024-03-07T03:02:40.026+0200] {logging_mixin.py:188} INFO - [2024-03-07T03:02:40.026+0200] {dag.py:3047} INFO - Sync 1 DAGs
[2024-03-07T03:02:40.041+0200] {logging_mixin.py:188} INFO - [2024-03-07T03:02:40.041+0200] {dag.py:3834} INFO - Setting next_dagrun for latest_only to 2024-03-06 20:00:00+00:00, run_after=2024-03-07 00:00:00+00:00
[2024-03-07T03:02:40.057+0200] {processor.py:183} INFO - Processing /usr/local/lib/python3.8/site-packages/airflow/example_dags/example_latest_only.py took 0.266 seconds
[2024-03-07T03:06:14.425+0200] {processor.py:161} INFO - Started process (PID=29785) to work on /usr/local/lib/python3.8/site-packages/airflow/example_dags/example_latest_only.py
[2024-03-07T03:06:14.426+0200] {processor.py:830} INFO - Processing file /usr/local/lib/python3.8/site-packages/airflow/example_dags/example_latest_only.py for tasks to queue
[2024-03-07T03:06:14.426+0200] {logging_mixin.py:188} INFO - [2024-03-07T03:06:14.426+0200] {dagbag.py:540} INFO - Filling up the DagBag from /usr/local/lib/python3.8/site-packages/airflow/example_dags/example_latest_only.py
[2024-03-07T03:06:14.434+0200] {processor.py:840} INFO - DAG(s) 'latest_only' retrieved from /usr/local/lib/python3.8/site-packages/airflow/example_dags/example_latest_only.py
[2024-03-07T03:06:14.664+0200] {logging_mixin.py:188} INFO - [2024-03-07T03:06:14.663+0200] {dag.py:3047} INFO - Sync 1 DAGs
[2024-03-07T03:06:14.679+0200] {logging_mixin.py:188} INFO - [2024-03-07T03:06:14.679+0200] {dag.py:3834} INFO - Setting next_dagrun for latest_only to 2024-03-06 20:00:00+00:00, run_after=2024-03-07 00:00:00+00:00
[2024-03-07T03:06:14.696+0200] {processor.py:183} INFO - Processing /usr/local/lib/python3.8/site-packages/airflow/example_dags/example_latest_only.py took 0.273 seconds
[2024-03-07T03:09:48.783+0200] {processor.py:161} INFO - Started process (PID=30005) to work on /usr/local/lib/python3.8/site-packages/airflow/example_dags/example_latest_only.py
[2024-03-07T03:09:48.784+0200] {processor.py:830} INFO - Processing file /usr/local/lib/python3.8/site-packages/airflow/example_dags/example_latest_only.py for tasks to queue
[2024-03-07T03:09:48.785+0200] {logging_mixin.py:188} INFO - [2024-03-07T03:09:48.785+0200] {dagbag.py:540} INFO - Filling up the DagBag from /usr/local/lib/python3.8/site-packages/airflow/example_dags/example_latest_only.py
[2024-03-07T03:09:48.794+0200] {processor.py:840} INFO - DAG(s) 'latest_only' retrieved from /usr/local/lib/python3.8/site-packages/airflow/example_dags/example_latest_only.py
[2024-03-07T03:09:49.122+0200] {logging_mixin.py:188} INFO - [2024-03-07T03:09:49.121+0200] {dag.py:3047} INFO - Sync 1 DAGs
[2024-03-07T03:09:49.144+0200] {logging_mixin.py:188} INFO - [2024-03-07T03:09:49.144+0200] {dag.py:3834} INFO - Setting next_dagrun for latest_only to 2024-03-06 20:00:00+00:00, run_after=2024-03-07 00:00:00+00:00
[2024-03-07T03:09:49.169+0200] {processor.py:183} INFO - Processing /usr/local/lib/python3.8/site-packages/airflow/example_dags/example_latest_only.py took 0.389 seconds
[2024-03-07T03:13:28.655+0200] {processor.py:161} INFO - Started process (PID=30212) to work on /usr/local/lib/python3.8/site-packages/airflow/example_dags/example_latest_only.py
[2024-03-07T03:13:28.655+0200] {processor.py:830} INFO - Processing file /usr/local/lib/python3.8/site-packages/airflow/example_dags/example_latest_only.py for tasks to queue
[2024-03-07T03:13:28.656+0200] {logging_mixin.py:188} INFO - [2024-03-07T03:13:28.656+0200] {dagbag.py:540} INFO - Filling up the DagBag from /usr/local/lib/python3.8/site-packages/airflow/example_dags/example_latest_only.py
[2024-03-07T03:13:28.664+0200] {processor.py:840} INFO - DAG(s) 'latest_only' retrieved from /usr/local/lib/python3.8/site-packages/airflow/example_dags/example_latest_only.py
[2024-03-07T03:13:28.895+0200] {logging_mixin.py:188} INFO - [2024-03-07T03:13:28.895+0200] {dag.py:3047} INFO - Sync 1 DAGs
[2024-03-07T03:13:28.911+0200] {logging_mixin.py:188} INFO - [2024-03-07T03:13:28.911+0200] {dag.py:3834} INFO - Setting next_dagrun for latest_only to 2024-03-06 20:00:00+00:00, run_after=2024-03-07 00:00:00+00:00
[2024-03-07T03:13:28.929+0200] {processor.py:183} INFO - Processing /usr/local/lib/python3.8/site-packages/airflow/example_dags/example_latest_only.py took 0.276 seconds
[2024-03-07T03:17:03.631+0200] {processor.py:161} INFO - Started process (PID=30417) to work on /usr/local/lib/python3.8/site-packages/airflow/example_dags/example_latest_only.py
[2024-03-07T03:17:03.632+0200] {processor.py:830} INFO - Processing file /usr/local/lib/python3.8/site-packages/airflow/example_dags/example_latest_only.py for tasks to queue
[2024-03-07T03:17:03.633+0200] {logging_mixin.py:188} INFO - [2024-03-07T03:17:03.633+0200] {dagbag.py:540} INFO - Filling up the DagBag from /usr/local/lib/python3.8/site-packages/airflow/example_dags/example_latest_only.py
[2024-03-07T03:17:03.641+0200] {processor.py:840} INFO - DAG(s) 'latest_only' retrieved from /usr/local/lib/python3.8/site-packages/airflow/example_dags/example_latest_only.py
[2024-03-07T03:17:03.869+0200] {logging_mixin.py:188} INFO - [2024-03-07T03:17:03.869+0200] {dag.py:3047} INFO - Sync 1 DAGs
[2024-03-07T03:17:03.885+0200] {logging_mixin.py:188} INFO - [2024-03-07T03:17:03.885+0200] {dag.py:3834} INFO - Setting next_dagrun for latest_only to 2024-03-06 20:00:00+00:00, run_after=2024-03-07 00:00:00+00:00
[2024-03-07T03:17:03.902+0200] {processor.py:183} INFO - Processing /usr/local/lib/python3.8/site-packages/airflow/example_dags/example_latest_only.py took 0.272 seconds
[2024-03-07T08:20:26.931+0200] {processor.py:161} INFO - Started process (PID=30963) to work on /usr/local/lib/python3.8/site-packages/airflow/example_dags/example_latest_only.py
[2024-03-07T08:20:26.933+0200] {processor.py:830} INFO - Processing file /usr/local/lib/python3.8/site-packages/airflow/example_dags/example_latest_only.py for tasks to queue
[2024-03-07T08:20:26.934+0200] {logging_mixin.py:188} INFO - [2024-03-07T08:20:26.934+0200] {dagbag.py:540} INFO - Filling up the DagBag from /usr/local/lib/python3.8/site-packages/airflow/example_dags/example_latest_only.py
[2024-03-07T08:20:26.942+0200] {processor.py:840} INFO - DAG(s) 'latest_only' retrieved from /usr/local/lib/python3.8/site-packages/airflow/example_dags/example_latest_only.py
[2024-03-07T08:20:27.161+0200] {logging_mixin.py:188} INFO - [2024-03-07T08:20:27.161+0200] {dag.py:3047} INFO - Sync 1 DAGs
[2024-03-07T08:20:27.177+0200] {logging_mixin.py:188} INFO - [2024-03-07T08:20:27.176+0200] {dag.py:3834} INFO - Setting next_dagrun for latest_only to 2024-03-07 00:00:00+00:00, run_after=2024-03-07 04:00:00+00:00
[2024-03-07T08:20:27.194+0200] {processor.py:183} INFO - Processing /usr/local/lib/python3.8/site-packages/airflow/example_dags/example_latest_only.py took 0.264 seconds
[2024-03-07T09:31:56.825+0200] {processor.py:161} INFO - Started process (PID=31280) to work on /usr/local/lib/python3.8/site-packages/airflow/example_dags/example_latest_only.py
[2024-03-07T09:31:56.826+0200] {processor.py:830} INFO - Processing file /usr/local/lib/python3.8/site-packages/airflow/example_dags/example_latest_only.py for tasks to queue
[2024-03-07T09:31:56.827+0200] {logging_mixin.py:188} INFO - [2024-03-07T09:31:56.827+0200] {dagbag.py:540} INFO - Filling up the DagBag from /usr/local/lib/python3.8/site-packages/airflow/example_dags/example_latest_only.py
[2024-03-07T09:31:56.835+0200] {processor.py:840} INFO - DAG(s) 'latest_only' retrieved from /usr/local/lib/python3.8/site-packages/airflow/example_dags/example_latest_only.py
[2024-03-07T09:31:57.066+0200] {logging_mixin.py:188} INFO - [2024-03-07T09:31:57.065+0200] {dag.py:3047} INFO - Sync 1 DAGs
[2024-03-07T09:31:57.081+0200] {logging_mixin.py:188} INFO - [2024-03-07T09:31:57.081+0200] {dag.py:3834} INFO - Setting next_dagrun for latest_only to 2024-03-07 00:00:00+00:00, run_after=2024-03-07 04:00:00+00:00
[2024-03-07T09:31:57.098+0200] {processor.py:183} INFO - Processing /usr/local/lib/python3.8/site-packages/airflow/example_dags/example_latest_only.py took 0.275 seconds
[2024-03-07T09:35:08.422+0200] {processor.py:161} INFO - Started process (PID=31545) to work on /usr/local/lib/python3.8/site-packages/airflow/example_dags/example_latest_only.py
[2024-03-07T09:35:08.424+0200] {processor.py:830} INFO - Processing file /usr/local/lib/python3.8/site-packages/airflow/example_dags/example_latest_only.py for tasks to queue
[2024-03-07T09:35:08.425+0200] {logging_mixin.py:188} INFO - [2024-03-07T09:35:08.425+0200] {dagbag.py:540} INFO - Filling up the DagBag from /usr/local/lib/python3.8/site-packages/airflow/example_dags/example_latest_only.py
[2024-03-07T09:35:08.431+0200] {processor.py:840} INFO - DAG(s) 'latest_only' retrieved from /usr/local/lib/python3.8/site-packages/airflow/example_dags/example_latest_only.py
[2024-03-07T09:35:08.631+0200] {logging_mixin.py:188} INFO - [2024-03-07T09:35:08.631+0200] {dag.py:3047} INFO - Sync 1 DAGs
[2024-03-07T09:35:08.643+0200] {logging_mixin.py:188} INFO - [2024-03-07T09:35:08.643+0200] {dag.py:3834} INFO - Setting next_dagrun for latest_only to 2024-03-07 00:00:00+00:00, run_after=2024-03-07 04:00:00+00:00
[2024-03-07T09:35:08.658+0200] {processor.py:183} INFO - Processing /usr/local/lib/python3.8/site-packages/airflow/example_dags/example_latest_only.py took 0.237 seconds
[2024-03-07T09:38:21.806+0200] {processor.py:161} INFO - Started process (PID=31753) to work on /usr/local/lib/python3.8/site-packages/airflow/example_dags/example_latest_only.py
[2024-03-07T09:38:21.807+0200] {processor.py:830} INFO - Processing file /usr/local/lib/python3.8/site-packages/airflow/example_dags/example_latest_only.py for tasks to queue
[2024-03-07T09:38:21.808+0200] {logging_mixin.py:188} INFO - [2024-03-07T09:38:21.807+0200] {dagbag.py:540} INFO - Filling up the DagBag from /usr/local/lib/python3.8/site-packages/airflow/example_dags/example_latest_only.py
[2024-03-07T09:38:21.815+0200] {processor.py:840} INFO - DAG(s) 'latest_only' retrieved from /usr/local/lib/python3.8/site-packages/airflow/example_dags/example_latest_only.py
[2024-03-07T09:38:22.028+0200] {logging_mixin.py:188} INFO - [2024-03-07T09:38:22.028+0200] {dag.py:3047} INFO - Sync 1 DAGs
[2024-03-07T09:38:22.041+0200] {logging_mixin.py:188} INFO - [2024-03-07T09:38:22.041+0200] {dag.py:3834} INFO - Setting next_dagrun for latest_only to 2024-03-07 00:00:00+00:00, run_after=2024-03-07 04:00:00+00:00
[2024-03-07T09:38:22.060+0200] {processor.py:183} INFO - Processing /usr/local/lib/python3.8/site-packages/airflow/example_dags/example_latest_only.py took 0.255 seconds
[2024-03-07T09:40:24.819+0200] {processor.py:161} INFO - Started process (PID=31904) to work on /usr/local/lib/python3.8/site-packages/airflow/example_dags/example_latest_only.py
[2024-03-07T09:40:24.820+0200] {processor.py:830} INFO - Processing file /usr/local/lib/python3.8/site-packages/airflow/example_dags/example_latest_only.py for tasks to queue
[2024-03-07T09:40:24.821+0200] {logging_mixin.py:188} INFO - [2024-03-07T09:40:24.821+0200] {dagbag.py:540} INFO - Filling up the DagBag from /usr/local/lib/python3.8/site-packages/airflow/example_dags/example_latest_only.py
[2024-03-07T09:40:24.829+0200] {processor.py:840} INFO - DAG(s) 'latest_only' retrieved from /usr/local/lib/python3.8/site-packages/airflow/example_dags/example_latest_only.py
[2024-03-07T09:40:25.069+0200] {logging_mixin.py:188} INFO - [2024-03-07T09:40:25.069+0200] {dag.py:3047} INFO - Sync 1 DAGs
[2024-03-07T09:40:25.084+0200] {logging_mixin.py:188} INFO - [2024-03-07T09:40:25.083+0200] {dag.py:3834} INFO - Setting next_dagrun for latest_only to 2024-03-07 00:00:00+00:00, run_after=2024-03-07 04:00:00+00:00
[2024-03-07T09:40:25.098+0200] {processor.py:183} INFO - Processing /usr/local/lib/python3.8/site-packages/airflow/example_dags/example_latest_only.py took 0.281 seconds
[2024-03-07T09:43:33.795+0200] {processor.py:161} INFO - Started process (PID=32122) to work on /usr/local/lib/python3.8/site-packages/airflow/example_dags/example_latest_only.py
[2024-03-07T09:43:33.796+0200] {processor.py:830} INFO - Processing file /usr/local/lib/python3.8/site-packages/airflow/example_dags/example_latest_only.py for tasks to queue
[2024-03-07T09:43:33.796+0200] {logging_mixin.py:188} INFO - [2024-03-07T09:43:33.796+0200] {dagbag.py:540} INFO - Filling up the DagBag from /usr/local/lib/python3.8/site-packages/airflow/example_dags/example_latest_only.py
[2024-03-07T09:43:33.804+0200] {processor.py:840} INFO - DAG(s) 'latest_only' retrieved from /usr/local/lib/python3.8/site-packages/airflow/example_dags/example_latest_only.py
[2024-03-07T09:43:34.020+0200] {logging_mixin.py:188} INFO - [2024-03-07T09:43:34.020+0200] {dag.py:3047} INFO - Sync 1 DAGs
[2024-03-07T09:43:34.035+0200] {logging_mixin.py:188} INFO - [2024-03-07T09:43:34.035+0200] {dag.py:3834} INFO - Setting next_dagrun for latest_only to 2024-03-07 00:00:00+00:00, run_after=2024-03-07 04:00:00+00:00
[2024-03-07T09:43:34.052+0200] {processor.py:183} INFO - Processing /usr/local/lib/python3.8/site-packages/airflow/example_dags/example_latest_only.py took 0.259 seconds
[2024-03-07T09:46:39.560+0200] {processor.py:161} INFO - Started process (PID=32325) to work on /usr/local/lib/python3.8/site-packages/airflow/example_dags/example_latest_only.py
[2024-03-07T09:46:39.561+0200] {processor.py:830} INFO - Processing file /usr/local/lib/python3.8/site-packages/airflow/example_dags/example_latest_only.py for tasks to queue
[2024-03-07T09:46:39.562+0200] {logging_mixin.py:188} INFO - [2024-03-07T09:46:39.562+0200] {dagbag.py:540} INFO - Filling up the DagBag from /usr/local/lib/python3.8/site-packages/airflow/example_dags/example_latest_only.py
[2024-03-07T09:46:39.569+0200] {processor.py:840} INFO - DAG(s) 'latest_only' retrieved from /usr/local/lib/python3.8/site-packages/airflow/example_dags/example_latest_only.py
[2024-03-07T09:46:39.781+0200] {logging_mixin.py:188} INFO - [2024-03-07T09:46:39.780+0200] {dag.py:3047} INFO - Sync 1 DAGs
[2024-03-07T09:46:39.794+0200] {logging_mixin.py:188} INFO - [2024-03-07T09:46:39.794+0200] {dag.py:3834} INFO - Setting next_dagrun for latest_only to 2024-03-07 00:00:00+00:00, run_after=2024-03-07 04:00:00+00:00
[2024-03-07T09:46:39.808+0200] {processor.py:183} INFO - Processing /usr/local/lib/python3.8/site-packages/airflow/example_dags/example_latest_only.py took 0.249 seconds
[2024-03-07T09:49:54.645+0200] {processor.py:161} INFO - Started process (PID=32532) to work on /usr/local/lib/python3.8/site-packages/airflow/example_dags/example_latest_only.py
[2024-03-07T09:49:54.645+0200] {processor.py:830} INFO - Processing file /usr/local/lib/python3.8/site-packages/airflow/example_dags/example_latest_only.py for tasks to queue
[2024-03-07T09:49:54.646+0200] {logging_mixin.py:188} INFO - [2024-03-07T09:49:54.646+0200] {dagbag.py:540} INFO - Filling up the DagBag from /usr/local/lib/python3.8/site-packages/airflow/example_dags/example_latest_only.py
[2024-03-07T09:49:54.653+0200] {processor.py:840} INFO - DAG(s) 'latest_only' retrieved from /usr/local/lib/python3.8/site-packages/airflow/example_dags/example_latest_only.py
[2024-03-07T09:49:54.889+0200] {logging_mixin.py:188} INFO - [2024-03-07T09:49:54.888+0200] {dag.py:3047} INFO - Sync 1 DAGs
[2024-03-07T09:49:54.908+0200] {logging_mixin.py:188} INFO - [2024-03-07T09:49:54.907+0200] {dag.py:3834} INFO - Setting next_dagrun for latest_only to 2024-03-07 00:00:00+00:00, run_after=2024-03-07 04:00:00+00:00
[2024-03-07T09:49:54.932+0200] {processor.py:183} INFO - Processing /usr/local/lib/python3.8/site-packages/airflow/example_dags/example_latest_only.py took 0.289 seconds
[2024-03-07T09:53:04.158+0200] {processor.py:161} INFO - Started process (PID=32739) to work on /usr/local/lib/python3.8/site-packages/airflow/example_dags/example_latest_only.py
[2024-03-07T09:53:04.159+0200] {processor.py:830} INFO - Processing file /usr/local/lib/python3.8/site-packages/airflow/example_dags/example_latest_only.py for tasks to queue
[2024-03-07T09:53:04.159+0200] {logging_mixin.py:188} INFO - [2024-03-07T09:53:04.159+0200] {dagbag.py:540} INFO - Filling up the DagBag from /usr/local/lib/python3.8/site-packages/airflow/example_dags/example_latest_only.py
[2024-03-07T09:53:04.169+0200] {processor.py:840} INFO - DAG(s) 'latest_only' retrieved from /usr/local/lib/python3.8/site-packages/airflow/example_dags/example_latest_only.py
[2024-03-07T09:53:04.416+0200] {logging_mixin.py:188} INFO - [2024-03-07T09:53:04.416+0200] {dag.py:3047} INFO - Sync 1 DAGs
[2024-03-07T09:53:04.434+0200] {logging_mixin.py:188} INFO - [2024-03-07T09:53:04.433+0200] {dag.py:3834} INFO - Setting next_dagrun for latest_only to 2024-03-07 00:00:00+00:00, run_after=2024-03-07 04:00:00+00:00
[2024-03-07T09:53:04.453+0200] {processor.py:183} INFO - Processing /usr/local/lib/python3.8/site-packages/airflow/example_dags/example_latest_only.py took 0.296 seconds
[2024-03-07T09:56:22.070+0200] {processor.py:161} INFO - Started process (PID=32959) to work on /usr/local/lib/python3.8/site-packages/airflow/example_dags/example_latest_only.py
[2024-03-07T09:56:22.071+0200] {processor.py:830} INFO - Processing file /usr/local/lib/python3.8/site-packages/airflow/example_dags/example_latest_only.py for tasks to queue
[2024-03-07T09:56:22.071+0200] {logging_mixin.py:188} INFO - [2024-03-07T09:56:22.071+0200] {dagbag.py:540} INFO - Filling up the DagBag from /usr/local/lib/python3.8/site-packages/airflow/example_dags/example_latest_only.py
[2024-03-07T09:56:22.079+0200] {processor.py:840} INFO - DAG(s) 'latest_only' retrieved from /usr/local/lib/python3.8/site-packages/airflow/example_dags/example_latest_only.py
[2024-03-07T09:56:22.317+0200] {logging_mixin.py:188} INFO - [2024-03-07T09:56:22.317+0200] {dag.py:3047} INFO - Sync 1 DAGs
[2024-03-07T09:56:22.331+0200] {logging_mixin.py:188} INFO - [2024-03-07T09:56:22.331+0200] {dag.py:3834} INFO - Setting next_dagrun for latest_only to 2024-03-07 00:00:00+00:00, run_after=2024-03-07 04:00:00+00:00
[2024-03-07T09:56:22.346+0200] {processor.py:183} INFO - Processing /usr/local/lib/python3.8/site-packages/airflow/example_dags/example_latest_only.py took 0.278 seconds
[2024-03-07T09:59:30.880+0200] {processor.py:161} INFO - Started process (PID=33168) to work on /usr/local/lib/python3.8/site-packages/airflow/example_dags/example_latest_only.py
[2024-03-07T09:59:30.882+0200] {processor.py:830} INFO - Processing file /usr/local/lib/python3.8/site-packages/airflow/example_dags/example_latest_only.py for tasks to queue
[2024-03-07T09:59:30.883+0200] {logging_mixin.py:188} INFO - [2024-03-07T09:59:30.882+0200] {dagbag.py:540} INFO - Filling up the DagBag from /usr/local/lib/python3.8/site-packages/airflow/example_dags/example_latest_only.py
[2024-03-07T09:59:30.889+0200] {processor.py:840} INFO - DAG(s) 'latest_only' retrieved from /usr/local/lib/python3.8/site-packages/airflow/example_dags/example_latest_only.py
[2024-03-07T09:59:31.085+0200] {logging_mixin.py:188} INFO - [2024-03-07T09:59:31.085+0200] {dag.py:3047} INFO - Sync 1 DAGs
[2024-03-07T09:59:31.097+0200] {logging_mixin.py:188} INFO - [2024-03-07T09:59:31.096+0200] {dag.py:3834} INFO - Setting next_dagrun for latest_only to 2024-03-07 00:00:00+00:00, run_after=2024-03-07 04:00:00+00:00
[2024-03-07T09:59:31.111+0200] {processor.py:183} INFO - Processing /usr/local/lib/python3.8/site-packages/airflow/example_dags/example_latest_only.py took 0.233 seconds
[2024-03-07T10:02:34.282+0200] {processor.py:161} INFO - Started process (PID=33390) to work on /usr/local/lib/python3.8/site-packages/airflow/example_dags/example_latest_only.py
[2024-03-07T10:02:34.284+0200] {processor.py:830} INFO - Processing file /usr/local/lib/python3.8/site-packages/airflow/example_dags/example_latest_only.py for tasks to queue
[2024-03-07T10:02:34.285+0200] {logging_mixin.py:188} INFO - [2024-03-07T10:02:34.285+0200] {dagbag.py:540} INFO - Filling up the DagBag from /usr/local/lib/python3.8/site-packages/airflow/example_dags/example_latest_only.py
[2024-03-07T10:02:34.296+0200] {processor.py:840} INFO - DAG(s) 'latest_only' retrieved from /usr/local/lib/python3.8/site-packages/airflow/example_dags/example_latest_only.py
[2024-03-07T10:02:34.609+0200] {logging_mixin.py:188} INFO - [2024-03-07T10:02:34.609+0200] {dag.py:3047} INFO - Sync 1 DAGs
[2024-03-07T10:02:34.629+0200] {logging_mixin.py:188} INFO - [2024-03-07T10:02:34.629+0200] {dag.py:3834} INFO - Setting next_dagrun for latest_only to 2024-03-07 04:00:00+00:00, run_after=2024-03-07 08:00:00+00:00
[2024-03-07T10:02:34.655+0200] {processor.py:183} INFO - Processing /usr/local/lib/python3.8/site-packages/airflow/example_dags/example_latest_only.py took 0.376 seconds
[2024-03-07T10:05:49.576+0200] {processor.py:161} INFO - Started process (PID=33611) to work on /usr/local/lib/python3.8/site-packages/airflow/example_dags/example_latest_only.py
[2024-03-07T10:05:49.577+0200] {processor.py:830} INFO - Processing file /usr/local/lib/python3.8/site-packages/airflow/example_dags/example_latest_only.py for tasks to queue
[2024-03-07T10:05:49.578+0200] {logging_mixin.py:188} INFO - [2024-03-07T10:05:49.577+0200] {dagbag.py:540} INFO - Filling up the DagBag from /usr/local/lib/python3.8/site-packages/airflow/example_dags/example_latest_only.py
[2024-03-07T10:05:49.586+0200] {processor.py:840} INFO - DAG(s) 'latest_only' retrieved from /usr/local/lib/python3.8/site-packages/airflow/example_dags/example_latest_only.py
[2024-03-07T10:05:49.804+0200] {logging_mixin.py:188} INFO - [2024-03-07T10:05:49.804+0200] {dag.py:3047} INFO - Sync 1 DAGs
[2024-03-07T10:05:49.819+0200] {logging_mixin.py:188} INFO - [2024-03-07T10:05:49.819+0200] {dag.py:3834} INFO - Setting next_dagrun for latest_only to 2024-03-07 04:00:00+00:00, run_after=2024-03-07 08:00:00+00:00
[2024-03-07T10:05:49.837+0200] {processor.py:183} INFO - Processing /usr/local/lib/python3.8/site-packages/airflow/example_dags/example_latest_only.py took 0.262 seconds
[2024-03-07T10:09:18.341+0200] {processor.py:161} INFO - Started process (PID=33864) to work on /usr/local/lib/python3.8/site-packages/airflow/example_dags/example_latest_only.py
[2024-03-07T10:09:18.342+0200] {processor.py:830} INFO - Processing file /usr/local/lib/python3.8/site-packages/airflow/example_dags/example_latest_only.py for tasks to queue
[2024-03-07T10:09:18.342+0200] {logging_mixin.py:188} INFO - [2024-03-07T10:09:18.342+0200] {dagbag.py:540} INFO - Filling up the DagBag from /usr/local/lib/python3.8/site-packages/airflow/example_dags/example_latest_only.py
[2024-03-07T10:09:18.350+0200] {processor.py:840} INFO - DAG(s) 'latest_only' retrieved from /usr/local/lib/python3.8/site-packages/airflow/example_dags/example_latest_only.py
[2024-03-07T10:09:18.567+0200] {logging_mixin.py:188} INFO - [2024-03-07T10:09:18.566+0200] {dag.py:3047} INFO - Sync 1 DAGs
[2024-03-07T10:09:18.580+0200] {logging_mixin.py:188} INFO - [2024-03-07T10:09:18.580+0200] {dag.py:3834} INFO - Setting next_dagrun for latest_only to 2024-03-07 04:00:00+00:00, run_after=2024-03-07 08:00:00+00:00
[2024-03-07T10:09:18.596+0200] {processor.py:183} INFO - Processing /usr/local/lib/python3.8/site-packages/airflow/example_dags/example_latest_only.py took 0.256 seconds
[2024-03-07T10:12:40.344+0200] {processor.py:161} INFO - Started process (PID=34083) to work on /usr/local/lib/python3.8/site-packages/airflow/example_dags/example_latest_only.py
[2024-03-07T10:12:40.345+0200] {processor.py:830} INFO - Processing file /usr/local/lib/python3.8/site-packages/airflow/example_dags/example_latest_only.py for tasks to queue
[2024-03-07T10:12:40.345+0200] {logging_mixin.py:188} INFO - [2024-03-07T10:12:40.345+0200] {dagbag.py:540} INFO - Filling up the DagBag from /usr/local/lib/python3.8/site-packages/airflow/example_dags/example_latest_only.py
[2024-03-07T10:12:40.353+0200] {processor.py:840} INFO - DAG(s) 'latest_only' retrieved from /usr/local/lib/python3.8/site-packages/airflow/example_dags/example_latest_only.py
[2024-03-07T10:12:40.579+0200] {logging_mixin.py:188} INFO - [2024-03-07T10:12:40.579+0200] {dag.py:3047} INFO - Sync 1 DAGs
[2024-03-07T10:12:40.593+0200] {logging_mixin.py:188} INFO - [2024-03-07T10:12:40.593+0200] {dag.py:3834} INFO - Setting next_dagrun for latest_only to 2024-03-07 04:00:00+00:00, run_after=2024-03-07 08:00:00+00:00
[2024-03-07T10:12:40.610+0200] {processor.py:183} INFO - Processing /usr/local/lib/python3.8/site-packages/airflow/example_dags/example_latest_only.py took 0.268 seconds
[2024-03-07T10:15:56.016+0200] {processor.py:161} INFO - Started process (PID=34285) to work on /usr/local/lib/python3.8/site-packages/airflow/example_dags/example_latest_only.py
[2024-03-07T10:15:56.017+0200] {processor.py:830} INFO - Processing file /usr/local/lib/python3.8/site-packages/airflow/example_dags/example_latest_only.py for tasks to queue
[2024-03-07T10:15:56.018+0200] {logging_mixin.py:188} INFO - [2024-03-07T10:15:56.017+0200] {dagbag.py:540} INFO - Filling up the DagBag from /usr/local/lib/python3.8/site-packages/airflow/example_dags/example_latest_only.py
[2024-03-07T10:15:56.023+0200] {processor.py:840} INFO - DAG(s) 'latest_only' retrieved from /usr/local/lib/python3.8/site-packages/airflow/example_dags/example_latest_only.py
[2024-03-07T10:15:56.221+0200] {logging_mixin.py:188} INFO - [2024-03-07T10:15:56.221+0200] {dag.py:3047} INFO - Sync 1 DAGs
[2024-03-07T10:15:56.232+0200] {logging_mixin.py:188} INFO - [2024-03-07T10:15:56.232+0200] {dag.py:3834} INFO - Setting next_dagrun for latest_only to 2024-03-07 04:00:00+00:00, run_after=2024-03-07 08:00:00+00:00
[2024-03-07T10:15:56.247+0200] {processor.py:183} INFO - Processing /usr/local/lib/python3.8/site-packages/airflow/example_dags/example_latest_only.py took 0.232 seconds
[2024-03-07T10:19:09.606+0200] {processor.py:161} INFO - Started process (PID=34483) to work on /usr/local/lib/python3.8/site-packages/airflow/example_dags/example_latest_only.py
[2024-03-07T10:19:09.607+0200] {processor.py:830} INFO - Processing file /usr/local/lib/python3.8/site-packages/airflow/example_dags/example_latest_only.py for tasks to queue
[2024-03-07T10:19:09.608+0200] {logging_mixin.py:188} INFO - [2024-03-07T10:19:09.608+0200] {dagbag.py:540} INFO - Filling up the DagBag from /usr/local/lib/python3.8/site-packages/airflow/example_dags/example_latest_only.py
[2024-03-07T10:19:09.616+0200] {processor.py:840} INFO - DAG(s) 'latest_only' retrieved from /usr/local/lib/python3.8/site-packages/airflow/example_dags/example_latest_only.py
[2024-03-07T10:19:09.864+0200] {logging_mixin.py:188} INFO - [2024-03-07T10:19:09.863+0200] {dag.py:3047} INFO - Sync 1 DAGs
[2024-03-07T10:19:09.882+0200] {logging_mixin.py:188} INFO - [2024-03-07T10:19:09.882+0200] {dag.py:3834} INFO - Setting next_dagrun for latest_only to 2024-03-07 04:00:00+00:00, run_after=2024-03-07 08:00:00+00:00
[2024-03-07T10:19:09.901+0200] {processor.py:183} INFO - Processing /usr/local/lib/python3.8/site-packages/airflow/example_dags/example_latest_only.py took 0.297 seconds
[2024-03-07T10:22:36.532+0200] {processor.py:161} INFO - Started process (PID=34684) to work on /usr/local/lib/python3.8/site-packages/airflow/example_dags/example_latest_only.py
[2024-03-07T10:22:36.533+0200] {processor.py:830} INFO - Processing file /usr/local/lib/python3.8/site-packages/airflow/example_dags/example_latest_only.py for tasks to queue
[2024-03-07T10:22:36.534+0200] {logging_mixin.py:188} INFO - [2024-03-07T10:22:36.534+0200] {dagbag.py:540} INFO - Filling up the DagBag from /usr/local/lib/python3.8/site-packages/airflow/example_dags/example_latest_only.py
[2024-03-07T10:22:36.541+0200] {processor.py:840} INFO - DAG(s) 'latest_only' retrieved from /usr/local/lib/python3.8/site-packages/airflow/example_dags/example_latest_only.py
[2024-03-07T10:22:36.752+0200] {logging_mixin.py:188} INFO - [2024-03-07T10:22:36.752+0200] {dag.py:3047} INFO - Sync 1 DAGs
[2024-03-07T10:22:36.765+0200] {logging_mixin.py:188} INFO - [2024-03-07T10:22:36.765+0200] {dag.py:3834} INFO - Setting next_dagrun for latest_only to 2024-03-07 04:00:00+00:00, run_after=2024-03-07 08:00:00+00:00
[2024-03-07T10:22:36.782+0200] {processor.py:183} INFO - Processing /usr/local/lib/python3.8/site-packages/airflow/example_dags/example_latest_only.py took 0.251 seconds
[2024-03-07T10:26:02.075+0200] {processor.py:161} INFO - Started process (PID=34917) to work on /usr/local/lib/python3.8/site-packages/airflow/example_dags/example_latest_only.py
[2024-03-07T10:26:02.076+0200] {processor.py:830} INFO - Processing file /usr/local/lib/python3.8/site-packages/airflow/example_dags/example_latest_only.py for tasks to queue
[2024-03-07T10:26:02.077+0200] {logging_mixin.py:188} INFO - [2024-03-07T10:26:02.077+0200] {dagbag.py:540} INFO - Filling up the DagBag from /usr/local/lib/python3.8/site-packages/airflow/example_dags/example_latest_only.py
[2024-03-07T10:26:02.084+0200] {processor.py:840} INFO - DAG(s) 'latest_only' retrieved from /usr/local/lib/python3.8/site-packages/airflow/example_dags/example_latest_only.py
[2024-03-07T10:26:02.303+0200] {logging_mixin.py:188} INFO - [2024-03-07T10:26:02.303+0200] {dag.py:3047} INFO - Sync 1 DAGs
[2024-03-07T10:26:02.316+0200] {logging_mixin.py:188} INFO - [2024-03-07T10:26:02.316+0200] {dag.py:3834} INFO - Setting next_dagrun for latest_only to 2024-03-07 04:00:00+00:00, run_after=2024-03-07 08:00:00+00:00
[2024-03-07T10:26:02.331+0200] {processor.py:183} INFO - Processing /usr/local/lib/python3.8/site-packages/airflow/example_dags/example_latest_only.py took 0.258 seconds
[2024-03-07T10:29:18.845+0200] {processor.py:161} INFO - Started process (PID=35116) to work on /usr/local/lib/python3.8/site-packages/airflow/example_dags/example_latest_only.py
[2024-03-07T10:29:18.845+0200] {processor.py:830} INFO - Processing file /usr/local/lib/python3.8/site-packages/airflow/example_dags/example_latest_only.py for tasks to queue
[2024-03-07T10:29:18.846+0200] {logging_mixin.py:188} INFO - [2024-03-07T10:29:18.846+0200] {dagbag.py:540} INFO - Filling up the DagBag from /usr/local/lib/python3.8/site-packages/airflow/example_dags/example_latest_only.py
[2024-03-07T10:29:18.853+0200] {processor.py:840} INFO - DAG(s) 'latest_only' retrieved from /usr/local/lib/python3.8/site-packages/airflow/example_dags/example_latest_only.py
[2024-03-07T10:29:19.085+0200] {logging_mixin.py:188} INFO - [2024-03-07T10:29:19.084+0200] {dag.py:3047} INFO - Sync 1 DAGs
[2024-03-07T10:29:19.100+0200] {logging_mixin.py:188} INFO - [2024-03-07T10:29:19.100+0200] {dag.py:3834} INFO - Setting next_dagrun for latest_only to 2024-03-07 04:00:00+00:00, run_after=2024-03-07 08:00:00+00:00
[2024-03-07T10:29:19.119+0200] {processor.py:183} INFO - Processing /usr/local/lib/python3.8/site-packages/airflow/example_dags/example_latest_only.py took 0.276 seconds
[2024-03-07T10:32:36.080+0200] {processor.py:161} INFO - Started process (PID=35331) to work on /usr/local/lib/python3.8/site-packages/airflow/example_dags/example_latest_only.py
[2024-03-07T10:32:36.081+0200] {processor.py:830} INFO - Processing file /usr/local/lib/python3.8/site-packages/airflow/example_dags/example_latest_only.py for tasks to queue
[2024-03-07T10:32:36.082+0200] {logging_mixin.py:188} INFO - [2024-03-07T10:32:36.082+0200] {dagbag.py:540} INFO - Filling up the DagBag from /usr/local/lib/python3.8/site-packages/airflow/example_dags/example_latest_only.py
[2024-03-07T10:32:36.089+0200] {processor.py:840} INFO - DAG(s) 'latest_only' retrieved from /usr/local/lib/python3.8/site-packages/airflow/example_dags/example_latest_only.py
[2024-03-07T10:32:36.318+0200] {logging_mixin.py:188} INFO - [2024-03-07T10:32:36.318+0200] {dag.py:3047} INFO - Sync 1 DAGs
[2024-03-07T10:32:36.333+0200] {logging_mixin.py:188} INFO - [2024-03-07T10:32:36.332+0200] {dag.py:3834} INFO - Setting next_dagrun for latest_only to 2024-03-07 04:00:00+00:00, run_after=2024-03-07 08:00:00+00:00
[2024-03-07T10:32:36.347+0200] {processor.py:183} INFO - Processing /usr/local/lib/python3.8/site-packages/airflow/example_dags/example_latest_only.py took 0.269 seconds
[2024-03-07T10:35:38.421+0200] {processor.py:161} INFO - Started process (PID=35542) to work on /usr/local/lib/python3.8/site-packages/airflow/example_dags/example_latest_only.py
[2024-03-07T10:35:38.422+0200] {processor.py:830} INFO - Processing file /usr/local/lib/python3.8/site-packages/airflow/example_dags/example_latest_only.py for tasks to queue
[2024-03-07T10:35:38.422+0200] {logging_mixin.py:188} INFO - [2024-03-07T10:35:38.422+0200] {dagbag.py:540} INFO - Filling up the DagBag from /usr/local/lib/python3.8/site-packages/airflow/example_dags/example_latest_only.py
[2024-03-07T10:35:38.429+0200] {processor.py:840} INFO - DAG(s) 'latest_only' retrieved from /usr/local/lib/python3.8/site-packages/airflow/example_dags/example_latest_only.py
[2024-03-07T10:35:38.628+0200] {logging_mixin.py:188} INFO - [2024-03-07T10:35:38.628+0200] {dag.py:3047} INFO - Sync 1 DAGs
[2024-03-07T10:35:38.640+0200] {logging_mixin.py:188} INFO - [2024-03-07T10:35:38.640+0200] {dag.py:3834} INFO - Setting next_dagrun for latest_only to 2024-03-07 04:00:00+00:00, run_after=2024-03-07 08:00:00+00:00
[2024-03-07T10:35:38.658+0200] {processor.py:183} INFO - Processing /usr/local/lib/python3.8/site-packages/airflow/example_dags/example_latest_only.py took 0.239 seconds
[2024-03-07T10:38:26.481+0200] {processor.py:161} INFO - Started process (PID=35728) to work on /usr/local/lib/python3.8/site-packages/airflow/example_dags/example_latest_only.py
[2024-03-07T10:38:26.482+0200] {processor.py:830} INFO - Processing file /usr/local/lib/python3.8/site-packages/airflow/example_dags/example_latest_only.py for tasks to queue
[2024-03-07T10:38:26.483+0200] {logging_mixin.py:188} INFO - [2024-03-07T10:38:26.483+0200] {dagbag.py:540} INFO - Filling up the DagBag from /usr/local/lib/python3.8/site-packages/airflow/example_dags/example_latest_only.py
[2024-03-07T10:38:26.490+0200] {processor.py:840} INFO - DAG(s) 'latest_only' retrieved from /usr/local/lib/python3.8/site-packages/airflow/example_dags/example_latest_only.py
[2024-03-07T10:38:26.691+0200] {logging_mixin.py:188} INFO - [2024-03-07T10:38:26.691+0200] {dag.py:3047} INFO - Sync 1 DAGs
[2024-03-07T10:38:26.704+0200] {logging_mixin.py:188} INFO - [2024-03-07T10:38:26.704+0200] {dag.py:3834} INFO - Setting next_dagrun for latest_only to 2024-03-07 04:00:00+00:00, run_after=2024-03-07 08:00:00+00:00
[2024-03-07T10:38:26.722+0200] {processor.py:183} INFO - Processing /usr/local/lib/python3.8/site-packages/airflow/example_dags/example_latest_only.py took 0.242 seconds
[2024-03-07T10:41:45.386+0200] {processor.py:161} INFO - Started process (PID=36006) to work on /usr/local/lib/python3.8/site-packages/airflow/example_dags/example_latest_only.py
[2024-03-07T10:41:45.388+0200] {processor.py:830} INFO - Processing file /usr/local/lib/python3.8/site-packages/airflow/example_dags/example_latest_only.py for tasks to queue
[2024-03-07T10:41:45.389+0200] {logging_mixin.py:188} INFO - [2024-03-07T10:41:45.388+0200] {dagbag.py:540} INFO - Filling up the DagBag from /usr/local/lib/python3.8/site-packages/airflow/example_dags/example_latest_only.py
[2024-03-07T10:41:45.397+0200] {processor.py:840} INFO - DAG(s) 'latest_only' retrieved from /usr/local/lib/python3.8/site-packages/airflow/example_dags/example_latest_only.py
[2024-03-07T10:41:45.618+0200] {logging_mixin.py:188} INFO - [2024-03-07T10:41:45.617+0200] {dag.py:3047} INFO - Sync 1 DAGs
[2024-03-07T10:41:45.634+0200] {logging_mixin.py:188} INFO - [2024-03-07T10:41:45.634+0200] {dag.py:3834} INFO - Setting next_dagrun for latest_only to 2024-03-07 04:00:00+00:00, run_after=2024-03-07 08:00:00+00:00
[2024-03-07T10:41:45.651+0200] {processor.py:183} INFO - Processing /usr/local/lib/python3.8/site-packages/airflow/example_dags/example_latest_only.py took 0.266 seconds
[2024-03-07T10:44:59.250+0200] {processor.py:161} INFO - Started process (PID=36229) to work on /usr/local/lib/python3.8/site-packages/airflow/example_dags/example_latest_only.py
[2024-03-07T10:44:59.250+0200] {processor.py:830} INFO - Processing file /usr/local/lib/python3.8/site-packages/airflow/example_dags/example_latest_only.py for tasks to queue
[2024-03-07T10:44:59.251+0200] {logging_mixin.py:188} INFO - [2024-03-07T10:44:59.251+0200] {dagbag.py:540} INFO - Filling up the DagBag from /usr/local/lib/python3.8/site-packages/airflow/example_dags/example_latest_only.py
[2024-03-07T10:44:59.257+0200] {processor.py:840} INFO - DAG(s) 'latest_only' retrieved from /usr/local/lib/python3.8/site-packages/airflow/example_dags/example_latest_only.py
[2024-03-07T10:44:59.453+0200] {logging_mixin.py:188} INFO - [2024-03-07T10:44:59.453+0200] {dag.py:3047} INFO - Sync 1 DAGs
[2024-03-07T10:44:59.465+0200] {logging_mixin.py:188} INFO - [2024-03-07T10:44:59.465+0200] {dag.py:3834} INFO - Setting next_dagrun for latest_only to 2024-03-07 04:00:00+00:00, run_after=2024-03-07 08:00:00+00:00
[2024-03-07T10:44:59.483+0200] {processor.py:183} INFO - Processing /usr/local/lib/python3.8/site-packages/airflow/example_dags/example_latest_only.py took 0.235 seconds
[2024-03-07T10:47:46.865+0200] {processor.py:161} INFO - Started process (PID=36409) to work on /usr/local/lib/python3.8/site-packages/airflow/example_dags/example_latest_only.py
[2024-03-07T10:47:46.866+0200] {processor.py:830} INFO - Processing file /usr/local/lib/python3.8/site-packages/airflow/example_dags/example_latest_only.py for tasks to queue
[2024-03-07T10:47:46.867+0200] {logging_mixin.py:188} INFO - [2024-03-07T10:47:46.867+0200] {dagbag.py:540} INFO - Filling up the DagBag from /usr/local/lib/python3.8/site-packages/airflow/example_dags/example_latest_only.py
[2024-03-07T10:47:46.874+0200] {processor.py:840} INFO - DAG(s) 'latest_only' retrieved from /usr/local/lib/python3.8/site-packages/airflow/example_dags/example_latest_only.py
[2024-03-07T10:47:47.074+0200] {logging_mixin.py:188} INFO - [2024-03-07T10:47:47.074+0200] {dag.py:3047} INFO - Sync 1 DAGs
[2024-03-07T10:47:47.086+0200] {logging_mixin.py:188} INFO - [2024-03-07T10:47:47.086+0200] {dag.py:3834} INFO - Setting next_dagrun for latest_only to 2024-03-07 04:00:00+00:00, run_after=2024-03-07 08:00:00+00:00
[2024-03-07T10:47:47.104+0200] {processor.py:183} INFO - Processing /usr/local/lib/python3.8/site-packages/airflow/example_dags/example_latest_only.py took 0.241 seconds
[2024-03-07T10:50:52.270+0200] {processor.py:161} INFO - Started process (PID=36613) to work on /usr/local/lib/python3.8/site-packages/airflow/example_dags/example_latest_only.py
[2024-03-07T10:50:52.271+0200] {processor.py:830} INFO - Processing file /usr/local/lib/python3.8/site-packages/airflow/example_dags/example_latest_only.py for tasks to queue
[2024-03-07T10:50:52.271+0200] {logging_mixin.py:188} INFO - [2024-03-07T10:50:52.271+0200] {dagbag.py:540} INFO - Filling up the DagBag from /usr/local/lib/python3.8/site-packages/airflow/example_dags/example_latest_only.py
[2024-03-07T10:50:52.280+0200] {processor.py:840} INFO - DAG(s) 'latest_only' retrieved from /usr/local/lib/python3.8/site-packages/airflow/example_dags/example_latest_only.py
[2024-03-07T10:50:52.497+0200] {logging_mixin.py:188} INFO - [2024-03-07T10:50:52.497+0200] {dag.py:3047} INFO - Sync 1 DAGs
[2024-03-07T10:50:52.512+0200] {logging_mixin.py:188} INFO - [2024-03-07T10:50:52.512+0200] {dag.py:3834} INFO - Setting next_dagrun for latest_only to 2024-03-07 04:00:00+00:00, run_after=2024-03-07 08:00:00+00:00
[2024-03-07T10:50:52.528+0200] {processor.py:183} INFO - Processing /usr/local/lib/python3.8/site-packages/airflow/example_dags/example_latest_only.py took 0.259 seconds
[2024-03-07T10:53:59.889+0200] {processor.py:161} INFO - Started process (PID=36816) to work on /usr/local/lib/python3.8/site-packages/airflow/example_dags/example_latest_only.py
[2024-03-07T10:53:59.890+0200] {processor.py:830} INFO - Processing file /usr/local/lib/python3.8/site-packages/airflow/example_dags/example_latest_only.py for tasks to queue
[2024-03-07T10:53:59.891+0200] {logging_mixin.py:188} INFO - [2024-03-07T10:53:59.891+0200] {dagbag.py:540} INFO - Filling up the DagBag from /usr/local/lib/python3.8/site-packages/airflow/example_dags/example_latest_only.py
[2024-03-07T10:53:59.898+0200] {processor.py:840} INFO - DAG(s) 'latest_only' retrieved from /usr/local/lib/python3.8/site-packages/airflow/example_dags/example_latest_only.py
[2024-03-07T10:54:00.099+0200] {logging_mixin.py:188} INFO - [2024-03-07T10:54:00.098+0200] {dag.py:3047} INFO - Sync 1 DAGs
[2024-03-07T10:54:00.111+0200] {logging_mixin.py:188} INFO - [2024-03-07T10:54:00.111+0200] {dag.py:3834} INFO - Setting next_dagrun for latest_only to 2024-03-07 04:00:00+00:00, run_after=2024-03-07 08:00:00+00:00
[2024-03-07T10:54:00.126+0200] {processor.py:183} INFO - Processing /usr/local/lib/python3.8/site-packages/airflow/example_dags/example_latest_only.py took 0.238 seconds
[2024-03-07T11:08:00.805+0200] {processor.py:161} INFO - Started process (PID=37058) to work on /usr/local/lib/python3.8/site-packages/airflow/example_dags/example_latest_only.py
[2024-03-07T11:08:00.809+0200] {processor.py:830} INFO - Processing file /usr/local/lib/python3.8/site-packages/airflow/example_dags/example_latest_only.py for tasks to queue
[2024-03-07T11:08:00.811+0200] {logging_mixin.py:188} INFO - [2024-03-07T11:08:00.810+0200] {dagbag.py:540} INFO - Filling up the DagBag from /usr/local/lib/python3.8/site-packages/airflow/example_dags/example_latest_only.py
[2024-03-07T11:08:00.840+0200] {processor.py:840} INFO - DAG(s) 'latest_only' retrieved from /usr/local/lib/python3.8/site-packages/airflow/example_dags/example_latest_only.py
[2024-03-07T11:08:01.681+0200] {logging_mixin.py:188} INFO - [2024-03-07T11:08:01.680+0200] {dag.py:3047} INFO - Sync 1 DAGs
[2024-03-07T11:08:01.742+0200] {logging_mixin.py:188} INFO - [2024-03-07T11:08:01.741+0200] {dag.py:3834} INFO - Setting next_dagrun for latest_only to 2024-03-07 04:00:00+00:00, run_after=2024-03-07 08:00:00+00:00
[2024-03-07T11:08:01.807+0200] {processor.py:183} INFO - Processing /usr/local/lib/python3.8/site-packages/airflow/example_dags/example_latest_only.py took 1.007 seconds
[2024-03-07T11:30:52.707+0200] {processor.py:161} INFO - Started process (PID=37308) to work on /usr/local/lib/python3.8/site-packages/airflow/example_dags/example_latest_only.py
[2024-03-07T11:30:52.710+0200] {processor.py:830} INFO - Processing file /usr/local/lib/python3.8/site-packages/airflow/example_dags/example_latest_only.py for tasks to queue
[2024-03-07T11:30:52.712+0200] {logging_mixin.py:188} INFO - [2024-03-07T11:30:52.711+0200] {dagbag.py:540} INFO - Filling up the DagBag from /usr/local/lib/python3.8/site-packages/airflow/example_dags/example_latest_only.py
[2024-03-07T11:30:52.737+0200] {processor.py:840} INFO - DAG(s) 'latest_only' retrieved from /usr/local/lib/python3.8/site-packages/airflow/example_dags/example_latest_only.py
[2024-03-07T11:30:53.426+0200] {logging_mixin.py:188} INFO - [2024-03-07T11:30:53.424+0200] {dag.py:3047} INFO - Sync 1 DAGs
[2024-03-07T11:30:53.474+0200] {logging_mixin.py:188} INFO - [2024-03-07T11:30:53.474+0200] {dag.py:3834} INFO - Setting next_dagrun for latest_only to 2024-03-07 04:00:00+00:00, run_after=2024-03-07 08:00:00+00:00
[2024-03-07T11:30:53.529+0200] {processor.py:183} INFO - Processing /usr/local/lib/python3.8/site-packages/airflow/example_dags/example_latest_only.py took 0.827 seconds
[2024-03-07T11:33:02.163+0200] {processor.py:161} INFO - Started process (PID=37467) to work on /usr/local/lib/python3.8/site-packages/airflow/example_dags/example_latest_only.py
[2024-03-07T11:33:02.165+0200] {processor.py:830} INFO - Processing file /usr/local/lib/python3.8/site-packages/airflow/example_dags/example_latest_only.py for tasks to queue
[2024-03-07T11:33:02.165+0200] {logging_mixin.py:188} INFO - [2024-03-07T11:33:02.165+0200] {dagbag.py:540} INFO - Filling up the DagBag from /usr/local/lib/python3.8/site-packages/airflow/example_dags/example_latest_only.py
[2024-03-07T11:33:02.175+0200] {processor.py:840} INFO - DAG(s) 'latest_only' retrieved from /usr/local/lib/python3.8/site-packages/airflow/example_dags/example_latest_only.py
[2024-03-07T11:33:02.438+0200] {logging_mixin.py:188} INFO - [2024-03-07T11:33:02.437+0200] {dag.py:3047} INFO - Sync 1 DAGs
[2024-03-07T11:33:02.455+0200] {logging_mixin.py:188} INFO - [2024-03-07T11:33:02.454+0200] {dag.py:3834} INFO - Setting next_dagrun for latest_only to 2024-03-07 04:00:00+00:00, run_after=2024-03-07 08:00:00+00:00
[2024-03-07T11:33:02.475+0200] {processor.py:183} INFO - Processing /usr/local/lib/python3.8/site-packages/airflow/example_dags/example_latest_only.py took 0.314 seconds
[2024-03-07T11:36:20.157+0200] {processor.py:161} INFO - Started process (PID=37685) to work on /usr/local/lib/python3.8/site-packages/airflow/example_dags/example_latest_only.py
[2024-03-07T11:36:20.158+0200] {processor.py:830} INFO - Processing file /usr/local/lib/python3.8/site-packages/airflow/example_dags/example_latest_only.py for tasks to queue
[2024-03-07T11:36:20.159+0200] {logging_mixin.py:188} INFO - [2024-03-07T11:36:20.159+0200] {dagbag.py:540} INFO - Filling up the DagBag from /usr/local/lib/python3.8/site-packages/airflow/example_dags/example_latest_only.py
[2024-03-07T11:36:20.166+0200] {processor.py:840} INFO - DAG(s) 'latest_only' retrieved from /usr/local/lib/python3.8/site-packages/airflow/example_dags/example_latest_only.py
[2024-03-07T11:36:20.370+0200] {logging_mixin.py:188} INFO - [2024-03-07T11:36:20.369+0200] {dag.py:3047} INFO - Sync 1 DAGs
[2024-03-07T11:36:20.383+0200] {logging_mixin.py:188} INFO - [2024-03-07T11:36:20.383+0200] {dag.py:3834} INFO - Setting next_dagrun for latest_only to 2024-03-07 04:00:00+00:00, run_after=2024-03-07 08:00:00+00:00
[2024-03-07T11:36:20.397+0200] {processor.py:183} INFO - Processing /usr/local/lib/python3.8/site-packages/airflow/example_dags/example_latest_only.py took 0.241 seconds
