[2024-03-07T02:24:06.411+0200] {processor.py:161} INFO - Started process (PID=25574) to work on /usr/local/lib/python3.8/site-packages/airflow/example_dags/example_dag_decorator.py
[2024-03-07T02:24:06.412+0200] {processor.py:830} INFO - Processing file /usr/local/lib/python3.8/site-packages/airflow/example_dags/example_dag_decorator.py for tasks to queue
[2024-03-07T02:24:06.413+0200] {logging_mixin.py:188} INFO - [2024-03-07T02:24:06.412+0200] {dagbag.py:540} INFO - Filling up the DagBag from /usr/local/lib/python3.8/site-packages/airflow/example_dags/example_dag_decorator.py
[2024-03-07T02:24:06.690+0200] {processor.py:840} INFO - DAG(s) 'example_dag_decorator' retrieved from /usr/local/lib/python3.8/site-packages/airflow/example_dags/example_dag_decorator.py
[2024-03-07T02:24:06.841+0200] {logging_mixin.py:188} INFO - [2024-03-07T02:24:06.841+0200] {dag.py:3047} INFO - Sync 1 DAGs
[2024-03-07T02:24:06.847+0200] {logging_mixin.py:188} INFO - [2024-03-07T02:24:06.847+0200] {dag.py:3834} INFO - Setting next_dagrun for example_dag_decorator to None, run_after=None
[2024-03-07T02:24:06.861+0200] {processor.py:183} INFO - Processing /usr/local/lib/python3.8/site-packages/airflow/example_dags/example_dag_decorator.py took 0.452 seconds
[2024-03-07T02:27:33.210+0200] {processor.py:161} INFO - Started process (PID=25814) to work on /usr/local/lib/python3.8/site-packages/airflow/example_dags/example_dag_decorator.py
[2024-03-07T02:27:33.211+0200] {processor.py:830} INFO - Processing file /usr/local/lib/python3.8/site-packages/airflow/example_dags/example_dag_decorator.py for tasks to queue
[2024-03-07T02:27:33.212+0200] {logging_mixin.py:188} INFO - [2024-03-07T02:27:33.212+0200] {dagbag.py:540} INFO - Filling up the DagBag from /usr/local/lib/python3.8/site-packages/airflow/example_dags/example_dag_decorator.py
[2024-03-07T02:27:33.415+0200] {processor.py:840} INFO - DAG(s) 'example_dag_decorator' retrieved from /usr/local/lib/python3.8/site-packages/airflow/example_dags/example_dag_decorator.py
[2024-03-07T02:27:33.600+0200] {logging_mixin.py:188} INFO - [2024-03-07T02:27:33.600+0200] {dag.py:3047} INFO - Sync 1 DAGs
[2024-03-07T02:27:33.609+0200] {logging_mixin.py:188} INFO - [2024-03-07T02:27:33.609+0200] {dag.py:3834} INFO - Setting next_dagrun for example_dag_decorator to None, run_after=None
[2024-03-07T02:27:33.627+0200] {processor.py:183} INFO - Processing /usr/local/lib/python3.8/site-packages/airflow/example_dags/example_dag_decorator.py took 0.419 seconds
[2024-03-07T02:30:56.308+0200] {processor.py:161} INFO - Started process (PID=26036) to work on /usr/local/lib/python3.8/site-packages/airflow/example_dags/example_dag_decorator.py
[2024-03-07T02:30:56.309+0200] {processor.py:830} INFO - Processing file /usr/local/lib/python3.8/site-packages/airflow/example_dags/example_dag_decorator.py for tasks to queue
[2024-03-07T02:30:56.309+0200] {logging_mixin.py:188} INFO - [2024-03-07T02:30:56.309+0200] {dagbag.py:540} INFO - Filling up the DagBag from /usr/local/lib/python3.8/site-packages/airflow/example_dags/example_dag_decorator.py
[2024-03-07T02:30:56.515+0200] {processor.py:840} INFO - DAG(s) 'example_dag_decorator' retrieved from /usr/local/lib/python3.8/site-packages/airflow/example_dags/example_dag_decorator.py
[2024-03-07T02:30:56.696+0200] {logging_mixin.py:188} INFO - [2024-03-07T02:30:56.695+0200] {dag.py:3047} INFO - Sync 1 DAGs
[2024-03-07T02:30:56.704+0200] {logging_mixin.py:188} INFO - [2024-03-07T02:30:56.704+0200] {dag.py:3834} INFO - Setting next_dagrun for example_dag_decorator to None, run_after=None
[2024-03-07T02:30:56.721+0200] {processor.py:183} INFO - Processing /usr/local/lib/python3.8/site-packages/airflow/example_dags/example_dag_decorator.py took 0.415 seconds
[2024-03-07T02:34:24.933+0200] {processor.py:161} INFO - Started process (PID=26392) to work on /usr/local/lib/python3.8/site-packages/airflow/example_dags/example_dag_decorator.py
[2024-03-07T02:34:24.934+0200] {processor.py:830} INFO - Processing file /usr/local/lib/python3.8/site-packages/airflow/example_dags/example_dag_decorator.py for tasks to queue
[2024-03-07T02:34:24.935+0200] {logging_mixin.py:188} INFO - [2024-03-07T02:34:24.935+0200] {dagbag.py:540} INFO - Filling up the DagBag from /usr/local/lib/python3.8/site-packages/airflow/example_dags/example_dag_decorator.py
[2024-03-07T02:34:25.138+0200] {processor.py:840} INFO - DAG(s) 'example_dag_decorator' retrieved from /usr/local/lib/python3.8/site-packages/airflow/example_dags/example_dag_decorator.py
[2024-03-07T02:34:25.315+0200] {logging_mixin.py:188} INFO - [2024-03-07T02:34:25.314+0200] {dag.py:3047} INFO - Sync 1 DAGs
[2024-03-07T02:34:25.323+0200] {logging_mixin.py:188} INFO - [2024-03-07T02:34:25.323+0200] {dag.py:3834} INFO - Setting next_dagrun for example_dag_decorator to None, run_after=None
[2024-03-07T02:34:25.339+0200] {processor.py:183} INFO - Processing /usr/local/lib/python3.8/site-packages/airflow/example_dags/example_dag_decorator.py took 0.407 seconds
[2024-03-07T02:38:00.197+0200] {processor.py:161} INFO - Started process (PID=28130) to work on /usr/local/lib/python3.8/site-packages/airflow/example_dags/example_dag_decorator.py
[2024-03-07T02:38:00.199+0200] {processor.py:830} INFO - Processing file /usr/local/lib/python3.8/site-packages/airflow/example_dags/example_dag_decorator.py for tasks to queue
[2024-03-07T02:38:00.199+0200] {logging_mixin.py:188} INFO - [2024-03-07T02:38:00.199+0200] {dagbag.py:540} INFO - Filling up the DagBag from /usr/local/lib/python3.8/site-packages/airflow/example_dags/example_dag_decorator.py
[2024-03-07T02:38:00.394+0200] {processor.py:840} INFO - DAG(s) 'example_dag_decorator' retrieved from /usr/local/lib/python3.8/site-packages/airflow/example_dags/example_dag_decorator.py
[2024-03-07T02:38:00.575+0200] {logging_mixin.py:188} INFO - [2024-03-07T02:38:00.574+0200] {dag.py:3047} INFO - Sync 1 DAGs
[2024-03-07T02:38:00.583+0200] {logging_mixin.py:188} INFO - [2024-03-07T02:38:00.583+0200] {dag.py:3834} INFO - Setting next_dagrun for example_dag_decorator to None, run_after=None
[2024-03-07T02:38:00.601+0200] {processor.py:183} INFO - Processing /usr/local/lib/python3.8/site-packages/airflow/example_dags/example_dag_decorator.py took 0.405 seconds
[2024-03-07T02:41:36.058+0200] {processor.py:161} INFO - Started process (PID=28383) to work on /usr/local/lib/python3.8/site-packages/airflow/example_dags/example_dag_decorator.py
[2024-03-07T02:41:36.059+0200] {processor.py:830} INFO - Processing file /usr/local/lib/python3.8/site-packages/airflow/example_dags/example_dag_decorator.py for tasks to queue
[2024-03-07T02:41:36.060+0200] {logging_mixin.py:188} INFO - [2024-03-07T02:41:36.060+0200] {dagbag.py:540} INFO - Filling up the DagBag from /usr/local/lib/python3.8/site-packages/airflow/example_dags/example_dag_decorator.py
[2024-03-07T02:41:36.299+0200] {processor.py:840} INFO - DAG(s) 'example_dag_decorator' retrieved from /usr/local/lib/python3.8/site-packages/airflow/example_dags/example_dag_decorator.py
[2024-03-07T02:41:36.510+0200] {logging_mixin.py:188} INFO - [2024-03-07T02:41:36.510+0200] {dag.py:3047} INFO - Sync 1 DAGs
[2024-03-07T02:41:36.520+0200] {logging_mixin.py:188} INFO - [2024-03-07T02:41:36.519+0200] {dag.py:3834} INFO - Setting next_dagrun for example_dag_decorator to None, run_after=None
[2024-03-07T02:41:36.540+0200] {processor.py:183} INFO - Processing /usr/local/lib/python3.8/site-packages/airflow/example_dags/example_dag_decorator.py took 0.483 seconds
[2024-03-07T02:45:07.665+0200] {processor.py:161} INFO - Started process (PID=28586) to work on /usr/local/lib/python3.8/site-packages/airflow/example_dags/example_dag_decorator.py
[2024-03-07T02:45:07.666+0200] {processor.py:830} INFO - Processing file /usr/local/lib/python3.8/site-packages/airflow/example_dags/example_dag_decorator.py for tasks to queue
[2024-03-07T02:45:07.667+0200] {logging_mixin.py:188} INFO - [2024-03-07T02:45:07.667+0200] {dagbag.py:540} INFO - Filling up the DagBag from /usr/local/lib/python3.8/site-packages/airflow/example_dags/example_dag_decorator.py
[2024-03-07T02:45:07.857+0200] {processor.py:840} INFO - DAG(s) 'example_dag_decorator' retrieved from /usr/local/lib/python3.8/site-packages/airflow/example_dags/example_dag_decorator.py
[2024-03-07T02:45:08.031+0200] {logging_mixin.py:188} INFO - [2024-03-07T02:45:08.031+0200] {dag.py:3047} INFO - Sync 1 DAGs
[2024-03-07T02:45:08.039+0200] {logging_mixin.py:188} INFO - [2024-03-07T02:45:08.039+0200] {dag.py:3834} INFO - Setting next_dagrun for example_dag_decorator to None, run_after=None
[2024-03-07T02:45:08.059+0200] {processor.py:183} INFO - Processing /usr/local/lib/python3.8/site-packages/airflow/example_dags/example_dag_decorator.py took 0.395 seconds
[2024-03-07T02:48:51.226+0200] {processor.py:161} INFO - Started process (PID=28787) to work on /usr/local/lib/python3.8/site-packages/airflow/example_dags/example_dag_decorator.py
[2024-03-07T02:48:51.227+0200] {processor.py:830} INFO - Processing file /usr/local/lib/python3.8/site-packages/airflow/example_dags/example_dag_decorator.py for tasks to queue
[2024-03-07T02:48:51.228+0200] {logging_mixin.py:188} INFO - [2024-03-07T02:48:51.228+0200] {dagbag.py:540} INFO - Filling up the DagBag from /usr/local/lib/python3.8/site-packages/airflow/example_dags/example_dag_decorator.py
[2024-03-07T02:48:51.426+0200] {processor.py:840} INFO - DAG(s) 'example_dag_decorator' retrieved from /usr/local/lib/python3.8/site-packages/airflow/example_dags/example_dag_decorator.py
[2024-03-07T02:48:51.611+0200] {logging_mixin.py:188} INFO - [2024-03-07T02:48:51.611+0200] {dag.py:3047} INFO - Sync 1 DAGs
[2024-03-07T02:48:51.620+0200] {logging_mixin.py:188} INFO - [2024-03-07T02:48:51.620+0200] {dag.py:3834} INFO - Setting next_dagrun for example_dag_decorator to None, run_after=None
[2024-03-07T02:48:51.638+0200] {processor.py:183} INFO - Processing /usr/local/lib/python3.8/site-packages/airflow/example_dags/example_dag_decorator.py took 0.413 seconds
[2024-03-07T02:52:21.213+0200] {processor.py:161} INFO - Started process (PID=28990) to work on /usr/local/lib/python3.8/site-packages/airflow/example_dags/example_dag_decorator.py
[2024-03-07T02:52:21.213+0200] {processor.py:830} INFO - Processing file /usr/local/lib/python3.8/site-packages/airflow/example_dags/example_dag_decorator.py for tasks to queue
[2024-03-07T02:52:21.214+0200] {logging_mixin.py:188} INFO - [2024-03-07T02:52:21.214+0200] {dagbag.py:540} INFO - Filling up the DagBag from /usr/local/lib/python3.8/site-packages/airflow/example_dags/example_dag_decorator.py
[2024-03-07T02:52:21.414+0200] {processor.py:840} INFO - DAG(s) 'example_dag_decorator' retrieved from /usr/local/lib/python3.8/site-packages/airflow/example_dags/example_dag_decorator.py
[2024-03-07T02:52:21.592+0200] {logging_mixin.py:188} INFO - [2024-03-07T02:52:21.592+0200] {dag.py:3047} INFO - Sync 1 DAGs
[2024-03-07T02:52:21.600+0200] {logging_mixin.py:188} INFO - [2024-03-07T02:52:21.600+0200] {dag.py:3834} INFO - Setting next_dagrun for example_dag_decorator to None, run_after=None
[2024-03-07T02:52:21.617+0200] {processor.py:183} INFO - Processing /usr/local/lib/python3.8/site-packages/airflow/example_dags/example_dag_decorator.py took 0.406 seconds
[2024-03-07T02:55:54.820+0200] {processor.py:161} INFO - Started process (PID=29198) to work on /usr/local/lib/python3.8/site-packages/airflow/example_dags/example_dag_decorator.py
[2024-03-07T02:55:54.821+0200] {processor.py:830} INFO - Processing file /usr/local/lib/python3.8/site-packages/airflow/example_dags/example_dag_decorator.py for tasks to queue
[2024-03-07T02:55:54.822+0200] {logging_mixin.py:188} INFO - [2024-03-07T02:55:54.821+0200] {dagbag.py:540} INFO - Filling up the DagBag from /usr/local/lib/python3.8/site-packages/airflow/example_dags/example_dag_decorator.py
[2024-03-07T02:55:55.020+0200] {processor.py:840} INFO - DAG(s) 'example_dag_decorator' retrieved from /usr/local/lib/python3.8/site-packages/airflow/example_dags/example_dag_decorator.py
[2024-03-07T02:55:55.196+0200] {logging_mixin.py:188} INFO - [2024-03-07T02:55:55.196+0200] {dag.py:3047} INFO - Sync 1 DAGs
[2024-03-07T02:55:55.204+0200] {logging_mixin.py:188} INFO - [2024-03-07T02:55:55.204+0200] {dag.py:3834} INFO - Setting next_dagrun for example_dag_decorator to None, run_after=None
[2024-03-07T02:55:55.221+0200] {processor.py:183} INFO - Processing /usr/local/lib/python3.8/site-packages/airflow/example_dags/example_dag_decorator.py took 0.403 seconds
[2024-03-07T02:59:25.139+0200] {processor.py:161} INFO - Started process (PID=29391) to work on /usr/local/lib/python3.8/site-packages/airflow/example_dags/example_dag_decorator.py
[2024-03-07T02:59:25.140+0200] {processor.py:830} INFO - Processing file /usr/local/lib/python3.8/site-packages/airflow/example_dags/example_dag_decorator.py for tasks to queue
[2024-03-07T02:59:25.140+0200] {logging_mixin.py:188} INFO - [2024-03-07T02:59:25.140+0200] {dagbag.py:540} INFO - Filling up the DagBag from /usr/local/lib/python3.8/site-packages/airflow/example_dags/example_dag_decorator.py
[2024-03-07T02:59:25.331+0200] {processor.py:840} INFO - DAG(s) 'example_dag_decorator' retrieved from /usr/local/lib/python3.8/site-packages/airflow/example_dags/example_dag_decorator.py
[2024-03-07T02:59:25.504+0200] {logging_mixin.py:188} INFO - [2024-03-07T02:59:25.503+0200] {dag.py:3047} INFO - Sync 1 DAGs
[2024-03-07T02:59:25.512+0200] {logging_mixin.py:188} INFO - [2024-03-07T02:59:25.512+0200] {dag.py:3834} INFO - Setting next_dagrun for example_dag_decorator to None, run_after=None
[2024-03-07T02:59:25.530+0200] {processor.py:183} INFO - Processing /usr/local/lib/python3.8/site-packages/airflow/example_dags/example_dag_decorator.py took 0.392 seconds
[2024-03-07T03:02:56.480+0200] {processor.py:161} INFO - Started process (PID=29599) to work on /usr/local/lib/python3.8/site-packages/airflow/example_dags/example_dag_decorator.py
[2024-03-07T03:02:56.481+0200] {processor.py:830} INFO - Processing file /usr/local/lib/python3.8/site-packages/airflow/example_dags/example_dag_decorator.py for tasks to queue
[2024-03-07T03:02:56.482+0200] {logging_mixin.py:188} INFO - [2024-03-07T03:02:56.481+0200] {dagbag.py:540} INFO - Filling up the DagBag from /usr/local/lib/python3.8/site-packages/airflow/example_dags/example_dag_decorator.py
[2024-03-07T03:02:56.676+0200] {processor.py:840} INFO - DAG(s) 'example_dag_decorator' retrieved from /usr/local/lib/python3.8/site-packages/airflow/example_dags/example_dag_decorator.py
[2024-03-07T03:02:56.854+0200] {logging_mixin.py:188} INFO - [2024-03-07T03:02:56.853+0200] {dag.py:3047} INFO - Sync 1 DAGs
[2024-03-07T03:02:56.862+0200] {logging_mixin.py:188} INFO - [2024-03-07T03:02:56.862+0200] {dag.py:3834} INFO - Setting next_dagrun for example_dag_decorator to None, run_after=None
[2024-03-07T03:02:56.880+0200] {processor.py:183} INFO - Processing /usr/local/lib/python3.8/site-packages/airflow/example_dags/example_dag_decorator.py took 0.401 seconds
[2024-03-07T03:06:31.057+0200] {processor.py:161} INFO - Started process (PID=29797) to work on /usr/local/lib/python3.8/site-packages/airflow/example_dags/example_dag_decorator.py
[2024-03-07T03:06:31.057+0200] {processor.py:830} INFO - Processing file /usr/local/lib/python3.8/site-packages/airflow/example_dags/example_dag_decorator.py for tasks to queue
[2024-03-07T03:06:31.058+0200] {logging_mixin.py:188} INFO - [2024-03-07T03:06:31.058+0200] {dagbag.py:540} INFO - Filling up the DagBag from /usr/local/lib/python3.8/site-packages/airflow/example_dags/example_dag_decorator.py
[2024-03-07T03:06:31.256+0200] {processor.py:840} INFO - DAG(s) 'example_dag_decorator' retrieved from /usr/local/lib/python3.8/site-packages/airflow/example_dags/example_dag_decorator.py
[2024-03-07T03:06:31.427+0200] {logging_mixin.py:188} INFO - [2024-03-07T03:06:31.426+0200] {dag.py:3047} INFO - Sync 1 DAGs
[2024-03-07T03:06:31.434+0200] {logging_mixin.py:188} INFO - [2024-03-07T03:06:31.434+0200] {dag.py:3834} INFO - Setting next_dagrun for example_dag_decorator to None, run_after=None
[2024-03-07T03:06:31.451+0200] {processor.py:183} INFO - Processing /usr/local/lib/python3.8/site-packages/airflow/example_dags/example_dag_decorator.py took 0.396 seconds
[2024-03-07T03:10:08.743+0200] {processor.py:161} INFO - Started process (PID=30018) to work on /usr/local/lib/python3.8/site-packages/airflow/example_dags/example_dag_decorator.py
[2024-03-07T03:10:08.744+0200] {processor.py:830} INFO - Processing file /usr/local/lib/python3.8/site-packages/airflow/example_dags/example_dag_decorator.py for tasks to queue
[2024-03-07T03:10:08.744+0200] {logging_mixin.py:188} INFO - [2024-03-07T03:10:08.744+0200] {dagbag.py:540} INFO - Filling up the DagBag from /usr/local/lib/python3.8/site-packages/airflow/example_dags/example_dag_decorator.py
[2024-03-07T03:10:08.989+0200] {processor.py:840} INFO - DAG(s) 'example_dag_decorator' retrieved from /usr/local/lib/python3.8/site-packages/airflow/example_dags/example_dag_decorator.py
[2024-03-07T03:10:09.202+0200] {logging_mixin.py:188} INFO - [2024-03-07T03:10:09.201+0200] {dag.py:3047} INFO - Sync 1 DAGs
[2024-03-07T03:10:09.212+0200] {logging_mixin.py:188} INFO - [2024-03-07T03:10:09.211+0200] {dag.py:3834} INFO - Setting next_dagrun for example_dag_decorator to None, run_after=None
[2024-03-07T03:10:09.232+0200] {processor.py:183} INFO - Processing /usr/local/lib/python3.8/site-packages/airflow/example_dags/example_dag_decorator.py took 0.491 seconds
[2024-03-07T03:13:45.319+0200] {processor.py:161} INFO - Started process (PID=30225) to work on /usr/local/lib/python3.8/site-packages/airflow/example_dags/example_dag_decorator.py
[2024-03-07T03:13:45.320+0200] {processor.py:830} INFO - Processing file /usr/local/lib/python3.8/site-packages/airflow/example_dags/example_dag_decorator.py for tasks to queue
[2024-03-07T03:13:45.321+0200] {logging_mixin.py:188} INFO - [2024-03-07T03:13:45.321+0200] {dagbag.py:540} INFO - Filling up the DagBag from /usr/local/lib/python3.8/site-packages/airflow/example_dags/example_dag_decorator.py
[2024-03-07T03:13:45.518+0200] {processor.py:840} INFO - DAG(s) 'example_dag_decorator' retrieved from /usr/local/lib/python3.8/site-packages/airflow/example_dags/example_dag_decorator.py
[2024-03-07T03:13:45.692+0200] {logging_mixin.py:188} INFO - [2024-03-07T03:13:45.691+0200] {dag.py:3047} INFO - Sync 1 DAGs
[2024-03-07T03:13:45.700+0200] {logging_mixin.py:188} INFO - [2024-03-07T03:13:45.699+0200] {dag.py:3834} INFO - Setting next_dagrun for example_dag_decorator to None, run_after=None
[2024-03-07T03:13:45.716+0200] {processor.py:183} INFO - Processing /usr/local/lib/python3.8/site-packages/airflow/example_dags/example_dag_decorator.py took 0.398 seconds
[2024-03-07T03:17:20.258+0200] {processor.py:161} INFO - Started process (PID=30429) to work on /usr/local/lib/python3.8/site-packages/airflow/example_dags/example_dag_decorator.py
[2024-03-07T03:17:20.259+0200] {processor.py:830} INFO - Processing file /usr/local/lib/python3.8/site-packages/airflow/example_dags/example_dag_decorator.py for tasks to queue
[2024-03-07T03:17:20.260+0200] {logging_mixin.py:188} INFO - [2024-03-07T03:17:20.259+0200] {dagbag.py:540} INFO - Filling up the DagBag from /usr/local/lib/python3.8/site-packages/airflow/example_dags/example_dag_decorator.py
[2024-03-07T03:17:20.449+0200] {processor.py:840} INFO - DAG(s) 'example_dag_decorator' retrieved from /usr/local/lib/python3.8/site-packages/airflow/example_dags/example_dag_decorator.py
[2024-03-07T03:17:20.630+0200] {logging_mixin.py:188} INFO - [2024-03-07T03:17:20.630+0200] {dag.py:3047} INFO - Sync 1 DAGs
[2024-03-07T03:17:20.638+0200] {logging_mixin.py:188} INFO - [2024-03-07T03:17:20.638+0200] {dag.py:3834} INFO - Setting next_dagrun for example_dag_decorator to None, run_after=None
[2024-03-07T03:17:20.655+0200] {processor.py:183} INFO - Processing /usr/local/lib/python3.8/site-packages/airflow/example_dags/example_dag_decorator.py took 0.398 seconds
[2024-03-07T08:20:43.049+0200] {processor.py:161} INFO - Started process (PID=30980) to work on /usr/local/lib/python3.8/site-packages/airflow/example_dags/example_dag_decorator.py
[2024-03-07T08:20:43.051+0200] {processor.py:830} INFO - Processing file /usr/local/lib/python3.8/site-packages/airflow/example_dags/example_dag_decorator.py for tasks to queue
[2024-03-07T08:20:43.051+0200] {logging_mixin.py:188} INFO - [2024-03-07T08:20:43.051+0200] {dagbag.py:540} INFO - Filling up the DagBag from /usr/local/lib/python3.8/site-packages/airflow/example_dags/example_dag_decorator.py
[2024-03-07T08:20:43.280+0200] {processor.py:840} INFO - DAG(s) 'example_dag_decorator' retrieved from /usr/local/lib/python3.8/site-packages/airflow/example_dags/example_dag_decorator.py
[2024-03-07T08:20:43.449+0200] {logging_mixin.py:188} INFO - [2024-03-07T08:20:43.449+0200] {dag.py:3047} INFO - Sync 1 DAGs
[2024-03-07T08:20:43.457+0200] {logging_mixin.py:188} INFO - [2024-03-07T08:20:43.457+0200] {dag.py:3834} INFO - Setting next_dagrun for example_dag_decorator to None, run_after=None
[2024-03-07T08:20:43.472+0200] {processor.py:183} INFO - Processing /usr/local/lib/python3.8/site-packages/airflow/example_dags/example_dag_decorator.py took 0.425 seconds
[2024-03-07T09:32:13.636+0200] {processor.py:161} INFO - Started process (PID=31293) to work on /usr/local/lib/python3.8/site-packages/airflow/example_dags/example_dag_decorator.py
[2024-03-07T09:32:13.638+0200] {processor.py:830} INFO - Processing file /usr/local/lib/python3.8/site-packages/airflow/example_dags/example_dag_decorator.py for tasks to queue
[2024-03-07T09:32:13.638+0200] {logging_mixin.py:188} INFO - [2024-03-07T09:32:13.638+0200] {dagbag.py:540} INFO - Filling up the DagBag from /usr/local/lib/python3.8/site-packages/airflow/example_dags/example_dag_decorator.py
[2024-03-07T09:32:13.820+0200] {processor.py:840} INFO - DAG(s) 'example_dag_decorator' retrieved from /usr/local/lib/python3.8/site-packages/airflow/example_dags/example_dag_decorator.py
[2024-03-07T09:32:13.982+0200] {logging_mixin.py:188} INFO - [2024-03-07T09:32:13.982+0200] {dag.py:3047} INFO - Sync 1 DAGs
[2024-03-07T09:32:13.990+0200] {logging_mixin.py:188} INFO - [2024-03-07T09:32:13.989+0200] {dag.py:3834} INFO - Setting next_dagrun for example_dag_decorator to None, run_after=None
[2024-03-07T09:32:14.004+0200] {processor.py:183} INFO - Processing /usr/local/lib/python3.8/site-packages/airflow/example_dags/example_dag_decorator.py took 0.370 seconds
[2024-03-07T09:35:22.644+0200] {processor.py:161} INFO - Started process (PID=31557) to work on /usr/local/lib/python3.8/site-packages/airflow/example_dags/example_dag_decorator.py
[2024-03-07T09:35:22.644+0200] {processor.py:830} INFO - Processing file /usr/local/lib/python3.8/site-packages/airflow/example_dags/example_dag_decorator.py for tasks to queue
[2024-03-07T09:35:22.645+0200] {logging_mixin.py:188} INFO - [2024-03-07T09:35:22.645+0200] {dagbag.py:540} INFO - Filling up the DagBag from /usr/local/lib/python3.8/site-packages/airflow/example_dags/example_dag_decorator.py
[2024-03-07T09:35:22.822+0200] {processor.py:840} INFO - DAG(s) 'example_dag_decorator' retrieved from /usr/local/lib/python3.8/site-packages/airflow/example_dags/example_dag_decorator.py
[2024-03-07T09:35:22.966+0200] {logging_mixin.py:188} INFO - [2024-03-07T09:35:22.966+0200] {dag.py:3047} INFO - Sync 1 DAGs
[2024-03-07T09:35:22.972+0200] {logging_mixin.py:188} INFO - [2024-03-07T09:35:22.972+0200] {dag.py:3834} INFO - Setting next_dagrun for example_dag_decorator to None, run_after=None
[2024-03-07T09:35:22.990+0200] {processor.py:183} INFO - Processing /usr/local/lib/python3.8/site-packages/airflow/example_dags/example_dag_decorator.py took 0.348 seconds
[2024-03-07T09:38:37.785+0200] {processor.py:161} INFO - Started process (PID=31786) to work on /usr/local/lib/python3.8/site-packages/airflow/example_dags/example_dag_decorator.py
[2024-03-07T09:38:37.786+0200] {processor.py:830} INFO - Processing file /usr/local/lib/python3.8/site-packages/airflow/example_dags/example_dag_decorator.py for tasks to queue
[2024-03-07T09:38:37.786+0200] {logging_mixin.py:188} INFO - [2024-03-07T09:38:37.786+0200] {dagbag.py:540} INFO - Filling up the DagBag from /usr/local/lib/python3.8/site-packages/airflow/example_dags/example_dag_decorator.py
[2024-03-07T09:38:37.966+0200] {processor.py:840} INFO - DAG(s) 'example_dag_decorator' retrieved from /usr/local/lib/python3.8/site-packages/airflow/example_dags/example_dag_decorator.py
[2024-03-07T09:38:38.125+0200] {logging_mixin.py:188} INFO - [2024-03-07T09:38:38.124+0200] {dag.py:3047} INFO - Sync 1 DAGs
[2024-03-07T09:38:38.131+0200] {logging_mixin.py:188} INFO - [2024-03-07T09:38:38.131+0200] {dag.py:3834} INFO - Setting next_dagrun for example_dag_decorator to None, run_after=None
[2024-03-07T09:38:38.146+0200] {processor.py:183} INFO - Processing /usr/local/lib/python3.8/site-packages/airflow/example_dags/example_dag_decorator.py took 0.363 seconds
[2024-03-07T09:41:54.916+0200] {processor.py:161} INFO - Started process (PID=32011) to work on /usr/local/lib/python3.8/site-packages/airflow/example_dags/example_dag_decorator.py
[2024-03-07T09:41:54.917+0200] {processor.py:830} INFO - Processing file /usr/local/lib/python3.8/site-packages/airflow/example_dags/example_dag_decorator.py for tasks to queue
[2024-03-07T09:41:54.918+0200] {logging_mixin.py:188} INFO - [2024-03-07T09:41:54.917+0200] {dagbag.py:540} INFO - Filling up the DagBag from /usr/local/lib/python3.8/site-packages/airflow/example_dags/example_dag_decorator.py
[2024-03-07T09:41:55.092+0200] {processor.py:840} INFO - DAG(s) 'example_dag_decorator' retrieved from /usr/local/lib/python3.8/site-packages/airflow/example_dags/example_dag_decorator.py
[2024-03-07T09:41:55.238+0200] {logging_mixin.py:188} INFO - [2024-03-07T09:41:55.237+0200] {dag.py:3047} INFO - Sync 1 DAGs
[2024-03-07T09:41:55.244+0200] {logging_mixin.py:188} INFO - [2024-03-07T09:41:55.244+0200] {dag.py:3834} INFO - Setting next_dagrun for example_dag_decorator to None, run_after=None
[2024-03-07T09:41:55.262+0200] {processor.py:183} INFO - Processing /usr/local/lib/python3.8/site-packages/airflow/example_dags/example_dag_decorator.py took 0.348 seconds
[2024-03-07T09:45:04.303+0200] {processor.py:161} INFO - Started process (PID=32224) to work on /usr/local/lib/python3.8/site-packages/airflow/example_dags/example_dag_decorator.py
[2024-03-07T09:45:04.304+0200] {processor.py:830} INFO - Processing file /usr/local/lib/python3.8/site-packages/airflow/example_dags/example_dag_decorator.py for tasks to queue
[2024-03-07T09:45:04.305+0200] {logging_mixin.py:188} INFO - [2024-03-07T09:45:04.305+0200] {dagbag.py:540} INFO - Filling up the DagBag from /usr/local/lib/python3.8/site-packages/airflow/example_dags/example_dag_decorator.py
[2024-03-07T09:45:04.511+0200] {processor.py:840} INFO - DAG(s) 'example_dag_decorator' retrieved from /usr/local/lib/python3.8/site-packages/airflow/example_dags/example_dag_decorator.py
[2024-03-07T09:45:04.665+0200] {logging_mixin.py:188} INFO - [2024-03-07T09:45:04.664+0200] {dag.py:3047} INFO - Sync 1 DAGs
[2024-03-07T09:45:04.671+0200] {logging_mixin.py:188} INFO - [2024-03-07T09:45:04.671+0200] {dag.py:3834} INFO - Setting next_dagrun for example_dag_decorator to None, run_after=None
[2024-03-07T09:45:04.684+0200] {processor.py:183} INFO - Processing /usr/local/lib/python3.8/site-packages/airflow/example_dags/example_dag_decorator.py took 0.383 seconds
[2024-03-07T09:48:14.483+0200] {processor.py:161} INFO - Started process (PID=32423) to work on /usr/local/lib/python3.8/site-packages/airflow/example_dags/example_dag_decorator.py
[2024-03-07T09:48:14.494+0200] {processor.py:830} INFO - Processing file /usr/local/lib/python3.8/site-packages/airflow/example_dags/example_dag_decorator.py for tasks to queue
[2024-03-07T09:48:14.495+0200] {logging_mixin.py:188} INFO - [2024-03-07T09:48:14.494+0200] {dagbag.py:540} INFO - Filling up the DagBag from /usr/local/lib/python3.8/site-packages/airflow/example_dags/example_dag_decorator.py
[2024-03-07T09:48:14.688+0200] {processor.py:840} INFO - DAG(s) 'example_dag_decorator' retrieved from /usr/local/lib/python3.8/site-packages/airflow/example_dags/example_dag_decorator.py
[2024-03-07T09:48:14.849+0200] {logging_mixin.py:188} INFO - [2024-03-07T09:48:14.849+0200] {dag.py:3047} INFO - Sync 1 DAGs
[2024-03-07T09:48:14.856+0200] {logging_mixin.py:188} INFO - [2024-03-07T09:48:14.856+0200] {dag.py:3834} INFO - Setting next_dagrun for example_dag_decorator to None, run_after=None
[2024-03-07T09:48:14.870+0200] {processor.py:183} INFO - Processing /usr/local/lib/python3.8/site-packages/airflow/example_dags/example_dag_decorator.py took 0.389 seconds
[2024-03-07T09:51:32.471+0200] {processor.py:161} INFO - Started process (PID=32639) to work on /usr/local/lib/python3.8/site-packages/airflow/example_dags/example_dag_decorator.py
[2024-03-07T09:51:32.472+0200] {processor.py:830} INFO - Processing file /usr/local/lib/python3.8/site-packages/airflow/example_dags/example_dag_decorator.py for tasks to queue
[2024-03-07T09:51:32.473+0200] {logging_mixin.py:188} INFO - [2024-03-07T09:51:32.473+0200] {dagbag.py:540} INFO - Filling up the DagBag from /usr/local/lib/python3.8/site-packages/airflow/example_dags/example_dag_decorator.py
[2024-03-07T09:51:32.658+0200] {processor.py:840} INFO - DAG(s) 'example_dag_decorator' retrieved from /usr/local/lib/python3.8/site-packages/airflow/example_dags/example_dag_decorator.py
[2024-03-07T09:51:32.834+0200] {logging_mixin.py:188} INFO - [2024-03-07T09:51:32.834+0200] {dag.py:3047} INFO - Sync 1 DAGs
[2024-03-07T09:51:32.841+0200] {logging_mixin.py:188} INFO - [2024-03-07T09:51:32.841+0200] {dag.py:3834} INFO - Setting next_dagrun for example_dag_decorator to None, run_after=None
[2024-03-07T09:51:32.855+0200] {processor.py:183} INFO - Processing /usr/local/lib/python3.8/site-packages/airflow/example_dags/example_dag_decorator.py took 0.385 seconds
[2024-03-07T09:54:38.940+0200] {processor.py:161} INFO - Started process (PID=32856) to work on /usr/local/lib/python3.8/site-packages/airflow/example_dags/example_dag_decorator.py
[2024-03-07T09:54:38.941+0200] {processor.py:830} INFO - Processing file /usr/local/lib/python3.8/site-packages/airflow/example_dags/example_dag_decorator.py for tasks to queue
[2024-03-07T09:54:38.941+0200] {logging_mixin.py:188} INFO - [2024-03-07T09:54:38.941+0200] {dagbag.py:540} INFO - Filling up the DagBag from /usr/local/lib/python3.8/site-packages/airflow/example_dags/example_dag_decorator.py
[2024-03-07T09:54:39.135+0200] {processor.py:840} INFO - DAG(s) 'example_dag_decorator' retrieved from /usr/local/lib/python3.8/site-packages/airflow/example_dags/example_dag_decorator.py
[2024-03-07T09:54:39.297+0200] {logging_mixin.py:188} INFO - [2024-03-07T09:54:39.296+0200] {dag.py:3047} INFO - Sync 1 DAGs
[2024-03-07T09:54:39.304+0200] {logging_mixin.py:188} INFO - [2024-03-07T09:54:39.304+0200] {dag.py:3834} INFO - Setting next_dagrun for example_dag_decorator to None, run_after=None
[2024-03-07T09:54:39.320+0200] {processor.py:183} INFO - Processing /usr/local/lib/python3.8/site-packages/airflow/example_dags/example_dag_decorator.py took 0.382 seconds
[2024-03-07T09:57:55.535+0200] {processor.py:161} INFO - Started process (PID=33073) to work on /usr/local/lib/python3.8/site-packages/airflow/example_dags/example_dag_decorator.py
[2024-03-07T09:57:55.535+0200] {processor.py:830} INFO - Processing file /usr/local/lib/python3.8/site-packages/airflow/example_dags/example_dag_decorator.py for tasks to queue
[2024-03-07T09:57:55.536+0200] {logging_mixin.py:188} INFO - [2024-03-07T09:57:55.536+0200] {dagbag.py:540} INFO - Filling up the DagBag from /usr/local/lib/python3.8/site-packages/airflow/example_dags/example_dag_decorator.py
[2024-03-07T09:57:55.708+0200] {processor.py:840} INFO - DAG(s) 'example_dag_decorator' retrieved from /usr/local/lib/python3.8/site-packages/airflow/example_dags/example_dag_decorator.py
[2024-03-07T09:57:55.856+0200] {logging_mixin.py:188} INFO - [2024-03-07T09:57:55.855+0200] {dag.py:3047} INFO - Sync 1 DAGs
[2024-03-07T09:57:55.862+0200] {logging_mixin.py:188} INFO - [2024-03-07T09:57:55.862+0200] {dag.py:3834} INFO - Setting next_dagrun for example_dag_decorator to None, run_after=None
[2024-03-07T09:57:55.880+0200] {processor.py:183} INFO - Processing /usr/local/lib/python3.8/site-packages/airflow/example_dags/example_dag_decorator.py took 0.346 seconds
[2024-03-07T10:00:57.681+0200] {processor.py:161} INFO - Started process (PID=33289) to work on /usr/local/lib/python3.8/site-packages/airflow/example_dags/example_dag_decorator.py
[2024-03-07T10:00:57.682+0200] {processor.py:830} INFO - Processing file /usr/local/lib/python3.8/site-packages/airflow/example_dags/example_dag_decorator.py for tasks to queue
[2024-03-07T10:00:57.683+0200] {logging_mixin.py:188} INFO - [2024-03-07T10:00:57.683+0200] {dagbag.py:540} INFO - Filling up the DagBag from /usr/local/lib/python3.8/site-packages/airflow/example_dags/example_dag_decorator.py
[2024-03-07T10:00:57.857+0200] {processor.py:840} INFO - DAG(s) 'example_dag_decorator' retrieved from /usr/local/lib/python3.8/site-packages/airflow/example_dags/example_dag_decorator.py
[2024-03-07T10:00:58.022+0200] {logging_mixin.py:188} INFO - [2024-03-07T10:00:58.021+0200] {dag.py:3047} INFO - Sync 1 DAGs
[2024-03-07T10:00:58.028+0200] {logging_mixin.py:188} INFO - [2024-03-07T10:00:58.028+0200] {dag.py:3834} INFO - Setting next_dagrun for example_dag_decorator to None, run_after=None
[2024-03-07T10:00:58.065+0200] {processor.py:183} INFO - Processing /usr/local/lib/python3.8/site-packages/airflow/example_dags/example_dag_decorator.py took 0.386 seconds
[2024-03-07T10:04:11.148+0200] {processor.py:161} INFO - Started process (PID=33500) to work on /usr/local/lib/python3.8/site-packages/airflow/example_dags/example_dag_decorator.py
[2024-03-07T10:04:11.149+0200] {processor.py:830} INFO - Processing file /usr/local/lib/python3.8/site-packages/airflow/example_dags/example_dag_decorator.py for tasks to queue
[2024-03-07T10:04:11.150+0200] {logging_mixin.py:188} INFO - [2024-03-07T10:04:11.150+0200] {dagbag.py:540} INFO - Filling up the DagBag from /usr/local/lib/python3.8/site-packages/airflow/example_dags/example_dag_decorator.py
[2024-03-07T10:04:11.341+0200] {processor.py:840} INFO - DAG(s) 'example_dag_decorator' retrieved from /usr/local/lib/python3.8/site-packages/airflow/example_dags/example_dag_decorator.py
[2024-03-07T10:04:11.527+0200] {logging_mixin.py:188} INFO - [2024-03-07T10:04:11.527+0200] {dag.py:3047} INFO - Sync 1 DAGs
[2024-03-07T10:04:11.535+0200] {logging_mixin.py:188} INFO - [2024-03-07T10:04:11.535+0200] {dag.py:3834} INFO - Setting next_dagrun for example_dag_decorator to None, run_after=None
[2024-03-07T10:04:11.549+0200] {processor.py:183} INFO - Processing /usr/local/lib/python3.8/site-packages/airflow/example_dags/example_dag_decorator.py took 0.403 seconds
[2024-03-07T10:07:30.868+0200] {processor.py:161} INFO - Started process (PID=33720) to work on /usr/local/lib/python3.8/site-packages/airflow/example_dags/example_dag_decorator.py
[2024-03-07T10:07:30.868+0200] {processor.py:830} INFO - Processing file /usr/local/lib/python3.8/site-packages/airflow/example_dags/example_dag_decorator.py for tasks to queue
[2024-03-07T10:07:30.869+0200] {logging_mixin.py:188} INFO - [2024-03-07T10:07:30.869+0200] {dagbag.py:540} INFO - Filling up the DagBag from /usr/local/lib/python3.8/site-packages/airflow/example_dags/example_dag_decorator.py
[2024-03-07T10:07:31.053+0200] {processor.py:840} INFO - DAG(s) 'example_dag_decorator' retrieved from /usr/local/lib/python3.8/site-packages/airflow/example_dags/example_dag_decorator.py
[2024-03-07T10:07:31.217+0200] {logging_mixin.py:188} INFO - [2024-03-07T10:07:31.217+0200] {dag.py:3047} INFO - Sync 1 DAGs
[2024-03-07T10:07:31.224+0200] {logging_mixin.py:188} INFO - [2024-03-07T10:07:31.224+0200] {dag.py:3834} INFO - Setting next_dagrun for example_dag_decorator to None, run_after=None
[2024-03-07T10:07:31.239+0200] {processor.py:183} INFO - Processing /usr/local/lib/python3.8/site-packages/airflow/example_dags/example_dag_decorator.py took 0.373 seconds
[2024-03-07T10:10:56.981+0200] {processor.py:161} INFO - Started process (PID=33967) to work on /usr/local/lib/python3.8/site-packages/airflow/example_dags/example_dag_decorator.py
[2024-03-07T10:10:56.982+0200] {processor.py:830} INFO - Processing file /usr/local/lib/python3.8/site-packages/airflow/example_dags/example_dag_decorator.py for tasks to queue
[2024-03-07T10:10:56.983+0200] {logging_mixin.py:188} INFO - [2024-03-07T10:10:56.983+0200] {dagbag.py:540} INFO - Filling up the DagBag from /usr/local/lib/python3.8/site-packages/airflow/example_dags/example_dag_decorator.py
[2024-03-07T10:10:57.170+0200] {processor.py:840} INFO - DAG(s) 'example_dag_decorator' retrieved from /usr/local/lib/python3.8/site-packages/airflow/example_dags/example_dag_decorator.py
[2024-03-07T10:10:57.343+0200] {logging_mixin.py:188} INFO - [2024-03-07T10:10:57.342+0200] {dag.py:3047} INFO - Sync 1 DAGs
[2024-03-07T10:10:57.350+0200] {logging_mixin.py:188} INFO - [2024-03-07T10:10:57.350+0200] {dag.py:3834} INFO - Setting next_dagrun for example_dag_decorator to None, run_after=None
[2024-03-07T10:10:57.363+0200] {processor.py:183} INFO - Processing /usr/local/lib/python3.8/site-packages/airflow/example_dags/example_dag_decorator.py took 0.384 seconds
[2024-03-07T10:14:20.629+0200] {processor.py:161} INFO - Started process (PID=34189) to work on /usr/local/lib/python3.8/site-packages/airflow/example_dags/example_dag_decorator.py
[2024-03-07T10:14:20.630+0200] {processor.py:830} INFO - Processing file /usr/local/lib/python3.8/site-packages/airflow/example_dags/example_dag_decorator.py for tasks to queue
[2024-03-07T10:14:20.631+0200] {logging_mixin.py:188} INFO - [2024-03-07T10:14:20.631+0200] {dagbag.py:540} INFO - Filling up the DagBag from /usr/local/lib/python3.8/site-packages/airflow/example_dags/example_dag_decorator.py
[2024-03-07T10:14:20.833+0200] {processor.py:840} INFO - DAG(s) 'example_dag_decorator' retrieved from /usr/local/lib/python3.8/site-packages/airflow/example_dags/example_dag_decorator.py
[2024-03-07T10:14:20.986+0200] {logging_mixin.py:188} INFO - [2024-03-07T10:14:20.986+0200] {dag.py:3047} INFO - Sync 1 DAGs
[2024-03-07T10:14:20.993+0200] {logging_mixin.py:188} INFO - [2024-03-07T10:14:20.993+0200] {dag.py:3834} INFO - Setting next_dagrun for example_dag_decorator to None, run_after=None
[2024-03-07T10:14:21.006+0200] {processor.py:183} INFO - Processing /usr/local/lib/python3.8/site-packages/airflow/example_dags/example_dag_decorator.py took 0.379 seconds
[2024-03-07T10:17:24.438+0200] {processor.py:161} INFO - Started process (PID=34386) to work on /usr/local/lib/python3.8/site-packages/airflow/example_dags/example_dag_decorator.py
[2024-03-07T10:17:24.439+0200] {processor.py:830} INFO - Processing file /usr/local/lib/python3.8/site-packages/airflow/example_dags/example_dag_decorator.py for tasks to queue
[2024-03-07T10:17:24.440+0200] {logging_mixin.py:188} INFO - [2024-03-07T10:17:24.439+0200] {dagbag.py:540} INFO - Filling up the DagBag from /usr/local/lib/python3.8/site-packages/airflow/example_dags/example_dag_decorator.py
[2024-03-07T10:17:24.650+0200] {processor.py:840} INFO - DAG(s) 'example_dag_decorator' retrieved from /usr/local/lib/python3.8/site-packages/airflow/example_dags/example_dag_decorator.py
[2024-03-07T10:17:24.844+0200] {logging_mixin.py:188} INFO - [2024-03-07T10:17:24.843+0200] {dag.py:3047} INFO - Sync 1 DAGs
[2024-03-07T10:17:24.854+0200] {logging_mixin.py:188} INFO - [2024-03-07T10:17:24.854+0200] {dag.py:3834} INFO - Setting next_dagrun for example_dag_decorator to None, run_after=None
[2024-03-07T10:17:24.875+0200] {processor.py:183} INFO - Processing /usr/local/lib/python3.8/site-packages/airflow/example_dags/example_dag_decorator.py took 0.439 seconds
[2024-03-07T10:20:47.146+0200] {processor.py:161} INFO - Started process (PID=34587) to work on /usr/local/lib/python3.8/site-packages/airflow/example_dags/example_dag_decorator.py
[2024-03-07T10:20:47.147+0200] {processor.py:830} INFO - Processing file /usr/local/lib/python3.8/site-packages/airflow/example_dags/example_dag_decorator.py for tasks to queue
[2024-03-07T10:20:47.147+0200] {logging_mixin.py:188} INFO - [2024-03-07T10:20:47.147+0200] {dagbag.py:540} INFO - Filling up the DagBag from /usr/local/lib/python3.8/site-packages/airflow/example_dags/example_dag_decorator.py
[2024-03-07T10:20:47.324+0200] {processor.py:840} INFO - DAG(s) 'example_dag_decorator' retrieved from /usr/local/lib/python3.8/site-packages/airflow/example_dags/example_dag_decorator.py
[2024-03-07T10:20:47.486+0200] {logging_mixin.py:188} INFO - [2024-03-07T10:20:47.486+0200] {dag.py:3047} INFO - Sync 1 DAGs
[2024-03-07T10:20:47.493+0200] {logging_mixin.py:188} INFO - [2024-03-07T10:20:47.493+0200] {dag.py:3834} INFO - Setting next_dagrun for example_dag_decorator to None, run_after=None
[2024-03-07T10:20:47.507+0200] {processor.py:183} INFO - Processing /usr/local/lib/python3.8/site-packages/airflow/example_dags/example_dag_decorator.py took 0.363 seconds
[2024-03-07T10:24:13.925+0200] {processor.py:161} INFO - Started process (PID=34794) to work on /usr/local/lib/python3.8/site-packages/airflow/example_dags/example_dag_decorator.py
[2024-03-07T10:24:13.926+0200] {processor.py:830} INFO - Processing file /usr/local/lib/python3.8/site-packages/airflow/example_dags/example_dag_decorator.py for tasks to queue
[2024-03-07T10:24:13.927+0200] {logging_mixin.py:188} INFO - [2024-03-07T10:24:13.927+0200] {dagbag.py:540} INFO - Filling up the DagBag from /usr/local/lib/python3.8/site-packages/airflow/example_dags/example_dag_decorator.py
[2024-03-07T10:24:14.102+0200] {processor.py:840} INFO - DAG(s) 'example_dag_decorator' retrieved from /usr/local/lib/python3.8/site-packages/airflow/example_dags/example_dag_decorator.py
[2024-03-07T10:24:14.271+0200] {logging_mixin.py:188} INFO - [2024-03-07T10:24:14.270+0200] {dag.py:3047} INFO - Sync 1 DAGs
[2024-03-07T10:24:14.278+0200] {logging_mixin.py:188} INFO - [2024-03-07T10:24:14.278+0200] {dag.py:3834} INFO - Setting next_dagrun for example_dag_decorator to None, run_after=None
[2024-03-07T10:24:14.293+0200] {processor.py:183} INFO - Processing /usr/local/lib/python3.8/site-packages/airflow/example_dags/example_dag_decorator.py took 0.369 seconds
[2024-03-07T10:27:36.262+0200] {processor.py:161} INFO - Started process (PID=35004) to work on /usr/local/lib/python3.8/site-packages/airflow/example_dags/example_dag_decorator.py
[2024-03-07T10:27:36.263+0200] {processor.py:830} INFO - Processing file /usr/local/lib/python3.8/site-packages/airflow/example_dags/example_dag_decorator.py for tasks to queue
[2024-03-07T10:27:36.264+0200] {logging_mixin.py:188} INFO - [2024-03-07T10:27:36.264+0200] {dagbag.py:540} INFO - Filling up the DagBag from /usr/local/lib/python3.8/site-packages/airflow/example_dags/example_dag_decorator.py
[2024-03-07T10:27:36.448+0200] {processor.py:840} INFO - DAG(s) 'example_dag_decorator' retrieved from /usr/local/lib/python3.8/site-packages/airflow/example_dags/example_dag_decorator.py
[2024-03-07T10:27:36.647+0200] {logging_mixin.py:188} INFO - [2024-03-07T10:27:36.646+0200] {dag.py:3047} INFO - Sync 1 DAGs
[2024-03-07T10:27:36.654+0200] {logging_mixin.py:188} INFO - [2024-03-07T10:27:36.654+0200] {dag.py:3834} INFO - Setting next_dagrun for example_dag_decorator to None, run_after=None
[2024-03-07T10:27:36.669+0200] {processor.py:183} INFO - Processing /usr/local/lib/python3.8/site-packages/airflow/example_dags/example_dag_decorator.py took 0.408 seconds
[2024-03-07T10:30:54.658+0200] {processor.py:161} INFO - Started process (PID=35215) to work on /usr/local/lib/python3.8/site-packages/airflow/example_dags/example_dag_decorator.py
[2024-03-07T10:30:54.659+0200] {processor.py:830} INFO - Processing file /usr/local/lib/python3.8/site-packages/airflow/example_dags/example_dag_decorator.py for tasks to queue
[2024-03-07T10:30:54.659+0200] {logging_mixin.py:188} INFO - [2024-03-07T10:30:54.659+0200] {dagbag.py:540} INFO - Filling up the DagBag from /usr/local/lib/python3.8/site-packages/airflow/example_dags/example_dag_decorator.py
[2024-03-07T10:30:54.840+0200] {processor.py:840} INFO - DAG(s) 'example_dag_decorator' retrieved from /usr/local/lib/python3.8/site-packages/airflow/example_dags/example_dag_decorator.py
[2024-03-07T10:30:55.049+0200] {logging_mixin.py:188} INFO - [2024-03-07T10:30:55.049+0200] {dag.py:3047} INFO - Sync 1 DAGs
[2024-03-07T10:30:55.058+0200] {logging_mixin.py:188} INFO - [2024-03-07T10:30:55.058+0200] {dag.py:3834} INFO - Setting next_dagrun for example_dag_decorator to None, run_after=None
[2024-03-07T10:30:55.074+0200] {processor.py:183} INFO - Processing /usr/local/lib/python3.8/site-packages/airflow/example_dags/example_dag_decorator.py took 0.418 seconds
[2024-03-07T10:34:10.221+0200] {processor.py:161} INFO - Started process (PID=35431) to work on /usr/local/lib/python3.8/site-packages/airflow/example_dags/example_dag_decorator.py
[2024-03-07T10:34:10.222+0200] {processor.py:830} INFO - Processing file /usr/local/lib/python3.8/site-packages/airflow/example_dags/example_dag_decorator.py for tasks to queue
[2024-03-07T10:34:10.223+0200] {logging_mixin.py:188} INFO - [2024-03-07T10:34:10.222+0200] {dagbag.py:540} INFO - Filling up the DagBag from /usr/local/lib/python3.8/site-packages/airflow/example_dags/example_dag_decorator.py
[2024-03-07T10:34:10.394+0200] {processor.py:840} INFO - DAG(s) 'example_dag_decorator' retrieved from /usr/local/lib/python3.8/site-packages/airflow/example_dags/example_dag_decorator.py
[2024-03-07T10:34:10.540+0200] {logging_mixin.py:188} INFO - [2024-03-07T10:34:10.540+0200] {dag.py:3047} INFO - Sync 1 DAGs
[2024-03-07T10:34:10.547+0200] {logging_mixin.py:188} INFO - [2024-03-07T10:34:10.547+0200] {dag.py:3834} INFO - Setting next_dagrun for example_dag_decorator to None, run_after=None
[2024-03-07T10:34:10.562+0200] {processor.py:183} INFO - Processing /usr/local/lib/python3.8/site-packages/airflow/example_dags/example_dag_decorator.py took 0.343 seconds
[2024-03-07T10:37:00.935+0200] {processor.py:161} INFO - Started process (PID=35631) to work on /usr/local/lib/python3.8/site-packages/airflow/example_dags/example_dag_decorator.py
[2024-03-07T10:37:00.936+0200] {processor.py:830} INFO - Processing file /usr/local/lib/python3.8/site-packages/airflow/example_dags/example_dag_decorator.py for tasks to queue
[2024-03-07T10:37:00.936+0200] {logging_mixin.py:188} INFO - [2024-03-07T10:37:00.936+0200] {dagbag.py:540} INFO - Filling up the DagBag from /usr/local/lib/python3.8/site-packages/airflow/example_dags/example_dag_decorator.py
[2024-03-07T10:37:01.105+0200] {processor.py:840} INFO - DAG(s) 'example_dag_decorator' retrieved from /usr/local/lib/python3.8/site-packages/airflow/example_dags/example_dag_decorator.py
[2024-03-07T10:37:01.251+0200] {logging_mixin.py:188} INFO - [2024-03-07T10:37:01.251+0200] {dag.py:3047} INFO - Sync 1 DAGs
[2024-03-07T10:37:01.258+0200] {logging_mixin.py:188} INFO - [2024-03-07T10:37:01.257+0200] {dag.py:3834} INFO - Setting next_dagrun for example_dag_decorator to None, run_after=None
[2024-03-07T10:37:01.275+0200] {processor.py:183} INFO - Processing /usr/local/lib/python3.8/site-packages/airflow/example_dags/example_dag_decorator.py took 0.342 seconds
[2024-03-07T10:39:57.488+0200] {processor.py:161} INFO - Started process (PID=35867) to work on /usr/local/lib/python3.8/site-packages/airflow/example_dags/example_dag_decorator.py
[2024-03-07T10:39:57.489+0200] {processor.py:830} INFO - Processing file /usr/local/lib/python3.8/site-packages/airflow/example_dags/example_dag_decorator.py for tasks to queue
[2024-03-07T10:39:57.489+0200] {logging_mixin.py:188} INFO - [2024-03-07T10:39:57.489+0200] {dagbag.py:540} INFO - Filling up the DagBag from /usr/local/lib/python3.8/site-packages/airflow/example_dags/example_dag_decorator.py
[2024-03-07T10:39:57.674+0200] {processor.py:840} INFO - DAG(s) 'example_dag_decorator' retrieved from /usr/local/lib/python3.8/site-packages/airflow/example_dags/example_dag_decorator.py
[2024-03-07T10:39:57.837+0200] {logging_mixin.py:188} INFO - [2024-03-07T10:39:57.836+0200] {dag.py:3047} INFO - Sync 1 DAGs
[2024-03-07T10:39:57.844+0200] {logging_mixin.py:188} INFO - [2024-03-07T10:39:57.844+0200] {dag.py:3834} INFO - Setting next_dagrun for example_dag_decorator to None, run_after=None
[2024-03-07T10:39:57.858+0200] {processor.py:183} INFO - Processing /usr/local/lib/python3.8/site-packages/airflow/example_dags/example_dag_decorator.py took 0.372 seconds
[2024-03-07T10:43:21.011+0200] {processor.py:161} INFO - Started process (PID=36121) to work on /usr/local/lib/python3.8/site-packages/airflow/example_dags/example_dag_decorator.py
[2024-03-07T10:43:21.011+0200] {processor.py:830} INFO - Processing file /usr/local/lib/python3.8/site-packages/airflow/example_dags/example_dag_decorator.py for tasks to queue
[2024-03-07T10:43:21.012+0200] {logging_mixin.py:188} INFO - [2024-03-07T10:43:21.012+0200] {dagbag.py:540} INFO - Filling up the DagBag from /usr/local/lib/python3.8/site-packages/airflow/example_dags/example_dag_decorator.py
[2024-03-07T10:43:21.205+0200] {processor.py:840} INFO - DAG(s) 'example_dag_decorator' retrieved from /usr/local/lib/python3.8/site-packages/airflow/example_dags/example_dag_decorator.py
[2024-03-07T10:43:21.393+0200] {logging_mixin.py:188} INFO - [2024-03-07T10:43:21.393+0200] {dag.py:3047} INFO - Sync 1 DAGs
[2024-03-07T10:43:21.400+0200] {logging_mixin.py:188} INFO - [2024-03-07T10:43:21.400+0200] {dag.py:3834} INFO - Setting next_dagrun for example_dag_decorator to None, run_after=None
[2024-03-07T10:43:21.413+0200] {processor.py:183} INFO - Processing /usr/local/lib/python3.8/site-packages/airflow/example_dags/example_dag_decorator.py took 0.404 seconds
[2024-03-07T10:46:19.737+0200] {processor.py:161} INFO - Started process (PID=36316) to work on /usr/local/lib/python3.8/site-packages/airflow/example_dags/example_dag_decorator.py
[2024-03-07T10:46:19.738+0200] {processor.py:830} INFO - Processing file /usr/local/lib/python3.8/site-packages/airflow/example_dags/example_dag_decorator.py for tasks to queue
[2024-03-07T10:46:19.738+0200] {logging_mixin.py:188} INFO - [2024-03-07T10:46:19.738+0200] {dagbag.py:540} INFO - Filling up the DagBag from /usr/local/lib/python3.8/site-packages/airflow/example_dags/example_dag_decorator.py
[2024-03-07T10:46:19.892+0200] {processor.py:840} INFO - DAG(s) 'example_dag_decorator' retrieved from /usr/local/lib/python3.8/site-packages/airflow/example_dags/example_dag_decorator.py
[2024-03-07T10:46:20.031+0200] {logging_mixin.py:188} INFO - [2024-03-07T10:46:20.031+0200] {dag.py:3047} INFO - Sync 1 DAGs
[2024-03-07T10:46:20.037+0200] {logging_mixin.py:188} INFO - [2024-03-07T10:46:20.037+0200] {dag.py:3834} INFO - Setting next_dagrun for example_dag_decorator to None, run_after=None
[2024-03-07T10:46:20.051+0200] {processor.py:183} INFO - Processing /usr/local/lib/python3.8/site-packages/airflow/example_dags/example_dag_decorator.py took 0.315 seconds
[2024-03-07T10:49:12.414+0200] {processor.py:161} INFO - Started process (PID=36504) to work on /usr/local/lib/python3.8/site-packages/airflow/example_dags/example_dag_decorator.py
[2024-03-07T10:49:12.416+0200] {processor.py:830} INFO - Processing file /usr/local/lib/python3.8/site-packages/airflow/example_dags/example_dag_decorator.py for tasks to queue
[2024-03-07T10:49:12.416+0200] {logging_mixin.py:188} INFO - [2024-03-07T10:49:12.416+0200] {dagbag.py:540} INFO - Filling up the DagBag from /usr/local/lib/python3.8/site-packages/airflow/example_dags/example_dag_decorator.py
[2024-03-07T10:49:12.575+0200] {processor.py:840} INFO - DAG(s) 'example_dag_decorator' retrieved from /usr/local/lib/python3.8/site-packages/airflow/example_dags/example_dag_decorator.py
[2024-03-07T10:49:12.725+0200] {logging_mixin.py:188} INFO - [2024-03-07T10:49:12.725+0200] {dag.py:3047} INFO - Sync 1 DAGs
[2024-03-07T10:49:12.732+0200] {logging_mixin.py:188} INFO - [2024-03-07T10:49:12.732+0200] {dag.py:3834} INFO - Setting next_dagrun for example_dag_decorator to None, run_after=None
[2024-03-07T10:49:12.747+0200] {processor.py:183} INFO - Processing /usr/local/lib/python3.8/site-packages/airflow/example_dags/example_dag_decorator.py took 0.334 seconds
[2024-03-07T10:52:25.290+0200] {processor.py:161} INFO - Started process (PID=36720) to work on /usr/local/lib/python3.8/site-packages/airflow/example_dags/example_dag_decorator.py
[2024-03-07T10:52:25.292+0200] {processor.py:830} INFO - Processing file /usr/local/lib/python3.8/site-packages/airflow/example_dags/example_dag_decorator.py for tasks to queue
[2024-03-07T10:52:25.292+0200] {logging_mixin.py:188} INFO - [2024-03-07T10:52:25.292+0200] {dagbag.py:540} INFO - Filling up the DagBag from /usr/local/lib/python3.8/site-packages/airflow/example_dags/example_dag_decorator.py
[2024-03-07T10:52:25.462+0200] {processor.py:840} INFO - DAG(s) 'example_dag_decorator' retrieved from /usr/local/lib/python3.8/site-packages/airflow/example_dags/example_dag_decorator.py
[2024-03-07T10:52:25.617+0200] {logging_mixin.py:188} INFO - [2024-03-07T10:52:25.617+0200] {dag.py:3047} INFO - Sync 1 DAGs
[2024-03-07T10:52:25.624+0200] {logging_mixin.py:188} INFO - [2024-03-07T10:52:25.624+0200] {dag.py:3834} INFO - Setting next_dagrun for example_dag_decorator to None, run_after=None
[2024-03-07T10:52:25.642+0200] {processor.py:183} INFO - Processing /usr/local/lib/python3.8/site-packages/airflow/example_dags/example_dag_decorator.py took 0.353 seconds
[2024-03-07T10:55:32.486+0200] {processor.py:161} INFO - Started process (PID=36910) to work on /usr/local/lib/python3.8/site-packages/airflow/example_dags/example_dag_decorator.py
[2024-03-07T10:55:32.487+0200] {processor.py:830} INFO - Processing file /usr/local/lib/python3.8/site-packages/airflow/example_dags/example_dag_decorator.py for tasks to queue
[2024-03-07T10:55:32.488+0200] {logging_mixin.py:188} INFO - [2024-03-07T10:55:32.488+0200] {dagbag.py:540} INFO - Filling up the DagBag from /usr/local/lib/python3.8/site-packages/airflow/example_dags/example_dag_decorator.py
[2024-03-07T10:55:32.662+0200] {processor.py:840} INFO - DAG(s) 'example_dag_decorator' retrieved from /usr/local/lib/python3.8/site-packages/airflow/example_dags/example_dag_decorator.py
[2024-03-07T10:55:32.810+0200] {logging_mixin.py:188} INFO - [2024-03-07T10:55:32.810+0200] {dag.py:3047} INFO - Sync 1 DAGs
[2024-03-07T10:55:32.816+0200] {logging_mixin.py:188} INFO - [2024-03-07T10:55:32.816+0200] {dag.py:3834} INFO - Setting next_dagrun for example_dag_decorator to None, run_after=None
[2024-03-07T10:55:32.830+0200] {processor.py:183} INFO - Processing /usr/local/lib/python3.8/site-packages/airflow/example_dags/example_dag_decorator.py took 0.345 seconds
[2024-03-07T11:31:13.147+0200] {processor.py:161} INFO - Started process (PID=37350) to work on /usr/local/lib/python3.8/site-packages/airflow/example_dags/example_dag_decorator.py
[2024-03-07T11:31:13.148+0200] {processor.py:830} INFO - Processing file /usr/local/lib/python3.8/site-packages/airflow/example_dags/example_dag_decorator.py for tasks to queue
[2024-03-07T11:31:13.149+0200] {logging_mixin.py:188} INFO - [2024-03-07T11:31:13.149+0200] {dagbag.py:540} INFO - Filling up the DagBag from /usr/local/lib/python3.8/site-packages/airflow/example_dags/example_dag_decorator.py
[2024-03-07T11:31:13.342+0200] {processor.py:840} INFO - DAG(s) 'example_dag_decorator' retrieved from /usr/local/lib/python3.8/site-packages/airflow/example_dags/example_dag_decorator.py
[2024-03-07T11:31:13.500+0200] {logging_mixin.py:188} INFO - [2024-03-07T11:31:13.500+0200] {dag.py:3047} INFO - Sync 1 DAGs
[2024-03-07T11:31:13.507+0200] {logging_mixin.py:188} INFO - [2024-03-07T11:31:13.507+0200] {dag.py:3834} INFO - Setting next_dagrun for example_dag_decorator to None, run_after=None
[2024-03-07T11:31:13.522+0200] {processor.py:183} INFO - Processing /usr/local/lib/python3.8/site-packages/airflow/example_dags/example_dag_decorator.py took 0.377 seconds
[2024-03-07T11:34:38.720+0200] {processor.py:161} INFO - Started process (PID=37567) to work on /usr/local/lib/python3.8/site-packages/airflow/example_dags/example_dag_decorator.py
[2024-03-07T11:34:38.720+0200] {processor.py:830} INFO - Processing file /usr/local/lib/python3.8/site-packages/airflow/example_dags/example_dag_decorator.py for tasks to queue
[2024-03-07T11:34:38.721+0200] {logging_mixin.py:188} INFO - [2024-03-07T11:34:38.721+0200] {dagbag.py:540} INFO - Filling up the DagBag from /usr/local/lib/python3.8/site-packages/airflow/example_dags/example_dag_decorator.py
[2024-03-07T11:34:38.899+0200] {processor.py:840} INFO - DAG(s) 'example_dag_decorator' retrieved from /usr/local/lib/python3.8/site-packages/airflow/example_dags/example_dag_decorator.py
[2024-03-07T11:34:39.052+0200] {logging_mixin.py:188} INFO - [2024-03-07T11:34:39.052+0200] {dag.py:3047} INFO - Sync 1 DAGs
[2024-03-07T11:34:39.058+0200] {logging_mixin.py:188} INFO - [2024-03-07T11:34:39.058+0200] {dag.py:3834} INFO - Setting next_dagrun for example_dag_decorator to None, run_after=None
[2024-03-07T11:34:39.074+0200] {processor.py:183} INFO - Processing /usr/local/lib/python3.8/site-packages/airflow/example_dags/example_dag_decorator.py took 0.355 seconds
