[2024-03-07T02:25:49.098+0200] {processor.py:161} INFO - Started process (PID=25727) to work on /usr/local/lib/python3.8/site-packages/airflow/example_dags/example_branch_day_of_week_operator.py
[2024-03-07T02:25:49.099+0200] {processor.py:830} INFO - Processing file /usr/local/lib/python3.8/site-packages/airflow/example_dags/example_branch_day_of_week_operator.py for tasks to queue
[2024-03-07T02:25:49.100+0200] {logging_mixin.py:188} INFO - [2024-03-07T02:25:49.099+0200] {dagbag.py:540} INFO - Filling up the DagBag from /usr/local/lib/python3.8/site-packages/airflow/example_dags/example_branch_day_of_week_operator.py
[2024-03-07T02:25:49.114+0200] {processor.py:840} INFO - DAG(s) 'example_weekday_branch_operator' retrieved from /usr/local/lib/python3.8/site-packages/airflow/example_dags/example_branch_day_of_week_operator.py
[2024-03-07T02:25:49.380+0200] {logging_mixin.py:188} INFO - [2024-03-07T02:25:49.380+0200] {dag.py:3047} INFO - Sync 1 DAGs
[2024-03-07T02:25:49.398+0200] {logging_mixin.py:188} INFO - [2024-03-07T02:25:49.398+0200] {dag.py:3834} INFO - Setting next_dagrun for example_weekday_branch_operator to 2024-03-06 00:00:00+00:00, run_after=2024-03-07 00:00:00+00:00
[2024-03-07T02:25:49.419+0200] {processor.py:183} INFO - Processing /usr/local/lib/python3.8/site-packages/airflow/example_dags/example_branch_day_of_week_operator.py took 0.322 seconds
[2024-03-07T02:29:20.277+0200] {processor.py:161} INFO - Started process (PID=25940) to work on /usr/local/lib/python3.8/site-packages/airflow/example_dags/example_branch_day_of_week_operator.py
[2024-03-07T02:29:20.278+0200] {processor.py:830} INFO - Processing file /usr/local/lib/python3.8/site-packages/airflow/example_dags/example_branch_day_of_week_operator.py for tasks to queue
[2024-03-07T02:29:20.279+0200] {logging_mixin.py:188} INFO - [2024-03-07T02:29:20.278+0200] {dagbag.py:540} INFO - Filling up the DagBag from /usr/local/lib/python3.8/site-packages/airflow/example_dags/example_branch_day_of_week_operator.py
[2024-03-07T02:29:20.289+0200] {processor.py:840} INFO - DAG(s) 'example_weekday_branch_operator' retrieved from /usr/local/lib/python3.8/site-packages/airflow/example_dags/example_branch_day_of_week_operator.py
[2024-03-07T02:29:20.516+0200] {logging_mixin.py:188} INFO - [2024-03-07T02:29:20.516+0200] {dag.py:3047} INFO - Sync 1 DAGs
[2024-03-07T02:29:20.533+0200] {logging_mixin.py:188} INFO - [2024-03-07T02:29:20.532+0200] {dag.py:3834} INFO - Setting next_dagrun for example_weekday_branch_operator to 2024-03-06 00:00:00+00:00, run_after=2024-03-07 00:00:00+00:00
[2024-03-07T02:29:20.550+0200] {processor.py:183} INFO - Processing /usr/local/lib/python3.8/site-packages/airflow/example_dags/example_branch_day_of_week_operator.py took 0.275 seconds
[2024-03-07T02:32:51.254+0200] {processor.py:161} INFO - Started process (PID=26153) to work on /usr/local/lib/python3.8/site-packages/airflow/example_dags/example_branch_day_of_week_operator.py
[2024-03-07T02:32:51.255+0200] {processor.py:830} INFO - Processing file /usr/local/lib/python3.8/site-packages/airflow/example_dags/example_branch_day_of_week_operator.py for tasks to queue
[2024-03-07T02:32:51.256+0200] {logging_mixin.py:188} INFO - [2024-03-07T02:32:51.255+0200] {dagbag.py:540} INFO - Filling up the DagBag from /usr/local/lib/python3.8/site-packages/airflow/example_dags/example_branch_day_of_week_operator.py
[2024-03-07T02:32:51.266+0200] {processor.py:840} INFO - DAG(s) 'example_weekday_branch_operator' retrieved from /usr/local/lib/python3.8/site-packages/airflow/example_dags/example_branch_day_of_week_operator.py
[2024-03-07T02:32:51.492+0200] {logging_mixin.py:188} INFO - [2024-03-07T02:32:51.491+0200] {dag.py:3047} INFO - Sync 1 DAGs
[2024-03-07T02:32:51.508+0200] {logging_mixin.py:188} INFO - [2024-03-07T02:32:51.508+0200] {dag.py:3834} INFO - Setting next_dagrun for example_weekday_branch_operator to 2024-03-06 00:00:00+00:00, run_after=2024-03-07 00:00:00+00:00
[2024-03-07T02:32:51.525+0200] {processor.py:183} INFO - Processing /usr/local/lib/python3.8/site-packages/airflow/example_dags/example_branch_day_of_week_operator.py took 0.273 seconds
[2024-03-07T02:36:19.689+0200] {processor.py:161} INFO - Started process (PID=28040) to work on /usr/local/lib/python3.8/site-packages/airflow/example_dags/example_branch_day_of_week_operator.py
[2024-03-07T02:36:19.690+0200] {processor.py:830} INFO - Processing file /usr/local/lib/python3.8/site-packages/airflow/example_dags/example_branch_day_of_week_operator.py for tasks to queue
[2024-03-07T02:36:19.691+0200] {logging_mixin.py:188} INFO - [2024-03-07T02:36:19.690+0200] {dagbag.py:540} INFO - Filling up the DagBag from /usr/local/lib/python3.8/site-packages/airflow/example_dags/example_branch_day_of_week_operator.py
[2024-03-07T02:36:19.701+0200] {processor.py:840} INFO - DAG(s) 'example_weekday_branch_operator' retrieved from /usr/local/lib/python3.8/site-packages/airflow/example_dags/example_branch_day_of_week_operator.py
[2024-03-07T02:36:19.928+0200] {logging_mixin.py:188} INFO - [2024-03-07T02:36:19.927+0200] {dag.py:3047} INFO - Sync 1 DAGs
[2024-03-07T02:36:19.944+0200] {logging_mixin.py:188} INFO - [2024-03-07T02:36:19.943+0200] {dag.py:3834} INFO - Setting next_dagrun for example_weekday_branch_operator to 2024-03-06 00:00:00+00:00, run_after=2024-03-07 00:00:00+00:00
[2024-03-07T02:36:19.962+0200] {processor.py:183} INFO - Processing /usr/local/lib/python3.8/site-packages/airflow/example_dags/example_branch_day_of_week_operator.py took 0.275 seconds
[2024-03-07T02:39:55.246+0200] {processor.py:161} INFO - Started process (PID=28285) to work on /usr/local/lib/python3.8/site-packages/airflow/example_dags/example_branch_day_of_week_operator.py
[2024-03-07T02:39:55.247+0200] {processor.py:830} INFO - Processing file /usr/local/lib/python3.8/site-packages/airflow/example_dags/example_branch_day_of_week_operator.py for tasks to queue
[2024-03-07T02:39:55.247+0200] {logging_mixin.py:188} INFO - [2024-03-07T02:39:55.247+0200] {dagbag.py:540} INFO - Filling up the DagBag from /usr/local/lib/python3.8/site-packages/airflow/example_dags/example_branch_day_of_week_operator.py
[2024-03-07T02:39:55.257+0200] {processor.py:840} INFO - DAG(s) 'example_weekday_branch_operator' retrieved from /usr/local/lib/python3.8/site-packages/airflow/example_dags/example_branch_day_of_week_operator.py
[2024-03-07T02:39:55.483+0200] {logging_mixin.py:188} INFO - [2024-03-07T02:39:55.483+0200] {dag.py:3047} INFO - Sync 1 DAGs
[2024-03-07T02:39:55.499+0200] {logging_mixin.py:188} INFO - [2024-03-07T02:39:55.499+0200] {dag.py:3834} INFO - Setting next_dagrun for example_weekday_branch_operator to 2024-03-06 00:00:00+00:00, run_after=2024-03-07 00:00:00+00:00
[2024-03-07T02:39:55.515+0200] {processor.py:183} INFO - Processing /usr/local/lib/python3.8/site-packages/airflow/example_dags/example_branch_day_of_week_operator.py took 0.272 seconds
[2024-03-07T02:43:32.065+0200] {processor.py:161} INFO - Started process (PID=28491) to work on /usr/local/lib/python3.8/site-packages/airflow/example_dags/example_branch_day_of_week_operator.py
[2024-03-07T02:43:32.066+0200] {processor.py:830} INFO - Processing file /usr/local/lib/python3.8/site-packages/airflow/example_dags/example_branch_day_of_week_operator.py for tasks to queue
[2024-03-07T02:43:32.067+0200] {logging_mixin.py:188} INFO - [2024-03-07T02:43:32.066+0200] {dagbag.py:540} INFO - Filling up the DagBag from /usr/local/lib/python3.8/site-packages/airflow/example_dags/example_branch_day_of_week_operator.py
[2024-03-07T02:43:32.078+0200] {processor.py:840} INFO - DAG(s) 'example_weekday_branch_operator' retrieved from /usr/local/lib/python3.8/site-packages/airflow/example_dags/example_branch_day_of_week_operator.py
[2024-03-07T02:43:32.316+0200] {logging_mixin.py:188} INFO - [2024-03-07T02:43:32.315+0200] {dag.py:3047} INFO - Sync 1 DAGs
[2024-03-07T02:43:32.331+0200] {logging_mixin.py:188} INFO - [2024-03-07T02:43:32.331+0200] {dag.py:3834} INFO - Setting next_dagrun for example_weekday_branch_operator to 2024-03-06 00:00:00+00:00, run_after=2024-03-07 00:00:00+00:00
[2024-03-07T02:43:32.348+0200] {processor.py:183} INFO - Processing /usr/local/lib/python3.8/site-packages/airflow/example_dags/example_branch_day_of_week_operator.py took 0.285 seconds
[2024-03-07T02:47:05.497+0200] {processor.py:161} INFO - Started process (PID=28689) to work on /usr/local/lib/python3.8/site-packages/airflow/example_dags/example_branch_day_of_week_operator.py
[2024-03-07T02:47:05.498+0200] {processor.py:830} INFO - Processing file /usr/local/lib/python3.8/site-packages/airflow/example_dags/example_branch_day_of_week_operator.py for tasks to queue
[2024-03-07T02:47:05.499+0200] {logging_mixin.py:188} INFO - [2024-03-07T02:47:05.499+0200] {dagbag.py:540} INFO - Filling up the DagBag from /usr/local/lib/python3.8/site-packages/airflow/example_dags/example_branch_day_of_week_operator.py
[2024-03-07T02:47:05.513+0200] {processor.py:840} INFO - DAG(s) 'example_weekday_branch_operator' retrieved from /usr/local/lib/python3.8/site-packages/airflow/example_dags/example_branch_day_of_week_operator.py
[2024-03-07T02:47:05.828+0200] {logging_mixin.py:188} INFO - [2024-03-07T02:47:05.827+0200] {dag.py:3047} INFO - Sync 1 DAGs
[2024-03-07T02:47:05.851+0200] {logging_mixin.py:188} INFO - [2024-03-07T02:47:05.850+0200] {dag.py:3834} INFO - Setting next_dagrun for example_weekday_branch_operator to 2024-03-06 00:00:00+00:00, run_after=2024-03-07 00:00:00+00:00
[2024-03-07T02:47:05.878+0200] {processor.py:183} INFO - Processing /usr/local/lib/python3.8/site-packages/airflow/example_dags/example_branch_day_of_week_operator.py took 0.383 seconds
[2024-03-07T02:50:46.298+0200] {processor.py:161} INFO - Started process (PID=28894) to work on /usr/local/lib/python3.8/site-packages/airflow/example_dags/example_branch_day_of_week_operator.py
[2024-03-07T02:50:46.300+0200] {processor.py:830} INFO - Processing file /usr/local/lib/python3.8/site-packages/airflow/example_dags/example_branch_day_of_week_operator.py for tasks to queue
[2024-03-07T02:50:46.300+0200] {logging_mixin.py:188} INFO - [2024-03-07T02:50:46.300+0200] {dagbag.py:540} INFO - Filling up the DagBag from /usr/local/lib/python3.8/site-packages/airflow/example_dags/example_branch_day_of_week_operator.py
[2024-03-07T02:50:46.311+0200] {processor.py:840} INFO - DAG(s) 'example_weekday_branch_operator' retrieved from /usr/local/lib/python3.8/site-packages/airflow/example_dags/example_branch_day_of_week_operator.py
[2024-03-07T02:50:46.540+0200] {logging_mixin.py:188} INFO - [2024-03-07T02:50:46.539+0200] {dag.py:3047} INFO - Sync 1 DAGs
[2024-03-07T02:50:46.556+0200] {logging_mixin.py:188} INFO - [2024-03-07T02:50:46.555+0200] {dag.py:3834} INFO - Setting next_dagrun for example_weekday_branch_operator to 2024-03-06 00:00:00+00:00, run_after=2024-03-07 00:00:00+00:00
[2024-03-07T02:50:46.573+0200] {processor.py:183} INFO - Processing /usr/local/lib/python3.8/site-packages/airflow/example_dags/example_branch_day_of_week_operator.py took 0.277 seconds
[2024-03-07T02:54:18.670+0200] {processor.py:161} INFO - Started process (PID=29101) to work on /usr/local/lib/python3.8/site-packages/airflow/example_dags/example_branch_day_of_week_operator.py
[2024-03-07T02:54:18.671+0200] {processor.py:830} INFO - Processing file /usr/local/lib/python3.8/site-packages/airflow/example_dags/example_branch_day_of_week_operator.py for tasks to queue
[2024-03-07T02:54:18.672+0200] {logging_mixin.py:188} INFO - [2024-03-07T02:54:18.672+0200] {dagbag.py:540} INFO - Filling up the DagBag from /usr/local/lib/python3.8/site-packages/airflow/example_dags/example_branch_day_of_week_operator.py
[2024-03-07T02:54:18.682+0200] {processor.py:840} INFO - DAG(s) 'example_weekday_branch_operator' retrieved from /usr/local/lib/python3.8/site-packages/airflow/example_dags/example_branch_day_of_week_operator.py
[2024-03-07T02:54:18.915+0200] {logging_mixin.py:188} INFO - [2024-03-07T02:54:18.915+0200] {dag.py:3047} INFO - Sync 1 DAGs
[2024-03-07T02:54:18.932+0200] {logging_mixin.py:188} INFO - [2024-03-07T02:54:18.932+0200] {dag.py:3834} INFO - Setting next_dagrun for example_weekday_branch_operator to 2024-03-06 00:00:00+00:00, run_after=2024-03-07 00:00:00+00:00
[2024-03-07T02:54:18.949+0200] {processor.py:183} INFO - Processing /usr/local/lib/python3.8/site-packages/airflow/example_dags/example_branch_day_of_week_operator.py took 0.281 seconds
[2024-03-07T02:57:52.003+0200] {processor.py:161} INFO - Started process (PID=29304) to work on /usr/local/lib/python3.8/site-packages/airflow/example_dags/example_branch_day_of_week_operator.py
[2024-03-07T02:57:52.005+0200] {processor.py:830} INFO - Processing file /usr/local/lib/python3.8/site-packages/airflow/example_dags/example_branch_day_of_week_operator.py for tasks to queue
[2024-03-07T02:57:52.005+0200] {logging_mixin.py:188} INFO - [2024-03-07T02:57:52.005+0200] {dagbag.py:540} INFO - Filling up the DagBag from /usr/local/lib/python3.8/site-packages/airflow/example_dags/example_branch_day_of_week_operator.py
[2024-03-07T02:57:52.017+0200] {processor.py:840} INFO - DAG(s) 'example_weekday_branch_operator' retrieved from /usr/local/lib/python3.8/site-packages/airflow/example_dags/example_branch_day_of_week_operator.py
[2024-03-07T02:57:52.263+0200] {logging_mixin.py:188} INFO - [2024-03-07T02:57:52.263+0200] {dag.py:3047} INFO - Sync 1 DAGs
[2024-03-07T02:57:52.280+0200] {logging_mixin.py:188} INFO - [2024-03-07T02:57:52.280+0200] {dag.py:3834} INFO - Setting next_dagrun for example_weekday_branch_operator to 2024-03-06 00:00:00+00:00, run_after=2024-03-07 00:00:00+00:00
[2024-03-07T02:57:52.298+0200] {processor.py:183} INFO - Processing /usr/local/lib/python3.8/site-packages/airflow/example_dags/example_branch_day_of_week_operator.py took 0.296 seconds
[2024-03-07T03:01:19.474+0200] {processor.py:161} INFO - Started process (PID=29507) to work on /usr/local/lib/python3.8/site-packages/airflow/example_dags/example_branch_day_of_week_operator.py
[2024-03-07T03:01:19.475+0200] {processor.py:830} INFO - Processing file /usr/local/lib/python3.8/site-packages/airflow/example_dags/example_branch_day_of_week_operator.py for tasks to queue
[2024-03-07T03:01:19.476+0200] {logging_mixin.py:188} INFO - [2024-03-07T03:01:19.475+0200] {dagbag.py:540} INFO - Filling up the DagBag from /usr/local/lib/python3.8/site-packages/airflow/example_dags/example_branch_day_of_week_operator.py
[2024-03-07T03:01:19.487+0200] {processor.py:840} INFO - DAG(s) 'example_weekday_branch_operator' retrieved from /usr/local/lib/python3.8/site-packages/airflow/example_dags/example_branch_day_of_week_operator.py
[2024-03-07T03:01:19.718+0200] {logging_mixin.py:188} INFO - [2024-03-07T03:01:19.717+0200] {dag.py:3047} INFO - Sync 1 DAGs
[2024-03-07T03:01:19.733+0200] {logging_mixin.py:188} INFO - [2024-03-07T03:01:19.733+0200] {dag.py:3834} INFO - Setting next_dagrun for example_weekday_branch_operator to 2024-03-06 00:00:00+00:00, run_after=2024-03-07 00:00:00+00:00
[2024-03-07T03:01:19.752+0200] {processor.py:183} INFO - Processing /usr/local/lib/python3.8/site-packages/airflow/example_dags/example_branch_day_of_week_operator.py took 0.280 seconds
[2024-03-07T03:04:50.962+0200] {processor.py:161} INFO - Started process (PID=29706) to work on /usr/local/lib/python3.8/site-packages/airflow/example_dags/example_branch_day_of_week_operator.py
[2024-03-07T03:04:50.963+0200] {processor.py:830} INFO - Processing file /usr/local/lib/python3.8/site-packages/airflow/example_dags/example_branch_day_of_week_operator.py for tasks to queue
[2024-03-07T03:04:50.963+0200] {logging_mixin.py:188} INFO - [2024-03-07T03:04:50.963+0200] {dagbag.py:540} INFO - Filling up the DagBag from /usr/local/lib/python3.8/site-packages/airflow/example_dags/example_branch_day_of_week_operator.py
[2024-03-07T03:04:50.974+0200] {processor.py:840} INFO - DAG(s) 'example_weekday_branch_operator' retrieved from /usr/local/lib/python3.8/site-packages/airflow/example_dags/example_branch_day_of_week_operator.py
[2024-03-07T03:04:51.206+0200] {logging_mixin.py:188} INFO - [2024-03-07T03:04:51.205+0200] {dag.py:3047} INFO - Sync 1 DAGs
[2024-03-07T03:04:51.222+0200] {logging_mixin.py:188} INFO - [2024-03-07T03:04:51.222+0200] {dag.py:3834} INFO - Setting next_dagrun for example_weekday_branch_operator to 2024-03-06 00:00:00+00:00, run_after=2024-03-07 00:00:00+00:00
[2024-03-07T03:04:51.239+0200] {processor.py:183} INFO - Processing /usr/local/lib/python3.8/site-packages/airflow/example_dags/example_branch_day_of_week_operator.py took 0.279 seconds
[2024-03-07T03:08:23.336+0200] {processor.py:161} INFO - Started process (PID=29906) to work on /usr/local/lib/python3.8/site-packages/airflow/example_dags/example_branch_day_of_week_operator.py
[2024-03-07T03:08:23.338+0200] {processor.py:830} INFO - Processing file /usr/local/lib/python3.8/site-packages/airflow/example_dags/example_branch_day_of_week_operator.py for tasks to queue
[2024-03-07T03:08:23.339+0200] {logging_mixin.py:188} INFO - [2024-03-07T03:08:23.338+0200] {dagbag.py:540} INFO - Filling up the DagBag from /usr/local/lib/python3.8/site-packages/airflow/example_dags/example_branch_day_of_week_operator.py
[2024-03-07T03:08:23.350+0200] {processor.py:840} INFO - DAG(s) 'example_weekday_branch_operator' retrieved from /usr/local/lib/python3.8/site-packages/airflow/example_dags/example_branch_day_of_week_operator.py
[2024-03-07T03:08:23.573+0200] {logging_mixin.py:188} INFO - [2024-03-07T03:08:23.573+0200] {dag.py:3047} INFO - Sync 1 DAGs
[2024-03-07T03:08:23.589+0200] {logging_mixin.py:188} INFO - [2024-03-07T03:08:23.589+0200] {dag.py:3834} INFO - Setting next_dagrun for example_weekday_branch_operator to 2024-03-06 00:00:00+00:00, run_after=2024-03-07 00:00:00+00:00
[2024-03-07T03:08:23.606+0200] {processor.py:183} INFO - Processing /usr/local/lib/python3.8/site-packages/airflow/example_dags/example_branch_day_of_week_operator.py took 0.272 seconds
[2024-03-07T03:12:08.764+0200] {processor.py:161} INFO - Started process (PID=30137) to work on /usr/local/lib/python3.8/site-packages/airflow/example_dags/example_branch_day_of_week_operator.py
[2024-03-07T03:12:08.765+0200] {processor.py:830} INFO - Processing file /usr/local/lib/python3.8/site-packages/airflow/example_dags/example_branch_day_of_week_operator.py for tasks to queue
[2024-03-07T03:12:08.766+0200] {logging_mixin.py:188} INFO - [2024-03-07T03:12:08.766+0200] {dagbag.py:540} INFO - Filling up the DagBag from /usr/local/lib/python3.8/site-packages/airflow/example_dags/example_branch_day_of_week_operator.py
[2024-03-07T03:12:08.779+0200] {processor.py:840} INFO - DAG(s) 'example_weekday_branch_operator' retrieved from /usr/local/lib/python3.8/site-packages/airflow/example_dags/example_branch_day_of_week_operator.py
[2024-03-07T03:12:09.018+0200] {logging_mixin.py:188} INFO - [2024-03-07T03:12:09.017+0200] {dag.py:3047} INFO - Sync 1 DAGs
[2024-03-07T03:12:09.034+0200] {logging_mixin.py:188} INFO - [2024-03-07T03:12:09.034+0200] {dag.py:3834} INFO - Setting next_dagrun for example_weekday_branch_operator to 2024-03-06 00:00:00+00:00, run_after=2024-03-07 00:00:00+00:00
[2024-03-07T03:12:09.051+0200] {processor.py:183} INFO - Processing /usr/local/lib/python3.8/site-packages/airflow/example_dags/example_branch_day_of_week_operator.py took 0.290 seconds
[2024-03-07T03:15:41.227+0200] {processor.py:161} INFO - Started process (PID=30334) to work on /usr/local/lib/python3.8/site-packages/airflow/example_dags/example_branch_day_of_week_operator.py
[2024-03-07T03:15:41.228+0200] {processor.py:830} INFO - Processing file /usr/local/lib/python3.8/site-packages/airflow/example_dags/example_branch_day_of_week_operator.py for tasks to queue
[2024-03-07T03:15:41.228+0200] {logging_mixin.py:188} INFO - [2024-03-07T03:15:41.228+0200] {dagbag.py:540} INFO - Filling up the DagBag from /usr/local/lib/python3.8/site-packages/airflow/example_dags/example_branch_day_of_week_operator.py
[2024-03-07T03:15:41.238+0200] {processor.py:840} INFO - DAG(s) 'example_weekday_branch_operator' retrieved from /usr/local/lib/python3.8/site-packages/airflow/example_dags/example_branch_day_of_week_operator.py
[2024-03-07T03:15:41.482+0200] {logging_mixin.py:188} INFO - [2024-03-07T03:15:41.481+0200] {dag.py:3047} INFO - Sync 1 DAGs
[2024-03-07T03:15:41.499+0200] {logging_mixin.py:188} INFO - [2024-03-07T03:15:41.498+0200] {dag.py:3834} INFO - Setting next_dagrun for example_weekday_branch_operator to 2024-03-06 00:00:00+00:00, run_after=2024-03-07 00:00:00+00:00
[2024-03-07T03:15:41.516+0200] {processor.py:183} INFO - Processing /usr/local/lib/python3.8/site-packages/airflow/example_dags/example_branch_day_of_week_operator.py took 0.291 seconds
[2024-03-07T07:19:38.745+0200] {processor.py:161} INFO - Started process (PID=30823) to work on /usr/local/lib/python3.8/site-packages/airflow/example_dags/example_branch_day_of_week_operator.py
[2024-03-07T07:19:38.747+0200] {processor.py:830} INFO - Processing file /usr/local/lib/python3.8/site-packages/airflow/example_dags/example_branch_day_of_week_operator.py for tasks to queue
[2024-03-07T07:19:38.747+0200] {logging_mixin.py:188} INFO - [2024-03-07T07:19:38.747+0200] {dagbag.py:540} INFO - Filling up the DagBag from /usr/local/lib/python3.8/site-packages/airflow/example_dags/example_branch_day_of_week_operator.py
[2024-03-07T07:19:38.758+0200] {processor.py:840} INFO - DAG(s) 'example_weekday_branch_operator' retrieved from /usr/local/lib/python3.8/site-packages/airflow/example_dags/example_branch_day_of_week_operator.py
[2024-03-07T07:19:38.957+0200] {logging_mixin.py:188} INFO - [2024-03-07T07:19:38.957+0200] {dag.py:3047} INFO - Sync 1 DAGs
[2024-03-07T07:19:38.970+0200] {logging_mixin.py:188} INFO - [2024-03-07T07:19:38.970+0200] {dag.py:3834} INFO - Setting next_dagrun for example_weekday_branch_operator to 2024-03-06 00:00:00+00:00, run_after=2024-03-07 00:00:00+00:00
[2024-03-07T07:19:38.988+0200] {processor.py:183} INFO - Processing /usr/local/lib/python3.8/site-packages/airflow/example_dags/example_branch_day_of_week_operator.py took 0.245 seconds
[2024-03-07T09:30:28.229+0200] {processor.py:161} INFO - Started process (PID=31171) to work on /usr/local/lib/python3.8/site-packages/airflow/example_dags/example_branch_day_of_week_operator.py
[2024-03-07T09:30:28.231+0200] {processor.py:830} INFO - Processing file /usr/local/lib/python3.8/site-packages/airflow/example_dags/example_branch_day_of_week_operator.py for tasks to queue
[2024-03-07T09:30:28.231+0200] {logging_mixin.py:188} INFO - [2024-03-07T09:30:28.231+0200] {dagbag.py:540} INFO - Filling up the DagBag from /usr/local/lib/python3.8/site-packages/airflow/example_dags/example_branch_day_of_week_operator.py
[2024-03-07T09:30:28.241+0200] {processor.py:840} INFO - DAG(s) 'example_weekday_branch_operator' retrieved from /usr/local/lib/python3.8/site-packages/airflow/example_dags/example_branch_day_of_week_operator.py
[2024-03-07T09:30:28.442+0200] {logging_mixin.py:188} INFO - [2024-03-07T09:30:28.442+0200] {dag.py:3047} INFO - Sync 1 DAGs
[2024-03-07T09:30:28.456+0200] {logging_mixin.py:188} INFO - [2024-03-07T09:30:28.456+0200] {dag.py:3834} INFO - Setting next_dagrun for example_weekday_branch_operator to 2024-03-06 00:00:00+00:00, run_after=2024-03-07 00:00:00+00:00
[2024-03-07T09:30:28.471+0200] {processor.py:183} INFO - Processing /usr/local/lib/python3.8/site-packages/airflow/example_dags/example_branch_day_of_week_operator.py took 0.244 seconds
[2024-03-07T09:34:00.256+0200] {processor.py:161} INFO - Started process (PID=31424) to work on /usr/local/lib/python3.8/site-packages/airflow/example_dags/example_branch_day_of_week_operator.py
[2024-03-07T09:34:00.257+0200] {processor.py:830} INFO - Processing file /usr/local/lib/python3.8/site-packages/airflow/example_dags/example_branch_day_of_week_operator.py for tasks to queue
[2024-03-07T09:34:00.257+0200] {logging_mixin.py:188} INFO - [2024-03-07T09:34:00.257+0200] {dagbag.py:540} INFO - Filling up the DagBag from /usr/local/lib/python3.8/site-packages/airflow/example_dags/example_branch_day_of_week_operator.py
[2024-03-07T09:34:00.267+0200] {processor.py:840} INFO - DAG(s) 'example_weekday_branch_operator' retrieved from /usr/local/lib/python3.8/site-packages/airflow/example_dags/example_branch_day_of_week_operator.py
[2024-03-07T09:34:00.482+0200] {logging_mixin.py:188} INFO - [2024-03-07T09:34:00.482+0200] {dag.py:3047} INFO - Sync 1 DAGs
[2024-03-07T09:34:00.498+0200] {logging_mixin.py:188} INFO - [2024-03-07T09:34:00.498+0200] {dag.py:3834} INFO - Setting next_dagrun for example_weekday_branch_operator to 2024-03-06 00:00:00+00:00, run_after=2024-03-07 00:00:00+00:00
[2024-03-07T09:34:00.516+0200] {processor.py:183} INFO - Processing /usr/local/lib/python3.8/site-packages/airflow/example_dags/example_branch_day_of_week_operator.py took 0.261 seconds
[2024-03-07T09:37:16.056+0200] {processor.py:161} INFO - Started process (PID=31674) to work on /usr/local/lib/python3.8/site-packages/airflow/example_dags/example_branch_day_of_week_operator.py
[2024-03-07T09:37:16.058+0200] {processor.py:830} INFO - Processing file /usr/local/lib/python3.8/site-packages/airflow/example_dags/example_branch_day_of_week_operator.py for tasks to queue
[2024-03-07T09:37:16.059+0200] {logging_mixin.py:188} INFO - [2024-03-07T09:37:16.058+0200] {dagbag.py:540} INFO - Filling up the DagBag from /usr/local/lib/python3.8/site-packages/airflow/example_dags/example_branch_day_of_week_operator.py
[2024-03-07T09:37:16.069+0200] {processor.py:840} INFO - DAG(s) 'example_weekday_branch_operator' retrieved from /usr/local/lib/python3.8/site-packages/airflow/example_dags/example_branch_day_of_week_operator.py
[2024-03-07T09:37:16.285+0200] {logging_mixin.py:188} INFO - [2024-03-07T09:37:16.285+0200] {dag.py:3047} INFO - Sync 1 DAGs
[2024-03-07T09:37:16.300+0200] {logging_mixin.py:188} INFO - [2024-03-07T09:37:16.299+0200] {dag.py:3834} INFO - Setting next_dagrun for example_weekday_branch_operator to 2024-03-06 00:00:00+00:00, run_after=2024-03-07 00:00:00+00:00
[2024-03-07T09:37:16.315+0200] {processor.py:183} INFO - Processing /usr/local/lib/python3.8/site-packages/airflow/example_dags/example_branch_day_of_week_operator.py took 0.261 seconds
[2024-03-07T09:40:34.068+0200] {processor.py:161} INFO - Started process (PID=31918) to work on /usr/local/lib/python3.8/site-packages/airflow/example_dags/example_branch_day_of_week_operator.py
[2024-03-07T09:40:34.069+0200] {processor.py:830} INFO - Processing file /usr/local/lib/python3.8/site-packages/airflow/example_dags/example_branch_day_of_week_operator.py for tasks to queue
[2024-03-07T09:40:34.070+0200] {logging_mixin.py:188} INFO - [2024-03-07T09:40:34.070+0200] {dagbag.py:540} INFO - Filling up the DagBag from /usr/local/lib/python3.8/site-packages/airflow/example_dags/example_branch_day_of_week_operator.py
[2024-03-07T09:40:34.081+0200] {processor.py:840} INFO - DAG(s) 'example_weekday_branch_operator' retrieved from /usr/local/lib/python3.8/site-packages/airflow/example_dags/example_branch_day_of_week_operator.py
[2024-03-07T09:40:34.298+0200] {logging_mixin.py:188} INFO - [2024-03-07T09:40:34.298+0200] {dag.py:3047} INFO - Sync 1 DAGs
[2024-03-07T09:40:34.314+0200] {logging_mixin.py:188} INFO - [2024-03-07T09:40:34.314+0200] {dag.py:3834} INFO - Setting next_dagrun for example_weekday_branch_operator to 2024-03-06 00:00:00+00:00, run_after=2024-03-07 00:00:00+00:00
[2024-03-07T09:40:34.332+0200] {processor.py:183} INFO - Processing /usr/local/lib/python3.8/site-packages/airflow/example_dags/example_branch_day_of_week_operator.py took 0.265 seconds
[2024-03-07T09:43:44.784+0200] {processor.py:161} INFO - Started process (PID=32139) to work on /usr/local/lib/python3.8/site-packages/airflow/example_dags/example_branch_day_of_week_operator.py
[2024-03-07T09:43:44.785+0200] {processor.py:830} INFO - Processing file /usr/local/lib/python3.8/site-packages/airflow/example_dags/example_branch_day_of_week_operator.py for tasks to queue
[2024-03-07T09:43:44.785+0200] {logging_mixin.py:188} INFO - [2024-03-07T09:43:44.785+0200] {dagbag.py:540} INFO - Filling up the DagBag from /usr/local/lib/python3.8/site-packages/airflow/example_dags/example_branch_day_of_week_operator.py
[2024-03-07T09:43:44.793+0200] {processor.py:840} INFO - DAG(s) 'example_weekday_branch_operator' retrieved from /usr/local/lib/python3.8/site-packages/airflow/example_dags/example_branch_day_of_week_operator.py
[2024-03-07T09:43:45.005+0200] {logging_mixin.py:188} INFO - [2024-03-07T09:43:45.005+0200] {dag.py:3047} INFO - Sync 1 DAGs
[2024-03-07T09:43:45.021+0200] {logging_mixin.py:188} INFO - [2024-03-07T09:43:45.021+0200] {dag.py:3834} INFO - Setting next_dagrun for example_weekday_branch_operator to 2024-03-06 00:00:00+00:00, run_after=2024-03-07 00:00:00+00:00
[2024-03-07T09:43:45.037+0200] {processor.py:183} INFO - Processing /usr/local/lib/python3.8/site-packages/airflow/example_dags/example_branch_day_of_week_operator.py took 0.255 seconds
[2024-03-07T09:46:49.793+0200] {processor.py:161} INFO - Started process (PID=32339) to work on /usr/local/lib/python3.8/site-packages/airflow/example_dags/example_branch_day_of_week_operator.py
[2024-03-07T09:46:49.794+0200] {processor.py:830} INFO - Processing file /usr/local/lib/python3.8/site-packages/airflow/example_dags/example_branch_day_of_week_operator.py for tasks to queue
[2024-03-07T09:46:49.795+0200] {logging_mixin.py:188} INFO - [2024-03-07T09:46:49.794+0200] {dagbag.py:540} INFO - Filling up the DagBag from /usr/local/lib/python3.8/site-packages/airflow/example_dags/example_branch_day_of_week_operator.py
[2024-03-07T09:46:49.803+0200] {processor.py:840} INFO - DAG(s) 'example_weekday_branch_operator' retrieved from /usr/local/lib/python3.8/site-packages/airflow/example_dags/example_branch_day_of_week_operator.py
[2024-03-07T09:46:50.007+0200] {logging_mixin.py:188} INFO - [2024-03-07T09:46:50.006+0200] {dag.py:3047} INFO - Sync 1 DAGs
[2024-03-07T09:46:50.019+0200] {logging_mixin.py:188} INFO - [2024-03-07T09:46:50.019+0200] {dag.py:3834} INFO - Setting next_dagrun for example_weekday_branch_operator to 2024-03-06 00:00:00+00:00, run_after=2024-03-07 00:00:00+00:00
[2024-03-07T09:46:50.034+0200] {processor.py:183} INFO - Processing /usr/local/lib/python3.8/site-packages/airflow/example_dags/example_branch_day_of_week_operator.py took 0.242 seconds
[2024-03-07T09:50:05.628+0200] {processor.py:161} INFO - Started process (PID=32540) to work on /usr/local/lib/python3.8/site-packages/airflow/example_dags/example_branch_day_of_week_operator.py
[2024-03-07T09:50:05.629+0200] {processor.py:830} INFO - Processing file /usr/local/lib/python3.8/site-packages/airflow/example_dags/example_branch_day_of_week_operator.py for tasks to queue
[2024-03-07T09:50:05.629+0200] {logging_mixin.py:188} INFO - [2024-03-07T09:50:05.629+0200] {dagbag.py:540} INFO - Filling up the DagBag from /usr/local/lib/python3.8/site-packages/airflow/example_dags/example_branch_day_of_week_operator.py
[2024-03-07T09:50:05.640+0200] {processor.py:840} INFO - DAG(s) 'example_weekday_branch_operator' retrieved from /usr/local/lib/python3.8/site-packages/airflow/example_dags/example_branch_day_of_week_operator.py
[2024-03-07T09:50:05.875+0200] {logging_mixin.py:188} INFO - [2024-03-07T09:50:05.874+0200] {dag.py:3047} INFO - Sync 1 DAGs
[2024-03-07T09:50:05.891+0200] {logging_mixin.py:188} INFO - [2024-03-07T09:50:05.891+0200] {dag.py:3834} INFO - Setting next_dagrun for example_weekday_branch_operator to 2024-03-06 00:00:00+00:00, run_after=2024-03-07 00:00:00+00:00
[2024-03-07T09:50:05.908+0200] {processor.py:183} INFO - Processing /usr/local/lib/python3.8/site-packages/airflow/example_dags/example_branch_day_of_week_operator.py took 0.283 seconds
[2024-03-07T09:53:14.213+0200] {processor.py:161} INFO - Started process (PID=32747) to work on /usr/local/lib/python3.8/site-packages/airflow/example_dags/example_branch_day_of_week_operator.py
[2024-03-07T09:53:14.214+0200] {processor.py:830} INFO - Processing file /usr/local/lib/python3.8/site-packages/airflow/example_dags/example_branch_day_of_week_operator.py for tasks to queue
[2024-03-07T09:53:14.215+0200] {logging_mixin.py:188} INFO - [2024-03-07T09:53:14.214+0200] {dagbag.py:540} INFO - Filling up the DagBag from /usr/local/lib/python3.8/site-packages/airflow/example_dags/example_branch_day_of_week_operator.py
[2024-03-07T09:53:14.225+0200] {processor.py:840} INFO - DAG(s) 'example_weekday_branch_operator' retrieved from /usr/local/lib/python3.8/site-packages/airflow/example_dags/example_branch_day_of_week_operator.py
[2024-03-07T09:53:14.440+0200] {logging_mixin.py:188} INFO - [2024-03-07T09:53:14.440+0200] {dag.py:3047} INFO - Sync 1 DAGs
[2024-03-07T09:53:14.456+0200] {logging_mixin.py:188} INFO - [2024-03-07T09:53:14.456+0200] {dag.py:3834} INFO - Setting next_dagrun for example_weekday_branch_operator to 2024-03-06 00:00:00+00:00, run_after=2024-03-07 00:00:00+00:00
[2024-03-07T09:53:14.474+0200] {processor.py:183} INFO - Processing /usr/local/lib/python3.8/site-packages/airflow/example_dags/example_branch_day_of_week_operator.py took 0.262 seconds
[2024-03-07T09:56:32.257+0200] {processor.py:161} INFO - Started process (PID=32967) to work on /usr/local/lib/python3.8/site-packages/airflow/example_dags/example_branch_day_of_week_operator.py
[2024-03-07T09:56:32.258+0200] {processor.py:830} INFO - Processing file /usr/local/lib/python3.8/site-packages/airflow/example_dags/example_branch_day_of_week_operator.py for tasks to queue
[2024-03-07T09:56:32.259+0200] {logging_mixin.py:188} INFO - [2024-03-07T09:56:32.259+0200] {dagbag.py:540} INFO - Filling up the DagBag from /usr/local/lib/python3.8/site-packages/airflow/example_dags/example_branch_day_of_week_operator.py
[2024-03-07T09:56:32.267+0200] {processor.py:840} INFO - DAG(s) 'example_weekday_branch_operator' retrieved from /usr/local/lib/python3.8/site-packages/airflow/example_dags/example_branch_day_of_week_operator.py
[2024-03-07T09:56:32.474+0200] {logging_mixin.py:188} INFO - [2024-03-07T09:56:32.474+0200] {dag.py:3047} INFO - Sync 1 DAGs
[2024-03-07T09:56:32.489+0200] {logging_mixin.py:188} INFO - [2024-03-07T09:56:32.489+0200] {dag.py:3834} INFO - Setting next_dagrun for example_weekday_branch_operator to 2024-03-06 00:00:00+00:00, run_after=2024-03-07 00:00:00+00:00
[2024-03-07T09:56:32.507+0200] {processor.py:183} INFO - Processing /usr/local/lib/python3.8/site-packages/airflow/example_dags/example_branch_day_of_week_operator.py took 0.251 seconds
[2024-03-07T09:59:40.826+0200] {processor.py:161} INFO - Started process (PID=33176) to work on /usr/local/lib/python3.8/site-packages/airflow/example_dags/example_branch_day_of_week_operator.py
[2024-03-07T09:59:40.827+0200] {processor.py:830} INFO - Processing file /usr/local/lib/python3.8/site-packages/airflow/example_dags/example_branch_day_of_week_operator.py for tasks to queue
[2024-03-07T09:59:40.828+0200] {logging_mixin.py:188} INFO - [2024-03-07T09:59:40.828+0200] {dagbag.py:540} INFO - Filling up the DagBag from /usr/local/lib/python3.8/site-packages/airflow/example_dags/example_branch_day_of_week_operator.py
[2024-03-07T09:59:40.839+0200] {processor.py:840} INFO - DAG(s) 'example_weekday_branch_operator' retrieved from /usr/local/lib/python3.8/site-packages/airflow/example_dags/example_branch_day_of_week_operator.py
[2024-03-07T09:59:41.067+0200] {logging_mixin.py:188} INFO - [2024-03-07T09:59:41.066+0200] {dag.py:3047} INFO - Sync 1 DAGs
[2024-03-07T09:59:41.082+0200] {logging_mixin.py:188} INFO - [2024-03-07T09:59:41.082+0200] {dag.py:3834} INFO - Setting next_dagrun for example_weekday_branch_operator to 2024-03-06 00:00:00+00:00, run_after=2024-03-07 00:00:00+00:00
[2024-03-07T09:59:41.098+0200] {processor.py:183} INFO - Processing /usr/local/lib/python3.8/site-packages/airflow/example_dags/example_branch_day_of_week_operator.py took 0.273 seconds
[2024-03-07T10:02:44.898+0200] {processor.py:161} INFO - Started process (PID=33402) to work on /usr/local/lib/python3.8/site-packages/airflow/example_dags/example_branch_day_of_week_operator.py
[2024-03-07T10:02:44.899+0200] {processor.py:830} INFO - Processing file /usr/local/lib/python3.8/site-packages/airflow/example_dags/example_branch_day_of_week_operator.py for tasks to queue
[2024-03-07T10:02:44.900+0200] {logging_mixin.py:188} INFO - [2024-03-07T10:02:44.899+0200] {dagbag.py:540} INFO - Filling up the DagBag from /usr/local/lib/python3.8/site-packages/airflow/example_dags/example_branch_day_of_week_operator.py
[2024-03-07T10:02:44.910+0200] {processor.py:840} INFO - DAG(s) 'example_weekday_branch_operator' retrieved from /usr/local/lib/python3.8/site-packages/airflow/example_dags/example_branch_day_of_week_operator.py
[2024-03-07T10:02:45.128+0200] {logging_mixin.py:188} INFO - [2024-03-07T10:02:45.128+0200] {dag.py:3047} INFO - Sync 1 DAGs
[2024-03-07T10:02:45.145+0200] {logging_mixin.py:188} INFO - [2024-03-07T10:02:45.144+0200] {dag.py:3834} INFO - Setting next_dagrun for example_weekday_branch_operator to 2024-03-06 00:00:00+00:00, run_after=2024-03-07 00:00:00+00:00
[2024-03-07T10:02:45.161+0200] {processor.py:183} INFO - Processing /usr/local/lib/python3.8/site-packages/airflow/example_dags/example_branch_day_of_week_operator.py took 0.264 seconds
[2024-03-07T10:06:00.540+0200] {processor.py:161} INFO - Started process (PID=33632) to work on /usr/local/lib/python3.8/site-packages/airflow/example_dags/example_branch_day_of_week_operator.py
[2024-03-07T10:06:00.541+0200] {processor.py:830} INFO - Processing file /usr/local/lib/python3.8/site-packages/airflow/example_dags/example_branch_day_of_week_operator.py for tasks to queue
[2024-03-07T10:06:00.542+0200] {logging_mixin.py:188} INFO - [2024-03-07T10:06:00.541+0200] {dagbag.py:540} INFO - Filling up the DagBag from /usr/local/lib/python3.8/site-packages/airflow/example_dags/example_branch_day_of_week_operator.py
[2024-03-07T10:06:00.552+0200] {processor.py:840} INFO - DAG(s) 'example_weekday_branch_operator' retrieved from /usr/local/lib/python3.8/site-packages/airflow/example_dags/example_branch_day_of_week_operator.py
[2024-03-07T10:06:00.763+0200] {logging_mixin.py:188} INFO - [2024-03-07T10:06:00.763+0200] {dag.py:3047} INFO - Sync 1 DAGs
[2024-03-07T10:06:00.777+0200] {logging_mixin.py:188} INFO - [2024-03-07T10:06:00.776+0200] {dag.py:3834} INFO - Setting next_dagrun for example_weekday_branch_operator to 2024-03-06 00:00:00+00:00, run_after=2024-03-07 00:00:00+00:00
[2024-03-07T10:06:00.792+0200] {processor.py:183} INFO - Processing /usr/local/lib/python3.8/site-packages/airflow/example_dags/example_branch_day_of_week_operator.py took 0.254 seconds
[2024-03-07T10:09:29.063+0200] {processor.py:161} INFO - Started process (PID=33872) to work on /usr/local/lib/python3.8/site-packages/airflow/example_dags/example_branch_day_of_week_operator.py
[2024-03-07T10:09:29.064+0200] {processor.py:830} INFO - Processing file /usr/local/lib/python3.8/site-packages/airflow/example_dags/example_branch_day_of_week_operator.py for tasks to queue
[2024-03-07T10:09:29.065+0200] {logging_mixin.py:188} INFO - [2024-03-07T10:09:29.065+0200] {dagbag.py:540} INFO - Filling up the DagBag from /usr/local/lib/python3.8/site-packages/airflow/example_dags/example_branch_day_of_week_operator.py
[2024-03-07T10:09:29.075+0200] {processor.py:840} INFO - DAG(s) 'example_weekday_branch_operator' retrieved from /usr/local/lib/python3.8/site-packages/airflow/example_dags/example_branch_day_of_week_operator.py
[2024-03-07T10:09:29.302+0200] {logging_mixin.py:188} INFO - [2024-03-07T10:09:29.302+0200] {dag.py:3047} INFO - Sync 1 DAGs
[2024-03-07T10:09:29.317+0200] {logging_mixin.py:188} INFO - [2024-03-07T10:09:29.317+0200] {dag.py:3834} INFO - Setting next_dagrun for example_weekday_branch_operator to 2024-03-06 00:00:00+00:00, run_after=2024-03-07 00:00:00+00:00
[2024-03-07T10:09:29.332+0200] {processor.py:183} INFO - Processing /usr/local/lib/python3.8/site-packages/airflow/example_dags/example_branch_day_of_week_operator.py took 0.269 seconds
[2024-03-07T10:12:51.081+0200] {processor.py:161} INFO - Started process (PID=34093) to work on /usr/local/lib/python3.8/site-packages/airflow/example_dags/example_branch_day_of_week_operator.py
[2024-03-07T10:12:51.082+0200] {processor.py:830} INFO - Processing file /usr/local/lib/python3.8/site-packages/airflow/example_dags/example_branch_day_of_week_operator.py for tasks to queue
[2024-03-07T10:12:51.082+0200] {logging_mixin.py:188} INFO - [2024-03-07T10:12:51.082+0200] {dagbag.py:540} INFO - Filling up the DagBag from /usr/local/lib/python3.8/site-packages/airflow/example_dags/example_branch_day_of_week_operator.py
[2024-03-07T10:12:51.093+0200] {processor.py:840} INFO - DAG(s) 'example_weekday_branch_operator' retrieved from /usr/local/lib/python3.8/site-packages/airflow/example_dags/example_branch_day_of_week_operator.py
[2024-03-07T10:12:51.305+0200] {logging_mixin.py:188} INFO - [2024-03-07T10:12:51.305+0200] {dag.py:3047} INFO - Sync 1 DAGs
[2024-03-07T10:12:51.318+0200] {logging_mixin.py:188} INFO - [2024-03-07T10:12:51.318+0200] {dag.py:3834} INFO - Setting next_dagrun for example_weekday_branch_operator to 2024-03-06 00:00:00+00:00, run_after=2024-03-07 00:00:00+00:00
[2024-03-07T10:12:51.333+0200] {processor.py:183} INFO - Processing /usr/local/lib/python3.8/site-packages/airflow/example_dags/example_branch_day_of_week_operator.py took 0.254 seconds
[2024-03-07T10:16:05.327+0200] {processor.py:161} INFO - Started process (PID=34293) to work on /usr/local/lib/python3.8/site-packages/airflow/example_dags/example_branch_day_of_week_operator.py
[2024-03-07T10:16:05.328+0200] {processor.py:830} INFO - Processing file /usr/local/lib/python3.8/site-packages/airflow/example_dags/example_branch_day_of_week_operator.py for tasks to queue
[2024-03-07T10:16:05.329+0200] {logging_mixin.py:188} INFO - [2024-03-07T10:16:05.329+0200] {dagbag.py:540} INFO - Filling up the DagBag from /usr/local/lib/python3.8/site-packages/airflow/example_dags/example_branch_day_of_week_operator.py
[2024-03-07T10:16:05.340+0200] {processor.py:840} INFO - DAG(s) 'example_weekday_branch_operator' retrieved from /usr/local/lib/python3.8/site-packages/airflow/example_dags/example_branch_day_of_week_operator.py
[2024-03-07T10:16:05.567+0200] {logging_mixin.py:188} INFO - [2024-03-07T10:16:05.566+0200] {dag.py:3047} INFO - Sync 1 DAGs
[2024-03-07T10:16:05.580+0200] {logging_mixin.py:188} INFO - [2024-03-07T10:16:05.580+0200] {dag.py:3834} INFO - Setting next_dagrun for example_weekday_branch_operator to 2024-03-06 00:00:00+00:00, run_after=2024-03-07 00:00:00+00:00
[2024-03-07T10:16:05.594+0200] {processor.py:183} INFO - Processing /usr/local/lib/python3.8/site-packages/airflow/example_dags/example_branch_day_of_week_operator.py took 0.269 seconds
[2024-03-07T10:19:19.039+0200] {processor.py:161} INFO - Started process (PID=34496) to work on /usr/local/lib/python3.8/site-packages/airflow/example_dags/example_branch_day_of_week_operator.py
[2024-03-07T10:19:19.040+0200] {processor.py:830} INFO - Processing file /usr/local/lib/python3.8/site-packages/airflow/example_dags/example_branch_day_of_week_operator.py for tasks to queue
[2024-03-07T10:19:19.040+0200] {logging_mixin.py:188} INFO - [2024-03-07T10:19:19.040+0200] {dagbag.py:540} INFO - Filling up the DagBag from /usr/local/lib/python3.8/site-packages/airflow/example_dags/example_branch_day_of_week_operator.py
[2024-03-07T10:19:19.050+0200] {processor.py:840} INFO - DAG(s) 'example_weekday_branch_operator' retrieved from /usr/local/lib/python3.8/site-packages/airflow/example_dags/example_branch_day_of_week_operator.py
[2024-03-07T10:19:19.278+0200] {logging_mixin.py:188} INFO - [2024-03-07T10:19:19.278+0200] {dag.py:3047} INFO - Sync 1 DAGs
[2024-03-07T10:19:19.295+0200] {logging_mixin.py:188} INFO - [2024-03-07T10:19:19.294+0200] {dag.py:3834} INFO - Setting next_dagrun for example_weekday_branch_operator to 2024-03-06 00:00:00+00:00, run_after=2024-03-07 00:00:00+00:00
[2024-03-07T10:19:19.313+0200] {processor.py:183} INFO - Processing /usr/local/lib/python3.8/site-packages/airflow/example_dags/example_branch_day_of_week_operator.py took 0.276 seconds
[2024-03-07T10:22:46.955+0200] {processor.py:161} INFO - Started process (PID=34702) to work on /usr/local/lib/python3.8/site-packages/airflow/example_dags/example_branch_day_of_week_operator.py
[2024-03-07T10:22:46.956+0200] {processor.py:830} INFO - Processing file /usr/local/lib/python3.8/site-packages/airflow/example_dags/example_branch_day_of_week_operator.py for tasks to queue
[2024-03-07T10:22:46.956+0200] {logging_mixin.py:188} INFO - [2024-03-07T10:22:46.956+0200] {dagbag.py:540} INFO - Filling up the DagBag from /usr/local/lib/python3.8/site-packages/airflow/example_dags/example_branch_day_of_week_operator.py
[2024-03-07T10:22:46.967+0200] {processor.py:840} INFO - DAG(s) 'example_weekday_branch_operator' retrieved from /usr/local/lib/python3.8/site-packages/airflow/example_dags/example_branch_day_of_week_operator.py
[2024-03-07T10:22:47.200+0200] {logging_mixin.py:188} INFO - [2024-03-07T10:22:47.200+0200] {dag.py:3047} INFO - Sync 1 DAGs
[2024-03-07T10:22:47.216+0200] {logging_mixin.py:188} INFO - [2024-03-07T10:22:47.215+0200] {dag.py:3834} INFO - Setting next_dagrun for example_weekday_branch_operator to 2024-03-06 00:00:00+00:00, run_after=2024-03-07 00:00:00+00:00
[2024-03-07T10:22:47.233+0200] {processor.py:183} INFO - Processing /usr/local/lib/python3.8/site-packages/airflow/example_dags/example_branch_day_of_week_operator.py took 0.279 seconds
[2024-03-07T10:26:12.482+0200] {processor.py:161} INFO - Started process (PID=34925) to work on /usr/local/lib/python3.8/site-packages/airflow/example_dags/example_branch_day_of_week_operator.py
[2024-03-07T10:26:12.483+0200] {processor.py:830} INFO - Processing file /usr/local/lib/python3.8/site-packages/airflow/example_dags/example_branch_day_of_week_operator.py for tasks to queue
[2024-03-07T10:26:12.483+0200] {logging_mixin.py:188} INFO - [2024-03-07T10:26:12.483+0200] {dagbag.py:540} INFO - Filling up the DagBag from /usr/local/lib/python3.8/site-packages/airflow/example_dags/example_branch_day_of_week_operator.py
[2024-03-07T10:26:12.494+0200] {processor.py:840} INFO - DAG(s) 'example_weekday_branch_operator' retrieved from /usr/local/lib/python3.8/site-packages/airflow/example_dags/example_branch_day_of_week_operator.py
[2024-03-07T10:26:12.703+0200] {logging_mixin.py:188} INFO - [2024-03-07T10:26:12.702+0200] {dag.py:3047} INFO - Sync 1 DAGs
[2024-03-07T10:26:12.716+0200] {logging_mixin.py:188} INFO - [2024-03-07T10:26:12.716+0200] {dag.py:3834} INFO - Setting next_dagrun for example_weekday_branch_operator to 2024-03-06 00:00:00+00:00, run_after=2024-03-07 00:00:00+00:00
[2024-03-07T10:26:12.733+0200] {processor.py:183} INFO - Processing /usr/local/lib/python3.8/site-packages/airflow/example_dags/example_branch_day_of_week_operator.py took 0.253 seconds
[2024-03-07T10:29:28.844+0200] {processor.py:161} INFO - Started process (PID=35124) to work on /usr/local/lib/python3.8/site-packages/airflow/example_dags/example_branch_day_of_week_operator.py
[2024-03-07T10:29:28.845+0200] {processor.py:830} INFO - Processing file /usr/local/lib/python3.8/site-packages/airflow/example_dags/example_branch_day_of_week_operator.py for tasks to queue
[2024-03-07T10:29:28.845+0200] {logging_mixin.py:188} INFO - [2024-03-07T10:29:28.845+0200] {dagbag.py:540} INFO - Filling up the DagBag from /usr/local/lib/python3.8/site-packages/airflow/example_dags/example_branch_day_of_week_operator.py
[2024-03-07T10:29:28.856+0200] {processor.py:840} INFO - DAG(s) 'example_weekday_branch_operator' retrieved from /usr/local/lib/python3.8/site-packages/airflow/example_dags/example_branch_day_of_week_operator.py
[2024-03-07T10:29:29.075+0200] {logging_mixin.py:188} INFO - [2024-03-07T10:29:29.075+0200] {dag.py:3047} INFO - Sync 1 DAGs
[2024-03-07T10:29:29.092+0200] {logging_mixin.py:188} INFO - [2024-03-07T10:29:29.092+0200] {dag.py:3834} INFO - Setting next_dagrun for example_weekday_branch_operator to 2024-03-06 00:00:00+00:00, run_after=2024-03-07 00:00:00+00:00
[2024-03-07T10:29:29.110+0200] {processor.py:183} INFO - Processing /usr/local/lib/python3.8/site-packages/airflow/example_dags/example_branch_day_of_week_operator.py took 0.267 seconds
[2024-03-07T10:32:46.485+0200] {processor.py:161} INFO - Started process (PID=35339) to work on /usr/local/lib/python3.8/site-packages/airflow/example_dags/example_branch_day_of_week_operator.py
[2024-03-07T10:32:46.486+0200] {processor.py:830} INFO - Processing file /usr/local/lib/python3.8/site-packages/airflow/example_dags/example_branch_day_of_week_operator.py for tasks to queue
[2024-03-07T10:32:46.486+0200] {logging_mixin.py:188} INFO - [2024-03-07T10:32:46.486+0200] {dagbag.py:540} INFO - Filling up the DagBag from /usr/local/lib/python3.8/site-packages/airflow/example_dags/example_branch_day_of_week_operator.py
[2024-03-07T10:32:46.498+0200] {processor.py:840} INFO - DAG(s) 'example_weekday_branch_operator' retrieved from /usr/local/lib/python3.8/site-packages/airflow/example_dags/example_branch_day_of_week_operator.py
[2024-03-07T10:32:46.768+0200] {logging_mixin.py:188} INFO - [2024-03-07T10:32:46.767+0200] {dag.py:3047} INFO - Sync 1 DAGs
[2024-03-07T10:32:46.784+0200] {logging_mixin.py:188} INFO - [2024-03-07T10:32:46.784+0200] {dag.py:3834} INFO - Setting next_dagrun for example_weekday_branch_operator to 2024-03-06 00:00:00+00:00, run_after=2024-03-07 00:00:00+00:00
[2024-03-07T10:32:46.801+0200] {processor.py:183} INFO - Processing /usr/local/lib/python3.8/site-packages/airflow/example_dags/example_branch_day_of_week_operator.py took 0.318 seconds
[2024-03-07T10:35:47.466+0200] {processor.py:161} INFO - Started process (PID=35550) to work on /usr/local/lib/python3.8/site-packages/airflow/example_dags/example_branch_day_of_week_operator.py
[2024-03-07T10:35:47.467+0200] {processor.py:830} INFO - Processing file /usr/local/lib/python3.8/site-packages/airflow/example_dags/example_branch_day_of_week_operator.py for tasks to queue
[2024-03-07T10:35:47.467+0200] {logging_mixin.py:188} INFO - [2024-03-07T10:35:47.467+0200] {dagbag.py:540} INFO - Filling up the DagBag from /usr/local/lib/python3.8/site-packages/airflow/example_dags/example_branch_day_of_week_operator.py
[2024-03-07T10:35:47.477+0200] {processor.py:840} INFO - DAG(s) 'example_weekday_branch_operator' retrieved from /usr/local/lib/python3.8/site-packages/airflow/example_dags/example_branch_day_of_week_operator.py
[2024-03-07T10:35:47.685+0200] {logging_mixin.py:188} INFO - [2024-03-07T10:35:47.685+0200] {dag.py:3047} INFO - Sync 1 DAGs
[2024-03-07T10:35:47.698+0200] {logging_mixin.py:188} INFO - [2024-03-07T10:35:47.698+0200] {dag.py:3834} INFO - Setting next_dagrun for example_weekday_branch_operator to 2024-03-06 00:00:00+00:00, run_after=2024-03-07 00:00:00+00:00
[2024-03-07T10:35:47.717+0200] {processor.py:183} INFO - Processing /usr/local/lib/python3.8/site-packages/airflow/example_dags/example_branch_day_of_week_operator.py took 0.253 seconds
[2024-03-07T10:38:35.986+0200] {processor.py:161} INFO - Started process (PID=35760) to work on /usr/local/lib/python3.8/site-packages/airflow/example_dags/example_branch_day_of_week_operator.py
[2024-03-07T10:38:35.987+0200] {processor.py:830} INFO - Processing file /usr/local/lib/python3.8/site-packages/airflow/example_dags/example_branch_day_of_week_operator.py for tasks to queue
[2024-03-07T10:38:35.988+0200] {logging_mixin.py:188} INFO - [2024-03-07T10:38:35.987+0200] {dagbag.py:540} INFO - Filling up the DagBag from /usr/local/lib/python3.8/site-packages/airflow/example_dags/example_branch_day_of_week_operator.py
[2024-03-07T10:38:35.998+0200] {processor.py:840} INFO - DAG(s) 'example_weekday_branch_operator' retrieved from /usr/local/lib/python3.8/site-packages/airflow/example_dags/example_branch_day_of_week_operator.py
[2024-03-07T10:38:36.223+0200] {logging_mixin.py:188} INFO - [2024-03-07T10:38:36.223+0200] {dag.py:3047} INFO - Sync 1 DAGs
[2024-03-07T10:38:36.239+0200] {logging_mixin.py:188} INFO - [2024-03-07T10:38:36.239+0200] {dag.py:3834} INFO - Setting next_dagrun for example_weekday_branch_operator to 2024-03-06 00:00:00+00:00, run_after=2024-03-07 00:00:00+00:00
[2024-03-07T10:38:36.256+0200] {processor.py:183} INFO - Processing /usr/local/lib/python3.8/site-packages/airflow/example_dags/example_branch_day_of_week_operator.py took 0.271 seconds
[2024-03-07T10:41:56.209+0200] {processor.py:161} INFO - Started process (PID=36016) to work on /usr/local/lib/python3.8/site-packages/airflow/example_dags/example_branch_day_of_week_operator.py
[2024-03-07T10:41:56.210+0200] {processor.py:830} INFO - Processing file /usr/local/lib/python3.8/site-packages/airflow/example_dags/example_branch_day_of_week_operator.py for tasks to queue
[2024-03-07T10:41:56.210+0200] {logging_mixin.py:188} INFO - [2024-03-07T10:41:56.210+0200] {dagbag.py:540} INFO - Filling up the DagBag from /usr/local/lib/python3.8/site-packages/airflow/example_dags/example_branch_day_of_week_operator.py
[2024-03-07T10:41:56.220+0200] {processor.py:840} INFO - DAG(s) 'example_weekday_branch_operator' retrieved from /usr/local/lib/python3.8/site-packages/airflow/example_dags/example_branch_day_of_week_operator.py
[2024-03-07T10:41:56.429+0200] {logging_mixin.py:188} INFO - [2024-03-07T10:41:56.429+0200] {dag.py:3047} INFO - Sync 1 DAGs
[2024-03-07T10:41:56.445+0200] {logging_mixin.py:188} INFO - [2024-03-07T10:41:56.445+0200] {dag.py:3834} INFO - Setting next_dagrun for example_weekday_branch_operator to 2024-03-06 00:00:00+00:00, run_after=2024-03-07 00:00:00+00:00
[2024-03-07T10:41:56.462+0200] {processor.py:183} INFO - Processing /usr/local/lib/python3.8/site-packages/airflow/example_dags/example_branch_day_of_week_operator.py took 0.254 seconds
[2024-03-07T10:45:08.382+0200] {processor.py:161} INFO - Started process (PID=36237) to work on /usr/local/lib/python3.8/site-packages/airflow/example_dags/example_branch_day_of_week_operator.py
[2024-03-07T10:45:08.383+0200] {processor.py:830} INFO - Processing file /usr/local/lib/python3.8/site-packages/airflow/example_dags/example_branch_day_of_week_operator.py for tasks to queue
[2024-03-07T10:45:08.383+0200] {logging_mixin.py:188} INFO - [2024-03-07T10:45:08.383+0200] {dagbag.py:540} INFO - Filling up the DagBag from /usr/local/lib/python3.8/site-packages/airflow/example_dags/example_branch_day_of_week_operator.py
[2024-03-07T10:45:08.392+0200] {processor.py:840} INFO - DAG(s) 'example_weekday_branch_operator' retrieved from /usr/local/lib/python3.8/site-packages/airflow/example_dags/example_branch_day_of_week_operator.py
[2024-03-07T10:45:08.594+0200] {logging_mixin.py:188} INFO - [2024-03-07T10:45:08.594+0200] {dag.py:3047} INFO - Sync 1 DAGs
[2024-03-07T10:45:08.607+0200] {logging_mixin.py:188} INFO - [2024-03-07T10:45:08.607+0200] {dag.py:3834} INFO - Setting next_dagrun for example_weekday_branch_operator to 2024-03-06 00:00:00+00:00, run_after=2024-03-07 00:00:00+00:00
[2024-03-07T10:45:08.621+0200] {processor.py:183} INFO - Processing /usr/local/lib/python3.8/site-packages/airflow/example_dags/example_branch_day_of_week_operator.py took 0.240 seconds
[2024-03-07T10:47:55.862+0200] {processor.py:161} INFO - Started process (PID=36417) to work on /usr/local/lib/python3.8/site-packages/airflow/example_dags/example_branch_day_of_week_operator.py
[2024-03-07T10:47:55.863+0200] {processor.py:830} INFO - Processing file /usr/local/lib/python3.8/site-packages/airflow/example_dags/example_branch_day_of_week_operator.py for tasks to queue
[2024-03-07T10:47:55.863+0200] {logging_mixin.py:188} INFO - [2024-03-07T10:47:55.863+0200] {dagbag.py:540} INFO - Filling up the DagBag from /usr/local/lib/python3.8/site-packages/airflow/example_dags/example_branch_day_of_week_operator.py
[2024-03-07T10:47:55.873+0200] {processor.py:840} INFO - DAG(s) 'example_weekday_branch_operator' retrieved from /usr/local/lib/python3.8/site-packages/airflow/example_dags/example_branch_day_of_week_operator.py
[2024-03-07T10:47:56.074+0200] {logging_mixin.py:188} INFO - [2024-03-07T10:47:56.073+0200] {dag.py:3047} INFO - Sync 1 DAGs
[2024-03-07T10:47:56.086+0200] {logging_mixin.py:188} INFO - [2024-03-07T10:47:56.086+0200] {dag.py:3834} INFO - Setting next_dagrun for example_weekday_branch_operator to 2024-03-06 00:00:00+00:00, run_after=2024-03-07 00:00:00+00:00
[2024-03-07T10:47:56.101+0200] {processor.py:183} INFO - Processing /usr/local/lib/python3.8/site-packages/airflow/example_dags/example_branch_day_of_week_operator.py took 0.240 seconds
[2024-03-07T10:51:02.823+0200] {processor.py:161} INFO - Started process (PID=36623) to work on /usr/local/lib/python3.8/site-packages/airflow/example_dags/example_branch_day_of_week_operator.py
[2024-03-07T10:51:02.824+0200] {processor.py:830} INFO - Processing file /usr/local/lib/python3.8/site-packages/airflow/example_dags/example_branch_day_of_week_operator.py for tasks to queue
[2024-03-07T10:51:02.825+0200] {logging_mixin.py:188} INFO - [2024-03-07T10:51:02.825+0200] {dagbag.py:540} INFO - Filling up the DagBag from /usr/local/lib/python3.8/site-packages/airflow/example_dags/example_branch_day_of_week_operator.py
[2024-03-07T10:51:02.836+0200] {processor.py:840} INFO - DAG(s) 'example_weekday_branch_operator' retrieved from /usr/local/lib/python3.8/site-packages/airflow/example_dags/example_branch_day_of_week_operator.py
[2024-03-07T10:51:03.047+0200] {logging_mixin.py:188} INFO - [2024-03-07T10:51:03.046+0200] {dag.py:3047} INFO - Sync 1 DAGs
[2024-03-07T10:51:03.059+0200] {logging_mixin.py:188} INFO - [2024-03-07T10:51:03.059+0200] {dag.py:3834} INFO - Setting next_dagrun for example_weekday_branch_operator to 2024-03-06 00:00:00+00:00, run_after=2024-03-07 00:00:00+00:00
[2024-03-07T10:51:03.074+0200] {processor.py:183} INFO - Processing /usr/local/lib/python3.8/site-packages/airflow/example_dags/example_branch_day_of_week_operator.py took 0.252 seconds
[2024-03-07T10:54:08.934+0200] {processor.py:161} INFO - Started process (PID=36824) to work on /usr/local/lib/python3.8/site-packages/airflow/example_dags/example_branch_day_of_week_operator.py
[2024-03-07T10:54:08.934+0200] {processor.py:830} INFO - Processing file /usr/local/lib/python3.8/site-packages/airflow/example_dags/example_branch_day_of_week_operator.py for tasks to queue
[2024-03-07T10:54:08.935+0200] {logging_mixin.py:188} INFO - [2024-03-07T10:54:08.935+0200] {dagbag.py:540} INFO - Filling up the DagBag from /usr/local/lib/python3.8/site-packages/airflow/example_dags/example_branch_day_of_week_operator.py
[2024-03-07T10:54:08.944+0200] {processor.py:840} INFO - DAG(s) 'example_weekday_branch_operator' retrieved from /usr/local/lib/python3.8/site-packages/airflow/example_dags/example_branch_day_of_week_operator.py
[2024-03-07T10:54:09.145+0200] {logging_mixin.py:188} INFO - [2024-03-07T10:54:09.145+0200] {dag.py:3047} INFO - Sync 1 DAGs
[2024-03-07T10:54:09.157+0200] {logging_mixin.py:188} INFO - [2024-03-07T10:54:09.157+0200] {dag.py:3834} INFO - Setting next_dagrun for example_weekday_branch_operator to 2024-03-06 00:00:00+00:00, run_after=2024-03-07 00:00:00+00:00
[2024-03-07T10:54:09.172+0200] {processor.py:183} INFO - Processing /usr/local/lib/python3.8/site-packages/airflow/example_dags/example_branch_day_of_week_operator.py took 0.240 seconds
[2024-03-07T11:08:31.271+0200] {processor.py:161} INFO - Started process (PID=37115) to work on /usr/local/lib/python3.8/site-packages/airflow/example_dags/example_branch_day_of_week_operator.py
[2024-03-07T11:08:31.275+0200] {processor.py:830} INFO - Processing file /usr/local/lib/python3.8/site-packages/airflow/example_dags/example_branch_day_of_week_operator.py for tasks to queue
[2024-03-07T11:08:31.277+0200] {logging_mixin.py:188} INFO - [2024-03-07T11:08:31.276+0200] {dagbag.py:540} INFO - Filling up the DagBag from /usr/local/lib/python3.8/site-packages/airflow/example_dags/example_branch_day_of_week_operator.py
[2024-03-07T11:08:31.319+0200] {processor.py:840} INFO - DAG(s) 'example_weekday_branch_operator' retrieved from /usr/local/lib/python3.8/site-packages/airflow/example_dags/example_branch_day_of_week_operator.py
[2024-03-07T11:08:32.163+0200] {logging_mixin.py:188} INFO - [2024-03-07T11:08:32.161+0200] {dag.py:3047} INFO - Sync 1 DAGs
[2024-03-07T11:08:32.227+0200] {logging_mixin.py:188} INFO - [2024-03-07T11:08:32.227+0200] {dag.py:3834} INFO - Setting next_dagrun for example_weekday_branch_operator to 2024-03-06 00:00:00+00:00, run_after=2024-03-07 00:00:00+00:00
[2024-03-07T11:08:32.294+0200] {processor.py:183} INFO - Processing /usr/local/lib/python3.8/site-packages/airflow/example_dags/example_branch_day_of_week_operator.py took 1.029 seconds
[2024-03-07T11:33:13.879+0200] {processor.py:161} INFO - Started process (PID=37483) to work on /usr/local/lib/python3.8/site-packages/airflow/example_dags/example_branch_day_of_week_operator.py
[2024-03-07T11:33:13.881+0200] {processor.py:830} INFO - Processing file /usr/local/lib/python3.8/site-packages/airflow/example_dags/example_branch_day_of_week_operator.py for tasks to queue
[2024-03-07T11:33:13.881+0200] {logging_mixin.py:188} INFO - [2024-03-07T11:33:13.881+0200] {dagbag.py:540} INFO - Filling up the DagBag from /usr/local/lib/python3.8/site-packages/airflow/example_dags/example_branch_day_of_week_operator.py
[2024-03-07T11:33:13.893+0200] {processor.py:840} INFO - DAG(s) 'example_weekday_branch_operator' retrieved from /usr/local/lib/python3.8/site-packages/airflow/example_dags/example_branch_day_of_week_operator.py
[2024-03-07T11:33:14.128+0200] {logging_mixin.py:188} INFO - [2024-03-07T11:33:14.127+0200] {dag.py:3047} INFO - Sync 1 DAGs
[2024-03-07T11:33:14.144+0200] {logging_mixin.py:188} INFO - [2024-03-07T11:33:14.144+0200] {dag.py:3834} INFO - Setting next_dagrun for example_weekday_branch_operator to 2024-03-06 00:00:00+00:00, run_after=2024-03-07 00:00:00+00:00
[2024-03-07T11:33:14.162+0200] {processor.py:183} INFO - Processing /usr/local/lib/python3.8/site-packages/airflow/example_dags/example_branch_day_of_week_operator.py took 0.285 seconds
[2024-03-07T11:36:29.517+0200] {processor.py:161} INFO - Started process (PID=37700) to work on /usr/local/lib/python3.8/site-packages/airflow/example_dags/example_branch_day_of_week_operator.py
[2024-03-07T11:36:29.522+0200] {processor.py:830} INFO - Processing file /usr/local/lib/python3.8/site-packages/airflow/example_dags/example_branch_day_of_week_operator.py for tasks to queue
[2024-03-07T11:36:29.523+0200] {logging_mixin.py:188} INFO - [2024-03-07T11:36:29.523+0200] {dagbag.py:540} INFO - Filling up the DagBag from /usr/local/lib/python3.8/site-packages/airflow/example_dags/example_branch_day_of_week_operator.py
[2024-03-07T11:36:29.554+0200] {processor.py:840} INFO - DAG(s) 'example_weekday_branch_operator' retrieved from /usr/local/lib/python3.8/site-packages/airflow/example_dags/example_branch_day_of_week_operator.py
[2024-03-07T11:36:29.812+0200] {logging_mixin.py:188} INFO - [2024-03-07T11:36:29.812+0200] {dag.py:3047} INFO - Sync 1 DAGs
[2024-03-07T11:36:29.829+0200] {logging_mixin.py:188} INFO - [2024-03-07T11:36:29.828+0200] {dag.py:3834} INFO - Setting next_dagrun for example_weekday_branch_operator to 2024-03-06 00:00:00+00:00, run_after=2024-03-07 00:00:00+00:00
[2024-03-07T11:36:29.847+0200] {processor.py:183} INFO - Processing /usr/local/lib/python3.8/site-packages/airflow/example_dags/example_branch_day_of_week_operator.py took 0.332 seconds
