[2024-03-14T16:02:18.037+0200] {processor.py:161} INFO - Started process (PID=7914) to work on /Users/abatcoveanu/airflow/dags/subdag.py
[2024-03-14T16:02:18.037+0200] {processor.py:830} INFO - Processing file /Users/abatcoveanu/airflow/dags/subdag.py for tasks to queue
[2024-03-14T16:02:18.038+0200] {logging_mixin.py:188} INFO - [2024-03-14T16:02:18.038+0200] {dagbag.py:540} INFO - Filling up the DagBag from /Users/abatcoveanu/airflow/dags/subdag.py
[2024-03-14T16:02:18.040+0200] {processor.py:842} WARNING - No viable dags retrieved from /Users/abatcoveanu/airflow/dags/subdag.py
[2024-03-14T16:02:18.167+0200] {processor.py:183} INFO - Processing /Users/abatcoveanu/airflow/dags/subdag.py took 0.132 seconds
[2024-03-14T16:03:03.120+0200] {processor.py:161} INFO - Started process (PID=8092) to work on /Users/abatcoveanu/airflow/dags/subdag.py
[2024-03-14T16:03:03.121+0200] {processor.py:830} INFO - Processing file /Users/abatcoveanu/airflow/dags/subdag.py for tasks to queue
[2024-03-14T16:03:03.122+0200] {logging_mixin.py:188} INFO - [2024-03-14T16:03:03.122+0200] {dagbag.py:540} INFO - Filling up the DagBag from /Users/abatcoveanu/airflow/dags/subdag.py
[2024-03-14T16:03:03.123+0200] {processor.py:842} WARNING - No viable dags retrieved from /Users/abatcoveanu/airflow/dags/subdag.py
[2024-03-14T16:03:03.218+0200] {processor.py:183} INFO - Processing /Users/abatcoveanu/airflow/dags/subdag.py took 0.100 seconds
[2024-03-14T16:03:46.699+0200] {processor.py:161} INFO - Started process (PID=8253) to work on /Users/abatcoveanu/airflow/dags/subdag.py
[2024-03-14T16:03:46.700+0200] {processor.py:830} INFO - Processing file /Users/abatcoveanu/airflow/dags/subdag.py for tasks to queue
[2024-03-14T16:03:46.701+0200] {logging_mixin.py:188} INFO - [2024-03-14T16:03:46.701+0200] {dagbag.py:540} INFO - Filling up the DagBag from /Users/abatcoveanu/airflow/dags/subdag.py
[2024-03-14T16:03:46.702+0200] {processor.py:842} WARNING - No viable dags retrieved from /Users/abatcoveanu/airflow/dags/subdag.py
[2024-03-14T16:03:46.842+0200] {processor.py:183} INFO - Processing /Users/abatcoveanu/airflow/dags/subdag.py took 0.145 seconds
[2024-03-14T16:04:29.340+0200] {processor.py:161} INFO - Started process (PID=8403) to work on /Users/abatcoveanu/airflow/dags/subdag.py
[2024-03-14T16:04:29.341+0200] {processor.py:830} INFO - Processing file /Users/abatcoveanu/airflow/dags/subdag.py for tasks to queue
[2024-03-14T16:04:29.342+0200] {logging_mixin.py:188} INFO - [2024-03-14T16:04:29.341+0200] {dagbag.py:540} INFO - Filling up the DagBag from /Users/abatcoveanu/airflow/dags/subdag.py
[2024-03-14T16:04:29.343+0200] {processor.py:842} WARNING - No viable dags retrieved from /Users/abatcoveanu/airflow/dags/subdag.py
[2024-03-14T16:04:29.447+0200] {processor.py:183} INFO - Processing /Users/abatcoveanu/airflow/dags/subdag.py took 0.109 seconds
[2024-03-14T16:05:08.666+0200] {processor.py:161} INFO - Started process (PID=8555) to work on /Users/abatcoveanu/airflow/dags/subdag.py
[2024-03-14T16:05:08.667+0200] {processor.py:830} INFO - Processing file /Users/abatcoveanu/airflow/dags/subdag.py for tasks to queue
[2024-03-14T16:05:08.667+0200] {logging_mixin.py:188} INFO - [2024-03-14T16:05:08.667+0200] {dagbag.py:540} INFO - Filling up the DagBag from /Users/abatcoveanu/airflow/dags/subdag.py
[2024-03-14T16:05:08.668+0200] {processor.py:842} WARNING - No viable dags retrieved from /Users/abatcoveanu/airflow/dags/subdag.py
[2024-03-14T16:05:08.771+0200] {processor.py:183} INFO - Processing /Users/abatcoveanu/airflow/dags/subdag.py took 0.107 seconds
[2024-03-14T16:05:47.061+0200] {processor.py:161} INFO - Started process (PID=8711) to work on /Users/abatcoveanu/airflow/dags/subdag.py
[2024-03-14T16:05:47.062+0200] {processor.py:830} INFO - Processing file /Users/abatcoveanu/airflow/dags/subdag.py for tasks to queue
[2024-03-14T16:05:47.063+0200] {logging_mixin.py:188} INFO - [2024-03-14T16:05:47.062+0200] {dagbag.py:540} INFO - Filling up the DagBag from /Users/abatcoveanu/airflow/dags/subdag.py
[2024-03-14T16:05:47.064+0200] {processor.py:842} WARNING - No viable dags retrieved from /Users/abatcoveanu/airflow/dags/subdag.py
[2024-03-14T16:05:47.192+0200] {processor.py:183} INFO - Processing /Users/abatcoveanu/airflow/dags/subdag.py took 0.134 seconds
[2024-03-14T16:06:26.198+0200] {processor.py:161} INFO - Started process (PID=8847) to work on /Users/abatcoveanu/airflow/dags/subdag.py
[2024-03-14T16:06:26.198+0200] {processor.py:830} INFO - Processing file /Users/abatcoveanu/airflow/dags/subdag.py for tasks to queue
[2024-03-14T16:06:26.199+0200] {logging_mixin.py:188} INFO - [2024-03-14T16:06:26.199+0200] {dagbag.py:540} INFO - Filling up the DagBag from /Users/abatcoveanu/airflow/dags/subdag.py
[2024-03-14T16:06:26.200+0200] {processor.py:842} WARNING - No viable dags retrieved from /Users/abatcoveanu/airflow/dags/subdag.py
[2024-03-14T16:06:26.310+0200] {processor.py:183} INFO - Processing /Users/abatcoveanu/airflow/dags/subdag.py took 0.114 seconds
[2024-03-14T16:07:05.213+0200] {processor.py:161} INFO - Started process (PID=8999) to work on /Users/abatcoveanu/airflow/dags/subdag.py
[2024-03-14T16:07:05.214+0200] {processor.py:830} INFO - Processing file /Users/abatcoveanu/airflow/dags/subdag.py for tasks to queue
[2024-03-14T16:07:05.214+0200] {logging_mixin.py:188} INFO - [2024-03-14T16:07:05.214+0200] {dagbag.py:540} INFO - Filling up the DagBag from /Users/abatcoveanu/airflow/dags/subdag.py
[2024-03-14T16:07:05.215+0200] {processor.py:842} WARNING - No viable dags retrieved from /Users/abatcoveanu/airflow/dags/subdag.py
[2024-03-14T16:07:05.310+0200] {processor.py:183} INFO - Processing /Users/abatcoveanu/airflow/dags/subdag.py took 0.099 seconds
[2024-03-14T16:07:40.769+0200] {processor.py:161} INFO - Started process (PID=9139) to work on /Users/abatcoveanu/airflow/dags/subdag.py
[2024-03-14T16:07:40.770+0200] {processor.py:830} INFO - Processing file /Users/abatcoveanu/airflow/dags/subdag.py for tasks to queue
[2024-03-14T16:07:40.771+0200] {logging_mixin.py:188} INFO - [2024-03-14T16:07:40.771+0200] {dagbag.py:540} INFO - Filling up the DagBag from /Users/abatcoveanu/airflow/dags/subdag.py
[2024-03-14T16:07:40.772+0200] {processor.py:842} WARNING - No viable dags retrieved from /Users/abatcoveanu/airflow/dags/subdag.py
[2024-03-14T16:07:40.884+0200] {processor.py:183} INFO - Processing /Users/abatcoveanu/airflow/dags/subdag.py took 0.117 seconds
[2024-03-14T16:08:23.520+0200] {processor.py:161} INFO - Started process (PID=9299) to work on /Users/abatcoveanu/airflow/dags/subdag.py
[2024-03-14T16:08:23.521+0200] {processor.py:830} INFO - Processing file /Users/abatcoveanu/airflow/dags/subdag.py for tasks to queue
[2024-03-14T16:08:23.522+0200] {logging_mixin.py:188} INFO - [2024-03-14T16:08:23.522+0200] {dagbag.py:540} INFO - Filling up the DagBag from /Users/abatcoveanu/airflow/dags/subdag.py
[2024-03-14T16:08:23.523+0200] {processor.py:842} WARNING - No viable dags retrieved from /Users/abatcoveanu/airflow/dags/subdag.py
[2024-03-14T16:08:23.618+0200] {processor.py:183} INFO - Processing /Users/abatcoveanu/airflow/dags/subdag.py took 0.099 seconds
[2024-03-14T16:09:02.204+0200] {processor.py:161} INFO - Started process (PID=9497) to work on /Users/abatcoveanu/airflow/dags/subdag.py
[2024-03-14T16:09:02.205+0200] {processor.py:830} INFO - Processing file /Users/abatcoveanu/airflow/dags/subdag.py for tasks to queue
[2024-03-14T16:09:02.206+0200] {logging_mixin.py:188} INFO - [2024-03-14T16:09:02.206+0200] {dagbag.py:540} INFO - Filling up the DagBag from /Users/abatcoveanu/airflow/dags/subdag.py
[2024-03-14T16:09:02.207+0200] {processor.py:842} WARNING - No viable dags retrieved from /Users/abatcoveanu/airflow/dags/subdag.py
[2024-03-14T16:09:02.346+0200] {processor.py:183} INFO - Processing /Users/abatcoveanu/airflow/dags/subdag.py took 0.143 seconds
[2024-03-14T16:09:45.955+0200] {processor.py:161} INFO - Started process (PID=9677) to work on /Users/abatcoveanu/airflow/dags/subdag.py
[2024-03-14T16:09:45.957+0200] {processor.py:830} INFO - Processing file /Users/abatcoveanu/airflow/dags/subdag.py for tasks to queue
[2024-03-14T16:09:45.958+0200] {logging_mixin.py:188} INFO - [2024-03-14T16:09:45.958+0200] {dagbag.py:540} INFO - Filling up the DagBag from /Users/abatcoveanu/airflow/dags/subdag.py
[2024-03-14T16:09:45.960+0200] {processor.py:842} WARNING - No viable dags retrieved from /Users/abatcoveanu/airflow/dags/subdag.py
[2024-03-14T16:09:46.100+0200] {processor.py:183} INFO - Processing /Users/abatcoveanu/airflow/dags/subdag.py took 0.147 seconds
[2024-03-14T16:10:29.651+0200] {processor.py:161} INFO - Started process (PID=9818) to work on /Users/abatcoveanu/airflow/dags/subdag.py
[2024-03-14T16:10:29.652+0200] {processor.py:830} INFO - Processing file /Users/abatcoveanu/airflow/dags/subdag.py for tasks to queue
[2024-03-14T16:10:29.653+0200] {logging_mixin.py:188} INFO - [2024-03-14T16:10:29.652+0200] {dagbag.py:540} INFO - Filling up the DagBag from /Users/abatcoveanu/airflow/dags/subdag.py
[2024-03-14T16:10:29.653+0200] {processor.py:842} WARNING - No viable dags retrieved from /Users/abatcoveanu/airflow/dags/subdag.py
[2024-03-14T16:10:29.786+0200] {processor.py:183} INFO - Processing /Users/abatcoveanu/airflow/dags/subdag.py took 0.137 seconds
[2024-03-14T16:11:10.309+0200] {processor.py:161} INFO - Started process (PID=9979) to work on /Users/abatcoveanu/airflow/dags/subdag.py
[2024-03-14T16:11:10.310+0200] {processor.py:830} INFO - Processing file /Users/abatcoveanu/airflow/dags/subdag.py for tasks to queue
[2024-03-14T16:11:10.310+0200] {logging_mixin.py:188} INFO - [2024-03-14T16:11:10.310+0200] {dagbag.py:540} INFO - Filling up the DagBag from /Users/abatcoveanu/airflow/dags/subdag.py
[2024-03-14T16:11:10.311+0200] {processor.py:842} WARNING - No viable dags retrieved from /Users/abatcoveanu/airflow/dags/subdag.py
[2024-03-14T16:11:10.416+0200] {processor.py:183} INFO - Processing /Users/abatcoveanu/airflow/dags/subdag.py took 0.109 seconds
[2024-03-14T16:11:44.787+0200] {processor.py:161} INFO - Started process (PID=10109) to work on /Users/abatcoveanu/airflow/dags/subdag.py
[2024-03-14T16:11:44.788+0200] {processor.py:830} INFO - Processing file /Users/abatcoveanu/airflow/dags/subdag.py for tasks to queue
[2024-03-14T16:11:44.789+0200] {logging_mixin.py:188} INFO - [2024-03-14T16:11:44.789+0200] {dagbag.py:540} INFO - Filling up the DagBag from /Users/abatcoveanu/airflow/dags/subdag.py
[2024-03-14T16:11:44.790+0200] {processor.py:842} WARNING - No viable dags retrieved from /Users/abatcoveanu/airflow/dags/subdag.py
[2024-03-14T16:11:44.911+0200] {processor.py:183} INFO - Processing /Users/abatcoveanu/airflow/dags/subdag.py took 0.126 seconds
[2024-03-14T16:12:22.781+0200] {processor.py:161} INFO - Started process (PID=10253) to work on /Users/abatcoveanu/airflow/dags/subdag.py
[2024-03-14T16:12:22.782+0200] {processor.py:830} INFO - Processing file /Users/abatcoveanu/airflow/dags/subdag.py for tasks to queue
[2024-03-14T16:12:22.783+0200] {logging_mixin.py:188} INFO - [2024-03-14T16:12:22.782+0200] {dagbag.py:540} INFO - Filling up the DagBag from /Users/abatcoveanu/airflow/dags/subdag.py
[2024-03-14T16:12:22.784+0200] {processor.py:842} WARNING - No viable dags retrieved from /Users/abatcoveanu/airflow/dags/subdag.py
[2024-03-14T16:12:22.887+0200] {processor.py:183} INFO - Processing /Users/abatcoveanu/airflow/dags/subdag.py took 0.108 seconds
[2024-03-14T16:13:03.899+0200] {processor.py:161} INFO - Started process (PID=10398) to work on /Users/abatcoveanu/airflow/dags/subdag.py
[2024-03-14T16:13:03.901+0200] {processor.py:830} INFO - Processing file /Users/abatcoveanu/airflow/dags/subdag.py for tasks to queue
[2024-03-14T16:13:03.901+0200] {logging_mixin.py:188} INFO - [2024-03-14T16:13:03.901+0200] {dagbag.py:540} INFO - Filling up the DagBag from /Users/abatcoveanu/airflow/dags/subdag.py
[2024-03-14T16:13:03.903+0200] {processor.py:842} WARNING - No viable dags retrieved from /Users/abatcoveanu/airflow/dags/subdag.py
[2024-03-14T16:13:04.041+0200] {processor.py:183} INFO - Processing /Users/abatcoveanu/airflow/dags/subdag.py took 0.143 seconds
[2024-03-14T16:13:50.274+0200] {processor.py:161} INFO - Started process (PID=10559) to work on /Users/abatcoveanu/airflow/dags/subdag.py
[2024-03-14T16:13:50.276+0200] {processor.py:830} INFO - Processing file /Users/abatcoveanu/airflow/dags/subdag.py for tasks to queue
[2024-03-14T16:13:50.276+0200] {logging_mixin.py:188} INFO - [2024-03-14T16:13:50.276+0200] {dagbag.py:540} INFO - Filling up the DagBag from /Users/abatcoveanu/airflow/dags/subdag.py
[2024-03-14T16:13:50.277+0200] {processor.py:842} WARNING - No viable dags retrieved from /Users/abatcoveanu/airflow/dags/subdag.py
[2024-03-14T16:13:50.388+0200] {processor.py:183} INFO - Processing /Users/abatcoveanu/airflow/dags/subdag.py took 0.116 seconds
[2024-03-14T16:14:59.796+0200] {processor.py:161} INFO - Started process (PID=10756) to work on /Users/abatcoveanu/airflow/dags/subdag.py
[2024-03-14T16:14:59.798+0200] {processor.py:830} INFO - Processing file /Users/abatcoveanu/airflow/dags/subdag.py for tasks to queue
[2024-03-14T16:14:59.799+0200] {logging_mixin.py:188} INFO - [2024-03-14T16:14:59.799+0200] {dagbag.py:540} INFO - Filling up the DagBag from /Users/abatcoveanu/airflow/dags/subdag.py
[2024-03-14T16:14:59.800+0200] {processor.py:842} WARNING - No viable dags retrieved from /Users/abatcoveanu/airflow/dags/subdag.py
[2024-03-14T16:14:59.903+0200] {processor.py:183} INFO - Processing /Users/abatcoveanu/airflow/dags/subdag.py took 0.108 seconds
[2024-03-14T16:15:46.404+0200] {processor.py:161} INFO - Started process (PID=10944) to work on /Users/abatcoveanu/airflow/dags/subdag.py
[2024-03-14T16:15:46.405+0200] {processor.py:830} INFO - Processing file /Users/abatcoveanu/airflow/dags/subdag.py for tasks to queue
[2024-03-14T16:15:46.406+0200] {logging_mixin.py:188} INFO - [2024-03-14T16:15:46.406+0200] {dagbag.py:540} INFO - Filling up the DagBag from /Users/abatcoveanu/airflow/dags/subdag.py
[2024-03-14T16:15:46.407+0200] {processor.py:842} WARNING - No viable dags retrieved from /Users/abatcoveanu/airflow/dags/subdag.py
[2024-03-14T16:15:46.590+0200] {processor.py:183} INFO - Processing /Users/abatcoveanu/airflow/dags/subdag.py took 0.187 seconds
[2024-03-14T16:17:37.253+0200] {processor.py:161} INFO - Started process (PID=11103) to work on /Users/abatcoveanu/airflow/dags/subdag.py
[2024-03-14T16:17:37.255+0200] {processor.py:830} INFO - Processing file /Users/abatcoveanu/airflow/dags/subdag.py for tasks to queue
[2024-03-14T16:17:37.256+0200] {logging_mixin.py:188} INFO - [2024-03-14T16:17:37.255+0200] {dagbag.py:540} INFO - Filling up the DagBag from /Users/abatcoveanu/airflow/dags/subdag.py
[2024-03-14T16:17:37.256+0200] {processor.py:842} WARNING - No viable dags retrieved from /Users/abatcoveanu/airflow/dags/subdag.py
[2024-03-14T16:17:37.363+0200] {processor.py:183} INFO - Processing /Users/abatcoveanu/airflow/dags/subdag.py took 0.113 seconds
[2024-03-14T16:18:25.374+0200] {processor.py:161} INFO - Started process (PID=11282) to work on /Users/abatcoveanu/airflow/dags/subdag.py
[2024-03-14T16:18:25.375+0200] {processor.py:830} INFO - Processing file /Users/abatcoveanu/airflow/dags/subdag.py for tasks to queue
[2024-03-14T16:18:25.375+0200] {logging_mixin.py:188} INFO - [2024-03-14T16:18:25.375+0200] {dagbag.py:540} INFO - Filling up the DagBag from /Users/abatcoveanu/airflow/dags/subdag.py
[2024-03-14T16:18:25.376+0200] {processor.py:842} WARNING - No viable dags retrieved from /Users/abatcoveanu/airflow/dags/subdag.py
[2024-03-14T16:18:25.472+0200] {processor.py:183} INFO - Processing /Users/abatcoveanu/airflow/dags/subdag.py took 0.100 seconds
[2024-03-14T16:19:01.016+0200] {processor.py:161} INFO - Started process (PID=11394) to work on /Users/abatcoveanu/airflow/dags/subdag.py
[2024-03-14T16:19:01.017+0200] {processor.py:830} INFO - Processing file /Users/abatcoveanu/airflow/dags/subdag.py for tasks to queue
[2024-03-14T16:19:01.017+0200] {logging_mixin.py:188} INFO - [2024-03-14T16:19:01.017+0200] {dagbag.py:540} INFO - Filling up the DagBag from /Users/abatcoveanu/airflow/dags/subdag.py
[2024-03-14T16:19:01.018+0200] {processor.py:842} WARNING - No viable dags retrieved from /Users/abatcoveanu/airflow/dags/subdag.py
[2024-03-14T16:19:01.153+0200] {processor.py:183} INFO - Processing /Users/abatcoveanu/airflow/dags/subdag.py took 0.139 seconds
[2024-03-14T16:19:35.455+0200] {processor.py:161} INFO - Started process (PID=11542) to work on /Users/abatcoveanu/airflow/dags/subdag.py
[2024-03-14T16:19:35.457+0200] {processor.py:830} INFO - Processing file /Users/abatcoveanu/airflow/dags/subdag.py for tasks to queue
[2024-03-14T16:19:35.457+0200] {logging_mixin.py:188} INFO - [2024-03-14T16:19:35.457+0200] {dagbag.py:540} INFO - Filling up the DagBag from /Users/abatcoveanu/airflow/dags/subdag.py
[2024-03-14T16:19:35.459+0200] {processor.py:842} WARNING - No viable dags retrieved from /Users/abatcoveanu/airflow/dags/subdag.py
[2024-03-14T16:19:35.592+0200] {processor.py:183} INFO - Processing /Users/abatcoveanu/airflow/dags/subdag.py took 0.138 seconds
[2024-03-14T16:20:19.111+0200] {processor.py:161} INFO - Started process (PID=11696) to work on /Users/abatcoveanu/airflow/dags/subdag.py
[2024-03-14T16:20:19.112+0200] {processor.py:830} INFO - Processing file /Users/abatcoveanu/airflow/dags/subdag.py for tasks to queue
[2024-03-14T16:20:19.112+0200] {logging_mixin.py:188} INFO - [2024-03-14T16:20:19.112+0200] {dagbag.py:540} INFO - Filling up the DagBag from /Users/abatcoveanu/airflow/dags/subdag.py
[2024-03-14T16:20:19.113+0200] {processor.py:842} WARNING - No viable dags retrieved from /Users/abatcoveanu/airflow/dags/subdag.py
[2024-03-14T16:20:19.242+0200] {processor.py:183} INFO - Processing /Users/abatcoveanu/airflow/dags/subdag.py took 0.133 seconds
[2024-03-14T16:20:58.295+0200] {processor.py:161} INFO - Started process (PID=11839) to work on /Users/abatcoveanu/airflow/dags/subdag.py
[2024-03-14T16:20:58.295+0200] {processor.py:830} INFO - Processing file /Users/abatcoveanu/airflow/dags/subdag.py for tasks to queue
[2024-03-14T16:20:58.296+0200] {logging_mixin.py:188} INFO - [2024-03-14T16:20:58.296+0200] {dagbag.py:540} INFO - Filling up the DagBag from /Users/abatcoveanu/airflow/dags/subdag.py
[2024-03-14T16:20:58.297+0200] {processor.py:842} WARNING - No viable dags retrieved from /Users/abatcoveanu/airflow/dags/subdag.py
[2024-03-14T16:20:58.393+0200] {processor.py:183} INFO - Processing /Users/abatcoveanu/airflow/dags/subdag.py took 0.100 seconds
[2024-03-14T16:21:34.195+0200] {processor.py:161} INFO - Started process (PID=11981) to work on /Users/abatcoveanu/airflow/dags/subdag.py
[2024-03-14T16:21:34.196+0200] {processor.py:830} INFO - Processing file /Users/abatcoveanu/airflow/dags/subdag.py for tasks to queue
[2024-03-14T16:21:34.197+0200] {logging_mixin.py:188} INFO - [2024-03-14T16:21:34.196+0200] {dagbag.py:540} INFO - Filling up the DagBag from /Users/abatcoveanu/airflow/dags/subdag.py
[2024-03-14T16:21:34.198+0200] {processor.py:842} WARNING - No viable dags retrieved from /Users/abatcoveanu/airflow/dags/subdag.py
[2024-03-14T16:21:34.300+0200] {processor.py:183} INFO - Processing /Users/abatcoveanu/airflow/dags/subdag.py took 0.107 seconds
[2024-03-14T16:22:12.255+0200] {processor.py:161} INFO - Started process (PID=12151) to work on /Users/abatcoveanu/airflow/dags/subdag.py
[2024-03-14T16:22:12.256+0200] {processor.py:830} INFO - Processing file /Users/abatcoveanu/airflow/dags/subdag.py for tasks to queue
[2024-03-14T16:22:12.257+0200] {logging_mixin.py:188} INFO - [2024-03-14T16:22:12.256+0200] {dagbag.py:540} INFO - Filling up the DagBag from /Users/abatcoveanu/airflow/dags/subdag.py
[2024-03-14T16:22:12.258+0200] {processor.py:842} WARNING - No viable dags retrieved from /Users/abatcoveanu/airflow/dags/subdag.py
[2024-03-14T16:22:12.359+0200] {processor.py:183} INFO - Processing /Users/abatcoveanu/airflow/dags/subdag.py took 0.105 seconds
[2024-03-14T16:22:47.749+0200] {processor.py:161} INFO - Started process (PID=12289) to work on /Users/abatcoveanu/airflow/dags/subdag.py
[2024-03-14T16:22:47.750+0200] {processor.py:830} INFO - Processing file /Users/abatcoveanu/airflow/dags/subdag.py for tasks to queue
[2024-03-14T16:22:47.751+0200] {logging_mixin.py:188} INFO - [2024-03-14T16:22:47.751+0200] {dagbag.py:540} INFO - Filling up the DagBag from /Users/abatcoveanu/airflow/dags/subdag.py
[2024-03-14T16:22:47.752+0200] {processor.py:842} WARNING - No viable dags retrieved from /Users/abatcoveanu/airflow/dags/subdag.py
[2024-03-14T16:22:47.855+0200] {processor.py:183} INFO - Processing /Users/abatcoveanu/airflow/dags/subdag.py took 0.108 seconds
[2024-03-14T16:23:26.214+0200] {processor.py:161} INFO - Started process (PID=12452) to work on /Users/abatcoveanu/airflow/dags/subdag.py
[2024-03-14T16:23:26.214+0200] {processor.py:830} INFO - Processing file /Users/abatcoveanu/airflow/dags/subdag.py for tasks to queue
[2024-03-14T16:23:26.215+0200] {logging_mixin.py:188} INFO - [2024-03-14T16:23:26.215+0200] {dagbag.py:540} INFO - Filling up the DagBag from /Users/abatcoveanu/airflow/dags/subdag.py
[2024-03-14T16:23:26.216+0200] {processor.py:842} WARNING - No viable dags retrieved from /Users/abatcoveanu/airflow/dags/subdag.py
[2024-03-14T16:23:26.327+0200] {processor.py:183} INFO - Processing /Users/abatcoveanu/airflow/dags/subdag.py took 0.115 seconds
[2024-03-14T16:24:08.060+0200] {processor.py:161} INFO - Started process (PID=12609) to work on /Users/abatcoveanu/airflow/dags/subdag.py
[2024-03-14T16:24:08.061+0200] {processor.py:830} INFO - Processing file /Users/abatcoveanu/airflow/dags/subdag.py for tasks to queue
[2024-03-14T16:24:08.062+0200] {logging_mixin.py:188} INFO - [2024-03-14T16:24:08.061+0200] {dagbag.py:540} INFO - Filling up the DagBag from /Users/abatcoveanu/airflow/dags/subdag.py
[2024-03-14T16:24:08.063+0200] {processor.py:842} WARNING - No viable dags retrieved from /Users/abatcoveanu/airflow/dags/subdag.py
[2024-03-14T16:24:08.153+0200] {processor.py:183} INFO - Processing /Users/abatcoveanu/airflow/dags/subdag.py took 0.094 seconds
[2024-03-14T16:24:41.976+0200] {processor.py:161} INFO - Started process (PID=12741) to work on /Users/abatcoveanu/airflow/dags/subdag.py
[2024-03-14T16:24:41.977+0200] {processor.py:830} INFO - Processing file /Users/abatcoveanu/airflow/dags/subdag.py for tasks to queue
[2024-03-14T16:24:41.977+0200] {logging_mixin.py:188} INFO - [2024-03-14T16:24:41.977+0200] {dagbag.py:540} INFO - Filling up the DagBag from /Users/abatcoveanu/airflow/dags/subdag.py
[2024-03-14T16:24:41.978+0200] {processor.py:842} WARNING - No viable dags retrieved from /Users/abatcoveanu/airflow/dags/subdag.py
[2024-03-14T16:24:42.075+0200] {processor.py:183} INFO - Processing /Users/abatcoveanu/airflow/dags/subdag.py took 0.102 seconds
[2024-03-14T16:25:21.387+0200] {processor.py:161} INFO - Started process (PID=12882) to work on /Users/abatcoveanu/airflow/dags/subdag.py
[2024-03-14T16:25:21.388+0200] {processor.py:830} INFO - Processing file /Users/abatcoveanu/airflow/dags/subdag.py for tasks to queue
[2024-03-14T16:25:21.389+0200] {logging_mixin.py:188} INFO - [2024-03-14T16:25:21.389+0200] {dagbag.py:540} INFO - Filling up the DagBag from /Users/abatcoveanu/airflow/dags/subdag.py
[2024-03-14T16:25:21.390+0200] {processor.py:842} WARNING - No viable dags retrieved from /Users/abatcoveanu/airflow/dags/subdag.py
[2024-03-14T16:25:21.499+0200] {processor.py:183} INFO - Processing /Users/abatcoveanu/airflow/dags/subdag.py took 0.114 seconds
[2024-03-14T16:26:00.956+0200] {processor.py:161} INFO - Started process (PID=13032) to work on /Users/abatcoveanu/airflow/dags/subdag.py
[2024-03-14T16:26:00.956+0200] {processor.py:830} INFO - Processing file /Users/abatcoveanu/airflow/dags/subdag.py for tasks to queue
[2024-03-14T16:26:00.957+0200] {logging_mixin.py:188} INFO - [2024-03-14T16:26:00.957+0200] {dagbag.py:540} INFO - Filling up the DagBag from /Users/abatcoveanu/airflow/dags/subdag.py
[2024-03-14T16:26:00.958+0200] {processor.py:842} WARNING - No viable dags retrieved from /Users/abatcoveanu/airflow/dags/subdag.py
[2024-03-14T16:26:01.075+0200] {processor.py:183} INFO - Processing /Users/abatcoveanu/airflow/dags/subdag.py took 0.122 seconds
[2024-03-14T16:26:36.197+0200] {processor.py:161} INFO - Started process (PID=13168) to work on /Users/abatcoveanu/airflow/dags/subdag.py
[2024-03-14T16:26:36.199+0200] {processor.py:830} INFO - Processing file /Users/abatcoveanu/airflow/dags/subdag.py for tasks to queue
[2024-03-14T16:26:36.199+0200] {logging_mixin.py:188} INFO - [2024-03-14T16:26:36.199+0200] {dagbag.py:540} INFO - Filling up the DagBag from /Users/abatcoveanu/airflow/dags/subdag.py
[2024-03-14T16:26:36.200+0200] {processor.py:842} WARNING - No viable dags retrieved from /Users/abatcoveanu/airflow/dags/subdag.py
[2024-03-14T16:26:36.303+0200] {processor.py:183} INFO - Processing /Users/abatcoveanu/airflow/dags/subdag.py took 0.108 seconds
[2024-03-14T16:27:11.332+0200] {processor.py:161} INFO - Started process (PID=13301) to work on /Users/abatcoveanu/airflow/dags/subdag.py
[2024-03-14T16:27:11.333+0200] {processor.py:830} INFO - Processing file /Users/abatcoveanu/airflow/dags/subdag.py for tasks to queue
[2024-03-14T16:27:11.334+0200] {logging_mixin.py:188} INFO - [2024-03-14T16:27:11.334+0200] {dagbag.py:540} INFO - Filling up the DagBag from /Users/abatcoveanu/airflow/dags/subdag.py
[2024-03-14T16:27:11.335+0200] {processor.py:842} WARNING - No viable dags retrieved from /Users/abatcoveanu/airflow/dags/subdag.py
[2024-03-14T16:27:11.426+0200] {processor.py:183} INFO - Processing /Users/abatcoveanu/airflow/dags/subdag.py took 0.095 seconds
[2024-03-14T16:27:49.658+0200] {processor.py:161} INFO - Started process (PID=13450) to work on /Users/abatcoveanu/airflow/dags/subdag.py
[2024-03-14T16:27:49.659+0200] {processor.py:830} INFO - Processing file /Users/abatcoveanu/airflow/dags/subdag.py for tasks to queue
[2024-03-14T16:27:49.659+0200] {logging_mixin.py:188} INFO - [2024-03-14T16:27:49.659+0200] {dagbag.py:540} INFO - Filling up the DagBag from /Users/abatcoveanu/airflow/dags/subdag.py
[2024-03-14T16:27:49.660+0200] {processor.py:842} WARNING - No viable dags retrieved from /Users/abatcoveanu/airflow/dags/subdag.py
[2024-03-14T16:27:49.776+0200] {processor.py:183} INFO - Processing /Users/abatcoveanu/airflow/dags/subdag.py took 0.121 seconds
[2024-03-14T16:28:25.163+0200] {processor.py:161} INFO - Started process (PID=13584) to work on /Users/abatcoveanu/airflow/dags/subdag.py
[2024-03-14T16:28:25.164+0200] {processor.py:830} INFO - Processing file /Users/abatcoveanu/airflow/dags/subdag.py for tasks to queue
[2024-03-14T16:28:25.165+0200] {logging_mixin.py:188} INFO - [2024-03-14T16:28:25.164+0200] {dagbag.py:540} INFO - Filling up the DagBag from /Users/abatcoveanu/airflow/dags/subdag.py
[2024-03-14T16:28:25.166+0200] {processor.py:842} WARNING - No viable dags retrieved from /Users/abatcoveanu/airflow/dags/subdag.py
[2024-03-14T16:28:25.280+0200] {processor.py:183} INFO - Processing /Users/abatcoveanu/airflow/dags/subdag.py took 0.120 seconds
[2024-03-14T16:28:58.092+0200] {processor.py:161} INFO - Started process (PID=13711) to work on /Users/abatcoveanu/airflow/dags/subdag.py
[2024-03-14T16:28:58.093+0200] {processor.py:830} INFO - Processing file /Users/abatcoveanu/airflow/dags/subdag.py for tasks to queue
[2024-03-14T16:28:58.093+0200] {logging_mixin.py:188} INFO - [2024-03-14T16:28:58.093+0200] {dagbag.py:540} INFO - Filling up the DagBag from /Users/abatcoveanu/airflow/dags/subdag.py
[2024-03-14T16:28:58.094+0200] {processor.py:842} WARNING - No viable dags retrieved from /Users/abatcoveanu/airflow/dags/subdag.py
[2024-03-14T16:28:58.204+0200] {processor.py:183} INFO - Processing /Users/abatcoveanu/airflow/dags/subdag.py took 0.113 seconds
[2024-03-14T16:29:42.286+0200] {processor.py:161} INFO - Started process (PID=13894) to work on /Users/abatcoveanu/airflow/dags/subdag.py
[2024-03-14T16:29:42.287+0200] {processor.py:830} INFO - Processing file /Users/abatcoveanu/airflow/dags/subdag.py for tasks to queue
[2024-03-14T16:29:42.288+0200] {logging_mixin.py:188} INFO - [2024-03-14T16:29:42.288+0200] {dagbag.py:540} INFO - Filling up the DagBag from /Users/abatcoveanu/airflow/dags/subdag.py
[2024-03-14T16:29:42.289+0200] {processor.py:842} WARNING - No viable dags retrieved from /Users/abatcoveanu/airflow/dags/subdag.py
[2024-03-14T16:29:42.389+0200] {processor.py:183} INFO - Processing /Users/abatcoveanu/airflow/dags/subdag.py took 0.104 seconds
[2024-03-14T16:30:23.306+0200] {processor.py:161} INFO - Started process (PID=14039) to work on /Users/abatcoveanu/airflow/dags/subdag.py
[2024-03-14T16:30:23.307+0200] {processor.py:830} INFO - Processing file /Users/abatcoveanu/airflow/dags/subdag.py for tasks to queue
[2024-03-14T16:30:23.308+0200] {logging_mixin.py:188} INFO - [2024-03-14T16:30:23.308+0200] {dagbag.py:540} INFO - Filling up the DagBag from /Users/abatcoveanu/airflow/dags/subdag.py
[2024-03-14T16:30:23.309+0200] {processor.py:842} WARNING - No viable dags retrieved from /Users/abatcoveanu/airflow/dags/subdag.py
[2024-03-14T16:30:23.427+0200] {processor.py:183} INFO - Processing /Users/abatcoveanu/airflow/dags/subdag.py took 0.123 seconds
[2024-03-14T16:31:08.793+0200] {processor.py:161} INFO - Started process (PID=14198) to work on /Users/abatcoveanu/airflow/dags/subdag.py
[2024-03-14T16:31:08.794+0200] {processor.py:830} INFO - Processing file /Users/abatcoveanu/airflow/dags/subdag.py for tasks to queue
[2024-03-14T16:31:08.794+0200] {logging_mixin.py:188} INFO - [2024-03-14T16:31:08.794+0200] {dagbag.py:540} INFO - Filling up the DagBag from /Users/abatcoveanu/airflow/dags/subdag.py
[2024-03-14T16:31:08.795+0200] {processor.py:842} WARNING - No viable dags retrieved from /Users/abatcoveanu/airflow/dags/subdag.py
[2024-03-14T16:31:08.908+0200] {processor.py:183} INFO - Processing /Users/abatcoveanu/airflow/dags/subdag.py took 0.117 seconds
[2024-03-14T16:31:50.100+0200] {processor.py:161} INFO - Started process (PID=14361) to work on /Users/abatcoveanu/airflow/dags/subdag.py
[2024-03-14T16:31:50.101+0200] {processor.py:830} INFO - Processing file /Users/abatcoveanu/airflow/dags/subdag.py for tasks to queue
[2024-03-14T16:31:50.102+0200] {logging_mixin.py:188} INFO - [2024-03-14T16:31:50.102+0200] {dagbag.py:540} INFO - Filling up the DagBag from /Users/abatcoveanu/airflow/dags/subdag.py
[2024-03-14T16:31:50.103+0200] {processor.py:842} WARNING - No viable dags retrieved from /Users/abatcoveanu/airflow/dags/subdag.py
[2024-03-14T16:31:50.204+0200] {processor.py:183} INFO - Processing /Users/abatcoveanu/airflow/dags/subdag.py took 0.106 seconds
[2024-03-14T16:32:29.276+0200] {processor.py:161} INFO - Started process (PID=14506) to work on /Users/abatcoveanu/airflow/dags/subdag.py
[2024-03-14T16:32:29.278+0200] {processor.py:830} INFO - Processing file /Users/abatcoveanu/airflow/dags/subdag.py for tasks to queue
[2024-03-14T16:32:29.279+0200] {logging_mixin.py:188} INFO - [2024-03-14T16:32:29.279+0200] {dagbag.py:540} INFO - Filling up the DagBag from /Users/abatcoveanu/airflow/dags/subdag.py
[2024-03-14T16:32:29.280+0200] {processor.py:842} WARNING - No viable dags retrieved from /Users/abatcoveanu/airflow/dags/subdag.py
[2024-03-14T16:32:29.386+0200] {processor.py:183} INFO - Processing /Users/abatcoveanu/airflow/dags/subdag.py took 0.111 seconds
[2024-03-14T16:33:09.884+0200] {processor.py:161} INFO - Started process (PID=14669) to work on /Users/abatcoveanu/airflow/dags/subdag.py
[2024-03-14T16:33:09.885+0200] {processor.py:830} INFO - Processing file /Users/abatcoveanu/airflow/dags/subdag.py for tasks to queue
[2024-03-14T16:33:09.886+0200] {logging_mixin.py:188} INFO - [2024-03-14T16:33:09.886+0200] {dagbag.py:540} INFO - Filling up the DagBag from /Users/abatcoveanu/airflow/dags/subdag.py
[2024-03-14T16:33:09.887+0200] {processor.py:842} WARNING - No viable dags retrieved from /Users/abatcoveanu/airflow/dags/subdag.py
[2024-03-14T16:33:09.978+0200] {processor.py:183} INFO - Processing /Users/abatcoveanu/airflow/dags/subdag.py took 0.095 seconds
[2024-03-14T16:33:50.792+0200] {processor.py:161} INFO - Started process (PID=14823) to work on /Users/abatcoveanu/airflow/dags/subdag.py
[2024-03-14T16:33:50.794+0200] {processor.py:830} INFO - Processing file /Users/abatcoveanu/airflow/dags/subdag.py for tasks to queue
[2024-03-14T16:33:50.794+0200] {logging_mixin.py:188} INFO - [2024-03-14T16:33:50.794+0200] {dagbag.py:540} INFO - Filling up the DagBag from /Users/abatcoveanu/airflow/dags/subdag.py
[2024-03-14T16:33:50.796+0200] {processor.py:842} WARNING - No viable dags retrieved from /Users/abatcoveanu/airflow/dags/subdag.py
[2024-03-14T16:33:50.909+0200] {processor.py:183} INFO - Processing /Users/abatcoveanu/airflow/dags/subdag.py took 0.118 seconds
[2024-03-14T16:34:34.450+0200] {processor.py:161} INFO - Started process (PID=14985) to work on /Users/abatcoveanu/airflow/dags/subdag.py
[2024-03-14T16:34:34.452+0200] {processor.py:830} INFO - Processing file /Users/abatcoveanu/airflow/dags/subdag.py for tasks to queue
[2024-03-14T16:34:34.453+0200] {logging_mixin.py:188} INFO - [2024-03-14T16:34:34.453+0200] {dagbag.py:540} INFO - Filling up the DagBag from /Users/abatcoveanu/airflow/dags/subdag.py
[2024-03-14T16:34:34.456+0200] {processor.py:842} WARNING - No viable dags retrieved from /Users/abatcoveanu/airflow/dags/subdag.py
[2024-03-14T16:34:34.590+0200] {processor.py:183} INFO - Processing /Users/abatcoveanu/airflow/dags/subdag.py took 0.143 seconds
[2024-03-14T16:35:11.190+0200] {processor.py:161} INFO - Started process (PID=15116) to work on /Users/abatcoveanu/airflow/dags/subdag.py
[2024-03-14T16:35:11.191+0200] {processor.py:830} INFO - Processing file /Users/abatcoveanu/airflow/dags/subdag.py for tasks to queue
[2024-03-14T16:35:11.191+0200] {logging_mixin.py:188} INFO - [2024-03-14T16:35:11.191+0200] {dagbag.py:540} INFO - Filling up the DagBag from /Users/abatcoveanu/airflow/dags/subdag.py
[2024-03-14T16:35:11.193+0200] {processor.py:842} WARNING - No viable dags retrieved from /Users/abatcoveanu/airflow/dags/subdag.py
[2024-03-14T16:35:11.288+0200] {processor.py:183} INFO - Processing /Users/abatcoveanu/airflow/dags/subdag.py took 0.101 seconds
[2024-03-14T16:35:50.771+0200] {processor.py:161} INFO - Started process (PID=15265) to work on /Users/abatcoveanu/airflow/dags/subdag.py
[2024-03-14T16:35:50.772+0200] {processor.py:830} INFO - Processing file /Users/abatcoveanu/airflow/dags/subdag.py for tasks to queue
[2024-03-14T16:35:50.773+0200] {logging_mixin.py:188} INFO - [2024-03-14T16:35:50.773+0200] {dagbag.py:540} INFO - Filling up the DagBag from /Users/abatcoveanu/airflow/dags/subdag.py
[2024-03-14T16:35:50.774+0200] {processor.py:842} WARNING - No viable dags retrieved from /Users/abatcoveanu/airflow/dags/subdag.py
[2024-03-14T16:35:50.879+0200] {processor.py:183} INFO - Processing /Users/abatcoveanu/airflow/dags/subdag.py took 0.109 seconds
[2024-03-14T16:36:28.578+0200] {processor.py:161} INFO - Started process (PID=15403) to work on /Users/abatcoveanu/airflow/dags/subdag.py
[2024-03-14T16:36:28.580+0200] {processor.py:830} INFO - Processing file /Users/abatcoveanu/airflow/dags/subdag.py for tasks to queue
[2024-03-14T16:36:28.581+0200] {logging_mixin.py:188} INFO - [2024-03-14T16:36:28.580+0200] {dagbag.py:540} INFO - Filling up the DagBag from /Users/abatcoveanu/airflow/dags/subdag.py
[2024-03-14T16:36:28.583+0200] {processor.py:842} WARNING - No viable dags retrieved from /Users/abatcoveanu/airflow/dags/subdag.py
[2024-03-14T16:36:28.697+0200] {processor.py:183} INFO - Processing /Users/abatcoveanu/airflow/dags/subdag.py took 0.122 seconds
[2024-03-14T16:37:06.058+0200] {processor.py:161} INFO - Started process (PID=15649) to work on /Users/abatcoveanu/airflow/dags/subdag.py
[2024-03-14T16:37:06.059+0200] {processor.py:830} INFO - Processing file /Users/abatcoveanu/airflow/dags/subdag.py for tasks to queue
[2024-03-14T16:37:06.060+0200] {logging_mixin.py:188} INFO - [2024-03-14T16:37:06.060+0200] {dagbag.py:540} INFO - Filling up the DagBag from /Users/abatcoveanu/airflow/dags/subdag.py
[2024-03-14T16:37:06.061+0200] {processor.py:842} WARNING - No viable dags retrieved from /Users/abatcoveanu/airflow/dags/subdag.py
[2024-03-14T16:37:06.182+0200] {processor.py:183} INFO - Processing /Users/abatcoveanu/airflow/dags/subdag.py took 0.126 seconds
[2024-03-14T16:37:46.542+0200] {processor.py:161} INFO - Started process (PID=15803) to work on /Users/abatcoveanu/airflow/dags/subdag.py
[2024-03-14T16:37:46.543+0200] {processor.py:830} INFO - Processing file /Users/abatcoveanu/airflow/dags/subdag.py for tasks to queue
[2024-03-14T16:37:46.543+0200] {logging_mixin.py:188} INFO - [2024-03-14T16:37:46.543+0200] {dagbag.py:540} INFO - Filling up the DagBag from /Users/abatcoveanu/airflow/dags/subdag.py
[2024-03-14T16:37:46.544+0200] {processor.py:842} WARNING - No viable dags retrieved from /Users/abatcoveanu/airflow/dags/subdag.py
[2024-03-14T16:37:46.651+0200] {processor.py:183} INFO - Processing /Users/abatcoveanu/airflow/dags/subdag.py took 0.111 seconds
[2024-03-14T16:38:23.073+0200] {processor.py:161} INFO - Started process (PID=15960) to work on /Users/abatcoveanu/airflow/dags/subdag.py
[2024-03-14T16:38:23.074+0200] {processor.py:830} INFO - Processing file /Users/abatcoveanu/airflow/dags/subdag.py for tasks to queue
[2024-03-14T16:38:23.074+0200] {logging_mixin.py:188} INFO - [2024-03-14T16:38:23.074+0200] {dagbag.py:540} INFO - Filling up the DagBag from /Users/abatcoveanu/airflow/dags/subdag.py
[2024-03-14T16:38:23.075+0200] {processor.py:842} WARNING - No viable dags retrieved from /Users/abatcoveanu/airflow/dags/subdag.py
[2024-03-14T16:38:23.180+0200] {processor.py:183} INFO - Processing /Users/abatcoveanu/airflow/dags/subdag.py took 0.108 seconds
[2024-03-14T16:39:08.227+0200] {processor.py:161} INFO - Started process (PID=16138) to work on /Users/abatcoveanu/airflow/dags/subdag.py
[2024-03-14T16:39:08.228+0200] {processor.py:830} INFO - Processing file /Users/abatcoveanu/airflow/dags/subdag.py for tasks to queue
[2024-03-14T16:39:08.228+0200] {logging_mixin.py:188} INFO - [2024-03-14T16:39:08.228+0200] {dagbag.py:540} INFO - Filling up the DagBag from /Users/abatcoveanu/airflow/dags/subdag.py
[2024-03-14T16:39:08.229+0200] {processor.py:842} WARNING - No viable dags retrieved from /Users/abatcoveanu/airflow/dags/subdag.py
[2024-03-14T16:39:08.335+0200] {processor.py:183} INFO - Processing /Users/abatcoveanu/airflow/dags/subdag.py took 0.110 seconds
[2024-03-14T16:39:48.686+0200] {processor.py:161} INFO - Started process (PID=16269) to work on /Users/abatcoveanu/airflow/dags/subdag.py
[2024-03-14T16:39:48.687+0200] {processor.py:830} INFO - Processing file /Users/abatcoveanu/airflow/dags/subdag.py for tasks to queue
[2024-03-14T16:39:48.688+0200] {logging_mixin.py:188} INFO - [2024-03-14T16:39:48.687+0200] {dagbag.py:540} INFO - Filling up the DagBag from /Users/abatcoveanu/airflow/dags/subdag.py
[2024-03-14T16:39:48.689+0200] {processor.py:842} WARNING - No viable dags retrieved from /Users/abatcoveanu/airflow/dags/subdag.py
[2024-03-14T16:39:48.792+0200] {processor.py:183} INFO - Processing /Users/abatcoveanu/airflow/dags/subdag.py took 0.108 seconds
[2024-03-14T16:40:22.974+0200] {processor.py:161} INFO - Started process (PID=16396) to work on /Users/abatcoveanu/airflow/dags/subdag.py
[2024-03-14T16:40:22.975+0200] {processor.py:830} INFO - Processing file /Users/abatcoveanu/airflow/dags/subdag.py for tasks to queue
[2024-03-14T16:40:22.975+0200] {logging_mixin.py:188} INFO - [2024-03-14T16:40:22.975+0200] {dagbag.py:540} INFO - Filling up the DagBag from /Users/abatcoveanu/airflow/dags/subdag.py
[2024-03-14T16:40:22.976+0200] {processor.py:842} WARNING - No viable dags retrieved from /Users/abatcoveanu/airflow/dags/subdag.py
[2024-03-14T16:40:23.080+0200] {processor.py:183} INFO - Processing /Users/abatcoveanu/airflow/dags/subdag.py took 0.108 seconds
[2024-03-14T16:41:05.586+0200] {processor.py:161} INFO - Started process (PID=16543) to work on /Users/abatcoveanu/airflow/dags/subdag.py
[2024-03-14T16:41:05.588+0200] {processor.py:830} INFO - Processing file /Users/abatcoveanu/airflow/dags/subdag.py for tasks to queue
[2024-03-14T16:41:05.588+0200] {logging_mixin.py:188} INFO - [2024-03-14T16:41:05.588+0200] {dagbag.py:540} INFO - Filling up the DagBag from /Users/abatcoveanu/airflow/dags/subdag.py
[2024-03-14T16:41:05.589+0200] {processor.py:842} WARNING - No viable dags retrieved from /Users/abatcoveanu/airflow/dags/subdag.py
[2024-03-14T16:41:05.718+0200] {processor.py:183} INFO - Processing /Users/abatcoveanu/airflow/dags/subdag.py took 0.134 seconds
[2024-03-14T16:41:48.355+0200] {processor.py:161} INFO - Started process (PID=16706) to work on /Users/abatcoveanu/airflow/dags/subdag.py
[2024-03-14T16:41:48.356+0200] {processor.py:830} INFO - Processing file /Users/abatcoveanu/airflow/dags/subdag.py for tasks to queue
[2024-03-14T16:41:48.357+0200] {logging_mixin.py:188} INFO - [2024-03-14T16:41:48.356+0200] {dagbag.py:540} INFO - Filling up the DagBag from /Users/abatcoveanu/airflow/dags/subdag.py
[2024-03-14T16:41:48.358+0200] {processor.py:842} WARNING - No viable dags retrieved from /Users/abatcoveanu/airflow/dags/subdag.py
[2024-03-14T16:41:48.492+0200] {processor.py:183} INFO - Processing /Users/abatcoveanu/airflow/dags/subdag.py took 0.140 seconds
[2024-03-14T16:42:29.583+0200] {processor.py:161} INFO - Started process (PID=16849) to work on /Users/abatcoveanu/airflow/dags/subdag.py
[2024-03-14T16:42:29.585+0200] {processor.py:830} INFO - Processing file /Users/abatcoveanu/airflow/dags/subdag.py for tasks to queue
[2024-03-14T16:42:29.585+0200] {logging_mixin.py:188} INFO - [2024-03-14T16:42:29.585+0200] {dagbag.py:540} INFO - Filling up the DagBag from /Users/abatcoveanu/airflow/dags/subdag.py
[2024-03-14T16:42:29.587+0200] {processor.py:842} WARNING - No viable dags retrieved from /Users/abatcoveanu/airflow/dags/subdag.py
[2024-03-14T16:42:29.712+0200] {processor.py:183} INFO - Processing /Users/abatcoveanu/airflow/dags/subdag.py took 0.131 seconds
[2024-03-14T16:43:07.580+0200] {processor.py:161} INFO - Started process (PID=16970) to work on /Users/abatcoveanu/airflow/dags/subdag.py
[2024-03-14T16:43:07.581+0200] {processor.py:830} INFO - Processing file /Users/abatcoveanu/airflow/dags/subdag.py for tasks to queue
[2024-03-14T16:43:07.582+0200] {logging_mixin.py:188} INFO - [2024-03-14T16:43:07.582+0200] {dagbag.py:540} INFO - Filling up the DagBag from /Users/abatcoveanu/airflow/dags/subdag.py
[2024-03-14T16:43:07.583+0200] {processor.py:842} WARNING - No viable dags retrieved from /Users/abatcoveanu/airflow/dags/subdag.py
[2024-03-14T16:43:07.692+0200] {processor.py:183} INFO - Processing /Users/abatcoveanu/airflow/dags/subdag.py took 0.114 seconds
[2024-03-14T16:43:53.187+0200] {processor.py:161} INFO - Started process (PID=17143) to work on /Users/abatcoveanu/airflow/dags/subdag.py
[2024-03-14T16:43:53.188+0200] {processor.py:830} INFO - Processing file /Users/abatcoveanu/airflow/dags/subdag.py for tasks to queue
[2024-03-14T16:43:53.189+0200] {logging_mixin.py:188} INFO - [2024-03-14T16:43:53.189+0200] {dagbag.py:540} INFO - Filling up the DagBag from /Users/abatcoveanu/airflow/dags/subdag.py
[2024-03-14T16:43:53.190+0200] {processor.py:842} WARNING - No viable dags retrieved from /Users/abatcoveanu/airflow/dags/subdag.py
[2024-03-14T16:43:53.293+0200] {processor.py:183} INFO - Processing /Users/abatcoveanu/airflow/dags/subdag.py took 0.107 seconds
[2024-03-14T16:44:42.187+0200] {processor.py:161} INFO - Started process (PID=17299) to work on /Users/abatcoveanu/airflow/dags/subdag.py
[2024-03-14T16:44:42.188+0200] {processor.py:830} INFO - Processing file /Users/abatcoveanu/airflow/dags/subdag.py for tasks to queue
[2024-03-14T16:44:42.188+0200] {logging_mixin.py:188} INFO - [2024-03-14T16:44:42.188+0200] {dagbag.py:540} INFO - Filling up the DagBag from /Users/abatcoveanu/airflow/dags/subdag.py
[2024-03-14T16:44:42.189+0200] {processor.py:842} WARNING - No viable dags retrieved from /Users/abatcoveanu/airflow/dags/subdag.py
[2024-03-14T16:44:42.293+0200] {processor.py:183} INFO - Processing /Users/abatcoveanu/airflow/dags/subdag.py took 0.108 seconds
[2024-03-14T16:45:20.223+0200] {processor.py:161} INFO - Started process (PID=17424) to work on /Users/abatcoveanu/airflow/dags/subdag.py
[2024-03-14T16:45:20.224+0200] {processor.py:830} INFO - Processing file /Users/abatcoveanu/airflow/dags/subdag.py for tasks to queue
[2024-03-14T16:45:20.225+0200] {logging_mixin.py:188} INFO - [2024-03-14T16:45:20.225+0200] {dagbag.py:540} INFO - Filling up the DagBag from /Users/abatcoveanu/airflow/dags/subdag.py
[2024-03-14T16:45:20.227+0200] {processor.py:842} WARNING - No viable dags retrieved from /Users/abatcoveanu/airflow/dags/subdag.py
[2024-03-14T16:45:20.347+0200] {processor.py:183} INFO - Processing /Users/abatcoveanu/airflow/dags/subdag.py took 0.127 seconds
[2024-03-14T16:45:54.209+0200] {processor.py:161} INFO - Started process (PID=17555) to work on /Users/abatcoveanu/airflow/dags/subdag.py
[2024-03-14T16:45:54.211+0200] {processor.py:830} INFO - Processing file /Users/abatcoveanu/airflow/dags/subdag.py for tasks to queue
[2024-03-14T16:45:54.211+0200] {logging_mixin.py:188} INFO - [2024-03-14T16:45:54.211+0200] {dagbag.py:540} INFO - Filling up the DagBag from /Users/abatcoveanu/airflow/dags/subdag.py
[2024-03-14T16:45:54.213+0200] {processor.py:842} WARNING - No viable dags retrieved from /Users/abatcoveanu/airflow/dags/subdag.py
[2024-03-14T16:45:54.344+0200] {processor.py:183} INFO - Processing /Users/abatcoveanu/airflow/dags/subdag.py took 0.137 seconds
[2024-03-14T16:46:31.690+0200] {processor.py:161} INFO - Started process (PID=17698) to work on /Users/abatcoveanu/airflow/dags/subdag.py
[2024-03-14T16:46:31.691+0200] {processor.py:830} INFO - Processing file /Users/abatcoveanu/airflow/dags/subdag.py for tasks to queue
[2024-03-14T16:46:31.692+0200] {logging_mixin.py:188} INFO - [2024-03-14T16:46:31.692+0200] {dagbag.py:540} INFO - Filling up the DagBag from /Users/abatcoveanu/airflow/dags/subdag.py
[2024-03-14T16:46:31.694+0200] {processor.py:842} WARNING - No viable dags retrieved from /Users/abatcoveanu/airflow/dags/subdag.py
[2024-03-14T16:46:31.844+0200] {processor.py:183} INFO - Processing /Users/abatcoveanu/airflow/dags/subdag.py took 0.156 seconds
[2024-03-14T16:47:08.026+0200] {processor.py:161} INFO - Started process (PID=17825) to work on /Users/abatcoveanu/airflow/dags/subdag.py
[2024-03-14T16:47:08.028+0200] {processor.py:830} INFO - Processing file /Users/abatcoveanu/airflow/dags/subdag.py for tasks to queue
[2024-03-14T16:47:08.029+0200] {logging_mixin.py:188} INFO - [2024-03-14T16:47:08.028+0200] {dagbag.py:540} INFO - Filling up the DagBag from /Users/abatcoveanu/airflow/dags/subdag.py
[2024-03-14T16:47:08.030+0200] {processor.py:842} WARNING - No viable dags retrieved from /Users/abatcoveanu/airflow/dags/subdag.py
[2024-03-14T16:47:08.144+0200] {processor.py:183} INFO - Processing /Users/abatcoveanu/airflow/dags/subdag.py took 0.120 seconds
[2024-03-14T16:47:43.859+0200] {processor.py:161} INFO - Started process (PID=18109) to work on /Users/abatcoveanu/airflow/dags/subdag.py
[2024-03-14T16:47:43.861+0200] {processor.py:830} INFO - Processing file /Users/abatcoveanu/airflow/dags/subdag.py for tasks to queue
[2024-03-14T16:47:43.861+0200] {logging_mixin.py:188} INFO - [2024-03-14T16:47:43.861+0200] {dagbag.py:540} INFO - Filling up the DagBag from /Users/abatcoveanu/airflow/dags/subdag.py
[2024-03-14T16:47:43.862+0200] {processor.py:842} WARNING - No viable dags retrieved from /Users/abatcoveanu/airflow/dags/subdag.py
[2024-03-14T16:47:43.973+0200] {processor.py:183} INFO - Processing /Users/abatcoveanu/airflow/dags/subdag.py took 0.116 seconds
[2024-03-14T16:48:26.555+0200] {processor.py:161} INFO - Started process (PID=18423) to work on /Users/abatcoveanu/airflow/dags/subdag.py
[2024-03-14T16:48:26.556+0200] {processor.py:830} INFO - Processing file /Users/abatcoveanu/airflow/dags/subdag.py for tasks to queue
[2024-03-14T16:48:26.557+0200] {logging_mixin.py:188} INFO - [2024-03-14T16:48:26.557+0200] {dagbag.py:540} INFO - Filling up the DagBag from /Users/abatcoveanu/airflow/dags/subdag.py
[2024-03-14T16:48:26.558+0200] {processor.py:842} WARNING - No viable dags retrieved from /Users/abatcoveanu/airflow/dags/subdag.py
[2024-03-14T16:48:26.695+0200] {processor.py:183} INFO - Processing /Users/abatcoveanu/airflow/dags/subdag.py took 0.142 seconds
[2024-03-14T16:49:05.276+0200] {processor.py:161} INFO - Started process (PID=18613) to work on /Users/abatcoveanu/airflow/dags/subdag.py
[2024-03-14T16:49:05.277+0200] {processor.py:830} INFO - Processing file /Users/abatcoveanu/airflow/dags/subdag.py for tasks to queue
[2024-03-14T16:49:05.278+0200] {logging_mixin.py:188} INFO - [2024-03-14T16:49:05.278+0200] {dagbag.py:540} INFO - Filling up the DagBag from /Users/abatcoveanu/airflow/dags/subdag.py
[2024-03-14T16:49:05.279+0200] {processor.py:842} WARNING - No viable dags retrieved from /Users/abatcoveanu/airflow/dags/subdag.py
[2024-03-14T16:49:05.400+0200] {processor.py:183} INFO - Processing /Users/abatcoveanu/airflow/dags/subdag.py took 0.125 seconds
[2024-03-14T16:49:39.803+0200] {processor.py:161} INFO - Started process (PID=18740) to work on /Users/abatcoveanu/airflow/dags/subdag.py
[2024-03-14T16:49:39.804+0200] {processor.py:830} INFO - Processing file /Users/abatcoveanu/airflow/dags/subdag.py for tasks to queue
[2024-03-14T16:49:39.804+0200] {logging_mixin.py:188} INFO - [2024-03-14T16:49:39.804+0200] {dagbag.py:540} INFO - Filling up the DagBag from /Users/abatcoveanu/airflow/dags/subdag.py
[2024-03-14T16:49:39.805+0200] {processor.py:842} WARNING - No viable dags retrieved from /Users/abatcoveanu/airflow/dags/subdag.py
[2024-03-14T16:49:39.909+0200] {processor.py:183} INFO - Processing /Users/abatcoveanu/airflow/dags/subdag.py took 0.108 seconds
[2024-03-14T16:50:14.384+0200] {processor.py:161} INFO - Started process (PID=18862) to work on /Users/abatcoveanu/airflow/dags/subdag.py
[2024-03-14T16:50:14.385+0200] {processor.py:830} INFO - Processing file /Users/abatcoveanu/airflow/dags/subdag.py for tasks to queue
[2024-03-14T16:50:14.387+0200] {logging_mixin.py:188} INFO - [2024-03-14T16:50:14.386+0200] {dagbag.py:540} INFO - Filling up the DagBag from /Users/abatcoveanu/airflow/dags/subdag.py
[2024-03-14T16:50:14.388+0200] {processor.py:842} WARNING - No viable dags retrieved from /Users/abatcoveanu/airflow/dags/subdag.py
[2024-03-14T16:50:14.754+0200] {processor.py:183} INFO - Processing /Users/abatcoveanu/airflow/dags/subdag.py took 0.373 seconds
[2024-03-14T16:50:50.773+0200] {processor.py:161} INFO - Started process (PID=18979) to work on /Users/abatcoveanu/airflow/dags/subdag.py
[2024-03-14T16:50:50.775+0200] {processor.py:830} INFO - Processing file /Users/abatcoveanu/airflow/dags/subdag.py for tasks to queue
[2024-03-14T16:50:50.775+0200] {logging_mixin.py:188} INFO - [2024-03-14T16:50:50.775+0200] {dagbag.py:540} INFO - Filling up the DagBag from /Users/abatcoveanu/airflow/dags/subdag.py
[2024-03-14T16:50:50.777+0200] {processor.py:842} WARNING - No viable dags retrieved from /Users/abatcoveanu/airflow/dags/subdag.py
[2024-03-14T16:50:50.874+0200] {processor.py:183} INFO - Processing /Users/abatcoveanu/airflow/dags/subdag.py took 0.103 seconds
[2024-03-14T16:51:29.365+0200] {processor.py:161} INFO - Started process (PID=19102) to work on /Users/abatcoveanu/airflow/dags/subdag.py
[2024-03-14T16:51:29.367+0200] {processor.py:830} INFO - Processing file /Users/abatcoveanu/airflow/dags/subdag.py for tasks to queue
[2024-03-14T16:51:29.368+0200] {logging_mixin.py:188} INFO - [2024-03-14T16:51:29.367+0200] {dagbag.py:540} INFO - Filling up the DagBag from /Users/abatcoveanu/airflow/dags/subdag.py
[2024-03-14T16:51:29.369+0200] {processor.py:842} WARNING - No viable dags retrieved from /Users/abatcoveanu/airflow/dags/subdag.py
[2024-03-14T16:51:29.496+0200] {processor.py:183} INFO - Processing /Users/abatcoveanu/airflow/dags/subdag.py took 0.133 seconds
[2024-03-14T16:52:04.724+0200] {processor.py:161} INFO - Started process (PID=19234) to work on /Users/abatcoveanu/airflow/dags/subdag.py
[2024-03-14T16:52:04.725+0200] {processor.py:830} INFO - Processing file /Users/abatcoveanu/airflow/dags/subdag.py for tasks to queue
[2024-03-14T16:52:04.726+0200] {logging_mixin.py:188} INFO - [2024-03-14T16:52:04.726+0200] {dagbag.py:540} INFO - Filling up the DagBag from /Users/abatcoveanu/airflow/dags/subdag.py
[2024-03-14T16:52:04.728+0200] {processor.py:842} WARNING - No viable dags retrieved from /Users/abatcoveanu/airflow/dags/subdag.py
[2024-03-14T16:52:04.846+0200] {processor.py:183} INFO - Processing /Users/abatcoveanu/airflow/dags/subdag.py took 0.123 seconds
[2024-03-14T16:52:42.296+0200] {processor.py:161} INFO - Started process (PID=19363) to work on /Users/abatcoveanu/airflow/dags/subdag.py
[2024-03-14T16:52:42.298+0200] {processor.py:830} INFO - Processing file /Users/abatcoveanu/airflow/dags/subdag.py for tasks to queue
[2024-03-14T16:52:42.299+0200] {logging_mixin.py:188} INFO - [2024-03-14T16:52:42.299+0200] {dagbag.py:540} INFO - Filling up the DagBag from /Users/abatcoveanu/airflow/dags/subdag.py
[2024-03-14T16:52:42.300+0200] {processor.py:842} WARNING - No viable dags retrieved from /Users/abatcoveanu/airflow/dags/subdag.py
[2024-03-14T16:52:42.416+0200] {processor.py:183} INFO - Processing /Users/abatcoveanu/airflow/dags/subdag.py took 0.122 seconds
[2024-03-14T16:53:25.730+0200] {processor.py:161} INFO - Started process (PID=19515) to work on /Users/abatcoveanu/airflow/dags/subdag.py
[2024-03-14T16:53:25.732+0200] {processor.py:830} INFO - Processing file /Users/abatcoveanu/airflow/dags/subdag.py for tasks to queue
[2024-03-14T16:53:25.733+0200] {logging_mixin.py:188} INFO - [2024-03-14T16:53:25.732+0200] {dagbag.py:540} INFO - Filling up the DagBag from /Users/abatcoveanu/airflow/dags/subdag.py
[2024-03-14T16:53:25.734+0200] {processor.py:842} WARNING - No viable dags retrieved from /Users/abatcoveanu/airflow/dags/subdag.py
[2024-03-14T16:53:25.829+0200] {processor.py:183} INFO - Processing /Users/abatcoveanu/airflow/dags/subdag.py took 0.101 seconds
[2024-03-14T16:55:39.711+0200] {processor.py:161} INFO - Started process (PID=19806) to work on /Users/abatcoveanu/airflow/dags/subdag.py
[2024-03-14T16:55:39.713+0200] {processor.py:830} INFO - Processing file /Users/abatcoveanu/airflow/dags/subdag.py for tasks to queue
[2024-03-14T16:55:39.714+0200] {logging_mixin.py:188} INFO - [2024-03-14T16:55:39.713+0200] {dagbag.py:540} INFO - Filling up the DagBag from /Users/abatcoveanu/airflow/dags/subdag.py
[2024-03-14T16:55:39.714+0200] {processor.py:842} WARNING - No viable dags retrieved from /Users/abatcoveanu/airflow/dags/subdag.py
[2024-03-14T16:55:39.818+0200] {processor.py:183} INFO - Processing /Users/abatcoveanu/airflow/dags/subdag.py took 0.109 seconds
[2024-03-14T16:56:29.136+0200] {processor.py:161} INFO - Started process (PID=19989) to work on /Users/abatcoveanu/airflow/dags/subdag.py
[2024-03-14T16:56:29.138+0200] {processor.py:830} INFO - Processing file /Users/abatcoveanu/airflow/dags/subdag.py for tasks to queue
[2024-03-14T16:56:29.138+0200] {logging_mixin.py:188} INFO - [2024-03-14T16:56:29.138+0200] {dagbag.py:540} INFO - Filling up the DagBag from /Users/abatcoveanu/airflow/dags/subdag.py
[2024-03-14T16:56:29.140+0200] {processor.py:842} WARNING - No viable dags retrieved from /Users/abatcoveanu/airflow/dags/subdag.py
[2024-03-14T16:56:29.245+0200] {processor.py:183} INFO - Processing /Users/abatcoveanu/airflow/dags/subdag.py took 0.111 seconds
[2024-03-14T16:57:05.772+0200] {processor.py:161} INFO - Started process (PID=20238) to work on /Users/abatcoveanu/airflow/dags/subdag.py
[2024-03-14T16:57:05.774+0200] {processor.py:830} INFO - Processing file /Users/abatcoveanu/airflow/dags/subdag.py for tasks to queue
[2024-03-14T16:57:05.775+0200] {logging_mixin.py:188} INFO - [2024-03-14T16:57:05.775+0200] {dagbag.py:540} INFO - Filling up the DagBag from /Users/abatcoveanu/airflow/dags/subdag.py
[2024-03-14T16:57:05.776+0200] {processor.py:842} WARNING - No viable dags retrieved from /Users/abatcoveanu/airflow/dags/subdag.py
[2024-03-14T16:57:05.868+0200] {processor.py:183} INFO - Processing /Users/abatcoveanu/airflow/dags/subdag.py took 0.098 seconds
[2024-03-14T16:57:52.908+0200] {processor.py:161} INFO - Started process (PID=20394) to work on /Users/abatcoveanu/airflow/dags/subdag.py
[2024-03-14T16:57:52.909+0200] {processor.py:830} INFO - Processing file /Users/abatcoveanu/airflow/dags/subdag.py for tasks to queue
[2024-03-14T16:57:52.909+0200] {logging_mixin.py:188} INFO - [2024-03-14T16:57:52.909+0200] {dagbag.py:540} INFO - Filling up the DagBag from /Users/abatcoveanu/airflow/dags/subdag.py
[2024-03-14T16:57:52.910+0200] {processor.py:842} WARNING - No viable dags retrieved from /Users/abatcoveanu/airflow/dags/subdag.py
[2024-03-14T16:57:53.019+0200] {processor.py:183} INFO - Processing /Users/abatcoveanu/airflow/dags/subdag.py took 0.113 seconds
[2024-03-14T16:58:28.129+0200] {processor.py:161} INFO - Started process (PID=20639) to work on /Users/abatcoveanu/airflow/dags/subdag.py
[2024-03-14T16:58:28.130+0200] {processor.py:830} INFO - Processing file /Users/abatcoveanu/airflow/dags/subdag.py for tasks to queue
[2024-03-14T16:58:28.131+0200] {logging_mixin.py:188} INFO - [2024-03-14T16:58:28.131+0200] {dagbag.py:540} INFO - Filling up the DagBag from /Users/abatcoveanu/airflow/dags/subdag.py
[2024-03-14T16:58:28.132+0200] {processor.py:842} WARNING - No viable dags retrieved from /Users/abatcoveanu/airflow/dags/subdag.py
[2024-03-14T16:58:28.224+0200] {processor.py:183} INFO - Processing /Users/abatcoveanu/airflow/dags/subdag.py took 0.097 seconds
[2024-03-14T16:59:14.051+0200] {processor.py:161} INFO - Started process (PID=20806) to work on /Users/abatcoveanu/airflow/dags/subdag.py
[2024-03-14T16:59:14.053+0200] {processor.py:830} INFO - Processing file /Users/abatcoveanu/airflow/dags/subdag.py for tasks to queue
[2024-03-14T16:59:14.054+0200] {logging_mixin.py:188} INFO - [2024-03-14T16:59:14.054+0200] {dagbag.py:540} INFO - Filling up the DagBag from /Users/abatcoveanu/airflow/dags/subdag.py
[2024-03-14T16:59:14.055+0200] {processor.py:842} WARNING - No viable dags retrieved from /Users/abatcoveanu/airflow/dags/subdag.py
[2024-03-14T16:59:14.161+0200] {processor.py:183} INFO - Processing /Users/abatcoveanu/airflow/dags/subdag.py took 0.112 seconds
[2024-03-14T16:59:59.824+0200] {processor.py:161} INFO - Started process (PID=20970) to work on /Users/abatcoveanu/airflow/dags/subdag.py
[2024-03-14T16:59:59.826+0200] {processor.py:830} INFO - Processing file /Users/abatcoveanu/airflow/dags/subdag.py for tasks to queue
[2024-03-14T16:59:59.827+0200] {logging_mixin.py:188} INFO - [2024-03-14T16:59:59.827+0200] {dagbag.py:540} INFO - Filling up the DagBag from /Users/abatcoveanu/airflow/dags/subdag.py
[2024-03-14T16:59:59.828+0200] {processor.py:842} WARNING - No viable dags retrieved from /Users/abatcoveanu/airflow/dags/subdag.py
[2024-03-14T16:59:59.942+0200] {processor.py:183} INFO - Processing /Users/abatcoveanu/airflow/dags/subdag.py took 0.120 seconds
[2024-03-14T17:00:47.807+0200] {processor.py:161} INFO - Started process (PID=21175) to work on /Users/abatcoveanu/airflow/dags/subdag.py
[2024-03-14T17:00:47.808+0200] {processor.py:830} INFO - Processing file /Users/abatcoveanu/airflow/dags/subdag.py for tasks to queue
[2024-03-14T17:00:47.809+0200] {logging_mixin.py:188} INFO - [2024-03-14T17:00:47.809+0200] {dagbag.py:540} INFO - Filling up the DagBag from /Users/abatcoveanu/airflow/dags/subdag.py
[2024-03-14T17:00:47.810+0200] {processor.py:842} WARNING - No viable dags retrieved from /Users/abatcoveanu/airflow/dags/subdag.py
[2024-03-14T17:00:47.953+0200] {processor.py:183} INFO - Processing /Users/abatcoveanu/airflow/dags/subdag.py took 0.149 seconds
[2024-03-14T17:01:22.335+0200] {processor.py:161} INFO - Started process (PID=21406) to work on /Users/abatcoveanu/airflow/dags/subdag.py
[2024-03-14T17:01:22.336+0200] {processor.py:830} INFO - Processing file /Users/abatcoveanu/airflow/dags/subdag.py for tasks to queue
[2024-03-14T17:01:22.336+0200] {logging_mixin.py:188} INFO - [2024-03-14T17:01:22.336+0200] {dagbag.py:540} INFO - Filling up the DagBag from /Users/abatcoveanu/airflow/dags/subdag.py
[2024-03-14T17:01:22.337+0200] {processor.py:842} WARNING - No viable dags retrieved from /Users/abatcoveanu/airflow/dags/subdag.py
[2024-03-14T17:01:22.442+0200] {processor.py:183} INFO - Processing /Users/abatcoveanu/airflow/dags/subdag.py took 0.110 seconds
[2024-03-14T17:02:02.505+0200] {processor.py:161} INFO - Started process (PID=21554) to work on /Users/abatcoveanu/airflow/dags/subdag.py
[2024-03-14T17:02:02.506+0200] {processor.py:830} INFO - Processing file /Users/abatcoveanu/airflow/dags/subdag.py for tasks to queue
[2024-03-14T17:02:02.507+0200] {logging_mixin.py:188} INFO - [2024-03-14T17:02:02.506+0200] {dagbag.py:540} INFO - Filling up the DagBag from /Users/abatcoveanu/airflow/dags/subdag.py
[2024-03-14T17:02:02.507+0200] {processor.py:842} WARNING - No viable dags retrieved from /Users/abatcoveanu/airflow/dags/subdag.py
[2024-03-14T17:02:02.595+0200] {processor.py:183} INFO - Processing /Users/abatcoveanu/airflow/dags/subdag.py took 0.091 seconds
[2024-03-14T17:02:37.963+0200] {processor.py:161} INFO - Started process (PID=21700) to work on /Users/abatcoveanu/airflow/dags/subdag.py
[2024-03-14T17:02:37.965+0200] {processor.py:830} INFO - Processing file /Users/abatcoveanu/airflow/dags/subdag.py for tasks to queue
[2024-03-14T17:02:37.965+0200] {logging_mixin.py:188} INFO - [2024-03-14T17:02:37.965+0200] {dagbag.py:540} INFO - Filling up the DagBag from /Users/abatcoveanu/airflow/dags/subdag.py
[2024-03-14T17:02:37.966+0200] {processor.py:842} WARNING - No viable dags retrieved from /Users/abatcoveanu/airflow/dags/subdag.py
[2024-03-14T17:02:38.093+0200] {processor.py:183} INFO - Processing /Users/abatcoveanu/airflow/dags/subdag.py took 0.131 seconds
[2024-03-14T17:03:13.773+0200] {processor.py:161} INFO - Started process (PID=21830) to work on /Users/abatcoveanu/airflow/dags/subdag.py
[2024-03-14T17:03:13.773+0200] {processor.py:830} INFO - Processing file /Users/abatcoveanu/airflow/dags/subdag.py for tasks to queue
[2024-03-14T17:03:13.774+0200] {logging_mixin.py:188} INFO - [2024-03-14T17:03:13.774+0200] {dagbag.py:540} INFO - Filling up the DagBag from /Users/abatcoveanu/airflow/dags/subdag.py
[2024-03-14T17:03:13.775+0200] {processor.py:842} WARNING - No viable dags retrieved from /Users/abatcoveanu/airflow/dags/subdag.py
[2024-03-14T17:03:13.875+0200] {processor.py:183} INFO - Processing /Users/abatcoveanu/airflow/dags/subdag.py took 0.104 seconds
[2024-03-14T17:03:49.261+0200] {processor.py:161} INFO - Started process (PID=21979) to work on /Users/abatcoveanu/airflow/dags/subdag.py
[2024-03-14T17:03:49.262+0200] {processor.py:830} INFO - Processing file /Users/abatcoveanu/airflow/dags/subdag.py for tasks to queue
[2024-03-14T17:03:49.263+0200] {logging_mixin.py:188} INFO - [2024-03-14T17:03:49.263+0200] {dagbag.py:540} INFO - Filling up the DagBag from /Users/abatcoveanu/airflow/dags/subdag.py
[2024-03-14T17:03:49.264+0200] {processor.py:842} WARNING - No viable dags retrieved from /Users/abatcoveanu/airflow/dags/subdag.py
[2024-03-14T17:03:49.393+0200] {processor.py:183} INFO - Processing /Users/abatcoveanu/airflow/dags/subdag.py took 0.134 seconds
[2024-03-14T17:04:26.765+0200] {processor.py:161} INFO - Started process (PID=22121) to work on /Users/abatcoveanu/airflow/dags/subdag.py
[2024-03-14T17:04:26.767+0200] {processor.py:830} INFO - Processing file /Users/abatcoveanu/airflow/dags/subdag.py for tasks to queue
[2024-03-14T17:04:26.767+0200] {logging_mixin.py:188} INFO - [2024-03-14T17:04:26.767+0200] {dagbag.py:540} INFO - Filling up the DagBag from /Users/abatcoveanu/airflow/dags/subdag.py
[2024-03-14T17:04:26.769+0200] {processor.py:842} WARNING - No viable dags retrieved from /Users/abatcoveanu/airflow/dags/subdag.py
[2024-03-14T17:04:26.893+0200] {processor.py:183} INFO - Processing /Users/abatcoveanu/airflow/dags/subdag.py took 0.130 seconds
[2024-03-14T17:05:09.600+0200] {processor.py:161} INFO - Started process (PID=22265) to work on /Users/abatcoveanu/airflow/dags/subdag.py
[2024-03-14T17:05:09.601+0200] {processor.py:830} INFO - Processing file /Users/abatcoveanu/airflow/dags/subdag.py for tasks to queue
[2024-03-14T17:05:09.602+0200] {logging_mixin.py:188} INFO - [2024-03-14T17:05:09.601+0200] {dagbag.py:540} INFO - Filling up the DagBag from /Users/abatcoveanu/airflow/dags/subdag.py
[2024-03-14T17:05:09.603+0200] {processor.py:842} WARNING - No viable dags retrieved from /Users/abatcoveanu/airflow/dags/subdag.py
[2024-03-14T17:05:09.711+0200] {processor.py:183} INFO - Processing /Users/abatcoveanu/airflow/dags/subdag.py took 0.113 seconds
[2024-03-14T17:05:55.389+0200] {processor.py:161} INFO - Started process (PID=22426) to work on /Users/abatcoveanu/airflow/dags/subdag.py
[2024-03-14T17:05:55.391+0200] {processor.py:830} INFO - Processing file /Users/abatcoveanu/airflow/dags/subdag.py for tasks to queue
[2024-03-14T17:05:55.391+0200] {logging_mixin.py:188} INFO - [2024-03-14T17:05:55.391+0200] {dagbag.py:540} INFO - Filling up the DagBag from /Users/abatcoveanu/airflow/dags/subdag.py
[2024-03-14T17:05:55.392+0200] {processor.py:842} WARNING - No viable dags retrieved from /Users/abatcoveanu/airflow/dags/subdag.py
[2024-03-14T17:05:55.494+0200] {processor.py:183} INFO - Processing /Users/abatcoveanu/airflow/dags/subdag.py took 0.107 seconds
[2024-03-14T17:06:39.247+0200] {processor.py:161} INFO - Started process (PID=22587) to work on /Users/abatcoveanu/airflow/dags/subdag.py
[2024-03-14T17:06:39.249+0200] {processor.py:830} INFO - Processing file /Users/abatcoveanu/airflow/dags/subdag.py for tasks to queue
[2024-03-14T17:06:39.250+0200] {logging_mixin.py:188} INFO - [2024-03-14T17:06:39.249+0200] {dagbag.py:540} INFO - Filling up the DagBag from /Users/abatcoveanu/airflow/dags/subdag.py
[2024-03-14T17:06:39.251+0200] {processor.py:842} WARNING - No viable dags retrieved from /Users/abatcoveanu/airflow/dags/subdag.py
[2024-03-14T17:06:39.360+0200] {processor.py:183} INFO - Processing /Users/abatcoveanu/airflow/dags/subdag.py took 0.116 seconds
[2024-03-14T17:07:11.947+0200] {processor.py:161} INFO - Started process (PID=22704) to work on /Users/abatcoveanu/airflow/dags/subdag.py
[2024-03-14T17:07:11.948+0200] {processor.py:830} INFO - Processing file /Users/abatcoveanu/airflow/dags/subdag.py for tasks to queue
[2024-03-14T17:07:11.948+0200] {logging_mixin.py:188} INFO - [2024-03-14T17:07:11.948+0200] {dagbag.py:540} INFO - Filling up the DagBag from /Users/abatcoveanu/airflow/dags/subdag.py
[2024-03-14T17:07:11.950+0200] {processor.py:842} WARNING - No viable dags retrieved from /Users/abatcoveanu/airflow/dags/subdag.py
[2024-03-14T17:07:12.044+0200] {processor.py:183} INFO - Processing /Users/abatcoveanu/airflow/dags/subdag.py took 0.100 seconds
[2024-03-14T17:07:57.023+0200] {processor.py:161} INFO - Started process (PID=22866) to work on /Users/abatcoveanu/airflow/dags/subdag.py
[2024-03-14T17:07:57.024+0200] {processor.py:830} INFO - Processing file /Users/abatcoveanu/airflow/dags/subdag.py for tasks to queue
[2024-03-14T17:07:57.024+0200] {logging_mixin.py:188} INFO - [2024-03-14T17:07:57.024+0200] {dagbag.py:540} INFO - Filling up the DagBag from /Users/abatcoveanu/airflow/dags/subdag.py
[2024-03-14T17:07:57.025+0200] {processor.py:842} WARNING - No viable dags retrieved from /Users/abatcoveanu/airflow/dags/subdag.py
[2024-03-14T17:07:57.145+0200] {processor.py:183} INFO - Processing /Users/abatcoveanu/airflow/dags/subdag.py took 0.124 seconds
[2024-03-14T17:08:39.975+0200] {processor.py:161} INFO - Started process (PID=23039) to work on /Users/abatcoveanu/airflow/dags/subdag.py
[2024-03-14T17:08:39.976+0200] {processor.py:830} INFO - Processing file /Users/abatcoveanu/airflow/dags/subdag.py for tasks to queue
[2024-03-14T17:08:39.977+0200] {logging_mixin.py:188} INFO - [2024-03-14T17:08:39.977+0200] {dagbag.py:540} INFO - Filling up the DagBag from /Users/abatcoveanu/airflow/dags/subdag.py
[2024-03-14T17:08:39.978+0200] {processor.py:842} WARNING - No viable dags retrieved from /Users/abatcoveanu/airflow/dags/subdag.py
[2024-03-14T17:08:40.095+0200] {processor.py:183} INFO - Processing /Users/abatcoveanu/airflow/dags/subdag.py took 0.122 seconds
[2024-03-14T17:09:24.831+0200] {processor.py:161} INFO - Started process (PID=23210) to work on /Users/abatcoveanu/airflow/dags/subdag.py
[2024-03-14T17:09:24.832+0200] {processor.py:830} INFO - Processing file /Users/abatcoveanu/airflow/dags/subdag.py for tasks to queue
[2024-03-14T17:09:24.833+0200] {logging_mixin.py:188} INFO - [2024-03-14T17:09:24.833+0200] {dagbag.py:540} INFO - Filling up the DagBag from /Users/abatcoveanu/airflow/dags/subdag.py
[2024-03-14T17:09:24.834+0200] {processor.py:842} WARNING - No viable dags retrieved from /Users/abatcoveanu/airflow/dags/subdag.py
[2024-03-14T17:09:24.945+0200] {processor.py:183} INFO - Processing /Users/abatcoveanu/airflow/dags/subdag.py took 0.116 seconds
[2024-03-14T17:10:07.604+0200] {processor.py:161} INFO - Started process (PID=23364) to work on /Users/abatcoveanu/airflow/dags/subdag.py
[2024-03-14T17:10:07.605+0200] {processor.py:830} INFO - Processing file /Users/abatcoveanu/airflow/dags/subdag.py for tasks to queue
[2024-03-14T17:10:07.606+0200] {logging_mixin.py:188} INFO - [2024-03-14T17:10:07.606+0200] {dagbag.py:540} INFO - Filling up the DagBag from /Users/abatcoveanu/airflow/dags/subdag.py
[2024-03-14T17:10:07.607+0200] {processor.py:842} WARNING - No viable dags retrieved from /Users/abatcoveanu/airflow/dags/subdag.py
[2024-03-14T17:10:07.746+0200] {processor.py:183} INFO - Processing /Users/abatcoveanu/airflow/dags/subdag.py took 0.144 seconds
[2024-03-14T17:10:50.427+0200] {processor.py:161} INFO - Started process (PID=23524) to work on /Users/abatcoveanu/airflow/dags/subdag.py
[2024-03-14T17:10:50.428+0200] {processor.py:830} INFO - Processing file /Users/abatcoveanu/airflow/dags/subdag.py for tasks to queue
[2024-03-14T17:10:50.429+0200] {logging_mixin.py:188} INFO - [2024-03-14T17:10:50.428+0200] {dagbag.py:540} INFO - Filling up the DagBag from /Users/abatcoveanu/airflow/dags/subdag.py
[2024-03-14T17:10:50.430+0200] {processor.py:842} WARNING - No viable dags retrieved from /Users/abatcoveanu/airflow/dags/subdag.py
[2024-03-14T17:10:50.546+0200] {processor.py:183} INFO - Processing /Users/abatcoveanu/airflow/dags/subdag.py took 0.121 seconds
[2024-03-14T17:11:33.975+0200] {processor.py:161} INFO - Started process (PID=23674) to work on /Users/abatcoveanu/airflow/dags/subdag.py
[2024-03-14T17:11:33.976+0200] {processor.py:830} INFO - Processing file /Users/abatcoveanu/airflow/dags/subdag.py for tasks to queue
[2024-03-14T17:11:33.977+0200] {logging_mixin.py:188} INFO - [2024-03-14T17:11:33.977+0200] {dagbag.py:540} INFO - Filling up the DagBag from /Users/abatcoveanu/airflow/dags/subdag.py
[2024-03-14T17:11:33.978+0200] {processor.py:842} WARNING - No viable dags retrieved from /Users/abatcoveanu/airflow/dags/subdag.py
[2024-03-14T17:11:34.096+0200] {processor.py:183} INFO - Processing /Users/abatcoveanu/airflow/dags/subdag.py took 0.123 seconds
[2024-03-14T17:12:17.154+0200] {processor.py:161} INFO - Started process (PID=23829) to work on /Users/abatcoveanu/airflow/dags/subdag.py
[2024-03-14T17:12:17.155+0200] {processor.py:830} INFO - Processing file /Users/abatcoveanu/airflow/dags/subdag.py for tasks to queue
[2024-03-14T17:12:17.155+0200] {logging_mixin.py:188} INFO - [2024-03-14T17:12:17.155+0200] {dagbag.py:540} INFO - Filling up the DagBag from /Users/abatcoveanu/airflow/dags/subdag.py
[2024-03-14T17:12:17.156+0200] {processor.py:842} WARNING - No viable dags retrieved from /Users/abatcoveanu/airflow/dags/subdag.py
[2024-03-14T17:12:17.267+0200] {processor.py:183} INFO - Processing /Users/abatcoveanu/airflow/dags/subdag.py took 0.115 seconds
[2024-03-14T17:13:01.826+0200] {processor.py:161} INFO - Started process (PID=23990) to work on /Users/abatcoveanu/airflow/dags/subdag.py
[2024-03-14T17:13:01.827+0200] {processor.py:830} INFO - Processing file /Users/abatcoveanu/airflow/dags/subdag.py for tasks to queue
[2024-03-14T17:13:01.828+0200] {logging_mixin.py:188} INFO - [2024-03-14T17:13:01.828+0200] {dagbag.py:540} INFO - Filling up the DagBag from /Users/abatcoveanu/airflow/dags/subdag.py
[2024-03-14T17:13:01.829+0200] {processor.py:842} WARNING - No viable dags retrieved from /Users/abatcoveanu/airflow/dags/subdag.py
[2024-03-14T17:13:01.946+0200] {processor.py:183} INFO - Processing /Users/abatcoveanu/airflow/dags/subdag.py took 0.122 seconds
[2024-03-14T17:13:39.438+0200] {processor.py:161} INFO - Started process (PID=24106) to work on /Users/abatcoveanu/airflow/dags/subdag.py
[2024-03-14T17:13:39.439+0200] {processor.py:830} INFO - Processing file /Users/abatcoveanu/airflow/dags/subdag.py for tasks to queue
[2024-03-14T17:13:39.440+0200] {logging_mixin.py:188} INFO - [2024-03-14T17:13:39.439+0200] {dagbag.py:540} INFO - Filling up the DagBag from /Users/abatcoveanu/airflow/dags/subdag.py
[2024-03-14T17:13:39.441+0200] {processor.py:842} WARNING - No viable dags retrieved from /Users/abatcoveanu/airflow/dags/subdag.py
[2024-03-14T17:13:39.551+0200] {processor.py:183} INFO - Processing /Users/abatcoveanu/airflow/dags/subdag.py took 0.116 seconds
[2024-03-14T17:14:13.913+0200] {processor.py:161} INFO - Started process (PID=24230) to work on /Users/abatcoveanu/airflow/dags/subdag.py
[2024-03-14T17:14:13.914+0200] {processor.py:830} INFO - Processing file /Users/abatcoveanu/airflow/dags/subdag.py for tasks to queue
[2024-03-14T17:14:13.914+0200] {logging_mixin.py:188} INFO - [2024-03-14T17:14:13.914+0200] {dagbag.py:540} INFO - Filling up the DagBag from /Users/abatcoveanu/airflow/dags/subdag.py
[2024-03-14T17:14:13.915+0200] {processor.py:842} WARNING - No viable dags retrieved from /Users/abatcoveanu/airflow/dags/subdag.py
[2024-03-14T17:14:14.047+0200] {processor.py:183} INFO - Processing /Users/abatcoveanu/airflow/dags/subdag.py took 0.135 seconds
[2024-03-14T17:14:56.124+0200] {processor.py:161} INFO - Started process (PID=24391) to work on /Users/abatcoveanu/airflow/dags/subdag.py
[2024-03-14T17:14:56.125+0200] {processor.py:830} INFO - Processing file /Users/abatcoveanu/airflow/dags/subdag.py for tasks to queue
[2024-03-14T17:14:56.126+0200] {logging_mixin.py:188} INFO - [2024-03-14T17:14:56.125+0200] {dagbag.py:540} INFO - Filling up the DagBag from /Users/abatcoveanu/airflow/dags/subdag.py
[2024-03-14T17:14:56.127+0200] {processor.py:842} WARNING - No viable dags retrieved from /Users/abatcoveanu/airflow/dags/subdag.py
[2024-03-14T17:14:56.247+0200] {processor.py:183} INFO - Processing /Users/abatcoveanu/airflow/dags/subdag.py took 0.125 seconds
[2024-03-14T17:15:31.953+0200] {processor.py:161} INFO - Started process (PID=24525) to work on /Users/abatcoveanu/airflow/dags/subdag.py
[2024-03-14T17:15:31.954+0200] {processor.py:830} INFO - Processing file /Users/abatcoveanu/airflow/dags/subdag.py for tasks to queue
[2024-03-14T17:15:31.954+0200] {logging_mixin.py:188} INFO - [2024-03-14T17:15:31.954+0200] {dagbag.py:540} INFO - Filling up the DagBag from /Users/abatcoveanu/airflow/dags/subdag.py
[2024-03-14T17:15:31.955+0200] {processor.py:842} WARNING - No viable dags retrieved from /Users/abatcoveanu/airflow/dags/subdag.py
[2024-03-14T17:15:32.047+0200] {processor.py:183} INFO - Processing /Users/abatcoveanu/airflow/dags/subdag.py took 0.096 seconds
[2024-03-14T17:16:10.455+0200] {processor.py:161} INFO - Started process (PID=24688) to work on /Users/abatcoveanu/airflow/dags/subdag.py
[2024-03-14T17:16:10.456+0200] {processor.py:830} INFO - Processing file /Users/abatcoveanu/airflow/dags/subdag.py for tasks to queue
[2024-03-14T17:16:10.457+0200] {logging_mixin.py:188} INFO - [2024-03-14T17:16:10.457+0200] {dagbag.py:540} INFO - Filling up the DagBag from /Users/abatcoveanu/airflow/dags/subdag.py
[2024-03-14T17:16:10.458+0200] {processor.py:842} WARNING - No viable dags retrieved from /Users/abatcoveanu/airflow/dags/subdag.py
[2024-03-14T17:16:10.565+0200] {processor.py:183} INFO - Processing /Users/abatcoveanu/airflow/dags/subdag.py took 0.112 seconds
[2024-03-14T17:16:48.992+0200] {processor.py:161} INFO - Started process (PID=24844) to work on /Users/abatcoveanu/airflow/dags/subdag.py
[2024-03-14T17:16:48.993+0200] {processor.py:830} INFO - Processing file /Users/abatcoveanu/airflow/dags/subdag.py for tasks to queue
[2024-03-14T17:16:48.994+0200] {logging_mixin.py:188} INFO - [2024-03-14T17:16:48.994+0200] {dagbag.py:540} INFO - Filling up the DagBag from /Users/abatcoveanu/airflow/dags/subdag.py
[2024-03-14T17:16:48.995+0200] {processor.py:842} WARNING - No viable dags retrieved from /Users/abatcoveanu/airflow/dags/subdag.py
[2024-03-14T17:16:49.082+0200] {processor.py:183} INFO - Processing /Users/abatcoveanu/airflow/dags/subdag.py took 0.092 seconds
[2024-03-14T17:17:27.210+0200] {processor.py:161} INFO - Started process (PID=25004) to work on /Users/abatcoveanu/airflow/dags/subdag.py
[2024-03-14T17:17:27.210+0200] {processor.py:830} INFO - Processing file /Users/abatcoveanu/airflow/dags/subdag.py for tasks to queue
[2024-03-14T17:17:27.211+0200] {logging_mixin.py:188} INFO - [2024-03-14T17:17:27.211+0200] {dagbag.py:540} INFO - Filling up the DagBag from /Users/abatcoveanu/airflow/dags/subdag.py
[2024-03-14T17:17:27.212+0200] {processor.py:842} WARNING - No viable dags retrieved from /Users/abatcoveanu/airflow/dags/subdag.py
[2024-03-14T17:17:27.306+0200] {processor.py:183} INFO - Processing /Users/abatcoveanu/airflow/dags/subdag.py took 0.099 seconds
[2024-03-14T17:18:05.528+0200] {processor.py:161} INFO - Started process (PID=25159) to work on /Users/abatcoveanu/airflow/dags/subdag.py
[2024-03-14T17:18:05.529+0200] {processor.py:830} INFO - Processing file /Users/abatcoveanu/airflow/dags/subdag.py for tasks to queue
[2024-03-14T17:18:05.530+0200] {logging_mixin.py:188} INFO - [2024-03-14T17:18:05.530+0200] {dagbag.py:540} INFO - Filling up the DagBag from /Users/abatcoveanu/airflow/dags/subdag.py
[2024-03-14T17:18:05.531+0200] {processor.py:842} WARNING - No viable dags retrieved from /Users/abatcoveanu/airflow/dags/subdag.py
[2024-03-14T17:18:05.633+0200] {processor.py:183} INFO - Processing /Users/abatcoveanu/airflow/dags/subdag.py took 0.106 seconds
[2024-03-14T17:18:43.651+0200] {processor.py:161} INFO - Started process (PID=25314) to work on /Users/abatcoveanu/airflow/dags/subdag.py
[2024-03-14T17:18:43.651+0200] {processor.py:830} INFO - Processing file /Users/abatcoveanu/airflow/dags/subdag.py for tasks to queue
[2024-03-14T17:18:43.652+0200] {logging_mixin.py:188} INFO - [2024-03-14T17:18:43.652+0200] {dagbag.py:540} INFO - Filling up the DagBag from /Users/abatcoveanu/airflow/dags/subdag.py
[2024-03-14T17:18:43.653+0200] {processor.py:842} WARNING - No viable dags retrieved from /Users/abatcoveanu/airflow/dags/subdag.py
[2024-03-14T17:18:43.761+0200] {processor.py:183} INFO - Processing /Users/abatcoveanu/airflow/dags/subdag.py took 0.112 seconds
[2024-03-14T17:19:20.286+0200] {processor.py:161} INFO - Started process (PID=25469) to work on /Users/abatcoveanu/airflow/dags/subdag.py
[2024-03-14T17:19:20.287+0200] {processor.py:830} INFO - Processing file /Users/abatcoveanu/airflow/dags/subdag.py for tasks to queue
[2024-03-14T17:19:20.288+0200] {logging_mixin.py:188} INFO - [2024-03-14T17:19:20.287+0200] {dagbag.py:540} INFO - Filling up the DagBag from /Users/abatcoveanu/airflow/dags/subdag.py
[2024-03-14T17:19:20.288+0200] {processor.py:842} WARNING - No viable dags retrieved from /Users/abatcoveanu/airflow/dags/subdag.py
[2024-03-14T17:19:20.384+0200] {processor.py:183} INFO - Processing /Users/abatcoveanu/airflow/dags/subdag.py took 0.099 seconds
[2024-03-14T17:19:57.882+0200] {processor.py:161} INFO - Started process (PID=25614) to work on /Users/abatcoveanu/airflow/dags/subdag.py
[2024-03-14T17:19:57.883+0200] {processor.py:830} INFO - Processing file /Users/abatcoveanu/airflow/dags/subdag.py for tasks to queue
[2024-03-14T17:19:57.884+0200] {logging_mixin.py:188} INFO - [2024-03-14T17:19:57.883+0200] {dagbag.py:540} INFO - Filling up the DagBag from /Users/abatcoveanu/airflow/dags/subdag.py
[2024-03-14T17:19:57.884+0200] {processor.py:842} WARNING - No viable dags retrieved from /Users/abatcoveanu/airflow/dags/subdag.py
[2024-03-14T17:19:57.984+0200] {processor.py:183} INFO - Processing /Users/abatcoveanu/airflow/dags/subdag.py took 0.104 seconds
[2024-03-14T17:20:36.497+0200] {processor.py:161} INFO - Started process (PID=25776) to work on /Users/abatcoveanu/airflow/dags/subdag.py
[2024-03-14T17:20:36.498+0200] {processor.py:830} INFO - Processing file /Users/abatcoveanu/airflow/dags/subdag.py for tasks to queue
[2024-03-14T17:20:36.498+0200] {logging_mixin.py:188} INFO - [2024-03-14T17:20:36.498+0200] {dagbag.py:540} INFO - Filling up the DagBag from /Users/abatcoveanu/airflow/dags/subdag.py
[2024-03-14T17:20:36.499+0200] {processor.py:842} WARNING - No viable dags retrieved from /Users/abatcoveanu/airflow/dags/subdag.py
[2024-03-14T17:20:36.585+0200] {processor.py:183} INFO - Processing /Users/abatcoveanu/airflow/dags/subdag.py took 0.090 seconds
[2024-03-14T17:21:14.907+0200] {processor.py:161} INFO - Started process (PID=25932) to work on /Users/abatcoveanu/airflow/dags/subdag.py
[2024-03-14T17:21:14.908+0200] {processor.py:830} INFO - Processing file /Users/abatcoveanu/airflow/dags/subdag.py for tasks to queue
[2024-03-14T17:21:14.909+0200] {logging_mixin.py:188} INFO - [2024-03-14T17:21:14.909+0200] {dagbag.py:540} INFO - Filling up the DagBag from /Users/abatcoveanu/airflow/dags/subdag.py
[2024-03-14T17:21:14.910+0200] {processor.py:842} WARNING - No viable dags retrieved from /Users/abatcoveanu/airflow/dags/subdag.py
[2024-03-14T17:21:15.011+0200] {processor.py:183} INFO - Processing /Users/abatcoveanu/airflow/dags/subdag.py took 0.106 seconds
[2024-03-14T17:21:51.589+0200] {processor.py:161} INFO - Started process (PID=26074) to work on /Users/abatcoveanu/airflow/dags/subdag.py
[2024-03-14T17:21:51.590+0200] {processor.py:830} INFO - Processing file /Users/abatcoveanu/airflow/dags/subdag.py for tasks to queue
[2024-03-14T17:21:51.591+0200] {logging_mixin.py:188} INFO - [2024-03-14T17:21:51.590+0200] {dagbag.py:540} INFO - Filling up the DagBag from /Users/abatcoveanu/airflow/dags/subdag.py
[2024-03-14T17:21:51.591+0200] {processor.py:842} WARNING - No viable dags retrieved from /Users/abatcoveanu/airflow/dags/subdag.py
[2024-03-14T17:21:51.686+0200] {processor.py:183} INFO - Processing /Users/abatcoveanu/airflow/dags/subdag.py took 0.098 seconds
[2024-03-14T17:22:29.941+0200] {processor.py:161} INFO - Started process (PID=26229) to work on /Users/abatcoveanu/airflow/dags/subdag.py
[2024-03-14T17:22:29.942+0200] {processor.py:830} INFO - Processing file /Users/abatcoveanu/airflow/dags/subdag.py for tasks to queue
[2024-03-14T17:22:29.943+0200] {logging_mixin.py:188} INFO - [2024-03-14T17:22:29.943+0200] {dagbag.py:540} INFO - Filling up the DagBag from /Users/abatcoveanu/airflow/dags/subdag.py
[2024-03-14T17:22:29.944+0200] {processor.py:842} WARNING - No viable dags retrieved from /Users/abatcoveanu/airflow/dags/subdag.py
[2024-03-14T17:22:30.036+0200] {processor.py:183} INFO - Processing /Users/abatcoveanu/airflow/dags/subdag.py took 0.097 seconds
[2024-03-14T17:23:08.335+0200] {processor.py:161} INFO - Started process (PID=26383) to work on /Users/abatcoveanu/airflow/dags/subdag.py
[2024-03-14T17:23:08.336+0200] {processor.py:830} INFO - Processing file /Users/abatcoveanu/airflow/dags/subdag.py for tasks to queue
[2024-03-14T17:23:08.336+0200] {logging_mixin.py:188} INFO - [2024-03-14T17:23:08.336+0200] {dagbag.py:540} INFO - Filling up the DagBag from /Users/abatcoveanu/airflow/dags/subdag.py
[2024-03-14T17:23:08.337+0200] {processor.py:842} WARNING - No viable dags retrieved from /Users/abatcoveanu/airflow/dags/subdag.py
[2024-03-14T17:23:08.437+0200] {processor.py:183} INFO - Processing /Users/abatcoveanu/airflow/dags/subdag.py took 0.103 seconds
[2024-03-14T17:23:44.991+0200] {processor.py:161} INFO - Started process (PID=26533) to work on /Users/abatcoveanu/airflow/dags/subdag.py
[2024-03-14T17:23:44.992+0200] {processor.py:830} INFO - Processing file /Users/abatcoveanu/airflow/dags/subdag.py for tasks to queue
[2024-03-14T17:23:44.992+0200] {logging_mixin.py:188} INFO - [2024-03-14T17:23:44.992+0200] {dagbag.py:540} INFO - Filling up the DagBag from /Users/abatcoveanu/airflow/dags/subdag.py
[2024-03-14T17:23:44.993+0200] {processor.py:842} WARNING - No viable dags retrieved from /Users/abatcoveanu/airflow/dags/subdag.py
[2024-03-14T17:23:45.087+0200] {processor.py:183} INFO - Processing /Users/abatcoveanu/airflow/dags/subdag.py took 0.098 seconds
[2024-03-14T17:24:23.493+0200] {processor.py:161} INFO - Started process (PID=26688) to work on /Users/abatcoveanu/airflow/dags/subdag.py
[2024-03-14T17:24:23.494+0200] {processor.py:830} INFO - Processing file /Users/abatcoveanu/airflow/dags/subdag.py for tasks to queue
[2024-03-14T17:24:23.494+0200] {logging_mixin.py:188} INFO - [2024-03-14T17:24:23.494+0200] {dagbag.py:540} INFO - Filling up the DagBag from /Users/abatcoveanu/airflow/dags/subdag.py
[2024-03-14T17:24:23.495+0200] {processor.py:842} WARNING - No viable dags retrieved from /Users/abatcoveanu/airflow/dags/subdag.py
[2024-03-14T17:24:23.588+0200] {processor.py:183} INFO - Processing /Users/abatcoveanu/airflow/dags/subdag.py took 0.096 seconds
[2024-03-14T17:25:00.213+0200] {processor.py:161} INFO - Started process (PID=26839) to work on /Users/abatcoveanu/airflow/dags/subdag.py
[2024-03-14T17:25:00.215+0200] {processor.py:830} INFO - Processing file /Users/abatcoveanu/airflow/dags/subdag.py for tasks to queue
[2024-03-14T17:25:00.215+0200] {logging_mixin.py:188} INFO - [2024-03-14T17:25:00.215+0200] {dagbag.py:540} INFO - Filling up the DagBag from /Users/abatcoveanu/airflow/dags/subdag.py
[2024-03-14T17:25:00.216+0200] {processor.py:842} WARNING - No viable dags retrieved from /Users/abatcoveanu/airflow/dags/subdag.py
[2024-03-14T17:25:00.338+0200] {processor.py:183} INFO - Processing /Users/abatcoveanu/airflow/dags/subdag.py took 0.127 seconds
[2024-03-14T18:15:57.013+0200] {processor.py:161} INFO - Started process (PID=27363) to work on /Users/abatcoveanu/airflow/dags/subdag.py
[2024-03-14T18:15:57.014+0200] {processor.py:830} INFO - Processing file /Users/abatcoveanu/airflow/dags/subdag.py for tasks to queue
[2024-03-14T18:15:57.015+0200] {logging_mixin.py:188} INFO - [2024-03-14T18:15:57.014+0200] {dagbag.py:540} INFO - Filling up the DagBag from /Users/abatcoveanu/airflow/dags/subdag.py
[2024-03-14T18:15:57.016+0200] {processor.py:842} WARNING - No viable dags retrieved from /Users/abatcoveanu/airflow/dags/subdag.py
[2024-03-14T18:15:57.129+0200] {processor.py:183} INFO - Processing /Users/abatcoveanu/airflow/dags/subdag.py took 0.119 seconds
[2024-03-14T18:35:07.768+0200] {processor.py:161} INFO - Started process (PID=27583) to work on /Users/abatcoveanu/airflow/dags/subdag.py
[2024-03-14T18:35:07.771+0200] {processor.py:830} INFO - Processing file /Users/abatcoveanu/airflow/dags/subdag.py for tasks to queue
[2024-03-14T18:35:07.774+0200] {logging_mixin.py:188} INFO - [2024-03-14T18:35:07.773+0200] {dagbag.py:540} INFO - Filling up the DagBag from /Users/abatcoveanu/airflow/dags/subdag.py
[2024-03-14T18:35:07.777+0200] {processor.py:842} WARNING - No viable dags retrieved from /Users/abatcoveanu/airflow/dags/subdag.py
[2024-03-14T18:35:08.218+0200] {processor.py:183} INFO - Processing /Users/abatcoveanu/airflow/dags/subdag.py took 0.456 seconds
[2024-03-14T18:37:58.369+0200] {processor.py:161} INFO - Started process (PID=27746) to work on /Users/abatcoveanu/airflow/dags/subdag.py
[2024-03-14T18:37:58.373+0200] {processor.py:830} INFO - Processing file /Users/abatcoveanu/airflow/dags/subdag.py for tasks to queue
[2024-03-14T18:37:58.376+0200] {logging_mixin.py:188} INFO - [2024-03-14T18:37:58.375+0200] {dagbag.py:540} INFO - Filling up the DagBag from /Users/abatcoveanu/airflow/dags/subdag.py
[2024-03-14T18:37:58.379+0200] {processor.py:842} WARNING - No viable dags retrieved from /Users/abatcoveanu/airflow/dags/subdag.py
[2024-03-14T18:37:58.811+0200] {processor.py:183} INFO - Processing /Users/abatcoveanu/airflow/dags/subdag.py took 0.447 seconds
[2024-03-14T18:54:18.818+0200] {processor.py:161} INFO - Started process (PID=27889) to work on /Users/abatcoveanu/airflow/dags/subdag.py
[2024-03-14T18:54:18.821+0200] {processor.py:830} INFO - Processing file /Users/abatcoveanu/airflow/dags/subdag.py for tasks to queue
[2024-03-14T18:54:18.824+0200] {logging_mixin.py:188} INFO - [2024-03-14T18:54:18.823+0200] {dagbag.py:540} INFO - Filling up the DagBag from /Users/abatcoveanu/airflow/dags/subdag.py
[2024-03-14T18:54:18.827+0200] {processor.py:842} WARNING - No viable dags retrieved from /Users/abatcoveanu/airflow/dags/subdag.py
[2024-03-14T18:54:19.272+0200] {processor.py:183} INFO - Processing /Users/abatcoveanu/airflow/dags/subdag.py took 0.461 seconds
[2024-03-14T18:58:32.720+0200] {processor.py:161} INFO - Started process (PID=28068) to work on /Users/abatcoveanu/airflow/dags/subdag.py
[2024-03-14T18:58:32.723+0200] {processor.py:830} INFO - Processing file /Users/abatcoveanu/airflow/dags/subdag.py for tasks to queue
[2024-03-14T18:58:32.726+0200] {logging_mixin.py:188} INFO - [2024-03-14T18:58:32.725+0200] {dagbag.py:540} INFO - Filling up the DagBag from /Users/abatcoveanu/airflow/dags/subdag.py
[2024-03-14T18:58:32.730+0200] {processor.py:842} WARNING - No viable dags retrieved from /Users/abatcoveanu/airflow/dags/subdag.py
[2024-03-14T18:58:33.156+0200] {processor.py:183} INFO - Processing /Users/abatcoveanu/airflow/dags/subdag.py took 0.443 seconds
[2024-03-14T19:17:33.731+0200] {processor.py:161} INFO - Started process (PID=28240) to work on /Users/abatcoveanu/airflow/dags/subdag.py
[2024-03-14T19:17:33.732+0200] {processor.py:830} INFO - Processing file /Users/abatcoveanu/airflow/dags/subdag.py for tasks to queue
[2024-03-14T19:17:33.732+0200] {logging_mixin.py:188} INFO - [2024-03-14T19:17:33.732+0200] {dagbag.py:540} INFO - Filling up the DagBag from /Users/abatcoveanu/airflow/dags/subdag.py
[2024-03-14T19:17:33.733+0200] {processor.py:842} WARNING - No viable dags retrieved from /Users/abatcoveanu/airflow/dags/subdag.py
[2024-03-14T19:17:33.822+0200] {processor.py:183} INFO - Processing /Users/abatcoveanu/airflow/dags/subdag.py took 0.093 seconds
[2024-03-14T19:19:26.358+0200] {processor.py:161} INFO - Started process (PID=28383) to work on /Users/abatcoveanu/airflow/dags/subdag.py
[2024-03-14T19:19:26.361+0200] {processor.py:830} INFO - Processing file /Users/abatcoveanu/airflow/dags/subdag.py for tasks to queue
[2024-03-14T19:19:26.364+0200] {logging_mixin.py:188} INFO - [2024-03-14T19:19:26.363+0200] {dagbag.py:540} INFO - Filling up the DagBag from /Users/abatcoveanu/airflow/dags/subdag.py
[2024-03-14T19:19:26.367+0200] {processor.py:842} WARNING - No viable dags retrieved from /Users/abatcoveanu/airflow/dags/subdag.py
[2024-03-14T19:19:26.773+0200] {processor.py:183} INFO - Processing /Users/abatcoveanu/airflow/dags/subdag.py took 0.423 seconds
[2024-03-14T19:22:28.853+0200] {processor.py:161} INFO - Started process (PID=28552) to work on /Users/abatcoveanu/airflow/dags/subdag.py
[2024-03-14T19:22:28.856+0200] {processor.py:830} INFO - Processing file /Users/abatcoveanu/airflow/dags/subdag.py for tasks to queue
[2024-03-14T19:22:28.859+0200] {logging_mixin.py:188} INFO - [2024-03-14T19:22:28.858+0200] {dagbag.py:540} INFO - Filling up the DagBag from /Users/abatcoveanu/airflow/dags/subdag.py
[2024-03-14T19:22:28.862+0200] {processor.py:842} WARNING - No viable dags retrieved from /Users/abatcoveanu/airflow/dags/subdag.py
[2024-03-14T19:22:29.291+0200] {processor.py:183} INFO - Processing /Users/abatcoveanu/airflow/dags/subdag.py took 0.446 seconds
[2024-03-14T19:40:39.301+0200] {processor.py:161} INFO - Started process (PID=28733) to work on /Users/abatcoveanu/airflow/dags/subdag.py
[2024-03-14T19:40:39.305+0200] {processor.py:830} INFO - Processing file /Users/abatcoveanu/airflow/dags/subdag.py for tasks to queue
[2024-03-14T19:40:39.307+0200] {logging_mixin.py:188} INFO - [2024-03-14T19:40:39.307+0200] {dagbag.py:540} INFO - Filling up the DagBag from /Users/abatcoveanu/airflow/dags/subdag.py
[2024-03-14T19:40:39.311+0200] {processor.py:842} WARNING - No viable dags retrieved from /Users/abatcoveanu/airflow/dags/subdag.py
[2024-03-14T19:40:39.732+0200] {processor.py:183} INFO - Processing /Users/abatcoveanu/airflow/dags/subdag.py took 0.438 seconds
[2024-03-14T19:58:43.609+0200] {processor.py:161} INFO - Started process (PID=28936) to work on /Users/abatcoveanu/airflow/dags/subdag.py
[2024-03-14T19:58:43.613+0200] {processor.py:830} INFO - Processing file /Users/abatcoveanu/airflow/dags/subdag.py for tasks to queue
[2024-03-14T19:58:43.615+0200] {logging_mixin.py:188} INFO - [2024-03-14T19:58:43.614+0200] {dagbag.py:540} INFO - Filling up the DagBag from /Users/abatcoveanu/airflow/dags/subdag.py
[2024-03-14T19:58:43.619+0200] {processor.py:842} WARNING - No viable dags retrieved from /Users/abatcoveanu/airflow/dags/subdag.py
[2024-03-14T19:58:44.054+0200] {processor.py:183} INFO - Processing /Users/abatcoveanu/airflow/dags/subdag.py took 0.452 seconds
[2024-03-14T20:15:57.747+0200] {processor.py:161} INFO - Started process (PID=29106) to work on /Users/abatcoveanu/airflow/dags/subdag.py
[2024-03-14T20:15:57.748+0200] {processor.py:830} INFO - Processing file /Users/abatcoveanu/airflow/dags/subdag.py for tasks to queue
[2024-03-14T20:15:57.748+0200] {logging_mixin.py:188} INFO - [2024-03-14T20:15:57.748+0200] {dagbag.py:540} INFO - Filling up the DagBag from /Users/abatcoveanu/airflow/dags/subdag.py
[2024-03-14T20:15:57.749+0200] {processor.py:842} WARNING - No viable dags retrieved from /Users/abatcoveanu/airflow/dags/subdag.py
[2024-03-14T20:15:57.861+0200] {processor.py:183} INFO - Processing /Users/abatcoveanu/airflow/dags/subdag.py took 0.116 seconds
[2024-03-14T20:22:09.571+0200] {processor.py:161} INFO - Started process (PID=29319) to work on /Users/abatcoveanu/airflow/dags/subdag.py
[2024-03-14T20:22:09.572+0200] {processor.py:830} INFO - Processing file /Users/abatcoveanu/airflow/dags/subdag.py for tasks to queue
[2024-03-14T20:22:09.572+0200] {logging_mixin.py:188} INFO - [2024-03-14T20:22:09.572+0200] {dagbag.py:540} INFO - Filling up the DagBag from /Users/abatcoveanu/airflow/dags/subdag.py
[2024-03-14T20:22:09.573+0200] {processor.py:842} WARNING - No viable dags retrieved from /Users/abatcoveanu/airflow/dags/subdag.py
[2024-03-14T20:22:09.687+0200] {processor.py:183} INFO - Processing /Users/abatcoveanu/airflow/dags/subdag.py took 0.118 seconds
[2024-03-14T20:41:56.751+0200] {processor.py:161} INFO - Started process (PID=29534) to work on /Users/abatcoveanu/airflow/dags/subdag.py
[2024-03-14T20:41:56.752+0200] {processor.py:830} INFO - Processing file /Users/abatcoveanu/airflow/dags/subdag.py for tasks to queue
[2024-03-14T20:41:56.752+0200] {logging_mixin.py:188} INFO - [2024-03-14T20:41:56.752+0200] {dagbag.py:540} INFO - Filling up the DagBag from /Users/abatcoveanu/airflow/dags/subdag.py
[2024-03-14T20:41:56.753+0200] {processor.py:842} WARNING - No viable dags retrieved from /Users/abatcoveanu/airflow/dags/subdag.py
[2024-03-14T20:41:56.865+0200] {processor.py:183} INFO - Processing /Users/abatcoveanu/airflow/dags/subdag.py took 0.117 seconds
[2024-03-14T20:59:08.048+0200] {processor.py:161} INFO - Started process (PID=29755) to work on /Users/abatcoveanu/airflow/dags/subdag.py
[2024-03-14T20:59:08.049+0200] {processor.py:830} INFO - Processing file /Users/abatcoveanu/airflow/dags/subdag.py for tasks to queue
[2024-03-14T20:59:08.050+0200] {logging_mixin.py:188} INFO - [2024-03-14T20:59:08.050+0200] {dagbag.py:540} INFO - Filling up the DagBag from /Users/abatcoveanu/airflow/dags/subdag.py
[2024-03-14T20:59:08.051+0200] {processor.py:842} WARNING - No viable dags retrieved from /Users/abatcoveanu/airflow/dags/subdag.py
[2024-03-14T20:59:08.181+0200] {processor.py:183} INFO - Processing /Users/abatcoveanu/airflow/dags/subdag.py took 0.134 seconds
[2024-03-14T21:17:06.847+0200] {processor.py:161} INFO - Started process (PID=29978) to work on /Users/abatcoveanu/airflow/dags/subdag.py
[2024-03-14T21:17:06.848+0200] {processor.py:830} INFO - Processing file /Users/abatcoveanu/airflow/dags/subdag.py for tasks to queue
[2024-03-14T21:17:06.849+0200] {logging_mixin.py:188} INFO - [2024-03-14T21:17:06.849+0200] {dagbag.py:540} INFO - Filling up the DagBag from /Users/abatcoveanu/airflow/dags/subdag.py
[2024-03-14T21:17:06.850+0200] {processor.py:842} WARNING - No viable dags retrieved from /Users/abatcoveanu/airflow/dags/subdag.py
[2024-03-14T21:17:06.963+0200] {processor.py:183} INFO - Processing /Users/abatcoveanu/airflow/dags/subdag.py took 0.118 seconds
[2024-03-15T00:26:17.035+0200] {processor.py:161} INFO - Started process (PID=30261) to work on /Users/abatcoveanu/airflow/dags/subdag.py
[2024-03-15T00:26:17.037+0200] {processor.py:830} INFO - Processing file /Users/abatcoveanu/airflow/dags/subdag.py for tasks to queue
[2024-03-15T00:26:17.038+0200] {logging_mixin.py:188} INFO - [2024-03-15T00:26:17.038+0200] {dagbag.py:540} INFO - Filling up the DagBag from /Users/abatcoveanu/airflow/dags/subdag.py
[2024-03-15T00:26:17.039+0200] {processor.py:842} WARNING - No viable dags retrieved from /Users/abatcoveanu/airflow/dags/subdag.py
[2024-03-15T00:26:17.160+0200] {processor.py:183} INFO - Processing /Users/abatcoveanu/airflow/dags/subdag.py took 0.127 seconds
