[2024-03-29T10:20:30.020+0200] {taskinstance.py:1979} INFO - Dependencies all met for dep_context=non-requeueable deps ti=<TaskInstance: dag_id_3.show_tables manual__2024-03-29T08:19:28.971859+00:00 [queued]>
[2024-03-29T10:20:30.032+0200] {taskinstance.py:1979} INFO - Dependencies all met for dep_context=requeueable deps ti=<TaskInstance: dag_id_3.show_tables manual__2024-03-29T08:19:28.971859+00:00 [queued]>
[2024-03-29T10:20:30.033+0200] {taskinstance.py:2193} INFO - Starting attempt 1 of 1
[2024-03-29T10:20:30.060+0200] {taskinstance.py:2214} INFO - Executing <Task(PostgresOperator): show_tables> on 2024-03-29 08:19:28.971859+00:00
[2024-03-29T10:20:30.065+0200] {standard_task_runner.py:60} INFO - Started process 5121 to run task
[2024-03-29T10:20:30.074+0200] {standard_task_runner.py:87} INFO - Running: ['airflow', 'tasks', 'run', 'dag_id_3', 'show_tables', 'manual__2024-03-29T08:19:28.971859+00:00', '--job-id', '1126', '--raw', '--subdir', 'DAGS_FOLDER/jobs_dag.py', '--cfg-path', '/var/folders/t6/vwjsg0jx26jcjdwn_gxhbjzc0000gp/T/tmpbzy9emq3']
[2024-03-29T10:20:30.078+0200] {standard_task_runner.py:88} INFO - Job 1126: Subtask show_tables
[2024-03-29T10:20:30.209+0200] {task_command.py:423} INFO - Running <TaskInstance: dag_id_3.show_tables manual__2024-03-29T08:19:28.971859+00:00 [running]> on host C9843
[2024-03-29T10:20:30.421+0200] {taskinstance.py:2510} INFO - Exporting env vars: AIRFLOW_CTX_DAG_OWNER='airflow' AIRFLOW_CTX_DAG_ID='dag_id_3' AIRFLOW_CTX_TASK_ID='show_tables' AIRFLOW_CTX_EXECUTION_DATE='2024-03-29T08:19:28.971859+00:00' AIRFLOW_CTX_TRY_NUMBER='1' AIRFLOW_CTX_DAG_RUN_ID='manual__2024-03-29T08:19:28.971859+00:00'
[2024-03-29T10:20:30.424+0200] {sql.py:276} INFO - Executing: 
           select table_schema, table_name FROM information_schema.tables
           WHERE table_schema NOT IN ('information_schema', 'pg_catalog')
           ORDER BY table_schema, table_name
            
[2024-03-29T10:20:30.455+0200] {base.py:83} INFO - Using connection ID 'Postgres_db' for task execution.
[2024-03-29T10:20:30.506+0200] {base.py:83} INFO - Using connection ID 'Postgres_db' for task execution.
[2024-03-29T10:20:30.512+0200] {sql.py:457} INFO - Running statement: 
           select table_schema, table_name FROM information_schema.tables
           WHERE table_schema NOT IN ('information_schema', 'pg_catalog')
           ORDER BY table_schema, table_name
            , parameters: [28530900, 'abatcoveanu', datetime.datetime(2024, 3, 29, 10, 20, 29, 157541)]
[2024-03-29T10:20:30.530+0200] {sql.py:466} INFO - Rows affected: 43
[2024-03-29T10:20:30.538+0200] {logging_mixin.py:188} WARNING - /usr/local/lib/python3.8/site-packages/airflow/providers/common/sql/hooks/sql.py:407 AirflowProviderDeprecationWarning: Call to deprecated method _make_common_data_structure. (The `_make_serializable` method is deprecated and support will be removed in a future version of the common.sql provider. Please update the DbApiHook's provider to a version based on common.sql >= 1.9.1.)
[2024-03-29T10:20:30.583+0200] {taskinstance.py:1149} INFO - Marking task as SUCCESS. dag_id=dag_id_3, task_id=show_tables, execution_date=20240329T081928, start_date=20240329T082030, end_date=20240329T082030
[2024-03-29T10:20:30.627+0200] {local_task_job_runner.py:234} INFO - Task exited with return code 0
[2024-03-29T10:20:30.669+0200] {taskinstance.py:3309} INFO - 0 downstream tasks scheduled from follow-on schedule check
