[2024-03-28T12:15:52.028+0200] {taskinstance.py:1979} INFO - Dependencies all met for dep_context=non-requeueable deps ti=<TaskInstance: trigger_dag.process_result.sensor_triggered_dag manual__2024-03-28T10:14:39.976044+00:00 [queued]>
[2024-03-28T12:15:52.040+0200] {taskinstance.py:1979} INFO - Dependencies all met for dep_context=requeueable deps ti=<TaskInstance: trigger_dag.process_result.sensor_triggered_dag manual__2024-03-28T10:14:39.976044+00:00 [queued]>
[2024-03-28T12:15:52.041+0200] {taskinstance.py:2193} INFO - Starting attempt 1 of 1
[2024-03-28T12:15:52.067+0200] {taskinstance.py:2214} INFO - Executing <Task(ExternalTaskSensor): process_result.sensor_triggered_dag> on 2024-03-28 10:14:39.976044+00:00
[2024-03-28T12:15:52.072+0200] {standard_task_runner.py:60} INFO - Started process 26664 to run task
[2024-03-28T12:15:52.080+0200] {standard_task_runner.py:87} INFO - Running: ['airflow', 'tasks', 'run', 'trigger_dag', 'process_result.sensor_triggered_dag', 'manual__2024-03-28T10:14:39.976044+00:00', '--job-id', '1102', '--raw', '--subdir', 'DAGS_FOLDER/trigger_dag.py', '--cfg-path', '/var/folders/t6/vwjsg0jx26jcjdwn_gxhbjzc0000gp/T/tmpco_zvkuq']
[2024-03-28T12:15:52.084+0200] {standard_task_runner.py:88} INFO - Job 1102: Subtask process_result.sensor_triggered_dag
[2024-03-28T12:15:52.212+0200] {task_command.py:423} INFO - Running <TaskInstance: trigger_dag.process_result.sensor_triggered_dag manual__2024-03-28T10:14:39.976044+00:00 [running]> on host C9843
[2024-03-28T12:15:52.328+0200] {taskinstance.py:2510} INFO - Exporting env vars: AIRFLOW_CTX_DAG_OWNER='airflow' AIRFLOW_CTX_DAG_ID='trigger_dag' AIRFLOW_CTX_TASK_ID='process_result.sensor_triggered_dag' AIRFLOW_CTX_EXECUTION_DATE='2024-03-28T10:14:39.976044+00:00' AIRFLOW_CTX_TRY_NUMBER='1' AIRFLOW_CTX_DAG_RUN_ID='manual__2024-03-28T10:14:39.976044+00:00'
[2024-03-28T12:15:52.330+0200] {external_task.py:260} INFO - Poking for DAG 'dag_id_3' on 2024-03-28T10:19:39.976044+00:00 ... 
[2024-03-28T12:16:52.343+0200] {external_task.py:260} INFO - Poking for DAG 'dag_id_3' on 2024-03-28T10:19:39.976044+00:00 ... 
[2024-03-28T12:17:18.085+0200] {local_task_job_runner.py:280} WARNING - Recorded pid 27240 does not match the current pid 26664
[2024-03-28T12:17:18.106+0200] {process_utils.py:131} INFO - Sending 15 to group 26664. PIDs of all processes in the group: [26664]
[2024-03-28T12:17:18.107+0200] {process_utils.py:86} INFO - Sending the signal 15 to group 26664
[2024-03-28T12:17:18.107+0200] {taskinstance.py:2480} ERROR - Received SIGTERM. Terminating subprocesses.
[2024-03-28T12:17:18.125+0200] {taskinstance.py:2728} ERROR - Task failed with exception
Traceback (most recent call last):
  File "/usr/local/lib/python3.8/site-packages/airflow/models/taskinstance.py", line 444, in _execute_task
    result = _execute_callable(context=context, **execute_callable_kwargs)
  File "/usr/local/lib/python3.8/site-packages/airflow/models/taskinstance.py", line 414, in _execute_callable
    return execute_callable(context=context, **execute_callable_kwargs)
  File "/usr/local/lib/python3.8/site-packages/airflow/sensors/external_task.py", line 334, in execute
    super().execute(context)
  File "/usr/local/lib/python3.8/site-packages/airflow/sensors/base.py", line 293, in execute
    time.sleep(self._get_next_poke_interval(started_at, run_duration, try_number))
  File "/usr/local/lib/python3.8/site-packages/airflow/models/taskinstance.py", line 2482, in signal_handler
    raise AirflowException("Task received SIGTERM signal")
airflow.exceptions.AirflowException: Task received SIGTERM signal
[2024-03-28T12:17:18.133+0200] {taskinstance.py:1149} INFO - Marking task as FAILED. dag_id=trigger_dag, task_id=process_result.sensor_triggered_dag, execution_date=20240328T101439, start_date=20240328T101714, end_date=20240328T101718
[2024-03-28T12:17:18.170+0200] {standard_task_runner.py:107} ERROR - Failed to execute job 1102 for task process_result.sensor_triggered_dag (Task received SIGTERM signal; 26664)
[2024-03-28T12:17:18.208+0200] {process_utils.py:79} INFO - Process psutil.Process(pid=26664, status='terminated', exitcode=1, started='12:15:52') (26664) terminated with exit code 1
