[2024-04-03T17:07:40.346+0300] {taskinstance.py:1979} INFO - Dependencies all met for dep_context=non-requeueable deps ti=<TaskInstance: trigger_dag.trigger_dag_task scheduled__2018-11-15T00:00:00+00:00 [queued]>
[2024-04-03T17:07:40.374+0300] {taskinstance.py:1979} INFO - Dependencies all met for dep_context=requeueable deps ti=<TaskInstance: trigger_dag.trigger_dag_task scheduled__2018-11-15T00:00:00+00:00 [queued]>
[2024-04-03T17:07:40.374+0300] {taskinstance.py:2193} INFO - Starting attempt 1 of 1
[2024-04-03T17:07:40.392+0300] {taskinstance.py:2214} INFO - Executing <Task(TriggerDagRunOperator): trigger_dag_task> on 2018-11-15 00:00:00+00:00
[2024-04-03T17:07:40.399+0300] {standard_task_runner.py:60} INFO - Started process 29285 to run task
[2024-04-03T17:07:40.406+0300] {standard_task_runner.py:87} INFO - Running: ['airflow', 'tasks', 'run', 'trigger_dag', 'trigger_dag_task', 'scheduled__2018-11-15T00:00:00+00:00', '--job-id', '1399', '--raw', '--subdir', 'DAGS_FOLDER/trigger_dag.py', '--cfg-path', '/var/folders/t6/vwjsg0jx26jcjdwn_gxhbjzc0000gp/T/tmppzdtr_g2']
[2024-04-03T17:07:40.409+0300] {standard_task_runner.py:88} INFO - Job 1399: Subtask trigger_dag_task
[2024-04-03T17:07:40.524+0300] {task_command.py:423} INFO - Running <TaskInstance: trigger_dag.trigger_dag_task scheduled__2018-11-15T00:00:00+00:00 [running]> on host C9843
[2024-04-03T17:07:40.687+0300] {taskinstance.py:2510} INFO - Exporting env vars: AIRFLOW_CTX_DAG_OWNER='airflow' AIRFLOW_CTX_DAG_ID='trigger_dag' AIRFLOW_CTX_TASK_ID='trigger_dag_task' AIRFLOW_CTX_EXECUTION_DATE='2018-11-15T00:00:00+00:00' AIRFLOW_CTX_TRY_NUMBER='1' AIRFLOW_CTX_DAG_RUN_ID='scheduled__2018-11-15T00:00:00+00:00'
[2024-04-03T17:07:40.880+0300] {trigger_dagrun.py:210} INFO - Waiting for dag_id_3 on 2024-04-03 14:07:40.690228+00:00 to become allowed state ['success'] ...
[2024-04-03T17:08:40.919+0300] {trigger_dagrun.py:210} INFO - Waiting for dag_id_3 on 2024-04-03 14:07:40.690228+00:00 to become allowed state ['success'] ...
[2024-04-03T17:09:40.968+0300] {trigger_dagrun.py:210} INFO - Waiting for dag_id_3 on 2024-04-03 14:07:40.690228+00:00 to become allowed state ['success'] ...
[2024-04-03T17:10:40.984+0300] {trigger_dagrun.py:210} INFO - Waiting for dag_id_3 on 2024-04-03 14:07:40.690228+00:00 to become allowed state ['success'] ...
[2024-04-03T17:11:40.994+0300] {trigger_dagrun.py:210} INFO - Waiting for dag_id_3 on 2024-04-03 14:07:40.690228+00:00 to become allowed state ['success'] ...
[2024-04-03T17:12:41.004+0300] {trigger_dagrun.py:210} INFO - Waiting for dag_id_3 on 2024-04-03 14:07:40.690228+00:00 to become allowed state ['success'] ...
[2024-04-03T17:13:41.020+0300] {trigger_dagrun.py:210} INFO - Waiting for dag_id_3 on 2024-04-03 14:07:40.690228+00:00 to become allowed state ['success'] ...
[2024-04-03T17:14:41.035+0300] {trigger_dagrun.py:210} INFO - Waiting for dag_id_3 on 2024-04-03 14:07:40.690228+00:00 to become allowed state ['success'] ...
[2024-04-03T17:15:41.066+0300] {trigger_dagrun.py:210} INFO - Waiting for dag_id_3 on 2024-04-03 14:07:40.690228+00:00 to become allowed state ['success'] ...
[2024-04-03T17:16:41.078+0300] {trigger_dagrun.py:210} INFO - Waiting for dag_id_3 on 2024-04-03 14:07:40.690228+00:00 to become allowed state ['success'] ...
[2024-04-03T17:17:41.106+0300] {trigger_dagrun.py:223} INFO - dag_id_3 finished with allowed state success
[2024-04-03T17:17:41.119+0300] {taskinstance.py:1149} INFO - Marking task as SUCCESS. dag_id=trigger_dag, task_id=trigger_dag_task, execution_date=20181115T000000, start_date=20240403T140740, end_date=20240403T141741
