[2024-03-05T15:46:11.051+0200] {processor.py:161} INFO - Started process (PID=4752) to work on /usr/local/lib/python3.8/site-packages/airflow/example_dags/example_task_group.py
[2024-03-05T15:46:11.052+0200] {processor.py:830} INFO - Processing file /usr/local/lib/python3.8/site-packages/airflow/example_dags/example_task_group.py for tasks to queue
[2024-03-05T15:46:11.052+0200] {logging_mixin.py:188} INFO - [2024-03-05T15:46:11.052+0200] {dagbag.py:540} INFO - Filling up the DagBag from /usr/local/lib/python3.8/site-packages/airflow/example_dags/example_task_group.py
[2024-03-05T15:46:11.063+0200] {processor.py:840} INFO - DAG(s) 'example_task_group' retrieved from /usr/local/lib/python3.8/site-packages/airflow/example_dags/example_task_group.py
[2024-03-05T15:46:11.295+0200] {logging_mixin.py:188} INFO - [2024-03-05T15:46:11.294+0200] {override.py:1769} INFO - Created Permission View: can edit on DAG:example_task_group
[2024-03-05T15:46:11.303+0200] {logging_mixin.py:188} INFO - [2024-03-05T15:46:11.302+0200] {override.py:1769} INFO - Created Permission View: can delete on DAG:example_task_group
[2024-03-05T15:46:11.308+0200] {logging_mixin.py:188} INFO - [2024-03-05T15:46:11.308+0200] {override.py:1769} INFO - Created Permission View: can read on DAG:example_task_group
[2024-03-05T15:46:11.309+0200] {logging_mixin.py:188} INFO - [2024-03-05T15:46:11.308+0200] {dag.py:3047} INFO - Sync 1 DAGs
[2024-03-05T15:46:11.319+0200] {logging_mixin.py:188} INFO - [2024-03-05T15:46:11.318+0200] {dag.py:3069} INFO - Creating ORM DAG for example_task_group
[2024-03-05T15:46:11.327+0200] {logging_mixin.py:188} INFO - [2024-03-05T15:46:11.327+0200] {dag.py:3834} INFO - Setting next_dagrun for example_task_group to 2024-03-04 00:00:00+00:00, run_after=2024-03-05 00:00:00+00:00
[2024-03-05T15:46:11.342+0200] {processor.py:183} INFO - Processing /usr/local/lib/python3.8/site-packages/airflow/example_dags/example_task_group.py took 0.293 seconds
[2024-03-05T15:48:12.414+0200] {processor.py:161} INFO - Started process (PID=4929) to work on /usr/local/lib/python3.8/site-packages/airflow/example_dags/example_task_group.py
[2024-03-05T15:48:12.416+0200] {processor.py:830} INFO - Processing file /usr/local/lib/python3.8/site-packages/airflow/example_dags/example_task_group.py for tasks to queue
[2024-03-05T15:48:12.416+0200] {logging_mixin.py:188} INFO - [2024-03-05T15:48:12.416+0200] {dagbag.py:540} INFO - Filling up the DagBag from /usr/local/lib/python3.8/site-packages/airflow/example_dags/example_task_group.py
[2024-03-05T15:48:12.426+0200] {processor.py:840} INFO - DAG(s) 'example_task_group' retrieved from /usr/local/lib/python3.8/site-packages/airflow/example_dags/example_task_group.py
[2024-03-05T15:48:12.518+0200] {logging_mixin.py:188} INFO - [2024-03-05T15:48:12.518+0200] {dag.py:3047} INFO - Sync 1 DAGs
[2024-03-05T15:48:12.570+0200] {logging_mixin.py:188} INFO - [2024-03-05T15:48:12.569+0200] {dag.py:3834} INFO - Setting next_dagrun for example_task_group to 2024-03-04 00:00:00+00:00, run_after=2024-03-05 00:00:00+00:00
[2024-03-05T15:48:12.588+0200] {processor.py:183} INFO - Processing /usr/local/lib/python3.8/site-packages/airflow/example_dags/example_task_group.py took 0.175 seconds
[2024-03-05T15:49:39.981+0200] {processor.py:161} INFO - Started process (PID=5085) to work on /usr/local/lib/python3.8/site-packages/airflow/example_dags/example_task_group.py
[2024-03-05T15:49:39.983+0200] {processor.py:830} INFO - Processing file /usr/local/lib/python3.8/site-packages/airflow/example_dags/example_task_group.py for tasks to queue
[2024-03-05T15:49:39.983+0200] {logging_mixin.py:188} INFO - [2024-03-05T15:49:39.983+0200] {dagbag.py:540} INFO - Filling up the DagBag from /usr/local/lib/python3.8/site-packages/airflow/example_dags/example_task_group.py
[2024-03-05T15:49:39.994+0200] {processor.py:840} INFO - DAG(s) 'example_task_group' retrieved from /usr/local/lib/python3.8/site-packages/airflow/example_dags/example_task_group.py
[2024-03-05T15:49:40.082+0200] {logging_mixin.py:188} INFO - [2024-03-05T15:49:40.082+0200] {dag.py:3047} INFO - Sync 1 DAGs
[2024-03-05T15:49:40.133+0200] {logging_mixin.py:188} INFO - [2024-03-05T15:49:40.133+0200] {dag.py:3834} INFO - Setting next_dagrun for example_task_group to 2024-03-04 00:00:00+00:00, run_after=2024-03-05 00:00:00+00:00
[2024-03-05T15:49:40.150+0200] {processor.py:183} INFO - Processing /usr/local/lib/python3.8/site-packages/airflow/example_dags/example_task_group.py took 0.170 seconds
[2024-03-05T15:53:28.930+0200] {processor.py:161} INFO - Started process (PID=5325) to work on /usr/local/lib/python3.8/site-packages/airflow/example_dags/example_task_group.py
[2024-03-05T15:53:28.932+0200] {processor.py:830} INFO - Processing file /usr/local/lib/python3.8/site-packages/airflow/example_dags/example_task_group.py for tasks to queue
[2024-03-05T15:53:28.933+0200] {logging_mixin.py:188} INFO - [2024-03-05T15:53:28.933+0200] {dagbag.py:540} INFO - Filling up the DagBag from /usr/local/lib/python3.8/site-packages/airflow/example_dags/example_task_group.py
[2024-03-05T15:53:28.943+0200] {processor.py:840} INFO - DAG(s) 'example_task_group' retrieved from /usr/local/lib/python3.8/site-packages/airflow/example_dags/example_task_group.py
[2024-03-05T15:53:29.157+0200] {logging_mixin.py:188} INFO - [2024-03-05T15:53:29.157+0200] {dag.py:3047} INFO - Sync 1 DAGs
[2024-03-05T15:53:29.170+0200] {logging_mixin.py:188} INFO - [2024-03-05T15:53:29.170+0200] {dag.py:3834} INFO - Setting next_dagrun for example_task_group to 2024-03-04 00:00:00+00:00, run_after=2024-03-05 00:00:00+00:00
[2024-03-05T15:53:29.185+0200] {processor.py:183} INFO - Processing /usr/local/lib/python3.8/site-packages/airflow/example_dags/example_task_group.py took 0.256 seconds
[2024-03-05T15:55:30.399+0200] {processor.py:161} INFO - Started process (PID=5489) to work on /usr/local/lib/python3.8/site-packages/airflow/example_dags/example_task_group.py
[2024-03-05T15:55:30.401+0200] {processor.py:830} INFO - Processing file /usr/local/lib/python3.8/site-packages/airflow/example_dags/example_task_group.py for tasks to queue
[2024-03-05T15:55:30.402+0200] {logging_mixin.py:188} INFO - [2024-03-05T15:55:30.401+0200] {dagbag.py:540} INFO - Filling up the DagBag from /usr/local/lib/python3.8/site-packages/airflow/example_dags/example_task_group.py
[2024-03-05T15:55:30.412+0200] {processor.py:840} INFO - DAG(s) 'example_task_group' retrieved from /usr/local/lib/python3.8/site-packages/airflow/example_dags/example_task_group.py
[2024-03-05T15:55:30.526+0200] {logging_mixin.py:188} INFO - [2024-03-05T15:55:30.526+0200] {dag.py:3047} INFO - Sync 1 DAGs
[2024-03-05T15:55:30.583+0200] {logging_mixin.py:188} INFO - [2024-03-05T15:55:30.583+0200] {dag.py:3834} INFO - Setting next_dagrun for example_task_group to 2024-03-04 00:00:00+00:00, run_after=2024-03-05 00:00:00+00:00
[2024-03-05T15:55:30.601+0200] {processor.py:183} INFO - Processing /usr/local/lib/python3.8/site-packages/airflow/example_dags/example_task_group.py took 0.203 seconds
[2024-03-05T15:57:00.474+0200] {processor.py:161} INFO - Started process (PID=5602) to work on /usr/local/lib/python3.8/site-packages/airflow/example_dags/example_task_group.py
[2024-03-05T15:57:00.474+0200] {processor.py:830} INFO - Processing file /usr/local/lib/python3.8/site-packages/airflow/example_dags/example_task_group.py for tasks to queue
[2024-03-05T15:57:00.475+0200] {logging_mixin.py:188} INFO - [2024-03-05T15:57:00.475+0200] {dagbag.py:540} INFO - Filling up the DagBag from /usr/local/lib/python3.8/site-packages/airflow/example_dags/example_task_group.py
[2024-03-05T15:57:00.484+0200] {processor.py:840} INFO - DAG(s) 'example_task_group' retrieved from /usr/local/lib/python3.8/site-packages/airflow/example_dags/example_task_group.py
[2024-03-05T15:57:00.569+0200] {logging_mixin.py:188} INFO - [2024-03-05T15:57:00.569+0200] {dag.py:3047} INFO - Sync 1 DAGs
[2024-03-05T15:57:00.620+0200] {logging_mixin.py:188} INFO - [2024-03-05T15:57:00.620+0200] {dag.py:3834} INFO - Setting next_dagrun for example_task_group to 2024-03-04 00:00:00+00:00, run_after=2024-03-05 00:00:00+00:00
[2024-03-05T15:57:00.636+0200] {processor.py:183} INFO - Processing /usr/local/lib/python3.8/site-packages/airflow/example_dags/example_task_group.py took 0.164 seconds
[2024-03-05T15:58:21.989+0200] {processor.py:161} INFO - Started process (PID=5686) to work on /usr/local/lib/python3.8/site-packages/airflow/example_dags/example_task_group.py
[2024-03-05T15:58:21.990+0200] {processor.py:830} INFO - Processing file /usr/local/lib/python3.8/site-packages/airflow/example_dags/example_task_group.py for tasks to queue
[2024-03-05T15:58:21.990+0200] {logging_mixin.py:188} INFO - [2024-03-05T15:58:21.990+0200] {dagbag.py:540} INFO - Filling up the DagBag from /usr/local/lib/python3.8/site-packages/airflow/example_dags/example_task_group.py
[2024-03-05T15:58:21.999+0200] {processor.py:840} INFO - DAG(s) 'example_task_group' retrieved from /usr/local/lib/python3.8/site-packages/airflow/example_dags/example_task_group.py
[2024-03-05T15:58:22.087+0200] {logging_mixin.py:188} INFO - [2024-03-05T15:58:22.086+0200] {dag.py:3047} INFO - Sync 1 DAGs
[2024-03-05T15:58:22.137+0200] {logging_mixin.py:188} INFO - [2024-03-05T15:58:22.137+0200] {dag.py:3834} INFO - Setting next_dagrun for example_task_group to 2024-03-04 00:00:00+00:00, run_after=2024-03-05 00:00:00+00:00
[2024-03-05T15:58:22.155+0200] {processor.py:183} INFO - Processing /usr/local/lib/python3.8/site-packages/airflow/example_dags/example_task_group.py took 0.167 seconds
[2024-03-05T15:59:41.979+0200] {processor.py:161} INFO - Started process (PID=5779) to work on /usr/local/lib/python3.8/site-packages/airflow/example_dags/example_task_group.py
[2024-03-05T15:59:41.980+0200] {processor.py:830} INFO - Processing file /usr/local/lib/python3.8/site-packages/airflow/example_dags/example_task_group.py for tasks to queue
[2024-03-05T15:59:41.980+0200] {logging_mixin.py:188} INFO - [2024-03-05T15:59:41.980+0200] {dagbag.py:540} INFO - Filling up the DagBag from /usr/local/lib/python3.8/site-packages/airflow/example_dags/example_task_group.py
[2024-03-05T15:59:41.990+0200] {processor.py:840} INFO - DAG(s) 'example_task_group' retrieved from /usr/local/lib/python3.8/site-packages/airflow/example_dags/example_task_group.py
[2024-03-05T15:59:42.074+0200] {logging_mixin.py:188} INFO - [2024-03-05T15:59:42.073+0200] {dag.py:3047} INFO - Sync 1 DAGs
[2024-03-05T15:59:42.124+0200] {logging_mixin.py:188} INFO - [2024-03-05T15:59:42.123+0200] {dag.py:3834} INFO - Setting next_dagrun for example_task_group to 2024-03-04 00:00:00+00:00, run_after=2024-03-05 00:00:00+00:00
[2024-03-05T15:59:42.141+0200] {processor.py:183} INFO - Processing /usr/local/lib/python3.8/site-packages/airflow/example_dags/example_task_group.py took 0.163 seconds
[2024-03-05T16:03:30.175+0200] {processor.py:161} INFO - Started process (PID=5920) to work on /usr/local/lib/python3.8/site-packages/airflow/example_dags/example_task_group.py
[2024-03-05T16:03:30.177+0200] {processor.py:830} INFO - Processing file /usr/local/lib/python3.8/site-packages/airflow/example_dags/example_task_group.py for tasks to queue
[2024-03-05T16:03:30.177+0200] {logging_mixin.py:188} INFO - [2024-03-05T16:03:30.177+0200] {dagbag.py:540} INFO - Filling up the DagBag from /usr/local/lib/python3.8/site-packages/airflow/example_dags/example_task_group.py
[2024-03-05T16:03:30.187+0200] {processor.py:840} INFO - DAG(s) 'example_task_group' retrieved from /usr/local/lib/python3.8/site-packages/airflow/example_dags/example_task_group.py
[2024-03-05T16:03:30.276+0200] {logging_mixin.py:188} INFO - [2024-03-05T16:03:30.276+0200] {dag.py:3047} INFO - Sync 1 DAGs
[2024-03-05T16:03:30.328+0200] {logging_mixin.py:188} INFO - [2024-03-05T16:03:30.327+0200] {dag.py:3834} INFO - Setting next_dagrun for example_task_group to 2024-03-04 00:00:00+00:00, run_after=2024-03-05 00:00:00+00:00
[2024-03-05T16:03:30.345+0200] {processor.py:183} INFO - Processing /usr/local/lib/python3.8/site-packages/airflow/example_dags/example_task_group.py took 0.171 seconds
[2024-03-05T16:05:18.255+0200] {processor.py:161} INFO - Started process (PID=6058) to work on /usr/local/lib/python3.8/site-packages/airflow/example_dags/example_task_group.py
[2024-03-05T16:05:18.256+0200] {processor.py:830} INFO - Processing file /usr/local/lib/python3.8/site-packages/airflow/example_dags/example_task_group.py for tasks to queue
[2024-03-05T16:05:18.256+0200] {logging_mixin.py:188} INFO - [2024-03-05T16:05:18.256+0200] {dagbag.py:540} INFO - Filling up the DagBag from /usr/local/lib/python3.8/site-packages/airflow/example_dags/example_task_group.py
[2024-03-05T16:05:18.266+0200] {processor.py:840} INFO - DAG(s) 'example_task_group' retrieved from /usr/local/lib/python3.8/site-packages/airflow/example_dags/example_task_group.py
[2024-03-05T16:05:18.354+0200] {logging_mixin.py:188} INFO - [2024-03-05T16:05:18.354+0200] {dag.py:3047} INFO - Sync 1 DAGs
[2024-03-05T16:05:18.404+0200] {logging_mixin.py:188} INFO - [2024-03-05T16:05:18.404+0200] {dag.py:3834} INFO - Setting next_dagrun for example_task_group to 2024-03-04 00:00:00+00:00, run_after=2024-03-05 00:00:00+00:00
[2024-03-05T16:05:18.422+0200] {processor.py:183} INFO - Processing /usr/local/lib/python3.8/site-packages/airflow/example_dags/example_task_group.py took 0.169 seconds
[2024-03-05T16:19:26.890+0200] {processor.py:161} INFO - Started process (PID=6203) to work on /usr/local/lib/python3.8/site-packages/airflow/example_dags/example_task_group.py
[2024-03-05T16:19:26.907+0200] {processor.py:830} INFO - Processing file /usr/local/lib/python3.8/site-packages/airflow/example_dags/example_task_group.py for tasks to queue
[2024-03-05T16:19:26.908+0200] {logging_mixin.py:188} INFO - [2024-03-05T16:19:26.908+0200] {dagbag.py:540} INFO - Filling up the DagBag from /usr/local/lib/python3.8/site-packages/airflow/example_dags/example_task_group.py
[2024-03-05T16:19:26.924+0200] {processor.py:840} INFO - DAG(s) 'example_task_group' retrieved from /usr/local/lib/python3.8/site-packages/airflow/example_dags/example_task_group.py
[2024-03-05T16:19:27.173+0200] {logging_mixin.py:188} INFO - [2024-03-05T16:19:27.172+0200] {dag.py:3047} INFO - Sync 1 DAGs
[2024-03-05T16:19:27.289+0200] {logging_mixin.py:188} INFO - [2024-03-05T16:19:27.288+0200] {dag.py:3834} INFO - Setting next_dagrun for example_task_group to 2024-03-04 00:00:00+00:00, run_after=2024-03-05 00:00:00+00:00
[2024-03-05T16:19:27.417+0200] {processor.py:183} INFO - Processing /usr/local/lib/python3.8/site-packages/airflow/example_dags/example_task_group.py took 0.529 seconds
[2024-03-05T16:21:01.739+0200] {processor.py:161} INFO - Started process (PID=6305) to work on /usr/local/lib/python3.8/site-packages/airflow/example_dags/example_task_group.py
[2024-03-05T16:21:01.740+0200] {processor.py:830} INFO - Processing file /usr/local/lib/python3.8/site-packages/airflow/example_dags/example_task_group.py for tasks to queue
[2024-03-05T16:21:01.741+0200] {logging_mixin.py:188} INFO - [2024-03-05T16:21:01.741+0200] {dagbag.py:540} INFO - Filling up the DagBag from /usr/local/lib/python3.8/site-packages/airflow/example_dags/example_task_group.py
[2024-03-05T16:21:01.754+0200] {processor.py:840} INFO - DAG(s) 'example_task_group' retrieved from /usr/local/lib/python3.8/site-packages/airflow/example_dags/example_task_group.py
[2024-03-05T16:21:01.853+0200] {logging_mixin.py:188} INFO - [2024-03-05T16:21:01.853+0200] {dag.py:3047} INFO - Sync 1 DAGs
[2024-03-05T16:21:01.908+0200] {logging_mixin.py:188} INFO - [2024-03-05T16:21:01.908+0200] {dag.py:3834} INFO - Setting next_dagrun for example_task_group to 2024-03-04 00:00:00+00:00, run_after=2024-03-05 00:00:00+00:00
[2024-03-05T16:21:01.926+0200] {processor.py:183} INFO - Processing /usr/local/lib/python3.8/site-packages/airflow/example_dags/example_task_group.py took 0.189 seconds
[2024-03-05T16:22:43.202+0200] {processor.py:161} INFO - Started process (PID=6431) to work on /usr/local/lib/python3.8/site-packages/airflow/example_dags/example_task_group.py
[2024-03-05T16:22:43.204+0200] {processor.py:830} INFO - Processing file /usr/local/lib/python3.8/site-packages/airflow/example_dags/example_task_group.py for tasks to queue
[2024-03-05T16:22:43.205+0200] {logging_mixin.py:188} INFO - [2024-03-05T16:22:43.204+0200] {dagbag.py:540} INFO - Filling up the DagBag from /usr/local/lib/python3.8/site-packages/airflow/example_dags/example_task_group.py
[2024-03-05T16:22:43.215+0200] {processor.py:840} INFO - DAG(s) 'example_task_group' retrieved from /usr/local/lib/python3.8/site-packages/airflow/example_dags/example_task_group.py
[2024-03-05T16:22:43.304+0200] {logging_mixin.py:188} INFO - [2024-03-05T16:22:43.303+0200] {dag.py:3047} INFO - Sync 1 DAGs
[2024-03-05T16:22:43.356+0200] {logging_mixin.py:188} INFO - [2024-03-05T16:22:43.355+0200] {dag.py:3834} INFO - Setting next_dagrun for example_task_group to 2024-03-04 00:00:00+00:00, run_after=2024-03-05 00:00:00+00:00
[2024-03-05T16:22:43.374+0200] {processor.py:183} INFO - Processing /usr/local/lib/python3.8/site-packages/airflow/example_dags/example_task_group.py took 0.173 seconds
