[2024-03-05T15:47:11.633+0200] {processor.py:161} INFO - Started process (PID=4858) to work on /usr/local/lib/python3.8/site-packages/airflow/example_dags/example_datasets.py
[2024-03-05T15:47:11.634+0200] {processor.py:830} INFO - Processing file /usr/local/lib/python3.8/site-packages/airflow/example_dags/example_datasets.py for tasks to queue
[2024-03-05T15:47:11.635+0200] {logging_mixin.py:188} INFO - [2024-03-05T15:47:11.634+0200] {dagbag.py:540} INFO - Filling up the DagBag from /usr/local/lib/python3.8/site-packages/airflow/example_dags/example_datasets.py
[2024-03-05T15:47:11.648+0200] {processor.py:840} INFO - DAG(s) 'dataset_consumes_1_and_2', 'dataset_consumes_unknown_never_scheduled', 'dataset_produces_2', 'dataset_consumes_1_never_scheduled', 'dataset_produces_1', 'dataset_consumes_1' retrieved from /usr/local/lib/python3.8/site-packages/airflow/example_dags/example_datasets.py
[2024-03-05T15:47:11.858+0200] {logging_mixin.py:188} INFO - [2024-03-05T15:47:11.858+0200] {override.py:1769} INFO - Created Permission View: can read on DAG:dataset_consumes_1_and_2
[2024-03-05T15:47:11.866+0200] {logging_mixin.py:188} INFO - [2024-03-05T15:47:11.866+0200] {override.py:1769} INFO - Created Permission View: can edit on DAG:dataset_consumes_1_and_2
[2024-03-05T15:47:11.871+0200] {logging_mixin.py:188} INFO - [2024-03-05T15:47:11.871+0200] {override.py:1769} INFO - Created Permission View: can delete on DAG:dataset_consumes_1_and_2
[2024-03-05T15:47:11.881+0200] {logging_mixin.py:188} INFO - [2024-03-05T15:47:11.881+0200] {override.py:1769} INFO - Created Permission View: can read on DAG:dataset_consumes_unknown_never_scheduled
[2024-03-05T15:47:11.886+0200] {logging_mixin.py:188} INFO - [2024-03-05T15:47:11.886+0200] {override.py:1769} INFO - Created Permission View: can edit on DAG:dataset_consumes_unknown_never_scheduled
[2024-03-05T15:47:11.893+0200] {logging_mixin.py:188} INFO - [2024-03-05T15:47:11.893+0200] {override.py:1769} INFO - Created Permission View: can delete on DAG:dataset_consumes_unknown_never_scheduled
[2024-03-05T15:47:11.904+0200] {logging_mixin.py:188} INFO - [2024-03-05T15:47:11.904+0200] {override.py:1769} INFO - Created Permission View: can read on DAG:dataset_produces_2
[2024-03-05T15:47:11.910+0200] {logging_mixin.py:188} INFO - [2024-03-05T15:47:11.909+0200] {override.py:1769} INFO - Created Permission View: can edit on DAG:dataset_produces_2
[2024-03-05T15:47:11.916+0200] {logging_mixin.py:188} INFO - [2024-03-05T15:47:11.915+0200] {override.py:1769} INFO - Created Permission View: can delete on DAG:dataset_produces_2
[2024-03-05T15:47:11.928+0200] {logging_mixin.py:188} INFO - [2024-03-05T15:47:11.927+0200] {override.py:1769} INFO - Created Permission View: can read on DAG:dataset_consumes_1_never_scheduled
[2024-03-05T15:47:11.933+0200] {logging_mixin.py:188} INFO - [2024-03-05T15:47:11.933+0200] {override.py:1769} INFO - Created Permission View: can edit on DAG:dataset_consumes_1_never_scheduled
[2024-03-05T15:47:11.939+0200] {logging_mixin.py:188} INFO - [2024-03-05T15:47:11.939+0200] {override.py:1769} INFO - Created Permission View: can delete on DAG:dataset_consumes_1_never_scheduled
[2024-03-05T15:47:11.950+0200] {logging_mixin.py:188} INFO - [2024-03-05T15:47:11.950+0200] {override.py:1769} INFO - Created Permission View: can read on DAG:dataset_produces_1
[2024-03-05T15:47:11.956+0200] {logging_mixin.py:188} INFO - [2024-03-05T15:47:11.955+0200] {override.py:1769} INFO - Created Permission View: can edit on DAG:dataset_produces_1
[2024-03-05T15:47:11.961+0200] {logging_mixin.py:188} INFO - [2024-03-05T15:47:11.961+0200] {override.py:1769} INFO - Created Permission View: can delete on DAG:dataset_produces_1
[2024-03-05T15:47:11.972+0200] {logging_mixin.py:188} INFO - [2024-03-05T15:47:11.971+0200] {override.py:1769} INFO - Created Permission View: can read on DAG:dataset_consumes_1
[2024-03-05T15:47:11.978+0200] {logging_mixin.py:188} INFO - [2024-03-05T15:47:11.977+0200] {override.py:1769} INFO - Created Permission View: can edit on DAG:dataset_consumes_1
[2024-03-05T15:47:11.983+0200] {logging_mixin.py:188} INFO - [2024-03-05T15:47:11.983+0200] {override.py:1769} INFO - Created Permission View: can delete on DAG:dataset_consumes_1
[2024-03-05T15:47:11.983+0200] {logging_mixin.py:188} INFO - [2024-03-05T15:47:11.983+0200] {dag.py:3047} INFO - Sync 6 DAGs
[2024-03-05T15:47:11.993+0200] {logging_mixin.py:188} INFO - [2024-03-05T15:47:11.993+0200] {dag.py:3069} INFO - Creating ORM DAG for dataset_produces_1
[2024-03-05T15:47:11.994+0200] {logging_mixin.py:188} INFO - [2024-03-05T15:47:11.994+0200] {dag.py:3069} INFO - Creating ORM DAG for dataset_consumes_1
[2024-03-05T15:47:11.994+0200] {logging_mixin.py:188} INFO - [2024-03-05T15:47:11.994+0200] {dag.py:3069} INFO - Creating ORM DAG for dataset_consumes_unknown_never_scheduled
[2024-03-05T15:47:11.995+0200] {logging_mixin.py:188} INFO - [2024-03-05T15:47:11.995+0200] {dag.py:3069} INFO - Creating ORM DAG for dataset_produces_2
[2024-03-05T15:47:11.995+0200] {logging_mixin.py:188} INFO - [2024-03-05T15:47:11.995+0200] {dag.py:3069} INFO - Creating ORM DAG for dataset_consumes_1_and_2
[2024-03-05T15:47:11.996+0200] {logging_mixin.py:188} INFO - [2024-03-05T15:47:11.996+0200] {dag.py:3069} INFO - Creating ORM DAG for dataset_consumes_1_never_scheduled
[2024-03-05T15:47:12.004+0200] {logging_mixin.py:188} INFO - [2024-03-05T15:47:12.004+0200] {dag.py:3834} INFO - Setting next_dagrun for dataset_consumes_1 to None, run_after=None
[2024-03-05T15:47:12.004+0200] {logging_mixin.py:188} INFO - [2024-03-05T15:47:12.004+0200] {dag.py:3834} INFO - Setting next_dagrun for dataset_consumes_1_and_2 to None, run_after=None
[2024-03-05T15:47:12.005+0200] {logging_mixin.py:188} INFO - [2024-03-05T15:47:12.005+0200] {dag.py:3834} INFO - Setting next_dagrun for dataset_consumes_1_never_scheduled to None, run_after=None
[2024-03-05T15:47:12.006+0200] {logging_mixin.py:188} INFO - [2024-03-05T15:47:12.006+0200] {dag.py:3834} INFO - Setting next_dagrun for dataset_consumes_unknown_never_scheduled to None, run_after=None
[2024-03-05T15:47:12.009+0200] {logging_mixin.py:188} INFO - [2024-03-05T15:47:12.009+0200] {dag.py:3834} INFO - Setting next_dagrun for dataset_produces_1 to 2024-03-04 00:00:00+00:00, run_after=2024-03-05 00:00:00+00:00
[2024-03-05T15:47:12.010+0200] {logging_mixin.py:188} INFO - [2024-03-05T15:47:12.009+0200] {dag.py:3834} INFO - Setting next_dagrun for dataset_produces_2 to None, run_after=None
[2024-03-05T15:47:12.048+0200] {processor.py:183} INFO - Processing /usr/local/lib/python3.8/site-packages/airflow/example_dags/example_datasets.py took 0.416 seconds
[2024-03-05T15:50:09.930+0200] {processor.py:161} INFO - Started process (PID=5113) to work on /usr/local/lib/python3.8/site-packages/airflow/example_dags/example_datasets.py
[2024-03-05T15:50:09.931+0200] {processor.py:830} INFO - Processing file /usr/local/lib/python3.8/site-packages/airflow/example_dags/example_datasets.py for tasks to queue
[2024-03-05T15:50:09.932+0200] {logging_mixin.py:188} INFO - [2024-03-05T15:50:09.932+0200] {dagbag.py:540} INFO - Filling up the DagBag from /usr/local/lib/python3.8/site-packages/airflow/example_dags/example_datasets.py
[2024-03-05T15:50:09.945+0200] {processor.py:840} INFO - DAG(s) 'dataset_consumes_1', 'dataset_consumes_1_and_2', 'dataset_consumes_unknown_never_scheduled', 'dataset_consumes_1_never_scheduled', 'dataset_produces_2', 'dataset_produces_1' retrieved from /usr/local/lib/python3.8/site-packages/airflow/example_dags/example_datasets.py
[2024-03-05T15:50:10.048+0200] {logging_mixin.py:188} INFO - [2024-03-05T15:50:10.047+0200] {dag.py:3047} INFO - Sync 6 DAGs
[2024-03-05T15:50:10.113+0200] {logging_mixin.py:188} INFO - [2024-03-05T15:50:10.113+0200] {dag.py:3834} INFO - Setting next_dagrun for dataset_consumes_1 to None, run_after=None
[2024-03-05T15:50:10.116+0200] {logging_mixin.py:188} INFO - [2024-03-05T15:50:10.116+0200] {dag.py:3834} INFO - Setting next_dagrun for dataset_consumes_1_and_2 to None, run_after=None
[2024-03-05T15:50:10.118+0200] {logging_mixin.py:188} INFO - [2024-03-05T15:50:10.118+0200] {dag.py:3834} INFO - Setting next_dagrun for dataset_consumes_1_never_scheduled to None, run_after=None
[2024-03-05T15:50:10.119+0200] {logging_mixin.py:188} INFO - [2024-03-05T15:50:10.119+0200] {dag.py:3834} INFO - Setting next_dagrun for dataset_consumes_unknown_never_scheduled to None, run_after=None
[2024-03-05T15:50:10.122+0200] {logging_mixin.py:188} INFO - [2024-03-05T15:50:10.122+0200] {dag.py:3834} INFO - Setting next_dagrun for dataset_produces_1 to 2024-03-04 00:00:00+00:00, run_after=2024-03-05 00:00:00+00:00
[2024-03-05T15:50:10.123+0200] {logging_mixin.py:188} INFO - [2024-03-05T15:50:10.123+0200] {dag.py:3834} INFO - Setting next_dagrun for dataset_produces_2 to None, run_after=None
[2024-03-05T15:50:10.154+0200] {processor.py:183} INFO - Processing /usr/local/lib/python3.8/site-packages/airflow/example_dags/example_datasets.py took 0.225 seconds
[2024-03-05T15:54:26.368+0200] {processor.py:161} INFO - Started process (PID=5381) to work on /usr/local/lib/python3.8/site-packages/airflow/example_dags/example_datasets.py
[2024-03-05T15:54:26.370+0200] {processor.py:830} INFO - Processing file /usr/local/lib/python3.8/site-packages/airflow/example_dags/example_datasets.py for tasks to queue
[2024-03-05T15:54:26.371+0200] {logging_mixin.py:188} INFO - [2024-03-05T15:54:26.370+0200] {dagbag.py:540} INFO - Filling up the DagBag from /usr/local/lib/python3.8/site-packages/airflow/example_dags/example_datasets.py
[2024-03-05T15:54:26.381+0200] {processor.py:840} INFO - DAG(s) 'dataset_consumes_unknown_never_scheduled', 'dataset_produces_1', 'dataset_consumes_1_and_2', 'dataset_consumes_1', 'dataset_produces_2', 'dataset_consumes_1_never_scheduled' retrieved from /usr/local/lib/python3.8/site-packages/airflow/example_dags/example_datasets.py
[2024-03-05T15:54:26.621+0200] {logging_mixin.py:188} INFO - [2024-03-05T15:54:26.621+0200] {dag.py:3047} INFO - Sync 6 DAGs
[2024-03-05T15:54:26.636+0200] {logging_mixin.py:188} INFO - [2024-03-05T15:54:26.636+0200] {dag.py:3834} INFO - Setting next_dagrun for dataset_consumes_1 to None, run_after=None
[2024-03-05T15:54:26.638+0200] {logging_mixin.py:188} INFO - [2024-03-05T15:54:26.638+0200] {dag.py:3834} INFO - Setting next_dagrun for dataset_consumes_1_and_2 to None, run_after=None
[2024-03-05T15:54:26.639+0200] {logging_mixin.py:188} INFO - [2024-03-05T15:54:26.639+0200] {dag.py:3834} INFO - Setting next_dagrun for dataset_consumes_1_never_scheduled to None, run_after=None
[2024-03-05T15:54:26.640+0200] {logging_mixin.py:188} INFO - [2024-03-05T15:54:26.640+0200] {dag.py:3834} INFO - Setting next_dagrun for dataset_consumes_unknown_never_scheduled to None, run_after=None
[2024-03-05T15:54:26.642+0200] {logging_mixin.py:188} INFO - [2024-03-05T15:54:26.642+0200] {dag.py:3834} INFO - Setting next_dagrun for dataset_produces_1 to 2024-03-04 00:00:00+00:00, run_after=2024-03-05 00:00:00+00:00
[2024-03-05T15:54:26.643+0200] {logging_mixin.py:188} INFO - [2024-03-05T15:54:26.643+0200] {dag.py:3834} INFO - Setting next_dagrun for dataset_produces_2 to None, run_after=None
[2024-03-05T15:54:26.665+0200] {processor.py:183} INFO - Processing /usr/local/lib/python3.8/site-packages/airflow/example_dags/example_datasets.py took 0.298 seconds
[2024-03-05T15:57:24.577+0200] {processor.py:161} INFO - Started process (PID=5625) to work on /usr/local/lib/python3.8/site-packages/airflow/example_dags/example_datasets.py
[2024-03-05T15:57:24.578+0200] {processor.py:830} INFO - Processing file /usr/local/lib/python3.8/site-packages/airflow/example_dags/example_datasets.py for tasks to queue
[2024-03-05T15:57:24.579+0200] {logging_mixin.py:188} INFO - [2024-03-05T15:57:24.579+0200] {dagbag.py:540} INFO - Filling up the DagBag from /usr/local/lib/python3.8/site-packages/airflow/example_dags/example_datasets.py
[2024-03-05T15:57:24.590+0200] {processor.py:840} INFO - DAG(s) 'dataset_consumes_1', 'dataset_consumes_unknown_never_scheduled', 'dataset_consumes_1_and_2', 'dataset_consumes_1_never_scheduled', 'dataset_produces_1', 'dataset_produces_2' retrieved from /usr/local/lib/python3.8/site-packages/airflow/example_dags/example_datasets.py
[2024-03-05T15:57:24.684+0200] {logging_mixin.py:188} INFO - [2024-03-05T15:57:24.684+0200] {dag.py:3047} INFO - Sync 6 DAGs
[2024-03-05T15:57:24.736+0200] {logging_mixin.py:188} INFO - [2024-03-05T15:57:24.736+0200] {dag.py:3834} INFO - Setting next_dagrun for dataset_consumes_1 to None, run_after=None
[2024-03-05T15:57:24.739+0200] {logging_mixin.py:188} INFO - [2024-03-05T15:57:24.739+0200] {dag.py:3834} INFO - Setting next_dagrun for dataset_consumes_1_and_2 to None, run_after=None
[2024-03-05T15:57:24.741+0200] {logging_mixin.py:188} INFO - [2024-03-05T15:57:24.740+0200] {dag.py:3834} INFO - Setting next_dagrun for dataset_consumes_1_never_scheduled to None, run_after=None
[2024-03-05T15:57:24.742+0200] {logging_mixin.py:188} INFO - [2024-03-05T15:57:24.741+0200] {dag.py:3834} INFO - Setting next_dagrun for dataset_consumes_unknown_never_scheduled to None, run_after=None
[2024-03-05T15:57:24.744+0200] {logging_mixin.py:188} INFO - [2024-03-05T15:57:24.744+0200] {dag.py:3834} INFO - Setting next_dagrun for dataset_produces_1 to 2024-03-04 00:00:00+00:00, run_after=2024-03-05 00:00:00+00:00
[2024-03-05T15:57:24.745+0200] {logging_mixin.py:188} INFO - [2024-03-05T15:57:24.745+0200] {dag.py:3834} INFO - Setting next_dagrun for dataset_produces_2 to None, run_after=None
[2024-03-05T15:57:24.771+0200] {processor.py:183} INFO - Processing /usr/local/lib/python3.8/site-packages/airflow/example_dags/example_datasets.py took 0.196 seconds
[2024-03-05T16:00:03.427+0200] {processor.py:161} INFO - Started process (PID=5807) to work on /usr/local/lib/python3.8/site-packages/airflow/example_dags/example_datasets.py
[2024-03-05T16:00:03.428+0200] {processor.py:830} INFO - Processing file /usr/local/lib/python3.8/site-packages/airflow/example_dags/example_datasets.py for tasks to queue
[2024-03-05T16:00:03.429+0200] {logging_mixin.py:188} INFO - [2024-03-05T16:00:03.429+0200] {dagbag.py:540} INFO - Filling up the DagBag from /usr/local/lib/python3.8/site-packages/airflow/example_dags/example_datasets.py
[2024-03-05T16:00:03.440+0200] {processor.py:840} INFO - DAG(s) 'dataset_consumes_unknown_never_scheduled', 'dataset_consumes_1', 'dataset_consumes_1_never_scheduled', 'dataset_produces_1', 'dataset_produces_2', 'dataset_consumes_1_and_2' retrieved from /usr/local/lib/python3.8/site-packages/airflow/example_dags/example_datasets.py
[2024-03-05T16:00:03.532+0200] {logging_mixin.py:188} INFO - [2024-03-05T16:00:03.531+0200] {dag.py:3047} INFO - Sync 6 DAGs
[2024-03-05T16:00:03.582+0200] {logging_mixin.py:188} INFO - [2024-03-05T16:00:03.582+0200] {dag.py:3834} INFO - Setting next_dagrun for dataset_consumes_1 to None, run_after=None
[2024-03-05T16:00:03.585+0200] {logging_mixin.py:188} INFO - [2024-03-05T16:00:03.585+0200] {dag.py:3834} INFO - Setting next_dagrun for dataset_consumes_1_and_2 to None, run_after=None
[2024-03-05T16:00:03.586+0200] {logging_mixin.py:188} INFO - [2024-03-05T16:00:03.586+0200] {dag.py:3834} INFO - Setting next_dagrun for dataset_consumes_1_never_scheduled to None, run_after=None
[2024-03-05T16:00:03.587+0200] {logging_mixin.py:188} INFO - [2024-03-05T16:00:03.587+0200] {dag.py:3834} INFO - Setting next_dagrun for dataset_consumes_unknown_never_scheduled to None, run_after=None
[2024-03-05T16:00:03.590+0200] {logging_mixin.py:188} INFO - [2024-03-05T16:00:03.590+0200] {dag.py:3834} INFO - Setting next_dagrun for dataset_produces_1 to 2024-03-04 00:00:00+00:00, run_after=2024-03-05 00:00:00+00:00
[2024-03-05T16:00:03.591+0200] {logging_mixin.py:188} INFO - [2024-03-05T16:00:03.591+0200] {dag.py:3834} INFO - Setting next_dagrun for dataset_produces_2 to None, run_after=None
[2024-03-05T16:00:03.618+0200] {processor.py:183} INFO - Processing /usr/local/lib/python3.8/site-packages/airflow/example_dags/example_datasets.py took 0.192 seconds
[2024-03-05T16:04:23.650+0200] {processor.py:161} INFO - Started process (PID=5991) to work on /usr/local/lib/python3.8/site-packages/airflow/example_dags/example_datasets.py
[2024-03-05T16:04:23.652+0200] {processor.py:830} INFO - Processing file /usr/local/lib/python3.8/site-packages/airflow/example_dags/example_datasets.py for tasks to queue
[2024-03-05T16:04:23.653+0200] {logging_mixin.py:188} INFO - [2024-03-05T16:04:23.653+0200] {dagbag.py:540} INFO - Filling up the DagBag from /usr/local/lib/python3.8/site-packages/airflow/example_dags/example_datasets.py
[2024-03-05T16:04:23.664+0200] {processor.py:840} INFO - DAG(s) 'dataset_consumes_1_never_scheduled', 'dataset_consumes_1', 'dataset_produces_1', 'dataset_consumes_1_and_2', 'dataset_produces_2', 'dataset_consumes_unknown_never_scheduled' retrieved from /usr/local/lib/python3.8/site-packages/airflow/example_dags/example_datasets.py
[2024-03-05T16:04:23.759+0200] {logging_mixin.py:188} INFO - [2024-03-05T16:04:23.759+0200] {dag.py:3047} INFO - Sync 6 DAGs
[2024-03-05T16:04:23.810+0200] {logging_mixin.py:188} INFO - [2024-03-05T16:04:23.810+0200] {dag.py:3834} INFO - Setting next_dagrun for dataset_consumes_1 to None, run_after=None
[2024-03-05T16:04:23.813+0200] {logging_mixin.py:188} INFO - [2024-03-05T16:04:23.812+0200] {dag.py:3834} INFO - Setting next_dagrun for dataset_consumes_1_and_2 to None, run_after=None
[2024-03-05T16:04:23.814+0200] {logging_mixin.py:188} INFO - [2024-03-05T16:04:23.814+0200] {dag.py:3834} INFO - Setting next_dagrun for dataset_consumes_1_never_scheduled to None, run_after=None
[2024-03-05T16:04:23.815+0200] {logging_mixin.py:188} INFO - [2024-03-05T16:04:23.815+0200] {dag.py:3834} INFO - Setting next_dagrun for dataset_consumes_unknown_never_scheduled to None, run_after=None
[2024-03-05T16:04:23.817+0200] {logging_mixin.py:188} INFO - [2024-03-05T16:04:23.817+0200] {dag.py:3834} INFO - Setting next_dagrun for dataset_produces_1 to 2024-03-04 00:00:00+00:00, run_after=2024-03-05 00:00:00+00:00
[2024-03-05T16:04:23.818+0200] {logging_mixin.py:188} INFO - [2024-03-05T16:04:23.818+0200] {dag.py:3834} INFO - Setting next_dagrun for dataset_produces_2 to None, run_after=None
[2024-03-05T16:04:23.865+0200] {processor.py:183} INFO - Processing /usr/local/lib/python3.8/site-packages/airflow/example_dags/example_datasets.py took 0.216 seconds
[2024-03-05T16:19:53.498+0200] {processor.py:161} INFO - Started process (PID=6230) to work on /usr/local/lib/python3.8/site-packages/airflow/example_dags/example_datasets.py
[2024-03-05T16:19:53.500+0200] {processor.py:830} INFO - Processing file /usr/local/lib/python3.8/site-packages/airflow/example_dags/example_datasets.py for tasks to queue
[2024-03-05T16:19:53.501+0200] {logging_mixin.py:188} INFO - [2024-03-05T16:19:53.501+0200] {dagbag.py:540} INFO - Filling up the DagBag from /usr/local/lib/python3.8/site-packages/airflow/example_dags/example_datasets.py
[2024-03-05T16:19:53.514+0200] {processor.py:840} INFO - DAG(s) 'dataset_consumes_unknown_never_scheduled', 'dataset_consumes_1', 'dataset_consumes_1_never_scheduled', 'dataset_produces_2', 'dataset_produces_1', 'dataset_consumes_1_and_2' retrieved from /usr/local/lib/python3.8/site-packages/airflow/example_dags/example_datasets.py
[2024-03-05T16:19:53.611+0200] {logging_mixin.py:188} INFO - [2024-03-05T16:19:53.611+0200] {dag.py:3047} INFO - Sync 6 DAGs
[2024-03-05T16:19:53.663+0200] {logging_mixin.py:188} INFO - [2024-03-05T16:19:53.663+0200] {dag.py:3834} INFO - Setting next_dagrun for dataset_consumes_1 to None, run_after=None
[2024-03-05T16:19:53.666+0200] {logging_mixin.py:188} INFO - [2024-03-05T16:19:53.665+0200] {dag.py:3834} INFO - Setting next_dagrun for dataset_consumes_1_and_2 to None, run_after=None
[2024-03-05T16:19:53.667+0200] {logging_mixin.py:188} INFO - [2024-03-05T16:19:53.666+0200] {dag.py:3834} INFO - Setting next_dagrun for dataset_consumes_1_never_scheduled to None, run_after=None
[2024-03-05T16:19:53.668+0200] {logging_mixin.py:188} INFO - [2024-03-05T16:19:53.667+0200] {dag.py:3834} INFO - Setting next_dagrun for dataset_consumes_unknown_never_scheduled to None, run_after=None
[2024-03-05T16:19:53.670+0200] {logging_mixin.py:188} INFO - [2024-03-05T16:19:53.670+0200] {dag.py:3834} INFO - Setting next_dagrun for dataset_produces_1 to 2024-03-04 00:00:00+00:00, run_after=2024-03-05 00:00:00+00:00
[2024-03-05T16:19:53.671+0200] {logging_mixin.py:188} INFO - [2024-03-05T16:19:53.671+0200] {dag.py:3834} INFO - Setting next_dagrun for dataset_produces_2 to None, run_after=None
[2024-03-05T16:19:53.696+0200] {processor.py:183} INFO - Processing /usr/local/lib/python3.8/site-packages/airflow/example_dags/example_datasets.py took 0.199 seconds
