[2024-03-05T15:47:08.959+0200] {processor.py:161} INFO - Started process (PID=4854) to work on /usr/local/lib/python3.8/site-packages/airflow/example_dags/example_dynamic_task_mapping.py
[2024-03-05T15:47:08.960+0200] {processor.py:830} INFO - Processing file /usr/local/lib/python3.8/site-packages/airflow/example_dags/example_dynamic_task_mapping.py for tasks to queue
[2024-03-05T15:47:08.960+0200] {logging_mixin.py:188} INFO - [2024-03-05T15:47:08.960+0200] {dagbag.py:540} INFO - Filling up the DagBag from /usr/local/lib/python3.8/site-packages/airflow/example_dags/example_dynamic_task_mapping.py
[2024-03-05T15:47:08.993+0200] {processor.py:840} INFO - DAG(s) 'example_dynamic_task_mapping' retrieved from /usr/local/lib/python3.8/site-packages/airflow/example_dags/example_dynamic_task_mapping.py
[2024-03-05T15:47:09.213+0200] {logging_mixin.py:188} INFO - [2024-03-05T15:47:09.213+0200] {override.py:1769} INFO - Created Permission View: can read on DAG:example_dynamic_task_mapping
[2024-03-05T15:47:09.220+0200] {logging_mixin.py:188} INFO - [2024-03-05T15:47:09.220+0200] {override.py:1769} INFO - Created Permission View: can edit on DAG:example_dynamic_task_mapping
[2024-03-05T15:47:09.224+0200] {logging_mixin.py:188} INFO - [2024-03-05T15:47:09.224+0200] {override.py:1769} INFO - Created Permission View: can delete on DAG:example_dynamic_task_mapping
[2024-03-05T15:47:09.225+0200] {logging_mixin.py:188} INFO - [2024-03-05T15:47:09.224+0200] {dag.py:3047} INFO - Sync 1 DAGs
[2024-03-05T15:47:09.232+0200] {logging_mixin.py:188} INFO - [2024-03-05T15:47:09.232+0200] {dag.py:3069} INFO - Creating ORM DAG for example_dynamic_task_mapping
[2024-03-05T15:47:09.238+0200] {logging_mixin.py:188} INFO - [2024-03-05T15:47:09.238+0200] {dag.py:3834} INFO - Setting next_dagrun for example_dynamic_task_mapping to 2022-03-04 00:00:00+00:00, run_after=2022-03-05 00:00:00+00:00
[2024-03-05T15:47:09.250+0200] {processor.py:183} INFO - Processing /usr/local/lib/python3.8/site-packages/airflow/example_dags/example_dynamic_task_mapping.py took 0.292 seconds
[2024-03-05T15:50:07.264+0200] {processor.py:161} INFO - Started process (PID=5111) to work on /usr/local/lib/python3.8/site-packages/airflow/example_dags/example_dynamic_task_mapping.py
[2024-03-05T15:50:07.266+0200] {processor.py:830} INFO - Processing file /usr/local/lib/python3.8/site-packages/airflow/example_dags/example_dynamic_task_mapping.py for tasks to queue
[2024-03-05T15:50:07.267+0200] {logging_mixin.py:188} INFO - [2024-03-05T15:50:07.267+0200] {dagbag.py:540} INFO - Filling up the DagBag from /usr/local/lib/python3.8/site-packages/airflow/example_dags/example_dynamic_task_mapping.py
[2024-03-05T15:50:07.299+0200] {processor.py:840} INFO - DAG(s) 'example_dynamic_task_mapping' retrieved from /usr/local/lib/python3.8/site-packages/airflow/example_dags/example_dynamic_task_mapping.py
[2024-03-05T15:50:07.432+0200] {logging_mixin.py:188} INFO - [2024-03-05T15:50:07.432+0200] {dag.py:3047} INFO - Sync 1 DAGs
[2024-03-05T15:50:07.450+0200] {logging_mixin.py:188} INFO - [2024-03-05T15:50:07.450+0200] {dag.py:3834} INFO - Setting next_dagrun for example_dynamic_task_mapping to 2022-03-04 00:00:00+00:00, run_after=2022-03-05 00:00:00+00:00
[2024-03-05T15:50:07.468+0200] {processor.py:183} INFO - Processing /usr/local/lib/python3.8/site-packages/airflow/example_dags/example_dynamic_task_mapping.py took 0.205 seconds
[2024-03-05T15:54:24.717+0200] {processor.py:161} INFO - Started process (PID=5379) to work on /usr/local/lib/python3.8/site-packages/airflow/example_dags/example_dynamic_task_mapping.py
[2024-03-05T15:54:24.719+0200] {processor.py:830} INFO - Processing file /usr/local/lib/python3.8/site-packages/airflow/example_dags/example_dynamic_task_mapping.py for tasks to queue
[2024-03-05T15:54:24.719+0200] {logging_mixin.py:188} INFO - [2024-03-05T15:54:24.719+0200] {dagbag.py:540} INFO - Filling up the DagBag from /usr/local/lib/python3.8/site-packages/airflow/example_dags/example_dynamic_task_mapping.py
[2024-03-05T15:54:24.747+0200] {processor.py:840} INFO - DAG(s) 'example_dynamic_task_mapping' retrieved from /usr/local/lib/python3.8/site-packages/airflow/example_dags/example_dynamic_task_mapping.py
[2024-03-05T15:54:24.947+0200] {logging_mixin.py:188} INFO - [2024-03-05T15:54:24.947+0200] {dag.py:3047} INFO - Sync 1 DAGs
[2024-03-05T15:54:24.960+0200] {logging_mixin.py:188} INFO - [2024-03-05T15:54:24.960+0200] {dag.py:3834} INFO - Setting next_dagrun for example_dynamic_task_mapping to 2022-03-04 00:00:00+00:00, run_after=2022-03-05 00:00:00+00:00
[2024-03-05T15:54:24.973+0200] {processor.py:183} INFO - Processing /usr/local/lib/python3.8/site-packages/airflow/example_dags/example_dynamic_task_mapping.py took 0.257 seconds
[2024-03-05T15:57:22.127+0200] {processor.py:161} INFO - Started process (PID=5623) to work on /usr/local/lib/python3.8/site-packages/airflow/example_dags/example_dynamic_task_mapping.py
[2024-03-05T15:57:22.128+0200] {processor.py:830} INFO - Processing file /usr/local/lib/python3.8/site-packages/airflow/example_dags/example_dynamic_task_mapping.py for tasks to queue
[2024-03-05T15:57:22.129+0200] {logging_mixin.py:188} INFO - [2024-03-05T15:57:22.129+0200] {dagbag.py:540} INFO - Filling up the DagBag from /usr/local/lib/python3.8/site-packages/airflow/example_dags/example_dynamic_task_mapping.py
[2024-03-05T15:57:22.160+0200] {processor.py:840} INFO - DAG(s) 'example_dynamic_task_mapping' retrieved from /usr/local/lib/python3.8/site-packages/airflow/example_dags/example_dynamic_task_mapping.py
[2024-03-05T15:57:22.281+0200] {logging_mixin.py:188} INFO - [2024-03-05T15:57:22.281+0200] {dag.py:3047} INFO - Sync 1 DAGs
[2024-03-05T15:57:22.298+0200] {logging_mixin.py:188} INFO - [2024-03-05T15:57:22.297+0200] {dag.py:3834} INFO - Setting next_dagrun for example_dynamic_task_mapping to 2022-03-04 00:00:00+00:00, run_after=2022-03-05 00:00:00+00:00
[2024-03-05T15:57:22.316+0200] {processor.py:183} INFO - Processing /usr/local/lib/python3.8/site-packages/airflow/example_dags/example_dynamic_task_mapping.py took 0.191 seconds
[2024-03-05T16:00:01.370+0200] {processor.py:161} INFO - Started process (PID=5805) to work on /usr/local/lib/python3.8/site-packages/airflow/example_dags/example_dynamic_task_mapping.py
[2024-03-05T16:00:01.370+0200] {processor.py:830} INFO - Processing file /usr/local/lib/python3.8/site-packages/airflow/example_dags/example_dynamic_task_mapping.py for tasks to queue
[2024-03-05T16:00:01.371+0200] {logging_mixin.py:188} INFO - [2024-03-05T16:00:01.371+0200] {dagbag.py:540} INFO - Filling up the DagBag from /usr/local/lib/python3.8/site-packages/airflow/example_dags/example_dynamic_task_mapping.py
[2024-03-05T16:00:01.398+0200] {processor.py:840} INFO - DAG(s) 'example_dynamic_task_mapping' retrieved from /usr/local/lib/python3.8/site-packages/airflow/example_dags/example_dynamic_task_mapping.py
[2024-03-05T16:00:01.519+0200] {logging_mixin.py:188} INFO - [2024-03-05T16:00:01.519+0200] {dag.py:3047} INFO - Sync 1 DAGs
[2024-03-05T16:00:01.535+0200] {logging_mixin.py:188} INFO - [2024-03-05T16:00:01.535+0200] {dag.py:3834} INFO - Setting next_dagrun for example_dynamic_task_mapping to 2022-03-04 00:00:00+00:00, run_after=2022-03-05 00:00:00+00:00
[2024-03-05T16:00:01.551+0200] {processor.py:183} INFO - Processing /usr/local/lib/python3.8/site-packages/airflow/example_dags/example_dynamic_task_mapping.py took 0.182 seconds
[2024-03-05T16:04:21.144+0200] {processor.py:161} INFO - Started process (PID=5989) to work on /usr/local/lib/python3.8/site-packages/airflow/example_dags/example_dynamic_task_mapping.py
[2024-03-05T16:04:21.146+0200] {processor.py:830} INFO - Processing file /usr/local/lib/python3.8/site-packages/airflow/example_dags/example_dynamic_task_mapping.py for tasks to queue
[2024-03-05T16:04:21.147+0200] {logging_mixin.py:188} INFO - [2024-03-05T16:04:21.147+0200] {dagbag.py:540} INFO - Filling up the DagBag from /usr/local/lib/python3.8/site-packages/airflow/example_dags/example_dynamic_task_mapping.py
[2024-03-05T16:04:21.178+0200] {processor.py:840} INFO - DAG(s) 'example_dynamic_task_mapping' retrieved from /usr/local/lib/python3.8/site-packages/airflow/example_dags/example_dynamic_task_mapping.py
[2024-03-05T16:04:21.299+0200] {logging_mixin.py:188} INFO - [2024-03-05T16:04:21.298+0200] {dag.py:3047} INFO - Sync 1 DAGs
[2024-03-05T16:04:21.314+0200] {logging_mixin.py:188} INFO - [2024-03-05T16:04:21.314+0200] {dag.py:3834} INFO - Setting next_dagrun for example_dynamic_task_mapping to 2022-03-04 00:00:00+00:00, run_after=2022-03-05 00:00:00+00:00
[2024-03-05T16:04:21.333+0200] {processor.py:183} INFO - Processing /usr/local/lib/python3.8/site-packages/airflow/example_dags/example_dynamic_task_mapping.py took 0.190 seconds
[2024-03-05T16:19:51.676+0200] {processor.py:161} INFO - Started process (PID=6228) to work on /usr/local/lib/python3.8/site-packages/airflow/example_dags/example_dynamic_task_mapping.py
[2024-03-05T16:19:51.677+0200] {processor.py:830} INFO - Processing file /usr/local/lib/python3.8/site-packages/airflow/example_dags/example_dynamic_task_mapping.py for tasks to queue
[2024-03-05T16:19:51.678+0200] {logging_mixin.py:188} INFO - [2024-03-05T16:19:51.678+0200] {dagbag.py:540} INFO - Filling up the DagBag from /usr/local/lib/python3.8/site-packages/airflow/example_dags/example_dynamic_task_mapping.py
[2024-03-05T16:19:51.710+0200] {processor.py:840} INFO - DAG(s) 'example_dynamic_task_mapping' retrieved from /usr/local/lib/python3.8/site-packages/airflow/example_dags/example_dynamic_task_mapping.py
[2024-03-05T16:19:51.836+0200] {logging_mixin.py:188} INFO - [2024-03-05T16:19:51.836+0200] {dag.py:3047} INFO - Sync 1 DAGs
[2024-03-05T16:19:51.852+0200] {logging_mixin.py:188} INFO - [2024-03-05T16:19:51.852+0200] {dag.py:3834} INFO - Setting next_dagrun for example_dynamic_task_mapping to 2022-03-04 00:00:00+00:00, run_after=2022-03-05 00:00:00+00:00
[2024-03-05T16:19:51.871+0200] {processor.py:183} INFO - Processing /usr/local/lib/python3.8/site-packages/airflow/example_dags/example_dynamic_task_mapping.py took 0.197 seconds
