[2024-03-05T15:46:08.105+0200] {processor.py:161} INFO - Started process (PID=4750) to work on /usr/local/lib/python3.8/site-packages/airflow/example_dags/example_task_group_decorator.py
[2024-03-05T15:46:08.106+0200] {processor.py:830} INFO - Processing file /usr/local/lib/python3.8/site-packages/airflow/example_dags/example_task_group_decorator.py for tasks to queue
[2024-03-05T15:46:08.107+0200] {logging_mixin.py:188} INFO - [2024-03-05T15:46:08.107+0200] {dagbag.py:540} INFO - Filling up the DagBag from /usr/local/lib/python3.8/site-packages/airflow/example_dags/example_task_group_decorator.py
[2024-03-05T15:46:08.142+0200] {processor.py:840} INFO - DAG(s) 'example_task_group_decorator' retrieved from /usr/local/lib/python3.8/site-packages/airflow/example_dags/example_task_group_decorator.py
[2024-03-05T15:46:08.342+0200] {logging_mixin.py:188} INFO - [2024-03-05T15:46:08.342+0200] {override.py:1769} INFO - Created Permission View: can delete on DAG:example_task_group_decorator
[2024-03-05T15:46:08.349+0200] {logging_mixin.py:188} INFO - [2024-03-05T15:46:08.349+0200] {override.py:1769} INFO - Created Permission View: can edit on DAG:example_task_group_decorator
[2024-03-05T15:46:08.355+0200] {logging_mixin.py:188} INFO - [2024-03-05T15:46:08.355+0200] {override.py:1769} INFO - Created Permission View: can read on DAG:example_task_group_decorator
[2024-03-05T15:46:08.355+0200] {logging_mixin.py:188} INFO - [2024-03-05T15:46:08.355+0200] {dag.py:3047} INFO - Sync 1 DAGs
[2024-03-05T15:46:08.363+0200] {logging_mixin.py:188} INFO - [2024-03-05T15:46:08.363+0200] {dag.py:3069} INFO - Creating ORM DAG for example_task_group_decorator
[2024-03-05T15:46:08.369+0200] {logging_mixin.py:188} INFO - [2024-03-05T15:46:08.369+0200] {dag.py:3834} INFO - Setting next_dagrun for example_task_group_decorator to 2024-03-04 00:00:00+00:00, run_after=2024-03-05 00:00:00+00:00
[2024-03-05T15:46:08.380+0200] {processor.py:183} INFO - Processing /usr/local/lib/python3.8/site-packages/airflow/example_dags/example_task_group_decorator.py took 0.276 seconds
[2024-03-05T15:48:09.867+0200] {processor.py:161} INFO - Started process (PID=4927) to work on /usr/local/lib/python3.8/site-packages/airflow/example_dags/example_task_group_decorator.py
[2024-03-05T15:48:09.868+0200] {processor.py:830} INFO - Processing file /usr/local/lib/python3.8/site-packages/airflow/example_dags/example_task_group_decorator.py for tasks to queue
[2024-03-05T15:48:09.869+0200] {logging_mixin.py:188} INFO - [2024-03-05T15:48:09.869+0200] {dagbag.py:540} INFO - Filling up the DagBag from /usr/local/lib/python3.8/site-packages/airflow/example_dags/example_task_group_decorator.py
[2024-03-05T15:48:09.908+0200] {processor.py:840} INFO - DAG(s) 'example_task_group_decorator' retrieved from /usr/local/lib/python3.8/site-packages/airflow/example_dags/example_task_group_decorator.py
[2024-03-05T15:48:10.038+0200] {logging_mixin.py:188} INFO - [2024-03-05T15:48:10.037+0200] {dag.py:3047} INFO - Sync 1 DAGs
[2024-03-05T15:48:10.054+0200] {logging_mixin.py:188} INFO - [2024-03-05T15:48:10.054+0200] {dag.py:3834} INFO - Setting next_dagrun for example_task_group_decorator to 2024-03-04 00:00:00+00:00, run_after=2024-03-05 00:00:00+00:00
[2024-03-05T15:48:10.071+0200] {processor.py:183} INFO - Processing /usr/local/lib/python3.8/site-packages/airflow/example_dags/example_task_group_decorator.py took 0.206 seconds
[2024-03-05T15:49:37.913+0200] {processor.py:161} INFO - Started process (PID=5083) to work on /usr/local/lib/python3.8/site-packages/airflow/example_dags/example_task_group_decorator.py
[2024-03-05T15:49:37.915+0200] {processor.py:830} INFO - Processing file /usr/local/lib/python3.8/site-packages/airflow/example_dags/example_task_group_decorator.py for tasks to queue
[2024-03-05T15:49:37.915+0200] {logging_mixin.py:188} INFO - [2024-03-05T15:49:37.915+0200] {dagbag.py:540} INFO - Filling up the DagBag from /usr/local/lib/python3.8/site-packages/airflow/example_dags/example_task_group_decorator.py
[2024-03-05T15:49:37.957+0200] {processor.py:840} INFO - DAG(s) 'example_task_group_decorator' retrieved from /usr/local/lib/python3.8/site-packages/airflow/example_dags/example_task_group_decorator.py
[2024-03-05T15:49:38.096+0200] {logging_mixin.py:188} INFO - [2024-03-05T15:49:38.096+0200] {dag.py:3047} INFO - Sync 1 DAGs
[2024-03-05T15:49:38.114+0200] {logging_mixin.py:188} INFO - [2024-03-05T15:49:38.114+0200] {dag.py:3834} INFO - Setting next_dagrun for example_task_group_decorator to 2024-03-04 00:00:00+00:00, run_after=2024-03-05 00:00:00+00:00
[2024-03-05T15:49:38.132+0200] {processor.py:183} INFO - Processing /usr/local/lib/python3.8/site-packages/airflow/example_dags/example_task_group_decorator.py took 0.220 seconds
[2024-03-05T15:51:11.370+0200] {processor.py:161} INFO - Started process (PID=5180) to work on /usr/local/lib/python3.8/site-packages/airflow/example_dags/example_task_group_decorator.py
[2024-03-05T15:51:11.371+0200] {processor.py:830} INFO - Processing file /usr/local/lib/python3.8/site-packages/airflow/example_dags/example_task_group_decorator.py for tasks to queue
[2024-03-05T15:51:11.372+0200] {logging_mixin.py:188} INFO - [2024-03-05T15:51:11.372+0200] {dagbag.py:540} INFO - Filling up the DagBag from /usr/local/lib/python3.8/site-packages/airflow/example_dags/example_task_group_decorator.py
[2024-03-05T15:51:11.414+0200] {processor.py:840} INFO - DAG(s) 'example_task_group_decorator' retrieved from /usr/local/lib/python3.8/site-packages/airflow/example_dags/example_task_group_decorator.py
[2024-03-05T15:51:11.551+0200] {logging_mixin.py:188} INFO - [2024-03-05T15:51:11.550+0200] {dag.py:3047} INFO - Sync 1 DAGs
[2024-03-05T15:51:11.567+0200] {logging_mixin.py:188} INFO - [2024-03-05T15:51:11.567+0200] {dag.py:3834} INFO - Setting next_dagrun for example_task_group_decorator to 2024-03-04 00:00:00+00:00, run_after=2024-03-05 00:00:00+00:00
[2024-03-05T15:51:11.585+0200] {processor.py:183} INFO - Processing /usr/local/lib/python3.8/site-packages/airflow/example_dags/example_task_group_decorator.py took 0.217 seconds
[2024-03-05T15:53:26.227+0200] {processor.py:161} INFO - Started process (PID=5323) to work on /usr/local/lib/python3.8/site-packages/airflow/example_dags/example_task_group_decorator.py
[2024-03-05T15:53:26.229+0200] {processor.py:830} INFO - Processing file /usr/local/lib/python3.8/site-packages/airflow/example_dags/example_task_group_decorator.py for tasks to queue
[2024-03-05T15:53:26.231+0200] {logging_mixin.py:188} INFO - [2024-03-05T15:53:26.230+0200] {dagbag.py:540} INFO - Filling up the DagBag from /usr/local/lib/python3.8/site-packages/airflow/example_dags/example_task_group_decorator.py
[2024-03-05T15:53:26.270+0200] {processor.py:840} INFO - DAG(s) 'example_task_group_decorator' retrieved from /usr/local/lib/python3.8/site-packages/airflow/example_dags/example_task_group_decorator.py
[2024-03-05T15:53:26.479+0200] {logging_mixin.py:188} INFO - [2024-03-05T15:53:26.478+0200] {dag.py:3047} INFO - Sync 1 DAGs
[2024-03-05T15:53:26.491+0200] {logging_mixin.py:188} INFO - [2024-03-05T15:53:26.491+0200] {dag.py:3834} INFO - Setting next_dagrun for example_task_group_decorator to 2024-03-04 00:00:00+00:00, run_after=2024-03-05 00:00:00+00:00
[2024-03-05T15:53:26.505+0200] {processor.py:183} INFO - Processing /usr/local/lib/python3.8/site-packages/airflow/example_dags/example_task_group_decorator.py took 0.279 seconds
[2024-03-05T15:55:27.739+0200] {processor.py:161} INFO - Started process (PID=5487) to work on /usr/local/lib/python3.8/site-packages/airflow/example_dags/example_task_group_decorator.py
[2024-03-05T15:55:27.741+0200] {processor.py:830} INFO - Processing file /usr/local/lib/python3.8/site-packages/airflow/example_dags/example_task_group_decorator.py for tasks to queue
[2024-03-05T15:55:27.742+0200] {logging_mixin.py:188} INFO - [2024-03-05T15:55:27.742+0200] {dagbag.py:540} INFO - Filling up the DagBag from /usr/local/lib/python3.8/site-packages/airflow/example_dags/example_task_group_decorator.py
[2024-03-05T15:55:27.784+0200] {processor.py:840} INFO - DAG(s) 'example_task_group_decorator' retrieved from /usr/local/lib/python3.8/site-packages/airflow/example_dags/example_task_group_decorator.py
[2024-03-05T15:55:27.924+0200] {logging_mixin.py:188} INFO - [2024-03-05T15:55:27.924+0200] {dag.py:3047} INFO - Sync 1 DAGs
[2024-03-05T15:55:27.943+0200] {logging_mixin.py:188} INFO - [2024-03-05T15:55:27.943+0200] {dag.py:3834} INFO - Setting next_dagrun for example_task_group_decorator to 2024-03-04 00:00:00+00:00, run_after=2024-03-05 00:00:00+00:00
[2024-03-05T15:55:27.963+0200] {processor.py:183} INFO - Processing /usr/local/lib/python3.8/site-packages/airflow/example_dags/example_task_group_decorator.py took 0.225 seconds
[2024-03-05T15:56:57.871+0200] {processor.py:161} INFO - Started process (PID=5600) to work on /usr/local/lib/python3.8/site-packages/airflow/example_dags/example_task_group_decorator.py
[2024-03-05T15:56:57.872+0200] {processor.py:830} INFO - Processing file /usr/local/lib/python3.8/site-packages/airflow/example_dags/example_task_group_decorator.py for tasks to queue
[2024-03-05T15:56:57.873+0200] {logging_mixin.py:188} INFO - [2024-03-05T15:56:57.873+0200] {dagbag.py:540} INFO - Filling up the DagBag from /usr/local/lib/python3.8/site-packages/airflow/example_dags/example_task_group_decorator.py
[2024-03-05T15:56:57.925+0200] {processor.py:840} INFO - DAG(s) 'example_task_group_decorator' retrieved from /usr/local/lib/python3.8/site-packages/airflow/example_dags/example_task_group_decorator.py
[2024-03-05T15:56:58.087+0200] {logging_mixin.py:188} INFO - [2024-03-05T15:56:58.087+0200] {dag.py:3047} INFO - Sync 1 DAGs
[2024-03-05T15:56:58.105+0200] {logging_mixin.py:188} INFO - [2024-03-05T15:56:58.105+0200] {dag.py:3834} INFO - Setting next_dagrun for example_task_group_decorator to 2024-03-04 00:00:00+00:00, run_after=2024-03-05 00:00:00+00:00
[2024-03-05T15:56:58.124+0200] {processor.py:183} INFO - Processing /usr/local/lib/python3.8/site-packages/airflow/example_dags/example_task_group_decorator.py took 0.255 seconds
[2024-03-05T15:58:20.458+0200] {processor.py:161} INFO - Started process (PID=5684) to work on /usr/local/lib/python3.8/site-packages/airflow/example_dags/example_task_group_decorator.py
[2024-03-05T15:58:20.459+0200] {processor.py:830} INFO - Processing file /usr/local/lib/python3.8/site-packages/airflow/example_dags/example_task_group_decorator.py for tasks to queue
[2024-03-05T15:58:20.459+0200] {logging_mixin.py:188} INFO - [2024-03-05T15:58:20.459+0200] {dagbag.py:540} INFO - Filling up the DagBag from /usr/local/lib/python3.8/site-packages/airflow/example_dags/example_task_group_decorator.py
[2024-03-05T15:58:20.493+0200] {processor.py:840} INFO - DAG(s) 'example_task_group_decorator' retrieved from /usr/local/lib/python3.8/site-packages/airflow/example_dags/example_task_group_decorator.py
[2024-03-05T15:58:20.619+0200] {logging_mixin.py:188} INFO - [2024-03-05T15:58:20.618+0200] {dag.py:3047} INFO - Sync 1 DAGs
[2024-03-05T15:58:20.635+0200] {logging_mixin.py:188} INFO - [2024-03-05T15:58:20.635+0200] {dag.py:3834} INFO - Setting next_dagrun for example_task_group_decorator to 2024-03-04 00:00:00+00:00, run_after=2024-03-05 00:00:00+00:00
[2024-03-05T15:58:20.651+0200] {processor.py:183} INFO - Processing /usr/local/lib/python3.8/site-packages/airflow/example_dags/example_task_group_decorator.py took 0.194 seconds
[2024-03-05T15:59:40.439+0200] {processor.py:161} INFO - Started process (PID=5777) to work on /usr/local/lib/python3.8/site-packages/airflow/example_dags/example_task_group_decorator.py
[2024-03-05T15:59:40.440+0200] {processor.py:830} INFO - Processing file /usr/local/lib/python3.8/site-packages/airflow/example_dags/example_task_group_decorator.py for tasks to queue
[2024-03-05T15:59:40.440+0200] {logging_mixin.py:188} INFO - [2024-03-05T15:59:40.440+0200] {dagbag.py:540} INFO - Filling up the DagBag from /usr/local/lib/python3.8/site-packages/airflow/example_dags/example_task_group_decorator.py
[2024-03-05T15:59:40.473+0200] {processor.py:840} INFO - DAG(s) 'example_task_group_decorator' retrieved from /usr/local/lib/python3.8/site-packages/airflow/example_dags/example_task_group_decorator.py
[2024-03-05T15:59:40.598+0200] {logging_mixin.py:188} INFO - [2024-03-05T15:59:40.598+0200] {dag.py:3047} INFO - Sync 1 DAGs
[2024-03-05T15:59:40.614+0200] {logging_mixin.py:188} INFO - [2024-03-05T15:59:40.613+0200] {dag.py:3834} INFO - Setting next_dagrun for example_task_group_decorator to 2024-03-04 00:00:00+00:00, run_after=2024-03-05 00:00:00+00:00
[2024-03-05T15:59:40.629+0200] {processor.py:183} INFO - Processing /usr/local/lib/python3.8/site-packages/airflow/example_dags/example_task_group_decorator.py took 0.191 seconds
[2024-03-05T16:03:28.001+0200] {processor.py:161} INFO - Started process (PID=5918) to work on /usr/local/lib/python3.8/site-packages/airflow/example_dags/example_task_group_decorator.py
[2024-03-05T16:03:28.002+0200] {processor.py:830} INFO - Processing file /usr/local/lib/python3.8/site-packages/airflow/example_dags/example_task_group_decorator.py for tasks to queue
[2024-03-05T16:03:28.003+0200] {logging_mixin.py:188} INFO - [2024-03-05T16:03:28.003+0200] {dagbag.py:540} INFO - Filling up the DagBag from /usr/local/lib/python3.8/site-packages/airflow/example_dags/example_task_group_decorator.py
[2024-03-05T16:03:28.038+0200] {processor.py:840} INFO - DAG(s) 'example_task_group_decorator' retrieved from /usr/local/lib/python3.8/site-packages/airflow/example_dags/example_task_group_decorator.py
[2024-03-05T16:03:28.169+0200] {logging_mixin.py:188} INFO - [2024-03-05T16:03:28.169+0200] {dag.py:3047} INFO - Sync 1 DAGs
[2024-03-05T16:03:28.185+0200] {logging_mixin.py:188} INFO - [2024-03-05T16:03:28.185+0200] {dag.py:3834} INFO - Setting next_dagrun for example_task_group_decorator to 2024-03-04 00:00:00+00:00, run_after=2024-03-05 00:00:00+00:00
[2024-03-05T16:03:28.200+0200] {processor.py:183} INFO - Processing /usr/local/lib/python3.8/site-packages/airflow/example_dags/example_task_group_decorator.py took 0.201 seconds
[2024-03-05T16:05:16.170+0200] {processor.py:161} INFO - Started process (PID=6056) to work on /usr/local/lib/python3.8/site-packages/airflow/example_dags/example_task_group_decorator.py
[2024-03-05T16:05:16.170+0200] {processor.py:830} INFO - Processing file /usr/local/lib/python3.8/site-packages/airflow/example_dags/example_task_group_decorator.py for tasks to queue
[2024-03-05T16:05:16.171+0200] {logging_mixin.py:188} INFO - [2024-03-05T16:05:16.171+0200] {dagbag.py:540} INFO - Filling up the DagBag from /usr/local/lib/python3.8/site-packages/airflow/example_dags/example_task_group_decorator.py
[2024-03-05T16:05:16.207+0200] {processor.py:840} INFO - DAG(s) 'example_task_group_decorator' retrieved from /usr/local/lib/python3.8/site-packages/airflow/example_dags/example_task_group_decorator.py
[2024-03-05T16:05:16.335+0200] {logging_mixin.py:188} INFO - [2024-03-05T16:05:16.334+0200] {dag.py:3047} INFO - Sync 1 DAGs
[2024-03-05T16:05:16.350+0200] {logging_mixin.py:188} INFO - [2024-03-05T16:05:16.350+0200] {dag.py:3834} INFO - Setting next_dagrun for example_task_group_decorator to 2024-03-04 00:00:00+00:00, run_after=2024-03-05 00:00:00+00:00
[2024-03-05T16:05:16.366+0200] {processor.py:183} INFO - Processing /usr/local/lib/python3.8/site-packages/airflow/example_dags/example_task_group_decorator.py took 0.198 seconds
[2024-03-05T16:19:23.701+0200] {processor.py:161} INFO - Started process (PID=6193) to work on /usr/local/lib/python3.8/site-packages/airflow/example_dags/example_task_group_decorator.py
[2024-03-05T16:19:23.703+0200] {processor.py:830} INFO - Processing file /usr/local/lib/python3.8/site-packages/airflow/example_dags/example_task_group_decorator.py for tasks to queue
[2024-03-05T16:19:23.703+0200] {logging_mixin.py:188} INFO - [2024-03-05T16:19:23.703+0200] {dagbag.py:540} INFO - Filling up the DagBag from /usr/local/lib/python3.8/site-packages/airflow/example_dags/example_task_group_decorator.py
[2024-03-05T16:19:23.743+0200] {processor.py:840} INFO - DAG(s) 'example_task_group_decorator' retrieved from /usr/local/lib/python3.8/site-packages/airflow/example_dags/example_task_group_decorator.py
[2024-03-05T16:19:23.875+0200] {logging_mixin.py:188} INFO - [2024-03-05T16:19:23.874+0200] {dag.py:3047} INFO - Sync 1 DAGs
[2024-03-05T16:19:23.892+0200] {logging_mixin.py:188} INFO - [2024-03-05T16:19:23.892+0200] {dag.py:3834} INFO - Setting next_dagrun for example_task_group_decorator to 2024-03-04 00:00:00+00:00, run_after=2024-03-05 00:00:00+00:00
[2024-03-05T16:19:23.910+0200] {processor.py:183} INFO - Processing /usr/local/lib/python3.8/site-packages/airflow/example_dags/example_task_group_decorator.py took 0.211 seconds
[2024-03-05T16:20:58.474+0200] {processor.py:161} INFO - Started process (PID=6302) to work on /usr/local/lib/python3.8/site-packages/airflow/example_dags/example_task_group_decorator.py
[2024-03-05T16:20:58.476+0200] {processor.py:830} INFO - Processing file /usr/local/lib/python3.8/site-packages/airflow/example_dags/example_task_group_decorator.py for tasks to queue
[2024-03-05T16:20:58.477+0200] {logging_mixin.py:188} INFO - [2024-03-05T16:20:58.477+0200] {dagbag.py:540} INFO - Filling up the DagBag from /usr/local/lib/python3.8/site-packages/airflow/example_dags/example_task_group_decorator.py
[2024-03-05T16:20:58.521+0200] {processor.py:840} INFO - DAG(s) 'example_task_group_decorator' retrieved from /usr/local/lib/python3.8/site-packages/airflow/example_dags/example_task_group_decorator.py
[2024-03-05T16:20:58.673+0200] {logging_mixin.py:188} INFO - [2024-03-05T16:20:58.673+0200] {dag.py:3047} INFO - Sync 1 DAGs
[2024-03-05T16:20:58.688+0200] {logging_mixin.py:188} INFO - [2024-03-05T16:20:58.688+0200] {dag.py:3834} INFO - Setting next_dagrun for example_task_group_decorator to 2024-03-04 00:00:00+00:00, run_after=2024-03-05 00:00:00+00:00
[2024-03-05T16:20:58.705+0200] {processor.py:183} INFO - Processing /usr/local/lib/python3.8/site-packages/airflow/example_dags/example_task_group_decorator.py took 0.232 seconds
[2024-03-05T16:22:40.508+0200] {processor.py:161} INFO - Started process (PID=6429) to work on /usr/local/lib/python3.8/site-packages/airflow/example_dags/example_task_group_decorator.py
[2024-03-05T16:22:40.510+0200] {processor.py:830} INFO - Processing file /usr/local/lib/python3.8/site-packages/airflow/example_dags/example_task_group_decorator.py for tasks to queue
[2024-03-05T16:22:40.511+0200] {logging_mixin.py:188} INFO - [2024-03-05T16:22:40.511+0200] {dagbag.py:540} INFO - Filling up the DagBag from /usr/local/lib/python3.8/site-packages/airflow/example_dags/example_task_group_decorator.py
[2024-03-05T16:22:40.554+0200] {processor.py:840} INFO - DAG(s) 'example_task_group_decorator' retrieved from /usr/local/lib/python3.8/site-packages/airflow/example_dags/example_task_group_decorator.py
[2024-03-05T16:22:40.698+0200] {logging_mixin.py:188} INFO - [2024-03-05T16:22:40.697+0200] {dag.py:3047} INFO - Sync 1 DAGs
[2024-03-05T16:22:40.716+0200] {logging_mixin.py:188} INFO - [2024-03-05T16:22:40.716+0200] {dag.py:3834} INFO - Setting next_dagrun for example_task_group_decorator to 2024-03-04 00:00:00+00:00, run_after=2024-03-05 00:00:00+00:00
[2024-03-05T16:22:40.736+0200] {processor.py:183} INFO - Processing /usr/local/lib/python3.8/site-packages/airflow/example_dags/example_task_group_decorator.py took 0.230 seconds
