[2024-03-05T15:47:27.030+0200] {processor.py:161} INFO - Started process (PID=4872) to work on /usr/local/lib/python3.8/site-packages/airflow/example_dags/example_branch_labels.py
[2024-03-05T15:47:27.032+0200] {processor.py:830} INFO - Processing file /usr/local/lib/python3.8/site-packages/airflow/example_dags/example_branch_labels.py for tasks to queue
[2024-03-05T15:47:27.032+0200] {logging_mixin.py:188} INFO - [2024-03-05T15:47:27.032+0200] {dagbag.py:540} INFO - Filling up the DagBag from /usr/local/lib/python3.8/site-packages/airflow/example_dags/example_branch_labels.py
[2024-03-05T15:47:27.045+0200] {processor.py:840} INFO - DAG(s) 'example_branch_labels' retrieved from /usr/local/lib/python3.8/site-packages/airflow/example_dags/example_branch_labels.py
[2024-03-05T15:47:27.317+0200] {logging_mixin.py:188} INFO - [2024-03-05T15:47:27.316+0200] {override.py:1769} INFO - Created Permission View: can delete on DAG:example_branch_labels
[2024-03-05T15:47:27.326+0200] {logging_mixin.py:188} INFO - [2024-03-05T15:47:27.326+0200] {override.py:1769} INFO - Created Permission View: can edit on DAG:example_branch_labels
[2024-03-05T15:47:27.333+0200] {logging_mixin.py:188} INFO - [2024-03-05T15:47:27.333+0200] {override.py:1769} INFO - Created Permission View: can read on DAG:example_branch_labels
[2024-03-05T15:47:27.334+0200] {logging_mixin.py:188} INFO - [2024-03-05T15:47:27.333+0200] {dag.py:3047} INFO - Sync 1 DAGs
[2024-03-05T15:47:27.345+0200] {logging_mixin.py:188} INFO - [2024-03-05T15:47:27.345+0200] {dag.py:3069} INFO - Creating ORM DAG for example_branch_labels
[2024-03-05T15:47:27.355+0200] {logging_mixin.py:188} INFO - [2024-03-05T15:47:27.355+0200] {dag.py:3834} INFO - Setting next_dagrun for example_branch_labels to 2024-03-04 00:00:00+00:00, run_after=2024-03-05 00:00:00+00:00
[2024-03-05T15:47:27.373+0200] {processor.py:183} INFO - Processing /usr/local/lib/python3.8/site-packages/airflow/example_dags/example_branch_labels.py took 0.343 seconds
[2024-03-05T15:50:26.436+0200] {processor.py:161} INFO - Started process (PID=5125) to work on /usr/local/lib/python3.8/site-packages/airflow/example_dags/example_branch_labels.py
[2024-03-05T15:50:26.438+0200] {processor.py:830} INFO - Processing file /usr/local/lib/python3.8/site-packages/airflow/example_dags/example_branch_labels.py for tasks to queue
[2024-03-05T15:50:26.439+0200] {logging_mixin.py:188} INFO - [2024-03-05T15:50:26.438+0200] {dagbag.py:540} INFO - Filling up the DagBag from /usr/local/lib/python3.8/site-packages/airflow/example_dags/example_branch_labels.py
[2024-03-05T15:50:26.448+0200] {processor.py:840} INFO - DAG(s) 'example_branch_labels' retrieved from /usr/local/lib/python3.8/site-packages/airflow/example_dags/example_branch_labels.py
[2024-03-05T15:50:26.537+0200] {logging_mixin.py:188} INFO - [2024-03-05T15:50:26.537+0200] {dag.py:3047} INFO - Sync 1 DAGs
[2024-03-05T15:50:26.591+0200] {logging_mixin.py:188} INFO - [2024-03-05T15:50:26.591+0200] {dag.py:3834} INFO - Setting next_dagrun for example_branch_labels to 2024-03-04 00:00:00+00:00, run_after=2024-03-05 00:00:00+00:00
[2024-03-05T15:50:26.608+0200] {processor.py:183} INFO - Processing /usr/local/lib/python3.8/site-packages/airflow/example_dags/example_branch_labels.py took 0.174 seconds
[2024-03-05T15:54:41.360+0200] {processor.py:161} INFO - Started process (PID=5399) to work on /usr/local/lib/python3.8/site-packages/airflow/example_dags/example_branch_labels.py
[2024-03-05T15:54:41.362+0200] {processor.py:830} INFO - Processing file /usr/local/lib/python3.8/site-packages/airflow/example_dags/example_branch_labels.py for tasks to queue
[2024-03-05T15:54:41.363+0200] {logging_mixin.py:188} INFO - [2024-03-05T15:54:41.363+0200] {dagbag.py:540} INFO - Filling up the DagBag from /usr/local/lib/python3.8/site-packages/airflow/example_dags/example_branch_labels.py
[2024-03-05T15:54:41.372+0200] {processor.py:840} INFO - DAG(s) 'example_branch_labels' retrieved from /usr/local/lib/python3.8/site-packages/airflow/example_dags/example_branch_labels.py
[2024-03-05T15:54:41.578+0200] {logging_mixin.py:188} INFO - [2024-03-05T15:54:41.578+0200] {dag.py:3047} INFO - Sync 1 DAGs
[2024-03-05T15:54:41.592+0200] {logging_mixin.py:188} INFO - [2024-03-05T15:54:41.591+0200] {dag.py:3834} INFO - Setting next_dagrun for example_branch_labels to 2024-03-04 00:00:00+00:00, run_after=2024-03-05 00:00:00+00:00
[2024-03-05T15:54:41.606+0200] {processor.py:183} INFO - Processing /usr/local/lib/python3.8/site-packages/airflow/example_dags/example_branch_labels.py took 0.247 seconds
[2024-03-05T15:57:38.129+0200] {processor.py:161} INFO - Started process (PID=5638) to work on /usr/local/lib/python3.8/site-packages/airflow/example_dags/example_branch_labels.py
[2024-03-05T15:57:38.131+0200] {processor.py:830} INFO - Processing file /usr/local/lib/python3.8/site-packages/airflow/example_dags/example_branch_labels.py for tasks to queue
[2024-03-05T15:57:38.132+0200] {logging_mixin.py:188} INFO - [2024-03-05T15:57:38.132+0200] {dagbag.py:540} INFO - Filling up the DagBag from /usr/local/lib/python3.8/site-packages/airflow/example_dags/example_branch_labels.py
[2024-03-05T15:57:38.141+0200] {processor.py:840} INFO - DAG(s) 'example_branch_labels' retrieved from /usr/local/lib/python3.8/site-packages/airflow/example_dags/example_branch_labels.py
[2024-03-05T15:57:38.228+0200] {logging_mixin.py:188} INFO - [2024-03-05T15:57:38.228+0200] {dag.py:3047} INFO - Sync 1 DAGs
[2024-03-05T15:57:38.282+0200] {logging_mixin.py:188} INFO - [2024-03-05T15:57:38.282+0200] {dag.py:3834} INFO - Setting next_dagrun for example_branch_labels to 2024-03-04 00:00:00+00:00, run_after=2024-03-05 00:00:00+00:00
[2024-03-05T15:57:38.301+0200] {processor.py:183} INFO - Processing /usr/local/lib/python3.8/site-packages/airflow/example_dags/example_branch_labels.py took 0.173 seconds
[2024-03-05T16:00:16.678+0200] {processor.py:161} INFO - Started process (PID=5821) to work on /usr/local/lib/python3.8/site-packages/airflow/example_dags/example_branch_labels.py
[2024-03-05T16:00:16.679+0200] {processor.py:830} INFO - Processing file /usr/local/lib/python3.8/site-packages/airflow/example_dags/example_branch_labels.py for tasks to queue
[2024-03-05T16:00:16.680+0200] {logging_mixin.py:188} INFO - [2024-03-05T16:00:16.679+0200] {dagbag.py:540} INFO - Filling up the DagBag from /usr/local/lib/python3.8/site-packages/airflow/example_dags/example_branch_labels.py
[2024-03-05T16:00:16.687+0200] {processor.py:840} INFO - DAG(s) 'example_branch_labels' retrieved from /usr/local/lib/python3.8/site-packages/airflow/example_dags/example_branch_labels.py
[2024-03-05T16:00:16.768+0200] {logging_mixin.py:188} INFO - [2024-03-05T16:00:16.768+0200] {dag.py:3047} INFO - Sync 1 DAGs
[2024-03-05T16:00:16.819+0200] {logging_mixin.py:188} INFO - [2024-03-05T16:00:16.818+0200] {dag.py:3834} INFO - Setting next_dagrun for example_branch_labels to 2024-03-04 00:00:00+00:00, run_after=2024-03-05 00:00:00+00:00
[2024-03-05T16:00:16.836+0200] {processor.py:183} INFO - Processing /usr/local/lib/python3.8/site-packages/airflow/example_dags/example_branch_labels.py took 0.159 seconds
[2024-03-05T16:04:37.889+0200] {processor.py:161} INFO - Started process (PID=6006) to work on /usr/local/lib/python3.8/site-packages/airflow/example_dags/example_branch_labels.py
[2024-03-05T16:04:37.891+0200] {processor.py:830} INFO - Processing file /usr/local/lib/python3.8/site-packages/airflow/example_dags/example_branch_labels.py for tasks to queue
[2024-03-05T16:04:37.892+0200] {logging_mixin.py:188} INFO - [2024-03-05T16:04:37.891+0200] {dagbag.py:540} INFO - Filling up the DagBag from /usr/local/lib/python3.8/site-packages/airflow/example_dags/example_branch_labels.py
[2024-03-05T16:04:37.901+0200] {processor.py:840} INFO - DAG(s) 'example_branch_labels' retrieved from /usr/local/lib/python3.8/site-packages/airflow/example_dags/example_branch_labels.py
[2024-03-05T16:04:37.987+0200] {logging_mixin.py:188} INFO - [2024-03-05T16:04:37.987+0200] {dag.py:3047} INFO - Sync 1 DAGs
[2024-03-05T16:04:38.040+0200] {logging_mixin.py:188} INFO - [2024-03-05T16:04:38.039+0200] {dag.py:3834} INFO - Setting next_dagrun for example_branch_labels to 2024-03-04 00:00:00+00:00, run_after=2024-03-05 00:00:00+00:00
[2024-03-05T16:04:38.056+0200] {processor.py:183} INFO - Processing /usr/local/lib/python3.8/site-packages/airflow/example_dags/example_branch_labels.py took 0.168 seconds
[2024-03-05T16:20:09.880+0200] {processor.py:161} INFO - Started process (PID=6244) to work on /usr/local/lib/python3.8/site-packages/airflow/example_dags/example_branch_labels.py
[2024-03-05T16:20:09.882+0200] {processor.py:830} INFO - Processing file /usr/local/lib/python3.8/site-packages/airflow/example_dags/example_branch_labels.py for tasks to queue
[2024-03-05T16:20:09.882+0200] {logging_mixin.py:188} INFO - [2024-03-05T16:20:09.882+0200] {dagbag.py:540} INFO - Filling up the DagBag from /usr/local/lib/python3.8/site-packages/airflow/example_dags/example_branch_labels.py
[2024-03-05T16:20:09.892+0200] {processor.py:840} INFO - DAG(s) 'example_branch_labels' retrieved from /usr/local/lib/python3.8/site-packages/airflow/example_dags/example_branch_labels.py
[2024-03-05T16:20:10.048+0200] {logging_mixin.py:188} INFO - [2024-03-05T16:20:10.048+0200] {dag.py:3047} INFO - Sync 1 DAGs
[2024-03-05T16:20:10.109+0200] {logging_mixin.py:188} INFO - [2024-03-05T16:20:10.109+0200] {dag.py:3834} INFO - Setting next_dagrun for example_branch_labels to 2024-03-04 00:00:00+00:00, run_after=2024-03-05 00:00:00+00:00
[2024-03-05T16:20:10.124+0200] {processor.py:183} INFO - Processing /usr/local/lib/python3.8/site-packages/airflow/example_dags/example_branch_labels.py took 0.245 seconds
