[2024-03-05T15:46:16.406+0200] {processor.py:161} INFO - Started process (PID=4761) to work on /usr/local/lib/python3.8/site-packages/airflow/example_dags/example_sla_dag.py
[2024-03-05T15:46:16.407+0200] {processor.py:830} INFO - Processing file /usr/local/lib/python3.8/site-packages/airflow/example_dags/example_sla_dag.py for tasks to queue
[2024-03-05T15:46:16.407+0200] {logging_mixin.py:188} INFO - [2024-03-05T15:46:16.407+0200] {dagbag.py:540} INFO - Filling up the DagBag from /usr/local/lib/python3.8/site-packages/airflow/example_dags/example_sla_dag.py
[2024-03-05T15:46:16.442+0200] {processor.py:840} INFO - DAG(s) 'example_sla_dag' retrieved from /usr/local/lib/python3.8/site-packages/airflow/example_dags/example_sla_dag.py
[2024-03-05T15:46:16.655+0200] {logging_mixin.py:188} INFO - [2024-03-05T15:46:16.654+0200] {override.py:1769} INFO - Created Permission View: can delete on DAG:example_sla_dag
[2024-03-05T15:46:16.662+0200] {logging_mixin.py:188} INFO - [2024-03-05T15:46:16.662+0200] {override.py:1769} INFO - Created Permission View: can read on DAG:example_sla_dag
[2024-03-05T15:46:16.667+0200] {logging_mixin.py:188} INFO - [2024-03-05T15:46:16.667+0200] {override.py:1769} INFO - Created Permission View: can edit on DAG:example_sla_dag
[2024-03-05T15:46:16.667+0200] {logging_mixin.py:188} INFO - [2024-03-05T15:46:16.667+0200] {dag.py:3047} INFO - Sync 1 DAGs
[2024-03-05T15:46:16.675+0200] {logging_mixin.py:188} INFO - [2024-03-05T15:46:16.675+0200] {dag.py:3069} INFO - Creating ORM DAG for example_sla_dag
[2024-03-05T15:46:16.685+0200] {logging_mixin.py:188} INFO - [2024-03-05T15:46:16.685+0200] {dag.py:3834} INFO - Setting next_dagrun for example_sla_dag to 2024-03-05 13:44:00+00:00, run_after=2024-03-05 13:46:00+00:00
[2024-03-05T15:46:16.698+0200] {processor.py:183} INFO - Processing /usr/local/lib/python3.8/site-packages/airflow/example_dags/example_sla_dag.py took 0.293 seconds
[2024-03-05T15:48:17.173+0200] {processor.py:161} INFO - Started process (PID=4934) to work on /usr/local/lib/python3.8/site-packages/airflow/example_dags/example_sla_dag.py
[2024-03-05T15:48:17.175+0200] {processor.py:830} INFO - Processing file /usr/local/lib/python3.8/site-packages/airflow/example_dags/example_sla_dag.py for tasks to queue
[2024-03-05T15:48:17.176+0200] {logging_mixin.py:188} INFO - [2024-03-05T15:48:17.175+0200] {dagbag.py:540} INFO - Filling up the DagBag from /usr/local/lib/python3.8/site-packages/airflow/example_dags/example_sla_dag.py
[2024-03-05T15:48:17.209+0200] {processor.py:840} INFO - DAG(s) 'example_sla_dag' retrieved from /usr/local/lib/python3.8/site-packages/airflow/example_dags/example_sla_dag.py
[2024-03-05T15:48:17.329+0200] {logging_mixin.py:188} INFO - [2024-03-05T15:48:17.329+0200] {dag.py:3047} INFO - Sync 1 DAGs
[2024-03-05T15:48:17.352+0200] {logging_mixin.py:188} INFO - [2024-03-05T15:48:17.351+0200] {dag.py:3834} INFO - Setting next_dagrun for example_sla_dag to 2024-03-05 13:46:00+00:00, run_after=2024-03-05 13:48:00+00:00
[2024-03-05T15:48:17.368+0200] {processor.py:183} INFO - Processing /usr/local/lib/python3.8/site-packages/airflow/example_dags/example_sla_dag.py took 0.196 seconds
[2024-03-05T15:49:45.067+0200] {processor.py:161} INFO - Started process (PID=5090) to work on /usr/local/lib/python3.8/site-packages/airflow/example_dags/example_sla_dag.py
[2024-03-05T15:49:45.069+0200] {processor.py:830} INFO - Processing file /usr/local/lib/python3.8/site-packages/airflow/example_dags/example_sla_dag.py for tasks to queue
[2024-03-05T15:49:45.069+0200] {logging_mixin.py:188} INFO - [2024-03-05T15:49:45.069+0200] {dagbag.py:540} INFO - Filling up the DagBag from /usr/local/lib/python3.8/site-packages/airflow/example_dags/example_sla_dag.py
[2024-03-05T15:49:45.104+0200] {processor.py:840} INFO - DAG(s) 'example_sla_dag' retrieved from /usr/local/lib/python3.8/site-packages/airflow/example_dags/example_sla_dag.py
[2024-03-05T15:49:45.223+0200] {logging_mixin.py:188} INFO - [2024-03-05T15:49:45.223+0200] {dag.py:3047} INFO - Sync 1 DAGs
[2024-03-05T15:49:45.243+0200] {logging_mixin.py:188} INFO - [2024-03-05T15:49:45.243+0200] {dag.py:3834} INFO - Setting next_dagrun for example_sla_dag to 2024-03-05 13:46:00+00:00, run_after=2024-03-05 13:48:00+00:00
[2024-03-05T15:49:45.259+0200] {processor.py:183} INFO - Processing /usr/local/lib/python3.8/site-packages/airflow/example_dags/example_sla_dag.py took 0.193 seconds
[2024-03-05T15:53:33.242+0200] {processor.py:161} INFO - Started process (PID=5329) to work on /usr/local/lib/python3.8/site-packages/airflow/example_dags/example_sla_dag.py
[2024-03-05T15:53:33.244+0200] {processor.py:830} INFO - Processing file /usr/local/lib/python3.8/site-packages/airflow/example_dags/example_sla_dag.py for tasks to queue
[2024-03-05T15:53:33.244+0200] {logging_mixin.py:188} INFO - [2024-03-05T15:53:33.244+0200] {dagbag.py:540} INFO - Filling up the DagBag from /usr/local/lib/python3.8/site-packages/airflow/example_dags/example_sla_dag.py
[2024-03-05T15:53:33.278+0200] {processor.py:840} INFO - DAG(s) 'example_sla_dag' retrieved from /usr/local/lib/python3.8/site-packages/airflow/example_dags/example_sla_dag.py
[2024-03-05T15:53:33.482+0200] {logging_mixin.py:188} INFO - [2024-03-05T15:53:33.481+0200] {dag.py:3047} INFO - Sync 1 DAGs
[2024-03-05T15:53:33.498+0200] {logging_mixin.py:188} INFO - [2024-03-05T15:53:33.497+0200] {dag.py:3834} INFO - Setting next_dagrun for example_sla_dag to 2024-03-05 13:50:00+00:00, run_after=2024-03-05 13:52:00+00:00
[2024-03-05T15:53:33.511+0200] {processor.py:183} INFO - Processing /usr/local/lib/python3.8/site-packages/airflow/example_dags/example_sla_dag.py took 0.270 seconds
[2024-03-05T15:55:35.680+0200] {processor.py:161} INFO - Started process (PID=5494) to work on /usr/local/lib/python3.8/site-packages/airflow/example_dags/example_sla_dag.py
[2024-03-05T15:55:35.681+0200] {processor.py:830} INFO - Processing file /usr/local/lib/python3.8/site-packages/airflow/example_dags/example_sla_dag.py for tasks to queue
[2024-03-05T15:55:35.682+0200] {logging_mixin.py:188} INFO - [2024-03-05T15:55:35.682+0200] {dagbag.py:540} INFO - Filling up the DagBag from /usr/local/lib/python3.8/site-packages/airflow/example_dags/example_sla_dag.py
[2024-03-05T15:55:35.714+0200] {processor.py:840} INFO - DAG(s) 'example_sla_dag' retrieved from /usr/local/lib/python3.8/site-packages/airflow/example_dags/example_sla_dag.py
[2024-03-05T15:55:35.834+0200] {logging_mixin.py:188} INFO - [2024-03-05T15:55:35.833+0200] {dag.py:3047} INFO - Sync 1 DAGs
[2024-03-05T15:55:35.855+0200] {logging_mixin.py:188} INFO - [2024-03-05T15:55:35.855+0200] {dag.py:3834} INFO - Setting next_dagrun for example_sla_dag to 2024-03-05 13:52:00+00:00, run_after=2024-03-05 13:54:00+00:00
[2024-03-05T15:55:35.872+0200] {processor.py:183} INFO - Processing /usr/local/lib/python3.8/site-packages/airflow/example_dags/example_sla_dag.py took 0.193 seconds
[2024-03-05T15:57:05.562+0200] {processor.py:161} INFO - Started process (PID=5606) to work on /usr/local/lib/python3.8/site-packages/airflow/example_dags/example_sla_dag.py
[2024-03-05T15:57:05.562+0200] {processor.py:830} INFO - Processing file /usr/local/lib/python3.8/site-packages/airflow/example_dags/example_sla_dag.py for tasks to queue
[2024-03-05T15:57:05.563+0200] {logging_mixin.py:188} INFO - [2024-03-05T15:57:05.563+0200] {dagbag.py:540} INFO - Filling up the DagBag from /usr/local/lib/python3.8/site-packages/airflow/example_dags/example_sla_dag.py
[2024-03-05T15:57:05.592+0200] {processor.py:840} INFO - DAG(s) 'example_sla_dag' retrieved from /usr/local/lib/python3.8/site-packages/airflow/example_dags/example_sla_dag.py
[2024-03-05T15:57:05.711+0200] {logging_mixin.py:188} INFO - [2024-03-05T15:57:05.711+0200] {dag.py:3047} INFO - Sync 1 DAGs
[2024-03-05T15:57:05.729+0200] {logging_mixin.py:188} INFO - [2024-03-05T15:57:05.729+0200] {dag.py:3834} INFO - Setting next_dagrun for example_sla_dag to 2024-03-05 13:54:00+00:00, run_after=2024-03-05 13:56:00+00:00
[2024-03-05T15:57:05.743+0200] {processor.py:183} INFO - Processing /usr/local/lib/python3.8/site-packages/airflow/example_dags/example_sla_dag.py took 0.183 seconds
[2024-03-05T15:58:26.972+0200] {processor.py:161} INFO - Started process (PID=5690) to work on /usr/local/lib/python3.8/site-packages/airflow/example_dags/example_sla_dag.py
[2024-03-05T15:58:26.972+0200] {processor.py:830} INFO - Processing file /usr/local/lib/python3.8/site-packages/airflow/example_dags/example_sla_dag.py for tasks to queue
[2024-03-05T15:58:26.973+0200] {logging_mixin.py:188} INFO - [2024-03-05T15:58:26.973+0200] {dagbag.py:540} INFO - Filling up the DagBag from /usr/local/lib/python3.8/site-packages/airflow/example_dags/example_sla_dag.py
[2024-03-05T15:58:27.006+0200] {processor.py:840} INFO - DAG(s) 'example_sla_dag' retrieved from /usr/local/lib/python3.8/site-packages/airflow/example_dags/example_sla_dag.py
[2024-03-05T15:58:27.129+0200] {logging_mixin.py:188} INFO - [2024-03-05T15:58:27.129+0200] {dag.py:3047} INFO - Sync 1 DAGs
[2024-03-05T15:58:27.149+0200] {logging_mixin.py:188} INFO - [2024-03-05T15:58:27.149+0200] {dag.py:3834} INFO - Setting next_dagrun for example_sla_dag to 2024-03-05 13:56:00+00:00, run_after=2024-03-05 13:58:00+00:00
[2024-03-05T15:58:27.165+0200] {processor.py:183} INFO - Processing /usr/local/lib/python3.8/site-packages/airflow/example_dags/example_sla_dag.py took 0.195 seconds
[2024-03-05T15:59:46.938+0200] {processor.py:161} INFO - Started process (PID=5784) to work on /usr/local/lib/python3.8/site-packages/airflow/example_dags/example_sla_dag.py
[2024-03-05T15:59:46.939+0200] {processor.py:830} INFO - Processing file /usr/local/lib/python3.8/site-packages/airflow/example_dags/example_sla_dag.py for tasks to queue
[2024-03-05T15:59:46.939+0200] {logging_mixin.py:188} INFO - [2024-03-05T15:59:46.939+0200] {dagbag.py:540} INFO - Filling up the DagBag from /usr/local/lib/python3.8/site-packages/airflow/example_dags/example_sla_dag.py
[2024-03-05T15:59:46.972+0200] {processor.py:840} INFO - DAG(s) 'example_sla_dag' retrieved from /usr/local/lib/python3.8/site-packages/airflow/example_dags/example_sla_dag.py
[2024-03-05T15:59:47.098+0200] {logging_mixin.py:188} INFO - [2024-03-05T15:59:47.097+0200] {dag.py:3047} INFO - Sync 1 DAGs
[2024-03-05T15:59:47.117+0200] {logging_mixin.py:188} INFO - [2024-03-05T15:59:47.117+0200] {dag.py:3834} INFO - Setting next_dagrun for example_sla_dag to 2024-03-05 13:56:00+00:00, run_after=2024-03-05 13:58:00+00:00
[2024-03-05T15:59:47.137+0200] {processor.py:183} INFO - Processing /usr/local/lib/python3.8/site-packages/airflow/example_dags/example_sla_dag.py took 0.200 seconds
[2024-03-05T16:03:34.595+0200] {processor.py:161} INFO - Started process (PID=5930) to work on /usr/local/lib/python3.8/site-packages/airflow/example_dags/example_sla_dag.py
[2024-03-05T16:03:34.597+0200] {processor.py:830} INFO - Processing file /usr/local/lib/python3.8/site-packages/airflow/example_dags/example_sla_dag.py for tasks to queue
[2024-03-05T16:03:34.597+0200] {logging_mixin.py:188} INFO - [2024-03-05T16:03:34.597+0200] {dagbag.py:540} INFO - Filling up the DagBag from /usr/local/lib/python3.8/site-packages/airflow/example_dags/example_sla_dag.py
[2024-03-05T16:03:34.630+0200] {processor.py:840} INFO - DAG(s) 'example_sla_dag' retrieved from /usr/local/lib/python3.8/site-packages/airflow/example_dags/example_sla_dag.py
[2024-03-05T16:03:34.763+0200] {logging_mixin.py:188} INFO - [2024-03-05T16:03:34.763+0200] {dag.py:3047} INFO - Sync 1 DAGs
[2024-03-05T16:03:34.785+0200] {logging_mixin.py:188} INFO - [2024-03-05T16:03:34.784+0200] {dag.py:3834} INFO - Setting next_dagrun for example_sla_dag to 2024-03-05 14:00:00+00:00, run_after=2024-03-05 14:02:00+00:00
[2024-03-05T16:03:34.801+0200] {processor.py:183} INFO - Processing /usr/local/lib/python3.8/site-packages/airflow/example_dags/example_sla_dag.py took 0.207 seconds
[2024-03-05T16:05:23.215+0200] {processor.py:161} INFO - Started process (PID=6062) to work on /usr/local/lib/python3.8/site-packages/airflow/example_dags/example_sla_dag.py
[2024-03-05T16:05:23.215+0200] {processor.py:830} INFO - Processing file /usr/local/lib/python3.8/site-packages/airflow/example_dags/example_sla_dag.py for tasks to queue
[2024-03-05T16:05:23.216+0200] {logging_mixin.py:188} INFO - [2024-03-05T16:05:23.216+0200] {dagbag.py:540} INFO - Filling up the DagBag from /usr/local/lib/python3.8/site-packages/airflow/example_dags/example_sla_dag.py
[2024-03-05T16:05:23.247+0200] {processor.py:840} INFO - DAG(s) 'example_sla_dag' retrieved from /usr/local/lib/python3.8/site-packages/airflow/example_dags/example_sla_dag.py
[2024-03-05T16:05:23.365+0200] {logging_mixin.py:188} INFO - [2024-03-05T16:05:23.364+0200] {dag.py:3047} INFO - Sync 1 DAGs
[2024-03-05T16:05:23.384+0200] {logging_mixin.py:188} INFO - [2024-03-05T16:05:23.384+0200] {dag.py:3834} INFO - Setting next_dagrun for example_sla_dag to 2024-03-05 14:02:00+00:00, run_after=2024-03-05 14:04:00+00:00
[2024-03-05T16:05:23.399+0200] {processor.py:183} INFO - Processing /usr/local/lib/python3.8/site-packages/airflow/example_dags/example_sla_dag.py took 0.186 seconds
[2024-03-05T16:19:32.989+0200] {processor.py:161} INFO - Started process (PID=6213) to work on /usr/local/lib/python3.8/site-packages/airflow/example_dags/example_sla_dag.py
[2024-03-05T16:19:32.991+0200] {processor.py:830} INFO - Processing file /usr/local/lib/python3.8/site-packages/airflow/example_dags/example_sla_dag.py for tasks to queue
[2024-03-05T16:19:32.991+0200] {logging_mixin.py:188} INFO - [2024-03-05T16:19:32.991+0200] {dagbag.py:540} INFO - Filling up the DagBag from /usr/local/lib/python3.8/site-packages/airflow/example_dags/example_sla_dag.py
[2024-03-05T16:19:33.029+0200] {processor.py:840} INFO - DAG(s) 'example_sla_dag' retrieved from /usr/local/lib/python3.8/site-packages/airflow/example_dags/example_sla_dag.py
[2024-03-05T16:19:33.169+0200] {logging_mixin.py:188} INFO - [2024-03-05T16:19:33.169+0200] {dag.py:3047} INFO - Sync 1 DAGs
[2024-03-05T16:19:33.192+0200] {logging_mixin.py:188} INFO - [2024-03-05T16:19:33.192+0200] {dag.py:3834} INFO - Setting next_dagrun for example_sla_dag to 2024-03-05 14:16:00+00:00, run_after=2024-03-05 14:18:00+00:00
[2024-03-05T16:19:33.209+0200] {processor.py:183} INFO - Processing /usr/local/lib/python3.8/site-packages/airflow/example_dags/example_sla_dag.py took 0.222 seconds
[2024-03-05T16:21:07.256+0200] {processor.py:161} INFO - Started process (PID=6309) to work on /usr/local/lib/python3.8/site-packages/airflow/example_dags/example_sla_dag.py
[2024-03-05T16:21:07.258+0200] {processor.py:830} INFO - Processing file /usr/local/lib/python3.8/site-packages/airflow/example_dags/example_sla_dag.py for tasks to queue
[2024-03-05T16:21:07.259+0200] {logging_mixin.py:188} INFO - [2024-03-05T16:21:07.259+0200] {dagbag.py:540} INFO - Filling up the DagBag from /usr/local/lib/python3.8/site-packages/airflow/example_dags/example_sla_dag.py
[2024-03-05T16:21:07.293+0200] {processor.py:840} INFO - DAG(s) 'example_sla_dag' retrieved from /usr/local/lib/python3.8/site-packages/airflow/example_dags/example_sla_dag.py
[2024-03-05T16:21:07.419+0200] {logging_mixin.py:188} INFO - [2024-03-05T16:21:07.418+0200] {dag.py:3047} INFO - Sync 1 DAGs
[2024-03-05T16:21:07.441+0200] {logging_mixin.py:188} INFO - [2024-03-05T16:21:07.441+0200] {dag.py:3834} INFO - Setting next_dagrun for example_sla_dag to 2024-03-05 14:18:00+00:00, run_after=2024-03-05 14:20:00+00:00
[2024-03-05T16:21:07.459+0200] {processor.py:183} INFO - Processing /usr/local/lib/python3.8/site-packages/airflow/example_dags/example_sla_dag.py took 0.204 seconds
