[2024-03-05T15:46:02.786+0200] {processor.py:161} INFO - Started process (PID=4746) to work on /usr/local/lib/python3.8/site-packages/airflow/example_dags/example_trigger_controller_dag.py
[2024-03-05T15:46:02.787+0200] {processor.py:830} INFO - Processing file /usr/local/lib/python3.8/site-packages/airflow/example_dags/example_trigger_controller_dag.py for tasks to queue
[2024-03-05T15:46:02.788+0200] {logging_mixin.py:188} INFO - [2024-03-05T15:46:02.788+0200] {dagbag.py:540} INFO - Filling up the DagBag from /usr/local/lib/python3.8/site-packages/airflow/example_dags/example_trigger_controller_dag.py
[2024-03-05T15:46:02.799+0200] {processor.py:840} INFO - DAG(s) 'example_trigger_controller_dag' retrieved from /usr/local/lib/python3.8/site-packages/airflow/example_dags/example_trigger_controller_dag.py
[2024-03-05T15:46:02.992+0200] {logging_mixin.py:188} INFO - [2024-03-05T15:46:02.992+0200] {override.py:1769} INFO - Created Permission View: can edit on DAG:example_trigger_controller_dag
[2024-03-05T15:46:02.998+0200] {logging_mixin.py:188} INFO - [2024-03-05T15:46:02.998+0200] {override.py:1769} INFO - Created Permission View: can delete on DAG:example_trigger_controller_dag
[2024-03-05T15:46:03.003+0200] {logging_mixin.py:188} INFO - [2024-03-05T15:46:03.002+0200] {override.py:1769} INFO - Created Permission View: can read on DAG:example_trigger_controller_dag
[2024-03-05T15:46:03.003+0200] {logging_mixin.py:188} INFO - [2024-03-05T15:46:03.003+0200] {dag.py:3047} INFO - Sync 1 DAGs
[2024-03-05T15:46:03.011+0200] {logging_mixin.py:188} INFO - [2024-03-05T15:46:03.011+0200] {dag.py:3069} INFO - Creating ORM DAG for example_trigger_controller_dag
[2024-03-05T15:46:03.016+0200] {logging_mixin.py:188} INFO - [2024-03-05T15:46:03.016+0200] {dag.py:3834} INFO - Setting next_dagrun for example_trigger_controller_dag to 2021-01-01 00:00:00+00:00, run_after=2021-01-01 00:00:00+00:00
[2024-03-05T15:46:03.030+0200] {processor.py:183} INFO - Processing /usr/local/lib/python3.8/site-packages/airflow/example_dags/example_trigger_controller_dag.py took 0.246 seconds
[2024-03-05T15:48:05.678+0200] {processor.py:161} INFO - Started process (PID=4921) to work on /usr/local/lib/python3.8/site-packages/airflow/example_dags/example_trigger_controller_dag.py
[2024-03-05T15:48:05.680+0200] {processor.py:830} INFO - Processing file /usr/local/lib/python3.8/site-packages/airflow/example_dags/example_trigger_controller_dag.py for tasks to queue
[2024-03-05T15:48:05.680+0200] {logging_mixin.py:188} INFO - [2024-03-05T15:48:05.680+0200] {dagbag.py:540} INFO - Filling up the DagBag from /usr/local/lib/python3.8/site-packages/airflow/example_dags/example_trigger_controller_dag.py
[2024-03-05T15:48:05.693+0200] {processor.py:840} INFO - DAG(s) 'example_trigger_controller_dag' retrieved from /usr/local/lib/python3.8/site-packages/airflow/example_dags/example_trigger_controller_dag.py
[2024-03-05T15:48:05.776+0200] {logging_mixin.py:188} INFO - [2024-03-05T15:48:05.776+0200] {dag.py:3047} INFO - Sync 1 DAGs
[2024-03-05T15:48:05.828+0200] {logging_mixin.py:188} INFO - [2024-03-05T15:48:05.828+0200] {dag.py:3834} INFO - Setting next_dagrun for example_trigger_controller_dag to 2021-01-01 00:00:00+00:00, run_after=2021-01-01 00:00:00+00:00
[2024-03-05T15:48:05.846+0200] {processor.py:183} INFO - Processing /usr/local/lib/python3.8/site-packages/airflow/example_dags/example_trigger_controller_dag.py took 0.169 seconds
[2024-03-05T15:49:33.296+0200] {processor.py:161} INFO - Started process (PID=5068) to work on /usr/local/lib/python3.8/site-packages/airflow/example_dags/example_trigger_controller_dag.py
[2024-03-05T15:49:33.298+0200] {processor.py:830} INFO - Processing file /usr/local/lib/python3.8/site-packages/airflow/example_dags/example_trigger_controller_dag.py for tasks to queue
[2024-03-05T15:49:33.299+0200] {logging_mixin.py:188} INFO - [2024-03-05T15:49:33.299+0200] {dagbag.py:540} INFO - Filling up the DagBag from /usr/local/lib/python3.8/site-packages/airflow/example_dags/example_trigger_controller_dag.py
[2024-03-05T15:49:33.311+0200] {processor.py:840} INFO - DAG(s) 'example_trigger_controller_dag' retrieved from /usr/local/lib/python3.8/site-packages/airflow/example_dags/example_trigger_controller_dag.py
[2024-03-05T15:49:33.431+0200] {logging_mixin.py:188} INFO - [2024-03-05T15:49:33.431+0200] {dag.py:3047} INFO - Sync 1 DAGs
[2024-03-05T15:49:33.501+0200] {logging_mixin.py:188} INFO - [2024-03-05T15:49:33.500+0200] {dag.py:3834} INFO - Setting next_dagrun for example_trigger_controller_dag to 2021-01-01 00:00:00+00:00, run_after=2021-01-01 00:00:00+00:00
[2024-03-05T15:49:33.528+0200] {processor.py:183} INFO - Processing /usr/local/lib/python3.8/site-packages/airflow/example_dags/example_trigger_controller_dag.py took 0.233 seconds
[2024-03-05T15:51:06.778+0200] {processor.py:161} INFO - Started process (PID=5176) to work on /usr/local/lib/python3.8/site-packages/airflow/example_dags/example_trigger_controller_dag.py
[2024-03-05T15:51:06.780+0200] {processor.py:830} INFO - Processing file /usr/local/lib/python3.8/site-packages/airflow/example_dags/example_trigger_controller_dag.py for tasks to queue
[2024-03-05T15:51:06.780+0200] {logging_mixin.py:188} INFO - [2024-03-05T15:51:06.780+0200] {dagbag.py:540} INFO - Filling up the DagBag from /usr/local/lib/python3.8/site-packages/airflow/example_dags/example_trigger_controller_dag.py
[2024-03-05T15:51:06.792+0200] {processor.py:840} INFO - DAG(s) 'example_trigger_controller_dag' retrieved from /usr/local/lib/python3.8/site-packages/airflow/example_dags/example_trigger_controller_dag.py
[2024-03-05T15:51:06.877+0200] {logging_mixin.py:188} INFO - [2024-03-05T15:51:06.877+0200] {dag.py:3047} INFO - Sync 1 DAGs
[2024-03-05T15:51:06.929+0200] {logging_mixin.py:188} INFO - [2024-03-05T15:51:06.929+0200] {dag.py:3834} INFO - Setting next_dagrun for example_trigger_controller_dag to 2021-01-01 00:00:00+00:00, run_after=2021-01-01 00:00:00+00:00
[2024-03-05T15:51:06.948+0200] {processor.py:183} INFO - Processing /usr/local/lib/python3.8/site-packages/airflow/example_dags/example_trigger_controller_dag.py took 0.171 seconds
[2024-03-05T15:53:21.614+0200] {processor.py:161} INFO - Started process (PID=5319) to work on /usr/local/lib/python3.8/site-packages/airflow/example_dags/example_trigger_controller_dag.py
[2024-03-05T15:53:21.616+0200] {processor.py:830} INFO - Processing file /usr/local/lib/python3.8/site-packages/airflow/example_dags/example_trigger_controller_dag.py for tasks to queue
[2024-03-05T15:53:21.616+0200] {logging_mixin.py:188} INFO - [2024-03-05T15:53:21.616+0200] {dagbag.py:540} INFO - Filling up the DagBag from /usr/local/lib/python3.8/site-packages/airflow/example_dags/example_trigger_controller_dag.py
[2024-03-05T15:53:21.627+0200] {processor.py:840} INFO - DAG(s) 'example_trigger_controller_dag' retrieved from /usr/local/lib/python3.8/site-packages/airflow/example_dags/example_trigger_controller_dag.py
[2024-03-05T15:53:21.832+0200] {logging_mixin.py:188} INFO - [2024-03-05T15:53:21.832+0200] {dag.py:3047} INFO - Sync 1 DAGs
[2024-03-05T15:53:21.845+0200] {logging_mixin.py:188} INFO - [2024-03-05T15:53:21.845+0200] {dag.py:3834} INFO - Setting next_dagrun for example_trigger_controller_dag to 2021-01-01 00:00:00+00:00, run_after=2021-01-01 00:00:00+00:00
[2024-03-05T15:53:21.861+0200] {processor.py:183} INFO - Processing /usr/local/lib/python3.8/site-packages/airflow/example_dags/example_trigger_controller_dag.py took 0.248 seconds
[2024-03-05T15:55:22.079+0200] {processor.py:161} INFO - Started process (PID=5483) to work on /usr/local/lib/python3.8/site-packages/airflow/example_dags/example_trigger_controller_dag.py
[2024-03-05T15:55:22.081+0200] {processor.py:830} INFO - Processing file /usr/local/lib/python3.8/site-packages/airflow/example_dags/example_trigger_controller_dag.py for tasks to queue
[2024-03-05T15:55:22.082+0200] {logging_mixin.py:188} INFO - [2024-03-05T15:55:22.082+0200] {dagbag.py:540} INFO - Filling up the DagBag from /usr/local/lib/python3.8/site-packages/airflow/example_dags/example_trigger_controller_dag.py
[2024-03-05T15:55:22.098+0200] {processor.py:840} INFO - DAG(s) 'example_trigger_controller_dag' retrieved from /usr/local/lib/python3.8/site-packages/airflow/example_dags/example_trigger_controller_dag.py
[2024-03-05T15:55:22.224+0200] {logging_mixin.py:188} INFO - [2024-03-05T15:55:22.223+0200] {dag.py:3047} INFO - Sync 1 DAGs
[2024-03-05T15:55:22.296+0200] {logging_mixin.py:188} INFO - [2024-03-05T15:55:22.296+0200] {dag.py:3834} INFO - Setting next_dagrun for example_trigger_controller_dag to 2021-01-01 00:00:00+00:00, run_after=2021-01-01 00:00:00+00:00
[2024-03-05T15:55:22.317+0200] {processor.py:183} INFO - Processing /usr/local/lib/python3.8/site-packages/airflow/example_dags/example_trigger_controller_dag.py took 0.240 seconds
[2024-03-05T15:56:51.844+0200] {processor.py:161} INFO - Started process (PID=5595) to work on /usr/local/lib/python3.8/site-packages/airflow/example_dags/example_trigger_controller_dag.py
[2024-03-05T15:56:51.845+0200] {processor.py:830} INFO - Processing file /usr/local/lib/python3.8/site-packages/airflow/example_dags/example_trigger_controller_dag.py for tasks to queue
[2024-03-05T15:56:51.845+0200] {logging_mixin.py:188} INFO - [2024-03-05T15:56:51.845+0200] {dagbag.py:540} INFO - Filling up the DagBag from /usr/local/lib/python3.8/site-packages/airflow/example_dags/example_trigger_controller_dag.py
[2024-03-05T15:56:51.858+0200] {processor.py:840} INFO - DAG(s) 'example_trigger_controller_dag' retrieved from /usr/local/lib/python3.8/site-packages/airflow/example_dags/example_trigger_controller_dag.py
[2024-03-05T15:56:51.959+0200] {logging_mixin.py:188} INFO - [2024-03-05T15:56:51.958+0200] {dag.py:3047} INFO - Sync 1 DAGs
[2024-03-05T15:56:52.017+0200] {logging_mixin.py:188} INFO - [2024-03-05T15:56:52.016+0200] {dag.py:3834} INFO - Setting next_dagrun for example_trigger_controller_dag to 2021-01-01 00:00:00+00:00, run_after=2021-01-01 00:00:00+00:00
[2024-03-05T15:56:52.036+0200] {processor.py:183} INFO - Processing /usr/local/lib/python3.8/site-packages/airflow/example_dags/example_trigger_controller_dag.py took 0.194 seconds
[2024-03-05T15:58:15.518+0200] {processor.py:161} INFO - Started process (PID=5680) to work on /usr/local/lib/python3.8/site-packages/airflow/example_dags/example_trigger_controller_dag.py
[2024-03-05T15:58:15.518+0200] {processor.py:830} INFO - Processing file /usr/local/lib/python3.8/site-packages/airflow/example_dags/example_trigger_controller_dag.py for tasks to queue
[2024-03-05T15:58:15.519+0200] {logging_mixin.py:188} INFO - [2024-03-05T15:58:15.519+0200] {dagbag.py:540} INFO - Filling up the DagBag from /usr/local/lib/python3.8/site-packages/airflow/example_dags/example_trigger_controller_dag.py
[2024-03-05T15:58:15.528+0200] {processor.py:840} INFO - DAG(s) 'example_trigger_controller_dag' retrieved from /usr/local/lib/python3.8/site-packages/airflow/example_dags/example_trigger_controller_dag.py
[2024-03-05T15:58:15.607+0200] {logging_mixin.py:188} INFO - [2024-03-05T15:58:15.606+0200] {dag.py:3047} INFO - Sync 1 DAGs
[2024-03-05T15:58:15.656+0200] {logging_mixin.py:188} INFO - [2024-03-05T15:58:15.656+0200] {dag.py:3834} INFO - Setting next_dagrun for example_trigger_controller_dag to 2021-01-01 00:00:00+00:00, run_after=2021-01-01 00:00:00+00:00
[2024-03-05T15:58:15.674+0200] {processor.py:183} INFO - Processing /usr/local/lib/python3.8/site-packages/airflow/example_dags/example_trigger_controller_dag.py took 0.158 seconds
[2024-03-05T15:59:35.508+0200] {processor.py:161} INFO - Started process (PID=5772) to work on /usr/local/lib/python3.8/site-packages/airflow/example_dags/example_trigger_controller_dag.py
[2024-03-05T15:59:35.509+0200] {processor.py:830} INFO - Processing file /usr/local/lib/python3.8/site-packages/airflow/example_dags/example_trigger_controller_dag.py for tasks to queue
[2024-03-05T15:59:35.509+0200] {logging_mixin.py:188} INFO - [2024-03-05T15:59:35.509+0200] {dagbag.py:540} INFO - Filling up the DagBag from /usr/local/lib/python3.8/site-packages/airflow/example_dags/example_trigger_controller_dag.py
[2024-03-05T15:59:35.519+0200] {processor.py:840} INFO - DAG(s) 'example_trigger_controller_dag' retrieved from /usr/local/lib/python3.8/site-packages/airflow/example_dags/example_trigger_controller_dag.py
[2024-03-05T15:59:35.598+0200] {logging_mixin.py:188} INFO - [2024-03-05T15:59:35.598+0200] {dag.py:3047} INFO - Sync 1 DAGs
[2024-03-05T15:59:35.647+0200] {logging_mixin.py:188} INFO - [2024-03-05T15:59:35.647+0200] {dag.py:3834} INFO - Setting next_dagrun for example_trigger_controller_dag to 2021-01-01 00:00:00+00:00, run_after=2021-01-01 00:00:00+00:00
[2024-03-05T15:59:35.665+0200] {processor.py:183} INFO - Processing /usr/local/lib/python3.8/site-packages/airflow/example_dags/example_trigger_controller_dag.py took 0.158 seconds
[2024-03-05T16:03:21.113+0200] {processor.py:161} INFO - Started process (PID=5912) to work on /usr/local/lib/python3.8/site-packages/airflow/example_dags/example_trigger_controller_dag.py
[2024-03-05T16:03:21.114+0200] {processor.py:830} INFO - Processing file /usr/local/lib/python3.8/site-packages/airflow/example_dags/example_trigger_controller_dag.py for tasks to queue
[2024-03-05T16:03:21.114+0200] {logging_mixin.py:188} INFO - [2024-03-05T16:03:21.114+0200] {dagbag.py:540} INFO - Filling up the DagBag from /usr/local/lib/python3.8/site-packages/airflow/example_dags/example_trigger_controller_dag.py
[2024-03-05T16:03:21.126+0200] {processor.py:840} INFO - DAG(s) 'example_trigger_controller_dag' retrieved from /usr/local/lib/python3.8/site-packages/airflow/example_dags/example_trigger_controller_dag.py
[2024-03-05T16:03:21.207+0200] {logging_mixin.py:188} INFO - [2024-03-05T16:03:21.207+0200] {dag.py:3047} INFO - Sync 1 DAGs
[2024-03-05T16:03:21.256+0200] {logging_mixin.py:188} INFO - [2024-03-05T16:03:21.256+0200] {dag.py:3834} INFO - Setting next_dagrun for example_trigger_controller_dag to 2021-01-01 00:00:00+00:00, run_after=2021-01-01 00:00:00+00:00
[2024-03-05T16:03:21.274+0200] {processor.py:183} INFO - Processing /usr/local/lib/python3.8/site-packages/airflow/example_dags/example_trigger_controller_dag.py took 0.162 seconds
[2024-03-05T16:05:11.790+0200] {processor.py:161} INFO - Started process (PID=6052) to work on /usr/local/lib/python3.8/site-packages/airflow/example_dags/example_trigger_controller_dag.py
[2024-03-05T16:05:11.791+0200] {processor.py:830} INFO - Processing file /usr/local/lib/python3.8/site-packages/airflow/example_dags/example_trigger_controller_dag.py for tasks to queue
[2024-03-05T16:05:11.792+0200] {logging_mixin.py:188} INFO - [2024-03-05T16:05:11.791+0200] {dagbag.py:540} INFO - Filling up the DagBag from /usr/local/lib/python3.8/site-packages/airflow/example_dags/example_trigger_controller_dag.py
[2024-03-05T16:05:11.803+0200] {processor.py:840} INFO - DAG(s) 'example_trigger_controller_dag' retrieved from /usr/local/lib/python3.8/site-packages/airflow/example_dags/example_trigger_controller_dag.py
[2024-03-05T16:05:11.883+0200] {logging_mixin.py:188} INFO - [2024-03-05T16:05:11.883+0200] {dag.py:3047} INFO - Sync 1 DAGs
[2024-03-05T16:05:11.933+0200] {logging_mixin.py:188} INFO - [2024-03-05T16:05:11.932+0200] {dag.py:3834} INFO - Setting next_dagrun for example_trigger_controller_dag to 2021-01-01 00:00:00+00:00, run_after=2021-01-01 00:00:00+00:00
[2024-03-05T16:05:11.952+0200] {processor.py:183} INFO - Processing /usr/local/lib/python3.8/site-packages/airflow/example_dags/example_trigger_controller_dag.py took 0.163 seconds
[2024-03-05T16:19:17.912+0200] {processor.py:161} INFO - Started process (PID=6186) to work on /usr/local/lib/python3.8/site-packages/airflow/example_dags/example_trigger_controller_dag.py
[2024-03-05T16:19:17.914+0200] {processor.py:830} INFO - Processing file /usr/local/lib/python3.8/site-packages/airflow/example_dags/example_trigger_controller_dag.py for tasks to queue
[2024-03-05T16:19:17.915+0200] {logging_mixin.py:188} INFO - [2024-03-05T16:19:17.914+0200] {dagbag.py:540} INFO - Filling up the DagBag from /usr/local/lib/python3.8/site-packages/airflow/example_dags/example_trigger_controller_dag.py
[2024-03-05T16:19:17.927+0200] {processor.py:840} INFO - DAG(s) 'example_trigger_controller_dag' retrieved from /usr/local/lib/python3.8/site-packages/airflow/example_dags/example_trigger_controller_dag.py
[2024-03-05T16:19:18.025+0200] {logging_mixin.py:188} INFO - [2024-03-05T16:19:18.025+0200] {dag.py:3047} INFO - Sync 1 DAGs
[2024-03-05T16:19:18.084+0200] {logging_mixin.py:188} INFO - [2024-03-05T16:19:18.084+0200] {dag.py:3834} INFO - Setting next_dagrun for example_trigger_controller_dag to 2021-01-01 00:00:00+00:00, run_after=2021-01-01 00:00:00+00:00
[2024-03-05T16:19:18.157+0200] {processor.py:183} INFO - Processing /usr/local/lib/python3.8/site-packages/airflow/example_dags/example_trigger_controller_dag.py took 0.247 seconds
[2024-03-05T16:20:53.063+0200] {processor.py:161} INFO - Started process (PID=6295) to work on /usr/local/lib/python3.8/site-packages/airflow/example_dags/example_trigger_controller_dag.py
[2024-03-05T16:20:53.065+0200] {processor.py:830} INFO - Processing file /usr/local/lib/python3.8/site-packages/airflow/example_dags/example_trigger_controller_dag.py for tasks to queue
[2024-03-05T16:20:53.066+0200] {logging_mixin.py:188} INFO - [2024-03-05T16:20:53.065+0200] {dagbag.py:540} INFO - Filling up the DagBag from /usr/local/lib/python3.8/site-packages/airflow/example_dags/example_trigger_controller_dag.py
[2024-03-05T16:20:53.079+0200] {processor.py:840} INFO - DAG(s) 'example_trigger_controller_dag' retrieved from /usr/local/lib/python3.8/site-packages/airflow/example_dags/example_trigger_controller_dag.py
[2024-03-05T16:20:53.180+0200] {logging_mixin.py:188} INFO - [2024-03-05T16:20:53.180+0200] {dag.py:3047} INFO - Sync 1 DAGs
[2024-03-05T16:20:53.234+0200] {logging_mixin.py:188} INFO - [2024-03-05T16:20:53.234+0200] {dag.py:3834} INFO - Setting next_dagrun for example_trigger_controller_dag to 2021-01-01 00:00:00+00:00, run_after=2021-01-01 00:00:00+00:00
[2024-03-05T16:20:53.256+0200] {processor.py:183} INFO - Processing /usr/local/lib/python3.8/site-packages/airflow/example_dags/example_trigger_controller_dag.py took 0.195 seconds
[2024-03-05T16:22:35.175+0200] {processor.py:161} INFO - Started process (PID=6422) to work on /usr/local/lib/python3.8/site-packages/airflow/example_dags/example_trigger_controller_dag.py
[2024-03-05T16:22:35.177+0200] {processor.py:830} INFO - Processing file /usr/local/lib/python3.8/site-packages/airflow/example_dags/example_trigger_controller_dag.py for tasks to queue
[2024-03-05T16:22:35.178+0200] {logging_mixin.py:188} INFO - [2024-03-05T16:22:35.177+0200] {dagbag.py:540} INFO - Filling up the DagBag from /usr/local/lib/python3.8/site-packages/airflow/example_dags/example_trigger_controller_dag.py
[2024-03-05T16:22:35.191+0200] {processor.py:840} INFO - DAG(s) 'example_trigger_controller_dag' retrieved from /usr/local/lib/python3.8/site-packages/airflow/example_dags/example_trigger_controller_dag.py
[2024-03-05T16:22:35.278+0200] {logging_mixin.py:188} INFO - [2024-03-05T16:22:35.278+0200] {dag.py:3047} INFO - Sync 1 DAGs
[2024-03-05T16:22:35.331+0200] {logging_mixin.py:188} INFO - [2024-03-05T16:22:35.331+0200] {dag.py:3834} INFO - Setting next_dagrun for example_trigger_controller_dag to 2021-01-01 00:00:00+00:00, run_after=2021-01-01 00:00:00+00:00
[2024-03-05T16:22:35.350+0200] {processor.py:183} INFO - Processing /usr/local/lib/python3.8/site-packages/airflow/example_dags/example_trigger_controller_dag.py took 0.176 seconds
