[2024-03-05T15:45:54.955+0200] {processor.py:161} INFO - Started process (PID=4736) to work on /usr/local/lib/python3.8/site-packages/airflow/example_dags/example_xcomargs.py
[2024-03-05T15:45:54.955+0200] {processor.py:830} INFO - Processing file /usr/local/lib/python3.8/site-packages/airflow/example_dags/example_xcomargs.py for tasks to queue
[2024-03-05T15:45:54.956+0200] {logging_mixin.py:188} INFO - [2024-03-05T15:45:54.956+0200] {dagbag.py:540} INFO - Filling up the DagBag from /usr/local/lib/python3.8/site-packages/airflow/example_dags/example_xcomargs.py
[2024-03-05T15:45:54.986+0200] {processor.py:840} INFO - DAG(s) 'example_xcom_args_with_operators', 'example_xcom_args' retrieved from /usr/local/lib/python3.8/site-packages/airflow/example_dags/example_xcomargs.py
[2024-03-05T15:45:55.189+0200] {logging_mixin.py:188} INFO - [2024-03-05T15:45:55.189+0200] {override.py:1769} INFO - Created Permission View: can edit on DAG:example_xcom_args_with_operators
[2024-03-05T15:45:55.196+0200] {logging_mixin.py:188} INFO - [2024-03-05T15:45:55.196+0200] {override.py:1769} INFO - Created Permission View: can read on DAG:example_xcom_args_with_operators
[2024-03-05T15:45:55.202+0200] {logging_mixin.py:188} INFO - [2024-03-05T15:45:55.202+0200] {override.py:1769} INFO - Created Permission View: can delete on DAG:example_xcom_args_with_operators
[2024-03-05T15:45:55.211+0200] {logging_mixin.py:188} INFO - [2024-03-05T15:45:55.211+0200] {override.py:1769} INFO - Created Permission View: can edit on DAG:example_xcom_args
[2024-03-05T15:45:55.215+0200] {logging_mixin.py:188} INFO - [2024-03-05T15:45:55.215+0200] {override.py:1769} INFO - Created Permission View: can read on DAG:example_xcom_args
[2024-03-05T15:45:55.219+0200] {logging_mixin.py:188} INFO - [2024-03-05T15:45:55.219+0200] {override.py:1769} INFO - Created Permission View: can delete on DAG:example_xcom_args
[2024-03-05T15:45:55.220+0200] {logging_mixin.py:188} INFO - [2024-03-05T15:45:55.220+0200] {dag.py:3047} INFO - Sync 2 DAGs
[2024-03-05T15:45:55.227+0200] {logging_mixin.py:188} INFO - [2024-03-05T15:45:55.227+0200] {dag.py:3069} INFO - Creating ORM DAG for example_xcom_args_with_operators
[2024-03-05T15:45:55.228+0200] {logging_mixin.py:188} INFO - [2024-03-05T15:45:55.228+0200] {dag.py:3069} INFO - Creating ORM DAG for example_xcom_args
[2024-03-05T15:45:55.228+0200] {logging_mixin.py:188} INFO - [2024-03-05T15:45:55.228+0200] {dag.py:3834} INFO - Setting next_dagrun for example_xcom_args to None, run_after=None
[2024-03-05T15:45:55.229+0200] {logging_mixin.py:188} INFO - [2024-03-05T15:45:55.229+0200] {dag.py:3834} INFO - Setting next_dagrun for example_xcom_args_with_operators to None, run_after=None
[2024-03-05T15:45:55.242+0200] {processor.py:183} INFO - Processing /usr/local/lib/python3.8/site-packages/airflow/example_dags/example_xcomargs.py took 0.288 seconds
[2024-03-05T15:47:58.575+0200] {processor.py:161} INFO - Started process (PID=4908) to work on /usr/local/lib/python3.8/site-packages/airflow/example_dags/example_xcomargs.py
[2024-03-05T15:47:58.576+0200] {processor.py:830} INFO - Processing file /usr/local/lib/python3.8/site-packages/airflow/example_dags/example_xcomargs.py for tasks to queue
[2024-03-05T15:47:58.577+0200] {logging_mixin.py:188} INFO - [2024-03-05T15:47:58.577+0200] {dagbag.py:540} INFO - Filling up the DagBag from /usr/local/lib/python3.8/site-packages/airflow/example_dags/example_xcomargs.py
[2024-03-05T15:47:58.618+0200] {processor.py:840} INFO - DAG(s) 'example_xcom_args_with_operators', 'example_xcom_args' retrieved from /usr/local/lib/python3.8/site-packages/airflow/example_dags/example_xcomargs.py
[2024-03-05T15:47:58.772+0200] {logging_mixin.py:188} INFO - [2024-03-05T15:47:58.771+0200] {dag.py:3047} INFO - Sync 2 DAGs
[2024-03-05T15:47:58.787+0200] {logging_mixin.py:188} INFO - [2024-03-05T15:47:58.787+0200] {dag.py:3834} INFO - Setting next_dagrun for example_xcom_args to None, run_after=None
[2024-03-05T15:47:58.792+0200] {logging_mixin.py:188} INFO - [2024-03-05T15:47:58.792+0200] {dag.py:3834} INFO - Setting next_dagrun for example_xcom_args_with_operators to None, run_after=None
[2024-03-05T15:47:58.811+0200] {processor.py:183} INFO - Processing /usr/local/lib/python3.8/site-packages/airflow/example_dags/example_xcomargs.py took 0.238 seconds
[2024-03-05T15:49:26.292+0200] {processor.py:161} INFO - Started process (PID=5061) to work on /usr/local/lib/python3.8/site-packages/airflow/example_dags/example_xcomargs.py
[2024-03-05T15:49:26.294+0200] {processor.py:830} INFO - Processing file /usr/local/lib/python3.8/site-packages/airflow/example_dags/example_xcomargs.py for tasks to queue
[2024-03-05T15:49:26.294+0200] {logging_mixin.py:188} INFO - [2024-03-05T15:49:26.294+0200] {dagbag.py:540} INFO - Filling up the DagBag from /usr/local/lib/python3.8/site-packages/airflow/example_dags/example_xcomargs.py
[2024-03-05T15:49:26.329+0200] {processor.py:840} INFO - DAG(s) 'example_xcom_args', 'example_xcom_args_with_operators' retrieved from /usr/local/lib/python3.8/site-packages/airflow/example_dags/example_xcomargs.py
[2024-03-05T15:49:26.476+0200] {logging_mixin.py:188} INFO - [2024-03-05T15:49:26.476+0200] {dag.py:3047} INFO - Sync 2 DAGs
[2024-03-05T15:49:26.486+0200] {logging_mixin.py:188} INFO - [2024-03-05T15:49:26.486+0200] {dag.py:3834} INFO - Setting next_dagrun for example_xcom_args to None, run_after=None
[2024-03-05T15:49:26.489+0200] {logging_mixin.py:188} INFO - [2024-03-05T15:49:26.489+0200] {dag.py:3834} INFO - Setting next_dagrun for example_xcom_args_with_operators to None, run_after=None
[2024-03-05T15:49:26.504+0200] {processor.py:183} INFO - Processing /usr/local/lib/python3.8/site-packages/airflow/example_dags/example_xcomargs.py took 0.214 seconds
[2024-03-05T15:51:00.019+0200] {processor.py:161} INFO - Started process (PID=5169) to work on /usr/local/lib/python3.8/site-packages/airflow/example_dags/example_xcomargs.py
[2024-03-05T15:51:00.020+0200] {processor.py:830} INFO - Processing file /usr/local/lib/python3.8/site-packages/airflow/example_dags/example_xcomargs.py for tasks to queue
[2024-03-05T15:51:00.021+0200] {logging_mixin.py:188} INFO - [2024-03-05T15:51:00.021+0200] {dagbag.py:540} INFO - Filling up the DagBag from /usr/local/lib/python3.8/site-packages/airflow/example_dags/example_xcomargs.py
[2024-03-05T15:51:00.057+0200] {processor.py:840} INFO - DAG(s) 'example_xcom_args', 'example_xcom_args_with_operators' retrieved from /usr/local/lib/python3.8/site-packages/airflow/example_dags/example_xcomargs.py
[2024-03-05T15:51:00.192+0200] {logging_mixin.py:188} INFO - [2024-03-05T15:51:00.191+0200] {dag.py:3047} INFO - Sync 2 DAGs
[2024-03-05T15:51:00.202+0200] {logging_mixin.py:188} INFO - [2024-03-05T15:51:00.201+0200] {dag.py:3834} INFO - Setting next_dagrun for example_xcom_args to None, run_after=None
[2024-03-05T15:51:00.204+0200] {logging_mixin.py:188} INFO - [2024-03-05T15:51:00.204+0200] {dag.py:3834} INFO - Setting next_dagrun for example_xcom_args_with_operators to None, run_after=None
[2024-03-05T15:51:00.220+0200] {processor.py:183} INFO - Processing /usr/local/lib/python3.8/site-packages/airflow/example_dags/example_xcomargs.py took 0.202 seconds
[2024-03-05T15:53:14.143+0200] {processor.py:161} INFO - Started process (PID=5312) to work on /usr/local/lib/python3.8/site-packages/airflow/example_dags/example_xcomargs.py
[2024-03-05T15:53:14.145+0200] {processor.py:830} INFO - Processing file /usr/local/lib/python3.8/site-packages/airflow/example_dags/example_xcomargs.py for tasks to queue
[2024-03-05T15:53:14.145+0200] {logging_mixin.py:188} INFO - [2024-03-05T15:53:14.145+0200] {dagbag.py:540} INFO - Filling up the DagBag from /usr/local/lib/python3.8/site-packages/airflow/example_dags/example_xcomargs.py
[2024-03-05T15:53:14.178+0200] {processor.py:840} INFO - DAG(s) 'example_xcom_args_with_operators', 'example_xcom_args' retrieved from /usr/local/lib/python3.8/site-packages/airflow/example_dags/example_xcomargs.py
[2024-03-05T15:53:14.187+0200] {logging_mixin.py:188} INFO - [2024-03-05T15:53:14.186+0200] {dag.py:3047} INFO - Sync 2 DAGs
[2024-03-05T15:53:14.298+0200] {logging_mixin.py:188} INFO - [2024-03-05T15:53:14.298+0200] {dag.py:3834} INFO - Setting next_dagrun for example_xcom_args to None, run_after=None
[2024-03-05T15:53:14.301+0200] {logging_mixin.py:188} INFO - [2024-03-05T15:53:14.301+0200] {dag.py:3834} INFO - Setting next_dagrun for example_xcom_args_with_operators to None, run_after=None
[2024-03-05T15:53:14.317+0200] {processor.py:183} INFO - Processing /usr/local/lib/python3.8/site-packages/airflow/example_dags/example_xcomargs.py took 0.175 seconds
[2024-03-05T15:55:13.660+0200] {processor.py:161} INFO - Started process (PID=5477) to work on /usr/local/lib/python3.8/site-packages/airflow/example_dags/example_xcomargs.py
[2024-03-05T15:55:13.661+0200] {processor.py:830} INFO - Processing file /usr/local/lib/python3.8/site-packages/airflow/example_dags/example_xcomargs.py for tasks to queue
[2024-03-05T15:55:13.661+0200] {logging_mixin.py:188} INFO - [2024-03-05T15:55:13.661+0200] {dagbag.py:540} INFO - Filling up the DagBag from /usr/local/lib/python3.8/site-packages/airflow/example_dags/example_xcomargs.py
[2024-03-05T15:55:13.696+0200] {processor.py:840} INFO - DAG(s) 'example_xcom_args', 'example_xcom_args_with_operators' retrieved from /usr/local/lib/python3.8/site-packages/airflow/example_dags/example_xcomargs.py
[2024-03-05T15:55:13.907+0200] {logging_mixin.py:188} INFO - [2024-03-05T15:55:13.907+0200] {dag.py:3047} INFO - Sync 2 DAGs
[2024-03-05T15:55:13.914+0200] {logging_mixin.py:188} INFO - [2024-03-05T15:55:13.914+0200] {dag.py:3834} INFO - Setting next_dagrun for example_xcom_args to None, run_after=None
[2024-03-05T15:55:13.916+0200] {logging_mixin.py:188} INFO - [2024-03-05T15:55:13.916+0200] {dag.py:3834} INFO - Setting next_dagrun for example_xcom_args_with_operators to None, run_after=None
[2024-03-05T15:55:13.930+0200] {processor.py:183} INFO - Processing /usr/local/lib/python3.8/site-packages/airflow/example_dags/example_xcomargs.py took 0.271 seconds
[2024-03-05T15:56:44.885+0200] {processor.py:161} INFO - Started process (PID=5575) to work on /usr/local/lib/python3.8/site-packages/airflow/example_dags/example_xcomargs.py
[2024-03-05T15:56:44.887+0200] {processor.py:830} INFO - Processing file /usr/local/lib/python3.8/site-packages/airflow/example_dags/example_xcomargs.py for tasks to queue
[2024-03-05T15:56:44.888+0200] {logging_mixin.py:188} INFO - [2024-03-05T15:56:44.887+0200] {dagbag.py:540} INFO - Filling up the DagBag from /usr/local/lib/python3.8/site-packages/airflow/example_dags/example_xcomargs.py
[2024-03-05T15:56:44.927+0200] {processor.py:840} INFO - DAG(s) 'example_xcom_args', 'example_xcom_args_with_operators' retrieved from /usr/local/lib/python3.8/site-packages/airflow/example_dags/example_xcomargs.py
[2024-03-05T15:56:45.078+0200] {logging_mixin.py:188} INFO - [2024-03-05T15:56:45.077+0200] {dag.py:3047} INFO - Sync 2 DAGs
[2024-03-05T15:56:45.089+0200] {logging_mixin.py:188} INFO - [2024-03-05T15:56:45.089+0200] {dag.py:3834} INFO - Setting next_dagrun for example_xcom_args to None, run_after=None
[2024-03-05T15:56:45.093+0200] {logging_mixin.py:188} INFO - [2024-03-05T15:56:45.093+0200] {dag.py:3834} INFO - Setting next_dagrun for example_xcom_args_with_operators to None, run_after=None
[2024-03-05T15:56:45.110+0200] {processor.py:183} INFO - Processing /usr/local/lib/python3.8/site-packages/airflow/example_dags/example_xcomargs.py took 0.226 seconds
[2024-03-05T15:58:09.022+0200] {processor.py:161} INFO - Started process (PID=5674) to work on /usr/local/lib/python3.8/site-packages/airflow/example_dags/example_xcomargs.py
[2024-03-05T15:58:09.023+0200] {processor.py:830} INFO - Processing file /usr/local/lib/python3.8/site-packages/airflow/example_dags/example_xcomargs.py for tasks to queue
[2024-03-05T15:58:09.023+0200] {logging_mixin.py:188} INFO - [2024-03-05T15:58:09.023+0200] {dagbag.py:540} INFO - Filling up the DagBag from /usr/local/lib/python3.8/site-packages/airflow/example_dags/example_xcomargs.py
[2024-03-05T15:58:09.057+0200] {processor.py:840} INFO - DAG(s) 'example_xcom_args_with_operators', 'example_xcom_args' retrieved from /usr/local/lib/python3.8/site-packages/airflow/example_dags/example_xcomargs.py
[2024-03-05T15:58:09.184+0200] {logging_mixin.py:188} INFO - [2024-03-05T15:58:09.184+0200] {dag.py:3047} INFO - Sync 2 DAGs
[2024-03-05T15:58:09.193+0200] {logging_mixin.py:188} INFO - [2024-03-05T15:58:09.193+0200] {dag.py:3834} INFO - Setting next_dagrun for example_xcom_args to None, run_after=None
[2024-03-05T15:58:09.196+0200] {logging_mixin.py:188} INFO - [2024-03-05T15:58:09.196+0200] {dag.py:3834} INFO - Setting next_dagrun for example_xcom_args_with_operators to None, run_after=None
[2024-03-05T15:58:09.210+0200] {processor.py:183} INFO - Processing /usr/local/lib/python3.8/site-packages/airflow/example_dags/example_xcomargs.py took 0.190 seconds
[2024-03-05T15:59:29.005+0200] {processor.py:161} INFO - Started process (PID=5766) to work on /usr/local/lib/python3.8/site-packages/airflow/example_dags/example_xcomargs.py
[2024-03-05T15:59:29.005+0200] {processor.py:830} INFO - Processing file /usr/local/lib/python3.8/site-packages/airflow/example_dags/example_xcomargs.py for tasks to queue
[2024-03-05T15:59:29.006+0200] {logging_mixin.py:188} INFO - [2024-03-05T15:59:29.006+0200] {dagbag.py:540} INFO - Filling up the DagBag from /usr/local/lib/python3.8/site-packages/airflow/example_dags/example_xcomargs.py
[2024-03-05T15:59:29.035+0200] {processor.py:840} INFO - DAG(s) 'example_xcom_args_with_operators', 'example_xcom_args' retrieved from /usr/local/lib/python3.8/site-packages/airflow/example_dags/example_xcomargs.py
[2024-03-05T15:59:29.159+0200] {logging_mixin.py:188} INFO - [2024-03-05T15:59:29.158+0200] {dag.py:3047} INFO - Sync 2 DAGs
[2024-03-05T15:59:29.168+0200] {logging_mixin.py:188} INFO - [2024-03-05T15:59:29.168+0200] {dag.py:3834} INFO - Setting next_dagrun for example_xcom_args to None, run_after=None
[2024-03-05T15:59:29.171+0200] {logging_mixin.py:188} INFO - [2024-03-05T15:59:29.171+0200] {dag.py:3834} INFO - Setting next_dagrun for example_xcom_args_with_operators to None, run_after=None
[2024-03-05T15:59:29.188+0200] {processor.py:183} INFO - Processing /usr/local/lib/python3.8/site-packages/airflow/example_dags/example_xcomargs.py took 0.185 seconds
[2024-03-05T16:03:13.536+0200] {processor.py:161} INFO - Started process (PID=5906) to work on /usr/local/lib/python3.8/site-packages/airflow/example_dags/example_xcomargs.py
[2024-03-05T16:03:13.538+0200] {processor.py:830} INFO - Processing file /usr/local/lib/python3.8/site-packages/airflow/example_dags/example_xcomargs.py for tasks to queue
[2024-03-05T16:03:13.539+0200] {logging_mixin.py:188} INFO - [2024-03-05T16:03:13.539+0200] {dagbag.py:540} INFO - Filling up the DagBag from /usr/local/lib/python3.8/site-packages/airflow/example_dags/example_xcomargs.py
[2024-03-05T16:03:13.575+0200] {processor.py:840} INFO - DAG(s) 'example_xcom_args_with_operators', 'example_xcom_args' retrieved from /usr/local/lib/python3.8/site-packages/airflow/example_dags/example_xcomargs.py
[2024-03-05T16:03:13.714+0200] {logging_mixin.py:188} INFO - [2024-03-05T16:03:13.714+0200] {dag.py:3047} INFO - Sync 2 DAGs
[2024-03-05T16:03:13.725+0200] {logging_mixin.py:188} INFO - [2024-03-05T16:03:13.724+0200] {dag.py:3834} INFO - Setting next_dagrun for example_xcom_args to None, run_after=None
[2024-03-05T16:03:13.728+0200] {logging_mixin.py:188} INFO - [2024-03-05T16:03:13.727+0200] {dag.py:3834} INFO - Setting next_dagrun for example_xcom_args_with_operators to None, run_after=None
[2024-03-05T16:03:13.744+0200] {processor.py:183} INFO - Processing /usr/local/lib/python3.8/site-packages/airflow/example_dags/example_xcomargs.py took 0.209 seconds
[2024-03-05T16:05:05.286+0200] {processor.py:161} INFO - Started process (PID=6046) to work on /usr/local/lib/python3.8/site-packages/airflow/example_dags/example_xcomargs.py
[2024-03-05T16:05:05.288+0200] {processor.py:830} INFO - Processing file /usr/local/lib/python3.8/site-packages/airflow/example_dags/example_xcomargs.py for tasks to queue
[2024-03-05T16:05:05.289+0200] {logging_mixin.py:188} INFO - [2024-03-05T16:05:05.289+0200] {dagbag.py:540} INFO - Filling up the DagBag from /usr/local/lib/python3.8/site-packages/airflow/example_dags/example_xcomargs.py
[2024-03-05T16:05:05.321+0200] {processor.py:840} INFO - DAG(s) 'example_xcom_args', 'example_xcom_args_with_operators' retrieved from /usr/local/lib/python3.8/site-packages/airflow/example_dags/example_xcomargs.py
[2024-03-05T16:05:05.446+0200] {logging_mixin.py:188} INFO - [2024-03-05T16:05:05.445+0200] {dag.py:3047} INFO - Sync 2 DAGs
[2024-03-05T16:05:05.455+0200] {logging_mixin.py:188} INFO - [2024-03-05T16:05:05.455+0200] {dag.py:3834} INFO - Setting next_dagrun for example_xcom_args to None, run_after=None
[2024-03-05T16:05:05.457+0200] {logging_mixin.py:188} INFO - [2024-03-05T16:05:05.457+0200] {dag.py:3834} INFO - Setting next_dagrun for example_xcom_args_with_operators to None, run_after=None
[2024-03-05T16:05:05.472+0200] {processor.py:183} INFO - Processing /usr/local/lib/python3.8/site-packages/airflow/example_dags/example_xcomargs.py took 0.187 seconds
[2024-03-05T16:06:25.357+0200] {processor.py:161} INFO - Started process (PID=6133) to work on /usr/local/lib/python3.8/site-packages/airflow/example_dags/example_xcomargs.py
[2024-03-05T16:06:25.359+0200] {processor.py:830} INFO - Processing file /usr/local/lib/python3.8/site-packages/airflow/example_dags/example_xcomargs.py for tasks to queue
[2024-03-05T16:06:25.360+0200] {logging_mixin.py:188} INFO - [2024-03-05T16:06:25.360+0200] {dagbag.py:540} INFO - Filling up the DagBag from /usr/local/lib/python3.8/site-packages/airflow/example_dags/example_xcomargs.py
[2024-03-05T16:06:25.393+0200] {processor.py:840} INFO - DAG(s) 'example_xcom_args_with_operators', 'example_xcom_args' retrieved from /usr/local/lib/python3.8/site-packages/airflow/example_dags/example_xcomargs.py
[2024-03-05T16:06:25.519+0200] {logging_mixin.py:188} INFO - [2024-03-05T16:06:25.518+0200] {dag.py:3047} INFO - Sync 2 DAGs
[2024-03-05T16:06:25.528+0200] {logging_mixin.py:188} INFO - [2024-03-05T16:06:25.528+0200] {dag.py:3834} INFO - Setting next_dagrun for example_xcom_args to None, run_after=None
[2024-03-05T16:06:25.531+0200] {logging_mixin.py:188} INFO - [2024-03-05T16:06:25.531+0200] {dag.py:3834} INFO - Setting next_dagrun for example_xcom_args_with_operators to None, run_after=None
[2024-03-05T16:06:25.545+0200] {processor.py:183} INFO - Processing /usr/local/lib/python3.8/site-packages/airflow/example_dags/example_xcomargs.py took 0.190 seconds
[2024-03-05T16:20:44.624+0200] {processor.py:161} INFO - Started process (PID=6280) to work on /usr/local/lib/python3.8/site-packages/airflow/example_dags/example_xcomargs.py
[2024-03-05T16:20:44.626+0200] {processor.py:830} INFO - Processing file /usr/local/lib/python3.8/site-packages/airflow/example_dags/example_xcomargs.py for tasks to queue
[2024-03-05T16:20:44.626+0200] {logging_mixin.py:188} INFO - [2024-03-05T16:20:44.626+0200] {dagbag.py:540} INFO - Filling up the DagBag from /usr/local/lib/python3.8/site-packages/airflow/example_dags/example_xcomargs.py
[2024-03-05T16:20:44.663+0200] {processor.py:840} INFO - DAG(s) 'example_xcom_args_with_operators', 'example_xcom_args' retrieved from /usr/local/lib/python3.8/site-packages/airflow/example_dags/example_xcomargs.py
[2024-03-05T16:20:44.939+0200] {logging_mixin.py:188} INFO - [2024-03-05T16:20:44.939+0200] {dag.py:3047} INFO - Sync 2 DAGs
[2024-03-05T16:20:44.948+0200] {logging_mixin.py:188} INFO - [2024-03-05T16:20:44.948+0200] {dag.py:3834} INFO - Setting next_dagrun for example_xcom_args to None, run_after=None
[2024-03-05T16:20:44.950+0200] {logging_mixin.py:188} INFO - [2024-03-05T16:20:44.950+0200] {dag.py:3834} INFO - Setting next_dagrun for example_xcom_args_with_operators to None, run_after=None
[2024-03-05T16:20:44.968+0200] {processor.py:183} INFO - Processing /usr/local/lib/python3.8/site-packages/airflow/example_dags/example_xcomargs.py took 0.345 seconds
[2024-03-05T16:22:27.112+0200] {processor.py:161} INFO - Started process (PID=6415) to work on /usr/local/lib/python3.8/site-packages/airflow/example_dags/example_xcomargs.py
[2024-03-05T16:22:27.114+0200] {processor.py:830} INFO - Processing file /usr/local/lib/python3.8/site-packages/airflow/example_dags/example_xcomargs.py for tasks to queue
[2024-03-05T16:22:27.116+0200] {logging_mixin.py:188} INFO - [2024-03-05T16:22:27.115+0200] {dagbag.py:540} INFO - Filling up the DagBag from /usr/local/lib/python3.8/site-packages/airflow/example_dags/example_xcomargs.py
[2024-03-05T16:22:27.161+0200] {processor.py:840} INFO - DAG(s) 'example_xcom_args_with_operators', 'example_xcom_args' retrieved from /usr/local/lib/python3.8/site-packages/airflow/example_dags/example_xcomargs.py
[2024-03-05T16:22:27.322+0200] {logging_mixin.py:188} INFO - [2024-03-05T16:22:27.322+0200] {dag.py:3047} INFO - Sync 2 DAGs
[2024-03-05T16:22:27.333+0200] {logging_mixin.py:188} INFO - [2024-03-05T16:22:27.333+0200] {dag.py:3834} INFO - Setting next_dagrun for example_xcom_args to None, run_after=None
[2024-03-05T16:22:27.336+0200] {logging_mixin.py:188} INFO - [2024-03-05T16:22:27.336+0200] {dag.py:3834} INFO - Setting next_dagrun for example_xcom_args_with_operators to None, run_after=None
[2024-03-05T16:22:27.352+0200] {processor.py:183} INFO - Processing /usr/local/lib/python3.8/site-packages/airflow/example_dags/example_xcomargs.py took 0.241 seconds
