[2024-03-05T15:47:25.327+0200] {processor.py:161} INFO - Started process (PID=4870) to work on /usr/local/lib/python3.8/site-packages/airflow/example_dags/example_branch_operator.py
[2024-03-05T15:47:25.328+0200] {processor.py:830} INFO - Processing file /usr/local/lib/python3.8/site-packages/airflow/example_dags/example_branch_operator.py for tasks to queue
[2024-03-05T15:47:25.329+0200] {logging_mixin.py:188} INFO - [2024-03-05T15:47:25.328+0200] {dagbag.py:540} INFO - Filling up the DagBag from /usr/local/lib/python3.8/site-packages/airflow/example_dags/example_branch_operator.py
[2024-03-05T15:47:25.356+0200] {logging_mixin.py:188} INFO - [2024-03-05T15:47:25.355+0200] {dagbag.py:350} ERROR - Failed to import: /usr/local/lib/python3.8/site-packages/airflow/example_dags/example_branch_operator.py
Traceback (most recent call last):
  File "/usr/local/lib/python3.8/site-packages/airflow/models/dagbag.py", line 346, in parse
    loader.exec_module(new_module)
  File "<frozen importlib._bootstrap_external>", line 843, in exec_module
  File "<frozen importlib._bootstrap>", line 219, in _call_with_frames_removed
  File "/usr/local/lib/python3.8/site-packages/airflow/example_dags/example_branch_operator.py", line 138, in <module>
    branching_venv = BranchPythonVirtualenvOperator(
  File "/usr/local/lib/python3.8/site-packages/airflow/models/baseoperator.py", line 437, in apply_defaults
    result = func(self, **kwargs, default_args=default_args)
  File "/usr/local/lib/python3.8/site-packages/airflow/models/baseoperator.py", line 437, in apply_defaults
    result = func(self, **kwargs, default_args=default_args)
  File "/usr/local/lib/python3.8/site-packages/airflow/operators/python.py", line 591, in __init__
    raise AirflowException("PythonVirtualenvOperator requires virtualenv, please install it.")
airflow.exceptions.AirflowException: PythonVirtualenvOperator requires virtualenv, please install it.
[2024-03-05T15:47:25.356+0200] {processor.py:842} WARNING - No viable dags retrieved from /usr/local/lib/python3.8/site-packages/airflow/example_dags/example_branch_operator.py
[2024-03-05T15:47:25.429+0200] {processor.py:183} INFO - Processing /usr/local/lib/python3.8/site-packages/airflow/example_dags/example_branch_operator.py took 0.102 seconds
[2024-03-05T15:50:23.992+0200] {processor.py:161} INFO - Started process (PID=5123) to work on /usr/local/lib/python3.8/site-packages/airflow/example_dags/example_branch_operator.py
[2024-03-05T15:50:23.994+0200] {processor.py:830} INFO - Processing file /usr/local/lib/python3.8/site-packages/airflow/example_dags/example_branch_operator.py for tasks to queue
[2024-03-05T15:50:23.994+0200] {logging_mixin.py:188} INFO - [2024-03-05T15:50:23.994+0200] {dagbag.py:540} INFO - Filling up the DagBag from /usr/local/lib/python3.8/site-packages/airflow/example_dags/example_branch_operator.py
[2024-03-05T15:50:24.023+0200] {logging_mixin.py:188} INFO - [2024-03-05T15:50:24.022+0200] {dagbag.py:350} ERROR - Failed to import: /usr/local/lib/python3.8/site-packages/airflow/example_dags/example_branch_operator.py
Traceback (most recent call last):
  File "/usr/local/lib/python3.8/site-packages/airflow/models/dagbag.py", line 346, in parse
    loader.exec_module(new_module)
  File "<frozen importlib._bootstrap_external>", line 843, in exec_module
  File "<frozen importlib._bootstrap>", line 219, in _call_with_frames_removed
  File "/usr/local/lib/python3.8/site-packages/airflow/example_dags/example_branch_operator.py", line 138, in <module>
    branching_venv = BranchPythonVirtualenvOperator(
  File "/usr/local/lib/python3.8/site-packages/airflow/models/baseoperator.py", line 437, in apply_defaults
    result = func(self, **kwargs, default_args=default_args)
  File "/usr/local/lib/python3.8/site-packages/airflow/models/baseoperator.py", line 437, in apply_defaults
    result = func(self, **kwargs, default_args=default_args)
  File "/usr/local/lib/python3.8/site-packages/airflow/operators/python.py", line 591, in __init__
    raise AirflowException("PythonVirtualenvOperator requires virtualenv, please install it.")
airflow.exceptions.AirflowException: PythonVirtualenvOperator requires virtualenv, please install it.
[2024-03-05T15:50:24.023+0200] {processor.py:842} WARNING - No viable dags retrieved from /usr/local/lib/python3.8/site-packages/airflow/example_dags/example_branch_operator.py
[2024-03-05T15:50:24.101+0200] {processor.py:183} INFO - Processing /usr/local/lib/python3.8/site-packages/airflow/example_dags/example_branch_operator.py took 0.110 seconds
[2024-03-05T15:54:39.774+0200] {processor.py:161} INFO - Started process (PID=5395) to work on /usr/local/lib/python3.8/site-packages/airflow/example_dags/example_branch_operator.py
[2024-03-05T15:54:39.776+0200] {processor.py:830} INFO - Processing file /usr/local/lib/python3.8/site-packages/airflow/example_dags/example_branch_operator.py for tasks to queue
[2024-03-05T15:54:39.776+0200] {logging_mixin.py:188} INFO - [2024-03-05T15:54:39.776+0200] {dagbag.py:540} INFO - Filling up the DagBag from /usr/local/lib/python3.8/site-packages/airflow/example_dags/example_branch_operator.py
[2024-03-05T15:54:39.805+0200] {logging_mixin.py:188} INFO - [2024-03-05T15:54:39.804+0200] {dagbag.py:350} ERROR - Failed to import: /usr/local/lib/python3.8/site-packages/airflow/example_dags/example_branch_operator.py
Traceback (most recent call last):
  File "/usr/local/lib/python3.8/site-packages/airflow/models/dagbag.py", line 346, in parse
    loader.exec_module(new_module)
  File "<frozen importlib._bootstrap_external>", line 843, in exec_module
  File "<frozen importlib._bootstrap>", line 219, in _call_with_frames_removed
  File "/usr/local/lib/python3.8/site-packages/airflow/example_dags/example_branch_operator.py", line 138, in <module>
    branching_venv = BranchPythonVirtualenvOperator(
  File "/usr/local/lib/python3.8/site-packages/airflow/models/baseoperator.py", line 437, in apply_defaults
    result = func(self, **kwargs, default_args=default_args)
  File "/usr/local/lib/python3.8/site-packages/airflow/models/baseoperator.py", line 437, in apply_defaults
    result = func(self, **kwargs, default_args=default_args)
  File "/usr/local/lib/python3.8/site-packages/airflow/operators/python.py", line 591, in __init__
    raise AirflowException("PythonVirtualenvOperator requires virtualenv, please install it.")
airflow.exceptions.AirflowException: PythonVirtualenvOperator requires virtualenv, please install it.
[2024-03-05T15:54:39.806+0200] {processor.py:842} WARNING - No viable dags retrieved from /usr/local/lib/python3.8/site-packages/airflow/example_dags/example_branch_operator.py
[2024-03-05T15:54:39.882+0200] {processor.py:183} INFO - Processing /usr/local/lib/python3.8/site-packages/airflow/example_dags/example_branch_operator.py took 0.109 seconds
[2024-03-05T15:57:36.645+0200] {processor.py:161} INFO - Started process (PID=5636) to work on /usr/local/lib/python3.8/site-packages/airflow/example_dags/example_branch_operator.py
[2024-03-05T15:57:36.647+0200] {processor.py:830} INFO - Processing file /usr/local/lib/python3.8/site-packages/airflow/example_dags/example_branch_operator.py for tasks to queue
[2024-03-05T15:57:36.647+0200] {logging_mixin.py:188} INFO - [2024-03-05T15:57:36.647+0200] {dagbag.py:540} INFO - Filling up the DagBag from /usr/local/lib/python3.8/site-packages/airflow/example_dags/example_branch_operator.py
[2024-03-05T15:57:36.673+0200] {logging_mixin.py:188} INFO - [2024-03-05T15:57:36.672+0200] {dagbag.py:350} ERROR - Failed to import: /usr/local/lib/python3.8/site-packages/airflow/example_dags/example_branch_operator.py
Traceback (most recent call last):
  File "/usr/local/lib/python3.8/site-packages/airflow/models/dagbag.py", line 346, in parse
    loader.exec_module(new_module)
  File "<frozen importlib._bootstrap_external>", line 843, in exec_module
  File "<frozen importlib._bootstrap>", line 219, in _call_with_frames_removed
  File "/usr/local/lib/python3.8/site-packages/airflow/example_dags/example_branch_operator.py", line 138, in <module>
    branching_venv = BranchPythonVirtualenvOperator(
  File "/usr/local/lib/python3.8/site-packages/airflow/models/baseoperator.py", line 437, in apply_defaults
    result = func(self, **kwargs, default_args=default_args)
  File "/usr/local/lib/python3.8/site-packages/airflow/models/baseoperator.py", line 437, in apply_defaults
    result = func(self, **kwargs, default_args=default_args)
  File "/usr/local/lib/python3.8/site-packages/airflow/operators/python.py", line 591, in __init__
    raise AirflowException("PythonVirtualenvOperator requires virtualenv, please install it.")
airflow.exceptions.AirflowException: PythonVirtualenvOperator requires virtualenv, please install it.
[2024-03-05T15:57:36.674+0200] {processor.py:842} WARNING - No viable dags retrieved from /usr/local/lib/python3.8/site-packages/airflow/example_dags/example_branch_operator.py
[2024-03-05T15:57:36.747+0200] {processor.py:183} INFO - Processing /usr/local/lib/python3.8/site-packages/airflow/example_dags/example_branch_operator.py took 0.103 seconds
[2024-03-05T16:00:14.310+0200] {processor.py:161} INFO - Started process (PID=5819) to work on /usr/local/lib/python3.8/site-packages/airflow/example_dags/example_branch_operator.py
[2024-03-05T16:00:14.310+0200] {processor.py:830} INFO - Processing file /usr/local/lib/python3.8/site-packages/airflow/example_dags/example_branch_operator.py for tasks to queue
[2024-03-05T16:00:14.311+0200] {logging_mixin.py:188} INFO - [2024-03-05T16:00:14.311+0200] {dagbag.py:540} INFO - Filling up the DagBag from /usr/local/lib/python3.8/site-packages/airflow/example_dags/example_branch_operator.py
[2024-03-05T16:00:14.334+0200] {logging_mixin.py:188} INFO - [2024-03-05T16:00:14.333+0200] {dagbag.py:350} ERROR - Failed to import: /usr/local/lib/python3.8/site-packages/airflow/example_dags/example_branch_operator.py
Traceback (most recent call last):
  File "/usr/local/lib/python3.8/site-packages/airflow/models/dagbag.py", line 346, in parse
    loader.exec_module(new_module)
  File "<frozen importlib._bootstrap_external>", line 843, in exec_module
  File "<frozen importlib._bootstrap>", line 219, in _call_with_frames_removed
  File "/usr/local/lib/python3.8/site-packages/airflow/example_dags/example_branch_operator.py", line 138, in <module>
    branching_venv = BranchPythonVirtualenvOperator(
  File "/usr/local/lib/python3.8/site-packages/airflow/models/baseoperator.py", line 437, in apply_defaults
    result = func(self, **kwargs, default_args=default_args)
  File "/usr/local/lib/python3.8/site-packages/airflow/models/baseoperator.py", line 437, in apply_defaults
    result = func(self, **kwargs, default_args=default_args)
  File "/usr/local/lib/python3.8/site-packages/airflow/operators/python.py", line 591, in __init__
    raise AirflowException("PythonVirtualenvOperator requires virtualenv, please install it.")
airflow.exceptions.AirflowException: PythonVirtualenvOperator requires virtualenv, please install it.
[2024-03-05T16:00:14.335+0200] {processor.py:842} WARNING - No viable dags retrieved from /usr/local/lib/python3.8/site-packages/airflow/example_dags/example_branch_operator.py
[2024-03-05T16:00:14.407+0200] {processor.py:183} INFO - Processing /usr/local/lib/python3.8/site-packages/airflow/example_dags/example_branch_operator.py took 0.098 seconds
[2024-03-05T16:04:35.488+0200] {processor.py:161} INFO - Started process (PID=6002) to work on /usr/local/lib/python3.8/site-packages/airflow/example_dags/example_branch_operator.py
[2024-03-05T16:04:35.490+0200] {processor.py:830} INFO - Processing file /usr/local/lib/python3.8/site-packages/airflow/example_dags/example_branch_operator.py for tasks to queue
[2024-03-05T16:04:35.490+0200] {logging_mixin.py:188} INFO - [2024-03-05T16:04:35.490+0200] {dagbag.py:540} INFO - Filling up the DagBag from /usr/local/lib/python3.8/site-packages/airflow/example_dags/example_branch_operator.py
[2024-03-05T16:04:35.519+0200] {logging_mixin.py:188} INFO - [2024-03-05T16:04:35.517+0200] {dagbag.py:350} ERROR - Failed to import: /usr/local/lib/python3.8/site-packages/airflow/example_dags/example_branch_operator.py
Traceback (most recent call last):
  File "/usr/local/lib/python3.8/site-packages/airflow/models/dagbag.py", line 346, in parse
    loader.exec_module(new_module)
  File "<frozen importlib._bootstrap_external>", line 843, in exec_module
  File "<frozen importlib._bootstrap>", line 219, in _call_with_frames_removed
  File "/usr/local/lib/python3.8/site-packages/airflow/example_dags/example_branch_operator.py", line 138, in <module>
    branching_venv = BranchPythonVirtualenvOperator(
  File "/usr/local/lib/python3.8/site-packages/airflow/models/baseoperator.py", line 437, in apply_defaults
    result = func(self, **kwargs, default_args=default_args)
  File "/usr/local/lib/python3.8/site-packages/airflow/models/baseoperator.py", line 437, in apply_defaults
    result = func(self, **kwargs, default_args=default_args)
  File "/usr/local/lib/python3.8/site-packages/airflow/operators/python.py", line 591, in __init__
    raise AirflowException("PythonVirtualenvOperator requires virtualenv, please install it.")
airflow.exceptions.AirflowException: PythonVirtualenvOperator requires virtualenv, please install it.
[2024-03-05T16:04:35.519+0200] {processor.py:842} WARNING - No viable dags retrieved from /usr/local/lib/python3.8/site-packages/airflow/example_dags/example_branch_operator.py
[2024-03-05T16:04:35.595+0200] {processor.py:183} INFO - Processing /usr/local/lib/python3.8/site-packages/airflow/example_dags/example_branch_operator.py took 0.109 seconds
[2024-03-05T16:20:07.097+0200] {processor.py:161} INFO - Started process (PID=6240) to work on /usr/local/lib/python3.8/site-packages/airflow/example_dags/example_branch_operator.py
[2024-03-05T16:20:07.099+0200] {processor.py:830} INFO - Processing file /usr/local/lib/python3.8/site-packages/airflow/example_dags/example_branch_operator.py for tasks to queue
[2024-03-05T16:20:07.099+0200] {logging_mixin.py:188} INFO - [2024-03-05T16:20:07.099+0200] {dagbag.py:540} INFO - Filling up the DagBag from /usr/local/lib/python3.8/site-packages/airflow/example_dags/example_branch_operator.py
[2024-03-05T16:20:07.128+0200] {logging_mixin.py:188} INFO - [2024-03-05T16:20:07.126+0200] {dagbag.py:350} ERROR - Failed to import: /usr/local/lib/python3.8/site-packages/airflow/example_dags/example_branch_operator.py
Traceback (most recent call last):
  File "/usr/local/lib/python3.8/site-packages/airflow/models/dagbag.py", line 346, in parse
    loader.exec_module(new_module)
  File "<frozen importlib._bootstrap_external>", line 843, in exec_module
  File "<frozen importlib._bootstrap>", line 219, in _call_with_frames_removed
  File "/usr/local/lib/python3.8/site-packages/airflow/example_dags/example_branch_operator.py", line 138, in <module>
    branching_venv = BranchPythonVirtualenvOperator(
  File "/usr/local/lib/python3.8/site-packages/airflow/models/baseoperator.py", line 437, in apply_defaults
    result = func(self, **kwargs, default_args=default_args)
  File "/usr/local/lib/python3.8/site-packages/airflow/models/baseoperator.py", line 437, in apply_defaults
    result = func(self, **kwargs, default_args=default_args)
  File "/usr/local/lib/python3.8/site-packages/airflow/operators/python.py", line 591, in __init__
    raise AirflowException("PythonVirtualenvOperator requires virtualenv, please install it.")
airflow.exceptions.AirflowException: PythonVirtualenvOperator requires virtualenv, please install it.
[2024-03-05T16:20:07.128+0200] {processor.py:842} WARNING - No viable dags retrieved from /usr/local/lib/python3.8/site-packages/airflow/example_dags/example_branch_operator.py
[2024-03-05T16:20:07.205+0200] {processor.py:183} INFO - Processing /usr/local/lib/python3.8/site-packages/airflow/example_dags/example_branch_operator.py took 0.109 seconds
