[2024-03-06T09:50:09.524+0200] {processor.py:161} INFO - Started process (PID=2182) to work on /Users/abatcoveanu/airflow/dags/aasddd.py
[2024-03-06T09:50:09.525+0200] {processor.py:830} INFO - Processing file /Users/abatcoveanu/airflow/dags/aasddd.py for tasks to queue
[2024-03-06T09:50:09.525+0200] {logging_mixin.py:188} INFO - [2024-03-06T09:50:09.525+0200] {dagbag.py:540} INFO - Filling up the DagBag from /Users/abatcoveanu/airflow/dags/aasddd.py
[2024-03-06T09:50:09.550+0200] {processor.py:840} INFO - DAG(s) 'dag_id_1', 'dag_id_3', 'dag_id_2' retrieved from /Users/abatcoveanu/airflow/dags/aasddd.py
[2024-03-06T09:50:09.774+0200] {logging_mixin.py:188} INFO - [2024-03-06T09:50:09.773+0200] {dag.py:3047} INFO - Sync 3 DAGs
[2024-03-06T09:50:09.782+0200] {logging_mixin.py:188} INFO - [2024-03-06T09:50:09.782+0200] {dag.py:3834} INFO - Setting next_dagrun for dag_id_1 to None, run_after=None
[2024-03-06T09:50:09.784+0200] {logging_mixin.py:188} INFO - [2024-03-06T09:50:09.784+0200] {dag.py:3834} INFO - Setting next_dagrun for dag_id_2 to None, run_after=None
[2024-03-06T09:50:09.785+0200] {logging_mixin.py:188} INFO - [2024-03-06T09:50:09.785+0200] {dag.py:3834} INFO - Setting next_dagrun for dag_id_3 to None, run_after=None
[2024-03-06T09:50:09.800+0200] {processor.py:183} INFO - Processing /Users/abatcoveanu/airflow/dags/aasddd.py took 0.277 seconds
[2024-03-06T09:53:34.698+0200] {processor.py:161} INFO - Started process (PID=2437) to work on /Users/abatcoveanu/airflow/dags/aasddd.py
[2024-03-06T09:53:34.700+0200] {processor.py:830} INFO - Processing file /Users/abatcoveanu/airflow/dags/aasddd.py for tasks to queue
[2024-03-06T09:53:34.700+0200] {logging_mixin.py:188} INFO - [2024-03-06T09:53:34.700+0200] {dagbag.py:540} INFO - Filling up the DagBag from /Users/abatcoveanu/airflow/dags/aasddd.py
[2024-03-06T09:53:34.727+0200] {processor.py:840} INFO - DAG(s) 'dag_id_1', 'dag_id_3', 'dag_id_2' retrieved from /Users/abatcoveanu/airflow/dags/aasddd.py
[2024-03-06T09:53:34.868+0200] {logging_mixin.py:188} INFO - [2024-03-06T09:53:34.867+0200] {dag.py:3047} INFO - Sync 3 DAGs
[2024-03-06T09:53:34.878+0200] {logging_mixin.py:188} INFO - [2024-03-06T09:53:34.878+0200] {dag.py:3834} INFO - Setting next_dagrun for dag_id_1 to None, run_after=None
[2024-03-06T09:53:34.881+0200] {logging_mixin.py:188} INFO - [2024-03-06T09:53:34.881+0200] {dag.py:3834} INFO - Setting next_dagrun for dag_id_2 to None, run_after=None
[2024-03-06T09:53:34.882+0200] {logging_mixin.py:188} INFO - [2024-03-06T09:53:34.882+0200] {dag.py:3834} INFO - Setting next_dagrun for dag_id_3 to None, run_after=None
[2024-03-06T09:53:34.897+0200] {processor.py:183} INFO - Processing /Users/abatcoveanu/airflow/dags/aasddd.py took 0.201 seconds
[2024-03-06T09:56:41.666+0200] {processor.py:161} INFO - Started process (PID=2635) to work on /Users/abatcoveanu/airflow/dags/aasddd.py
[2024-03-06T09:56:41.674+0200] {processor.py:830} INFO - Processing file /Users/abatcoveanu/airflow/dags/aasddd.py for tasks to queue
[2024-03-06T09:56:41.675+0200] {logging_mixin.py:188} INFO - [2024-03-06T09:56:41.675+0200] {dagbag.py:540} INFO - Filling up the DagBag from /Users/abatcoveanu/airflow/dags/aasddd.py
[2024-03-06T09:56:41.701+0200] {processor.py:840} INFO - DAG(s) 'dag_id_1', 'dag_id_2', 'dag_id_3' retrieved from /Users/abatcoveanu/airflow/dags/aasddd.py
[2024-03-06T09:56:41.832+0200] {logging_mixin.py:188} INFO - [2024-03-06T09:56:41.832+0200] {dag.py:3047} INFO - Sync 3 DAGs
[2024-03-06T09:56:41.842+0200] {logging_mixin.py:188} INFO - [2024-03-06T09:56:41.842+0200] {dag.py:3834} INFO - Setting next_dagrun for dag_id_1 to None, run_after=None
[2024-03-06T09:56:41.845+0200] {logging_mixin.py:188} INFO - [2024-03-06T09:56:41.845+0200] {dag.py:3834} INFO - Setting next_dagrun for dag_id_2 to None, run_after=None
[2024-03-06T09:56:41.846+0200] {logging_mixin.py:188} INFO - [2024-03-06T09:56:41.846+0200] {dag.py:3834} INFO - Setting next_dagrun for dag_id_3 to None, run_after=None
[2024-03-06T09:56:41.865+0200] {processor.py:183} INFO - Processing /Users/abatcoveanu/airflow/dags/aasddd.py took 0.200 seconds
[2024-03-06T09:59:51.228+0200] {processor.py:161} INFO - Started process (PID=2846) to work on /Users/abatcoveanu/airflow/dags/aasddd.py
[2024-03-06T09:59:51.230+0200] {processor.py:830} INFO - Processing file /Users/abatcoveanu/airflow/dags/aasddd.py for tasks to queue
[2024-03-06T09:59:51.231+0200] {logging_mixin.py:188} INFO - [2024-03-06T09:59:51.231+0200] {dagbag.py:540} INFO - Filling up the DagBag from /Users/abatcoveanu/airflow/dags/aasddd.py
[2024-03-06T09:59:51.265+0200] {processor.py:840} INFO - DAG(s) 'dag_id_2', 'dag_id_3', 'dag_id_1' retrieved from /Users/abatcoveanu/airflow/dags/aasddd.py
[2024-03-06T09:59:51.402+0200] {logging_mixin.py:188} INFO - [2024-03-06T09:59:51.402+0200] {dag.py:3047} INFO - Sync 3 DAGs
[2024-03-06T09:59:51.412+0200] {logging_mixin.py:188} INFO - [2024-03-06T09:59:51.412+0200] {dag.py:3834} INFO - Setting next_dagrun for dag_id_1 to None, run_after=None
[2024-03-06T09:59:51.415+0200] {logging_mixin.py:188} INFO - [2024-03-06T09:59:51.415+0200] {dag.py:3834} INFO - Setting next_dagrun for dag_id_2 to None, run_after=None
[2024-03-06T09:59:51.416+0200] {logging_mixin.py:188} INFO - [2024-03-06T09:59:51.416+0200] {dag.py:3834} INFO - Setting next_dagrun for dag_id_3 to None, run_after=None
[2024-03-06T09:59:51.434+0200] {processor.py:183} INFO - Processing /Users/abatcoveanu/airflow/dags/aasddd.py took 0.207 seconds
[2024-03-06T10:02:35.003+0200] {processor.py:161} INFO - Started process (PID=3033) to work on /Users/abatcoveanu/airflow/dags/aasddd.py
[2024-03-06T10:02:35.004+0200] {processor.py:830} INFO - Processing file /Users/abatcoveanu/airflow/dags/aasddd.py for tasks to queue
[2024-03-06T10:02:35.004+0200] {logging_mixin.py:188} INFO - [2024-03-06T10:02:35.004+0200] {dagbag.py:540} INFO - Filling up the DagBag from /Users/abatcoveanu/airflow/dags/aasddd.py
[2024-03-06T10:02:35.027+0200] {processor.py:840} INFO - DAG(s) 'dag_id_1', 'dag_id_2', 'dag_id_3' retrieved from /Users/abatcoveanu/airflow/dags/aasddd.py
[2024-03-06T10:02:35.152+0200] {logging_mixin.py:188} INFO - [2024-03-06T10:02:35.151+0200] {dag.py:3047} INFO - Sync 3 DAGs
[2024-03-06T10:02:35.161+0200] {logging_mixin.py:188} INFO - [2024-03-06T10:02:35.161+0200] {dag.py:3834} INFO - Setting next_dagrun for dag_id_1 to None, run_after=None
[2024-03-06T10:02:35.164+0200] {logging_mixin.py:188} INFO - [2024-03-06T10:02:35.164+0200] {dag.py:3834} INFO - Setting next_dagrun for dag_id_2 to None, run_after=None
[2024-03-06T10:02:35.165+0200] {logging_mixin.py:188} INFO - [2024-03-06T10:02:35.165+0200] {dag.py:3834} INFO - Setting next_dagrun for dag_id_3 to None, run_after=None
[2024-03-06T10:02:35.181+0200] {processor.py:183} INFO - Processing /Users/abatcoveanu/airflow/dags/aasddd.py took 0.179 seconds
[2024-03-06T10:05:21.179+0200] {processor.py:161} INFO - Started process (PID=3214) to work on /Users/abatcoveanu/airflow/dags/aasddd.py
[2024-03-06T10:05:21.179+0200] {processor.py:830} INFO - Processing file /Users/abatcoveanu/airflow/dags/aasddd.py for tasks to queue
[2024-03-06T10:05:21.180+0200] {logging_mixin.py:188} INFO - [2024-03-06T10:05:21.180+0200] {dagbag.py:540} INFO - Filling up the DagBag from /Users/abatcoveanu/airflow/dags/aasddd.py
[2024-03-06T10:05:21.199+0200] {processor.py:840} INFO - DAG(s) 'dag_id_3', 'dag_id_1', 'dag_id_2' retrieved from /Users/abatcoveanu/airflow/dags/aasddd.py
[2024-03-06T10:05:21.323+0200] {logging_mixin.py:188} INFO - [2024-03-06T10:05:21.323+0200] {dag.py:3047} INFO - Sync 3 DAGs
[2024-03-06T10:05:21.333+0200] {logging_mixin.py:188} INFO - [2024-03-06T10:05:21.333+0200] {dag.py:3834} INFO - Setting next_dagrun for dag_id_1 to None, run_after=None
[2024-03-06T10:05:21.336+0200] {logging_mixin.py:188} INFO - [2024-03-06T10:05:21.336+0200] {dag.py:3834} INFO - Setting next_dagrun for dag_id_2 to None, run_after=None
[2024-03-06T10:05:21.337+0200] {logging_mixin.py:188} INFO - [2024-03-06T10:05:21.337+0200] {dag.py:3834} INFO - Setting next_dagrun for dag_id_3 to None, run_after=None
[2024-03-06T10:05:21.355+0200] {processor.py:183} INFO - Processing /Users/abatcoveanu/airflow/dags/aasddd.py took 0.178 seconds
[2024-03-06T10:07:54.375+0200] {processor.py:161} INFO - Started process (PID=3375) to work on /Users/abatcoveanu/airflow/dags/aasddd.py
[2024-03-06T10:07:54.376+0200] {processor.py:830} INFO - Processing file /Users/abatcoveanu/airflow/dags/aasddd.py for tasks to queue
[2024-03-06T10:07:54.377+0200] {logging_mixin.py:188} INFO - [2024-03-06T10:07:54.377+0200] {dagbag.py:540} INFO - Filling up the DagBag from /Users/abatcoveanu/airflow/dags/aasddd.py
[2024-03-06T10:07:54.401+0200] {processor.py:840} INFO - DAG(s) 'dag_id_2', 'dag_id_1', 'dag_id_3' retrieved from /Users/abatcoveanu/airflow/dags/aasddd.py
[2024-03-06T10:07:54.537+0200] {logging_mixin.py:188} INFO - [2024-03-06T10:07:54.536+0200] {dag.py:3047} INFO - Sync 3 DAGs
[2024-03-06T10:07:54.546+0200] {logging_mixin.py:188} INFO - [2024-03-06T10:07:54.546+0200] {dag.py:3834} INFO - Setting next_dagrun for dag_id_1 to None, run_after=None
[2024-03-06T10:07:54.549+0200] {logging_mixin.py:188} INFO - [2024-03-06T10:07:54.549+0200] {dag.py:3834} INFO - Setting next_dagrun for dag_id_2 to None, run_after=None
[2024-03-06T10:07:54.550+0200] {logging_mixin.py:188} INFO - [2024-03-06T10:07:54.550+0200] {dag.py:3834} INFO - Setting next_dagrun for dag_id_3 to None, run_after=None
[2024-03-06T10:07:54.568+0200] {processor.py:183} INFO - Processing /Users/abatcoveanu/airflow/dags/aasddd.py took 0.194 seconds
[2024-03-06T10:11:04.730+0200] {processor.py:161} INFO - Started process (PID=3601) to work on /Users/abatcoveanu/airflow/dags/aasddd.py
[2024-03-06T10:11:04.732+0200] {processor.py:830} INFO - Processing file /Users/abatcoveanu/airflow/dags/aasddd.py for tasks to queue
[2024-03-06T10:11:04.733+0200] {logging_mixin.py:188} INFO - [2024-03-06T10:11:04.732+0200] {dagbag.py:540} INFO - Filling up the DagBag from /Users/abatcoveanu/airflow/dags/aasddd.py
[2024-03-06T10:11:04.757+0200] {processor.py:840} INFO - DAG(s) 'dag_id_1', 'dag_id_2', 'dag_id_3' retrieved from /Users/abatcoveanu/airflow/dags/aasddd.py
[2024-03-06T10:11:04.887+0200] {logging_mixin.py:188} INFO - [2024-03-06T10:11:04.887+0200] {dag.py:3047} INFO - Sync 3 DAGs
[2024-03-06T10:11:04.897+0200] {logging_mixin.py:188} INFO - [2024-03-06T10:11:04.897+0200] {dag.py:3834} INFO - Setting next_dagrun for dag_id_1 to None, run_after=None
[2024-03-06T10:11:04.901+0200] {logging_mixin.py:188} INFO - [2024-03-06T10:11:04.900+0200] {dag.py:3834} INFO - Setting next_dagrun for dag_id_2 to None, run_after=None
[2024-03-06T10:11:04.902+0200] {logging_mixin.py:188} INFO - [2024-03-06T10:11:04.902+0200] {dag.py:3834} INFO - Setting next_dagrun for dag_id_3 to None, run_after=None
[2024-03-06T10:11:04.919+0200] {processor.py:183} INFO - Processing /Users/abatcoveanu/airflow/dags/aasddd.py took 0.190 seconds
[2024-03-06T10:14:22.018+0200] {processor.py:161} INFO - Started process (PID=3877) to work on /Users/abatcoveanu/airflow/dags/aasddd.py
[2024-03-06T10:14:22.020+0200] {processor.py:830} INFO - Processing file /Users/abatcoveanu/airflow/dags/aasddd.py for tasks to queue
[2024-03-06T10:14:22.020+0200] {logging_mixin.py:188} INFO - [2024-03-06T10:14:22.020+0200] {dagbag.py:540} INFO - Filling up the DagBag from /Users/abatcoveanu/airflow/dags/aasddd.py
[2024-03-06T10:14:22.044+0200] {processor.py:840} INFO - DAG(s) 'dag_id_3', 'dag_id_2', 'dag_id_1' retrieved from /Users/abatcoveanu/airflow/dags/aasddd.py
[2024-03-06T10:14:22.169+0200] {logging_mixin.py:188} INFO - [2024-03-06T10:14:22.169+0200] {dag.py:3047} INFO - Sync 3 DAGs
[2024-03-06T10:14:22.179+0200] {logging_mixin.py:188} INFO - [2024-03-06T10:14:22.178+0200] {dag.py:3834} INFO - Setting next_dagrun for dag_id_1 to None, run_after=None
[2024-03-06T10:14:22.181+0200] {logging_mixin.py:188} INFO - [2024-03-06T10:14:22.181+0200] {dag.py:3834} INFO - Setting next_dagrun for dag_id_2 to None, run_after=None
[2024-03-06T10:14:22.182+0200] {logging_mixin.py:188} INFO - [2024-03-06T10:14:22.182+0200] {dag.py:3834} INFO - Setting next_dagrun for dag_id_3 to None, run_after=None
[2024-03-06T10:14:22.199+0200] {processor.py:183} INFO - Processing /Users/abatcoveanu/airflow/dags/aasddd.py took 0.182 seconds
[2024-03-06T10:17:47.052+0200] {processor.py:161} INFO - Started process (PID=4091) to work on /Users/abatcoveanu/airflow/dags/aasddd.py
[2024-03-06T10:17:47.053+0200] {processor.py:830} INFO - Processing file /Users/abatcoveanu/airflow/dags/aasddd.py for tasks to queue
[2024-03-06T10:17:47.054+0200] {logging_mixin.py:188} INFO - [2024-03-06T10:17:47.054+0200] {dagbag.py:540} INFO - Filling up the DagBag from /Users/abatcoveanu/airflow/dags/aasddd.py
[2024-03-06T10:17:47.076+0200] {processor.py:840} INFO - DAG(s) 'dag_id_2', 'dag_id_1', 'dag_id_3' retrieved from /Users/abatcoveanu/airflow/dags/aasddd.py
[2024-03-06T10:17:47.203+0200] {logging_mixin.py:188} INFO - [2024-03-06T10:17:47.203+0200] {dag.py:3047} INFO - Sync 3 DAGs
[2024-03-06T10:17:47.213+0200] {logging_mixin.py:188} INFO - [2024-03-06T10:17:47.212+0200] {dag.py:3834} INFO - Setting next_dagrun for dag_id_1 to None, run_after=None
[2024-03-06T10:17:47.215+0200] {logging_mixin.py:188} INFO - [2024-03-06T10:17:47.215+0200] {dag.py:3834} INFO - Setting next_dagrun for dag_id_2 to None, run_after=None
[2024-03-06T10:17:47.216+0200] {logging_mixin.py:188} INFO - [2024-03-06T10:17:47.216+0200] {dag.py:3834} INFO - Setting next_dagrun for dag_id_3 to None, run_after=None
[2024-03-06T10:17:47.232+0200] {processor.py:183} INFO - Processing /Users/abatcoveanu/airflow/dags/aasddd.py took 0.180 seconds
[2024-03-06T10:23:19.538+0200] {processor.py:161} INFO - Started process (PID=4453) to work on /Users/abatcoveanu/airflow/dags/aasddd.py
[2024-03-06T10:23:19.540+0200] {processor.py:830} INFO - Processing file /Users/abatcoveanu/airflow/dags/aasddd.py for tasks to queue
[2024-03-06T10:23:19.540+0200] {logging_mixin.py:188} INFO - [2024-03-06T10:23:19.540+0200] {dagbag.py:540} INFO - Filling up the DagBag from /Users/abatcoveanu/airflow/dags/aasddd.py
[2024-03-06T10:23:19.565+0200] {processor.py:840} INFO - DAG(s) 'dag_id_3', 'dag_id_2', 'dag_id_1' retrieved from /Users/abatcoveanu/airflow/dags/aasddd.py
[2024-03-06T10:23:19.810+0200] {logging_mixin.py:188} INFO - [2024-03-06T10:23:19.810+0200] {dag.py:3047} INFO - Sync 3 DAGs
[2024-03-06T10:23:19.818+0200] {logging_mixin.py:188} INFO - [2024-03-06T10:23:19.818+0200] {dag.py:3834} INFO - Setting next_dagrun for dag_id_1 to None, run_after=None
[2024-03-06T10:23:19.820+0200] {logging_mixin.py:188} INFO - [2024-03-06T10:23:19.820+0200] {dag.py:3834} INFO - Setting next_dagrun for dag_id_2 to None, run_after=None
[2024-03-06T10:23:19.821+0200] {logging_mixin.py:188} INFO - [2024-03-06T10:23:19.821+0200] {dag.py:3834} INFO - Setting next_dagrun for dag_id_3 to None, run_after=None
[2024-03-06T10:23:19.835+0200] {processor.py:183} INFO - Processing /Users/abatcoveanu/airflow/dags/aasddd.py took 0.299 seconds
[2024-03-06T10:26:39.134+0200] {processor.py:161} INFO - Started process (PID=4700) to work on /Users/abatcoveanu/airflow/dags/aasddd.py
[2024-03-06T10:26:39.135+0200] {processor.py:830} INFO - Processing file /Users/abatcoveanu/airflow/dags/aasddd.py for tasks to queue
[2024-03-06T10:26:39.135+0200] {logging_mixin.py:188} INFO - [2024-03-06T10:26:39.135+0200] {dagbag.py:540} INFO - Filling up the DagBag from /Users/abatcoveanu/airflow/dags/aasddd.py
[2024-03-06T10:26:39.162+0200] {processor.py:840} INFO - DAG(s) 'dag_id_2', 'dag_id_1', 'dag_id_3' retrieved from /Users/abatcoveanu/airflow/dags/aasddd.py
[2024-03-06T10:26:39.314+0200] {logging_mixin.py:188} INFO - [2024-03-06T10:26:39.313+0200] {dag.py:3047} INFO - Sync 3 DAGs
[2024-03-06T10:26:39.324+0200] {logging_mixin.py:188} INFO - [2024-03-06T10:26:39.324+0200] {dag.py:3834} INFO - Setting next_dagrun for dag_id_1 to None, run_after=None
[2024-03-06T10:26:39.327+0200] {logging_mixin.py:188} INFO - [2024-03-06T10:26:39.327+0200] {dag.py:3834} INFO - Setting next_dagrun for dag_id_2 to None, run_after=None
[2024-03-06T10:26:39.328+0200] {logging_mixin.py:188} INFO - [2024-03-06T10:26:39.328+0200] {dag.py:3834} INFO - Setting next_dagrun for dag_id_3 to None, run_after=None
[2024-03-06T10:26:39.344+0200] {processor.py:183} INFO - Processing /Users/abatcoveanu/airflow/dags/aasddd.py took 0.212 seconds
[2024-03-06T10:29:26.286+0200] {processor.py:161} INFO - Started process (PID=4925) to work on /Users/abatcoveanu/airflow/dags/aasddd.py
[2024-03-06T10:29:26.287+0200] {processor.py:830} INFO - Processing file /Users/abatcoveanu/airflow/dags/aasddd.py for tasks to queue
[2024-03-06T10:29:26.288+0200] {logging_mixin.py:188} INFO - [2024-03-06T10:29:26.288+0200] {dagbag.py:540} INFO - Filling up the DagBag from /Users/abatcoveanu/airflow/dags/aasddd.py
[2024-03-06T10:29:26.319+0200] {processor.py:840} INFO - DAG(s) 'dag_id_2', 'dag_id_1', 'dag_id_3' retrieved from /Users/abatcoveanu/airflow/dags/aasddd.py
[2024-03-06T10:29:26.332+0200] {logging_mixin.py:188} INFO - [2024-03-06T10:29:26.331+0200] {dag.py:3047} INFO - Sync 3 DAGs
[2024-03-06T10:29:26.452+0200] {logging_mixin.py:188} INFO - [2024-03-06T10:29:26.452+0200] {dag.py:3834} INFO - Setting next_dagrun for dag_id_1 to None, run_after=None
[2024-03-06T10:29:26.456+0200] {logging_mixin.py:188} INFO - [2024-03-06T10:29:26.455+0200] {dag.py:3834} INFO - Setting next_dagrun for dag_id_2 to None, run_after=None
[2024-03-06T10:29:26.457+0200] {logging_mixin.py:188} INFO - [2024-03-06T10:29:26.456+0200] {dag.py:3834} INFO - Setting next_dagrun for dag_id_3 to None, run_after=None
[2024-03-06T10:29:26.471+0200] {processor.py:183} INFO - Processing /Users/abatcoveanu/airflow/dags/aasddd.py took 0.187 seconds
[2024-03-06T10:29:58.110+0200] {processor.py:161} INFO - Started process (PID=4969) to work on /Users/abatcoveanu/airflow/dags/aasddd.py
[2024-03-06T10:29:58.111+0200] {processor.py:830} INFO - Processing file /Users/abatcoveanu/airflow/dags/aasddd.py for tasks to queue
[2024-03-06T10:29:58.112+0200] {logging_mixin.py:188} INFO - [2024-03-06T10:29:58.111+0200] {dagbag.py:540} INFO - Filling up the DagBag from /Users/abatcoveanu/airflow/dags/aasddd.py
[2024-03-06T10:29:58.138+0200] {processor.py:840} INFO - DAG(s) 'dag_id_3', 'dag_id_1', 'dag_id_2' retrieved from /Users/abatcoveanu/airflow/dags/aasddd.py
[2024-03-06T10:29:58.405+0200] {logging_mixin.py:188} INFO - [2024-03-06T10:29:58.404+0200] {dag.py:3047} INFO - Sync 3 DAGs
[2024-03-06T10:29:58.414+0200] {logging_mixin.py:188} INFO - [2024-03-06T10:29:58.413+0200] {dag.py:3834} INFO - Setting next_dagrun for dag_id_1 to None, run_after=None
[2024-03-06T10:29:58.416+0200] {logging_mixin.py:188} INFO - [2024-03-06T10:29:58.416+0200] {dag.py:3834} INFO - Setting next_dagrun for dag_id_2 to None, run_after=None
[2024-03-06T10:29:58.417+0200] {logging_mixin.py:188} INFO - [2024-03-06T10:29:58.417+0200] {dag.py:3834} INFO - Setting next_dagrun for dag_id_3 to None, run_after=None
[2024-03-06T10:29:58.433+0200] {processor.py:183} INFO - Processing /Users/abatcoveanu/airflow/dags/aasddd.py took 0.324 seconds
[2024-03-06T10:30:30.136+0200] {processor.py:161} INFO - Started process (PID=5035) to work on /Users/abatcoveanu/airflow/dags/aasddd.py
[2024-03-06T10:30:30.137+0200] {processor.py:830} INFO - Processing file /Users/abatcoveanu/airflow/dags/aasddd.py for tasks to queue
[2024-03-06T10:30:30.138+0200] {logging_mixin.py:188} INFO - [2024-03-06T10:30:30.138+0200] {dagbag.py:540} INFO - Filling up the DagBag from /Users/abatcoveanu/airflow/dags/aasddd.py
[2024-03-06T10:30:30.166+0200] {processor.py:840} INFO - DAG(s) 'dag_id_2', 'dag_id_1', 'dag_id_3' retrieved from /Users/abatcoveanu/airflow/dags/aasddd.py
[2024-03-06T10:30:30.313+0200] {logging_mixin.py:188} INFO - [2024-03-06T10:30:30.313+0200] {dag.py:3047} INFO - Sync 3 DAGs
[2024-03-06T10:30:30.324+0200] {logging_mixin.py:188} INFO - [2024-03-06T10:30:30.324+0200] {dag.py:3834} INFO - Setting next_dagrun for dag_id_1 to None, run_after=None
[2024-03-06T10:30:30.327+0200] {logging_mixin.py:188} INFO - [2024-03-06T10:30:30.327+0200] {dag.py:3834} INFO - Setting next_dagrun for dag_id_2 to None, run_after=None
[2024-03-06T10:30:30.328+0200] {logging_mixin.py:188} INFO - [2024-03-06T10:30:30.328+0200] {dag.py:3834} INFO - Setting next_dagrun for dag_id_3 to None, run_after=None
[2024-03-06T10:30:30.345+0200] {processor.py:183} INFO - Processing /Users/abatcoveanu/airflow/dags/aasddd.py took 0.210 seconds
[2024-03-06T10:31:01.998+0200] {processor.py:161} INFO - Started process (PID=5043) to work on /Users/abatcoveanu/airflow/dags/aasddd.py
[2024-03-06T10:31:01.998+0200] {processor.py:830} INFO - Processing file /Users/abatcoveanu/airflow/dags/aasddd.py for tasks to queue
[2024-03-06T10:31:01.999+0200] {logging_mixin.py:188} INFO - [2024-03-06T10:31:01.999+0200] {dagbag.py:540} INFO - Filling up the DagBag from /Users/abatcoveanu/airflow/dags/aasddd.py
[2024-03-06T10:31:02.021+0200] {processor.py:840} INFO - DAG(s) 'dag_id_1', 'dag_id_3', 'dag_id_2' retrieved from /Users/abatcoveanu/airflow/dags/aasddd.py
[2024-03-06T10:31:02.150+0200] {logging_mixin.py:188} INFO - [2024-03-06T10:31:02.150+0200] {dag.py:3047} INFO - Sync 3 DAGs
[2024-03-06T10:31:02.172+0200] {logging_mixin.py:188} INFO - [2024-03-06T10:31:02.172+0200] {dag.py:3834} INFO - Setting next_dagrun for dag_id_1 to None, run_after=None
[2024-03-06T10:31:02.175+0200] {logging_mixin.py:188} INFO - [2024-03-06T10:31:02.174+0200] {dag.py:3834} INFO - Setting next_dagrun for dag_id_2 to None, run_after=None
[2024-03-06T10:31:02.176+0200] {logging_mixin.py:188} INFO - [2024-03-06T10:31:02.175+0200] {dag.py:3834} INFO - Setting next_dagrun for dag_id_3 to None, run_after=None
[2024-03-06T10:31:02.191+0200] {processor.py:183} INFO - Processing /Users/abatcoveanu/airflow/dags/aasddd.py took 0.195 seconds
[2024-03-06T10:31:33.657+0200] {processor.py:161} INFO - Started process (PID=5055) to work on /Users/abatcoveanu/airflow/dags/aasddd.py
[2024-03-06T10:31:33.658+0200] {processor.py:830} INFO - Processing file /Users/abatcoveanu/airflow/dags/aasddd.py for tasks to queue
[2024-03-06T10:31:33.659+0200] {logging_mixin.py:188} INFO - [2024-03-06T10:31:33.659+0200] {dagbag.py:540} INFO - Filling up the DagBag from /Users/abatcoveanu/airflow/dags/aasddd.py
[2024-03-06T10:31:33.685+0200] {processor.py:840} INFO - DAG(s) 'dag_id_2', 'dag_id_1', 'dag_id_3' retrieved from /Users/abatcoveanu/airflow/dags/aasddd.py
[2024-03-06T10:31:33.821+0200] {logging_mixin.py:188} INFO - [2024-03-06T10:31:33.820+0200] {dag.py:3047} INFO - Sync 3 DAGs
[2024-03-06T10:31:33.830+0200] {logging_mixin.py:188} INFO - [2024-03-06T10:31:33.830+0200] {dag.py:3834} INFO - Setting next_dagrun for dag_id_1 to None, run_after=None
[2024-03-06T10:31:33.834+0200] {logging_mixin.py:188} INFO - [2024-03-06T10:31:33.834+0200] {dag.py:3834} INFO - Setting next_dagrun for dag_id_2 to None, run_after=None
[2024-03-06T10:31:33.835+0200] {logging_mixin.py:188} INFO - [2024-03-06T10:31:33.835+0200] {dag.py:3834} INFO - Setting next_dagrun for dag_id_3 to None, run_after=None
[2024-03-06T10:31:33.851+0200] {processor.py:183} INFO - Processing /Users/abatcoveanu/airflow/dags/aasddd.py took 0.195 seconds
[2024-03-06T10:32:07.466+0200] {processor.py:161} INFO - Started process (PID=5074) to work on /Users/abatcoveanu/airflow/dags/aasddd.py
[2024-03-06T10:32:07.467+0200] {processor.py:830} INFO - Processing file /Users/abatcoveanu/airflow/dags/aasddd.py for tasks to queue
[2024-03-06T10:32:07.467+0200] {logging_mixin.py:188} INFO - [2024-03-06T10:32:07.467+0200] {dagbag.py:540} INFO - Filling up the DagBag from /Users/abatcoveanu/airflow/dags/aasddd.py
[2024-03-06T10:32:07.491+0200] {processor.py:840} INFO - DAG(s) 'dag_id_1', 'dag_id_3', 'dag_id_2' retrieved from /Users/abatcoveanu/airflow/dags/aasddd.py
[2024-03-06T10:32:07.623+0200] {logging_mixin.py:188} INFO - [2024-03-06T10:32:07.623+0200] {dag.py:3047} INFO - Sync 3 DAGs
[2024-03-06T10:32:07.633+0200] {logging_mixin.py:188} INFO - [2024-03-06T10:32:07.633+0200] {dag.py:3834} INFO - Setting next_dagrun for dag_id_1 to None, run_after=None
[2024-03-06T10:32:07.636+0200] {logging_mixin.py:188} INFO - [2024-03-06T10:32:07.636+0200] {dag.py:3834} INFO - Setting next_dagrun for dag_id_2 to None, run_after=None
[2024-03-06T10:32:07.637+0200] {logging_mixin.py:188} INFO - [2024-03-06T10:32:07.637+0200] {dag.py:3834} INFO - Setting next_dagrun for dag_id_3 to None, run_after=None
[2024-03-06T10:32:07.653+0200] {processor.py:183} INFO - Processing /Users/abatcoveanu/airflow/dags/aasddd.py took 0.188 seconds
[2024-03-06T10:32:40.446+0200] {processor.py:161} INFO - Started process (PID=5086) to work on /Users/abatcoveanu/airflow/dags/aasddd.py
[2024-03-06T10:32:40.447+0200] {processor.py:830} INFO - Processing file /Users/abatcoveanu/airflow/dags/aasddd.py for tasks to queue
[2024-03-06T10:32:40.447+0200] {logging_mixin.py:188} INFO - [2024-03-06T10:32:40.447+0200] {dagbag.py:540} INFO - Filling up the DagBag from /Users/abatcoveanu/airflow/dags/aasddd.py
[2024-03-06T10:32:40.471+0200] {processor.py:840} INFO - DAG(s) 'dag_id_1', 'dag_id_2', 'dag_id_3' retrieved from /Users/abatcoveanu/airflow/dags/aasddd.py
[2024-03-06T10:32:40.597+0200] {logging_mixin.py:188} INFO - [2024-03-06T10:32:40.597+0200] {dag.py:3047} INFO - Sync 3 DAGs
[2024-03-06T10:32:40.607+0200] {logging_mixin.py:188} INFO - [2024-03-06T10:32:40.606+0200] {dag.py:3834} INFO - Setting next_dagrun for dag_id_1 to None, run_after=None
[2024-03-06T10:32:40.610+0200] {logging_mixin.py:188} INFO - [2024-03-06T10:32:40.609+0200] {dag.py:3834} INFO - Setting next_dagrun for dag_id_2 to None, run_after=None
[2024-03-06T10:32:40.610+0200] {logging_mixin.py:188} INFO - [2024-03-06T10:32:40.610+0200] {dag.py:3834} INFO - Setting next_dagrun for dag_id_3 to None, run_after=None
[2024-03-06T10:32:40.626+0200] {processor.py:183} INFO - Processing /Users/abatcoveanu/airflow/dags/aasddd.py took 0.181 seconds
[2024-03-06T10:33:13.125+0200] {processor.py:161} INFO - Started process (PID=5098) to work on /Users/abatcoveanu/airflow/dags/aasddd.py
[2024-03-06T10:33:13.126+0200] {processor.py:830} INFO - Processing file /Users/abatcoveanu/airflow/dags/aasddd.py for tasks to queue
[2024-03-06T10:33:13.126+0200] {logging_mixin.py:188} INFO - [2024-03-06T10:33:13.126+0200] {dagbag.py:540} INFO - Filling up the DagBag from /Users/abatcoveanu/airflow/dags/aasddd.py
[2024-03-06T10:33:13.151+0200] {processor.py:840} INFO - DAG(s) 'dag_id_1', 'dag_id_3', 'dag_id_2' retrieved from /Users/abatcoveanu/airflow/dags/aasddd.py
[2024-03-06T10:33:13.284+0200] {logging_mixin.py:188} INFO - [2024-03-06T10:33:13.284+0200] {dag.py:3047} INFO - Sync 3 DAGs
[2024-03-06T10:33:13.294+0200] {logging_mixin.py:188} INFO - [2024-03-06T10:33:13.294+0200] {dag.py:3834} INFO - Setting next_dagrun for dag_id_1 to None, run_after=None
[2024-03-06T10:33:13.297+0200] {logging_mixin.py:188} INFO - [2024-03-06T10:33:13.297+0200] {dag.py:3834} INFO - Setting next_dagrun for dag_id_2 to None, run_after=None
[2024-03-06T10:33:13.298+0200] {logging_mixin.py:188} INFO - [2024-03-06T10:33:13.298+0200] {dag.py:3834} INFO - Setting next_dagrun for dag_id_3 to None, run_after=None
[2024-03-06T10:33:13.313+0200] {processor.py:183} INFO - Processing /Users/abatcoveanu/airflow/dags/aasddd.py took 0.190 seconds
[2024-03-06T10:33:45.730+0200] {processor.py:161} INFO - Started process (PID=5108) to work on /Users/abatcoveanu/airflow/dags/aasddd.py
[2024-03-06T10:33:45.731+0200] {processor.py:830} INFO - Processing file /Users/abatcoveanu/airflow/dags/aasddd.py for tasks to queue
[2024-03-06T10:33:45.731+0200] {logging_mixin.py:188} INFO - [2024-03-06T10:33:45.731+0200] {dagbag.py:540} INFO - Filling up the DagBag from /Users/abatcoveanu/airflow/dags/aasddd.py
[2024-03-06T10:33:45.752+0200] {processor.py:840} INFO - DAG(s) 'dag_id_2', 'dag_id_1', 'dag_id_3' retrieved from /Users/abatcoveanu/airflow/dags/aasddd.py
[2024-03-06T10:33:45.875+0200] {logging_mixin.py:188} INFO - [2024-03-06T10:33:45.874+0200] {dag.py:3047} INFO - Sync 3 DAGs
[2024-03-06T10:33:45.884+0200] {logging_mixin.py:188} INFO - [2024-03-06T10:33:45.884+0200] {dag.py:3834} INFO - Setting next_dagrun for dag_id_1 to None, run_after=None
[2024-03-06T10:33:45.887+0200] {logging_mixin.py:188} INFO - [2024-03-06T10:33:45.887+0200] {dag.py:3834} INFO - Setting next_dagrun for dag_id_2 to None, run_after=None
[2024-03-06T10:33:45.888+0200] {logging_mixin.py:188} INFO - [2024-03-06T10:33:45.888+0200] {dag.py:3834} INFO - Setting next_dagrun for dag_id_3 to None, run_after=None
[2024-03-06T10:33:45.905+0200] {processor.py:183} INFO - Processing /Users/abatcoveanu/airflow/dags/aasddd.py took 0.176 seconds
[2024-03-06T10:34:19.091+0200] {processor.py:161} INFO - Started process (PID=5120) to work on /Users/abatcoveanu/airflow/dags/aasddd.py
[2024-03-06T10:34:19.092+0200] {processor.py:830} INFO - Processing file /Users/abatcoveanu/airflow/dags/aasddd.py for tasks to queue
[2024-03-06T10:34:19.093+0200] {logging_mixin.py:188} INFO - [2024-03-06T10:34:19.093+0200] {dagbag.py:540} INFO - Filling up the DagBag from /Users/abatcoveanu/airflow/dags/aasddd.py
[2024-03-06T10:34:19.121+0200] {processor.py:840} INFO - DAG(s) 'dag_id_3', 'dag_id_1', 'dag_id_2' retrieved from /Users/abatcoveanu/airflow/dags/aasddd.py
[2024-03-06T10:34:19.284+0200] {logging_mixin.py:188} INFO - [2024-03-06T10:34:19.283+0200] {dag.py:3047} INFO - Sync 3 DAGs
[2024-03-06T10:34:19.295+0200] {logging_mixin.py:188} INFO - [2024-03-06T10:34:19.295+0200] {dag.py:3834} INFO - Setting next_dagrun for dag_id_1 to None, run_after=None
[2024-03-06T10:34:19.299+0200] {logging_mixin.py:188} INFO - [2024-03-06T10:34:19.298+0200] {dag.py:3834} INFO - Setting next_dagrun for dag_id_2 to None, run_after=None
[2024-03-06T10:34:19.300+0200] {logging_mixin.py:188} INFO - [2024-03-06T10:34:19.299+0200] {dag.py:3834} INFO - Setting next_dagrun for dag_id_3 to None, run_after=None
[2024-03-06T10:34:19.316+0200] {processor.py:183} INFO - Processing /Users/abatcoveanu/airflow/dags/aasddd.py took 0.226 seconds
[2024-03-06T10:34:51.601+0200] {processor.py:161} INFO - Started process (PID=5126) to work on /Users/abatcoveanu/airflow/dags/aasddd.py
[2024-03-06T10:34:51.602+0200] {processor.py:830} INFO - Processing file /Users/abatcoveanu/airflow/dags/aasddd.py for tasks to queue
[2024-03-06T10:34:51.602+0200] {logging_mixin.py:188} INFO - [2024-03-06T10:34:51.602+0200] {dagbag.py:540} INFO - Filling up the DagBag from /Users/abatcoveanu/airflow/dags/aasddd.py
[2024-03-06T10:34:51.627+0200] {processor.py:840} INFO - DAG(s) 'dag_id_2', 'dag_id_1', 'dag_id_3' retrieved from /Users/abatcoveanu/airflow/dags/aasddd.py
[2024-03-06T10:34:51.758+0200] {logging_mixin.py:188} INFO - [2024-03-06T10:34:51.758+0200] {dag.py:3047} INFO - Sync 3 DAGs
[2024-03-06T10:34:51.768+0200] {logging_mixin.py:188} INFO - [2024-03-06T10:34:51.768+0200] {dag.py:3834} INFO - Setting next_dagrun for dag_id_1 to None, run_after=None
[2024-03-06T10:34:51.771+0200] {logging_mixin.py:188} INFO - [2024-03-06T10:34:51.771+0200] {dag.py:3834} INFO - Setting next_dagrun for dag_id_2 to None, run_after=None
[2024-03-06T10:34:51.772+0200] {logging_mixin.py:188} INFO - [2024-03-06T10:34:51.772+0200] {dag.py:3834} INFO - Setting next_dagrun for dag_id_3 to None, run_after=None
[2024-03-06T10:34:51.789+0200] {processor.py:183} INFO - Processing /Users/abatcoveanu/airflow/dags/aasddd.py took 0.189 seconds
[2024-03-06T10:35:24.367+0200] {processor.py:161} INFO - Started process (PID=5138) to work on /Users/abatcoveanu/airflow/dags/aasddd.py
[2024-03-06T10:35:24.368+0200] {processor.py:830} INFO - Processing file /Users/abatcoveanu/airflow/dags/aasddd.py for tasks to queue
[2024-03-06T10:35:24.369+0200] {logging_mixin.py:188} INFO - [2024-03-06T10:35:24.368+0200] {dagbag.py:540} INFO - Filling up the DagBag from /Users/abatcoveanu/airflow/dags/aasddd.py
[2024-03-06T10:35:24.391+0200] {processor.py:840} INFO - DAG(s) 'dag_id_1', 'dag_id_3', 'dag_id_2' retrieved from /Users/abatcoveanu/airflow/dags/aasddd.py
[2024-03-06T10:35:24.531+0200] {logging_mixin.py:188} INFO - [2024-03-06T10:35:24.531+0200] {dag.py:3047} INFO - Sync 3 DAGs
[2024-03-06T10:35:24.541+0200] {logging_mixin.py:188} INFO - [2024-03-06T10:35:24.541+0200] {dag.py:3834} INFO - Setting next_dagrun for dag_id_1 to None, run_after=None
[2024-03-06T10:35:24.544+0200] {logging_mixin.py:188} INFO - [2024-03-06T10:35:24.544+0200] {dag.py:3834} INFO - Setting next_dagrun for dag_id_2 to None, run_after=None
[2024-03-06T10:35:24.545+0200] {logging_mixin.py:188} INFO - [2024-03-06T10:35:24.545+0200] {dag.py:3834} INFO - Setting next_dagrun for dag_id_3 to None, run_after=None
[2024-03-06T10:35:24.560+0200] {processor.py:183} INFO - Processing /Users/abatcoveanu/airflow/dags/aasddd.py took 0.194 seconds
[2024-03-06T10:35:57.707+0200] {processor.py:161} INFO - Started process (PID=5151) to work on /Users/abatcoveanu/airflow/dags/aasddd.py
[2024-03-06T10:35:57.708+0200] {processor.py:830} INFO - Processing file /Users/abatcoveanu/airflow/dags/aasddd.py for tasks to queue
[2024-03-06T10:35:57.709+0200] {logging_mixin.py:188} INFO - [2024-03-06T10:35:57.708+0200] {dagbag.py:540} INFO - Filling up the DagBag from /Users/abatcoveanu/airflow/dags/aasddd.py
[2024-03-06T10:35:57.735+0200] {processor.py:840} INFO - DAG(s) 'dag_id_3', 'dag_id_2', 'dag_id_1' retrieved from /Users/abatcoveanu/airflow/dags/aasddd.py
[2024-03-06T10:35:57.879+0200] {logging_mixin.py:188} INFO - [2024-03-06T10:35:57.879+0200] {dag.py:3047} INFO - Sync 3 DAGs
[2024-03-06T10:35:57.889+0200] {logging_mixin.py:188} INFO - [2024-03-06T10:35:57.889+0200] {dag.py:3834} INFO - Setting next_dagrun for dag_id_1 to None, run_after=None
[2024-03-06T10:35:57.892+0200] {logging_mixin.py:188} INFO - [2024-03-06T10:35:57.892+0200] {dag.py:3834} INFO - Setting next_dagrun for dag_id_2 to None, run_after=None
[2024-03-06T10:35:57.893+0200] {logging_mixin.py:188} INFO - [2024-03-06T10:35:57.893+0200] {dag.py:3834} INFO - Setting next_dagrun for dag_id_3 to None, run_after=None
[2024-03-06T10:35:57.909+0200] {processor.py:183} INFO - Processing /Users/abatcoveanu/airflow/dags/aasddd.py took 0.203 seconds
[2024-03-06T10:36:30.163+0200] {processor.py:161} INFO - Started process (PID=5162) to work on /Users/abatcoveanu/airflow/dags/aasddd.py
[2024-03-06T10:36:30.164+0200] {processor.py:830} INFO - Processing file /Users/abatcoveanu/airflow/dags/aasddd.py for tasks to queue
[2024-03-06T10:36:30.165+0200] {logging_mixin.py:188} INFO - [2024-03-06T10:36:30.164+0200] {dagbag.py:540} INFO - Filling up the DagBag from /Users/abatcoveanu/airflow/dags/aasddd.py
[2024-03-06T10:36:30.189+0200] {processor.py:840} INFO - DAG(s) 'dag_id_3', 'dag_id_2', 'dag_id_1' retrieved from /Users/abatcoveanu/airflow/dags/aasddd.py
[2024-03-06T10:36:30.320+0200] {logging_mixin.py:188} INFO - [2024-03-06T10:36:30.320+0200] {dag.py:3047} INFO - Sync 3 DAGs
[2024-03-06T10:36:30.334+0200] {logging_mixin.py:188} INFO - [2024-03-06T10:36:30.334+0200] {dag.py:3834} INFO - Setting next_dagrun for dag_id_1 to None, run_after=None
[2024-03-06T10:36:30.337+0200] {logging_mixin.py:188} INFO - [2024-03-06T10:36:30.337+0200] {dag.py:3834} INFO - Setting next_dagrun for dag_id_2 to None, run_after=None
[2024-03-06T10:36:30.338+0200] {logging_mixin.py:188} INFO - [2024-03-06T10:36:30.338+0200] {dag.py:3834} INFO - Setting next_dagrun for dag_id_3 to None, run_after=None
[2024-03-06T10:36:30.353+0200] {processor.py:183} INFO - Processing /Users/abatcoveanu/airflow/dags/aasddd.py took 0.191 seconds
[2024-03-06T10:37:02.905+0200] {processor.py:161} INFO - Started process (PID=5170) to work on /Users/abatcoveanu/airflow/dags/aasddd.py
[2024-03-06T10:37:02.906+0200] {processor.py:830} INFO - Processing file /Users/abatcoveanu/airflow/dags/aasddd.py for tasks to queue
[2024-03-06T10:37:02.906+0200] {logging_mixin.py:188} INFO - [2024-03-06T10:37:02.906+0200] {dagbag.py:540} INFO - Filling up the DagBag from /Users/abatcoveanu/airflow/dags/aasddd.py
[2024-03-06T10:37:02.931+0200] {processor.py:840} INFO - DAG(s) 'dag_id_1', 'dag_id_2', 'dag_id_3' retrieved from /Users/abatcoveanu/airflow/dags/aasddd.py
[2024-03-06T10:37:03.061+0200] {logging_mixin.py:188} INFO - [2024-03-06T10:37:03.060+0200] {dag.py:3047} INFO - Sync 3 DAGs
[2024-03-06T10:37:03.071+0200] {logging_mixin.py:188} INFO - [2024-03-06T10:37:03.071+0200] {dag.py:3834} INFO - Setting next_dagrun for dag_id_1 to None, run_after=None
[2024-03-06T10:37:03.074+0200] {logging_mixin.py:188} INFO - [2024-03-06T10:37:03.074+0200] {dag.py:3834} INFO - Setting next_dagrun for dag_id_2 to None, run_after=None
[2024-03-06T10:37:03.075+0200] {logging_mixin.py:188} INFO - [2024-03-06T10:37:03.075+0200] {dag.py:3834} INFO - Setting next_dagrun for dag_id_3 to None, run_after=None
[2024-03-06T10:37:03.090+0200] {processor.py:183} INFO - Processing /Users/abatcoveanu/airflow/dags/aasddd.py took 0.187 seconds
[2024-03-06T10:37:35.611+0200] {processor.py:161} INFO - Started process (PID=5184) to work on /Users/abatcoveanu/airflow/dags/aasddd.py
[2024-03-06T10:37:35.612+0200] {processor.py:830} INFO - Processing file /Users/abatcoveanu/airflow/dags/aasddd.py for tasks to queue
[2024-03-06T10:37:35.612+0200] {logging_mixin.py:188} INFO - [2024-03-06T10:37:35.612+0200] {dagbag.py:540} INFO - Filling up the DagBag from /Users/abatcoveanu/airflow/dags/aasddd.py
[2024-03-06T10:37:35.635+0200] {processor.py:840} INFO - DAG(s) 'dag_id_3', 'dag_id_1', 'dag_id_2' retrieved from /Users/abatcoveanu/airflow/dags/aasddd.py
[2024-03-06T10:37:35.758+0200] {logging_mixin.py:188} INFO - [2024-03-06T10:37:35.758+0200] {dag.py:3047} INFO - Sync 3 DAGs
[2024-03-06T10:37:35.766+0200] {logging_mixin.py:188} INFO - [2024-03-06T10:37:35.765+0200] {dag.py:3834} INFO - Setting next_dagrun for dag_id_1 to None, run_after=None
[2024-03-06T10:37:35.768+0200] {logging_mixin.py:188} INFO - [2024-03-06T10:37:35.768+0200] {dag.py:3834} INFO - Setting next_dagrun for dag_id_2 to None, run_after=None
[2024-03-06T10:37:35.768+0200] {logging_mixin.py:188} INFO - [2024-03-06T10:37:35.768+0200] {dag.py:3834} INFO - Setting next_dagrun for dag_id_3 to None, run_after=None
[2024-03-06T10:37:35.781+0200] {processor.py:183} INFO - Processing /Users/abatcoveanu/airflow/dags/aasddd.py took 0.171 seconds
[2024-03-06T10:38:08.247+0200] {processor.py:161} INFO - Started process (PID=5195) to work on /Users/abatcoveanu/airflow/dags/aasddd.py
[2024-03-06T10:38:08.247+0200] {processor.py:830} INFO - Processing file /Users/abatcoveanu/airflow/dags/aasddd.py for tasks to queue
[2024-03-06T10:38:08.248+0200] {logging_mixin.py:188} INFO - [2024-03-06T10:38:08.248+0200] {dagbag.py:540} INFO - Filling up the DagBag from /Users/abatcoveanu/airflow/dags/aasddd.py
[2024-03-06T10:38:08.268+0200] {processor.py:840} INFO - DAG(s) 'dag_id_2', 'dag_id_3', 'dag_id_1' retrieved from /Users/abatcoveanu/airflow/dags/aasddd.py
[2024-03-06T10:38:08.402+0200] {logging_mixin.py:188} INFO - [2024-03-06T10:38:08.401+0200] {dag.py:3047} INFO - Sync 3 DAGs
[2024-03-06T10:38:08.412+0200] {logging_mixin.py:188} INFO - [2024-03-06T10:38:08.411+0200] {dag.py:3834} INFO - Setting next_dagrun for dag_id_1 to None, run_after=None
[2024-03-06T10:38:08.415+0200] {logging_mixin.py:188} INFO - [2024-03-06T10:38:08.414+0200] {dag.py:3834} INFO - Setting next_dagrun for dag_id_2 to None, run_after=None
[2024-03-06T10:38:08.416+0200] {logging_mixin.py:188} INFO - [2024-03-06T10:38:08.415+0200] {dag.py:3834} INFO - Setting next_dagrun for dag_id_3 to None, run_after=None
[2024-03-06T10:38:08.432+0200] {processor.py:183} INFO - Processing /Users/abatcoveanu/airflow/dags/aasddd.py took 0.187 seconds
[2024-03-06T10:38:40.877+0200] {processor.py:161} INFO - Started process (PID=5226) to work on /Users/abatcoveanu/airflow/dags/aasddd.py
[2024-03-06T10:38:40.878+0200] {processor.py:830} INFO - Processing file /Users/abatcoveanu/airflow/dags/aasddd.py for tasks to queue
[2024-03-06T10:38:40.879+0200] {logging_mixin.py:188} INFO - [2024-03-06T10:38:40.879+0200] {dagbag.py:540} INFO - Filling up the DagBag from /Users/abatcoveanu/airflow/dags/aasddd.py
[2024-03-06T10:38:40.904+0200] {processor.py:840} INFO - DAG(s) 'dag_id_1', 'dag_id_3', 'dag_id_2' retrieved from /Users/abatcoveanu/airflow/dags/aasddd.py
[2024-03-06T10:38:41.042+0200] {logging_mixin.py:188} INFO - [2024-03-06T10:38:41.042+0200] {dag.py:3047} INFO - Sync 3 DAGs
[2024-03-06T10:38:41.052+0200] {logging_mixin.py:188} INFO - [2024-03-06T10:38:41.052+0200] {dag.py:3834} INFO - Setting next_dagrun for dag_id_1 to None, run_after=None
[2024-03-06T10:38:41.055+0200] {logging_mixin.py:188} INFO - [2024-03-06T10:38:41.055+0200] {dag.py:3834} INFO - Setting next_dagrun for dag_id_2 to None, run_after=None
[2024-03-06T10:38:41.056+0200] {logging_mixin.py:188} INFO - [2024-03-06T10:38:41.056+0200] {dag.py:3834} INFO - Setting next_dagrun for dag_id_3 to None, run_after=None
[2024-03-06T10:38:41.072+0200] {processor.py:183} INFO - Processing /Users/abatcoveanu/airflow/dags/aasddd.py took 0.196 seconds
[2024-03-06T10:39:13.610+0200] {processor.py:161} INFO - Started process (PID=5232) to work on /Users/abatcoveanu/airflow/dags/aasddd.py
[2024-03-06T10:39:13.611+0200] {processor.py:830} INFO - Processing file /Users/abatcoveanu/airflow/dags/aasddd.py for tasks to queue
[2024-03-06T10:39:13.611+0200] {logging_mixin.py:188} INFO - [2024-03-06T10:39:13.611+0200] {dagbag.py:540} INFO - Filling up the DagBag from /Users/abatcoveanu/airflow/dags/aasddd.py
[2024-03-06T10:39:13.634+0200] {processor.py:840} INFO - DAG(s) 'dag_id_1', 'dag_id_3', 'dag_id_2' retrieved from /Users/abatcoveanu/airflow/dags/aasddd.py
[2024-03-06T10:39:13.760+0200] {logging_mixin.py:188} INFO - [2024-03-06T10:39:13.760+0200] {dag.py:3047} INFO - Sync 3 DAGs
[2024-03-06T10:39:13.771+0200] {logging_mixin.py:188} INFO - [2024-03-06T10:39:13.771+0200] {dag.py:3834} INFO - Setting next_dagrun for dag_id_1 to None, run_after=None
[2024-03-06T10:39:13.775+0200] {logging_mixin.py:188} INFO - [2024-03-06T10:39:13.774+0200] {dag.py:3834} INFO - Setting next_dagrun for dag_id_2 to None, run_after=None
[2024-03-06T10:39:13.776+0200] {logging_mixin.py:188} INFO - [2024-03-06T10:39:13.775+0200] {dag.py:3834} INFO - Setting next_dagrun for dag_id_3 to None, run_after=None
[2024-03-06T10:39:13.791+0200] {processor.py:183} INFO - Processing /Users/abatcoveanu/airflow/dags/aasddd.py took 0.183 seconds
[2024-03-06T10:39:46.159+0200] {processor.py:161} INFO - Started process (PID=5243) to work on /Users/abatcoveanu/airflow/dags/aasddd.py
[2024-03-06T10:39:46.160+0200] {processor.py:830} INFO - Processing file /Users/abatcoveanu/airflow/dags/aasddd.py for tasks to queue
[2024-03-06T10:39:46.161+0200] {logging_mixin.py:188} INFO - [2024-03-06T10:39:46.161+0200] {dagbag.py:540} INFO - Filling up the DagBag from /Users/abatcoveanu/airflow/dags/aasddd.py
[2024-03-06T10:39:46.185+0200] {processor.py:840} INFO - DAG(s) 'dag_id_1', 'dag_id_2', 'dag_id_3' retrieved from /Users/abatcoveanu/airflow/dags/aasddd.py
[2024-03-06T10:39:46.321+0200] {logging_mixin.py:188} INFO - [2024-03-06T10:39:46.321+0200] {dag.py:3047} INFO - Sync 3 DAGs
[2024-03-06T10:39:46.331+0200] {logging_mixin.py:188} INFO - [2024-03-06T10:39:46.331+0200] {dag.py:3834} INFO - Setting next_dagrun for dag_id_1 to None, run_after=None
[2024-03-06T10:39:46.334+0200] {logging_mixin.py:188} INFO - [2024-03-06T10:39:46.333+0200] {dag.py:3834} INFO - Setting next_dagrun for dag_id_2 to None, run_after=None
[2024-03-06T10:39:46.335+0200] {logging_mixin.py:188} INFO - [2024-03-06T10:39:46.334+0200] {dag.py:3834} INFO - Setting next_dagrun for dag_id_3 to None, run_after=None
[2024-03-06T10:39:46.350+0200] {processor.py:183} INFO - Processing /Users/abatcoveanu/airflow/dags/aasddd.py took 0.192 seconds
[2024-03-06T10:40:18.563+0200] {processor.py:161} INFO - Started process (PID=5262) to work on /Users/abatcoveanu/airflow/dags/aasddd.py
[2024-03-06T10:40:18.564+0200] {processor.py:830} INFO - Processing file /Users/abatcoveanu/airflow/dags/aasddd.py for tasks to queue
[2024-03-06T10:40:18.565+0200] {logging_mixin.py:188} INFO - [2024-03-06T10:40:18.565+0200] {dagbag.py:540} INFO - Filling up the DagBag from /Users/abatcoveanu/airflow/dags/aasddd.py
[2024-03-06T10:40:18.585+0200] {processor.py:840} INFO - DAG(s) 'dag_id_3', 'dag_id_1', 'dag_id_2' retrieved from /Users/abatcoveanu/airflow/dags/aasddd.py
[2024-03-06T10:40:18.707+0200] {logging_mixin.py:188} INFO - [2024-03-06T10:40:18.706+0200] {dag.py:3047} INFO - Sync 3 DAGs
[2024-03-06T10:40:18.716+0200] {logging_mixin.py:188} INFO - [2024-03-06T10:40:18.716+0200] {dag.py:3834} INFO - Setting next_dagrun for dag_id_1 to None, run_after=None
[2024-03-06T10:40:18.719+0200] {logging_mixin.py:188} INFO - [2024-03-06T10:40:18.719+0200] {dag.py:3834} INFO - Setting next_dagrun for dag_id_2 to None, run_after=None
[2024-03-06T10:40:18.720+0200] {logging_mixin.py:188} INFO - [2024-03-06T10:40:18.720+0200] {dag.py:3834} INFO - Setting next_dagrun for dag_id_3 to None, run_after=None
[2024-03-06T10:40:18.735+0200] {processor.py:183} INFO - Processing /Users/abatcoveanu/airflow/dags/aasddd.py took 0.173 seconds
[2024-03-06T10:40:51.310+0200] {processor.py:161} INFO - Started process (PID=5274) to work on /Users/abatcoveanu/airflow/dags/aasddd.py
[2024-03-06T10:40:51.311+0200] {processor.py:830} INFO - Processing file /Users/abatcoveanu/airflow/dags/aasddd.py for tasks to queue
[2024-03-06T10:40:51.312+0200] {logging_mixin.py:188} INFO - [2024-03-06T10:40:51.311+0200] {dagbag.py:540} INFO - Filling up the DagBag from /Users/abatcoveanu/airflow/dags/aasddd.py
[2024-03-06T10:40:51.335+0200] {processor.py:840} INFO - DAG(s) 'dag_id_2', 'dag_id_3', 'dag_id_1' retrieved from /Users/abatcoveanu/airflow/dags/aasddd.py
[2024-03-06T10:40:51.468+0200] {logging_mixin.py:188} INFO - [2024-03-06T10:40:51.468+0200] {dag.py:3047} INFO - Sync 3 DAGs
[2024-03-06T10:40:51.479+0200] {logging_mixin.py:188} INFO - [2024-03-06T10:40:51.478+0200] {dag.py:3834} INFO - Setting next_dagrun for dag_id_1 to None, run_after=None
[2024-03-06T10:40:51.482+0200] {logging_mixin.py:188} INFO - [2024-03-06T10:40:51.482+0200] {dag.py:3834} INFO - Setting next_dagrun for dag_id_2 to None, run_after=None
[2024-03-06T10:40:51.483+0200] {logging_mixin.py:188} INFO - [2024-03-06T10:40:51.483+0200] {dag.py:3834} INFO - Setting next_dagrun for dag_id_3 to None, run_after=None
[2024-03-06T10:40:51.500+0200] {processor.py:183} INFO - Processing /Users/abatcoveanu/airflow/dags/aasddd.py took 0.191 seconds
[2024-03-06T10:41:23.469+0200] {processor.py:161} INFO - Started process (PID=5282) to work on /Users/abatcoveanu/airflow/dags/aasddd.py
[2024-03-06T10:41:23.470+0200] {processor.py:830} INFO - Processing file /Users/abatcoveanu/airflow/dags/aasddd.py for tasks to queue
[2024-03-06T10:41:23.471+0200] {logging_mixin.py:188} INFO - [2024-03-06T10:41:23.470+0200] {dagbag.py:540} INFO - Filling up the DagBag from /Users/abatcoveanu/airflow/dags/aasddd.py
[2024-03-06T10:41:23.492+0200] {processor.py:840} INFO - DAG(s) 'dag_id_2', 'dag_id_1', 'dag_id_3' retrieved from /Users/abatcoveanu/airflow/dags/aasddd.py
[2024-03-06T10:41:23.623+0200] {logging_mixin.py:188} INFO - [2024-03-06T10:41:23.623+0200] {dag.py:3047} INFO - Sync 3 DAGs
[2024-03-06T10:41:23.633+0200] {logging_mixin.py:188} INFO - [2024-03-06T10:41:23.633+0200] {dag.py:3834} INFO - Setting next_dagrun for dag_id_1 to None, run_after=None
[2024-03-06T10:41:23.636+0200] {logging_mixin.py:188} INFO - [2024-03-06T10:41:23.636+0200] {dag.py:3834} INFO - Setting next_dagrun for dag_id_2 to None, run_after=None
[2024-03-06T10:41:23.637+0200] {logging_mixin.py:188} INFO - [2024-03-06T10:41:23.637+0200] {dag.py:3834} INFO - Setting next_dagrun for dag_id_3 to None, run_after=None
[2024-03-06T10:41:23.653+0200] {processor.py:183} INFO - Processing /Users/abatcoveanu/airflow/dags/aasddd.py took 0.186 seconds
[2024-03-06T10:41:56.822+0200] {processor.py:161} INFO - Started process (PID=5299) to work on /Users/abatcoveanu/airflow/dags/aasddd.py
[2024-03-06T10:41:56.823+0200] {processor.py:830} INFO - Processing file /Users/abatcoveanu/airflow/dags/aasddd.py for tasks to queue
[2024-03-06T10:41:56.824+0200] {logging_mixin.py:188} INFO - [2024-03-06T10:41:56.824+0200] {dagbag.py:540} INFO - Filling up the DagBag from /Users/abatcoveanu/airflow/dags/aasddd.py
[2024-03-06T10:41:56.850+0200] {processor.py:840} INFO - DAG(s) 'dag_id_1', 'dag_id_2', 'dag_id_3' retrieved from /Users/abatcoveanu/airflow/dags/aasddd.py
[2024-03-06T10:41:56.985+0200] {logging_mixin.py:188} INFO - [2024-03-06T10:41:56.985+0200] {dag.py:3047} INFO - Sync 3 DAGs
[2024-03-06T10:41:56.995+0200] {logging_mixin.py:188} INFO - [2024-03-06T10:41:56.995+0200] {dag.py:3834} INFO - Setting next_dagrun for dag_id_1 to None, run_after=None
[2024-03-06T10:41:56.998+0200] {logging_mixin.py:188} INFO - [2024-03-06T10:41:56.998+0200] {dag.py:3834} INFO - Setting next_dagrun for dag_id_2 to None, run_after=None
[2024-03-06T10:41:56.999+0200] {logging_mixin.py:188} INFO - [2024-03-06T10:41:56.999+0200] {dag.py:3834} INFO - Setting next_dagrun for dag_id_3 to None, run_after=None
[2024-03-06T10:41:57.014+0200] {processor.py:183} INFO - Processing /Users/abatcoveanu/airflow/dags/aasddd.py took 0.194 seconds
[2024-03-06T10:42:29.490+0200] {processor.py:161} INFO - Started process (PID=5311) to work on /Users/abatcoveanu/airflow/dags/aasddd.py
[2024-03-06T10:42:29.491+0200] {processor.py:830} INFO - Processing file /Users/abatcoveanu/airflow/dags/aasddd.py for tasks to queue
[2024-03-06T10:42:29.492+0200] {logging_mixin.py:188} INFO - [2024-03-06T10:42:29.491+0200] {dagbag.py:540} INFO - Filling up the DagBag from /Users/abatcoveanu/airflow/dags/aasddd.py
[2024-03-06T10:42:29.515+0200] {processor.py:840} INFO - DAG(s) 'dag_id_1', 'dag_id_3', 'dag_id_2' retrieved from /Users/abatcoveanu/airflow/dags/aasddd.py
[2024-03-06T10:42:29.642+0200] {logging_mixin.py:188} INFO - [2024-03-06T10:42:29.642+0200] {dag.py:3047} INFO - Sync 3 DAGs
[2024-03-06T10:42:29.655+0200] {logging_mixin.py:188} INFO - [2024-03-06T10:42:29.655+0200] {dag.py:3834} INFO - Setting next_dagrun for dag_id_1 to None, run_after=None
[2024-03-06T10:42:29.658+0200] {logging_mixin.py:188} INFO - [2024-03-06T10:42:29.658+0200] {dag.py:3834} INFO - Setting next_dagrun for dag_id_2 to None, run_after=None
[2024-03-06T10:42:29.659+0200] {logging_mixin.py:188} INFO - [2024-03-06T10:42:29.659+0200] {dag.py:3834} INFO - Setting next_dagrun for dag_id_3 to None, run_after=None
[2024-03-06T10:42:29.675+0200] {processor.py:183} INFO - Processing /Users/abatcoveanu/airflow/dags/aasddd.py took 0.187 seconds
[2024-03-06T10:43:02.113+0200] {processor.py:161} INFO - Started process (PID=5323) to work on /Users/abatcoveanu/airflow/dags/aasddd.py
[2024-03-06T10:43:02.114+0200] {processor.py:830} INFO - Processing file /Users/abatcoveanu/airflow/dags/aasddd.py for tasks to queue
[2024-03-06T10:43:02.115+0200] {logging_mixin.py:188} INFO - [2024-03-06T10:43:02.114+0200] {dagbag.py:540} INFO - Filling up the DagBag from /Users/abatcoveanu/airflow/dags/aasddd.py
[2024-03-06T10:43:02.139+0200] {processor.py:840} INFO - DAG(s) 'dag_id_2', 'dag_id_1', 'dag_id_3' retrieved from /Users/abatcoveanu/airflow/dags/aasddd.py
[2024-03-06T10:43:02.279+0200] {logging_mixin.py:188} INFO - [2024-03-06T10:43:02.279+0200] {dag.py:3047} INFO - Sync 3 DAGs
[2024-03-06T10:43:02.289+0200] {logging_mixin.py:188} INFO - [2024-03-06T10:43:02.289+0200] {dag.py:3834} INFO - Setting next_dagrun for dag_id_1 to None, run_after=None
[2024-03-06T10:43:02.292+0200] {logging_mixin.py:188} INFO - [2024-03-06T10:43:02.292+0200] {dag.py:3834} INFO - Setting next_dagrun for dag_id_2 to None, run_after=None
[2024-03-06T10:43:02.293+0200] {logging_mixin.py:188} INFO - [2024-03-06T10:43:02.293+0200] {dag.py:3834} INFO - Setting next_dagrun for dag_id_3 to None, run_after=None
[2024-03-06T10:43:02.309+0200] {processor.py:183} INFO - Processing /Users/abatcoveanu/airflow/dags/aasddd.py took 0.197 seconds
[2024-03-06T10:43:34.848+0200] {processor.py:161} INFO - Started process (PID=5334) to work on /Users/abatcoveanu/airflow/dags/aasddd.py
[2024-03-06T10:43:34.849+0200] {processor.py:830} INFO - Processing file /Users/abatcoveanu/airflow/dags/aasddd.py for tasks to queue
[2024-03-06T10:43:34.850+0200] {logging_mixin.py:188} INFO - [2024-03-06T10:43:34.850+0200] {dagbag.py:540} INFO - Filling up the DagBag from /Users/abatcoveanu/airflow/dags/aasddd.py
[2024-03-06T10:43:34.875+0200] {processor.py:840} INFO - DAG(s) 'dag_id_2', 'dag_id_3', 'dag_id_1' retrieved from /Users/abatcoveanu/airflow/dags/aasddd.py
[2024-03-06T10:43:35.004+0200] {logging_mixin.py:188} INFO - [2024-03-06T10:43:35.003+0200] {dag.py:3047} INFO - Sync 3 DAGs
[2024-03-06T10:43:35.014+0200] {logging_mixin.py:188} INFO - [2024-03-06T10:43:35.014+0200] {dag.py:3834} INFO - Setting next_dagrun for dag_id_1 to None, run_after=None
[2024-03-06T10:43:35.017+0200] {logging_mixin.py:188} INFO - [2024-03-06T10:43:35.017+0200] {dag.py:3834} INFO - Setting next_dagrun for dag_id_2 to None, run_after=None
[2024-03-06T10:43:35.020+0200] {logging_mixin.py:188} INFO - [2024-03-06T10:43:35.020+0200] {dag.py:3834} INFO - Setting next_dagrun for dag_id_3 to None, run_after=None
[2024-03-06T10:43:35.041+0200] {processor.py:183} INFO - Processing /Users/abatcoveanu/airflow/dags/aasddd.py took 0.194 seconds
[2024-03-06T10:44:07.610+0200] {processor.py:161} INFO - Started process (PID=5352) to work on /Users/abatcoveanu/airflow/dags/aasddd.py
[2024-03-06T10:44:07.611+0200] {processor.py:830} INFO - Processing file /Users/abatcoveanu/airflow/dags/aasddd.py for tasks to queue
[2024-03-06T10:44:07.611+0200] {logging_mixin.py:188} INFO - [2024-03-06T10:44:07.611+0200] {dagbag.py:540} INFO - Filling up the DagBag from /Users/abatcoveanu/airflow/dags/aasddd.py
[2024-03-06T10:44:07.636+0200] {processor.py:840} INFO - DAG(s) 'dag_id_1', 'dag_id_3', 'dag_id_2' retrieved from /Users/abatcoveanu/airflow/dags/aasddd.py
[2024-03-06T10:44:07.787+0200] {logging_mixin.py:188} INFO - [2024-03-06T10:44:07.786+0200] {dag.py:3047} INFO - Sync 3 DAGs
[2024-03-06T10:44:07.797+0200] {logging_mixin.py:188} INFO - [2024-03-06T10:44:07.797+0200] {dag.py:3834} INFO - Setting next_dagrun for dag_id_1 to None, run_after=None
[2024-03-06T10:44:07.800+0200] {logging_mixin.py:188} INFO - [2024-03-06T10:44:07.800+0200] {dag.py:3834} INFO - Setting next_dagrun for dag_id_2 to None, run_after=None
[2024-03-06T10:44:07.801+0200] {logging_mixin.py:188} INFO - [2024-03-06T10:44:07.801+0200] {dag.py:3834} INFO - Setting next_dagrun for dag_id_3 to None, run_after=None
[2024-03-06T10:44:07.817+0200] {processor.py:183} INFO - Processing /Users/abatcoveanu/airflow/dags/aasddd.py took 0.209 seconds
[2024-03-06T10:44:40.010+0200] {processor.py:161} INFO - Started process (PID=5357) to work on /Users/abatcoveanu/airflow/dags/aasddd.py
[2024-03-06T10:44:40.011+0200] {processor.py:830} INFO - Processing file /Users/abatcoveanu/airflow/dags/aasddd.py for tasks to queue
[2024-03-06T10:44:40.012+0200] {logging_mixin.py:188} INFO - [2024-03-06T10:44:40.011+0200] {dagbag.py:540} INFO - Filling up the DagBag from /Users/abatcoveanu/airflow/dags/aasddd.py
[2024-03-06T10:44:40.035+0200] {processor.py:840} INFO - DAG(s) 'dag_id_1', 'dag_id_2', 'dag_id_3' retrieved from /Users/abatcoveanu/airflow/dags/aasddd.py
[2024-03-06T10:44:40.160+0200] {logging_mixin.py:188} INFO - [2024-03-06T10:44:40.159+0200] {dag.py:3047} INFO - Sync 3 DAGs
[2024-03-06T10:44:40.169+0200] {logging_mixin.py:188} INFO - [2024-03-06T10:44:40.169+0200] {dag.py:3834} INFO - Setting next_dagrun for dag_id_1 to None, run_after=None
[2024-03-06T10:44:40.172+0200] {logging_mixin.py:188} INFO - [2024-03-06T10:44:40.172+0200] {dag.py:3834} INFO - Setting next_dagrun for dag_id_2 to None, run_after=None
[2024-03-06T10:44:40.173+0200] {logging_mixin.py:188} INFO - [2024-03-06T10:44:40.173+0200] {dag.py:3834} INFO - Setting next_dagrun for dag_id_3 to None, run_after=None
[2024-03-06T10:44:40.188+0200] {processor.py:183} INFO - Processing /Users/abatcoveanu/airflow/dags/aasddd.py took 0.179 seconds
[2024-03-06T10:45:13.179+0200] {processor.py:161} INFO - Started process (PID=5370) to work on /Users/abatcoveanu/airflow/dags/aasddd.py
[2024-03-06T10:45:13.180+0200] {processor.py:830} INFO - Processing file /Users/abatcoveanu/airflow/dags/aasddd.py for tasks to queue
[2024-03-06T10:45:13.181+0200] {logging_mixin.py:188} INFO - [2024-03-06T10:45:13.181+0200] {dagbag.py:540} INFO - Filling up the DagBag from /Users/abatcoveanu/airflow/dags/aasddd.py
[2024-03-06T10:45:13.207+0200] {processor.py:840} INFO - DAG(s) 'dag_id_3', 'dag_id_1', 'dag_id_2' retrieved from /Users/abatcoveanu/airflow/dags/aasddd.py
[2024-03-06T10:45:13.363+0200] {logging_mixin.py:188} INFO - [2024-03-06T10:45:13.363+0200] {dag.py:3047} INFO - Sync 3 DAGs
[2024-03-06T10:45:13.374+0200] {logging_mixin.py:188} INFO - [2024-03-06T10:45:13.374+0200] {dag.py:3834} INFO - Setting next_dagrun for dag_id_1 to None, run_after=None
[2024-03-06T10:45:13.378+0200] {logging_mixin.py:188} INFO - [2024-03-06T10:45:13.377+0200] {dag.py:3834} INFO - Setting next_dagrun for dag_id_2 to None, run_after=None
[2024-03-06T10:45:13.379+0200] {logging_mixin.py:188} INFO - [2024-03-06T10:45:13.379+0200] {dag.py:3834} INFO - Setting next_dagrun for dag_id_3 to None, run_after=None
[2024-03-06T10:45:13.395+0200] {processor.py:183} INFO - Processing /Users/abatcoveanu/airflow/dags/aasddd.py took 0.218 seconds
[2024-03-06T10:45:46.134+0200] {processor.py:161} INFO - Started process (PID=5382) to work on /Users/abatcoveanu/airflow/dags/aasddd.py
[2024-03-06T10:45:46.136+0200] {processor.py:830} INFO - Processing file /Users/abatcoveanu/airflow/dags/aasddd.py for tasks to queue
[2024-03-06T10:45:46.136+0200] {logging_mixin.py:188} INFO - [2024-03-06T10:45:46.136+0200] {dagbag.py:540} INFO - Filling up the DagBag from /Users/abatcoveanu/airflow/dags/aasddd.py
[2024-03-06T10:45:46.164+0200] {processor.py:840} INFO - DAG(s) 'dag_id_3', 'dag_id_1', 'dag_id_2' retrieved from /Users/abatcoveanu/airflow/dags/aasddd.py
[2024-03-06T10:45:46.308+0200] {logging_mixin.py:188} INFO - [2024-03-06T10:45:46.308+0200] {dag.py:3047} INFO - Sync 3 DAGs
[2024-03-06T10:45:46.318+0200] {logging_mixin.py:188} INFO - [2024-03-06T10:45:46.318+0200] {dag.py:3834} INFO - Setting next_dagrun for dag_id_1 to None, run_after=None
[2024-03-06T10:45:46.321+0200] {logging_mixin.py:188} INFO - [2024-03-06T10:45:46.321+0200] {dag.py:3834} INFO - Setting next_dagrun for dag_id_2 to None, run_after=None
[2024-03-06T10:45:46.322+0200] {logging_mixin.py:188} INFO - [2024-03-06T10:45:46.322+0200] {dag.py:3834} INFO - Setting next_dagrun for dag_id_3 to None, run_after=None
[2024-03-06T10:45:46.338+0200] {processor.py:183} INFO - Processing /Users/abatcoveanu/airflow/dags/aasddd.py took 0.205 seconds
[2024-03-06T10:46:18.500+0200] {processor.py:161} INFO - Started process (PID=5392) to work on /Users/abatcoveanu/airflow/dags/aasddd.py
[2024-03-06T10:46:18.501+0200] {processor.py:830} INFO - Processing file /Users/abatcoveanu/airflow/dags/aasddd.py for tasks to queue
[2024-03-06T10:46:18.502+0200] {logging_mixin.py:188} INFO - [2024-03-06T10:46:18.501+0200] {dagbag.py:540} INFO - Filling up the DagBag from /Users/abatcoveanu/airflow/dags/aasddd.py
[2024-03-06T10:46:18.524+0200] {processor.py:840} INFO - DAG(s) 'dag_id_1', 'dag_id_3', 'dag_id_2' retrieved from /Users/abatcoveanu/airflow/dags/aasddd.py
[2024-03-06T10:46:18.658+0200] {logging_mixin.py:188} INFO - [2024-03-06T10:46:18.658+0200] {dag.py:3047} INFO - Sync 3 DAGs
[2024-03-06T10:46:18.668+0200] {logging_mixin.py:188} INFO - [2024-03-06T10:46:18.668+0200] {dag.py:3834} INFO - Setting next_dagrun for dag_id_1 to None, run_after=None
[2024-03-06T10:46:18.671+0200] {logging_mixin.py:188} INFO - [2024-03-06T10:46:18.671+0200] {dag.py:3834} INFO - Setting next_dagrun for dag_id_2 to None, run_after=None
[2024-03-06T10:46:18.672+0200] {logging_mixin.py:188} INFO - [2024-03-06T10:46:18.672+0200] {dag.py:3834} INFO - Setting next_dagrun for dag_id_3 to None, run_after=None
[2024-03-06T10:46:18.691+0200] {processor.py:183} INFO - Processing /Users/abatcoveanu/airflow/dags/aasddd.py took 0.192 seconds
[2024-03-06T10:46:51.184+0200] {processor.py:161} INFO - Started process (PID=5405) to work on /Users/abatcoveanu/airflow/dags/aasddd.py
[2024-03-06T10:46:51.185+0200] {processor.py:830} INFO - Processing file /Users/abatcoveanu/airflow/dags/aasddd.py for tasks to queue
[2024-03-06T10:46:51.185+0200] {logging_mixin.py:188} INFO - [2024-03-06T10:46:51.185+0200] {dagbag.py:540} INFO - Filling up the DagBag from /Users/abatcoveanu/airflow/dags/aasddd.py
[2024-03-06T10:46:51.208+0200] {processor.py:840} INFO - DAG(s) 'dag_id_3', 'dag_id_1', 'dag_id_2' retrieved from /Users/abatcoveanu/airflow/dags/aasddd.py
[2024-03-06T10:46:51.333+0200] {logging_mixin.py:188} INFO - [2024-03-06T10:46:51.333+0200] {dag.py:3047} INFO - Sync 3 DAGs
[2024-03-06T10:46:51.343+0200] {logging_mixin.py:188} INFO - [2024-03-06T10:46:51.343+0200] {dag.py:3834} INFO - Setting next_dagrun for dag_id_1 to None, run_after=None
[2024-03-06T10:46:51.346+0200] {logging_mixin.py:188} INFO - [2024-03-06T10:46:51.346+0200] {dag.py:3834} INFO - Setting next_dagrun for dag_id_2 to None, run_after=None
[2024-03-06T10:46:51.347+0200] {logging_mixin.py:188} INFO - [2024-03-06T10:46:51.347+0200] {dag.py:3834} INFO - Setting next_dagrun for dag_id_3 to None, run_after=None
[2024-03-06T10:46:51.362+0200] {processor.py:183} INFO - Processing /Users/abatcoveanu/airflow/dags/aasddd.py took 0.179 seconds
[2024-03-06T10:47:24.015+0200] {processor.py:161} INFO - Started process (PID=5409) to work on /Users/abatcoveanu/airflow/dags/aasddd.py
[2024-03-06T10:47:24.016+0200] {processor.py:830} INFO - Processing file /Users/abatcoveanu/airflow/dags/aasddd.py for tasks to queue
[2024-03-06T10:47:24.016+0200] {logging_mixin.py:188} INFO - [2024-03-06T10:47:24.016+0200] {dagbag.py:540} INFO - Filling up the DagBag from /Users/abatcoveanu/airflow/dags/aasddd.py
[2024-03-06T10:47:24.042+0200] {processor.py:840} INFO - DAG(s) 'dag_id_2', 'dag_id_1', 'dag_id_3' retrieved from /Users/abatcoveanu/airflow/dags/aasddd.py
[2024-03-06T10:47:24.178+0200] {logging_mixin.py:188} INFO - [2024-03-06T10:47:24.177+0200] {dag.py:3047} INFO - Sync 3 DAGs
[2024-03-06T10:47:24.188+0200] {logging_mixin.py:188} INFO - [2024-03-06T10:47:24.187+0200] {dag.py:3834} INFO - Setting next_dagrun for dag_id_1 to None, run_after=None
[2024-03-06T10:47:24.191+0200] {logging_mixin.py:188} INFO - [2024-03-06T10:47:24.191+0200] {dag.py:3834} INFO - Setting next_dagrun for dag_id_2 to None, run_after=None
[2024-03-06T10:47:24.192+0200] {logging_mixin.py:188} INFO - [2024-03-06T10:47:24.192+0200] {dag.py:3834} INFO - Setting next_dagrun for dag_id_3 to None, run_after=None
[2024-03-06T10:47:24.207+0200] {processor.py:183} INFO - Processing /Users/abatcoveanu/airflow/dags/aasddd.py took 0.194 seconds
[2024-03-06T10:47:56.712+0200] {processor.py:161} INFO - Started process (PID=5425) to work on /Users/abatcoveanu/airflow/dags/aasddd.py
[2024-03-06T10:47:56.712+0200] {processor.py:830} INFO - Processing file /Users/abatcoveanu/airflow/dags/aasddd.py for tasks to queue
[2024-03-06T10:47:56.713+0200] {logging_mixin.py:188} INFO - [2024-03-06T10:47:56.713+0200] {dagbag.py:540} INFO - Filling up the DagBag from /Users/abatcoveanu/airflow/dags/aasddd.py
[2024-03-06T10:47:56.733+0200] {processor.py:840} INFO - DAG(s) 'dag_id_3', 'dag_id_1', 'dag_id_2' retrieved from /Users/abatcoveanu/airflow/dags/aasddd.py
[2024-03-06T10:47:56.870+0200] {logging_mixin.py:188} INFO - [2024-03-06T10:47:56.870+0200] {dag.py:3047} INFO - Sync 3 DAGs
[2024-03-06T10:47:56.881+0200] {logging_mixin.py:188} INFO - [2024-03-06T10:47:56.881+0200] {dag.py:3834} INFO - Setting next_dagrun for dag_id_1 to None, run_after=None
[2024-03-06T10:47:56.884+0200] {logging_mixin.py:188} INFO - [2024-03-06T10:47:56.884+0200] {dag.py:3834} INFO - Setting next_dagrun for dag_id_2 to None, run_after=None
[2024-03-06T10:47:56.885+0200] {logging_mixin.py:188} INFO - [2024-03-06T10:47:56.885+0200] {dag.py:3834} INFO - Setting next_dagrun for dag_id_3 to None, run_after=None
[2024-03-06T10:47:56.900+0200] {processor.py:183} INFO - Processing /Users/abatcoveanu/airflow/dags/aasddd.py took 0.190 seconds
[2024-03-06T10:48:29.422+0200] {processor.py:161} INFO - Started process (PID=5435) to work on /Users/abatcoveanu/airflow/dags/aasddd.py
[2024-03-06T10:48:29.422+0200] {processor.py:830} INFO - Processing file /Users/abatcoveanu/airflow/dags/aasddd.py for tasks to queue
[2024-03-06T10:48:29.423+0200] {logging_mixin.py:188} INFO - [2024-03-06T10:48:29.423+0200] {dagbag.py:540} INFO - Filling up the DagBag from /Users/abatcoveanu/airflow/dags/aasddd.py
[2024-03-06T10:48:29.447+0200] {processor.py:840} INFO - DAG(s) 'dag_id_3', 'dag_id_2', 'dag_id_1' retrieved from /Users/abatcoveanu/airflow/dags/aasddd.py
[2024-03-06T10:48:29.570+0200] {logging_mixin.py:188} INFO - [2024-03-06T10:48:29.570+0200] {dag.py:3047} INFO - Sync 3 DAGs
[2024-03-06T10:48:29.580+0200] {logging_mixin.py:188} INFO - [2024-03-06T10:48:29.580+0200] {dag.py:3834} INFO - Setting next_dagrun for dag_id_1 to None, run_after=None
[2024-03-06T10:48:29.583+0200] {logging_mixin.py:188} INFO - [2024-03-06T10:48:29.582+0200] {dag.py:3834} INFO - Setting next_dagrun for dag_id_2 to None, run_after=None
[2024-03-06T10:48:29.584+0200] {logging_mixin.py:188} INFO - [2024-03-06T10:48:29.583+0200] {dag.py:3834} INFO - Setting next_dagrun for dag_id_3 to None, run_after=None
[2024-03-06T10:48:29.599+0200] {processor.py:183} INFO - Processing /Users/abatcoveanu/airflow/dags/aasddd.py took 0.178 seconds
[2024-03-06T10:51:17.023+0200] {processor.py:161} INFO - Started process (PID=5705) to work on /Users/abatcoveanu/airflow/dags/aasddd.py
[2024-03-06T10:51:17.037+0200] {processor.py:830} INFO - Processing file /Users/abatcoveanu/airflow/dags/aasddd.py for tasks to queue
[2024-03-06T10:51:17.038+0200] {logging_mixin.py:188} INFO - [2024-03-06T10:51:17.037+0200] {dagbag.py:540} INFO - Filling up the DagBag from /Users/abatcoveanu/airflow/dags/aasddd.py
[2024-03-06T10:51:17.068+0200] {processor.py:840} INFO - DAG(s) 'dag_id_1', 'dag_id_2', 'dag_id_3' retrieved from /Users/abatcoveanu/airflow/dags/aasddd.py
[2024-03-06T10:51:17.302+0200] {logging_mixin.py:188} INFO - [2024-03-06T10:51:17.301+0200] {dag.py:3047} INFO - Sync 3 DAGs
[2024-03-06T10:51:17.309+0200] {logging_mixin.py:188} INFO - [2024-03-06T10:51:17.309+0200] {dag.py:3834} INFO - Setting next_dagrun for dag_id_1 to None, run_after=None
[2024-03-06T10:51:17.311+0200] {logging_mixin.py:188} INFO - [2024-03-06T10:51:17.310+0200] {dag.py:3834} INFO - Setting next_dagrun for dag_id_2 to None, run_after=None
[2024-03-06T10:51:17.311+0200] {logging_mixin.py:188} INFO - [2024-03-06T10:51:17.311+0200] {dag.py:3834} INFO - Setting next_dagrun for dag_id_3 to None, run_after=None
[2024-03-06T10:51:17.326+0200] {processor.py:183} INFO - Processing /Users/abatcoveanu/airflow/dags/aasddd.py took 0.304 seconds
[2024-03-06T10:55:41.489+0200] {processor.py:161} INFO - Started process (PID=6086) to work on /Users/abatcoveanu/airflow/dags/aasddd.py
[2024-03-06T10:55:41.491+0200] {processor.py:830} INFO - Processing file /Users/abatcoveanu/airflow/dags/aasddd.py for tasks to queue
[2024-03-06T10:55:41.492+0200] {logging_mixin.py:188} INFO - [2024-03-06T10:55:41.492+0200] {dagbag.py:540} INFO - Filling up the DagBag from /Users/abatcoveanu/airflow/dags/aasddd.py
[2024-03-06T10:55:41.518+0200] {processor.py:840} INFO - DAG(s) 'dag_id_2', 'dag_id_3', 'dag_id_1' retrieved from /Users/abatcoveanu/airflow/dags/aasddd.py
[2024-03-06T10:55:41.767+0200] {logging_mixin.py:188} INFO - [2024-03-06T10:55:41.766+0200] {dag.py:3047} INFO - Sync 3 DAGs
[2024-03-06T10:55:41.775+0200] {logging_mixin.py:188} INFO - [2024-03-06T10:55:41.775+0200] {dag.py:3834} INFO - Setting next_dagrun for dag_id_1 to None, run_after=None
[2024-03-06T10:55:41.777+0200] {logging_mixin.py:188} INFO - [2024-03-06T10:55:41.777+0200] {dag.py:3834} INFO - Setting next_dagrun for dag_id_2 to None, run_after=None
[2024-03-06T10:55:41.778+0200] {logging_mixin.py:188} INFO - [2024-03-06T10:55:41.778+0200] {dag.py:3834} INFO - Setting next_dagrun for dag_id_3 to None, run_after=None
[2024-03-06T10:55:41.792+0200] {processor.py:183} INFO - Processing /Users/abatcoveanu/airflow/dags/aasddd.py took 0.305 seconds
[2024-03-06T11:02:22.582+0200] {processor.py:161} INFO - Started process (PID=6604) to work on /Users/abatcoveanu/airflow/dags/aasddd.py
[2024-03-06T11:02:22.584+0200] {processor.py:830} INFO - Processing file /Users/abatcoveanu/airflow/dags/aasddd.py for tasks to queue
[2024-03-06T11:02:22.585+0200] {logging_mixin.py:188} INFO - [2024-03-06T11:02:22.585+0200] {dagbag.py:540} INFO - Filling up the DagBag from /Users/abatcoveanu/airflow/dags/aasddd.py
[2024-03-06T11:02:22.611+0200] {processor.py:840} INFO - DAG(s) 'dag_id_3', 'dag_id_1', 'dag_id_2' retrieved from /Users/abatcoveanu/airflow/dags/aasddd.py
[2024-03-06T11:02:22.872+0200] {logging_mixin.py:188} INFO - [2024-03-06T11:02:22.871+0200] {dag.py:3047} INFO - Sync 3 DAGs
[2024-03-06T11:02:22.879+0200] {logging_mixin.py:188} INFO - [2024-03-06T11:02:22.879+0200] {dag.py:3834} INFO - Setting next_dagrun for dag_id_1 to None, run_after=None
[2024-03-06T11:02:22.881+0200] {logging_mixin.py:188} INFO - [2024-03-06T11:02:22.881+0200] {dag.py:3834} INFO - Setting next_dagrun for dag_id_2 to None, run_after=None
[2024-03-06T11:02:22.882+0200] {logging_mixin.py:188} INFO - [2024-03-06T11:02:22.882+0200] {dag.py:3834} INFO - Setting next_dagrun for dag_id_3 to None, run_after=None
[2024-03-06T11:02:22.896+0200] {processor.py:183} INFO - Processing /Users/abatcoveanu/airflow/dags/aasddd.py took 0.315 seconds
