[2024-03-18T09:41:59.138+0200] {processor.py:161} INFO - Started process (PID=1514) to work on /usr/local/lib/python3.8/site-packages/airflow/example_dags/subdags/subdag.py
[2024-03-18T09:41:59.139+0200] {processor.py:830} INFO - Processing file /usr/local/lib/python3.8/site-packages/airflow/example_dags/subdags/subdag.py for tasks to queue
[2024-03-18T09:41:59.140+0200] {logging_mixin.py:188} INFO - [2024-03-18T09:41:59.140+0200] {dagbag.py:540} INFO - Filling up the DagBag from /usr/local/lib/python3.8/site-packages/airflow/example_dags/subdags/subdag.py
[2024-03-18T09:41:59.142+0200] {processor.py:842} WARNING - No viable dags retrieved from /usr/local/lib/python3.8/site-packages/airflow/example_dags/subdags/subdag.py
[2024-03-18T09:41:59.263+0200] {processor.py:183} INFO - Processing /usr/local/lib/python3.8/site-packages/airflow/example_dags/subdags/subdag.py took 0.127 seconds
[2024-03-18T09:42:49.405+0200] {processor.py:161} INFO - Started process (PID=1751) to work on /usr/local/lib/python3.8/site-packages/airflow/example_dags/subdags/subdag.py
[2024-03-18T09:42:49.405+0200] {processor.py:830} INFO - Processing file /usr/local/lib/python3.8/site-packages/airflow/example_dags/subdags/subdag.py for tasks to queue
[2024-03-18T09:42:49.406+0200] {logging_mixin.py:188} INFO - [2024-03-18T09:42:49.406+0200] {dagbag.py:540} INFO - Filling up the DagBag from /usr/local/lib/python3.8/site-packages/airflow/example_dags/subdags/subdag.py
[2024-03-18T09:42:49.408+0200] {processor.py:842} WARNING - No viable dags retrieved from /usr/local/lib/python3.8/site-packages/airflow/example_dags/subdags/subdag.py
[2024-03-18T09:42:49.504+0200] {processor.py:183} INFO - Processing /usr/local/lib/python3.8/site-packages/airflow/example_dags/subdags/subdag.py took 0.101 seconds
[2024-03-18T09:43:23.843+0200] {processor.py:161} INFO - Started process (PID=1910) to work on /usr/local/lib/python3.8/site-packages/airflow/example_dags/subdags/subdag.py
[2024-03-18T09:43:23.844+0200] {processor.py:830} INFO - Processing file /usr/local/lib/python3.8/site-packages/airflow/example_dags/subdags/subdag.py for tasks to queue
[2024-03-18T09:43:23.845+0200] {logging_mixin.py:188} INFO - [2024-03-18T09:43:23.845+0200] {dagbag.py:540} INFO - Filling up the DagBag from /usr/local/lib/python3.8/site-packages/airflow/example_dags/subdags/subdag.py
[2024-03-18T09:43:23.847+0200] {processor.py:842} WARNING - No viable dags retrieved from /usr/local/lib/python3.8/site-packages/airflow/example_dags/subdags/subdag.py
[2024-03-18T09:43:23.946+0200] {processor.py:183} INFO - Processing /usr/local/lib/python3.8/site-packages/airflow/example_dags/subdags/subdag.py took 0.105 seconds
[2024-03-18T09:44:03.705+0200] {processor.py:161} INFO - Started process (PID=2063) to work on /usr/local/lib/python3.8/site-packages/airflow/example_dags/subdags/subdag.py
[2024-03-18T09:44:03.706+0200] {processor.py:830} INFO - Processing file /usr/local/lib/python3.8/site-packages/airflow/example_dags/subdags/subdag.py for tasks to queue
[2024-03-18T09:44:03.707+0200] {logging_mixin.py:188} INFO - [2024-03-18T09:44:03.706+0200] {dagbag.py:540} INFO - Filling up the DagBag from /usr/local/lib/python3.8/site-packages/airflow/example_dags/subdags/subdag.py
[2024-03-18T09:44:03.708+0200] {processor.py:842} WARNING - No viable dags retrieved from /usr/local/lib/python3.8/site-packages/airflow/example_dags/subdags/subdag.py
[2024-03-18T09:44:03.795+0200] {processor.py:183} INFO - Processing /usr/local/lib/python3.8/site-packages/airflow/example_dags/subdags/subdag.py took 0.092 seconds
[2024-03-18T09:44:44.781+0200] {processor.py:161} INFO - Started process (PID=2244) to work on /usr/local/lib/python3.8/site-packages/airflow/example_dags/subdags/subdag.py
[2024-03-18T09:44:44.782+0200] {processor.py:830} INFO - Processing file /usr/local/lib/python3.8/site-packages/airflow/example_dags/subdags/subdag.py for tasks to queue
[2024-03-18T09:44:44.783+0200] {logging_mixin.py:188} INFO - [2024-03-18T09:44:44.782+0200] {dagbag.py:540} INFO - Filling up the DagBag from /usr/local/lib/python3.8/site-packages/airflow/example_dags/subdags/subdag.py
[2024-03-18T09:44:44.785+0200] {processor.py:842} WARNING - No viable dags retrieved from /usr/local/lib/python3.8/site-packages/airflow/example_dags/subdags/subdag.py
[2024-03-18T09:44:44.873+0200] {processor.py:183} INFO - Processing /usr/local/lib/python3.8/site-packages/airflow/example_dags/subdags/subdag.py took 0.093 seconds
[2024-03-18T09:45:33.931+0200] {processor.py:161} INFO - Started process (PID=2533) to work on /usr/local/lib/python3.8/site-packages/airflow/example_dags/subdags/subdag.py
[2024-03-18T09:45:33.932+0200] {processor.py:830} INFO - Processing file /usr/local/lib/python3.8/site-packages/airflow/example_dags/subdags/subdag.py for tasks to queue
[2024-03-18T09:45:33.933+0200] {logging_mixin.py:188} INFO - [2024-03-18T09:45:33.933+0200] {dagbag.py:540} INFO - Filling up the DagBag from /usr/local/lib/python3.8/site-packages/airflow/example_dags/subdags/subdag.py
[2024-03-18T09:45:33.934+0200] {processor.py:842} WARNING - No viable dags retrieved from /usr/local/lib/python3.8/site-packages/airflow/example_dags/subdags/subdag.py
[2024-03-18T09:45:34.018+0200] {processor.py:183} INFO - Processing /usr/local/lib/python3.8/site-packages/airflow/example_dags/subdags/subdag.py took 0.088 seconds
[2024-03-18T09:46:21.095+0200] {processor.py:161} INFO - Started process (PID=2719) to work on /usr/local/lib/python3.8/site-packages/airflow/example_dags/subdags/subdag.py
[2024-03-18T09:46:21.096+0200] {processor.py:830} INFO - Processing file /usr/local/lib/python3.8/site-packages/airflow/example_dags/subdags/subdag.py for tasks to queue
[2024-03-18T09:46:21.097+0200] {logging_mixin.py:188} INFO - [2024-03-18T09:46:21.096+0200] {dagbag.py:540} INFO - Filling up the DagBag from /usr/local/lib/python3.8/site-packages/airflow/example_dags/subdags/subdag.py
[2024-03-18T09:46:21.099+0200] {processor.py:842} WARNING - No viable dags retrieved from /usr/local/lib/python3.8/site-packages/airflow/example_dags/subdags/subdag.py
[2024-03-18T09:46:21.235+0200] {processor.py:183} INFO - Processing /usr/local/lib/python3.8/site-packages/airflow/example_dags/subdags/subdag.py took 0.142 seconds
[2024-03-18T09:46:54.618+0200] {processor.py:161} INFO - Started process (PID=2935) to work on /usr/local/lib/python3.8/site-packages/airflow/example_dags/subdags/subdag.py
[2024-03-18T09:46:54.619+0200] {processor.py:830} INFO - Processing file /usr/local/lib/python3.8/site-packages/airflow/example_dags/subdags/subdag.py for tasks to queue
[2024-03-18T09:46:54.619+0200] {logging_mixin.py:188} INFO - [2024-03-18T09:46:54.619+0200] {dagbag.py:540} INFO - Filling up the DagBag from /usr/local/lib/python3.8/site-packages/airflow/example_dags/subdags/subdag.py
[2024-03-18T09:46:54.621+0200] {processor.py:842} WARNING - No viable dags retrieved from /usr/local/lib/python3.8/site-packages/airflow/example_dags/subdags/subdag.py
[2024-03-18T09:46:54.734+0200] {processor.py:183} INFO - Processing /usr/local/lib/python3.8/site-packages/airflow/example_dags/subdags/subdag.py took 0.118 seconds
[2024-03-18T09:47:30.138+0200] {processor.py:161} INFO - Started process (PID=3080) to work on /usr/local/lib/python3.8/site-packages/airflow/example_dags/subdags/subdag.py
[2024-03-18T09:47:30.139+0200] {processor.py:830} INFO - Processing file /usr/local/lib/python3.8/site-packages/airflow/example_dags/subdags/subdag.py for tasks to queue
[2024-03-18T09:47:30.140+0200] {logging_mixin.py:188} INFO - [2024-03-18T09:47:30.139+0200] {dagbag.py:540} INFO - Filling up the DagBag from /usr/local/lib/python3.8/site-packages/airflow/example_dags/subdags/subdag.py
[2024-03-18T09:47:30.142+0200] {processor.py:842} WARNING - No viable dags retrieved from /usr/local/lib/python3.8/site-packages/airflow/example_dags/subdags/subdag.py
[2024-03-18T09:47:30.244+0200] {processor.py:183} INFO - Processing /usr/local/lib/python3.8/site-packages/airflow/example_dags/subdags/subdag.py took 0.107 seconds
[2024-03-18T09:48:05.897+0200] {processor.py:161} INFO - Started process (PID=3209) to work on /usr/local/lib/python3.8/site-packages/airflow/example_dags/subdags/subdag.py
[2024-03-18T09:48:05.898+0200] {processor.py:830} INFO - Processing file /usr/local/lib/python3.8/site-packages/airflow/example_dags/subdags/subdag.py for tasks to queue
[2024-03-18T09:48:05.899+0200] {logging_mixin.py:188} INFO - [2024-03-18T09:48:05.899+0200] {dagbag.py:540} INFO - Filling up the DagBag from /usr/local/lib/python3.8/site-packages/airflow/example_dags/subdags/subdag.py
[2024-03-18T09:48:05.901+0200] {processor.py:842} WARNING - No viable dags retrieved from /usr/local/lib/python3.8/site-packages/airflow/example_dags/subdags/subdag.py
[2024-03-18T09:48:06.007+0200] {processor.py:183} INFO - Processing /usr/local/lib/python3.8/site-packages/airflow/example_dags/subdags/subdag.py took 0.111 seconds
[2024-03-18T09:48:46.431+0200] {processor.py:161} INFO - Started process (PID=3359) to work on /usr/local/lib/python3.8/site-packages/airflow/example_dags/subdags/subdag.py
[2024-03-18T09:48:46.432+0200] {processor.py:830} INFO - Processing file /usr/local/lib/python3.8/site-packages/airflow/example_dags/subdags/subdag.py for tasks to queue
[2024-03-18T09:48:46.433+0200] {logging_mixin.py:188} INFO - [2024-03-18T09:48:46.432+0200] {dagbag.py:540} INFO - Filling up the DagBag from /usr/local/lib/python3.8/site-packages/airflow/example_dags/subdags/subdag.py
[2024-03-18T09:48:46.435+0200] {processor.py:842} WARNING - No viable dags retrieved from /usr/local/lib/python3.8/site-packages/airflow/example_dags/subdags/subdag.py
[2024-03-18T09:48:46.541+0200] {processor.py:183} INFO - Processing /usr/local/lib/python3.8/site-packages/airflow/example_dags/subdags/subdag.py took 0.112 seconds
[2024-03-18T09:49:24.430+0200] {processor.py:161} INFO - Started process (PID=3499) to work on /usr/local/lib/python3.8/site-packages/airflow/example_dags/subdags/subdag.py
[2024-03-18T09:49:24.431+0200] {processor.py:830} INFO - Processing file /usr/local/lib/python3.8/site-packages/airflow/example_dags/subdags/subdag.py for tasks to queue
[2024-03-18T09:49:24.432+0200] {logging_mixin.py:188} INFO - [2024-03-18T09:49:24.432+0200] {dagbag.py:540} INFO - Filling up the DagBag from /usr/local/lib/python3.8/site-packages/airflow/example_dags/subdags/subdag.py
[2024-03-18T09:49:24.434+0200] {processor.py:842} WARNING - No viable dags retrieved from /usr/local/lib/python3.8/site-packages/airflow/example_dags/subdags/subdag.py
[2024-03-18T09:49:24.532+0200] {processor.py:183} INFO - Processing /usr/local/lib/python3.8/site-packages/airflow/example_dags/subdags/subdag.py took 0.103 seconds
[2024-03-18T09:50:05.601+0200] {processor.py:161} INFO - Started process (PID=3672) to work on /usr/local/lib/python3.8/site-packages/airflow/example_dags/subdags/subdag.py
[2024-03-18T09:50:05.602+0200] {processor.py:830} INFO - Processing file /usr/local/lib/python3.8/site-packages/airflow/example_dags/subdags/subdag.py for tasks to queue
[2024-03-18T09:50:05.603+0200] {logging_mixin.py:188} INFO - [2024-03-18T09:50:05.603+0200] {dagbag.py:540} INFO - Filling up the DagBag from /usr/local/lib/python3.8/site-packages/airflow/example_dags/subdags/subdag.py
[2024-03-18T09:50:05.605+0200] {processor.py:842} WARNING - No viable dags retrieved from /usr/local/lib/python3.8/site-packages/airflow/example_dags/subdags/subdag.py
[2024-03-18T09:50:05.731+0200] {processor.py:183} INFO - Processing /usr/local/lib/python3.8/site-packages/airflow/example_dags/subdags/subdag.py took 0.131 seconds
[2024-03-18T09:50:40.509+0200] {processor.py:161} INFO - Started process (PID=3818) to work on /usr/local/lib/python3.8/site-packages/airflow/example_dags/subdags/subdag.py
[2024-03-18T09:50:40.510+0200] {processor.py:830} INFO - Processing file /usr/local/lib/python3.8/site-packages/airflow/example_dags/subdags/subdag.py for tasks to queue
[2024-03-18T09:50:40.511+0200] {logging_mixin.py:188} INFO - [2024-03-18T09:50:40.510+0200] {dagbag.py:540} INFO - Filling up the DagBag from /usr/local/lib/python3.8/site-packages/airflow/example_dags/subdags/subdag.py
[2024-03-18T09:50:40.513+0200] {processor.py:842} WARNING - No viable dags retrieved from /usr/local/lib/python3.8/site-packages/airflow/example_dags/subdags/subdag.py
[2024-03-18T09:50:40.630+0200] {processor.py:183} INFO - Processing /usr/local/lib/python3.8/site-packages/airflow/example_dags/subdags/subdag.py took 0.123 seconds
[2024-03-18T09:51:14.616+0200] {processor.py:161} INFO - Started process (PID=3954) to work on /usr/local/lib/python3.8/site-packages/airflow/example_dags/subdags/subdag.py
[2024-03-18T09:51:14.617+0200] {processor.py:830} INFO - Processing file /usr/local/lib/python3.8/site-packages/airflow/example_dags/subdags/subdag.py for tasks to queue
[2024-03-18T09:51:14.617+0200] {logging_mixin.py:188} INFO - [2024-03-18T09:51:14.617+0200] {dagbag.py:540} INFO - Filling up the DagBag from /usr/local/lib/python3.8/site-packages/airflow/example_dags/subdags/subdag.py
[2024-03-18T09:51:14.619+0200] {processor.py:842} WARNING - No viable dags retrieved from /usr/local/lib/python3.8/site-packages/airflow/example_dags/subdags/subdag.py
[2024-03-18T09:51:14.705+0200] {processor.py:183} INFO - Processing /usr/local/lib/python3.8/site-packages/airflow/example_dags/subdags/subdag.py took 0.091 seconds
[2024-03-18T09:51:58.369+0200] {processor.py:161} INFO - Started process (PID=4129) to work on /usr/local/lib/python3.8/site-packages/airflow/example_dags/subdags/subdag.py
[2024-03-18T09:51:58.370+0200] {processor.py:830} INFO - Processing file /usr/local/lib/python3.8/site-packages/airflow/example_dags/subdags/subdag.py for tasks to queue
[2024-03-18T09:51:58.371+0200] {logging_mixin.py:188} INFO - [2024-03-18T09:51:58.370+0200] {dagbag.py:540} INFO - Filling up the DagBag from /usr/local/lib/python3.8/site-packages/airflow/example_dags/subdags/subdag.py
[2024-03-18T09:51:58.373+0200] {processor.py:842} WARNING - No viable dags retrieved from /usr/local/lib/python3.8/site-packages/airflow/example_dags/subdags/subdag.py
[2024-03-18T09:51:58.479+0200] {processor.py:183} INFO - Processing /usr/local/lib/python3.8/site-packages/airflow/example_dags/subdags/subdag.py took 0.112 seconds
[2024-03-18T09:52:40.136+0200] {processor.py:161} INFO - Started process (PID=4276) to work on /usr/local/lib/python3.8/site-packages/airflow/example_dags/subdags/subdag.py
[2024-03-18T09:52:40.137+0200] {processor.py:830} INFO - Processing file /usr/local/lib/python3.8/site-packages/airflow/example_dags/subdags/subdag.py for tasks to queue
[2024-03-18T09:52:40.138+0200] {logging_mixin.py:188} INFO - [2024-03-18T09:52:40.138+0200] {dagbag.py:540} INFO - Filling up the DagBag from /usr/local/lib/python3.8/site-packages/airflow/example_dags/subdags/subdag.py
[2024-03-18T09:52:40.140+0200] {processor.py:842} WARNING - No viable dags retrieved from /usr/local/lib/python3.8/site-packages/airflow/example_dags/subdags/subdag.py
[2024-03-18T09:52:40.230+0200] {processor.py:183} INFO - Processing /usr/local/lib/python3.8/site-packages/airflow/example_dags/subdags/subdag.py took 0.096 seconds
[2024-03-18T09:53:17.908+0200] {processor.py:161} INFO - Started process (PID=4426) to work on /usr/local/lib/python3.8/site-packages/airflow/example_dags/subdags/subdag.py
[2024-03-18T09:53:17.909+0200] {processor.py:830} INFO - Processing file /usr/local/lib/python3.8/site-packages/airflow/example_dags/subdags/subdag.py for tasks to queue
[2024-03-18T09:53:17.910+0200] {logging_mixin.py:188} INFO - [2024-03-18T09:53:17.910+0200] {dagbag.py:540} INFO - Filling up the DagBag from /usr/local/lib/python3.8/site-packages/airflow/example_dags/subdags/subdag.py
[2024-03-18T09:53:17.912+0200] {processor.py:842} WARNING - No viable dags retrieved from /usr/local/lib/python3.8/site-packages/airflow/example_dags/subdags/subdag.py
[2024-03-18T09:53:18.033+0200] {processor.py:183} INFO - Processing /usr/local/lib/python3.8/site-packages/airflow/example_dags/subdags/subdag.py took 0.126 seconds
[2024-03-18T09:54:00.505+0200] {processor.py:161} INFO - Started process (PID=4600) to work on /usr/local/lib/python3.8/site-packages/airflow/example_dags/subdags/subdag.py
[2024-03-18T09:54:00.506+0200] {processor.py:830} INFO - Processing file /usr/local/lib/python3.8/site-packages/airflow/example_dags/subdags/subdag.py for tasks to queue
[2024-03-18T09:54:00.507+0200] {logging_mixin.py:188} INFO - [2024-03-18T09:54:00.506+0200] {dagbag.py:540} INFO - Filling up the DagBag from /usr/local/lib/python3.8/site-packages/airflow/example_dags/subdags/subdag.py
[2024-03-18T09:54:00.509+0200] {processor.py:842} WARNING - No viable dags retrieved from /usr/local/lib/python3.8/site-packages/airflow/example_dags/subdags/subdag.py
[2024-03-18T09:54:00.606+0200] {processor.py:183} INFO - Processing /usr/local/lib/python3.8/site-packages/airflow/example_dags/subdags/subdag.py took 0.103 seconds
[2024-03-18T09:54:35.350+0200] {processor.py:161} INFO - Started process (PID=4726) to work on /usr/local/lib/python3.8/site-packages/airflow/example_dags/subdags/subdag.py
[2024-03-18T09:54:35.351+0200] {processor.py:830} INFO - Processing file /usr/local/lib/python3.8/site-packages/airflow/example_dags/subdags/subdag.py for tasks to queue
[2024-03-18T09:54:35.352+0200] {logging_mixin.py:188} INFO - [2024-03-18T09:54:35.351+0200] {dagbag.py:540} INFO - Filling up the DagBag from /usr/local/lib/python3.8/site-packages/airflow/example_dags/subdags/subdag.py
[2024-03-18T09:54:35.354+0200] {processor.py:842} WARNING - No viable dags retrieved from /usr/local/lib/python3.8/site-packages/airflow/example_dags/subdags/subdag.py
[2024-03-18T09:54:35.478+0200] {processor.py:183} INFO - Processing /usr/local/lib/python3.8/site-packages/airflow/example_dags/subdags/subdag.py took 0.130 seconds
[2024-03-18T09:55:18.320+0200] {processor.py:161} INFO - Started process (PID=4894) to work on /usr/local/lib/python3.8/site-packages/airflow/example_dags/subdags/subdag.py
[2024-03-18T09:55:18.321+0200] {processor.py:830} INFO - Processing file /usr/local/lib/python3.8/site-packages/airflow/example_dags/subdags/subdag.py for tasks to queue
[2024-03-18T09:55:18.321+0200] {logging_mixin.py:188} INFO - [2024-03-18T09:55:18.321+0200] {dagbag.py:540} INFO - Filling up the DagBag from /usr/local/lib/python3.8/site-packages/airflow/example_dags/subdags/subdag.py
[2024-03-18T09:55:18.324+0200] {processor.py:842} WARNING - No viable dags retrieved from /usr/local/lib/python3.8/site-packages/airflow/example_dags/subdags/subdag.py
[2024-03-18T09:55:18.430+0200] {processor.py:183} INFO - Processing /usr/local/lib/python3.8/site-packages/airflow/example_dags/subdags/subdag.py took 0.112 seconds
[2024-03-18T09:56:05.998+0200] {processor.py:161} INFO - Started process (PID=5121) to work on /usr/local/lib/python3.8/site-packages/airflow/example_dags/subdags/subdag.py
[2024-03-18T09:56:06.002+0200] {processor.py:830} INFO - Processing file /usr/local/lib/python3.8/site-packages/airflow/example_dags/subdags/subdag.py for tasks to queue
[2024-03-18T09:56:06.003+0200] {logging_mixin.py:188} INFO - [2024-03-18T09:56:06.003+0200] {dagbag.py:540} INFO - Filling up the DagBag from /usr/local/lib/python3.8/site-packages/airflow/example_dags/subdags/subdag.py
[2024-03-18T09:56:06.005+0200] {processor.py:842} WARNING - No viable dags retrieved from /usr/local/lib/python3.8/site-packages/airflow/example_dags/subdags/subdag.py
[2024-03-18T09:56:06.109+0200] {processor.py:183} INFO - Processing /usr/local/lib/python3.8/site-packages/airflow/example_dags/subdags/subdag.py took 0.113 seconds
[2024-03-18T09:56:43.420+0200] {processor.py:161} INFO - Started process (PID=5354) to work on /usr/local/lib/python3.8/site-packages/airflow/example_dags/subdags/subdag.py
[2024-03-18T09:56:43.422+0200] {processor.py:830} INFO - Processing file /usr/local/lib/python3.8/site-packages/airflow/example_dags/subdags/subdag.py for tasks to queue
[2024-03-18T09:56:43.422+0200] {logging_mixin.py:188} INFO - [2024-03-18T09:56:43.422+0200] {dagbag.py:540} INFO - Filling up the DagBag from /usr/local/lib/python3.8/site-packages/airflow/example_dags/subdags/subdag.py
[2024-03-18T09:56:43.425+0200] {processor.py:842} WARNING - No viable dags retrieved from /usr/local/lib/python3.8/site-packages/airflow/example_dags/subdags/subdag.py
[2024-03-18T09:56:43.539+0200] {processor.py:183} INFO - Processing /usr/local/lib/python3.8/site-packages/airflow/example_dags/subdags/subdag.py took 0.121 seconds
[2024-03-18T09:57:24.559+0200] {processor.py:161} INFO - Started process (PID=5641) to work on /usr/local/lib/python3.8/site-packages/airflow/example_dags/subdags/subdag.py
[2024-03-18T09:57:24.561+0200] {processor.py:830} INFO - Processing file /usr/local/lib/python3.8/site-packages/airflow/example_dags/subdags/subdag.py for tasks to queue
[2024-03-18T09:57:24.562+0200] {logging_mixin.py:188} INFO - [2024-03-18T09:57:24.562+0200] {dagbag.py:540} INFO - Filling up the DagBag from /usr/local/lib/python3.8/site-packages/airflow/example_dags/subdags/subdag.py
[2024-03-18T09:57:24.565+0200] {processor.py:842} WARNING - No viable dags retrieved from /usr/local/lib/python3.8/site-packages/airflow/example_dags/subdags/subdag.py
[2024-03-18T09:57:24.688+0200] {processor.py:183} INFO - Processing /usr/local/lib/python3.8/site-packages/airflow/example_dags/subdags/subdag.py took 0.132 seconds
[2024-03-18T09:58:08.428+0200] {processor.py:161} INFO - Started process (PID=5851) to work on /usr/local/lib/python3.8/site-packages/airflow/example_dags/subdags/subdag.py
[2024-03-18T09:58:08.429+0200] {processor.py:830} INFO - Processing file /usr/local/lib/python3.8/site-packages/airflow/example_dags/subdags/subdag.py for tasks to queue
[2024-03-18T09:58:08.430+0200] {logging_mixin.py:188} INFO - [2024-03-18T09:58:08.430+0200] {dagbag.py:540} INFO - Filling up the DagBag from /usr/local/lib/python3.8/site-packages/airflow/example_dags/subdags/subdag.py
[2024-03-18T09:58:08.432+0200] {processor.py:842} WARNING - No viable dags retrieved from /usr/local/lib/python3.8/site-packages/airflow/example_dags/subdags/subdag.py
[2024-03-18T09:58:08.536+0200] {processor.py:183} INFO - Processing /usr/local/lib/python3.8/site-packages/airflow/example_dags/subdags/subdag.py took 0.109 seconds
[2024-03-18T09:58:46.541+0200] {processor.py:161} INFO - Started process (PID=5984) to work on /usr/local/lib/python3.8/site-packages/airflow/example_dags/subdags/subdag.py
[2024-03-18T09:58:46.543+0200] {processor.py:830} INFO - Processing file /usr/local/lib/python3.8/site-packages/airflow/example_dags/subdags/subdag.py for tasks to queue
[2024-03-18T09:58:46.544+0200] {logging_mixin.py:188} INFO - [2024-03-18T09:58:46.544+0200] {dagbag.py:540} INFO - Filling up the DagBag from /usr/local/lib/python3.8/site-packages/airflow/example_dags/subdags/subdag.py
[2024-03-18T09:58:46.547+0200] {processor.py:842} WARNING - No viable dags retrieved from /usr/local/lib/python3.8/site-packages/airflow/example_dags/subdags/subdag.py
[2024-03-18T09:58:46.702+0200] {processor.py:183} INFO - Processing /usr/local/lib/python3.8/site-packages/airflow/example_dags/subdags/subdag.py took 0.162 seconds
[2024-03-18T09:59:31.175+0200] {processor.py:161} INFO - Started process (PID=6155) to work on /usr/local/lib/python3.8/site-packages/airflow/example_dags/subdags/subdag.py
[2024-03-18T09:59:31.176+0200] {processor.py:830} INFO - Processing file /usr/local/lib/python3.8/site-packages/airflow/example_dags/subdags/subdag.py for tasks to queue
[2024-03-18T09:59:31.177+0200] {logging_mixin.py:188} INFO - [2024-03-18T09:59:31.177+0200] {dagbag.py:540} INFO - Filling up the DagBag from /usr/local/lib/python3.8/site-packages/airflow/example_dags/subdags/subdag.py
[2024-03-18T09:59:31.179+0200] {processor.py:842} WARNING - No viable dags retrieved from /usr/local/lib/python3.8/site-packages/airflow/example_dags/subdags/subdag.py
[2024-03-18T09:59:31.285+0200] {processor.py:183} INFO - Processing /usr/local/lib/python3.8/site-packages/airflow/example_dags/subdags/subdag.py took 0.111 seconds
[2024-03-18T10:00:18.863+0200] {processor.py:161} INFO - Started process (PID=6330) to work on /usr/local/lib/python3.8/site-packages/airflow/example_dags/subdags/subdag.py
[2024-03-18T10:00:18.864+0200] {processor.py:830} INFO - Processing file /usr/local/lib/python3.8/site-packages/airflow/example_dags/subdags/subdag.py for tasks to queue
[2024-03-18T10:00:18.865+0200] {logging_mixin.py:188} INFO - [2024-03-18T10:00:18.865+0200] {dagbag.py:540} INFO - Filling up the DagBag from /usr/local/lib/python3.8/site-packages/airflow/example_dags/subdags/subdag.py
[2024-03-18T10:00:18.867+0200] {processor.py:842} WARNING - No viable dags retrieved from /usr/local/lib/python3.8/site-packages/airflow/example_dags/subdags/subdag.py
[2024-03-18T10:00:18.983+0200] {processor.py:183} INFO - Processing /usr/local/lib/python3.8/site-packages/airflow/example_dags/subdags/subdag.py took 0.123 seconds
[2024-03-18T10:01:08.853+0200] {processor.py:161} INFO - Started process (PID=6633) to work on /usr/local/lib/python3.8/site-packages/airflow/example_dags/subdags/subdag.py
[2024-03-18T10:01:08.855+0200] {processor.py:830} INFO - Processing file /usr/local/lib/python3.8/site-packages/airflow/example_dags/subdags/subdag.py for tasks to queue
[2024-03-18T10:01:08.856+0200] {logging_mixin.py:188} INFO - [2024-03-18T10:01:08.856+0200] {dagbag.py:540} INFO - Filling up the DagBag from /usr/local/lib/python3.8/site-packages/airflow/example_dags/subdags/subdag.py
[2024-03-18T10:01:08.858+0200] {processor.py:842} WARNING - No viable dags retrieved from /usr/local/lib/python3.8/site-packages/airflow/example_dags/subdags/subdag.py
[2024-03-18T10:01:08.985+0200] {processor.py:183} INFO - Processing /usr/local/lib/python3.8/site-packages/airflow/example_dags/subdags/subdag.py took 0.134 seconds
[2024-03-18T10:01:45.001+0200] {processor.py:161} INFO - Started process (PID=6877) to work on /usr/local/lib/python3.8/site-packages/airflow/example_dags/subdags/subdag.py
[2024-03-18T10:01:45.002+0200] {processor.py:830} INFO - Processing file /usr/local/lib/python3.8/site-packages/airflow/example_dags/subdags/subdag.py for tasks to queue
[2024-03-18T10:01:45.002+0200] {logging_mixin.py:188} INFO - [2024-03-18T10:01:45.002+0200] {dagbag.py:540} INFO - Filling up the DagBag from /usr/local/lib/python3.8/site-packages/airflow/example_dags/subdags/subdag.py
[2024-03-18T10:01:45.005+0200] {processor.py:842} WARNING - No viable dags retrieved from /usr/local/lib/python3.8/site-packages/airflow/example_dags/subdags/subdag.py
[2024-03-18T10:01:45.132+0200] {processor.py:183} INFO - Processing /usr/local/lib/python3.8/site-packages/airflow/example_dags/subdags/subdag.py took 0.133 seconds
[2024-03-18T10:02:25.729+0200] {processor.py:161} INFO - Started process (PID=7032) to work on /usr/local/lib/python3.8/site-packages/airflow/example_dags/subdags/subdag.py
[2024-03-18T10:02:25.730+0200] {processor.py:830} INFO - Processing file /usr/local/lib/python3.8/site-packages/airflow/example_dags/subdags/subdag.py for tasks to queue
[2024-03-18T10:02:25.730+0200] {logging_mixin.py:188} INFO - [2024-03-18T10:02:25.730+0200] {dagbag.py:540} INFO - Filling up the DagBag from /usr/local/lib/python3.8/site-packages/airflow/example_dags/subdags/subdag.py
[2024-03-18T10:02:25.732+0200] {processor.py:842} WARNING - No viable dags retrieved from /usr/local/lib/python3.8/site-packages/airflow/example_dags/subdags/subdag.py
[2024-03-18T10:02:25.831+0200] {processor.py:183} INFO - Processing /usr/local/lib/python3.8/site-packages/airflow/example_dags/subdags/subdag.py took 0.103 seconds
[2024-03-18T10:03:08.085+0200] {processor.py:161} INFO - Started process (PID=7216) to work on /usr/local/lib/python3.8/site-packages/airflow/example_dags/subdags/subdag.py
[2024-03-18T10:03:08.087+0200] {processor.py:830} INFO - Processing file /usr/local/lib/python3.8/site-packages/airflow/example_dags/subdags/subdag.py for tasks to queue
[2024-03-18T10:03:08.087+0200] {logging_mixin.py:188} INFO - [2024-03-18T10:03:08.087+0200] {dagbag.py:540} INFO - Filling up the DagBag from /usr/local/lib/python3.8/site-packages/airflow/example_dags/subdags/subdag.py
[2024-03-18T10:03:08.090+0200] {processor.py:842} WARNING - No viable dags retrieved from /usr/local/lib/python3.8/site-packages/airflow/example_dags/subdags/subdag.py
[2024-03-18T10:03:08.231+0200] {processor.py:183} INFO - Processing /usr/local/lib/python3.8/site-packages/airflow/example_dags/subdags/subdag.py took 0.148 seconds
[2024-03-18T10:03:43.169+0200] {processor.py:161} INFO - Started process (PID=7361) to work on /usr/local/lib/python3.8/site-packages/airflow/example_dags/subdags/subdag.py
[2024-03-18T10:03:43.170+0200] {processor.py:830} INFO - Processing file /usr/local/lib/python3.8/site-packages/airflow/example_dags/subdags/subdag.py for tasks to queue
[2024-03-18T10:03:43.170+0200] {logging_mixin.py:188} INFO - [2024-03-18T10:03:43.170+0200] {dagbag.py:540} INFO - Filling up the DagBag from /usr/local/lib/python3.8/site-packages/airflow/example_dags/subdags/subdag.py
[2024-03-18T10:03:43.173+0200] {processor.py:842} WARNING - No viable dags retrieved from /usr/local/lib/python3.8/site-packages/airflow/example_dags/subdags/subdag.py
[2024-03-18T10:03:43.282+0200] {processor.py:183} INFO - Processing /usr/local/lib/python3.8/site-packages/airflow/example_dags/subdags/subdag.py took 0.115 seconds
[2024-03-18T10:04:22.717+0200] {processor.py:161} INFO - Started process (PID=7538) to work on /usr/local/lib/python3.8/site-packages/airflow/example_dags/subdags/subdag.py
[2024-03-18T10:04:22.717+0200] {processor.py:830} INFO - Processing file /usr/local/lib/python3.8/site-packages/airflow/example_dags/subdags/subdag.py for tasks to queue
[2024-03-18T10:04:22.718+0200] {logging_mixin.py:188} INFO - [2024-03-18T10:04:22.718+0200] {dagbag.py:540} INFO - Filling up the DagBag from /usr/local/lib/python3.8/site-packages/airflow/example_dags/subdags/subdag.py
[2024-03-18T10:04:22.720+0200] {processor.py:842} WARNING - No viable dags retrieved from /usr/local/lib/python3.8/site-packages/airflow/example_dags/subdags/subdag.py
[2024-03-18T10:04:22.829+0200] {processor.py:183} INFO - Processing /usr/local/lib/python3.8/site-packages/airflow/example_dags/subdags/subdag.py took 0.113 seconds
[2024-03-18T10:05:00.020+0200] {processor.py:161} INFO - Started process (PID=7673) to work on /usr/local/lib/python3.8/site-packages/airflow/example_dags/subdags/subdag.py
[2024-03-18T10:05:00.021+0200] {processor.py:830} INFO - Processing file /usr/local/lib/python3.8/site-packages/airflow/example_dags/subdags/subdag.py for tasks to queue
[2024-03-18T10:05:00.022+0200] {logging_mixin.py:188} INFO - [2024-03-18T10:05:00.022+0200] {dagbag.py:540} INFO - Filling up the DagBag from /usr/local/lib/python3.8/site-packages/airflow/example_dags/subdags/subdag.py
[2024-03-18T10:05:00.024+0200] {processor.py:842} WARNING - No viable dags retrieved from /usr/local/lib/python3.8/site-packages/airflow/example_dags/subdags/subdag.py
[2024-03-18T10:05:00.178+0200] {processor.py:183} INFO - Processing /usr/local/lib/python3.8/site-packages/airflow/example_dags/subdags/subdag.py took 0.160 seconds
[2024-03-18T10:05:39.910+0200] {processor.py:161} INFO - Started process (PID=7833) to work on /usr/local/lib/python3.8/site-packages/airflow/example_dags/subdags/subdag.py
[2024-03-18T10:05:39.911+0200] {processor.py:830} INFO - Processing file /usr/local/lib/python3.8/site-packages/airflow/example_dags/subdags/subdag.py for tasks to queue
[2024-03-18T10:05:39.912+0200] {logging_mixin.py:188} INFO - [2024-03-18T10:05:39.912+0200] {dagbag.py:540} INFO - Filling up the DagBag from /usr/local/lib/python3.8/site-packages/airflow/example_dags/subdags/subdag.py
[2024-03-18T10:05:39.914+0200] {processor.py:842} WARNING - No viable dags retrieved from /usr/local/lib/python3.8/site-packages/airflow/example_dags/subdags/subdag.py
[2024-03-18T10:05:40.027+0200] {processor.py:183} INFO - Processing /usr/local/lib/python3.8/site-packages/airflow/example_dags/subdags/subdag.py took 0.119 seconds
[2024-03-18T10:06:18.549+0200] {processor.py:161} INFO - Started process (PID=7975) to work on /usr/local/lib/python3.8/site-packages/airflow/example_dags/subdags/subdag.py
[2024-03-18T10:06:18.551+0200] {processor.py:830} INFO - Processing file /usr/local/lib/python3.8/site-packages/airflow/example_dags/subdags/subdag.py for tasks to queue
[2024-03-18T10:06:18.552+0200] {logging_mixin.py:188} INFO - [2024-03-18T10:06:18.552+0200] {dagbag.py:540} INFO - Filling up the DagBag from /usr/local/lib/python3.8/site-packages/airflow/example_dags/subdags/subdag.py
[2024-03-18T10:06:18.554+0200] {processor.py:842} WARNING - No viable dags retrieved from /usr/local/lib/python3.8/site-packages/airflow/example_dags/subdags/subdag.py
[2024-03-18T10:06:18.676+0200] {processor.py:183} INFO - Processing /usr/local/lib/python3.8/site-packages/airflow/example_dags/subdags/subdag.py took 0.129 seconds
[2024-03-18T10:06:56.130+0200] {processor.py:161} INFO - Started process (PID=8115) to work on /usr/local/lib/python3.8/site-packages/airflow/example_dags/subdags/subdag.py
[2024-03-18T10:06:56.131+0200] {processor.py:830} INFO - Processing file /usr/local/lib/python3.8/site-packages/airflow/example_dags/subdags/subdag.py for tasks to queue
[2024-03-18T10:06:56.132+0200] {logging_mixin.py:188} INFO - [2024-03-18T10:06:56.132+0200] {dagbag.py:540} INFO - Filling up the DagBag from /usr/local/lib/python3.8/site-packages/airflow/example_dags/subdags/subdag.py
[2024-03-18T10:06:56.133+0200] {processor.py:842} WARNING - No viable dags retrieved from /usr/local/lib/python3.8/site-packages/airflow/example_dags/subdags/subdag.py
[2024-03-18T10:06:56.225+0200] {processor.py:183} INFO - Processing /usr/local/lib/python3.8/site-packages/airflow/example_dags/subdags/subdag.py took 0.097 seconds
[2024-03-18T10:07:35.345+0200] {processor.py:161} INFO - Started process (PID=8294) to work on /usr/local/lib/python3.8/site-packages/airflow/example_dags/subdags/subdag.py
[2024-03-18T10:07:35.347+0200] {processor.py:830} INFO - Processing file /usr/local/lib/python3.8/site-packages/airflow/example_dags/subdags/subdag.py for tasks to queue
[2024-03-18T10:07:35.348+0200] {logging_mixin.py:188} INFO - [2024-03-18T10:07:35.348+0200] {dagbag.py:540} INFO - Filling up the DagBag from /usr/local/lib/python3.8/site-packages/airflow/example_dags/subdags/subdag.py
[2024-03-18T10:07:35.350+0200] {processor.py:842} WARNING - No viable dags retrieved from /usr/local/lib/python3.8/site-packages/airflow/example_dags/subdags/subdag.py
[2024-03-18T10:07:35.474+0200] {processor.py:183} INFO - Processing /usr/local/lib/python3.8/site-packages/airflow/example_dags/subdags/subdag.py took 0.131 seconds
[2024-03-18T10:08:21.372+0200] {processor.py:161} INFO - Started process (PID=8577) to work on /usr/local/lib/python3.8/site-packages/airflow/example_dags/subdags/subdag.py
[2024-03-18T10:08:21.373+0200] {processor.py:830} INFO - Processing file /usr/local/lib/python3.8/site-packages/airflow/example_dags/subdags/subdag.py for tasks to queue
[2024-03-18T10:08:21.374+0200] {logging_mixin.py:188} INFO - [2024-03-18T10:08:21.373+0200] {dagbag.py:540} INFO - Filling up the DagBag from /usr/local/lib/python3.8/site-packages/airflow/example_dags/subdags/subdag.py
[2024-03-18T10:08:21.376+0200] {processor.py:842} WARNING - No viable dags retrieved from /usr/local/lib/python3.8/site-packages/airflow/example_dags/subdags/subdag.py
[2024-03-18T10:08:21.474+0200] {processor.py:183} INFO - Processing /usr/local/lib/python3.8/site-packages/airflow/example_dags/subdags/subdag.py took 0.103 seconds
[2024-03-18T10:09:07.587+0200] {processor.py:161} INFO - Started process (PID=8777) to work on /usr/local/lib/python3.8/site-packages/airflow/example_dags/subdags/subdag.py
[2024-03-18T10:09:07.588+0200] {processor.py:830} INFO - Processing file /usr/local/lib/python3.8/site-packages/airflow/example_dags/subdags/subdag.py for tasks to queue
[2024-03-18T10:09:07.588+0200] {logging_mixin.py:188} INFO - [2024-03-18T10:09:07.588+0200] {dagbag.py:540} INFO - Filling up the DagBag from /usr/local/lib/python3.8/site-packages/airflow/example_dags/subdags/subdag.py
[2024-03-18T10:09:07.591+0200] {processor.py:842} WARNING - No viable dags retrieved from /usr/local/lib/python3.8/site-packages/airflow/example_dags/subdags/subdag.py
[2024-03-18T10:09:07.724+0200] {processor.py:183} INFO - Processing /usr/local/lib/python3.8/site-packages/airflow/example_dags/subdags/subdag.py took 0.139 seconds
[2024-03-18T10:09:46.267+0200] {processor.py:161} INFO - Started process (PID=8931) to work on /usr/local/lib/python3.8/site-packages/airflow/example_dags/subdags/subdag.py
[2024-03-18T10:09:46.268+0200] {processor.py:830} INFO - Processing file /usr/local/lib/python3.8/site-packages/airflow/example_dags/subdags/subdag.py for tasks to queue
[2024-03-18T10:09:46.268+0200] {logging_mixin.py:188} INFO - [2024-03-18T10:09:46.268+0200] {dagbag.py:540} INFO - Filling up the DagBag from /usr/local/lib/python3.8/site-packages/airflow/example_dags/subdags/subdag.py
[2024-03-18T10:09:46.270+0200] {processor.py:842} WARNING - No viable dags retrieved from /usr/local/lib/python3.8/site-packages/airflow/example_dags/subdags/subdag.py
[2024-03-18T10:09:46.372+0200] {processor.py:183} INFO - Processing /usr/local/lib/python3.8/site-packages/airflow/example_dags/subdags/subdag.py took 0.108 seconds
[2024-03-18T10:10:22.778+0200] {processor.py:161} INFO - Started process (PID=9072) to work on /usr/local/lib/python3.8/site-packages/airflow/example_dags/subdags/subdag.py
[2024-03-18T10:10:22.779+0200] {processor.py:830} INFO - Processing file /usr/local/lib/python3.8/site-packages/airflow/example_dags/subdags/subdag.py for tasks to queue
[2024-03-18T10:10:22.779+0200] {logging_mixin.py:188} INFO - [2024-03-18T10:10:22.779+0200] {dagbag.py:540} INFO - Filling up the DagBag from /usr/local/lib/python3.8/site-packages/airflow/example_dags/subdags/subdag.py
[2024-03-18T10:10:22.781+0200] {processor.py:842} WARNING - No viable dags retrieved from /usr/local/lib/python3.8/site-packages/airflow/example_dags/subdags/subdag.py
[2024-03-18T10:10:22.885+0200] {processor.py:183} INFO - Processing /usr/local/lib/python3.8/site-packages/airflow/example_dags/subdags/subdag.py took 0.109 seconds
[2024-03-18T10:11:00.816+0200] {processor.py:161} INFO - Started process (PID=9217) to work on /usr/local/lib/python3.8/site-packages/airflow/example_dags/subdags/subdag.py
[2024-03-18T10:11:00.817+0200] {processor.py:830} INFO - Processing file /usr/local/lib/python3.8/site-packages/airflow/example_dags/subdags/subdag.py for tasks to queue
[2024-03-18T10:11:00.817+0200] {logging_mixin.py:188} INFO - [2024-03-18T10:11:00.817+0200] {dagbag.py:540} INFO - Filling up the DagBag from /usr/local/lib/python3.8/site-packages/airflow/example_dags/subdags/subdag.py
[2024-03-18T10:11:00.819+0200] {processor.py:842} WARNING - No viable dags retrieved from /usr/local/lib/python3.8/site-packages/airflow/example_dags/subdags/subdag.py
[2024-03-18T10:11:00.910+0200] {processor.py:183} INFO - Processing /usr/local/lib/python3.8/site-packages/airflow/example_dags/subdags/subdag.py took 0.096 seconds
[2024-03-18T10:11:38.062+0200] {processor.py:161} INFO - Started process (PID=9349) to work on /usr/local/lib/python3.8/site-packages/airflow/example_dags/subdags/subdag.py
[2024-03-18T10:11:38.063+0200] {processor.py:830} INFO - Processing file /usr/local/lib/python3.8/site-packages/airflow/example_dags/subdags/subdag.py for tasks to queue
[2024-03-18T10:11:38.063+0200] {logging_mixin.py:188} INFO - [2024-03-18T10:11:38.063+0200] {dagbag.py:540} INFO - Filling up the DagBag from /usr/local/lib/python3.8/site-packages/airflow/example_dags/subdags/subdag.py
[2024-03-18T10:11:38.066+0200] {processor.py:842} WARNING - No viable dags retrieved from /usr/local/lib/python3.8/site-packages/airflow/example_dags/subdags/subdag.py
[2024-03-18T10:11:38.187+0200] {processor.py:183} INFO - Processing /usr/local/lib/python3.8/site-packages/airflow/example_dags/subdags/subdag.py took 0.127 seconds
[2024-03-18T10:12:20.131+0200] {processor.py:161} INFO - Started process (PID=9516) to work on /usr/local/lib/python3.8/site-packages/airflow/example_dags/subdags/subdag.py
[2024-03-18T10:12:20.132+0200] {processor.py:830} INFO - Processing file /usr/local/lib/python3.8/site-packages/airflow/example_dags/subdags/subdag.py for tasks to queue
[2024-03-18T10:12:20.133+0200] {logging_mixin.py:188} INFO - [2024-03-18T10:12:20.133+0200] {dagbag.py:540} INFO - Filling up the DagBag from /usr/local/lib/python3.8/site-packages/airflow/example_dags/subdags/subdag.py
[2024-03-18T10:12:20.134+0200] {processor.py:842} WARNING - No viable dags retrieved from /usr/local/lib/python3.8/site-packages/airflow/example_dags/subdags/subdag.py
[2024-03-18T10:12:20.226+0200] {processor.py:183} INFO - Processing /usr/local/lib/python3.8/site-packages/airflow/example_dags/subdags/subdag.py took 0.096 seconds
[2024-03-18T10:13:07.668+0200] {processor.py:161} INFO - Started process (PID=9773) to work on /usr/local/lib/python3.8/site-packages/airflow/example_dags/subdags/subdag.py
[2024-03-18T10:13:07.670+0200] {processor.py:830} INFO - Processing file /usr/local/lib/python3.8/site-packages/airflow/example_dags/subdags/subdag.py for tasks to queue
[2024-03-18T10:13:07.670+0200] {logging_mixin.py:188} INFO - [2024-03-18T10:13:07.670+0200] {dagbag.py:540} INFO - Filling up the DagBag from /usr/local/lib/python3.8/site-packages/airflow/example_dags/subdags/subdag.py
[2024-03-18T10:13:07.673+0200] {processor.py:842} WARNING - No viable dags retrieved from /usr/local/lib/python3.8/site-packages/airflow/example_dags/subdags/subdag.py
[2024-03-18T10:13:07.783+0200] {processor.py:183} INFO - Processing /usr/local/lib/python3.8/site-packages/airflow/example_dags/subdags/subdag.py took 0.117 seconds
[2024-03-18T10:13:44.360+0200] {processor.py:161} INFO - Started process (PID=9956) to work on /usr/local/lib/python3.8/site-packages/airflow/example_dags/subdags/subdag.py
[2024-03-18T10:13:44.361+0200] {processor.py:830} INFO - Processing file /usr/local/lib/python3.8/site-packages/airflow/example_dags/subdags/subdag.py for tasks to queue
[2024-03-18T10:13:44.361+0200] {logging_mixin.py:188} INFO - [2024-03-18T10:13:44.361+0200] {dagbag.py:540} INFO - Filling up the DagBag from /usr/local/lib/python3.8/site-packages/airflow/example_dags/subdags/subdag.py
[2024-03-18T10:13:44.363+0200] {processor.py:842} WARNING - No viable dags retrieved from /usr/local/lib/python3.8/site-packages/airflow/example_dags/subdags/subdag.py
[2024-03-18T10:13:44.451+0200] {processor.py:183} INFO - Processing /usr/local/lib/python3.8/site-packages/airflow/example_dags/subdags/subdag.py took 0.093 seconds
[2024-03-18T10:14:25.840+0200] {processor.py:161} INFO - Started process (PID=10113) to work on /usr/local/lib/python3.8/site-packages/airflow/example_dags/subdags/subdag.py
[2024-03-18T10:14:25.841+0200] {processor.py:830} INFO - Processing file /usr/local/lib/python3.8/site-packages/airflow/example_dags/subdags/subdag.py for tasks to queue
[2024-03-18T10:14:25.842+0200] {logging_mixin.py:188} INFO - [2024-03-18T10:14:25.842+0200] {dagbag.py:540} INFO - Filling up the DagBag from /usr/local/lib/python3.8/site-packages/airflow/example_dags/subdags/subdag.py
[2024-03-18T10:14:25.845+0200] {processor.py:842} WARNING - No viable dags retrieved from /usr/local/lib/python3.8/site-packages/airflow/example_dags/subdags/subdag.py
[2024-03-18T10:14:25.951+0200] {processor.py:183} INFO - Processing /usr/local/lib/python3.8/site-packages/airflow/example_dags/subdags/subdag.py took 0.112 seconds
[2024-03-18T10:15:04.129+0200] {processor.py:161} INFO - Started process (PID=10260) to work on /usr/local/lib/python3.8/site-packages/airflow/example_dags/subdags/subdag.py
[2024-03-18T10:15:04.130+0200] {processor.py:830} INFO - Processing file /usr/local/lib/python3.8/site-packages/airflow/example_dags/subdags/subdag.py for tasks to queue
[2024-03-18T10:15:04.131+0200] {logging_mixin.py:188} INFO - [2024-03-18T10:15:04.131+0200] {dagbag.py:540} INFO - Filling up the DagBag from /usr/local/lib/python3.8/site-packages/airflow/example_dags/subdags/subdag.py
[2024-03-18T10:15:04.133+0200] {processor.py:842} WARNING - No viable dags retrieved from /usr/local/lib/python3.8/site-packages/airflow/example_dags/subdags/subdag.py
[2024-03-18T10:15:04.226+0200] {processor.py:183} INFO - Processing /usr/local/lib/python3.8/site-packages/airflow/example_dags/subdags/subdag.py took 0.099 seconds
[2024-03-18T10:15:43.381+0200] {processor.py:161} INFO - Started process (PID=10410) to work on /usr/local/lib/python3.8/site-packages/airflow/example_dags/subdags/subdag.py
[2024-03-18T10:15:43.382+0200] {processor.py:830} INFO - Processing file /usr/local/lib/python3.8/site-packages/airflow/example_dags/subdags/subdag.py for tasks to queue
[2024-03-18T10:15:43.382+0200] {logging_mixin.py:188} INFO - [2024-03-18T10:15:43.382+0200] {dagbag.py:540} INFO - Filling up the DagBag from /usr/local/lib/python3.8/site-packages/airflow/example_dags/subdags/subdag.py
[2024-03-18T10:15:43.384+0200] {processor.py:842} WARNING - No viable dags retrieved from /usr/local/lib/python3.8/site-packages/airflow/example_dags/subdags/subdag.py
[2024-03-18T10:15:43.471+0200] {processor.py:183} INFO - Processing /usr/local/lib/python3.8/site-packages/airflow/example_dags/subdags/subdag.py took 0.091 seconds
[2024-03-18T10:16:24.047+0200] {processor.py:161} INFO - Started process (PID=10579) to work on /usr/local/lib/python3.8/site-packages/airflow/example_dags/subdags/subdag.py
[2024-03-18T10:16:24.048+0200] {processor.py:830} INFO - Processing file /usr/local/lib/python3.8/site-packages/airflow/example_dags/subdags/subdag.py for tasks to queue
[2024-03-18T10:16:24.049+0200] {logging_mixin.py:188} INFO - [2024-03-18T10:16:24.049+0200] {dagbag.py:540} INFO - Filling up the DagBag from /usr/local/lib/python3.8/site-packages/airflow/example_dags/subdags/subdag.py
[2024-03-18T10:16:24.050+0200] {processor.py:842} WARNING - No viable dags retrieved from /usr/local/lib/python3.8/site-packages/airflow/example_dags/subdags/subdag.py
[2024-03-18T10:16:24.141+0200] {processor.py:183} INFO - Processing /usr/local/lib/python3.8/site-packages/airflow/example_dags/subdags/subdag.py took 0.095 seconds
[2024-03-18T10:17:03.669+0200] {processor.py:161} INFO - Started process (PID=10737) to work on /usr/local/lib/python3.8/site-packages/airflow/example_dags/subdags/subdag.py
[2024-03-18T10:17:03.670+0200] {processor.py:830} INFO - Processing file /usr/local/lib/python3.8/site-packages/airflow/example_dags/subdags/subdag.py for tasks to queue
[2024-03-18T10:17:03.671+0200] {logging_mixin.py:188} INFO - [2024-03-18T10:17:03.671+0200] {dagbag.py:540} INFO - Filling up the DagBag from /usr/local/lib/python3.8/site-packages/airflow/example_dags/subdags/subdag.py
[2024-03-18T10:17:03.673+0200] {processor.py:842} WARNING - No viable dags retrieved from /usr/local/lib/python3.8/site-packages/airflow/example_dags/subdags/subdag.py
[2024-03-18T10:17:03.783+0200] {processor.py:183} INFO - Processing /usr/local/lib/python3.8/site-packages/airflow/example_dags/subdags/subdag.py took 0.115 seconds
[2024-03-18T10:17:40.340+0200] {processor.py:161} INFO - Started process (PID=10867) to work on /usr/local/lib/python3.8/site-packages/airflow/example_dags/subdags/subdag.py
[2024-03-18T10:17:40.341+0200] {processor.py:830} INFO - Processing file /usr/local/lib/python3.8/site-packages/airflow/example_dags/subdags/subdag.py for tasks to queue
[2024-03-18T10:17:40.341+0200] {logging_mixin.py:188} INFO - [2024-03-18T10:17:40.341+0200] {dagbag.py:540} INFO - Filling up the DagBag from /usr/local/lib/python3.8/site-packages/airflow/example_dags/subdags/subdag.py
[2024-03-18T10:17:40.344+0200] {processor.py:842} WARNING - No viable dags retrieved from /usr/local/lib/python3.8/site-packages/airflow/example_dags/subdags/subdag.py
[2024-03-18T10:17:40.464+0200] {processor.py:183} INFO - Processing /usr/local/lib/python3.8/site-packages/airflow/example_dags/subdags/subdag.py took 0.126 seconds
[2024-03-18T10:18:20.687+0200] {processor.py:161} INFO - Started process (PID=11023) to work on /usr/local/lib/python3.8/site-packages/airflow/example_dags/subdags/subdag.py
[2024-03-18T10:18:20.688+0200] {processor.py:830} INFO - Processing file /usr/local/lib/python3.8/site-packages/airflow/example_dags/subdags/subdag.py for tasks to queue
[2024-03-18T10:18:20.688+0200] {logging_mixin.py:188} INFO - [2024-03-18T10:18:20.688+0200] {dagbag.py:540} INFO - Filling up the DagBag from /usr/local/lib/python3.8/site-packages/airflow/example_dags/subdags/subdag.py
[2024-03-18T10:18:20.690+0200] {processor.py:842} WARNING - No viable dags retrieved from /usr/local/lib/python3.8/site-packages/airflow/example_dags/subdags/subdag.py
[2024-03-18T10:18:20.812+0200] {processor.py:183} INFO - Processing /usr/local/lib/python3.8/site-packages/airflow/example_dags/subdags/subdag.py took 0.128 seconds
[2024-03-18T10:19:04.813+0200] {processor.py:161} INFO - Started process (PID=11189) to work on /usr/local/lib/python3.8/site-packages/airflow/example_dags/subdags/subdag.py
[2024-03-18T10:19:04.814+0200] {processor.py:830} INFO - Processing file /usr/local/lib/python3.8/site-packages/airflow/example_dags/subdags/subdag.py for tasks to queue
[2024-03-18T10:19:04.815+0200] {logging_mixin.py:188} INFO - [2024-03-18T10:19:04.815+0200] {dagbag.py:540} INFO - Filling up the DagBag from /usr/local/lib/python3.8/site-packages/airflow/example_dags/subdags/subdag.py
[2024-03-18T10:19:04.818+0200] {processor.py:842} WARNING - No viable dags retrieved from /usr/local/lib/python3.8/site-packages/airflow/example_dags/subdags/subdag.py
[2024-03-18T10:19:04.911+0200] {processor.py:183} INFO - Processing /usr/local/lib/python3.8/site-packages/airflow/example_dags/subdags/subdag.py took 0.100 seconds
[2024-03-18T10:19:41.600+0200] {processor.py:161} INFO - Started process (PID=11343) to work on /usr/local/lib/python3.8/site-packages/airflow/example_dags/subdags/subdag.py
[2024-03-18T10:19:41.601+0200] {processor.py:830} INFO - Processing file /usr/local/lib/python3.8/site-packages/airflow/example_dags/subdags/subdag.py for tasks to queue
[2024-03-18T10:19:41.602+0200] {logging_mixin.py:188} INFO - [2024-03-18T10:19:41.602+0200] {dagbag.py:540} INFO - Filling up the DagBag from /usr/local/lib/python3.8/site-packages/airflow/example_dags/subdags/subdag.py
[2024-03-18T10:19:41.604+0200] {processor.py:842} WARNING - No viable dags retrieved from /usr/local/lib/python3.8/site-packages/airflow/example_dags/subdags/subdag.py
[2024-03-18T10:19:41.710+0200] {processor.py:183} INFO - Processing /usr/local/lib/python3.8/site-packages/airflow/example_dags/subdags/subdag.py took 0.112 seconds
[2024-03-18T10:20:22.449+0200] {processor.py:161} INFO - Started process (PID=11505) to work on /usr/local/lib/python3.8/site-packages/airflow/example_dags/subdags/subdag.py
[2024-03-18T10:20:22.450+0200] {processor.py:830} INFO - Processing file /usr/local/lib/python3.8/site-packages/airflow/example_dags/subdags/subdag.py for tasks to queue
[2024-03-18T10:20:22.451+0200] {logging_mixin.py:188} INFO - [2024-03-18T10:20:22.451+0200] {dagbag.py:540} INFO - Filling up the DagBag from /usr/local/lib/python3.8/site-packages/airflow/example_dags/subdags/subdag.py
[2024-03-18T10:20:22.453+0200] {processor.py:842} WARNING - No viable dags retrieved from /usr/local/lib/python3.8/site-packages/airflow/example_dags/subdags/subdag.py
[2024-03-18T10:20:22.557+0200] {processor.py:183} INFO - Processing /usr/local/lib/python3.8/site-packages/airflow/example_dags/subdags/subdag.py took 0.109 seconds
[2024-03-18T10:21:05.626+0200] {processor.py:161} INFO - Started process (PID=11710) to work on /usr/local/lib/python3.8/site-packages/airflow/example_dags/subdags/subdag.py
[2024-03-18T10:21:05.628+0200] {processor.py:830} INFO - Processing file /usr/local/lib/python3.8/site-packages/airflow/example_dags/subdags/subdag.py for tasks to queue
[2024-03-18T10:21:05.628+0200] {logging_mixin.py:188} INFO - [2024-03-18T10:21:05.628+0200] {dagbag.py:540} INFO - Filling up the DagBag from /usr/local/lib/python3.8/site-packages/airflow/example_dags/subdags/subdag.py
[2024-03-18T10:21:05.630+0200] {processor.py:842} WARNING - No viable dags retrieved from /usr/local/lib/python3.8/site-packages/airflow/example_dags/subdags/subdag.py
[2024-03-18T10:21:05.734+0200] {processor.py:183} INFO - Processing /usr/local/lib/python3.8/site-packages/airflow/example_dags/subdags/subdag.py took 0.110 seconds
[2024-03-18T10:23:09.893+0200] {processor.py:161} INFO - Started process (PID=11842) to work on /usr/local/lib/python3.8/site-packages/airflow/example_dags/subdags/subdag.py
[2024-03-18T10:23:09.895+0200] {processor.py:830} INFO - Processing file /usr/local/lib/python3.8/site-packages/airflow/example_dags/subdags/subdag.py for tasks to queue
[2024-03-18T10:23:09.896+0200] {logging_mixin.py:188} INFO - [2024-03-18T10:23:09.895+0200] {dagbag.py:540} INFO - Filling up the DagBag from /usr/local/lib/python3.8/site-packages/airflow/example_dags/subdags/subdag.py
[2024-03-18T10:23:09.898+0200] {processor.py:842} WARNING - No viable dags retrieved from /usr/local/lib/python3.8/site-packages/airflow/example_dags/subdags/subdag.py
[2024-03-18T10:23:09.988+0200] {processor.py:183} INFO - Processing /usr/local/lib/python3.8/site-packages/airflow/example_dags/subdags/subdag.py took 0.096 seconds
[2024-03-18T10:23:48.425+0200] {processor.py:161} INFO - Started process (PID=11986) to work on /usr/local/lib/python3.8/site-packages/airflow/example_dags/subdags/subdag.py
[2024-03-18T10:23:48.426+0200] {processor.py:830} INFO - Processing file /usr/local/lib/python3.8/site-packages/airflow/example_dags/subdags/subdag.py for tasks to queue
[2024-03-18T10:23:48.427+0200] {logging_mixin.py:188} INFO - [2024-03-18T10:23:48.426+0200] {dagbag.py:540} INFO - Filling up the DagBag from /usr/local/lib/python3.8/site-packages/airflow/example_dags/subdags/subdag.py
[2024-03-18T10:23:48.429+0200] {processor.py:842} WARNING - No viable dags retrieved from /usr/local/lib/python3.8/site-packages/airflow/example_dags/subdags/subdag.py
[2024-03-18T10:23:48.525+0200] {processor.py:183} INFO - Processing /usr/local/lib/python3.8/site-packages/airflow/example_dags/subdags/subdag.py took 0.102 seconds
[2024-03-18T10:24:22.676+0200] {processor.py:161} INFO - Started process (PID=12128) to work on /usr/local/lib/python3.8/site-packages/airflow/example_dags/subdags/subdag.py
[2024-03-18T10:24:22.677+0200] {processor.py:830} INFO - Processing file /usr/local/lib/python3.8/site-packages/airflow/example_dags/subdags/subdag.py for tasks to queue
[2024-03-18T10:24:22.678+0200] {logging_mixin.py:188} INFO - [2024-03-18T10:24:22.678+0200] {dagbag.py:540} INFO - Filling up the DagBag from /usr/local/lib/python3.8/site-packages/airflow/example_dags/subdags/subdag.py
[2024-03-18T10:24:22.680+0200] {processor.py:842} WARNING - No viable dags retrieved from /usr/local/lib/python3.8/site-packages/airflow/example_dags/subdags/subdag.py
[2024-03-18T10:24:22.799+0200] {processor.py:183} INFO - Processing /usr/local/lib/python3.8/site-packages/airflow/example_dags/subdags/subdag.py took 0.125 seconds
[2024-03-18T10:24:58.106+0200] {processor.py:161} INFO - Started process (PID=12278) to work on /usr/local/lib/python3.8/site-packages/airflow/example_dags/subdags/subdag.py
[2024-03-18T10:24:58.107+0200] {processor.py:830} INFO - Processing file /usr/local/lib/python3.8/site-packages/airflow/example_dags/subdags/subdag.py for tasks to queue
[2024-03-18T10:24:58.108+0200] {logging_mixin.py:188} INFO - [2024-03-18T10:24:58.108+0200] {dagbag.py:540} INFO - Filling up the DagBag from /usr/local/lib/python3.8/site-packages/airflow/example_dags/subdags/subdag.py
[2024-03-18T10:24:58.111+0200] {processor.py:842} WARNING - No viable dags retrieved from /usr/local/lib/python3.8/site-packages/airflow/example_dags/subdags/subdag.py
[2024-03-18T10:24:58.229+0200] {processor.py:183} INFO - Processing /usr/local/lib/python3.8/site-packages/airflow/example_dags/subdags/subdag.py took 0.125 seconds
[2024-03-18T10:25:35.387+0200] {processor.py:161} INFO - Started process (PID=12439) to work on /usr/local/lib/python3.8/site-packages/airflow/example_dags/subdags/subdag.py
[2024-03-18T10:25:35.388+0200] {processor.py:830} INFO - Processing file /usr/local/lib/python3.8/site-packages/airflow/example_dags/subdags/subdag.py for tasks to queue
[2024-03-18T10:25:35.389+0200] {logging_mixin.py:188} INFO - [2024-03-18T10:25:35.389+0200] {dagbag.py:540} INFO - Filling up the DagBag from /usr/local/lib/python3.8/site-packages/airflow/example_dags/subdags/subdag.py
[2024-03-18T10:25:35.391+0200] {processor.py:842} WARNING - No viable dags retrieved from /usr/local/lib/python3.8/site-packages/airflow/example_dags/subdags/subdag.py
[2024-03-18T10:25:35.530+0200] {processor.py:183} INFO - Processing /usr/local/lib/python3.8/site-packages/airflow/example_dags/subdags/subdag.py took 0.146 seconds
[2024-03-18T10:26:30.457+0200] {processor.py:161} INFO - Started process (PID=12888) to work on /usr/local/lib/python3.8/site-packages/airflow/example_dags/subdags/subdag.py
[2024-03-18T10:26:30.459+0200] {processor.py:830} INFO - Processing file /usr/local/lib/python3.8/site-packages/airflow/example_dags/subdags/subdag.py for tasks to queue
[2024-03-18T10:26:30.459+0200] {logging_mixin.py:188} INFO - [2024-03-18T10:26:30.459+0200] {dagbag.py:540} INFO - Filling up the DagBag from /usr/local/lib/python3.8/site-packages/airflow/example_dags/subdags/subdag.py
[2024-03-18T10:26:30.462+0200] {processor.py:842} WARNING - No viable dags retrieved from /usr/local/lib/python3.8/site-packages/airflow/example_dags/subdags/subdag.py
[2024-03-18T10:26:30.582+0200] {processor.py:183} INFO - Processing /usr/local/lib/python3.8/site-packages/airflow/example_dags/subdags/subdag.py took 0.126 seconds
[2024-03-18T10:27:20.071+0200] {processor.py:161} INFO - Started process (PID=13248) to work on /usr/local/lib/python3.8/site-packages/airflow/example_dags/subdags/subdag.py
[2024-03-18T10:27:20.072+0200] {processor.py:830} INFO - Processing file /usr/local/lib/python3.8/site-packages/airflow/example_dags/subdags/subdag.py for tasks to queue
[2024-03-18T10:27:20.073+0200] {logging_mixin.py:188} INFO - [2024-03-18T10:27:20.072+0200] {dagbag.py:540} INFO - Filling up the DagBag from /usr/local/lib/python3.8/site-packages/airflow/example_dags/subdags/subdag.py
[2024-03-18T10:27:20.075+0200] {processor.py:842} WARNING - No viable dags retrieved from /usr/local/lib/python3.8/site-packages/airflow/example_dags/subdags/subdag.py
[2024-03-18T10:27:20.195+0200] {processor.py:183} INFO - Processing /usr/local/lib/python3.8/site-packages/airflow/example_dags/subdags/subdag.py took 0.125 seconds
[2024-03-18T10:27:58.000+0200] {processor.py:161} INFO - Started process (PID=13426) to work on /usr/local/lib/python3.8/site-packages/airflow/example_dags/subdags/subdag.py
[2024-03-18T10:27:58.001+0200] {processor.py:830} INFO - Processing file /usr/local/lib/python3.8/site-packages/airflow/example_dags/subdags/subdag.py for tasks to queue
[2024-03-18T10:27:58.001+0200] {logging_mixin.py:188} INFO - [2024-03-18T10:27:58.001+0200] {dagbag.py:540} INFO - Filling up the DagBag from /usr/local/lib/python3.8/site-packages/airflow/example_dags/subdags/subdag.py
[2024-03-18T10:27:58.004+0200] {processor.py:842} WARNING - No viable dags retrieved from /usr/local/lib/python3.8/site-packages/airflow/example_dags/subdags/subdag.py
[2024-03-18T10:27:58.111+0200] {processor.py:183} INFO - Processing /usr/local/lib/python3.8/site-packages/airflow/example_dags/subdags/subdag.py took 0.113 seconds
[2024-03-18T10:28:42.949+0200] {processor.py:161} INFO - Started process (PID=13597) to work on /usr/local/lib/python3.8/site-packages/airflow/example_dags/subdags/subdag.py
[2024-03-18T10:28:42.950+0200] {processor.py:830} INFO - Processing file /usr/local/lib/python3.8/site-packages/airflow/example_dags/subdags/subdag.py for tasks to queue
[2024-03-18T10:28:42.950+0200] {logging_mixin.py:188} INFO - [2024-03-18T10:28:42.950+0200] {dagbag.py:540} INFO - Filling up the DagBag from /usr/local/lib/python3.8/site-packages/airflow/example_dags/subdags/subdag.py
[2024-03-18T10:28:42.952+0200] {processor.py:842} WARNING - No viable dags retrieved from /usr/local/lib/python3.8/site-packages/airflow/example_dags/subdags/subdag.py
[2024-03-18T10:28:43.037+0200] {processor.py:183} INFO - Processing /usr/local/lib/python3.8/site-packages/airflow/example_dags/subdags/subdag.py took 0.090 seconds
[2024-03-18T10:29:26.088+0200] {processor.py:161} INFO - Started process (PID=13758) to work on /usr/local/lib/python3.8/site-packages/airflow/example_dags/subdags/subdag.py
[2024-03-18T10:29:26.090+0200] {processor.py:830} INFO - Processing file /usr/local/lib/python3.8/site-packages/airflow/example_dags/subdags/subdag.py for tasks to queue
[2024-03-18T10:29:26.090+0200] {logging_mixin.py:188} INFO - [2024-03-18T10:29:26.090+0200] {dagbag.py:540} INFO - Filling up the DagBag from /usr/local/lib/python3.8/site-packages/airflow/example_dags/subdags/subdag.py
[2024-03-18T10:29:26.093+0200] {processor.py:842} WARNING - No viable dags retrieved from /usr/local/lib/python3.8/site-packages/airflow/example_dags/subdags/subdag.py
[2024-03-18T10:29:26.210+0200] {processor.py:183} INFO - Processing /usr/local/lib/python3.8/site-packages/airflow/example_dags/subdags/subdag.py took 0.124 seconds
[2024-03-18T10:30:07.291+0200] {processor.py:161} INFO - Started process (PID=13912) to work on /usr/local/lib/python3.8/site-packages/airflow/example_dags/subdags/subdag.py
[2024-03-18T10:30:07.292+0200] {processor.py:830} INFO - Processing file /usr/local/lib/python3.8/site-packages/airflow/example_dags/subdags/subdag.py for tasks to queue
[2024-03-18T10:30:07.292+0200] {logging_mixin.py:188} INFO - [2024-03-18T10:30:07.292+0200] {dagbag.py:540} INFO - Filling up the DagBag from /usr/local/lib/python3.8/site-packages/airflow/example_dags/subdags/subdag.py
[2024-03-18T10:30:07.294+0200] {processor.py:842} WARNING - No viable dags retrieved from /usr/local/lib/python3.8/site-packages/airflow/example_dags/subdags/subdag.py
[2024-03-18T10:30:07.409+0200] {processor.py:183} INFO - Processing /usr/local/lib/python3.8/site-packages/airflow/example_dags/subdags/subdag.py took 0.120 seconds
[2024-03-18T10:30:47.539+0200] {processor.py:161} INFO - Started process (PID=14073) to work on /usr/local/lib/python3.8/site-packages/airflow/example_dags/subdags/subdag.py
[2024-03-18T10:30:47.540+0200] {processor.py:830} INFO - Processing file /usr/local/lib/python3.8/site-packages/airflow/example_dags/subdags/subdag.py for tasks to queue
[2024-03-18T10:30:47.541+0200] {logging_mixin.py:188} INFO - [2024-03-18T10:30:47.541+0200] {dagbag.py:540} INFO - Filling up the DagBag from /usr/local/lib/python3.8/site-packages/airflow/example_dags/subdags/subdag.py
[2024-03-18T10:30:47.543+0200] {processor.py:842} WARNING - No viable dags retrieved from /usr/local/lib/python3.8/site-packages/airflow/example_dags/subdags/subdag.py
[2024-03-18T10:30:47.672+0200] {processor.py:183} INFO - Processing /usr/local/lib/python3.8/site-packages/airflow/example_dags/subdags/subdag.py took 0.135 seconds
[2024-03-18T10:31:26.636+0200] {processor.py:161} INFO - Started process (PID=14226) to work on /usr/local/lib/python3.8/site-packages/airflow/example_dags/subdags/subdag.py
[2024-03-18T10:31:26.637+0200] {processor.py:830} INFO - Processing file /usr/local/lib/python3.8/site-packages/airflow/example_dags/subdags/subdag.py for tasks to queue
[2024-03-18T10:31:26.638+0200] {logging_mixin.py:188} INFO - [2024-03-18T10:31:26.637+0200] {dagbag.py:540} INFO - Filling up the DagBag from /usr/local/lib/python3.8/site-packages/airflow/example_dags/subdags/subdag.py
[2024-03-18T10:31:26.640+0200] {processor.py:842} WARNING - No viable dags retrieved from /usr/local/lib/python3.8/site-packages/airflow/example_dags/subdags/subdag.py
[2024-03-18T10:31:26.758+0200] {processor.py:183} INFO - Processing /usr/local/lib/python3.8/site-packages/airflow/example_dags/subdags/subdag.py took 0.124 seconds
[2024-03-18T10:32:07.980+0200] {processor.py:161} INFO - Started process (PID=14393) to work on /usr/local/lib/python3.8/site-packages/airflow/example_dags/subdags/subdag.py
[2024-03-18T10:32:07.981+0200] {processor.py:830} INFO - Processing file /usr/local/lib/python3.8/site-packages/airflow/example_dags/subdags/subdag.py for tasks to queue
[2024-03-18T10:32:07.982+0200] {logging_mixin.py:188} INFO - [2024-03-18T10:32:07.982+0200] {dagbag.py:540} INFO - Filling up the DagBag from /usr/local/lib/python3.8/site-packages/airflow/example_dags/subdags/subdag.py
[2024-03-18T10:32:07.984+0200] {processor.py:842} WARNING - No viable dags retrieved from /usr/local/lib/python3.8/site-packages/airflow/example_dags/subdags/subdag.py
[2024-03-18T10:32:08.107+0200] {processor.py:183} INFO - Processing /usr/local/lib/python3.8/site-packages/airflow/example_dags/subdags/subdag.py took 0.130 seconds
