[2024-04-04T13:10:56.754+0300] {taskinstance.py:1979} INFO - Dependencies all met for dep_context=non-requeueable deps ti=<TaskInstance: dag_id_3.create_table_task manual__2024-04-04T10:10:43.482443+00:00 [queued]>
[2024-04-04T13:10:56.784+0300] {taskinstance.py:1979} INFO - Dependencies all met for dep_context=requeueable deps ti=<TaskInstance: dag_id_3.create_table_task manual__2024-04-04T10:10:43.482443+00:00 [queued]>
[2024-04-04T13:10:56.784+0300] {taskinstance.py:2193} INFO - Starting attempt 1 of 1
[2024-04-04T13:10:56.800+0300] {taskinstance.py:2214} INFO - Executing <Task(PostgresOperator): create_table_task> on 2024-04-04 10:10:43.482443+00:00
[2024-04-04T13:10:56.805+0300] {standard_task_runner.py:60} INFO - Started process 59801 to run task
[2024-04-04T13:10:56.813+0300] {standard_task_runner.py:87} INFO - Running: ['airflow', 'tasks', 'run', 'dag_id_3', 'create_table_task', 'manual__2024-04-04T10:10:43.482443+00:00', '--job-id', '1844', '--raw', '--subdir', 'DAGS_FOLDER/jobs_dag.py', '--cfg-path', '/var/folders/t6/vwjsg0jx26jcjdwn_gxhbjzc0000gp/T/tmpv6nbmcq9']
[2024-04-04T13:10:56.816+0300] {standard_task_runner.py:88} INFO - Job 1844: Subtask create_table_task
[2024-04-04T13:10:56.928+0300] {task_command.py:423} INFO - Running <TaskInstance: dag_id_3.create_table_task manual__2024-04-04T10:10:43.482443+00:00 [running]> on host C9843
[2024-04-04T13:10:57.082+0300] {taskinstance.py:2510} INFO - Exporting env vars: AIRFLOW_CTX_DAG_OWNER='airflow' AIRFLOW_CTX_DAG_ID='dag_id_3' AIRFLOW_CTX_TASK_ID='create_table_task' AIRFLOW_CTX_EXECUTION_DATE='2024-04-04T10:10:43.482443+00:00' AIRFLOW_CTX_TRY_NUMBER='1' AIRFLOW_CTX_DAG_RUN_ID='manual__2024-04-04T10:10:43.482443+00:00'
[2024-04-04T13:10:57.084+0300] {sql.py:276} INFO - Executing: CREATE TABLE IF NOT EXISTS table_name_3(
                        custom_id INTEGER NOT NULL,
                        user_name VARCHAR(50) NOT NULL,
                        timestamp TIMESTAMP NOT NULL
                    );
[2024-04-04T13:10:57.096+0300] {base.py:83} INFO - Using connection ID 'Postgres_db' for task execution.
[2024-04-04T13:10:57.137+0300] {base.py:83} INFO - Using connection ID 'Postgres_db' for task execution.
[2024-04-04T13:10:57.143+0300] {sql.py:457} INFO - Running statement: CREATE TABLE IF NOT EXISTS table_name_3(
                        custom_id INTEGER NOT NULL,
                        user_name VARCHAR(50) NOT NULL,
                        timestamp TIMESTAMP NOT NULL
                    );, parameters: None
[2024-04-04T13:10:57.153+0300] {logging_mixin.py:188} WARNING - /usr/local/lib/python3.8/site-packages/airflow/providers/common/sql/hooks/sql.py:407 AirflowProviderDeprecationWarning: Call to deprecated method _make_common_data_structure. (The `_make_serializable` method is deprecated and support will be removed in a future version of the common.sql provider. Please update the DbApiHook's provider to a version based on common.sql >= 1.9.1.)
[2024-04-04T13:10:57.184+0300] {taskinstance.py:1149} INFO - Marking task as SUCCESS. dag_id=dag_id_3, task_id=create_table_task, execution_date=20240404T101043, start_date=20240404T101056, end_date=20240404T101057
[2024-04-04T13:10:57.244+0300] {local_task_job_runner.py:234} INFO - Task exited with return code 0
[2024-04-04T13:10:57.269+0300] {logging_mixin.py:188} WARNING - /usr/local/lib/python3.8/site-packages/airflow/models/baseoperator.py:1201 AirflowProviderDeprecationWarning: Call to deprecated class PostgresOperator. (Please use `airflow.providers.common.sql.operators.sql.SQLExecuteQueryOperator`.Also, you can provide `hook_params={'schema': <database>}`.)
[2024-04-04T13:10:57.281+0300] {taskinstance.py:3309} INFO - 0 downstream tasks scheduled from follow-on schedule check
