[2024-03-15T13:33:08.174+0200] {taskinstance.py:1979} INFO - Dependencies all met for dep_context=non-requeueable deps ti=<TaskInstance: dag_id_3.check_table_existence manual__2024-03-15T11:32:52.609005+00:00 [queued]>
[2024-03-15T13:33:08.182+0200] {taskinstance.py:1979} INFO - Dependencies all met for dep_context=requeueable deps ti=<TaskInstance: dag_id_3.check_table_existence manual__2024-03-15T11:32:52.609005+00:00 [queued]>
[2024-03-15T13:33:08.182+0200] {taskinstance.py:2193} INFO - Starting attempt 1 of 1
[2024-03-15T13:33:08.209+0200] {taskinstance.py:2214} INFO - Executing <Task(BranchPythonOperator): check_table_existence> on 2024-03-15 11:32:52.609005+00:00
[2024-03-15T13:33:08.213+0200] {standard_task_runner.py:60} INFO - Started process 56435 to run task
[2024-03-15T13:33:08.219+0200] {standard_task_runner.py:87} INFO - Running: ['airflow', 'tasks', 'run', 'dag_id_3', 'check_table_existence', 'manual__2024-03-15T11:32:52.609005+00:00', '--job-id', '191', '--raw', '--subdir', 'DAGS_FOLDER/jobs_dag.py', '--cfg-path', '/var/folders/t6/vwjsg0jx26jcjdwn_gxhbjzc0000gp/T/tmpp97fd3lp']
[2024-03-15T13:33:08.222+0200] {standard_task_runner.py:88} INFO - Job 191: Subtask check_table_existence
[2024-03-15T13:33:08.313+0200] {task_command.py:423} INFO - Running <TaskInstance: dag_id_3.check_table_existence manual__2024-03-15T11:32:52.609005+00:00 [running]> on host C9843
[2024-03-15T13:33:08.430+0200] {taskinstance.py:2510} INFO - Exporting env vars: AIRFLOW_CTX_DAG_OWNER='airflow' AIRFLOW_CTX_DAG_ID='dag_id_3' AIRFLOW_CTX_TASK_ID='check_table_existence' AIRFLOW_CTX_EXECUTION_DATE='2024-03-15T11:32:52.609005+00:00' AIRFLOW_CTX_TRY_NUMBER='1' AIRFLOW_CTX_DAG_RUN_ID='manual__2024-03-15T11:32:52.609005+00:00'
[2024-03-15T13:33:08.432+0200] {python.py:202} INFO - Done. Returned value was: True
[2024-03-15T13:33:08.435+0200] {branch.py:35} INFO - Branch into True
[2024-03-15T13:33:08.436+0200] {skipmixin.py:178} INFO - Following branch True
[2024-03-15T13:33:08.464+0200] {taskinstance.py:2728} ERROR - Task failed with exception
Traceback (most recent call last):
  File "/usr/local/lib/python3.8/site-packages/airflow/models/taskinstance.py", line 444, in _execute_task
    result = _execute_callable(context=context, **execute_callable_kwargs)
  File "/usr/local/lib/python3.8/site-packages/airflow/models/taskinstance.py", line 414, in _execute_callable
    return execute_callable(context=context, **execute_callable_kwargs)
  File "/usr/local/lib/python3.8/site-packages/airflow/operators/python.py", line 234, in execute
    return self.do_branch(context, super().execute(context))
  File "/usr/local/lib/python3.8/site-packages/airflow/operators/branch.py", line 36, in do_branch
    self.skip_all_except(context["ti"], branches_to_execute)
  File "/usr/local/lib/python3.8/site-packages/airflow/models/skipmixin.py", line 194, in skip_all_except
    raise AirflowException(
airflow.exceptions.AirflowException: 'branch_task_ids' must be either None, a task ID, or an Iterable of IDs, but got 'bool'.
[2024-03-15T13:33:08.470+0200] {taskinstance.py:1149} INFO - Marking task as FAILED. dag_id=dag_id_3, task_id=check_table_existence, execution_date=20240315T113252, start_date=20240315T113308, end_date=20240315T113308
[2024-03-15T13:33:08.483+0200] {standard_task_runner.py:107} ERROR - Failed to execute job 191 for task check_table_existence ('branch_task_ids' must be either None, a task ID, or an Iterable of IDs, but got 'bool'.; 56435)
[2024-03-15T13:33:08.519+0200] {local_task_job_runner.py:234} INFO - Task exited with return code 1
[2024-03-15T13:33:08.540+0200] {logging_mixin.py:188} WARNING - /usr/local/lib/python3.8/site-packages/airflow/models/baseoperator.py:1201 AirflowProviderDeprecationWarning: Call to deprecated class PostgresOperator. (Please use `airflow.providers.common.sql.operators.sql.SQLExecuteQueryOperator`.Also, you can provide `hook_params={'schema': <database>}`.)
[2024-03-15T13:33:08.572+0200] {taskinstance.py:3309} INFO - 0 downstream tasks scheduled from follow-on schedule check
